
   Program  MARK  - Survival Rate Estimation with Capture-Recapture Data
   gfortran(dble) Vers. 9.0 Mar 2018    25-Mar-2020 14:19:38    Page  001
 - - - - - - - - - - - - - - - - - - - - - - - - - - - - - - - - - - - - - -
 
   This version was compiled by GCC version 7.2.0 using the options: 
     -cpp -iprefix C:/Program Files/mingw-w64/x86_64-7.2.0-posix-seh-rt_v5-rev1/
     mingw64/bin/../lib/gcc/x86_64-w64-mingw32/7.2.0/ -D_MT -D_REENTRANT
     -U_REENTRANT -D IEEE -D DBLEPRECISION -m64 -mtune=core2 -march=nocona -mthreads
     -O2 -fimplicit-none -fbounds-check -funroll-loops -ftree-vectorize
     -ffpe-summary=invalid,zero,overflow,underflow -fno-unsafe-math-optimizations
     -frounding-math -fsignaling-nans -fopenmp.

   This problem will use 15 of 16 possible threads.


  INPUT --- proc title ;

   CPU Time for the last procedure was 0.01 seconds.     


  INPUT --- proc chmatrix occasions= 33 groups= 2 etype= POPAN Nodes= 
  INPUT --- 101 ICMeans NoHist hist= 41  ;

  INPUT ---    time interval 0.00547945205479452 0.00273972602739726 
  INPUT ---    0.00273972602739726 0.00547945205479452  
  INPUT ---    0.00821917808219178 0.00273972602739726 0.00273972602739726 
  INPUT ---    0.00547945205479452  0.00547945205479452 
  INPUT ---    0.00821917808219178 0.00273972602739726 0.0136986301369863 
  INPUT ---    0.00547945205479452  0.0273972602739726 0.00273972602739726 
  INPUT ---    0.00547945205479452 0.00273972602739726 0.010958904109589  
  INPUT ---    0.23013698630137 0.00821917808219178 0.254794520547945 
  INPUT ---    0.0246575342465753 0.00821917808219178  0.00273972602739726 
  INPUT ---    0.00273972602739726 0.0520547945205479 0.00273972602739726 
  INPUT ---    0.00273972602739726  0.117808219178082 0.575342465753425 
  INPUT ---    0.00273972602739726 0.00273972602739726 ;

  INPUT ---    glabel(1)=sexF;

  INPUT ---    glabel(2)=sexM;

   * *  WARNING  * *   At least a pair of the encounter histories are duplicates. 

      Number of unique encounter histories read was 38.

      Number of individual covariates read was 0.
      Time interval lengths vary and/or not equal to 1.

      Data type number is 19
      Data type is POPAN                                                                                               

   CPU Time for the last procedure was 0.01 seconds.     

  Program  MARK  - Survival Rate Estimation with Capture-Recapture Data
   gfortran(dble) Vers. 9.0 Mar 2018    25-Mar-2020 14:19:38    Page  002
 - - - - - - - - - - - - - - - - - - - - - - - - - - - - - - - - - - - - - -
 


  INPUT --- proc estimate link=Parm-Specific NOLOOP varest=2ndPart    ;


  INPUT --- model={ Phi(~1)p(~sex)pent(~1)N(~1) };

  INPUT ---    group=1 Phi    rows=1 cols=32 Square ;
  INPUT ---        1 1 1 1 1 1 1 1 1 1 1 1 1 1 1 1 1 1 1 1 1 1 1 1 1 1 1 1 1 
  INPUT ---       1 1 1 ;

  INPUT ---    group=2 Phi    rows=1 cols=32 Square ;
  INPUT ---        1 1 1 1 1 1 1 1 1 1 1 1 1 1 1 1 1 1 1 1 1 1 1 1 1 1 1 1 1 
  INPUT ---       1 1 1 ;

  INPUT ---    group=1 p    rows=1 cols=33 Square ;
  INPUT ---        2 2 2 2 2 2 2 2 2 2 2 2 2 2 2 2 2 2 2 2 2 2 2 2 2 2 2 2 2 
  INPUT ---       2 2 2 2 ;

  INPUT ---    group=2 p    rows=1 cols=33 Square ;
  INPUT ---        3 3 3 3 3 3 3 3 3 3 3 3 3 3 3 3 3 3 3 3 3 3 3 3 3 3 3 3 3 
  INPUT ---       3 3 3 3 ;

  INPUT ---    group=1 pent    rows=1 cols=32 Square ;
  INPUT ---        5 6 7 8 9 10 11 12 13 14 15 16 17 18 19 20 21 22 23 24 25 
  INPUT ---       26 27 28 29 30 31 32 33 34 35 36 ;

  INPUT ---    group=2 pent    rows=1 cols=32 Square ;
  INPUT ---        37 38 39 40 41 42 43 44 45 46 47 48 49 50 51 52 53 54 55 
  INPUT ---       56 57 58 59 60 61 62 63 64 65 66 67 68 ;

  INPUT ---    group=1 N    rows=1 cols=1 Square ;
  INPUT ---        4 ;

  INPUT ---    group=2 N    rows=1 cols=1 Square ;
  INPUT ---        4 ;

  INPUT ---    design matrix constraints=68 covariates=5;
  INPUT ---        1 0 0 0 0;
  INPUT ---        0 1 0 0 0;
  INPUT ---        0 1 1 0 0;
  INPUT ---        0 0 0 0 1;
  INPUT ---        0 0 0 1 0;
  INPUT ---        0 0 0 1 0;
  INPUT ---        0 0 0 1 0;
  INPUT ---        0 0 0 1 0;

  Program  MARK  - Survival Rate Estimation with Capture-Recapture Data
   gfortran(dble) Vers. 9.0 Mar 2018    25-Mar-2020 14:19:38    Page  003
 - - - - - - - - - - - - - - - - - - - - - - - - - - - - - - - - - - - - - -
 
  INPUT ---        0 0 0 1 0;
  INPUT ---        0 0 0 1 0;
  INPUT ---        0 0 0 1 0;
  INPUT ---        0 0 0 1 0;
  INPUT ---        0 0 0 1 0;
  INPUT ---        0 0 0 1 0;
  INPUT ---        0 0 0 1 0;
  INPUT ---        0 0 0 1 0;
  INPUT ---        0 0 0 1 0;
  INPUT ---        0 0 0 1 0;
  INPUT ---        0 0 0 1 0;
  INPUT ---        0 0 0 1 0;
  INPUT ---        0 0 0 1 0;
  INPUT ---        0 0 0 1 0;
  INPUT ---        0 0 0 1 0;
  INPUT ---        0 0 0 1 0;
  INPUT ---        0 0 0 1 0;
  INPUT ---        0 0 0 1 0;
  INPUT ---        0 0 0 1 0;
  INPUT ---        0 0 0 1 0;
  INPUT ---        0 0 0 1 0;
  INPUT ---        0 0 0 1 0;
  INPUT ---        0 0 0 1 0;
  INPUT ---        0 0 0 1 0;
  INPUT ---        0 0 0 1 0;
  INPUT ---        0 0 0 1 0;
  INPUT ---        0 0 0 1 0;
  INPUT ---        0 0 0 1 0;
  INPUT ---        0 0 0 1 0;
  INPUT ---        0 0 0 1 0;
  INPUT ---        0 0 0 1 0;
  INPUT ---        0 0 0 1 0;
  INPUT ---        0 0 0 1 0;
  INPUT ---        0 0 0 1 0;
  INPUT ---        0 0 0 1 0;
  INPUT ---        0 0 0 1 0;
  INPUT ---        0 0 0 1 0;
  INPUT ---        0 0 0 1 0;
  INPUT ---        0 0 0 1 0;
  INPUT ---        0 0 0 1 0;
  INPUT ---        0 0 0 1 0;
  INPUT ---        0 0 0 1 0;
  INPUT ---        0 0 0 1 0;
  INPUT ---        0 0 0 1 0;
  INPUT ---        0 0 0 1 0;
  INPUT ---        0 0 0 1 0;

  Program  MARK  - Survival Rate Estimation with Capture-Recapture Data
   gfortran(dble) Vers. 9.0 Mar 2018    25-Mar-2020 14:19:38    Page  004
 - - - - - - - - - - - - - - - - - - - - - - - - - - - - - - - - - - - - - -
 
  INPUT ---        0 0 0 1 0;
  INPUT ---        0 0 0 1 0;
  INPUT ---        0 0 0 1 0;
  INPUT ---        0 0 0 1 0;
  INPUT ---        0 0 0 1 0;
  INPUT ---        0 0 0 1 0;
  INPUT ---        0 0 0 1 0;
  INPUT ---        0 0 0 1 0;
  INPUT ---        0 0 0 1 0;
  INPUT ---        0 0 0 1 0;
  INPUT ---        0 0 0 1 0;
  INPUT ---        0 0 0 1 0;
  INPUT ---        0 0 0 1 0;
  INPUT ---        0 0 0 1 0;

  INPUT ---    links=68;

  INPUT ---    Logit;

  INPUT ---    Logit;

  INPUT ---    Logit;

  INPUT ---    Log;

  INPUT ---    mlogit(1);

  INPUT ---    mlogit(1);

  INPUT ---    mlogit(1);

  INPUT ---    mlogit(1);

  INPUT ---    mlogit(1);

  INPUT ---    mlogit(1);

  INPUT ---    mlogit(1);

  INPUT ---    mlogit(1);

  INPUT ---    mlogit(1);

  INPUT ---    mlogit(1);

  INPUT ---    mlogit(1);

  Program  MARK  - Survival Rate Estimation with Capture-Recapture Data
   gfortran(dble) Vers. 9.0 Mar 2018    25-Mar-2020 14:19:38    Page  005
 - - - - - - - - - - - - - - - - - - - - - - - - - - - - - - - - - - - - - -
 

  INPUT ---    mlogit(1);

  INPUT ---    mlogit(1);

  INPUT ---    mlogit(1);

  INPUT ---    mlogit(1);

  INPUT ---    mlogit(1);

  INPUT ---    mlogit(1);

  INPUT ---    mlogit(1);

  INPUT ---    mlogit(1);

  INPUT ---    mlogit(1);

  INPUT ---    mlogit(1);

  INPUT ---    mlogit(1);

  INPUT ---    mlogit(1);

  INPUT ---    mlogit(1);

  INPUT ---    mlogit(1);

  INPUT ---    mlogit(1);

  INPUT ---    mlogit(1);

  INPUT ---    mlogit(1);

  INPUT ---    mlogit(1);

  INPUT ---    mlogit(1);

  INPUT ---    mlogit(1);

  INPUT ---    mlogit(1);

  INPUT ---    mlogit(2);

  INPUT ---    mlogit(2);

  Program  MARK  - Survival Rate Estimation with Capture-Recapture Data
   gfortran(dble) Vers. 9.0 Mar 2018    25-Mar-2020 14:19:38    Page  006
 - - - - - - - - - - - - - - - - - - - - - - - - - - - - - - - - - - - - - -
 

  INPUT ---    mlogit(2);

  INPUT ---    mlogit(2);

  INPUT ---    mlogit(2);

  INPUT ---    mlogit(2);

  INPUT ---    mlogit(2);

  INPUT ---    mlogit(2);

  INPUT ---    mlogit(2);

  INPUT ---    mlogit(2);

  INPUT ---    mlogit(2);

  INPUT ---    mlogit(2);

  INPUT ---    mlogit(2);

  INPUT ---    mlogit(2);

  INPUT ---    mlogit(2);

  INPUT ---    mlogit(2);

  INPUT ---    mlogit(2);

  INPUT ---    mlogit(2);

  INPUT ---    mlogit(2);

  INPUT ---    mlogit(2);

  INPUT ---    mlogit(2);

  INPUT ---    mlogit(2);

  INPUT ---    mlogit(2);

  INPUT ---    mlogit(2);

  INPUT ---    mlogit(2);

  Program  MARK  - Survival Rate Estimation with Capture-Recapture Data
   gfortran(dble) Vers. 9.0 Mar 2018    25-Mar-2020 14:19:38    Page  007
 - - - - - - - - - - - - - - - - - - - - - - - - - - - - - - - - - - - - - -
 

  INPUT ---    mlogit(2);

  INPUT ---    mlogit(2);

  INPUT ---    mlogit(2);

  INPUT ---    mlogit(2);

  INPUT ---    mlogit(2);

  INPUT ---    mlogit(2);

  INPUT ---    mlogit(2);
  INPUT ---       blabel(1)=Phi:(Intercept);
  INPUT ---       blabel(2)=p:(Intercept);
  INPUT ---       blabel(3)=p:sexM;
  INPUT ---       blabel(4)=pent:(Intercept);
  INPUT ---       blabel(5)=N:(Intercept);
  INPUT ---       rlabel(1)=Phi gF a0 t1;
  INPUT ---       rlabel(2)=p gF a0 t1;
  INPUT ---       rlabel(3)=p gM a0 t1;
  INPUT ---       rlabel(4)=N gF a0 t1;
  INPUT ---       rlabel(5)=pent gF a0.00547945205479452 t1.00547945205479;
  INPUT ---       rlabel(6)=pent gF a0.00821917808219178 t1.00821917808219;
  INPUT ---       rlabel(7)=pent gF a0.010958904109589 t1.01095890410959;
  INPUT ---       rlabel(8)=pent gF a0.0164383561643836 t1.01643835616438;
  INPUT ---       rlabel(9)=pent gF a0.0246575342465753 t1.02465753424658;
  INPUT ---       rlabel(10)=pent gF a0.0273972602739726 t1.02739726027397;
  INPUT ---       rlabel(11)=pent gF a0.0301369863013699 t1.03013698630137;
  INPUT ---       rlabel(12)=pent gF a0.0356164383561644 t1.03561643835616;
  INPUT ---       rlabel(13)=pent gF a0.0410958904109589 t1.04109589041096;
  INPUT ---       rlabel(14)=pent gF a0.0493150684931507 t1.04931506849315;
  INPUT ---       rlabel(15)=pent gF a0.0520547945205479 t1.05205479452055;
  INPUT ---       rlabel(16)=pent gF a0.0657534246575342 t1.06575342465753;
  INPUT ---       rlabel(17)=pent gF a0.0712328767123288 t1.07123287671233;
  INPUT ---       rlabel(18)=pent gF a0.0986301369863014 t1.0986301369863;
  INPUT ---       rlabel(19)=pent gF a0.101369863013699 t1.1013698630137;
  INPUT ---       rlabel(20)=pent gF a0.106849315068493 t1.10684931506849;
  INPUT ---       rlabel(21)=pent gF a0.10958904109589 t1.10958904109589;
  INPUT ---       rlabel(22)=pent gF a0.120547945205479 t1.12054794520548;
  INPUT ---       rlabel(23)=pent gF a0.350684931506849 t1.35068493150685;
  INPUT ---       rlabel(24)=pent gF a0.358904109589041 t1.35890410958904;
  INPUT ---       rlabel(25)=pent gF a0.613698630136986 t1.61369863013699;
  INPUT ---       rlabel(26)=pent gF a0.638356164383562 t1.63835616438356;
  INPUT ---       rlabel(27)=pent gF a0.646575342465753 t1.64657534246575;

  Program  MARK  - Survival Rate Estimation with Capture-Recapture Data
   gfortran(dble) Vers. 9.0 Mar 2018    25-Mar-2020 14:19:38    Page  008
 - - - - - - - - - - - - - - - - - - - - - - - - - - - - - - - - - - - - - -
 
  INPUT ---       rlabel(28)=pent gF a0.649315068493151 t1.64931506849315;
  INPUT ---       rlabel(29)=pent gF a0.652054794520548 t1.65205479452055;
  INPUT ---       rlabel(30)=pent gF a0.704109589041096 t1.7041095890411;
  INPUT ---       rlabel(31)=pent gF a0.706849315068493 t1.70684931506849;
  INPUT ---       rlabel(32)=pent gF a0.70958904109589 t1.70958904109589;
  INPUT ---       rlabel(33)=pent gF a0.827397260273973 t1.82739726027397;
  INPUT ---       rlabel(34)=pent gF a1.4027397260274 t2.4027397260274;
  INPUT ---       rlabel(35)=pent gF a1.40547945205479 t2.40547945205479;
  INPUT ---       rlabel(36)=pent gF a1.40821917808219 t2.40821917808219;
  INPUT ---       rlabel(37)=pent gM a0.00547945205479452 t1.00547945205479;
  INPUT ---       rlabel(38)=pent gM a0.00821917808219178 t1.00821917808219;
  INPUT ---       rlabel(39)=pent gM a0.010958904109589 t1.01095890410959;
  INPUT ---       rlabel(40)=pent gM a0.0164383561643836 t1.01643835616438;
  INPUT ---       rlabel(41)=pent gM a0.0246575342465753 t1.02465753424658;
  INPUT ---       rlabel(42)=pent gM a0.0273972602739726 t1.02739726027397;
  INPUT ---       rlabel(43)=pent gM a0.0301369863013699 t1.03013698630137;
  INPUT ---       rlabel(44)=pent gM a0.0356164383561644 t1.03561643835616;
  INPUT ---       rlabel(45)=pent gM a0.0410958904109589 t1.04109589041096;
  INPUT ---       rlabel(46)=pent gM a0.0493150684931507 t1.04931506849315;
  INPUT ---       rlabel(47)=pent gM a0.0520547945205479 t1.05205479452055;
  INPUT ---       rlabel(48)=pent gM a0.0657534246575342 t1.06575342465753;
  INPUT ---       rlabel(49)=pent gM a0.0712328767123288 t1.07123287671233;
  INPUT ---       rlabel(50)=pent gM a0.0986301369863014 t1.0986301369863;
  INPUT ---       rlabel(51)=pent gM a0.101369863013699 t1.1013698630137;
  INPUT ---       rlabel(52)=pent gM a0.106849315068493 t1.10684931506849;
  INPUT ---       rlabel(53)=pent gM a0.10958904109589 t1.10958904109589;
  INPUT ---       rlabel(54)=pent gM a0.120547945205479 t1.12054794520548;
  INPUT ---       rlabel(55)=pent gM a0.350684931506849 t1.35068493150685;
  INPUT ---       rlabel(56)=pent gM a0.358904109589041 t1.35890410958904;
  INPUT ---       rlabel(57)=pent gM a0.613698630136986 t1.61369863013699;
  INPUT ---       rlabel(58)=pent gM a0.638356164383562 t1.63835616438356;
  INPUT ---       rlabel(59)=pent gM a0.646575342465753 t1.64657534246575;
  INPUT ---       rlabel(60)=pent gM a0.649315068493151 t1.64931506849315;
  INPUT ---       rlabel(61)=pent gM a0.652054794520548 t1.65205479452055;
  INPUT ---       rlabel(62)=pent gM a0.704109589041096 t1.7041095890411;
  INPUT ---       rlabel(63)=pent gM a0.706849315068493 t1.70684931506849;
  INPUT ---       rlabel(64)=pent gM a0.70958904109589 t1.70958904109589;
  INPUT ---       rlabel(65)=pent gM a0.827397260273973 t1.82739726027397;
  INPUT ---       rlabel(66)=pent gM a1.4027397260274 t2.4027397260274;
  INPUT ---       rlabel(67)=pent gM a1.40547945205479 t2.40547945205479;
  INPUT ---       rlabel(68)=pent gM a1.40821917808219 t2.40821917808219;

 Link Function Used is PARM-SPECIFIC

 Variance Estimation Procedure Used is 2ndPart 

  Program  MARK  - Survival Rate Estimation with Capture-Recapture Data
   gfortran(dble) Vers. 9.0 Mar 2018    25-Mar-2020 14:19:38    Page  009
 - - - - - - - - - - - - - - - - - - - - - - - - - - - - - - - - - - - - - -
 

 M(t+1):
      16     29



 Group: 1

 U(t)+UL(t):
       0    2    2    0    1    0    3    1    1    0    0    0    0    0    1
       0    0    0    2    1    1    0    0    0    1    0    0    0    0    0
       0    0    0

 U(t):
       0    2    2    0    1    0    3    1    1    0    0    0    0    0    1
       0    0    0    2    1    1    0    0    0    1    0    0    0    0    0
       0    0    0

 UL(t):
       0    0    0    0    0    0    0    0    0    0    0    0    0    0    0
       0    0    0    0    0    0    0    0    0    0    0    0    0    0    0
       0    0    0

 Not Released(t):
       0    0    0    0    0    0    0    0    0    0    0    0    0    0    0
       0    0    0    0    0    0    0    0    0    0    0    0    0    0    0
       0    0    0

 Group: 2

 U(t)+UL(t):
       3    0    1    1    1    1    1    0    1    1    2    1    3    3    1
       1    0    2    3    1    0    0    1    0    0    0    0    0    0    1
       0    0    0

 U(t):
       3    0    1    1    1    1    1    0    1    1    2    1    3    3    1
       1    0    2    3    1    0    0    1    0    0    0    0    0    0    1
       0    0    0

 UL(t):
       0    0    0    0    0    0    0    0    0    0    0    0    0    0    0
       0    0    0    0    0    0    0    0    0    0    0    0    0    0    0
       0    0    0

 Not Released(t):
       0    0    0    0    0    0    0    0    0    0    0    0    0    0    0
       0    0    0    0    0    0    0    0    0    0    0    0    0    0    0
       0    0    0
 -2logL(saturated) = 272.93564     
 Effective Sample Size = 103

 Number of function evaluations was 22 for 5 parameters.
 Time for numerical optimization was 0.03 seconds.     
 -2logL { Phi(~1)p(~sex)pent(~1)N(~1) } = 557.52799     
 Penalty { Phi(~1)p(~sex)pent(~1)N(~1) } = 0.0000000     
 Gradient { Phi(~1)p(~sex)pent(~1)N(~1) }:
  0.2294089E-04  0.3992787E-05  0.2180236E-04  0.2471260E-05   0.000000    
 Maximum ABS(G) { Phi(~1)p(~sex)pent(~1)N(~1) } = 0.2294089E-04 
 S Vector { Phi(~1)p(~sex)pent(~1)N(~1) }:
   128.5217      12.18775      4.915122      2.793550     0.1807341    
 Time to compute number of parameters was 0.01 seconds.     
 Ratio Threshold = 50.000000       Max Gap (4/5) = 15.456688       Next Max Gap (1/2) = 10.545148     
 Gap Method for Num. of Estimated Parameters { Phi(~1)p(~sex)pent(~1)N(~1) } = 5          
 Threshold { Phi(~1)p(~sex)pent(~1)N(~1) } = 0.4588177E-04                 
 Numerical Threshold Method for Num. of Estimated Parameters { Phi(~1)p(~sex)pent(~1)N(~1) } = 5          
 Number of Estimated Parameters { Phi(~1)p(~sex)pent(~1)N(~1) } = 5          
 DEVIANCE { Phi(~1)p(~sex)pent(~1)N(~1) } = 284.59235                     
 DEVIANCE Degrees of Freedom { Phi(~1)p(~sex)pent(~1)N(~1) } = 36            
 c-hat { Phi(~1)p(~sex)pent(~1)N(~1) } = 7.9053430                     
 AIC { Phi(~1)p(~sex)pent(~1)N(~1) } = 567.52799                  
 AICc { Phi(~1)p(~sex)pent(~1)N(~1) } = 568.14655                    
 BIC { Phi(~1)p(~sex)pent(~1)N(~1) } = 580.70164                    
 Pearson Chisquare { Phi(~1)p(~sex)pent(~1)N(~1) } = 26035490.                  


               PARM-SPECIFIC Link Function Parameters of { Phi(~1)p(~sex)pent(~1)N(~1) }
                                                              95% Confidence Interval
 Parameter                    Beta         Standard Error      Lower           Upper
 -------------------------  --------------  --------------  --------------  --------------
    1:Phi:(Intercept)        0.3302701       0.7362786      -1.1128359       1.7733761    
    2:p:(Intercept)         -2.8215886       0.2445633      -3.3009327      -2.3422445    
    3:p:sexM                 0.3997372       0.2543950      -0.0988771       0.8983515    
    4:pent:(Intercept)      -5.1744982       2.2385719      -9.5620992      -0.7868972    
    5:N:(Intercept)          1.6489930       0.7116206       0.2542166       3.0437694    


               Real Function Parameters of { Phi(~1)p(~sex)pent(~1)N(~1) }
                                                               95% Confidence Interval
  Parameter                  Estimate       Standard Error      Lower           Upper
 --------------------------  --------------  --------------  --------------  --------------
     1:Phi gF a0 t1           0.5818251       0.1791400       0.2473426       0.8548770                          
     2:p gF a0 t1             0.0561687       0.0129652       0.0355392       0.0876842                          
     3:p gM a0 t1             0.0815215       0.0144504       0.0573180       0.1147019                          
     4:N gF a0 t1             21.201739       3.7016646       17.483496       34.239413                          
     5:pent gF a0.005479452   0.0047914       0.0090813       0.1151807E-03   0.1675108                          
     6:pent gF a0.008219178   0.0047914       0.0090813       0.1151807E-03   0.1675108                          
     7:pent gF a0.010958904   0.0047914       0.0090813       0.1151807E-03   0.1675108                          
     8:pent gF a0.016438356   0.0047914       0.0090813       0.1151807E-03   0.1675108                          
     9:pent gF a0.024657534   0.0047914       0.0090813       0.1151807E-03   0.1675108                          
    10:pent gF a0.027397260   0.0047914       0.0090813       0.1151807E-03   0.1675108                          
    11:pent gF a0.030136986   0.0047914       0.0090813       0.1151807E-03   0.1675108                          
    12:pent gF a0.035616438   0.0047914       0.0090813       0.1151807E-03   0.1675108                          

  Program  MARK  - Survival Rate Estimation with Capture-Recapture Data
   gfortran(dble) Vers. 9.0 Mar 2018    25-Mar-2020 14:19:38    Page  010
 - - - - - - - - - - - - - - - - - - - - - - - - - - - - - - - - - - - - - -
 
    13:pent gF a0.041095890   0.0047914       0.0090813       0.1151807E-03   0.1675108                          
    14:pent gF a0.049315068   0.0047914       0.0090813       0.1151807E-03   0.1675108                          
    15:pent gF a0.052054794   0.0047914       0.0090813       0.1151807E-03   0.1675108                          
    16:pent gF a0.065753424   0.0047914       0.0090813       0.1151807E-03   0.1675108                          
    17:pent gF a0.071232876   0.0047914       0.0090813       0.1151807E-03   0.1675108                          
    18:pent gF a0.098630136   0.0047914       0.0090813       0.1151807E-03   0.1675108                          
    19:pent gF a0.101369863   0.0047914       0.0090813       0.1151807E-03   0.1675108                          
    20:pent gF a0.106849315   0.0047914       0.0090813       0.1151807E-03   0.1675108                          
    21:pent gF a0.109589041   0.0047914       0.0090813       0.1151807E-03   0.1675108                          
    22:pent gF a0.120547945   0.0047914       0.0090813       0.1151807E-03   0.1675108                          
    23:pent gF a0.350684931   0.0047914       0.0090813       0.1151807E-03   0.1675108                          
    24:pent gF a0.358904109   0.0047914       0.0090813       0.1151807E-03   0.1675108                          
    25:pent gF a0.613698630   0.0047914       0.0090813       0.1151807E-03   0.1675108                          
    26:pent gF a0.638356164   0.0047914       0.0090813       0.1151807E-03   0.1675108                          
    27:pent gF a0.646575342   0.0047914       0.0090813       0.1151807E-03   0.1675108                          
    28:pent gF a0.649315068   0.0047914       0.0090813       0.1151807E-03   0.1675108                          
    29:pent gF a0.652054794   0.0047914       0.0090813       0.1151807E-03   0.1675108                          
    30:pent gF a0.704109589   0.0047914       0.0090813       0.1151807E-03   0.1675108                          
    31:pent gF a0.706849315   0.0047914       0.0090813       0.1151807E-03   0.1675108                          
    32:pent gF a0.709589041   0.0047914       0.0090813       0.1151807E-03   0.1675108                          
    33:pent gF a0.827397260   0.0047914       0.0090813       0.1151807E-03   0.1675108                          
    34:pent gF a1.402739726   0.0047914       0.0090813       0.1151807E-03   0.1675108                          
    35:pent gF a1.405479452   0.0047914       0.0090813       0.1151807E-03   0.1675108                          
    36:pent gF a1.408219178   0.0047914       0.0090813       0.1151807E-03   0.1675108                          
    37:pent gM a0.005479452   0.0047914       0.0090813       0.1151807E-03   0.1675108                          
    38:pent gM a0.008219178   0.0047914       0.0090813       0.1151807E-03   0.1675108                          
    39:pent gM a0.010958904   0.0047914       0.0090813       0.1151807E-03   0.1675108                          
    40:pent gM a0.016438356   0.0047914       0.0090813       0.1151807E-03   0.1675108                          
    41:pent gM a0.024657534   0.0047914       0.0090813       0.1151807E-03   0.1675108                          
    42:pent gM a0.027397260   0.0047914       0.0090813       0.1151807E-03   0.1675108                          
    43:pent gM a0.030136986   0.0047914       0.0090813       0.1151807E-03   0.1675108                          
    44:pent gM a0.035616438   0.0047914       0.0090813       0.1151807E-03   0.1675108                          
    45:pent gM a0.041095890   0.0047914       0.0090813       0.1151807E-03   0.1675108                          
    46:pent gM a0.049315068   0.0047914       0.0090813       0.1151807E-03   0.1675108                          
    47:pent gM a0.052054794   0.0047914       0.0090813       0.1151807E-03   0.1675108                          
    48:pent gM a0.065753424   0.0047914       0.0090813       0.1151807E-03   0.1675108                          
    49:pent gM a0.071232876   0.0047914       0.0090813       0.1151807E-03   0.1675108                          
    50:pent gM a0.098630136   0.0047914       0.0090813       0.1151807E-03   0.1675108                          
    51:pent gM a0.101369863   0.0047914       0.0090813       0.1151807E-03   0.1675108                          
    52:pent gM a0.106849315   0.0047914       0.0090813       0.1151807E-03   0.1675108                          
    53:pent gM a0.109589041   0.0047914       0.0090813       0.1151807E-03   0.1675108                          
    54:pent gM a0.120547945   0.0047914       0.0090813       0.1151807E-03   0.1675108                          
    55:pent gM a0.350684931   0.0047914       0.0090813       0.1151807E-03   0.1675108                          
    56:pent gM a0.358904109   0.0047914       0.0090813       0.1151807E-03   0.1675108                          
    57:pent gM a0.613698630   0.0047914       0.0090813       0.1151807E-03   0.1675108                          
    58:pent gM a0.638356164   0.0047914       0.0090813       0.1151807E-03   0.1675108                          

  Program  MARK  - Survival Rate Estimation with Capture-Recapture Data
   gfortran(dble) Vers. 9.0 Mar 2018    25-Mar-2020 14:19:38    Page  011
 - - - - - - - - - - - - - - - - - - - - - - - - - - - - - - - - - - - - - -
 
    59:pent gM a0.646575342   0.0047914       0.0090813       0.1151807E-03   0.1675108                          
    60:pent gM a0.649315068   0.0047914       0.0090813       0.1151807E-03   0.1675108                          
    61:pent gM a0.652054794   0.0047914       0.0090813       0.1151807E-03   0.1675108                          
    62:pent gM a0.704109589   0.0047914       0.0090813       0.1151807E-03   0.1675108                          
    63:pent gM a0.706849315   0.0047914       0.0090813       0.1151807E-03   0.1675108                          
    64:pent gM a0.709589041   0.0047914       0.0090813       0.1151807E-03   0.1675108                          
    65:pent gM a0.827397260   0.0047914       0.0090813       0.1151807E-03   0.1675108                          
    66:pent gM a1.402739726   0.0047914       0.0090813       0.1151807E-03   0.1675108                          
    67:pent gM a1.405479452   0.0047914       0.0090813       0.1151807E-03   0.1675108                          
    68:pent gM a1.408219178   0.0047914       0.0090813       0.1151807E-03   0.1675108                          


                      Estimates of Derived Parameters
   Gross Birth+Immigration Estimates of { Phi(~1)p(~sex)pent(~1)N(~1) }
                                                95% Confidence Interval
 Grp. Occ.   B*-hat          Standard Error      Lower           Upper
 ---- ----   --------------  --------------  --------------  --------------
   1     1    0.1017365       0.2069435       0.0082894       1.2486263    
   1     2    0.1016611       0.2067650       0.0082845       1.2475136    
   1     3    0.1016611       0.2067650       0.0082845       1.2475136    
   1     4    0.1017365       0.2069435       0.0082894       1.2486263    
   1     5    0.1018120       0.2071222       0.0082943       1.2497396    
   1     6    0.1016611       0.2067650       0.0082845       1.2475136    
   1     7    0.1016611       0.2067650       0.0082845       1.2475136    
   1     8    0.1017365       0.2069435       0.0082894       1.2486263    
   1     9    0.1017365       0.2069435       0.0082894       1.2486263    
   1    10    0.1018120       0.2071222       0.0082943       1.2497396    
   1    11    0.1016611       0.2067650       0.0082845       1.2475136    
   1    12    0.1019630       0.2074798       0.0083041       1.2519683    
   1    13    0.1017365       0.2069435       0.0082894       1.2486263    
   1    14    0.1023412       0.2083756       0.0083287       1.2575522    
   1    15    0.1016611       0.2067650       0.0082845       1.2475136    
   1    16    0.1017365       0.2069435       0.0082894       1.2486263    
   1    17    0.1016611       0.2067650       0.0082845       1.2475136    
   1    18    0.1018875       0.2073009       0.0082992       1.2508536    
   1    19    0.1080479       0.2219455       0.0086979       1.3422068    
   1    20    0.1018120       0.2071222       0.0082943       1.2497396    
   1    21    0.1087559       0.2236357       0.0087435       1.3527600    
   1    22    0.1022655       0.2081962       0.0083237       1.2564340    
   1    23    0.1018120       0.2071222       0.0082943       1.2497396    
   1    24    0.1016611       0.2067650       0.0082845       1.2475136    
   1    25    0.1016611       0.2067650       0.0082845       1.2475136    
   1    26    0.1030244       0.2099948       0.0083730       1.2676465    
   1    27    0.1016611       0.2067650       0.0082845       1.2475136    
   1    28    0.1016611       0.2067650       0.0082845       1.2475136    

  Program  MARK  - Survival Rate Estimation with Capture-Recapture Data
   gfortran(dble) Vers. 9.0 Mar 2018    25-Mar-2020 14:19:38    Page  012
 - - - - - - - - - - - - - - - - - - - - - - - - - - - - - - - - - - - - - -
 
   1    29    0.1048609       0.2143550       0.0084920       1.2948374    
   1    30    0.1182332       0.2463906       0.0093505       1.4950177    
   1    31    0.1016611       0.2067650       0.0082845       1.2475136    
   1    32    0.1016611       0.2067650       0.0082845       1.2475136    
   2     1    0.1641170       0.3250956       0.0138174       1.9493020    
   2     2    0.1639953       0.3248143       0.0138093       1.9475579    
   2     3    0.1639953       0.3248143       0.0138093       1.9475579    
   2     4    0.1641170       0.3250956       0.0138174       1.9493020    
   2     5    0.1642387       0.3253771       0.0138256       1.9510472    
   2     6    0.1639953       0.3248143       0.0138093       1.9475579    
   2     7    0.1639953       0.3248143       0.0138093       1.9475579    
   2     8    0.1641170       0.3250956       0.0138174       1.9493020    
   2     9    0.1641170       0.3250956       0.0138174       1.9493020    
   2    10    0.1642387       0.3253771       0.0138256       1.9510472    
   2    11    0.1639953       0.3248143       0.0138093       1.9475579    
   2    12    0.1644823       0.3259406       0.0138418       1.9545410    
   2    13    0.1641170       0.3250956       0.0138174       1.9493020    
   2    14    0.1650925       0.3273522       0.0138825       1.9632943    
   2    15    0.1639953       0.3248143       0.0138093       1.9475579    
   2    16    0.1641170       0.3250956       0.0138174       1.9493020    
   2    17    0.1639953       0.3248143       0.0138093       1.9475579    
   2    18    0.1643605       0.3256587       0.0138337       1.9527936    
   2    19    0.1742983       0.3487381       0.0144941       2.0960226    
   2    20    0.1642387       0.3253771       0.0138256       1.9510472    
   2    21    0.1754404       0.3514021       0.0145696       2.1125715    
   2    22    0.1649703       0.3270696       0.0138744       1.9615414    
   2    23    0.1642387       0.3253771       0.0138256       1.9510472    
   2    24    0.1639953       0.3248143       0.0138093       1.9475579    
   2    25    0.1639953       0.3248143       0.0138093       1.9475579    
   2    26    0.1661945       0.3299039       0.0139560       1.9791188    
   2    27    0.1639953       0.3248143       0.0138093       1.9475579    
   2    28    0.1639953       0.3248143       0.0138093       1.9475579    
   2    29    0.1691571       0.3367750       0.0141532       2.0217481    
   2    30    0.1907288       0.3872740       0.0155745       2.3357056    
   2    31    0.1639953       0.3248143       0.0138093       1.9475579    
   2    32    0.1639953       0.3248143       0.0138093       1.9475579    

    Net Birth+Immigration Estimates of { Phi(~1)p(~sex)pent(~1)N(~1) }
                                                95% Confidence Interval
 Grp. Occ.   B-hat           Standard Error      Lower           Upper
 ---- ----   --------------  --------------  --------------  --------------
   1     1    0.1015857       0.2065866       0.0082796       1.2464017    
   1     2    0.1015857       0.2065866       0.0082796       1.2464017    
   1     3    0.1015857       0.2065866       0.0082796       1.2464017    
   1     4    0.1015857       0.2065866       0.0082796       1.2464017    
   1     5    0.1015857       0.2065866       0.0082796       1.2464017    
   1     6    0.1015857       0.2065866       0.0082796       1.2464017    
   1     7    0.1015857       0.2065866       0.0082796       1.2464017    
   1     8    0.1015857       0.2065866       0.0082796       1.2464017    
   1     9    0.1015857       0.2065866       0.0082796       1.2464017    
   1    10    0.1015857       0.2065866       0.0082796       1.2464017    
   1    11    0.1015857       0.2065866       0.0082796       1.2464017    
   1    12    0.1015857       0.2065866       0.0082796       1.2464017    
   1    13    0.1015857       0.2065866       0.0082796       1.2464017    
   1    14    0.1015857       0.2065866       0.0082796       1.2464017    
   1    15    0.1015857       0.2065866       0.0082796       1.2464017    
   1    16    0.1015857       0.2065866       0.0082796       1.2464017    
   1    17    0.1015857       0.2065866       0.0082796       1.2464017    
   1    18    0.1015857       0.2065866       0.0082796       1.2464017    
   1    19    0.1015857       0.2065866       0.0082796       1.2464017    
   1    20    0.1015857       0.2065866       0.0082796       1.2464017    
   1    21    0.1015857       0.2065866       0.0082796       1.2464017    
   1    22    0.1015857       0.2065866       0.0082796       1.2464017    
   1    23    0.1015857       0.2065866       0.0082796       1.2464017    
   1    24    0.1015857       0.2065866       0.0082796       1.2464017    
   1    25    0.1015857       0.2065866       0.0082796       1.2464017    
   1    26    0.1015857       0.2065866       0.0082796       1.2464017    
   1    27    0.1015857       0.2065866       0.0082796       1.2464017    
   1    28    0.1015857       0.2065866       0.0082796       1.2464017    
   1    29    0.1015857       0.2065866       0.0082796       1.2464017    
   1    30    0.1015857       0.2065866       0.0082796       1.2464017    
   1    31    0.1015857       0.2065866       0.0082796       1.2464017    
   1    32    0.1015857       0.2065866       0.0082796       1.2464017    
   2     1    0.1638737       0.3245331       0.0138012       1.9458148    
   2     2    0.1638737       0.3245331       0.0138012       1.9458148    
   2     3    0.1638737       0.3245331       0.0138012       1.9458148    
   2     4    0.1638737       0.3245331       0.0138012       1.9458148    
   2     5    0.1638737       0.3245331       0.0138012       1.9458148    
   2     6    0.1638737       0.3245331       0.0138012       1.9458148    
   2     7    0.1638737       0.3245331       0.0138012       1.9458148    
   2     8    0.1638737       0.3245331       0.0138012       1.9458148    
   2     9    0.1638737       0.3245331       0.0138012       1.9458148    
   2    10    0.1638737       0.3245331       0.0138012       1.9458148    
   2    11    0.1638737       0.3245331       0.0138012       1.9458148    
   2    12    0.1638737       0.3245331       0.0138012       1.9458148    
   2    13    0.1638737       0.3245331       0.0138012       1.9458148    
   2    14    0.1638737       0.3245331       0.0138012       1.9458148    
   2    15    0.1638737       0.3245331       0.0138012       1.9458148    
   2    16    0.1638737       0.3245331       0.0138012       1.9458148    
   2    17    0.1638737       0.3245331       0.0138012       1.9458148    
   2    18    0.1638737       0.3245331       0.0138012       1.9458148    
   2    19    0.1638737       0.3245331       0.0138012       1.9458148    
   2    20    0.1638737       0.3245331       0.0138012       1.9458148    
   2    21    0.1638737       0.3245331       0.0138012       1.9458148    
   2    22    0.1638737       0.3245331       0.0138012       1.9458148    
   2    23    0.1638737       0.3245331       0.0138012       1.9458148    
   2    24    0.1638737       0.3245331       0.0138012       1.9458148    
   2    25    0.1638737       0.3245331       0.0138012       1.9458148    
   2    26    0.1638737       0.3245331       0.0138012       1.9458148    
   2    27    0.1638737       0.3245331       0.0138012       1.9458148    
   2    28    0.1638737       0.3245331       0.0138012       1.9458148    
   2    29    0.1638737       0.3245331       0.0138012       1.9458148    
   2    30    0.1638737       0.3245331       0.0138012       1.9458148    
   2    31    0.1638737       0.3245331       0.0138012       1.9458148    
   2    32    0.1638737       0.3245331       0.0138012       1.9458148    

         Population Estimates of { Phi(~1)p(~sex)pent(~1)N(~1) }
                                                95% Confidence Interval
 Grp. Occ.   N-hat           Standard Error      Lower           Upper
 ---- ----   --------------  --------------  --------------  --------------
   1     1    17.950997       4.2262112       11.386302       28.300522    
   1     2    17.999390       4.0508526       11.642560       27.827045    
   1     3    18.074288       3.8782635       11.925155       27.394184    
   1     4    18.149075       3.7090521       12.208748       26.979747    
   1     5    18.196882       3.5441721       12.466594       26.561105    
   1     6    18.217646       3.3842089       12.697108       26.138444    
   1     7    18.292221       3.2273279       12.978788       25.780939    
   1     8    18.366685       3.0759485       13.257402       25.445039    
   1     9    18.413846       2.9316122       13.504297       25.108285    
   1    10    18.460868       2.7941226       13.745039       24.794666    

  Program  MARK  - Survival Rate Estimation with Capture-Recapture Data
   gfortran(dble) Vers. 9.0 Mar 2018    25-Mar-2020 14:19:38    Page  013
 - - - - - - - - - - - - - - - - - - - - - - - - - - - - - - - - - - - - - -
 
   1    11    18.480460       2.6651295       13.950412       24.481528    
   1    12    18.554645       2.5432944       14.200983       24.243029    
   1    13    18.519083       2.4338722       14.329360       23.933829    
   1    14    18.565793       2.3329688       14.526756       23.727850    
   1    15    18.393934       2.2480266       14.488650       23.351852    
   1    16    18.468248       2.1691499       14.682161       23.230652    
   1    17    18.515108       2.1061953       14.825410       23.123087    
   1    18    18.589242       2.0601257       14.969748       23.083882    
   1    19    18.580824       2.0288215       15.010552       23.000288    
   1    20    16.505028       2.1855149       12.746522       21.371787    
   1    21    16.533307       2.1469411       12.831761       21.302630    
   1    22    14.503829       2.5896072       10.249239       20.524553    
   1    23    14.413016       2.5781190       10.178674       20.408849    
   1    24    14.450586       2.5455726       10.258448       20.355851    
   1    25    14.530746       2.5171848       10.373345       20.354339    
   1    26    14.610787       2.5046030       10.466751       20.395545    
   1    27    14.306216       2.5824029       10.071689       20.321102    
   1    28    14.386590       2.5916563       10.135354       20.420990    
   1    29    14.466844       2.6161568       10.178364       20.562203    
   1    30    13.674229       2.7811768       9.2156655       20.289857    
   1    31    10.114902       3.4137106       5.3136515       19.254414    
   1    32    10.201491       3.3830561       5.4163927       19.213971    
   1    33    10.287951       3.3644177       5.5080731       19.215781    
   2     1    28.957781       7.7677456       17.273734       48.544980    
   2     2    29.035847       7.4595393       17.690288       47.657812    
   2     3    29.156669       7.1519142       18.154447       46.826619    
   2     4    29.277312       6.8460693       18.626434       46.018525    
   2     5    29.354432       6.5445974       19.062986       45.201873    
   2     6    29.387928       6.2486528       19.461426       44.377546    
   2     7    29.508228       5.9490573       19.954390       43.636291    
   2     8    29.628350       5.6521283       20.453696       42.918363    
   2     9    29.704430       5.3624966       20.911378       42.194883    
   2    10    29.780283       5.0766373       21.372729       41.495183    
   2    11    29.811888       4.8002683       21.787321       40.792013    
   2    12    29.931560       4.5177649       22.303471       40.168558    
   2    13    29.874194       4.2649948       22.614370       39.464617    
   2    14    29.949544       3.9999660       23.078442       38.866368    
   2    15    29.672309       3.8013086       23.107114       38.102807    
   2    16    29.792187       3.5437823       23.615954       37.583679    
   2    17    29.867781       3.3049301       24.060269       37.077073    
   2    18    29.987370       3.0703754       24.547670       36.632494    
   2    19    29.973790       2.8770747       24.844124       36.162599    
   2    20    26.625206       3.6437304       20.386450       34.773175    
   2    21    26.670824       3.4695556       20.690333       34.379962    
   2    22    23.396957       4.4513863       16.167712       33.858692    
   2    23    23.250461       4.3705019       16.136567       33.500552    

  Program  MARK  - Survival Rate Estimation with Capture-Recapture Data
   gfortran(dble) Vers. 9.0 Mar 2018    25-Mar-2020 14:19:38    Page  014
 - - - - - - - - - - - - - - - - - - - - - - - - - - - - - - - - - - - - - -
 
   2    24    23.311067       4.2365805       16.372539       33.190079    
   2    25    23.440378       4.0978319       16.682990       32.934823    
   2    26    23.569497       3.9797097       16.968021       32.739303    
   2    27    23.078175       4.0877080       16.352833       32.569414    
   2    28    23.207831       4.0064902       16.586777       32.471856    
   2    29    23.337295       3.9490105       16.789105       32.439450    
   2    30    22.058681       4.3226215       15.078002       32.271213    
   2    31    16.316928       5.6939704       8.3963041       31.709444    
   2    32    16.456608       5.5977120       8.6037317       31.477035    
   2    33    16.596082       5.5184964       8.7972736       31.308557    

      Gross Population Estimates of { Phi(~1)p(~sex)pent(~1)N(~1) }
                                                95% Confidence Interval
 Grp. Occ.   N*-hat          Standard Error      Lower           Upper
 ---- ----   --------------  --------------  --------------  --------------
   1     0    21.241637       3.7806353       15.026784       30.026861    
   2     0    34.266101       3.8251871       27.550902       42.618049    

   CPU Time for the last procedure was 0.06 seconds.     


  INPUT --- proc stop;

     CPU Time in minutes for this job was 0.00

     Time Start = 14:19:38.268   Time End = 14:19:38.658

     Wall Clock Time in minutes for this job was 0.01


          E X E C U T I O N   S U C C E S S F U L 
