
   Program  MARK  - Survival Rate Estimation with Capture-Recapture Data
   gfortran(dble) Vers. 9.0 Mar 2018    25-Mar-2020 21:12:00    Page  001
 - - - - - - - - - - - - - - - - - - - - - - - - - - - - - - - - - - - - - -
 
   This version was compiled by GCC version 7.2.0 using the options: 
     -cpp -iprefix C:/Program Files/mingw-w64/x86_64-7.2.0-posix-seh-rt_v5-rev1/
     mingw64/bin/../lib/gcc/x86_64-w64-mingw32/7.2.0/ -D_MT -D_REENTRANT
     -U_REENTRANT -D IEEE -D DBLEPRECISION -m64 -mtune=core2 -march=nocona -mthreads
     -O2 -fimplicit-none -fbounds-check -funroll-loops -ftree-vectorize
     -ffpe-summary=invalid,zero,overflow,underflow -fno-unsafe-math-optimizations
     -frounding-math -fsignaling-nans -fopenmp.

   This problem will use 15 of 16 possible threads.


  INPUT --- proc title ;

   CPU Time for the last procedure was 0.01 seconds.     


  INPUT --- proc chmatrix occasions= 33 groups= 2 etype= POPAN Nodes= 
  INPUT --- 101 ICMeans NoHist hist= 41  ;

  INPUT ---    time interval 0.00547945205479452 0.00273972602739726 
  INPUT ---    0.00273972602739726 0.00547945205479452  
  INPUT ---    0.00821917808219178 0.00273972602739726 0.00273972602739726 
  INPUT ---    0.00547945205479452  0.00547945205479452 
  INPUT ---    0.00821917808219178 0.00273972602739726 0.0136986301369863 
  INPUT ---    0.00547945205479452  0.0273972602739726 0.00273972602739726 
  INPUT ---    0.00547945205479452 0.00273972602739726 0.010958904109589  
  INPUT ---    0.23013698630137 0.00821917808219178 0.254794520547945 
  INPUT ---    0.0246575342465753 0.00821917808219178  0.00273972602739726 
  INPUT ---    0.00273972602739726 0.0520547945205479 0.00273972602739726 
  INPUT ---    0.00273972602739726  0.117808219178082 0.575342465753425 
  INPUT ---    0.00273972602739726 0.00273972602739726 ;

  INPUT ---    glabel(1)=sexF;

  INPUT ---    glabel(2)=sexM;

   * *  WARNING  * *   At least a pair of the encounter histories are duplicates. 

      Number of unique encounter histories read was 38.

      Number of individual covariates read was 0.
      Time interval lengths vary and/or not equal to 1.

      Data type number is 19
      Data type is POPAN                                                                                               

   CPU Time for the last procedure was 0.01 seconds.     

  Program  MARK  - Survival Rate Estimation with Capture-Recapture Data
   gfortran(dble) Vers. 9.0 Mar 2018    25-Mar-2020 21:12:00    Page  002
 - - - - - - - - - - - - - - - - - - - - - - - - - - - - - - - - - - - - - -
 


  INPUT --- proc estimate link=Parm-Specific NOLOOP varest=2ndPart    ;


  INPUT --- model={ Phi(~1)p(~1)pent(~1)N(~1) };

  INPUT ---    group=1 Phi    rows=1 cols=32 Square ;
  INPUT ---        1 1 1 1 1 1 1 1 1 1 1 1 1 1 1 1 1 1 1 1 1 1 1 1 1 1 1 1 1 
  INPUT ---       1 1 1 ;

  INPUT ---    group=2 Phi    rows=1 cols=32 Square ;
  INPUT ---        1 1 1 1 1 1 1 1 1 1 1 1 1 1 1 1 1 1 1 1 1 1 1 1 1 1 1 1 1 
  INPUT ---       1 1 1 ;

  INPUT ---    group=1 p    rows=1 cols=33 Square ;
  INPUT ---        2 2 2 2 2 2 2 2 2 2 2 2 2 2 2 2 2 2 2 2 2 2 2 2 2 2 2 2 2 
  INPUT ---       2 2 2 2 ;

  INPUT ---    group=2 p    rows=1 cols=33 Square ;
  INPUT ---        2 2 2 2 2 2 2 2 2 2 2 2 2 2 2 2 2 2 2 2 2 2 2 2 2 2 2 2 2 
  INPUT ---       2 2 2 2 ;

  INPUT ---    group=1 pent    rows=1 cols=32 Square ;
  INPUT ---        4 5 6 7 8 9 10 11 12 13 14 15 16 17 18 19 20 21 22 23 24 
  INPUT ---       25 26 27 28 29 30 31 32 33 34 35 ;

  INPUT ---    group=2 pent    rows=1 cols=32 Square ;
  INPUT ---        36 37 38 39 40 41 42 43 44 45 46 47 48 49 50 51 52 53 54 
  INPUT ---       55 56 57 58 59 60 61 62 63 64 65 66 67 ;

  INPUT ---    group=1 N    rows=1 cols=1 Square ;
  INPUT ---        3 ;

  INPUT ---    group=2 N    rows=1 cols=1 Square ;
  INPUT ---        3 ;

  INPUT ---    design matrix constraints=67 covariates=4;
  INPUT ---        1 0 0 0;
  INPUT ---        0 1 0 0;
  INPUT ---        0 0 0 1;
  INPUT ---        0 0 1 0;
  INPUT ---        0 0 1 0;
  INPUT ---        0 0 1 0;
  INPUT ---        0 0 1 0;
  INPUT ---        0 0 1 0;

  Program  MARK  - Survival Rate Estimation with Capture-Recapture Data
   gfortran(dble) Vers. 9.0 Mar 2018    25-Mar-2020 21:12:00    Page  003
 - - - - - - - - - - - - - - - - - - - - - - - - - - - - - - - - - - - - - -
 
  INPUT ---        0 0 1 0;
  INPUT ---        0 0 1 0;
  INPUT ---        0 0 1 0;
  INPUT ---        0 0 1 0;
  INPUT ---        0 0 1 0;
  INPUT ---        0 0 1 0;
  INPUT ---        0 0 1 0;
  INPUT ---        0 0 1 0;
  INPUT ---        0 0 1 0;
  INPUT ---        0 0 1 0;
  INPUT ---        0 0 1 0;
  INPUT ---        0 0 1 0;
  INPUT ---        0 0 1 0;
  INPUT ---        0 0 1 0;
  INPUT ---        0 0 1 0;
  INPUT ---        0 0 1 0;
  INPUT ---        0 0 1 0;
  INPUT ---        0 0 1 0;
  INPUT ---        0 0 1 0;
  INPUT ---        0 0 1 0;
  INPUT ---        0 0 1 0;
  INPUT ---        0 0 1 0;
  INPUT ---        0 0 1 0;
  INPUT ---        0 0 1 0;
  INPUT ---        0 0 1 0;
  INPUT ---        0 0 1 0;
  INPUT ---        0 0 1 0;
  INPUT ---        0 0 1 0;
  INPUT ---        0 0 1 0;
  INPUT ---        0 0 1 0;
  INPUT ---        0 0 1 0;
  INPUT ---        0 0 1 0;
  INPUT ---        0 0 1 0;
  INPUT ---        0 0 1 0;
  INPUT ---        0 0 1 0;
  INPUT ---        0 0 1 0;
  INPUT ---        0 0 1 0;
  INPUT ---        0 0 1 0;
  INPUT ---        0 0 1 0;
  INPUT ---        0 0 1 0;
  INPUT ---        0 0 1 0;
  INPUT ---        0 0 1 0;
  INPUT ---        0 0 1 0;
  INPUT ---        0 0 1 0;
  INPUT ---        0 0 1 0;
  INPUT ---        0 0 1 0;

  Program  MARK  - Survival Rate Estimation with Capture-Recapture Data
   gfortran(dble) Vers. 9.0 Mar 2018    25-Mar-2020 21:12:00    Page  004
 - - - - - - - - - - - - - - - - - - - - - - - - - - - - - - - - - - - - - -
 
  INPUT ---        0 0 1 0;
  INPUT ---        0 0 1 0;
  INPUT ---        0 0 1 0;
  INPUT ---        0 0 1 0;
  INPUT ---        0 0 1 0;
  INPUT ---        0 0 1 0;
  INPUT ---        0 0 1 0;
  INPUT ---        0 0 1 0;
  INPUT ---        0 0 1 0;
  INPUT ---        0 0 1 0;
  INPUT ---        0 0 1 0;
  INPUT ---        0 0 1 0;
  INPUT ---        0 0 1 0;

  INPUT ---    links=67;

  INPUT ---    Logit;

  INPUT ---    Logit;

  INPUT ---    Log;

  INPUT ---    mlogit(1);

  INPUT ---    mlogit(1);

  INPUT ---    mlogit(1);

  INPUT ---    mlogit(1);

  INPUT ---    mlogit(1);

  INPUT ---    mlogit(1);

  INPUT ---    mlogit(1);

  INPUT ---    mlogit(1);

  INPUT ---    mlogit(1);

  INPUT ---    mlogit(1);

  INPUT ---    mlogit(1);

  INPUT ---    mlogit(1);


  Program  MARK  - Survival Rate Estimation with Capture-Recapture Data
   gfortran(dble) Vers. 9.0 Mar 2018    25-Mar-2020 21:12:00    Page  005
 - - - - - - - - - - - - - - - - - - - - - - - - - - - - - - - - - - - - - -
 
  INPUT ---    mlogit(1);

  INPUT ---    mlogit(1);

  INPUT ---    mlogit(1);

  INPUT ---    mlogit(1);

  INPUT ---    mlogit(1);

  INPUT ---    mlogit(1);

  INPUT ---    mlogit(1);

  INPUT ---    mlogit(1);

  INPUT ---    mlogit(1);

  INPUT ---    mlogit(1);

  INPUT ---    mlogit(1);

  INPUT ---    mlogit(1);

  INPUT ---    mlogit(1);

  INPUT ---    mlogit(1);

  INPUT ---    mlogit(1);

  INPUT ---    mlogit(1);

  INPUT ---    mlogit(1);

  INPUT ---    mlogit(1);

  INPUT ---    mlogit(1);

  INPUT ---    mlogit(1);

  INPUT ---    mlogit(2);

  INPUT ---    mlogit(2);

  INPUT ---    mlogit(2);


  Program  MARK  - Survival Rate Estimation with Capture-Recapture Data
   gfortran(dble) Vers. 9.0 Mar 2018    25-Mar-2020 21:12:00    Page  006
 - - - - - - - - - - - - - - - - - - - - - - - - - - - - - - - - - - - - - -
 
  INPUT ---    mlogit(2);

  INPUT ---    mlogit(2);

  INPUT ---    mlogit(2);

  INPUT ---    mlogit(2);

  INPUT ---    mlogit(2);

  INPUT ---    mlogit(2);

  INPUT ---    mlogit(2);

  INPUT ---    mlogit(2);

  INPUT ---    mlogit(2);

  INPUT ---    mlogit(2);

  INPUT ---    mlogit(2);

  INPUT ---    mlogit(2);

  INPUT ---    mlogit(2);

  INPUT ---    mlogit(2);

  INPUT ---    mlogit(2);

  INPUT ---    mlogit(2);

  INPUT ---    mlogit(2);

  INPUT ---    mlogit(2);

  INPUT ---    mlogit(2);

  INPUT ---    mlogit(2);

  INPUT ---    mlogit(2);

  INPUT ---    mlogit(2);

  INPUT ---    mlogit(2);


  Program  MARK  - Survival Rate Estimation with Capture-Recapture Data
   gfortran(dble) Vers. 9.0 Mar 2018    25-Mar-2020 21:12:00    Page  007
 - - - - - - - - - - - - - - - - - - - - - - - - - - - - - - - - - - - - - -
 
  INPUT ---    mlogit(2);

  INPUT ---    mlogit(2);

  INPUT ---    mlogit(2);

  INPUT ---    mlogit(2);

  INPUT ---    mlogit(2);

  INPUT ---    mlogit(2);
  INPUT ---       blabel(1)=Phi:(Intercept);
  INPUT ---       blabel(2)=p:(Intercept);
  INPUT ---       blabel(3)=pent:(Intercept);
  INPUT ---       blabel(4)=N:(Intercept);
  INPUT ---       rlabel(1)=Phi gF a0 t1;
  INPUT ---       rlabel(2)=p gF a0 t1;
  INPUT ---       rlabel(3)=N gF a0 t1;
  INPUT ---       rlabel(4)=pent gF a0.00547945205479452 t1.00547945205479;
  INPUT ---       rlabel(5)=pent gF a0.00821917808219178 t1.00821917808219;
  INPUT ---       rlabel(6)=pent gF a0.010958904109589 t1.01095890410959;
  INPUT ---       rlabel(7)=pent gF a0.0164383561643836 t1.01643835616438;
  INPUT ---       rlabel(8)=pent gF a0.0246575342465753 t1.02465753424658;
  INPUT ---       rlabel(9)=pent gF a0.0273972602739726 t1.02739726027397;
  INPUT ---       rlabel(10)=pent gF a0.0301369863013699 t1.03013698630137;
  INPUT ---       rlabel(11)=pent gF a0.0356164383561644 t1.03561643835616;
  INPUT ---       rlabel(12)=pent gF a0.0410958904109589 t1.04109589041096;
  INPUT ---       rlabel(13)=pent gF a0.0493150684931507 t1.04931506849315;
  INPUT ---       rlabel(14)=pent gF a0.0520547945205479 t1.05205479452055;
  INPUT ---       rlabel(15)=pent gF a0.0657534246575342 t1.06575342465753;
  INPUT ---       rlabel(16)=pent gF a0.0712328767123288 t1.07123287671233;
  INPUT ---       rlabel(17)=pent gF a0.0986301369863014 t1.0986301369863;
  INPUT ---       rlabel(18)=pent gF a0.101369863013699 t1.1013698630137;
  INPUT ---       rlabel(19)=pent gF a0.106849315068493 t1.10684931506849;
  INPUT ---       rlabel(20)=pent gF a0.10958904109589 t1.10958904109589;
  INPUT ---       rlabel(21)=pent gF a0.120547945205479 t1.12054794520548;
  INPUT ---       rlabel(22)=pent gF a0.350684931506849 t1.35068493150685;
  INPUT ---       rlabel(23)=pent gF a0.358904109589041 t1.35890410958904;
  INPUT ---       rlabel(24)=pent gF a0.613698630136986 t1.61369863013699;
  INPUT ---       rlabel(25)=pent gF a0.638356164383562 t1.63835616438356;
  INPUT ---       rlabel(26)=pent gF a0.646575342465753 t1.64657534246575;
  INPUT ---       rlabel(27)=pent gF a0.649315068493151 t1.64931506849315;
  INPUT ---       rlabel(28)=pent gF a0.652054794520548 t1.65205479452055;
  INPUT ---       rlabel(29)=pent gF a0.704109589041096 t1.7041095890411;
  INPUT ---       rlabel(30)=pent gF a0.706849315068493 t1.70684931506849;
  INPUT ---       rlabel(31)=pent gF a0.70958904109589 t1.70958904109589;

  Program  MARK  - Survival Rate Estimation with Capture-Recapture Data
   gfortran(dble) Vers. 9.0 Mar 2018    25-Mar-2020 21:12:01    Page  008
 - - - - - - - - - - - - - - - - - - - - - - - - - - - - - - - - - - - - - -
 
  INPUT ---       rlabel(32)=pent gF a0.827397260273973 t1.82739726027397;
  INPUT ---       rlabel(33)=pent gF a1.4027397260274 t2.4027397260274;
  INPUT ---       rlabel(34)=pent gF a1.40547945205479 t2.40547945205479;
  INPUT ---       rlabel(35)=pent gF a1.40821917808219 t2.40821917808219;
  INPUT ---       rlabel(36)=pent gM a0.00547945205479452 t1.00547945205479;
  INPUT ---       rlabel(37)=pent gM a0.00821917808219178 t1.00821917808219;
  INPUT ---       rlabel(38)=pent gM a0.010958904109589 t1.01095890410959;
  INPUT ---       rlabel(39)=pent gM a0.0164383561643836 t1.01643835616438;
  INPUT ---       rlabel(40)=pent gM a0.0246575342465753 t1.02465753424658;
  INPUT ---       rlabel(41)=pent gM a0.0273972602739726 t1.02739726027397;
  INPUT ---       rlabel(42)=pent gM a0.0301369863013699 t1.03013698630137;
  INPUT ---       rlabel(43)=pent gM a0.0356164383561644 t1.03561643835616;
  INPUT ---       rlabel(44)=pent gM a0.0410958904109589 t1.04109589041096;
  INPUT ---       rlabel(45)=pent gM a0.0493150684931507 t1.04931506849315;
  INPUT ---       rlabel(46)=pent gM a0.0520547945205479 t1.05205479452055;
  INPUT ---       rlabel(47)=pent gM a0.0657534246575342 t1.06575342465753;
  INPUT ---       rlabel(48)=pent gM a0.0712328767123288 t1.07123287671233;
  INPUT ---       rlabel(49)=pent gM a0.0986301369863014 t1.0986301369863;
  INPUT ---       rlabel(50)=pent gM a0.101369863013699 t1.1013698630137;
  INPUT ---       rlabel(51)=pent gM a0.106849315068493 t1.10684931506849;
  INPUT ---       rlabel(52)=pent gM a0.10958904109589 t1.10958904109589;
  INPUT ---       rlabel(53)=pent gM a0.120547945205479 t1.12054794520548;
  INPUT ---       rlabel(54)=pent gM a0.350684931506849 t1.35068493150685;
  INPUT ---       rlabel(55)=pent gM a0.358904109589041 t1.35890410958904;
  INPUT ---       rlabel(56)=pent gM a0.613698630136986 t1.61369863013699;
  INPUT ---       rlabel(57)=pent gM a0.638356164383562 t1.63835616438356;
  INPUT ---       rlabel(58)=pent gM a0.646575342465753 t1.64657534246575;
  INPUT ---       rlabel(59)=pent gM a0.649315068493151 t1.64931506849315;
  INPUT ---       rlabel(60)=pent gM a0.652054794520548 t1.65205479452055;
  INPUT ---       rlabel(61)=pent gM a0.704109589041096 t1.7041095890411;
  INPUT ---       rlabel(62)=pent gM a0.706849315068493 t1.70684931506849;
  INPUT ---       rlabel(63)=pent gM a0.70958904109589 t1.70958904109589;
  INPUT ---       rlabel(64)=pent gM a0.827397260273973 t1.82739726027397;
  INPUT ---       rlabel(65)=pent gM a1.4027397260274 t2.4027397260274;
  INPUT ---       rlabel(66)=pent gM a1.40547945205479 t2.40547945205479;
  INPUT ---       rlabel(67)=pent gM a1.40821917808219 t2.40821917808219;

 Link Function Used is PARM-SPECIFIC

 Variance Estimation Procedure Used is 2ndPart 

 M(t+1):
      16     29



 Group: 1

 U(t)+UL(t):
       0    2    2    0    1    0    3    1    1    0    0    0    0    0    1
       0    0    0    2    1    1    0    0    0    1    0    0    0    0    0
       0    0    0

 U(t):
       0    2    2    0    1    0    3    1    1    0    0    0    0    0    1
       0    0    0    2    1    1    0    0    0    1    0    0    0    0    0
       0    0    0

 UL(t):
       0    0    0    0    0    0    0    0    0    0    0    0    0    0    0
       0    0    0    0    0    0    0    0    0    0    0    0    0    0    0
       0    0    0

 Not Released(t):
       0    0    0    0    0    0    0    0    0    0    0    0    0    0    0
       0    0    0    0    0    0    0    0    0    0    0    0    0    0    0
       0    0    0

 Group: 2

 U(t)+UL(t):
       3    0    1    1    1    1    1    0    1    1    2    1    3    3    1
       1    0    2    3    1    0    0    1    0    0    0    0    0    0    1
       0    0    0

 U(t):
       3    0    1    1    1    1    1    0    1    1    2    1    3    3    1
       1    0    2    3    1    0    0    1    0    0    0    0    0    0    1
       0    0    0

 UL(t):
       0    0    0    0    0    0    0    0    0    0    0    0    0    0    0
       0    0    0    0    0    0    0    0    0    0    0    0    0    0    0
       0    0    0

 Not Released(t):
       0    0    0    0    0    0    0    0    0    0    0    0    0    0    0
       0    0    0    0    0    0    0    0    0    0    0    0    0    0    0
       0    0    0
 -2logL(saturated) = 272.93564     
 Effective Sample Size = 103

 Number of function evaluations was 26 for 4 parameters.

  Program  MARK  - Survival Rate Estimation with Capture-Recapture Data
   gfortran(dble) Vers. 9.0 Mar 2018    25-Mar-2020 21:12:01    Page  009
 - - - - - - - - - - - - - - - - - - - - - - - - - - - - - - - - - - - - - -
 
 Time for numerical optimization was 0.02 seconds.     
 -2logL { Phi(~1)p(~1)pent(~1)N(~1) } = 560.13045     
 Penalty { Phi(~1)p(~1)pent(~1)N(~1) } = 0.0000000     
 Gradient { Phi(~1)p(~1)pent(~1)N(~1) }:
 -0.2279717E-04  0.8614964E-05 -0.2271558E-05  0.6379435E-05
 Maximum ABS(G) { Phi(~1)p(~1)pent(~1)N(~1) } = 0.2279717E-04 
 S Vector { Phi(~1)p(~1)pent(~1)N(~1) }:
   85.03123      4.592994      2.717102     0.6173048E-01
 Time to compute number of parameters was 0.01 seconds.     
 Ratio Threshold = 50.000000       Max Gap (3/4) = 44.015561       Next Max Gap (1/2) = 18.513248     
 Gap Method for Num. of Estimated Parameters { Phi(~1)p(~1)pent(~1)N(~1) } = 4          
 Threshold { Phi(~1)p(~1)pent(~1)N(~1) } = 0.4559434E-04                 
 Numerical Threshold Method for Num. of Estimated Parameters { Phi(~1)p(~1)pent(~1)N(~1) } = 4          
 Number of Estimated Parameters { Phi(~1)p(~1)pent(~1)N(~1) } = 4          
 DEVIANCE { Phi(~1)p(~1)pent(~1)N(~1) } = 287.19481                     
 DEVIANCE Degrees of Freedom { Phi(~1)p(~1)pent(~1)N(~1) } = 37            
 c-hat { Phi(~1)p(~1)pent(~1)N(~1) } = 7.7620218                     
 AIC { Phi(~1)p(~1)pent(~1)N(~1) } = 568.13045                  
 AICc { Phi(~1)p(~1)pent(~1)N(~1) } = 568.53861                    
 BIC { Phi(~1)p(~1)pent(~1)N(~1) } = 578.66936                    
 Pearson Chisquare { Phi(~1)p(~1)pent(~1)N(~1) } = 44638434.                  


                PARM-SPECIFIC Link Function Parameters of { Phi(~1)p(~1)pent(~1)N(~1) }
                                                              95% Confidence Interval
 Parameter                    Beta         Standard Error      Lower           Upper
 -------------------------  --------------  --------------  --------------  --------------
    1:Phi:(Intercept)        0.3386566       0.7948730      -1.2192946       1.8966077    
    2:p:(Intercept)         -2.5423918       0.1875974      -2.9100827      -2.1747009    
    3:pent:(Intercept)      -5.7173230       3.9191363      -13.398830       1.9641842    
    4:N:(Intercept)          1.3918715       0.8776845      -0.3283901       3.1121331    


                Real Function Parameters of { Phi(~1)p(~1)pent(~1)N(~1) }
                                                               95% Confidence Interval
  Parameter                  Estimate       Standard Error      Lower           Upper
 --------------------------  --------------  --------------  --------------  --------------
     1:Phi gF a0 t1           0.5838642       0.1931278       0.2280606       0.8695071                          
     2:p gF a0 t1             0.0729393       0.0126852       0.0516574       0.1020455                          
     3:N gF a0 t1             20.022371       3.5303726       16.914472       33.692695                          
     4:pent gF a0.005479452   0.0029754       0.0105507       0.2801732E-05   0.7606913                          
     5:pent gF a0.008219178   0.0029754       0.0105507       0.2801732E-05   0.7606913                          
     6:pent gF a0.010958904   0.0029754       0.0105507       0.2801732E-05   0.7606913                          
     7:pent gF a0.016438356   0.0029754       0.0105507       0.2801732E-05   0.7606913                          
     8:pent gF a0.024657534   0.0029754       0.0105507       0.2801732E-05   0.7606913                          
     9:pent gF a0.027397260   0.0029754       0.0105507       0.2801732E-05   0.7606913                          
    10:pent gF a0.030136986   0.0029754       0.0105507       0.2801732E-05   0.7606913                          
    11:pent gF a0.035616438   0.0029754       0.0105507       0.2801732E-05   0.7606913                          
    12:pent gF a0.041095890   0.0029754       0.0105507       0.2801732E-05   0.7606913                          
    13:pent gF a0.049315068   0.0029754       0.0105507       0.2801732E-05   0.7606913                          
    14:pent gF a0.052054794   0.0029754       0.0105507       0.2801732E-05   0.7606913                          
    15:pent gF a0.065753424   0.0029754       0.0105507       0.2801732E-05   0.7606913                          
    16:pent gF a0.071232876   0.0029754       0.0105507       0.2801732E-05   0.7606913                          
    17:pent gF a0.098630136   0.0029754       0.0105507       0.2801732E-05   0.7606913                          
    18:pent gF a0.101369863   0.0029754       0.0105507       0.2801732E-05   0.7606913                          
    19:pent gF a0.106849315   0.0029754       0.0105507       0.2801732E-05   0.7606913                          
    20:pent gF a0.109589041   0.0029754       0.0105507       0.2801732E-05   0.7606913                          
    21:pent gF a0.120547945   0.0029754       0.0105507       0.2801732E-05   0.7606913                          

  Program  MARK  - Survival Rate Estimation with Capture-Recapture Data
   gfortran(dble) Vers. 9.0 Mar 2018    25-Mar-2020 21:12:01    Page  010
 - - - - - - - - - - - - - - - - - - - - - - - - - - - - - - - - - - - - - -
 
    22:pent gF a0.350684931   0.0029754       0.0105507       0.2801732E-05   0.7606913                          
    23:pent gF a0.358904109   0.0029754       0.0105507       0.2801732E-05   0.7606913                          
    24:pent gF a0.613698630   0.0029754       0.0105507       0.2801732E-05   0.7606913                          
    25:pent gF a0.638356164   0.0029754       0.0105507       0.2801732E-05   0.7606913                          
    26:pent gF a0.646575342   0.0029754       0.0105507       0.2801732E-05   0.7606913                          
    27:pent gF a0.649315068   0.0029754       0.0105507       0.2801732E-05   0.7606913                          
    28:pent gF a0.652054794   0.0029754       0.0105507       0.2801732E-05   0.7606913                          
    29:pent gF a0.704109589   0.0029754       0.0105507       0.2801732E-05   0.7606913                          
    30:pent gF a0.706849315   0.0029754       0.0105507       0.2801732E-05   0.7606913                          
    31:pent gF a0.709589041   0.0029754       0.0105507       0.2801732E-05   0.7606913                          
    32:pent gF a0.827397260   0.0029754       0.0105507       0.2801732E-05   0.7606913                          
    33:pent gF a1.402739726   0.0029754       0.0105507       0.2801732E-05   0.7606913                          
    34:pent gF a1.405479452   0.0029754       0.0105507       0.2801732E-05   0.7606913                          
    35:pent gF a1.408219178   0.0029754       0.0105507       0.2801732E-05   0.7606913                          
    36:pent gM a0.005479452   0.0029754       0.0105507       0.2801732E-05   0.7606913                          
    37:pent gM a0.008219178   0.0029754       0.0105507       0.2801732E-05   0.7606913                          
    38:pent gM a0.010958904   0.0029754       0.0105507       0.2801732E-05   0.7606913                          
    39:pent gM a0.016438356   0.0029754       0.0105507       0.2801732E-05   0.7606913                          
    40:pent gM a0.024657534   0.0029754       0.0105507       0.2801732E-05   0.7606913                          
    41:pent gM a0.027397260   0.0029754       0.0105507       0.2801732E-05   0.7606913                          
    42:pent gM a0.030136986   0.0029754       0.0105507       0.2801732E-05   0.7606913                          
    43:pent gM a0.035616438   0.0029754       0.0105507       0.2801732E-05   0.7606913                          
    44:pent gM a0.041095890   0.0029754       0.0105507       0.2801732E-05   0.7606913                          
    45:pent gM a0.049315068   0.0029754       0.0105507       0.2801732E-05   0.7606913                          
    46:pent gM a0.052054794   0.0029754       0.0105507       0.2801732E-05   0.7606913                          
    47:pent gM a0.065753424   0.0029754       0.0105507       0.2801732E-05   0.7606913                          
    48:pent gM a0.071232876   0.0029754       0.0105507       0.2801732E-05   0.7606913                          
    49:pent gM a0.098630136   0.0029754       0.0105507       0.2801732E-05   0.7606913                          
    50:pent gM a0.101369863   0.0029754       0.0105507       0.2801732E-05   0.7606913                          
    51:pent gM a0.106849315   0.0029754       0.0105507       0.2801732E-05   0.7606913                          
    52:pent gM a0.109589041   0.0029754       0.0105507       0.2801732E-05   0.7606913                          
    53:pent gM a0.120547945   0.0029754       0.0105507       0.2801732E-05   0.7606913                          
    54:pent gM a0.350684931   0.0029754       0.0105507       0.2801732E-05   0.7606913                          
    55:pent gM a0.358904109   0.0029754       0.0105507       0.2801732E-05   0.7606913                          
    56:pent gM a0.613698630   0.0029754       0.0105507       0.2801732E-05   0.7606913                          
    57:pent gM a0.638356164   0.0029754       0.0105507       0.2801732E-05   0.7606913                          
    58:pent gM a0.646575342   0.0029754       0.0105507       0.2801732E-05   0.7606913                          
    59:pent gM a0.649315068   0.0029754       0.0105507       0.2801732E-05   0.7606913                          
    60:pent gM a0.652054794   0.0029754       0.0105507       0.2801732E-05   0.7606913                          
    61:pent gM a0.704109589   0.0029754       0.0105507       0.2801732E-05   0.7606913                          
    62:pent gM a0.706849315   0.0029754       0.0105507       0.2801732E-05   0.7606913                          
    63:pent gM a0.709589041   0.0029754       0.0105507       0.2801732E-05   0.7606913                          
    64:pent gM a0.827397260   0.0029754       0.0105507       0.2801732E-05   0.7606913                          
    65:pent gM a1.402739726   0.0029754       0.0105507       0.2801732E-05   0.7606913                          
    66:pent gM a1.405479452   0.0029754       0.0105507       0.2801732E-05   0.7606913                          
    67:pent gM a1.408219178   0.0029754       0.0105507       0.2801732E-05   0.7606913                          

  Program  MARK  - Survival Rate Estimation with Capture-Recapture Data
   gfortran(dble) Vers. 9.0 Mar 2018    25-Mar-2020 21:12:01    Page  011
 - - - - - - - - - - - - - - - - - - - - - - - - - - - - - - - - - - - - - -
 


                      Estimates of Derived Parameters
    Gross Birth+Immigration Estimates of { Phi(~1)p(~1)pent(~1)N(~1) }
                                                95% Confidence Interval
 Grp. Occ.   B*-hat          Standard Error      Lower           Upper
 ---- ----   --------------  --------------  --------------  --------------
   1     1    0.0596623       0.2203609       0.0024054       1.4798226    
   1     2    0.0596184       0.2201805       0.0024039       1.4785969    
   1     3    0.0596184       0.2201805       0.0024039       1.4785969    
   1     4    0.0596623       0.2203609       0.0024054       1.4798226    
   1     5    0.0597063       0.2205414       0.0024070       1.4810488    
   1     6    0.0596184       0.2201805       0.0024039       1.4785969    
   1     7    0.0596184       0.2201805       0.0024039       1.4785969    
   1     8    0.0596623       0.2203609       0.0024054       1.4798226    
   1     9    0.0596623       0.2203609       0.0024054       1.4798226    
   1    10    0.0597063       0.2205414       0.0024070       1.4810488    
   1    11    0.0596184       0.2201805       0.0024039       1.4785969    
   1    12    0.0597943       0.2209028       0.0024101       1.4835034    
   1    13    0.0596623       0.2203609       0.0024054       1.4798226    
   1    14    0.0600147       0.2218079       0.0024179       1.4896519    
   1    15    0.0596184       0.2201805       0.0024039       1.4785969    
   1    16    0.0596623       0.2203609       0.0024054       1.4798226    
   1    17    0.0596184       0.2201805       0.0024039       1.4785969    
   1    18    0.0597503       0.2207221       0.0024085       1.4822758    
   1    19    0.0633392       0.2354939       0.0025349       1.5826391    
   1    20    0.0597063       0.2205414       0.0024070       1.4810488    
   1    21    0.0637516       0.2371955       0.0025494       1.5942025    
   1    22    0.0599706       0.2216267       0.0024163       1.4884208    
   1    23    0.0597063       0.2205414       0.0024070       1.4810488    
   1    24    0.0596184       0.2201805       0.0024039       1.4785969    
   1    25    0.0596184       0.2201805       0.0024039       1.4785969    
   1    26    0.0604127       0.2234434       0.0024319       1.5007620    
   1    27    0.0596184       0.2201805       0.0024039       1.4785969    
   1    28    0.0596184       0.2201805       0.0024039       1.4785969    
   1    29    0.0614827       0.2278439       0.0024696       1.5306586    
   1    30    0.0692712       0.2600455       0.0027427       1.7495281    
   1    31    0.0596184       0.2201805       0.0024039       1.4785969    
   1    32    0.0596184       0.2201805       0.0024039       1.4785969    
   2     1    0.0983995       0.3577153       0.0040381       2.3977819    
   2     2    0.0983271       0.3574220       0.0040355       2.3957923    
   2     3    0.0983271       0.3574220       0.0040355       2.3957923    
   2     4    0.0983995       0.3577153       0.0040381       2.3977819    
   2     5    0.0984720       0.3580088       0.0040407       2.3997726    
   2     6    0.0983271       0.3574220       0.0040355       2.3957923    

  Program  MARK  - Survival Rate Estimation with Capture-Recapture Data
   gfortran(dble) Vers. 9.0 Mar 2018    25-Mar-2020 21:12:01    Page  012
 - - - - - - - - - - - - - - - - - - - - - - - - - - - - - - - - - - - - - -
 
   2     7    0.0983271       0.3574220       0.0040355       2.3957923    
   2     8    0.0983995       0.3577153       0.0040381       2.3977819    
   2     9    0.0983995       0.3577153       0.0040381       2.3977819    
   2    10    0.0984720       0.3580088       0.0040407       2.3997726    
   2    11    0.0983271       0.3574220       0.0040355       2.3957923    
   2    12    0.0986172       0.3585962       0.0040459       2.4037573    
   2    13    0.0983995       0.3577153       0.0040381       2.3977819    
   2    14    0.0989806       0.3600675       0.0040589       2.4137385    
   2    15    0.0983271       0.3574220       0.0040355       2.3957923    
   2    16    0.0983995       0.3577153       0.0040381       2.3977819    
   2    17    0.0983271       0.3574220       0.0040355       2.3957923    
   2    18    0.0985446       0.3583024       0.0040433       2.4017644    
   2    19    0.1044638       0.3823154       0.0042550       2.5646988    
   2    20    0.0984720       0.3580088       0.0040407       2.3997726    
   2    21    0.1051439       0.3850816       0.0042792       2.5834724    
   2    22    0.0989079       0.3597729       0.0040563       2.4117401    
   2    23    0.0984720       0.3580088       0.0040407       2.3997726    
   2    24    0.0983271       0.3574220       0.0040355       2.3957923    
   2    25    0.0983271       0.3574220       0.0040355       2.3957923    
   2    26    0.0996371       0.3627260       0.0040824       2.4317746    
   2    27    0.0983271       0.3574220       0.0040355       2.3957923    
   2    28    0.0983271       0.3574220       0.0040355       2.3957923    
   2    29    0.1014017       0.3698795       0.0041456       2.4803093    
   2    30    0.1142471       0.4222300       0.0046029       2.8356661    
   2    31    0.0983271       0.3574220       0.0040355       2.3957923    
   2    32    0.0983271       0.3574220       0.0040355       2.3957923    

     Net Birth+Immigration Estimates of { Phi(~1)p(~1)pent(~1)N(~1) }
                                                95% Confidence Interval
 Grp. Occ.   B-hat           Standard Error      Lower           Upper
 ---- ----   --------------  --------------  --------------  --------------
   1     1    0.0595745       0.2200002       0.0024023       1.4773720    
   1     2    0.0595745       0.2200002       0.0024023       1.4773720    
   1     3    0.0595745       0.2200002       0.0024023       1.4773720    
   1     4    0.0595745       0.2200002       0.0024023       1.4773720    
   1     5    0.0595745       0.2200002       0.0024023       1.4773720    
   1     6    0.0595745       0.2200002       0.0024023       1.4773720    
   1     7    0.0595745       0.2200002       0.0024023       1.4773720    
   1     8    0.0595745       0.2200002       0.0024023       1.4773720    
   1     9    0.0595745       0.2200002       0.0024023       1.4773720    
   1    10    0.0595745       0.2200002       0.0024023       1.4773720    
   1    11    0.0595745       0.2200002       0.0024023       1.4773720    
   1    12    0.0595745       0.2200002       0.0024023       1.4773720    
   1    13    0.0595745       0.2200002       0.0024023       1.4773720    
   1    14    0.0595745       0.2200002       0.0024023       1.4773720    
   1    15    0.0595745       0.2200002       0.0024023       1.4773720    
   1    16    0.0595745       0.2200002       0.0024023       1.4773720    
   1    17    0.0595745       0.2200002       0.0024023       1.4773720    
   1    18    0.0595745       0.2200002       0.0024023       1.4773720    
   1    19    0.0595745       0.2200002       0.0024023       1.4773720    
   1    20    0.0595745       0.2200002       0.0024023       1.4773720    
   1    21    0.0595745       0.2200002       0.0024023       1.4773720    
   1    22    0.0595745       0.2200002       0.0024023       1.4773720    
   1    23    0.0595745       0.2200002       0.0024023       1.4773720    
   1    24    0.0595745       0.2200002       0.0024023       1.4773720    
   1    25    0.0595745       0.2200002       0.0024023       1.4773720    
   1    26    0.0595745       0.2200002       0.0024023       1.4773720    
   1    27    0.0595745       0.2200002       0.0024023       1.4773720    
   1    28    0.0595745       0.2200002       0.0024023       1.4773720    
   1    29    0.0595745       0.2200002       0.0024023       1.4773720    
   1    30    0.0595745       0.2200002       0.0024023       1.4773720    
   1    31    0.0595745       0.2200002       0.0024023       1.4773720    
   1    32    0.0595745       0.2200002       0.0024023       1.4773720    
   2     1    0.0982546       0.3571289       0.0040329       2.3938038    
   2     2    0.0982546       0.3571289       0.0040329       2.3938038    
   2     3    0.0982546       0.3571289       0.0040329       2.3938038    
   2     4    0.0982546       0.3571289       0.0040329       2.3938038    
   2     5    0.0982546       0.3571289       0.0040329       2.3938038    
   2     6    0.0982546       0.3571289       0.0040329       2.3938038    
   2     7    0.0982546       0.3571289       0.0040329       2.3938038    
   2     8    0.0982546       0.3571289       0.0040329       2.3938038    
   2     9    0.0982546       0.3571289       0.0040329       2.3938038    
   2    10    0.0982546       0.3571289       0.0040329       2.3938038    
   2    11    0.0982546       0.3571289       0.0040329       2.3938038    
   2    12    0.0982546       0.3571289       0.0040329       2.3938038    
   2    13    0.0982546       0.3571289       0.0040329       2.3938038    
   2    14    0.0982546       0.3571289       0.0040329       2.3938038    
   2    15    0.0982546       0.3571289       0.0040329       2.3938038    
   2    16    0.0982546       0.3571289       0.0040329       2.3938038    
   2    17    0.0982546       0.3571289       0.0040329       2.3938038    
   2    18    0.0982546       0.3571289       0.0040329       2.3938038    
   2    19    0.0982546       0.3571289       0.0040329       2.3938038    
   2    20    0.0982546       0.3571289       0.0040329       2.3938038    
   2    21    0.0982546       0.3571289       0.0040329       2.3938038    
   2    22    0.0982546       0.3571289       0.0040329       2.3938038    
   2    23    0.0982546       0.3571289       0.0040329       2.3938038    
   2    24    0.0982546       0.3571289       0.0040329       2.3938038    
   2    25    0.0982546       0.3571289       0.0040329       2.3938038    
   2    26    0.0982546       0.3571289       0.0040329       2.3938038    
   2    27    0.0982546       0.3571289       0.0040329       2.3938038    
   2    28    0.0982546       0.3571289       0.0040329       2.3938038    
   2    29    0.0982546       0.3571289       0.0040329       2.3938038    
   2    30    0.0982546       0.3571289       0.0040329       2.3938038    
   2    31    0.0982546       0.3571289       0.0040329       2.3938038    
   2    32    0.0982546       0.3571289       0.0040329       2.3938038    

          Population Estimates of { Phi(~1)p(~1)pent(~1)N(~1) }
                                                95% Confidence Interval
 Grp. Occ.   N-hat           Standard Error      Lower           Upper
 ---- ----   --------------  --------------  --------------  --------------
   1     1    18.115988       4.5008531       11.213439       29.267474    
   1     2    18.122228       4.3070961       11.446590       28.691088    
   1     3    18.155106       4.1132705       11.709895       28.147807    
   1     4    18.187935       3.9219576       11.976025       27.621936    
   1     5    18.193963       3.7361935       12.215994       27.097287    
   1     6    18.173250       3.5565330       12.428274       26.573843    
   1     7    18.206053       3.3743751       12.699261       26.100761    
   1     8    18.238808       3.1964147       12.970134       25.647701    
   1     9    18.244686       3.0264295       13.209718       25.198764    
   1    10    18.250546       2.8618281       13.446465       24.771004    
   1    11    18.229584       2.7066067       13.648409       24.348459    
   1    12    18.262304       2.5520605       13.905197       23.984683    
   1    13    18.187761       2.4183211       14.031152       23.575729    
   1    14    18.193789       2.2841269       14.238859       23.247224    
   1    15    17.987116       2.1845526       14.189222       22.801555    
   1    16    18.020193       2.0674097       14.401927       22.547494    
   1    17    18.026715       1.9684574       14.562697       22.314716    
   1    18    18.059734       1.8847793       14.727048       22.146595    
   1    19    18.013126       1.8243956       14.777346       21.957441    
   1    20    15.974653       2.1197784       12.330212       20.696281    

  Program  MARK  - Survival Rate Estimation with Capture-Recapture Data
   gfortran(dble) Vers. 9.0 Mar 2018    25-Mar-2020 21:12:01    Page  013
 - - - - - - - - - - - - - - - - - - - - - - - - - - - - - - - - - - - - - -
 
   1    21    15.963734       2.0434691       12.434124       20.495276    
   1    22    13.978061       2.5819515       9.7618391       20.015305    
   1    23    13.853401       2.5402483       9.6997469       19.785744    
   1    24    13.851842       2.4711529       9.7912738       19.596380    
   1    25    13.891011       2.4048448       9.9187219       19.454138    
   1    26    13.930122       2.3560838       10.022995       19.360311    
   1    27    13.604928       2.4203925       9.6258278       19.228898    
   1    28    13.644460       2.3978681       9.6939355       19.204925    
   1    29    13.683935       2.3940698       9.7366057       19.231556    
   1    30    12.902992       2.5702237       8.7655302       18.993398    
   1    31    9.5271699       3.3039898       4.9215876       18.442620    
   1    32    9.5727097       3.2424580       5.0176922       18.262733    
   1    33    9.6181824       3.1944420       5.1020489       18.131820    
   2     1    29.878223       8.7017506       17.079463       52.267933    
   2     2    29.888514       8.3617158       17.451660       51.188441    
   2     3    29.942739       8.0190260       17.875632       50.155856    
   2     4    29.996885       7.6776774       18.308580       49.147070    
   2     5    30.006826       7.3431705       18.703998       48.139955    
   2     6    29.972664       7.0166431       19.059268       47.135106    
   2     7    30.026766       6.6798357       19.517607       46.194528    
   2     8    30.080787       6.3449288       19.984469       45.277848    
   2     9    30.090481       6.0195691       20.408531       44.365616    
   2    10    30.100147       5.6970100       20.838934       43.477217    
   2    11    30.065574       5.3860247       21.221831       42.594757    
   2    12    30.119538       5.0610582       21.717544       41.772061    
   2    13    29.996596       4.7775043       21.996230       40.906818    
   2    14    30.006539       4.4698723       22.444549       40.116303    
   2    15    29.665678       4.2532307       22.430231       39.235105    
   2    16    29.720232       3.9451934       22.937758       38.508216    
   2    17    29.730987       3.6560545       23.384423       37.800017    
   2    18    29.785445       3.3639042       23.887676       37.139349    
   2    19    29.708576       3.1200599       24.195253       36.478208    
   2    20    26.346576       4.0455717       19.533442       35.536086    
   2    21    26.328567       3.8141273       19.849706       34.922101    
   2    22    23.053649       4.8575950       15.322352       34.685974    
   2    23    22.848050       4.7242363       15.299732       34.120427    
   2    24    22.845479       4.5304881       15.546067       33.572215    
   2    25    22.910080       4.3283620       15.871412       33.070262    
   2    26    22.974585       4.1458871       16.175954       32.630629    
   2    27    22.438250       4.2133621       15.578786       32.317992    
   2    28    22.503450       4.0692625       15.832933       31.984301    
   2    29    22.568555       3.9506067       16.055424       31.723837    
   2    30    21.280566       4.3204138       14.351914       31.554155    
   2    31    15.712911       5.7960068       7.8023945       31.643565    
   2    32    15.788019       5.6453701       7.9995140       31.159585    
   2    33    15.863016       5.5133094       8.1833702       30.749589    

       Gross Population Estimates of { Phi(~1)p(~1)pent(~1)N(~1) }
                                                95% Confidence Interval
 Grp. Occ.   N*-hat          Standard Error      Lower           Upper
 ---- ----   --------------  --------------  --------------  --------------

  Program  MARK  - Survival Rate Estimation with Capture-Recapture Data
   gfortran(dble) Vers. 9.0 Mar 2018    25-Mar-2020 21:12:01    Page  014
 - - - - - - - - - - - - - - - - - - - - - - - - - - - - - - - - - - - - - -
 
   1     0    20.045614       3.6123374       14.120462       28.457045    
   2     0    33.060704       3.6632673       26.624484       41.052822    

   CPU Time for the last procedure was 0.05 seconds.     


  INPUT --- proc stop;

     CPU Time in minutes for this job was 0.00

     Time Start = 21:12:00.806   Time End = 21:12:01.134

     Wall Clock Time in minutes for this job was 0.01


          E X E C U T I O N   S U C C E S S F U L 
