
   Program  MARK  - Survival Rate Estimation with Capture-Recapture Data
   gfortran(dble) Vers. 9.0 Mar 2018    25-Mar-2020 14:32:21    Page  001
 - - - - - - - - - - - - - - - - - - - - - - - - - - - - - - - - - - - - - -
 
   This version was compiled by GCC version 7.2.0 using the options: 
     -cpp -iprefix C:/Program Files/mingw-w64/x86_64-7.2.0-posix-seh-rt_v5-rev1/
     mingw64/bin/../lib/gcc/x86_64-w64-mingw32/7.2.0/ -D_MT -D_REENTRANT
     -U_REENTRANT -D IEEE -D DBLEPRECISION -m64 -mtune=core2 -march=nocona -mthreads
     -O2 -fimplicit-none -fbounds-check -funroll-loops -ftree-vectorize
     -ffpe-summary=invalid,zero,overflow,underflow -fno-unsafe-math-optimizations
     -frounding-math -fsignaling-nans -fopenmp.

   This problem will use 15 of 16 possible threads.


  INPUT --- proc title ;

   CPU Time for the last procedure was 0.01 seconds.     


  INPUT --- proc chmatrix occasions= 30 groups= 2 etype= POPAN Nodes= 
  INPUT --- 101 ICMeans NoHist hist= 41  ;

  INPUT ---    time interval 0.00547945205479452 0.00273972602739726 
  INPUT ---    0.00273972602739726 0.00547945205479452  
  INPUT ---    0.00821917808219178 0.00273972602739726 0.00273972602739726 
  INPUT ---    0.00547945205479452  0.00547945205479452 
  INPUT ---    0.00821917808219178 0.00273972602739726 0.0136986301369863 
  INPUT ---    0.00547945205479452  0.0273972602739726 0.00273972602739726 
  INPUT ---    0.00547945205479452 0.00273972602739726 0.010958904109589  
  INPUT ---    0.23013698630137 0.00821917808219178 0.254794520547945 
  INPUT ---    0.0246575342465753 0.00821917808219178  0.00273972602739726 
  INPUT ---    0.00273972602739726 0.0520547945205479 0.00273972602739726 
  INPUT ---    0.00273972602739726  0.117808219178082 ;

  INPUT ---    glabel(1)=sexF;

  INPUT ---    glabel(2)=sexM;

   * *  WARNING  * *   At least a pair of the encounter histories are duplicates. 

      Number of unique encounter histories read was 38.

      Number of individual covariates read was 0.
      Time interval lengths vary and/or not equal to 1.

      Data type number is 19
      Data type is POPAN                                                                                               

   CPU Time for the last procedure was 0.02 seconds.     

  Program  MARK  - Survival Rate Estimation with Capture-Recapture Data
   gfortran(dble) Vers. 9.0 Mar 2018    25-Mar-2020 14:32:21    Page  002
 - - - - - - - - - - - - - - - - - - - - - - - - - - - - - - - - - - - - - -
 


  INPUT --- proc estimate link=Parm-Specific NOLOOP varest=2ndPart    ;


  INPUT --- model={ Phi(~1)p(~sex)pent(~sex)N(~1) };

  INPUT ---    group=1 Phi    rows=1 cols=29 Square ;
  INPUT ---        1 1 1 1 1 1 1 1 1 1 1 1 1 1 1 1 1 1 1 1 1 1 1 1 1 1 1 1 1 ;

  INPUT ---    group=2 Phi    rows=1 cols=29 Square ;
  INPUT ---        1 1 1 1 1 1 1 1 1 1 1 1 1 1 1 1 1 1 1 1 1 1 1 1 1 1 1 1 1 ;

  INPUT ---    group=1 p    rows=1 cols=30 Square ;
  INPUT ---        2 2 2 2 2 2 2 2 2 2 2 2 2 2 2 2 2 2 2 2 2 2 2 2 2 2 2 2 2 
  INPUT ---       2 ;

  INPUT ---    group=2 p    rows=1 cols=30 Square ;
  INPUT ---        3 3 3 3 3 3 3 3 3 3 3 3 3 3 3 3 3 3 3 3 3 3 3 3 3 3 3 3 3 
  INPUT ---       3 ;

  INPUT ---    group=1 pent    rows=1 cols=29 Square ;
  INPUT ---        5 6 7 8 9 10 11 12 13 14 15 16 17 18 19 20 21 22 23 24 25 
  INPUT ---       26 27 28 29 30 31 32 33 ;

  INPUT ---    group=2 pent    rows=1 cols=29 Square ;
  INPUT ---        34 35 36 37 38 39 40 41 42 43 44 45 46 47 48 49 50 51 52 
  INPUT ---       53 54 55 56 57 58 59 60 61 62 ;

  INPUT ---    group=1 N    rows=1 cols=1 Square ;
  INPUT ---        4 ;

  INPUT ---    group=2 N    rows=1 cols=1 Square ;
  INPUT ---        4 ;

  INPUT ---    design matrix constraints=62 covariates=6;
  INPUT ---        1 0 0 0 0 0;
  INPUT ---        0 1 0 0 0 0;
  INPUT ---        0 1 1 0 0 0;
  INPUT ---        0 0 0 0 0 1;
  INPUT ---        0 0 0 1 0 0;
  INPUT ---        0 0 0 1 0 0;
  INPUT ---        0 0 0 1 0 0;
  INPUT ---        0 0 0 1 0 0;
  INPUT ---        0 0 0 1 0 0;
  INPUT ---        0 0 0 1 0 0;

  Program  MARK  - Survival Rate Estimation with Capture-Recapture Data
   gfortran(dble) Vers. 9.0 Mar 2018    25-Mar-2020 14:32:21    Page  003
 - - - - - - - - - - - - - - - - - - - - - - - - - - - - - - - - - - - - - -
 
  INPUT ---        0 0 0 1 0 0;
  INPUT ---        0 0 0 1 0 0;
  INPUT ---        0 0 0 1 0 0;
  INPUT ---        0 0 0 1 0 0;
  INPUT ---        0 0 0 1 0 0;
  INPUT ---        0 0 0 1 0 0;
  INPUT ---        0 0 0 1 0 0;
  INPUT ---        0 0 0 1 0 0;
  INPUT ---        0 0 0 1 0 0;
  INPUT ---        0 0 0 1 0 0;
  INPUT ---        0 0 0 1 0 0;
  INPUT ---        0 0 0 1 0 0;
  INPUT ---        0 0 0 1 0 0;
  INPUT ---        0 0 0 1 0 0;
  INPUT ---        0 0 0 1 0 0;
  INPUT ---        0 0 0 1 0 0;
  INPUT ---        0 0 0 1 0 0;
  INPUT ---        0 0 0 1 0 0;
  INPUT ---        0 0 0 1 0 0;
  INPUT ---        0 0 0 1 0 0;
  INPUT ---        0 0 0 1 0 0;
  INPUT ---        0 0 0 1 0 0;
  INPUT ---        0 0 0 1 0 0;
  INPUT ---        0 0 0 1 1 0;
  INPUT ---        0 0 0 1 1 0;
  INPUT ---        0 0 0 1 1 0;
  INPUT ---        0 0 0 1 1 0;
  INPUT ---        0 0 0 1 1 0;
  INPUT ---        0 0 0 1 1 0;
  INPUT ---        0 0 0 1 1 0;
  INPUT ---        0 0 0 1 1 0;
  INPUT ---        0 0 0 1 1 0;
  INPUT ---        0 0 0 1 1 0;
  INPUT ---        0 0 0 1 1 0;
  INPUT ---        0 0 0 1 1 0;
  INPUT ---        0 0 0 1 1 0;
  INPUT ---        0 0 0 1 1 0;
  INPUT ---        0 0 0 1 1 0;
  INPUT ---        0 0 0 1 1 0;
  INPUT ---        0 0 0 1 1 0;
  INPUT ---        0 0 0 1 1 0;
  INPUT ---        0 0 0 1 1 0;
  INPUT ---        0 0 0 1 1 0;
  INPUT ---        0 0 0 1 1 0;
  INPUT ---        0 0 0 1 1 0;
  INPUT ---        0 0 0 1 1 0;

  Program  MARK  - Survival Rate Estimation with Capture-Recapture Data
   gfortran(dble) Vers. 9.0 Mar 2018    25-Mar-2020 14:32:21    Page  004
 - - - - - - - - - - - - - - - - - - - - - - - - - - - - - - - - - - - - - -
 
  INPUT ---        0 0 0 1 1 0;
  INPUT ---        0 0 0 1 1 0;
  INPUT ---        0 0 0 1 1 0;
  INPUT ---        0 0 0 1 1 0;
  INPUT ---        0 0 0 1 1 0;
  INPUT ---        0 0 0 1 1 0;

  INPUT ---    links=62;

  INPUT ---    Logit;

  INPUT ---    Logit;

  INPUT ---    Logit;

  INPUT ---    Log;

  INPUT ---    mlogit(1);

  INPUT ---    mlogit(1);

  INPUT ---    mlogit(1);

  INPUT ---    mlogit(1);

  INPUT ---    mlogit(1);

  INPUT ---    mlogit(1);

  INPUT ---    mlogit(1);

  INPUT ---    mlogit(1);

  INPUT ---    mlogit(1);

  INPUT ---    mlogit(1);

  INPUT ---    mlogit(1);

  INPUT ---    mlogit(1);

  INPUT ---    mlogit(1);

  INPUT ---    mlogit(1);

  INPUT ---    mlogit(1);

  Program  MARK  - Survival Rate Estimation with Capture-Recapture Data
   gfortran(dble) Vers. 9.0 Mar 2018    25-Mar-2020 14:32:21    Page  005
 - - - - - - - - - - - - - - - - - - - - - - - - - - - - - - - - - - - - - -
 

  INPUT ---    mlogit(1);

  INPUT ---    mlogit(1);

  INPUT ---    mlogit(1);

  INPUT ---    mlogit(1);

  INPUT ---    mlogit(1);

  INPUT ---    mlogit(1);

  INPUT ---    mlogit(1);

  INPUT ---    mlogit(1);

  INPUT ---    mlogit(1);

  INPUT ---    mlogit(1);

  INPUT ---    mlogit(1);

  INPUT ---    mlogit(1);

  INPUT ---    mlogit(1);

  INPUT ---    mlogit(1);

  INPUT ---    mlogit(2);

  INPUT ---    mlogit(2);

  INPUT ---    mlogit(2);

  INPUT ---    mlogit(2);

  INPUT ---    mlogit(2);

  INPUT ---    mlogit(2);

  INPUT ---    mlogit(2);

  INPUT ---    mlogit(2);

  INPUT ---    mlogit(2);

  Program  MARK  - Survival Rate Estimation with Capture-Recapture Data
   gfortran(dble) Vers. 9.0 Mar 2018    25-Mar-2020 14:32:21    Page  006
 - - - - - - - - - - - - - - - - - - - - - - - - - - - - - - - - - - - - - -
 

  INPUT ---    mlogit(2);

  INPUT ---    mlogit(2);

  INPUT ---    mlogit(2);

  INPUT ---    mlogit(2);

  INPUT ---    mlogit(2);

  INPUT ---    mlogit(2);

  INPUT ---    mlogit(2);

  INPUT ---    mlogit(2);

  INPUT ---    mlogit(2);

  INPUT ---    mlogit(2);

  INPUT ---    mlogit(2);

  INPUT ---    mlogit(2);

  INPUT ---    mlogit(2);

  INPUT ---    mlogit(2);

  INPUT ---    mlogit(2);

  INPUT ---    mlogit(2);

  INPUT ---    mlogit(2);

  INPUT ---    mlogit(2);

  INPUT ---    mlogit(2);

  INPUT ---    mlogit(2);
  INPUT ---       blabel(1)=Phi:(Intercept);
  INPUT ---       blabel(2)=p:(Intercept);
  INPUT ---       blabel(3)=p:sexM;
  INPUT ---       blabel(4)=pent:(Intercept);
  INPUT ---       blabel(5)=pent:sexM;
  INPUT ---       blabel(6)=N:(Intercept);

  Program  MARK  - Survival Rate Estimation with Capture-Recapture Data
   gfortran(dble) Vers. 9.0 Mar 2018    25-Mar-2020 14:32:21    Page  007
 - - - - - - - - - - - - - - - - - - - - - - - - - - - - - - - - - - - - - -
 
  INPUT ---       rlabel(1)=Phi gF a0 t1;
  INPUT ---       rlabel(2)=p gF a0 t1;
  INPUT ---       rlabel(3)=p gM a0 t1;
  INPUT ---       rlabel(4)=N gF a0 t1;
  INPUT ---       rlabel(5)=pent gF a0.00547945205479452 t1.00547945205479;
  INPUT ---       rlabel(6)=pent gF a0.00821917808219178 t1.00821917808219;
  INPUT ---       rlabel(7)=pent gF a0.010958904109589 t1.01095890410959;
  INPUT ---       rlabel(8)=pent gF a0.0164383561643836 t1.01643835616438;
  INPUT ---       rlabel(9)=pent gF a0.0246575342465753 t1.02465753424658;
  INPUT ---       rlabel(10)=pent gF a0.0273972602739726 t1.02739726027397;
  INPUT ---       rlabel(11)=pent gF a0.0301369863013699 t1.03013698630137;
  INPUT ---       rlabel(12)=pent gF a0.0356164383561644 t1.03561643835616;
  INPUT ---       rlabel(13)=pent gF a0.0410958904109589 t1.04109589041096;
  INPUT ---       rlabel(14)=pent gF a0.0493150684931507 t1.04931506849315;
  INPUT ---       rlabel(15)=pent gF a0.0520547945205479 t1.05205479452055;
  INPUT ---       rlabel(16)=pent gF a0.0657534246575342 t1.06575342465753;
  INPUT ---       rlabel(17)=pent gF a0.0712328767123288 t1.07123287671233;
  INPUT ---       rlabel(18)=pent gF a0.0986301369863014 t1.0986301369863;
  INPUT ---       rlabel(19)=pent gF a0.101369863013699 t1.1013698630137;
  INPUT ---       rlabel(20)=pent gF a0.106849315068493 t1.10684931506849;
  INPUT ---       rlabel(21)=pent gF a0.10958904109589 t1.10958904109589;
  INPUT ---       rlabel(22)=pent gF a0.120547945205479 t1.12054794520548;
  INPUT ---       rlabel(23)=pent gF a0.350684931506849 t1.35068493150685;
  INPUT ---       rlabel(24)=pent gF a0.358904109589041 t1.35890410958904;
  INPUT ---       rlabel(25)=pent gF a0.613698630136986 t1.61369863013699;
  INPUT ---       rlabel(26)=pent gF a0.638356164383562 t1.63835616438356;
  INPUT ---       rlabel(27)=pent gF a0.646575342465753 t1.64657534246575;
  INPUT ---       rlabel(28)=pent gF a0.649315068493151 t1.64931506849315;
  INPUT ---       rlabel(29)=pent gF a0.652054794520548 t1.65205479452055;
  INPUT ---       rlabel(30)=pent gF a0.704109589041096 t1.7041095890411;
  INPUT ---       rlabel(31)=pent gF a0.706849315068493 t1.70684931506849;
  INPUT ---       rlabel(32)=pent gF a0.70958904109589 t1.70958904109589;
  INPUT ---       rlabel(33)=pent gF a0.827397260273973 t1.82739726027397;
  INPUT ---       rlabel(34)=pent gM a0.00547945205479452 t1.00547945205479;
  INPUT ---       rlabel(35)=pent gM a0.00821917808219178 t1.00821917808219;
  INPUT ---       rlabel(36)=pent gM a0.010958904109589 t1.01095890410959;
  INPUT ---       rlabel(37)=pent gM a0.0164383561643836 t1.01643835616438;
  INPUT ---       rlabel(38)=pent gM a0.0246575342465753 t1.02465753424658;
  INPUT ---       rlabel(39)=pent gM a0.0273972602739726 t1.02739726027397;
  INPUT ---       rlabel(40)=pent gM a0.0301369863013699 t1.03013698630137;
  INPUT ---       rlabel(41)=pent gM a0.0356164383561644 t1.03561643835616;
  INPUT ---       rlabel(42)=pent gM a0.0410958904109589 t1.04109589041096;
  INPUT ---       rlabel(43)=pent gM a0.0493150684931507 t1.04931506849315;
  INPUT ---       rlabel(44)=pent gM a0.0520547945205479 t1.05205479452055;
  INPUT ---       rlabel(45)=pent gM a0.0657534246575342 t1.06575342465753;
  INPUT ---       rlabel(46)=pent gM a0.0712328767123288 t1.07123287671233;

  Program  MARK  - Survival Rate Estimation with Capture-Recapture Data
   gfortran(dble) Vers. 9.0 Mar 2018    25-Mar-2020 14:32:21    Page  008
 - - - - - - - - - - - - - - - - - - - - - - - - - - - - - - - - - - - - - -
 
  INPUT ---       rlabel(47)=pent gM a0.0986301369863014 t1.0986301369863;
  INPUT ---       rlabel(48)=pent gM a0.101369863013699 t1.1013698630137;
  INPUT ---       rlabel(49)=pent gM a0.106849315068493 t1.10684931506849;
  INPUT ---       rlabel(50)=pent gM a0.10958904109589 t1.10958904109589;
  INPUT ---       rlabel(51)=pent gM a0.120547945205479 t1.12054794520548;
  INPUT ---       rlabel(52)=pent gM a0.350684931506849 t1.35068493150685;
  INPUT ---       rlabel(53)=pent gM a0.358904109589041 t1.35890410958904;
  INPUT ---       rlabel(54)=pent gM a0.613698630136986 t1.61369863013699;
  INPUT ---       rlabel(55)=pent gM a0.638356164383562 t1.63835616438356;
  INPUT ---       rlabel(56)=pent gM a0.646575342465753 t1.64657534246575;
  INPUT ---       rlabel(57)=pent gM a0.649315068493151 t1.64931506849315;
  INPUT ---       rlabel(58)=pent gM a0.652054794520548 t1.65205479452055;
  INPUT ---       rlabel(59)=pent gM a0.704109589041096 t1.7041095890411;
  INPUT ---       rlabel(60)=pent gM a0.706849315068493 t1.70684931506849;
  INPUT ---       rlabel(61)=pent gM a0.70958904109589 t1.70958904109589;
  INPUT ---       rlabel(62)=pent gM a0.827397260273973 t1.82739726027397;

 Link Function Used is PARM-SPECIFIC

 Variance Estimation Procedure Used is 2ndPart 

 M(t+1):
      16     29



 Group: 1

 U(t)+UL(t):
       0    2    2    0    1    0    3    1    1    0    0    0    0    0    1
       0    0    0    2    1    1    0    0    0    1    0    0    0    0    0

 U(t):
       0    2    2    0    1    0    3    1    1    0    0    0    0    0    1
       0    0    0    2    1    1    0    0    0    1    0    0    0    0    0

 UL(t):
       0    0    0    0    0    0    0    0    0    0    0    0    0    0    0
       0    0    0    0    0    0    0    0    0    0    0    0    0    0    0

 Not Released(t):
       0    0    0    0    0    0    0    0    0    0    0    0    0    0    0
       0    0    0    0    0    0    0    0    0    0    0    0    0    0    0

 Group: 2

 U(t)+UL(t):
       3    0    1    1    1    1    1    0    1    1    2    1    3    3    1
       1    0    2    3    1    0    0    1    0    0    0    0    0    0    1

 U(t):
       3    0    1    1    1    1    1    0    1    1    2    1    3    3    1
       1    0    2    3    1    0    0    1    0    0    0    0    0    0    1

 UL(t):
       0    0    0    0    0    0    0    0    0    0    0    0    0    0    0
       0    0    0    0    0    0    0    0    0    0    0    0    0    0    0

 Not Released(t):
       0    0    0    0    0    0    0    0    0    0    0    0    0    0    0
       0    0    0    0    0    0    0    0    0    0    0    0    0    0    0
 -2logL(saturated) = 272.93564     
 Effective Sample Size = 98

 Number of function evaluations was 29 for 6 parameters.
 Time for numerical optimization was 0.11 seconds.     
 -2logL { Phi(~1)p(~sex)pent(~sex)N(~1) } = 513.80127     
 Penalty { Phi(~1)p(~sex)pent(~sex)N(~1) } = 0.0000000     
 Gradient { Phi(~1)p(~sex)pent(~sex)N(~1) }:
  0.1066291E-04 -0.2146738E-04  0.9756044E-05  0.1885461E-05   0.000000    
   0.000000    
 Maximum ABS(G) { Phi(~1)p(~sex)pent(~sex)N(~1) } = 0.2146738E-04 
 S Vector { Phi(~1)p(~sex)pent(~sex)N(~1) }:
   116.7761      13.34426      5.727253      2.232980     0.8647671    
  0.1341048E-02
 Time to compute number of parameters was 0.01 seconds.     
 Ratio Threshold = 50.000000       Max Gap (5/6) = 644.84436       Next Max Gap (1/2) = 8.7510364     
 Gap Method for Num. of Estimated Parameters { Phi(~1)p(~sex)pent(~sex)N(~1) } = 5          
 Threshold { Phi(~1)p(~sex)pent(~sex)N(~1) } = 0.4293476E-04                 
 Numerical Threshold Method for Num. of Estimated Parameters { Phi(~1)p(~sex)pent(~sex)N(~1) } = 6          
 Number of Estimated Parameters { Phi(~1)p(~sex)pent(~sex)N(~1) } = 6          

   * *  WARNING  * *   Number of parameters estimated from gap method (=5) and threshold method (=6) differ.  Inspect full output.                                                                                                                                                                                                                                                                                                                                                                                                                      
 Ratios of S Vector { Phi(~1)p(~sex)pent(~sex)N(~1) }:
   1/2    8.751036       2/3    2.329959       3/4    2.564847       4/5    2.582175       5/6    644.8444    
 DEVIANCE { Phi(~1)p(~sex)pent(~sex)N(~1) } = 240.86562                     
 DEVIANCE Degrees of Freedom { Phi(~1)p(~sex)pent(~sex)N(~1) } = 35            
 c-hat { Phi(~1)p(~sex)pent(~sex)N(~1) } = 6.8818750                     
 AIC { Phi(~1)p(~sex)pent(~sex)N(~1) } = 525.80127                  
 AICc { Phi(~1)p(~sex)pent(~sex)N(~1) } = 526.72434                    
 BIC { Phi(~1)p(~sex)pent(~sex)N(~1) } = 541.31107                    
 Pearson Chisquare { Phi(~1)p(~sex)pent(~sex)N(~1) } = 181341.62                  
 Possible Encounter Histories { Phi(~1)p(~sex)pent(~sex)N(~1) } = 2147483646             
 Pearson Chisquare df { Phi(~1)p(~sex)pent(~sex)N(~1) } = 2147483638        
 Pearson chat { Phi(~1)p(~sex)pent(~sex)N(~1) } = 0.8444377E-04              
 Sum(Observed/Expected) { Phi(~1)p(~sex)pent(~sex)N(~1) } = 181125.72                  
 Fletcher chat { Phi(~1)p(~sex)pent(~sex)N(~1) } = 1.0011920                  

  Program  MARK  - Survival Rate Estimation with Capture-Recapture Data
   gfortran(dble) Vers. 9.0 Mar 2018    25-Mar-2020 14:32:21    Page  009
 - - - - - - - - - - - - - - - - - - - - - - - - - - - - - - - - - - - - - -
 


              PARM-SPECIFIC Link Function Parameters of { Phi(~1)p(~sex)pent(~sex)N(~1) }
                                                              95% Confidence Interval
 Parameter                    Beta         Standard Error      Lower           Upper
 -------------------------  --------------  --------------  --------------  --------------
    1:Phi:(Intercept)        0.4310157       1.0317340      -1.5911830       2.4532144    
    2:p:(Intercept)         -2.9093421       0.3043494      -3.5058669      -2.3128173    
    3:p:sexM                 0.5640345       0.3319767      -0.0866398       1.2147088    
    4:pent:(Intercept)      -7.0928706       19.526844      -45.365485       31.179744    
    5:pent:sexM              3.2910292       19.094561      -34.134312       40.716370    
    6:N:(Intercept)          1.8496065       0.6169925       0.6403012       3.0589117    


              Real Function Parameters of { Phi(~1)p(~sex)pent(~sex)N(~1) }
                                                               95% Confidence Interval
  Parameter                  Estimate       Standard Error      Lower           Upper
 --------------------------  --------------  --------------  --------------  --------------
     1:Phi gF a0 t1           0.6061162       0.2463155       0.1692175       0.9207962                          
     2:p gF a0 t1             0.0516937       0.0149196       0.0291458       0.0900670                          
     3:p gM a0 t1             0.0874395       0.0165925       0.0599245       0.1258963                          
     4:N gF a0 t1             22.357317       3.9224168       18.088423       35.352150                          
     5:pent gF a0.005479452   0.8114530E-03   0.0154722       0.4634374E-19   1.0000000                          
     6:pent gF a0.008219178   0.8114530E-03   0.0154722       0.4634374E-19   1.0000000                          
     7:pent gF a0.010958904   0.8114530E-03   0.0154722       0.4634374E-19   1.0000000                          
     8:pent gF a0.016438356   0.8114530E-03   0.0154722       0.4634374E-19   1.0000000                          
     9:pent gF a0.024657534   0.8114530E-03   0.0154722       0.4634374E-19   1.0000000                          
    10:pent gF a0.027397260   0.8114530E-03   0.0154722       0.4634374E-19   1.0000000                          
    11:pent gF a0.030136986   0.8114530E-03   0.0154722       0.4634374E-19   1.0000000                          
    12:pent gF a0.035616438   0.8114530E-03   0.0154722       0.4634374E-19   1.0000000                          
    13:pent gF a0.041095890   0.8114530E-03   0.0154722       0.4634374E-19   1.0000000                          
    14:pent gF a0.049315068   0.8114530E-03   0.0154722       0.4634374E-19   1.0000000                          
    15:pent gF a0.052054794   0.8114530E-03   0.0154722       0.4634374E-19   1.0000000                          
    16:pent gF a0.065753424   0.8114530E-03   0.0154722       0.4634374E-19   1.0000000                          
    17:pent gF a0.071232876   0.8114530E-03   0.0154722       0.4634374E-19   1.0000000                          
    18:pent gF a0.098630136   0.8114530E-03   0.0154722       0.4634374E-19   1.0000000                          
    19:pent gF a0.101369863   0.8114530E-03   0.0154722       0.4634374E-19   1.0000000                          
    20:pent gF a0.106849315   0.8114530E-03   0.0154722       0.4634374E-19   1.0000000                          
    21:pent gF a0.109589041   0.8114530E-03   0.0154722       0.4634374E-19   1.0000000                          
    22:pent gF a0.120547945   0.8114530E-03   0.0154722       0.4634374E-19   1.0000000                          
    23:pent gF a0.350684931   0.8114530E-03   0.0154722       0.4634374E-19   1.0000000                          
    24:pent gF a0.358904109   0.8114530E-03   0.0154722       0.4634374E-19   1.0000000                          
    25:pent gF a0.613698630   0.8114530E-03   0.0154722       0.4634374E-19   1.0000000                          
    26:pent gF a0.638356164   0.8114530E-03   0.0154722       0.4634374E-19   1.0000000                          
    27:pent gF a0.646575342   0.8114530E-03   0.0154722       0.4634374E-19   1.0000000                          
    28:pent gF a0.649315068   0.8114530E-03   0.0154722       0.4634374E-19   1.0000000                          

  Program  MARK  - Survival Rate Estimation with Capture-Recapture Data
   gfortran(dble) Vers. 9.0 Mar 2018    25-Mar-2020 14:32:21    Page  010
 - - - - - - - - - - - - - - - - - - - - - - - - - - - - - - - - - - - - - -
 
    29:pent gF a0.652054794   0.8114530E-03   0.0154722       0.4634374E-19   1.0000000                          
    30:pent gF a0.704109589   0.8114530E-03   0.0154722       0.4634374E-19   1.0000000                          
    31:pent gF a0.706849315   0.8114530E-03   0.0154722       0.4634374E-19   1.0000000                          
    32:pent gF a0.709589041   0.8114530E-03   0.0154722       0.4634374E-19   1.0000000                          
    33:pent gF a0.827397260   0.8114530E-03   0.0154722       0.4634374E-19   1.0000000                          
    34:pent gM a0.005479452   0.0135532       0.0096771       0.0033144       0.0537172                          
    35:pent gM a0.008219178   0.0135532       0.0096771       0.0033144       0.0537172                          
    36:pent gM a0.010958904   0.0135532       0.0096771       0.0033144       0.0537172                          
    37:pent gM a0.016438356   0.0135532       0.0096771       0.0033144       0.0537172                          
    38:pent gM a0.024657534   0.0135532       0.0096771       0.0033144       0.0537172                          
    39:pent gM a0.027397260   0.0135532       0.0096771       0.0033144       0.0537172                          
    40:pent gM a0.030136986   0.0135532       0.0096771       0.0033144       0.0537172                          
    41:pent gM a0.035616438   0.0135532       0.0096771       0.0033144       0.0537172                          
    42:pent gM a0.041095890   0.0135532       0.0096771       0.0033144       0.0537172                          
    43:pent gM a0.049315068   0.0135532       0.0096771       0.0033144       0.0537172                          
    44:pent gM a0.052054794   0.0135532       0.0096771       0.0033144       0.0537172                          
    45:pent gM a0.065753424   0.0135532       0.0096771       0.0033144       0.0537172                          
    46:pent gM a0.071232876   0.0135532       0.0096771       0.0033144       0.0537172                          
    47:pent gM a0.098630136   0.0135532       0.0096771       0.0033144       0.0537172                          
    48:pent gM a0.101369863   0.0135532       0.0096771       0.0033144       0.0537172                          
    49:pent gM a0.106849315   0.0135532       0.0096771       0.0033144       0.0537172                          
    50:pent gM a0.109589041   0.0135532       0.0096771       0.0033144       0.0537172                          
    51:pent gM a0.120547945   0.0135532       0.0096771       0.0033144       0.0537172                          
    52:pent gM a0.350684931   0.0135532       0.0096771       0.0033144       0.0537172                          
    53:pent gM a0.358904109   0.0135532       0.0096771       0.0033144       0.0537172                          
    54:pent gM a0.613698630   0.0135532       0.0096771       0.0033144       0.0537172                          
    55:pent gM a0.638356164   0.0135532       0.0096771       0.0033144       0.0537172                          
    56:pent gM a0.646575342   0.0135532       0.0096771       0.0033144       0.0537172                          
    57:pent gM a0.649315068   0.0135532       0.0096771       0.0033144       0.0537172                          
    58:pent gM a0.652054794   0.0135532       0.0096771       0.0033144       0.0537172                          
    59:pent gM a0.704109589   0.0135532       0.0096771       0.0033144       0.0537172                          
    60:pent gM a0.706849315   0.0135532       0.0096771       0.0033144       0.0537172                          
    61:pent gM a0.709589041   0.0135532       0.0096771       0.0033144       0.0537172                          
    62:pent gM a0.827397260   0.0135532       0.0096771       0.0033144       0.0537172                          


                      Estimates of Derived Parameters
  Gross Birth+Immigration Estimates of { Phi(~1)p(~sex)pent(~sex)N(~1) }
                                                95% Confidence Interval
 Grp. Occ.   B*-hat          Standard Error      Lower           Upper
 ---- ----   --------------  --------------  --------------  --------------
   1     1    0.0181668       0.3482470       0.1548966E-03   2.1306668    
   1     2    0.0181544       0.3480037       0.1547920E-03   2.1291840    
   1     3    0.0181544       0.3480037       0.1547920E-03   2.1291840    
   1     4    0.0181668       0.3482470       0.1548966E-03   2.1306668    

  Program  MARK  - Survival Rate Estimation with Capture-Recapture Data
   gfortran(dble) Vers. 9.0 Mar 2018    25-Mar-2020 14:32:21    Page  011
 - - - - - - - - - - - - - - - - - - - - - - - - - - - - - - - - - - - - - -
 
   1     5    0.0181793       0.3484903       0.1550012E-03   2.1321503    
   1     6    0.0181544       0.3480037       0.1547920E-03   2.1291840    
   1     7    0.0181544       0.3480037       0.1547920E-03   2.1291840    
   1     8    0.0181668       0.3482470       0.1548966E-03   2.1306668    
   1     9    0.0181668       0.3482470       0.1548966E-03   2.1306668    
   1    10    0.0181793       0.3484903       0.1550012E-03   2.1321503    
   1    11    0.0181544       0.3480037       0.1547920E-03   2.1291840    
   1    12    0.0182042       0.3489774       0.1552105E-03   2.1351194    
   1    13    0.0181668       0.3482470       0.1548966E-03   2.1306668    
   1    14    0.0182666       0.3501971       0.1557345E-03   2.1425542    
   1    15    0.0181544       0.3480037       0.1547920E-03   2.1291840    
   1    16    0.0181668       0.3482470       0.1548966E-03   2.1306668    
   1    17    0.0181544       0.3480037       0.1547920E-03   2.1291840    
   1    18    0.0181917       0.3487338       0.1551058E-03   2.1336345    
   1    19    0.0192072       0.3685800       0.1636280E-03   2.2546022    
   1    20    0.0181793       0.3484903       0.1550012E-03   2.1321503    
   1    21    0.0193237       0.3708581       0.1646056E-03   2.2684868    
   1    22    0.0182541       0.3499529       0.1556296E-03   2.1410659    
   1    23    0.0181793       0.3484903       0.1550012E-03   2.1321503    
   1    24    0.0181544       0.3480037       0.1547920E-03   2.1291840    
   1    25    0.0181544       0.3480037       0.1547920E-03   2.1291840    
   1    26    0.0183794       0.3523997       0.1566808E-03   2.1559802    
   1    27    0.0181544       0.3480037       0.1547920E-03   2.1291840    
   1    28    0.0181544       0.3480037       0.1547920E-03   2.1291840    
   1    29    0.0186822       0.3583181       0.1592228E-03   2.1920557    
   2     1    0.4798608       0.3783074       0.1228314       1.8746532    
   2     2    0.4795319       0.3779045       0.1227977       1.8725993    
   2     3    0.4795319       0.3779045       0.1227977       1.8725993    
   2     4    0.4798608       0.3783074       0.1228314       1.8746532    
   2     5    0.4801898       0.3787107       0.1228652       1.8767094    
   2     6    0.4795319       0.3779045       0.1227977       1.8725993    
   2     7    0.4795319       0.3779045       0.1227977       1.8725993    
   2     8    0.4798608       0.3783074       0.1228314       1.8746532    
   2     9    0.4798608       0.3783074       0.1228314       1.8746532    
   2    10    0.4801898       0.3787107       0.1228652       1.8767094    
   2    11    0.4795319       0.3779045       0.1227977       1.8725993    
   2    12    0.4808483       0.3795185       0.1229326       1.8808281    
   2    13    0.4798608       0.3783074       0.1228314       1.8746532    
   2    14    0.4824973       0.3815447       0.1231008       1.8911626    
   2    15    0.4795319       0.3779045       0.1227977       1.8725993    
   2    16    0.4798608       0.3783074       0.1228314       1.8746532    
   2    17    0.4795319       0.3779045       0.1227977       1.8725993    
   2    18    0.4805190       0.3791144       0.1228989       1.8787676    
   2    19    0.5073415       0.4126468       0.1255322       2.0504332    
   2    20    0.4801898       0.3787107       0.1228652       1.8767094    
   2    21    0.5104191       0.4165712       0.1258216       2.0706121    

  Program  MARK  - Survival Rate Estimation with Capture-Recapture Data
   gfortran(dble) Vers. 9.0 Mar 2018    25-Mar-2020 14:32:21    Page  012
 - - - - - - - - - - - - - - - - - - - - - - - - - - - - - - - - - - - - - -
 
   2    22    0.4821672       0.3811387       0.1230672       1.8890914    
   2    23    0.4801898       0.3787107       0.1228652       1.8767094    
   2    24    0.4795319       0.3779045       0.1227977       1.8725993    
   2    25    0.4795319       0.3779045       0.1227977       1.8725993    
   2    26    0.4854750       0.3852159       0.1234022       1.9099009    
   2    27    0.4795319       0.3779045       0.1227977       1.8725993    
   2    28    0.4795319       0.3779045       0.1227977       1.8725993    
   2    29    0.4934749       0.3951571       0.1241976       1.9607254    

   Net Birth+Immigration Estimates of { Phi(~1)p(~sex)pent(~sex)N(~1) }
                                                95% Confidence Interval
 Grp. Occ.   B-hat           Standard Error      Lower           Upper
 ---- ----   --------------  --------------  --------------  --------------
   1     1    0.0181419       0.3477606       0.1546876E-03   2.1277018    
   1     2    0.0181419       0.3477606       0.1546876E-03   2.1277018    
   1     3    0.0181419       0.3477606       0.1546876E-03   2.1277018    
   1     4    0.0181419       0.3477606       0.1546876E-03   2.1277018    
   1     5    0.0181419       0.3477606       0.1546876E-03   2.1277018    
   1     6    0.0181419       0.3477606       0.1546876E-03   2.1277018    
   1     7    0.0181419       0.3477606       0.1546876E-03   2.1277018    
   1     8    0.0181419       0.3477606       0.1546876E-03   2.1277018    
   1     9    0.0181419       0.3477606       0.1546876E-03   2.1277018    
   1    10    0.0181419       0.3477606       0.1546876E-03   2.1277018    
   1    11    0.0181419       0.3477606       0.1546876E-03   2.1277018    
   1    12    0.0181419       0.3477606       0.1546876E-03   2.1277018    
   1    13    0.0181419       0.3477606       0.1546876E-03   2.1277018    
   1    14    0.0181419       0.3477606       0.1546876E-03   2.1277018    
   1    15    0.0181419       0.3477606       0.1546876E-03   2.1277018    
   1    16    0.0181419       0.3477606       0.1546876E-03   2.1277018    
   1    17    0.0181419       0.3477606       0.1546876E-03   2.1277018    
   1    18    0.0181419       0.3477606       0.1546876E-03   2.1277018    
   1    19    0.0181419       0.3477606       0.1546876E-03   2.1277018    
   1    20    0.0181419       0.3477606       0.1546876E-03   2.1277018    
   1    21    0.0181419       0.3477606       0.1546876E-03   2.1277018    
   1    22    0.0181419       0.3477606       0.1546876E-03   2.1277018    
   1    23    0.0181419       0.3477606       0.1546876E-03   2.1277018    
   1    24    0.0181419       0.3477606       0.1546876E-03   2.1277018    
   1    25    0.0181419       0.3477606       0.1546876E-03   2.1277018    
   1    26    0.0181419       0.3477606       0.1546876E-03   2.1277018    
   1    27    0.0181419       0.3477606       0.1546876E-03   2.1277018    
   1    28    0.0181419       0.3477606       0.1546876E-03   2.1277018    
   1    29    0.0181419       0.3477606       0.1546876E-03   2.1277018    
   2     1    0.4792031       0.3775019       0.1227639       1.8705475    
   2     2    0.4792031       0.3775019       0.1227639       1.8705475    
   2     3    0.4792031       0.3775019       0.1227639       1.8705475    
   2     4    0.4792031       0.3775019       0.1227639       1.8705475    
   2     5    0.4792031       0.3775019       0.1227639       1.8705475    
   2     6    0.4792031       0.3775019       0.1227639       1.8705475    
   2     7    0.4792031       0.3775019       0.1227639       1.8705475    
   2     8    0.4792031       0.3775019       0.1227639       1.8705475    
   2     9    0.4792031       0.3775019       0.1227639       1.8705475    
   2    10    0.4792031       0.3775019       0.1227639       1.8705475    
   2    11    0.4792031       0.3775019       0.1227639       1.8705475    
   2    12    0.4792031       0.3775019       0.1227639       1.8705475    
   2    13    0.4792031       0.3775019       0.1227639       1.8705475    
   2    14    0.4792031       0.3775019       0.1227639       1.8705475    
   2    15    0.4792031       0.3775019       0.1227639       1.8705475    
   2    16    0.4792031       0.3775019       0.1227639       1.8705475    
   2    17    0.4792031       0.3775019       0.1227639       1.8705475    
   2    18    0.4792031       0.3775019       0.1227639       1.8705475    
   2    19    0.4792031       0.3775019       0.1227639       1.8705475    
   2    20    0.4792031       0.3775019       0.1227639       1.8705475    
   2    21    0.4792031       0.3775019       0.1227639       1.8705475    
   2    22    0.4792031       0.3775019       0.1227639       1.8705475    
   2    23    0.4792031       0.3775019       0.1227639       1.8705475    
   2    24    0.4792031       0.3775019       0.1227639       1.8705475    
   2    25    0.4792031       0.3775019       0.1227639       1.8705475    
   2    26    0.4792031       0.3775019       0.1227639       1.8705475    
   2    27    0.4792031       0.3775019       0.1227639       1.8705475    
   2    28    0.4792031       0.3775019       0.1227639       1.8705475    
   2    29    0.4792031       0.3775019       0.1227639       1.8705475    

        Population Estimates of { Phi(~1)p(~sex)pent(~sex)N(~1) }
                                                95% Confidence Interval
 Grp. Occ.   N-hat           Standard Error      Lower           Upper
 ---- ----   --------------  --------------  --------------  --------------
   1     1    21.831202       8.4318311       10.511698       45.340094    
   1     2    21.789532       8.1018760       10.763018       44.112510    
   1     3    21.777805       7.7787422       11.042075       42.951420    
   1     4    21.766094       7.4582645       11.328259       41.821331    
   1     5    21.724603       7.1371431       11.599447       40.688009    
   1     6    21.653528       6.8162792       11.854390       39.552881    
   1     7    21.641987       6.5051525       12.160474       38.516228    
   1     8    21.630462       6.1981376       12.472345       37.513147    
   1     9    21.589343       5.8933333       12.765601       36.512164    
   1    10    21.548336       5.5938588       13.062734       35.546218    
   1    11    21.477985       5.2985284       13.338150       34.585293    
   1    12    21.466685       5.0135600       13.664579       33.723581    
   1    13    21.338097       4.7306278       13.889961       32.780105    
   1    14    21.297779       4.4606201       14.189425       31.967143    
   1    15    21.025766       4.1958633       14.273817       30.971592    
   1    16    21.015086       3.9469808       14.589556       30.270548    
   1    17    20.975653       3.7128711       14.866314       29.595634    
   1    18    20.965041       3.4966881       15.152937       29.006453    
   1    19    20.868464       3.2996343       15.336618       28.395622    
   1    20    18.615384       3.4684370       12.960553       26.737480    
   1    21    18.557077       3.3035887       13.126644       26.234057    
   1    22    16.352648       3.9854119       10.212160       26.185362    
   1    23    16.170148       3.9183067       10.124755       25.825186    
   1    24    16.121883       3.8188161       10.198399       25.485873    
   1    25    16.117925       3.7278340       10.303732       25.212952    
   1    26    16.113972       3.6666008       10.374192       25.029428    
   1    27    15.717562       3.7884423       9.8651544       25.041853    
   1    28    15.714158       3.7786987       9.8735476       25.009730    
   1    29    15.710759       3.7995254       9.8458948       25.069124    
   1    30    14.829008       4.1257720       8.6832892       25.324446    
   2     1    21.460427       8.6458466       10.034973       45.894486    
   2     2    21.880835       8.2864410       10.676774       44.842282    
   2     3    22.330044       7.9307962       11.363234       43.881069    
   2     4    22.778637       7.5777917       12.071184       42.983877    
   2     5    23.195433       7.2281314       12.772287       42.124648    
   2     6    23.579378       6.8833280       13.461904       41.300777    
   2     7    24.026259       6.5396422       14.227311       40.574154    
   2     8    24.472527       6.1999943       15.009703       39.901159    

  Program  MARK  - Survival Rate Estimation with Capture-Recapture Data
   gfortran(dble) Vers. 9.0 Mar 2018    25-Mar-2020 14:32:21    Page  013
 - - - - - - - - - - - - - - - - - - - - - - - - - - - - - - - - - - - - - -
 
   2     9    24.884682       5.8677270       15.773453       39.258836    
   2    10    25.295709       5.5410755       16.548799       38.665820    
   2    11    25.671028       5.2247573       17.296260       38.100821    
   2    12    26.115042       4.9071772       18.127057       37.623064    
   2    13    26.415743       4.6177835       18.800890       37.114811    
   2    14    26.822575       4.3225577       19.597558       36.711232    
   2    15    26.936355       4.0917812       20.034153       36.216516    
   2    16    27.378634       3.8123713       20.866595       35.922947    
   2    17    27.782827       3.5570187       21.639055       35.670944    
   2    18    28.223946       3.3135951       22.440035       35.498659    
   2    19    28.548710       3.1175611       23.062568       35.339900    
   2    20    25.920811       4.0824849       19.072327       35.228445    
   2    21    26.293564       3.9162737       19.668010       35.151065    
   2    22    23.623601       5.3578995       15.230125       36.642806    
   2    23    23.812949       5.3213916       15.449250       36.704469    
   2    24    24.194358       5.2047435       15.946501       36.708175    
   2    25    24.640396       5.0761974       16.523666       36.744212    
   2    26    25.085822       4.9719592       17.074236       36.856609    
   2    27    24.919660       5.2034308       16.622406       37.358578    
   2    28    25.364704       5.1387554       17.120204       37.579469    
   2    29    25.809137       5.0998699       17.586584       37.876118    
   2    30    24.810025       5.7550102       15.840087       38.859467    

     Gross Population Estimates of { Phi(~1)p(~sex)pent(~sex)N(~1) }
                                                95% Confidence Interval
 Grp. Occ.   N*-hat          Standard Error      Lower           Upper
 ---- ----   --------------  --------------  --------------  --------------
   1     0    22.361127       3.9670003       15.836198       31.574498    
   2     0    35.457943       4.0236163       28.407292       44.258556    

 Attempted ordering of parameters by estimatibility:
  2 3 6 1 5 4
 Beta number 4 is a singular value.

   CPU Time for the last procedure was 0.11 seconds.     

  Program  MARK  - Survival Rate Estimation with Capture-Recapture Data
   gfortran(dble) Vers. 9.0 Mar 2018    25-Mar-2020 14:32:21    Page  014
 - - - - - - - - - - - - - - - - - - - - - - - - - - - - - - - - - - - - - -
 


  INPUT --- proc stop;

     CPU Time in minutes for this job was 0.00

     Time Start = 14:32:21.269   Time End = 14:32:21.665

     Wall Clock Time in minutes for this job was 0.01


          E X E C U T I O N   S U C C E S S F U L 
