
   Program  MARK  - Survival Rate Estimation with Capture-Recapture Data
   gfortran(dble) Vers. 9.0 Mar 2018    25-Mar-2020 14:33:39    Page  001
 - - - - - - - - - - - - - - - - - - - - - - - - - - - - - - - - - - - - - -
 
   This version was compiled by GCC version 7.2.0 using the options: 
     -cpp -iprefix C:/Program Files/mingw-w64/x86_64-7.2.0-posix-seh-rt_v5-rev1/
     mingw64/bin/../lib/gcc/x86_64-w64-mingw32/7.2.0/ -D_MT -D_REENTRANT
     -U_REENTRANT -D IEEE -D DBLEPRECISION -m64 -mtune=core2 -march=nocona -mthreads
     -O2 -fimplicit-none -fbounds-check -funroll-loops -ftree-vectorize
     -ffpe-summary=invalid,zero,overflow,underflow -fno-unsafe-math-optimizations
     -frounding-math -fsignaling-nans -fopenmp.

   This problem will use 15 of 16 possible threads.


  INPUT --- proc title ;

   CPU Time for the last procedure was 0.01 seconds.     


  INPUT --- proc chmatrix occasions= 33 groups= 2 etype= POPAN Nodes= 
  INPUT --- 101 ICMeans NoHist hist= 41  ;

  INPUT ---    time interval 0.00547945205479452 0.00273972602739726 
  INPUT ---    0.00273972602739726 0.00547945205479452  
  INPUT ---    0.00821917808219178 0.00273972602739726 0.00273972602739726 
  INPUT ---    0.00547945205479452  0.00547945205479452 
  INPUT ---    0.00821917808219178 0.00273972602739726 0.0136986301369863 
  INPUT ---    0.00547945205479452  0.0273972602739726 0.00273972602739726 
  INPUT ---    0.00547945205479452 0.00273972602739726 0.010958904109589  
  INPUT ---    0.23013698630137 0.00821917808219178 0.254794520547945 
  INPUT ---    0.0246575342465753 0.00821917808219178  0.00273972602739726 
  INPUT ---    0.00273972602739726 0.0520547945205479 0.00273972602739726 
  INPUT ---    0.00273972602739726  0.117808219178082 0.575342465753425 
  INPUT ---    0.00273972602739726 0.00273972602739726 ;

  INPUT ---    glabel(1)=sexF;

  INPUT ---    glabel(2)=sexM;

   * *  WARNING  * *   At least a pair of the encounter histories are duplicates. 

      Number of unique encounter histories read was 38.

      Number of individual covariates read was 0.
      Time interval lengths vary and/or not equal to 1.

      Data type number is 19
      Data type is POPAN                                                                                               

   CPU Time for the last procedure was 0.01 seconds.     

  Program  MARK  - Survival Rate Estimation with Capture-Recapture Data
   gfortran(dble) Vers. 9.0 Mar 2018    25-Mar-2020 14:33:39    Page  002
 - - - - - - - - - - - - - - - - - - - - - - - - - - - - - - - - - - - - - -
 


  INPUT --- proc estimate link=Parm-Specific NOLOOP varest=2ndPart    ;


  INPUT --- model={ Phi(~sex)p(~1)pent(~1)N(~1) };

  INPUT ---    group=1 Phi    rows=1 cols=32 Square ;
  INPUT ---        1 1 1 1 1 1 1 1 1 1 1 1 1 1 1 1 1 1 1 1 1 1 1 1 1 1 1 1 1 
  INPUT ---       1 1 1 ;

  INPUT ---    group=2 Phi    rows=1 cols=32 Square ;
  INPUT ---        2 2 2 2 2 2 2 2 2 2 2 2 2 2 2 2 2 2 2 2 2 2 2 2 2 2 2 2 2 
  INPUT ---       2 2 2 ;

  INPUT ---    group=1 p    rows=1 cols=33 Square ;
  INPUT ---        3 3 3 3 3 3 3 3 3 3 3 3 3 3 3 3 3 3 3 3 3 3 3 3 3 3 3 3 3 
  INPUT ---       3 3 3 3 ;

  INPUT ---    group=2 p    rows=1 cols=33 Square ;
  INPUT ---        3 3 3 3 3 3 3 3 3 3 3 3 3 3 3 3 3 3 3 3 3 3 3 3 3 3 3 3 3 
  INPUT ---       3 3 3 3 ;

  INPUT ---    group=1 pent    rows=1 cols=32 Square ;
  INPUT ---        5 6 7 8 9 10 11 12 13 14 15 16 17 18 19 20 21 22 23 24 25 
  INPUT ---       26 27 28 29 30 31 32 33 34 35 36 ;

  INPUT ---    group=2 pent    rows=1 cols=32 Square ;
  INPUT ---        37 38 39 40 41 42 43 44 45 46 47 48 49 50 51 52 53 54 55 
  INPUT ---       56 57 58 59 60 61 62 63 64 65 66 67 68 ;

  INPUT ---    group=1 N    rows=1 cols=1 Square ;
  INPUT ---        4 ;

  INPUT ---    group=2 N    rows=1 cols=1 Square ;
  INPUT ---        4 ;

  INPUT ---    design matrix constraints=68 covariates=5;
  INPUT ---        1 0 0 0 0;
  INPUT ---        1 1 0 0 0;
  INPUT ---        0 0 1 0 0;
  INPUT ---        0 0 0 0 1;
  INPUT ---        0 0 0 1 0;
  INPUT ---        0 0 0 1 0;
  INPUT ---        0 0 0 1 0;
  INPUT ---        0 0 0 1 0;

  Program  MARK  - Survival Rate Estimation with Capture-Recapture Data
   gfortran(dble) Vers. 9.0 Mar 2018    25-Mar-2020 14:33:39    Page  003
 - - - - - - - - - - - - - - - - - - - - - - - - - - - - - - - - - - - - - -
 
  INPUT ---        0 0 0 1 0;
  INPUT ---        0 0 0 1 0;
  INPUT ---        0 0 0 1 0;
  INPUT ---        0 0 0 1 0;
  INPUT ---        0 0 0 1 0;
  INPUT ---        0 0 0 1 0;
  INPUT ---        0 0 0 1 0;
  INPUT ---        0 0 0 1 0;
  INPUT ---        0 0 0 1 0;
  INPUT ---        0 0 0 1 0;
  INPUT ---        0 0 0 1 0;
  INPUT ---        0 0 0 1 0;
  INPUT ---        0 0 0 1 0;
  INPUT ---        0 0 0 1 0;
  INPUT ---        0 0 0 1 0;
  INPUT ---        0 0 0 1 0;
  INPUT ---        0 0 0 1 0;
  INPUT ---        0 0 0 1 0;
  INPUT ---        0 0 0 1 0;
  INPUT ---        0 0 0 1 0;
  INPUT ---        0 0 0 1 0;
  INPUT ---        0 0 0 1 0;
  INPUT ---        0 0 0 1 0;
  INPUT ---        0 0 0 1 0;
  INPUT ---        0 0 0 1 0;
  INPUT ---        0 0 0 1 0;
  INPUT ---        0 0 0 1 0;
  INPUT ---        0 0 0 1 0;
  INPUT ---        0 0 0 1 0;
  INPUT ---        0 0 0 1 0;
  INPUT ---        0 0 0 1 0;
  INPUT ---        0 0 0 1 0;
  INPUT ---        0 0 0 1 0;
  INPUT ---        0 0 0 1 0;
  INPUT ---        0 0 0 1 0;
  INPUT ---        0 0 0 1 0;
  INPUT ---        0 0 0 1 0;
  INPUT ---        0 0 0 1 0;
  INPUT ---        0 0 0 1 0;
  INPUT ---        0 0 0 1 0;
  INPUT ---        0 0 0 1 0;
  INPUT ---        0 0 0 1 0;
  INPUT ---        0 0 0 1 0;
  INPUT ---        0 0 0 1 0;
  INPUT ---        0 0 0 1 0;
  INPUT ---        0 0 0 1 0;

  Program  MARK  - Survival Rate Estimation with Capture-Recapture Data
   gfortran(dble) Vers. 9.0 Mar 2018    25-Mar-2020 14:33:39    Page  004
 - - - - - - - - - - - - - - - - - - - - - - - - - - - - - - - - - - - - - -
 
  INPUT ---        0 0 0 1 0;
  INPUT ---        0 0 0 1 0;
  INPUT ---        0 0 0 1 0;
  INPUT ---        0 0 0 1 0;
  INPUT ---        0 0 0 1 0;
  INPUT ---        0 0 0 1 0;
  INPUT ---        0 0 0 1 0;
  INPUT ---        0 0 0 1 0;
  INPUT ---        0 0 0 1 0;
  INPUT ---        0 0 0 1 0;
  INPUT ---        0 0 0 1 0;
  INPUT ---        0 0 0 1 0;
  INPUT ---        0 0 0 1 0;
  INPUT ---        0 0 0 1 0;

  INPUT ---    links=68;

  INPUT ---    Logit;

  INPUT ---    Logit;

  INPUT ---    Logit;

  INPUT ---    Log;

  INPUT ---    mlogit(1);

  INPUT ---    mlogit(1);

  INPUT ---    mlogit(1);

  INPUT ---    mlogit(1);

  INPUT ---    mlogit(1);

  INPUT ---    mlogit(1);

  INPUT ---    mlogit(1);

  INPUT ---    mlogit(1);

  INPUT ---    mlogit(1);

  INPUT ---    mlogit(1);

  INPUT ---    mlogit(1);

  Program  MARK  - Survival Rate Estimation with Capture-Recapture Data
   gfortran(dble) Vers. 9.0 Mar 2018    25-Mar-2020 14:33:39    Page  005
 - - - - - - - - - - - - - - - - - - - - - - - - - - - - - - - - - - - - - -
 

  INPUT ---    mlogit(1);

  INPUT ---    mlogit(1);

  INPUT ---    mlogit(1);

  INPUT ---    mlogit(1);

  INPUT ---    mlogit(1);

  INPUT ---    mlogit(1);

  INPUT ---    mlogit(1);

  INPUT ---    mlogit(1);

  INPUT ---    mlogit(1);

  INPUT ---    mlogit(1);

  INPUT ---    mlogit(1);

  INPUT ---    mlogit(1);

  INPUT ---    mlogit(1);

  INPUT ---    mlogit(1);

  INPUT ---    mlogit(1);

  INPUT ---    mlogit(1);

  INPUT ---    mlogit(1);

  INPUT ---    mlogit(1);

  INPUT ---    mlogit(1);

  INPUT ---    mlogit(1);

  INPUT ---    mlogit(1);

  INPUT ---    mlogit(2);

  INPUT ---    mlogit(2);

  Program  MARK  - Survival Rate Estimation with Capture-Recapture Data
   gfortran(dble) Vers. 9.0 Mar 2018    25-Mar-2020 14:33:39    Page  006
 - - - - - - - - - - - - - - - - - - - - - - - - - - - - - - - - - - - - - -
 

  INPUT ---    mlogit(2);

  INPUT ---    mlogit(2);

  INPUT ---    mlogit(2);

  INPUT ---    mlogit(2);

  INPUT ---    mlogit(2);

  INPUT ---    mlogit(2);

  INPUT ---    mlogit(2);

  INPUT ---    mlogit(2);

  INPUT ---    mlogit(2);

  INPUT ---    mlogit(2);

  INPUT ---    mlogit(2);

  INPUT ---    mlogit(2);

  INPUT ---    mlogit(2);

  INPUT ---    mlogit(2);

  INPUT ---    mlogit(2);

  INPUT ---    mlogit(2);

  INPUT ---    mlogit(2);

  INPUT ---    mlogit(2);

  INPUT ---    mlogit(2);

  INPUT ---    mlogit(2);

  INPUT ---    mlogit(2);

  INPUT ---    mlogit(2);

  INPUT ---    mlogit(2);

  Program  MARK  - Survival Rate Estimation with Capture-Recapture Data
   gfortran(dble) Vers. 9.0 Mar 2018    25-Mar-2020 14:33:39    Page  007
 - - - - - - - - - - - - - - - - - - - - - - - - - - - - - - - - - - - - - -
 

  INPUT ---    mlogit(2);

  INPUT ---    mlogit(2);

  INPUT ---    mlogit(2);

  INPUT ---    mlogit(2);

  INPUT ---    mlogit(2);

  INPUT ---    mlogit(2);

  INPUT ---    mlogit(2);
  INPUT ---       blabel(1)=Phi:(Intercept);
  INPUT ---       blabel(2)=Phi:sexM;
  INPUT ---       blabel(3)=p:(Intercept);
  INPUT ---       blabel(4)=pent:(Intercept);
  INPUT ---       blabel(5)=N:(Intercept);
  INPUT ---       rlabel(1)=Phi gF a0 t1;
  INPUT ---       rlabel(2)=Phi gM a0 t1;
  INPUT ---       rlabel(3)=p gF a0 t1;
  INPUT ---       rlabel(4)=N gF a0 t1;
  INPUT ---       rlabel(5)=pent gF a0.00547945205479452 t1.00547945205479;
  INPUT ---       rlabel(6)=pent gF a0.00821917808219178 t1.00821917808219;
  INPUT ---       rlabel(7)=pent gF a0.010958904109589 t1.01095890410959;
  INPUT ---       rlabel(8)=pent gF a0.0164383561643836 t1.01643835616438;
  INPUT ---       rlabel(9)=pent gF a0.0246575342465753 t1.02465753424658;
  INPUT ---       rlabel(10)=pent gF a0.0273972602739726 t1.02739726027397;
  INPUT ---       rlabel(11)=pent gF a0.0301369863013699 t1.03013698630137;
  INPUT ---       rlabel(12)=pent gF a0.0356164383561644 t1.03561643835616;
  INPUT ---       rlabel(13)=pent gF a0.0410958904109589 t1.04109589041096;
  INPUT ---       rlabel(14)=pent gF a0.0493150684931507 t1.04931506849315;
  INPUT ---       rlabel(15)=pent gF a0.0520547945205479 t1.05205479452055;
  INPUT ---       rlabel(16)=pent gF a0.0657534246575342 t1.06575342465753;
  INPUT ---       rlabel(17)=pent gF a0.0712328767123288 t1.07123287671233;
  INPUT ---       rlabel(18)=pent gF a0.0986301369863014 t1.0986301369863;
  INPUT ---       rlabel(19)=pent gF a0.101369863013699 t1.1013698630137;
  INPUT ---       rlabel(20)=pent gF a0.106849315068493 t1.10684931506849;
  INPUT ---       rlabel(21)=pent gF a0.10958904109589 t1.10958904109589;
  INPUT ---       rlabel(22)=pent gF a0.120547945205479 t1.12054794520548;
  INPUT ---       rlabel(23)=pent gF a0.350684931506849 t1.35068493150685;
  INPUT ---       rlabel(24)=pent gF a0.358904109589041 t1.35890410958904;
  INPUT ---       rlabel(25)=pent gF a0.613698630136986 t1.61369863013699;
  INPUT ---       rlabel(26)=pent gF a0.638356164383562 t1.63835616438356;
  INPUT ---       rlabel(27)=pent gF a0.646575342465753 t1.64657534246575;

  Program  MARK  - Survival Rate Estimation with Capture-Recapture Data
   gfortran(dble) Vers. 9.0 Mar 2018    25-Mar-2020 14:33:39    Page  008
 - - - - - - - - - - - - - - - - - - - - - - - - - - - - - - - - - - - - - -
 
  INPUT ---       rlabel(28)=pent gF a0.649315068493151 t1.64931506849315;
  INPUT ---       rlabel(29)=pent gF a0.652054794520548 t1.65205479452055;
  INPUT ---       rlabel(30)=pent gF a0.704109589041096 t1.7041095890411;
  INPUT ---       rlabel(31)=pent gF a0.706849315068493 t1.70684931506849;
  INPUT ---       rlabel(32)=pent gF a0.70958904109589 t1.70958904109589;
  INPUT ---       rlabel(33)=pent gF a0.827397260273973 t1.82739726027397;
  INPUT ---       rlabel(34)=pent gF a1.4027397260274 t2.4027397260274;
  INPUT ---       rlabel(35)=pent gF a1.40547945205479 t2.40547945205479;
  INPUT ---       rlabel(36)=pent gF a1.40821917808219 t2.40821917808219;
  INPUT ---       rlabel(37)=pent gM a0.00547945205479452 t1.00547945205479;
  INPUT ---       rlabel(38)=pent gM a0.00821917808219178 t1.00821917808219;
  INPUT ---       rlabel(39)=pent gM a0.010958904109589 t1.01095890410959;
  INPUT ---       rlabel(40)=pent gM a0.0164383561643836 t1.01643835616438;
  INPUT ---       rlabel(41)=pent gM a0.0246575342465753 t1.02465753424658;
  INPUT ---       rlabel(42)=pent gM a0.0273972602739726 t1.02739726027397;
  INPUT ---       rlabel(43)=pent gM a0.0301369863013699 t1.03013698630137;
  INPUT ---       rlabel(44)=pent gM a0.0356164383561644 t1.03561643835616;
  INPUT ---       rlabel(45)=pent gM a0.0410958904109589 t1.04109589041096;
  INPUT ---       rlabel(46)=pent gM a0.0493150684931507 t1.04931506849315;
  INPUT ---       rlabel(47)=pent gM a0.0520547945205479 t1.05205479452055;
  INPUT ---       rlabel(48)=pent gM a0.0657534246575342 t1.06575342465753;
  INPUT ---       rlabel(49)=pent gM a0.0712328767123288 t1.07123287671233;
  INPUT ---       rlabel(50)=pent gM a0.0986301369863014 t1.0986301369863;
  INPUT ---       rlabel(51)=pent gM a0.101369863013699 t1.1013698630137;
  INPUT ---       rlabel(52)=pent gM a0.106849315068493 t1.10684931506849;
  INPUT ---       rlabel(53)=pent gM a0.10958904109589 t1.10958904109589;
  INPUT ---       rlabel(54)=pent gM a0.120547945205479 t1.12054794520548;
  INPUT ---       rlabel(55)=pent gM a0.350684931506849 t1.35068493150685;
  INPUT ---       rlabel(56)=pent gM a0.358904109589041 t1.35890410958904;
  INPUT ---       rlabel(57)=pent gM a0.613698630136986 t1.61369863013699;
  INPUT ---       rlabel(58)=pent gM a0.638356164383562 t1.63835616438356;
  INPUT ---       rlabel(59)=pent gM a0.646575342465753 t1.64657534246575;
  INPUT ---       rlabel(60)=pent gM a0.649315068493151 t1.64931506849315;
  INPUT ---       rlabel(61)=pent gM a0.652054794520548 t1.65205479452055;
  INPUT ---       rlabel(62)=pent gM a0.704109589041096 t1.7041095890411;
  INPUT ---       rlabel(63)=pent gM a0.706849315068493 t1.70684931506849;
  INPUT ---       rlabel(64)=pent gM a0.70958904109589 t1.70958904109589;
  INPUT ---       rlabel(65)=pent gM a0.827397260273973 t1.82739726027397;
  INPUT ---       rlabel(66)=pent gM a1.4027397260274 t2.4027397260274;
  INPUT ---       rlabel(67)=pent gM a1.40547945205479 t2.40547945205479;
  INPUT ---       rlabel(68)=pent gM a1.40821917808219 t2.40821917808219;

 Link Function Used is PARM-SPECIFIC

 Variance Estimation Procedure Used is 2ndPart 

  Program  MARK  - Survival Rate Estimation with Capture-Recapture Data
   gfortran(dble) Vers. 9.0 Mar 2018    25-Mar-2020 14:33:39    Page  009
 - - - - - - - - - - - - - - - - - - - - - - - - - - - - - - - - - - - - - -
 

 M(t+1):
      16     29



 Group: 1

 U(t)+UL(t):
       0    2    2    0    1    0    3    1    1    0    0    0    0    0    1
       0    0    0    2    1    1    0    0    0    1    0    0    0    0    0
       0    0    0

 U(t):
       0    2    2    0    1    0    3    1    1    0    0    0    0    0    1
       0    0    0    2    1    1    0    0    0    1    0    0    0    0    0
       0    0    0

 UL(t):
       0    0    0    0    0    0    0    0    0    0    0    0    0    0    0
       0    0    0    0    0    0    0    0    0    0    0    0    0    0    0
       0    0    0

 Not Released(t):
       0    0    0    0    0    0    0    0    0    0    0    0    0    0    0
       0    0    0    0    0    0    0    0    0    0    0    0    0    0    0
       0    0    0

 Group: 2

 U(t)+UL(t):
       3    0    1    1    1    1    1    0    1    1    2    1    3    3    1
       1    0    2    3    1    0    0    1    0    0    0    0    0    0    1
       0    0    0

 U(t):
       3    0    1    1    1    1    1    0    1    1    2    1    3    3    1
       1    0    2    3    1    0    0    1    0    0    0    0    0    0    1
       0    0    0

 UL(t):
       0    0    0    0    0    0    0    0    0    0    0    0    0    0    0
       0    0    0    0    0    0    0    0    0    0    0    0    0    0    0
       0    0    0

 Not Released(t):
       0    0    0    0    0    0    0    0    0    0    0    0    0    0    0
       0    0    0    0    0    0    0    0    0    0    0    0    0    0    0
       0    0    0
 -2logL(saturated) = 272.93564     
 Effective Sample Size = 103

 Number of function evaluations was 24 for 5 parameters.
 Time for numerical optimization was 0.06 seconds.     
 -2logL { Phi(~sex)p(~1)pent(~1)N(~1) } = 553.08207     
 Penalty { Phi(~sex)p(~1)pent(~1)N(~1) } = 0.0000000     
 Gradient { Phi(~sex)p(~1)pent(~1)N(~1) }:
 -0.2797628E-05 -0.2001363E-05 -0.6582123E-05   0.000000     -0.2723703E-05
 Maximum ABS(G) { Phi(~sex)p(~1)pent(~1)N(~1) } = 0.6582123E-05 
 S Vector { Phi(~sex)p(~1)pent(~1)N(~1) }:
   81.11706      6.637785      2.944000     0.5869767     0.4052094    
 Time to compute number of parameters was 0.02 seconds.     
 Ratio Threshold = 50.000000       Max Gap (1/2) = 12.220500       Next Max Gap (1/2) = 12.220500     
 Gap Method for Num. of Estimated Parameters { Phi(~sex)p(~1)pent(~1)N(~1) } = 5          
 Threshold { Phi(~sex)p(~1)pent(~1)N(~1) } = 0.1316425E-04                 
 Numerical Threshold Method for Num. of Estimated Parameters { Phi(~sex)p(~1)pent(~1)N(~1) } = 5          
 Number of Estimated Parameters { Phi(~sex)p(~1)pent(~1)N(~1) } = 5          
 DEVIANCE { Phi(~sex)p(~1)pent(~1)N(~1) } = 280.14643                     
 DEVIANCE Degrees of Freedom { Phi(~sex)p(~1)pent(~1)N(~1) } = 36            
 c-hat { Phi(~sex)p(~1)pent(~1)N(~1) } = 7.7818453                     
 AIC { Phi(~sex)p(~1)pent(~1)N(~1) } = 563.08207                  
 AICc { Phi(~sex)p(~1)pent(~1)N(~1) } = 563.70063                    
 BIC { Phi(~sex)p(~1)pent(~1)N(~1) } = 576.25572                    
 Pearson Chisquare { Phi(~sex)p(~1)pent(~1)N(~1) } = 23457017.                  


               PARM-SPECIFIC Link Function Parameters of { Phi(~sex)p(~1)pent(~1)N(~1) }
                                                              95% Confidence Interval
 Parameter                    Beta         Standard Error      Lower           Upper
 -------------------------  --------------  --------------  --------------  --------------
    1:Phi:(Intercept)       -1.7270945       0.9870610      -3.6617342       0.2075452    
    2:Phi:sexM               2.8121000       1.2142597       0.4321509       5.1920491    
    3:p:(Intercept)         -2.4773252       0.1740128      -2.8183903      -2.1362601    
    4:pent:(Intercept)      -4.5396172       1.3545227      -7.1944816      -1.8847527    
    5:N:(Intercept)          1.8011109       0.6003592       0.6244069       2.9778149    


               Real Function Parameters of { Phi(~sex)p(~1)pent(~1)N(~1) }
                                                               95% Confidence Interval
  Parameter                  Estimate       Standard Error      Lower           Upper
 --------------------------  --------------  --------------  --------------  --------------
     1:Phi gF a0 t1           0.1509596       0.1265124       0.0250446       0.5517009                          
     2:Phi gM a0 t1           0.7474401       0.2051904       0.2600999       0.9614120                          
     3:p gF a0 t1             0.0774631       0.0124354       0.0563385       0.1056222                          
     4:N gF a0 t1             22.056372       3.6359985       18.041542       33.966637                          
     5:pent gF a0.005479452   0.0079583       0.0080345       0.0010903       0.0556763                          
     6:pent gF a0.008219178   0.0079583       0.0080345       0.0010903       0.0556763                          
     7:pent gF a0.010958904   0.0079583       0.0080345       0.0010903       0.0556763                          
     8:pent gF a0.016438356   0.0079583       0.0080345       0.0010903       0.0556763                          
     9:pent gF a0.024657534   0.0079583       0.0080345       0.0010903       0.0556763                          
    10:pent gF a0.027397260   0.0079583       0.0080345       0.0010903       0.0556763                          
    11:pent gF a0.030136986   0.0079583       0.0080345       0.0010903       0.0556763                          
    12:pent gF a0.035616438   0.0079583       0.0080345       0.0010903       0.0556763                          

  Program  MARK  - Survival Rate Estimation with Capture-Recapture Data
   gfortran(dble) Vers. 9.0 Mar 2018    25-Mar-2020 14:33:39    Page  010
 - - - - - - - - - - - - - - - - - - - - - - - - - - - - - - - - - - - - - -
 
    13:pent gF a0.041095890   0.0079583       0.0080345       0.0010903       0.0556763                          
    14:pent gF a0.049315068   0.0079583       0.0080345       0.0010903       0.0556763                          
    15:pent gF a0.052054794   0.0079583       0.0080345       0.0010903       0.0556763                          
    16:pent gF a0.065753424   0.0079583       0.0080345       0.0010903       0.0556763                          
    17:pent gF a0.071232876   0.0079583       0.0080345       0.0010903       0.0556763                          
    18:pent gF a0.098630136   0.0079583       0.0080345       0.0010903       0.0556763                          
    19:pent gF a0.101369863   0.0079583       0.0080345       0.0010903       0.0556763                          
    20:pent gF a0.106849315   0.0079583       0.0080345       0.0010903       0.0556763                          
    21:pent gF a0.109589041   0.0079583       0.0080345       0.0010903       0.0556763                          
    22:pent gF a0.120547945   0.0079583       0.0080345       0.0010903       0.0556763                          
    23:pent gF a0.350684931   0.0079583       0.0080345       0.0010903       0.0556763                          
    24:pent gF a0.358904109   0.0079583       0.0080345       0.0010903       0.0556763                          
    25:pent gF a0.613698630   0.0079583       0.0080345       0.0010903       0.0556763                          
    26:pent gF a0.638356164   0.0079583       0.0080345       0.0010903       0.0556763                          
    27:pent gF a0.646575342   0.0079583       0.0080345       0.0010903       0.0556763                          
    28:pent gF a0.649315068   0.0079583       0.0080345       0.0010903       0.0556763                          
    29:pent gF a0.652054794   0.0079583       0.0080345       0.0010903       0.0556763                          
    30:pent gF a0.704109589   0.0079583       0.0080345       0.0010903       0.0556763                          
    31:pent gF a0.706849315   0.0079583       0.0080345       0.0010903       0.0556763                          
    32:pent gF a0.709589041   0.0079583       0.0080345       0.0010903       0.0556763                          
    33:pent gF a0.827397260   0.0079583       0.0080345       0.0010903       0.0556763                          
    34:pent gF a1.402739726   0.0079583       0.0080345       0.0010903       0.0556763                          
    35:pent gF a1.405479452   0.0079583       0.0080345       0.0010903       0.0556763                          
    36:pent gF a1.408219178   0.0079583       0.0080345       0.0010903       0.0556763                          
    37:pent gM a0.005479452   0.0079583       0.0080345       0.0010903       0.0556763                          
    38:pent gM a0.008219178   0.0079583       0.0080345       0.0010903       0.0556763                          
    39:pent gM a0.010958904   0.0079583       0.0080345       0.0010903       0.0556763                          
    40:pent gM a0.016438356   0.0079583       0.0080345       0.0010903       0.0556763                          
    41:pent gM a0.024657534   0.0079583       0.0080345       0.0010903       0.0556763                          
    42:pent gM a0.027397260   0.0079583       0.0080345       0.0010903       0.0556763                          
    43:pent gM a0.030136986   0.0079583       0.0080345       0.0010903       0.0556763                          
    44:pent gM a0.035616438   0.0079583       0.0080345       0.0010903       0.0556763                          
    45:pent gM a0.041095890   0.0079583       0.0080345       0.0010903       0.0556763                          
    46:pent gM a0.049315068   0.0079583       0.0080345       0.0010903       0.0556763                          
    47:pent gM a0.052054794   0.0079583       0.0080345       0.0010903       0.0556763                          
    48:pent gM a0.065753424   0.0079583       0.0080345       0.0010903       0.0556763                          
    49:pent gM a0.071232876   0.0079583       0.0080345       0.0010903       0.0556763                          
    50:pent gM a0.098630136   0.0079583       0.0080345       0.0010903       0.0556763                          
    51:pent gM a0.101369863   0.0079583       0.0080345       0.0010903       0.0556763                          
    52:pent gM a0.106849315   0.0079583       0.0080345       0.0010903       0.0556763                          
    53:pent gM a0.109589041   0.0079583       0.0080345       0.0010903       0.0556763                          
    54:pent gM a0.120547945   0.0079583       0.0080345       0.0010903       0.0556763                          
    55:pent gM a0.350684931   0.0079583       0.0080345       0.0010903       0.0556763                          
    56:pent gM a0.358904109   0.0079583       0.0080345       0.0010903       0.0556763                          
    57:pent gM a0.613698630   0.0079583       0.0080345       0.0010903       0.0556763                          
    58:pent gM a0.638356164   0.0079583       0.0080345       0.0010903       0.0556763                          

  Program  MARK  - Survival Rate Estimation with Capture-Recapture Data
   gfortran(dble) Vers. 9.0 Mar 2018    25-Mar-2020 14:33:39    Page  011
 - - - - - - - - - - - - - - - - - - - - - - - - - - - - - - - - - - - - - -
 
    59:pent gM a0.646575342   0.0079583       0.0080345       0.0010903       0.0556763                          
    60:pent gM a0.649315068   0.0079583       0.0080345       0.0010903       0.0556763                          
    61:pent gM a0.652054794   0.0079583       0.0080345       0.0010903       0.0556763                          
    62:pent gM a0.704109589   0.0079583       0.0080345       0.0010903       0.0556763                          
    63:pent gM a0.706849315   0.0079583       0.0080345       0.0010903       0.0556763                          
    64:pent gM a0.709589041   0.0079583       0.0080345       0.0010903       0.0556763                          
    65:pent gM a0.827397260   0.0079583       0.0080345       0.0010903       0.0556763                          
    66:pent gM a1.402739726   0.0079583       0.0080345       0.0010903       0.0556763                          
    67:pent gM a1.405479452   0.0079583       0.0080345       0.0010903       0.0556763                          
    68:pent gM a1.408219178   0.0079583       0.0080345       0.0010903       0.0556763                          


                      Estimates of Derived Parameters
   Gross Birth+Immigration Estimates of { Phi(~sex)p(~1)pent(~1)N(~1) }
                                                95% Confidence Interval
 Grp. Occ.   B*-hat          Standard Error      Lower           Upper
 ---- ----   --------------  --------------  --------------  --------------
   1     1    0.1764421       0.2006557       0.0295877       1.0521887    
   1     2    0.1759863       0.2000391       0.0295288       1.0488457    
   1     3    0.1759863       0.2000391       0.0295288       1.0488457    
   1     4    0.1764421       0.2006557       0.0295877       1.0521887    
   1     5    0.1768987       0.2012736       0.0296466       1.0555397    
   1     6    0.1759863       0.2000391       0.0295288       1.0488457    
   1     7    0.1759863       0.2000391       0.0295288       1.0488457    
   1     8    0.1764421       0.2006557       0.0295877       1.0521887    
   1     9    0.1764421       0.2006557       0.0295877       1.0521887    
   1    10    0.1768987       0.2012736       0.0296466       1.0555397    
   1    11    0.1759863       0.2000391       0.0295288       1.0488457    
   1    12    0.1778143       0.2025137       0.0297646       1.0622654    
   1    13    0.1764421       0.2006557       0.0295877       1.0521887    
   1    14    0.1801169       0.2056383       0.0300607       1.0792190    
   1    15    0.1759863       0.2000391       0.0295288       1.0488457    
   1    16    0.1764421       0.2006557       0.0295877       1.0521887    
   1    17    0.1759863       0.2000391       0.0295288       1.0488457    
   1    18    0.1773561       0.2018930       0.0297056       1.0588986    
   1    19    0.2164816       0.2559258       0.0346274       1.3533863    
   1    20    0.1768987       0.2012736       0.0296466       1.0555397    
   1    21    0.2211942       0.2625548       0.0352071       1.3896875    
   1    22    0.1796548       0.2050106       0.0300014       1.0758124    
   1    23    0.1768987       0.2012736       0.0296466       1.0555397    
   1    24    0.1759863       0.2000391       0.0295288       1.0488457    
   1    25    0.1759863       0.2000391       0.0295288       1.0488457    
   1    26    0.1843110       0.2113498       0.0305976       1.1102368    
   1    27    0.1759863       0.2000391       0.0295288       1.0488457    
   1    28    0.1759863       0.2000391       0.0295288       1.0488457    

  Program  MARK  - Survival Rate Estimation with Capture-Recapture Data
   gfortran(dble) Vers. 9.0 Mar 2018    25-Mar-2020 14:33:39    Page  012
 - - - - - - - - - - - - - - - - - - - - - - - - - - - - - - - - - - - - - -
 
   1    29    0.1958058       0.2271296       0.0320540       1.1961052    
   1    30    0.2879826       0.3584263       0.0432474       1.9176632    
   1    31    0.1759863       0.2000391       0.0295288       1.0488457    
   1    32    0.1759863       0.2000391       0.0295288       1.0488457    
   2     1    0.2792118       0.3038766       0.0493737       1.5789618    
   2     2    0.2791005       0.3037074       0.0493634       1.5780325    
   2     3    0.2791005       0.3037074       0.0493634       1.5780325    
   2     4    0.2792118       0.3038766       0.0493737       1.5789618    
   2     5    0.2793231       0.3040458       0.0493840       1.5798917    
   2     6    0.2791005       0.3037074       0.0493634       1.5780325    
   2     7    0.2791005       0.3037074       0.0493634       1.5780325    
   2     8    0.2792118       0.3038766       0.0493737       1.5789618    
   2     9    0.2792118       0.3038766       0.0493737       1.5789618    
   2    10    0.2793231       0.3040458       0.0493840       1.5798917    
   2    11    0.2791005       0.3037074       0.0493634       1.5780325    
   2    12    0.2795458       0.3043845       0.0494046       1.5817531    
   2    13    0.2792118       0.3038766       0.0493737       1.5789618    
   2    14    0.2801032       0.3052329       0.0494560       1.5864156    
   2    15    0.2791005       0.3037074       0.0493634       1.5780325    
   2    16    0.2792118       0.3038766       0.0493737       1.5789618    
   2    17    0.2791005       0.3037074       0.0493634       1.5780325    
   2    18    0.2794345       0.3042151       0.0493943       1.5808221    
   2    19    0.2884387       0.3180403       0.0502105       1.6569606    
   2    20    0.2793231       0.3040458       0.0493840       1.5798917    
   2    21    0.2894635       0.3196301       0.0503015       1.6657372    
   2    22    0.2799917       0.3050630       0.0494457       1.5854821    
   2    23    0.2793231       0.3040458       0.0493840       1.5798917    
   2    24    0.2791005       0.3037074       0.0493634       1.5780325    
   2    25    0.2791005       0.3037074       0.0493634       1.5780325    
   2    26    0.2811083       0.3067653       0.0495484       1.5948414    
   2    27    0.2791005       0.3037074       0.0493634       1.5780325    
   2    28    0.2791005       0.3037074       0.0493634       1.5780325    
   2    29    0.2838004       0.3108859       0.0497940       1.6175185    
   2    30    0.3030040       0.3409313       0.0514718       1.7837230    
   2    31    0.2791005       0.3037074       0.0493634       1.5780325    
   2    32    0.2791005       0.3037074       0.0493634       1.5780325    

    Net Birth+Immigration Estimates of { Phi(~sex)p(~1)pent(~1)N(~1) }
                                                95% Confidence Interval
 Grp. Occ.   B-hat           Standard Error      Lower           Upper
 ---- ----   --------------  --------------  --------------  --------------
   1     1    0.1755313       0.1994239       0.0294700       1.0455106    
   1     2    0.1755313       0.1994239       0.0294700       1.0455106    
   1     3    0.1755313       0.1994239       0.0294700       1.0455106    
   1     4    0.1755313       0.1994239       0.0294700       1.0455106    
   1     5    0.1755313       0.1994239       0.0294700       1.0455106    
   1     6    0.1755313       0.1994239       0.0294700       1.0455106    
   1     7    0.1755313       0.1994239       0.0294700       1.0455106    
   1     8    0.1755313       0.1994239       0.0294700       1.0455106    
   1     9    0.1755313       0.1994239       0.0294700       1.0455106    
   1    10    0.1755313       0.1994239       0.0294700       1.0455106    
   1    11    0.1755313       0.1994239       0.0294700       1.0455106    
   1    12    0.1755313       0.1994239       0.0294700       1.0455106    
   1    13    0.1755313       0.1994239       0.0294700       1.0455106    
   1    14    0.1755313       0.1994239       0.0294700       1.0455106    
   1    15    0.1755313       0.1994239       0.0294700       1.0455106    
   1    16    0.1755313       0.1994239       0.0294700       1.0455106    
   1    17    0.1755313       0.1994239       0.0294700       1.0455106    
   1    18    0.1755313       0.1994239       0.0294700       1.0455106    
   1    19    0.1755313       0.1994239       0.0294700       1.0455106    
   1    20    0.1755313       0.1994239       0.0294700       1.0455106    
   1    21    0.1755313       0.1994239       0.0294700       1.0455106    
   1    22    0.1755313       0.1994239       0.0294700       1.0455106    
   1    23    0.1755313       0.1994239       0.0294700       1.0455106    
   1    24    0.1755313       0.1994239       0.0294700       1.0455106    
   1    25    0.1755313       0.1994239       0.0294700       1.0455106    
   1    26    0.1755313       0.1994239       0.0294700       1.0455106    
   1    27    0.1755313       0.1994239       0.0294700       1.0455106    
   1    28    0.1755313       0.1994239       0.0294700       1.0455106    
   1    29    0.1755313       0.1994239       0.0294700       1.0455106    
   1    30    0.1755313       0.1994239       0.0294700       1.0455106    
   1    31    0.1755313       0.1994239       0.0294700       1.0455106    
   1    32    0.1755313       0.1994239       0.0294700       1.0455106    
   2     1    0.2789892       0.3035384       0.0493531       1.5771037    
   2     2    0.2789892       0.3035384       0.0493531       1.5771037    
   2     3    0.2789892       0.3035384       0.0493531       1.5771037    
   2     4    0.2789892       0.3035384       0.0493531       1.5771037    
   2     5    0.2789892       0.3035384       0.0493531       1.5771037    
   2     6    0.2789892       0.3035384       0.0493531       1.5771037    
   2     7    0.2789892       0.3035384       0.0493531       1.5771037    
   2     8    0.2789892       0.3035384       0.0493531       1.5771037    
   2     9    0.2789892       0.3035384       0.0493531       1.5771037    
   2    10    0.2789892       0.3035384       0.0493531       1.5771037    
   2    11    0.2789892       0.3035384       0.0493531       1.5771037    
   2    12    0.2789892       0.3035384       0.0493531       1.5771037    
   2    13    0.2789892       0.3035384       0.0493531       1.5771037    
   2    14    0.2789892       0.3035384       0.0493531       1.5771037    
   2    15    0.2789892       0.3035384       0.0493531       1.5771037    
   2    16    0.2789892       0.3035384       0.0493531       1.5771037    
   2    17    0.2789892       0.3035384       0.0493531       1.5771037    
   2    18    0.2789892       0.3035384       0.0493531       1.5771037    
   2    19    0.2789892       0.3035384       0.0493531       1.5771037    
   2    20    0.2789892       0.3035384       0.0493531       1.5771037    
   2    21    0.2789892       0.3035384       0.0493531       1.5771037    
   2    22    0.2789892       0.3035384       0.0493531       1.5771037    
   2    23    0.2789892       0.3035384       0.0493531       1.5771037    
   2    24    0.2789892       0.3035384       0.0493531       1.5771037    
   2    25    0.2789892       0.3035384       0.0493531       1.5771037    
   2    26    0.2789892       0.3035384       0.0493531       1.5771037    
   2    27    0.2789892       0.3035384       0.0493531       1.5771037    
   2    28    0.2789892       0.3035384       0.0493531       1.5771037    
   2    29    0.2789892       0.3035384       0.0493531       1.5771037    
   2    30    0.2789892       0.3035384       0.0493531       1.5771037    
   2    31    0.2789892       0.3035384       0.0493531       1.5771037    
   2    32    0.2789892       0.3035384       0.0493531       1.5771037    

         Population Estimates of { Phi(~sex)p(~1)pent(~1)N(~1) }
                                                95% Confidence Interval
 Grp. Occ.   N-hat           Standard Error      Lower           Upper
 ---- ----   --------------  --------------  --------------  --------------
   1     1    16.439371       4.1156725       10.139335       26.653909    
   1     2    16.445466       3.9325075       10.359112       26.107773    
   1     3    16.536028       3.7607492       10.648205       25.679466    
   1     4    16.626122       3.5929972       10.937882       25.272528    
   1     5    16.630292       3.4248450       11.153655       24.796051    
   1     6    16.549380       3.2592665       11.291032       24.256595    
   1     7    16.639406       3.1058157       11.577448       23.914580    
   1     8    16.728966       2.9583668       11.860318       23.596187    
   1     9    16.732076       2.8169169       12.057128       23.219655    
   1    10    16.735153       2.6837943       12.245790       22.870339    

  Program  MARK  - Survival Rate Estimation with Capture-Recapture Data
   gfortran(dble) Vers. 9.0 Mar 2018    25-Mar-2020 14:33:39    Page  013
 - - - - - - - - - - - - - - - - - - - - - - - - - - - - - - - - - - - - - -
 
   1    11    16.652625       2.5614196       12.340069       22.472316    
   1    12    16.742117       2.4451582       12.593513       22.257369    
   1    13    16.489585       2.3531735       12.483808       21.780726    
   1    14    16.495162       2.2623922       12.622678       21.555677    
   1    15    15.837978       2.2382920       12.022541       20.864271    
   1    16    15.931679       2.1647696       12.221604       20.768011    
   1    17    15.943007       2.1141548       12.307912       20.651712    
   1    18    16.036165       2.0705541       12.463707       20.632593    
   1    19    15.882838       2.0667766       12.320460       20.475254    
   1    20    10.454596       2.8468613       6.1893809       17.659048    
   1    21    10.468915       2.8053421       6.2480557       17.541165    
   1    22    6.6421893       2.9665715       2.8792931       15.322747    
   1    23    6.5151623       2.8974654       2.8334264       14.980922    
   1    24    6.5902283       2.8469003       2.9295251       14.825307    
   1    25    6.7317097       2.8114248       3.0677034       14.771935    
   1    26    6.8724601       2.7895532       3.1965929       14.775327    
   1    27    6.4038093       2.7556152       2.8549192       14.364250    
   1    28    6.5462538       2.7526610       2.9684320       14.436389    
   1    29    6.6879624       2.7633790       3.0714733       14.562666    
   1    30    5.5280337       2.6591924       2.2605620       13.518389    
   1    31    2.0381947       1.6830288       0.4960037       8.3754161    
   1    32    2.2031952       1.6684414       0.5887853       8.2442092    
   1    33    2.3673432       1.6774991       0.6781075       8.2646395    
   2     1    26.128717       7.2607592       15.309570       44.593666    
   2     2    26.366062       6.9776924       15.833425       43.905171    
   2     3    26.624032       6.6940756       16.387917       43.253762    
   2     4    26.881796       6.4122779       16.951761       42.628665    
   2     5    27.117941       6.1355702       17.501015       42.019433    
   2     6    27.332125       5.8648564       18.033210       41.426072    
   2     7    27.589325       5.5897893       18.621305       40.876342    
   2     8    27.846319       5.3176046       19.216333       40.352000    
   2     9    28.080927       5.0530038       19.790572       39.844145    
   2    10    28.315160       4.7924477       20.368704       39.361773    
   2    11    28.526483       4.5414960       20.920842       38.897107    
   2    12    28.782731       4.2856277       21.531956       38.475166    
   2    13    28.947172       4.0581888       22.021744       38.050519    
   2    14    29.180025       3.8210361       22.599289       37.677020    
   2    15    29.227218       3.6460416       22.909172       37.287699    
   2    16    29.482907       3.4201408       23.504734       36.981563    
   2    17    29.714906       3.2134564       24.054077       36.707941    
   2    18    29.970206       3.0133155       24.621829       36.480362    
   2    19    30.153738       2.8534627       25.059334       36.283802    
   2    20    28.478814       3.6474280       22.179169       36.567773    
   2    21    28.689746       3.5220865       22.574486       36.461584    
   2    22    26.917789       4.7293675       19.125754       37.884381    
   2    23    27.004258       4.7239065       19.215331       37.950425    

  Program  MARK  - Survival Rate Estimation with Capture-Recapture Data
   gfortran(dble) Vers. 9.0 Mar 2018    25-Mar-2020 14:33:39    Page  014
 - - - - - - - - - - - - - - - - - - - - - - - - - - - - - - - - - - - - - -
 
   2    24    27.218714       4.6466613       19.525126       37.943846    
   2    25    27.476004       4.5567874       19.894777       37.946181    
   2    26    27.733089       4.4849012       20.240897       37.998524    
   2    27    27.595001       4.6945205       19.817605       38.424626    
   2    28    27.851991       4.6535494       20.119238       38.556797    
   2    29    28.108776       4.6312505       20.395388       38.739310    
   2    30    27.440141       5.2059458       18.980990       39.669234    
   2    31    23.487617       7.7375779       12.520213       44.062202    
   2    32    23.747881       7.6833930       12.795203       44.076040    
   2    33    24.007938       7.6405940       13.060497       44.131637    

      Gross Population Estimates of { Phi(~sex)p(~1)pent(~1)N(~1) }
                                                95% Confidence Interval
 Grp. Occ.   N*-hat          Standard Error      Lower           Upper
 ---- ----   --------------  --------------  --------------  --------------
   1     0    22.314158       3.9323835       15.838627       31.437172    
   2     0    35.114477       3.7087087       28.564844       43.165875    

   CPU Time for the last procedure was 0.09 seconds.     


  INPUT --- proc stop;

     CPU Time in minutes for this job was 0.00

     Time Start = 14:33:39.210   Time End = 14:33:39.581

     Wall Clock Time in minutes for this job was 0.01


          E X E C U T I O N   S U C C E S S F U L 
