
   Program  MARK  - Survival Rate Estimation with Capture-Recapture Data
   gfortran(dble) Vers. 9.0 Mar 2018    25-Mar-2020 14:32:13    Page  001
 - - - - - - - - - - - - - - - - - - - - - - - - - - - - - - - - - - - - - -
 
   This version was compiled by GCC version 7.2.0 using the options: 
     -cpp -iprefix C:/Program Files/mingw-w64/x86_64-7.2.0-posix-seh-rt_v5-rev1/
     mingw64/bin/../lib/gcc/x86_64-w64-mingw32/7.2.0/ -D_MT -D_REENTRANT
     -U_REENTRANT -D IEEE -D DBLEPRECISION -m64 -mtune=core2 -march=nocona -mthreads
     -O2 -fimplicit-none -fbounds-check -funroll-loops -ftree-vectorize
     -ffpe-summary=invalid,zero,overflow,underflow -fno-unsafe-math-optimizations
     -frounding-math -fsignaling-nans -fopenmp.

   This problem will use 15 of 16 possible threads.


  INPUT --- proc title ;

   CPU Time for the last procedure was 0.01 seconds.     


  INPUT --- proc chmatrix occasions= 30 groups= 2 etype= POPAN Nodes= 
  INPUT --- 101 ICMeans NoHist hist= 41  ;

  INPUT ---    time interval 0.00547945205479452 0.00273972602739726 
  INPUT ---    0.00273972602739726 0.00547945205479452  
  INPUT ---    0.00821917808219178 0.00273972602739726 0.00273972602739726 
  INPUT ---    0.00547945205479452  0.00547945205479452 
  INPUT ---    0.00821917808219178 0.00273972602739726 0.0136986301369863 
  INPUT ---    0.00547945205479452  0.0273972602739726 0.00273972602739726 
  INPUT ---    0.00547945205479452 0.00273972602739726 0.010958904109589  
  INPUT ---    0.23013698630137 0.00821917808219178 0.254794520547945 
  INPUT ---    0.0246575342465753 0.00821917808219178  0.00273972602739726 
  INPUT ---    0.00273972602739726 0.0520547945205479 0.00273972602739726 
  INPUT ---    0.00273972602739726  0.117808219178082 ;

  INPUT ---    glabel(1)=sexF;

  INPUT ---    glabel(2)=sexM;

   * *  WARNING  * *   At least a pair of the encounter histories are duplicates. 

      Number of unique encounter histories read was 38.

      Number of individual covariates read was 0.
      Time interval lengths vary and/or not equal to 1.

      Data type number is 19
      Data type is POPAN                                                                                               

   CPU Time for the last procedure was 0.01 seconds.     

  Program  MARK  - Survival Rate Estimation with Capture-Recapture Data
   gfortran(dble) Vers. 9.0 Mar 2018    25-Mar-2020 14:32:13    Page  002
 - - - - - - - - - - - - - - - - - - - - - - - - - - - - - - - - - - - - - -
 


  INPUT --- proc estimate link=Parm-Specific NOLOOP varest=2ndPart    ;


  INPUT --- model={ Phi(~1)p(~1)pent(~sex)N(~1) };

  INPUT ---    group=1 Phi    rows=1 cols=29 Square ;
  INPUT ---        1 1 1 1 1 1 1 1 1 1 1 1 1 1 1 1 1 1 1 1 1 1 1 1 1 1 1 1 1 ;

  INPUT ---    group=2 Phi    rows=1 cols=29 Square ;
  INPUT ---        1 1 1 1 1 1 1 1 1 1 1 1 1 1 1 1 1 1 1 1 1 1 1 1 1 1 1 1 1 ;

  INPUT ---    group=1 p    rows=1 cols=30 Square ;
  INPUT ---        2 2 2 2 2 2 2 2 2 2 2 2 2 2 2 2 2 2 2 2 2 2 2 2 2 2 2 2 2 
  INPUT ---       2 ;

  INPUT ---    group=2 p    rows=1 cols=30 Square ;
  INPUT ---        2 2 2 2 2 2 2 2 2 2 2 2 2 2 2 2 2 2 2 2 2 2 2 2 2 2 2 2 2 
  INPUT ---       2 ;

  INPUT ---    group=1 pent    rows=1 cols=29 Square ;
  INPUT ---        4 5 6 7 8 9 10 11 12 13 14 15 16 17 18 19 20 21 22 23 24 
  INPUT ---       25 26 27 28 29 30 31 32 ;

  INPUT ---    group=2 pent    rows=1 cols=29 Square ;
  INPUT ---        33 34 35 36 37 38 39 40 41 42 43 44 45 46 47 48 49 50 51 
  INPUT ---       52 53 54 55 56 57 58 59 60 61 ;

  INPUT ---    group=1 N    rows=1 cols=1 Square ;
  INPUT ---        3 ;

  INPUT ---    group=2 N    rows=1 cols=1 Square ;
  INPUT ---        3 ;

  INPUT ---    design matrix constraints=61 covariates=5;
  INPUT ---        1 0 0 0 0;
  INPUT ---        0 1 0 0 0;
  INPUT ---        0 0 0 0 1;
  INPUT ---        0 0 1 0 0;
  INPUT ---        0 0 1 0 0;
  INPUT ---        0 0 1 0 0;
  INPUT ---        0 0 1 0 0;
  INPUT ---        0 0 1 0 0;
  INPUT ---        0 0 1 0 0;
  INPUT ---        0 0 1 0 0;

  Program  MARK  - Survival Rate Estimation with Capture-Recapture Data
   gfortran(dble) Vers. 9.0 Mar 2018    25-Mar-2020 14:32:13    Page  003
 - - - - - - - - - - - - - - - - - - - - - - - - - - - - - - - - - - - - - -
 
  INPUT ---        0 0 1 0 0;
  INPUT ---        0 0 1 0 0;
  INPUT ---        0 0 1 0 0;
  INPUT ---        0 0 1 0 0;
  INPUT ---        0 0 1 0 0;
  INPUT ---        0 0 1 0 0;
  INPUT ---        0 0 1 0 0;
  INPUT ---        0 0 1 0 0;
  INPUT ---        0 0 1 0 0;
  INPUT ---        0 0 1 0 0;
  INPUT ---        0 0 1 0 0;
  INPUT ---        0 0 1 0 0;
  INPUT ---        0 0 1 0 0;
  INPUT ---        0 0 1 0 0;
  INPUT ---        0 0 1 0 0;
  INPUT ---        0 0 1 0 0;
  INPUT ---        0 0 1 0 0;
  INPUT ---        0 0 1 0 0;
  INPUT ---        0 0 1 0 0;
  INPUT ---        0 0 1 0 0;
  INPUT ---        0 0 1 0 0;
  INPUT ---        0 0 1 0 0;
  INPUT ---        0 0 1 1 0;
  INPUT ---        0 0 1 1 0;
  INPUT ---        0 0 1 1 0;
  INPUT ---        0 0 1 1 0;
  INPUT ---        0 0 1 1 0;
  INPUT ---        0 0 1 1 0;
  INPUT ---        0 0 1 1 0;
  INPUT ---        0 0 1 1 0;
  INPUT ---        0 0 1 1 0;
  INPUT ---        0 0 1 1 0;
  INPUT ---        0 0 1 1 0;
  INPUT ---        0 0 1 1 0;
  INPUT ---        0 0 1 1 0;
  INPUT ---        0 0 1 1 0;
  INPUT ---        0 0 1 1 0;
  INPUT ---        0 0 1 1 0;
  INPUT ---        0 0 1 1 0;
  INPUT ---        0 0 1 1 0;
  INPUT ---        0 0 1 1 0;
  INPUT ---        0 0 1 1 0;
  INPUT ---        0 0 1 1 0;
  INPUT ---        0 0 1 1 0;
  INPUT ---        0 0 1 1 0;
  INPUT ---        0 0 1 1 0;

  Program  MARK  - Survival Rate Estimation with Capture-Recapture Data
   gfortran(dble) Vers. 9.0 Mar 2018    25-Mar-2020 14:32:13    Page  004
 - - - - - - - - - - - - - - - - - - - - - - - - - - - - - - - - - - - - - -
 
  INPUT ---        0 0 1 1 0;
  INPUT ---        0 0 1 1 0;
  INPUT ---        0 0 1 1 0;
  INPUT ---        0 0 1 1 0;
  INPUT ---        0 0 1 1 0;

  INPUT ---    links=61;

  INPUT ---    Logit;

  INPUT ---    Logit;

  INPUT ---    Log;

  INPUT ---    mlogit(1);

  INPUT ---    mlogit(1);

  INPUT ---    mlogit(1);

  INPUT ---    mlogit(1);

  INPUT ---    mlogit(1);

  INPUT ---    mlogit(1);

  INPUT ---    mlogit(1);

  INPUT ---    mlogit(1);

  INPUT ---    mlogit(1);

  INPUT ---    mlogit(1);

  INPUT ---    mlogit(1);

  INPUT ---    mlogit(1);

  INPUT ---    mlogit(1);

  INPUT ---    mlogit(1);

  INPUT ---    mlogit(1);

  INPUT ---    mlogit(1);


  Program  MARK  - Survival Rate Estimation with Capture-Recapture Data
   gfortran(dble) Vers. 9.0 Mar 2018    25-Mar-2020 14:32:13    Page  005
 - - - - - - - - - - - - - - - - - - - - - - - - - - - - - - - - - - - - - -
 
  INPUT ---    mlogit(1);

  INPUT ---    mlogit(1);

  INPUT ---    mlogit(1);

  INPUT ---    mlogit(1);

  INPUT ---    mlogit(1);

  INPUT ---    mlogit(1);

  INPUT ---    mlogit(1);

  INPUT ---    mlogit(1);

  INPUT ---    mlogit(1);

  INPUT ---    mlogit(1);

  INPUT ---    mlogit(1);

  INPUT ---    mlogit(1);

  INPUT ---    mlogit(1);

  INPUT ---    mlogit(2);

  INPUT ---    mlogit(2);

  INPUT ---    mlogit(2);

  INPUT ---    mlogit(2);

  INPUT ---    mlogit(2);

  INPUT ---    mlogit(2);

  INPUT ---    mlogit(2);

  INPUT ---    mlogit(2);

  INPUT ---    mlogit(2);

  INPUT ---    mlogit(2);


  Program  MARK  - Survival Rate Estimation with Capture-Recapture Data
   gfortran(dble) Vers. 9.0 Mar 2018    25-Mar-2020 14:32:13    Page  006
 - - - - - - - - - - - - - - - - - - - - - - - - - - - - - - - - - - - - - -
 
  INPUT ---    mlogit(2);

  INPUT ---    mlogit(2);

  INPUT ---    mlogit(2);

  INPUT ---    mlogit(2);

  INPUT ---    mlogit(2);

  INPUT ---    mlogit(2);

  INPUT ---    mlogit(2);

  INPUT ---    mlogit(2);

  INPUT ---    mlogit(2);

  INPUT ---    mlogit(2);

  INPUT ---    mlogit(2);

  INPUT ---    mlogit(2);

  INPUT ---    mlogit(2);

  INPUT ---    mlogit(2);

  INPUT ---    mlogit(2);

  INPUT ---    mlogit(2);

  INPUT ---    mlogit(2);

  INPUT ---    mlogit(2);

  INPUT ---    mlogit(2);
  INPUT ---       blabel(1)=Phi:(Intercept);
  INPUT ---       blabel(2)=p:(Intercept);
  INPUT ---       blabel(3)=pent:(Intercept);
  INPUT ---       blabel(4)=pent:sexM;
  INPUT ---       blabel(5)=N:(Intercept);
  INPUT ---       rlabel(1)=Phi gF a0 t1;
  INPUT ---       rlabel(2)=p gF a0 t1;
  INPUT ---       rlabel(3)=N gF a0 t1;
  INPUT ---       rlabel(4)=pent gF a0.00547945205479452 t1.00547945205479;

  Program  MARK  - Survival Rate Estimation with Capture-Recapture Data
   gfortran(dble) Vers. 9.0 Mar 2018    25-Mar-2020 14:32:13    Page  007
 - - - - - - - - - - - - - - - - - - - - - - - - - - - - - - - - - - - - - -
 
  INPUT ---       rlabel(5)=pent gF a0.00821917808219178 t1.00821917808219;
  INPUT ---       rlabel(6)=pent gF a0.010958904109589 t1.01095890410959;
  INPUT ---       rlabel(7)=pent gF a0.0164383561643836 t1.01643835616438;
  INPUT ---       rlabel(8)=pent gF a0.0246575342465753 t1.02465753424658;
  INPUT ---       rlabel(9)=pent gF a0.0273972602739726 t1.02739726027397;
  INPUT ---       rlabel(10)=pent gF a0.0301369863013699 t1.03013698630137;
  INPUT ---       rlabel(11)=pent gF a0.0356164383561644 t1.03561643835616;
  INPUT ---       rlabel(12)=pent gF a0.0410958904109589 t1.04109589041096;
  INPUT ---       rlabel(13)=pent gF a0.0493150684931507 t1.04931506849315;
  INPUT ---       rlabel(14)=pent gF a0.0520547945205479 t1.05205479452055;
  INPUT ---       rlabel(15)=pent gF a0.0657534246575342 t1.06575342465753;
  INPUT ---       rlabel(16)=pent gF a0.0712328767123288 t1.07123287671233;
  INPUT ---       rlabel(17)=pent gF a0.0986301369863014 t1.0986301369863;
  INPUT ---       rlabel(18)=pent gF a0.101369863013699 t1.1013698630137;
  INPUT ---       rlabel(19)=pent gF a0.106849315068493 t1.10684931506849;
  INPUT ---       rlabel(20)=pent gF a0.10958904109589 t1.10958904109589;
  INPUT ---       rlabel(21)=pent gF a0.120547945205479 t1.12054794520548;
  INPUT ---       rlabel(22)=pent gF a0.350684931506849 t1.35068493150685;
  INPUT ---       rlabel(23)=pent gF a0.358904109589041 t1.35890410958904;
  INPUT ---       rlabel(24)=pent gF a0.613698630136986 t1.61369863013699;
  INPUT ---       rlabel(25)=pent gF a0.638356164383562 t1.63835616438356;
  INPUT ---       rlabel(26)=pent gF a0.646575342465753 t1.64657534246575;
  INPUT ---       rlabel(27)=pent gF a0.649315068493151 t1.64931506849315;
  INPUT ---       rlabel(28)=pent gF a0.652054794520548 t1.65205479452055;
  INPUT ---       rlabel(29)=pent gF a0.704109589041096 t1.7041095890411;
  INPUT ---       rlabel(30)=pent gF a0.706849315068493 t1.70684931506849;
  INPUT ---       rlabel(31)=pent gF a0.70958904109589 t1.70958904109589;
  INPUT ---       rlabel(32)=pent gF a0.827397260273973 t1.82739726027397;
  INPUT ---       rlabel(33)=pent gM a0.00547945205479452 t1.00547945205479;
  INPUT ---       rlabel(34)=pent gM a0.00821917808219178 t1.00821917808219;
  INPUT ---       rlabel(35)=pent gM a0.010958904109589 t1.01095890410959;
  INPUT ---       rlabel(36)=pent gM a0.0164383561643836 t1.01643835616438;
  INPUT ---       rlabel(37)=pent gM a0.0246575342465753 t1.02465753424658;
  INPUT ---       rlabel(38)=pent gM a0.0273972602739726 t1.02739726027397;
  INPUT ---       rlabel(39)=pent gM a0.0301369863013699 t1.03013698630137;
  INPUT ---       rlabel(40)=pent gM a0.0356164383561644 t1.03561643835616;
  INPUT ---       rlabel(41)=pent gM a0.0410958904109589 t1.04109589041096;
  INPUT ---       rlabel(42)=pent gM a0.0493150684931507 t1.04931506849315;
  INPUT ---       rlabel(43)=pent gM a0.0520547945205479 t1.05205479452055;
  INPUT ---       rlabel(44)=pent gM a0.0657534246575342 t1.06575342465753;
  INPUT ---       rlabel(45)=pent gM a0.0712328767123288 t1.07123287671233;
  INPUT ---       rlabel(46)=pent gM a0.0986301369863014 t1.0986301369863;
  INPUT ---       rlabel(47)=pent gM a0.101369863013699 t1.1013698630137;
  INPUT ---       rlabel(48)=pent gM a0.106849315068493 t1.10684931506849;
  INPUT ---       rlabel(49)=pent gM a0.10958904109589 t1.10958904109589;
  INPUT ---       rlabel(50)=pent gM a0.120547945205479 t1.12054794520548;

  Program  MARK  - Survival Rate Estimation with Capture-Recapture Data
   gfortran(dble) Vers. 9.0 Mar 2018    25-Mar-2020 14:32:13    Page  008
 - - - - - - - - - - - - - - - - - - - - - - - - - - - - - - - - - - - - - -
 
  INPUT ---       rlabel(51)=pent gM a0.350684931506849 t1.35068493150685;
  INPUT ---       rlabel(52)=pent gM a0.358904109589041 t1.35890410958904;
  INPUT ---       rlabel(53)=pent gM a0.613698630136986 t1.61369863013699;
  INPUT ---       rlabel(54)=pent gM a0.638356164383562 t1.63835616438356;
  INPUT ---       rlabel(55)=pent gM a0.646575342465753 t1.64657534246575;
  INPUT ---       rlabel(56)=pent gM a0.649315068493151 t1.64931506849315;
  INPUT ---       rlabel(57)=pent gM a0.652054794520548 t1.65205479452055;
  INPUT ---       rlabel(58)=pent gM a0.704109589041096 t1.7041095890411;
  INPUT ---       rlabel(59)=pent gM a0.706849315068493 t1.70684931506849;
  INPUT ---       rlabel(60)=pent gM a0.70958904109589 t1.70958904109589;
  INPUT ---       rlabel(61)=pent gM a0.827397260273973 t1.82739726027397;

 Link Function Used is PARM-SPECIFIC

 Variance Estimation Procedure Used is 2ndPart 

 M(t+1):
      16     29



 Group: 1

 U(t)+UL(t):
       0    2    2    0    1    0    3    1    1    0    0    0    0    0    1
       0    0    0    2    1    1    0    0    0    1    0    0    0    0    0

 U(t):
       0    2    2    0    1    0    3    1    1    0    0    0    0    0    1
       0    0    0    2    1    1    0    0    0    1    0    0    0    0    0

 UL(t):
       0    0    0    0    0    0    0    0    0    0    0    0    0    0    0
       0    0    0    0    0    0    0    0    0    0    0    0    0    0    0

 Not Released(t):
       0    0    0    0    0    0    0    0    0    0    0    0    0    0    0
       0    0    0    0    0    0    0    0    0    0    0    0    0    0    0

 Group: 2

 U(t)+UL(t):
       3    0    1    1    1    1    1    0    1    1    2    1    3    3    1
       1    0    2    3    1    0    0    1    0    0    0    0    0    0    1

 U(t):
       3    0    1    1    1    1    1    0    1    1    2    1    3    3    1
       1    0    2    3    1    0    0    1    0    0    0    0    0    0    1

 UL(t):
       0    0    0    0    0    0    0    0    0    0    0    0    0    0    0
       0    0    0    0    0    0    0    0    0    0    0    0    0    0    0

 Not Released(t):
       0    0    0    0    0    0    0    0    0    0    0    0    0    0    0
       0    0    0    0    0    0    0    0    0    0    0    0    0    0    0
 -2logL(saturated) = 272.93564     
 Effective Sample Size = 98

 Number of function evaluations was 29 for 5 parameters.
 Time for numerical optimization was 0.02 seconds.     
 -2logL { Phi(~1)p(~1)pent(~sex)N(~1) } = 516.82953     
 Penalty { Phi(~1)p(~1)pent(~sex)N(~1) } = 0.0000000     
 Gradient { Phi(~1)p(~1)pent(~sex)N(~1) }:
  0.5508766E-05  0.6506079E-05   0.000000      0.2427032E-04  0.5593702E-05
 Maximum ABS(G) { Phi(~1)p(~1)pent(~sex)N(~1) } = 0.2427032E-04 
 S Vector { Phi(~1)p(~1)pent(~sex)N(~1) }:
   78.85702      6.024396      1.969177     0.4673349     0.2937305    
 Time to compute number of parameters was 0.01 seconds.     
 Ratio Threshold = 50.000000       Max Gap (1/2) = 13.089616       Next Max Gap (1/2) = 13.089616     
 Gap Method for Num. of Estimated Parameters { Phi(~1)p(~1)pent(~sex)N(~1) } = 5          
 Threshold { Phi(~1)p(~1)pent(~sex)N(~1) } = 0.4854064E-04                 
 Numerical Threshold Method for Num. of Estimated Parameters { Phi(~1)p(~1)pent(~sex)N(~1) } = 5          
 Number of Estimated Parameters { Phi(~1)p(~1)pent(~sex)N(~1) } = 5          
 DEVIANCE { Phi(~1)p(~1)pent(~sex)N(~1) } = 243.89389                     
 DEVIANCE Degrees of Freedom { Phi(~1)p(~1)pent(~sex)N(~1) } = 36            
 c-hat { Phi(~1)p(~1)pent(~sex)N(~1) } = 6.7748302                     
 AIC { Phi(~1)p(~1)pent(~sex)N(~1) } = 526.82953                  
 AICc { Phi(~1)p(~1)pent(~sex)N(~1) } = 527.48170                    
 BIC { Phi(~1)p(~1)pent(~sex)N(~1) } = 539.75437                    
 Pearson Chisquare { Phi(~1)p(~1)pent(~sex)N(~1) } = 246598.73                  
 Possible Encounter Histories { Phi(~1)p(~1)pent(~sex)N(~1) } = 2147483646             
 Pearson Chisquare df { Phi(~1)p(~1)pent(~sex)N(~1) } = 2147483639        
 Pearson chat { Phi(~1)p(~1)pent(~sex)N(~1) } = 0.1148315E-03              
 Sum(Observed/Expected) { Phi(~1)p(~1)pent(~sex)N(~1) } = 246386.07                  
 Fletcher chat { Phi(~1)p(~1)pent(~sex)N(~1) } = 1.0008631                  


               PARM-SPECIFIC Link Function Parameters of { Phi(~1)p(~1)pent(~sex)N(~1) }
                                                              95% Confidence Interval
 Parameter                    Beta         Standard Error      Lower           Upper
 -------------------------  --------------  --------------  --------------  --------------
    1:Phi:(Intercept)        0.3849562       1.0371436      -1.6478454       2.4177578    
    2:p:(Intercept)         -2.5179689       0.1905882      -2.8915218      -2.1444161    
    3:pent:(Intercept)      -4.3267946       1.5580547      -7.3805819      -1.2730073    
    4:pent:sexM             -0.2574034       1.5139456      -3.2247368       2.7099300    
    5:N:(Intercept)          1.7278513       0.6318366       0.4894516       2.9662511    

  Program  MARK  - Survival Rate Estimation with Capture-Recapture Data
   gfortran(dble) Vers. 9.0 Mar 2018    25-Mar-2020 14:32:13    Page  009
 - - - - - - - - - - - - - - - - - - - - - - - - - - - - - - - - - - - - - -
 


               Real Function Parameters of { Phi(~1)p(~1)pent(~sex)N(~1) }
                                                               95% Confidence Interval
  Parameter                  Estimate       Standard Error      Lower           Upper
 --------------------------  --------------  --------------  --------------  --------------
     1:Phi gF a0 t1           0.5950679       0.2499123       0.1614004       0.9181714                          
     2:p gF a0 t1             0.0746081       0.0131585       0.0525743       0.1048542                          
     3:N gF a0 t1             21.628547       3.5563220       17.807373       33.528505                          
     4:pent gF a0.005479452   0.0095510       0.0107593       0.0010366       0.0822419                          
     5:pent gF a0.008219178   0.0095510       0.0107593       0.0010366       0.0822419                          
     6:pent gF a0.010958904   0.0095510       0.0107593       0.0010366       0.0822419                          
     7:pent gF a0.016438356   0.0095510       0.0107593       0.0010366       0.0822419                          
     8:pent gF a0.024657534   0.0095510       0.0107593       0.0010366       0.0822419                          
     9:pent gF a0.027397260   0.0095510       0.0107593       0.0010366       0.0822419                          
    10:pent gF a0.030136986   0.0095510       0.0107593       0.0010366       0.0822419                          
    11:pent gF a0.035616438   0.0095510       0.0107593       0.0010366       0.0822419                          
    12:pent gF a0.041095890   0.0095510       0.0107593       0.0010366       0.0822419                          
    13:pent gF a0.049315068   0.0095510       0.0107593       0.0010366       0.0822419                          
    14:pent gF a0.052054794   0.0095510       0.0107593       0.0010366       0.0822419                          
    15:pent gF a0.065753424   0.0095510       0.0107593       0.0010366       0.0822419                          
    16:pent gF a0.071232876   0.0095510       0.0107593       0.0010366       0.0822419                          
    17:pent gF a0.098630136   0.0095510       0.0107593       0.0010366       0.0822419                          
    18:pent gF a0.101369863   0.0095510       0.0107593       0.0010366       0.0822419                          
    19:pent gF a0.106849315   0.0095510       0.0107593       0.0010366       0.0822419                          
    20:pent gF a0.109589041   0.0095510       0.0107593       0.0010366       0.0822419                          
    21:pent gF a0.120547945   0.0095510       0.0107593       0.0010366       0.0822419                          
    22:pent gF a0.350684931   0.0095510       0.0107593       0.0010366       0.0822419                          
    23:pent gF a0.358904109   0.0095510       0.0107593       0.0010366       0.0822419                          
    24:pent gF a0.613698630   0.0095510       0.0107593       0.0010366       0.0822419                          
    25:pent gF a0.638356164   0.0095510       0.0107593       0.0010366       0.0822419                          
    26:pent gF a0.646575342   0.0095510       0.0107593       0.0010366       0.0822419                          
    27:pent gF a0.649315068   0.0095510       0.0107593       0.0010366       0.0822419                          
    28:pent gF a0.652054794   0.0095510       0.0107593       0.0010366       0.0822419                          
    29:pent gF a0.704109589   0.0095510       0.0107593       0.0010366       0.0822419                          
    30:pent gF a0.706849315   0.0095510       0.0107593       0.0010366       0.0822419                          
    31:pent gF a0.709589041   0.0095510       0.0107593       0.0010366       0.0822419                          
    32:pent gF a0.827397260   0.0095510       0.0107593       0.0010366       0.0822419                          
    33:pent gM a0.005479452   0.0078787       0.0106171       0.5539439E-03   0.1021580                          
    34:pent gM a0.008219178   0.0078787       0.0106171       0.5539439E-03   0.1021580                          
    35:pent gM a0.010958904   0.0078787       0.0106171       0.5539439E-03   0.1021580                          
    36:pent gM a0.016438356   0.0078787       0.0106171       0.5539439E-03   0.1021580                          
    37:pent gM a0.024657534   0.0078787       0.0106171       0.5539439E-03   0.1021580                          
    38:pent gM a0.027397260   0.0078787       0.0106171       0.5539439E-03   0.1021580                          
    39:pent gM a0.030136986   0.0078787       0.0106171       0.5539439E-03   0.1021580                          
    40:pent gM a0.035616438   0.0078787       0.0106171       0.5539439E-03   0.1021580                          

  Program  MARK  - Survival Rate Estimation with Capture-Recapture Data
   gfortran(dble) Vers. 9.0 Mar 2018    25-Mar-2020 14:32:13    Page  010
 - - - - - - - - - - - - - - - - - - - - - - - - - - - - - - - - - - - - - -
 
    41:pent gM a0.041095890   0.0078787       0.0106171       0.5539439E-03   0.1021580                          
    42:pent gM a0.049315068   0.0078787       0.0106171       0.5539439E-03   0.1021580                          
    43:pent gM a0.052054794   0.0078787       0.0106171       0.5539439E-03   0.1021580                          
    44:pent gM a0.065753424   0.0078787       0.0106171       0.5539439E-03   0.1021580                          
    45:pent gM a0.071232876   0.0078787       0.0106171       0.5539439E-03   0.1021580                          
    46:pent gM a0.098630136   0.0078787       0.0106171       0.5539439E-03   0.1021580                          
    47:pent gM a0.101369863   0.0078787       0.0106171       0.5539439E-03   0.1021580                          
    48:pent gM a0.106849315   0.0078787       0.0106171       0.5539439E-03   0.1021580                          
    49:pent gM a0.109589041   0.0078787       0.0106171       0.5539439E-03   0.1021580                          
    50:pent gM a0.120547945   0.0078787       0.0106171       0.5539439E-03   0.1021580                          
    51:pent gM a0.350684931   0.0078787       0.0106171       0.5539439E-03   0.1021580                          
    52:pent gM a0.358904109   0.0078787       0.0106171       0.5539439E-03   0.1021580                          
    53:pent gM a0.613698630   0.0078787       0.0106171       0.5539439E-03   0.1021580                          
    54:pent gM a0.638356164   0.0078787       0.0106171       0.5539439E-03   0.1021580                          
    55:pent gM a0.646575342   0.0078787       0.0106171       0.5539439E-03   0.1021580                          
    56:pent gM a0.649315068   0.0078787       0.0106171       0.5539439E-03   0.1021580                          
    57:pent gM a0.652054794   0.0078787       0.0106171       0.5539439E-03   0.1021580                          
    58:pent gM a0.704109589   0.0078787       0.0106171       0.5539439E-03   0.1021580                          
    59:pent gM a0.706849315   0.0078787       0.0106171       0.5539439E-03   0.1021580                          
    60:pent gM a0.709589041   0.0078787       0.0106171       0.5539439E-03   0.1021580                          
    61:pent gM a0.827397260   0.0078787       0.0106171       0.5539439E-03   0.1021580                          


                      Estimates of Derived Parameters
   Gross Birth+Immigration Estimates of { Phi(~1)p(~1)pent(~sex)N(~1) }
                                                95% Confidence Interval
 Grp. Occ.   B*-hat          Standard Error      Lower           Upper
 ---- ----   --------------  --------------  --------------  --------------
   1     1    0.2068678       0.2571317       0.0311164       1.3752956    
   1     2    0.2067208       0.2568870       0.0311036       1.3739106    
   1     3    0.2067208       0.2568870       0.0311036       1.3739106    
   1     4    0.2068678       0.2571317       0.0311164       1.3752956    
   1     5    0.2070149       0.2573765       0.0311293       1.3766818    
   1     6    0.2067208       0.2568870       0.0311036       1.3739106    
   1     7    0.2067208       0.2568870       0.0311036       1.3739106    
   1     8    0.2068678       0.2571317       0.0311164       1.3752956    
   1     9    0.2068678       0.2571317       0.0311164       1.3752956    
   1    10    0.2070149       0.2573765       0.0311293       1.3766818    
   1    11    0.2067208       0.2568870       0.0311036       1.3739106    
   1    12    0.2073092       0.2578667       0.0311551       1.3794576    
   1    13    0.2068678       0.2571317       0.0311164       1.3752956    
   1    14    0.2080463       0.2590955       0.0312195       1.3864172    
   1    15    0.2067208       0.2568870       0.0311036       1.3739106    
   1    16    0.2068678       0.2571317       0.0311164       1.3752956    
   1    17    0.2067208       0.2568870       0.0311036       1.3739106    

  Program  MARK  - Survival Rate Estimation with Capture-Recapture Data
   gfortran(dble) Vers. 9.0 Mar 2018    25-Mar-2020 14:32:13    Page  011
 - - - - - - - - - - - - - - - - - - - - - - - - - - - - - - - - - - - - - -
 
   1    18    0.2071620       0.2576215       0.0311422       1.3780691    
   1    19    0.2191581       0.2778226       0.0321750       1.4927840    
   1    20    0.2070149       0.2573765       0.0311293       1.3766818    
   1    21    0.2205356       0.2801693       0.0322915       1.5061507    
   1    22    0.2078987       0.2588493       0.0312066       1.3850230    
   1    23    0.2070149       0.2573765       0.0311293       1.3766818    
   1    24    0.2067208       0.2568870       0.0311036       1.3739106    
   1    25    0.2067208       0.2568870       0.0311036       1.3739106    
   1    26    0.2093774       0.2613189       0.0313355       1.3990170    
   1    27    0.2067208       0.2568870       0.0311036       1.3739106    
   1    28    0.2067208       0.2568870       0.0311036       1.3739106    
   1    29    0.2129545       0.2673215       0.0316450       1.4330721    
   2     1    0.2732158       0.3868649       0.0349650       2.1349023    
   2     2    0.2730217       0.3864980       0.0349505       2.1327522    
   2     3    0.2730217       0.3864980       0.0349505       2.1327522    
   2     4    0.2732158       0.3868649       0.0349650       2.1349023    
   2     5    0.2734101       0.3872321       0.0349795       2.1370540    
   2     6    0.2730217       0.3864980       0.0349505       2.1327522    
   2     7    0.2730217       0.3864980       0.0349505       2.1327522    
   2     8    0.2732158       0.3868649       0.0349650       2.1349023    
   2     9    0.2732158       0.3868649       0.0349650       2.1349023    
   2    10    0.2734101       0.3872321       0.0349795       2.1370540    
   2    11    0.2730217       0.3864980       0.0349505       2.1327522    
   2    12    0.2737988       0.3879672       0.0350085       2.1413625    
   2    13    0.2732158       0.3868649       0.0349650       2.1349023    
   2    14    0.2747723       0.3898096       0.0350809       2.1521625    
   2    15    0.2730217       0.3864980       0.0349505       2.1327522    
   2    16    0.2732158       0.3868649       0.0349650       2.1349023    
   2    17    0.2730217       0.3864980       0.0349505       2.1327522    
   2    18    0.2736044       0.3875995       0.0349940       2.1392074    
   2    19    0.2894480       0.4178338       0.0361614       2.3168364    
   2    20    0.2734101       0.3872321       0.0349795       2.1370540    
   2    21    0.2912672       0.4213388       0.0362940       2.3374821    
   2    22    0.2745774       0.3894406       0.0350664       2.1499992    
   2    23    0.2734101       0.3872321       0.0349795       2.1370540    
   2    24    0.2730217       0.3864980       0.0349505       2.1327522    
   2    25    0.2730217       0.3864980       0.0349505       2.1327522    
   2    26    0.2765302       0.3931421       0.0352115       2.1717066    
   2    27    0.2730217       0.3864980       0.0349505       2.1327522    
   2    28    0.2730217       0.3864980       0.0349505       2.1327522    
   2    29    0.2812546       0.4021316       0.0355608       2.2244792    

    Net Birth+Immigration Estimates of { Phi(~1)p(~1)pent(~sex)N(~1) }
                                                95% Confidence Interval
 Grp. Occ.   B-hat           Standard Error      Lower           Upper
 ---- ----   --------------  --------------  --------------  --------------
   1     1    0.2065739       0.2566426       0.0310907       1.3725267    
   1     2    0.2065739       0.2566426       0.0310907       1.3725267    
   1     3    0.2065739       0.2566426       0.0310907       1.3725267    
   1     4    0.2065739       0.2566426       0.0310907       1.3725267    
   1     5    0.2065739       0.2566426       0.0310907       1.3725267    
   1     6    0.2065739       0.2566426       0.0310907       1.3725267    
   1     7    0.2065739       0.2566426       0.0310907       1.3725267    
   1     8    0.2065739       0.2566426       0.0310907       1.3725267    
   1     9    0.2065739       0.2566426       0.0310907       1.3725267    
   1    10    0.2065739       0.2566426       0.0310907       1.3725267    
   1    11    0.2065739       0.2566426       0.0310907       1.3725267    
   1    12    0.2065739       0.2566426       0.0310907       1.3725267    
   1    13    0.2065739       0.2566426       0.0310907       1.3725267    
   1    14    0.2065739       0.2566426       0.0310907       1.3725267    
   1    15    0.2065739       0.2566426       0.0310907       1.3725267    
   1    16    0.2065739       0.2566426       0.0310907       1.3725267    
   1    17    0.2065739       0.2566426       0.0310907       1.3725267    
   1    18    0.2065739       0.2566426       0.0310907       1.3725267    
   1    19    0.2065739       0.2566426       0.0310907       1.3725267    
   1    20    0.2065739       0.2566426       0.0310907       1.3725267    
   1    21    0.2065739       0.2566426       0.0310907       1.3725267    
   1    22    0.2065739       0.2566426       0.0310907       1.3725267    
   1    23    0.2065739       0.2566426       0.0310907       1.3725267    
   1    24    0.2065739       0.2566426       0.0310907       1.3725267    
   1    25    0.2065739       0.2566426       0.0310907       1.3725267    
   1    26    0.2065739       0.2566426       0.0310907       1.3725267    
   1    27    0.2065739       0.2566426       0.0310907       1.3725267    
   1    28    0.2065739       0.2566426       0.0310907       1.3725267    
   1    29    0.2065739       0.2566426       0.0310907       1.3725267    
   2     1    0.2728277       0.3861313       0.0349361       2.1306038    
   2     2    0.2728277       0.3861313       0.0349361       2.1306038    
   2     3    0.2728277       0.3861313       0.0349361       2.1306038    
   2     4    0.2728277       0.3861313       0.0349361       2.1306038    
   2     5    0.2728277       0.3861313       0.0349361       2.1306038    
   2     6    0.2728277       0.3861313       0.0349361       2.1306038    
   2     7    0.2728277       0.3861313       0.0349361       2.1306038    
   2     8    0.2728277       0.3861313       0.0349361       2.1306038    
   2     9    0.2728277       0.3861313       0.0349361       2.1306038    
   2    10    0.2728277       0.3861313       0.0349361       2.1306038    
   2    11    0.2728277       0.3861313       0.0349361       2.1306038    
   2    12    0.2728277       0.3861313       0.0349361       2.1306038    
   2    13    0.2728277       0.3861313       0.0349361       2.1306038    
   2    14    0.2728277       0.3861313       0.0349361       2.1306038    
   2    15    0.2728277       0.3861313       0.0349361       2.1306038    
   2    16    0.2728277       0.3861313       0.0349361       2.1306038    
   2    17    0.2728277       0.3861313       0.0349361       2.1306038    
   2    18    0.2728277       0.3861313       0.0349361       2.1306038    
   2    19    0.2728277       0.3861313       0.0349361       2.1306038    
   2    20    0.2728277       0.3861313       0.0349361       2.1306038    
   2    21    0.2728277       0.3861313       0.0349361       2.1306038    
   2    22    0.2728277       0.3861313       0.0349361       2.1306038    
   2    23    0.2728277       0.3861313       0.0349361       2.1306038    
   2    24    0.2728277       0.3861313       0.0349361       2.1306038    
   2    25    0.2728277       0.3861313       0.0349361       2.1306038    
   2    26    0.2728277       0.3861313       0.0349361       2.1306038    
   2    27    0.2728277       0.3861313       0.0349361       2.1306038    
   2    28    0.2728277       0.3861313       0.0349361       2.1306038    
   2    29    0.2728277       0.3861313       0.0349361       2.1306038    

         Population Estimates of { Phi(~1)p(~1)pent(~sex)N(~1) }
                                                95% Confidence Interval
 Grp. Occ.   N-hat           Standard Error      Lower           Upper
 ---- ----   --------------  --------------  --------------  --------------
   1     1    15.637903       5.3826375       8.1161076       30.130702    
   1     2    15.800062       5.1513693       8.4744414       29.458220    
   1     3    15.984182       4.9241759       8.8589179       28.840326    
   1     4    16.168040       4.7001408       9.2513536       28.255923    
   1     5    16.328693       4.4790334       9.6312023       27.683587    

  Program  MARK  - Survival Rate Estimation with Capture-Recapture Data
   gfortran(dble) Vers. 9.0 Mar 2018    25-Mar-2020 14:32:13    Page  012
 - - - - - - - - - - - - - - - - - - - - - - - - - - - - - - - - - - - - - -
 
   1     6    16.465751       4.2616756       9.9960965       27.122682    
   1     7    16.648925       4.0491370       10.407133       26.634300    
   1     8    16.831839       3.8417872       10.821978       26.179205    
   1     9    16.990606       3.6405076       11.216694       25.736700    
   1    10    17.148923       3.4459325       11.611323       25.327481    
   1    11    17.282488       3.2594125       11.980379       24.931132    
   1    12    17.464502       3.0808084       12.392158       24.613051    
   1    13    17.547332       2.9143906       12.699754       24.245261    
   1    14    17.704067       2.7575628       13.070202       23.980807    
   1    15    17.660647       2.6208357       13.224324       23.585209    
   1    16    17.842123       2.4887066       13.592085       23.421082    
   1    17    17.998021       2.3760528       13.910230       23.287089    
   1    18    18.179017       2.2837179       14.225107       23.231928    
   1    19    18.282473       2.2137650       14.432403       23.159609    
   1    20    16.430440       2.5699332       12.114669       22.283677    
   1    21    16.567064       2.5063371       12.336659       22.248132    
   1    22    14.721217       3.3112676       9.5243554       22.753689    
   1    23    14.740571       3.3103488       9.5433229       22.768216    
   1    24    14.884390       3.2674721       9.7288890       22.771877    
   1    25    15.069811       3.2234715       9.9554956       22.811442    
   1    26    15.254969       3.1985130       10.159037       22.907100    
   1    27    15.054864       3.3464804       9.7890422       23.153330    
   1    28    15.240043       3.3485533       9.9576365       23.324702    
   1    29    15.424959       3.3690637       10.103366       23.549514    
   1    30    14.716530       3.7121607       9.0446812       23.945151    
   2     1    26.716545       9.1587393       13.900821       51.347597    
   2     2    26.913491       8.7938971       14.416519       50.243474    
   2     3    27.148072       8.4285554       14.980311       49.199097    
   2     4    27.382318       8.0652999       15.557707       48.194206    
   2     5    27.577374       7.7084564       16.109439       47.209065    
   2     6    27.732796       7.3594595       16.631748       46.243365    
   2     7    27.966212       7.0033991       17.246534       45.348764    
   2     8    28.199296       6.6504205       17.873127       44.491392    
   2     9    28.392031       6.3074121       18.465781       43.654121    
   2    10    28.584219       5.9687684       19.066626       42.852760    
   2    11    28.735354       5.6427710       19.626432       42.071864    
   2    12    28.967345       5.3062086       20.289360       41.357001    
   2    13    29.034926       5.0112575       20.753074       40.621786    
   2    14    29.225288       4.6965084       21.371699       39.964882    
   2    15    29.085434       4.4759724       21.549989       39.255818    
   2    16    29.316927       4.1672915       22.219062       38.682202    
   2    17    29.506488       3.8824615       22.824155       38.145238    
   2    18    29.737383       3.5998478       23.476509       37.667950    
   2    19    29.841529       3.3727049       23.928814       37.215251    
   2    20    26.754200       4.5808548       19.173354       37.332395    
   2    21    26.913127       4.3792427       19.604688       36.946081    

  Program  MARK  - Survival Rate Estimation with Capture-Recapture Data
   gfortran(dble) Vers. 9.0 Mar 2018    25-Mar-2020 14:32:13    Page  013
 - - - - - - - - - - - - - - - - - - - - - - - - - - - - - - - - - - - - - -
 
   2    22    23.851804       5.8994314       14.794532       38.453973    
   2    23    23.821292       5.8289145       14.849048       38.214838    
   2    24    23.992705       5.6717768       15.190924       37.894330    
   2    25    24.231436       5.4985915       15.618549       37.593922    
   2    26    24.469828       5.3465291       16.025388       37.363993    
   2    27    24.090319       5.5351551       15.444404       37.576296    
   2    28    24.328912       5.4202854       15.804124       37.451993    
   2    29    24.567165       5.3294796       16.136712       37.402018    
   2    30    23.382678       5.9372223       14.325976       38.164913    

      Gross Population Estimates of { Phi(~1)p(~1)pent(~sex)N(~1) }
                                                95% Confidence Interval
 Grp. Occ.   N*-hat          Standard Error      Lower           Upper
 ---- ----   --------------  --------------  --------------  --------------
   1     0    21.673541       3.6183770       15.660136       29.996061    
   2     0    34.687972       3.6414488       28.253039       42.588529    

   CPU Time for the last procedure was 0.02 seconds.     


  INPUT --- proc stop;

     CPU Time in minutes for this job was 0.00

     Time Start = 14:32:13.044   Time End = 14:32:13.591

     Wall Clock Time in minutes for this job was 0.01


          E X E C U T I O N   S U C C E S S F U L 
