
   Program  MARK  - Survival Rate Estimation with Capture-Recapture Data
   gfortran(dble) Vers. 9.0 Mar 2018    25-Mar-2020 12:21:26    Page  001
 - - - - - - - - - - - - - - - - - - - - - - - - - - - - - - - - - - - - - -
 
   This version was compiled by GCC version 7.2.0 using the options: 
     -cpp -iprefix C:/Program Files/mingw-w64/x86_64-7.2.0-posix-seh-rt_v5-rev1/
     mingw64/bin/../lib/gcc/x86_64-w64-mingw32/7.2.0/ -D_MT -D_REENTRANT
     -U_REENTRANT -D IEEE -D DBLEPRECISION -m64 -mtune=core2 -march=nocona -mthreads
     -O2 -fimplicit-none -fbounds-check -funroll-loops -ftree-vectorize
     -ffpe-summary=invalid,zero,overflow,underflow -fno-unsafe-math-optimizations
     -frounding-math -fsignaling-nans -fopenmp.

   This problem will use 15 of 16 possible threads.


  INPUT --- proc title ;

   CPU Time for the last procedure was 0.02 seconds.     


  INPUT --- proc chmatrix occasions= 33 groups= 2 etype= POPAN Nodes= 
  INPUT --- 101 ICMeans NoHist hist= 41  ;

  INPUT ---    time interval 0.00547945205479452 0.00273972602739726 
  INPUT ---    0.00273972602739726 0.00547945205479452  
  INPUT ---    0.00821917808219178 0.00273972602739726 0.00273972602739726 
  INPUT ---    0.00547945205479452  0.00547945205479452 
  INPUT ---    0.00821917808219178 0.00273972602739726 0.0136986301369863 
  INPUT ---    0.00547945205479452  0.0273972602739726 0.00273972602739726 
  INPUT ---    0.00547945205479452 0.00273972602739726 0.010958904109589  
  INPUT ---    0.23013698630137 0.00821917808219178 0.254794520547945 
  INPUT ---    0.0246575342465753 0.00821917808219178  0.00273972602739726 
  INPUT ---    0.00273972602739726 0.0520547945205479 0.00273972602739726 
  INPUT ---    0.00273972602739726  0.117808219178082 0.575342465753425 
  INPUT ---    0.00273972602739726 0.00273972602739726 ;

  INPUT ---    glabel(1)=sexF;

  INPUT ---    glabel(2)=sexM;

   * *  WARNING  * *   At least a pair of the encounter histories are duplicates. 

      Number of unique encounter histories read was 38.

      Number of individual covariates read was 0.
      Time interval lengths vary and/or not equal to 1.

      Data type number is 19
      Data type is POPAN                                                                                               

   CPU Time for the last procedure was 0.01 seconds.     

  Program  MARK  - Survival Rate Estimation with Capture-Recapture Data
   gfortran(dble) Vers. 9.0 Mar 2018    25-Mar-2020 12:21:26    Page  002
 - - - - - - - - - - - - - - - - - - - - - - - - - - - - - - - - - - - - - -
 


  INPUT --- proc estimate link=Parm-Specific NOLOOP varest=2ndPart    ;


  INPUT --- model={ Phi(~sex)p(~sex)pent(~1)N(~sex) };

  INPUT ---    group=1 Phi    rows=1 cols=32 Square ;
  INPUT ---        1 1 1 1 1 1 1 1 1 1 1 1 1 1 1 1 1 1 1 1 1 1 1 1 1 1 1 1 1 
  INPUT ---       1 1 1 ;

  INPUT ---    group=2 Phi    rows=1 cols=32 Square ;
  INPUT ---        2 2 2 2 2 2 2 2 2 2 2 2 2 2 2 2 2 2 2 2 2 2 2 2 2 2 2 2 2 
  INPUT ---       2 2 2 ;

  INPUT ---    group=1 p    rows=1 cols=33 Square ;
  INPUT ---        3 3 3 3 3 3 3 3 3 3 3 3 3 3 3 3 3 3 3 3 3 3 3 3 3 3 3 3 3 
  INPUT ---       3 3 3 3 ;

  INPUT ---    group=2 p    rows=1 cols=33 Square ;
  INPUT ---        4 4 4 4 4 4 4 4 4 4 4 4 4 4 4 4 4 4 4 4 4 4 4 4 4 4 4 4 4 
  INPUT ---       4 4 4 4 ;

  INPUT ---    group=1 pent    rows=1 cols=32 Square ;
  INPUT ---        7 8 9 10 11 12 13 14 15 16 17 18 19 20 21 22 23 24 25 26 
  INPUT ---       27 28 29 30 31 32 33 34 35 36 37 38 ;

  INPUT ---    group=2 pent    rows=1 cols=32 Square ;
  INPUT ---        39 40 41 42 43 44 45 46 47 48 49 50 51 52 53 54 55 56 57 
  INPUT ---       58 59 60 61 62 63 64 65 66 67 68 69 70 ;

  INPUT ---    group=1 N    rows=1 cols=1 Square ;
  INPUT ---        5 ;

  INPUT ---    group=2 N    rows=1 cols=1 Square ;
  INPUT ---        6 ;

  INPUT ---    design matrix constraints=70 covariates=7;
  INPUT ---        1 0 0 0 0 0 0;
  INPUT ---        1 1 0 0 0 0 0;
  INPUT ---        0 0 1 0 0 0 0;
  INPUT ---        0 0 1 1 0 0 0;
  INPUT ---        0 0 0 0 0 1 0;
  INPUT ---        0 0 0 0 0 1 1;
  INPUT ---        0 0 0 0 1 0 0;
  INPUT ---        0 0 0 0 1 0 0;

  Program  MARK  - Survival Rate Estimation with Capture-Recapture Data
   gfortran(dble) Vers. 9.0 Mar 2018    25-Mar-2020 12:21:26    Page  003
 - - - - - - - - - - - - - - - - - - - - - - - - - - - - - - - - - - - - - -
 
  INPUT ---        0 0 0 0 1 0 0;
  INPUT ---        0 0 0 0 1 0 0;
  INPUT ---        0 0 0 0 1 0 0;
  INPUT ---        0 0 0 0 1 0 0;
  INPUT ---        0 0 0 0 1 0 0;
  INPUT ---        0 0 0 0 1 0 0;
  INPUT ---        0 0 0 0 1 0 0;
  INPUT ---        0 0 0 0 1 0 0;
  INPUT ---        0 0 0 0 1 0 0;
  INPUT ---        0 0 0 0 1 0 0;
  INPUT ---        0 0 0 0 1 0 0;
  INPUT ---        0 0 0 0 1 0 0;
  INPUT ---        0 0 0 0 1 0 0;
  INPUT ---        0 0 0 0 1 0 0;
  INPUT ---        0 0 0 0 1 0 0;
  INPUT ---        0 0 0 0 1 0 0;
  INPUT ---        0 0 0 0 1 0 0;
  INPUT ---        0 0 0 0 1 0 0;
  INPUT ---        0 0 0 0 1 0 0;
  INPUT ---        0 0 0 0 1 0 0;
  INPUT ---        0 0 0 0 1 0 0;
  INPUT ---        0 0 0 0 1 0 0;
  INPUT ---        0 0 0 0 1 0 0;
  INPUT ---        0 0 0 0 1 0 0;
  INPUT ---        0 0 0 0 1 0 0;
  INPUT ---        0 0 0 0 1 0 0;
  INPUT ---        0 0 0 0 1 0 0;
  INPUT ---        0 0 0 0 1 0 0;
  INPUT ---        0 0 0 0 1 0 0;
  INPUT ---        0 0 0 0 1 0 0;
  INPUT ---        0 0 0 0 1 0 0;
  INPUT ---        0 0 0 0 1 0 0;
  INPUT ---        0 0 0 0 1 0 0;
  INPUT ---        0 0 0 0 1 0 0;
  INPUT ---        0 0 0 0 1 0 0;
  INPUT ---        0 0 0 0 1 0 0;
  INPUT ---        0 0 0 0 1 0 0;
  INPUT ---        0 0 0 0 1 0 0;
  INPUT ---        0 0 0 0 1 0 0;
  INPUT ---        0 0 0 0 1 0 0;
  INPUT ---        0 0 0 0 1 0 0;
  INPUT ---        0 0 0 0 1 0 0;
  INPUT ---        0 0 0 0 1 0 0;
  INPUT ---        0 0 0 0 1 0 0;
  INPUT ---        0 0 0 0 1 0 0;
  INPUT ---        0 0 0 0 1 0 0;

  Program  MARK  - Survival Rate Estimation with Capture-Recapture Data
   gfortran(dble) Vers. 9.0 Mar 2018    25-Mar-2020 12:21:26    Page  004
 - - - - - - - - - - - - - - - - - - - - - - - - - - - - - - - - - - - - - -
 
  INPUT ---        0 0 0 0 1 0 0;
  INPUT ---        0 0 0 0 1 0 0;
  INPUT ---        0 0 0 0 1 0 0;
  INPUT ---        0 0 0 0 1 0 0;
  INPUT ---        0 0 0 0 1 0 0;
  INPUT ---        0 0 0 0 1 0 0;
  INPUT ---        0 0 0 0 1 0 0;
  INPUT ---        0 0 0 0 1 0 0;
  INPUT ---        0 0 0 0 1 0 0;
  INPUT ---        0 0 0 0 1 0 0;
  INPUT ---        0 0 0 0 1 0 0;
  INPUT ---        0 0 0 0 1 0 0;
  INPUT ---        0 0 0 0 1 0 0;
  INPUT ---        0 0 0 0 1 0 0;
  INPUT ---        0 0 0 0 1 0 0;
  INPUT ---        0 0 0 0 1 0 0;

  INPUT ---    links=70;

  INPUT ---    Logit;

  INPUT ---    Logit;

  INPUT ---    Logit;

  INPUT ---    Logit;

  INPUT ---    Log;

  INPUT ---    Log;

  INPUT ---    mlogit(1);

  INPUT ---    mlogit(1);

  INPUT ---    mlogit(1);

  INPUT ---    mlogit(1);

  INPUT ---    mlogit(1);

  INPUT ---    mlogit(1);

  INPUT ---    mlogit(1);

  INPUT ---    mlogit(1);

  Program  MARK  - Survival Rate Estimation with Capture-Recapture Data
   gfortran(dble) Vers. 9.0 Mar 2018    25-Mar-2020 12:21:26    Page  005
 - - - - - - - - - - - - - - - - - - - - - - - - - - - - - - - - - - - - - -
 

  INPUT ---    mlogit(1);

  INPUT ---    mlogit(1);

  INPUT ---    mlogit(1);

  INPUT ---    mlogit(1);

  INPUT ---    mlogit(1);

  INPUT ---    mlogit(1);

  INPUT ---    mlogit(1);

  INPUT ---    mlogit(1);

  INPUT ---    mlogit(1);

  INPUT ---    mlogit(1);

  INPUT ---    mlogit(1);

  INPUT ---    mlogit(1);

  INPUT ---    mlogit(1);

  INPUT ---    mlogit(1);

  INPUT ---    mlogit(1);

  INPUT ---    mlogit(1);

  INPUT ---    mlogit(1);

  INPUT ---    mlogit(1);

  INPUT ---    mlogit(1);

  INPUT ---    mlogit(1);

  INPUT ---    mlogit(1);

  INPUT ---    mlogit(1);

  INPUT ---    mlogit(1);

  Program  MARK  - Survival Rate Estimation with Capture-Recapture Data
   gfortran(dble) Vers. 9.0 Mar 2018    25-Mar-2020 12:21:26    Page  006
 - - - - - - - - - - - - - - - - - - - - - - - - - - - - - - - - - - - - - -
 

  INPUT ---    mlogit(1);

  INPUT ---    mlogit(2);

  INPUT ---    mlogit(2);

  INPUT ---    mlogit(2);

  INPUT ---    mlogit(2);

  INPUT ---    mlogit(2);

  INPUT ---    mlogit(2);

  INPUT ---    mlogit(2);

  INPUT ---    mlogit(2);

  INPUT ---    mlogit(2);

  INPUT ---    mlogit(2);

  INPUT ---    mlogit(2);

  INPUT ---    mlogit(2);

  INPUT ---    mlogit(2);

  INPUT ---    mlogit(2);

  INPUT ---    mlogit(2);

  INPUT ---    mlogit(2);

  INPUT ---    mlogit(2);

  INPUT ---    mlogit(2);

  INPUT ---    mlogit(2);

  INPUT ---    mlogit(2);

  INPUT ---    mlogit(2);

  INPUT ---    mlogit(2);

  Program  MARK  - Survival Rate Estimation with Capture-Recapture Data
   gfortran(dble) Vers. 9.0 Mar 2018    25-Mar-2020 12:21:26    Page  007
 - - - - - - - - - - - - - - - - - - - - - - - - - - - - - - - - - - - - - -
 

  INPUT ---    mlogit(2);

  INPUT ---    mlogit(2);

  INPUT ---    mlogit(2);

  INPUT ---    mlogit(2);

  INPUT ---    mlogit(2);

  INPUT ---    mlogit(2);

  INPUT ---    mlogit(2);

  INPUT ---    mlogit(2);

  INPUT ---    mlogit(2);

  INPUT ---    mlogit(2);
  INPUT ---       blabel(1)=Phi:(Intercept);
  INPUT ---       blabel(2)=Phi:sexM;
  INPUT ---       blabel(3)=p:(Intercept);
  INPUT ---       blabel(4)=p:sexM;
  INPUT ---       blabel(5)=pent:(Intercept);
  INPUT ---       blabel(6)=N:(Intercept);
  INPUT ---       blabel(7)=N:sexM;
  INPUT ---       rlabel(1)=Phi gF a0 t1;
  INPUT ---       rlabel(2)=Phi gM a0 t1;
  INPUT ---       rlabel(3)=p gF a0 t1;
  INPUT ---       rlabel(4)=p gM a0 t1;
  INPUT ---       rlabel(5)=N gF a0 t1;
  INPUT ---       rlabel(6)=N gM a0 t1;
  INPUT ---       rlabel(7)=pent gF a0.00547945205479452 t1.00547945205479;
  INPUT ---       rlabel(8)=pent gF a0.00821917808219178 t1.00821917808219;
  INPUT ---       rlabel(9)=pent gF a0.010958904109589 t1.01095890410959;
  INPUT ---       rlabel(10)=pent gF a0.0164383561643836 t1.01643835616438;
  INPUT ---       rlabel(11)=pent gF a0.0246575342465753 t1.02465753424658;
  INPUT ---       rlabel(12)=pent gF a0.0273972602739726 t1.02739726027397;
  INPUT ---       rlabel(13)=pent gF a0.0301369863013699 t1.03013698630137;
  INPUT ---       rlabel(14)=pent gF a0.0356164383561644 t1.03561643835616;
  INPUT ---       rlabel(15)=pent gF a0.0410958904109589 t1.04109589041096;
  INPUT ---       rlabel(16)=pent gF a0.0493150684931507 t1.04931506849315;
  INPUT ---       rlabel(17)=pent gF a0.0520547945205479 t1.05205479452055;
  INPUT ---       rlabel(18)=pent gF a0.0657534246575342 t1.06575342465753;
  INPUT ---       rlabel(19)=pent gF a0.0712328767123288 t1.07123287671233;

  Program  MARK  - Survival Rate Estimation with Capture-Recapture Data
   gfortran(dble) Vers. 9.0 Mar 2018    25-Mar-2020 12:21:26    Page  008
 - - - - - - - - - - - - - - - - - - - - - - - - - - - - - - - - - - - - - -
 
  INPUT ---       rlabel(20)=pent gF a0.0986301369863014 t1.0986301369863;
  INPUT ---       rlabel(21)=pent gF a0.101369863013699 t1.1013698630137;
  INPUT ---       rlabel(22)=pent gF a0.106849315068493 t1.10684931506849;
  INPUT ---       rlabel(23)=pent gF a0.10958904109589 t1.10958904109589;
  INPUT ---       rlabel(24)=pent gF a0.120547945205479 t1.12054794520548;
  INPUT ---       rlabel(25)=pent gF a0.350684931506849 t1.35068493150685;
  INPUT ---       rlabel(26)=pent gF a0.358904109589041 t1.35890410958904;
  INPUT ---       rlabel(27)=pent gF a0.613698630136986 t1.61369863013699;
  INPUT ---       rlabel(28)=pent gF a0.638356164383562 t1.63835616438356;
  INPUT ---       rlabel(29)=pent gF a0.646575342465753 t1.64657534246575;
  INPUT ---       rlabel(30)=pent gF a0.649315068493151 t1.64931506849315;
  INPUT ---       rlabel(31)=pent gF a0.652054794520548 t1.65205479452055;
  INPUT ---       rlabel(32)=pent gF a0.704109589041096 t1.7041095890411;
  INPUT ---       rlabel(33)=pent gF a0.706849315068493 t1.70684931506849;
  INPUT ---       rlabel(34)=pent gF a0.70958904109589 t1.70958904109589;
  INPUT ---       rlabel(35)=pent gF a0.827397260273973 t1.82739726027397;
  INPUT ---       rlabel(36)=pent gF a1.4027397260274 t2.4027397260274;
  INPUT ---       rlabel(37)=pent gF a1.40547945205479 t2.40547945205479;
  INPUT ---       rlabel(38)=pent gF a1.40821917808219 t2.40821917808219;
  INPUT ---       rlabel(39)=pent gM a0.00547945205479452 t1.00547945205479;
  INPUT ---       rlabel(40)=pent gM a0.00821917808219178 t1.00821917808219;
  INPUT ---       rlabel(41)=pent gM a0.010958904109589 t1.01095890410959;
  INPUT ---       rlabel(42)=pent gM a0.0164383561643836 t1.01643835616438;
  INPUT ---       rlabel(43)=pent gM a0.0246575342465753 t1.02465753424658;
  INPUT ---       rlabel(44)=pent gM a0.0273972602739726 t1.02739726027397;
  INPUT ---       rlabel(45)=pent gM a0.0301369863013699 t1.03013698630137;
  INPUT ---       rlabel(46)=pent gM a0.0356164383561644 t1.03561643835616;
  INPUT ---       rlabel(47)=pent gM a0.0410958904109589 t1.04109589041096;
  INPUT ---       rlabel(48)=pent gM a0.0493150684931507 t1.04931506849315;
  INPUT ---       rlabel(49)=pent gM a0.0520547945205479 t1.05205479452055;
  INPUT ---       rlabel(50)=pent gM a0.0657534246575342 t1.06575342465753;
  INPUT ---       rlabel(51)=pent gM a0.0712328767123288 t1.07123287671233;
  INPUT ---       rlabel(52)=pent gM a0.0986301369863014 t1.0986301369863;
  INPUT ---       rlabel(53)=pent gM a0.101369863013699 t1.1013698630137;
  INPUT ---       rlabel(54)=pent gM a0.106849315068493 t1.10684931506849;
  INPUT ---       rlabel(55)=pent gM a0.10958904109589 t1.10958904109589;
  INPUT ---       rlabel(56)=pent gM a0.120547945205479 t1.12054794520548;
  INPUT ---       rlabel(57)=pent gM a0.350684931506849 t1.35068493150685;
  INPUT ---       rlabel(58)=pent gM a0.358904109589041 t1.35890410958904;
  INPUT ---       rlabel(59)=pent gM a0.613698630136986 t1.61369863013699;
  INPUT ---       rlabel(60)=pent gM a0.638356164383562 t1.63835616438356;
  INPUT ---       rlabel(61)=pent gM a0.646575342465753 t1.64657534246575;
  INPUT ---       rlabel(62)=pent gM a0.649315068493151 t1.64931506849315;
  INPUT ---       rlabel(63)=pent gM a0.652054794520548 t1.65205479452055;
  INPUT ---       rlabel(64)=pent gM a0.704109589041096 t1.7041095890411;
  INPUT ---       rlabel(65)=pent gM a0.706849315068493 t1.70684931506849;

  Program  MARK  - Survival Rate Estimation with Capture-Recapture Data
   gfortran(dble) Vers. 9.0 Mar 2018    25-Mar-2020 12:21:26    Page  009
 - - - - - - - - - - - - - - - - - - - - - - - - - - - - - - - - - - - - - -
 
  INPUT ---       rlabel(66)=pent gM a0.70958904109589 t1.70958904109589;
  INPUT ---       rlabel(67)=pent gM a0.827397260273973 t1.82739726027397;
  INPUT ---       rlabel(68)=pent gM a1.4027397260274 t2.4027397260274;
  INPUT ---       rlabel(69)=pent gM a1.40547945205479 t2.40547945205479;
  INPUT ---       rlabel(70)=pent gM a1.40821917808219 t2.40821917808219;

 Link Function Used is PARM-SPECIFIC

 Variance Estimation Procedure Used is 2ndPart 

 M(t+1):
      16     29



 Group: 1

 U(t)+UL(t):
       0    2    2    0    1    0    3    1    1    0    0    0    0    0    1
       0    0    0    2    1    1    0    0    0    1    0    0    0    0    0
       0    0    0

 U(t):
       0    2    2    0    1    0    3    1    1    0    0    0    0    0    1
       0    0    0    2    1    1    0    0    0    1    0    0    0    0    0
       0    0    0

 UL(t):
       0    0    0    0    0    0    0    0    0    0    0    0    0    0    0
       0    0    0    0    0    0    0    0    0    0    0    0    0    0    0
       0    0    0

 Not Released(t):
       0    0    0    0    0    0    0    0    0    0    0    0    0    0    0
       0    0    0    0    0    0    0    0    0    0    0    0    0    0    0
       0    0    0

 Group: 2

 U(t)+UL(t):
       3    0    1    1    1    1    1    0    1    1    2    1    3    3    1
       1    0    2    3    1    0    0    1    0    0    0    0    0    0    1
       0    0    0

 U(t):
       3    0    1    1    1    1    1    0    1    1    2    1    3    3    1
       1    0    2    3    1    0    0    1    0    0    0    0    0    0    1
       0    0    0

 UL(t):
       0    0    0    0    0    0    0    0    0    0    0    0    0    0    0
       0    0    0    0    0    0    0    0    0    0    0    0    0    0    0
       0    0    0

 Not Released(t):
       0    0    0    0    0    0    0    0    0    0    0    0    0    0    0
       0    0    0    0    0    0    0    0    0    0    0    0    0    0    0
       0    0    0
 -2logL(saturated) = 272.93564     
 Effective Sample Size = 103

 Number of function evaluations was 26 for 7 parameters.
 Time for numerical optimization was 0.12 seconds.     
 -2logL { Phi(~sex)p(~sex)pent(~1)N(~sex) } = 552.79597     
 Penalty { Phi(~sex)p(~sex)pent(~1)N(~sex) } = 0.0000000     
 Gradient { Phi(~sex)p(~sex)pent(~1)N(~sex) }:
  0.5832540E-05   0.000000     -0.8450888E-05  0.1308822E-04  0.2691484E-05
 -0.5108658E-05   0.000000    
 Maximum ABS(G) { Phi(~sex)p(~sex)pent(~1)N(~sex) } = 0.1308822E-04 
 S Vector { Phi(~sex)p(~sex)pent(~1)N(~sex) }:
   128.1568      12.39543      7.194796      2.942957      1.019401    
  0.4284497     0.3241070    
 Time to compute number of parameters was 0.20 seconds.     
 Ratio Threshold = 50.000000       Max Gap (1/2) = 10.339037       Next Max Gap (1/2) = 10.339037     
 Gap Method for Num. of Estimated Parameters { Phi(~sex)p(~sex)pent(~1)N(~sex) } = 7          
 Threshold { Phi(~sex)p(~sex)pent(~1)N(~sex) } = 0.2617645E-04                 
 Numerical Threshold Method for Num. of Estimated Parameters { Phi(~sex)p(~sex)pent(~1)N(~sex) } = 7          
 Number of Estimated Parameters { Phi(~sex)p(~sex)pent(~1)N(~sex) } = 7          
 DEVIANCE { Phi(~sex)p(~sex)pent(~1)N(~sex) } = 279.86033                     
 DEVIANCE Degrees of Freedom { Phi(~sex)p(~sex)pent(~1)N(~sex) } = 34            
 c-hat { Phi(~sex)p(~sex)pent(~1)N(~sex) } = 8.2311860                     
 AIC { Phi(~sex)p(~sex)pent(~1)N(~sex) } = 566.79597                  
 AICc { Phi(~sex)p(~sex)pent(~1)N(~sex) } = 567.97492                    
 BIC { Phi(~sex)p(~sex)pent(~1)N(~sex) } = 585.23907                    
 Pearson Chisquare { Phi(~sex)p(~sex)pent(~1)N(~sex) } = 20353118.                  


             PARM-SPECIFIC Link Function Parameters of { Phi(~sex)p(~sex)pent(~1)N(~sex) }
                                                              95% Confidence Interval
 Parameter                    Beta         Standard Error      Lower           Upper
 -------------------------  --------------  --------------  --------------  --------------
    1:Phi:(Intercept)       -1.6161484       1.0448805      -3.6641141       0.4318174    
    2:Phi:sexM               2.6997313       1.3743338       0.0060370       5.3934257    
    3:p:(Intercept)         -2.6111682       0.3161710      -3.2308633      -1.9914730    
    4:p:sexM                 0.1658410       0.3310285      -0.4829748       0.8146569    
    5:pent:(Intercept)      -4.6692856       1.5807676      -7.7675903      -1.5709810    
    6:N:(Intercept)          1.9868487       0.7075235       0.6001027       3.3735948    
    7:N:sexM                -0.3447749       0.8820986      -2.0736882       1.3841384    


             Real Function Parameters of { Phi(~sex)p(~sex)pent(~1)N(~sex) }
                                                               95% Confidence Interval
  Parameter                  Estimate       Standard Error      Lower           Upper
 --------------------------  --------------  --------------  --------------  --------------
     1:Phi gF a0 t1           0.1657367       0.1444736       0.0249865       0.6063076                          

  Program  MARK  - Survival Rate Estimation with Capture-Recapture Data
   gfortran(dble) Vers. 9.0 Mar 2018    25-Mar-2020 12:21:26    Page  010
 - - - - - - - - - - - - - - - - - - - - - - - - - - - - - - - - - - - - - -
 
     2:Phi gM a0 t1           0.7471714       0.2178800       0.2355859       0.9659144                          
     3:p gF a0 t1             0.0684231       0.0201532       0.0380207       0.1201011                          
     4:p gM a0 t1             0.0797809       0.0140350       0.0562518       0.1119841                          
     5:N gF a0 t1             23.292517       5.1596269       18.092149       41.419223                          
     6:N gM a0 t1             34.165872       4.3066685       30.243937       50.453043                          
     7:pent gF a0.005479452   0.0072139       0.0087710       0.6584902E-03   0.0741850                          
     8:pent gF a0.008219178   0.0072139       0.0087710       0.6584902E-03   0.0741850                          
     9:pent gF a0.010958904   0.0072139       0.0087710       0.6584902E-03   0.0741850                          
    10:pent gF a0.016438356   0.0072139       0.0087710       0.6584902E-03   0.0741850                          
    11:pent gF a0.024657534   0.0072139       0.0087710       0.6584902E-03   0.0741850                          
    12:pent gF a0.027397260   0.0072139       0.0087710       0.6584902E-03   0.0741850                          
    13:pent gF a0.030136986   0.0072139       0.0087710       0.6584902E-03   0.0741850                          
    14:pent gF a0.035616438   0.0072139       0.0087710       0.6584902E-03   0.0741850                          
    15:pent gF a0.041095890   0.0072139       0.0087710       0.6584902E-03   0.0741850                          
    16:pent gF a0.049315068   0.0072139       0.0087710       0.6584902E-03   0.0741850                          
    17:pent gF a0.052054794   0.0072139       0.0087710       0.6584902E-03   0.0741850                          
    18:pent gF a0.065753424   0.0072139       0.0087710       0.6584902E-03   0.0741850                          
    19:pent gF a0.071232876   0.0072139       0.0087710       0.6584902E-03   0.0741850                          
    20:pent gF a0.098630136   0.0072139       0.0087710       0.6584902E-03   0.0741850                          
    21:pent gF a0.101369863   0.0072139       0.0087710       0.6584902E-03   0.0741850                          
    22:pent gF a0.106849315   0.0072139       0.0087710       0.6584902E-03   0.0741850                          
    23:pent gF a0.109589041   0.0072139       0.0087710       0.6584902E-03   0.0741850                          
    24:pent gF a0.120547945   0.0072139       0.0087710       0.6584902E-03   0.0741850                          
    25:pent gF a0.350684931   0.0072139       0.0087710       0.6584902E-03   0.0741850                          
    26:pent gF a0.358904109   0.0072139       0.0087710       0.6584902E-03   0.0741850                          
    27:pent gF a0.613698630   0.0072139       0.0087710       0.6584902E-03   0.0741850                          
    28:pent gF a0.638356164   0.0072139       0.0087710       0.6584902E-03   0.0741850                          
    29:pent gF a0.646575342   0.0072139       0.0087710       0.6584902E-03   0.0741850                          
    30:pent gF a0.649315068   0.0072139       0.0087710       0.6584902E-03   0.0741850                          
    31:pent gF a0.652054794   0.0072139       0.0087710       0.6584902E-03   0.0741850                          
    32:pent gF a0.704109589   0.0072139       0.0087710       0.6584902E-03   0.0741850                          
    33:pent gF a0.706849315   0.0072139       0.0087710       0.6584902E-03   0.0741850                          
    34:pent gF a0.709589041   0.0072139       0.0087710       0.6584902E-03   0.0741850                          
    35:pent gF a0.827397260   0.0072139       0.0087710       0.6584902E-03   0.0741850                          
    36:pent gF a1.402739726   0.0072139       0.0087710       0.6584902E-03   0.0741850                          
    37:pent gF a1.405479452   0.0072139       0.0087710       0.6584902E-03   0.0741850                          
    38:pent gF a1.408219178   0.0072139       0.0087710       0.6584902E-03   0.0741850                          
    39:pent gM a0.005479452   0.0072139       0.0087710       0.6584902E-03   0.0741850                          
    40:pent gM a0.008219178   0.0072139       0.0087710       0.6584902E-03   0.0741850                          
    41:pent gM a0.010958904   0.0072139       0.0087710       0.6584902E-03   0.0741850                          
    42:pent gM a0.016438356   0.0072139       0.0087710       0.6584902E-03   0.0741850                          
    43:pent gM a0.024657534   0.0072139       0.0087710       0.6584902E-03   0.0741850                          
    44:pent gM a0.027397260   0.0072139       0.0087710       0.6584902E-03   0.0741850                          
    45:pent gM a0.030136986   0.0072139       0.0087710       0.6584902E-03   0.0741850                          
    46:pent gM a0.035616438   0.0072139       0.0087710       0.6584902E-03   0.0741850                          
    47:pent gM a0.041095890   0.0072139       0.0087710       0.6584902E-03   0.0741850                          

  Program  MARK  - Survival Rate Estimation with Capture-Recapture Data
   gfortran(dble) Vers. 9.0 Mar 2018    25-Mar-2020 12:21:26    Page  011
 - - - - - - - - - - - - - - - - - - - - - - - - - - - - - - - - - - - - - -
 
    48:pent gM a0.049315068   0.0072139       0.0087710       0.6584902E-03   0.0741850                          
    49:pent gM a0.052054794   0.0072139       0.0087710       0.6584902E-03   0.0741850                          
    50:pent gM a0.065753424   0.0072139       0.0087710       0.6584902E-03   0.0741850                          
    51:pent gM a0.071232876   0.0072139       0.0087710       0.6584902E-03   0.0741850                          
    52:pent gM a0.098630136   0.0072139       0.0087710       0.6584902E-03   0.0741850                          
    53:pent gM a0.101369863   0.0072139       0.0087710       0.6584902E-03   0.0741850                          
    54:pent gM a0.106849315   0.0072139       0.0087710       0.6584902E-03   0.0741850                          
    55:pent gM a0.109589041   0.0072139       0.0087710       0.6584902E-03   0.0741850                          
    56:pent gM a0.120547945   0.0072139       0.0087710       0.6584902E-03   0.0741850                          
    57:pent gM a0.350684931   0.0072139       0.0087710       0.6584902E-03   0.0741850                          
    58:pent gM a0.358904109   0.0072139       0.0087710       0.6584902E-03   0.0741850                          
    59:pent gM a0.613698630   0.0072139       0.0087710       0.6584902E-03   0.0741850                          
    60:pent gM a0.638356164   0.0072139       0.0087710       0.6584902E-03   0.0741850                          
    61:pent gM a0.646575342   0.0072139       0.0087710       0.6584902E-03   0.0741850                          
    62:pent gM a0.649315068   0.0072139       0.0087710       0.6584902E-03   0.0741850                          
    63:pent gM a0.652054794   0.0072139       0.0087710       0.6584902E-03   0.0741850                          
    64:pent gM a0.704109589   0.0072139       0.0087710       0.6584902E-03   0.0741850                          
    65:pent gM a0.706849315   0.0072139       0.0087710       0.6584902E-03   0.0741850                          
    66:pent gM a0.709589041   0.0072139       0.0087710       0.6584902E-03   0.0741850                          
    67:pent gM a0.827397260   0.0072139       0.0087710       0.6584902E-03   0.0741850                          
    68:pent gM a1.402739726   0.0072139       0.0087710       0.6584902E-03   0.0741850                          
    69:pent gM a1.405479452   0.0072139       0.0087710       0.6584902E-03   0.0741850                          
    70:pent gM a1.408219178   0.0072139       0.0087710       0.6584902E-03   0.0741850                          


                      Estimates of Derived Parameters
 Gross Birth+Immigration Estimates of { Phi(~sex)p(~sex)pent(~1)N(~sex) }
                                                95% Confidence Interval
 Grp. Occ.   B*-hat          Standard Error      Lower           Upper
 ---- ----   --------------  --------------  --------------  --------------
   1     1    0.1688583       0.2263380       0.0231360       1.2324117    
   1     2    0.1684436       0.2256867       0.0230913       1.2287395    
   1     3    0.1684436       0.2256867       0.0230913       1.2287395    
   1     4    0.1688583       0.2263380       0.0231360       1.2324117    
   1     5    0.1692737       0.2269908       0.0231808       1.2360920    
   1     6    0.1684436       0.2256867       0.0230913       1.2287395    
   1     7    0.1684436       0.2256867       0.0230913       1.2287395    
   1     8    0.1688583       0.2263380       0.0231360       1.2324117    
   1     9    0.1688583       0.2263380       0.0231360       1.2324117    
   1    10    0.1692737       0.2269908       0.0231808       1.2360920    
   1    11    0.1684436       0.2256867       0.0230913       1.2287395    
   1    12    0.1701066       0.2283003       0.0232704       1.2434770    
   1    13    0.1688583       0.2263380       0.0231360       1.2324117    
   1    14    0.1722006       0.2315979       0.0234954       1.2620810    
   1    15    0.1684436       0.2256867       0.0230913       1.2287395    

  Program  MARK  - Survival Rate Estimation with Capture-Recapture Data
   gfortran(dble) Vers. 9.0 Mar 2018    25-Mar-2020 12:21:26    Page  012
 - - - - - - - - - - - - - - - - - - - - - - - - - - - - - - - - - - - - - -
 
   1    16    0.1688583       0.2263380       0.0231360       1.2324117    
   1    17    0.1684436       0.2256867       0.0230913       1.2287395    
   1    18    0.1696898       0.2276448       0.0232256       1.2397804    
   1    19    0.2051702       0.2843767       0.0269647       1.5611059    
   1    20    0.1692737       0.2269908       0.0231808       1.2360920    
   1    21    0.2094311       0.2913003       0.0274050       1.6004860    
   1    22    0.1717805       0.2309357       0.0234503       1.2583440    
   1    23    0.1692737       0.2269908       0.0231808       1.2360920    
   1    24    0.1684436       0.2256867       0.0230913       1.2287395    
   1    25    0.1684436       0.2256867       0.0230913       1.2287395    
   1    26    0.1760126       0.2376195       0.0239032       1.2960791    
   1    27    0.1684436       0.2256867       0.0230913       1.2287395    
   1    28    0.1684436       0.2256867       0.0230913       1.2287395    
   1    29    0.1864464       0.2542163       0.0250097       1.3899529    
   1    30    0.2696221       0.3908952       0.0335038       2.1697849    
   1    31    0.1684436       0.2256867       0.0230913       1.2287395    
   1    32    0.1684436       0.2256867       0.0230913       1.2287395    
   2     1    0.2466656       0.3229993       0.0347900       1.7488926    
   2     2    0.2465671       0.3228217       0.0347826       1.7478678    
   2     3    0.2465671       0.3228217       0.0347826       1.7478678    
   2     4    0.2466656       0.3229993       0.0347900       1.7488926    
   2     5    0.2467640       0.3231770       0.0347973       1.7499179    
   2     6    0.2465671       0.3228217       0.0347826       1.7478678    
   2     7    0.2465671       0.3228217       0.0347826       1.7478678    
   2     8    0.2466656       0.3229993       0.0347900       1.7488926    
   2     9    0.2466656       0.3229993       0.0347900       1.7488926    
   2    10    0.2467640       0.3231770       0.0347973       1.7499179    
   2    11    0.2465671       0.3228217       0.0347826       1.7478678    
   2    12    0.2469610       0.3235327       0.0348121       1.7519700    
   2    13    0.2466656       0.3229993       0.0347900       1.7488926    
   2    14    0.2474541       0.3244233       0.0348490       1.7571097    
   2    15    0.2465671       0.3228217       0.0347826       1.7478678    
   2    16    0.2466656       0.3229993       0.0347900       1.7488926    
   2    17    0.2465671       0.3228217       0.0347826       1.7478678    
   2    18    0.2468625       0.3233548       0.0348047       1.7509437    
   2    19    0.2548271       0.3378467       0.0353933       1.8347231    
   2    20    0.2467640       0.3231770       0.0347973       1.7499179    
   2    21    0.2557337       0.3395102       0.0354593       1.8443603    
   2    22    0.2473554       0.3242450       0.0348416       1.7560807    
   2    23    0.2467640       0.3231770       0.0347973       1.7499179    
   2    24    0.2465671       0.3228217       0.0347826       1.7478678    
   2    25    0.2465671       0.3228217       0.0347826       1.7478678    
   2    26    0.2483431       0.3260317       0.0349154       1.7663944    
   2    27    0.2465671       0.3228217       0.0347826       1.7478678    
   2    28    0.2465671       0.3228217       0.0347826       1.7478678    
   2    29    0.2507243       0.3303534       0.0350921       1.7913631    

  Program  MARK  - Survival Rate Estimation with Capture-Recapture Data
   gfortran(dble) Vers. 9.0 Mar 2018    25-Mar-2020 12:21:26    Page  013
 - - - - - - - - - - - - - - - - - - - - - - - - - - - - - - - - - - - - - -
 
   2    30    0.2677111       0.3617444       0.0363149       1.9735470    
   2    31    0.2465671       0.3228217       0.0347826       1.7478678    
   2    32    0.2465671       0.3228217       0.0347826       1.7478678    

  Net Birth+Immigration Estimates of { Phi(~sex)p(~sex)pent(~1)N(~sex) }
                                                95% Confidence Interval
 Grp. Occ.   B-hat           Standard Error      Lower           Upper
 ---- ----   --------------  --------------  --------------  --------------
   1     1    0.1680296       0.2250367       0.0230467       1.2250754    
   1     2    0.1680296       0.2250367       0.0230467       1.2250754    
   1     3    0.1680296       0.2250367       0.0230467       1.2250754    
   1     4    0.1680296       0.2250367       0.0230467       1.2250754    
   1     5    0.1680296       0.2250367       0.0230467       1.2250754    
   1     6    0.1680296       0.2250367       0.0230467       1.2250754    
   1     7    0.1680296       0.2250367       0.0230467       1.2250754    
   1     8    0.1680296       0.2250367       0.0230467       1.2250754    
   1     9    0.1680296       0.2250367       0.0230467       1.2250754    
   1    10    0.1680296       0.2250367       0.0230467       1.2250754    
   1    11    0.1680296       0.2250367       0.0230467       1.2250754    
   1    12    0.1680296       0.2250367       0.0230467       1.2250754    
   1    13    0.1680296       0.2250367       0.0230467       1.2250754    
   1    14    0.1680296       0.2250367       0.0230467       1.2250754    
   1    15    0.1680296       0.2250367       0.0230467       1.2250754    
   1    16    0.1680296       0.2250367       0.0230467       1.2250754    
   1    17    0.1680296       0.2250367       0.0230467       1.2250754    
   1    18    0.1680296       0.2250367       0.0230467       1.2250754    
   1    19    0.1680296       0.2250367       0.0230467       1.2250754    
   1    20    0.1680296       0.2250367       0.0230467       1.2250754    
   1    21    0.1680296       0.2250367       0.0230467       1.2250754    
   1    22    0.1680296       0.2250367       0.0230467       1.2250754    
   1    23    0.1680296       0.2250367       0.0230467       1.2250754    
   1    24    0.1680296       0.2250367       0.0230467       1.2250754    
   1    25    0.1680296       0.2250367       0.0230467       1.2250754    
   1    26    0.1680296       0.2250367       0.0230467       1.2250754    
   1    27    0.1680296       0.2250367       0.0230467       1.2250754    
   1    28    0.1680296       0.2250367       0.0230467       1.2250754    
   1    29    0.1680296       0.2250367       0.0230467       1.2250754    
   1    30    0.1680296       0.2250367       0.0230467       1.2250754    
   1    31    0.1680296       0.2250367       0.0230467       1.2250754    
   1    32    0.1680296       0.2250367       0.0230467       1.2250754    
   2     1    0.2464687       0.3226442       0.0347752       1.7468436    
   2     2    0.2464687       0.3226442       0.0347752       1.7468436    
   2     3    0.2464687       0.3226442       0.0347752       1.7468436    
   2     4    0.2464687       0.3226442       0.0347752       1.7468436    
   2     5    0.2464687       0.3226442       0.0347752       1.7468436    
   2     6    0.2464687       0.3226442       0.0347752       1.7468436    
   2     7    0.2464687       0.3226442       0.0347752       1.7468436    
   2     8    0.2464687       0.3226442       0.0347752       1.7468436    
   2     9    0.2464687       0.3226442       0.0347752       1.7468436    
   2    10    0.2464687       0.3226442       0.0347752       1.7468436    
   2    11    0.2464687       0.3226442       0.0347752       1.7468436    
   2    12    0.2464687       0.3226442       0.0347752       1.7468436    
   2    13    0.2464687       0.3226442       0.0347752       1.7468436    
   2    14    0.2464687       0.3226442       0.0347752       1.7468436    
   2    15    0.2464687       0.3226442       0.0347752       1.7468436    
   2    16    0.2464687       0.3226442       0.0347752       1.7468436    
   2    17    0.2464687       0.3226442       0.0347752       1.7468436    
   2    18    0.2464687       0.3226442       0.0347752       1.7468436    
   2    19    0.2464687       0.3226442       0.0347752       1.7468436    
   2    20    0.2464687       0.3226442       0.0347752       1.7468436    
   2    21    0.2464687       0.3226442       0.0347752       1.7468436    
   2    22    0.2464687       0.3226442       0.0347752       1.7468436    
   2    23    0.2464687       0.3226442       0.0347752       1.7468436    
   2    24    0.2464687       0.3226442       0.0347752       1.7468436    
   2    25    0.2464687       0.3226442       0.0347752       1.7468436    
   2    26    0.2464687       0.3226442       0.0347752       1.7468436    
   2    27    0.2464687       0.3226442       0.0347752       1.7468436    
   2    28    0.2464687       0.3226442       0.0347752       1.7468436    
   2    29    0.2464687       0.3226442       0.0347752       1.7468436    
   2    30    0.2464687       0.3226442       0.0347752       1.7468436    
   2    31    0.2464687       0.3226442       0.0347752       1.7468436    
   2    32    0.2464687       0.3226442       0.0347752       1.7468436    

       Population Estimates of { Phi(~sex)p(~sex)pent(~1)N(~sex) }
                                                95% Confidence Interval
 Grp. Occ.   N-hat           Standard Error      Lower           Upper
 ---- ----   --------------  --------------  --------------  --------------
   1     1    17.915571       5.7306186       9.7175492       33.029695    
   1     2    17.908025       5.5416748       9.9000062       32.393652    
   1     3    17.988087       5.3739353       10.141436       31.905866    
   1     4    18.067757       5.2115934       10.381549       31.444617    
   1     5    18.058719       5.0410257       10.556403       30.892847    
   1     6    17.961932       4.8645785       10.663198       30.256494    
   1     7    18.041730       4.7200473       10.895812       29.874232    
   1     8    18.121135       4.5825489       11.123801       29.520086    
   1     9    18.111575       4.4415718       11.278442       29.084613    
   1    10    18.102107       4.3090007       11.425941       28.679152    
   1    11    18.004684       4.1760287       11.495656       28.199230    
   1    12    18.084272       4.0702679       11.697083       27.959183    
   1    13    17.812480       3.9423454       11.603171       27.344633    
   1    14    17.805944       3.8477085       11.714373       27.065182    
   1    15    17.118401       3.7243870       11.230630       26.092894    
   1    16    17.202342       3.6536364       11.396895       25.965017    
   1    17    17.201786       3.5910757       11.475289       25.785968    
   1    18    17.285317       3.5436588       11.613484       25.727181    
   1    19    17.116209       3.4980977       11.513782       25.444688    
   1    20    11.485959       3.6970529       6.2073327       21.253451    
   1    21    11.485556       3.6443879       6.2590747       21.076277    
   1    22    7.4335079       3.6480953       2.9906864       18.476374    
   1    23    7.2792902       3.5655235       2.9332697       18.064505    
   1    24    7.3405748       3.5073025       3.0181455       17.853360    
   1    25    7.4725463       3.4663785       3.1454308       17.752401    
   1    26    7.6038696       3.4394832       3.2641801       17.713126    
   1    27    7.0927407       3.3855038       2.9185872       17.236755    
   1    28    7.2259296       3.3784462       3.0228175       17.273309    
   1    29    7.3584643       3.3856198       3.1173548       17.369533    
   1    30    6.1222965       3.2467779       2.3075898       16.243145    
   1    31    2.3448010       2.1066468       0.5191518       10.590529    
   1    32    2.5013126       2.0872990       0.6016712       10.398645    
   1    33    2.6570553       2.0920442       0.6810815       10.365782    
   2     1    26.278873       7.5791955       15.100498       45.732214    
   2     2    26.483407       7.2847585       15.598642       44.963583    
   2     3    26.708737       6.9901727       16.126999       44.233686    
   2     4    26.933886       6.6980436       16.664104       43.532747    
   2     5    27.137375       6.4116753       17.186121       42.850687    
   2     6    27.318912       6.1318674       17.690752       42.187181    
   2     7    27.543574       5.8486965       18.249843       41.570138    
   2     8    27.768058       5.5694429       18.814703       40.982047    
   2     9    27.970215       5.2985718       19.358141       40.413639    
   2    10    28.172050       5.0328804       19.904120       39.874377    

  Program  MARK  - Survival Rate Estimation with Capture-Recapture Data
   gfortran(dble) Vers. 9.0 Mar 2018    25-Mar-2020 12:21:26    Page  014
 - - - - - - - - - - - - - - - - - - - - - - - - - - - - - - - - - - - - - -
 
   2    11    28.351111       4.7774701       20.423664       39.355598    
   2    12    28.574950       4.5198819       20.997809       38.886331    
   2    13    28.707557       4.2890104       21.454708       38.412261    
   2    14    28.908215       4.0526200       21.992265       37.999038    
   2    15    28.924765       3.8704259       22.277853       37.554876    
   2    16    29.148146       3.6495441       22.826903       37.219871    
   2    17    29.348101       3.4491203       23.328349       36.921215    
   2    18    29.571143       3.2599558       23.840328       36.679550    
   2    19    29.723310       3.1074066       24.229747       36.462418    
   2    20    28.041457       3.7756901       21.562614       36.466974    
   2    21    28.220830       3.6464283       21.929995       36.316255    
   2    22    26.447475       4.8097994       18.571091       37.664395    
   2    23    26.504555       4.7948532       18.645225       37.676746    
   2    24    26.687606       4.7093688       18.934398       37.615578    
   2    25    26.912772       4.6130839       19.280015       37.567258    
   2    26    27.137759       4.5367236       19.599825       37.574723    
   2    27    26.975604       4.7377995       19.169183       37.961097    
   2    28    27.200540       4.6947022       19.441857       38.055490    
   2    29    27.425297       4.6723983       19.686436       38.206354    
   2    30    26.746062       5.2314622       18.294654       39.101687    
   2    31    22.863372       7.7837020       11.946919       43.754693    
   2    32    23.091591       7.7193999       12.201088       43.702789    
   2    33    23.319628       7.6677417       12.444697       43.697735    

    Gross Population Estimates of { Phi(~sex)p(~sex)pent(~1)N(~sex) }
                                                95% Confidence Interval
 Grp. Occ.   N*-hat          Standard Error      Lower           Upper
 ---- ----   --------------  --------------  --------------  --------------
   1     0    23.526043       5.4038819       15.084604       36.691363    
   2     0    34.217268       4.3836192       26.646384       43.939223    

   CPU Time for the last procedure was 0.33 seconds.     

  Program  MARK  - Survival Rate Estimation with Capture-Recapture Data
   gfortran(dble) Vers. 9.0 Mar 2018    25-Mar-2020 12:21:26    Page  015
 - - - - - - - - - - - - - - - - - - - - - - - - - - - - - - - - - - - - - -
 


  INPUT --- proc stop;

     CPU Time in minutes for this job was 0.01

     Time Start = 12:21:26.567   Time End = 12:21:26.988

     Wall Clock Time in minutes for this job was 0.01


          E X E C U T I O N   S U C C E S S F U L 
