
   Program  MARK  - Survival Rate Estimation with Capture-Recapture Data
   gfortran(dble) Vers. 9.0 Mar 2018    25-Mar-2020 12:09:24    Page  001
 - - - - - - - - - - - - - - - - - - - - - - - - - - - - - - - - - - - - - -
 
   This version was compiled by GCC version 7.2.0 using the options: 
     -cpp -iprefix C:/Program Files/mingw-w64/x86_64-7.2.0-posix-seh-rt_v5-rev1/
     mingw64/bin/../lib/gcc/x86_64-w64-mingw32/7.2.0/ -D_MT -D_REENTRANT
     -U_REENTRANT -D IEEE -D DBLEPRECISION -m64 -mtune=core2 -march=nocona -mthreads
     -O2 -fimplicit-none -fbounds-check -funroll-loops -ftree-vectorize
     -ffpe-summary=invalid,zero,overflow,underflow -fno-unsafe-math-optimizations
     -frounding-math -fsignaling-nans -fopenmp.

   This problem will use 15 of 16 possible threads.


  INPUT --- proc title ;

   CPU Time for the last procedure was 0.02 seconds.     


  INPUT --- proc chmatrix occasions= 33 groups= 2 etype= POPAN Nodes= 
  INPUT --- 101 ICMeans NoHist hist= 41  ;

  INPUT ---    time interval 0.00547945205479452 0.00273972602739726 
  INPUT ---    0.00273972602739726 0.00547945205479452  
  INPUT ---    0.00821917808219178 0.00273972602739726 0.00273972602739726 
  INPUT ---    0.00547945205479452  0.00547945205479452 
  INPUT ---    0.00821917808219178 0.00273972602739726 0.0136986301369863 
  INPUT ---    0.00547945205479452  0.0273972602739726 0.00273972602739726 
  INPUT ---    0.00547945205479452 0.00273972602739726 0.010958904109589  
  INPUT ---    0.23013698630137 0.00821917808219178 0.254794520547945 
  INPUT ---    0.0246575342465753 0.00821917808219178  0.00273972602739726 
  INPUT ---    0.00273972602739726 0.0520547945205479 0.00273972602739726 
  INPUT ---    0.00273972602739726  0.117808219178082 0.575342465753425 
  INPUT ---    0.00273972602739726 0.00273972602739726 ;

  INPUT ---    glabel(1)=sexF;

  INPUT ---    glabel(2)=sexM;

   * *  WARNING  * *   At least a pair of the encounter histories are duplicates. 

      Number of unique encounter histories read was 38.

      Number of individual covariates read was 0.
      Time interval lengths vary and/or not equal to 1.

      Data type number is 19
      Data type is POPAN                                                                                               

   CPU Time for the last procedure was 0.01 seconds.     

  Program  MARK  - Survival Rate Estimation with Capture-Recapture Data
   gfortran(dble) Vers. 9.0 Mar 2018    25-Mar-2020 12:09:24    Page  002
 - - - - - - - - - - - - - - - - - - - - - - - - - - - - - - - - - - - - - -
 


  INPUT --- proc estimate link=Parm-Specific NOLOOP varest=2ndPart    ;


  INPUT --- model={ Phi(~sex)p(~1)pent(~1)N(~sex) };

  INPUT ---    group=1 Phi    rows=1 cols=32 Square ;
  INPUT ---        1 1 1 1 1 1 1 1 1 1 1 1 1 1 1 1 1 1 1 1 1 1 1 1 1 1 1 1 1 
  INPUT ---       1 1 1 ;

  INPUT ---    group=2 Phi    rows=1 cols=32 Square ;
  INPUT ---        2 2 2 2 2 2 2 2 2 2 2 2 2 2 2 2 2 2 2 2 2 2 2 2 2 2 2 2 2 
  INPUT ---       2 2 2 ;

  INPUT ---    group=1 p    rows=1 cols=33 Square ;
  INPUT ---        3 3 3 3 3 3 3 3 3 3 3 3 3 3 3 3 3 3 3 3 3 3 3 3 3 3 3 3 3 
  INPUT ---       3 3 3 3 ;

  INPUT ---    group=2 p    rows=1 cols=33 Square ;
  INPUT ---        3 3 3 3 3 3 3 3 3 3 3 3 3 3 3 3 3 3 3 3 3 3 3 3 3 3 3 3 3 
  INPUT ---       3 3 3 3 ;

  INPUT ---    group=1 pent    rows=1 cols=32 Square ;
  INPUT ---        6 7 8 9 10 11 12 13 14 15 16 17 18 19 20 21 22 23 24 25 26 
  INPUT ---       27 28 29 30 31 32 33 34 35 36 37 ;

  INPUT ---    group=2 pent    rows=1 cols=32 Square ;
  INPUT ---        38 39 40 41 42 43 44 45 46 47 48 49 50 51 52 53 54 55 56 
  INPUT ---       57 58 59 60 61 62 63 64 65 66 67 68 69 ;

  INPUT ---    group=1 N    rows=1 cols=1 Square ;
  INPUT ---        4 ;

  INPUT ---    group=2 N    rows=1 cols=1 Square ;
  INPUT ---        5 ;

  INPUT ---    design matrix constraints=69 covariates=6;
  INPUT ---        1 0 0 0 0 0;
  INPUT ---        1 1 0 0 0 0;
  INPUT ---        0 0 1 0 0 0;
  INPUT ---        0 0 0 0 1 0;
  INPUT ---        0 0 0 0 1 1;
  INPUT ---        0 0 0 1 0 0;
  INPUT ---        0 0 0 1 0 0;
  INPUT ---        0 0 0 1 0 0;

  Program  MARK  - Survival Rate Estimation with Capture-Recapture Data
   gfortran(dble) Vers. 9.0 Mar 2018    25-Mar-2020 12:09:24    Page  003
 - - - - - - - - - - - - - - - - - - - - - - - - - - - - - - - - - - - - - -
 
  INPUT ---        0 0 0 1 0 0;
  INPUT ---        0 0 0 1 0 0;
  INPUT ---        0 0 0 1 0 0;
  INPUT ---        0 0 0 1 0 0;
  INPUT ---        0 0 0 1 0 0;
  INPUT ---        0 0 0 1 0 0;
  INPUT ---        0 0 0 1 0 0;
  INPUT ---        0 0 0 1 0 0;
  INPUT ---        0 0 0 1 0 0;
  INPUT ---        0 0 0 1 0 0;
  INPUT ---        0 0 0 1 0 0;
  INPUT ---        0 0 0 1 0 0;
  INPUT ---        0 0 0 1 0 0;
  INPUT ---        0 0 0 1 0 0;
  INPUT ---        0 0 0 1 0 0;
  INPUT ---        0 0 0 1 0 0;
  INPUT ---        0 0 0 1 0 0;
  INPUT ---        0 0 0 1 0 0;
  INPUT ---        0 0 0 1 0 0;
  INPUT ---        0 0 0 1 0 0;
  INPUT ---        0 0 0 1 0 0;
  INPUT ---        0 0 0 1 0 0;
  INPUT ---        0 0 0 1 0 0;
  INPUT ---        0 0 0 1 0 0;
  INPUT ---        0 0 0 1 0 0;
  INPUT ---        0 0 0 1 0 0;
  INPUT ---        0 0 0 1 0 0;
  INPUT ---        0 0 0 1 0 0;
  INPUT ---        0 0 0 1 0 0;
  INPUT ---        0 0 0 1 0 0;
  INPUT ---        0 0 0 1 0 0;
  INPUT ---        0 0 0 1 0 0;
  INPUT ---        0 0 0 1 0 0;
  INPUT ---        0 0 0 1 0 0;
  INPUT ---        0 0 0 1 0 0;
  INPUT ---        0 0 0 1 0 0;
  INPUT ---        0 0 0 1 0 0;
  INPUT ---        0 0 0 1 0 0;
  INPUT ---        0 0 0 1 0 0;
  INPUT ---        0 0 0 1 0 0;
  INPUT ---        0 0 0 1 0 0;
  INPUT ---        0 0 0 1 0 0;
  INPUT ---        0 0 0 1 0 0;
  INPUT ---        0 0 0 1 0 0;
  INPUT ---        0 0 0 1 0 0;
  INPUT ---        0 0 0 1 0 0;

  Program  MARK  - Survival Rate Estimation with Capture-Recapture Data
   gfortran(dble) Vers. 9.0 Mar 2018    25-Mar-2020 12:09:24    Page  004
 - - - - - - - - - - - - - - - - - - - - - - - - - - - - - - - - - - - - - -
 
  INPUT ---        0 0 0 1 0 0;
  INPUT ---        0 0 0 1 0 0;
  INPUT ---        0 0 0 1 0 0;
  INPUT ---        0 0 0 1 0 0;
  INPUT ---        0 0 0 1 0 0;
  INPUT ---        0 0 0 1 0 0;
  INPUT ---        0 0 0 1 0 0;
  INPUT ---        0 0 0 1 0 0;
  INPUT ---        0 0 0 1 0 0;
  INPUT ---        0 0 0 1 0 0;
  INPUT ---        0 0 0 1 0 0;
  INPUT ---        0 0 0 1 0 0;
  INPUT ---        0 0 0 1 0 0;
  INPUT ---        0 0 0 1 0 0;
  INPUT ---        0 0 0 1 0 0;

  INPUT ---    links=69;

  INPUT ---    Logit;

  INPUT ---    Logit;

  INPUT ---    Logit;

  INPUT ---    Log;

  INPUT ---    Log;

  INPUT ---    mlogit(1);

  INPUT ---    mlogit(1);

  INPUT ---    mlogit(1);

  INPUT ---    mlogit(1);

  INPUT ---    mlogit(1);

  INPUT ---    mlogit(1);

  INPUT ---    mlogit(1);

  INPUT ---    mlogit(1);

  INPUT ---    mlogit(1);


  Program  MARK  - Survival Rate Estimation with Capture-Recapture Data
   gfortran(dble) Vers. 9.0 Mar 2018    25-Mar-2020 12:09:24    Page  005
 - - - - - - - - - - - - - - - - - - - - - - - - - - - - - - - - - - - - - -
 
  INPUT ---    mlogit(1);

  INPUT ---    mlogit(1);

  INPUT ---    mlogit(1);

  INPUT ---    mlogit(1);

  INPUT ---    mlogit(1);

  INPUT ---    mlogit(1);

  INPUT ---    mlogit(1);

  INPUT ---    mlogit(1);

  INPUT ---    mlogit(1);

  INPUT ---    mlogit(1);

  INPUT ---    mlogit(1);

  INPUT ---    mlogit(1);

  INPUT ---    mlogit(1);

  INPUT ---    mlogit(1);

  INPUT ---    mlogit(1);

  INPUT ---    mlogit(1);

  INPUT ---    mlogit(1);

  INPUT ---    mlogit(1);

  INPUT ---    mlogit(1);

  INPUT ---    mlogit(1);

  INPUT ---    mlogit(1);

  INPUT ---    mlogit(1);

  INPUT ---    mlogit(1);


  Program  MARK  - Survival Rate Estimation with Capture-Recapture Data
   gfortran(dble) Vers. 9.0 Mar 2018    25-Mar-2020 12:09:24    Page  006
 - - - - - - - - - - - - - - - - - - - - - - - - - - - - - - - - - - - - - -
 
  INPUT ---    mlogit(2);

  INPUT ---    mlogit(2);

  INPUT ---    mlogit(2);

  INPUT ---    mlogit(2);

  INPUT ---    mlogit(2);

  INPUT ---    mlogit(2);

  INPUT ---    mlogit(2);

  INPUT ---    mlogit(2);

  INPUT ---    mlogit(2);

  INPUT ---    mlogit(2);

  INPUT ---    mlogit(2);

  INPUT ---    mlogit(2);

  INPUT ---    mlogit(2);

  INPUT ---    mlogit(2);

  INPUT ---    mlogit(2);

  INPUT ---    mlogit(2);

  INPUT ---    mlogit(2);

  INPUT ---    mlogit(2);

  INPUT ---    mlogit(2);

  INPUT ---    mlogit(2);

  INPUT ---    mlogit(2);

  INPUT ---    mlogit(2);

  INPUT ---    mlogit(2);


  Program  MARK  - Survival Rate Estimation with Capture-Recapture Data
   gfortran(dble) Vers. 9.0 Mar 2018    25-Mar-2020 12:09:24    Page  007
 - - - - - - - - - - - - - - - - - - - - - - - - - - - - - - - - - - - - - -
 
  INPUT ---    mlogit(2);

  INPUT ---    mlogit(2);

  INPUT ---    mlogit(2);

  INPUT ---    mlogit(2);

  INPUT ---    mlogit(2);

  INPUT ---    mlogit(2);

  INPUT ---    mlogit(2);

  INPUT ---    mlogit(2);

  INPUT ---    mlogit(2);
  INPUT ---       blabel(1)=Phi:(Intercept);
  INPUT ---       blabel(2)=Phi:sexM;
  INPUT ---       blabel(3)=p:(Intercept);
  INPUT ---       blabel(4)=pent:(Intercept);
  INPUT ---       blabel(5)=N:(Intercept);
  INPUT ---       blabel(6)=N:sexM;
  INPUT ---       rlabel(1)=Phi gF a0 t1;
  INPUT ---       rlabel(2)=Phi gM a0 t1;
  INPUT ---       rlabel(3)=p gF a0 t1;
  INPUT ---       rlabel(4)=N gF a0 t1;
  INPUT ---       rlabel(5)=N gM a0 t1;
  INPUT ---       rlabel(6)=pent gF a0.00547945205479452 t1.00547945205479;
  INPUT ---       rlabel(7)=pent gF a0.00821917808219178 t1.00821917808219;
  INPUT ---       rlabel(8)=pent gF a0.010958904109589 t1.01095890410959;
  INPUT ---       rlabel(9)=pent gF a0.0164383561643836 t1.01643835616438;
  INPUT ---       rlabel(10)=pent gF a0.0246575342465753 t1.02465753424658;
  INPUT ---       rlabel(11)=pent gF a0.0273972602739726 t1.02739726027397;
  INPUT ---       rlabel(12)=pent gF a0.0301369863013699 t1.03013698630137;
  INPUT ---       rlabel(13)=pent gF a0.0356164383561644 t1.03561643835616;
  INPUT ---       rlabel(14)=pent gF a0.0410958904109589 t1.04109589041096;
  INPUT ---       rlabel(15)=pent gF a0.0493150684931507 t1.04931506849315;
  INPUT ---       rlabel(16)=pent gF a0.0520547945205479 t1.05205479452055;
  INPUT ---       rlabel(17)=pent gF a0.0657534246575342 t1.06575342465753;
  INPUT ---       rlabel(18)=pent gF a0.0712328767123288 t1.07123287671233;
  INPUT ---       rlabel(19)=pent gF a0.0986301369863014 t1.0986301369863;
  INPUT ---       rlabel(20)=pent gF a0.101369863013699 t1.1013698630137;
  INPUT ---       rlabel(21)=pent gF a0.106849315068493 t1.10684931506849;
  INPUT ---       rlabel(22)=pent gF a0.10958904109589 t1.10958904109589;
  INPUT ---       rlabel(23)=pent gF a0.120547945205479 t1.12054794520548;

  Program  MARK  - Survival Rate Estimation with Capture-Recapture Data
   gfortran(dble) Vers. 9.0 Mar 2018    25-Mar-2020 12:09:24    Page  008
 - - - - - - - - - - - - - - - - - - - - - - - - - - - - - - - - - - - - - -
 
  INPUT ---       rlabel(24)=pent gF a0.350684931506849 t1.35068493150685;
  INPUT ---       rlabel(25)=pent gF a0.358904109589041 t1.35890410958904;
  INPUT ---       rlabel(26)=pent gF a0.613698630136986 t1.61369863013699;
  INPUT ---       rlabel(27)=pent gF a0.638356164383562 t1.63835616438356;
  INPUT ---       rlabel(28)=pent gF a0.646575342465753 t1.64657534246575;
  INPUT ---       rlabel(29)=pent gF a0.649315068493151 t1.64931506849315;
  INPUT ---       rlabel(30)=pent gF a0.652054794520548 t1.65205479452055;
  INPUT ---       rlabel(31)=pent gF a0.704109589041096 t1.7041095890411;
  INPUT ---       rlabel(32)=pent gF a0.706849315068493 t1.70684931506849;
  INPUT ---       rlabel(33)=pent gF a0.70958904109589 t1.70958904109589;
  INPUT ---       rlabel(34)=pent gF a0.827397260273973 t1.82739726027397;
  INPUT ---       rlabel(35)=pent gF a1.4027397260274 t2.4027397260274;
  INPUT ---       rlabel(36)=pent gF a1.40547945205479 t2.40547945205479;
  INPUT ---       rlabel(37)=pent gF a1.40821917808219 t2.40821917808219;
  INPUT ---       rlabel(38)=pent gM a0.00547945205479452 t1.00547945205479;
  INPUT ---       rlabel(39)=pent gM a0.00821917808219178 t1.00821917808219;
  INPUT ---       rlabel(40)=pent gM a0.010958904109589 t1.01095890410959;
  INPUT ---       rlabel(41)=pent gM a0.0164383561643836 t1.01643835616438;
  INPUT ---       rlabel(42)=pent gM a0.0246575342465753 t1.02465753424658;
  INPUT ---       rlabel(43)=pent gM a0.0273972602739726 t1.02739726027397;
  INPUT ---       rlabel(44)=pent gM a0.0301369863013699 t1.03013698630137;
  INPUT ---       rlabel(45)=pent gM a0.0356164383561644 t1.03561643835616;
  INPUT ---       rlabel(46)=pent gM a0.0410958904109589 t1.04109589041096;
  INPUT ---       rlabel(47)=pent gM a0.0493150684931507 t1.04931506849315;
  INPUT ---       rlabel(48)=pent gM a0.0520547945205479 t1.05205479452055;
  INPUT ---       rlabel(49)=pent gM a0.0657534246575342 t1.06575342465753;
  INPUT ---       rlabel(50)=pent gM a0.0712328767123288 t1.07123287671233;
  INPUT ---       rlabel(51)=pent gM a0.0986301369863014 t1.0986301369863;
  INPUT ---       rlabel(52)=pent gM a0.101369863013699 t1.1013698630137;
  INPUT ---       rlabel(53)=pent gM a0.106849315068493 t1.10684931506849;
  INPUT ---       rlabel(54)=pent gM a0.10958904109589 t1.10958904109589;
  INPUT ---       rlabel(55)=pent gM a0.120547945205479 t1.12054794520548;
  INPUT ---       rlabel(56)=pent gM a0.350684931506849 t1.35068493150685;
  INPUT ---       rlabel(57)=pent gM a0.358904109589041 t1.35890410958904;
  INPUT ---       rlabel(58)=pent gM a0.613698630136986 t1.61369863013699;
  INPUT ---       rlabel(59)=pent gM a0.638356164383562 t1.63835616438356;
  INPUT ---       rlabel(60)=pent gM a0.646575342465753 t1.64657534246575;
  INPUT ---       rlabel(61)=pent gM a0.649315068493151 t1.64931506849315;
  INPUT ---       rlabel(62)=pent gM a0.652054794520548 t1.65205479452055;
  INPUT ---       rlabel(63)=pent gM a0.704109589041096 t1.7041095890411;
  INPUT ---       rlabel(64)=pent gM a0.706849315068493 t1.70684931506849;
  INPUT ---       rlabel(65)=pent gM a0.70958904109589 t1.70958904109589;
  INPUT ---       rlabel(66)=pent gM a0.827397260273973 t1.82739726027397;
  INPUT ---       rlabel(67)=pent gM a1.4027397260274 t2.4027397260274;
  INPUT ---       rlabel(68)=pent gM a1.40547945205479 t2.40547945205479;
  INPUT ---       rlabel(69)=pent gM a1.40821917808219 t2.40821917808219;

  Program  MARK  - Survival Rate Estimation with Capture-Recapture Data
   gfortran(dble) Vers. 9.0 Mar 2018    25-Mar-2020 12:09:24    Page  009
 - - - - - - - - - - - - - - - - - - - - - - - - - - - - - - - - - - - - - -
 

 Link Function Used is PARM-SPECIFIC

 Variance Estimation Procedure Used is 2ndPart 

 M(t+1):
      16     29



 Group: 1

 U(t)+UL(t):
       0    2    2    0    1    0    3    1    1    0    0    0    0    0    1
       0    0    0    2    1    1    0    0    0    1    0    0    0    0    0
       0    0    0

 U(t):
       0    2    2    0    1    0    3    1    1    0    0    0    0    0    1
       0    0    0    2    1    1    0    0    0    1    0    0    0    0    0
       0    0    0

 UL(t):
       0    0    0    0    0    0    0    0    0    0    0    0    0    0    0
       0    0    0    0    0    0    0    0    0    0    0    0    0    0    0
       0    0    0

 Not Released(t):
       0    0    0    0    0    0    0    0    0    0    0    0    0    0    0
       0    0    0    0    0    0    0    0    0    0    0    0    0    0    0
       0    0    0

 Group: 2

 U(t)+UL(t):
       3    0    1    1    1    1    1    0    1    1    2    1    3    3    1
       1    0    2    3    1    0    0    1    0    0    0    0    0    0    1
       0    0    0

 U(t):
       3    0    1    1    1    1    1    0    1    1    2    1    3    3    1
       1    0    2    3    1    0    0    1    0    0    0    0    0    0    1
       0    0    0

 UL(t):
       0    0    0    0    0    0    0    0    0    0    0    0    0    0    0
       0    0    0    0    0    0    0    0    0    0    0    0    0    0    0
       0    0    0

 Not Released(t):
       0    0    0    0    0    0    0    0    0    0    0    0    0    0    0
       0    0    0    0    0    0    0    0    0    0    0    0    0    0    0
       0    0    0
 -2logL(saturated) = 272.93564     
 Effective Sample Size = 103

 Number of function evaluations was 25 for 6 parameters.
 Time for numerical optimization was 0.11 seconds.     
 -2logL { Phi(~sex)p(~1)pent(~1)N(~sex) } = 553.04940     
 Penalty { Phi(~sex)p(~1)pent(~1)N(~sex) } = 0.0000000     
 Gradient { Phi(~sex)p(~1)pent(~1)N(~sex) }:
   0.000000     -0.1952461E-05  0.4384304E-05  0.2737302E-05 -0.2664959E-05
 -0.6710021E-05
 Maximum ABS(G) { Phi(~sex)p(~1)pent(~1)N(~sex) } = 0.6710021E-05 
 S Vector { Phi(~sex)p(~1)pent(~1)N(~sex) }:
   82.20866      8.396837      2.801800      1.696782     0.4487284    
  0.3801889    
 Time to compute number of parameters was 0.01 seconds.     
 Ratio Threshold = 50.000000       Max Gap (1/2) = 9.7904322       Next Max Gap (1/2) = 9.7904322     
 Gap Method for Num. of Estimated Parameters { Phi(~sex)p(~1)pent(~1)N(~sex) } = 6          
 Threshold { Phi(~sex)p(~1)pent(~1)N(~sex) } = 0.1342004E-04                 
 Numerical Threshold Method for Num. of Estimated Parameters { Phi(~sex)p(~1)pent(~1)N(~sex) } = 6          
 Number of Estimated Parameters { Phi(~sex)p(~1)pent(~1)N(~sex) } = 6          
 DEVIANCE { Phi(~sex)p(~1)pent(~1)N(~sex) } = 280.11376                     
 DEVIANCE Degrees of Freedom { Phi(~sex)p(~1)pent(~1)N(~sex) } = 35            
 c-hat { Phi(~sex)p(~1)pent(~1)N(~sex) } = 8.0032503                     
 AIC { Phi(~sex)p(~1)pent(~1)N(~sex) } = 565.04940                  
 AICc { Phi(~sex)p(~1)pent(~1)N(~sex) } = 565.92440                    
 BIC { Phi(~sex)p(~1)pent(~1)N(~sex) } = 580.85778                    
 Pearson Chisquare { Phi(~sex)p(~1)pent(~1)N(~sex) } = 23267694.                  


              PARM-SPECIFIC Link Function Parameters of { Phi(~sex)p(~1)pent(~1)N(~sex) }
                                                              95% Confidence Interval
 Parameter                    Beta         Standard Error      Lower           Upper
 -------------------------  --------------  --------------  --------------  --------------
    1:Phi:(Intercept)       -1.7598701       1.0102076      -3.7398770       0.2201368    
    2:Phi:sexM               2.9075793       1.3544986       0.2527619       5.5623967    
    3:p:(Intercept)         -2.4803222       0.1758494      -2.8249871      -2.1356574    
    4:pent:(Intercept)      -4.5743901       1.4177323      -7.3531455      -1.7956347    
    5:N:(Intercept)          1.8628561       0.6777982       0.5343715       3.1913406    
    6:N:sexM                -0.1370150       0.7621206      -1.6307715       1.3567415    


              Real Function Parameters of { Phi(~sex)p(~1)pent(~1)N(~sex) }
                                                               95% Confidence Interval
  Parameter                  Estimate       Standard Error      Lower           Upper
 --------------------------  --------------  --------------  --------------  --------------
     1:Phi gF a0 t1           0.1468066       0.1265330       0.0232057       0.5548130                          
     2:Phi gM a0 t1           0.7590922       0.2181602       0.2331668       0.9702849                          
     3:p gF a0 t1             0.0772492       0.0125349       0.0559888       0.1056791                          
     4:N gF a0 t1             22.442110       4.3664506       17.930469       37.497774                          
     5:N gM a0 t1             34.617244       4.2814233       30.490886       50.164206                          
     6:pent gF a0.005479452   0.0077538       0.0082653       0.9506638E-03   0.0603030                          
     7:pent gF a0.008219178   0.0077538       0.0082653       0.9506638E-03   0.0603030                          

  Program  MARK  - Survival Rate Estimation with Capture-Recapture Data
   gfortran(dble) Vers. 9.0 Mar 2018    25-Mar-2020 12:09:24    Page  010
 - - - - - - - - - - - - - - - - - - - - - - - - - - - - - - - - - - - - - -
 
     8:pent gF a0.010958904   0.0077538       0.0082653       0.9506638E-03   0.0603030                          
     9:pent gF a0.016438356   0.0077538       0.0082653       0.9506638E-03   0.0603030                          
    10:pent gF a0.024657534   0.0077538       0.0082653       0.9506638E-03   0.0603030                          
    11:pent gF a0.027397260   0.0077538       0.0082653       0.9506638E-03   0.0603030                          
    12:pent gF a0.030136986   0.0077538       0.0082653       0.9506638E-03   0.0603030                          
    13:pent gF a0.035616438   0.0077538       0.0082653       0.9506638E-03   0.0603030                          
    14:pent gF a0.041095890   0.0077538       0.0082653       0.9506638E-03   0.0603030                          
    15:pent gF a0.049315068   0.0077538       0.0082653       0.9506638E-03   0.0603030                          
    16:pent gF a0.052054794   0.0077538       0.0082653       0.9506638E-03   0.0603030                          
    17:pent gF a0.065753424   0.0077538       0.0082653       0.9506638E-03   0.0603030                          
    18:pent gF a0.071232876   0.0077538       0.0082653       0.9506638E-03   0.0603030                          
    19:pent gF a0.098630136   0.0077538       0.0082653       0.9506638E-03   0.0603030                          
    20:pent gF a0.101369863   0.0077538       0.0082653       0.9506638E-03   0.0603030                          
    21:pent gF a0.106849315   0.0077538       0.0082653       0.9506638E-03   0.0603030                          
    22:pent gF a0.109589041   0.0077538       0.0082653       0.9506638E-03   0.0603030                          
    23:pent gF a0.120547945   0.0077538       0.0082653       0.9506638E-03   0.0603030                          
    24:pent gF a0.350684931   0.0077538       0.0082653       0.9506638E-03   0.0603030                          
    25:pent gF a0.358904109   0.0077538       0.0082653       0.9506638E-03   0.0603030                          
    26:pent gF a0.613698630   0.0077538       0.0082653       0.9506638E-03   0.0603030                          
    27:pent gF a0.638356164   0.0077538       0.0082653       0.9506638E-03   0.0603030                          
    28:pent gF a0.646575342   0.0077538       0.0082653       0.9506638E-03   0.0603030                          
    29:pent gF a0.649315068   0.0077538       0.0082653       0.9506638E-03   0.0603030                          
    30:pent gF a0.652054794   0.0077538       0.0082653       0.9506638E-03   0.0603030                          
    31:pent gF a0.704109589   0.0077538       0.0082653       0.9506638E-03   0.0603030                          
    32:pent gF a0.706849315   0.0077538       0.0082653       0.9506638E-03   0.0603030                          
    33:pent gF a0.709589041   0.0077538       0.0082653       0.9506638E-03   0.0603030                          
    34:pent gF a0.827397260   0.0077538       0.0082653       0.9506638E-03   0.0603030                          
    35:pent gF a1.402739726   0.0077538       0.0082653       0.9506638E-03   0.0603030                          
    36:pent gF a1.405479452   0.0077538       0.0082653       0.9506638E-03   0.0603030                          
    37:pent gF a1.408219178   0.0077538       0.0082653       0.9506638E-03   0.0603030                          
    38:pent gM a0.005479452   0.0077538       0.0082653       0.9506638E-03   0.0603030                          
    39:pent gM a0.008219178   0.0077538       0.0082653       0.9506638E-03   0.0603030                          
    40:pent gM a0.010958904   0.0077538       0.0082653       0.9506638E-03   0.0603030                          
    41:pent gM a0.016438356   0.0077538       0.0082653       0.9506638E-03   0.0603030                          
    42:pent gM a0.024657534   0.0077538       0.0082653       0.9506638E-03   0.0603030                          
    43:pent gM a0.027397260   0.0077538       0.0082653       0.9506638E-03   0.0603030                          
    44:pent gM a0.030136986   0.0077538       0.0082653       0.9506638E-03   0.0603030                          
    45:pent gM a0.035616438   0.0077538       0.0082653       0.9506638E-03   0.0603030                          
    46:pent gM a0.041095890   0.0077538       0.0082653       0.9506638E-03   0.0603030                          
    47:pent gM a0.049315068   0.0077538       0.0082653       0.9506638E-03   0.0603030                          
    48:pent gM a0.052054794   0.0077538       0.0082653       0.9506638E-03   0.0603030                          
    49:pent gM a0.065753424   0.0077538       0.0082653       0.9506638E-03   0.0603030                          
    50:pent gM a0.071232876   0.0077538       0.0082653       0.9506638E-03   0.0603030                          
    51:pent gM a0.098630136   0.0077538       0.0082653       0.9506638E-03   0.0603030                          
    52:pent gM a0.101369863   0.0077538       0.0082653       0.9506638E-03   0.0603030                          
    53:pent gM a0.106849315   0.0077538       0.0082653       0.9506638E-03   0.0603030                          

  Program  MARK  - Survival Rate Estimation with Capture-Recapture Data
   gfortran(dble) Vers. 9.0 Mar 2018    25-Mar-2020 12:09:24    Page  011
 - - - - - - - - - - - - - - - - - - - - - - - - - - - - - - - - - - - - - -
 
    54:pent gM a0.109589041   0.0077538       0.0082653       0.9506638E-03   0.0603030                          
    55:pent gM a0.120547945   0.0077538       0.0082653       0.9506638E-03   0.0603030                          
    56:pent gM a0.350684931   0.0077538       0.0082653       0.9506638E-03   0.0603030                          
    57:pent gM a0.358904109   0.0077538       0.0082653       0.9506638E-03   0.0603030                          
    58:pent gM a0.613698630   0.0077538       0.0082653       0.9506638E-03   0.0603030                          
    59:pent gM a0.638356164   0.0077538       0.0082653       0.9506638E-03   0.0603030                          
    60:pent gM a0.646575342   0.0077538       0.0082653       0.9506638E-03   0.0603030                          
    61:pent gM a0.649315068   0.0077538       0.0082653       0.9506638E-03   0.0603030                          
    62:pent gM a0.652054794   0.0077538       0.0082653       0.9506638E-03   0.0603030                          
    63:pent gM a0.704109589   0.0077538       0.0082653       0.9506638E-03   0.0603030                          
    64:pent gM a0.706849315   0.0077538       0.0082653       0.9506638E-03   0.0603030                          
    65:pent gM a0.709589041   0.0077538       0.0082653       0.9506638E-03   0.0603030                          
    66:pent gM a0.827397260   0.0077538       0.0082653       0.9506638E-03   0.0603030                          
    67:pent gM a1.402739726   0.0077538       0.0082653       0.9506638E-03   0.0603030                          
    68:pent gM a1.405479452   0.0077538       0.0082653       0.9506638E-03   0.0603030                          
    69:pent gM a1.408219178   0.0077538       0.0082653       0.9506638E-03   0.0603030                          


                      Estimates of Derived Parameters
  Gross Birth+Immigration Estimates of { Phi(~sex)p(~1)pent(~1)N(~sex) }
                                                95% Confidence Interval
 Grp. Occ.   B*-hat          Standard Error      Lower           Upper
 ---- ----   --------------  --------------  --------------  --------------
   1     1    0.1749281       0.2079956       0.0277844       1.1013315    
   1     2    0.1744696       0.2073517       0.0277277       1.0978056    
   1     3    0.1744696       0.2073517       0.0277277       1.0978056    
   1     4    0.1749281       0.2079956       0.0277844       1.1013315    
   1     5    0.1753875       0.2086410       0.0278412       1.1048658    
   1     6    0.1744696       0.2073517       0.0277277       1.0978056    
   1     7    0.1744696       0.2073517       0.0277277       1.0978056    
   1     8    0.1749281       0.2079956       0.0277844       1.1013315    
   1     9    0.1749281       0.2079956       0.0277844       1.1013315    
   1    10    0.1753875       0.2086410       0.0278412       1.1048658    
   1    11    0.1744696       0.2073517       0.0277277       1.0978056    
   1    12    0.1763086       0.2099361       0.0279549       1.1119597    
   1    13    0.1749281       0.2079956       0.0277844       1.1013315    
   1    14    0.1786254       0.2131993       0.0282403       1.1298418    
   1    15    0.1744696       0.2073517       0.0277277       1.0978056    
   1    16    0.1749281       0.2079956       0.0277844       1.1013315    
   1    17    0.1744696       0.2073517       0.0277277       1.0978056    
   1    18    0.1758476       0.2092878       0.0278980       1.1084085    
   1    19    0.2152473       0.2657391       0.0326481       1.4191135    
   1    20    0.1753875       0.2086410       0.0278412       1.1048658    
   1    21    0.2199972       0.2726673       0.0332084       1.4574238    
   1    22    0.1781604       0.2125437       0.0281831       1.1262485    

  Program  MARK  - Survival Rate Estimation with Capture-Recapture Data
   gfortran(dble) Vers. 9.0 Mar 2018    25-Mar-2020 12:09:24    Page  012
 - - - - - - - - - - - - - - - - - - - - - - - - - - - - - - - - - - - - - -
 
   1    23    0.1753875       0.2086410       0.0278412       1.1048658    
   1    24    0.1744696       0.2073517       0.0277277       1.0978056    
   1    25    0.1744696       0.2073517       0.0277277       1.0978056    
   1    26    0.1828461       0.2191647       0.0287578       1.1625603    
   1    27    0.1744696       0.2073517       0.0277277       1.0978056    
   1    28    0.1744696       0.2073517       0.0277277       1.0978056    
   1    29    0.1944181       0.2356488       0.0301627       1.2531494    
   1    30    0.2873767       0.3728993       0.0409913       2.0147044    
   1    31    0.1744696       0.2073517       0.0277277       1.0978056    
   1    32    0.1744696       0.2073517       0.0277277       1.0978056    
   2     1    0.2686182       0.3101497       0.0442223       1.6316603    
   2     2    0.2685168       0.3099803       0.0442147       1.6307098    
   2     3    0.2685168       0.3099803       0.0442147       1.6307098    
   2     4    0.2686182       0.3101497       0.0442223       1.6316603    
   2     5    0.2687196       0.3103191       0.0442299       1.6326114    
   2     6    0.2685168       0.3099803       0.0442147       1.6307098    
   2     7    0.2685168       0.3099803       0.0442147       1.6307098    
   2     8    0.2686182       0.3101497       0.0442223       1.6316603    
   2     9    0.2686182       0.3101497       0.0442223       1.6316603    
   2    10    0.2687196       0.3103191       0.0442299       1.6326114    
   2    11    0.2685168       0.3099803       0.0442147       1.6307098    
   2    12    0.2689225       0.3106582       0.0442451       1.6345150    
   2    13    0.2686182       0.3101497       0.0442223       1.6316603    
   2    14    0.2694302       0.3115074       0.0442832       1.6392833    
   2    15    0.2685168       0.3099803       0.0442147       1.6307098    
   2    16    0.2686182       0.3101497       0.0442223       1.6316603    
   2    17    0.2685168       0.3099803       0.0442147       1.6307098    
   2    18    0.2688211       0.3104886       0.0442375       1.6335629    
   2    19    0.2770187       0.3243183       0.0448408       1.7113750    
   2    20    0.2687196       0.3103191       0.0442299       1.6326114    
   2    21    0.2779511       0.3259073       0.0449080       1.7203374    
   2    22    0.2693286       0.3113374       0.0442756       1.6383286    
   2    23    0.2687196       0.3103191       0.0442299       1.6326114    
   2    24    0.2685168       0.3099803       0.0442147       1.6307098    
   2    25    0.2685168       0.3099803       0.0442147       1.6307098    
   2    26    0.2703457       0.3130413       0.0443515       1.6478990    
   2    27    0.2685168       0.3099803       0.0442147       1.6307098    
   2    28    0.2685168       0.3099803       0.0442147       1.6307098    
   2    29    0.2727970       0.3171644       0.0445330       1.6710801    
   2    30    0.2902608       0.3471712       0.0457717       1.8406876    
   2    31    0.2685168       0.3099803       0.0442147       1.6307098    
   2    32    0.2685168       0.3099803       0.0442147       1.6307098    

   Net Birth+Immigration Estimates of { Phi(~sex)p(~1)pent(~1)N(~sex) }
                                                95% Confidence Interval
 Grp. Occ.   B-hat           Standard Error      Lower           Upper
 ---- ----   --------------  --------------  --------------  --------------
   1     1    0.1740118       0.2067092       0.0276711       1.0942881    
   1     2    0.1740118       0.2067092       0.0276711       1.0942881    
   1     3    0.1740118       0.2067092       0.0276711       1.0942881    
   1     4    0.1740118       0.2067092       0.0276711       1.0942881    
   1     5    0.1740118       0.2067092       0.0276711       1.0942881    
   1     6    0.1740118       0.2067092       0.0276711       1.0942881    
   1     7    0.1740118       0.2067092       0.0276711       1.0942881    
   1     8    0.1740118       0.2067092       0.0276711       1.0942881    
   1     9    0.1740118       0.2067092       0.0276711       1.0942881    
   1    10    0.1740118       0.2067092       0.0276711       1.0942881    
   1    11    0.1740118       0.2067092       0.0276711       1.0942881    
   1    12    0.1740118       0.2067092       0.0276711       1.0942881    
   1    13    0.1740118       0.2067092       0.0276711       1.0942881    
   1    14    0.1740118       0.2067092       0.0276711       1.0942881    
   1    15    0.1740118       0.2067092       0.0276711       1.0942881    
   1    16    0.1740118       0.2067092       0.0276711       1.0942881    
   1    17    0.1740118       0.2067092       0.0276711       1.0942881    
   1    18    0.1740118       0.2067092       0.0276711       1.0942881    
   1    19    0.1740118       0.2067092       0.0276711       1.0942881    
   1    20    0.1740118       0.2067092       0.0276711       1.0942881    
   1    21    0.1740118       0.2067092       0.0276711       1.0942881    
   1    22    0.1740118       0.2067092       0.0276711       1.0942881    
   1    23    0.1740118       0.2067092       0.0276711       1.0942881    
   1    24    0.1740118       0.2067092       0.0276711       1.0942881    
   1    25    0.1740118       0.2067092       0.0276711       1.0942881    
   1    26    0.1740118       0.2067092       0.0276711       1.0942881    
   1    27    0.1740118       0.2067092       0.0276711       1.0942881    
   1    28    0.1740118       0.2067092       0.0276711       1.0942881    
   1    29    0.1740118       0.2067092       0.0276711       1.0942881    
   1    30    0.1740118       0.2067092       0.0276711       1.0942881    
   1    31    0.1740118       0.2067092       0.0276711       1.0942881    
   1    32    0.1740118       0.2067092       0.0276711       1.0942881    
   2     1    0.2684155       0.3098110       0.0442071       1.6297598    
   2     2    0.2684155       0.3098110       0.0442071       1.6297598    
   2     3    0.2684155       0.3098110       0.0442071       1.6297598    
   2     4    0.2684155       0.3098110       0.0442071       1.6297598    
   2     5    0.2684155       0.3098110       0.0442071       1.6297598    
   2     6    0.2684155       0.3098110       0.0442071       1.6297598    
   2     7    0.2684155       0.3098110       0.0442071       1.6297598    
   2     8    0.2684155       0.3098110       0.0442071       1.6297598    
   2     9    0.2684155       0.3098110       0.0442071       1.6297598    
   2    10    0.2684155       0.3098110       0.0442071       1.6297598    
   2    11    0.2684155       0.3098110       0.0442071       1.6297598    
   2    12    0.2684155       0.3098110       0.0442071       1.6297598    
   2    13    0.2684155       0.3098110       0.0442071       1.6297598    
   2    14    0.2684155       0.3098110       0.0442071       1.6297598    
   2    15    0.2684155       0.3098110       0.0442071       1.6297598    
   2    16    0.2684155       0.3098110       0.0442071       1.6297598    
   2    17    0.2684155       0.3098110       0.0442071       1.6297598    
   2    18    0.2684155       0.3098110       0.0442071       1.6297598    
   2    19    0.2684155       0.3098110       0.0442071       1.6297598    
   2    20    0.2684155       0.3098110       0.0442071       1.6297598    
   2    21    0.2684155       0.3098110       0.0442071       1.6297598    
   2    22    0.2684155       0.3098110       0.0442071       1.6297598    
   2    23    0.2684155       0.3098110       0.0442071       1.6297598    
   2    24    0.2684155       0.3098110       0.0442071       1.6297598    
   2    25    0.2684155       0.3098110       0.0442071       1.6297598    
   2    26    0.2684155       0.3098110       0.0442071       1.6297598    
   2    27    0.2684155       0.3098110       0.0442071       1.6297598    
   2    28    0.2684155       0.3098110       0.0442071       1.6297598    
   2    29    0.2684155       0.3098110       0.0442071       1.6297598    
   2    30    0.2684155       0.3098110       0.0442071       1.6297598    
   2    31    0.2684155       0.3098110       0.0442071       1.6297598    
   2    32    0.2684155       0.3098110       0.0442071       1.6297598    

        Population Estimates of { Phi(~sex)p(~1)pent(~1)N(~sex) }
                                                95% Confidence Interval
 Grp. Occ.   N-hat           Standard Error      Lower           Upper
 ---- ----   --------------  --------------  --------------  --------------
   1     1    16.873731       4.8727513       9.6895666       29.384473    
   1     2    16.871277       4.6850795       9.8888268       28.784001    
   1     3    16.956837       4.5185432       10.148387       28.333007    
   1     4    17.041949       4.3566528       10.407499       27.905647    

  Program  MARK  - Survival Rate Estimation with Capture-Recapture Data
   gfortran(dble) Vers. 9.0 Mar 2018    25-Mar-2020 12:09:24    Page  013
 - - - - - - - - - - - - - - - - - - - - - - - - - - - - - - - - - - - - - -
 
   1     5    17.037735       4.1850741       10.601749       27.380806    
   1     6    16.945176       4.0062459       10.728231       26.764803    
   1     7    17.030348       3.8598455       10.982727       26.408082    
   1     8    17.115074       3.7198083       11.233237       26.076701    
   1     9    17.110096       3.5750773       11.410143       25.657468    
   1    10    17.105170       3.4382503       11.580269       25.265980    
   1    11    17.011555       3.3002031       11.671660       24.794503    
   1    12    17.096380       3.1900043       11.896876       24.568314    
   1    13    16.826906       3.0564720       11.820628       23.953444    
   1    14    16.824941       2.9572434       11.952963       23.682718    
   1    15    16.137385       2.8326620       11.469583       22.704853    
   1    16    16.226793       2.7580719       11.656818       22.588395    
   1    17    16.231104       2.6933147       11.750573       22.420076    
   1    18    16.320020       2.6441617       11.904176       22.373919    
   1    19    16.154467       2.6005246       11.807020       22.102681    
   1    20    10.561965       2.9525080       6.1695818       18.081469    
   1    21    10.570725       2.9031058       6.2311216       17.932601    
   1    22    6.6573118       2.9946714       2.8700715       15.442054    
   1    23    6.5237073       2.9202961       2.8230117       15.075657    
   1    24    6.5956495       2.8668846       2.9184476       14.906073    
   1    25    6.7350820       2.8298961       3.0557625       14.844521    
   1    26    6.8737834       2.8074243       3.1831473       14.843454    
   1    27    6.3944497       2.7697592       2.8368043       14.413750    
   1    28    6.5349370       2.7677511       2.9477322       14.487545    
   1    29    6.6746878       2.7803358       3.0474875       14.619078    
   1    30    5.4983635       2.6693802       2.2317268       13.546462    
   1    31    1.9971803       1.6725559       0.4785149       8.3356426    
   1    32    2.1607214       1.6602226       0.5685721       8.2113017    
   1    33    2.3234051       1.6733703       0.6544471       8.2485073    
   2     1    26.027948       7.3351381       15.139806       44.746552    
   2     2    26.257083       7.0554880       15.649208       44.055546    
   2     3    26.505678       6.7759303       16.187055       43.402026    
   2     4    26.754085       6.4989442       16.733005       42.776601    
   2     5    26.982124       6.2275612       17.264579       42.169290    
   2     6    27.189482       5.9624774       17.779603       41.579552    
   2     7    27.437373       5.6947798       18.345402       41.035317    
   2     8    27.685076       5.4311484       18.916087       40.519133    
   2     9    27.911710       5.1755691       19.466161       40.021428    
   2    10    28.138002       4.9252358       20.017973       39.551814    
   2    11    28.342744       4.6846377       20.544482       39.101066    
   2    12    28.589764       4.4431131       21.120881       38.699835    
   2    13    28.750435       4.2254995       21.587751       38.289654    
   2    14    28.975461       4.0043334       22.128414       37.941144    
   2    15    29.025891       3.8304928       22.435540       37.552130    
   2    16    29.272395       3.6248735       22.985327       37.279135    
   2    17    29.496634       3.4383515       23.489984       37.039250    

  Program  MARK  - Survival Rate Estimation with Capture-Recapture Data
   gfortran(dble) Vers. 9.0 Mar 2018    25-Mar-2020 12:09:24    Page  014
 - - - - - - - - - - - - - - - - - - - - - - - - - - - - - - - - - - - - - -
 
   2    18    29.742783       3.2633431       24.003043       36.855040    
   2    19    29.921492       3.1206933       24.403082       36.687813    
   2    20    28.350840       3.7323819       21.927263       36.656199    
   2    21    28.555100       3.6098024       22.310177       36.548062    
   2    22    26.886904       4.7597328       19.055159       37.937528    
   2    23    26.973205       4.7496699       19.150752       37.990873    
   2    24    27.180583       4.6676207       19.460016       37.964207    
   2    25    27.428480       4.5732391       19.826560       37.945138    
   2    26    27.676191       4.4972739       20.169125       37.977430    
   2    27    27.550344       4.7005105       19.766824       38.398757    
   2    28    27.797963       4.6551870       20.065426       38.510359    
   2    29    28.045395       4.6291103       20.337830       38.673946    
   2    30    27.417755       5.1995782       18.968305       39.631020    
   2    31    23.665420       7.8676993       12.546019       44.639826    
   2    32    23.915971       7.8021154       12.822891       44.605673    
   2    33    24.166333       7.7480042       13.090269       44.614183    

     Gross Population Estimates of { Phi(~sex)p(~1)pent(~1)N(~sex) }
                                                95% Confidence Interval
 Grp. Occ.   N*-hat          Standard Error      Lower           Upper
 ---- ----   --------------  --------------  --------------  --------------
   1     0    22.701782       4.6449821       15.264274       33.763211    
   2     0    34.670131       4.3550038       27.130021       44.305827    

   CPU Time for the last procedure was 0.12 seconds.     

  Program  MARK  - Survival Rate Estimation with Capture-Recapture Data
   gfortran(dble) Vers. 9.0 Mar 2018    25-Mar-2020 12:09:24    Page  015
 - - - - - - - - - - - - - - - - - - - - - - - - - - - - - - - - - - - - - -
 


  INPUT --- proc stop;

     CPU Time in minutes for this job was 0.00

     Time Start = 12:09:24.231   Time End = 12:09:24.622

     Wall Clock Time in minutes for this job was 0.01


          E X E C U T I O N   S U C C E S S F U L 
