
   Program  MARK  - Survival Rate Estimation with Capture-Recapture Data
   gfortran(dble) Vers. 9.0 Mar 2018    25-Mar-2020 12:21:19    Page  001
 - - - - - - - - - - - - - - - - - - - - - - - - - - - - - - - - - - - - - -
 
   This version was compiled by GCC version 7.2.0 using the options: 
     -cpp -iprefix C:/Program Files/mingw-w64/x86_64-7.2.0-posix-seh-rt_v5-rev1/
     mingw64/bin/../lib/gcc/x86_64-w64-mingw32/7.2.0/ -D_MT -D_REENTRANT
     -U_REENTRANT -D IEEE -D DBLEPRECISION -m64 -mtune=core2 -march=nocona -mthreads
     -O2 -fimplicit-none -fbounds-check -funroll-loops -ftree-vectorize
     -ffpe-summary=invalid,zero,overflow,underflow -fno-unsafe-math-optimizations
     -frounding-math -fsignaling-nans -fopenmp.

   This problem will use 15 of 16 possible threads.


  INPUT --- proc title ;

   CPU Time for the last procedure was 0.01 seconds.     


  INPUT --- proc chmatrix occasions= 33 groups= 2 etype= POPAN Nodes= 
  INPUT --- 101 ICMeans NoHist hist= 41  ;

  INPUT ---    time interval 0.00547945205479452 0.00273972602739726 
  INPUT ---    0.00273972602739726 0.00547945205479452  
  INPUT ---    0.00821917808219178 0.00273972602739726 0.00273972602739726 
  INPUT ---    0.00547945205479452  0.00547945205479452 
  INPUT ---    0.00821917808219178 0.00273972602739726 0.0136986301369863 
  INPUT ---    0.00547945205479452  0.0273972602739726 0.00273972602739726 
  INPUT ---    0.00547945205479452 0.00273972602739726 0.010958904109589  
  INPUT ---    0.23013698630137 0.00821917808219178 0.254794520547945 
  INPUT ---    0.0246575342465753 0.00821917808219178  0.00273972602739726 
  INPUT ---    0.00273972602739726 0.0520547945205479 0.00273972602739726 
  INPUT ---    0.00273972602739726  0.117808219178082 0.575342465753425 
  INPUT ---    0.00273972602739726 0.00273972602739726 ;

  INPUT ---    glabel(1)=sexF;

  INPUT ---    glabel(2)=sexM;

   * *  WARNING  * *   At least a pair of the encounter histories are duplicates. 

      Number of unique encounter histories read was 38.

      Number of individual covariates read was 0.
      Time interval lengths vary and/or not equal to 1.

      Data type number is 19
      Data type is POPAN                                                                                               

   CPU Time for the last procedure was 0.01 seconds.     

  Program  MARK  - Survival Rate Estimation with Capture-Recapture Data
   gfortran(dble) Vers. 9.0 Mar 2018    25-Mar-2020 12:21:19    Page  002
 - - - - - - - - - - - - - - - - - - - - - - - - - - - - - - - - - - - - - -
 


  INPUT --- proc estimate link=Parm-Specific NOLOOP varest=2ndPart    ;


  INPUT --- model={ Phi(~sex)p(~1)pent(~1)N(~sex) };

  INPUT ---    group=1 Phi    rows=1 cols=32 Square ;
  INPUT ---        1 1 1 1 1 1 1 1 1 1 1 1 1 1 1 1 1 1 1 1 1 1 1 1 1 1 1 1 1 
  INPUT ---       1 1 1 ;

  INPUT ---    group=2 Phi    rows=1 cols=32 Square ;
  INPUT ---        2 2 2 2 2 2 2 2 2 2 2 2 2 2 2 2 2 2 2 2 2 2 2 2 2 2 2 2 2 
  INPUT ---       2 2 2 ;

  INPUT ---    group=1 p    rows=1 cols=33 Square ;
  INPUT ---        3 3 3 3 3 3 3 3 3 3 3 3 3 3 3 3 3 3 3 3 3 3 3 3 3 3 3 3 3 
  INPUT ---       3 3 3 3 ;

  INPUT ---    group=2 p    rows=1 cols=33 Square ;
  INPUT ---        3 3 3 3 3 3 3 3 3 3 3 3 3 3 3 3 3 3 3 3 3 3 3 3 3 3 3 3 3 
  INPUT ---       3 3 3 3 ;

  INPUT ---    group=1 pent    rows=1 cols=32 Square ;
  INPUT ---        6 7 8 9 10 11 12 13 14 15 16 17 18 19 20 21 22 23 24 25 26 
  INPUT ---       27 28 29 30 31 32 33 34 35 36 37 ;

  INPUT ---    group=2 pent    rows=1 cols=32 Square ;
  INPUT ---        38 39 40 41 42 43 44 45 46 47 48 49 50 51 52 53 54 55 56 
  INPUT ---       57 58 59 60 61 62 63 64 65 66 67 68 69 ;

  INPUT ---    group=1 N    rows=1 cols=1 Square ;
  INPUT ---        4 ;

  INPUT ---    group=2 N    rows=1 cols=1 Square ;
  INPUT ---        5 ;

  INPUT ---    design matrix constraints=69 covariates=6;
  INPUT ---        1 0 0 0 0 0;
  INPUT ---        1 1 0 0 0 0;
  INPUT ---        0 0 1 0 0 0;
  INPUT ---        0 0 0 0 1 0;
  INPUT ---        0 0 0 0 1 1;
  INPUT ---        0 0 0 1 0 0;
  INPUT ---        0 0 0 1 0 0;
  INPUT ---        0 0 0 1 0 0;

  Program  MARK  - Survival Rate Estimation with Capture-Recapture Data
   gfortran(dble) Vers. 9.0 Mar 2018    25-Mar-2020 12:21:19    Page  003
 - - - - - - - - - - - - - - - - - - - - - - - - - - - - - - - - - - - - - -
 
  INPUT ---        0 0 0 1 0 0;
  INPUT ---        0 0 0 1 0 0;
  INPUT ---        0 0 0 1 0 0;
  INPUT ---        0 0 0 1 0 0;
  INPUT ---        0 0 0 1 0 0;
  INPUT ---        0 0 0 1 0 0;
  INPUT ---        0 0 0 1 0 0;
  INPUT ---        0 0 0 1 0 0;
  INPUT ---        0 0 0 1 0 0;
  INPUT ---        0 0 0 1 0 0;
  INPUT ---        0 0 0 1 0 0;
  INPUT ---        0 0 0 1 0 0;
  INPUT ---        0 0 0 1 0 0;
  INPUT ---        0 0 0 1 0 0;
  INPUT ---        0 0 0 1 0 0;
  INPUT ---        0 0 0 1 0 0;
  INPUT ---        0 0 0 1 0 0;
  INPUT ---        0 0 0 1 0 0;
  INPUT ---        0 0 0 1 0 0;
  INPUT ---        0 0 0 1 0 0;
  INPUT ---        0 0 0 1 0 0;
  INPUT ---        0 0 0 1 0 0;
  INPUT ---        0 0 0 1 0 0;
  INPUT ---        0 0 0 1 0 0;
  INPUT ---        0 0 0 1 0 0;
  INPUT ---        0 0 0 1 0 0;
  INPUT ---        0 0 0 1 0 0;
  INPUT ---        0 0 0 1 0 0;
  INPUT ---        0 0 0 1 0 0;
  INPUT ---        0 0 0 1 0 0;
  INPUT ---        0 0 0 1 0 0;
  INPUT ---        0 0 0 1 0 0;
  INPUT ---        0 0 0 1 0 0;
  INPUT ---        0 0 0 1 0 0;
  INPUT ---        0 0 0 1 0 0;
  INPUT ---        0 0 0 1 0 0;
  INPUT ---        0 0 0 1 0 0;
  INPUT ---        0 0 0 1 0 0;
  INPUT ---        0 0 0 1 0 0;
  INPUT ---        0 0 0 1 0 0;
  INPUT ---        0 0 0 1 0 0;
  INPUT ---        0 0 0 1 0 0;
  INPUT ---        0 0 0 1 0 0;
  INPUT ---        0 0 0 1 0 0;
  INPUT ---        0 0 0 1 0 0;
  INPUT ---        0 0 0 1 0 0;

  Program  MARK  - Survival Rate Estimation with Capture-Recapture Data
   gfortran(dble) Vers. 9.0 Mar 2018    25-Mar-2020 12:21:19    Page  004
 - - - - - - - - - - - - - - - - - - - - - - - - - - - - - - - - - - - - - -
 
  INPUT ---        0 0 0 1 0 0;
  INPUT ---        0 0 0 1 0 0;
  INPUT ---        0 0 0 1 0 0;
  INPUT ---        0 0 0 1 0 0;
  INPUT ---        0 0 0 1 0 0;
  INPUT ---        0 0 0 1 0 0;
  INPUT ---        0 0 0 1 0 0;
  INPUT ---        0 0 0 1 0 0;
  INPUT ---        0 0 0 1 0 0;
  INPUT ---        0 0 0 1 0 0;
  INPUT ---        0 0 0 1 0 0;
  INPUT ---        0 0 0 1 0 0;
  INPUT ---        0 0 0 1 0 0;
  INPUT ---        0 0 0 1 0 0;
  INPUT ---        0 0 0 1 0 0;

  INPUT ---    links=69;

  INPUT ---    Logit;

  INPUT ---    Logit;

  INPUT ---    Logit;

  INPUT ---    Log;

  INPUT ---    Log;

  INPUT ---    mlogit(1);

  INPUT ---    mlogit(1);

  INPUT ---    mlogit(1);

  INPUT ---    mlogit(1);

  INPUT ---    mlogit(1);

  INPUT ---    mlogit(1);

  INPUT ---    mlogit(1);

  INPUT ---    mlogit(1);

  INPUT ---    mlogit(1);


  Program  MARK  - Survival Rate Estimation with Capture-Recapture Data
   gfortran(dble) Vers. 9.0 Mar 2018    25-Mar-2020 12:21:19    Page  005
 - - - - - - - - - - - - - - - - - - - - - - - - - - - - - - - - - - - - - -
 
  INPUT ---    mlogit(1);

  INPUT ---    mlogit(1);

  INPUT ---    mlogit(1);

  INPUT ---    mlogit(1);

  INPUT ---    mlogit(1);

  INPUT ---    mlogit(1);

  INPUT ---    mlogit(1);

  INPUT ---    mlogit(1);

  INPUT ---    mlogit(1);

  INPUT ---    mlogit(1);

  INPUT ---    mlogit(1);

  INPUT ---    mlogit(1);

  INPUT ---    mlogit(1);

  INPUT ---    mlogit(1);

  INPUT ---    mlogit(1);

  INPUT ---    mlogit(1);

  INPUT ---    mlogit(1);

  INPUT ---    mlogit(1);

  INPUT ---    mlogit(1);

  INPUT ---    mlogit(1);

  INPUT ---    mlogit(1);

  INPUT ---    mlogit(1);

  INPUT ---    mlogit(1);


  Program  MARK  - Survival Rate Estimation with Capture-Recapture Data
   gfortran(dble) Vers. 9.0 Mar 2018    25-Mar-2020 12:21:19    Page  006
 - - - - - - - - - - - - - - - - - - - - - - - - - - - - - - - - - - - - - -
 
  INPUT ---    mlogit(2);

  INPUT ---    mlogit(2);

  INPUT ---    mlogit(2);

  INPUT ---    mlogit(2);

  INPUT ---    mlogit(2);

  INPUT ---    mlogit(2);

  INPUT ---    mlogit(2);

  INPUT ---    mlogit(2);

  INPUT ---    mlogit(2);

  INPUT ---    mlogit(2);

  INPUT ---    mlogit(2);

  INPUT ---    mlogit(2);

  INPUT ---    mlogit(2);

  INPUT ---    mlogit(2);

  INPUT ---    mlogit(2);

  INPUT ---    mlogit(2);

  INPUT ---    mlogit(2);

  INPUT ---    mlogit(2);

  INPUT ---    mlogit(2);

  INPUT ---    mlogit(2);

  INPUT ---    mlogit(2);

  INPUT ---    mlogit(2);

  INPUT ---    mlogit(2);


  Program  MARK  - Survival Rate Estimation with Capture-Recapture Data
   gfortran(dble) Vers. 9.0 Mar 2018    25-Mar-2020 12:21:19    Page  007
 - - - - - - - - - - - - - - - - - - - - - - - - - - - - - - - - - - - - - -
 
  INPUT ---    mlogit(2);

  INPUT ---    mlogit(2);

  INPUT ---    mlogit(2);

  INPUT ---    mlogit(2);

  INPUT ---    mlogit(2);

  INPUT ---    mlogit(2);

  INPUT ---    mlogit(2);

  INPUT ---    mlogit(2);

  INPUT ---    mlogit(2);
  INPUT ---       blabel(1)=Phi:(Intercept);
  INPUT ---       blabel(2)=Phi:sexM;
  INPUT ---       blabel(3)=p:(Intercept);
  INPUT ---       blabel(4)=pent:(Intercept);
  INPUT ---       blabel(5)=N:(Intercept);
  INPUT ---       blabel(6)=N:sexM;
  INPUT ---       rlabel(1)=Phi gF a0 t1;
  INPUT ---       rlabel(2)=Phi gM a0 t1;
  INPUT ---       rlabel(3)=p gF a0 t1;
  INPUT ---       rlabel(4)=N gF a0 t1;
  INPUT ---       rlabel(5)=N gM a0 t1;
  INPUT ---       rlabel(6)=pent gF a0.00547945205479452 t1.00547945205479;
  INPUT ---       rlabel(7)=pent gF a0.00821917808219178 t1.00821917808219;
  INPUT ---       rlabel(8)=pent gF a0.010958904109589 t1.01095890410959;
  INPUT ---       rlabel(9)=pent gF a0.0164383561643836 t1.01643835616438;
  INPUT ---       rlabel(10)=pent gF a0.0246575342465753 t1.02465753424658;
  INPUT ---       rlabel(11)=pent gF a0.0273972602739726 t1.02739726027397;
  INPUT ---       rlabel(12)=pent gF a0.0301369863013699 t1.03013698630137;
  INPUT ---       rlabel(13)=pent gF a0.0356164383561644 t1.03561643835616;
  INPUT ---       rlabel(14)=pent gF a0.0410958904109589 t1.04109589041096;
  INPUT ---       rlabel(15)=pent gF a0.0493150684931507 t1.04931506849315;
  INPUT ---       rlabel(16)=pent gF a0.0520547945205479 t1.05205479452055;
  INPUT ---       rlabel(17)=pent gF a0.0657534246575342 t1.06575342465753;
  INPUT ---       rlabel(18)=pent gF a0.0712328767123288 t1.07123287671233;
  INPUT ---       rlabel(19)=pent gF a0.0986301369863014 t1.0986301369863;
  INPUT ---       rlabel(20)=pent gF a0.101369863013699 t1.1013698630137;
  INPUT ---       rlabel(21)=pent gF a0.106849315068493 t1.10684931506849;
  INPUT ---       rlabel(22)=pent gF a0.10958904109589 t1.10958904109589;
  INPUT ---       rlabel(23)=pent gF a0.120547945205479 t1.12054794520548;

  Program  MARK  - Survival Rate Estimation with Capture-Recapture Data
   gfortran(dble) Vers. 9.0 Mar 2018    25-Mar-2020 12:21:19    Page  008
 - - - - - - - - - - - - - - - - - - - - - - - - - - - - - - - - - - - - - -
 
  INPUT ---       rlabel(24)=pent gF a0.350684931506849 t1.35068493150685;
  INPUT ---       rlabel(25)=pent gF a0.358904109589041 t1.35890410958904;
  INPUT ---       rlabel(26)=pent gF a0.613698630136986 t1.61369863013699;
  INPUT ---       rlabel(27)=pent gF a0.638356164383562 t1.63835616438356;
  INPUT ---       rlabel(28)=pent gF a0.646575342465753 t1.64657534246575;
  INPUT ---       rlabel(29)=pent gF a0.649315068493151 t1.64931506849315;
  INPUT ---       rlabel(30)=pent gF a0.652054794520548 t1.65205479452055;
  INPUT ---       rlabel(31)=pent gF a0.704109589041096 t1.7041095890411;
  INPUT ---       rlabel(32)=pent gF a0.706849315068493 t1.70684931506849;
  INPUT ---       rlabel(33)=pent gF a0.70958904109589 t1.70958904109589;
  INPUT ---       rlabel(34)=pent gF a0.827397260273973 t1.82739726027397;
  INPUT ---       rlabel(35)=pent gF a1.4027397260274 t2.4027397260274;
  INPUT ---       rlabel(36)=pent gF a1.40547945205479 t2.40547945205479;
  INPUT ---       rlabel(37)=pent gF a1.40821917808219 t2.40821917808219;
  INPUT ---       rlabel(38)=pent gM a0.00547945205479452 t1.00547945205479;
  INPUT ---       rlabel(39)=pent gM a0.00821917808219178 t1.00821917808219;
  INPUT ---       rlabel(40)=pent gM a0.010958904109589 t1.01095890410959;
  INPUT ---       rlabel(41)=pent gM a0.0164383561643836 t1.01643835616438;
  INPUT ---       rlabel(42)=pent gM a0.0246575342465753 t1.02465753424658;
  INPUT ---       rlabel(43)=pent gM a0.0273972602739726 t1.02739726027397;
  INPUT ---       rlabel(44)=pent gM a0.0301369863013699 t1.03013698630137;
  INPUT ---       rlabel(45)=pent gM a0.0356164383561644 t1.03561643835616;
  INPUT ---       rlabel(46)=pent gM a0.0410958904109589 t1.04109589041096;
  INPUT ---       rlabel(47)=pent gM a0.0493150684931507 t1.04931506849315;
  INPUT ---       rlabel(48)=pent gM a0.0520547945205479 t1.05205479452055;
  INPUT ---       rlabel(49)=pent gM a0.0657534246575342 t1.06575342465753;
  INPUT ---       rlabel(50)=pent gM a0.0712328767123288 t1.07123287671233;
  INPUT ---       rlabel(51)=pent gM a0.0986301369863014 t1.0986301369863;
  INPUT ---       rlabel(52)=pent gM a0.101369863013699 t1.1013698630137;
  INPUT ---       rlabel(53)=pent gM a0.106849315068493 t1.10684931506849;
  INPUT ---       rlabel(54)=pent gM a0.10958904109589 t1.10958904109589;
  INPUT ---       rlabel(55)=pent gM a0.120547945205479 t1.12054794520548;
  INPUT ---       rlabel(56)=pent gM a0.350684931506849 t1.35068493150685;
  INPUT ---       rlabel(57)=pent gM a0.358904109589041 t1.35890410958904;
  INPUT ---       rlabel(58)=pent gM a0.613698630136986 t1.61369863013699;
  INPUT ---       rlabel(59)=pent gM a0.638356164383562 t1.63835616438356;
  INPUT ---       rlabel(60)=pent gM a0.646575342465753 t1.64657534246575;
  INPUT ---       rlabel(61)=pent gM a0.649315068493151 t1.64931506849315;
  INPUT ---       rlabel(62)=pent gM a0.652054794520548 t1.65205479452055;
  INPUT ---       rlabel(63)=pent gM a0.704109589041096 t1.7041095890411;
  INPUT ---       rlabel(64)=pent gM a0.706849315068493 t1.70684931506849;
  INPUT ---       rlabel(65)=pent gM a0.70958904109589 t1.70958904109589;
  INPUT ---       rlabel(66)=pent gM a0.827397260273973 t1.82739726027397;
  INPUT ---       rlabel(67)=pent gM a1.4027397260274 t2.4027397260274;
  INPUT ---       rlabel(68)=pent gM a1.40547945205479 t2.40547945205479;
  INPUT ---       rlabel(69)=pent gM a1.40821917808219 t2.40821917808219;

  Program  MARK  - Survival Rate Estimation with Capture-Recapture Data
   gfortran(dble) Vers. 9.0 Mar 2018    25-Mar-2020 12:21:19    Page  009
 - - - - - - - - - - - - - - - - - - - - - - - - - - - - - - - - - - - - - -
 

 Link Function Used is PARM-SPECIFIC

 Variance Estimation Procedure Used is 2ndPart 

 M(t+1):
      16     29



 Group: 1

 U(t)+UL(t):
       0    2    2    0    1    0    3    1    1    0    0    0    0    0    1
       0    0    0    2    1    1    0    0    0    1    0    0    0    0    0
       0    0    0

 U(t):
       0    2    2    0    1    0    3    1    1    0    0    0    0    0    1
       0    0    0    2    1    1    0    0    0    1    0    0    0    0    0
       0    0    0

 UL(t):
       0    0    0    0    0    0    0    0    0    0    0    0    0    0    0
       0    0    0    0    0    0    0    0    0    0    0    0    0    0    0
       0    0    0

 Not Released(t):
       0    0    0    0    0    0    0    0    0    0    0    0    0    0    0
       0    0    0    0    0    0    0    0    0    0    0    0    0    0    0
       0    0    0

 Group: 2

 U(t)+UL(t):
       3    0    1    1    1    1    1    0    1    1    2    1    3    3    1
       1    0    2    3    1    0    0    1    0    0    0    0    0    0    1
       0    0    0

 U(t):
       3    0    1    1    1    1    1    0    1    1    2    1    3    3    1
       1    0    2    3    1    0    0    1    0    0    0    0    0    0    1
       0    0    0

 UL(t):
       0    0    0    0    0    0    0    0    0    0    0    0    0    0    0
       0    0    0    0    0    0    0    0    0    0    0    0    0    0    0
       0    0    0

 Not Released(t):
       0    0    0    0    0    0    0    0    0    0    0    0    0    0    0
       0    0    0    0    0    0    0    0    0    0    0    0    0    0    0
       0    0    0
 -2logL(saturated) = 272.93564     
 Effective Sample Size = 103

 Number of function evaluations was 30 for 6 parameters.
 Time for numerical optimization was 0.12 seconds.     
 -2logL { Phi(~sex)p(~1)pent(~1)N(~sex) } = 553.04940     
 Penalty { Phi(~sex)p(~1)pent(~1)N(~sex) } = 0.0000000     
 Gradient { Phi(~sex)p(~1)pent(~1)N(~sex) }:
 -0.2764405E-05 -0.1952461E-05  0.4384303E-05   0.000000      0.5329919E-05
  0.6710022E-05
 Maximum ABS(G) { Phi(~sex)p(~1)pent(~1)N(~sex) } = 0.6710022E-05 
 S Vector { Phi(~sex)p(~1)pent(~1)N(~sex) }:
   82.20867      8.396837      2.801792      1.696779     0.4487258    
  0.3801872    
 Time to compute number of parameters was 0.01 seconds.     
 Ratio Threshold = 50.000000       Max Gap (1/2) = 9.7904328       Next Max Gap (1/2) = 9.7904328     
 Gap Method for Num. of Estimated Parameters { Phi(~sex)p(~1)pent(~1)N(~sex) } = 6          
 Threshold { Phi(~sex)p(~1)pent(~1)N(~sex) } = 0.1342004E-04                 
 Numerical Threshold Method for Num. of Estimated Parameters { Phi(~sex)p(~1)pent(~1)N(~sex) } = 6          
 Number of Estimated Parameters { Phi(~sex)p(~1)pent(~1)N(~sex) } = 6          
 DEVIANCE { Phi(~sex)p(~1)pent(~1)N(~sex) } = 280.11376                     
 DEVIANCE Degrees of Freedom { Phi(~sex)p(~1)pent(~1)N(~sex) } = 35            
 c-hat { Phi(~sex)p(~1)pent(~1)N(~sex) } = 8.0032503                     
 AIC { Phi(~sex)p(~1)pent(~1)N(~sex) } = 565.04940                  
 AICc { Phi(~sex)p(~1)pent(~1)N(~sex) } = 565.92440                    
 BIC { Phi(~sex)p(~1)pent(~1)N(~sex) } = 580.85778                    
 Pearson Chisquare { Phi(~sex)p(~1)pent(~1)N(~sex) } = 23267706.                  


              PARM-SPECIFIC Link Function Parameters of { Phi(~sex)p(~1)pent(~1)N(~sex) }
                                                              95% Confidence Interval
 Parameter                    Beta         Standard Error      Lower           Upper
 -------------------------  --------------  --------------  --------------  --------------
    1:Phi:(Intercept)       -1.7598682       1.0102094      -3.7398787       0.2201423    
    2:Phi:sexM               2.9075792       1.3545023       0.2527545       5.5624038    
    3:p:(Intercept)         -2.4803225       0.1758496      -2.8249876      -2.1356573    
    4:pent:(Intercept)      -4.5743919       1.4177357      -7.3531539      -1.7956298    
    5:N:(Intercept)          1.8628559       0.6777990       0.5343699       3.1913419    
    6:N:sexM                -0.1370148       0.7621219      -1.6307738       1.3567442    


              Real Function Parameters of { Phi(~sex)p(~1)pent(~1)N(~sex) }
                                                               95% Confidence Interval
  Parameter                  Estimate       Standard Error      Lower           Upper
 --------------------------  --------------  --------------  --------------  --------------
     1:Phi gF a0 t1           0.1468068       0.1265334       0.0232057       0.5548144                          
     2:Phi gM a0 t1           0.7590926       0.2181606       0.2331659       0.9702851                          
     3:p gF a0 t1             0.0772492       0.0125349       0.0559887       0.1056791                          
     4:N gF a0 t1             22.442108       4.3664544       17.930466       37.497793                          
     5:N gM a0 t1             34.617244       4.2814278       30.490885       50.164230                          
     6:pent gF a0.005479452   0.0077538       0.0082653       0.9506568E-03   0.0603033                          
     7:pent gF a0.008219178   0.0077538       0.0082653       0.9506568E-03   0.0603033                          

  Program  MARK  - Survival Rate Estimation with Capture-Recapture Data
   gfortran(dble) Vers. 9.0 Mar 2018    25-Mar-2020 12:21:19    Page  010
 - - - - - - - - - - - - - - - - - - - - - - - - - - - - - - - - - - - - - -
 
     8:pent gF a0.010958904   0.0077538       0.0082653       0.9506568E-03   0.0603033                          
     9:pent gF a0.016438356   0.0077538       0.0082653       0.9506568E-03   0.0603033                          
    10:pent gF a0.024657534   0.0077538       0.0082653       0.9506568E-03   0.0603033                          
    11:pent gF a0.027397260   0.0077538       0.0082653       0.9506568E-03   0.0603033                          
    12:pent gF a0.030136986   0.0077538       0.0082653       0.9506568E-03   0.0603033                          
    13:pent gF a0.035616438   0.0077538       0.0082653       0.9506568E-03   0.0603033                          
    14:pent gF a0.041095890   0.0077538       0.0082653       0.9506568E-03   0.0603033                          
    15:pent gF a0.049315068   0.0077538       0.0082653       0.9506568E-03   0.0603033                          
    16:pent gF a0.052054794   0.0077538       0.0082653       0.9506568E-03   0.0603033                          
    17:pent gF a0.065753424   0.0077538       0.0082653       0.9506568E-03   0.0603033                          
    18:pent gF a0.071232876   0.0077538       0.0082653       0.9506568E-03   0.0603033                          
    19:pent gF a0.098630136   0.0077538       0.0082653       0.9506568E-03   0.0603033                          
    20:pent gF a0.101369863   0.0077538       0.0082653       0.9506568E-03   0.0603033                          
    21:pent gF a0.106849315   0.0077538       0.0082653       0.9506568E-03   0.0603033                          
    22:pent gF a0.109589041   0.0077538       0.0082653       0.9506568E-03   0.0603033                          
    23:pent gF a0.120547945   0.0077538       0.0082653       0.9506568E-03   0.0603033                          
    24:pent gF a0.350684931   0.0077538       0.0082653       0.9506568E-03   0.0603033                          
    25:pent gF a0.358904109   0.0077538       0.0082653       0.9506568E-03   0.0603033                          
    26:pent gF a0.613698630   0.0077538       0.0082653       0.9506568E-03   0.0603033                          
    27:pent gF a0.638356164   0.0077538       0.0082653       0.9506568E-03   0.0603033                          
    28:pent gF a0.646575342   0.0077538       0.0082653       0.9506568E-03   0.0603033                          
    29:pent gF a0.649315068   0.0077538       0.0082653       0.9506568E-03   0.0603033                          
    30:pent gF a0.652054794   0.0077538       0.0082653       0.9506568E-03   0.0603033                          
    31:pent gF a0.704109589   0.0077538       0.0082653       0.9506568E-03   0.0603033                          
    32:pent gF a0.706849315   0.0077538       0.0082653       0.9506568E-03   0.0603033                          
    33:pent gF a0.709589041   0.0077538       0.0082653       0.9506568E-03   0.0603033                          
    34:pent gF a0.827397260   0.0077538       0.0082653       0.9506568E-03   0.0603033                          
    35:pent gF a1.402739726   0.0077538       0.0082653       0.9506568E-03   0.0603033                          
    36:pent gF a1.405479452   0.0077538       0.0082653       0.9506568E-03   0.0603033                          
    37:pent gF a1.408219178   0.0077538       0.0082653       0.9506568E-03   0.0603033                          
    38:pent gM a0.005479452   0.0077538       0.0082653       0.9506568E-03   0.0603033                          
    39:pent gM a0.008219178   0.0077538       0.0082653       0.9506568E-03   0.0603033                          
    40:pent gM a0.010958904   0.0077538       0.0082653       0.9506568E-03   0.0603033                          
    41:pent gM a0.016438356   0.0077538       0.0082653       0.9506568E-03   0.0603033                          
    42:pent gM a0.024657534   0.0077538       0.0082653       0.9506568E-03   0.0603033                          
    43:pent gM a0.027397260   0.0077538       0.0082653       0.9506568E-03   0.0603033                          
    44:pent gM a0.030136986   0.0077538       0.0082653       0.9506568E-03   0.0603033                          
    45:pent gM a0.035616438   0.0077538       0.0082653       0.9506568E-03   0.0603033                          
    46:pent gM a0.041095890   0.0077538       0.0082653       0.9506568E-03   0.0603033                          
    47:pent gM a0.049315068   0.0077538       0.0082653       0.9506568E-03   0.0603033                          
    48:pent gM a0.052054794   0.0077538       0.0082653       0.9506568E-03   0.0603033                          
    49:pent gM a0.065753424   0.0077538       0.0082653       0.9506568E-03   0.0603033                          
    50:pent gM a0.071232876   0.0077538       0.0082653       0.9506568E-03   0.0603033                          
    51:pent gM a0.098630136   0.0077538       0.0082653       0.9506568E-03   0.0603033                          
    52:pent gM a0.101369863   0.0077538       0.0082653       0.9506568E-03   0.0603033                          
    53:pent gM a0.106849315   0.0077538       0.0082653       0.9506568E-03   0.0603033                          

  Program  MARK  - Survival Rate Estimation with Capture-Recapture Data
   gfortran(dble) Vers. 9.0 Mar 2018    25-Mar-2020 12:21:19    Page  011
 - - - - - - - - - - - - - - - - - - - - - - - - - - - - - - - - - - - - - -
 
    54:pent gM a0.109589041   0.0077538       0.0082653       0.9506568E-03   0.0603033                          
    55:pent gM a0.120547945   0.0077538       0.0082653       0.9506568E-03   0.0603033                          
    56:pent gM a0.350684931   0.0077538       0.0082653       0.9506568E-03   0.0603033                          
    57:pent gM a0.358904109   0.0077538       0.0082653       0.9506568E-03   0.0603033                          
    58:pent gM a0.613698630   0.0077538       0.0082653       0.9506568E-03   0.0603033                          
    59:pent gM a0.638356164   0.0077538       0.0082653       0.9506568E-03   0.0603033                          
    60:pent gM a0.646575342   0.0077538       0.0082653       0.9506568E-03   0.0603033                          
    61:pent gM a0.649315068   0.0077538       0.0082653       0.9506568E-03   0.0603033                          
    62:pent gM a0.652054794   0.0077538       0.0082653       0.9506568E-03   0.0603033                          
    63:pent gM a0.704109589   0.0077538       0.0082653       0.9506568E-03   0.0603033                          
    64:pent gM a0.706849315   0.0077538       0.0082653       0.9506568E-03   0.0603033                          
    65:pent gM a0.709589041   0.0077538       0.0082653       0.9506568E-03   0.0603033                          
    66:pent gM a0.827397260   0.0077538       0.0082653       0.9506568E-03   0.0603033                          
    67:pent gM a1.402739726   0.0077538       0.0082653       0.9506568E-03   0.0603033                          
    68:pent gM a1.405479452   0.0077538       0.0082653       0.9506568E-03   0.0603033                          
    69:pent gM a1.408219178   0.0077538       0.0082653       0.9506568E-03   0.0603033                          


                      Estimates of Derived Parameters
  Gross Birth+Immigration Estimates of { Phi(~sex)p(~1)pent(~1)N(~sex) }
                                                95% Confidence Interval
 Grp. Occ.   B*-hat          Standard Error      Lower           Upper
 ---- ----   --------------  --------------  --------------  --------------
   1     1    0.1749279       0.2079959       0.0277843       1.1013335    
   1     2    0.1744693       0.2073519       0.0277276       1.0978076    
   1     3    0.1744693       0.2073519       0.0277276       1.0978076    
   1     4    0.1749279       0.2079959       0.0277843       1.1013335    
   1     5    0.1753872       0.2086412       0.0278411       1.1048678    
   1     6    0.1744693       0.2073519       0.0277276       1.0978076    
   1     7    0.1744693       0.2073519       0.0277276       1.0978076    
   1     8    0.1749279       0.2079959       0.0277843       1.1013335    
   1     9    0.1749279       0.2079959       0.0277843       1.1013335    
   1    10    0.1753872       0.2086412       0.0278411       1.1048678    
   1    11    0.1744693       0.2073519       0.0277276       1.0978076    
   1    12    0.1763083       0.2099363       0.0279548       1.1119618    
   1    13    0.1749279       0.2079959       0.0277843       1.1013335    
   1    14    0.1786251       0.2131995       0.0282401       1.1298439    
   1    15    0.1744693       0.2073519       0.0277276       1.0978076    
   1    16    0.1749279       0.2079959       0.0277843       1.1013335    
   1    17    0.1744693       0.2073519       0.0277276       1.0978076    
   1    18    0.1758474       0.2092880       0.0278979       1.1084106    
   1    19    0.2152470       0.2657394       0.0326480       1.4191159    
   1    20    0.1753872       0.2086412       0.0278411       1.1048678    
   1    21    0.2199968       0.2726676       0.0332083       1.4574262    
   1    22    0.1781602       0.2125440       0.0281829       1.1262506    

  Program  MARK  - Survival Rate Estimation with Capture-Recapture Data
   gfortran(dble) Vers. 9.0 Mar 2018    25-Mar-2020 12:21:19    Page  012
 - - - - - - - - - - - - - - - - - - - - - - - - - - - - - - - - - - - - - -
 
   1    23    0.1753872       0.2086412       0.0278411       1.1048678    
   1    24    0.1744693       0.2073519       0.0277276       1.0978076    
   1    25    0.1744693       0.2073519       0.0277276       1.0978076    
   1    26    0.1828458       0.2191650       0.0287577       1.1625625    
   1    27    0.1744693       0.2073519       0.0277276       1.0978076    
   1    28    0.1744693       0.2073519       0.0277276       1.0978076    
   1    29    0.1944178       0.2356491       0.0301626       1.2531516    
   1    30    0.2873762       0.3728996       0.0409911       2.0147074    
   1    31    0.1744693       0.2073519       0.0277276       1.0978076    
   1    32    0.1744693       0.2073519       0.0277276       1.0978076    
   2     1    0.2686179       0.3101501       0.0442221       1.6316636    
   2     2    0.2685165       0.3099807       0.0442145       1.6307130    
   2     3    0.2685165       0.3099807       0.0442145       1.6307130    
   2     4    0.2686179       0.3101501       0.0442221       1.6316636    
   2     5    0.2687193       0.3103195       0.0442297       1.6326146    
   2     6    0.2685165       0.3099807       0.0442145       1.6307130    
   2     7    0.2685165       0.3099807       0.0442145       1.6307130    
   2     8    0.2686179       0.3101501       0.0442221       1.6316636    
   2     9    0.2686179       0.3101501       0.0442221       1.6316636    
   2    10    0.2687193       0.3103195       0.0442297       1.6326146    
   2    11    0.2685165       0.3099807       0.0442145       1.6307130    
   2    12    0.2689222       0.3106586       0.0442449       1.6345183    
   2    13    0.2686179       0.3101501       0.0442221       1.6316636    
   2    14    0.2694299       0.3115079       0.0442830       1.6392866    
   2    15    0.2685165       0.3099807       0.0442145       1.6307130    
   2    16    0.2686179       0.3101501       0.0442221       1.6316636    
   2    17    0.2685165       0.3099807       0.0442145       1.6307130    
   2    18    0.2688207       0.3104890       0.0442373       1.6335662    
   2    19    0.2770183       0.3243188       0.0448405       1.7113784    
   2    20    0.2687193       0.3103195       0.0442297       1.6326146    
   2    21    0.2779508       0.3259077       0.0449077       1.7203408    
   2    22    0.2693283       0.3113379       0.0442754       1.6383319    
   2    23    0.2687193       0.3103195       0.0442297       1.6326146    
   2    24    0.2685165       0.3099807       0.0442145       1.6307130    
   2    25    0.2685165       0.3099807       0.0442145       1.6307130    
   2    26    0.2703453       0.3130417       0.0443513       1.6479022    
   2    27    0.2685165       0.3099807       0.0442145       1.6307130    
   2    28    0.2685165       0.3099807       0.0442145       1.6307130    
   2    29    0.2727967       0.3171648       0.0445328       1.6710834    
   2    30    0.2902604       0.3471717       0.0457714       1.8406911    
   2    31    0.2685165       0.3099807       0.0442145       1.6307130    
   2    32    0.2685165       0.3099807       0.0442145       1.6307130    

   Net Birth+Immigration Estimates of { Phi(~sex)p(~1)pent(~1)N(~sex) }
                                                95% Confidence Interval
 Grp. Occ.   B-hat           Standard Error      Lower           Upper
 ---- ----   --------------  --------------  --------------  --------------
   1     1    0.1740116       0.2067095       0.0276709       1.0942901    
   1     2    0.1740116       0.2067095       0.0276709       1.0942901    
   1     3    0.1740116       0.2067095       0.0276709       1.0942901    
   1     4    0.1740116       0.2067095       0.0276709       1.0942901    
   1     5    0.1740116       0.2067095       0.0276709       1.0942901    
   1     6    0.1740116       0.2067095       0.0276709       1.0942901    
   1     7    0.1740116       0.2067095       0.0276709       1.0942901    
   1     8    0.1740116       0.2067095       0.0276709       1.0942901    
   1     9    0.1740116       0.2067095       0.0276709       1.0942901    
   1    10    0.1740116       0.2067095       0.0276709       1.0942901    
   1    11    0.1740116       0.2067095       0.0276709       1.0942901    
   1    12    0.1740116       0.2067095       0.0276709       1.0942901    
   1    13    0.1740116       0.2067095       0.0276709       1.0942901    
   1    14    0.1740116       0.2067095       0.0276709       1.0942901    
   1    15    0.1740116       0.2067095       0.0276709       1.0942901    
   1    16    0.1740116       0.2067095       0.0276709       1.0942901    
   1    17    0.1740116       0.2067095       0.0276709       1.0942901    
   1    18    0.1740116       0.2067095       0.0276709       1.0942901    
   1    19    0.1740116       0.2067095       0.0276709       1.0942901    
   1    20    0.1740116       0.2067095       0.0276709       1.0942901    
   1    21    0.1740116       0.2067095       0.0276709       1.0942901    
   1    22    0.1740116       0.2067095       0.0276709       1.0942901    
   1    23    0.1740116       0.2067095       0.0276709       1.0942901    
   1    24    0.1740116       0.2067095       0.0276709       1.0942901    
   1    25    0.1740116       0.2067095       0.0276709       1.0942901    
   1    26    0.1740116       0.2067095       0.0276709       1.0942901    
   1    27    0.1740116       0.2067095       0.0276709       1.0942901    
   1    28    0.1740116       0.2067095       0.0276709       1.0942901    
   1    29    0.1740116       0.2067095       0.0276709       1.0942901    
   1    30    0.1740116       0.2067095       0.0276709       1.0942901    
   1    31    0.1740116       0.2067095       0.0276709       1.0942901    
   1    32    0.1740116       0.2067095       0.0276709       1.0942901    
   2     1    0.2684151       0.3098115       0.0442068       1.6297630    
   2     2    0.2684151       0.3098115       0.0442068       1.6297630    
   2     3    0.2684151       0.3098115       0.0442068       1.6297630    
   2     4    0.2684151       0.3098115       0.0442068       1.6297630    
   2     5    0.2684151       0.3098115       0.0442068       1.6297630    
   2     6    0.2684151       0.3098115       0.0442068       1.6297630    
   2     7    0.2684151       0.3098115       0.0442068       1.6297630    
   2     8    0.2684151       0.3098115       0.0442068       1.6297630    
   2     9    0.2684151       0.3098115       0.0442068       1.6297630    
   2    10    0.2684151       0.3098115       0.0442068       1.6297630    
   2    11    0.2684151       0.3098115       0.0442068       1.6297630    
   2    12    0.2684151       0.3098115       0.0442068       1.6297630    
   2    13    0.2684151       0.3098115       0.0442068       1.6297630    
   2    14    0.2684151       0.3098115       0.0442068       1.6297630    
   2    15    0.2684151       0.3098115       0.0442068       1.6297630    
   2    16    0.2684151       0.3098115       0.0442068       1.6297630    
   2    17    0.2684151       0.3098115       0.0442068       1.6297630    
   2    18    0.2684151       0.3098115       0.0442068       1.6297630    
   2    19    0.2684151       0.3098115       0.0442068       1.6297630    
   2    20    0.2684151       0.3098115       0.0442068       1.6297630    
   2    21    0.2684151       0.3098115       0.0442068       1.6297630    
   2    22    0.2684151       0.3098115       0.0442068       1.6297630    
   2    23    0.2684151       0.3098115       0.0442068       1.6297630    
   2    24    0.2684151       0.3098115       0.0442068       1.6297630    
   2    25    0.2684151       0.3098115       0.0442068       1.6297630    
   2    26    0.2684151       0.3098115       0.0442068       1.6297630    
   2    27    0.2684151       0.3098115       0.0442068       1.6297630    
   2    28    0.2684151       0.3098115       0.0442068       1.6297630    
   2    29    0.2684151       0.3098115       0.0442068       1.6297630    
   2    30    0.2684151       0.3098115       0.0442068       1.6297630    
   2    31    0.2684151       0.3098115       0.0442068       1.6297630    
   2    32    0.2684151       0.3098115       0.0442068       1.6297630    

        Population Estimates of { Phi(~sex)p(~1)pent(~1)N(~sex) }
                                                95% Confidence Interval
 Grp. Occ.   N-hat           Standard Error      Lower           Upper
 ---- ----   --------------  --------------  --------------  --------------
   1     1    16.873738       4.8727575       9.6895656       29.384498    
   1     2    16.871284       4.6850855       9.8888258       28.784025    
   1     3    16.956843       4.5185490       10.148386       28.333030    
   1     4    17.041954       4.3566583       10.407498       27.905669    

  Program  MARK  - Survival Rate Estimation with Capture-Recapture Data
   gfortran(dble) Vers. 9.0 Mar 2018    25-Mar-2020 12:21:19    Page  013
 - - - - - - - - - - - - - - - - - - - - - - - - - - - - - - - - - - - - - -
 
   1     5    17.037741       4.1850794       10.601748       27.380827    
   1     6    16.945181       4.0062509       10.728230       26.764823    
   1     7    17.030353       3.8598503       10.982726       26.408101    
   1     8    17.115079       3.7198128       11.233236       26.076718    
   1     9    17.110101       3.5750816       11.410142       25.657485    
   1    10    17.105175       3.4382543       11.580268       25.265995    
   1    11    17.011560       3.3002068       11.671660       24.794518    
   1    12    17.096384       3.1900077       11.896876       24.568328    
   1    13    16.826910       3.0564752       11.820628       23.953457    
   1    14    16.824946       2.9572463       11.952963       23.682730    
   1    15    16.137390       2.8326648       11.469584       22.704864    
   1    16    16.226797       2.7580745       11.656818       22.588405    
   1    17    16.231109       2.6933170       11.750574       22.420086    
   1    18    16.320025       2.6441638       11.904177       22.373929    
   1    19    16.154471       2.6005264       11.807022       22.102689    
   1    20    10.561971       2.9525127       6.1695822       18.081489    
   1    21    10.570731       2.9031103       6.2311220       17.932621    
   1    22    6.6573180       2.9946781       2.8700712       15.442085    
   1    23    6.5237132       2.9203027       2.8230113       15.075687    
   1    24    6.5956552       2.8668909       2.9184471       14.906101    
   1    25    6.7350875       2.8299021       3.0557620       14.844547    
   1    26    6.8737887       2.8074302       3.1831467       14.843479    
   1    27    6.3944547       2.7697651       2.8368037       14.413775    
   1    28    6.5349418       2.7677567       2.9477315       14.487569    
   1    29    6.6746923       2.7803411       3.0474869       14.619101    
   1    30    5.4983679       2.6693859       2.2317261       13.546488    
   1    31    1.9971832       1.6725613       0.4785147       8.3356711    
   1    32    2.1607241       1.6602277       0.5685717       8.2113280    
   1    33    2.3234075       1.6733751       0.6544465       8.2485314    
   2     1    26.027960       7.3351471       15.139806       44.746589    
   2     2    26.257094       7.0554965       15.649209       44.055582    
   2     3    26.505689       6.7759384       16.187055       43.402060    
   2     4    26.754095       6.4989520       16.733005       42.776633    
   2     5    26.982134       6.2275686       17.264579       42.169321    
   2     6    27.189491       5.9624845       17.779603       41.579581    
   2     7    27.437382       5.6947864       18.345403       41.035344    
   2     8    27.685085       5.4311546       18.916087       40.519159    
   2     9    27.911719       5.1755749       19.466161       40.021452    
   2    10    28.138010       4.9252413       20.017974       39.551837    
   2    11    28.342752       4.6846428       20.544482       39.101087    
   2    12    28.589772       4.4431178       21.120882       38.699855    
   2    13    28.750442       4.2255039       21.587752       38.289672    
   2    14    28.975468       4.0043374       22.128415       37.941161    
   2    15    29.025898       3.8304966       22.435541       37.552146    
   2    16    29.272402       3.6248769       22.985329       37.279150    
   2    17    29.496640       3.4383545       23.489986       37.039264    

  Program  MARK  - Survival Rate Estimation with Capture-Recapture Data
   gfortran(dble) Vers. 9.0 Mar 2018    25-Mar-2020 12:21:19    Page  014
 - - - - - - - - - - - - - - - - - - - - - - - - - - - - - - - - - - - - - -
 
   2    18    29.742789       3.2633458       24.003045       36.855053    
   2    19    29.921498       3.1206956       24.403084       36.687824    
   2    20    28.350848       3.7323863       21.927264       36.656218    
   2    21    28.555108       3.6098064       22.310178       36.548080    
   2    22    26.886914       4.7597399       19.055158       37.937557    
   2    23    26.973215       4.7496769       19.150752       37.990901    
   2    24    27.180592       4.6676273       19.460016       37.964234    
   2    25    27.428489       4.5732451       19.826560       37.945162    
   2    26    27.676200       4.4972795       20.169126       37.977453    
   2    27    27.550353       4.7005164       19.766825       38.398781    
   2    28    27.797972       4.6551925       20.065426       38.510381    
   2    29    28.045403       4.6291153       20.337831       38.673967    
   2    30    27.417764       5.1995844       18.968305       39.631046    
   2    31    23.665433       7.8677133       12.546017       44.639884    
   2    32    23.915984       7.8021290       12.822889       44.605729    
   2    33    24.166346       7.7480174       13.090267       44.614237    

     Gross Population Estimates of { Phi(~sex)p(~1)pent(~1)N(~sex) }
                                                95% Confidence Interval
 Grp. Occ.   N*-hat          Standard Error      Lower           Upper
 ---- ----   --------------  --------------  --------------  --------------
   1     0    22.701780       4.6449861       15.264267       33.763221    
   2     0    34.670131       4.3550084       27.130013       44.305838    

   CPU Time for the last procedure was 0.16 seconds.     

  Program  MARK  - Survival Rate Estimation with Capture-Recapture Data
   gfortran(dble) Vers. 9.0 Mar 2018    25-Mar-2020 12:21:19    Page  015
 - - - - - - - - - - - - - - - - - - - - - - - - - - - - - - - - - - - - - -
 


  INPUT --- proc stop;

     CPU Time in minutes for this job was 0.00

     Time Start = 12:21:19.029   Time End = 12:21:19.373

     Wall Clock Time in minutes for this job was 0.01


          E X E C U T I O N   S U C C E S S F U L 
