
   Program  MARK  - Survival Rate Estimation with Capture-Recapture Data
   gfortran(dble) Vers. 9.0 Mar 2018    25-Mar-2020 14:21:51    Page  001
 - - - - - - - - - - - - - - - - - - - - - - - - - - - - - - - - - - - - - -
 
   This version was compiled by GCC version 7.2.0 using the options: 
     -cpp -iprefix C:/Program Files/mingw-w64/x86_64-7.2.0-posix-seh-rt_v5-rev1/
     mingw64/bin/../lib/gcc/x86_64-w64-mingw32/7.2.0/ -D_MT -D_REENTRANT
     -U_REENTRANT -D IEEE -D DBLEPRECISION -m64 -mtune=core2 -march=nocona -mthreads
     -O2 -fimplicit-none -fbounds-check -funroll-loops -ftree-vectorize
     -ffpe-summary=invalid,zero,overflow,underflow -fno-unsafe-math-optimizations
     -frounding-math -fsignaling-nans -fopenmp.

   This problem will use 15 of 16 possible threads.


  INPUT --- proc title ;

   CPU Time for the last procedure was 0.02 seconds.     


  INPUT --- proc chmatrix occasions= 33 groups= 2 etype= POPAN Nodes= 
  INPUT --- 101 ICMeans NoHist hist= 41  ;

  INPUT ---    time interval 0.00547945205479452 0.00273972602739726 
  INPUT ---    0.00273972602739726 0.00547945205479452  
  INPUT ---    0.00821917808219178 0.00273972602739726 0.00273972602739726 
  INPUT ---    0.00547945205479452  0.00547945205479452 
  INPUT ---    0.00821917808219178 0.00273972602739726 0.0136986301369863 
  INPUT ---    0.00547945205479452  0.0273972602739726 0.00273972602739726 
  INPUT ---    0.00547945205479452 0.00273972602739726 0.010958904109589  
  INPUT ---    0.23013698630137 0.00821917808219178 0.254794520547945 
  INPUT ---    0.0246575342465753 0.00821917808219178  0.00273972602739726 
  INPUT ---    0.00273972602739726 0.0520547945205479 0.00273972602739726 
  INPUT ---    0.00273972602739726  0.117808219178082 0.575342465753425 
  INPUT ---    0.00273972602739726 0.00273972602739726 ;

  INPUT ---    glabel(1)=sexF;

  INPUT ---    glabel(2)=sexM;

   * *  WARNING  * *   At least a pair of the encounter histories are duplicates. 

      Number of unique encounter histories read was 38.

      Number of individual covariates read was 0.
      Time interval lengths vary and/or not equal to 1.

      Data type number is 19
      Data type is POPAN                                                                                               

   CPU Time for the last procedure was 0.01 seconds.     

  Program  MARK  - Survival Rate Estimation with Capture-Recapture Data
   gfortran(dble) Vers. 9.0 Mar 2018    25-Mar-2020 14:21:51    Page  002
 - - - - - - - - - - - - - - - - - - - - - - - - - - - - - - - - - - - - - -
 


  INPUT --- proc estimate link=Parm-Specific NOLOOP varest=2ndPart    ;


  INPUT --- model={ Phi(~1)p(~1)pent(~1)N(~1) };

  INPUT ---    group=1 Phi    rows=1 cols=32 Square ;
  INPUT ---        1 1 1 1 1 1 1 1 1 1 1 1 1 1 1 1 1 1 1 1 1 1 1 1 1 1 1 1 1 
  INPUT ---       1 1 1 ;

  INPUT ---    group=2 Phi    rows=1 cols=32 Square ;
  INPUT ---        1 1 1 1 1 1 1 1 1 1 1 1 1 1 1 1 1 1 1 1 1 1 1 1 1 1 1 1 1 
  INPUT ---       1 1 1 ;

  INPUT ---    group=1 p    rows=1 cols=33 Square ;
  INPUT ---        2 2 2 2 2 2 2 2 2 2 2 2 2 2 2 2 2 2 2 2 2 2 2 2 2 2 2 2 2 
  INPUT ---       2 2 2 2 ;

  INPUT ---    group=2 p    rows=1 cols=33 Square ;
  INPUT ---        2 2 2 2 2 2 2 2 2 2 2 2 2 2 2 2 2 2 2 2 2 2 2 2 2 2 2 2 2 
  INPUT ---       2 2 2 2 ;

  INPUT ---    group=1 pent    rows=1 cols=32 Square ;
  INPUT ---        4 5 6 7 8 9 10 11 12 13 14 15 16 17 18 19 20 21 22 23 24 
  INPUT ---       25 26 27 28 29 30 31 32 33 34 35 ;

  INPUT ---    group=2 pent    rows=1 cols=32 Square ;
  INPUT ---        36 37 38 39 40 41 42 43 44 45 46 47 48 49 50 51 52 53 54 
  INPUT ---       55 56 57 58 59 60 61 62 63 64 65 66 67 ;

  INPUT ---    group=1 N    rows=1 cols=1 Square ;
  INPUT ---        3 ;

  INPUT ---    group=2 N    rows=1 cols=1 Square ;
  INPUT ---        3 ;

  INPUT ---    design matrix constraints=67 covariates=4;
  INPUT ---        1 0 0 0;
  INPUT ---        0 1 0 0;
  INPUT ---        0 0 0 1;
  INPUT ---        0 0 1 0;
  INPUT ---        0 0 1 0;
  INPUT ---        0 0 1 0;
  INPUT ---        0 0 1 0;
  INPUT ---        0 0 1 0;

  Program  MARK  - Survival Rate Estimation with Capture-Recapture Data
   gfortran(dble) Vers. 9.0 Mar 2018    25-Mar-2020 14:21:51    Page  003
 - - - - - - - - - - - - - - - - - - - - - - - - - - - - - - - - - - - - - -
 
  INPUT ---        0 0 1 0;
  INPUT ---        0 0 1 0;
  INPUT ---        0 0 1 0;
  INPUT ---        0 0 1 0;
  INPUT ---        0 0 1 0;
  INPUT ---        0 0 1 0;
  INPUT ---        0 0 1 0;
  INPUT ---        0 0 1 0;
  INPUT ---        0 0 1 0;
  INPUT ---        0 0 1 0;
  INPUT ---        0 0 1 0;
  INPUT ---        0 0 1 0;
  INPUT ---        0 0 1 0;
  INPUT ---        0 0 1 0;
  INPUT ---        0 0 1 0;
  INPUT ---        0 0 1 0;
  INPUT ---        0 0 1 0;
  INPUT ---        0 0 1 0;
  INPUT ---        0 0 1 0;
  INPUT ---        0 0 1 0;
  INPUT ---        0 0 1 0;
  INPUT ---        0 0 1 0;
  INPUT ---        0 0 1 0;
  INPUT ---        0 0 1 0;
  INPUT ---        0 0 1 0;
  INPUT ---        0 0 1 0;
  INPUT ---        0 0 1 0;
  INPUT ---        0 0 1 0;
  INPUT ---        0 0 1 0;
  INPUT ---        0 0 1 0;
  INPUT ---        0 0 1 0;
  INPUT ---        0 0 1 0;
  INPUT ---        0 0 1 0;
  INPUT ---        0 0 1 0;
  INPUT ---        0 0 1 0;
  INPUT ---        0 0 1 0;
  INPUT ---        0 0 1 0;
  INPUT ---        0 0 1 0;
  INPUT ---        0 0 1 0;
  INPUT ---        0 0 1 0;
  INPUT ---        0 0 1 0;
  INPUT ---        0 0 1 0;
  INPUT ---        0 0 1 0;
  INPUT ---        0 0 1 0;
  INPUT ---        0 0 1 0;
  INPUT ---        0 0 1 0;

  Program  MARK  - Survival Rate Estimation with Capture-Recapture Data
   gfortran(dble) Vers. 9.0 Mar 2018    25-Mar-2020 14:21:52    Page  004
 - - - - - - - - - - - - - - - - - - - - - - - - - - - - - - - - - - - - - -
 
  INPUT ---        0 0 1 0;
  INPUT ---        0 0 1 0;
  INPUT ---        0 0 1 0;
  INPUT ---        0 0 1 0;
  INPUT ---        0 0 1 0;
  INPUT ---        0 0 1 0;
  INPUT ---        0 0 1 0;
  INPUT ---        0 0 1 0;
  INPUT ---        0 0 1 0;
  INPUT ---        0 0 1 0;
  INPUT ---        0 0 1 0;
  INPUT ---        0 0 1 0;
  INPUT ---        0 0 1 0;

  INPUT ---    links=67;

  INPUT ---    Logit;

  INPUT ---    Logit;

  INPUT ---    Log;

  INPUT ---    mlogit(1);

  INPUT ---    mlogit(1);

  INPUT ---    mlogit(1);

  INPUT ---    mlogit(1);

  INPUT ---    mlogit(1);

  INPUT ---    mlogit(1);

  INPUT ---    mlogit(1);

  INPUT ---    mlogit(1);

  INPUT ---    mlogit(1);

  INPUT ---    mlogit(1);

  INPUT ---    mlogit(1);

  INPUT ---    mlogit(1);


  Program  MARK  - Survival Rate Estimation with Capture-Recapture Data
   gfortran(dble) Vers. 9.0 Mar 2018    25-Mar-2020 14:21:52    Page  005
 - - - - - - - - - - - - - - - - - - - - - - - - - - - - - - - - - - - - - -
 
  INPUT ---    mlogit(1);

  INPUT ---    mlogit(1);

  INPUT ---    mlogit(1);

  INPUT ---    mlogit(1);

  INPUT ---    mlogit(1);

  INPUT ---    mlogit(1);

  INPUT ---    mlogit(1);

  INPUT ---    mlogit(1);

  INPUT ---    mlogit(1);

  INPUT ---    mlogit(1);

  INPUT ---    mlogit(1);

  INPUT ---    mlogit(1);

  INPUT ---    mlogit(1);

  INPUT ---    mlogit(1);

  INPUT ---    mlogit(1);

  INPUT ---    mlogit(1);

  INPUT ---    mlogit(1);

  INPUT ---    mlogit(1);

  INPUT ---    mlogit(1);

  INPUT ---    mlogit(1);

  INPUT ---    mlogit(2);

  INPUT ---    mlogit(2);

  INPUT ---    mlogit(2);


  Program  MARK  - Survival Rate Estimation with Capture-Recapture Data
   gfortran(dble) Vers. 9.0 Mar 2018    25-Mar-2020 14:21:52    Page  006
 - - - - - - - - - - - - - - - - - - - - - - - - - - - - - - - - - - - - - -
 
  INPUT ---    mlogit(2);

  INPUT ---    mlogit(2);

  INPUT ---    mlogit(2);

  INPUT ---    mlogit(2);

  INPUT ---    mlogit(2);

  INPUT ---    mlogit(2);

  INPUT ---    mlogit(2);

  INPUT ---    mlogit(2);

  INPUT ---    mlogit(2);

  INPUT ---    mlogit(2);

  INPUT ---    mlogit(2);

  INPUT ---    mlogit(2);

  INPUT ---    mlogit(2);

  INPUT ---    mlogit(2);

  INPUT ---    mlogit(2);

  INPUT ---    mlogit(2);

  INPUT ---    mlogit(2);

  INPUT ---    mlogit(2);

  INPUT ---    mlogit(2);

  INPUT ---    mlogit(2);

  INPUT ---    mlogit(2);

  INPUT ---    mlogit(2);

  INPUT ---    mlogit(2);


  Program  MARK  - Survival Rate Estimation with Capture-Recapture Data
   gfortran(dble) Vers. 9.0 Mar 2018    25-Mar-2020 14:21:52    Page  007
 - - - - - - - - - - - - - - - - - - - - - - - - - - - - - - - - - - - - - -
 
  INPUT ---    mlogit(2);

  INPUT ---    mlogit(2);

  INPUT ---    mlogit(2);

  INPUT ---    mlogit(2);

  INPUT ---    mlogit(2);

  INPUT ---    mlogit(2);
  INPUT ---       blabel(1)=Phi:(Intercept);
  INPUT ---       blabel(2)=p:(Intercept);
  INPUT ---       blabel(3)=pent:(Intercept);
  INPUT ---       blabel(4)=N:(Intercept);
  INPUT ---       rlabel(1)=Phi gF a0 t1;
  INPUT ---       rlabel(2)=p gF a0 t1;
  INPUT ---       rlabel(3)=N gF a0 t1;
  INPUT ---       rlabel(4)=pent gF a0.00547945205479452 t1.00547945205479;
  INPUT ---       rlabel(5)=pent gF a0.00821917808219178 t1.00821917808219;
  INPUT ---       rlabel(6)=pent gF a0.010958904109589 t1.01095890410959;
  INPUT ---       rlabel(7)=pent gF a0.0164383561643836 t1.01643835616438;
  INPUT ---       rlabel(8)=pent gF a0.0246575342465753 t1.02465753424658;
  INPUT ---       rlabel(9)=pent gF a0.0273972602739726 t1.02739726027397;
  INPUT ---       rlabel(10)=pent gF a0.0301369863013699 t1.03013698630137;
  INPUT ---       rlabel(11)=pent gF a0.0356164383561644 t1.03561643835616;
  INPUT ---       rlabel(12)=pent gF a0.0410958904109589 t1.04109589041096;
  INPUT ---       rlabel(13)=pent gF a0.0493150684931507 t1.04931506849315;
  INPUT ---       rlabel(14)=pent gF a0.0520547945205479 t1.05205479452055;
  INPUT ---       rlabel(15)=pent gF a0.0657534246575342 t1.06575342465753;
  INPUT ---       rlabel(16)=pent gF a0.0712328767123288 t1.07123287671233;
  INPUT ---       rlabel(17)=pent gF a0.0986301369863014 t1.0986301369863;
  INPUT ---       rlabel(18)=pent gF a0.101369863013699 t1.1013698630137;
  INPUT ---       rlabel(19)=pent gF a0.106849315068493 t1.10684931506849;
  INPUT ---       rlabel(20)=pent gF a0.10958904109589 t1.10958904109589;
  INPUT ---       rlabel(21)=pent gF a0.120547945205479 t1.12054794520548;
  INPUT ---       rlabel(22)=pent gF a0.350684931506849 t1.35068493150685;
  INPUT ---       rlabel(23)=pent gF a0.358904109589041 t1.35890410958904;
  INPUT ---       rlabel(24)=pent gF a0.613698630136986 t1.61369863013699;
  INPUT ---       rlabel(25)=pent gF a0.638356164383562 t1.63835616438356;
  INPUT ---       rlabel(26)=pent gF a0.646575342465753 t1.64657534246575;
  INPUT ---       rlabel(27)=pent gF a0.649315068493151 t1.64931506849315;
  INPUT ---       rlabel(28)=pent gF a0.652054794520548 t1.65205479452055;
  INPUT ---       rlabel(29)=pent gF a0.704109589041096 t1.7041095890411;
  INPUT ---       rlabel(30)=pent gF a0.706849315068493 t1.70684931506849;
  INPUT ---       rlabel(31)=pent gF a0.70958904109589 t1.70958904109589;

  Program  MARK  - Survival Rate Estimation with Capture-Recapture Data
   gfortran(dble) Vers. 9.0 Mar 2018    25-Mar-2020 14:21:52    Page  008
 - - - - - - - - - - - - - - - - - - - - - - - - - - - - - - - - - - - - - -
 
  INPUT ---       rlabel(32)=pent gF a0.827397260273973 t1.82739726027397;
  INPUT ---       rlabel(33)=pent gF a1.4027397260274 t2.4027397260274;
  INPUT ---       rlabel(34)=pent gF a1.40547945205479 t2.40547945205479;
  INPUT ---       rlabel(35)=pent gF a1.40821917808219 t2.40821917808219;
  INPUT ---       rlabel(36)=pent gM a0.00547945205479452 t1.00547945205479;
  INPUT ---       rlabel(37)=pent gM a0.00821917808219178 t1.00821917808219;
  INPUT ---       rlabel(38)=pent gM a0.010958904109589 t1.01095890410959;
  INPUT ---       rlabel(39)=pent gM a0.0164383561643836 t1.01643835616438;
  INPUT ---       rlabel(40)=pent gM a0.0246575342465753 t1.02465753424658;
  INPUT ---       rlabel(41)=pent gM a0.0273972602739726 t1.02739726027397;
  INPUT ---       rlabel(42)=pent gM a0.0301369863013699 t1.03013698630137;
  INPUT ---       rlabel(43)=pent gM a0.0356164383561644 t1.03561643835616;
  INPUT ---       rlabel(44)=pent gM a0.0410958904109589 t1.04109589041096;
  INPUT ---       rlabel(45)=pent gM a0.0493150684931507 t1.04931506849315;
  INPUT ---       rlabel(46)=pent gM a0.0520547945205479 t1.05205479452055;
  INPUT ---       rlabel(47)=pent gM a0.0657534246575342 t1.06575342465753;
  INPUT ---       rlabel(48)=pent gM a0.0712328767123288 t1.07123287671233;
  INPUT ---       rlabel(49)=pent gM a0.0986301369863014 t1.0986301369863;
  INPUT ---       rlabel(50)=pent gM a0.101369863013699 t1.1013698630137;
  INPUT ---       rlabel(51)=pent gM a0.106849315068493 t1.10684931506849;
  INPUT ---       rlabel(52)=pent gM a0.10958904109589 t1.10958904109589;
  INPUT ---       rlabel(53)=pent gM a0.120547945205479 t1.12054794520548;
  INPUT ---       rlabel(54)=pent gM a0.350684931506849 t1.35068493150685;
  INPUT ---       rlabel(55)=pent gM a0.358904109589041 t1.35890410958904;
  INPUT ---       rlabel(56)=pent gM a0.613698630136986 t1.61369863013699;
  INPUT ---       rlabel(57)=pent gM a0.638356164383562 t1.63835616438356;
  INPUT ---       rlabel(58)=pent gM a0.646575342465753 t1.64657534246575;
  INPUT ---       rlabel(59)=pent gM a0.649315068493151 t1.64931506849315;
  INPUT ---       rlabel(60)=pent gM a0.652054794520548 t1.65205479452055;
  INPUT ---       rlabel(61)=pent gM a0.704109589041096 t1.7041095890411;
  INPUT ---       rlabel(62)=pent gM a0.706849315068493 t1.70684931506849;
  INPUT ---       rlabel(63)=pent gM a0.70958904109589 t1.70958904109589;
  INPUT ---       rlabel(64)=pent gM a0.827397260273973 t1.82739726027397;
  INPUT ---       rlabel(65)=pent gM a1.4027397260274 t2.4027397260274;
  INPUT ---       rlabel(66)=pent gM a1.40547945205479 t2.40547945205479;
  INPUT ---       rlabel(67)=pent gM a1.40821917808219 t2.40821917808219;

 Link Function Used is PARM-SPECIFIC

 Variance Estimation Procedure Used is 2ndPart 

 M(t+1):
      16     29



 Group: 1

 U(t)+UL(t):
       0    2    2    0    1    0    3    1    1    0    0    0    0    0    1
       0    0    0    2    1    1    0    0    0    1    0    0    0    0    0
       0    0    0

 U(t):
       0    2    2    0    1    0    3    1    1    0    0    0    0    0    1
       0    0    0    2    1    1    0    0    0    1    0    0    0    0    0
       0    0    0

 UL(t):
       0    0    0    0    0    0    0    0    0    0    0    0    0    0    0
       0    0    0    0    0    0    0    0    0    0    0    0    0    0    0
       0    0    0

 Not Released(t):
       0    0    0    0    0    0    0    0    0    0    0    0    0    0    0
       0    0    0    0    0    0    0    0    0    0    0    0    0    0    0
       0    0    0

 Group: 2

 U(t)+UL(t):
       3    0    1    1    1    1    1    0    1    1    2    1    3    3    1
       1    0    2    3    1    0    0    1    0    0    0    0    0    0    1
       0    0    0

 U(t):
       3    0    1    1    1    1    1    0    1    1    2    1    3    3    1
       1    0    2    3    1    0    0    1    0    0    0    0    0    0    1
       0    0    0

 UL(t):
       0    0    0    0    0    0    0    0    0    0    0    0    0    0    0
       0    0    0    0    0    0    0    0    0    0    0    0    0    0    0
       0    0    0

 Not Released(t):
       0    0    0    0    0    0    0    0    0    0    0    0    0    0    0
       0    0    0    0    0    0    0    0    0    0    0    0    0    0    0
       0    0    0
 -2logL(saturated) = 272.93564     
 Effective Sample Size = 103

 Number of function evaluations was 26 for 4 parameters.

  Program  MARK  - Survival Rate Estimation with Capture-Recapture Data
   gfortran(dble) Vers. 9.0 Mar 2018    25-Mar-2020 14:21:52    Page  009
 - - - - - - - - - - - - - - - - - - - - - - - - - - - - - - - - - - - - - -
 
 Time for numerical optimization was 0.02 seconds.     
 -2logL { Phi(~1)p(~1)pent(~1)N(~1) } = 560.13045     
 Penalty { Phi(~1)p(~1)pent(~1)N(~1) } = 0.0000000     
 Gradient { Phi(~1)p(~1)pent(~1)N(~1) }:
 -0.2279717E-04 -0.2584489E-04   0.000000      0.3189718E-05
 Maximum ABS(G) { Phi(~1)p(~1)pent(~1)N(~1) } = 0.2584489E-04 
 S Vector { Phi(~1)p(~1)pent(~1)N(~1) }:
   85.03124      4.592990      2.717107     0.6172934E-01
 Time to compute number of parameters was 0.01 seconds.     
 Ratio Threshold = 50.000000       Max Gap (3/4) = 44.016453       Next Max Gap (1/2) = 18.513267     
 Gap Method for Num. of Estimated Parameters { Phi(~1)p(~1)pent(~1)N(~1) } = 4          
 Threshold { Phi(~1)p(~1)pent(~1)N(~1) } = 0.5168978E-04                 
 Numerical Threshold Method for Num. of Estimated Parameters { Phi(~1)p(~1)pent(~1)N(~1) } = 4          
 Number of Estimated Parameters { Phi(~1)p(~1)pent(~1)N(~1) } = 4          
 DEVIANCE { Phi(~1)p(~1)pent(~1)N(~1) } = 287.19481                     
 DEVIANCE Degrees of Freedom { Phi(~1)p(~1)pent(~1)N(~1) } = 37            
 c-hat { Phi(~1)p(~1)pent(~1)N(~1) } = 7.7620218                     
 AIC { Phi(~1)p(~1)pent(~1)N(~1) } = 568.13045                  
 AICc { Phi(~1)p(~1)pent(~1)N(~1) } = 568.53861                    
 BIC { Phi(~1)p(~1)pent(~1)N(~1) } = 578.66936                    
 Pearson Chisquare { Phi(~1)p(~1)pent(~1)N(~1) } = 44638497.                  


                PARM-SPECIFIC Link Function Parameters of { Phi(~1)p(~1)pent(~1)N(~1) }
                                                              95% Confidence Interval
 Parameter                    Beta         Standard Error      Lower           Upper
 -------------------------  --------------  --------------  --------------  --------------
    1:Phi:(Intercept)        0.3386566       0.7948734      -1.2192954       1.8966085    
    2:p:(Intercept)         -2.5423921       0.1875978      -2.9100838      -2.1747005    
    3:pent:(Intercept)      -5.7173281       3.9191736      -13.398908       1.9642522    
    4:N:(Intercept)          1.3918709       0.8776879      -0.3283973       3.1121392    


                Real Function Parameters of { Phi(~1)p(~1)pent(~1)N(~1) }
                                                               95% Confidence Interval
  Parameter                  Estimate       Standard Error      Lower           Upper
 --------------------------  --------------  --------------  --------------  --------------
     1:Phi gF a0 t1           0.5838641       0.1931279       0.2280605       0.8695072                          
     2:p gF a0 t1             0.0729393       0.0126852       0.0516573       0.1020455                          
     3:N gF a0 t1             20.022369       3.5303841       16.914467       33.692761                          
     4:pent gF a0.005479452   0.0029754       0.0105508       0.2801523E-05   0.7607031                          
     5:pent gF a0.008219178   0.0029754       0.0105508       0.2801523E-05   0.7607031                          
     6:pent gF a0.010958904   0.0029754       0.0105508       0.2801523E-05   0.7607031                          
     7:pent gF a0.016438356   0.0029754       0.0105508       0.2801523E-05   0.7607031                          
     8:pent gF a0.024657534   0.0029754       0.0105508       0.2801523E-05   0.7607031                          
     9:pent gF a0.027397260   0.0029754       0.0105508       0.2801523E-05   0.7607031                          
    10:pent gF a0.030136986   0.0029754       0.0105508       0.2801523E-05   0.7607031                          
    11:pent gF a0.035616438   0.0029754       0.0105508       0.2801523E-05   0.7607031                          
    12:pent gF a0.041095890   0.0029754       0.0105508       0.2801523E-05   0.7607031                          
    13:pent gF a0.049315068   0.0029754       0.0105508       0.2801523E-05   0.7607031                          
    14:pent gF a0.052054794   0.0029754       0.0105508       0.2801523E-05   0.7607031                          
    15:pent gF a0.065753424   0.0029754       0.0105508       0.2801523E-05   0.7607031                          
    16:pent gF a0.071232876   0.0029754       0.0105508       0.2801523E-05   0.7607031                          
    17:pent gF a0.098630136   0.0029754       0.0105508       0.2801523E-05   0.7607031                          
    18:pent gF a0.101369863   0.0029754       0.0105508       0.2801523E-05   0.7607031                          
    19:pent gF a0.106849315   0.0029754       0.0105508       0.2801523E-05   0.7607031                          
    20:pent gF a0.109589041   0.0029754       0.0105508       0.2801523E-05   0.7607031                          
    21:pent gF a0.120547945   0.0029754       0.0105508       0.2801523E-05   0.7607031                          

  Program  MARK  - Survival Rate Estimation with Capture-Recapture Data
   gfortran(dble) Vers. 9.0 Mar 2018    25-Mar-2020 14:21:52    Page  010
 - - - - - - - - - - - - - - - - - - - - - - - - - - - - - - - - - - - - - -
 
    22:pent gF a0.350684931   0.0029754       0.0105508       0.2801523E-05   0.7607031                          
    23:pent gF a0.358904109   0.0029754       0.0105508       0.2801523E-05   0.7607031                          
    24:pent gF a0.613698630   0.0029754       0.0105508       0.2801523E-05   0.7607031                          
    25:pent gF a0.638356164   0.0029754       0.0105508       0.2801523E-05   0.7607031                          
    26:pent gF a0.646575342   0.0029754       0.0105508       0.2801523E-05   0.7607031                          
    27:pent gF a0.649315068   0.0029754       0.0105508       0.2801523E-05   0.7607031                          
    28:pent gF a0.652054794   0.0029754       0.0105508       0.2801523E-05   0.7607031                          
    29:pent gF a0.704109589   0.0029754       0.0105508       0.2801523E-05   0.7607031                          
    30:pent gF a0.706849315   0.0029754       0.0105508       0.2801523E-05   0.7607031                          
    31:pent gF a0.709589041   0.0029754       0.0105508       0.2801523E-05   0.7607031                          
    32:pent gF a0.827397260   0.0029754       0.0105508       0.2801523E-05   0.7607031                          
    33:pent gF a1.402739726   0.0029754       0.0105508       0.2801523E-05   0.7607031                          
    34:pent gF a1.405479452   0.0029754       0.0105508       0.2801523E-05   0.7607031                          
    35:pent gF a1.408219178   0.0029754       0.0105508       0.2801523E-05   0.7607031                          
    36:pent gM a0.005479452   0.0029754       0.0105508       0.2801523E-05   0.7607031                          
    37:pent gM a0.008219178   0.0029754       0.0105508       0.2801523E-05   0.7607031                          
    38:pent gM a0.010958904   0.0029754       0.0105508       0.2801523E-05   0.7607031                          
    39:pent gM a0.016438356   0.0029754       0.0105508       0.2801523E-05   0.7607031                          
    40:pent gM a0.024657534   0.0029754       0.0105508       0.2801523E-05   0.7607031                          
    41:pent gM a0.027397260   0.0029754       0.0105508       0.2801523E-05   0.7607031                          
    42:pent gM a0.030136986   0.0029754       0.0105508       0.2801523E-05   0.7607031                          
    43:pent gM a0.035616438   0.0029754       0.0105508       0.2801523E-05   0.7607031                          
    44:pent gM a0.041095890   0.0029754       0.0105508       0.2801523E-05   0.7607031                          
    45:pent gM a0.049315068   0.0029754       0.0105508       0.2801523E-05   0.7607031                          
    46:pent gM a0.052054794   0.0029754       0.0105508       0.2801523E-05   0.7607031                          
    47:pent gM a0.065753424   0.0029754       0.0105508       0.2801523E-05   0.7607031                          
    48:pent gM a0.071232876   0.0029754       0.0105508       0.2801523E-05   0.7607031                          
    49:pent gM a0.098630136   0.0029754       0.0105508       0.2801523E-05   0.7607031                          
    50:pent gM a0.101369863   0.0029754       0.0105508       0.2801523E-05   0.7607031                          
    51:pent gM a0.106849315   0.0029754       0.0105508       0.2801523E-05   0.7607031                          
    52:pent gM a0.109589041   0.0029754       0.0105508       0.2801523E-05   0.7607031                          
    53:pent gM a0.120547945   0.0029754       0.0105508       0.2801523E-05   0.7607031                          
    54:pent gM a0.350684931   0.0029754       0.0105508       0.2801523E-05   0.7607031                          
    55:pent gM a0.358904109   0.0029754       0.0105508       0.2801523E-05   0.7607031                          
    56:pent gM a0.613698630   0.0029754       0.0105508       0.2801523E-05   0.7607031                          
    57:pent gM a0.638356164   0.0029754       0.0105508       0.2801523E-05   0.7607031                          
    58:pent gM a0.646575342   0.0029754       0.0105508       0.2801523E-05   0.7607031                          
    59:pent gM a0.649315068   0.0029754       0.0105508       0.2801523E-05   0.7607031                          
    60:pent gM a0.652054794   0.0029754       0.0105508       0.2801523E-05   0.7607031                          
    61:pent gM a0.704109589   0.0029754       0.0105508       0.2801523E-05   0.7607031                          
    62:pent gM a0.706849315   0.0029754       0.0105508       0.2801523E-05   0.7607031                          
    63:pent gM a0.709589041   0.0029754       0.0105508       0.2801523E-05   0.7607031                          
    64:pent gM a0.827397260   0.0029754       0.0105508       0.2801523E-05   0.7607031                          
    65:pent gM a1.402739726   0.0029754       0.0105508       0.2801523E-05   0.7607031                          
    66:pent gM a1.405479452   0.0029754       0.0105508       0.2801523E-05   0.7607031                          
    67:pent gM a1.408219178   0.0029754       0.0105508       0.2801523E-05   0.7607031                          

  Program  MARK  - Survival Rate Estimation with Capture-Recapture Data
   gfortran(dble) Vers. 9.0 Mar 2018    25-Mar-2020 14:21:52    Page  011
 - - - - - - - - - - - - - - - - - - - - - - - - - - - - - - - - - - - - - -
 


                      Estimates of Derived Parameters
    Gross Birth+Immigration Estimates of { Phi(~1)p(~1)pent(~1)N(~1) }
                                                95% Confidence Interval
 Grp. Occ.   B*-hat          Standard Error      Lower           Upper
 ---- ----   --------------  --------------  --------------  --------------
   1     1    0.0596621       0.2203620       0.0024054       1.4798317    
   1     2    0.0596181       0.2201816       0.0024038       1.4786060    
   1     3    0.0596181       0.2201816       0.0024038       1.4786060    
   1     4    0.0596621       0.2203620       0.0024054       1.4798317    
   1     5    0.0597060       0.2205425       0.0024069       1.4810579    
   1     6    0.0596181       0.2201816       0.0024038       1.4786060    
   1     7    0.0596181       0.2201816       0.0024038       1.4786060    
   1     8    0.0596621       0.2203620       0.0024054       1.4798317    
   1     9    0.0596621       0.2203620       0.0024054       1.4798317    
   1    10    0.0597060       0.2205425       0.0024069       1.4810579    
   1    11    0.0596181       0.2201816       0.0024038       1.4786060    
   1    12    0.0597940       0.2209039       0.0024100       1.4835126    
   1    13    0.0596621       0.2203620       0.0024054       1.4798317    
   1    14    0.0600144       0.2218090       0.0024178       1.4896610    
   1    15    0.0596181       0.2201816       0.0024038       1.4786060    
   1    16    0.0596621       0.2203620       0.0024054       1.4798317    
   1    17    0.0596181       0.2201816       0.0024038       1.4786060    
   1    18    0.0597500       0.2207232       0.0024085       1.4822849    
   1    19    0.0633389       0.2354950       0.0025349       1.5826487    
   1    20    0.0597060       0.2205425       0.0024069       1.4810579    
   1    21    0.0637513       0.2371966       0.0025494       1.5942122    
   1    22    0.0599703       0.2216278       0.0024163       1.4884300    
   1    23    0.0597060       0.2205425       0.0024069       1.4810579    
   1    24    0.0596181       0.2201816       0.0024038       1.4786060    
   1    25    0.0596181       0.2201816       0.0024038       1.4786060    
   1    26    0.0604124       0.2234445       0.0024319       1.5007712    
   1    27    0.0596181       0.2201816       0.0024038       1.4786060    
   1    28    0.0596181       0.2201816       0.0024038       1.4786060    
   1    29    0.0614824       0.2278451       0.0024696       1.5306680    
   1    30    0.0692709       0.2600468       0.0027427       1.7495385    
   1    31    0.0596181       0.2201816       0.0024038       1.4786060    
   1    32    0.0596181       0.2201816       0.0024038       1.4786060    
   2     1    0.0983991       0.3577172       0.0040380       2.3977970    
   2     2    0.0983266       0.3574239       0.0040354       2.3958074    
   2     3    0.0983266       0.3574239       0.0040354       2.3958074    
   2     4    0.0983991       0.3577172       0.0040380       2.3977970    
   2     5    0.0984716       0.3580106       0.0040406       2.3997878    
   2     6    0.0983266       0.3574239       0.0040354       2.3958074    

  Program  MARK  - Survival Rate Estimation with Capture-Recapture Data
   gfortran(dble) Vers. 9.0 Mar 2018    25-Mar-2020 14:21:52    Page  012
 - - - - - - - - - - - - - - - - - - - - - - - - - - - - - - - - - - - - - -
 
   2     7    0.0983266       0.3574239       0.0040354       2.3958074    
   2     8    0.0983991       0.3577172       0.0040380       2.3977970    
   2     9    0.0983991       0.3577172       0.0040380       2.3977970    
   2    10    0.0984716       0.3580106       0.0040406       2.3997878    
   2    11    0.0983266       0.3574239       0.0040354       2.3958074    
   2    12    0.0986167       0.3585980       0.0040458       2.4037725    
   2    13    0.0983991       0.3577172       0.0040380       2.3977970    
   2    14    0.0989802       0.3600693       0.0040589       2.4137538    
   2    15    0.0983266       0.3574239       0.0040354       2.3958074    
   2    16    0.0983991       0.3577172       0.0040380       2.3977970    
   2    17    0.0983266       0.3574239       0.0040354       2.3958074    
   2    18    0.0985441       0.3583042       0.0040432       2.4017796    
   2    19    0.1044633       0.3823174       0.0042549       2.5647149    
   2    20    0.0984716       0.3580106       0.0040406       2.3997878    
   2    21    0.1051434       0.3850836       0.0042792       2.5834886    
   2    22    0.0989074       0.3597747       0.0040562       2.4117553    
   2    23    0.0984716       0.3580106       0.0040406       2.3997878    
   2    24    0.0983266       0.3574239       0.0040354       2.3958074    
   2    25    0.0983266       0.3574239       0.0040354       2.3958074    
   2    26    0.0996366       0.3627279       0.0040824       2.4317899    
   2    27    0.0983266       0.3574239       0.0040354       2.3958074    
   2    28    0.0983266       0.3574239       0.0040354       2.3958074    
   2    29    0.1014013       0.3698814       0.0041455       2.4803249    
   2    30    0.1142466       0.4222322       0.0046029       2.8356836    
   2    31    0.0983266       0.3574239       0.0040354       2.3958074    
   2    32    0.0983266       0.3574239       0.0040354       2.3958074    

     Net Birth+Immigration Estimates of { Phi(~1)p(~1)pent(~1)N(~1) }
                                                95% Confidence Interval
 Grp. Occ.   B-hat           Standard Error      Lower           Upper
 ---- ----   --------------  --------------  --------------  --------------
   1     1    0.0595742       0.2200013       0.0024023       1.4773811    
   1     2    0.0595742       0.2200013       0.0024023       1.4773811    
   1     3    0.0595742       0.2200013       0.0024023       1.4773811    
   1     4    0.0595742       0.2200013       0.0024023       1.4773811    
   1     5    0.0595742       0.2200013       0.0024023       1.4773811    
   1     6    0.0595742       0.2200013       0.0024023       1.4773811    
   1     7    0.0595742       0.2200013       0.0024023       1.4773811    
   1     8    0.0595742       0.2200013       0.0024023       1.4773811    
   1     9    0.0595742       0.2200013       0.0024023       1.4773811    
   1    10    0.0595742       0.2200013       0.0024023       1.4773811    
   1    11    0.0595742       0.2200013       0.0024023       1.4773811    
   1    12    0.0595742       0.2200013       0.0024023       1.4773811    
   1    13    0.0595742       0.2200013       0.0024023       1.4773811    
   1    14    0.0595742       0.2200013       0.0024023       1.4773811    
   1    15    0.0595742       0.2200013       0.0024023       1.4773811    
   1    16    0.0595742       0.2200013       0.0024023       1.4773811    
   1    17    0.0595742       0.2200013       0.0024023       1.4773811    
   1    18    0.0595742       0.2200013       0.0024023       1.4773811    
   1    19    0.0595742       0.2200013       0.0024023       1.4773811    
   1    20    0.0595742       0.2200013       0.0024023       1.4773811    
   1    21    0.0595742       0.2200013       0.0024023       1.4773811    
   1    22    0.0595742       0.2200013       0.0024023       1.4773811    
   1    23    0.0595742       0.2200013       0.0024023       1.4773811    
   1    24    0.0595742       0.2200013       0.0024023       1.4773811    
   1    25    0.0595742       0.2200013       0.0024023       1.4773811    
   1    26    0.0595742       0.2200013       0.0024023       1.4773811    
   1    27    0.0595742       0.2200013       0.0024023       1.4773811    
   1    28    0.0595742       0.2200013       0.0024023       1.4773811    
   1    29    0.0595742       0.2200013       0.0024023       1.4773811    
   1    30    0.0595742       0.2200013       0.0024023       1.4773811    
   1    31    0.0595742       0.2200013       0.0024023       1.4773811    
   1    32    0.0595742       0.2200013       0.0024023       1.4773811    
   2     1    0.0982541       0.3571308       0.0040328       2.3938189    
   2     2    0.0982541       0.3571308       0.0040328       2.3938189    
   2     3    0.0982541       0.3571308       0.0040328       2.3938189    
   2     4    0.0982541       0.3571308       0.0040328       2.3938189    
   2     5    0.0982541       0.3571308       0.0040328       2.3938189    
   2     6    0.0982541       0.3571308       0.0040328       2.3938189    
   2     7    0.0982541       0.3571308       0.0040328       2.3938189    
   2     8    0.0982541       0.3571308       0.0040328       2.3938189    
   2     9    0.0982541       0.3571308       0.0040328       2.3938189    
   2    10    0.0982541       0.3571308       0.0040328       2.3938189    
   2    11    0.0982541       0.3571308       0.0040328       2.3938189    
   2    12    0.0982541       0.3571308       0.0040328       2.3938189    
   2    13    0.0982541       0.3571308       0.0040328       2.3938189    
   2    14    0.0982541       0.3571308       0.0040328       2.3938189    
   2    15    0.0982541       0.3571308       0.0040328       2.3938189    
   2    16    0.0982541       0.3571308       0.0040328       2.3938189    
   2    17    0.0982541       0.3571308       0.0040328       2.3938189    
   2    18    0.0982541       0.3571308       0.0040328       2.3938189    
   2    19    0.0982541       0.3571308       0.0040328       2.3938189    
   2    20    0.0982541       0.3571308       0.0040328       2.3938189    
   2    21    0.0982541       0.3571308       0.0040328       2.3938189    
   2    22    0.0982541       0.3571308       0.0040328       2.3938189    
   2    23    0.0982541       0.3571308       0.0040328       2.3938189    
   2    24    0.0982541       0.3571308       0.0040328       2.3938189    
   2    25    0.0982541       0.3571308       0.0040328       2.3938189    
   2    26    0.0982541       0.3571308       0.0040328       2.3938189    
   2    27    0.0982541       0.3571308       0.0040328       2.3938189    
   2    28    0.0982541       0.3571308       0.0040328       2.3938189    
   2    29    0.0982541       0.3571308       0.0040328       2.3938189    
   2    30    0.0982541       0.3571308       0.0040328       2.3938189    
   2    31    0.0982541       0.3571308       0.0040328       2.3938189    
   2    32    0.0982541       0.3571308       0.0040328       2.3938189    

          Population Estimates of { Phi(~1)p(~1)pent(~1)N(~1) }
                                                95% Confidence Interval
 Grp. Occ.   N-hat           Standard Error      Lower           Upper
 ---- ----   --------------  --------------  --------------  --------------
   1     1    18.115995       4.5008729       11.213422       29.267540    
   1     2    18.122234       4.3071148       11.446574       28.691150    
   1     3    18.155112       4.1132880       11.709879       28.147864    
   1     4    18.187941       3.9219739       11.976010       27.621988    
   1     5    18.193969       3.7362086       12.215980       27.097335    
   1     6    18.173255       3.5565470       12.428261       26.573887    
   1     7    18.206058       3.3743879       12.699248       26.100801    
   1     8    18.238812       3.1964263       12.970122       25.647737    
   1     9    18.244690       3.0264399       13.209707       25.198796    
   1    10    18.250550       2.8618374       13.446456       24.771032    
   1    11    18.229587       2.7066149       13.648401       24.348484    
   1    12    18.262307       2.5520675       13.905190       23.984704    
   1    13    18.187764       2.4183272       14.031146       23.575747    
   1    14    18.193792       2.2841318       14.238854       23.247239    
   1    15    17.987118       2.1845568       14.189218       22.801568    
   1    16    18.020195       2.0674128       14.401924       22.547504    
   1    17    18.026717       1.9684597       14.562695       22.314724    
   1    18    18.059735       1.8847807       14.727047       22.146601    
   1    19    18.013127       1.8243965       14.777346       21.957445    
   1    20    15.974654       2.1197797       12.330211       20.696286    

  Program  MARK  - Survival Rate Estimation with Capture-Recapture Data
   gfortran(dble) Vers. 9.0 Mar 2018    25-Mar-2020 14:21:52    Page  013
 - - - - - - - - - - - - - - - - - - - - - - - - - - - - - - - - - - - - - -
 
   1    21    15.963734       2.0434696       12.434123       20.495278    
   1    22    13.978061       2.5819517       9.7618389       20.015306    
   1    23    13.853401       2.5402479       9.6997475       19.785743    
   1    24    13.851842       2.4711519       9.7912749       19.596377    
   1    25    13.891010       2.4048433       9.9187234       19.454133    
   1    26    13.930121       2.3560820       10.022997       19.360305    
   1    27    13.604927       2.4203904       9.6258295       19.228891    
   1    28    13.644459       2.3978660       9.6939369       19.204918    
   1    29    13.683933       2.3940679       9.7366066       19.231549    
   1    30    12.902990       2.5702213       8.7655316       18.993390    
   1    31    9.5271682       3.3039861       4.9215895       18.442606    
   1    32    9.5727077       3.2424540       5.0176943       18.262717    
   1    33    9.6181801       3.1944379       5.1020509       18.131804    
   2     1    29.878236       8.7017946       17.079428       52.268086    
   2     2    29.888526       8.3617580       17.451625       51.188584    
   2     3    29.942751       8.0190662       17.875598       50.155991    
   2     4    29.996896       7.6777158       18.308546       49.147197    
   2     5    30.006836       7.3432069       18.703965       48.140073    
   2     6    29.972674       7.0166777       19.059236       47.135217    
   2     7    30.026775       6.6798684       19.517576       46.194632    
   2     8    30.080796       6.3449596       19.984439       45.277944    
   2     9    30.090490       6.0195980       20.408502       44.365705    
   2    10    30.100155       5.6970371       20.838906       43.477299    
   2    11    30.065581       5.3860500       21.221804       42.594832    
   2    12    30.119545       5.0610815       21.717519       41.772130    
   2    13    29.996603       4.7775258       21.996206       40.906880    
   2    14    30.006545       4.4698919       22.444527       40.116360    
   2    15    29.665684       4.2532486       22.430210       39.235156    
   2    16    29.720237       3.9452094       22.937739       38.508261    
   2    17    29.730992       3.6560686       23.384406       37.800057    
   2    18    29.785449       3.3639163       23.887661       37.139382    
   2    19    29.708580       3.1200702       24.195241       36.478236    
   2    20    26.346579       4.0455814       19.533431       35.536114    
   2    21    26.328569       3.8141350       19.849697       34.922122    
   2    22    23.053650       4.8576013       15.322346       34.685994    
   2    23    22.848051       4.7242408       15.299727       34.120440    
   2    24    22.845480       4.5304909       15.546064       33.572224    
   2    25    22.910080       4.3283632       15.871410       33.070265    
   2    26    22.974584       4.1458868       16.175954       32.630628    
   2    27    22.438249       4.2133607       15.578787       32.317987    
   2    28    22.503449       4.0692600       15.832935       31.984293    
   2    29    22.568553       3.9506033       16.055427       31.723826    
   2    30    21.280564       4.3204098       14.351917       31.554141    
   2    31    15.712909       5.7960028       7.8023964       31.643550    
   2    32    15.788016       5.6453651       7.9995165       31.159566    
   2    33    15.863013       5.5133035       8.1833732       30.749566    

       Gross Population Estimates of { Phi(~1)p(~1)pent(~1)N(~1) }
                                                95% Confidence Interval
 Grp. Occ.   N*-hat          Standard Error      Lower           Upper
 ---- ----   --------------  --------------  --------------  --------------

  Program  MARK  - Survival Rate Estimation with Capture-Recapture Data
   gfortran(dble) Vers. 9.0 Mar 2018    25-Mar-2020 14:21:52    Page  014
 - - - - - - - - - - - - - - - - - - - - - - - - - - - - - - - - - - - - - -
 
   1     0    20.045611       3.6123493       14.120444       28.457075    
   2     0    33.060702       3.6632795       26.624462       41.052849    

   CPU Time for the last procedure was 0.03 seconds.     


  INPUT --- proc stop;

     CPU Time in minutes for this job was 0.00

     Time Start = 14:21:51.853   Time End = 14:21:52.298

     Wall Clock Time in minutes for this job was 0.01


          E X E C U T I O N   S U C C E S S F U L 
