
   Program  MARK  - Survival Rate Estimation with Capture-Recapture Data
   gfortran(dble) Vers. 9.0 Mar 2018    25-Mar-2020 12:03:51    Page  001
 - - - - - - - - - - - - - - - - - - - - - - - - - - - - - - - - - - - - - -
 
   This version was compiled by GCC version 7.2.0 using the options: 
     -cpp -iprefix C:/Program Files/mingw-w64/x86_64-7.2.0-posix-seh-rt_v5-rev1/
     mingw64/bin/../lib/gcc/x86_64-w64-mingw32/7.2.0/ -D_MT -D_REENTRANT
     -U_REENTRANT -D IEEE -D DBLEPRECISION -m64 -mtune=core2 -march=nocona -mthreads
     -O2 -fimplicit-none -fbounds-check -funroll-loops -ftree-vectorize
     -ffpe-summary=invalid,zero,overflow,underflow -fno-unsafe-math-optimizations
     -frounding-math -fsignaling-nans -fopenmp.

   This problem will use 15 of 16 possible threads.


  INPUT --- proc title ;

   CPU Time for the last procedure was 0.01 seconds.     


  INPUT --- proc chmatrix occasions= 33 groups= 2 etype= POPAN Nodes= 
  INPUT --- 101 ICMeans NoHist hist= 41  ;

  INPUT ---    time interval 0.00547945205479452 0.00273972602739726 
  INPUT ---    0.00273972602739726 0.00547945205479452  
  INPUT ---    0.00821917808219178 0.00273972602739726 0.00273972602739726 
  INPUT ---    0.00547945205479452  0.00547945205479452 
  INPUT ---    0.00821917808219178 0.00273972602739726 0.0136986301369863 
  INPUT ---    0.00547945205479452  0.0273972602739726 0.00273972602739726 
  INPUT ---    0.00547945205479452 0.00273972602739726 0.010958904109589  
  INPUT ---    0.23013698630137 0.00821917808219178 0.254794520547945 
  INPUT ---    0.0246575342465753 0.00821917808219178  0.00273972602739726 
  INPUT ---    0.00273972602739726 0.0520547945205479 0.00273972602739726 
  INPUT ---    0.00273972602739726  0.117808219178082 0.575342465753425 
  INPUT ---    0.00273972602739726 0.00273972602739726 ;

  INPUT ---    glabel(1)=sexF;

  INPUT ---    glabel(2)=sexM;

   * *  WARNING  * *   At least a pair of the encounter histories are duplicates. 

      Number of unique encounter histories read was 38.

      Number of individual covariates read was 0.
      Time interval lengths vary and/or not equal to 1.

      Data type number is 19
      Data type is POPAN                                                                                               

   CPU Time for the last procedure was 0.01 seconds.     

  Program  MARK  - Survival Rate Estimation with Capture-Recapture Data
   gfortran(dble) Vers. 9.0 Mar 2018    25-Mar-2020 12:03:51    Page  002
 - - - - - - - - - - - - - - - - - - - - - - - - - - - - - - - - - - - - - -
 


  INPUT --- proc estimate link=Parm-Specific NOLOOP varest=2ndPart    ;


  INPUT --- model={ Phi(~sex)p(~1)pent(~1)N(~1) };

  INPUT ---    group=1 Phi    rows=1 cols=32 Square ;
  INPUT ---        1 1 1 1 1 1 1 1 1 1 1 1 1 1 1 1 1 1 1 1 1 1 1 1 1 1 1 1 1 
  INPUT ---       1 1 1 ;

  INPUT ---    group=2 Phi    rows=1 cols=32 Square ;
  INPUT ---        2 2 2 2 2 2 2 2 2 2 2 2 2 2 2 2 2 2 2 2 2 2 2 2 2 2 2 2 2 
  INPUT ---       2 2 2 ;

  INPUT ---    group=1 p    rows=1 cols=33 Square ;
  INPUT ---        3 3 3 3 3 3 3 3 3 3 3 3 3 3 3 3 3 3 3 3 3 3 3 3 3 3 3 3 3 
  INPUT ---       3 3 3 3 ;

  INPUT ---    group=2 p    rows=1 cols=33 Square ;
  INPUT ---        3 3 3 3 3 3 3 3 3 3 3 3 3 3 3 3 3 3 3 3 3 3 3 3 3 3 3 3 3 
  INPUT ---       3 3 3 3 ;

  INPUT ---    group=1 pent    rows=1 cols=32 Square ;
  INPUT ---        5 6 7 8 9 10 11 12 13 14 15 16 17 18 19 20 21 22 23 24 25 
  INPUT ---       26 27 28 29 30 31 32 33 34 35 36 ;

  INPUT ---    group=2 pent    rows=1 cols=32 Square ;
  INPUT ---        37 38 39 40 41 42 43 44 45 46 47 48 49 50 51 52 53 54 55 
  INPUT ---       56 57 58 59 60 61 62 63 64 65 66 67 68 ;

  INPUT ---    group=1 N    rows=1 cols=1 Square ;
  INPUT ---        4 ;

  INPUT ---    group=2 N    rows=1 cols=1 Square ;
  INPUT ---        4 ;

  INPUT ---    design matrix constraints=68 covariates=5;
  INPUT ---        1 0 0 0 0;
  INPUT ---        1 1 0 0 0;
  INPUT ---        0 0 1 0 0;
  INPUT ---        0 0 0 0 1;
  INPUT ---        0 0 0 1 0;
  INPUT ---        0 0 0 1 0;
  INPUT ---        0 0 0 1 0;
  INPUT ---        0 0 0 1 0;

  Program  MARK  - Survival Rate Estimation with Capture-Recapture Data
   gfortran(dble) Vers. 9.0 Mar 2018    25-Mar-2020 12:03:51    Page  003
 - - - - - - - - - - - - - - - - - - - - - - - - - - - - - - - - - - - - - -
 
  INPUT ---        0 0 0 1 0;
  INPUT ---        0 0 0 1 0;
  INPUT ---        0 0 0 1 0;
  INPUT ---        0 0 0 1 0;
  INPUT ---        0 0 0 1 0;
  INPUT ---        0 0 0 1 0;
  INPUT ---        0 0 0 1 0;
  INPUT ---        0 0 0 1 0;
  INPUT ---        0 0 0 1 0;
  INPUT ---        0 0 0 1 0;
  INPUT ---        0 0 0 1 0;
  INPUT ---        0 0 0 1 0;
  INPUT ---        0 0 0 1 0;
  INPUT ---        0 0 0 1 0;
  INPUT ---        0 0 0 1 0;
  INPUT ---        0 0 0 1 0;
  INPUT ---        0 0 0 1 0;
  INPUT ---        0 0 0 1 0;
  INPUT ---        0 0 0 1 0;
  INPUT ---        0 0 0 1 0;
  INPUT ---        0 0 0 1 0;
  INPUT ---        0 0 0 1 0;
  INPUT ---        0 0 0 1 0;
  INPUT ---        0 0 0 1 0;
  INPUT ---        0 0 0 1 0;
  INPUT ---        0 0 0 1 0;
  INPUT ---        0 0 0 1 0;
  INPUT ---        0 0 0 1 0;
  INPUT ---        0 0 0 1 0;
  INPUT ---        0 0 0 1 0;
  INPUT ---        0 0 0 1 0;
  INPUT ---        0 0 0 1 0;
  INPUT ---        0 0 0 1 0;
  INPUT ---        0 0 0 1 0;
  INPUT ---        0 0 0 1 0;
  INPUT ---        0 0 0 1 0;
  INPUT ---        0 0 0 1 0;
  INPUT ---        0 0 0 1 0;
  INPUT ---        0 0 0 1 0;
  INPUT ---        0 0 0 1 0;
  INPUT ---        0 0 0 1 0;
  INPUT ---        0 0 0 1 0;
  INPUT ---        0 0 0 1 0;
  INPUT ---        0 0 0 1 0;
  INPUT ---        0 0 0 1 0;
  INPUT ---        0 0 0 1 0;

  Program  MARK  - Survival Rate Estimation with Capture-Recapture Data
   gfortran(dble) Vers. 9.0 Mar 2018    25-Mar-2020 12:03:51    Page  004
 - - - - - - - - - - - - - - - - - - - - - - - - - - - - - - - - - - - - - -
 
  INPUT ---        0 0 0 1 0;
  INPUT ---        0 0 0 1 0;
  INPUT ---        0 0 0 1 0;
  INPUT ---        0 0 0 1 0;
  INPUT ---        0 0 0 1 0;
  INPUT ---        0 0 0 1 0;
  INPUT ---        0 0 0 1 0;
  INPUT ---        0 0 0 1 0;
  INPUT ---        0 0 0 1 0;
  INPUT ---        0 0 0 1 0;
  INPUT ---        0 0 0 1 0;
  INPUT ---        0 0 0 1 0;
  INPUT ---        0 0 0 1 0;
  INPUT ---        0 0 0 1 0;

  INPUT ---    links=68;

  INPUT ---    Logit;

  INPUT ---    Logit;

  INPUT ---    Logit;

  INPUT ---    Log;

  INPUT ---    mlogit(1);

  INPUT ---    mlogit(1);

  INPUT ---    mlogit(1);

  INPUT ---    mlogit(1);

  INPUT ---    mlogit(1);

  INPUT ---    mlogit(1);

  INPUT ---    mlogit(1);

  INPUT ---    mlogit(1);

  INPUT ---    mlogit(1);

  INPUT ---    mlogit(1);

  INPUT ---    mlogit(1);

  Program  MARK  - Survival Rate Estimation with Capture-Recapture Data
   gfortran(dble) Vers. 9.0 Mar 2018    25-Mar-2020 12:03:51    Page  005
 - - - - - - - - - - - - - - - - - - - - - - - - - - - - - - - - - - - - - -
 

  INPUT ---    mlogit(1);

  INPUT ---    mlogit(1);

  INPUT ---    mlogit(1);

  INPUT ---    mlogit(1);

  INPUT ---    mlogit(1);

  INPUT ---    mlogit(1);

  INPUT ---    mlogit(1);

  INPUT ---    mlogit(1);

  INPUT ---    mlogit(1);

  INPUT ---    mlogit(1);

  INPUT ---    mlogit(1);

  INPUT ---    mlogit(1);

  INPUT ---    mlogit(1);

  INPUT ---    mlogit(1);

  INPUT ---    mlogit(1);

  INPUT ---    mlogit(1);

  INPUT ---    mlogit(1);

  INPUT ---    mlogit(1);

  INPUT ---    mlogit(1);

  INPUT ---    mlogit(1);

  INPUT ---    mlogit(1);

  INPUT ---    mlogit(2);

  INPUT ---    mlogit(2);

  Program  MARK  - Survival Rate Estimation with Capture-Recapture Data
   gfortran(dble) Vers. 9.0 Mar 2018    25-Mar-2020 12:03:51    Page  006
 - - - - - - - - - - - - - - - - - - - - - - - - - - - - - - - - - - - - - -
 

  INPUT ---    mlogit(2);

  INPUT ---    mlogit(2);

  INPUT ---    mlogit(2);

  INPUT ---    mlogit(2);

  INPUT ---    mlogit(2);

  INPUT ---    mlogit(2);

  INPUT ---    mlogit(2);

  INPUT ---    mlogit(2);

  INPUT ---    mlogit(2);

  INPUT ---    mlogit(2);

  INPUT ---    mlogit(2);

  INPUT ---    mlogit(2);

  INPUT ---    mlogit(2);

  INPUT ---    mlogit(2);

  INPUT ---    mlogit(2);

  INPUT ---    mlogit(2);

  INPUT ---    mlogit(2);

  INPUT ---    mlogit(2);

  INPUT ---    mlogit(2);

  INPUT ---    mlogit(2);

  INPUT ---    mlogit(2);

  INPUT ---    mlogit(2);

  INPUT ---    mlogit(2);

  Program  MARK  - Survival Rate Estimation with Capture-Recapture Data
   gfortran(dble) Vers. 9.0 Mar 2018    25-Mar-2020 12:03:51    Page  007
 - - - - - - - - - - - - - - - - - - - - - - - - - - - - - - - - - - - - - -
 

  INPUT ---    mlogit(2);

  INPUT ---    mlogit(2);

  INPUT ---    mlogit(2);

  INPUT ---    mlogit(2);

  INPUT ---    mlogit(2);

  INPUT ---    mlogit(2);

  INPUT ---    mlogit(2);
  INPUT ---       blabel(1)=Phi:(Intercept);
  INPUT ---       blabel(2)=Phi:sexM;
  INPUT ---       blabel(3)=p:(Intercept);
  INPUT ---       blabel(4)=pent:(Intercept);
  INPUT ---       blabel(5)=N:(Intercept);
  INPUT ---       rlabel(1)=Phi gF a0 t1;
  INPUT ---       rlabel(2)=Phi gM a0 t1;
  INPUT ---       rlabel(3)=p gF a0 t1;
  INPUT ---       rlabel(4)=N gF a0 t1;
  INPUT ---       rlabel(5)=pent gF a0.00547945205479452 t1.00547945205479;
  INPUT ---       rlabel(6)=pent gF a0.00821917808219178 t1.00821917808219;
  INPUT ---       rlabel(7)=pent gF a0.010958904109589 t1.01095890410959;
  INPUT ---       rlabel(8)=pent gF a0.0164383561643836 t1.01643835616438;
  INPUT ---       rlabel(9)=pent gF a0.0246575342465753 t1.02465753424658;
  INPUT ---       rlabel(10)=pent gF a0.0273972602739726 t1.02739726027397;
  INPUT ---       rlabel(11)=pent gF a0.0301369863013699 t1.03013698630137;
  INPUT ---       rlabel(12)=pent gF a0.0356164383561644 t1.03561643835616;
  INPUT ---       rlabel(13)=pent gF a0.0410958904109589 t1.04109589041096;
  INPUT ---       rlabel(14)=pent gF a0.0493150684931507 t1.04931506849315;
  INPUT ---       rlabel(15)=pent gF a0.0520547945205479 t1.05205479452055;
  INPUT ---       rlabel(16)=pent gF a0.0657534246575342 t1.06575342465753;
  INPUT ---       rlabel(17)=pent gF a0.0712328767123288 t1.07123287671233;
  INPUT ---       rlabel(18)=pent gF a0.0986301369863014 t1.0986301369863;
  INPUT ---       rlabel(19)=pent gF a0.101369863013699 t1.1013698630137;
  INPUT ---       rlabel(20)=pent gF a0.106849315068493 t1.10684931506849;
  INPUT ---       rlabel(21)=pent gF a0.10958904109589 t1.10958904109589;
  INPUT ---       rlabel(22)=pent gF a0.120547945205479 t1.12054794520548;
  INPUT ---       rlabel(23)=pent gF a0.350684931506849 t1.35068493150685;
  INPUT ---       rlabel(24)=pent gF a0.358904109589041 t1.35890410958904;
  INPUT ---       rlabel(25)=pent gF a0.613698630136986 t1.61369863013699;
  INPUT ---       rlabel(26)=pent gF a0.638356164383562 t1.63835616438356;
  INPUT ---       rlabel(27)=pent gF a0.646575342465753 t1.64657534246575;

  Program  MARK  - Survival Rate Estimation with Capture-Recapture Data
   gfortran(dble) Vers. 9.0 Mar 2018    25-Mar-2020 12:03:51    Page  008
 - - - - - - - - - - - - - - - - - - - - - - - - - - - - - - - - - - - - - -
 
  INPUT ---       rlabel(28)=pent gF a0.649315068493151 t1.64931506849315;
  INPUT ---       rlabel(29)=pent gF a0.652054794520548 t1.65205479452055;
  INPUT ---       rlabel(30)=pent gF a0.704109589041096 t1.7041095890411;
  INPUT ---       rlabel(31)=pent gF a0.706849315068493 t1.70684931506849;
  INPUT ---       rlabel(32)=pent gF a0.70958904109589 t1.70958904109589;
  INPUT ---       rlabel(33)=pent gF a0.827397260273973 t1.82739726027397;
  INPUT ---       rlabel(34)=pent gF a1.4027397260274 t2.4027397260274;
  INPUT ---       rlabel(35)=pent gF a1.40547945205479 t2.40547945205479;
  INPUT ---       rlabel(36)=pent gF a1.40821917808219 t2.40821917808219;
  INPUT ---       rlabel(37)=pent gM a0.00547945205479452 t1.00547945205479;
  INPUT ---       rlabel(38)=pent gM a0.00821917808219178 t1.00821917808219;
  INPUT ---       rlabel(39)=pent gM a0.010958904109589 t1.01095890410959;
  INPUT ---       rlabel(40)=pent gM a0.0164383561643836 t1.01643835616438;
  INPUT ---       rlabel(41)=pent gM a0.0246575342465753 t1.02465753424658;
  INPUT ---       rlabel(42)=pent gM a0.0273972602739726 t1.02739726027397;
  INPUT ---       rlabel(43)=pent gM a0.0301369863013699 t1.03013698630137;
  INPUT ---       rlabel(44)=pent gM a0.0356164383561644 t1.03561643835616;
  INPUT ---       rlabel(45)=pent gM a0.0410958904109589 t1.04109589041096;
  INPUT ---       rlabel(46)=pent gM a0.0493150684931507 t1.04931506849315;
  INPUT ---       rlabel(47)=pent gM a0.0520547945205479 t1.05205479452055;
  INPUT ---       rlabel(48)=pent gM a0.0657534246575342 t1.06575342465753;
  INPUT ---       rlabel(49)=pent gM a0.0712328767123288 t1.07123287671233;
  INPUT ---       rlabel(50)=pent gM a0.0986301369863014 t1.0986301369863;
  INPUT ---       rlabel(51)=pent gM a0.101369863013699 t1.1013698630137;
  INPUT ---       rlabel(52)=pent gM a0.106849315068493 t1.10684931506849;
  INPUT ---       rlabel(53)=pent gM a0.10958904109589 t1.10958904109589;
  INPUT ---       rlabel(54)=pent gM a0.120547945205479 t1.12054794520548;
  INPUT ---       rlabel(55)=pent gM a0.350684931506849 t1.35068493150685;
  INPUT ---       rlabel(56)=pent gM a0.358904109589041 t1.35890410958904;
  INPUT ---       rlabel(57)=pent gM a0.613698630136986 t1.61369863013699;
  INPUT ---       rlabel(58)=pent gM a0.638356164383562 t1.63835616438356;
  INPUT ---       rlabel(59)=pent gM a0.646575342465753 t1.64657534246575;
  INPUT ---       rlabel(60)=pent gM a0.649315068493151 t1.64931506849315;
  INPUT ---       rlabel(61)=pent gM a0.652054794520548 t1.65205479452055;
  INPUT ---       rlabel(62)=pent gM a0.704109589041096 t1.7041095890411;
  INPUT ---       rlabel(63)=pent gM a0.706849315068493 t1.70684931506849;
  INPUT ---       rlabel(64)=pent gM a0.70958904109589 t1.70958904109589;
  INPUT ---       rlabel(65)=pent gM a0.827397260273973 t1.82739726027397;
  INPUT ---       rlabel(66)=pent gM a1.4027397260274 t2.4027397260274;
  INPUT ---       rlabel(67)=pent gM a1.40547945205479 t2.40547945205479;
  INPUT ---       rlabel(68)=pent gM a1.40821917808219 t2.40821917808219;

 Link Function Used is PARM-SPECIFIC

 Variance Estimation Procedure Used is 2ndPart 

  Program  MARK  - Survival Rate Estimation with Capture-Recapture Data
   gfortran(dble) Vers. 9.0 Mar 2018    25-Mar-2020 12:03:51    Page  009
 - - - - - - - - - - - - - - - - - - - - - - - - - - - - - - - - - - - - - -
 

 M(t+1):
      16     29



 Group: 1

 U(t)+UL(t):
       0    2    2    0    1    0    3    1    1    0    0    0    0    0    1
       0    0    0    2    1    1    0    0    0    1    0    0    0    0    0
       0    0    0

 U(t):
       0    2    2    0    1    0    3    1    1    0    0    0    0    0    1
       0    0    0    2    1    1    0    0    0    1    0    0    0    0    0
       0    0    0

 UL(t):
       0    0    0    0    0    0    0    0    0    0    0    0    0    0    0
       0    0    0    0    0    0    0    0    0    0    0    0    0    0    0
       0    0    0

 Not Released(t):
       0    0    0    0    0    0    0    0    0    0    0    0    0    0    0
       0    0    0    0    0    0    0    0    0    0    0    0    0    0    0
       0    0    0

 Group: 2

 U(t)+UL(t):
       3    0    1    1    1    1    1    0    1    1    2    1    3    3    1
       1    0    2    3    1    0    0    1    0    0    0    0    0    0    1
       0    0    0

 U(t):
       3    0    1    1    1    1    1    0    1    1    2    1    3    3    1
       1    0    2    3    1    0    0    1    0    0    0    0    0    0    1
       0    0    0

 UL(t):
       0    0    0    0    0    0    0    0    0    0    0    0    0    0    0
       0    0    0    0    0    0    0    0    0    0    0    0    0    0    0
       0    0    0

 Not Released(t):
       0    0    0    0    0    0    0    0    0    0    0    0    0    0    0
       0    0    0    0    0    0    0    0    0    0    0    0    0    0    0
       0    0    0
 -2logL(saturated) = 272.93564     
 Effective Sample Size = 103

 Number of function evaluations was 23 for 5 parameters.
 Time for numerical optimization was 0.01 seconds.     
 -2logL { Phi(~sex)p(~1)pent(~1)N(~1) } = 553.08207     
 Penalty { Phi(~sex)p(~1)pent(~1)N(~1) } = 0.0000000     
 Gradient { Phi(~sex)p(~1)pent(~1)N(~1) }:
  0.8392879E-05  0.8005449E-05  0.6582123E-05  0.6886212E-05  0.5447406E-05
 Maximum ABS(G) { Phi(~sex)p(~1)pent(~1)N(~1) } = 0.8392879E-05 
 S Vector { Phi(~sex)p(~1)pent(~1)N(~1) }:
   81.11706      6.637786      2.944000     0.5869768     0.4052096    
 Time to compute number of parameters was 0.02 seconds.     
 Ratio Threshold = 50.000000       Max Gap (1/2) = 12.220499       Next Max Gap (1/2) = 12.220499     
 Gap Method for Num. of Estimated Parameters { Phi(~sex)p(~1)pent(~1)N(~1) } = 5          
 Threshold { Phi(~sex)p(~1)pent(~1)N(~1) } = 0.1678576E-04                 
 Numerical Threshold Method for Num. of Estimated Parameters { Phi(~sex)p(~1)pent(~1)N(~1) } = 5          
 Number of Estimated Parameters { Phi(~sex)p(~1)pent(~1)N(~1) } = 5          
 DEVIANCE { Phi(~sex)p(~1)pent(~1)N(~1) } = 280.14643                     
 DEVIANCE Degrees of Freedom { Phi(~sex)p(~1)pent(~1)N(~1) } = 36            
 c-hat { Phi(~sex)p(~1)pent(~1)N(~1) } = 7.7818453                     
 AIC { Phi(~sex)p(~1)pent(~1)N(~1) } = 563.08207                  
 AICc { Phi(~sex)p(~1)pent(~1)N(~1) } = 563.70063                    
 BIC { Phi(~sex)p(~1)pent(~1)N(~1) } = 576.25572                    
 Pearson Chisquare { Phi(~sex)p(~1)pent(~1)N(~1) } = 23457016.                  


               PARM-SPECIFIC Link Function Parameters of { Phi(~sex)p(~1)pent(~1)N(~1) }
                                                              95% Confidence Interval
 Parameter                    Beta         Standard Error      Lower           Upper
 -------------------------  --------------  --------------  --------------  --------------
    1:Phi:(Intercept)       -1.7270955       0.9870608      -3.6617348       0.2075438    
    2:Phi:sexM               2.8121009       1.2142597       0.4321519       5.1920499    
    3:p:(Intercept)         -2.4773252       0.1740128      -2.8183903      -2.1362601    
    4:pent:(Intercept)      -4.5396166       1.3545223      -7.1944803      -1.8847529    
    5:N:(Intercept)          1.8011113       0.6003592       0.6244073       2.9778153    


               Real Function Parameters of { Phi(~sex)p(~1)pent(~1)N(~1) }
                                                               95% Confidence Interval
  Parameter                  Estimate       Standard Error      Lower           Upper
 --------------------------  --------------  --------------  --------------  --------------
     1:Phi gF a0 t1           0.1509595       0.1265123       0.0250446       0.5517005                          
     2:Phi gM a0 t1           0.7474400       0.2051905       0.2600998       0.9614120                          
     3:p gF a0 t1             0.0774631       0.0124354       0.0563385       0.1056222                          
     4:N gF a0 t1             22.056374       3.6359997       18.041543       33.966643                          
     5:pent gF a0.005479452   0.0079583       0.0080345       0.0010903       0.0556763                          
     6:pent gF a0.008219178   0.0079583       0.0080345       0.0010903       0.0556763                          
     7:pent gF a0.010958904   0.0079583       0.0080345       0.0010903       0.0556763                          
     8:pent gF a0.016438356   0.0079583       0.0080345       0.0010903       0.0556763                          
     9:pent gF a0.024657534   0.0079583       0.0080345       0.0010903       0.0556763                          
    10:pent gF a0.027397260   0.0079583       0.0080345       0.0010903       0.0556763                          
    11:pent gF a0.030136986   0.0079583       0.0080345       0.0010903       0.0556763                          
    12:pent gF a0.035616438   0.0079583       0.0080345       0.0010903       0.0556763                          

  Program  MARK  - Survival Rate Estimation with Capture-Recapture Data
   gfortran(dble) Vers. 9.0 Mar 2018    25-Mar-2020 12:03:51    Page  010
 - - - - - - - - - - - - - - - - - - - - - - - - - - - - - - - - - - - - - -
 
    13:pent gF a0.041095890   0.0079583       0.0080345       0.0010903       0.0556763                          
    14:pent gF a0.049315068   0.0079583       0.0080345       0.0010903       0.0556763                          
    15:pent gF a0.052054794   0.0079583       0.0080345       0.0010903       0.0556763                          
    16:pent gF a0.065753424   0.0079583       0.0080345       0.0010903       0.0556763                          
    17:pent gF a0.071232876   0.0079583       0.0080345       0.0010903       0.0556763                          
    18:pent gF a0.098630136   0.0079583       0.0080345       0.0010903       0.0556763                          
    19:pent gF a0.101369863   0.0079583       0.0080345       0.0010903       0.0556763                          
    20:pent gF a0.106849315   0.0079583       0.0080345       0.0010903       0.0556763                          
    21:pent gF a0.109589041   0.0079583       0.0080345       0.0010903       0.0556763                          
    22:pent gF a0.120547945   0.0079583       0.0080345       0.0010903       0.0556763                          
    23:pent gF a0.350684931   0.0079583       0.0080345       0.0010903       0.0556763                          
    24:pent gF a0.358904109   0.0079583       0.0080345       0.0010903       0.0556763                          
    25:pent gF a0.613698630   0.0079583       0.0080345       0.0010903       0.0556763                          
    26:pent gF a0.638356164   0.0079583       0.0080345       0.0010903       0.0556763                          
    27:pent gF a0.646575342   0.0079583       0.0080345       0.0010903       0.0556763                          
    28:pent gF a0.649315068   0.0079583       0.0080345       0.0010903       0.0556763                          
    29:pent gF a0.652054794   0.0079583       0.0080345       0.0010903       0.0556763                          
    30:pent gF a0.704109589   0.0079583       0.0080345       0.0010903       0.0556763                          
    31:pent gF a0.706849315   0.0079583       0.0080345       0.0010903       0.0556763                          
    32:pent gF a0.709589041   0.0079583       0.0080345       0.0010903       0.0556763                          
    33:pent gF a0.827397260   0.0079583       0.0080345       0.0010903       0.0556763                          
    34:pent gF a1.402739726   0.0079583       0.0080345       0.0010903       0.0556763                          
    35:pent gF a1.405479452   0.0079583       0.0080345       0.0010903       0.0556763                          
    36:pent gF a1.408219178   0.0079583       0.0080345       0.0010903       0.0556763                          
    37:pent gM a0.005479452   0.0079583       0.0080345       0.0010903       0.0556763                          
    38:pent gM a0.008219178   0.0079583       0.0080345       0.0010903       0.0556763                          
    39:pent gM a0.010958904   0.0079583       0.0080345       0.0010903       0.0556763                          
    40:pent gM a0.016438356   0.0079583       0.0080345       0.0010903       0.0556763                          
    41:pent gM a0.024657534   0.0079583       0.0080345       0.0010903       0.0556763                          
    42:pent gM a0.027397260   0.0079583       0.0080345       0.0010903       0.0556763                          
    43:pent gM a0.030136986   0.0079583       0.0080345       0.0010903       0.0556763                          
    44:pent gM a0.035616438   0.0079583       0.0080345       0.0010903       0.0556763                          
    45:pent gM a0.041095890   0.0079583       0.0080345       0.0010903       0.0556763                          
    46:pent gM a0.049315068   0.0079583       0.0080345       0.0010903       0.0556763                          
    47:pent gM a0.052054794   0.0079583       0.0080345       0.0010903       0.0556763                          
    48:pent gM a0.065753424   0.0079583       0.0080345       0.0010903       0.0556763                          
    49:pent gM a0.071232876   0.0079583       0.0080345       0.0010903       0.0556763                          
    50:pent gM a0.098630136   0.0079583       0.0080345       0.0010903       0.0556763                          
    51:pent gM a0.101369863   0.0079583       0.0080345       0.0010903       0.0556763                          
    52:pent gM a0.106849315   0.0079583       0.0080345       0.0010903       0.0556763                          
    53:pent gM a0.109589041   0.0079583       0.0080345       0.0010903       0.0556763                          
    54:pent gM a0.120547945   0.0079583       0.0080345       0.0010903       0.0556763                          
    55:pent gM a0.350684931   0.0079583       0.0080345       0.0010903       0.0556763                          
    56:pent gM a0.358904109   0.0079583       0.0080345       0.0010903       0.0556763                          
    57:pent gM a0.613698630   0.0079583       0.0080345       0.0010903       0.0556763                          
    58:pent gM a0.638356164   0.0079583       0.0080345       0.0010903       0.0556763                          

  Program  MARK  - Survival Rate Estimation with Capture-Recapture Data
   gfortran(dble) Vers. 9.0 Mar 2018    25-Mar-2020 12:03:51    Page  011
 - - - - - - - - - - - - - - - - - - - - - - - - - - - - - - - - - - - - - -
 
    59:pent gM a0.646575342   0.0079583       0.0080345       0.0010903       0.0556763                          
    60:pent gM a0.649315068   0.0079583       0.0080345       0.0010903       0.0556763                          
    61:pent gM a0.652054794   0.0079583       0.0080345       0.0010903       0.0556763                          
    62:pent gM a0.704109589   0.0079583       0.0080345       0.0010903       0.0556763                          
    63:pent gM a0.706849315   0.0079583       0.0080345       0.0010903       0.0556763                          
    64:pent gM a0.709589041   0.0079583       0.0080345       0.0010903       0.0556763                          
    65:pent gM a0.827397260   0.0079583       0.0080345       0.0010903       0.0556763                          
    66:pent gM a1.402739726   0.0079583       0.0080345       0.0010903       0.0556763                          
    67:pent gM a1.405479452   0.0079583       0.0080345       0.0010903       0.0556763                          
    68:pent gM a1.408219178   0.0079583       0.0080345       0.0010903       0.0556763                          


                      Estimates of Derived Parameters
   Gross Birth+Immigration Estimates of { Phi(~sex)p(~1)pent(~1)N(~1) }
                                                95% Confidence Interval
 Grp. Occ.   B*-hat          Standard Error      Lower           Upper
 ---- ----   --------------  --------------  --------------  --------------
   1     1    0.1764422       0.2006557       0.0295877       1.0521888    
   1     2    0.1759864       0.2000391       0.0295289       1.0488458    
   1     3    0.1759864       0.2000391       0.0295289       1.0488458    
   1     4    0.1764422       0.2006557       0.0295877       1.0521888    
   1     5    0.1768988       0.2012737       0.0296466       1.0555398    
   1     6    0.1759864       0.2000391       0.0295289       1.0488458    
   1     7    0.1759864       0.2000391       0.0295289       1.0488458    
   1     8    0.1764422       0.2006557       0.0295877       1.0521888    
   1     9    0.1764422       0.2006557       0.0295877       1.0521888    
   1    10    0.1768988       0.2012737       0.0296466       1.0555398    
   1    11    0.1759864       0.2000391       0.0295289       1.0488458    
   1    12    0.1778144       0.2025138       0.0297646       1.0622655    
   1    13    0.1764422       0.2006557       0.0295877       1.0521888    
   1    14    0.1801170       0.2056383       0.0300607       1.0792191    
   1    15    0.1759864       0.2000391       0.0295289       1.0488458    
   1    16    0.1764422       0.2006557       0.0295877       1.0521888    
   1    17    0.1759864       0.2000391       0.0295289       1.0488458    
   1    18    0.1773562       0.2018930       0.0297056       1.0588987    
   1    19    0.2164817       0.2559259       0.0346275       1.3533866    
   1    20    0.1768988       0.2012737       0.0296466       1.0555398    
   1    21    0.2211944       0.2625549       0.0352072       1.3896878    
   1    22    0.1796549       0.2050106       0.0300014       1.0758125    
   1    23    0.1768988       0.2012737       0.0296466       1.0555398    
   1    24    0.1759864       0.2000391       0.0295289       1.0488458    
   1    25    0.1759864       0.2000391       0.0295289       1.0488458    
   1    26    0.1843111       0.2113499       0.0305976       1.1102369    
   1    27    0.1759864       0.2000391       0.0295289       1.0488458    
   1    28    0.1759864       0.2000391       0.0295289       1.0488458    

  Program  MARK  - Survival Rate Estimation with Capture-Recapture Data
   gfortran(dble) Vers. 9.0 Mar 2018    25-Mar-2020 12:03:51    Page  012
 - - - - - - - - - - - - - - - - - - - - - - - - - - - - - - - - - - - - - -
 
   1    29    0.1958059       0.2271297       0.0320540       1.1961053    
   1    30    0.2879828       0.3584264       0.0432475       1.9176638    
   1    31    0.1759864       0.2000391       0.0295289       1.0488458    
   1    32    0.1759864       0.2000391       0.0295289       1.0488458    
   2     1    0.2792119       0.3038766       0.0493738       1.5789619    
   2     2    0.2791006       0.3037075       0.0493635       1.5780325    
   2     3    0.2791006       0.3037075       0.0493635       1.5780325    
   2     4    0.2792119       0.3038766       0.0493738       1.5789619    
   2     5    0.2793232       0.3040458       0.0493841       1.5798918    
   2     6    0.2791006       0.3037075       0.0493635       1.5780325    
   2     7    0.2791006       0.3037075       0.0493635       1.5780325    
   2     8    0.2792119       0.3038766       0.0493738       1.5789619    
   2     9    0.2792119       0.3038766       0.0493738       1.5789619    
   2    10    0.2793232       0.3040458       0.0493841       1.5798918    
   2    11    0.2791006       0.3037075       0.0493635       1.5780325    
   2    12    0.2795460       0.3043846       0.0494046       1.5817531    
   2    13    0.2792119       0.3038766       0.0493738       1.5789619    
   2    14    0.2801033       0.3052329       0.0494561       1.5864157    
   2    15    0.2791006       0.3037075       0.0493635       1.5780325    
   2    16    0.2792119       0.3038766       0.0493738       1.5789619    
   2    17    0.2791006       0.3037075       0.0493635       1.5780325    
   2    18    0.2794346       0.3042152       0.0493944       1.5808222    
   2    19    0.2884389       0.3180403       0.0502106       1.6569606    
   2    20    0.2793232       0.3040458       0.0493841       1.5798918    
   2    21    0.2894637       0.3196302       0.0503016       1.6657373    
   2    22    0.2799918       0.3050630       0.0494458       1.5854821    
   2    23    0.2793232       0.3040458       0.0493841       1.5798918    
   2    24    0.2791006       0.3037075       0.0493635       1.5780325    
   2    25    0.2791006       0.3037075       0.0493635       1.5780325    
   2    26    0.2811085       0.3067653       0.0495485       1.5948415    
   2    27    0.2791006       0.3037075       0.0493635       1.5780325    
   2    28    0.2791006       0.3037075       0.0493635       1.5780325    
   2    29    0.2838005       0.3108860       0.0497940       1.6175186    
   2    30    0.3030042       0.3409314       0.0514718       1.7837231    
   2    31    0.2791006       0.3037075       0.0493635       1.5780325    
   2    32    0.2791006       0.3037075       0.0493635       1.5780325    

    Net Birth+Immigration Estimates of { Phi(~sex)p(~1)pent(~1)N(~1) }
                                                95% Confidence Interval
 Grp. Occ.   B-hat           Standard Error      Lower           Upper
 ---- ----   --------------  --------------  --------------  --------------
   1     1    0.1755314       0.1994239       0.0294701       1.0455107    
   1     2    0.1755314       0.1994239       0.0294701       1.0455107    
   1     3    0.1755314       0.1994239       0.0294701       1.0455107    
   1     4    0.1755314       0.1994239       0.0294701       1.0455107    
   1     5    0.1755314       0.1994239       0.0294701       1.0455107    
   1     6    0.1755314       0.1994239       0.0294701       1.0455107    
   1     7    0.1755314       0.1994239       0.0294701       1.0455107    
   1     8    0.1755314       0.1994239       0.0294701       1.0455107    
   1     9    0.1755314       0.1994239       0.0294701       1.0455107    
   1    10    0.1755314       0.1994239       0.0294701       1.0455107    
   1    11    0.1755314       0.1994239       0.0294701       1.0455107    
   1    12    0.1755314       0.1994239       0.0294701       1.0455107    
   1    13    0.1755314       0.1994239       0.0294701       1.0455107    
   1    14    0.1755314       0.1994239       0.0294701       1.0455107    
   1    15    0.1755314       0.1994239       0.0294701       1.0455107    
   1    16    0.1755314       0.1994239       0.0294701       1.0455107    
   1    17    0.1755314       0.1994239       0.0294701       1.0455107    
   1    18    0.1755314       0.1994239       0.0294701       1.0455107    
   1    19    0.1755314       0.1994239       0.0294701       1.0455107    
   1    20    0.1755314       0.1994239       0.0294701       1.0455107    
   1    21    0.1755314       0.1994239       0.0294701       1.0455107    
   1    22    0.1755314       0.1994239       0.0294701       1.0455107    
   1    23    0.1755314       0.1994239       0.0294701       1.0455107    
   1    24    0.1755314       0.1994239       0.0294701       1.0455107    
   1    25    0.1755314       0.1994239       0.0294701       1.0455107    
   1    26    0.1755314       0.1994239       0.0294701       1.0455107    
   1    27    0.1755314       0.1994239       0.0294701       1.0455107    
   1    28    0.1755314       0.1994239       0.0294701       1.0455107    
   1    29    0.1755314       0.1994239       0.0294701       1.0455107    
   1    30    0.1755314       0.1994239       0.0294701       1.0455107    
   1    31    0.1755314       0.1994239       0.0294701       1.0455107    
   1    32    0.1755314       0.1994239       0.0294701       1.0455107    
   2     1    0.2789893       0.3035384       0.0493532       1.5771037    
   2     2    0.2789893       0.3035384       0.0493532       1.5771037    
   2     3    0.2789893       0.3035384       0.0493532       1.5771037    
   2     4    0.2789893       0.3035384       0.0493532       1.5771037    
   2     5    0.2789893       0.3035384       0.0493532       1.5771037    
   2     6    0.2789893       0.3035384       0.0493532       1.5771037    
   2     7    0.2789893       0.3035384       0.0493532       1.5771037    
   2     8    0.2789893       0.3035384       0.0493532       1.5771037    
   2     9    0.2789893       0.3035384       0.0493532       1.5771037    
   2    10    0.2789893       0.3035384       0.0493532       1.5771037    
   2    11    0.2789893       0.3035384       0.0493532       1.5771037    
   2    12    0.2789893       0.3035384       0.0493532       1.5771037    
   2    13    0.2789893       0.3035384       0.0493532       1.5771037    
   2    14    0.2789893       0.3035384       0.0493532       1.5771037    
   2    15    0.2789893       0.3035384       0.0493532       1.5771037    
   2    16    0.2789893       0.3035384       0.0493532       1.5771037    
   2    17    0.2789893       0.3035384       0.0493532       1.5771037    
   2    18    0.2789893       0.3035384       0.0493532       1.5771037    
   2    19    0.2789893       0.3035384       0.0493532       1.5771037    
   2    20    0.2789893       0.3035384       0.0493532       1.5771037    
   2    21    0.2789893       0.3035384       0.0493532       1.5771037    
   2    22    0.2789893       0.3035384       0.0493532       1.5771037    
   2    23    0.2789893       0.3035384       0.0493532       1.5771037    
   2    24    0.2789893       0.3035384       0.0493532       1.5771037    
   2    25    0.2789893       0.3035384       0.0493532       1.5771037    
   2    26    0.2789893       0.3035384       0.0493532       1.5771037    
   2    27    0.2789893       0.3035384       0.0493532       1.5771037    
   2    28    0.2789893       0.3035384       0.0493532       1.5771037    
   2    29    0.2789893       0.3035384       0.0493532       1.5771037    
   2    30    0.2789893       0.3035384       0.0493532       1.5771037    
   2    31    0.2789893       0.3035384       0.0493532       1.5771037    
   2    32    0.2789893       0.3035384       0.0493532       1.5771037    

         Population Estimates of { Phi(~sex)p(~1)pent(~1)N(~1) }
                                                95% Confidence Interval
 Grp. Occ.   N-hat           Standard Error      Lower           Upper
 ---- ----   --------------  --------------  --------------  --------------
   1     1    16.439370       4.1156726       10.139334       26.653909    
   1     2    16.445465       3.9325076       10.359111       26.107772    
   1     3    16.536027       3.7607493       10.648204       25.679465    
   1     4    16.626121       3.5929973       10.937882       25.272527    
   1     5    16.630291       3.4248450       11.153655       24.796051    
   1     6    16.549380       3.2592665       11.291032       24.256594    
   1     7    16.639405       3.1058157       11.577448       23.914580    
   1     8    16.728965       2.9583668       11.860318       23.596187    
   1     9    16.732075       2.8169169       12.057128       23.219654    
   1    10    16.735153       2.6837942       12.245789       22.870338    

  Program  MARK  - Survival Rate Estimation with Capture-Recapture Data
   gfortran(dble) Vers. 9.0 Mar 2018    25-Mar-2020 12:03:51    Page  013
 - - - - - - - - - - - - - - - - - - - - - - - - - - - - - - - - - - - - - -
 
   1    11    16.652624       2.5614196       12.340068       22.472315    
   1    12    16.742116       2.4451582       12.593513       22.257369    
   1    13    16.489584       2.3531734       12.483808       21.780725    
   1    14    16.495161       2.2623921       12.622678       21.555676    
   1    15    15.837978       2.2382918       12.022541       20.864270    
   1    16    15.931679       2.1647695       12.221603       20.768010    
   1    17    15.943006       2.1141547       12.307912       20.651711    
   1    18    16.036164       2.0705540       12.463706       20.632592    
   1    19    15.882837       2.0667766       12.320459       20.475253    
   1    20    10.454593       2.8468602       6.1893798       17.659043    
   1    21    10.468912       2.8053411       6.2480547       17.541160    
   1    22    6.6421865       2.9665698       2.8792922       15.322738    
   1    23    6.5151595       2.8974636       2.8334257       14.980913    
   1    24    6.5902256       2.8468985       2.9295244       14.825299    
   1    25    6.7317071       2.8114231       3.0677027       14.771927    
   1    26    6.8724576       2.7895515       3.1965923       14.775320    
   1    27    6.4038068       2.7556136       2.8549186       14.364242    
   1    28    6.5462515       2.7526594       2.9684314       14.436382    
   1    29    6.6879602       2.7633775       3.0714728       14.562659    
   1    30    5.5280314       2.6591907       2.2605615       13.518381    
   1    31    2.0381931       1.6830269       0.4960035       8.3754064    
   1    32    2.2031937       1.6684396       0.5887851       8.2442001    
   1    33    2.3673418       1.6774974       0.6781073       8.2646311    
   2     1    26.128715       7.2607592       15.309568       44.593664    
   2     2    26.366060       6.9776924       15.833423       43.905169    
   2     3    26.624030       6.6940756       16.387916       43.253760    
   2     4    26.881794       6.4122779       16.951760       42.628663    
   2     5    27.117939       6.1355702       17.501013       42.019431    
   2     6    27.332123       5.8648564       18.033209       41.426071    
   2     7    27.589323       5.5897893       18.621304       40.876340    
   2     8    27.846318       5.3176045       19.216332       40.351999    
   2     9    28.080926       5.0530038       19.790571       39.844144    
   2    10    28.315159       4.7924476       20.368703       39.361772    
   2    11    28.526483       4.5414959       20.920842       38.897106    
   2    12    28.782730       4.2856276       21.531956       38.475165    
   2    13    28.947171       4.0581887       22.021743       38.050518    
   2    14    29.180025       3.8210361       22.599289       37.677019    
   2    15    29.227218       3.6460416       22.909171       37.287698    
   2    16    29.482907       3.4201408       23.504734       36.981563    
   2    17    29.714906       3.2134565       24.054077       36.707941    
   2    18    29.970206       3.0133156       24.621829       36.480362    
   2    19    30.153738       2.8534629       25.059334       36.283803    
   2    20    28.478814       3.6474284       22.179169       36.567774    
   2    21    28.689746       3.5220869       22.574485       36.461585    
   2    22    26.917789       4.7293682       19.125753       37.884383    
   2    23    27.004259       4.7239073       19.215330       37.950427    

  Program  MARK  - Survival Rate Estimation with Capture-Recapture Data
   gfortran(dble) Vers. 9.0 Mar 2018    25-Mar-2020 12:03:51    Page  014
 - - - - - - - - - - - - - - - - - - - - - - - - - - - - - - - - - - - - - -
 
   2    24    27.218714       4.6466621       19.525126       37.943849    
   2    25    27.476005       4.5567882       19.894776       37.946184    
   2    26    27.733089       4.4849020       20.240896       37.998527    
   2    27    27.595001       4.6945214       19.817605       38.424629    
   2    28    27.851991       4.6535503       20.119238       38.556800    
   2    29    28.108777       4.6312514       20.395388       38.739314    
   2    30    27.440142       5.2059468       18.980990       39.669238    
   2    31    23.487617       7.7375795       12.520212       44.062208    
   2    32    23.747882       7.6833946       12.795202       44.076046    
   2    33    24.007939       7.6405955       13.060496       44.131643    

      Gross Population Estimates of { Phi(~sex)p(~1)pent(~1)N(~1) }
                                                95% Confidence Interval
 Grp. Occ.   N*-hat          Standard Error      Lower           Upper
 ---- ----   --------------  --------------  --------------  --------------
   1     0    22.314160       3.9323850       15.838627       31.437179    
   2     0    35.114479       3.7087099       28.564844       43.165880    

   CPU Time for the last procedure was 0.05 seconds.     


  INPUT --- proc stop;

     CPU Time in minutes for this job was 0.00

     Time Start = 12:03:51.176   Time End = 12:03:51.572

     Wall Clock Time in minutes for this job was 0.01


          E X E C U T I O N   S U C C E S S F U L 
