
   Program  MARK  - Survival Rate Estimation with Capture-Recapture Data
   gfortran(dble) Vers. 9.0 Mar 2018    25-Mar-2020 12:21:22    Page  001
 - - - - - - - - - - - - - - - - - - - - - - - - - - - - - - - - - - - - - -
 
   This version was compiled by GCC version 7.2.0 using the options: 
     -cpp -iprefix C:/Program Files/mingw-w64/x86_64-7.2.0-posix-seh-rt_v5-rev1/
     mingw64/bin/../lib/gcc/x86_64-w64-mingw32/7.2.0/ -D_MT -D_REENTRANT
     -U_REENTRANT -D IEEE -D DBLEPRECISION -m64 -mtune=core2 -march=nocona -mthreads
     -O2 -fimplicit-none -fbounds-check -funroll-loops -ftree-vectorize
     -ffpe-summary=invalid,zero,overflow,underflow -fno-unsafe-math-optimizations
     -frounding-math -fsignaling-nans -fopenmp.

   This problem will use 15 of 16 possible threads.


  INPUT --- proc title ;

   CPU Time for the last procedure was 0.01 seconds.     


  INPUT --- proc chmatrix occasions= 33 groups= 2 etype= POPAN Nodes= 
  INPUT --- 101 ICMeans NoHist hist= 41  ;

  INPUT ---    time interval 0.00547945205479452 0.00273972602739726 
  INPUT ---    0.00273972602739726 0.00547945205479452  
  INPUT ---    0.00821917808219178 0.00273972602739726 0.00273972602739726 
  INPUT ---    0.00547945205479452  0.00547945205479452 
  INPUT ---    0.00821917808219178 0.00273972602739726 0.0136986301369863 
  INPUT ---    0.00547945205479452  0.0273972602739726 0.00273972602739726 
  INPUT ---    0.00547945205479452 0.00273972602739726 0.010958904109589  
  INPUT ---    0.23013698630137 0.00821917808219178 0.254794520547945 
  INPUT ---    0.0246575342465753 0.00821917808219178  0.00273972602739726 
  INPUT ---    0.00273972602739726 0.0520547945205479 0.00273972602739726 
  INPUT ---    0.00273972602739726  0.117808219178082 0.575342465753425 
  INPUT ---    0.00273972602739726 0.00273972602739726 ;

  INPUT ---    glabel(1)=sexF;

  INPUT ---    glabel(2)=sexM;

   * *  WARNING  * *   At least a pair of the encounter histories are duplicates. 

      Number of unique encounter histories read was 38.

      Number of individual covariates read was 0.
      Time interval lengths vary and/or not equal to 1.

      Data type number is 19
      Data type is POPAN                                                                                               

   CPU Time for the last procedure was 0.01 seconds.     

  Program  MARK  - Survival Rate Estimation with Capture-Recapture Data
   gfortran(dble) Vers. 9.0 Mar 2018    25-Mar-2020 12:21:22    Page  002
 - - - - - - - - - - - - - - - - - - - - - - - - - - - - - - - - - - - - - -
 


  INPUT --- proc estimate link=Parm-Specific NOLOOP varest=2ndPart    ;


  INPUT --- model={ Phi(~1)p(~sex)pent(~1)N(~sex) };

  INPUT ---    group=1 Phi    rows=1 cols=32 Square ;
  INPUT ---        1 1 1 1 1 1 1 1 1 1 1 1 1 1 1 1 1 1 1 1 1 1 1 1 1 1 1 1 1 
  INPUT ---       1 1 1 ;

  INPUT ---    group=2 Phi    rows=1 cols=32 Square ;
  INPUT ---        1 1 1 1 1 1 1 1 1 1 1 1 1 1 1 1 1 1 1 1 1 1 1 1 1 1 1 1 1 
  INPUT ---       1 1 1 ;

  INPUT ---    group=1 p    rows=1 cols=33 Square ;
  INPUT ---        2 2 2 2 2 2 2 2 2 2 2 2 2 2 2 2 2 2 2 2 2 2 2 2 2 2 2 2 2 
  INPUT ---       2 2 2 2 ;

  INPUT ---    group=2 p    rows=1 cols=33 Square ;
  INPUT ---        3 3 3 3 3 3 3 3 3 3 3 3 3 3 3 3 3 3 3 3 3 3 3 3 3 3 3 3 3 
  INPUT ---       3 3 3 3 ;

  INPUT ---    group=1 pent    rows=1 cols=32 Square ;
  INPUT ---        6 7 8 9 10 11 12 13 14 15 16 17 18 19 20 21 22 23 24 25 26 
  INPUT ---       27 28 29 30 31 32 33 34 35 36 37 ;

  INPUT ---    group=2 pent    rows=1 cols=32 Square ;
  INPUT ---        38 39 40 41 42 43 44 45 46 47 48 49 50 51 52 53 54 55 56 
  INPUT ---       57 58 59 60 61 62 63 64 65 66 67 68 69 ;

  INPUT ---    group=1 N    rows=1 cols=1 Square ;
  INPUT ---        4 ;

  INPUT ---    group=2 N    rows=1 cols=1 Square ;
  INPUT ---        5 ;

  INPUT ---    design matrix constraints=69 covariates=6;
  INPUT ---        1 0 0 0 0 0;
  INPUT ---        0 1 0 0 0 0;
  INPUT ---        0 1 1 0 0 0;
  INPUT ---        0 0 0 0 1 0;
  INPUT ---        0 0 0 0 1 1;
  INPUT ---        0 0 0 1 0 0;
  INPUT ---        0 0 0 1 0 0;
  INPUT ---        0 0 0 1 0 0;

  Program  MARK  - Survival Rate Estimation with Capture-Recapture Data
   gfortran(dble) Vers. 9.0 Mar 2018    25-Mar-2020 12:21:22    Page  003
 - - - - - - - - - - - - - - - - - - - - - - - - - - - - - - - - - - - - - -
 
  INPUT ---        0 0 0 1 0 0;
  INPUT ---        0 0 0 1 0 0;
  INPUT ---        0 0 0 1 0 0;
  INPUT ---        0 0 0 1 0 0;
  INPUT ---        0 0 0 1 0 0;
  INPUT ---        0 0 0 1 0 0;
  INPUT ---        0 0 0 1 0 0;
  INPUT ---        0 0 0 1 0 0;
  INPUT ---        0 0 0 1 0 0;
  INPUT ---        0 0 0 1 0 0;
  INPUT ---        0 0 0 1 0 0;
  INPUT ---        0 0 0 1 0 0;
  INPUT ---        0 0 0 1 0 0;
  INPUT ---        0 0 0 1 0 0;
  INPUT ---        0 0 0 1 0 0;
  INPUT ---        0 0 0 1 0 0;
  INPUT ---        0 0 0 1 0 0;
  INPUT ---        0 0 0 1 0 0;
  INPUT ---        0 0 0 1 0 0;
  INPUT ---        0 0 0 1 0 0;
  INPUT ---        0 0 0 1 0 0;
  INPUT ---        0 0 0 1 0 0;
  INPUT ---        0 0 0 1 0 0;
  INPUT ---        0 0 0 1 0 0;
  INPUT ---        0 0 0 1 0 0;
  INPUT ---        0 0 0 1 0 0;
  INPUT ---        0 0 0 1 0 0;
  INPUT ---        0 0 0 1 0 0;
  INPUT ---        0 0 0 1 0 0;
  INPUT ---        0 0 0 1 0 0;
  INPUT ---        0 0 0 1 0 0;
  INPUT ---        0 0 0 1 0 0;
  INPUT ---        0 0 0 1 0 0;
  INPUT ---        0 0 0 1 0 0;
  INPUT ---        0 0 0 1 0 0;
  INPUT ---        0 0 0 1 0 0;
  INPUT ---        0 0 0 1 0 0;
  INPUT ---        0 0 0 1 0 0;
  INPUT ---        0 0 0 1 0 0;
  INPUT ---        0 0 0 1 0 0;
  INPUT ---        0 0 0 1 0 0;
  INPUT ---        0 0 0 1 0 0;
  INPUT ---        0 0 0 1 0 0;
  INPUT ---        0 0 0 1 0 0;
  INPUT ---        0 0 0 1 0 0;
  INPUT ---        0 0 0 1 0 0;

  Program  MARK  - Survival Rate Estimation with Capture-Recapture Data
   gfortran(dble) Vers. 9.0 Mar 2018    25-Mar-2020 12:21:22    Page  004
 - - - - - - - - - - - - - - - - - - - - - - - - - - - - - - - - - - - - - -
 
  INPUT ---        0 0 0 1 0 0;
  INPUT ---        0 0 0 1 0 0;
  INPUT ---        0 0 0 1 0 0;
  INPUT ---        0 0 0 1 0 0;
  INPUT ---        0 0 0 1 0 0;
  INPUT ---        0 0 0 1 0 0;
  INPUT ---        0 0 0 1 0 0;
  INPUT ---        0 0 0 1 0 0;
  INPUT ---        0 0 0 1 0 0;
  INPUT ---        0 0 0 1 0 0;
  INPUT ---        0 0 0 1 0 0;
  INPUT ---        0 0 0 1 0 0;
  INPUT ---        0 0 0 1 0 0;
  INPUT ---        0 0 0 1 0 0;
  INPUT ---        0 0 0 1 0 0;

  INPUT ---    links=69;

  INPUT ---    Logit;

  INPUT ---    Logit;

  INPUT ---    Logit;

  INPUT ---    Log;

  INPUT ---    Log;

  INPUT ---    mlogit(1);

  INPUT ---    mlogit(1);

  INPUT ---    mlogit(1);

  INPUT ---    mlogit(1);

  INPUT ---    mlogit(1);

  INPUT ---    mlogit(1);

  INPUT ---    mlogit(1);

  INPUT ---    mlogit(1);

  INPUT ---    mlogit(1);


  Program  MARK  - Survival Rate Estimation with Capture-Recapture Data
   gfortran(dble) Vers. 9.0 Mar 2018    25-Mar-2020 12:21:22    Page  005
 - - - - - - - - - - - - - - - - - - - - - - - - - - - - - - - - - - - - - -
 
  INPUT ---    mlogit(1);

  INPUT ---    mlogit(1);

  INPUT ---    mlogit(1);

  INPUT ---    mlogit(1);

  INPUT ---    mlogit(1);

  INPUT ---    mlogit(1);

  INPUT ---    mlogit(1);

  INPUT ---    mlogit(1);

  INPUT ---    mlogit(1);

  INPUT ---    mlogit(1);

  INPUT ---    mlogit(1);

  INPUT ---    mlogit(1);

  INPUT ---    mlogit(1);

  INPUT ---    mlogit(1);

  INPUT ---    mlogit(1);

  INPUT ---    mlogit(1);

  INPUT ---    mlogit(1);

  INPUT ---    mlogit(1);

  INPUT ---    mlogit(1);

  INPUT ---    mlogit(1);

  INPUT ---    mlogit(1);

  INPUT ---    mlogit(1);

  INPUT ---    mlogit(1);


  Program  MARK  - Survival Rate Estimation with Capture-Recapture Data
   gfortran(dble) Vers. 9.0 Mar 2018    25-Mar-2020 12:21:22    Page  006
 - - - - - - - - - - - - - - - - - - - - - - - - - - - - - - - - - - - - - -
 
  INPUT ---    mlogit(2);

  INPUT ---    mlogit(2);

  INPUT ---    mlogit(2);

  INPUT ---    mlogit(2);

  INPUT ---    mlogit(2);

  INPUT ---    mlogit(2);

  INPUT ---    mlogit(2);

  INPUT ---    mlogit(2);

  INPUT ---    mlogit(2);

  INPUT ---    mlogit(2);

  INPUT ---    mlogit(2);

  INPUT ---    mlogit(2);

  INPUT ---    mlogit(2);

  INPUT ---    mlogit(2);

  INPUT ---    mlogit(2);

  INPUT ---    mlogit(2);

  INPUT ---    mlogit(2);

  INPUT ---    mlogit(2);

  INPUT ---    mlogit(2);

  INPUT ---    mlogit(2);

  INPUT ---    mlogit(2);

  INPUT ---    mlogit(2);

  INPUT ---    mlogit(2);


  Program  MARK  - Survival Rate Estimation with Capture-Recapture Data
   gfortran(dble) Vers. 9.0 Mar 2018    25-Mar-2020 12:21:22    Page  007
 - - - - - - - - - - - - - - - - - - - - - - - - - - - - - - - - - - - - - -
 
  INPUT ---    mlogit(2);

  INPUT ---    mlogit(2);

  INPUT ---    mlogit(2);

  INPUT ---    mlogit(2);

  INPUT ---    mlogit(2);

  INPUT ---    mlogit(2);

  INPUT ---    mlogit(2);

  INPUT ---    mlogit(2);

  INPUT ---    mlogit(2);
  INPUT ---       blabel(1)=Phi:(Intercept);
  INPUT ---       blabel(2)=p:(Intercept);
  INPUT ---       blabel(3)=p:sexM;
  INPUT ---       blabel(4)=pent:(Intercept);
  INPUT ---       blabel(5)=N:(Intercept);
  INPUT ---       blabel(6)=N:sexM;
  INPUT ---       rlabel(1)=Phi gF a0 t1;
  INPUT ---       rlabel(2)=p gF a0 t1;
  INPUT ---       rlabel(3)=p gM a0 t1;
  INPUT ---       rlabel(4)=N gF a0 t1;
  INPUT ---       rlabel(5)=N gM a0 t1;
  INPUT ---       rlabel(6)=pent gF a0.00547945205479452 t1.00547945205479;
  INPUT ---       rlabel(7)=pent gF a0.00821917808219178 t1.00821917808219;
  INPUT ---       rlabel(8)=pent gF a0.010958904109589 t1.01095890410959;
  INPUT ---       rlabel(9)=pent gF a0.0164383561643836 t1.01643835616438;
  INPUT ---       rlabel(10)=pent gF a0.0246575342465753 t1.02465753424658;
  INPUT ---       rlabel(11)=pent gF a0.0273972602739726 t1.02739726027397;
  INPUT ---       rlabel(12)=pent gF a0.0301369863013699 t1.03013698630137;
  INPUT ---       rlabel(13)=pent gF a0.0356164383561644 t1.03561643835616;
  INPUT ---       rlabel(14)=pent gF a0.0410958904109589 t1.04109589041096;
  INPUT ---       rlabel(15)=pent gF a0.0493150684931507 t1.04931506849315;
  INPUT ---       rlabel(16)=pent gF a0.0520547945205479 t1.05205479452055;
  INPUT ---       rlabel(17)=pent gF a0.0657534246575342 t1.06575342465753;
  INPUT ---       rlabel(18)=pent gF a0.0712328767123288 t1.07123287671233;
  INPUT ---       rlabel(19)=pent gF a0.0986301369863014 t1.0986301369863;
  INPUT ---       rlabel(20)=pent gF a0.101369863013699 t1.1013698630137;
  INPUT ---       rlabel(21)=pent gF a0.106849315068493 t1.10684931506849;
  INPUT ---       rlabel(22)=pent gF a0.10958904109589 t1.10958904109589;
  INPUT ---       rlabel(23)=pent gF a0.120547945205479 t1.12054794520548;

  Program  MARK  - Survival Rate Estimation with Capture-Recapture Data
   gfortran(dble) Vers. 9.0 Mar 2018    25-Mar-2020 12:21:22    Page  008
 - - - - - - - - - - - - - - - - - - - - - - - - - - - - - - - - - - - - - -
 
  INPUT ---       rlabel(24)=pent gF a0.350684931506849 t1.35068493150685;
  INPUT ---       rlabel(25)=pent gF a0.358904109589041 t1.35890410958904;
  INPUT ---       rlabel(26)=pent gF a0.613698630136986 t1.61369863013699;
  INPUT ---       rlabel(27)=pent gF a0.638356164383562 t1.63835616438356;
  INPUT ---       rlabel(28)=pent gF a0.646575342465753 t1.64657534246575;
  INPUT ---       rlabel(29)=pent gF a0.649315068493151 t1.64931506849315;
  INPUT ---       rlabel(30)=pent gF a0.652054794520548 t1.65205479452055;
  INPUT ---       rlabel(31)=pent gF a0.704109589041096 t1.7041095890411;
  INPUT ---       rlabel(32)=pent gF a0.706849315068493 t1.70684931506849;
  INPUT ---       rlabel(33)=pent gF a0.70958904109589 t1.70958904109589;
  INPUT ---       rlabel(34)=pent gF a0.827397260273973 t1.82739726027397;
  INPUT ---       rlabel(35)=pent gF a1.4027397260274 t2.4027397260274;
  INPUT ---       rlabel(36)=pent gF a1.40547945205479 t2.40547945205479;
  INPUT ---       rlabel(37)=pent gF a1.40821917808219 t2.40821917808219;
  INPUT ---       rlabel(38)=pent gM a0.00547945205479452 t1.00547945205479;
  INPUT ---       rlabel(39)=pent gM a0.00821917808219178 t1.00821917808219;
  INPUT ---       rlabel(40)=pent gM a0.010958904109589 t1.01095890410959;
  INPUT ---       rlabel(41)=pent gM a0.0164383561643836 t1.01643835616438;
  INPUT ---       rlabel(42)=pent gM a0.0246575342465753 t1.02465753424658;
  INPUT ---       rlabel(43)=pent gM a0.0273972602739726 t1.02739726027397;
  INPUT ---       rlabel(44)=pent gM a0.0301369863013699 t1.03013698630137;
  INPUT ---       rlabel(45)=pent gM a0.0356164383561644 t1.03561643835616;
  INPUT ---       rlabel(46)=pent gM a0.0410958904109589 t1.04109589041096;
  INPUT ---       rlabel(47)=pent gM a0.0493150684931507 t1.04931506849315;
  INPUT ---       rlabel(48)=pent gM a0.0520547945205479 t1.05205479452055;
  INPUT ---       rlabel(49)=pent gM a0.0657534246575342 t1.06575342465753;
  INPUT ---       rlabel(50)=pent gM a0.0712328767123288 t1.07123287671233;
  INPUT ---       rlabel(51)=pent gM a0.0986301369863014 t1.0986301369863;
  INPUT ---       rlabel(52)=pent gM a0.101369863013699 t1.1013698630137;
  INPUT ---       rlabel(53)=pent gM a0.106849315068493 t1.10684931506849;
  INPUT ---       rlabel(54)=pent gM a0.10958904109589 t1.10958904109589;
  INPUT ---       rlabel(55)=pent gM a0.120547945205479 t1.12054794520548;
  INPUT ---       rlabel(56)=pent gM a0.350684931506849 t1.35068493150685;
  INPUT ---       rlabel(57)=pent gM a0.358904109589041 t1.35890410958904;
  INPUT ---       rlabel(58)=pent gM a0.613698630136986 t1.61369863013699;
  INPUT ---       rlabel(59)=pent gM a0.638356164383562 t1.63835616438356;
  INPUT ---       rlabel(60)=pent gM a0.646575342465753 t1.64657534246575;
  INPUT ---       rlabel(61)=pent gM a0.649315068493151 t1.64931506849315;
  INPUT ---       rlabel(62)=pent gM a0.652054794520548 t1.65205479452055;
  INPUT ---       rlabel(63)=pent gM a0.704109589041096 t1.7041095890411;
  INPUT ---       rlabel(64)=pent gM a0.706849315068493 t1.70684931506849;
  INPUT ---       rlabel(65)=pent gM a0.70958904109589 t1.70958904109589;
  INPUT ---       rlabel(66)=pent gM a0.827397260273973 t1.82739726027397;
  INPUT ---       rlabel(67)=pent gM a1.4027397260274 t2.4027397260274;
  INPUT ---       rlabel(68)=pent gM a1.40547945205479 t2.40547945205479;
  INPUT ---       rlabel(69)=pent gM a1.40821917808219 t2.40821917808219;

  Program  MARK  - Survival Rate Estimation with Capture-Recapture Data
   gfortran(dble) Vers. 9.0 Mar 2018    25-Mar-2020 12:21:22    Page  009
 - - - - - - - - - - - - - - - - - - - - - - - - - - - - - - - - - - - - - -
 

 Link Function Used is PARM-SPECIFIC

 Variance Estimation Procedure Used is 2ndPart 

 M(t+1):
      16     29



 Group: 1

 U(t)+UL(t):
       0    2    2    0    1    0    3    1    1    0    0    0    0    0    1
       0    0    0    2    1    1    0    0    0    1    0    0    0    0    0
       0    0    0

 U(t):
       0    2    2    0    1    0    3    1    1    0    0    0    0    0    1
       0    0    0    2    1    1    0    0    0    1    0    0    0    0    0
       0    0    0

 UL(t):
       0    0    0    0    0    0    0    0    0    0    0    0    0    0    0
       0    0    0    0    0    0    0    0    0    0    0    0    0    0    0
       0    0    0

 Not Released(t):
       0    0    0    0    0    0    0    0    0    0    0    0    0    0    0
       0    0    0    0    0    0    0    0    0    0    0    0    0    0    0
       0    0    0

 Group: 2

 U(t)+UL(t):
       3    0    1    1    1    1    1    0    1    1    2    1    3    3    1
       1    0    2    3    1    0    0    1    0    0    0    0    0    0    1
       0    0    0

 U(t):
       3    0    1    1    1    1    1    0    1    1    2    1    3    3    1
       1    0    2    3    1    0    0    1    0    0    0    0    0    0    1
       0    0    0

 UL(t):
       0    0    0    0    0    0    0    0    0    0    0    0    0    0    0
       0    0    0    0    0    0    0    0    0    0    0    0    0    0    0
       0    0    0

 Not Released(t):
       0    0    0    0    0    0    0    0    0    0    0    0    0    0    0
       0    0    0    0    0    0    0    0    0    0    0    0    0    0    0
       0    0    0
 -2logL(saturated) = 272.93564     
 Effective Sample Size = 103

 Number of function evaluations was 26 for 6 parameters.
 Time for numerical optimization was 0.11 seconds.     
 -2logL { Phi(~1)p(~sex)pent(~1)N(~sex) } = 557.52385     
 Penalty { Phi(~1)p(~sex)pent(~1)N(~sex) } = 0.0000000     
 Gradient { Phi(~1)p(~sex)pent(~1)N(~sex) }:
   0.000000      0.2389622E-04  0.3245092E-04   0.000000      0.2850008E-05
   0.000000    
 Maximum ABS(G) { Phi(~1)p(~sex)pent(~1)N(~sex) } = 0.3245092E-04 
 S Vector { Phi(~1)p(~sex)pent(~1)N(~sex) }:
   129.5781      12.30474      6.999289      2.773308     0.8294028    
  0.1680581    
 Time to compute number of parameters was 0.02 seconds.     
 Ratio Threshold = 50.000000       Max Gap (1/2) = 10.530743       Next Max Gap (1/2) = 10.530743     
 Gap Method for Num. of Estimated Parameters { Phi(~1)p(~sex)pent(~1)N(~sex) } = 6          
 Threshold { Phi(~1)p(~sex)pent(~1)N(~sex) } = 0.6490185E-04                 
 Numerical Threshold Method for Num. of Estimated Parameters { Phi(~1)p(~sex)pent(~1)N(~sex) } = 6          
 Number of Estimated Parameters { Phi(~1)p(~sex)pent(~1)N(~sex) } = 6          
 DEVIANCE { Phi(~1)p(~sex)pent(~1)N(~sex) } = 284.58820                     
 DEVIANCE Degrees of Freedom { Phi(~1)p(~sex)pent(~1)N(~sex) } = 35            
 c-hat { Phi(~1)p(~sex)pent(~1)N(~sex) } = 8.1310916                     
 AIC { Phi(~1)p(~sex)pent(~1)N(~sex) } = 569.52385                  
 AICc { Phi(~1)p(~sex)pent(~1)N(~sex) } = 570.39885                    
 BIC { Phi(~1)p(~sex)pent(~1)N(~sex) } = 585.33222                    
 Pearson Chisquare { Phi(~1)p(~sex)pent(~1)N(~sex) } = 25765767.                  


              PARM-SPECIFIC Link Function Parameters of { Phi(~1)p(~sex)pent(~1)N(~sex) }
                                                              95% Confidence Interval
 Parameter                    Beta         Standard Error      Lower           Upper
 -------------------------  --------------  --------------  --------------  --------------
    1:Phi:(Intercept)        0.3390142       0.7538419      -1.1385160       1.8165445    
    2:p:(Intercept)         -2.8312639       0.2878322      -3.3954150      -2.2671128    
    3:p:sexM                 0.4106338       0.3061077      -0.1893373       1.0106048    
    4:pent:(Intercept)      -5.2023378       2.3386114      -9.7860162      -0.6186595    
    5:N:(Intercept)          1.6769732       0.8276714       0.0547372       3.2992092    
    6:N:sexM                -0.0592124       0.9216710      -1.8656877       1.7472628    


              Real Function Parameters of { Phi(~1)p(~sex)pent(~1)N(~sex) }
                                                               95% Confidence Interval
  Parameter                  Estimate       Standard Error      Lower           Upper
 --------------------------  --------------  --------------  --------------  --------------
     1:Phi gF a0 t1           0.5839510       0.1831476       0.2425929       0.8601510                          
     2:p gF a0 t1             0.0556579       0.0151285       0.0324391       0.0938835                          
     3:p gM a0 t1             0.0816130       0.0145552       0.0572568       0.1150654                          
     4:N gF a0 t1             21.349340       4.4274958       17.298445       38.038235                          
     5:N gM a0 t1             34.041788       4.4204310       30.147598       51.150283                          
     6:pent gF a0.005479452   0.0046795       0.0093049       0.9368444E-04   0.1908884                          
     7:pent gF a0.008219178   0.0046795       0.0093049       0.9368444E-04   0.1908884                          

  Program  MARK  - Survival Rate Estimation with Capture-Recapture Data
   gfortran(dble) Vers. 9.0 Mar 2018    25-Mar-2020 12:21:22    Page  010
 - - - - - - - - - - - - - - - - - - - - - - - - - - - - - - - - - - - - - -
 
     8:pent gF a0.010958904   0.0046795       0.0093049       0.9368444E-04   0.1908884                          
     9:pent gF a0.016438356   0.0046795       0.0093049       0.9368444E-04   0.1908884                          
    10:pent gF a0.024657534   0.0046795       0.0093049       0.9368444E-04   0.1908884                          
    11:pent gF a0.027397260   0.0046795       0.0093049       0.9368444E-04   0.1908884                          
    12:pent gF a0.030136986   0.0046795       0.0093049       0.9368444E-04   0.1908884                          
    13:pent gF a0.035616438   0.0046795       0.0093049       0.9368444E-04   0.1908884                          
    14:pent gF a0.041095890   0.0046795       0.0093049       0.9368444E-04   0.1908884                          
    15:pent gF a0.049315068   0.0046795       0.0093049       0.9368444E-04   0.1908884                          
    16:pent gF a0.052054794   0.0046795       0.0093049       0.9368444E-04   0.1908884                          
    17:pent gF a0.065753424   0.0046795       0.0093049       0.9368444E-04   0.1908884                          
    18:pent gF a0.071232876   0.0046795       0.0093049       0.9368444E-04   0.1908884                          
    19:pent gF a0.098630136   0.0046795       0.0093049       0.9368444E-04   0.1908884                          
    20:pent gF a0.101369863   0.0046795       0.0093049       0.9368444E-04   0.1908884                          
    21:pent gF a0.106849315   0.0046795       0.0093049       0.9368444E-04   0.1908884                          
    22:pent gF a0.109589041   0.0046795       0.0093049       0.9368444E-04   0.1908884                          
    23:pent gF a0.120547945   0.0046795       0.0093049       0.9368444E-04   0.1908884                          
    24:pent gF a0.350684931   0.0046795       0.0093049       0.9368444E-04   0.1908884                          
    25:pent gF a0.358904109   0.0046795       0.0093049       0.9368444E-04   0.1908884                          
    26:pent gF a0.613698630   0.0046795       0.0093049       0.9368444E-04   0.1908884                          
    27:pent gF a0.638356164   0.0046795       0.0093049       0.9368444E-04   0.1908884                          
    28:pent gF a0.646575342   0.0046795       0.0093049       0.9368444E-04   0.1908884                          
    29:pent gF a0.649315068   0.0046795       0.0093049       0.9368444E-04   0.1908884                          
    30:pent gF a0.652054794   0.0046795       0.0093049       0.9368444E-04   0.1908884                          
    31:pent gF a0.704109589   0.0046795       0.0093049       0.9368444E-04   0.1908884                          
    32:pent gF a0.706849315   0.0046795       0.0093049       0.9368444E-04   0.1908884                          
    33:pent gF a0.709589041   0.0046795       0.0093049       0.9368444E-04   0.1908884                          
    34:pent gF a0.827397260   0.0046795       0.0093049       0.9368444E-04   0.1908884                          
    35:pent gF a1.402739726   0.0046795       0.0093049       0.9368444E-04   0.1908884                          
    36:pent gF a1.405479452   0.0046795       0.0093049       0.9368444E-04   0.1908884                          
    37:pent gF a1.408219178   0.0046795       0.0093049       0.9368444E-04   0.1908884                          
    38:pent gM a0.005479452   0.0046795       0.0093049       0.9368444E-04   0.1908884                          
    39:pent gM a0.008219178   0.0046795       0.0093049       0.9368444E-04   0.1908884                          
    40:pent gM a0.010958904   0.0046795       0.0093049       0.9368444E-04   0.1908884                          
    41:pent gM a0.016438356   0.0046795       0.0093049       0.9368444E-04   0.1908884                          
    42:pent gM a0.024657534   0.0046795       0.0093049       0.9368444E-04   0.1908884                          
    43:pent gM a0.027397260   0.0046795       0.0093049       0.9368444E-04   0.1908884                          
    44:pent gM a0.030136986   0.0046795       0.0093049       0.9368444E-04   0.1908884                          
    45:pent gM a0.035616438   0.0046795       0.0093049       0.9368444E-04   0.1908884                          
    46:pent gM a0.041095890   0.0046795       0.0093049       0.9368444E-04   0.1908884                          
    47:pent gM a0.049315068   0.0046795       0.0093049       0.9368444E-04   0.1908884                          
    48:pent gM a0.052054794   0.0046795       0.0093049       0.9368444E-04   0.1908884                          
    49:pent gM a0.065753424   0.0046795       0.0093049       0.9368444E-04   0.1908884                          
    50:pent gM a0.071232876   0.0046795       0.0093049       0.9368444E-04   0.1908884                          
    51:pent gM a0.098630136   0.0046795       0.0093049       0.9368444E-04   0.1908884                          
    52:pent gM a0.101369863   0.0046795       0.0093049       0.9368444E-04   0.1908884                          
    53:pent gM a0.106849315   0.0046795       0.0093049       0.9368444E-04   0.1908884                          

  Program  MARK  - Survival Rate Estimation with Capture-Recapture Data
   gfortran(dble) Vers. 9.0 Mar 2018    25-Mar-2020 12:21:22    Page  011
 - - - - - - - - - - - - - - - - - - - - - - - - - - - - - - - - - - - - - -
 
    54:pent gM a0.109589041   0.0046795       0.0093049       0.9368444E-04   0.1908884                          
    55:pent gM a0.120547945   0.0046795       0.0093049       0.9368444E-04   0.1908884                          
    56:pent gM a0.350684931   0.0046795       0.0093049       0.9368444E-04   0.1908884                          
    57:pent gM a0.358904109   0.0046795       0.0093049       0.9368444E-04   0.1908884                          
    58:pent gM a0.613698630   0.0046795       0.0093049       0.9368444E-04   0.1908884                          
    59:pent gM a0.638356164   0.0046795       0.0093049       0.9368444E-04   0.1908884                          
    60:pent gM a0.646575342   0.0046795       0.0093049       0.9368444E-04   0.1908884                          
    61:pent gM a0.649315068   0.0046795       0.0093049       0.9368444E-04   0.1908884                          
    62:pent gM a0.652054794   0.0046795       0.0093049       0.9368444E-04   0.1908884                          
    63:pent gM a0.704109589   0.0046795       0.0093049       0.9368444E-04   0.1908884                          
    64:pent gM a0.706849315   0.0046795       0.0093049       0.9368444E-04   0.1908884                          
    65:pent gM a0.709589041   0.0046795       0.0093049       0.9368444E-04   0.1908884                          
    66:pent gM a0.827397260   0.0046795       0.0093049       0.9368444E-04   0.1908884                          
    67:pent gM a1.402739726   0.0046795       0.0093049       0.9368444E-04   0.1908884                          
    68:pent gM a1.405479452   0.0046795       0.0093049       0.9368444E-04   0.1908884                          
    69:pent gM a1.408219178   0.0046795       0.0093049       0.9368444E-04   0.1908884                          


                      Estimates of Derived Parameters
  Gross Birth+Immigration Estimates of { Phi(~1)p(~sex)pent(~1)N(~sex) }
                                                95% Confidence Interval
 Grp. Occ.   B*-hat          Standard Error      Lower           Upper
 ---- ----   --------------  --------------  --------------  --------------
   1     1    0.1000523       0.2111792       0.0077895       1.2851284    
   1     2    0.0999786       0.2109981       0.0077849       1.2839901    
   1     3    0.0999786       0.2109981       0.0077849       1.2839901    
   1     4    0.1000523       0.2111792       0.0077895       1.2851284    
   1     5    0.1001260       0.2113605       0.0077940       1.2862673    
   1     6    0.0999786       0.2109981       0.0077849       1.2839901    
   1     7    0.0999786       0.2109981       0.0077849       1.2839901    
   1     8    0.1000523       0.2111792       0.0077895       1.2851284    
   1     9    0.1000523       0.2111792       0.0077895       1.2851284    
   1    10    0.1001260       0.2113605       0.0077940       1.2862673    
   1    11    0.0999786       0.2109981       0.0077849       1.2839901    
   1    12    0.1002735       0.2117234       0.0078032       1.2885473    
   1    13    0.1000523       0.2111792       0.0077895       1.2851284    
   1    14    0.1006430       0.2126324       0.0078261       1.2942594    
   1    15    0.0999786       0.2109981       0.0077849       1.2839901    
   1    16    0.1000523       0.2111792       0.0077895       1.2851284    
   1    17    0.0999786       0.2109981       0.0077849       1.2839901    
   1    18    0.1001997       0.2115419       0.0077986       1.2874069    
   1    19    0.1062166       0.2263996       0.0081704       1.3808388    
   1    20    0.1001260       0.2113605       0.0077940       1.2862673    
   1    21    0.1069080       0.2281140       0.0082129       1.3916293    
   1    22    0.1005690       0.2124504       0.0078215       1.2931156    

  Program  MARK  - Survival Rate Estimation with Capture-Recapture Data
   gfortran(dble) Vers. 9.0 Mar 2018    25-Mar-2020 12:21:22    Page  012
 - - - - - - - - - - - - - - - - - - - - - - - - - - - - - - - - - - - - - -
 
   1    23    0.1001260       0.2113605       0.0077940       1.2862673    
   1    24    0.0999786       0.2109981       0.0077849       1.2839901    
   1    25    0.0999786       0.2109981       0.0077849       1.2839901    
   1    26    0.1013103       0.2142755       0.0078675       1.3045852    
   1    27    0.0999786       0.2109981       0.0077849       1.2839901    
   1    28    0.0999786       0.2109981       0.0077849       1.2839901    
   1    29    0.1031040       0.2186994       0.0079784       1.3323970    
   1    30    0.1161614       0.2511890       0.0087789       1.5370379    
   1    31    0.0999786       0.2109981       0.0077849       1.2839901    
   1    32    0.0999786       0.2109981       0.0077849       1.2839901    
   2     1    0.1595346       0.3328800       0.0125972       2.0203950    
   2     2    0.1594171       0.3325937       0.0125898       2.0185994    
   2     3    0.1594171       0.3325937       0.0125898       2.0185994    
   2     4    0.1595346       0.3328800       0.0125972       2.0203950    
   2     5    0.1596521       0.3331665       0.0126045       2.0221916    
   2     6    0.1594171       0.3325937       0.0125898       2.0185994    
   2     7    0.1594171       0.3325937       0.0125898       2.0185994    
   2     8    0.1595346       0.3328800       0.0125972       2.0203950    
   2     9    0.1595346       0.3328800       0.0125972       2.0203950    
   2    10    0.1596521       0.3331665       0.0126045       2.0221916    
   2    11    0.1594171       0.3325937       0.0125898       2.0185994    
   2    12    0.1598873       0.3337400       0.0126193       2.0257883    
   2    13    0.1595346       0.3328800       0.0125972       2.0203950    
   2    14    0.1604764       0.3351768       0.0126561       2.0347992    
   2    15    0.1594171       0.3325937       0.0125898       2.0185994    
   2    16    0.1595346       0.3328800       0.0125972       2.0203950    
   2    17    0.1594171       0.3325937       0.0125898       2.0185994    
   2    18    0.1597697       0.3334532       0.0126119       2.0239894    
   2    19    0.1693637       0.3569374       0.0132100       2.1713901    
   2    20    0.1596521       0.3331665       0.0126045       2.0221916    
   2    21    0.1704661       0.3596474       0.0132784       2.1884150    
   2    22    0.1603585       0.3348891       0.0126488       2.0329948    
   2    23    0.1596521       0.3331665       0.0126045       2.0221916    
   2    24    0.1594171       0.3325937       0.0125898       2.0185994    
   2    25    0.1594171       0.3325937       0.0125898       2.0185994    
   2    26    0.1615405       0.3377737       0.0127227       2.0510885    
   2    27    0.1594171       0.3325937       0.0125898       2.0185994    
   2    28    0.1594171       0.3325937       0.0125898       2.0185994    
   2    29    0.1644007       0.3447660       0.0129012       2.0949641    
   2    30    0.1852208       0.3961250       0.0141889       2.4178608    
   2    31    0.1594171       0.3325937       0.0125898       2.0185994    
   2    32    0.1594171       0.3325937       0.0125898       2.0185994    

   Net Birth+Immigration Estimates of { Phi(~1)p(~sex)pent(~1)N(~sex) }
                                                95% Confidence Interval
 Grp. Occ.   B-hat           Standard Error      Lower           Upper
 ---- ----   --------------  --------------  --------------  --------------
   1     1    0.0999049       0.2108170       0.0077803       1.2828526    
   1     2    0.0999049       0.2108170       0.0077803       1.2828526    
   1     3    0.0999049       0.2108170       0.0077803       1.2828526    
   1     4    0.0999049       0.2108170       0.0077803       1.2828526    
   1     5    0.0999049       0.2108170       0.0077803       1.2828526    
   1     6    0.0999049       0.2108170       0.0077803       1.2828526    
   1     7    0.0999049       0.2108170       0.0077803       1.2828526    
   1     8    0.0999049       0.2108170       0.0077803       1.2828526    
   1     9    0.0999049       0.2108170       0.0077803       1.2828526    
   1    10    0.0999049       0.2108170       0.0077803       1.2828526    
   1    11    0.0999049       0.2108170       0.0077803       1.2828526    
   1    12    0.0999049       0.2108170       0.0077803       1.2828526    
   1    13    0.0999049       0.2108170       0.0077803       1.2828526    
   1    14    0.0999049       0.2108170       0.0077803       1.2828526    
   1    15    0.0999049       0.2108170       0.0077803       1.2828526    
   1    16    0.0999049       0.2108170       0.0077803       1.2828526    
   1    17    0.0999049       0.2108170       0.0077803       1.2828526    
   1    18    0.0999049       0.2108170       0.0077803       1.2828526    
   1    19    0.0999049       0.2108170       0.0077803       1.2828526    
   1    20    0.0999049       0.2108170       0.0077803       1.2828526    
   1    21    0.0999049       0.2108170       0.0077803       1.2828526    
   1    22    0.0999049       0.2108170       0.0077803       1.2828526    
   1    23    0.0999049       0.2108170       0.0077803       1.2828526    
   1    24    0.0999049       0.2108170       0.0077803       1.2828526    
   1    25    0.0999049       0.2108170       0.0077803       1.2828526    
   1    26    0.0999049       0.2108170       0.0077803       1.2828526    
   1    27    0.0999049       0.2108170       0.0077803       1.2828526    
   1    28    0.0999049       0.2108170       0.0077803       1.2828526    
   1    29    0.0999049       0.2108170       0.0077803       1.2828526    
   1    30    0.0999049       0.2108170       0.0077803       1.2828526    
   1    31    0.0999049       0.2108170       0.0077803       1.2828526    
   1    32    0.0999049       0.2108170       0.0077803       1.2828526    
   2     1    0.1592997       0.3323075       0.0125825       2.0168049    
   2     2    0.1592997       0.3323075       0.0125825       2.0168049    
   2     3    0.1592997       0.3323075       0.0125825       2.0168049    
   2     4    0.1592997       0.3323075       0.0125825       2.0168049    
   2     5    0.1592997       0.3323075       0.0125825       2.0168049    
   2     6    0.1592997       0.3323075       0.0125825       2.0168049    
   2     7    0.1592997       0.3323075       0.0125825       2.0168049    
   2     8    0.1592997       0.3323075       0.0125825       2.0168049    
   2     9    0.1592997       0.3323075       0.0125825       2.0168049    
   2    10    0.1592997       0.3323075       0.0125825       2.0168049    
   2    11    0.1592997       0.3323075       0.0125825       2.0168049    
   2    12    0.1592997       0.3323075       0.0125825       2.0168049    
   2    13    0.1592997       0.3323075       0.0125825       2.0168049    
   2    14    0.1592997       0.3323075       0.0125825       2.0168049    
   2    15    0.1592997       0.3323075       0.0125825       2.0168049    
   2    16    0.1592997       0.3323075       0.0125825       2.0168049    
   2    17    0.1592997       0.3323075       0.0125825       2.0168049    
   2    18    0.1592997       0.3323075       0.0125825       2.0168049    
   2    19    0.1592997       0.3323075       0.0125825       2.0168049    
   2    20    0.1592997       0.3323075       0.0125825       2.0168049    
   2    21    0.1592997       0.3323075       0.0125825       2.0168049    
   2    22    0.1592997       0.3323075       0.0125825       2.0168049    
   2    23    0.1592997       0.3323075       0.0125825       2.0168049    
   2    24    0.1592997       0.3323075       0.0125825       2.0168049    
   2    25    0.1592997       0.3323075       0.0125825       2.0168049    
   2    26    0.1592997       0.3323075       0.0125825       2.0168049    
   2    27    0.1592997       0.3323075       0.0125825       2.0168049    
   2    28    0.1592997       0.3323075       0.0125825       2.0168049    
   2    29    0.1592997       0.3323075       0.0125825       2.0168049    
   2    30    0.1592997       0.3323075       0.0125825       2.0168049    
   2    31    0.1592997       0.3323075       0.0125825       2.0168049    
   2    32    0.1592997       0.3323075       0.0125825       2.0168049    

        Population Estimates of { Phi(~1)p(~sex)pent(~1)N(~sex) }
                                                95% Confidence Interval
 Grp. Occ.   N-hat           Standard Error      Lower           Upper
 ---- ----   --------------  --------------  --------------  --------------
   1     1    18.152382       5.3025427       10.359877       31.806261    
   1     2    18.198859       5.1432521       10.570233       31.333130    
   1     3    18.271962       4.9886684       10.803079       30.904579    
   1     4    18.344958       4.8382937       11.035204       30.496715    

  Program  MARK  - Survival Rate Estimation with Capture-Recapture Data
   gfortran(dble) Vers. 9.0 Mar 2018    25-Mar-2020 12:21:22    Page  013
 - - - - - - - - - - - - - - - - - - - - - - - - - - - - - - - - - - - - - -
 
   1     5    18.390869       4.6918484       11.242302       30.084947    
   1     6    18.409640       4.5497486       11.423155       29.669110    
   1     7    18.482432       4.4136898       11.649208       29.323909    
   1     8    18.555118       4.2834528       11.871486       29.001626    
   1     9    18.600410       4.1590514       12.064437       28.677283    
   1    10    18.645569       4.0412118       12.251728       28.376181    
   1    11    18.663217       3.9299184       12.407549       28.072881    
   1    12    18.735636       3.8270369       12.605738       27.846371    
   1    13    18.697985       3.7299497       12.695341       27.538814    
   1    14    18.742857       3.6425666       12.851017       27.335944    
   1    15    18.568555       3.5588229       12.796880       26.943381    
   1    16    18.641113       3.4882058       12.958565       26.815555    
   1    17    18.686152       3.4273228       13.082280       26.690476    
   1    18    18.758538       3.3782695       13.216695       26.624110    
   1    19    18.748183       3.3359676       13.264049       26.499777    
   1    20    16.664993       3.3437853       11.289982       24.598976    
   1    21    16.691378       3.2965383       11.375824       24.490718    
   1    22    14.653363       3.5143496       9.2179746       23.293733    
   1    23    14.560186       3.4813615       9.1719521       23.113837    
   1    24    14.595856       3.4373821       9.2568577       23.014183    
   1    25    14.674266       3.3981662       9.3757473       22.967137    
   1    26    14.752559       3.3710101       9.4804934       22.956401    
   1    27    14.445090       3.4011207       9.1621417       22.774219    
   1    28    14.523721       3.3913868       9.2458146       22.814483    
   1    29    14.602237       3.3939313       9.3147535       22.891139    
   1    30    13.805459       3.4856046       8.4809988       22.472673    
   1    31    10.230555       3.9015022       4.9686206       21.065052    
   1    32    10.315393       3.8611503       5.0728574       20.975818    
   1    33    10.400106       3.8316520       5.1683654       20.927741    
   2     1    28.944198       7.7884644       17.238617       48.598249    
   2     2    29.018307       7.4820778       17.648847       47.712020    
   2     3    29.134871       7.1769607       18.105411       46.883262    
   2     4    29.251263       6.8744641       18.568593       46.079764    
   2     5    29.324469       6.5771042       18.995500       45.269906    
   2     6    29.354399       6.2859379       19.383545       44.454239    
   2     7    29.470468       5.9927140       19.863026       43.724884    
   2     8    29.586366       5.7035361       20.346613       43.022053    
   2     9    29.658585       5.4226538       20.787153       42.316122    
   2    10    29.730592       5.1471146       21.228684       41.637442    
   2    11    29.758731       4.8820042       21.622003       40.957447    
   2    12    29.874204       4.6145805       22.109843       40.365193    
   2    13    29.814169       4.3746905       22.396829       39.687971    
   2    14    29.885718       4.1283663       22.826173       39.128597    
   2    15    29.607791       3.9383223       22.838955       38.382723    
   2    16    29.723487       3.7058624       23.301333       37.915671    
   2    17    29.795302       3.4939929       23.695676       37.465065    

  Program  MARK  - Survival Rate Estimation with Capture-Recapture Data
   gfortran(dble) Vers. 9.0 Mar 2018    25-Mar-2020 12:21:22    Page  014
 - - - - - - - - - - - - - - - - - - - - - - - - - - - - - - - - - - - - - -
 
   2    18    29.910722       3.2928437       24.121220       37.089803    
   2    19    29.894210       3.1286239       24.363751       36.680058    
   2    20    26.572539       3.7428753       20.189392       34.973804    
   2    21    26.614610       3.5836685       20.465286       34.611656    
   2    22    23.364969       4.4912998       16.085075       33.939648    
   2    23    23.216397       4.4128911       16.048406       33.585957    
   2    24    23.273274       4.2850870       16.271791       33.287379    
   2    25    23.398299       4.1548404       16.565519       33.049395    
   2    26    23.523139       4.0465363       16.831858       32.874451    
   2    27    23.032875       4.1488936       16.227119       32.693008    
   2    28    23.158254       4.0777895       16.442320       32.617339    
   2    29    23.283448       4.0314102       16.624569       32.609503    
   2    30    22.012977       4.3771918       14.964282       32.381850    
   2    31    16.312747       5.7070555       8.3807050       31.752187    
   2    32    16.448022       5.6097767       8.5851087       31.512407    
   2    33    16.583099       5.5303221       8.7749018       31.339287    

     Gross Population Estimates of { Phi(~1)p(~sex)pent(~1)N(~sex) }
                                                95% Confidence Interval
 Grp. Occ.   N*-hat          Standard Error      Lower           Upper
 ---- ----   --------------  --------------  --------------  --------------
   1     0    21.388306       4.4878631       14.239269       32.126625    
   2     0    34.103920       4.5414798       26.299587       44.224167    

   CPU Time for the last procedure was 0.12 seconds.     

  Program  MARK  - Survival Rate Estimation with Capture-Recapture Data
   gfortran(dble) Vers. 9.0 Mar 2018    25-Mar-2020 12:21:22    Page  015
 - - - - - - - - - - - - - - - - - - - - - - - - - - - - - - - - - - - - - -
 


  INPUT --- proc stop;

     CPU Time in minutes for this job was 0.00

     Time Start = 12:21:22.141   Time End = 12:21:22.526

     Wall Clock Time in minutes for this job was 0.01


          E X E C U T I O N   S U C C E S S F U L 
