
   Program  MARK  - Survival Rate Estimation with Capture-Recapture Data
   gfortran(dble) Vers. 9.0 Mar 2018    25-Mar-2020 14:33:47    Page  001
 - - - - - - - - - - - - - - - - - - - - - - - - - - - - - - - - - - - - - -
 
   This version was compiled by GCC version 7.2.0 using the options: 
     -cpp -iprefix C:/Program Files/mingw-w64/x86_64-7.2.0-posix-seh-rt_v5-rev1/
     mingw64/bin/../lib/gcc/x86_64-w64-mingw32/7.2.0/ -D_MT -D_REENTRANT
     -U_REENTRANT -D IEEE -D DBLEPRECISION -m64 -mtune=core2 -march=nocona -mthreads
     -O2 -fimplicit-none -fbounds-check -funroll-loops -ftree-vectorize
     -ffpe-summary=invalid,zero,overflow,underflow -fno-unsafe-math-optimizations
     -frounding-math -fsignaling-nans -fopenmp.

   This problem will use 15 of 16 possible threads.


  INPUT --- proc title ;

   CPU Time for the last procedure was 0.02 seconds.     


  INPUT --- proc chmatrix occasions= 33 groups= 2 etype= POPAN Nodes= 
  INPUT --- 101 ICMeans NoHist hist= 41  ;

  INPUT ---    time interval 0.00547945205479452 0.00273972602739726 
  INPUT ---    0.00273972602739726 0.00547945205479452  
  INPUT ---    0.00821917808219178 0.00273972602739726 0.00273972602739726 
  INPUT ---    0.00547945205479452  0.00547945205479452 
  INPUT ---    0.00821917808219178 0.00273972602739726 0.0136986301369863 
  INPUT ---    0.00547945205479452  0.0273972602739726 0.00273972602739726 
  INPUT ---    0.00547945205479452 0.00273972602739726 0.010958904109589  
  INPUT ---    0.23013698630137 0.00821917808219178 0.254794520547945 
  INPUT ---    0.0246575342465753 0.00821917808219178  0.00273972602739726 
  INPUT ---    0.00273972602739726 0.0520547945205479 0.00273972602739726 
  INPUT ---    0.00273972602739726  0.117808219178082 0.575342465753425 
  INPUT ---    0.00273972602739726 0.00273972602739726 ;

  INPUT ---    glabel(1)=sexF;

  INPUT ---    glabel(2)=sexM;

   * *  WARNING  * *   At least a pair of the encounter histories are duplicates. 

      Number of unique encounter histories read was 38.

      Number of individual covariates read was 0.
      Time interval lengths vary and/or not equal to 1.

      Data type number is 19
      Data type is POPAN                                                                                               

   CPU Time for the last procedure was 0.01 seconds.     

  Program  MARK  - Survival Rate Estimation with Capture-Recapture Data
   gfortran(dble) Vers. 9.0 Mar 2018    25-Mar-2020 14:33:47    Page  002
 - - - - - - - - - - - - - - - - - - - - - - - - - - - - - - - - - - - - - -
 


  INPUT --- proc estimate link=Parm-Specific NOLOOP varest=2ndPart    ;


  INPUT --- model={ Phi(~sex)p(~1)pent(~sex)N(~1) };

  INPUT ---    group=1 Phi    rows=1 cols=32 Square ;
  INPUT ---        1 1 1 1 1 1 1 1 1 1 1 1 1 1 1 1 1 1 1 1 1 1 1 1 1 1 1 1 1 
  INPUT ---       1 1 1 ;

  INPUT ---    group=2 Phi    rows=1 cols=32 Square ;
  INPUT ---        2 2 2 2 2 2 2 2 2 2 2 2 2 2 2 2 2 2 2 2 2 2 2 2 2 2 2 2 2 
  INPUT ---       2 2 2 ;

  INPUT ---    group=1 p    rows=1 cols=33 Square ;
  INPUT ---        3 3 3 3 3 3 3 3 3 3 3 3 3 3 3 3 3 3 3 3 3 3 3 3 3 3 3 3 3 
  INPUT ---       3 3 3 3 ;

  INPUT ---    group=2 p    rows=1 cols=33 Square ;
  INPUT ---        3 3 3 3 3 3 3 3 3 3 3 3 3 3 3 3 3 3 3 3 3 3 3 3 3 3 3 3 3 
  INPUT ---       3 3 3 3 ;

  INPUT ---    group=1 pent    rows=1 cols=32 Square ;
  INPUT ---        5 6 7 8 9 10 11 12 13 14 15 16 17 18 19 20 21 22 23 24 25 
  INPUT ---       26 27 28 29 30 31 32 33 34 35 36 ;

  INPUT ---    group=2 pent    rows=1 cols=32 Square ;
  INPUT ---        37 38 39 40 41 42 43 44 45 46 47 48 49 50 51 52 53 54 55 
  INPUT ---       56 57 58 59 60 61 62 63 64 65 66 67 68 ;

  INPUT ---    group=1 N    rows=1 cols=1 Square ;
  INPUT ---        4 ;

  INPUT ---    group=2 N    rows=1 cols=1 Square ;
  INPUT ---        4 ;

  INPUT ---    design matrix constraints=68 covariates=6;
  INPUT ---        1 0 0 0 0 0;
  INPUT ---        1 1 0 0 0 0;
  INPUT ---        0 0 1 0 0 0;
  INPUT ---        0 0 0 0 0 1;
  INPUT ---        0 0 0 1 0 0;
  INPUT ---        0 0 0 1 0 0;
  INPUT ---        0 0 0 1 0 0;
  INPUT ---        0 0 0 1 0 0;

  Program  MARK  - Survival Rate Estimation with Capture-Recapture Data
   gfortran(dble) Vers. 9.0 Mar 2018    25-Mar-2020 14:33:47    Page  003
 - - - - - - - - - - - - - - - - - - - - - - - - - - - - - - - - - - - - - -
 
  INPUT ---        0 0 0 1 0 0;
  INPUT ---        0 0 0 1 0 0;
  INPUT ---        0 0 0 1 0 0;
  INPUT ---        0 0 0 1 0 0;
  INPUT ---        0 0 0 1 0 0;
  INPUT ---        0 0 0 1 0 0;
  INPUT ---        0 0 0 1 0 0;
  INPUT ---        0 0 0 1 0 0;
  INPUT ---        0 0 0 1 0 0;
  INPUT ---        0 0 0 1 0 0;
  INPUT ---        0 0 0 1 0 0;
  INPUT ---        0 0 0 1 0 0;
  INPUT ---        0 0 0 1 0 0;
  INPUT ---        0 0 0 1 0 0;
  INPUT ---        0 0 0 1 0 0;
  INPUT ---        0 0 0 1 0 0;
  INPUT ---        0 0 0 1 0 0;
  INPUT ---        0 0 0 1 0 0;
  INPUT ---        0 0 0 1 0 0;
  INPUT ---        0 0 0 1 0 0;
  INPUT ---        0 0 0 1 0 0;
  INPUT ---        0 0 0 1 0 0;
  INPUT ---        0 0 0 1 0 0;
  INPUT ---        0 0 0 1 0 0;
  INPUT ---        0 0 0 1 0 0;
  INPUT ---        0 0 0 1 0 0;
  INPUT ---        0 0 0 1 0 0;
  INPUT ---        0 0 0 1 0 0;
  INPUT ---        0 0 0 1 1 0;
  INPUT ---        0 0 0 1 1 0;
  INPUT ---        0 0 0 1 1 0;
  INPUT ---        0 0 0 1 1 0;
  INPUT ---        0 0 0 1 1 0;
  INPUT ---        0 0 0 1 1 0;
  INPUT ---        0 0 0 1 1 0;
  INPUT ---        0 0 0 1 1 0;
  INPUT ---        0 0 0 1 1 0;
  INPUT ---        0 0 0 1 1 0;
  INPUT ---        0 0 0 1 1 0;
  INPUT ---        0 0 0 1 1 0;
  INPUT ---        0 0 0 1 1 0;
  INPUT ---        0 0 0 1 1 0;
  INPUT ---        0 0 0 1 1 0;
  INPUT ---        0 0 0 1 1 0;
  INPUT ---        0 0 0 1 1 0;
  INPUT ---        0 0 0 1 1 0;

  Program  MARK  - Survival Rate Estimation with Capture-Recapture Data
   gfortran(dble) Vers. 9.0 Mar 2018    25-Mar-2020 14:33:48    Page  004
 - - - - - - - - - - - - - - - - - - - - - - - - - - - - - - - - - - - - - -
 
  INPUT ---        0 0 0 1 1 0;
  INPUT ---        0 0 0 1 1 0;
  INPUT ---        0 0 0 1 1 0;
  INPUT ---        0 0 0 1 1 0;
  INPUT ---        0 0 0 1 1 0;
  INPUT ---        0 0 0 1 1 0;
  INPUT ---        0 0 0 1 1 0;
  INPUT ---        0 0 0 1 1 0;
  INPUT ---        0 0 0 1 1 0;
  INPUT ---        0 0 0 1 1 0;
  INPUT ---        0 0 0 1 1 0;
  INPUT ---        0 0 0 1 1 0;
  INPUT ---        0 0 0 1 1 0;
  INPUT ---        0 0 0 1 1 0;

  INPUT ---    links=68;

  INPUT ---    Logit;

  INPUT ---    Logit;

  INPUT ---    Logit;

  INPUT ---    Log;

  INPUT ---    mlogit(1);

  INPUT ---    mlogit(1);

  INPUT ---    mlogit(1);

  INPUT ---    mlogit(1);

  INPUT ---    mlogit(1);

  INPUT ---    mlogit(1);

  INPUT ---    mlogit(1);

  INPUT ---    mlogit(1);

  INPUT ---    mlogit(1);

  INPUT ---    mlogit(1);

  INPUT ---    mlogit(1);

  Program  MARK  - Survival Rate Estimation with Capture-Recapture Data
   gfortran(dble) Vers. 9.0 Mar 2018    25-Mar-2020 14:33:48    Page  005
 - - - - - - - - - - - - - - - - - - - - - - - - - - - - - - - - - - - - - -
 

  INPUT ---    mlogit(1);

  INPUT ---    mlogit(1);

  INPUT ---    mlogit(1);

  INPUT ---    mlogit(1);

  INPUT ---    mlogit(1);

  INPUT ---    mlogit(1);

  INPUT ---    mlogit(1);

  INPUT ---    mlogit(1);

  INPUT ---    mlogit(1);

  INPUT ---    mlogit(1);

  INPUT ---    mlogit(1);

  INPUT ---    mlogit(1);

  INPUT ---    mlogit(1);

  INPUT ---    mlogit(1);

  INPUT ---    mlogit(1);

  INPUT ---    mlogit(1);

  INPUT ---    mlogit(1);

  INPUT ---    mlogit(1);

  INPUT ---    mlogit(1);

  INPUT ---    mlogit(1);

  INPUT ---    mlogit(1);

  INPUT ---    mlogit(2);

  INPUT ---    mlogit(2);

  Program  MARK  - Survival Rate Estimation with Capture-Recapture Data
   gfortran(dble) Vers. 9.0 Mar 2018    25-Mar-2020 14:33:48    Page  006
 - - - - - - - - - - - - - - - - - - - - - - - - - - - - - - - - - - - - - -
 

  INPUT ---    mlogit(2);

  INPUT ---    mlogit(2);

  INPUT ---    mlogit(2);

  INPUT ---    mlogit(2);

  INPUT ---    mlogit(2);

  INPUT ---    mlogit(2);

  INPUT ---    mlogit(2);

  INPUT ---    mlogit(2);

  INPUT ---    mlogit(2);

  INPUT ---    mlogit(2);

  INPUT ---    mlogit(2);

  INPUT ---    mlogit(2);

  INPUT ---    mlogit(2);

  INPUT ---    mlogit(2);

  INPUT ---    mlogit(2);

  INPUT ---    mlogit(2);

  INPUT ---    mlogit(2);

  INPUT ---    mlogit(2);

  INPUT ---    mlogit(2);

  INPUT ---    mlogit(2);

  INPUT ---    mlogit(2);

  INPUT ---    mlogit(2);

  INPUT ---    mlogit(2);

  Program  MARK  - Survival Rate Estimation with Capture-Recapture Data
   gfortran(dble) Vers. 9.0 Mar 2018    25-Mar-2020 14:33:48    Page  007
 - - - - - - - - - - - - - - - - - - - - - - - - - - - - - - - - - - - - - -
 

  INPUT ---    mlogit(2);

  INPUT ---    mlogit(2);

  INPUT ---    mlogit(2);

  INPUT ---    mlogit(2);

  INPUT ---    mlogit(2);

  INPUT ---    mlogit(2);

  INPUT ---    mlogit(2);
  INPUT ---       blabel(1)=Phi:(Intercept);
  INPUT ---       blabel(2)=Phi:sexM;
  INPUT ---       blabel(3)=p:(Intercept);
  INPUT ---       blabel(4)=pent:(Intercept);
  INPUT ---       blabel(5)=pent:sexM;
  INPUT ---       blabel(6)=N:(Intercept);
  INPUT ---       rlabel(1)=Phi gF a0 t1;
  INPUT ---       rlabel(2)=Phi gM a0 t1;
  INPUT ---       rlabel(3)=p gF a0 t1;
  INPUT ---       rlabel(4)=N gF a0 t1;
  INPUT ---       rlabel(5)=pent gF a0.00547945205479452 t1.00547945205479;
  INPUT ---       rlabel(6)=pent gF a0.00821917808219178 t1.00821917808219;
  INPUT ---       rlabel(7)=pent gF a0.010958904109589 t1.01095890410959;
  INPUT ---       rlabel(8)=pent gF a0.0164383561643836 t1.01643835616438;
  INPUT ---       rlabel(9)=pent gF a0.0246575342465753 t1.02465753424658;
  INPUT ---       rlabel(10)=pent gF a0.0273972602739726 t1.02739726027397;
  INPUT ---       rlabel(11)=pent gF a0.0301369863013699 t1.03013698630137;
  INPUT ---       rlabel(12)=pent gF a0.0356164383561644 t1.03561643835616;
  INPUT ---       rlabel(13)=pent gF a0.0410958904109589 t1.04109589041096;
  INPUT ---       rlabel(14)=pent gF a0.0493150684931507 t1.04931506849315;
  INPUT ---       rlabel(15)=pent gF a0.0520547945205479 t1.05205479452055;
  INPUT ---       rlabel(16)=pent gF a0.0657534246575342 t1.06575342465753;
  INPUT ---       rlabel(17)=pent gF a0.0712328767123288 t1.07123287671233;
  INPUT ---       rlabel(18)=pent gF a0.0986301369863014 t1.0986301369863;
  INPUT ---       rlabel(19)=pent gF a0.101369863013699 t1.1013698630137;
  INPUT ---       rlabel(20)=pent gF a0.106849315068493 t1.10684931506849;
  INPUT ---       rlabel(21)=pent gF a0.10958904109589 t1.10958904109589;
  INPUT ---       rlabel(22)=pent gF a0.120547945205479 t1.12054794520548;
  INPUT ---       rlabel(23)=pent gF a0.350684931506849 t1.35068493150685;
  INPUT ---       rlabel(24)=pent gF a0.358904109589041 t1.35890410958904;
  INPUT ---       rlabel(25)=pent gF a0.613698630136986 t1.61369863013699;
  INPUT ---       rlabel(26)=pent gF a0.638356164383562 t1.63835616438356;

  Program  MARK  - Survival Rate Estimation with Capture-Recapture Data
   gfortran(dble) Vers. 9.0 Mar 2018    25-Mar-2020 14:33:48    Page  008
 - - - - - - - - - - - - - - - - - - - - - - - - - - - - - - - - - - - - - -
 
  INPUT ---       rlabel(27)=pent gF a0.646575342465753 t1.64657534246575;
  INPUT ---       rlabel(28)=pent gF a0.649315068493151 t1.64931506849315;
  INPUT ---       rlabel(29)=pent gF a0.652054794520548 t1.65205479452055;
  INPUT ---       rlabel(30)=pent gF a0.704109589041096 t1.7041095890411;
  INPUT ---       rlabel(31)=pent gF a0.706849315068493 t1.70684931506849;
  INPUT ---       rlabel(32)=pent gF a0.70958904109589 t1.70958904109589;
  INPUT ---       rlabel(33)=pent gF a0.827397260273973 t1.82739726027397;
  INPUT ---       rlabel(34)=pent gF a1.4027397260274 t2.4027397260274;
  INPUT ---       rlabel(35)=pent gF a1.40547945205479 t2.40547945205479;
  INPUT ---       rlabel(36)=pent gF a1.40821917808219 t2.40821917808219;
  INPUT ---       rlabel(37)=pent gM a0.00547945205479452 t1.00547945205479;
  INPUT ---       rlabel(38)=pent gM a0.00821917808219178 t1.00821917808219;
  INPUT ---       rlabel(39)=pent gM a0.010958904109589 t1.01095890410959;
  INPUT ---       rlabel(40)=pent gM a0.0164383561643836 t1.01643835616438;
  INPUT ---       rlabel(41)=pent gM a0.0246575342465753 t1.02465753424658;
  INPUT ---       rlabel(42)=pent gM a0.0273972602739726 t1.02739726027397;
  INPUT ---       rlabel(43)=pent gM a0.0301369863013699 t1.03013698630137;
  INPUT ---       rlabel(44)=pent gM a0.0356164383561644 t1.03561643835616;
  INPUT ---       rlabel(45)=pent gM a0.0410958904109589 t1.04109589041096;
  INPUT ---       rlabel(46)=pent gM a0.0493150684931507 t1.04931506849315;
  INPUT ---       rlabel(47)=pent gM a0.0520547945205479 t1.05205479452055;
  INPUT ---       rlabel(48)=pent gM a0.0657534246575342 t1.06575342465753;
  INPUT ---       rlabel(49)=pent gM a0.0712328767123288 t1.07123287671233;
  INPUT ---       rlabel(50)=pent gM a0.0986301369863014 t1.0986301369863;
  INPUT ---       rlabel(51)=pent gM a0.101369863013699 t1.1013698630137;
  INPUT ---       rlabel(52)=pent gM a0.106849315068493 t1.10684931506849;
  INPUT ---       rlabel(53)=pent gM a0.10958904109589 t1.10958904109589;
  INPUT ---       rlabel(54)=pent gM a0.120547945205479 t1.12054794520548;
  INPUT ---       rlabel(55)=pent gM a0.350684931506849 t1.35068493150685;
  INPUT ---       rlabel(56)=pent gM a0.358904109589041 t1.35890410958904;
  INPUT ---       rlabel(57)=pent gM a0.613698630136986 t1.61369863013699;
  INPUT ---       rlabel(58)=pent gM a0.638356164383562 t1.63835616438356;
  INPUT ---       rlabel(59)=pent gM a0.646575342465753 t1.64657534246575;
  INPUT ---       rlabel(60)=pent gM a0.649315068493151 t1.64931506849315;
  INPUT ---       rlabel(61)=pent gM a0.652054794520548 t1.65205479452055;
  INPUT ---       rlabel(62)=pent gM a0.704109589041096 t1.7041095890411;
  INPUT ---       rlabel(63)=pent gM a0.706849315068493 t1.70684931506849;
  INPUT ---       rlabel(64)=pent gM a0.70958904109589 t1.70958904109589;
  INPUT ---       rlabel(65)=pent gM a0.827397260273973 t1.82739726027397;
  INPUT ---       rlabel(66)=pent gM a1.4027397260274 t2.4027397260274;
  INPUT ---       rlabel(67)=pent gM a1.40547945205479 t2.40547945205479;
  INPUT ---       rlabel(68)=pent gM a1.40821917808219 t2.40821917808219;

 Link Function Used is PARM-SPECIFIC

 Variance Estimation Procedure Used is 2ndPart 

  Program  MARK  - Survival Rate Estimation with Capture-Recapture Data
   gfortran(dble) Vers. 9.0 Mar 2018    25-Mar-2020 14:33:48    Page  009
 - - - - - - - - - - - - - - - - - - - - - - - - - - - - - - - - - - - - - -
 

 M(t+1):
      16     29



 Group: 1

 U(t)+UL(t):
       0    2    2    0    1    0    3    1    1    0    0    0    0    0    1
       0    0    0    2    1    1    0    0    0    1    0    0    0    0    0
       0    0    0

 U(t):
       0    2    2    0    1    0    3    1    1    0    0    0    0    0    1
       0    0    0    2    1    1    0    0    0    1    0    0    0    0    0
       0    0    0

 UL(t):
       0    0    0    0    0    0    0    0    0    0    0    0    0    0    0
       0    0    0    0    0    0    0    0    0    0    0    0    0    0    0
       0    0    0

 Not Released(t):
       0    0    0    0    0    0    0    0    0    0    0    0    0    0    0
       0    0    0    0    0    0    0    0    0    0    0    0    0    0    0
       0    0    0

 Group: 2

 U(t)+UL(t):
       3    0    1    1    1    1    1    0    1    1    2    1    3    3    1
       1    0    2    3    1    0    0    1    0    0    0    0    0    0    1
       0    0    0

 U(t):
       3    0    1    1    1    1    1    0    1    1    2    1    3    3    1
       1    0    2    3    1    0    0    1    0    0    0    0    0    0    1
       0    0    0

 UL(t):
       0    0    0    0    0    0    0    0    0    0    0    0    0    0    0
       0    0    0    0    0    0    0    0    0    0    0    0    0    0    0
       0    0    0

 Not Released(t):
       0    0    0    0    0    0    0    0    0    0    0    0    0    0    0
       0    0    0    0    0    0    0    0    0    0    0    0    0    0    0
       0    0    0
 -2logL(saturated) = 272.93564     
 Effective Sample Size = 103

 Number of function evaluations was 24 for 6 parameters.
 Time for numerical optimization was 0.06 seconds.     
 -2logL { Phi(~sex)p(~1)pent(~sex)N(~1) } = 553.07772     
 Penalty { Phi(~sex)p(~1)pent(~sex)N(~1) } = 0.0000000     
 Gradient { Phi(~sex)p(~1)pent(~sex)N(~1) }:
   0.000000     -0.2003103E-05 -0.6581367E-05 -0.1390887E-05  0.6975123E-05
   0.000000    
 Maximum ABS(G) { Phi(~sex)p(~1)pent(~sex)N(~1) } = 0.6975123E-05 
 S Vector { Phi(~sex)p(~1)pent(~sex)N(~1) }:
   81.48754      6.817847      3.071336     0.7589838     0.5055138    
  0.2900240    
 Time to compute number of parameters was 0.09 seconds.     
 Ratio Threshold = 50.000000       Max Gap (1/2) = 11.952092       Next Max Gap (1/2) = 11.952092     
 Gap Method for Num. of Estimated Parameters { Phi(~sex)p(~1)pent(~sex)N(~1) } = 6          
 Threshold { Phi(~sex)p(~1)pent(~sex)N(~1) } = 0.1395025E-04                 
 Numerical Threshold Method for Num. of Estimated Parameters { Phi(~sex)p(~1)pent(~sex)N(~1) } = 6          
 Number of Estimated Parameters { Phi(~sex)p(~1)pent(~sex)N(~1) } = 6          
 DEVIANCE { Phi(~sex)p(~1)pent(~sex)N(~1) } = 280.14208                     
 DEVIANCE Degrees of Freedom { Phi(~sex)p(~1)pent(~sex)N(~1) } = 35            
 c-hat { Phi(~sex)p(~1)pent(~sex)N(~1) } = 8.0040594                     
 AIC { Phi(~sex)p(~1)pent(~sex)N(~1) } = 565.07772                  
 AICc { Phi(~sex)p(~1)pent(~sex)N(~1) } = 565.95272                    
 BIC { Phi(~sex)p(~1)pent(~sex)N(~1) } = 580.88609                    
 Pearson Chisquare { Phi(~sex)p(~1)pent(~sex)N(~1) } = 23531832.                  


              PARM-SPECIFIC Link Function Parameters of { Phi(~sex)p(~1)pent(~sex)N(~1) }
                                                              95% Confidence Interval
 Parameter                    Beta         Standard Error      Lower           Upper
 -------------------------  --------------  --------------  --------------  --------------
    1:Phi:(Intercept)       -1.7276880       0.9863483      -3.6609307       0.2055547    
    2:Phi:sexM               2.8087874       1.2139705       0.4294052       5.1881696    
    3:p:(Intercept)         -2.4777251       0.1736533      -2.8180856      -2.1373646    
    4:pent:(Intercept)      -4.4852736       1.5425037      -7.5085809      -1.4619662    
    5:pent:sexM             -0.0938021       1.4185896      -2.8742378       2.6866335    
    6:N:(Intercept)          1.8014760       0.5998232       0.6258225       2.9771294    


              Real Function Parameters of { Phi(~sex)p(~1)pent(~sex)N(~1) }
                                                               95% Confidence Interval
  Parameter                  Estimate       Standard Error      Lower           Upper
 --------------------------  --------------  --------------  --------------  --------------
     1:Phi gF a0 t1           0.1508836       0.1263687       0.0250642       0.5512085                          
     2:Phi gM a0 t1           0.7467020       0.2048738       0.2607708       0.9609907                          
     3:p gF a0 t1             0.0774346       0.0124055       0.0563547       0.1055179                          
     4:N gF a0 t1             22.058583       3.6340786       18.043995       33.958181                          
     5:pent gF a0.005479452   0.0082849       0.0093914       0.8882794E-03   0.0727859                          
     6:pent gF a0.008219178   0.0082849       0.0093914       0.8882794E-03   0.0727859                          
     7:pent gF a0.010958904   0.0082849       0.0093914       0.8882794E-03   0.0727859                          
     8:pent gF a0.016438356   0.0082849       0.0093914       0.8882794E-03   0.0727859                          
     9:pent gF a0.024657534   0.0082849       0.0093914       0.8882794E-03   0.0727859                          
    10:pent gF a0.027397260   0.0082849       0.0093914       0.8882794E-03   0.0727859                          
    11:pent gF a0.030136986   0.0082849       0.0093914       0.8882794E-03   0.0727859                          

  Program  MARK  - Survival Rate Estimation with Capture-Recapture Data
   gfortran(dble) Vers. 9.0 Mar 2018    25-Mar-2020 14:33:48    Page  010
 - - - - - - - - - - - - - - - - - - - - - - - - - - - - - - - - - - - - - -
 
    12:pent gF a0.035616438   0.0082849       0.0093914       0.8882794E-03   0.0727859                          
    13:pent gF a0.041095890   0.0082849       0.0093914       0.8882794E-03   0.0727859                          
    14:pent gF a0.049315068   0.0082849       0.0093914       0.8882794E-03   0.0727859                          
    15:pent gF a0.052054794   0.0082849       0.0093914       0.8882794E-03   0.0727859                          
    16:pent gF a0.065753424   0.0082849       0.0093914       0.8882794E-03   0.0727859                          
    17:pent gF a0.071232876   0.0082849       0.0093914       0.8882794E-03   0.0727859                          
    18:pent gF a0.098630136   0.0082849       0.0093914       0.8882794E-03   0.0727859                          
    19:pent gF a0.101369863   0.0082849       0.0093914       0.8882794E-03   0.0727859                          
    20:pent gF a0.106849315   0.0082849       0.0093914       0.8882794E-03   0.0727859                          
    21:pent gF a0.109589041   0.0082849       0.0093914       0.8882794E-03   0.0727859                          
    22:pent gF a0.120547945   0.0082849       0.0093914       0.8882794E-03   0.0727859                          
    23:pent gF a0.350684931   0.0082849       0.0093914       0.8882794E-03   0.0727859                          
    24:pent gF a0.358904109   0.0082849       0.0093914       0.8882794E-03   0.0727859                          
    25:pent gF a0.613698630   0.0082849       0.0093914       0.8882794E-03   0.0727859                          
    26:pent gF a0.638356164   0.0082849       0.0093914       0.8882794E-03   0.0727859                          
    27:pent gF a0.646575342   0.0082849       0.0093914       0.8882794E-03   0.0727859                          
    28:pent gF a0.649315068   0.0082849       0.0093914       0.8882794E-03   0.0727859                          
    29:pent gF a0.652054794   0.0082849       0.0093914       0.8882794E-03   0.0727859                          
    30:pent gF a0.704109589   0.0082849       0.0093914       0.8882794E-03   0.0727859                          
    31:pent gF a0.706849315   0.0082849       0.0093914       0.8882794E-03   0.0727859                          
    32:pent gF a0.709589041   0.0082849       0.0093914       0.8882794E-03   0.0727859                          
    33:pent gF a0.827397260   0.0082849       0.0093914       0.8882794E-03   0.0727859                          
    34:pent gF a1.402739726   0.0082849       0.0093914       0.8882794E-03   0.0727859                          
    35:pent gF a1.405479452   0.0082849       0.0093914       0.8882794E-03   0.0727859                          
    36:pent gF a1.408219178   0.0082849       0.0093914       0.8882794E-03   0.0727859                          
    37:pent gM a0.005479452   0.0077265       0.0087504       0.8307399E-03   0.0679689                          
    38:pent gM a0.008219178   0.0077265       0.0087504       0.8307399E-03   0.0679689                          
    39:pent gM a0.010958904   0.0077265       0.0087504       0.8307399E-03   0.0679689                          
    40:pent gM a0.016438356   0.0077265       0.0087504       0.8307399E-03   0.0679689                          
    41:pent gM a0.024657534   0.0077265       0.0087504       0.8307399E-03   0.0679689                          
    42:pent gM a0.027397260   0.0077265       0.0087504       0.8307399E-03   0.0679689                          
    43:pent gM a0.030136986   0.0077265       0.0087504       0.8307399E-03   0.0679689                          
    44:pent gM a0.035616438   0.0077265       0.0087504       0.8307399E-03   0.0679689                          
    45:pent gM a0.041095890   0.0077265       0.0087504       0.8307399E-03   0.0679689                          
    46:pent gM a0.049315068   0.0077265       0.0087504       0.8307399E-03   0.0679689                          
    47:pent gM a0.052054794   0.0077265       0.0087504       0.8307399E-03   0.0679689                          
    48:pent gM a0.065753424   0.0077265       0.0087504       0.8307399E-03   0.0679689                          
    49:pent gM a0.071232876   0.0077265       0.0087504       0.8307399E-03   0.0679689                          
    50:pent gM a0.098630136   0.0077265       0.0087504       0.8307399E-03   0.0679689                          
    51:pent gM a0.101369863   0.0077265       0.0087504       0.8307399E-03   0.0679689                          
    52:pent gM a0.106849315   0.0077265       0.0087504       0.8307399E-03   0.0679689                          
    53:pent gM a0.109589041   0.0077265       0.0087504       0.8307399E-03   0.0679689                          
    54:pent gM a0.120547945   0.0077265       0.0087504       0.8307399E-03   0.0679689                          
    55:pent gM a0.350684931   0.0077265       0.0087504       0.8307399E-03   0.0679689                          
    56:pent gM a0.358904109   0.0077265       0.0087504       0.8307399E-03   0.0679689                          
    57:pent gM a0.613698630   0.0077265       0.0087504       0.8307399E-03   0.0679689                          

  Program  MARK  - Survival Rate Estimation with Capture-Recapture Data
   gfortran(dble) Vers. 9.0 Mar 2018    25-Mar-2020 14:33:48    Page  011
 - - - - - - - - - - - - - - - - - - - - - - - - - - - - - - - - - - - - - -
 
    58:pent gM a0.638356164   0.0077265       0.0087504       0.8307399E-03   0.0679689                          
    59:pent gM a0.646575342   0.0077265       0.0087504       0.8307399E-03   0.0679689                          
    60:pent gM a0.649315068   0.0077265       0.0087504       0.8307399E-03   0.0679689                          
    61:pent gM a0.652054794   0.0077265       0.0087504       0.8307399E-03   0.0679689                          
    62:pent gM a0.704109589   0.0077265       0.0087504       0.8307399E-03   0.0679689                          
    63:pent gM a0.706849315   0.0077265       0.0087504       0.8307399E-03   0.0679689                          
    64:pent gM a0.709589041   0.0077265       0.0087504       0.8307399E-03   0.0679689                          
    65:pent gM a0.827397260   0.0077265       0.0087504       0.8307399E-03   0.0679689                          
    66:pent gM a1.402739726   0.0077265       0.0087504       0.8307399E-03   0.0679689                          
    67:pent gM a1.405479452   0.0077265       0.0087504       0.8307399E-03   0.0679689                          
    68:pent gM a1.408219178   0.0077265       0.0087504       0.8307399E-03   0.0679689                          


                      Estimates of Derived Parameters
  Gross Birth+Immigration Estimates of { Phi(~sex)p(~1)pent(~sex)N(~1) }
                                                95% Confidence Interval
 Grp. Occ.   B*-hat          Standard Error      Lower           Upper
 ---- ----   --------------  --------------  --------------  --------------
   1     1    0.1837022       0.2286204       0.0275898       1.2231504    
   1     2    0.1832275       0.2279399       0.0275319       1.2193986    
   1     3    0.1832275       0.2279399       0.0275319       1.2193986    
   1     4    0.1837022       0.2286204       0.0275898       1.2231504    
   1     5    0.1841777       0.2293024       0.0276478       1.2269108    
   1     6    0.1832275       0.2279399       0.0275319       1.2193986    
   1     7    0.1832275       0.2279399       0.0275319       1.2193986    
   1     8    0.1837022       0.2286204       0.0275898       1.2231504    
   1     9    0.1837022       0.2286204       0.0275898       1.2231504    
   1    10    0.1841777       0.2293024       0.0276478       1.2269108    
   1    11    0.1832275       0.2279399       0.0275319       1.2193986    
   1    12    0.1851312       0.2306708       0.0277641       1.2344573    
   1    13    0.1837022       0.2286204       0.0275898       1.2231504    
   1    14    0.1875292       0.2341179       0.0280558       1.2534746    
   1    15    0.1832275       0.2279399       0.0275319       1.2193986    
   1    16    0.1837022       0.2286204       0.0275898       1.2231504    
   1    17    0.1832275       0.2279399       0.0275319       1.2193986    
   1    18    0.1846540       0.2299858       0.0277059       1.2306798    
   1    19    0.2254010       0.2894703       0.0325651       1.5601261    
   1    20    0.1841777       0.2293024       0.0276478       1.2269108    
   1    21    0.2303090       0.2967528       0.0331384       1.6006262    
   1    22    0.1870480       0.2334255       0.0279973       1.2496539    
   1    23    0.1841777       0.2293024       0.0276478       1.2269108    
   1    24    0.1832275       0.2279399       0.0275319       1.2193986    
   1    25    0.1832275       0.2279399       0.0275319       1.2193986    
   1    26    0.1918971       0.2404162       0.0285849       1.2882487    
   1    27    0.1832275       0.2279399       0.0275319       1.2193986    

  Program  MARK  - Survival Rate Estimation with Capture-Recapture Data
   gfortran(dble) Vers. 9.0 Mar 2018    25-Mar-2020 14:33:48    Page  012
 - - - - - - - - - - - - - - - - - - - - - - - - - - - - - - - - - - - - - -
 
   1    28    0.1832275       0.2279399       0.0275319       1.2193986    
   1    29    0.2038682       0.2578001       0.0300219       1.3843971    
   1    30    0.2998676       0.4018557       0.0410973       2.1879911    
   1    31    0.1832275       0.2279399       0.0275319       1.2193986    
   1    32    0.1832275       0.2279399       0.0275319       1.2193986    
   2     1    0.2710978       0.3265673       0.0423787       1.7342190    
   2     2    0.2709894       0.3263959       0.0423683       1.7332603    
   2     3    0.2709894       0.3263959       0.0423683       1.7332603    
   2     4    0.2710978       0.3265673       0.0423787       1.7342190    
   2     5    0.2712063       0.3267387       0.0423892       1.7351782    
   2     6    0.2709894       0.3263959       0.0423683       1.7332603    
   2     7    0.2709894       0.3263959       0.0423683       1.7332603    
   2     8    0.2710978       0.3265673       0.0423787       1.7342190    
   2     9    0.2710978       0.3265673       0.0423787       1.7342190    
   2    10    0.2712063       0.3267387       0.0423892       1.7351782    
   2    11    0.2709894       0.3263959       0.0423683       1.7332603    
   2    12    0.2714233       0.3270818       0.0424102       1.7370982    
   2    13    0.2710978       0.3265673       0.0423787       1.7342190    
   2    14    0.2719663       0.3279411       0.0424625       1.7419071    
   2    15    0.2709894       0.3263959       0.0423683       1.7332603    
   2    16    0.2710978       0.3265673       0.0423787       1.7342190    
   2    17    0.2709894       0.3263959       0.0423683       1.7332603    
   2    18    0.2713148       0.3269102       0.0423997       1.7361380    
   2    19    0.2800874       0.3409011       0.0432326       1.8145797    
   2    20    0.2712063       0.3267387       0.0423892       1.7351782    
   2    21    0.2810859       0.3425084       0.0433257       1.8236103    
   2    22    0.2718576       0.3277691       0.0424520       1.7409443    
   2    23    0.2712063       0.3267387       0.0423892       1.7351782    
   2    24    0.2709894       0.3263959       0.0423683       1.7332603    
   2    25    0.2709894       0.3263959       0.0423683       1.7332603    
   2    26    0.2729455       0.3294929       0.0425565       1.7505955    
   2    27    0.2709894       0.3263959       0.0423683       1.7332603    
   2    28    0.2709894       0.3263959       0.0423683       1.7332603    
   2    29    0.2755683       0.3336642       0.0428068       1.7739676    
   2    30    0.2942791       0.3640160       0.0445290       1.9448055    
   2    31    0.2709894       0.3263959       0.0423683       1.7332603    
   2    32    0.2709894       0.3263959       0.0423683       1.7332603    

   Net Birth+Immigration Estimates of { Phi(~sex)p(~1)pent(~sex)N(~1) }
                                                95% Confidence Interval
 Grp. Occ.   B-hat           Standard Error      Lower           Upper
 ---- ----   --------------  --------------  --------------  --------------
   1     1    0.1827536       0.2272609       0.0274740       1.2156554    
   1     2    0.1827536       0.2272609       0.0274740       1.2156554    
   1     3    0.1827536       0.2272609       0.0274740       1.2156554    
   1     4    0.1827536       0.2272609       0.0274740       1.2156554    
   1     5    0.1827536       0.2272609       0.0274740       1.2156554    
   1     6    0.1827536       0.2272609       0.0274740       1.2156554    
   1     7    0.1827536       0.2272609       0.0274740       1.2156554    
   1     8    0.1827536       0.2272609       0.0274740       1.2156554    
   1     9    0.1827536       0.2272609       0.0274740       1.2156554    
   1    10    0.1827536       0.2272609       0.0274740       1.2156554    
   1    11    0.1827536       0.2272609       0.0274740       1.2156554    
   1    12    0.1827536       0.2272609       0.0274740       1.2156554    
   1    13    0.1827536       0.2272609       0.0274740       1.2156554    
   1    14    0.1827536       0.2272609       0.0274740       1.2156554    
   1    15    0.1827536       0.2272609       0.0274740       1.2156554    
   1    16    0.1827536       0.2272609       0.0274740       1.2156554    
   1    17    0.1827536       0.2272609       0.0274740       1.2156554    
   1    18    0.1827536       0.2272609       0.0274740       1.2156554    
   1    19    0.1827536       0.2272609       0.0274740       1.2156554    
   1    20    0.1827536       0.2272609       0.0274740       1.2156554    
   1    21    0.1827536       0.2272609       0.0274740       1.2156554    
   1    22    0.1827536       0.2272609       0.0274740       1.2156554    
   1    23    0.1827536       0.2272609       0.0274740       1.2156554    
   1    24    0.1827536       0.2272609       0.0274740       1.2156554    
   1    25    0.1827536       0.2272609       0.0274740       1.2156554    
   1    26    0.1827536       0.2272609       0.0274740       1.2156554    
   1    27    0.1827536       0.2272609       0.0274740       1.2156554    
   1    28    0.1827536       0.2272609       0.0274740       1.2156554    
   1    29    0.1827536       0.2272609       0.0274740       1.2156554    
   1    30    0.1827536       0.2272609       0.0274740       1.2156554    
   1    31    0.1827536       0.2272609       0.0274740       1.2156554    
   1    32    0.1827536       0.2272609       0.0274740       1.2156554    
   2     1    0.2708810       0.3262247       0.0423578       1.7323021    
   2     2    0.2708810       0.3262247       0.0423578       1.7323021    
   2     3    0.2708810       0.3262247       0.0423578       1.7323021    
   2     4    0.2708810       0.3262247       0.0423578       1.7323021    
   2     5    0.2708810       0.3262247       0.0423578       1.7323021    
   2     6    0.2708810       0.3262247       0.0423578       1.7323021    
   2     7    0.2708810       0.3262247       0.0423578       1.7323021    
   2     8    0.2708810       0.3262247       0.0423578       1.7323021    
   2     9    0.2708810       0.3262247       0.0423578       1.7323021    
   2    10    0.2708810       0.3262247       0.0423578       1.7323021    
   2    11    0.2708810       0.3262247       0.0423578       1.7323021    
   2    12    0.2708810       0.3262247       0.0423578       1.7323021    
   2    13    0.2708810       0.3262247       0.0423578       1.7323021    
   2    14    0.2708810       0.3262247       0.0423578       1.7323021    
   2    15    0.2708810       0.3262247       0.0423578       1.7323021    
   2    16    0.2708810       0.3262247       0.0423578       1.7323021    
   2    17    0.2708810       0.3262247       0.0423578       1.7323021    
   2    18    0.2708810       0.3262247       0.0423578       1.7323021    
   2    19    0.2708810       0.3262247       0.0423578       1.7323021    
   2    20    0.2708810       0.3262247       0.0423578       1.7323021    
   2    21    0.2708810       0.3262247       0.0423578       1.7323021    
   2    22    0.2708810       0.3262247       0.0423578       1.7323021    
   2    23    0.2708810       0.3262247       0.0423578       1.7323021    
   2    24    0.2708810       0.3262247       0.0423578       1.7323021    
   2    25    0.2708810       0.3262247       0.0423578       1.7323021    
   2    26    0.2708810       0.3262247       0.0423578       1.7323021    
   2    27    0.2708810       0.3262247       0.0423578       1.7323021    
   2    28    0.2708810       0.3262247       0.0423578       1.7323021    
   2    29    0.2708810       0.3262247       0.0423578       1.7323021    
   2    30    0.2708810       0.3262247       0.0423578       1.7323021    
   2    31    0.2708810       0.3262247       0.0423578       1.7323021    
   2    32    0.2708810       0.3262247       0.0423578       1.7323021    

        Population Estimates of { Phi(~sex)p(~1)pent(~sex)N(~1) }
                                                95% Confidence Interval
 Grp. Occ.   N-hat           Standard Error      Lower           Upper
 ---- ----   --------------  --------------  --------------  --------------
   1     1    16.210467       5.3728604       8.6096128       30.521611    
   1     2    16.226099       5.1394749       8.8514913       29.744852    
   1     3    16.324995       4.9268201       9.1524323       29.118539    
   1     4    16.423379       4.7176959       9.4575068       28.519926    
   1     5    16.436816       4.4984964       9.7061485       27.834824    
   1     6    16.366044       4.2725059       9.8941416       27.071311    
   1     7    16.464216       4.0757413       10.208134       26.554355    
   1     8    16.561881       3.8839853       10.523337       26.065487    
   1     9    16.573890       3.6888286       10.770987       25.503126    

  Program  MARK  - Survival Rate Estimation with Capture-Recapture Data
   gfortran(dble) Vers. 9.0 Mar 2018    25-Mar-2020 14:33:48    Page  013
 - - - - - - - - - - - - - - - - - - - - - - - - - - - - - - - - - - - - - -
 
   1    10    16.585775       3.5010046       11.015681       24.972395    
   1    11    16.512705       3.3150866       11.184418       24.379403    
   1    12    16.610119       3.1493241       11.492183       24.007280    
   1    13    16.368073       2.9778900       11.491909       23.313255    
   1    14    16.382080       2.8282937       11.708140       22.921877    
   1    15    15.737613       2.6952720       11.277403       21.961834    
   1    16    15.839033       2.5699790       11.548081       21.724385    
   1    17    15.858494       2.4622203       11.718893       21.460376    
   1    18    15.959290       2.3670960       11.952162       21.309862    
   1    19    15.814675       2.3023927       11.906506       21.005655    
   1    20    10.416518       2.8895534       6.1088084       17.761866    
   1    21    10.438604       2.8287235       6.1950951       17.588826    
   1    22    6.6298605       2.9593214       2.8752426       15.287423    
   1    23    6.5105388       2.8867159       2.8379020       14.936074    
   1    24    6.5928719       2.8370867       2.9391169       14.788782    
   1    25    6.7415529       2.8067961       3.0791223       14.760224    
   1    26    6.8894655       2.7944024       3.2061737       14.804168    
   1    27    6.4262793       2.7717453       2.8599691       14.439689    
   1    28    6.5758213       2.7855455       2.9657998       14.580022    
   1    29    6.7245904       2.8166731       3.0579553       14.787697    
   1    30    5.5642506       2.7163688       2.2483084       13.770746    
   1    31    2.0570768       1.7126403       0.4960770       8.5300562    
   1    32    2.2291992       1.7205282       0.5837885       8.5122077    
   1    33    2.4004321       1.7575653       0.6646592       8.6692168    
   2     1    26.390391       8.2423255       14.512853       47.988686    
   2     2    26.619069       7.9322630       15.028394       47.149070    
   2     3    26.868656       7.6239002       15.573133       46.357061    
   2     4    27.118045       7.3172645       16.128644       45.595174    
   2     5    27.345558       7.0132348       16.674198       44.846507    
   2     6    27.550868       6.7126478       17.207695       44.111100    
   2     7    27.799711       6.4122664       17.792535       43.435290    
   2     8    28.048354       6.1145436       18.386187       42.788110    
   2     9    28.274380       5.8216988       18.964590       42.154381    
   2    10    28.500044       5.5325192       19.549258       41.549020    
   2    11    28.702586       5.2500192       20.114221       40.958010    
   2    12    28.950508       4.9669410       20.733546       40.423952    
   2    13    29.105783       4.7016693       21.250077       39.865577    
   2    14    29.330117       4.4332312       21.846340       39.377571    
   2    15    29.367222       4.2058690       22.211242       38.828705    
   2    16    29.614612       3.9488470       22.829871       38.415689    
   2    17    29.838133       3.7070340       23.411148       38.029497    
   2    18    30.085146       3.4724191       24.012077       37.694198    
   2    19    30.259879       3.2688526       24.500797       37.372673    
   2    20    28.563535       3.8598110       21.943522       37.180701    
   2    21    28.765925       3.7011439       22.377235       36.978582    
   2    22    26.973691       4.8004963       19.082225       38.128678    

  Program  MARK  - Survival Rate Estimation with Capture-Recapture Data
   gfortran(dble) Vers. 9.0 Mar 2018    25-Mar-2020 14:33:48    Page  014
 - - - - - - - - - - - - - - - - - - - - - - - - - - - - - - - - - - - - - -
 
   2    23    27.051000       4.7741212       19.191368       38.129467    
   2    24    27.257017       4.6817188       19.513404       38.073571    
   2    25    27.506094       4.5799781       19.891272       38.036040    
   2    26    27.754973       4.4989501       20.242128       38.056201    
   2    27    27.607041       4.7004496       19.820906       38.451760    
   2    28    27.855839       4.6574180       20.117545       38.570698    
   2    29    28.104437       4.6361709       20.384387       38.748253    
   2    30    27.424680       5.2143869       18.955284       39.678280    
   2    31    23.453250       7.7458555       12.482953       44.064490    
   2    32    23.705371       7.7022787       12.740353       44.107461    
   2    33    23.957289       7.6720504       12.985853       44.198230    

     Gross Population Estimates of { Phi(~sex)p(~1)pent(~sex)N(~1) }
                                                95% Confidence Interval
 Grp. Occ.   N*-hat          Standard Error      Lower           Upper
 ---- ----   --------------  --------------  --------------  --------------
   1     0    22.327054       3.9371907       15.844335       31.462182    
   2     0    35.115194       3.7057571       28.570214       43.159523    

   CPU Time for the last procedure was 0.20 seconds.     


  INPUT --- proc stop;

     CPU Time in minutes for this job was 0.00

     Time Start = 14:33:47.852   Time End = 14:33:48.211

     Wall Clock Time in minutes for this job was 0.01


          E X E C U T I O N   S U C C E S S F U L 
