
   Program  MARK  - Survival Rate Estimation with Capture-Recapture Data
   gfortran(dble) Vers. 9.0 Mar 2018    25-Mar-2020 14:22:03    Page  001
 - - - - - - - - - - - - - - - - - - - - - - - - - - - - - - - - - - - - - -
 
   This version was compiled by GCC version 7.2.0 using the options: 
     -cpp -iprefix C:/Program Files/mingw-w64/x86_64-7.2.0-posix-seh-rt_v5-rev1/
     mingw64/bin/../lib/gcc/x86_64-w64-mingw32/7.2.0/ -D_MT -D_REENTRANT
     -U_REENTRANT -D IEEE -D DBLEPRECISION -m64 -mtune=core2 -march=nocona -mthreads
     -O2 -fimplicit-none -fbounds-check -funroll-loops -ftree-vectorize
     -ffpe-summary=invalid,zero,overflow,underflow -fno-unsafe-math-optimizations
     -frounding-math -fsignaling-nans -fopenmp.

   This problem will use 15 of 16 possible threads.


  INPUT --- proc title ;

   CPU Time for the last procedure was 0.01 seconds.     


  INPUT --- proc chmatrix occasions= 33 groups= 2 etype= POPAN Nodes= 
  INPUT --- 101 ICMeans NoHist hist= 41  ;

  INPUT ---    time interval 0.00547945205479452 0.00273972602739726 
  INPUT ---    0.00273972602739726 0.00547945205479452  
  INPUT ---    0.00821917808219178 0.00273972602739726 0.00273972602739726 
  INPUT ---    0.00547945205479452  0.00547945205479452 
  INPUT ---    0.00821917808219178 0.00273972602739726 0.0136986301369863 
  INPUT ---    0.00547945205479452  0.0273972602739726 0.00273972602739726 
  INPUT ---    0.00547945205479452 0.00273972602739726 0.010958904109589  
  INPUT ---    0.23013698630137 0.00821917808219178 0.254794520547945 
  INPUT ---    0.0246575342465753 0.00821917808219178  0.00273972602739726 
  INPUT ---    0.00273972602739726 0.0520547945205479 0.00273972602739726 
  INPUT ---    0.00273972602739726  0.117808219178082 0.575342465753425 
  INPUT ---    0.00273972602739726 0.00273972602739726 ;

  INPUT ---    glabel(1)=sexF;

  INPUT ---    glabel(2)=sexM;

   * *  WARNING  * *   At least a pair of the encounter histories are duplicates. 

      Number of unique encounter histories read was 38.

      Number of individual covariates read was 0.
      Time interval lengths vary and/or not equal to 1.

      Data type number is 19
      Data type is POPAN                                                                                               

   CPU Time for the last procedure was 0.01 seconds.     

  Program  MARK  - Survival Rate Estimation with Capture-Recapture Data
   gfortran(dble) Vers. 9.0 Mar 2018    25-Mar-2020 14:22:03    Page  002
 - - - - - - - - - - - - - - - - - - - - - - - - - - - - - - - - - - - - - -
 


  INPUT --- proc estimate link=Parm-Specific NOLOOP varest=2ndPart    ;


  INPUT --- model={ Phi(~1)p(~1)pent(~1)N(~sex) };

  INPUT ---    group=1 Phi    rows=1 cols=32 Square ;
  INPUT ---        1 1 1 1 1 1 1 1 1 1 1 1 1 1 1 1 1 1 1 1 1 1 1 1 1 1 1 1 1 
  INPUT ---       1 1 1 ;

  INPUT ---    group=2 Phi    rows=1 cols=32 Square ;
  INPUT ---        1 1 1 1 1 1 1 1 1 1 1 1 1 1 1 1 1 1 1 1 1 1 1 1 1 1 1 1 1 
  INPUT ---       1 1 1 ;

  INPUT ---    group=1 p    rows=1 cols=33 Square ;
  INPUT ---        2 2 2 2 2 2 2 2 2 2 2 2 2 2 2 2 2 2 2 2 2 2 2 2 2 2 2 2 2 
  INPUT ---       2 2 2 2 ;

  INPUT ---    group=2 p    rows=1 cols=33 Square ;
  INPUT ---        2 2 2 2 2 2 2 2 2 2 2 2 2 2 2 2 2 2 2 2 2 2 2 2 2 2 2 2 2 
  INPUT ---       2 2 2 2 ;

  INPUT ---    group=1 pent    rows=1 cols=32 Square ;
  INPUT ---        5 6 7 8 9 10 11 12 13 14 15 16 17 18 19 20 21 22 23 24 25 
  INPUT ---       26 27 28 29 30 31 32 33 34 35 36 ;

  INPUT ---    group=2 pent    rows=1 cols=32 Square ;
  INPUT ---        37 38 39 40 41 42 43 44 45 46 47 48 49 50 51 52 53 54 55 
  INPUT ---       56 57 58 59 60 61 62 63 64 65 66 67 68 ;

  INPUT ---    group=1 N    rows=1 cols=1 Square ;
  INPUT ---        3 ;

  INPUT ---    group=2 N    rows=1 cols=1 Square ;
  INPUT ---        4 ;

  INPUT ---    design matrix constraints=68 covariates=5;
  INPUT ---        1 0 0 0 0;
  INPUT ---        0 1 0 0 0;
  INPUT ---        0 0 0 1 0;
  INPUT ---        0 0 0 1 1;
  INPUT ---        0 0 1 0 0;
  INPUT ---        0 0 1 0 0;
  INPUT ---        0 0 1 0 0;
  INPUT ---        0 0 1 0 0;

  Program  MARK  - Survival Rate Estimation with Capture-Recapture Data
   gfortran(dble) Vers. 9.0 Mar 2018    25-Mar-2020 14:22:03    Page  003
 - - - - - - - - - - - - - - - - - - - - - - - - - - - - - - - - - - - - - -
 
  INPUT ---        0 0 1 0 0;
  INPUT ---        0 0 1 0 0;
  INPUT ---        0 0 1 0 0;
  INPUT ---        0 0 1 0 0;
  INPUT ---        0 0 1 0 0;
  INPUT ---        0 0 1 0 0;
  INPUT ---        0 0 1 0 0;
  INPUT ---        0 0 1 0 0;
  INPUT ---        0 0 1 0 0;
  INPUT ---        0 0 1 0 0;
  INPUT ---        0 0 1 0 0;
  INPUT ---        0 0 1 0 0;
  INPUT ---        0 0 1 0 0;
  INPUT ---        0 0 1 0 0;
  INPUT ---        0 0 1 0 0;
  INPUT ---        0 0 1 0 0;
  INPUT ---        0 0 1 0 0;
  INPUT ---        0 0 1 0 0;
  INPUT ---        0 0 1 0 0;
  INPUT ---        0 0 1 0 0;
  INPUT ---        0 0 1 0 0;
  INPUT ---        0 0 1 0 0;
  INPUT ---        0 0 1 0 0;
  INPUT ---        0 0 1 0 0;
  INPUT ---        0 0 1 0 0;
  INPUT ---        0 0 1 0 0;
  INPUT ---        0 0 1 0 0;
  INPUT ---        0 0 1 0 0;
  INPUT ---        0 0 1 0 0;
  INPUT ---        0 0 1 0 0;
  INPUT ---        0 0 1 0 0;
  INPUT ---        0 0 1 0 0;
  INPUT ---        0 0 1 0 0;
  INPUT ---        0 0 1 0 0;
  INPUT ---        0 0 1 0 0;
  INPUT ---        0 0 1 0 0;
  INPUT ---        0 0 1 0 0;
  INPUT ---        0 0 1 0 0;
  INPUT ---        0 0 1 0 0;
  INPUT ---        0 0 1 0 0;
  INPUT ---        0 0 1 0 0;
  INPUT ---        0 0 1 0 0;
  INPUT ---        0 0 1 0 0;
  INPUT ---        0 0 1 0 0;
  INPUT ---        0 0 1 0 0;
  INPUT ---        0 0 1 0 0;

  Program  MARK  - Survival Rate Estimation with Capture-Recapture Data
   gfortran(dble) Vers. 9.0 Mar 2018    25-Mar-2020 14:22:03    Page  004
 - - - - - - - - - - - - - - - - - - - - - - - - - - - - - - - - - - - - - -
 
  INPUT ---        0 0 1 0 0;
  INPUT ---        0 0 1 0 0;
  INPUT ---        0 0 1 0 0;
  INPUT ---        0 0 1 0 0;
  INPUT ---        0 0 1 0 0;
  INPUT ---        0 0 1 0 0;
  INPUT ---        0 0 1 0 0;
  INPUT ---        0 0 1 0 0;
  INPUT ---        0 0 1 0 0;
  INPUT ---        0 0 1 0 0;
  INPUT ---        0 0 1 0 0;
  INPUT ---        0 0 1 0 0;
  INPUT ---        0 0 1 0 0;
  INPUT ---        0 0 1 0 0;

  INPUT ---    links=68;

  INPUT ---    Logit;

  INPUT ---    Logit;

  INPUT ---    Log;

  INPUT ---    Log;

  INPUT ---    mlogit(1);

  INPUT ---    mlogit(1);

  INPUT ---    mlogit(1);

  INPUT ---    mlogit(1);

  INPUT ---    mlogit(1);

  INPUT ---    mlogit(1);

  INPUT ---    mlogit(1);

  INPUT ---    mlogit(1);

  INPUT ---    mlogit(1);

  INPUT ---    mlogit(1);

  INPUT ---    mlogit(1);

  Program  MARK  - Survival Rate Estimation with Capture-Recapture Data
   gfortran(dble) Vers. 9.0 Mar 2018    25-Mar-2020 14:22:03    Page  005
 - - - - - - - - - - - - - - - - - - - - - - - - - - - - - - - - - - - - - -
 

  INPUT ---    mlogit(1);

  INPUT ---    mlogit(1);

  INPUT ---    mlogit(1);

  INPUT ---    mlogit(1);

  INPUT ---    mlogit(1);

  INPUT ---    mlogit(1);

  INPUT ---    mlogit(1);

  INPUT ---    mlogit(1);

  INPUT ---    mlogit(1);

  INPUT ---    mlogit(1);

  INPUT ---    mlogit(1);

  INPUT ---    mlogit(1);

  INPUT ---    mlogit(1);

  INPUT ---    mlogit(1);

  INPUT ---    mlogit(1);

  INPUT ---    mlogit(1);

  INPUT ---    mlogit(1);

  INPUT ---    mlogit(1);

  INPUT ---    mlogit(1);

  INPUT ---    mlogit(1);

  INPUT ---    mlogit(1);

  INPUT ---    mlogit(2);

  INPUT ---    mlogit(2);

  Program  MARK  - Survival Rate Estimation with Capture-Recapture Data
   gfortran(dble) Vers. 9.0 Mar 2018    25-Mar-2020 14:22:03    Page  006
 - - - - - - - - - - - - - - - - - - - - - - - - - - - - - - - - - - - - - -
 

  INPUT ---    mlogit(2);

  INPUT ---    mlogit(2);

  INPUT ---    mlogit(2);

  INPUT ---    mlogit(2);

  INPUT ---    mlogit(2);

  INPUT ---    mlogit(2);

  INPUT ---    mlogit(2);

  INPUT ---    mlogit(2);

  INPUT ---    mlogit(2);

  INPUT ---    mlogit(2);

  INPUT ---    mlogit(2);

  INPUT ---    mlogit(2);

  INPUT ---    mlogit(2);

  INPUT ---    mlogit(2);

  INPUT ---    mlogit(2);

  INPUT ---    mlogit(2);

  INPUT ---    mlogit(2);

  INPUT ---    mlogit(2);

  INPUT ---    mlogit(2);

  INPUT ---    mlogit(2);

  INPUT ---    mlogit(2);

  INPUT ---    mlogit(2);

  INPUT ---    mlogit(2);

  Program  MARK  - Survival Rate Estimation with Capture-Recapture Data
   gfortran(dble) Vers. 9.0 Mar 2018    25-Mar-2020 14:22:03    Page  007
 - - - - - - - - - - - - - - - - - - - - - - - - - - - - - - - - - - - - - -
 

  INPUT ---    mlogit(2);

  INPUT ---    mlogit(2);

  INPUT ---    mlogit(2);

  INPUT ---    mlogit(2);

  INPUT ---    mlogit(2);

  INPUT ---    mlogit(2);

  INPUT ---    mlogit(2);
  INPUT ---       blabel(1)=Phi:(Intercept);
  INPUT ---       blabel(2)=p:(Intercept);
  INPUT ---       blabel(3)=pent:(Intercept);
  INPUT ---       blabel(4)=N:(Intercept);
  INPUT ---       blabel(5)=N:sexM;
  INPUT ---       rlabel(1)=Phi gF a0 t1;
  INPUT ---       rlabel(2)=p gF a0 t1;
  INPUT ---       rlabel(3)=N gF a0 t1;
  INPUT ---       rlabel(4)=N gM a0 t1;
  INPUT ---       rlabel(5)=pent gF a0.00547945205479452 t1.00547945205479;
  INPUT ---       rlabel(6)=pent gF a0.00821917808219178 t1.00821917808219;
  INPUT ---       rlabel(7)=pent gF a0.010958904109589 t1.01095890410959;
  INPUT ---       rlabel(8)=pent gF a0.0164383561643836 t1.01643835616438;
  INPUT ---       rlabel(9)=pent gF a0.0246575342465753 t1.02465753424658;
  INPUT ---       rlabel(10)=pent gF a0.0273972602739726 t1.02739726027397;
  INPUT ---       rlabel(11)=pent gF a0.0301369863013699 t1.03013698630137;
  INPUT ---       rlabel(12)=pent gF a0.0356164383561644 t1.03561643835616;
  INPUT ---       rlabel(13)=pent gF a0.0410958904109589 t1.04109589041096;
  INPUT ---       rlabel(14)=pent gF a0.0493150684931507 t1.04931506849315;
  INPUT ---       rlabel(15)=pent gF a0.0520547945205479 t1.05205479452055;
  INPUT ---       rlabel(16)=pent gF a0.0657534246575342 t1.06575342465753;
  INPUT ---       rlabel(17)=pent gF a0.0712328767123288 t1.07123287671233;
  INPUT ---       rlabel(18)=pent gF a0.0986301369863014 t1.0986301369863;
  INPUT ---       rlabel(19)=pent gF a0.101369863013699 t1.1013698630137;
  INPUT ---       rlabel(20)=pent gF a0.106849315068493 t1.10684931506849;
  INPUT ---       rlabel(21)=pent gF a0.10958904109589 t1.10958904109589;
  INPUT ---       rlabel(22)=pent gF a0.120547945205479 t1.12054794520548;
  INPUT ---       rlabel(23)=pent gF a0.350684931506849 t1.35068493150685;
  INPUT ---       rlabel(24)=pent gF a0.358904109589041 t1.35890410958904;
  INPUT ---       rlabel(25)=pent gF a0.613698630136986 t1.61369863013699;
  INPUT ---       rlabel(26)=pent gF a0.638356164383562 t1.63835616438356;
  INPUT ---       rlabel(27)=pent gF a0.646575342465753 t1.64657534246575;

  Program  MARK  - Survival Rate Estimation with Capture-Recapture Data
   gfortran(dble) Vers. 9.0 Mar 2018    25-Mar-2020 14:22:03    Page  008
 - - - - - - - - - - - - - - - - - - - - - - - - - - - - - - - - - - - - - -
 
  INPUT ---       rlabel(28)=pent gF a0.649315068493151 t1.64931506849315;
  INPUT ---       rlabel(29)=pent gF a0.652054794520548 t1.65205479452055;
  INPUT ---       rlabel(30)=pent gF a0.704109589041096 t1.7041095890411;
  INPUT ---       rlabel(31)=pent gF a0.706849315068493 t1.70684931506849;
  INPUT ---       rlabel(32)=pent gF a0.70958904109589 t1.70958904109589;
  INPUT ---       rlabel(33)=pent gF a0.827397260273973 t1.82739726027397;
  INPUT ---       rlabel(34)=pent gF a1.4027397260274 t2.4027397260274;
  INPUT ---       rlabel(35)=pent gF a1.40547945205479 t2.40547945205479;
  INPUT ---       rlabel(36)=pent gF a1.40821917808219 t2.40821917808219;
  INPUT ---       rlabel(37)=pent gM a0.00547945205479452 t1.00547945205479;
  INPUT ---       rlabel(38)=pent gM a0.00821917808219178 t1.00821917808219;
  INPUT ---       rlabel(39)=pent gM a0.010958904109589 t1.01095890410959;
  INPUT ---       rlabel(40)=pent gM a0.0164383561643836 t1.01643835616438;
  INPUT ---       rlabel(41)=pent gM a0.0246575342465753 t1.02465753424658;
  INPUT ---       rlabel(42)=pent gM a0.0273972602739726 t1.02739726027397;
  INPUT ---       rlabel(43)=pent gM a0.0301369863013699 t1.03013698630137;
  INPUT ---       rlabel(44)=pent gM a0.0356164383561644 t1.03561643835616;
  INPUT ---       rlabel(45)=pent gM a0.0410958904109589 t1.04109589041096;
  INPUT ---       rlabel(46)=pent gM a0.0493150684931507 t1.04931506849315;
  INPUT ---       rlabel(47)=pent gM a0.0520547945205479 t1.05205479452055;
  INPUT ---       rlabel(48)=pent gM a0.0657534246575342 t1.06575342465753;
  INPUT ---       rlabel(49)=pent gM a0.0712328767123288 t1.07123287671233;
  INPUT ---       rlabel(50)=pent gM a0.0986301369863014 t1.0986301369863;
  INPUT ---       rlabel(51)=pent gM a0.101369863013699 t1.1013698630137;
  INPUT ---       rlabel(52)=pent gM a0.106849315068493 t1.10684931506849;
  INPUT ---       rlabel(53)=pent gM a0.10958904109589 t1.10958904109589;
  INPUT ---       rlabel(54)=pent gM a0.120547945205479 t1.12054794520548;
  INPUT ---       rlabel(55)=pent gM a0.350684931506849 t1.35068493150685;
  INPUT ---       rlabel(56)=pent gM a0.358904109589041 t1.35890410958904;
  INPUT ---       rlabel(57)=pent gM a0.613698630136986 t1.61369863013699;
  INPUT ---       rlabel(58)=pent gM a0.638356164383562 t1.63835616438356;
  INPUT ---       rlabel(59)=pent gM a0.646575342465753 t1.64657534246575;
  INPUT ---       rlabel(60)=pent gM a0.649315068493151 t1.64931506849315;
  INPUT ---       rlabel(61)=pent gM a0.652054794520548 t1.65205479452055;
  INPUT ---       rlabel(62)=pent gM a0.704109589041096 t1.7041095890411;
  INPUT ---       rlabel(63)=pent gM a0.706849315068493 t1.70684931506849;
  INPUT ---       rlabel(64)=pent gM a0.70958904109589 t1.70958904109589;
  INPUT ---       rlabel(65)=pent gM a0.827397260273973 t1.82739726027397;
  INPUT ---       rlabel(66)=pent gM a1.4027397260274 t2.4027397260274;
  INPUT ---       rlabel(67)=pent gM a1.40547945205479 t2.40547945205479;
  INPUT ---       rlabel(68)=pent gM a1.40821917808219 t2.40821917808219;

 Link Function Used is PARM-SPECIFIC

 Variance Estimation Procedure Used is 2ndPart 

  Program  MARK  - Survival Rate Estimation with Capture-Recapture Data
   gfortran(dble) Vers. 9.0 Mar 2018    25-Mar-2020 14:22:03    Page  009
 - - - - - - - - - - - - - - - - - - - - - - - - - - - - - - - - - - - - - -
 

 M(t+1):
      16     29



 Group: 1

 U(t)+UL(t):
       0    2    2    0    1    0    3    1    1    0    0    0    0    0    1
       0    0    0    2    1    1    0    0    0    1    0    0    0    0    0
       0    0    0

 U(t):
       0    2    2    0    1    0    3    1    1    0    0    0    0    0    1
       0    0    0    2    1    1    0    0    0    1    0    0    0    0    0
       0    0    0

 UL(t):
       0    0    0    0    0    0    0    0    0    0    0    0    0    0    0
       0    0    0    0    0    0    0    0    0    0    0    0    0    0    0
       0    0    0

 Not Released(t):
       0    0    0    0    0    0    0    0    0    0    0    0    0    0    0
       0    0    0    0    0    0    0    0    0    0    0    0    0    0    0
       0    0    0

 Group: 2

 U(t)+UL(t):
       3    0    1    1    1    1    1    0    1    1    2    1    3    3    1
       1    0    2    3    1    0    0    1    0    0    0    0    0    0    1
       0    0    0

 U(t):
       3    0    1    1    1    1    1    0    1    1    2    1    3    3    1
       1    0    2    3    1    0    0    1    0    0    0    0    0    0    1
       0    0    0

 UL(t):
       0    0    0    0    0    0    0    0    0    0    0    0    0    0    0
       0    0    0    0    0    0    0    0    0    0    0    0    0    0    0
       0    0    0

 Not Released(t):
       0    0    0    0    0    0    0    0    0    0    0    0    0    0    0
       0    0    0    0    0    0    0    0    0    0    0    0    0    0    0
       0    0    0
 -2logL(saturated) = 272.93564     
 Effective Sample Size = 103

 Number of function evaluations was 25 for 5 parameters.
 Time for numerical optimization was 0.14 seconds.     
 -2logL { Phi(~1)p(~1)pent(~1)N(~sex) } = 559.43303     
 Penalty { Phi(~1)p(~1)pent(~1)N(~sex) } = 0.0000000     
 Gradient { Phi(~1)p(~1)pent(~1)N(~sex) }:
  0.1228760E-04  0.2162075E-04   0.000000      0.2809982E-04  0.1833478E-04
 Maximum ABS(G) { Phi(~1)p(~1)pent(~1)N(~sex) } = 0.2809982E-04 
 S Vector { Phi(~1)p(~1)pent(~1)N(~sex) }:
   84.22761      7.997939      3.121174     0.9966504     0.1508950    
 Time to compute number of parameters was 0.01 seconds.     
 Ratio Threshold = 50.000000       Max Gap (1/2) = 10.531164       Next Max Gap (1/2) = 10.531164     
 Gap Method for Num. of Estimated Parameters { Phi(~1)p(~1)pent(~1)N(~sex) } = 5          
 Threshold { Phi(~1)p(~1)pent(~1)N(~sex) } = 0.5619963E-04                 
 Numerical Threshold Method for Num. of Estimated Parameters { Phi(~1)p(~1)pent(~1)N(~sex) } = 5          
 Number of Estimated Parameters { Phi(~1)p(~1)pent(~1)N(~sex) } = 5          
 DEVIANCE { Phi(~1)p(~1)pent(~1)N(~sex) } = 286.49739                     
 DEVIANCE Degrees of Freedom { Phi(~1)p(~1)pent(~1)N(~sex) } = 36            
 c-hat { Phi(~1)p(~1)pent(~1)N(~sex) } = 7.9582607                     
 AIC { Phi(~1)p(~1)pent(~1)N(~sex) } = 569.43303                  
 AICc { Phi(~1)p(~1)pent(~1)N(~sex) } = 570.05159                    
 BIC { Phi(~1)p(~1)pent(~1)N(~sex) } = 582.60667                    
 Pearson Chisquare { Phi(~1)p(~1)pent(~1)N(~sex) } = 44403583.                  


               PARM-SPECIFIC Link Function Parameters of { Phi(~1)p(~1)pent(~1)N(~sex) }
                                                              95% Confidence Interval
 Parameter                    Beta         Standard Error      Lower           Upper
 -------------------------  --------------  --------------  --------------  --------------
    1:Phi:(Intercept)        0.2418037       0.7296284      -1.1882681       1.6718754    
    2:p:(Intercept)         -2.5287365       0.1808610      -2.8832239      -2.1742490    
    3:pent:(Intercept)      -5.2088280       2.4395235      -9.9902942      -0.4273618    
    4:N:(Intercept)          1.1720839       0.9551121      -0.6999360       3.0441037    
    5:N:sexM                 0.6644636       0.8119116      -0.9268832       2.2558104    


               Real Function Parameters of { Phi(~1)p(~1)pent(~1)N(~sex) }
                                                               95% Confidence Interval
  Parameter                  Estimate       Standard Error      Lower           Upper
 --------------------------  --------------  --------------  --------------  --------------
     1:Phi gF a0 t1           0.5601581       0.1797666       0.2335688       0.8418257                          
     2:p gF a0 t1             0.0738680       0.0123730       0.0529891       0.1020869                          
     3:N gF a0 t1             19.228714       3.0837838       16.666297       31.645574                          
     4:N gM a0 t1             35.274837       4.9333213       30.610960       53.441070                          
     5:pent gF a0.005479452   0.0046538       0.0096623       0.7838127E-04   0.2180649                          
     6:pent gF a0.008219178   0.0046538       0.0096623       0.7838127E-04   0.2180649                          
     7:pent gF a0.010958904   0.0046538       0.0096623       0.7838127E-04   0.2180649                          
     8:pent gF a0.016438356   0.0046538       0.0096623       0.7838127E-04   0.2180649                          
     9:pent gF a0.024657534   0.0046538       0.0096623       0.7838127E-04   0.2180649                          
    10:pent gF a0.027397260   0.0046538       0.0096623       0.7838127E-04   0.2180649                          
    11:pent gF a0.030136986   0.0046538       0.0096623       0.7838127E-04   0.2180649                          
    12:pent gF a0.035616438   0.0046538       0.0096623       0.7838127E-04   0.2180649                          

  Program  MARK  - Survival Rate Estimation with Capture-Recapture Data
   gfortran(dble) Vers. 9.0 Mar 2018    25-Mar-2020 14:22:03    Page  010
 - - - - - - - - - - - - - - - - - - - - - - - - - - - - - - - - - - - - - -
 
    13:pent gF a0.041095890   0.0046538       0.0096623       0.7838127E-04   0.2180649                          
    14:pent gF a0.049315068   0.0046538       0.0096623       0.7838127E-04   0.2180649                          
    15:pent gF a0.052054794   0.0046538       0.0096623       0.7838127E-04   0.2180649                          
    16:pent gF a0.065753424   0.0046538       0.0096623       0.7838127E-04   0.2180649                          
    17:pent gF a0.071232876   0.0046538       0.0096623       0.7838127E-04   0.2180649                          
    18:pent gF a0.098630136   0.0046538       0.0096623       0.7838127E-04   0.2180649                          
    19:pent gF a0.101369863   0.0046538       0.0096623       0.7838127E-04   0.2180649                          
    20:pent gF a0.106849315   0.0046538       0.0096623       0.7838127E-04   0.2180649                          
    21:pent gF a0.109589041   0.0046538       0.0096623       0.7838127E-04   0.2180649                          
    22:pent gF a0.120547945   0.0046538       0.0096623       0.7838127E-04   0.2180649                          
    23:pent gF a0.350684931   0.0046538       0.0096623       0.7838127E-04   0.2180649                          
    24:pent gF a0.358904109   0.0046538       0.0096623       0.7838127E-04   0.2180649                          
    25:pent gF a0.613698630   0.0046538       0.0096623       0.7838127E-04   0.2180649                          
    26:pent gF a0.638356164   0.0046538       0.0096623       0.7838127E-04   0.2180649                          
    27:pent gF a0.646575342   0.0046538       0.0096623       0.7838127E-04   0.2180649                          
    28:pent gF a0.649315068   0.0046538       0.0096623       0.7838127E-04   0.2180649                          
    29:pent gF a0.652054794   0.0046538       0.0096623       0.7838127E-04   0.2180649                          
    30:pent gF a0.704109589   0.0046538       0.0096623       0.7838127E-04   0.2180649                          
    31:pent gF a0.706849315   0.0046538       0.0096623       0.7838127E-04   0.2180649                          
    32:pent gF a0.709589041   0.0046538       0.0096623       0.7838127E-04   0.2180649                          
    33:pent gF a0.827397260   0.0046538       0.0096623       0.7838127E-04   0.2180649                          
    34:pent gF a1.402739726   0.0046538       0.0096623       0.7838127E-04   0.2180649                          
    35:pent gF a1.405479452   0.0046538       0.0096623       0.7838127E-04   0.2180649                          
    36:pent gF a1.408219178   0.0046538       0.0096623       0.7838127E-04   0.2180649                          
    37:pent gM a0.005479452   0.0046538       0.0096623       0.7838127E-04   0.2180649                          
    38:pent gM a0.008219178   0.0046538       0.0096623       0.7838127E-04   0.2180649                          
    39:pent gM a0.010958904   0.0046538       0.0096623       0.7838127E-04   0.2180649                          
    40:pent gM a0.016438356   0.0046538       0.0096623       0.7838127E-04   0.2180649                          
    41:pent gM a0.024657534   0.0046538       0.0096623       0.7838127E-04   0.2180649                          
    42:pent gM a0.027397260   0.0046538       0.0096623       0.7838127E-04   0.2180649                          
    43:pent gM a0.030136986   0.0046538       0.0096623       0.7838127E-04   0.2180649                          
    44:pent gM a0.035616438   0.0046538       0.0096623       0.7838127E-04   0.2180649                          
    45:pent gM a0.041095890   0.0046538       0.0096623       0.7838127E-04   0.2180649                          
    46:pent gM a0.049315068   0.0046538       0.0096623       0.7838127E-04   0.2180649                          
    47:pent gM a0.052054794   0.0046538       0.0096623       0.7838127E-04   0.2180649                          
    48:pent gM a0.065753424   0.0046538       0.0096623       0.7838127E-04   0.2180649                          
    49:pent gM a0.071232876   0.0046538       0.0096623       0.7838127E-04   0.2180649                          
    50:pent gM a0.098630136   0.0046538       0.0096623       0.7838127E-04   0.2180649                          
    51:pent gM a0.101369863   0.0046538       0.0096623       0.7838127E-04   0.2180649                          
    52:pent gM a0.106849315   0.0046538       0.0096623       0.7838127E-04   0.2180649                          
    53:pent gM a0.109589041   0.0046538       0.0096623       0.7838127E-04   0.2180649                          
    54:pent gM a0.120547945   0.0046538       0.0096623       0.7838127E-04   0.2180649                          
    55:pent gM a0.350684931   0.0046538       0.0096623       0.7838127E-04   0.2180649                          
    56:pent gM a0.358904109   0.0046538       0.0096623       0.7838127E-04   0.2180649                          
    57:pent gM a0.613698630   0.0046538       0.0096623       0.7838127E-04   0.2180649                          
    58:pent gM a0.638356164   0.0046538       0.0096623       0.7838127E-04   0.2180649                          

  Program  MARK  - Survival Rate Estimation with Capture-Recapture Data
   gfortran(dble) Vers. 9.0 Mar 2018    25-Mar-2020 14:22:03    Page  011
 - - - - - - - - - - - - - - - - - - - - - - - - - - - - - - - - - - - - - -
 
    59:pent gM a0.646575342   0.0046538       0.0096623       0.7838127E-04   0.2180649                          
    60:pent gM a0.649315068   0.0046538       0.0096623       0.7838127E-04   0.2180649                          
    61:pent gM a0.652054794   0.0046538       0.0096623       0.7838127E-04   0.2180649                          
    62:pent gM a0.704109589   0.0046538       0.0096623       0.7838127E-04   0.2180649                          
    63:pent gM a0.706849315   0.0046538       0.0096623       0.7838127E-04   0.2180649                          
    64:pent gM a0.709589041   0.0046538       0.0096623       0.7838127E-04   0.2180649                          
    65:pent gM a0.827397260   0.0046538       0.0096623       0.7838127E-04   0.2180649                          
    66:pent gM a1.402739726   0.0046538       0.0096623       0.7838127E-04   0.2180649                          
    67:pent gM a1.405479452   0.0046538       0.0096623       0.7838127E-04   0.2180649                          
    68:pent gM a1.408219178   0.0046538       0.0096623       0.7838127E-04   0.2180649                          


                      Estimates of Derived Parameters
   Gross Birth+Immigration Estimates of { Phi(~1)p(~1)pent(~1)N(~sex) }
                                                95% Confidence Interval
 Grp. Occ.   B*-hat          Standard Error      Lower           Upper
 ---- ----   --------------  --------------  --------------  --------------
   1     1    0.0896282       0.1959296       0.0066841       1.2018313    
   1     2    0.0895571       0.1957495       0.0066799       1.2006929    
   1     3    0.0895571       0.1957495       0.0066799       1.2006929    
   1     4    0.0896282       0.1959296       0.0066841       1.2018313    
   1     5    0.0896993       0.1961098       0.0066884       1.2029704    
   1     6    0.0895571       0.1957495       0.0066799       1.2006929    
   1     7    0.0895571       0.1957495       0.0066799       1.2006929    
   1     8    0.0896282       0.1959296       0.0066841       1.2018313    
   1     9    0.0896282       0.1959296       0.0066841       1.2018313    
   1    10    0.0896993       0.1961098       0.0066884       1.2029704    
   1    11    0.0895571       0.1957495       0.0066799       1.2006929    
   1    12    0.0898417       0.1964705       0.0066970       1.2052509    
   1    13    0.0896282       0.1959296       0.0066841       1.2018313    
   1    14    0.0901983       0.1973742       0.0067184       1.2109648    
   1    15    0.0895571       0.1957495       0.0066799       1.2006929    
   1    16    0.0896282       0.1959296       0.0066841       1.2018313    
   1    17    0.0895571       0.1957495       0.0066799       1.2006929    
   1    18    0.0897705       0.1962901       0.0066927       1.2041103    
   1    19    0.0955861       0.2110800       0.0070407       1.2976902    
   1    20    0.0896993       0.1961098       0.0066884       1.2029704    
   1    21    0.0962554       0.2127892       0.0070806       1.3085136    
   1    22    0.0901269       0.1971933       0.0067141       1.2098206    
   1    23    0.0896993       0.1961098       0.0066884       1.2029704    
   1    24    0.0895571       0.1957495       0.0066799       1.2006929    
   1    25    0.0895571       0.1957495       0.0066799       1.2006929    
   1    26    0.0908426       0.1990081       0.0067571       1.2212966    
   1    27    0.0895571       0.1957495       0.0066799       1.2006929    
   1    28    0.0895571       0.1957495       0.0066799       1.2006929    

  Program  MARK  - Survival Rate Estimation with Capture-Recapture Data
   gfortran(dble) Vers. 9.0 Mar 2018    25-Mar-2020 14:22:03    Page  012
 - - - - - - - - - - - - - - - - - - - - - - - - - - - - - - - - - - - - - -
 
   1    29    0.0925755       0.2034098       0.0068609       1.2491402    
   1    30    0.1052323       0.2358384       0.0076128       1.4546415    
   1    31    0.0895571       0.1957495       0.0066799       1.2006929    
   1    32    0.0895571       0.1957495       0.0066799       1.2006929    
   2     1    0.1644217       0.3589663       0.0122814       2.2012606    
   2     2    0.1642913       0.3586363       0.0122735       2.1991749    
   2     3    0.1642913       0.3586363       0.0122735       2.1991749    
   2     4    0.1644217       0.3589663       0.0122814       2.2012606    
   2     5    0.1645522       0.3592965       0.0122892       2.2033476    
   2     6    0.1642913       0.3586363       0.0122735       2.1991749    
   2     7    0.1642913       0.3586363       0.0122735       2.1991749    
   2     8    0.1644217       0.3589663       0.0122814       2.2012606    
   2     9    0.1644217       0.3589663       0.0122814       2.2012606    
   2    10    0.1645522       0.3592965       0.0122892       2.2033476    
   2    11    0.1642913       0.3586363       0.0122735       2.1991749    
   2    12    0.1648134       0.3599575       0.0123049       2.2075257    
   2    13    0.1644217       0.3589663       0.0122814       2.2012606    
   2    14    0.1654676       0.3616136       0.0123443       2.2179947    
   2    15    0.1642913       0.3586363       0.0122735       2.1991749    
   2    16    0.1644217       0.3589663       0.0122814       2.2012606    
   2    17    0.1642913       0.3586363       0.0122735       2.1991749    
   2    18    0.1646828       0.3596269       0.0122971       2.2054360    
   2    19    0.1753515       0.3867306       0.0129363       2.3768914    
   2    20    0.1645522       0.3592965       0.0122892       2.2033476    
   2    21    0.1765793       0.3898627       0.0130095       2.3967219    
   2    22    0.1653367       0.3612820       0.0123364       2.2158982    
   2    23    0.1645522       0.3592965       0.0122892       2.2033476    
   2    24    0.1642913       0.3586363       0.0122735       2.1991749    
   2    25    0.1642913       0.3586363       0.0122735       2.1991749    
   2    26    0.1666496       0.3646078       0.0124153       2.2369242    
   2    27    0.1642913       0.3586363       0.0122735       2.1991749    
   2    28    0.1642913       0.3586363       0.0122735       2.1991749    
   2    29    0.1698287       0.3726742       0.0126060       2.2879386    
   2    30    0.1930473       0.4321028       0.0139868       2.6644600    
   2    31    0.1642913       0.3586363       0.0122735       2.1991749    
   2    32    0.1642913       0.3586363       0.0122735       2.1991749    

    Net Birth+Immigration Estimates of { Phi(~1)p(~1)pent(~1)N(~sex) }
                                                95% Confidence Interval
 Grp. Occ.   B-hat           Standard Error      Lower           Upper
 ---- ----   --------------  --------------  --------------  --------------
   1     1    0.0894860       0.1955696       0.0066756       1.1995553    
   1     2    0.0894860       0.1955696       0.0066756       1.1995553    
   1     3    0.0894860       0.1955696       0.0066756       1.1995553    
   1     4    0.0894860       0.1955696       0.0066756       1.1995553    
   1     5    0.0894860       0.1955696       0.0066756       1.1995553    
   1     6    0.0894860       0.1955696       0.0066756       1.1995553    
   1     7    0.0894860       0.1955696       0.0066756       1.1995553    
   1     8    0.0894860       0.1955696       0.0066756       1.1995553    
   1     9    0.0894860       0.1955696       0.0066756       1.1995553    
   1    10    0.0894860       0.1955696       0.0066756       1.1995553    
   1    11    0.0894860       0.1955696       0.0066756       1.1995553    
   1    12    0.0894860       0.1955696       0.0066756       1.1995553    
   1    13    0.0894860       0.1955696       0.0066756       1.1995553    
   1    14    0.0894860       0.1955696       0.0066756       1.1995553    
   1    15    0.0894860       0.1955696       0.0066756       1.1995553    
   1    16    0.0894860       0.1955696       0.0066756       1.1995553    
   1    17    0.0894860       0.1955696       0.0066756       1.1995553    
   1    18    0.0894860       0.1955696       0.0066756       1.1995553    
   1    19    0.0894860       0.1955696       0.0066756       1.1995553    
   1    20    0.0894860       0.1955696       0.0066756       1.1995553    
   1    21    0.0894860       0.1955696       0.0066756       1.1995553    
   1    22    0.0894860       0.1955696       0.0066756       1.1995553    
   1    23    0.0894860       0.1955696       0.0066756       1.1995553    
   1    24    0.0894860       0.1955696       0.0066756       1.1995553    
   1    25    0.0894860       0.1955696       0.0066756       1.1995553    
   1    26    0.0894860       0.1955696       0.0066756       1.1995553    
   1    27    0.0894860       0.1955696       0.0066756       1.1995553    
   1    28    0.0894860       0.1955696       0.0066756       1.1995553    
   1    29    0.0894860       0.1955696       0.0066756       1.1995553    
   1    30    0.0894860       0.1955696       0.0066756       1.1995553    
   1    31    0.0894860       0.1955696       0.0066756       1.1995553    
   1    32    0.0894860       0.1955696       0.0066756       1.1995553    
   2     1    0.1641609       0.3583065       0.0122657       2.1970906    
   2     2    0.1641609       0.3583065       0.0122657       2.1970906    
   2     3    0.1641609       0.3583065       0.0122657       2.1970906    
   2     4    0.1641609       0.3583065       0.0122657       2.1970906    
   2     5    0.1641609       0.3583065       0.0122657       2.1970906    
   2     6    0.1641609       0.3583065       0.0122657       2.1970906    
   2     7    0.1641609       0.3583065       0.0122657       2.1970906    
   2     8    0.1641609       0.3583065       0.0122657       2.1970906    
   2     9    0.1641609       0.3583065       0.0122657       2.1970906    
   2    10    0.1641609       0.3583065       0.0122657       2.1970906    
   2    11    0.1641609       0.3583065       0.0122657       2.1970906    
   2    12    0.1641609       0.3583065       0.0122657       2.1970906    
   2    13    0.1641609       0.3583065       0.0122657       2.1970906    
   2    14    0.1641609       0.3583065       0.0122657       2.1970906    
   2    15    0.1641609       0.3583065       0.0122657       2.1970906    
   2    16    0.1641609       0.3583065       0.0122657       2.1970906    
   2    17    0.1641609       0.3583065       0.0122657       2.1970906    
   2    18    0.1641609       0.3583065       0.0122657       2.1970906    
   2    19    0.1641609       0.3583065       0.0122657       2.1970906    
   2    20    0.1641609       0.3583065       0.0122657       2.1970906    
   2    21    0.1641609       0.3583065       0.0122657       2.1970906    
   2    22    0.1641609       0.3583065       0.0122657       2.1970906    
   2    23    0.1641609       0.3583065       0.0122657       2.1970906    
   2    24    0.1641609       0.3583065       0.0122657       2.1970906    
   2    25    0.1641609       0.3583065       0.0122657       2.1970906    
   2    26    0.1641609       0.3583065       0.0122657       2.1970906    
   2    27    0.1641609       0.3583065       0.0122657       2.1970906    
   2    28    0.1641609       0.3583065       0.0122657       2.1970906    
   2    29    0.1641609       0.3583065       0.0122657       2.1970906    
   2    30    0.1641609       0.3583065       0.0122657       2.1970906    
   2    31    0.1641609       0.3583065       0.0122657       2.1970906    
   2    32    0.1641609       0.3583065       0.0122657       2.1970906    

         Population Estimates of { Phi(~1)p(~1)pent(~1)N(~sex) }
                                                95% Confidence Interval
 Grp. Occ.   N-hat           Standard Error      Lower           Upper
 ---- ----   --------------  --------------  --------------  --------------
   1     1    16.365162       4.6500542       9.4783313       28.255873    
   1     2    16.402762       4.4785556       9.6976931       27.743774    
   1     3    16.466225       4.3091892       9.9428387       27.269533    
   1     4    16.529587       4.1421940       10.190433       26.812133    
   1     5    16.566666       3.9783853       10.415471       26.350651    
   1     6    16.577428       3.8183501       10.616490       25.885307    
   1     7    16.640613       3.6597131       10.868517       25.478179    
   1     8    16.703699       3.5046668       11.120787       25.089370    
   1     9    16.740226       3.3548613       11.346132       24.698738    
   1    10    16.776637       3.2095117       11.569672       24.327011    

  Program  MARK  - Survival Rate Estimation with Capture-Recapture Data
   gfortran(dble) Vers. 9.0 Mar 2018    25-Mar-2020 14:22:03    Page  013
 - - - - - - - - - - - - - - - - - - - - - - - - - - - - - - - - - - - - - -
 
   1    11    16.786400       3.0705807       11.763368       23.954299    
   1    12    16.849254       2.9340760       12.007650       23.643042    
   1    13    16.805506       2.8101933       12.136473       23.270768    
   1    14    16.841710       2.6878874       12.342064       22.981830    
   1    15    16.665900       2.5874733       12.315690       22.552714    
   1    16    16.728946       2.4773906       12.534147       22.327615    
   1    17    16.765393       2.3790924       12.712277       22.110783    
   1    18    16.828280       2.2901015       12.904215       21.945621    
   1    19    16.811227       2.2170262       12.996499       21.745653    
   1    20    14.801644       2.4131158       10.775684       20.331763    
   1    21    14.820793       2.3351953       10.903684       20.145108    
   1    22    12.875711       2.7043536       8.5686342       19.347767    
   1    23    12.782513       2.6557897       8.5433116       19.125210    
   1    24    12.811256       2.5880091       8.6567207       18.959638    
   1    25    12.880417       2.5224567       8.8063596       18.839243    
   1    26    12.949468       2.4699695       8.9400484       18.757027    
   1    27    12.654133       2.5070663       8.6140604       18.589036    
   1    28    12.723543       2.4753896       8.7204294       18.564286    
   1    29    12.792843       2.4580253       8.8083325       18.579775    
   1    30    12.038058       2.5944390       7.9283102       18.278148    
   1    31    8.7142818       3.1362471       4.3970382       17.270422    
   1    32    8.7899425       3.0824619       4.5091332       17.134798    
   1    33    8.8654831       3.0400307       4.6119891       17.041842    
   2     1    30.021687       8.2576953       17.683042       50.969831    
   2     2    30.090664       7.9289082       18.108770       50.000526    
   2     3    30.207086       7.6018985       18.585407       49.095939    
   2     4    30.323323       7.2779815       19.068993       48.219846    
   2     5    30.391343       6.9598060       19.511988       47.336732    
   2     6    30.411085       6.6485673       19.911501       46.447231    
   2     7    30.526998       6.3356433       20.411729       45.655008    
   2     8    30.642728       6.0275257       20.915909       44.892947    
   2     9    30.709736       5.7288151       21.371743       44.127795    
   2    10    30.776532       5.4364338       21.827917       43.393737    
   2    11    30.794443       5.1558793       22.229920       42.658620    
   2    12    30.909748       4.8736899       22.735424       42.023079    
   2    13    30.829493       4.6216442       23.018068       41.291807    
   2    14    30.895909       4.3638393       23.456624       40.694568    
   2    15    30.573387       4.1658051       23.436522       39.883564    
   2    16    30.689043       3.9250403       23.908726       39.392203    
   2    17    30.755904       3.7075668       24.304447       38.919859    
   2    18    30.871271       3.5036573       24.731855       38.534731    
   2    19    30.839987       3.3394063       24.958094       38.108071    
   2    20    27.153432       3.9382441       20.464868       36.028029    
   2    21    27.188560       3.7720106       20.742200       35.638351    
   2    22    23.620333       4.6449127       16.124279       34.601243    
   2    23    23.449361       4.5525954       16.084109       34.187316    

  Program  MARK  - Survival Rate Estimation with Capture-Recapture Data
   gfortran(dble) Vers. 9.0 Mar 2018    25-Mar-2020 14:22:03    Page  014
 - - - - - - - - - - - - - - - - - - - - - - - - - - - - - - - - - - - - - -
 
   2    24    23.502091       4.4151110       16.314774       33.855711    
   2    25    23.628965       4.2787225       16.616833       33.600145    
   2    26    23.755639       4.1673648       16.887715       33.416621    
   2    27    23.213850       4.2573806       16.252669       33.156574    
   2    28    23.341182       4.1876218       16.467004       33.084996    
   2    29    23.468312       4.1460298       16.643914       33.090873    
   2    30    22.083667       4.4593582       14.924483       32.677068    
   2    31    15.986242       5.6337096       8.1753091       31.259971    
   2    32    16.125040       5.5291292       8.3887802       30.995797    
   2    33    16.263619       5.4456192       8.5849474       30.810357    

      Gross Population Estimates of { Phi(~1)p(~1)pent(~1)N(~sex) }
                                                95% Confidence Interval
 Grp. Occ.   N*-hat          Standard Error      Lower           Upper
 ---- ----   --------------  --------------  --------------  --------------
   1     0    19.266399       3.1529399       14.009367       26.496139    
   2     0    35.343970       5.0735470       26.714531       46.760926    

   CPU Time for the last procedure was 0.19 seconds.     


  INPUT --- proc stop;

     CPU Time in minutes for this job was 0.00

     Time Start = 14:22:03.409   Time End = 14:22:03.737

     Wall Clock Time in minutes for this job was 0.01


          E X E C U T I O N   S U C C E S S F U L 
