
   Program  MARK  - Survival Rate Estimation with Capture-Recapture Data
   gfortran(dble) Vers. 9.0 Mar 2018    25-Mar-2020 14:21:55    Page  001
 - - - - - - - - - - - - - - - - - - - - - - - - - - - - - - - - - - - - - -
 
   This version was compiled by GCC version 7.2.0 using the options: 
     -cpp -iprefix C:/Program Files/mingw-w64/x86_64-7.2.0-posix-seh-rt_v5-rev1/
     mingw64/bin/../lib/gcc/x86_64-w64-mingw32/7.2.0/ -D_MT -D_REENTRANT
     -U_REENTRANT -D IEEE -D DBLEPRECISION -m64 -mtune=core2 -march=nocona -mthreads
     -O2 -fimplicit-none -fbounds-check -funroll-loops -ftree-vectorize
     -ffpe-summary=invalid,zero,overflow,underflow -fno-unsafe-math-optimizations
     -frounding-math -fsignaling-nans -fopenmp.

   This problem will use 15 of 16 possible threads.


  INPUT --- proc title ;

   CPU Time for the last procedure was 0.02 seconds.     


  INPUT --- proc chmatrix occasions= 33 groups= 2 etype= POPAN Nodes= 
  INPUT --- 101 ICMeans NoHist hist= 41  ;

  INPUT ---    time interval 0.00547945205479452 0.00273972602739726 
  INPUT ---    0.00273972602739726 0.00547945205479452  
  INPUT ---    0.00821917808219178 0.00273972602739726 0.00273972602739726 
  INPUT ---    0.00547945205479452  0.00547945205479452 
  INPUT ---    0.00821917808219178 0.00273972602739726 0.0136986301369863 
  INPUT ---    0.00547945205479452  0.0273972602739726 0.00273972602739726 
  INPUT ---    0.00547945205479452 0.00273972602739726 0.010958904109589  
  INPUT ---    0.23013698630137 0.00821917808219178 0.254794520547945 
  INPUT ---    0.0246575342465753 0.00821917808219178  0.00273972602739726 
  INPUT ---    0.00273972602739726 0.0520547945205479 0.00273972602739726 
  INPUT ---    0.00273972602739726  0.117808219178082 0.575342465753425 
  INPUT ---    0.00273972602739726 0.00273972602739726 ;

  INPUT ---    glabel(1)=sexF;

  INPUT ---    glabel(2)=sexM;

   * *  WARNING  * *   At least a pair of the encounter histories are duplicates. 

      Number of unique encounter histories read was 38.

      Number of individual covariates read was 0.
      Time interval lengths vary and/or not equal to 1.

      Data type number is 19
      Data type is POPAN                                                                                               

   CPU Time for the last procedure was 0.01 seconds.     

  Program  MARK  - Survival Rate Estimation with Capture-Recapture Data
   gfortran(dble) Vers. 9.0 Mar 2018    25-Mar-2020 14:21:55    Page  002
 - - - - - - - - - - - - - - - - - - - - - - - - - - - - - - - - - - - - - -
 


  INPUT --- proc estimate link=Parm-Specific NOLOOP varest=2ndPart    ;


  INPUT --- model={ Phi(~1)p(~sex)pent(~1)N(~1) };

  INPUT ---    group=1 Phi    rows=1 cols=32 Square ;
  INPUT ---        1 1 1 1 1 1 1 1 1 1 1 1 1 1 1 1 1 1 1 1 1 1 1 1 1 1 1 1 1 
  INPUT ---       1 1 1 ;

  INPUT ---    group=2 Phi    rows=1 cols=32 Square ;
  INPUT ---        1 1 1 1 1 1 1 1 1 1 1 1 1 1 1 1 1 1 1 1 1 1 1 1 1 1 1 1 1 
  INPUT ---       1 1 1 ;

  INPUT ---    group=1 p    rows=1 cols=33 Square ;
  INPUT ---        2 2 2 2 2 2 2 2 2 2 2 2 2 2 2 2 2 2 2 2 2 2 2 2 2 2 2 2 2 
  INPUT ---       2 2 2 2 ;

  INPUT ---    group=2 p    rows=1 cols=33 Square ;
  INPUT ---        3 3 3 3 3 3 3 3 3 3 3 3 3 3 3 3 3 3 3 3 3 3 3 3 3 3 3 3 3 
  INPUT ---       3 3 3 3 ;

  INPUT ---    group=1 pent    rows=1 cols=32 Square ;
  INPUT ---        5 6 7 8 9 10 11 12 13 14 15 16 17 18 19 20 21 22 23 24 25 
  INPUT ---       26 27 28 29 30 31 32 33 34 35 36 ;

  INPUT ---    group=2 pent    rows=1 cols=32 Square ;
  INPUT ---        37 38 39 40 41 42 43 44 45 46 47 48 49 50 51 52 53 54 55 
  INPUT ---       56 57 58 59 60 61 62 63 64 65 66 67 68 ;

  INPUT ---    group=1 N    rows=1 cols=1 Square ;
  INPUT ---        4 ;

  INPUT ---    group=2 N    rows=1 cols=1 Square ;
  INPUT ---        4 ;

  INPUT ---    design matrix constraints=68 covariates=5;
  INPUT ---        1 0 0 0 0;
  INPUT ---        0 1 0 0 0;
  INPUT ---        0 1 1 0 0;
  INPUT ---        0 0 0 0 1;
  INPUT ---        0 0 0 1 0;
  INPUT ---        0 0 0 1 0;
  INPUT ---        0 0 0 1 0;
  INPUT ---        0 0 0 1 0;

  Program  MARK  - Survival Rate Estimation with Capture-Recapture Data
   gfortran(dble) Vers. 9.0 Mar 2018    25-Mar-2020 14:21:55    Page  003
 - - - - - - - - - - - - - - - - - - - - - - - - - - - - - - - - - - - - - -
 
  INPUT ---        0 0 0 1 0;
  INPUT ---        0 0 0 1 0;
  INPUT ---        0 0 0 1 0;
  INPUT ---        0 0 0 1 0;
  INPUT ---        0 0 0 1 0;
  INPUT ---        0 0 0 1 0;
  INPUT ---        0 0 0 1 0;
  INPUT ---        0 0 0 1 0;
  INPUT ---        0 0 0 1 0;
  INPUT ---        0 0 0 1 0;
  INPUT ---        0 0 0 1 0;
  INPUT ---        0 0 0 1 0;
  INPUT ---        0 0 0 1 0;
  INPUT ---        0 0 0 1 0;
  INPUT ---        0 0 0 1 0;
  INPUT ---        0 0 0 1 0;
  INPUT ---        0 0 0 1 0;
  INPUT ---        0 0 0 1 0;
  INPUT ---        0 0 0 1 0;
  INPUT ---        0 0 0 1 0;
  INPUT ---        0 0 0 1 0;
  INPUT ---        0 0 0 1 0;
  INPUT ---        0 0 0 1 0;
  INPUT ---        0 0 0 1 0;
  INPUT ---        0 0 0 1 0;
  INPUT ---        0 0 0 1 0;
  INPUT ---        0 0 0 1 0;
  INPUT ---        0 0 0 1 0;
  INPUT ---        0 0 0 1 0;
  INPUT ---        0 0 0 1 0;
  INPUT ---        0 0 0 1 0;
  INPUT ---        0 0 0 1 0;
  INPUT ---        0 0 0 1 0;
  INPUT ---        0 0 0 1 0;
  INPUT ---        0 0 0 1 0;
  INPUT ---        0 0 0 1 0;
  INPUT ---        0 0 0 1 0;
  INPUT ---        0 0 0 1 0;
  INPUT ---        0 0 0 1 0;
  INPUT ---        0 0 0 1 0;
  INPUT ---        0 0 0 1 0;
  INPUT ---        0 0 0 1 0;
  INPUT ---        0 0 0 1 0;
  INPUT ---        0 0 0 1 0;
  INPUT ---        0 0 0 1 0;
  INPUT ---        0 0 0 1 0;

  Program  MARK  - Survival Rate Estimation with Capture-Recapture Data
   gfortran(dble) Vers. 9.0 Mar 2018    25-Mar-2020 14:21:55    Page  004
 - - - - - - - - - - - - - - - - - - - - - - - - - - - - - - - - - - - - - -
 
  INPUT ---        0 0 0 1 0;
  INPUT ---        0 0 0 1 0;
  INPUT ---        0 0 0 1 0;
  INPUT ---        0 0 0 1 0;
  INPUT ---        0 0 0 1 0;
  INPUT ---        0 0 0 1 0;
  INPUT ---        0 0 0 1 0;
  INPUT ---        0 0 0 1 0;
  INPUT ---        0 0 0 1 0;
  INPUT ---        0 0 0 1 0;
  INPUT ---        0 0 0 1 0;
  INPUT ---        0 0 0 1 0;
  INPUT ---        0 0 0 1 0;
  INPUT ---        0 0 0 1 0;

  INPUT ---    links=68;

  INPUT ---    Logit;

  INPUT ---    Logit;

  INPUT ---    Logit;

  INPUT ---    Log;

  INPUT ---    mlogit(1);

  INPUT ---    mlogit(1);

  INPUT ---    mlogit(1);

  INPUT ---    mlogit(1);

  INPUT ---    mlogit(1);

  INPUT ---    mlogit(1);

  INPUT ---    mlogit(1);

  INPUT ---    mlogit(1);

  INPUT ---    mlogit(1);

  INPUT ---    mlogit(1);

  INPUT ---    mlogit(1);

  Program  MARK  - Survival Rate Estimation with Capture-Recapture Data
   gfortran(dble) Vers. 9.0 Mar 2018    25-Mar-2020 14:21:55    Page  005
 - - - - - - - - - - - - - - - - - - - - - - - - - - - - - - - - - - - - - -
 

  INPUT ---    mlogit(1);

  INPUT ---    mlogit(1);

  INPUT ---    mlogit(1);

  INPUT ---    mlogit(1);

  INPUT ---    mlogit(1);

  INPUT ---    mlogit(1);

  INPUT ---    mlogit(1);

  INPUT ---    mlogit(1);

  INPUT ---    mlogit(1);

  INPUT ---    mlogit(1);

  INPUT ---    mlogit(1);

  INPUT ---    mlogit(1);

  INPUT ---    mlogit(1);

  INPUT ---    mlogit(1);

  INPUT ---    mlogit(1);

  INPUT ---    mlogit(1);

  INPUT ---    mlogit(1);

  INPUT ---    mlogit(1);

  INPUT ---    mlogit(1);

  INPUT ---    mlogit(1);

  INPUT ---    mlogit(1);

  INPUT ---    mlogit(2);

  INPUT ---    mlogit(2);

  Program  MARK  - Survival Rate Estimation with Capture-Recapture Data
   gfortran(dble) Vers. 9.0 Mar 2018    25-Mar-2020 14:21:55    Page  006
 - - - - - - - - - - - - - - - - - - - - - - - - - - - - - - - - - - - - - -
 

  INPUT ---    mlogit(2);

  INPUT ---    mlogit(2);

  INPUT ---    mlogit(2);

  INPUT ---    mlogit(2);

  INPUT ---    mlogit(2);

  INPUT ---    mlogit(2);

  INPUT ---    mlogit(2);

  INPUT ---    mlogit(2);

  INPUT ---    mlogit(2);

  INPUT ---    mlogit(2);

  INPUT ---    mlogit(2);

  INPUT ---    mlogit(2);

  INPUT ---    mlogit(2);

  INPUT ---    mlogit(2);

  INPUT ---    mlogit(2);

  INPUT ---    mlogit(2);

  INPUT ---    mlogit(2);

  INPUT ---    mlogit(2);

  INPUT ---    mlogit(2);

  INPUT ---    mlogit(2);

  INPUT ---    mlogit(2);

  INPUT ---    mlogit(2);

  INPUT ---    mlogit(2);

  Program  MARK  - Survival Rate Estimation with Capture-Recapture Data
   gfortran(dble) Vers. 9.0 Mar 2018    25-Mar-2020 14:21:55    Page  007
 - - - - - - - - - - - - - - - - - - - - - - - - - - - - - - - - - - - - - -
 

  INPUT ---    mlogit(2);

  INPUT ---    mlogit(2);

  INPUT ---    mlogit(2);

  INPUT ---    mlogit(2);

  INPUT ---    mlogit(2);

  INPUT ---    mlogit(2);

  INPUT ---    mlogit(2);
  INPUT ---       blabel(1)=Phi:(Intercept);
  INPUT ---       blabel(2)=p:(Intercept);
  INPUT ---       blabel(3)=p:sexM;
  INPUT ---       blabel(4)=pent:(Intercept);
  INPUT ---       blabel(5)=N:(Intercept);
  INPUT ---       rlabel(1)=Phi gF a0 t1;
  INPUT ---       rlabel(2)=p gF a0 t1;
  INPUT ---       rlabel(3)=p gM a0 t1;
  INPUT ---       rlabel(4)=N gF a0 t1;
  INPUT ---       rlabel(5)=pent gF a0.00547945205479452 t1.00547945205479;
  INPUT ---       rlabel(6)=pent gF a0.00821917808219178 t1.00821917808219;
  INPUT ---       rlabel(7)=pent gF a0.010958904109589 t1.01095890410959;
  INPUT ---       rlabel(8)=pent gF a0.0164383561643836 t1.01643835616438;
  INPUT ---       rlabel(9)=pent gF a0.0246575342465753 t1.02465753424658;
  INPUT ---       rlabel(10)=pent gF a0.0273972602739726 t1.02739726027397;
  INPUT ---       rlabel(11)=pent gF a0.0301369863013699 t1.03013698630137;
  INPUT ---       rlabel(12)=pent gF a0.0356164383561644 t1.03561643835616;
  INPUT ---       rlabel(13)=pent gF a0.0410958904109589 t1.04109589041096;
  INPUT ---       rlabel(14)=pent gF a0.0493150684931507 t1.04931506849315;
  INPUT ---       rlabel(15)=pent gF a0.0520547945205479 t1.05205479452055;
  INPUT ---       rlabel(16)=pent gF a0.0657534246575342 t1.06575342465753;
  INPUT ---       rlabel(17)=pent gF a0.0712328767123288 t1.07123287671233;
  INPUT ---       rlabel(18)=pent gF a0.0986301369863014 t1.0986301369863;
  INPUT ---       rlabel(19)=pent gF a0.101369863013699 t1.1013698630137;
  INPUT ---       rlabel(20)=pent gF a0.106849315068493 t1.10684931506849;
  INPUT ---       rlabel(21)=pent gF a0.10958904109589 t1.10958904109589;
  INPUT ---       rlabel(22)=pent gF a0.120547945205479 t1.12054794520548;
  INPUT ---       rlabel(23)=pent gF a0.350684931506849 t1.35068493150685;
  INPUT ---       rlabel(24)=pent gF a0.358904109589041 t1.35890410958904;
  INPUT ---       rlabel(25)=pent gF a0.613698630136986 t1.61369863013699;
  INPUT ---       rlabel(26)=pent gF a0.638356164383562 t1.63835616438356;
  INPUT ---       rlabel(27)=pent gF a0.646575342465753 t1.64657534246575;

  Program  MARK  - Survival Rate Estimation with Capture-Recapture Data
   gfortran(dble) Vers. 9.0 Mar 2018    25-Mar-2020 14:21:55    Page  008
 - - - - - - - - - - - - - - - - - - - - - - - - - - - - - - - - - - - - - -
 
  INPUT ---       rlabel(28)=pent gF a0.649315068493151 t1.64931506849315;
  INPUT ---       rlabel(29)=pent gF a0.652054794520548 t1.65205479452055;
  INPUT ---       rlabel(30)=pent gF a0.704109589041096 t1.7041095890411;
  INPUT ---       rlabel(31)=pent gF a0.706849315068493 t1.70684931506849;
  INPUT ---       rlabel(32)=pent gF a0.70958904109589 t1.70958904109589;
  INPUT ---       rlabel(33)=pent gF a0.827397260273973 t1.82739726027397;
  INPUT ---       rlabel(34)=pent gF a1.4027397260274 t2.4027397260274;
  INPUT ---       rlabel(35)=pent gF a1.40547945205479 t2.40547945205479;
  INPUT ---       rlabel(36)=pent gF a1.40821917808219 t2.40821917808219;
  INPUT ---       rlabel(37)=pent gM a0.00547945205479452 t1.00547945205479;
  INPUT ---       rlabel(38)=pent gM a0.00821917808219178 t1.00821917808219;
  INPUT ---       rlabel(39)=pent gM a0.010958904109589 t1.01095890410959;
  INPUT ---       rlabel(40)=pent gM a0.0164383561643836 t1.01643835616438;
  INPUT ---       rlabel(41)=pent gM a0.0246575342465753 t1.02465753424658;
  INPUT ---       rlabel(42)=pent gM a0.0273972602739726 t1.02739726027397;
  INPUT ---       rlabel(43)=pent gM a0.0301369863013699 t1.03013698630137;
  INPUT ---       rlabel(44)=pent gM a0.0356164383561644 t1.03561643835616;
  INPUT ---       rlabel(45)=pent gM a0.0410958904109589 t1.04109589041096;
  INPUT ---       rlabel(46)=pent gM a0.0493150684931507 t1.04931506849315;
  INPUT ---       rlabel(47)=pent gM a0.0520547945205479 t1.05205479452055;
  INPUT ---       rlabel(48)=pent gM a0.0657534246575342 t1.06575342465753;
  INPUT ---       rlabel(49)=pent gM a0.0712328767123288 t1.07123287671233;
  INPUT ---       rlabel(50)=pent gM a0.0986301369863014 t1.0986301369863;
  INPUT ---       rlabel(51)=pent gM a0.101369863013699 t1.1013698630137;
  INPUT ---       rlabel(52)=pent gM a0.106849315068493 t1.10684931506849;
  INPUT ---       rlabel(53)=pent gM a0.10958904109589 t1.10958904109589;
  INPUT ---       rlabel(54)=pent gM a0.120547945205479 t1.12054794520548;
  INPUT ---       rlabel(55)=pent gM a0.350684931506849 t1.35068493150685;
  INPUT ---       rlabel(56)=pent gM a0.358904109589041 t1.35890410958904;
  INPUT ---       rlabel(57)=pent gM a0.613698630136986 t1.61369863013699;
  INPUT ---       rlabel(58)=pent gM a0.638356164383562 t1.63835616438356;
  INPUT ---       rlabel(59)=pent gM a0.646575342465753 t1.64657534246575;
  INPUT ---       rlabel(60)=pent gM a0.649315068493151 t1.64931506849315;
  INPUT ---       rlabel(61)=pent gM a0.652054794520548 t1.65205479452055;
  INPUT ---       rlabel(62)=pent gM a0.704109589041096 t1.7041095890411;
  INPUT ---       rlabel(63)=pent gM a0.706849315068493 t1.70684931506849;
  INPUT ---       rlabel(64)=pent gM a0.70958904109589 t1.70958904109589;
  INPUT ---       rlabel(65)=pent gM a0.827397260273973 t1.82739726027397;
  INPUT ---       rlabel(66)=pent gM a1.4027397260274 t2.4027397260274;
  INPUT ---       rlabel(67)=pent gM a1.40547945205479 t2.40547945205479;
  INPUT ---       rlabel(68)=pent gM a1.40821917808219 t2.40821917808219;

 Link Function Used is PARM-SPECIFIC

 Variance Estimation Procedure Used is 2ndPart 

  Program  MARK  - Survival Rate Estimation with Capture-Recapture Data
   gfortran(dble) Vers. 9.0 Mar 2018    25-Mar-2020 14:21:55    Page  009
 - - - - - - - - - - - - - - - - - - - - - - - - - - - - - - - - - - - - - -
 

 M(t+1):
      16     29



 Group: 1

 U(t)+UL(t):
       0    2    2    0    1    0    3    1    1    0    0    0    0    0    1
       0    0    0    2    1    1    0    0    0    1    0    0    0    0    0
       0    0    0

 U(t):
       0    2    2    0    1    0    3    1    1    0    0    0    0    0    1
       0    0    0    2    1    1    0    0    0    1    0    0    0    0    0
       0    0    0

 UL(t):
       0    0    0    0    0    0    0    0    0    0    0    0    0    0    0
       0    0    0    0    0    0    0    0    0    0    0    0    0    0    0
       0    0    0

 Not Released(t):
       0    0    0    0    0    0    0    0    0    0    0    0    0    0    0
       0    0    0    0    0    0    0    0    0    0    0    0    0    0    0
       0    0    0

 Group: 2

 U(t)+UL(t):
       3    0    1    1    1    1    1    0    1    1    2    1    3    3    1
       1    0    2    3    1    0    0    1    0    0    0    0    0    0    1
       0    0    0

 U(t):
       3    0    1    1    1    1    1    0    1    1    2    1    3    3    1
       1    0    2    3    1    0    0    1    0    0    0    0    0    0    1
       0    0    0

 UL(t):
       0    0    0    0    0    0    0    0    0    0    0    0    0    0    0
       0    0    0    0    0    0    0    0    0    0    0    0    0    0    0
       0    0    0

 Not Released(t):
       0    0    0    0    0    0    0    0    0    0    0    0    0    0    0
       0    0    0    0    0    0    0    0    0    0    0    0    0    0    0
       0    0    0
 -2logL(saturated) = 272.93564     
 Effective Sample Size = 103

 Number of function evaluations was 21 for 5 parameters.
 Time for numerical optimization was 0.02 seconds.     
 -2logL { Phi(~1)p(~sex)pent(~1)N(~1) } = 557.52799     
 Penalty { Phi(~1)p(~sex)pent(~1)N(~1) } = 0.0000000     
 Gradient { Phi(~1)p(~sex)pent(~1)N(~1) }:
  0.1147043E-04 -0.5989180E-05  0.5450592E-05  0.6178147E-05  0.5760223E-05
 Maximum ABS(G) { Phi(~1)p(~sex)pent(~1)N(~1) } = 0.1147043E-04 
 S Vector { Phi(~1)p(~sex)pent(~1)N(~1) }:
   128.5217      12.18777      4.915121      2.793539     0.1807324    
 Time to compute number of parameters was 0.01 seconds.     
 Ratio Threshold = 50.000000       Max Gap (4/5) = 15.456771       Next Max Gap (1/2) = 10.545139     
 Gap Method for Num. of Estimated Parameters { Phi(~1)p(~sex)pent(~1)N(~1) } = 5          
 Threshold { Phi(~1)p(~sex)pent(~1)N(~1) } = 0.2294087E-04                 
 Numerical Threshold Method for Num. of Estimated Parameters { Phi(~1)p(~sex)pent(~1)N(~1) } = 5          
 Number of Estimated Parameters { Phi(~1)p(~sex)pent(~1)N(~1) } = 5          
 DEVIANCE { Phi(~1)p(~sex)pent(~1)N(~1) } = 284.59235                     
 DEVIANCE Degrees of Freedom { Phi(~1)p(~sex)pent(~1)N(~1) } = 36            
 c-hat { Phi(~1)p(~sex)pent(~1)N(~1) } = 7.9053430                     
 AIC { Phi(~1)p(~sex)pent(~1)N(~1) } = 567.52799                  
 AICc { Phi(~1)p(~sex)pent(~1)N(~1) } = 568.14655                    
 BIC { Phi(~1)p(~sex)pent(~1)N(~1) } = 580.70164                    
 Pearson Chisquare { Phi(~1)p(~sex)pent(~1)N(~1) } = 26035510.                  


               PARM-SPECIFIC Link Function Parameters of { Phi(~1)p(~sex)pent(~1)N(~1) }
                                                              95% Confidence Interval
 Parameter                    Beta         Standard Error      Lower           Upper
 -------------------------  --------------  --------------  --------------  --------------
    1:Phi:(Intercept)        0.3302714       0.7362813      -1.1128400       1.7733829    
    2:p:(Intercept)         -2.8215886       0.2445633      -3.3009326      -2.3422445    
    3:p:sexM                 0.3997368       0.2543949      -0.0988772       0.8983508    
    4:pent:(Intercept)      -5.1745005       2.2385825      -9.5621224      -0.7868787    
    5:N:(Intercept)          1.6489926       0.7116223       0.2542128       3.0437725    


               Real Function Parameters of { Phi(~1)p(~sex)pent(~1)N(~1) }
                                                               95% Confidence Interval
  Parameter                  Estimate       Standard Error      Lower           Upper
 --------------------------  --------------  --------------  --------------  --------------
     1:Phi gF a0 t1           0.5818254       0.1791406       0.2473418       0.8548779                          
     2:p gF a0 t1             0.0561687       0.0129652       0.0355392       0.0876842                          
     3:p gM a0 t1             0.0815215       0.0144504       0.0573179       0.1147019                          
     4:N gF a0 t1             21.201737       3.7016724       17.483491       34.239453                          
     5:pent gF a0.005479452   0.0047914       0.0090814       0.1151783E-03   0.1675131                          
     6:pent gF a0.008219178   0.0047914       0.0090814       0.1151783E-03   0.1675131                          
     7:pent gF a0.010958904   0.0047914       0.0090814       0.1151783E-03   0.1675131                          
     8:pent gF a0.016438356   0.0047914       0.0090814       0.1151783E-03   0.1675131                          
     9:pent gF a0.024657534   0.0047914       0.0090814       0.1151783E-03   0.1675131                          
    10:pent gF a0.027397260   0.0047914       0.0090814       0.1151783E-03   0.1675131                          
    11:pent gF a0.030136986   0.0047914       0.0090814       0.1151783E-03   0.1675131                          
    12:pent gF a0.035616438   0.0047914       0.0090814       0.1151783E-03   0.1675131                          

  Program  MARK  - Survival Rate Estimation with Capture-Recapture Data
   gfortran(dble) Vers. 9.0 Mar 2018    25-Mar-2020 14:21:55    Page  010
 - - - - - - - - - - - - - - - - - - - - - - - - - - - - - - - - - - - - - -
 
    13:pent gF a0.041095890   0.0047914       0.0090814       0.1151783E-03   0.1675131                          
    14:pent gF a0.049315068   0.0047914       0.0090814       0.1151783E-03   0.1675131                          
    15:pent gF a0.052054794   0.0047914       0.0090814       0.1151783E-03   0.1675131                          
    16:pent gF a0.065753424   0.0047914       0.0090814       0.1151783E-03   0.1675131                          
    17:pent gF a0.071232876   0.0047914       0.0090814       0.1151783E-03   0.1675131                          
    18:pent gF a0.098630136   0.0047914       0.0090814       0.1151783E-03   0.1675131                          
    19:pent gF a0.101369863   0.0047914       0.0090814       0.1151783E-03   0.1675131                          
    20:pent gF a0.106849315   0.0047914       0.0090814       0.1151783E-03   0.1675131                          
    21:pent gF a0.109589041   0.0047914       0.0090814       0.1151783E-03   0.1675131                          
    22:pent gF a0.120547945   0.0047914       0.0090814       0.1151783E-03   0.1675131                          
    23:pent gF a0.350684931   0.0047914       0.0090814       0.1151783E-03   0.1675131                          
    24:pent gF a0.358904109   0.0047914       0.0090814       0.1151783E-03   0.1675131                          
    25:pent gF a0.613698630   0.0047914       0.0090814       0.1151783E-03   0.1675131                          
    26:pent gF a0.638356164   0.0047914       0.0090814       0.1151783E-03   0.1675131                          
    27:pent gF a0.646575342   0.0047914       0.0090814       0.1151783E-03   0.1675131                          
    28:pent gF a0.649315068   0.0047914       0.0090814       0.1151783E-03   0.1675131                          
    29:pent gF a0.652054794   0.0047914       0.0090814       0.1151783E-03   0.1675131                          
    30:pent gF a0.704109589   0.0047914       0.0090814       0.1151783E-03   0.1675131                          
    31:pent gF a0.706849315   0.0047914       0.0090814       0.1151783E-03   0.1675131                          
    32:pent gF a0.709589041   0.0047914       0.0090814       0.1151783E-03   0.1675131                          
    33:pent gF a0.827397260   0.0047914       0.0090814       0.1151783E-03   0.1675131                          
    34:pent gF a1.402739726   0.0047914       0.0090814       0.1151783E-03   0.1675131                          
    35:pent gF a1.405479452   0.0047914       0.0090814       0.1151783E-03   0.1675131                          
    36:pent gF a1.408219178   0.0047914       0.0090814       0.1151783E-03   0.1675131                          
    37:pent gM a0.005479452   0.0047914       0.0090814       0.1151783E-03   0.1675131                          
    38:pent gM a0.008219178   0.0047914       0.0090814       0.1151783E-03   0.1675131                          
    39:pent gM a0.010958904   0.0047914       0.0090814       0.1151783E-03   0.1675131                          
    40:pent gM a0.016438356   0.0047914       0.0090814       0.1151783E-03   0.1675131                          
    41:pent gM a0.024657534   0.0047914       0.0090814       0.1151783E-03   0.1675131                          
    42:pent gM a0.027397260   0.0047914       0.0090814       0.1151783E-03   0.1675131                          
    43:pent gM a0.030136986   0.0047914       0.0090814       0.1151783E-03   0.1675131                          
    44:pent gM a0.035616438   0.0047914       0.0090814       0.1151783E-03   0.1675131                          
    45:pent gM a0.041095890   0.0047914       0.0090814       0.1151783E-03   0.1675131                          
    46:pent gM a0.049315068   0.0047914       0.0090814       0.1151783E-03   0.1675131                          
    47:pent gM a0.052054794   0.0047914       0.0090814       0.1151783E-03   0.1675131                          
    48:pent gM a0.065753424   0.0047914       0.0090814       0.1151783E-03   0.1675131                          
    49:pent gM a0.071232876   0.0047914       0.0090814       0.1151783E-03   0.1675131                          
    50:pent gM a0.098630136   0.0047914       0.0090814       0.1151783E-03   0.1675131                          
    51:pent gM a0.101369863   0.0047914       0.0090814       0.1151783E-03   0.1675131                          
    52:pent gM a0.106849315   0.0047914       0.0090814       0.1151783E-03   0.1675131                          
    53:pent gM a0.109589041   0.0047914       0.0090814       0.1151783E-03   0.1675131                          
    54:pent gM a0.120547945   0.0047914       0.0090814       0.1151783E-03   0.1675131                          
    55:pent gM a0.350684931   0.0047914       0.0090814       0.1151783E-03   0.1675131                          
    56:pent gM a0.358904109   0.0047914       0.0090814       0.1151783E-03   0.1675131                          
    57:pent gM a0.613698630   0.0047914       0.0090814       0.1151783E-03   0.1675131                          
    58:pent gM a0.638356164   0.0047914       0.0090814       0.1151783E-03   0.1675131                          

  Program  MARK  - Survival Rate Estimation with Capture-Recapture Data
   gfortran(dble) Vers. 9.0 Mar 2018    25-Mar-2020 14:21:55    Page  011
 - - - - - - - - - - - - - - - - - - - - - - - - - - - - - - - - - - - - - -
 
    59:pent gM a0.646575342   0.0047914       0.0090814       0.1151783E-03   0.1675131                          
    60:pent gM a0.649315068   0.0047914       0.0090814       0.1151783E-03   0.1675131                          
    61:pent gM a0.652054794   0.0047914       0.0090814       0.1151783E-03   0.1675131                          
    62:pent gM a0.704109589   0.0047914       0.0090814       0.1151783E-03   0.1675131                          
    63:pent gM a0.706849315   0.0047914       0.0090814       0.1151783E-03   0.1675131                          
    64:pent gM a0.709589041   0.0047914       0.0090814       0.1151783E-03   0.1675131                          
    65:pent gM a0.827397260   0.0047914       0.0090814       0.1151783E-03   0.1675131                          
    66:pent gM a1.402739726   0.0047914       0.0090814       0.1151783E-03   0.1675131                          
    67:pent gM a1.405479452   0.0047914       0.0090814       0.1151783E-03   0.1675131                          
    68:pent gM a1.408219178   0.0047914       0.0090814       0.1151783E-03   0.1675131                          


                      Estimates of Derived Parameters
   Gross Birth+Immigration Estimates of { Phi(~1)p(~sex)pent(~1)N(~1) }
                                                95% Confidence Interval
 Grp. Occ.   B*-hat          Standard Error      Lower           Upper
 ---- ----   --------------  --------------  --------------  --------------
   1     1    0.1017363       0.2069441       0.0082893       1.2486314    
   1     2    0.1016609       0.2067656       0.0082844       1.2475188    
   1     3    0.1016609       0.2067656       0.0082844       1.2475188    
   1     4    0.1017363       0.2069441       0.0082893       1.2486314    
   1     5    0.1018118       0.2071228       0.0082942       1.2497448    
   1     6    0.1016609       0.2067656       0.0082844       1.2475188    
   1     7    0.1016609       0.2067656       0.0082844       1.2475188    
   1     8    0.1017363       0.2069441       0.0082893       1.2486314    
   1     9    0.1017363       0.2069441       0.0082893       1.2486314    
   1    10    0.1018118       0.2071228       0.0082942       1.2497448    
   1    11    0.1016609       0.2067656       0.0082844       1.2475188    
   1    12    0.1019628       0.2074804       0.0083040       1.2519735    
   1    13    0.1017363       0.2069441       0.0082893       1.2486314    
   1    14    0.1023410       0.2083762       0.0083286       1.2575573    
   1    15    0.1016609       0.2067656       0.0082844       1.2475188    
   1    16    0.1017363       0.2069441       0.0082893       1.2486314    
   1    17    0.1016609       0.2067656       0.0082844       1.2475188    
   1    18    0.1018872       0.2073015       0.0082991       1.2508588    
   1    19    0.1080477       0.2219461       0.0086978       1.3422123    
   1    20    0.1018118       0.2071228       0.0082942       1.2497448    
   1    21    0.1087557       0.2236363       0.0087434       1.3527655    
   1    22    0.1022653       0.2081968       0.0083237       1.2564392    
   1    23    0.1018118       0.2071228       0.0082942       1.2497448    
   1    24    0.1016609       0.2067656       0.0082844       1.2475188    
   1    25    0.1016609       0.2067656       0.0082844       1.2475188    
   1    26    0.1030242       0.2099955       0.0083729       1.2676517    
   1    27    0.1016609       0.2067656       0.0082844       1.2475188    
   1    28    0.1016609       0.2067656       0.0082844       1.2475188    

  Program  MARK  - Survival Rate Estimation with Capture-Recapture Data
   gfortran(dble) Vers. 9.0 Mar 2018    25-Mar-2020 14:21:55    Page  012
 - - - - - - - - - - - - - - - - - - - - - - - - - - - - - - - - - - - - - -
 
   1    29    0.1048607       0.2143556       0.0084920       1.2948427    
   1    30    0.1182329       0.2463913       0.0093504       1.4950236    
   1    31    0.1016609       0.2067656       0.0082844       1.2475188    
   1    32    0.1016609       0.2067656       0.0082844       1.2475188    
   2     1    0.1641166       0.3250966       0.0138173       1.9493102    
   2     2    0.1639950       0.3248153       0.0138092       1.9475661    
   2     3    0.1639950       0.3248153       0.0138092       1.9475661    
   2     4    0.1641166       0.3250966       0.0138173       1.9493102    
   2     5    0.1642384       0.3253781       0.0138255       1.9510555    
   2     6    0.1639950       0.3248153       0.0138092       1.9475661    
   2     7    0.1639950       0.3248153       0.0138092       1.9475661    
   2     8    0.1641166       0.3250966       0.0138173       1.9493102    
   2     9    0.1641166       0.3250966       0.0138173       1.9493102    
   2    10    0.1642384       0.3253781       0.0138255       1.9510555    
   2    11    0.1639950       0.3248153       0.0138092       1.9475661    
   2    12    0.1644820       0.3259416       0.0138417       1.9545492    
   2    13    0.1641166       0.3250966       0.0138173       1.9493102    
   2    14    0.1650921       0.3273532       0.0138824       1.9633026    
   2    15    0.1639950       0.3248153       0.0138092       1.9475661    
   2    16    0.1641166       0.3250966       0.0138173       1.9493102    
   2    17    0.1639950       0.3248153       0.0138092       1.9475661    
   2    18    0.1643602       0.3256597       0.0138336       1.9528018    
   2    19    0.1742979       0.3487391       0.0144939       2.0960313    
   2    20    0.1642384       0.3253781       0.0138255       1.9510555    
   2    21    0.1754400       0.3514031       0.0145695       2.1125802    
   2    22    0.1649700       0.3270706       0.0138743       1.9615497    
   2    23    0.1642384       0.3253781       0.0138255       1.9510555    
   2    24    0.1639950       0.3248153       0.0138092       1.9475661    
   2    25    0.1639950       0.3248153       0.0138092       1.9475661    
   2    26    0.1661942       0.3299049       0.0139559       1.9791271    
   2    27    0.1639950       0.3248153       0.0138092       1.9475661    
   2    28    0.1639950       0.3248153       0.0138092       1.9475661    
   2    29    0.1691568       0.3367761       0.0141530       2.0217566    
   2    30    0.1907283       0.3872751       0.0155744       2.3357151    
   2    31    0.1639950       0.3248153       0.0138092       1.9475661    
   2    32    0.1639950       0.3248153       0.0138092       1.9475661    

    Net Birth+Immigration Estimates of { Phi(~1)p(~sex)pent(~1)N(~1) }
                                                95% Confidence Interval
 Grp. Occ.   B-hat           Standard Error      Lower           Upper
 ---- ----   --------------  --------------  --------------  --------------
   1     1    0.1015855       0.2065872       0.0082795       1.2464068    
   1     2    0.1015855       0.2065872       0.0082795       1.2464068    
   1     3    0.1015855       0.2065872       0.0082795       1.2464068    
   1     4    0.1015855       0.2065872       0.0082795       1.2464068    
   1     5    0.1015855       0.2065872       0.0082795       1.2464068    
   1     6    0.1015855       0.2065872       0.0082795       1.2464068    
   1     7    0.1015855       0.2065872       0.0082795       1.2464068    
   1     8    0.1015855       0.2065872       0.0082795       1.2464068    
   1     9    0.1015855       0.2065872       0.0082795       1.2464068    
   1    10    0.1015855       0.2065872       0.0082795       1.2464068    
   1    11    0.1015855       0.2065872       0.0082795       1.2464068    
   1    12    0.1015855       0.2065872       0.0082795       1.2464068    
   1    13    0.1015855       0.2065872       0.0082795       1.2464068    
   1    14    0.1015855       0.2065872       0.0082795       1.2464068    
   1    15    0.1015855       0.2065872       0.0082795       1.2464068    
   1    16    0.1015855       0.2065872       0.0082795       1.2464068    
   1    17    0.1015855       0.2065872       0.0082795       1.2464068    
   1    18    0.1015855       0.2065872       0.0082795       1.2464068    
   1    19    0.1015855       0.2065872       0.0082795       1.2464068    
   1    20    0.1015855       0.2065872       0.0082795       1.2464068    
   1    21    0.1015855       0.2065872       0.0082795       1.2464068    
   1    22    0.1015855       0.2065872       0.0082795       1.2464068    
   1    23    0.1015855       0.2065872       0.0082795       1.2464068    
   1    24    0.1015855       0.2065872       0.0082795       1.2464068    
   1    25    0.1015855       0.2065872       0.0082795       1.2464068    
   1    26    0.1015855       0.2065872       0.0082795       1.2464068    
   1    27    0.1015855       0.2065872       0.0082795       1.2464068    
   1    28    0.1015855       0.2065872       0.0082795       1.2464068    
   1    29    0.1015855       0.2065872       0.0082795       1.2464068    
   1    30    0.1015855       0.2065872       0.0082795       1.2464068    
   1    31    0.1015855       0.2065872       0.0082795       1.2464068    
   1    32    0.1015855       0.2065872       0.0082795       1.2464068    
   2     1    0.1638734       0.3245341       0.0138011       1.9458230    
   2     2    0.1638734       0.3245341       0.0138011       1.9458230    
   2     3    0.1638734       0.3245341       0.0138011       1.9458230    
   2     4    0.1638734       0.3245341       0.0138011       1.9458230    
   2     5    0.1638734       0.3245341       0.0138011       1.9458230    
   2     6    0.1638734       0.3245341       0.0138011       1.9458230    
   2     7    0.1638734       0.3245341       0.0138011       1.9458230    
   2     8    0.1638734       0.3245341       0.0138011       1.9458230    
   2     9    0.1638734       0.3245341       0.0138011       1.9458230    
   2    10    0.1638734       0.3245341       0.0138011       1.9458230    
   2    11    0.1638734       0.3245341       0.0138011       1.9458230    
   2    12    0.1638734       0.3245341       0.0138011       1.9458230    
   2    13    0.1638734       0.3245341       0.0138011       1.9458230    
   2    14    0.1638734       0.3245341       0.0138011       1.9458230    
   2    15    0.1638734       0.3245341       0.0138011       1.9458230    
   2    16    0.1638734       0.3245341       0.0138011       1.9458230    
   2    17    0.1638734       0.3245341       0.0138011       1.9458230    
   2    18    0.1638734       0.3245341       0.0138011       1.9458230    
   2    19    0.1638734       0.3245341       0.0138011       1.9458230    
   2    20    0.1638734       0.3245341       0.0138011       1.9458230    
   2    21    0.1638734       0.3245341       0.0138011       1.9458230    
   2    22    0.1638734       0.3245341       0.0138011       1.9458230    
   2    23    0.1638734       0.3245341       0.0138011       1.9458230    
   2    24    0.1638734       0.3245341       0.0138011       1.9458230    
   2    25    0.1638734       0.3245341       0.0138011       1.9458230    
   2    26    0.1638734       0.3245341       0.0138011       1.9458230    
   2    27    0.1638734       0.3245341       0.0138011       1.9458230    
   2    28    0.1638734       0.3245341       0.0138011       1.9458230    
   2    29    0.1638734       0.3245341       0.0138011       1.9458230    
   2    30    0.1638734       0.3245341       0.0138011       1.9458230    
   2    31    0.1638734       0.3245341       0.0138011       1.9458230    
   2    32    0.1638734       0.3245341       0.0138011       1.9458230    

         Population Estimates of { Phi(~1)p(~sex)pent(~1)N(~1) }
                                                95% Confidence Interval
 Grp. Occ.   N-hat           Standard Error      Lower           Upper
 ---- ----   --------------  --------------  --------------  --------------
   1     1    17.951002       4.2262195       11.386296       28.300551    
   1     2    17.999395       4.0508603       11.642555       27.827071    
   1     3    18.074293       3.8782707       11.925151       27.394208    
   1     4    18.149080       3.7090587       12.208744       26.979769    
   1     5    18.196886       3.5441781       12.466590       26.561126    
   1     6    18.217650       3.3842144       12.697104       26.138462    
   1     7    18.292224       3.2273327       12.978785       25.780955    
   1     8    18.366688       3.0759528       13.257399       25.445054    
   1     9    18.413850       2.9316159       13.504295       25.108298    
   1    10    18.460871       2.7941258       13.745038       24.794677    

  Program  MARK  - Survival Rate Estimation with Capture-Recapture Data
   gfortran(dble) Vers. 9.0 Mar 2018    25-Mar-2020 14:21:55    Page  013
 - - - - - - - - - - - - - - - - - - - - - - - - - - - - - - - - - - - - - -
 
   1    11    18.480463       2.6651322       13.950411       24.481538    
   1    12    18.554648       2.5432965       14.200983       24.243037    
   1    13    18.519086       2.4338739       14.329360       23.933836    
   1    14    18.565796       2.3329702       14.526756       23.727856    
   1    15    18.393937       2.2480278       14.488651       23.351858    
   1    16    18.468250       2.1691506       14.682162       23.230656    
   1    17    18.515111       2.1061957       14.825411       23.123090    
   1    18    18.589244       2.0601259       14.969750       23.083884    
   1    19    18.580826       2.0288215       15.010554       23.000290    
   1    20    16.505032       2.1855170       12.746522       21.371796    
   1    21    16.533311       2.1469428       12.831761       21.302637    
   1    22    14.503834       2.5896119       10.249237       20.524570    
   1    23    14.413020       2.5781234       10.178672       20.408866    
   1    24    14.450591       2.5455766       10.258447       20.355866    
   1    25    14.530750       2.5171882       10.373344       20.354352    
   1    26    14.610791       2.5046060       10.466751       20.395557    
   1    27    14.306220       2.5824060       10.071688       20.321114    
   1    28    14.386594       2.5916590       10.135354       20.421001    
   1    29    14.466848       2.6161592       10.178364       20.562213    
   1    30    13.674233       2.7811800       9.2156653       20.289870    
   1    31    10.114908       3.4137187       5.3136490       19.254447    
   1    32    10.201496       3.3830636       5.4163904       19.214001    
   1    33    10.287956       3.3644247       5.5080712       19.215809    
   2     1    28.957789       7.7677661       17.273719       48.545052    
   2     2    29.035855       7.4595590       17.690273       47.657880    
   2     3    29.156677       7.1519329       18.154432       46.826683    
   2     4    29.277320       6.8460871       18.626420       46.018584    
   2     5    29.354439       6.5446143       19.062972       45.201929    
   2     6    29.387935       6.2486688       19.461412       44.377598    
   2     7    29.508235       5.9490723       19.954377       43.636339    
   2     8    29.628357       5.6521424       20.453684       42.918408    
   2     9    29.704436       5.3625098       20.911366       42.194925    
   2    10    29.780290       5.0766496       21.372718       41.495221    
   2    11    29.811894       4.8002798       21.787310       40.792049    
   2    12    29.931566       4.5177754       22.303462       40.168590    
   2    13    29.874199       4.2650047       22.614361       39.464648    
   2    14    29.949550       3.9999749       23.078434       38.866395    
   2    15    29.672314       3.8013172       23.107106       38.102833    
   2    16    29.792192       3.5437899       23.615947       37.583702    
   2    17    29.867786       3.3049368       24.060263       37.077094    
   2    18    29.987375       3.0703810       24.547665       36.632511    
   2    19    29.973795       2.8770795       24.844121       36.162614    
   2    20    26.625213       3.6437405       20.386441       34.773207    
   2    21    26.670831       3.4695648       20.690326       34.379991    
   2    22    23.396965       4.4514001       16.167702       33.858738    
   2    23    23.250469       4.3705149       16.136558       33.500596    

  Program  MARK  - Survival Rate Estimation with Capture-Recapture Data
   gfortran(dble) Vers. 9.0 Mar 2018    25-Mar-2020 14:21:55    Page  014
 - - - - - - - - - - - - - - - - - - - - - - - - - - - - - - - - - - - - - -
 
   2    24    23.311076       4.2365926       16.372531       33.190119    
   2    25    23.440386       4.0978428       16.682983       32.934860    
   2    26    23.569504       3.9797195       16.968015       32.739336    
   2    27    23.078183       4.0877178       16.352827       32.569448    
   2    28    23.207839       4.0064990       16.586772       32.471886    
   2    29    23.337302       3.9490184       16.789101       32.439477    
   2    30    22.058689       4.3226307       15.077997       32.271245    
   2    31    16.316938       5.6939874       8.3962971       31.709511    
   2    32    16.456619       5.5977279       8.6037252       31.477097    
   2    33    16.596092       5.5185113       8.7972677       31.308615    

      Gross Population Estimates of { Phi(~1)p(~sex)pent(~1)N(~1) }
                                                95% Confidence Interval
 Grp. Occ.   N*-hat          Standard Error      Lower           Upper
 ---- ----   --------------  --------------  --------------  --------------
   1     0    21.241635       3.7806434       15.026771       30.026881    
   2     0    34.266099       3.8251954       27.550887       42.618066    

   CPU Time for the last procedure was 0.03 seconds.     


  INPUT --- proc stop;

     CPU Time in minutes for this job was 0.00

     Time Start = 14:21:55.127   Time End = 14:21:55.523

     Wall Clock Time in minutes for this job was 0.01


          E X E C U T I O N   S U C C E S S F U L 
