
   Program  MARK  - Survival Rate Estimation with Capture-Recapture Data
   gfortran(dble) Vers. 9.0 Mar 2018    25-Mar-2020 14:19:56    Page  001
 - - - - - - - - - - - - - - - - - - - - - - - - - - - - - - - - - - - - - -
 
   This version was compiled by GCC version 7.2.0 using the options: 
     -cpp -iprefix C:/Program Files/mingw-w64/x86_64-7.2.0-posix-seh-rt_v5-rev1/
     mingw64/bin/../lib/gcc/x86_64-w64-mingw32/7.2.0/ -D_MT -D_REENTRANT
     -U_REENTRANT -D IEEE -D DBLEPRECISION -m64 -mtune=core2 -march=nocona -mthreads
     -O2 -fimplicit-none -fbounds-check -funroll-loops -ftree-vectorize
     -ffpe-summary=invalid,zero,overflow,underflow -fno-unsafe-math-optimizations
     -frounding-math -fsignaling-nans -fopenmp.

   This problem will use 15 of 16 possible threads.


  INPUT --- proc title ;

   CPU Time for the last procedure was 0.02 seconds.     


  INPUT --- proc chmatrix occasions= 33 groups= 2 etype= POPAN Nodes= 
  INPUT --- 101 ICMeans NoHist hist= 41  ;

  INPUT ---    time interval 0.00547945205479452 0.00273972602739726 
  INPUT ---    0.00273972602739726 0.00547945205479452  
  INPUT ---    0.00821917808219178 0.00273972602739726 0.00273972602739726 
  INPUT ---    0.00547945205479452  0.00547945205479452 
  INPUT ---    0.00821917808219178 0.00273972602739726 0.0136986301369863 
  INPUT ---    0.00547945205479452  0.0273972602739726 0.00273972602739726 
  INPUT ---    0.00547945205479452 0.00273972602739726 0.010958904109589  
  INPUT ---    0.23013698630137 0.00821917808219178 0.254794520547945 
  INPUT ---    0.0246575342465753 0.00821917808219178  0.00273972602739726 
  INPUT ---    0.00273972602739726 0.0520547945205479 0.00273972602739726 
  INPUT ---    0.00273972602739726  0.117808219178082 0.575342465753425 
  INPUT ---    0.00273972602739726 0.00273972602739726 ;

  INPUT ---    glabel(1)=sexF;

  INPUT ---    glabel(2)=sexM;

   * *  WARNING  * *   At least a pair of the encounter histories are duplicates. 

      Number of unique encounter histories read was 38.

      Number of individual covariates read was 0.
      Time interval lengths vary and/or not equal to 1.

      Data type number is 19
      Data type is POPAN                                                                                               

   CPU Time for the last procedure was 0.01 seconds.     

  Program  MARK  - Survival Rate Estimation with Capture-Recapture Data
   gfortran(dble) Vers. 9.0 Mar 2018    25-Mar-2020 14:19:56    Page  002
 - - - - - - - - - - - - - - - - - - - - - - - - - - - - - - - - - - - - - -
 


  INPUT --- proc estimate link=Parm-Specific NOLOOP varest=2ndPart    ;


  INPUT --- model={ Phi(~sex)p(~1)pent(~sex)N(~sex) };

  INPUT ---    group=1 Phi    rows=1 cols=32 Square ;
  INPUT ---        1 1 1 1 1 1 1 1 1 1 1 1 1 1 1 1 1 1 1 1 1 1 1 1 1 1 1 1 1 
  INPUT ---       1 1 1 ;

  INPUT ---    group=2 Phi    rows=1 cols=32 Square ;
  INPUT ---        2 2 2 2 2 2 2 2 2 2 2 2 2 2 2 2 2 2 2 2 2 2 2 2 2 2 2 2 2 
  INPUT ---       2 2 2 ;

  INPUT ---    group=1 p    rows=1 cols=33 Square ;
  INPUT ---        3 3 3 3 3 3 3 3 3 3 3 3 3 3 3 3 3 3 3 3 3 3 3 3 3 3 3 3 3 
  INPUT ---       3 3 3 3 ;

  INPUT ---    group=2 p    rows=1 cols=33 Square ;
  INPUT ---        3 3 3 3 3 3 3 3 3 3 3 3 3 3 3 3 3 3 3 3 3 3 3 3 3 3 3 3 3 
  INPUT ---       3 3 3 3 ;

  INPUT ---    group=1 pent    rows=1 cols=32 Square ;
  INPUT ---        6 7 8 9 10 11 12 13 14 15 16 17 18 19 20 21 22 23 24 25 26 
  INPUT ---       27 28 29 30 31 32 33 34 35 36 37 ;

  INPUT ---    group=2 pent    rows=1 cols=32 Square ;
  INPUT ---        38 39 40 41 42 43 44 45 46 47 48 49 50 51 52 53 54 55 56 
  INPUT ---       57 58 59 60 61 62 63 64 65 66 67 68 69 ;

  INPUT ---    group=1 N    rows=1 cols=1 Square ;
  INPUT ---        4 ;

  INPUT ---    group=2 N    rows=1 cols=1 Square ;
  INPUT ---        5 ;

  INPUT ---    design matrix constraints=69 covariates=7;
  INPUT ---        1 0 0 0 0 0 0;
  INPUT ---        1 1 0 0 0 0 0;
  INPUT ---        0 0 1 0 0 0 0;
  INPUT ---        0 0 0 0 0 1 0;
  INPUT ---        0 0 0 0 0 1 1;
  INPUT ---        0 0 0 1 0 0 0;
  INPUT ---        0 0 0 1 0 0 0;
  INPUT ---        0 0 0 1 0 0 0;

  Program  MARK  - Survival Rate Estimation with Capture-Recapture Data
   gfortran(dble) Vers. 9.0 Mar 2018    25-Mar-2020 14:19:56    Page  003
 - - - - - - - - - - - - - - - - - - - - - - - - - - - - - - - - - - - - - -
 
  INPUT ---        0 0 0 1 0 0 0;
  INPUT ---        0 0 0 1 0 0 0;
  INPUT ---        0 0 0 1 0 0 0;
  INPUT ---        0 0 0 1 0 0 0;
  INPUT ---        0 0 0 1 0 0 0;
  INPUT ---        0 0 0 1 0 0 0;
  INPUT ---        0 0 0 1 0 0 0;
  INPUT ---        0 0 0 1 0 0 0;
  INPUT ---        0 0 0 1 0 0 0;
  INPUT ---        0 0 0 1 0 0 0;
  INPUT ---        0 0 0 1 0 0 0;
  INPUT ---        0 0 0 1 0 0 0;
  INPUT ---        0 0 0 1 0 0 0;
  INPUT ---        0 0 0 1 0 0 0;
  INPUT ---        0 0 0 1 0 0 0;
  INPUT ---        0 0 0 1 0 0 0;
  INPUT ---        0 0 0 1 0 0 0;
  INPUT ---        0 0 0 1 0 0 0;
  INPUT ---        0 0 0 1 0 0 0;
  INPUT ---        0 0 0 1 0 0 0;
  INPUT ---        0 0 0 1 0 0 0;
  INPUT ---        0 0 0 1 0 0 0;
  INPUT ---        0 0 0 1 0 0 0;
  INPUT ---        0 0 0 1 0 0 0;
  INPUT ---        0 0 0 1 0 0 0;
  INPUT ---        0 0 0 1 0 0 0;
  INPUT ---        0 0 0 1 0 0 0;
  INPUT ---        0 0 0 1 0 0 0;
  INPUT ---        0 0 0 1 0 0 0;
  INPUT ---        0 0 0 1 1 0 0;
  INPUT ---        0 0 0 1 1 0 0;
  INPUT ---        0 0 0 1 1 0 0;
  INPUT ---        0 0 0 1 1 0 0;
  INPUT ---        0 0 0 1 1 0 0;
  INPUT ---        0 0 0 1 1 0 0;
  INPUT ---        0 0 0 1 1 0 0;
  INPUT ---        0 0 0 1 1 0 0;
  INPUT ---        0 0 0 1 1 0 0;
  INPUT ---        0 0 0 1 1 0 0;
  INPUT ---        0 0 0 1 1 0 0;
  INPUT ---        0 0 0 1 1 0 0;
  INPUT ---        0 0 0 1 1 0 0;
  INPUT ---        0 0 0 1 1 0 0;
  INPUT ---        0 0 0 1 1 0 0;
  INPUT ---        0 0 0 1 1 0 0;
  INPUT ---        0 0 0 1 1 0 0;

  Program  MARK  - Survival Rate Estimation with Capture-Recapture Data
   gfortran(dble) Vers. 9.0 Mar 2018    25-Mar-2020 14:19:56    Page  004
 - - - - - - - - - - - - - - - - - - - - - - - - - - - - - - - - - - - - - -
 
  INPUT ---        0 0 0 1 1 0 0;
  INPUT ---        0 0 0 1 1 0 0;
  INPUT ---        0 0 0 1 1 0 0;
  INPUT ---        0 0 0 1 1 0 0;
  INPUT ---        0 0 0 1 1 0 0;
  INPUT ---        0 0 0 1 1 0 0;
  INPUT ---        0 0 0 1 1 0 0;
  INPUT ---        0 0 0 1 1 0 0;
  INPUT ---        0 0 0 1 1 0 0;
  INPUT ---        0 0 0 1 1 0 0;
  INPUT ---        0 0 0 1 1 0 0;
  INPUT ---        0 0 0 1 1 0 0;
  INPUT ---        0 0 0 1 1 0 0;
  INPUT ---        0 0 0 1 1 0 0;
  INPUT ---        0 0 0 1 1 0 0;

  INPUT ---    links=69;

  INPUT ---    Logit;

  INPUT ---    Logit;

  INPUT ---    Logit;

  INPUT ---    Log;

  INPUT ---    Log;

  INPUT ---    mlogit(1);

  INPUT ---    mlogit(1);

  INPUT ---    mlogit(1);

  INPUT ---    mlogit(1);

  INPUT ---    mlogit(1);

  INPUT ---    mlogit(1);

  INPUT ---    mlogit(1);

  INPUT ---    mlogit(1);

  INPUT ---    mlogit(1);


  Program  MARK  - Survival Rate Estimation with Capture-Recapture Data
   gfortran(dble) Vers. 9.0 Mar 2018    25-Mar-2020 14:19:56    Page  005
 - - - - - - - - - - - - - - - - - - - - - - - - - - - - - - - - - - - - - -
 
  INPUT ---    mlogit(1);

  INPUT ---    mlogit(1);

  INPUT ---    mlogit(1);

  INPUT ---    mlogit(1);

  INPUT ---    mlogit(1);

  INPUT ---    mlogit(1);

  INPUT ---    mlogit(1);

  INPUT ---    mlogit(1);

  INPUT ---    mlogit(1);

  INPUT ---    mlogit(1);

  INPUT ---    mlogit(1);

  INPUT ---    mlogit(1);

  INPUT ---    mlogit(1);

  INPUT ---    mlogit(1);

  INPUT ---    mlogit(1);

  INPUT ---    mlogit(1);

  INPUT ---    mlogit(1);

  INPUT ---    mlogit(1);

  INPUT ---    mlogit(1);

  INPUT ---    mlogit(1);

  INPUT ---    mlogit(1);

  INPUT ---    mlogit(1);

  INPUT ---    mlogit(1);


  Program  MARK  - Survival Rate Estimation with Capture-Recapture Data
   gfortran(dble) Vers. 9.0 Mar 2018    25-Mar-2020 14:19:56    Page  006
 - - - - - - - - - - - - - - - - - - - - - - - - - - - - - - - - - - - - - -
 
  INPUT ---    mlogit(2);

  INPUT ---    mlogit(2);

  INPUT ---    mlogit(2);

  INPUT ---    mlogit(2);

  INPUT ---    mlogit(2);

  INPUT ---    mlogit(2);

  INPUT ---    mlogit(2);

  INPUT ---    mlogit(2);

  INPUT ---    mlogit(2);

  INPUT ---    mlogit(2);

  INPUT ---    mlogit(2);

  INPUT ---    mlogit(2);

  INPUT ---    mlogit(2);

  INPUT ---    mlogit(2);

  INPUT ---    mlogit(2);

  INPUT ---    mlogit(2);

  INPUT ---    mlogit(2);

  INPUT ---    mlogit(2);

  INPUT ---    mlogit(2);

  INPUT ---    mlogit(2);

  INPUT ---    mlogit(2);

  INPUT ---    mlogit(2);

  INPUT ---    mlogit(2);


  Program  MARK  - Survival Rate Estimation with Capture-Recapture Data
   gfortran(dble) Vers. 9.0 Mar 2018    25-Mar-2020 14:19:56    Page  007
 - - - - - - - - - - - - - - - - - - - - - - - - - - - - - - - - - - - - - -
 
  INPUT ---    mlogit(2);

  INPUT ---    mlogit(2);

  INPUT ---    mlogit(2);

  INPUT ---    mlogit(2);

  INPUT ---    mlogit(2);

  INPUT ---    mlogit(2);

  INPUT ---    mlogit(2);

  INPUT ---    mlogit(2);

  INPUT ---    mlogit(2);
  INPUT ---       blabel(1)=Phi:(Intercept);
  INPUT ---       blabel(2)=Phi:sexM;
  INPUT ---       blabel(3)=p:(Intercept);
  INPUT ---       blabel(4)=pent:(Intercept);
  INPUT ---       blabel(5)=pent:sexM;
  INPUT ---       blabel(6)=N:(Intercept);
  INPUT ---       blabel(7)=N:sexM;
  INPUT ---       rlabel(1)=Phi gF a0 t1;
  INPUT ---       rlabel(2)=Phi gM a0 t1;
  INPUT ---       rlabel(3)=p gF a0 t1;
  INPUT ---       rlabel(4)=N gF a0 t1;
  INPUT ---       rlabel(5)=N gM a0 t1;
  INPUT ---       rlabel(6)=pent gF a0.00547945205479452 t1.00547945205479;
  INPUT ---       rlabel(7)=pent gF a0.00821917808219178 t1.00821917808219;
  INPUT ---       rlabel(8)=pent gF a0.010958904109589 t1.01095890410959;
  INPUT ---       rlabel(9)=pent gF a0.0164383561643836 t1.01643835616438;
  INPUT ---       rlabel(10)=pent gF a0.0246575342465753 t1.02465753424658;
  INPUT ---       rlabel(11)=pent gF a0.0273972602739726 t1.02739726027397;
  INPUT ---       rlabel(12)=pent gF a0.0301369863013699 t1.03013698630137;
  INPUT ---       rlabel(13)=pent gF a0.0356164383561644 t1.03561643835616;
  INPUT ---       rlabel(14)=pent gF a0.0410958904109589 t1.04109589041096;
  INPUT ---       rlabel(15)=pent gF a0.0493150684931507 t1.04931506849315;
  INPUT ---       rlabel(16)=pent gF a0.0520547945205479 t1.05205479452055;
  INPUT ---       rlabel(17)=pent gF a0.0657534246575342 t1.06575342465753;
  INPUT ---       rlabel(18)=pent gF a0.0712328767123288 t1.07123287671233;
  INPUT ---       rlabel(19)=pent gF a0.0986301369863014 t1.0986301369863;
  INPUT ---       rlabel(20)=pent gF a0.101369863013699 t1.1013698630137;
  INPUT ---       rlabel(21)=pent gF a0.106849315068493 t1.10684931506849;
  INPUT ---       rlabel(22)=pent gF a0.10958904109589 t1.10958904109589;

  Program  MARK  - Survival Rate Estimation with Capture-Recapture Data
   gfortran(dble) Vers. 9.0 Mar 2018    25-Mar-2020 14:19:56    Page  008
 - - - - - - - - - - - - - - - - - - - - - - - - - - - - - - - - - - - - - -
 
  INPUT ---       rlabel(23)=pent gF a0.120547945205479 t1.12054794520548;
  INPUT ---       rlabel(24)=pent gF a0.350684931506849 t1.35068493150685;
  INPUT ---       rlabel(25)=pent gF a0.358904109589041 t1.35890410958904;
  INPUT ---       rlabel(26)=pent gF a0.613698630136986 t1.61369863013699;
  INPUT ---       rlabel(27)=pent gF a0.638356164383562 t1.63835616438356;
  INPUT ---       rlabel(28)=pent gF a0.646575342465753 t1.64657534246575;
  INPUT ---       rlabel(29)=pent gF a0.649315068493151 t1.64931506849315;
  INPUT ---       rlabel(30)=pent gF a0.652054794520548 t1.65205479452055;
  INPUT ---       rlabel(31)=pent gF a0.704109589041096 t1.7041095890411;
  INPUT ---       rlabel(32)=pent gF a0.706849315068493 t1.70684931506849;
  INPUT ---       rlabel(33)=pent gF a0.70958904109589 t1.70958904109589;
  INPUT ---       rlabel(34)=pent gF a0.827397260273973 t1.82739726027397;
  INPUT ---       rlabel(35)=pent gF a1.4027397260274 t2.4027397260274;
  INPUT ---       rlabel(36)=pent gF a1.40547945205479 t2.40547945205479;
  INPUT ---       rlabel(37)=pent gF a1.40821917808219 t2.40821917808219;
  INPUT ---       rlabel(38)=pent gM a0.00547945205479452 t1.00547945205479;
  INPUT ---       rlabel(39)=pent gM a0.00821917808219178 t1.00821917808219;
  INPUT ---       rlabel(40)=pent gM a0.010958904109589 t1.01095890410959;
  INPUT ---       rlabel(41)=pent gM a0.0164383561643836 t1.01643835616438;
  INPUT ---       rlabel(42)=pent gM a0.0246575342465753 t1.02465753424658;
  INPUT ---       rlabel(43)=pent gM a0.0273972602739726 t1.02739726027397;
  INPUT ---       rlabel(44)=pent gM a0.0301369863013699 t1.03013698630137;
  INPUT ---       rlabel(45)=pent gM a0.0356164383561644 t1.03561643835616;
  INPUT ---       rlabel(46)=pent gM a0.0410958904109589 t1.04109589041096;
  INPUT ---       rlabel(47)=pent gM a0.0493150684931507 t1.04931506849315;
  INPUT ---       rlabel(48)=pent gM a0.0520547945205479 t1.05205479452055;
  INPUT ---       rlabel(49)=pent gM a0.0657534246575342 t1.06575342465753;
  INPUT ---       rlabel(50)=pent gM a0.0712328767123288 t1.07123287671233;
  INPUT ---       rlabel(51)=pent gM a0.0986301369863014 t1.0986301369863;
  INPUT ---       rlabel(52)=pent gM a0.101369863013699 t1.1013698630137;
  INPUT ---       rlabel(53)=pent gM a0.106849315068493 t1.10684931506849;
  INPUT ---       rlabel(54)=pent gM a0.10958904109589 t1.10958904109589;
  INPUT ---       rlabel(55)=pent gM a0.120547945205479 t1.12054794520548;
  INPUT ---       rlabel(56)=pent gM a0.350684931506849 t1.35068493150685;
  INPUT ---       rlabel(57)=pent gM a0.358904109589041 t1.35890410958904;
  INPUT ---       rlabel(58)=pent gM a0.613698630136986 t1.61369863013699;
  INPUT ---       rlabel(59)=pent gM a0.638356164383562 t1.63835616438356;
  INPUT ---       rlabel(60)=pent gM a0.646575342465753 t1.64657534246575;
  INPUT ---       rlabel(61)=pent gM a0.649315068493151 t1.64931506849315;
  INPUT ---       rlabel(62)=pent gM a0.652054794520548 t1.65205479452055;
  INPUT ---       rlabel(63)=pent gM a0.704109589041096 t1.7041095890411;
  INPUT ---       rlabel(64)=pent gM a0.706849315068493 t1.70684931506849;
  INPUT ---       rlabel(65)=pent gM a0.70958904109589 t1.70958904109589;
  INPUT ---       rlabel(66)=pent gM a0.827397260273973 t1.82739726027397;
  INPUT ---       rlabel(67)=pent gM a1.4027397260274 t2.4027397260274;
  INPUT ---       rlabel(68)=pent gM a1.40547945205479 t2.40547945205479;

  Program  MARK  - Survival Rate Estimation with Capture-Recapture Data
   gfortran(dble) Vers. 9.0 Mar 2018    25-Mar-2020 14:19:56    Page  009
 - - - - - - - - - - - - - - - - - - - - - - - - - - - - - - - - - - - - - -
 
  INPUT ---       rlabel(69)=pent gM a1.40821917808219 t2.40821917808219;

 Link Function Used is PARM-SPECIFIC

 Variance Estimation Procedure Used is 2ndPart 

 M(t+1):
      16     29



 Group: 1

 U(t)+UL(t):
       0    2    2    0    1    0    3    1    1    0    0    0    0    0    1
       0    0    0    2    1    1    0    0    0    1    0    0    0    0    0
       0    0    0

 U(t):
       0    2    2    0    1    0    3    1    1    0    0    0    0    0    1
       0    0    0    2    1    1    0    0    0    1    0    0    0    0    0
       0    0    0

 UL(t):
       0    0    0    0    0    0    0    0    0    0    0    0    0    0    0
       0    0    0    0    0    0    0    0    0    0    0    0    0    0    0
       0    0    0

 Not Released(t):
       0    0    0    0    0    0    0    0    0    0    0    0    0    0    0
       0    0    0    0    0    0    0    0    0    0    0    0    0    0    0
       0    0    0

 Group: 2

 U(t)+UL(t):
       3    0    1    1    1    1    1    0    1    1    2    1    3    3    1
       1    0    2    3    1    0    0    1    0    0    0    0    0    0    1
       0    0    0

 U(t):
       3    0    1    1    1    1    1    0    1    1    2    1    3    3    1
       1    0    2    3    1    0    0    1    0    0    0    0    0    0    1
       0    0    0

 UL(t):
       0    0    0    0    0    0    0    0    0    0    0    0    0    0    0
       0    0    0    0    0    0    0    0    0    0    0    0    0    0    0
       0    0    0

 Not Released(t):
       0    0    0    0    0    0    0    0    0    0    0    0    0    0    0
       0    0    0    0    0    0    0    0    0    0    0    0    0    0    0
       0    0    0
 -2logL(saturated) = 272.93564     
 Effective Sample Size = 103

 Number of function evaluations was 37 for 7 parameters.
 Time for numerical optimization was 0.19 seconds.     
 -2logL { Phi(~sex)p(~1)pent(~sex)N(~sex) } = 552.93657     
 Penalty { Phi(~sex)p(~1)pent(~sex)N(~sex) } = 0.0000000     
 Gradient { Phi(~sex)p(~1)pent(~sex)N(~sex) }:
   0.000000       0.000000      0.4366059E-05  0.2902164E-05  0.8217196E-05
 -0.5088628E-05 -0.5148656E-05
 Maximum ABS(G) { Phi(~sex)p(~1)pent(~sex)N(~sex) } = 0.8217196E-05 
 S Vector { Phi(~sex)p(~1)pent(~sex)N(~sex) }:
   83.63700      7.624092      2.512496      1.891005     0.4703076    
  0.3808484     0.8633265E-01
 Time to compute number of parameters was 0.03 seconds.     
 Ratio Threshold = 50.000000       Max Gap (1/2) = 10.970093       Next Max Gap (1/2) = 10.970093     
 Gap Method for Num. of Estimated Parameters { Phi(~sex)p(~1)pent(~sex)N(~sex) } = 7          
 Threshold { Phi(~sex)p(~1)pent(~sex)N(~sex) } = 0.1643439E-04                 
 Numerical Threshold Method for Num. of Estimated Parameters { Phi(~sex)p(~1)pent(~sex)N(~sex) } = 7          
 Number of Estimated Parameters { Phi(~sex)p(~1)pent(~sex)N(~sex) } = 7          
 DEVIANCE { Phi(~sex)p(~1)pent(~sex)N(~sex) } = 280.00093                     
 DEVIANCE Degrees of Freedom { Phi(~sex)p(~1)pent(~sex)N(~sex) } = 34            
 c-hat { Phi(~sex)p(~1)pent(~sex)N(~sex) } = 8.2353214                     
 AIC { Phi(~sex)p(~1)pent(~sex)N(~sex) } = 566.93657                  
 AICc { Phi(~sex)p(~1)pent(~sex)N(~sex) } = 568.11552                    
 BIC { Phi(~sex)p(~1)pent(~sex)N(~sex) } = 585.37967                    
 Pearson Chisquare { Phi(~sex)p(~1)pent(~sex)N(~sex) } = 23710167.                  


             PARM-SPECIFIC Link Function Parameters of { Phi(~sex)p(~1)pent(~sex)N(~sex) }
                                                              95% Confidence Interval
 Parameter                    Beta         Standard Error      Lower           Upper
 -------------------------  --------------  --------------  --------------  --------------
    1:Phi:(Intercept)       -1.8282354       1.0319874      -3.8509307       0.1944598    
    2:Phi:sexM               3.1237089       1.6138874      -0.0395105       6.2869283    
    3:p:(Intercept)         -2.4948658       0.1834644      -2.8544560      -2.1352755    
    4:pent:(Intercept)      -4.2577280       1.4803976      -7.1593073      -1.3561486    
    5:pent:sexM             -0.8569337       3.0098501      -6.7562401       5.0423727    
    6:N:(Intercept)          1.9986057       0.7446329       0.5391252       3.4580863    
    7:N:sexM                -0.4818226       1.3771330      -3.1810034       2.2173582    


             Real Function Parameters of { Phi(~sex)p(~1)pent(~sex)N(~sex) }
                                                               95% Confidence Interval
  Parameter                  Estimate       Standard Error      Lower           Upper
 --------------------------  --------------  --------------  --------------  --------------
     1:Phi gF a0 t1           0.1384486       0.1230961       0.0208174       0.5484623                          
     2:Phi gM a0 t1           0.7850722       0.2414581       0.1810445       0.9837012                          
     3:p gF a0 t1             0.0762189       0.0129177       0.0544514       0.1057152                          
     4:N gF a0 t1             23.378761       5.4944685       18.007331       43.123642                          
     5:N gM a0 t1             33.557541       5.2338789       29.755241       56.502729                          

  Program  MARK  - Survival Rate Estimation with Capture-Recapture Data
   gfortran(dble) Vers. 9.0 Mar 2018    25-Mar-2020 14:19:57    Page  010
 - - - - - - - - - - - - - - - - - - - - - - - - - - - - - - - - - - - - - -
 
     6:pent gF a0.005479452   0.0097419       0.0099260       0.0013077       0.0688273                          
     7:pent gF a0.008219178   0.0097419       0.0099260       0.0013077       0.0688273                          
     8:pent gF a0.010958904   0.0097419       0.0099260       0.0013077       0.0688273                          
     9:pent gF a0.016438356   0.0097419       0.0099260       0.0013077       0.0688273                          
    10:pent gF a0.024657534   0.0097419       0.0099260       0.0013077       0.0688273                          
    11:pent gF a0.027397260   0.0097419       0.0099260       0.0013077       0.0688273                          
    12:pent gF a0.030136986   0.0097419       0.0099260       0.0013077       0.0688273                          
    13:pent gF a0.035616438   0.0097419       0.0099260       0.0013077       0.0688273                          
    14:pent gF a0.041095890   0.0097419       0.0099260       0.0013077       0.0688273                          
    15:pent gF a0.049315068   0.0097419       0.0099260       0.0013077       0.0688273                          
    16:pent gF a0.052054794   0.0097419       0.0099260       0.0013077       0.0688273                          
    17:pent gF a0.065753424   0.0097419       0.0099260       0.0013077       0.0688273                          
    18:pent gF a0.071232876   0.0097419       0.0099260       0.0013077       0.0688273                          
    19:pent gF a0.098630136   0.0097419       0.0099260       0.0013077       0.0688273                          
    20:pent gF a0.101369863   0.0097419       0.0099260       0.0013077       0.0688273                          
    21:pent gF a0.106849315   0.0097419       0.0099260       0.0013077       0.0688273                          
    22:pent gF a0.109589041   0.0097419       0.0099260       0.0013077       0.0688273                          
    23:pent gF a0.120547945   0.0097419       0.0099260       0.0013077       0.0688273                          
    24:pent gF a0.350684931   0.0097419       0.0099260       0.0013077       0.0688273                          
    25:pent gF a0.358904109   0.0097419       0.0099260       0.0013077       0.0688273                          
    26:pent gF a0.613698630   0.0097419       0.0099260       0.0013077       0.0688273                          
    27:pent gF a0.638356164   0.0097419       0.0099260       0.0013077       0.0688273                          
    28:pent gF a0.646575342   0.0097419       0.0099260       0.0013077       0.0688273                          
    29:pent gF a0.649315068   0.0097419       0.0099260       0.0013077       0.0688273                          
    30:pent gF a0.652054794   0.0097419       0.0099260       0.0013077       0.0688273                          
    31:pent gF a0.704109589   0.0097419       0.0099260       0.0013077       0.0688273                          
    32:pent gF a0.706849315   0.0097419       0.0099260       0.0013077       0.0688273                          
    33:pent gF a0.709589041   0.0097419       0.0099260       0.0013077       0.0688273                          
    34:pent gF a0.827397260   0.0097419       0.0099260       0.0013077       0.0688273                          
    35:pent gF a1.402739726   0.0097419       0.0099260       0.0013077       0.0688273                          
    36:pent gF a1.405479452   0.0097419       0.0099260       0.0013077       0.0688273                          
    37:pent gF a1.408219178   0.0097419       0.0099260       0.0013077       0.0688273                          
    38:pent gM a0.005479452   0.0050392       0.0123355       0.4076372E-04   0.3862181                          
    39:pent gM a0.008219178   0.0050392       0.0123355       0.4076372E-04   0.3862181                          
    40:pent gM a0.010958904   0.0050392       0.0123355       0.4076372E-04   0.3862181                          
    41:pent gM a0.016438356   0.0050392       0.0123355       0.4076372E-04   0.3862181                          
    42:pent gM a0.024657534   0.0050392       0.0123355       0.4076372E-04   0.3862181                          
    43:pent gM a0.027397260   0.0050392       0.0123355       0.4076372E-04   0.3862181                          
    44:pent gM a0.030136986   0.0050392       0.0123355       0.4076372E-04   0.3862181                          
    45:pent gM a0.035616438   0.0050392       0.0123355       0.4076372E-04   0.3862181                          
    46:pent gM a0.041095890   0.0050392       0.0123355       0.4076372E-04   0.3862181                          
    47:pent gM a0.049315068   0.0050392       0.0123355       0.4076372E-04   0.3862181                          
    48:pent gM a0.052054794   0.0050392       0.0123355       0.4076372E-04   0.3862181                          
    49:pent gM a0.065753424   0.0050392       0.0123355       0.4076372E-04   0.3862181                          
    50:pent gM a0.071232876   0.0050392       0.0123355       0.4076372E-04   0.3862181                          
    51:pent gM a0.098630136   0.0050392       0.0123355       0.4076372E-04   0.3862181                          

  Program  MARK  - Survival Rate Estimation with Capture-Recapture Data
   gfortran(dble) Vers. 9.0 Mar 2018    25-Mar-2020 14:19:57    Page  011
 - - - - - - - - - - - - - - - - - - - - - - - - - - - - - - - - - - - - - -
 
    52:pent gM a0.101369863   0.0050392       0.0123355       0.4076372E-04   0.3862181                          
    53:pent gM a0.106849315   0.0050392       0.0123355       0.4076372E-04   0.3862181                          
    54:pent gM a0.109589041   0.0050392       0.0123355       0.4076372E-04   0.3862181                          
    55:pent gM a0.120547945   0.0050392       0.0123355       0.4076372E-04   0.3862181                          
    56:pent gM a0.350684931   0.0050392       0.0123355       0.4076372E-04   0.3862181                          
    57:pent gM a0.358904109   0.0050392       0.0123355       0.4076372E-04   0.3862181                          
    58:pent gM a0.613698630   0.0050392       0.0123355       0.4076372E-04   0.3862181                          
    59:pent gM a0.638356164   0.0050392       0.0123355       0.4076372E-04   0.3862181                          
    60:pent gM a0.646575342   0.0050392       0.0123355       0.4076372E-04   0.3862181                          
    61:pent gM a0.649315068   0.0050392       0.0123355       0.4076372E-04   0.3862181                          
    62:pent gM a0.652054794   0.0050392       0.0123355       0.4076372E-04   0.3862181                          
    63:pent gM a0.704109589   0.0050392       0.0123355       0.4076372E-04   0.3862181                          
    64:pent gM a0.706849315   0.0050392       0.0123355       0.4076372E-04   0.3862181                          
    65:pent gM a0.709589041   0.0050392       0.0123355       0.4076372E-04   0.3862181                          
    66:pent gM a0.827397260   0.0050392       0.0123355       0.4076372E-04   0.3862181                          
    67:pent gM a1.402739726   0.0050392       0.0123355       0.4076372E-04   0.3862181                          
    68:pent gM a1.405479452   0.0050392       0.0123355       0.4076372E-04   0.3862181                          
    69:pent gM a1.408219178   0.0050392       0.0123355       0.4076372E-04   0.3862181                          


                      Estimates of Derived Parameters
 Gross Birth+Immigration Estimates of { Phi(~sex)p(~1)pent(~sex)N(~sex) }
                                                95% Confidence Interval
 Grp. Occ.   B*-hat          Standard Error      Lower           Upper
 ---- ----   --------------  --------------  --------------  --------------
   1     1    0.2289898       0.2734061       0.0361875       1.4490172    
   1     2    0.2283712       0.2725343       0.0361113       1.4442391    
   1     3    0.2283712       0.2725343       0.0361113       1.4442391    
   1     4    0.2289898       0.2734061       0.0361875       1.4490172    
   1     5    0.2296094       0.2742798       0.0362637       1.4538071    
   1     6    0.2283712       0.2725343       0.0361113       1.4442391    
   1     7    0.2283712       0.2725343       0.0361113       1.4442391    
   1     8    0.2289898       0.2734061       0.0361875       1.4490172    
   1     9    0.2289898       0.2734061       0.0361875       1.4490172    
   1    10    0.2296094       0.2742798       0.0362637       1.4538071    
   1    11    0.2283712       0.2725343       0.0361113       1.4442391    
   1    12    0.2308521       0.2760335       0.0364165       1.4634220    
   1    13    0.2289898       0.2734061       0.0361875       1.4490172    
   1    14    0.2339783       0.2804531       0.0367999       1.4876648    
   1    15    0.2283712       0.2725343       0.0361113       1.4442391    
   1    16    0.2289898       0.2734061       0.0361875       1.4490172    
   1    17    0.2283712       0.2725343       0.0361113       1.4442391    
   1    18    0.2302302       0.2751557       0.0363401       1.4586087    
   1    19    0.2834887       0.3517781       0.0427298       1.8807919    
   1    20    0.2296094       0.2742798       0.0362637       1.4538071    

  Program  MARK  - Survival Rate Estimation with Capture-Recapture Data
   gfortran(dble) Vers. 9.0 Mar 2018    25-Mar-2020 14:19:57    Page  012
 - - - - - - - - - - - - - - - - - - - - - - - - - - - - - - - - - - - - - -
 
   1    21    0.2899211       0.3612023       0.0434846       1.9329657    
   1    22    0.2333509       0.2795651       0.0367230       1.4827927    
   1    23    0.2296094       0.2742798       0.0362637       1.4538071    
   1    24    0.2283712       0.2725343       0.0361113       1.4442391    
   1    25    0.2283712       0.2725343       0.0361113       1.4442391    
   1    26    0.2396756       0.2885363       0.0374953       1.5320423    
   1    27    0.2283712       0.2725343       0.0361113       1.4442391    
   1    28    0.2283712       0.2725343       0.0361113       1.4442391    
   1    29    0.2553088       0.3108943       0.0393843       1.6550408    
   1    30    0.3813480       0.4978326       0.0539903       2.6935636    
   1    31    0.2283712       0.2725343       0.0361113       1.4442391    
   1    32    0.2283712       0.2725343       0.0361113       1.4442391    
   2     1    0.1692151       0.4367824       0.0103214       2.7741996    
   2     2    0.1691590       0.4365951       0.0103192       2.7729576    
   2     3    0.1691590       0.4365951       0.0103192       2.7729576    
   2     4    0.1692151       0.4367824       0.0103214       2.7741996    
   2     5    0.1692712       0.4369698       0.0103237       2.7754420    
   2     6    0.1691590       0.4365951       0.0103192       2.7729576    
   2     7    0.1691590       0.4365951       0.0103192       2.7729576    
   2     8    0.1692151       0.4367824       0.0103214       2.7741996    
   2     9    0.1692151       0.4367824       0.0103214       2.7741996    
   2    10    0.1692712       0.4369698       0.0103237       2.7754420    
   2    11    0.1691590       0.4365951       0.0103192       2.7729576    
   2    12    0.1693834       0.4373446       0.0103281       2.7779281    
   2    13    0.1692151       0.4367824       0.0103214       2.7741996    
   2    14    0.1696641       0.4382828       0.0103392       2.7841502    
   2    15    0.1691590       0.4365951       0.0103192       2.7729576    
   2    16    0.1692151       0.4367824       0.0103214       2.7741996    
   2    17    0.1691590       0.4365951       0.0103192       2.7729576    
   2    18    0.1693272       0.4371571       0.0103259       2.7766848    
   2    19    0.1738552       0.4523378       0.0105044       2.8774167    
   2    20    0.1692712       0.4369698       0.0103237       2.7754420    
   2    21    0.1743695       0.4540690       0.0105246       2.8889106    
   2    22    0.1696079       0.4380950       0.0103370       2.7829050    
   2    23    0.1692712       0.4369698       0.0103237       2.7754420    
   2    24    0.1691590       0.4365951       0.0103192       2.7729576    
   2    25    0.1691590       0.4365951       0.0103192       2.7729576    
   2    26    0.1701702       0.4399751       0.0103592       2.7953754    
   2    27    0.1691590       0.4365951       0.0103192       2.7729576    
   2    28    0.1691590       0.4365951       0.0103192       2.7729576    
   2    29    0.1715247       0.4445112       0.0104127       2.8254692    
   2    30    0.1811473       0.4770032       0.0107896       3.0413013    
   2    31    0.1691590       0.4365951       0.0103192       2.7729576    
   2    32    0.1691590       0.4365951       0.0103192       2.7729576    

  Net Birth+Immigration Estimates of { Phi(~sex)p(~1)pent(~sex)N(~sex) }
                                                95% Confidence Interval
 Grp. Occ.   B-hat           Standard Error      Lower           Upper
 ---- ----   --------------  --------------  --------------  --------------
   1     1    0.2277538       0.2716646       0.0360353       1.4394727    
   1     2    0.2277538       0.2716646       0.0360353       1.4394727    
   1     3    0.2277538       0.2716646       0.0360353       1.4394727    
   1     4    0.2277538       0.2716646       0.0360353       1.4394727    
   1     5    0.2277538       0.2716646       0.0360353       1.4394727    
   1     6    0.2277538       0.2716646       0.0360353       1.4394727    
   1     7    0.2277538       0.2716646       0.0360353       1.4394727    
   1     8    0.2277538       0.2716646       0.0360353       1.4394727    
   1     9    0.2277538       0.2716646       0.0360353       1.4394727    
   1    10    0.2277538       0.2716646       0.0360353       1.4394727    
   1    11    0.2277538       0.2716646       0.0360353       1.4394727    
   1    12    0.2277538       0.2716646       0.0360353       1.4394727    
   1    13    0.2277538       0.2716646       0.0360353       1.4394727    
   1    14    0.2277538       0.2716646       0.0360353       1.4394727    
   1    15    0.2277538       0.2716646       0.0360353       1.4394727    
   1    16    0.2277538       0.2716646       0.0360353       1.4394727    
   1    17    0.2277538       0.2716646       0.0360353       1.4394727    
   1    18    0.2277538       0.2716646       0.0360353       1.4394727    
   1    19    0.2277538       0.2716646       0.0360353       1.4394727    
   1    20    0.2277538       0.2716646       0.0360353       1.4394727    
   1    21    0.2277538       0.2716646       0.0360353       1.4394727    
   1    22    0.2277538       0.2716646       0.0360353       1.4394727    
   1    23    0.2277538       0.2716646       0.0360353       1.4394727    
   1    24    0.2277538       0.2716646       0.0360353       1.4394727    
   1    25    0.2277538       0.2716646       0.0360353       1.4394727    
   1    26    0.2277538       0.2716646       0.0360353       1.4394727    
   1    27    0.2277538       0.2716646       0.0360353       1.4394727    
   1    28    0.2277538       0.2716646       0.0360353       1.4394727    
   1    29    0.2277538       0.2716646       0.0360353       1.4394727    
   1    30    0.2277538       0.2716646       0.0360353       1.4394727    
   1    31    0.2277538       0.2716646       0.0360353       1.4394727    
   1    32    0.2277538       0.2716646       0.0360353       1.4394727    
   2     1    0.1691029       0.4364079       0.0103170       2.7717160    
   2     2    0.1691029       0.4364079       0.0103170       2.7717160    
   2     3    0.1691029       0.4364079       0.0103170       2.7717160    
   2     4    0.1691029       0.4364079       0.0103170       2.7717160    
   2     5    0.1691029       0.4364079       0.0103170       2.7717160    
   2     6    0.1691029       0.4364079       0.0103170       2.7717160    
   2     7    0.1691029       0.4364079       0.0103170       2.7717160    
   2     8    0.1691029       0.4364079       0.0103170       2.7717160    
   2     9    0.1691029       0.4364079       0.0103170       2.7717160    
   2    10    0.1691029       0.4364079       0.0103170       2.7717160    
   2    11    0.1691029       0.4364079       0.0103170       2.7717160    
   2    12    0.1691029       0.4364079       0.0103170       2.7717160    
   2    13    0.1691029       0.4364079       0.0103170       2.7717160    
   2    14    0.1691029       0.4364079       0.0103170       2.7717160    
   2    15    0.1691029       0.4364079       0.0103170       2.7717160    
   2    16    0.1691029       0.4364079       0.0103170       2.7717160    
   2    17    0.1691029       0.4364079       0.0103170       2.7717160    
   2    18    0.1691029       0.4364079       0.0103170       2.7717160    
   2    19    0.1691029       0.4364079       0.0103170       2.7717160    
   2    20    0.1691029       0.4364079       0.0103170       2.7717160    
   2    21    0.1691029       0.4364079       0.0103170       2.7717160    
   2    22    0.1691029       0.4364079       0.0103170       2.7717160    
   2    23    0.1691029       0.4364079       0.0103170       2.7717160    
   2    24    0.1691029       0.4364079       0.0103170       2.7717160    
   2    25    0.1691029       0.4364079       0.0103170       2.7717160    
   2    26    0.1691029       0.4364079       0.0103170       2.7717160    
   2    27    0.1691029       0.4364079       0.0103170       2.7717160    
   2    28    0.1691029       0.4364079       0.0103170       2.7717160    
   2    29    0.1691029       0.4364079       0.0103170       2.7717160    
   2    30    0.1691029       0.4364079       0.0103170       2.7717160    
   2    31    0.1691029       0.4364079       0.0103170       2.7717160    
   2    32    0.1691029       0.4364079       0.0103170       2.7717160    

       Population Estimates of { Phi(~sex)p(~1)pent(~sex)N(~sex) }
                                                95% Confidence Interval
 Grp. Occ.   N-hat           Standard Error      Lower           Upper
 ---- ----   --------------  --------------  --------------  --------------
   1     1    16.090641       5.5512453       8.3391396       31.047413    
   1     2    16.145005       5.2993950       8.6248744       30.222026    

  Program  MARK  - Survival Rate Estimation with Capture-Recapture Data
   gfortran(dble) Vers. 9.0 Mar 2018    25-Mar-2020 14:19:57    Page  013
 - - - - - - - - - - - - - - - - - - - - - - - - - - - - - - - - - - - - - -
 
   1     3    16.285535       5.0732789       8.9690451       29.570445    
   1     4    16.425306       4.8538440       9.3157185       28.960804    
   1     5    16.476064       4.6251388       9.6032358       28.267628    
   1     6    16.438223       4.3902886       9.8269339       27.497404    
   1     7    16.577169       4.1941764       10.173645       27.011218    
   1     8    16.715365       4.0079939       10.516169       26.568937    
   1     9    16.762997       3.8200454       10.785034       26.054445    
   1    10    16.810116       3.6446573       11.044113       25.586483    
   1    11    16.766890       3.4721772       11.220832       25.054165    
   1    12    16.904060       3.3356491       11.524533       24.794694    
   1    13    16.680101       3.1775044       11.520928       24.149597    
   1    14    16.728113       3.0642114       11.716772       23.882839    
   1    15    16.073789       2.9200493       11.291072       22.882388    
   1    16    16.214704       2.8474482       11.522885       22.816912    
   1    17    16.267732       2.7922177       11.648823       22.718097    
   1    18    16.407599       2.7646607       11.820032       22.775684    
   1    19    16.283648       2.7421044       11.733048       22.599174    
   1    20    10.558471       2.9664340       6.1514383       18.122803    
   1    21    10.616021       2.9280621       6.2441456       18.048891    
   1    22    6.6423131       2.9735183       2.8742406       15.350254    
   1    23    6.5539934       2.9051372       2.8574759       15.032438    
   1    24    6.6760963       2.8696484       2.9787228       14.962876    
   1    25    6.8677825       2.8621643       3.1345419       15.047314    
   1    26    7.0584331       2.8793555       3.2714758       15.229053    
   1    27    6.5958300       2.8593505       2.9243371       14.876867    
   1    28    6.7879499       2.9088073       3.0355131       15.179069    
   1    29    6.9790318       2.9803594       3.1289613       15.566471    
   1    30    5.7565669       2.8284620       2.3137645       14.322141    
   1    31    2.0732384       1.6916689       0.5111906       8.4084437    
   1    32    2.2897915       1.7176881       0.6180885       8.4828392    
   1    33    2.5051747       1.7842207       0.7138434       8.7917042    
   2     1    28.146247       9.8350450       14.471269       54.743728    
   2     2    28.278055       9.4273590       14.966258       53.430083    
   2     3    28.428417       9.0155892       15.496890       52.150778    
   2     4    28.578679       8.6058028       16.042039       50.912539    
   2     5    28.709914       8.2048535       16.577756       49.720793    
   2     6    28.821974       7.8135251       17.101768       48.574285    
   2     7    28.971975       7.4109914       17.688004       47.454499    
   2     8    29.121877       7.0117119       18.287367       46.375387    
   2     9    29.252393       6.6238112       18.872049       45.342319    
   2    10    29.382735       6.2403734       19.466999       44.349164    
   2    11    29.493458       5.8702098       20.042278       43.401455    
   2    12    29.643014       5.4896809       20.682827       42.484921    
   2    13    29.714019       5.1502009       21.208700       41.630224    
   2    14    29.843750       4.7934676       21.827379       40.804231    
   2    15    29.815656       4.5198250       22.189045       40.063615    

  Program  MARK  - Survival Rate Estimation with Capture-Recapture Data
   gfortran(dble) Vers. 9.0 Mar 2018    25-Mar-2020 14:19:57    Page  014
 - - - - - - - - - - - - - - - - - - - - - - - - - - - - - - - - - - - - - -
 
   2    16    29.964999       4.1748266       22.834384       39.322329    
   2    17    30.094397       3.8552240       23.436051       38.644426    
   2    18    30.243555       3.5463555       24.052476       38.028211    
   2    19    30.332564       3.2892558       24.539911       37.492574    
   2    20    28.858666       4.0908558       21.888285       38.048782    
   2    21    28.970429       3.8565093       22.342879       37.563905    
   2    22    27.407307       5.1611557       19.009269       39.515485    
   2    23    27.413368       5.0689165       19.137606       39.267856    
   2    24    27.528004       4.8989717       19.474605       38.911752    
   2    25    27.678863       4.7238647       19.857070       38.581697    
   2    26    27.829622       4.5816903       20.197809       38.345141    
   2    27    27.650376       4.7658163       19.772327       38.667340    
   2    28    27.801154       4.6820468       20.031285       38.584850    
   2    29    27.951832       4.6357494       20.239246       38.603458    
   2    30    27.335357       5.2264732       18.855244       39.629386    
   2    31    23.951837       8.1451865       12.524249       45.806379    
   2    32    24.105066       8.0303914       12.763226       45.525655    
   2    33    24.258194       7.9370236       12.983735       45.322856    

    Gross Population Estimates of { Phi(~sex)p(~1)pent(~sex)N(~sex) }
                                                95% Confidence Interval
 Grp. Occ.   N*-hat          Standard Error      Lower           Upper
 ---- ----   --------------  --------------  --------------  --------------
   1     0    23.729996       5.9170259       14.663609       38.402056    
   2     0    33.586738       5.3219701       24.667432       45.731108    

   CPU Time for the last procedure was 0.25 seconds.     

  Program  MARK  - Survival Rate Estimation with Capture-Recapture Data
   gfortran(dble) Vers. 9.0 Mar 2018    25-Mar-2020 14:19:57    Page  015
 - - - - - - - - - - - - - - - - - - - - - - - - - - - - - - - - - - - - - -
 


  INPUT --- proc stop;

     CPU Time in minutes for this job was 0.00

     Time Start = 14:19:56.620   Time End = 14:19:57.057

     Wall Clock Time in minutes for this job was 0.01


          E X E C U T I O N   S U C C E S S F U L 
