
   Program  MARK  - Survival Rate Estimation with Capture-Recapture Data
   gfortran(dble) Vers. 9.0 Mar 2018    25-Mar-2020 14:32:31    Page  001
 - - - - - - - - - - - - - - - - - - - - - - - - - - - - - - - - - - - - - -
 
   This version was compiled by GCC version 7.2.0 using the options: 
     -cpp -iprefix C:/Program Files/mingw-w64/x86_64-7.2.0-posix-seh-rt_v5-rev1/
     mingw64/bin/../lib/gcc/x86_64-w64-mingw32/7.2.0/ -D_MT -D_REENTRANT
     -U_REENTRANT -D IEEE -D DBLEPRECISION -m64 -mtune=core2 -march=nocona -mthreads
     -O2 -fimplicit-none -fbounds-check -funroll-loops -ftree-vectorize
     -ffpe-summary=invalid,zero,overflow,underflow -fno-unsafe-math-optimizations
     -frounding-math -fsignaling-nans -fopenmp.

   This problem will use 15 of 16 possible threads.


  INPUT --- proc title ;

   CPU Time for the last procedure was 0.01 seconds.     


  INPUT --- proc chmatrix occasions= 30 groups= 2 etype= POPAN Nodes= 
  INPUT --- 101 ICMeans NoHist hist= 41  ;

  INPUT ---    time interval 0.00547945205479452 0.00273972602739726 
  INPUT ---    0.00273972602739726 0.00547945205479452  
  INPUT ---    0.00821917808219178 0.00273972602739726 0.00273972602739726 
  INPUT ---    0.00547945205479452  0.00547945205479452 
  INPUT ---    0.00821917808219178 0.00273972602739726 0.0136986301369863 
  INPUT ---    0.00547945205479452  0.0273972602739726 0.00273972602739726 
  INPUT ---    0.00547945205479452 0.00273972602739726 0.010958904109589  
  INPUT ---    0.23013698630137 0.00821917808219178 0.254794520547945 
  INPUT ---    0.0246575342465753 0.00821917808219178  0.00273972602739726 
  INPUT ---    0.00273972602739726 0.0520547945205479 0.00273972602739726 
  INPUT ---    0.00273972602739726  0.117808219178082 ;

  INPUT ---    glabel(1)=sexF;

  INPUT ---    glabel(2)=sexM;

   * *  WARNING  * *   At least a pair of the encounter histories are duplicates. 

      Number of unique encounter histories read was 38.

      Number of individual covariates read was 0.
      Time interval lengths vary and/or not equal to 1.

      Data type number is 19
      Data type is POPAN                                                                                               

   CPU Time for the last procedure was 0.02 seconds.     

  Program  MARK  - Survival Rate Estimation with Capture-Recapture Data
   gfortran(dble) Vers. 9.0 Mar 2018    25-Mar-2020 14:32:31    Page  002
 - - - - - - - - - - - - - - - - - - - - - - - - - - - - - - - - - - - - - -
 


  INPUT --- proc estimate link=Parm-Specific NOLOOP varest=2ndPart    ;


  INPUT --- model={ Phi(~sex)p(~sex)pent(~sex)N(~sex) };

  INPUT ---    group=1 Phi    rows=1 cols=29 Square ;
  INPUT ---        1 1 1 1 1 1 1 1 1 1 1 1 1 1 1 1 1 1 1 1 1 1 1 1 1 1 1 1 1 ;

  INPUT ---    group=2 Phi    rows=1 cols=29 Square ;
  INPUT ---        2 2 2 2 2 2 2 2 2 2 2 2 2 2 2 2 2 2 2 2 2 2 2 2 2 2 2 2 2 ;

  INPUT ---    group=1 p    rows=1 cols=30 Square ;
  INPUT ---        3 3 3 3 3 3 3 3 3 3 3 3 3 3 3 3 3 3 3 3 3 3 3 3 3 3 3 3 3 
  INPUT ---       3 ;

  INPUT ---    group=2 p    rows=1 cols=30 Square ;
  INPUT ---        4 4 4 4 4 4 4 4 4 4 4 4 4 4 4 4 4 4 4 4 4 4 4 4 4 4 4 4 4 
  INPUT ---       4 ;

  INPUT ---    group=1 pent    rows=1 cols=29 Square ;
  INPUT ---        7 8 9 10 11 12 13 14 15 16 17 18 19 20 21 22 23 24 25 26 
  INPUT ---       27 28 29 30 31 32 33 34 35 ;

  INPUT ---    group=2 pent    rows=1 cols=29 Square ;
  INPUT ---        36 37 38 39 40 41 42 43 44 45 46 47 48 49 50 51 52 53 54 
  INPUT ---       55 56 57 58 59 60 61 62 63 64 ;

  INPUT ---    group=1 N    rows=1 cols=1 Square ;
  INPUT ---        5 ;

  INPUT ---    group=2 N    rows=1 cols=1 Square ;
  INPUT ---        6 ;

  INPUT ---    design matrix constraints=64 covariates=8;
  INPUT ---        1 0 0 0 0 0 0 0;
  INPUT ---        1 1 0 0 0 0 0 0;
  INPUT ---        0 0 1 0 0 0 0 0;
  INPUT ---        0 0 1 1 0 0 0 0;
  INPUT ---        0 0 0 0 0 0 1 0;
  INPUT ---        0 0 0 0 0 0 1 1;
  INPUT ---        0 0 0 0 1 0 0 0;
  INPUT ---        0 0 0 0 1 0 0 0;
  INPUT ---        0 0 0 0 1 0 0 0;
  INPUT ---        0 0 0 0 1 0 0 0;

  Program  MARK  - Survival Rate Estimation with Capture-Recapture Data
   gfortran(dble) Vers. 9.0 Mar 2018    25-Mar-2020 14:32:31    Page  003
 - - - - - - - - - - - - - - - - - - - - - - - - - - - - - - - - - - - - - -
 
  INPUT ---        0 0 0 0 1 0 0 0;
  INPUT ---        0 0 0 0 1 0 0 0;
  INPUT ---        0 0 0 0 1 0 0 0;
  INPUT ---        0 0 0 0 1 0 0 0;
  INPUT ---        0 0 0 0 1 0 0 0;
  INPUT ---        0 0 0 0 1 0 0 0;
  INPUT ---        0 0 0 0 1 0 0 0;
  INPUT ---        0 0 0 0 1 0 0 0;
  INPUT ---        0 0 0 0 1 0 0 0;
  INPUT ---        0 0 0 0 1 0 0 0;
  INPUT ---        0 0 0 0 1 0 0 0;
  INPUT ---        0 0 0 0 1 0 0 0;
  INPUT ---        0 0 0 0 1 0 0 0;
  INPUT ---        0 0 0 0 1 0 0 0;
  INPUT ---        0 0 0 0 1 0 0 0;
  INPUT ---        0 0 0 0 1 0 0 0;
  INPUT ---        0 0 0 0 1 0 0 0;
  INPUT ---        0 0 0 0 1 0 0 0;
  INPUT ---        0 0 0 0 1 0 0 0;
  INPUT ---        0 0 0 0 1 0 0 0;
  INPUT ---        0 0 0 0 1 0 0 0;
  INPUT ---        0 0 0 0 1 0 0 0;
  INPUT ---        0 0 0 0 1 0 0 0;
  INPUT ---        0 0 0 0 1 0 0 0;
  INPUT ---        0 0 0 0 1 0 0 0;
  INPUT ---        0 0 0 0 1 1 0 0;
  INPUT ---        0 0 0 0 1 1 0 0;
  INPUT ---        0 0 0 0 1 1 0 0;
  INPUT ---        0 0 0 0 1 1 0 0;
  INPUT ---        0 0 0 0 1 1 0 0;
  INPUT ---        0 0 0 0 1 1 0 0;
  INPUT ---        0 0 0 0 1 1 0 0;
  INPUT ---        0 0 0 0 1 1 0 0;
  INPUT ---        0 0 0 0 1 1 0 0;
  INPUT ---        0 0 0 0 1 1 0 0;
  INPUT ---        0 0 0 0 1 1 0 0;
  INPUT ---        0 0 0 0 1 1 0 0;
  INPUT ---        0 0 0 0 1 1 0 0;
  INPUT ---        0 0 0 0 1 1 0 0;
  INPUT ---        0 0 0 0 1 1 0 0;
  INPUT ---        0 0 0 0 1 1 0 0;
  INPUT ---        0 0 0 0 1 1 0 0;
  INPUT ---        0 0 0 0 1 1 0 0;
  INPUT ---        0 0 0 0 1 1 0 0;
  INPUT ---        0 0 0 0 1 1 0 0;
  INPUT ---        0 0 0 0 1 1 0 0;

  Program  MARK  - Survival Rate Estimation with Capture-Recapture Data
   gfortran(dble) Vers. 9.0 Mar 2018    25-Mar-2020 14:32:32    Page  004
 - - - - - - - - - - - - - - - - - - - - - - - - - - - - - - - - - - - - - -
 
  INPUT ---        0 0 0 0 1 1 0 0;
  INPUT ---        0 0 0 0 1 1 0 0;
  INPUT ---        0 0 0 0 1 1 0 0;
  INPUT ---        0 0 0 0 1 1 0 0;
  INPUT ---        0 0 0 0 1 1 0 0;
  INPUT ---        0 0 0 0 1 1 0 0;
  INPUT ---        0 0 0 0 1 1 0 0;
  INPUT ---        0 0 0 0 1 1 0 0;

  INPUT ---    links=64;

  INPUT ---    Logit;

  INPUT ---    Logit;

  INPUT ---    Logit;

  INPUT ---    Logit;

  INPUT ---    Log;

  INPUT ---    Log;

  INPUT ---    mlogit(1);

  INPUT ---    mlogit(1);

  INPUT ---    mlogit(1);

  INPUT ---    mlogit(1);

  INPUT ---    mlogit(1);

  INPUT ---    mlogit(1);

  INPUT ---    mlogit(1);

  INPUT ---    mlogit(1);

  INPUT ---    mlogit(1);

  INPUT ---    mlogit(1);

  INPUT ---    mlogit(1);

  INPUT ---    mlogit(1);

  Program  MARK  - Survival Rate Estimation with Capture-Recapture Data
   gfortran(dble) Vers. 9.0 Mar 2018    25-Mar-2020 14:32:32    Page  005
 - - - - - - - - - - - - - - - - - - - - - - - - - - - - - - - - - - - - - -
 

  INPUT ---    mlogit(1);

  INPUT ---    mlogit(1);

  INPUT ---    mlogit(1);

  INPUT ---    mlogit(1);

  INPUT ---    mlogit(1);

  INPUT ---    mlogit(1);

  INPUT ---    mlogit(1);

  INPUT ---    mlogit(1);

  INPUT ---    mlogit(1);

  INPUT ---    mlogit(1);

  INPUT ---    mlogit(1);

  INPUT ---    mlogit(1);

  INPUT ---    mlogit(1);

  INPUT ---    mlogit(1);

  INPUT ---    mlogit(1);

  INPUT ---    mlogit(1);

  INPUT ---    mlogit(1);

  INPUT ---    mlogit(2);

  INPUT ---    mlogit(2);

  INPUT ---    mlogit(2);

  INPUT ---    mlogit(2);

  INPUT ---    mlogit(2);

  INPUT ---    mlogit(2);

  Program  MARK  - Survival Rate Estimation with Capture-Recapture Data
   gfortran(dble) Vers. 9.0 Mar 2018    25-Mar-2020 14:32:32    Page  006
 - - - - - - - - - - - - - - - - - - - - - - - - - - - - - - - - - - - - - -
 

  INPUT ---    mlogit(2);

  INPUT ---    mlogit(2);

  INPUT ---    mlogit(2);

  INPUT ---    mlogit(2);

  INPUT ---    mlogit(2);

  INPUT ---    mlogit(2);

  INPUT ---    mlogit(2);

  INPUT ---    mlogit(2);

  INPUT ---    mlogit(2);

  INPUT ---    mlogit(2);

  INPUT ---    mlogit(2);

  INPUT ---    mlogit(2);

  INPUT ---    mlogit(2);

  INPUT ---    mlogit(2);

  INPUT ---    mlogit(2);

  INPUT ---    mlogit(2);

  INPUT ---    mlogit(2);

  INPUT ---    mlogit(2);

  INPUT ---    mlogit(2);

  INPUT ---    mlogit(2);

  INPUT ---    mlogit(2);

  INPUT ---    mlogit(2);

  INPUT ---    mlogit(2);

  Program  MARK  - Survival Rate Estimation with Capture-Recapture Data
   gfortran(dble) Vers. 9.0 Mar 2018    25-Mar-2020 14:32:32    Page  007
 - - - - - - - - - - - - - - - - - - - - - - - - - - - - - - - - - - - - - -
 
  INPUT ---       blabel(1)=Phi:(Intercept);
  INPUT ---       blabel(2)=Phi:sexM;
  INPUT ---       blabel(3)=p:(Intercept);
  INPUT ---       blabel(4)=p:sexM;
  INPUT ---       blabel(5)=pent:(Intercept);
  INPUT ---       blabel(6)=pent:sexM;
  INPUT ---       blabel(7)=N:(Intercept);
  INPUT ---       blabel(8)=N:sexM;
  INPUT ---       rlabel(1)=Phi gF a0 t1;
  INPUT ---       rlabel(2)=Phi gM a0 t1;
  INPUT ---       rlabel(3)=p gF a0 t1;
  INPUT ---       rlabel(4)=p gM a0 t1;
  INPUT ---       rlabel(5)=N gF a0 t1;
  INPUT ---       rlabel(6)=N gM a0 t1;
  INPUT ---       rlabel(7)=pent gF a0.00547945205479452 t1.00547945205479;
  INPUT ---       rlabel(8)=pent gF a0.00821917808219178 t1.00821917808219;
  INPUT ---       rlabel(9)=pent gF a0.010958904109589 t1.01095890410959;
  INPUT ---       rlabel(10)=pent gF a0.0164383561643836 t1.01643835616438;
  INPUT ---       rlabel(11)=pent gF a0.0246575342465753 t1.02465753424658;
  INPUT ---       rlabel(12)=pent gF a0.0273972602739726 t1.02739726027397;
  INPUT ---       rlabel(13)=pent gF a0.0301369863013699 t1.03013698630137;
  INPUT ---       rlabel(14)=pent gF a0.0356164383561644 t1.03561643835616;
  INPUT ---       rlabel(15)=pent gF a0.0410958904109589 t1.04109589041096;
  INPUT ---       rlabel(16)=pent gF a0.0493150684931507 t1.04931506849315;
  INPUT ---       rlabel(17)=pent gF a0.0520547945205479 t1.05205479452055;
  INPUT ---       rlabel(18)=pent gF a0.0657534246575342 t1.06575342465753;
  INPUT ---       rlabel(19)=pent gF a0.0712328767123288 t1.07123287671233;
  INPUT ---       rlabel(20)=pent gF a0.0986301369863014 t1.0986301369863;
  INPUT ---       rlabel(21)=pent gF a0.101369863013699 t1.1013698630137;
  INPUT ---       rlabel(22)=pent gF a0.106849315068493 t1.10684931506849;
  INPUT ---       rlabel(23)=pent gF a0.10958904109589 t1.10958904109589;
  INPUT ---       rlabel(24)=pent gF a0.120547945205479 t1.12054794520548;
  INPUT ---       rlabel(25)=pent gF a0.350684931506849 t1.35068493150685;
  INPUT ---       rlabel(26)=pent gF a0.358904109589041 t1.35890410958904;
  INPUT ---       rlabel(27)=pent gF a0.613698630136986 t1.61369863013699;
  INPUT ---       rlabel(28)=pent gF a0.638356164383562 t1.63835616438356;
  INPUT ---       rlabel(29)=pent gF a0.646575342465753 t1.64657534246575;
  INPUT ---       rlabel(30)=pent gF a0.649315068493151 t1.64931506849315;
  INPUT ---       rlabel(31)=pent gF a0.652054794520548 t1.65205479452055;
  INPUT ---       rlabel(32)=pent gF a0.704109589041096 t1.7041095890411;
  INPUT ---       rlabel(33)=pent gF a0.706849315068493 t1.70684931506849;
  INPUT ---       rlabel(34)=pent gF a0.70958904109589 t1.70958904109589;
  INPUT ---       rlabel(35)=pent gF a0.827397260273973 t1.82739726027397;
  INPUT ---       rlabel(36)=pent gM a0.00547945205479452 t1.00547945205479;
  INPUT ---       rlabel(37)=pent gM a0.00821917808219178 t1.00821917808219;
  INPUT ---       rlabel(38)=pent gM a0.010958904109589 t1.01095890410959;

  Program  MARK  - Survival Rate Estimation with Capture-Recapture Data
   gfortran(dble) Vers. 9.0 Mar 2018    25-Mar-2020 14:32:32    Page  008
 - - - - - - - - - - - - - - - - - - - - - - - - - - - - - - - - - - - - - -
 
  INPUT ---       rlabel(39)=pent gM a0.0164383561643836 t1.01643835616438;
  INPUT ---       rlabel(40)=pent gM a0.0246575342465753 t1.02465753424658;
  INPUT ---       rlabel(41)=pent gM a0.0273972602739726 t1.02739726027397;
  INPUT ---       rlabel(42)=pent gM a0.0301369863013699 t1.03013698630137;
  INPUT ---       rlabel(43)=pent gM a0.0356164383561644 t1.03561643835616;
  INPUT ---       rlabel(44)=pent gM a0.0410958904109589 t1.04109589041096;
  INPUT ---       rlabel(45)=pent gM a0.0493150684931507 t1.04931506849315;
  INPUT ---       rlabel(46)=pent gM a0.0520547945205479 t1.05205479452055;
  INPUT ---       rlabel(47)=pent gM a0.0657534246575342 t1.06575342465753;
  INPUT ---       rlabel(48)=pent gM a0.0712328767123288 t1.07123287671233;
  INPUT ---       rlabel(49)=pent gM a0.0986301369863014 t1.0986301369863;
  INPUT ---       rlabel(50)=pent gM a0.101369863013699 t1.1013698630137;
  INPUT ---       rlabel(51)=pent gM a0.106849315068493 t1.10684931506849;
  INPUT ---       rlabel(52)=pent gM a0.10958904109589 t1.10958904109589;
  INPUT ---       rlabel(53)=pent gM a0.120547945205479 t1.12054794520548;
  INPUT ---       rlabel(54)=pent gM a0.350684931506849 t1.35068493150685;
  INPUT ---       rlabel(55)=pent gM a0.358904109589041 t1.35890410958904;
  INPUT ---       rlabel(56)=pent gM a0.613698630136986 t1.61369863013699;
  INPUT ---       rlabel(57)=pent gM a0.638356164383562 t1.63835616438356;
  INPUT ---       rlabel(58)=pent gM a0.646575342465753 t1.64657534246575;
  INPUT ---       rlabel(59)=pent gM a0.649315068493151 t1.64931506849315;
  INPUT ---       rlabel(60)=pent gM a0.652054794520548 t1.65205479452055;
  INPUT ---       rlabel(61)=pent gM a0.704109589041096 t1.7041095890411;
  INPUT ---       rlabel(62)=pent gM a0.706849315068493 t1.70684931506849;
  INPUT ---       rlabel(63)=pent gM a0.70958904109589 t1.70958904109589;
  INPUT ---       rlabel(64)=pent gM a0.827397260273973 t1.82739726027397;

 Link Function Used is PARM-SPECIFIC

 Variance Estimation Procedure Used is 2ndPart 

 M(t+1):
      16     29



 Group: 1

 U(t)+UL(t):
       0    2    2    0    1    0    3    1    1    0    0    0    0    0    1
       0    0    0    2    1    1    0    0    0    1    0    0    0    0    0

 U(t):
       0    2    2    0    1    0    3    1    1    0    0    0    0    0    1
       0    0    0    2    1    1    0    0    0    1    0    0    0    0    0

 UL(t):
       0    0    0    0    0    0    0    0    0    0    0    0    0    0    0
       0    0    0    0    0    0    0    0    0    0    0    0    0    0    0

 Not Released(t):
       0    0    0    0    0    0    0    0    0    0    0    0    0    0    0
       0    0    0    0    0    0    0    0    0    0    0    0    0    0    0

 Group: 2

 U(t)+UL(t):
       3    0    1    1    1    1    1    0    1    1    2    1    3    3    1
       1    0    2    3    1    0    0    1    0    0    0    0    0    0    1

 U(t):
       3    0    1    1    1    1    1    0    1    1    2    1    3    3    1
       1    0    2    3    1    0    0    1    0    0    0    0    0    0    1

 UL(t):
       0    0    0    0    0    0    0    0    0    0    0    0    0    0    0
       0    0    0    0    0    0    0    0    0    0    0    0    0    0    0

 Not Released(t):
       0    0    0    0    0    0    0    0    0    0    0    0    0    0    0
       0    0    0    0    0    0    0    0    0    0    0    0    0    0    0
 -2logL(saturated) = 272.93564     
 Effective Sample Size = 98

 Number of function evaluations was 31 for 8 parameters.
 Time for numerical optimization was 0.14 seconds.     
 -2logL { Phi(~sex)p(~sex)pent(~sex)N(~sex) } = 511.73467     
 Penalty { Phi(~sex)p(~sex)pent(~sex)N(~sex) } = 0.0000000     
 Gradient { Phi(~sex)p(~sex)pent(~sex)N(~sex) }:
  0.1332935E-04  0.4443908E-05  0.8447113E-05  0.1280274E-04  0.5570032E-05
  0.4596970E-05  0.5205455E-05 -0.7154184E-05
 Maximum ABS(G) { Phi(~sex)p(~sex)pent(~sex)N(~sex) } = 0.1332935E-04 

  Program  MARK  - Survival Rate Estimation with Capture-Recapture Data
   gfortran(dble) Vers. 9.0 Mar 2018    25-Mar-2020 14:32:32    Page  009
 - - - - - - - - - - - - - - - - - - - - - - - - - - - - - - - - - - - - - -
 
 S Vector { Phi(~sex)p(~sex)pent(~sex)N(~sex) }:
   119.2951      12.20931      9.418605      2.467611      1.080958    
  0.7899429     0.2885629     0.7437671E-01
 Time to compute number of parameters was 0.01 seconds.     
 Ratio Threshold = 50.000000       Max Gap (1/2) = 9.7708301       Next Max Gap (1/2) = 9.7708301     
 Gap Method for Num. of Estimated Parameters { Phi(~sex)p(~sex)pent(~sex)N(~sex) } = 8          
 Threshold { Phi(~sex)p(~sex)pent(~sex)N(~sex) } = 0.2665870E-04                 
 Numerical Threshold Method for Num. of Estimated Parameters { Phi(~sex)p(~sex)pent(~sex)N(~sex) } = 8          
 Number of Estimated Parameters { Phi(~sex)p(~sex)pent(~sex)N(~sex) } = 8          
 DEVIANCE { Phi(~sex)p(~sex)pent(~sex)N(~sex) } = 238.79903                     
 DEVIANCE Degrees of Freedom { Phi(~sex)p(~sex)pent(~sex)N(~sex) } = 33            
 c-hat { Phi(~sex)p(~sex)pent(~sex)N(~sex) } = 7.2363342                     
 AIC { Phi(~sex)p(~sex)pent(~sex)N(~sex) } = 527.73467                  
 AICc { Phi(~sex)p(~sex)pent(~sex)N(~sex) } = 529.35265                    
 BIC { Phi(~sex)p(~sex)pent(~sex)N(~sex) } = 548.41441                    
 Pearson Chisquare { Phi(~sex)p(~sex)pent(~sex)N(~sex) } = 194918.18                  
 Possible Encounter Histories { Phi(~sex)p(~sex)pent(~sex)N(~sex) } = 2147483646             
 Pearson Chisquare df { Phi(~sex)p(~sex)pent(~sex)N(~sex) } = 2147483636        
 Pearson chat { Phi(~sex)p(~sex)pent(~sex)N(~sex) } = 0.9076585E-04              
 Sum(Observed/Expected) { Phi(~sex)p(~sex)pent(~sex)N(~sex) } = 194702.67                  
 Fletcher chat { Phi(~sex)p(~sex)pent(~sex)N(~sex) } = 1.0011069                  


            PARM-SPECIFIC Link Function Parameters of { Phi(~sex)p(~sex)pent(~sex)N(~sex) }
                                                              95% Confidence Interval
 Parameter                    Beta         Standard Error      Lower           Upper
 -------------------------  --------------  --------------  --------------  --------------
    1:Phi:(Intercept)       -1.2895035       1.3324019      -3.9010113       1.3220042    
    2:Phi:sexM               2.4336418       2.2091926      -1.8963758       6.7636595    
    3:p:(Intercept)         -2.6127817       0.3508605      -3.3004682      -1.9250951    
    4:p:sexM                 0.1918377       0.4134306      -0.6184863       1.0021617    
    5:pent:(Intercept)      -4.4788854       2.1596348      -8.7117697      -0.2460012    
    6:pent:sexM              0.6596556       2.5136447      -4.2670881       5.5863992    
    7:N:(Intercept)          1.9313082       0.7964527       0.3702608       3.4923556    
    8:N:sexM                 0.0664242       1.0661256      -2.0231820       2.1560304    


            Real Function Parameters of { Phi(~sex)p(~sex)pent(~sex)N(~sex) }
                                                               95% Confidence Interval
  Parameter                  Estimate       Standard Error      Lower           Upper
 --------------------------  --------------  --------------  --------------  --------------
     1:Phi gF a0 t1           0.2159369       0.2255865       0.0198206       0.7895150                          
     2:Phi gM a0 t1           0.7584386       0.3228470       0.0903209       0.9900285                          
     3:p gF a0 t1             0.0683203       0.0223332       0.0355551       0.1272945                          
     4:p gM a0 t1             0.0815895       0.0163865       0.0547040       0.1200110                          
     5:N gF a0 t1             22.898529       5.4943523       17.746436       43.249610                          
     6:N gM a0 t1             36.372320       5.2249201       31.111373       54.742060                          
     7:pent gF a0.005479452   0.0085371       0.0138724       0.3465563E-03   0.1761849                          
     8:pent gF a0.008219178   0.0085371       0.0138724       0.3465563E-03   0.1761849                          
     9:pent gF a0.010958904   0.0085371       0.0138724       0.3465563E-03   0.1761849                          
    10:pent gF a0.016438356   0.0085371       0.0138724       0.3465563E-03   0.1761849                          
    11:pent gF a0.024657534   0.0085371       0.0138724       0.3465563E-03   0.1761849                          
    12:pent gF a0.027397260   0.0085371       0.0138724       0.3465563E-03   0.1761849                          
    13:pent gF a0.030136986   0.0085371       0.0138724       0.3465563E-03   0.1761849                          
    14:pent gF a0.035616438   0.0085371       0.0138724       0.3465563E-03   0.1761849                          
    15:pent gF a0.041095890   0.0085371       0.0138724       0.3465563E-03   0.1761849                          
    16:pent gF a0.049315068   0.0085371       0.0138724       0.3465563E-03   0.1761849                          
    17:pent gF a0.052054794   0.0085371       0.0138724       0.3465563E-03   0.1761849                          
    18:pent gF a0.065753424   0.0085371       0.0138724       0.3465563E-03   0.1761849                          
    19:pent gF a0.071232876   0.0085371       0.0138724       0.3465563E-03   0.1761849                          
    20:pent gF a0.098630136   0.0085371       0.0138724       0.3465563E-03   0.1761849                          
    21:pent gF a0.101369863   0.0085371       0.0138724       0.3465563E-03   0.1761849                          
    22:pent gF a0.106849315   0.0085371       0.0138724       0.3465563E-03   0.1761849                          
    23:pent gF a0.109589041   0.0085371       0.0138724       0.3465563E-03   0.1761849                          

  Program  MARK  - Survival Rate Estimation with Capture-Recapture Data
   gfortran(dble) Vers. 9.0 Mar 2018    25-Mar-2020 14:32:32    Page  010
 - - - - - - - - - - - - - - - - - - - - - - - - - - - - - - - - - - - - - -
 
    24:pent gF a0.120547945   0.0085371       0.0138724       0.3465563E-03   0.1761849                          
    25:pent gF a0.350684931   0.0085371       0.0138724       0.3465563E-03   0.1761849                          
    26:pent gF a0.358904109   0.0085371       0.0138724       0.3465563E-03   0.1761849                          
    27:pent gF a0.613698630   0.0085371       0.0138724       0.3465563E-03   0.1761849                          
    28:pent gF a0.638356164   0.0085371       0.0138724       0.3465563E-03   0.1761849                          
    29:pent gF a0.646575342   0.0085371       0.0138724       0.3465563E-03   0.1761849                          
    30:pent gF a0.649315068   0.0085371       0.0138724       0.3465563E-03   0.1761849                          
    31:pent gF a0.652054794   0.0085371       0.0138724       0.3465563E-03   0.1761849                          
    32:pent gF a0.704109589   0.0085371       0.0138724       0.3465563E-03   0.1761849                          
    33:pent gF a0.706849315   0.0085371       0.0138724       0.3465563E-03   0.1761849                          
    34:pent gF a0.709589041   0.0085371       0.0138724       0.3465563E-03   0.1761849                          
    35:pent gF a0.827397260   0.0085371       0.0138724       0.3465563E-03   0.1761849                          
    36:pent gM a0.005479452   0.0134104       0.0105408       0.0028438       0.0608427                          
    37:pent gM a0.008219178   0.0134104       0.0105408       0.0028438       0.0608427                          
    38:pent gM a0.010958904   0.0134104       0.0105408       0.0028438       0.0608427                          
    39:pent gM a0.016438356   0.0134104       0.0105408       0.0028438       0.0608427                          
    40:pent gM a0.024657534   0.0134104       0.0105408       0.0028438       0.0608427                          
    41:pent gM a0.027397260   0.0134104       0.0105408       0.0028438       0.0608427                          
    42:pent gM a0.030136986   0.0134104       0.0105408       0.0028438       0.0608427                          
    43:pent gM a0.035616438   0.0134104       0.0105408       0.0028438       0.0608427                          
    44:pent gM a0.041095890   0.0134104       0.0105408       0.0028438       0.0608427                          
    45:pent gM a0.049315068   0.0134104       0.0105408       0.0028438       0.0608427                          
    46:pent gM a0.052054794   0.0134104       0.0105408       0.0028438       0.0608427                          
    47:pent gM a0.065753424   0.0134104       0.0105408       0.0028438       0.0608427                          
    48:pent gM a0.071232876   0.0134104       0.0105408       0.0028438       0.0608427                          
    49:pent gM a0.098630136   0.0134104       0.0105408       0.0028438       0.0608427                          
    50:pent gM a0.101369863   0.0134104       0.0105408       0.0028438       0.0608427                          
    51:pent gM a0.106849315   0.0134104       0.0105408       0.0028438       0.0608427                          
    52:pent gM a0.109589041   0.0134104       0.0105408       0.0028438       0.0608427                          
    53:pent gM a0.120547945   0.0134104       0.0105408       0.0028438       0.0608427                          
    54:pent gM a0.350684931   0.0134104       0.0105408       0.0028438       0.0608427                          
    55:pent gM a0.358904109   0.0134104       0.0105408       0.0028438       0.0608427                          
    56:pent gM a0.613698630   0.0134104       0.0105408       0.0028438       0.0608427                          
    57:pent gM a0.638356164   0.0134104       0.0105408       0.0028438       0.0608427                          
    58:pent gM a0.646575342   0.0134104       0.0105408       0.0028438       0.0608427                          
    59:pent gM a0.649315068   0.0134104       0.0105408       0.0028438       0.0608427                          
    60:pent gM a0.652054794   0.0134104       0.0105408       0.0028438       0.0608427                          
    61:pent gM a0.704109589   0.0134104       0.0105408       0.0028438       0.0608427                          
    62:pent gM a0.706849315   0.0134104       0.0105408       0.0028438       0.0608427                          
    63:pent gM a0.709589041   0.0134104       0.0105408       0.0028438       0.0608427                          
    64:pent gM a0.827397260   0.0134104       0.0105408       0.0028438       0.0608427                          

  Program  MARK  - Survival Rate Estimation with Capture-Recapture Data
   gfortran(dble) Vers. 9.0 Mar 2018    25-Mar-2020 14:32:32    Page  011
 - - - - - - - - - - - - - - - - - - - - - - - - - - - - - - - - - - - - - -
 


                      Estimates of Derived Parameters
 Gross Birth+Immigration Estimates of { Phi(~sex)p(~sex)pent(~sex)N(~sex) }
                                                95% Confidence Interval
 Grp. Occ.   B*-hat          Standard Error      Lower           Upper
 ---- ----   --------------  --------------  --------------  --------------
   1     1    0.1963081       0.3501801       0.0188255       2.0470610    
   1     2    0.1958968       0.3492749       0.0187975       2.0415225    
   1     3    0.1958968       0.3492749       0.0187975       2.0415225    
   1     4    0.1963081       0.3501801       0.0188255       2.0470610    
   1     5    0.1967200       0.3510869       0.0188534       2.0526102    
   1     6    0.1958968       0.3492749       0.0187975       2.0415225    
   1     7    0.1958968       0.3492749       0.0187975       2.0415225    
   1     8    0.1963081       0.3501801       0.0188255       2.0470610    
   1     9    0.1963081       0.3501801       0.0188255       2.0470610    
   1    10    0.1967200       0.3510869       0.0188534       2.0526102    
   1    11    0.1958968       0.3492749       0.0187975       2.0415225    
   1    12    0.1975455       0.3529054       0.0189095       2.0637403    
   1    13    0.1963081       0.3501801       0.0188255       2.0470610    
   1    14    0.1996194       0.3574805       0.0190500       2.0917516    
   1    15    0.1958968       0.3492749       0.0187975       2.0415225    
   1    16    0.1963081       0.3501801       0.0188255       2.0470610    
   1    17    0.1958968       0.3492749       0.0187975       2.0415225    
   1    18    0.1971325       0.3519953       0.0188814       2.0581699    
   1    19    0.2319874       0.4299876       0.0212105       2.5373344    
   1    20    0.1967200       0.3510869       0.0188534       2.0526102    
   1    21    0.2361371       0.4394154       0.0214839       2.5954703    
   1    22    0.1992035       0.3565622       0.0190218       2.0861281    
   1    23    0.1967200       0.3510869       0.0188534       2.0526102    
   1    24    0.1958968       0.3492749       0.0187975       2.0415225    
   1    25    0.1958968       0.3492749       0.0187975       2.0415225    
   1    26    0.2033885       0.3658192       0.0193047       2.1428414    
   1    27    0.1958968       0.3492749       0.0187975       2.0415225    
   1    28    0.1958968       0.3492749       0.0187975       2.0415225    
   1    29    0.2136667       0.3887066       0.0199946       2.2832884    
   2     1    0.4881362       0.4361707       0.1087487       2.1910779    
   2     2    0.4879514       0.4358486       0.1087520       2.1893528    
   2     3    0.4879514       0.4358486       0.1087520       2.1893528    
   2     4    0.4881362       0.4361707       0.1087487       2.1910779    
   2     5    0.4883211       0.4364930       0.1087454       2.1928047    
   2     6    0.4879514       0.4358486       0.1087520       2.1893528    
   2     7    0.4879514       0.4358486       0.1087520       2.1893528    
   2     8    0.4881362       0.4361707       0.1087487       2.1910779    
   2     9    0.4881362       0.4361707       0.1087487       2.1910779    

  Program  MARK  - Survival Rate Estimation with Capture-Recapture Data
   gfortran(dble) Vers. 9.0 Mar 2018    25-Mar-2020 14:32:32    Page  012
 - - - - - - - - - - - - - - - - - - - - - - - - - - - - - - - - - - - - - -
 
   2    10    0.4883211       0.4364930       0.1087454       2.1928047    
   2    11    0.4879514       0.4358486       0.1087520       2.1893528    
   2    12    0.4886910       0.4371385       0.1087387       2.1962628    
   2    13    0.4881362       0.4361707       0.1087487       2.1910779    
   2    14    0.4896164       0.4387566       0.1087217       2.2049353    
   2    15    0.4879514       0.4358486       0.1087520       2.1893528    
   2    16    0.4881362       0.4361707       0.1087487       2.1910779    
   2    17    0.4879514       0.4358486       0.1087520       2.1893528    
   2    18    0.4885060       0.4368157       0.1087421       2.1945329    
   2    19    0.5034498       0.4634266       0.1084177       2.3378253    
   2    20    0.4883211       0.4364930       0.1087454       2.1928047    
   2    21    0.5051497       0.4665184       0.1083751       2.3545657    
   2    22    0.4894312       0.4384325       0.1087251       2.2031977    
   2    23    0.4883211       0.4364930       0.1087454       2.1928047    
   2    24    0.4879514       0.4358486       0.1087520       2.1893528    
   2    25    0.4879514       0.4358486       0.1087520       2.1893528    
   2    26    0.4912852       0.4416848       0.1086897       2.2206438    
   2    27    0.4879514       0.4358486       0.1087520       2.1893528    
   2    28    0.4879514       0.4358486       0.1087520       2.1893528    
   2    29    0.4957538       0.4495917       0.1085973       2.2631483    

 Net Birth+Immigration Estimates of { Phi(~sex)p(~sex)pent(~sex)N(~sex) }
                                                95% Confidence Interval
 Grp. Occ.   B-hat           Standard Error      Lower           Upper
 ---- ----   --------------  --------------  --------------  --------------
   1     1    0.1954861       0.3483714       0.0187696       2.0359946    
   1     2    0.1954861       0.3483714       0.0187696       2.0359946    
   1     3    0.1954861       0.3483714       0.0187696       2.0359946    
   1     4    0.1954861       0.3483714       0.0187696       2.0359946    
   1     5    0.1954861       0.3483714       0.0187696       2.0359946    
   1     6    0.1954861       0.3483714       0.0187696       2.0359946    
   1     7    0.1954861       0.3483714       0.0187696       2.0359946    
   1     8    0.1954861       0.3483714       0.0187696       2.0359946    
   1     9    0.1954861       0.3483714       0.0187696       2.0359946    
   1    10    0.1954861       0.3483714       0.0187696       2.0359946    
   1    11    0.1954861       0.3483714       0.0187696       2.0359946    
   1    12    0.1954861       0.3483714       0.0187696       2.0359946    
   1    13    0.1954861       0.3483714       0.0187696       2.0359946    
   1    14    0.1954861       0.3483714       0.0187696       2.0359946    
   1    15    0.1954861       0.3483714       0.0187696       2.0359946    
   1    16    0.1954861       0.3483714       0.0187696       2.0359946    
   1    17    0.1954861       0.3483714       0.0187696       2.0359946    
   1    18    0.1954861       0.3483714       0.0187696       2.0359946    
   1    19    0.1954861       0.3483714       0.0187696       2.0359946    
   1    20    0.1954861       0.3483714       0.0187696       2.0359946    
   1    21    0.1954861       0.3483714       0.0187696       2.0359946    
   1    22    0.1954861       0.3483714       0.0187696       2.0359946    
   1    23    0.1954861       0.3483714       0.0187696       2.0359946    
   1    24    0.1954861       0.3483714       0.0187696       2.0359946    
   1    25    0.1954861       0.3483714       0.0187696       2.0359946    
   1    26    0.1954861       0.3483714       0.0187696       2.0359946    
   1    27    0.1954861       0.3483714       0.0187696       2.0359946    
   1    28    0.1954861       0.3483714       0.0187696       2.0359946    
   1    29    0.1954861       0.3483714       0.0187696       2.0359946    
   2     1    0.4877666       0.4355267       0.1087553       2.1876292    
   2     2    0.4877666       0.4355267       0.1087553       2.1876292    
   2     3    0.4877666       0.4355267       0.1087553       2.1876292    
   2     4    0.4877666       0.4355267       0.1087553       2.1876292    
   2     5    0.4877666       0.4355267       0.1087553       2.1876292    
   2     6    0.4877666       0.4355267       0.1087553       2.1876292    
   2     7    0.4877666       0.4355267       0.1087553       2.1876292    
   2     8    0.4877666       0.4355267       0.1087553       2.1876292    
   2     9    0.4877666       0.4355267       0.1087553       2.1876292    
   2    10    0.4877666       0.4355267       0.1087553       2.1876292    
   2    11    0.4877666       0.4355267       0.1087553       2.1876292    
   2    12    0.4877666       0.4355267       0.1087553       2.1876292    
   2    13    0.4877666       0.4355267       0.1087553       2.1876292    
   2    14    0.4877666       0.4355267       0.1087553       2.1876292    
   2    15    0.4877666       0.4355267       0.1087553       2.1876292    
   2    16    0.4877666       0.4355267       0.1087553       2.1876292    
   2    17    0.4877666       0.4355267       0.1087553       2.1876292    
   2    18    0.4877666       0.4355267       0.1087553       2.1876292    
   2    19    0.4877666       0.4355267       0.1087553       2.1876292    
   2    20    0.4877666       0.4355267       0.1087553       2.1876292    
   2    21    0.4877666       0.4355267       0.1087553       2.1876292    
   2    22    0.4877666       0.4355267       0.1087553       2.1876292    
   2    23    0.4877666       0.4355267       0.1087553       2.1876292    
   2    24    0.4877666       0.4355267       0.1087553       2.1876292    
   2    25    0.4877666       0.4355267       0.1087553       2.1876292    
   2    26    0.4877666       0.4355267       0.1087553       2.1876292    
   2    27    0.4877666       0.4355267       0.1087553       2.1876292    
   2    28    0.4877666       0.4355267       0.1087553       2.1876292    
   2    29    0.4877666       0.4355267       0.1087553       2.1876292    

      Population Estimates of { Phi(~sex)p(~sex)pent(~sex)N(~sex) }
                                                95% Confidence Interval
 Grp. Occ.   N-hat           Standard Error      Lower           Upper
 ---- ----   --------------  --------------  --------------  --------------
   1     1    17.229434       7.4358099       7.6643713       38.731602    
   1     2    17.280820       7.1275326       7.9464380       37.579950    
   1     3    17.403890       6.8326136       8.2864335       36.553166    
   1     4    17.526444       6.5440577       8.6332982       35.580403    
   1     5    17.575346       6.2581396       8.9290619       34.594093    
   1     6    17.550805       5.9777246       9.1684107       33.596964    
   1     7    17.672743       5.7108800       9.5287858       32.777089    
   1     8    17.794171       5.4533816       9.8909371       32.012388    
   1     9    17.840834       5.2059569       10.187943       31.242357    
   1    10    17.887107       4.9702982       10.480841       30.526996    
   1    11    17.858663       4.7490566       10.699041       29.809386    
   1    12    17.979311       4.5378746       11.046864       29.262207    
   1    13    17.801224       4.3535794       11.099076       28.550449    
   1    14    17.847829       4.1756367       11.352299       28.059955    
   1    15    17.309338       4.0583616       10.999359       27.239148    
   1    16    17.432288       3.9055818       11.297319       26.898831    
   1    17    17.481978       3.7818047       11.496128       26.584564    
   1    18    17.604205       3.6757549       11.742894       26.391111    
   1    19    17.506454       3.6100893       11.735159       26.116046    
   1    20    12.498235       4.4624411       6.3386239       24.643500    
   1    21    12.537255       4.3487805       6.4757100       24.272667    
   1    22    8.6793280       4.8227436       3.1400528       23.990276    
   1    23    8.5529063       4.6949544       3.1279638       23.386525    
   1    24    8.6413178       4.5727449       3.2631502       22.883524    
   1    25    8.8005919       4.4681192       3.4424774       22.498453    
   1    26    8.9591985       4.3880734       3.6104079       22.232180    

  Program  MARK  - Survival Rate Estimation with Capture-Recapture Data
   gfortran(dble) Vers. 9.0 Mar 2018    25-Mar-2020 14:32:32    Page  013
 - - - - - - - - - - - - - - - - - - - - - - - - - - - - - - - - - - - - - -
 
   1    27    8.4676222       4.3685964       3.2677123       21.942148    
   1    28    8.6276242       4.3239171       3.4115261       21.818945    
   1    29    8.7869556       4.3055690       3.5397474       21.812457    
   1    30    7.5307653       4.2867704       2.6660725       21.271899    
   2     1    22.227087       9.1586894       10.228112       48.302503    
   2     2    22.681204       8.7638316       10.917822       47.119017    
   2     3    23.151796       8.3669042       11.650677       46.006395    
   2     4    23.622032       7.9737140       12.407971       44.971121    
   2     5    24.074037       7.5914693       13.166285       44.018435    
   2     6    24.507157       7.2216228       13.920806       43.144107    
   2     7    24.976366       6.8424340       14.741409       42.317451    
   2     8    25.445219       6.4695193       15.579807       41.557587    
   2     9    25.894465       6.1123160       16.405781       40.871161    
   2    10    26.343030       5.7637629       17.242306       40.247242    
   2    11    26.770999       5.4344844       18.055516       39.693488    
   2    12    27.238494       5.0980897       18.933657       39.186067    
   2    13    27.623288       4.8148010       19.679544       38.773562    
   2    14    28.069236       4.5175274       20.516753       38.401885    
   2    15    28.345177       4.3269048       21.051741       38.165445    
   2    16    28.811480       4.0567103       21.892750       37.916724    
   2    17    29.255629       3.8252928       22.666302       37.760541    
   2    18    29.721242       3.6148079       23.437894       37.689063    
   2    19    30.119088       3.4727187       24.044773       37.727929    
   2    20    28.750039       4.7843654       20.794646       39.748921    
   2    21    29.172544       4.6548619       21.379829       39.805617    
   2    22    27.675856       6.6759862       17.364659       44.109878    
   2    23    27.975580       6.7071427       17.601292       44.464524    
   2    24    28.399843       6.6158753       18.098180       44.565315    
   2    25    28.866104       6.5003694       18.666712       44.638392    
   2    26    29.332013       6.4108356       19.207242       44.793885    
   2    27    29.400633       6.7755337       18.824409       45.918956    
   2    28    29.866137       6.7242161       19.315048       46.180891    
   2    29    30.331288       6.6991323       19.775184       46.522299    
   2    30    29.846985       7.6585047       18.195209       48.960280    

   Gross Population Estimates of { Phi(~sex)p(~sex)pent(~sex)N(~sex) }
                                                95% Confidence Interval
 Grp. Occ.   N*-hat          Standard Error      Lower           Upper
 ---- ----   --------------  --------------  --------------  --------------
   1     0    23.027708       5.7016824       14.276302       37.143744    
   2     0    36.428537       5.3083712       27.419104       48.398311    

   CPU Time for the last procedure was 0.17 seconds.     

  Program  MARK  - Survival Rate Estimation with Capture-Recapture Data
   gfortran(dble) Vers. 9.0 Mar 2018    25-Mar-2020 14:32:32    Page  014
 - - - - - - - - - - - - - - - - - - - - - - - - - - - - - - - - - - - - - -
 


  INPUT --- proc stop;

     CPU Time in minutes for this job was 0.00

     Time Start = 14:32:31.780   Time End = 14:32:32.205

     Wall Clock Time in minutes for this job was 0.01


          E X E C U T I O N   S U C C E S S F U L 
