
   Program  MARK  - Survival Rate Estimation with Capture-Recapture Data
   gfortran(dble) Vers. 9.0 Mar 2018    25-Mar-2020 14:32:26    Page  001
 - - - - - - - - - - - - - - - - - - - - - - - - - - - - - - - - - - - - - -
 
   This version was compiled by GCC version 7.2.0 using the options: 
     -cpp -iprefix C:/Program Files/mingw-w64/x86_64-7.2.0-posix-seh-rt_v5-rev1/
     mingw64/bin/../lib/gcc/x86_64-w64-mingw32/7.2.0/ -D_MT -D_REENTRANT
     -U_REENTRANT -D IEEE -D DBLEPRECISION -m64 -mtune=core2 -march=nocona -mthreads
     -O2 -fimplicit-none -fbounds-check -funroll-loops -ftree-vectorize
     -ffpe-summary=invalid,zero,overflow,underflow -fno-unsafe-math-optimizations
     -frounding-math -fsignaling-nans -fopenmp.

   This problem will use 15 of 16 possible threads.


  INPUT --- proc title ;

   CPU Time for the last procedure was 0.01 seconds.     


  INPUT --- proc chmatrix occasions= 30 groups= 2 etype= POPAN Nodes= 
  INPUT --- 101 ICMeans NoHist hist= 41  ;

  INPUT ---    time interval 0.00547945205479452 0.00273972602739726 
  INPUT ---    0.00273972602739726 0.00547945205479452  
  INPUT ---    0.00821917808219178 0.00273972602739726 0.00273972602739726 
  INPUT ---    0.00547945205479452  0.00547945205479452 
  INPUT ---    0.00821917808219178 0.00273972602739726 0.0136986301369863 
  INPUT ---    0.00547945205479452  0.0273972602739726 0.00273972602739726 
  INPUT ---    0.00547945205479452 0.00273972602739726 0.010958904109589  
  INPUT ---    0.23013698630137 0.00821917808219178 0.254794520547945 
  INPUT ---    0.0246575342465753 0.00821917808219178  0.00273972602739726 
  INPUT ---    0.00273972602739726 0.0520547945205479 0.00273972602739726 
  INPUT ---    0.00273972602739726  0.117808219178082 ;

  INPUT ---    glabel(1)=sexF;

  INPUT ---    glabel(2)=sexM;

   * *  WARNING  * *   At least a pair of the encounter histories are duplicates. 

      Number of unique encounter histories read was 38.

      Number of individual covariates read was 0.
      Time interval lengths vary and/or not equal to 1.

      Data type number is 19
      Data type is POPAN                                                                                               

   CPU Time for the last procedure was 0.02 seconds.     

  Program  MARK  - Survival Rate Estimation with Capture-Recapture Data
   gfortran(dble) Vers. 9.0 Mar 2018    25-Mar-2020 14:32:26    Page  002
 - - - - - - - - - - - - - - - - - - - - - - - - - - - - - - - - - - - - - -
 


  INPUT --- proc estimate link=Parm-Specific NOLOOP varest=2ndPart    ;


  INPUT --- model={ Phi(~sex)p(~sex)pent(~1)N(~sex) };

  INPUT ---    group=1 Phi    rows=1 cols=29 Square ;
  INPUT ---        1 1 1 1 1 1 1 1 1 1 1 1 1 1 1 1 1 1 1 1 1 1 1 1 1 1 1 1 1 ;

  INPUT ---    group=2 Phi    rows=1 cols=29 Square ;
  INPUT ---        2 2 2 2 2 2 2 2 2 2 2 2 2 2 2 2 2 2 2 2 2 2 2 2 2 2 2 2 2 ;

  INPUT ---    group=1 p    rows=1 cols=30 Square ;
  INPUT ---        3 3 3 3 3 3 3 3 3 3 3 3 3 3 3 3 3 3 3 3 3 3 3 3 3 3 3 3 3 
  INPUT ---       3 ;

  INPUT ---    group=2 p    rows=1 cols=30 Square ;
  INPUT ---        4 4 4 4 4 4 4 4 4 4 4 4 4 4 4 4 4 4 4 4 4 4 4 4 4 4 4 4 4 
  INPUT ---       4 ;

  INPUT ---    group=1 pent    rows=1 cols=29 Square ;
  INPUT ---        7 8 9 10 11 12 13 14 15 16 17 18 19 20 21 22 23 24 25 26 
  INPUT ---       27 28 29 30 31 32 33 34 35 ;

  INPUT ---    group=2 pent    rows=1 cols=29 Square ;
  INPUT ---        36 37 38 39 40 41 42 43 44 45 46 47 48 49 50 51 52 53 54 
  INPUT ---       55 56 57 58 59 60 61 62 63 64 ;

  INPUT ---    group=1 N    rows=1 cols=1 Square ;
  INPUT ---        5 ;

  INPUT ---    group=2 N    rows=1 cols=1 Square ;
  INPUT ---        6 ;

  INPUT ---    design matrix constraints=64 covariates=7;
  INPUT ---        1 0 0 0 0 0 0;
  INPUT ---        1 1 0 0 0 0 0;
  INPUT ---        0 0 1 0 0 0 0;
  INPUT ---        0 0 1 1 0 0 0;
  INPUT ---        0 0 0 0 0 1 0;
  INPUT ---        0 0 0 0 0 1 1;
  INPUT ---        0 0 0 0 1 0 0;
  INPUT ---        0 0 0 0 1 0 0;
  INPUT ---        0 0 0 0 1 0 0;
  INPUT ---        0 0 0 0 1 0 0;

  Program  MARK  - Survival Rate Estimation with Capture-Recapture Data
   gfortran(dble) Vers. 9.0 Mar 2018    25-Mar-2020 14:32:26    Page  003
 - - - - - - - - - - - - - - - - - - - - - - - - - - - - - - - - - - - - - -
 
  INPUT ---        0 0 0 0 1 0 0;
  INPUT ---        0 0 0 0 1 0 0;
  INPUT ---        0 0 0 0 1 0 0;
  INPUT ---        0 0 0 0 1 0 0;
  INPUT ---        0 0 0 0 1 0 0;
  INPUT ---        0 0 0 0 1 0 0;
  INPUT ---        0 0 0 0 1 0 0;
  INPUT ---        0 0 0 0 1 0 0;
  INPUT ---        0 0 0 0 1 0 0;
  INPUT ---        0 0 0 0 1 0 0;
  INPUT ---        0 0 0 0 1 0 0;
  INPUT ---        0 0 0 0 1 0 0;
  INPUT ---        0 0 0 0 1 0 0;
  INPUT ---        0 0 0 0 1 0 0;
  INPUT ---        0 0 0 0 1 0 0;
  INPUT ---        0 0 0 0 1 0 0;
  INPUT ---        0 0 0 0 1 0 0;
  INPUT ---        0 0 0 0 1 0 0;
  INPUT ---        0 0 0 0 1 0 0;
  INPUT ---        0 0 0 0 1 0 0;
  INPUT ---        0 0 0 0 1 0 0;
  INPUT ---        0 0 0 0 1 0 0;
  INPUT ---        0 0 0 0 1 0 0;
  INPUT ---        0 0 0 0 1 0 0;
  INPUT ---        0 0 0 0 1 0 0;
  INPUT ---        0 0 0 0 1 0 0;
  INPUT ---        0 0 0 0 1 0 0;
  INPUT ---        0 0 0 0 1 0 0;
  INPUT ---        0 0 0 0 1 0 0;
  INPUT ---        0 0 0 0 1 0 0;
  INPUT ---        0 0 0 0 1 0 0;
  INPUT ---        0 0 0 0 1 0 0;
  INPUT ---        0 0 0 0 1 0 0;
  INPUT ---        0 0 0 0 1 0 0;
  INPUT ---        0 0 0 0 1 0 0;
  INPUT ---        0 0 0 0 1 0 0;
  INPUT ---        0 0 0 0 1 0 0;
  INPUT ---        0 0 0 0 1 0 0;
  INPUT ---        0 0 0 0 1 0 0;
  INPUT ---        0 0 0 0 1 0 0;
  INPUT ---        0 0 0 0 1 0 0;
  INPUT ---        0 0 0 0 1 0 0;
  INPUT ---        0 0 0 0 1 0 0;
  INPUT ---        0 0 0 0 1 0 0;
  INPUT ---        0 0 0 0 1 0 0;
  INPUT ---        0 0 0 0 1 0 0;

  Program  MARK  - Survival Rate Estimation with Capture-Recapture Data
   gfortran(dble) Vers. 9.0 Mar 2018    25-Mar-2020 14:32:27    Page  004
 - - - - - - - - - - - - - - - - - - - - - - - - - - - - - - - - - - - - - -
 
  INPUT ---        0 0 0 0 1 0 0;
  INPUT ---        0 0 0 0 1 0 0;
  INPUT ---        0 0 0 0 1 0 0;
  INPUT ---        0 0 0 0 1 0 0;
  INPUT ---        0 0 0 0 1 0 0;
  INPUT ---        0 0 0 0 1 0 0;
  INPUT ---        0 0 0 0 1 0 0;
  INPUT ---        0 0 0 0 1 0 0;

  INPUT ---    links=64;

  INPUT ---    Logit;

  INPUT ---    Logit;

  INPUT ---    Logit;

  INPUT ---    Logit;

  INPUT ---    Log;

  INPUT ---    Log;

  INPUT ---    mlogit(1);

  INPUT ---    mlogit(1);

  INPUT ---    mlogit(1);

  INPUT ---    mlogit(1);

  INPUT ---    mlogit(1);

  INPUT ---    mlogit(1);

  INPUT ---    mlogit(1);

  INPUT ---    mlogit(1);

  INPUT ---    mlogit(1);

  INPUT ---    mlogit(1);

  INPUT ---    mlogit(1);

  INPUT ---    mlogit(1);

  Program  MARK  - Survival Rate Estimation with Capture-Recapture Data
   gfortran(dble) Vers. 9.0 Mar 2018    25-Mar-2020 14:32:27    Page  005
 - - - - - - - - - - - - - - - - - - - - - - - - - - - - - - - - - - - - - -
 

  INPUT ---    mlogit(1);

  INPUT ---    mlogit(1);

  INPUT ---    mlogit(1);

  INPUT ---    mlogit(1);

  INPUT ---    mlogit(1);

  INPUT ---    mlogit(1);

  INPUT ---    mlogit(1);

  INPUT ---    mlogit(1);

  INPUT ---    mlogit(1);

  INPUT ---    mlogit(1);

  INPUT ---    mlogit(1);

  INPUT ---    mlogit(1);

  INPUT ---    mlogit(1);

  INPUT ---    mlogit(1);

  INPUT ---    mlogit(1);

  INPUT ---    mlogit(1);

  INPUT ---    mlogit(1);

  INPUT ---    mlogit(2);

  INPUT ---    mlogit(2);

  INPUT ---    mlogit(2);

  INPUT ---    mlogit(2);

  INPUT ---    mlogit(2);

  INPUT ---    mlogit(2);

  Program  MARK  - Survival Rate Estimation with Capture-Recapture Data
   gfortran(dble) Vers. 9.0 Mar 2018    25-Mar-2020 14:32:27    Page  006
 - - - - - - - - - - - - - - - - - - - - - - - - - - - - - - - - - - - - - -
 

  INPUT ---    mlogit(2);

  INPUT ---    mlogit(2);

  INPUT ---    mlogit(2);

  INPUT ---    mlogit(2);

  INPUT ---    mlogit(2);

  INPUT ---    mlogit(2);

  INPUT ---    mlogit(2);

  INPUT ---    mlogit(2);

  INPUT ---    mlogit(2);

  INPUT ---    mlogit(2);

  INPUT ---    mlogit(2);

  INPUT ---    mlogit(2);

  INPUT ---    mlogit(2);

  INPUT ---    mlogit(2);

  INPUT ---    mlogit(2);

  INPUT ---    mlogit(2);

  INPUT ---    mlogit(2);

  INPUT ---    mlogit(2);

  INPUT ---    mlogit(2);

  INPUT ---    mlogit(2);

  INPUT ---    mlogit(2);

  INPUT ---    mlogit(2);

  INPUT ---    mlogit(2);

  Program  MARK  - Survival Rate Estimation with Capture-Recapture Data
   gfortran(dble) Vers. 9.0 Mar 2018    25-Mar-2020 14:32:27    Page  007
 - - - - - - - - - - - - - - - - - - - - - - - - - - - - - - - - - - - - - -
 
  INPUT ---       blabel(1)=Phi:(Intercept);
  INPUT ---       blabel(2)=Phi:sexM;
  INPUT ---       blabel(3)=p:(Intercept);
  INPUT ---       blabel(4)=p:sexM;
  INPUT ---       blabel(5)=pent:(Intercept);
  INPUT ---       blabel(6)=N:(Intercept);
  INPUT ---       blabel(7)=N:sexM;
  INPUT ---       rlabel(1)=Phi gF a0 t1;
  INPUT ---       rlabel(2)=Phi gM a0 t1;
  INPUT ---       rlabel(3)=p gF a0 t1;
  INPUT ---       rlabel(4)=p gM a0 t1;
  INPUT ---       rlabel(5)=N gF a0 t1;
  INPUT ---       rlabel(6)=N gM a0 t1;
  INPUT ---       rlabel(7)=pent gF a0.00547945205479452 t1.00547945205479;
  INPUT ---       rlabel(8)=pent gF a0.00821917808219178 t1.00821917808219;
  INPUT ---       rlabel(9)=pent gF a0.010958904109589 t1.01095890410959;
  INPUT ---       rlabel(10)=pent gF a0.0164383561643836 t1.01643835616438;
  INPUT ---       rlabel(11)=pent gF a0.0246575342465753 t1.02465753424658;
  INPUT ---       rlabel(12)=pent gF a0.0273972602739726 t1.02739726027397;
  INPUT ---       rlabel(13)=pent gF a0.0301369863013699 t1.03013698630137;
  INPUT ---       rlabel(14)=pent gF a0.0356164383561644 t1.03561643835616;
  INPUT ---       rlabel(15)=pent gF a0.0410958904109589 t1.04109589041096;
  INPUT ---       rlabel(16)=pent gF a0.0493150684931507 t1.04931506849315;
  INPUT ---       rlabel(17)=pent gF a0.0520547945205479 t1.05205479452055;
  INPUT ---       rlabel(18)=pent gF a0.0657534246575342 t1.06575342465753;
  INPUT ---       rlabel(19)=pent gF a0.0712328767123288 t1.07123287671233;
  INPUT ---       rlabel(20)=pent gF a0.0986301369863014 t1.0986301369863;
  INPUT ---       rlabel(21)=pent gF a0.101369863013699 t1.1013698630137;
  INPUT ---       rlabel(22)=pent gF a0.106849315068493 t1.10684931506849;
  INPUT ---       rlabel(23)=pent gF a0.10958904109589 t1.10958904109589;
  INPUT ---       rlabel(24)=pent gF a0.120547945205479 t1.12054794520548;
  INPUT ---       rlabel(25)=pent gF a0.350684931506849 t1.35068493150685;
  INPUT ---       rlabel(26)=pent gF a0.358904109589041 t1.35890410958904;
  INPUT ---       rlabel(27)=pent gF a0.613698630136986 t1.61369863013699;
  INPUT ---       rlabel(28)=pent gF a0.638356164383562 t1.63835616438356;
  INPUT ---       rlabel(29)=pent gF a0.646575342465753 t1.64657534246575;
  INPUT ---       rlabel(30)=pent gF a0.649315068493151 t1.64931506849315;
  INPUT ---       rlabel(31)=pent gF a0.652054794520548 t1.65205479452055;
  INPUT ---       rlabel(32)=pent gF a0.704109589041096 t1.7041095890411;
  INPUT ---       rlabel(33)=pent gF a0.706849315068493 t1.70684931506849;
  INPUT ---       rlabel(34)=pent gF a0.70958904109589 t1.70958904109589;
  INPUT ---       rlabel(35)=pent gF a0.827397260273973 t1.82739726027397;
  INPUT ---       rlabel(36)=pent gM a0.00547945205479452 t1.00547945205479;
  INPUT ---       rlabel(37)=pent gM a0.00821917808219178 t1.00821917808219;
  INPUT ---       rlabel(38)=pent gM a0.010958904109589 t1.01095890410959;
  INPUT ---       rlabel(39)=pent gM a0.0164383561643836 t1.01643835616438;

  Program  MARK  - Survival Rate Estimation with Capture-Recapture Data
   gfortran(dble) Vers. 9.0 Mar 2018    25-Mar-2020 14:32:27    Page  008
 - - - - - - - - - - - - - - - - - - - - - - - - - - - - - - - - - - - - - -
 
  INPUT ---       rlabel(40)=pent gM a0.0246575342465753 t1.02465753424658;
  INPUT ---       rlabel(41)=pent gM a0.0273972602739726 t1.02739726027397;
  INPUT ---       rlabel(42)=pent gM a0.0301369863013699 t1.03013698630137;
  INPUT ---       rlabel(43)=pent gM a0.0356164383561644 t1.03561643835616;
  INPUT ---       rlabel(44)=pent gM a0.0410958904109589 t1.04109589041096;
  INPUT ---       rlabel(45)=pent gM a0.0493150684931507 t1.04931506849315;
  INPUT ---       rlabel(46)=pent gM a0.0520547945205479 t1.05205479452055;
  INPUT ---       rlabel(47)=pent gM a0.0657534246575342 t1.06575342465753;
  INPUT ---       rlabel(48)=pent gM a0.0712328767123288 t1.07123287671233;
  INPUT ---       rlabel(49)=pent gM a0.0986301369863014 t1.0986301369863;
  INPUT ---       rlabel(50)=pent gM a0.101369863013699 t1.1013698630137;
  INPUT ---       rlabel(51)=pent gM a0.106849315068493 t1.10684931506849;
  INPUT ---       rlabel(52)=pent gM a0.10958904109589 t1.10958904109589;
  INPUT ---       rlabel(53)=pent gM a0.120547945205479 t1.12054794520548;
  INPUT ---       rlabel(54)=pent gM a0.350684931506849 t1.35068493150685;
  INPUT ---       rlabel(55)=pent gM a0.358904109589041 t1.35890410958904;
  INPUT ---       rlabel(56)=pent gM a0.613698630136986 t1.61369863013699;
  INPUT ---       rlabel(57)=pent gM a0.638356164383562 t1.63835616438356;
  INPUT ---       rlabel(58)=pent gM a0.646575342465753 t1.64657534246575;
  INPUT ---       rlabel(59)=pent gM a0.649315068493151 t1.64931506849315;
  INPUT ---       rlabel(60)=pent gM a0.652054794520548 t1.65205479452055;
  INPUT ---       rlabel(61)=pent gM a0.704109589041096 t1.7041095890411;
  INPUT ---       rlabel(62)=pent gM a0.706849315068493 t1.70684931506849;
  INPUT ---       rlabel(63)=pent gM a0.70958904109589 t1.70958904109589;
  INPUT ---       rlabel(64)=pent gM a0.827397260273973 t1.82739726027397;

 Link Function Used is PARM-SPECIFIC

 Variance Estimation Procedure Used is 2ndPart 

 M(t+1):
      16     29



 Group: 1

 U(t)+UL(t):
       0    2    2    0    1    0    3    1    1    0    0    0    0    0    1
       0    0    0    2    1    1    0    0    0    1    0    0    0    0    0

 U(t):
       0    2    2    0    1    0    3    1    1    0    0    0    0    0    1
       0    0    0    2    1    1    0    0    0    1    0    0    0    0    0

 UL(t):
       0    0    0    0    0    0    0    0    0    0    0    0    0    0    0
       0    0    0    0    0    0    0    0    0    0    0    0    0    0    0

 Not Released(t):
       0    0    0    0    0    0    0    0    0    0    0    0    0    0    0
       0    0    0    0    0    0    0    0    0    0    0    0    0    0    0

 Group: 2

 U(t)+UL(t):
       3    0    1    1    1    1    1    0    1    1    2    1    3    3    1
       1    0    2    3    1    0    0    1    0    0    0    0    0    0    1

 U(t):
       3    0    1    1    1    1    1    0    1    1    2    1    3    3    1
       1    0    2    3    1    0    0    1    0    0    0    0    0    0    1

 UL(t):
       0    0    0    0    0    0    0    0    0    0    0    0    0    0    0
       0    0    0    0    0    0    0    0    0    0    0    0    0    0    0

 Not Released(t):
       0    0    0    0    0    0    0    0    0    0    0    0    0    0    0
       0    0    0    0    0    0    0    0    0    0    0    0    0    0    0
 -2logL(saturated) = 272.93564     
 Effective Sample Size = 98

 Number of function evaluations was 27 for 7 parameters.
 Time for numerical optimization was 0.03 seconds.     
 -2logL { Phi(~sex)p(~sex)pent(~1)N(~sex) } = 511.81581     
 Penalty { Phi(~sex)p(~sex)pent(~1)N(~sex) } = 0.0000000     
 Gradient { Phi(~sex)p(~sex)pent(~1)N(~sex) }:
  0.9356113E-05   0.000000      0.1494202E-04  0.1352801E-04  0.3000182E-05
  0.2519916E-05  0.2019427E-04
 Maximum ABS(G) { Phi(~sex)p(~sex)pent(~1)N(~sex) } = 0.2019427E-04 
 S Vector { Phi(~sex)p(~sex)pent(~1)N(~sex) }:
   120.2814      12.30717      8.198734      1.917557      1.071647    
  0.5250163     0.2155896    
 Time to compute number of parameters was 0.01 seconds.     
 Ratio Threshold = 50.000000       Max Gap (1/2) = 9.7732798       Next Max Gap (1/2) = 9.7732798     
 Gap Method for Num. of Estimated Parameters { Phi(~sex)p(~sex)pent(~1)N(~sex) } = 7          
 Threshold { Phi(~sex)p(~sex)pent(~1)N(~sex) } = 0.4038854E-04                 
 Numerical Threshold Method for Num. of Estimated Parameters { Phi(~sex)p(~sex)pent(~1)N(~sex) } = 7          
 Number of Estimated Parameters { Phi(~sex)p(~sex)pent(~1)N(~sex) } = 7          
 DEVIANCE { Phi(~sex)p(~sex)pent(~1)N(~sex) } = 238.88017                     
 DEVIANCE Degrees of Freedom { Phi(~sex)p(~sex)pent(~1)N(~sex) } = 34            
 c-hat { Phi(~sex)p(~sex)pent(~1)N(~sex) } = 7.0258873                     
 AIC { Phi(~sex)p(~sex)pent(~1)N(~sex) } = 525.81581                  
 AICc { Phi(~sex)p(~sex)pent(~1)N(~sex) } = 527.06025                    
 BIC { Phi(~sex)p(~sex)pent(~1)N(~sex) } = 543.91058                    
 Pearson Chisquare { Phi(~sex)p(~sex)pent(~1)N(~sex) } = 203761.47                  
 Possible Encounter Histories { Phi(~sex)p(~sex)pent(~1)N(~sex) } = 2147483646             
 Pearson Chisquare df { Phi(~sex)p(~sex)pent(~1)N(~sex) } = 2147483637        
 Pearson chat { Phi(~sex)p(~sex)pent(~1)N(~sex) } = 0.9488383E-04              
 Sum(Observed/Expected) { Phi(~sex)p(~sex)pent(~1)N(~sex) } = 203545.70                  
 Fletcher chat { Phi(~sex)p(~sex)pent(~1)N(~sex) } = 1.0010601                  

  Program  MARK  - Survival Rate Estimation with Capture-Recapture Data
   gfortran(dble) Vers. 9.0 Mar 2018    25-Mar-2020 14:32:27    Page  009
 - - - - - - - - - - - - - - - - - - - - - - - - - - - - - - - - - - - - - -
 


             PARM-SPECIFIC Link Function Parameters of { Phi(~sex)p(~sex)pent(~1)N(~sex) }
                                                              95% Confidence Interval
 Parameter                    Beta         Standard Error      Lower           Upper
 -------------------------  --------------  --------------  --------------  --------------
    1:Phi:(Intercept)       -1.4463347       1.1699406      -3.7394184       0.8467490    
    2:Phi:sexM               2.7944468       2.0690292      -1.2608506       6.8497442    
    3:p:(Intercept)         -2.5741987       0.3159344      -3.1934302      -1.9549673    
    4:p:sexM                 0.1279400       0.3436840      -0.5456806       0.8015607    
    5:pent:(Intercept)      -4.0859551       1.1084036      -6.2584262      -1.9134839    
    6:N:(Intercept)          2.0276381       0.6708110       0.7128485       3.3424276    
    7:N:sexM                -0.1333999       0.8143715      -1.7295680       1.4627682    


             Real Function Parameters of { Phi(~sex)p(~sex)pent(~1)N(~sex) }
                                                               95% Confidence Interval
  Parameter                  Estimate       Standard Error      Lower           Upper
 --------------------------  --------------  --------------  --------------  --------------
     1:Phi gF a0 t1           0.1905663       0.1804643       0.0232161       0.6998847                          
     2:Phi gM a0 t1           0.7938208       0.3166069       0.0799247       0.9941741                          
     3:p gF a0 t1             0.0708175       0.0207892       0.0394137       0.1240127                          
     4:p gM a0 t1             0.0797126       0.0149419       0.0549155       0.1143519                          
     5:N gF a0 t1             23.596123       5.0955633       18.300012       41.087306                          
     6:N gM a0 t1             35.647482       4.5238910       30.983943       51.273328                          
     7:pent gF a0.005479452   0.0112996       0.0084204       0.0026019       0.0476816                          
     8:pent gF a0.008219178   0.0112996       0.0084204       0.0026019       0.0476816                          
     9:pent gF a0.010958904   0.0112996       0.0084204       0.0026019       0.0476816                          
    10:pent gF a0.016438356   0.0112996       0.0084204       0.0026019       0.0476816                          
    11:pent gF a0.024657534   0.0112996       0.0084204       0.0026019       0.0476816                          
    12:pent gF a0.027397260   0.0112996       0.0084204       0.0026019       0.0476816                          
    13:pent gF a0.030136986   0.0112996       0.0084204       0.0026019       0.0476816                          
    14:pent gF a0.035616438   0.0112996       0.0084204       0.0026019       0.0476816                          
    15:pent gF a0.041095890   0.0112996       0.0084204       0.0026019       0.0476816                          
    16:pent gF a0.049315068   0.0112996       0.0084204       0.0026019       0.0476816                          
    17:pent gF a0.052054794   0.0112996       0.0084204       0.0026019       0.0476816                          
    18:pent gF a0.065753424   0.0112996       0.0084204       0.0026019       0.0476816                          
    19:pent gF a0.071232876   0.0112996       0.0084204       0.0026019       0.0476816                          
    20:pent gF a0.098630136   0.0112996       0.0084204       0.0026019       0.0476816                          
    21:pent gF a0.101369863   0.0112996       0.0084204       0.0026019       0.0476816                          
    22:pent gF a0.106849315   0.0112996       0.0084204       0.0026019       0.0476816                          
    23:pent gF a0.109589041   0.0112996       0.0084204       0.0026019       0.0476816                          
    24:pent gF a0.120547945   0.0112996       0.0084204       0.0026019       0.0476816                          
    25:pent gF a0.350684931   0.0112996       0.0084204       0.0026019       0.0476816                          
    26:pent gF a0.358904109   0.0112996       0.0084204       0.0026019       0.0476816                          
    27:pent gF a0.613698630   0.0112996       0.0084204       0.0026019       0.0476816                          

  Program  MARK  - Survival Rate Estimation with Capture-Recapture Data
   gfortran(dble) Vers. 9.0 Mar 2018    25-Mar-2020 14:32:27    Page  010
 - - - - - - - - - - - - - - - - - - - - - - - - - - - - - - - - - - - - - -
 
    28:pent gF a0.638356164   0.0112996       0.0084204       0.0026019       0.0476816                          
    29:pent gF a0.646575342   0.0112996       0.0084204       0.0026019       0.0476816                          
    30:pent gF a0.649315068   0.0112996       0.0084204       0.0026019       0.0476816                          
    31:pent gF a0.652054794   0.0112996       0.0084204       0.0026019       0.0476816                          
    32:pent gF a0.704109589   0.0112996       0.0084204       0.0026019       0.0476816                          
    33:pent gF a0.706849315   0.0112996       0.0084204       0.0026019       0.0476816                          
    34:pent gF a0.709589041   0.0112996       0.0084204       0.0026019       0.0476816                          
    35:pent gF a0.827397260   0.0112996       0.0084204       0.0026019       0.0476816                          
    36:pent gM a0.005479452   0.0112996       0.0084204       0.0026019       0.0476816                          
    37:pent gM a0.008219178   0.0112996       0.0084204       0.0026019       0.0476816                          
    38:pent gM a0.010958904   0.0112996       0.0084204       0.0026019       0.0476816                          
    39:pent gM a0.016438356   0.0112996       0.0084204       0.0026019       0.0476816                          
    40:pent gM a0.024657534   0.0112996       0.0084204       0.0026019       0.0476816                          
    41:pent gM a0.027397260   0.0112996       0.0084204       0.0026019       0.0476816                          
    42:pent gM a0.030136986   0.0112996       0.0084204       0.0026019       0.0476816                          
    43:pent gM a0.035616438   0.0112996       0.0084204       0.0026019       0.0476816                          
    44:pent gM a0.041095890   0.0112996       0.0084204       0.0026019       0.0476816                          
    45:pent gM a0.049315068   0.0112996       0.0084204       0.0026019       0.0476816                          
    46:pent gM a0.052054794   0.0112996       0.0084204       0.0026019       0.0476816                          
    47:pent gM a0.065753424   0.0112996       0.0084204       0.0026019       0.0476816                          
    48:pent gM a0.071232876   0.0112996       0.0084204       0.0026019       0.0476816                          
    49:pent gM a0.098630136   0.0112996       0.0084204       0.0026019       0.0476816                          
    50:pent gM a0.101369863   0.0112996       0.0084204       0.0026019       0.0476816                          
    51:pent gM a0.106849315   0.0112996       0.0084204       0.0026019       0.0476816                          
    52:pent gM a0.109589041   0.0112996       0.0084204       0.0026019       0.0476816                          
    53:pent gM a0.120547945   0.0112996       0.0084204       0.0026019       0.0476816                          
    54:pent gM a0.350684931   0.0112996       0.0084204       0.0026019       0.0476816                          
    55:pent gM a0.358904109   0.0112996       0.0084204       0.0026019       0.0476816                          
    56:pent gM a0.613698630   0.0112996       0.0084204       0.0026019       0.0476816                          
    57:pent gM a0.638356164   0.0112996       0.0084204       0.0026019       0.0476816                          
    58:pent gM a0.646575342   0.0112996       0.0084204       0.0026019       0.0476816                          
    59:pent gM a0.649315068   0.0112996       0.0084204       0.0026019       0.0476816                          
    60:pent gM a0.652054794   0.0112996       0.0084204       0.0026019       0.0476816                          
    61:pent gM a0.704109589   0.0112996       0.0084204       0.0026019       0.0476816                          
    62:pent gM a0.706849315   0.0112996       0.0084204       0.0026019       0.0476816                          
    63:pent gM a0.709589041   0.0112996       0.0084204       0.0026019       0.0476816                          
    64:pent gM a0.827397260   0.0112996       0.0084204       0.0026019       0.0476816                          


                      Estimates of Derived Parameters
 Gross Birth+Immigration Estimates of { Phi(~sex)p(~sex)pent(~1)N(~sex) }
                                                95% Confidence Interval
 Grp. Occ.   B*-hat          Standard Error      Lower           Upper
 ---- ----   --------------  --------------  --------------  --------------
   1     1    0.2678395       0.2309862       0.0621071       1.1550681    

  Program  MARK  - Survival Rate Estimation with Capture-Recapture Data
   gfortran(dble) Vers. 9.0 Mar 2018    25-Mar-2020 14:32:27    Page  011
 - - - - - - - - - - - - - - - - - - - - - - - - - - - - - - - - - - - - - -
 
   1     2    0.2672326       0.2303153       0.0620109       1.1516238    
   1     3    0.2672326       0.2303153       0.0620109       1.1516238    
   1     4    0.2678395       0.2309862       0.0621071       1.1550681    
   1     5    0.2684472       0.2316588       0.0622033       1.1585216    
   1     6    0.2672326       0.2303153       0.0620109       1.1516238    
   1     7    0.2672326       0.2303153       0.0620109       1.1516238    
   1     8    0.2678395       0.2309862       0.0621071       1.1550681    
   1     9    0.2678395       0.2309862       0.0621071       1.1550681    
   1    10    0.2684472       0.2316588       0.0622033       1.1585216    
   1    11    0.2672326       0.2303153       0.0620109       1.1516238    
   1    12    0.2696655       0.2330090       0.0623958       1.1654557    
   1    13    0.2678395       0.2309862       0.0621071       1.1550681    
   1    14    0.2727273       0.2364135       0.0628768       1.1829507    
   1    15    0.2672326       0.2303153       0.0620109       1.1516238    
   1    16    0.2678395       0.2309862       0.0621071       1.1550681    
   1    17    0.2672326       0.2303153       0.0620109       1.1516238    
   1    18    0.2690559       0.2323331       0.0622996       1.1619841    
   1    19    0.3207133       0.2916452       0.0700351       1.4686498    
   1    20    0.2684472       0.2316588       0.0622033       1.1585216    
   1    21    0.3268888       0.2989767       0.0709152       1.5068173    
   1    22    0.2721131       0.2357293       0.0627806       1.1794334    
   1    23    0.2684472       0.2316588       0.0622033       1.1585216    
   1    24    0.2672326       0.2303153       0.0620109       1.1516238    
   1    25    0.2672326       0.2303153       0.0620109       1.1516238    
   1    26    0.2782963       0.2426464       0.0637430       1.2150169    
   1    27    0.2672326       0.2303153       0.0620109       1.1516238    
   1    28    0.2672326       0.2303153       0.0620109       1.1516238    
   1    29    0.2935093       0.2599252       0.0660564       1.3041532    
   2     1    0.4030570       0.3351419       0.0973368       1.6689992    
   2     2    0.4029296       0.3349311       0.0973396       1.6678946    
   2     3    0.4029296       0.3349311       0.0973396       1.6678946    
   2     4    0.4030570       0.3351419       0.0973368       1.6689992    
   2     5    0.4031845       0.3353529       0.0973339       1.6701048    
   2     6    0.4029296       0.3349311       0.0973396       1.6678946    
   2     7    0.4029296       0.3349311       0.0973396       1.6678946    
   2     8    0.4030570       0.3351419       0.0973368       1.6689992    
   2     9    0.4030570       0.3351419       0.0973368       1.6689992    
   2    10    0.4031845       0.3353529       0.0973339       1.6701048    
   2    11    0.4029296       0.3349311       0.0973396       1.6678946    
   2    12    0.4034395       0.3357753       0.0973280       1.6723192    
   2    13    0.4030570       0.3351419       0.0973368       1.6689992    
   2    14    0.4040776       0.3368346       0.0973128       1.6778738    
   2    15    0.4029296       0.3349311       0.0973396       1.6678946    
   2    16    0.4030570       0.3351419       0.0973368       1.6689992    
   2    17    0.4029296       0.3349311       0.0973396       1.6678946    
   2    18    0.4033120       0.3355640       0.0973309       1.6712115    

  Program  MARK  - Survival Rate Estimation with Capture-Recapture Data
   gfortran(dble) Vers. 9.0 Mar 2018    25-Mar-2020 14:32:27    Page  012
 - - - - - - - - - - - - - - - - - - - - - - - - - - - - - - - - - - - - - -
 
   2    19    0.4135990       0.3530265       0.0970204       1.7631764    
   2    20    0.4031845       0.3353529       0.0973339       1.6701048    
   2    21    0.4147670       0.3550608       0.0969769       1.7739454    
   2    22    0.4039499       0.3366224       0.0973159       1.6767607    
   2    23    0.4031845       0.3353529       0.0973339       1.6701048    
   2    24    0.4029296       0.3349311       0.0973396       1.6678946    
   2    25    0.4029296       0.3349311       0.0973396       1.6678946    
   2    26    0.4052277       0.3387525       0.0972840       1.6879388    
   2    27    0.4029296       0.3349311       0.0973396       1.6678946    
   2    28    0.4029296       0.3349311       0.0973396       1.6678946    
   2    29    0.4083054       0.3439368       0.0971977       1.7151987    

  Net Birth+Immigration Estimates of { Phi(~sex)p(~sex)pent(~1)N(~sex) }
                                                95% Confidence Interval
 Grp. Occ.   B-hat           Standard Error      Lower           Upper
 ---- ----   --------------  --------------  --------------  --------------
   1     1    0.2666267       0.2296460       0.0619147       1.1481886    
   1     2    0.2666267       0.2296460       0.0619147       1.1481886    
   1     3    0.2666267       0.2296460       0.0619147       1.1481886    
   1     4    0.2666267       0.2296460       0.0619147       1.1481886    
   1     5    0.2666267       0.2296460       0.0619147       1.1481886    
   1     6    0.2666267       0.2296460       0.0619147       1.1481886    
   1     7    0.2666267       0.2296460       0.0619147       1.1481886    
   1     8    0.2666267       0.2296460       0.0619147       1.1481886    
   1     9    0.2666267       0.2296460       0.0619147       1.1481886    
   1    10    0.2666267       0.2296460       0.0619147       1.1481886    
   1    11    0.2666267       0.2296460       0.0619147       1.1481886    
   1    12    0.2666267       0.2296460       0.0619147       1.1481886    
   1    13    0.2666267       0.2296460       0.0619147       1.1481886    
   1    14    0.2666267       0.2296460       0.0619147       1.1481886    
   1    15    0.2666267       0.2296460       0.0619147       1.1481886    
   1    16    0.2666267       0.2296460       0.0619147       1.1481886    
   1    17    0.2666267       0.2296460       0.0619147       1.1481886    
   1    18    0.2666267       0.2296460       0.0619147       1.1481886    
   1    19    0.2666267       0.2296460       0.0619147       1.1481886    
   1    20    0.2666267       0.2296460       0.0619147       1.1481886    
   1    21    0.2666267       0.2296460       0.0619147       1.1481886    
   1    22    0.2666267       0.2296460       0.0619147       1.1481886    
   1    23    0.2666267       0.2296460       0.0619147       1.1481886    
   1    24    0.2666267       0.2296460       0.0619147       1.1481886    
   1    25    0.2666267       0.2296460       0.0619147       1.1481886    
   1    26    0.2666267       0.2296460       0.0619147       1.1481886    
   1    27    0.2666267       0.2296460       0.0619147       1.1481886    
   1    28    0.2666267       0.2296460       0.0619147       1.1481886    
   1    29    0.2666267       0.2296460       0.0619147       1.1481886    
   2     1    0.4028022       0.3347205       0.0973425       1.6667912    
   2     2    0.4028022       0.3347205       0.0973425       1.6667912    
   2     3    0.4028022       0.3347205       0.0973425       1.6667912    
   2     4    0.4028022       0.3347205       0.0973425       1.6667912    
   2     5    0.4028022       0.3347205       0.0973425       1.6667912    
   2     6    0.4028022       0.3347205       0.0973425       1.6667912    
   2     7    0.4028022       0.3347205       0.0973425       1.6667912    
   2     8    0.4028022       0.3347205       0.0973425       1.6667912    
   2     9    0.4028022       0.3347205       0.0973425       1.6667912    
   2    10    0.4028022       0.3347205       0.0973425       1.6667912    
   2    11    0.4028022       0.3347205       0.0973425       1.6667912    
   2    12    0.4028022       0.3347205       0.0973425       1.6667912    
   2    13    0.4028022       0.3347205       0.0973425       1.6667912    
   2    14    0.4028022       0.3347205       0.0973425       1.6667912    
   2    15    0.4028022       0.3347205       0.0973425       1.6667912    
   2    16    0.4028022       0.3347205       0.0973425       1.6667912    
   2    17    0.4028022       0.3347205       0.0973425       1.6667912    
   2    18    0.4028022       0.3347205       0.0973425       1.6667912    
   2    19    0.4028022       0.3347205       0.0973425       1.6667912    
   2    20    0.4028022       0.3347205       0.0973425       1.6667912    
   2    21    0.4028022       0.3347205       0.0973425       1.6667912    
   2    22    0.4028022       0.3347205       0.0973425       1.6667912    
   2    23    0.4028022       0.3347205       0.0973425       1.6667912    
   2    24    0.4028022       0.3347205       0.0973425       1.6667912    
   2    25    0.4028022       0.3347205       0.0973425       1.6667912    
   2    26    0.4028022       0.3347205       0.0973425       1.6667912    
   2    27    0.4028022       0.3347205       0.0973425       1.6667912    
   2    28    0.4028022       0.3347205       0.0973425       1.6667912    
   2    29    0.4028022       0.3347205       0.0973425       1.6667912    

       Population Estimates of { Phi(~sex)p(~sex)pent(~1)N(~sex) }
                                                95% Confidence Interval
 Grp. Occ.   N-hat           Standard Error      Lower           Upper
 ---- ----   --------------  --------------  --------------  --------------
   1     1    15.863950       5.2703279       8.4137210       29.911250    
   1     2    15.987128       5.0937315       8.6913815       29.407091    
   1     3    16.181309       4.9374169       9.0165327       29.039406    
   1     4    16.374610       4.7878978       9.3403656       28.706354    
   1     5    16.493170       4.6337189       9.6091287       28.308982    
   1     6    16.536595       4.4772949       9.8184337       27.851587    
   1     7    16.728286       4.3505025       10.131846       27.619405    
   1     8    16.919108       4.2326311       10.438858       27.422179    
   1     9    17.032745       4.1150962       10.679256       27.166161    
   1    10    17.145353       4.0079745       10.909451       26.945732    
   1    11    17.179952       3.9043001       11.066373       26.670957    
   1    12    17.368728       3.8264220       11.335948       26.612041    
   1    13    17.245374       3.7353809       11.334611       26.238476    
   1    14    17.356060       3.6744403       11.513628       26.163153    
   1    15    16.852043       3.6028850       11.135150       25.504044    
   1    16    17.042304       3.5672334       11.356937       25.573809    
   1    17    17.154827       3.5432809       11.492192       25.607655    
   1    18    17.343716       3.5334811       11.681043       25.751511    
   1    19    17.298102       3.5319909       11.640335       25.705818    
   1    20    12.078273       4.0315106       6.3878224       22.837934    
   1    21    12.181444       4.0139278       6.4924550       22.855389    
   1    22    8.2513245       4.2823233       3.1682343       21.489685    
   1    23    8.1874692       4.2343068       3.1531081       21.259865    
   1    24    8.3432950       4.1979245       3.2882968       21.169187    
   1    25    8.5721141       4.1735328       3.4712643       21.168408    
   1    26    8.7998962       4.1615230       3.6480769       21.227122    
   1    27    8.3389862       4.1587467       3.3108834       21.003063    
   1    28    8.5678248       4.1619072       3.4759950       21.118448    
   1    29    8.7956264       4.1771442       3.6340043       21.288649    
   1    30    7.5018224       4.1301929       2.7363808       20.566340    
   2     1    23.966220       7.1887378       13.481973       42.603533    
   2     2    24.338719       6.8994667       14.113823       41.971140    
   2     3    24.726130       6.6084691       14.776340       41.375705    
   2     4    25.113295       6.3213076       15.449860       40.820925    
   2     5    25.484344       6.0442374       16.111730       40.309252    

  Program  MARK  - Survival Rate Estimation with Capture-Recapture Data
   gfortran(dble) Vers. 9.0 Mar 2018    25-Mar-2020 14:32:27    Page  013
 - - - - - - - - - - - - - - - - - - - - - - - - - - - - - - - - - - - - - -
 
   2     6    25.838828       5.7783201       16.758427       39.839363    
   2     7    26.225290       5.5053980       17.456206       39.399503    
   2     8    26.611507       5.2387807       18.158832       38.998781    
   2     9    26.980662       4.9860315       18.839365       38.640164    
   2    10    27.349350       4.7415435       19.519250       38.320477    
   2    11    27.700298       4.5136335       20.169274       38.043339    
   2    12    28.085583       4.2820847       20.866374       37.802446    
   2    13    28.399691       4.0928977       21.442138       37.614834    
   2    14    28.766585       3.8949020       22.088148       37.464274    
   2    15    28.987986       3.7821767       22.471120       37.394811    
   2    16    29.372456       3.6072635       23.109595       37.332596    
   2    17    29.738120       3.4627834       23.688039       37.333430    
   2    18    30.122116       3.3329797       24.265296       37.392573    
   2    19    30.448794       3.2548743       24.707918       37.523559    
   2    20    29.275843       4.5343165       21.649670       39.588362    
   2    21    29.623138       4.4730263       22.071047       39.759342    
   2    22    28.333443       6.5146473       18.159172       44.208184    
   2    23    28.575391       6.6082057       18.268465       44.697406    
   2    24    28.924015       6.5727451       18.631855       44.901522    
   2    25    29.308526       6.5042786       19.070142       45.043697    
   2    26    29.692793       6.4515593       19.490811       45.234750    
   2    27    29.740844       6.8452854       19.052685       46.424838    
   2    28    30.124838       6.8151343       19.442494       46.676413    
   2    29    30.508590       6.8003834       19.814388       46.974655    
   2    30    30.092694       7.7911322       18.265938       49.576989    

    Gross Population Estimates of { Phi(~sex)p(~sex)pent(~1)N(~sex) }
                                                95% Confidence Interval
 Grp. Occ.   N*-hat          Standard Error      Lower           Upper
 ---- ----   --------------  --------------  --------------  --------------
   1     0    23.787304       5.2373833       15.528932       36.437524    
   2     0    35.686203       4.5767297       27.782882       45.837761    

   CPU Time for the last procedure was 0.06 seconds.     

  Program  MARK  - Survival Rate Estimation with Capture-Recapture Data
   gfortran(dble) Vers. 9.0 Mar 2018    25-Mar-2020 14:32:27    Page  014
 - - - - - - - - - - - - - - - - - - - - - - - - - - - - - - - - - - - - - -
 


  INPUT --- proc stop;

     CPU Time in minutes for this job was 0.00

     Time Start = 14:32:26.912   Time End = 14:32:27.443

     Wall Clock Time in minutes for this job was 0.01


          E X E C U T I O N   S U C C E S S F U L 
