
   Program  MARK  - Survival Rate Estimation with Capture-Recapture Data
   gfortran(dble) Vers. 9.0 Mar 2018    25-Mar-2020 14:33:45    Page  001
 - - - - - - - - - - - - - - - - - - - - - - - - - - - - - - - - - - - - - -
 
   This version was compiled by GCC version 7.2.0 using the options: 
     -cpp -iprefix C:/Program Files/mingw-w64/x86_64-7.2.0-posix-seh-rt_v5-rev1/
     mingw64/bin/../lib/gcc/x86_64-w64-mingw32/7.2.0/ -D_MT -D_REENTRANT
     -U_REENTRANT -D IEEE -D DBLEPRECISION -m64 -mtune=core2 -march=nocona -mthreads
     -O2 -fimplicit-none -fbounds-check -funroll-loops -ftree-vectorize
     -ffpe-summary=invalid,zero,overflow,underflow -fno-unsafe-math-optimizations
     -frounding-math -fsignaling-nans -fopenmp.

   This problem will use 15 of 16 possible threads.


  INPUT --- proc title ;

   CPU Time for the last procedure was 0.01 seconds.     


  INPUT --- proc chmatrix occasions= 33 groups= 2 etype= POPAN Nodes= 
  INPUT --- 101 ICMeans NoHist hist= 41  ;

  INPUT ---    time interval 0.00547945205479452 0.00273972602739726 
  INPUT ---    0.00273972602739726 0.00547945205479452  
  INPUT ---    0.00821917808219178 0.00273972602739726 0.00273972602739726 
  INPUT ---    0.00547945205479452  0.00547945205479452 
  INPUT ---    0.00821917808219178 0.00273972602739726 0.0136986301369863 
  INPUT ---    0.00547945205479452  0.0273972602739726 0.00273972602739726 
  INPUT ---    0.00547945205479452 0.00273972602739726 0.010958904109589  
  INPUT ---    0.23013698630137 0.00821917808219178 0.254794520547945 
  INPUT ---    0.0246575342465753 0.00821917808219178  0.00273972602739726 
  INPUT ---    0.00273972602739726 0.0520547945205479 0.00273972602739726 
  INPUT ---    0.00273972602739726  0.117808219178082 0.575342465753425 
  INPUT ---    0.00273972602739726 0.00273972602739726 ;

  INPUT ---    glabel(1)=sexF;

  INPUT ---    glabel(2)=sexM;

   * *  WARNING  * *   At least a pair of the encounter histories are duplicates. 

      Number of unique encounter histories read was 38.

      Number of individual covariates read was 0.
      Time interval lengths vary and/or not equal to 1.

      Data type number is 19
      Data type is POPAN                                                                                               

   CPU Time for the last procedure was 0.01 seconds.     

  Program  MARK  - Survival Rate Estimation with Capture-Recapture Data
   gfortran(dble) Vers. 9.0 Mar 2018    25-Mar-2020 14:33:45    Page  002
 - - - - - - - - - - - - - - - - - - - - - - - - - - - - - - - - - - - - - -
 


  INPUT --- proc estimate link=Parm-Specific NOLOOP varest=2ndPart    ;


  INPUT --- model={ Phi(~sex)p(~sex)pent(~1)N(~1) };

  INPUT ---    group=1 Phi    rows=1 cols=32 Square ;
  INPUT ---        1 1 1 1 1 1 1 1 1 1 1 1 1 1 1 1 1 1 1 1 1 1 1 1 1 1 1 1 1 
  INPUT ---       1 1 1 ;

  INPUT ---    group=2 Phi    rows=1 cols=32 Square ;
  INPUT ---        2 2 2 2 2 2 2 2 2 2 2 2 2 2 2 2 2 2 2 2 2 2 2 2 2 2 2 2 2 
  INPUT ---       2 2 2 ;

  INPUT ---    group=1 p    rows=1 cols=33 Square ;
  INPUT ---        3 3 3 3 3 3 3 3 3 3 3 3 3 3 3 3 3 3 3 3 3 3 3 3 3 3 3 3 3 
  INPUT ---       3 3 3 3 ;

  INPUT ---    group=2 p    rows=1 cols=33 Square ;
  INPUT ---        4 4 4 4 4 4 4 4 4 4 4 4 4 4 4 4 4 4 4 4 4 4 4 4 4 4 4 4 4 
  INPUT ---       4 4 4 4 ;

  INPUT ---    group=1 pent    rows=1 cols=32 Square ;
  INPUT ---        6 7 8 9 10 11 12 13 14 15 16 17 18 19 20 21 22 23 24 25 26 
  INPUT ---       27 28 29 30 31 32 33 34 35 36 37 ;

  INPUT ---    group=2 pent    rows=1 cols=32 Square ;
  INPUT ---        38 39 40 41 42 43 44 45 46 47 48 49 50 51 52 53 54 55 56 
  INPUT ---       57 58 59 60 61 62 63 64 65 66 67 68 69 ;

  INPUT ---    group=1 N    rows=1 cols=1 Square ;
  INPUT ---        5 ;

  INPUT ---    group=2 N    rows=1 cols=1 Square ;
  INPUT ---        5 ;

  INPUT ---    design matrix constraints=69 covariates=6;
  INPUT ---        1 0 0 0 0 0;
  INPUT ---        1 1 0 0 0 0;
  INPUT ---        0 0 1 0 0 0;
  INPUT ---        0 0 1 1 0 0;
  INPUT ---        0 0 0 0 0 1;
  INPUT ---        0 0 0 0 1 0;
  INPUT ---        0 0 0 0 1 0;
  INPUT ---        0 0 0 0 1 0;

  Program  MARK  - Survival Rate Estimation with Capture-Recapture Data
   gfortran(dble) Vers. 9.0 Mar 2018    25-Mar-2020 14:33:45    Page  003
 - - - - - - - - - - - - - - - - - - - - - - - - - - - - - - - - - - - - - -
 
  INPUT ---        0 0 0 0 1 0;
  INPUT ---        0 0 0 0 1 0;
  INPUT ---        0 0 0 0 1 0;
  INPUT ---        0 0 0 0 1 0;
  INPUT ---        0 0 0 0 1 0;
  INPUT ---        0 0 0 0 1 0;
  INPUT ---        0 0 0 0 1 0;
  INPUT ---        0 0 0 0 1 0;
  INPUT ---        0 0 0 0 1 0;
  INPUT ---        0 0 0 0 1 0;
  INPUT ---        0 0 0 0 1 0;
  INPUT ---        0 0 0 0 1 0;
  INPUT ---        0 0 0 0 1 0;
  INPUT ---        0 0 0 0 1 0;
  INPUT ---        0 0 0 0 1 0;
  INPUT ---        0 0 0 0 1 0;
  INPUT ---        0 0 0 0 1 0;
  INPUT ---        0 0 0 0 1 0;
  INPUT ---        0 0 0 0 1 0;
  INPUT ---        0 0 0 0 1 0;
  INPUT ---        0 0 0 0 1 0;
  INPUT ---        0 0 0 0 1 0;
  INPUT ---        0 0 0 0 1 0;
  INPUT ---        0 0 0 0 1 0;
  INPUT ---        0 0 0 0 1 0;
  INPUT ---        0 0 0 0 1 0;
  INPUT ---        0 0 0 0 1 0;
  INPUT ---        0 0 0 0 1 0;
  INPUT ---        0 0 0 0 1 0;
  INPUT ---        0 0 0 0 1 0;
  INPUT ---        0 0 0 0 1 0;
  INPUT ---        0 0 0 0 1 0;
  INPUT ---        0 0 0 0 1 0;
  INPUT ---        0 0 0 0 1 0;
  INPUT ---        0 0 0 0 1 0;
  INPUT ---        0 0 0 0 1 0;
  INPUT ---        0 0 0 0 1 0;
  INPUT ---        0 0 0 0 1 0;
  INPUT ---        0 0 0 0 1 0;
  INPUT ---        0 0 0 0 1 0;
  INPUT ---        0 0 0 0 1 0;
  INPUT ---        0 0 0 0 1 0;
  INPUT ---        0 0 0 0 1 0;
  INPUT ---        0 0 0 0 1 0;
  INPUT ---        0 0 0 0 1 0;
  INPUT ---        0 0 0 0 1 0;

  Program  MARK  - Survival Rate Estimation with Capture-Recapture Data
   gfortran(dble) Vers. 9.0 Mar 2018    25-Mar-2020 14:33:46    Page  004
 - - - - - - - - - - - - - - - - - - - - - - - - - - - - - - - - - - - - - -
 
  INPUT ---        0 0 0 0 1 0;
  INPUT ---        0 0 0 0 1 0;
  INPUT ---        0 0 0 0 1 0;
  INPUT ---        0 0 0 0 1 0;
  INPUT ---        0 0 0 0 1 0;
  INPUT ---        0 0 0 0 1 0;
  INPUT ---        0 0 0 0 1 0;
  INPUT ---        0 0 0 0 1 0;
  INPUT ---        0 0 0 0 1 0;
  INPUT ---        0 0 0 0 1 0;
  INPUT ---        0 0 0 0 1 0;
  INPUT ---        0 0 0 0 1 0;
  INPUT ---        0 0 0 0 1 0;
  INPUT ---        0 0 0 0 1 0;
  INPUT ---        0 0 0 0 1 0;

  INPUT ---    links=69;

  INPUT ---    Logit;

  INPUT ---    Logit;

  INPUT ---    Logit;

  INPUT ---    Logit;

  INPUT ---    Log;

  INPUT ---    mlogit(1);

  INPUT ---    mlogit(1);

  INPUT ---    mlogit(1);

  INPUT ---    mlogit(1);

  INPUT ---    mlogit(1);

  INPUT ---    mlogit(1);

  INPUT ---    mlogit(1);

  INPUT ---    mlogit(1);

  INPUT ---    mlogit(1);


  Program  MARK  - Survival Rate Estimation with Capture-Recapture Data
   gfortran(dble) Vers. 9.0 Mar 2018    25-Mar-2020 14:33:46    Page  005
 - - - - - - - - - - - - - - - - - - - - - - - - - - - - - - - - - - - - - -
 
  INPUT ---    mlogit(1);

  INPUT ---    mlogit(1);

  INPUT ---    mlogit(1);

  INPUT ---    mlogit(1);

  INPUT ---    mlogit(1);

  INPUT ---    mlogit(1);

  INPUT ---    mlogit(1);

  INPUT ---    mlogit(1);

  INPUT ---    mlogit(1);

  INPUT ---    mlogit(1);

  INPUT ---    mlogit(1);

  INPUT ---    mlogit(1);

  INPUT ---    mlogit(1);

  INPUT ---    mlogit(1);

  INPUT ---    mlogit(1);

  INPUT ---    mlogit(1);

  INPUT ---    mlogit(1);

  INPUT ---    mlogit(1);

  INPUT ---    mlogit(1);

  INPUT ---    mlogit(1);

  INPUT ---    mlogit(1);

  INPUT ---    mlogit(1);

  INPUT ---    mlogit(1);


  Program  MARK  - Survival Rate Estimation with Capture-Recapture Data
   gfortran(dble) Vers. 9.0 Mar 2018    25-Mar-2020 14:33:46    Page  006
 - - - - - - - - - - - - - - - - - - - - - - - - - - - - - - - - - - - - - -
 
  INPUT ---    mlogit(2);

  INPUT ---    mlogit(2);

  INPUT ---    mlogit(2);

  INPUT ---    mlogit(2);

  INPUT ---    mlogit(2);

  INPUT ---    mlogit(2);

  INPUT ---    mlogit(2);

  INPUT ---    mlogit(2);

  INPUT ---    mlogit(2);

  INPUT ---    mlogit(2);

  INPUT ---    mlogit(2);

  INPUT ---    mlogit(2);

  INPUT ---    mlogit(2);

  INPUT ---    mlogit(2);

  INPUT ---    mlogit(2);

  INPUT ---    mlogit(2);

  INPUT ---    mlogit(2);

  INPUT ---    mlogit(2);

  INPUT ---    mlogit(2);

  INPUT ---    mlogit(2);

  INPUT ---    mlogit(2);

  INPUT ---    mlogit(2);

  INPUT ---    mlogit(2);


  Program  MARK  - Survival Rate Estimation with Capture-Recapture Data
   gfortran(dble) Vers. 9.0 Mar 2018    25-Mar-2020 14:33:46    Page  007
 - - - - - - - - - - - - - - - - - - - - - - - - - - - - - - - - - - - - - -
 
  INPUT ---    mlogit(2);

  INPUT ---    mlogit(2);

  INPUT ---    mlogit(2);

  INPUT ---    mlogit(2);

  INPUT ---    mlogit(2);

  INPUT ---    mlogit(2);

  INPUT ---    mlogit(2);

  INPUT ---    mlogit(2);

  INPUT ---    mlogit(2);
  INPUT ---       blabel(1)=Phi:(Intercept);
  INPUT ---       blabel(2)=Phi:sexM;
  INPUT ---       blabel(3)=p:(Intercept);
  INPUT ---       blabel(4)=p:sexM;
  INPUT ---       blabel(5)=pent:(Intercept);
  INPUT ---       blabel(6)=N:(Intercept);
  INPUT ---       rlabel(1)=Phi gF a0 t1;
  INPUT ---       rlabel(2)=Phi gM a0 t1;
  INPUT ---       rlabel(3)=p gF a0 t1;
  INPUT ---       rlabel(4)=p gM a0 t1;
  INPUT ---       rlabel(5)=N gF a0 t1;
  INPUT ---       rlabel(6)=pent gF a0.00547945205479452 t1.00547945205479;
  INPUT ---       rlabel(7)=pent gF a0.00821917808219178 t1.00821917808219;
  INPUT ---       rlabel(8)=pent gF a0.010958904109589 t1.01095890410959;
  INPUT ---       rlabel(9)=pent gF a0.0164383561643836 t1.01643835616438;
  INPUT ---       rlabel(10)=pent gF a0.0246575342465753 t1.02465753424658;
  INPUT ---       rlabel(11)=pent gF a0.0273972602739726 t1.02739726027397;
  INPUT ---       rlabel(12)=pent gF a0.0301369863013699 t1.03013698630137;
  INPUT ---       rlabel(13)=pent gF a0.0356164383561644 t1.03561643835616;
  INPUT ---       rlabel(14)=pent gF a0.0410958904109589 t1.04109589041096;
  INPUT ---       rlabel(15)=pent gF a0.0493150684931507 t1.04931506849315;
  INPUT ---       rlabel(16)=pent gF a0.0520547945205479 t1.05205479452055;
  INPUT ---       rlabel(17)=pent gF a0.0657534246575342 t1.06575342465753;
  INPUT ---       rlabel(18)=pent gF a0.0712328767123288 t1.07123287671233;
  INPUT ---       rlabel(19)=pent gF a0.0986301369863014 t1.0986301369863;
  INPUT ---       rlabel(20)=pent gF a0.101369863013699 t1.1013698630137;
  INPUT ---       rlabel(21)=pent gF a0.106849315068493 t1.10684931506849;
  INPUT ---       rlabel(22)=pent gF a0.10958904109589 t1.10958904109589;
  INPUT ---       rlabel(23)=pent gF a0.120547945205479 t1.12054794520548;

  Program  MARK  - Survival Rate Estimation with Capture-Recapture Data
   gfortran(dble) Vers. 9.0 Mar 2018    25-Mar-2020 14:33:46    Page  008
 - - - - - - - - - - - - - - - - - - - - - - - - - - - - - - - - - - - - - -
 
  INPUT ---       rlabel(24)=pent gF a0.350684931506849 t1.35068493150685;
  INPUT ---       rlabel(25)=pent gF a0.358904109589041 t1.35890410958904;
  INPUT ---       rlabel(26)=pent gF a0.613698630136986 t1.61369863013699;
  INPUT ---       rlabel(27)=pent gF a0.638356164383562 t1.63835616438356;
  INPUT ---       rlabel(28)=pent gF a0.646575342465753 t1.64657534246575;
  INPUT ---       rlabel(29)=pent gF a0.649315068493151 t1.64931506849315;
  INPUT ---       rlabel(30)=pent gF a0.652054794520548 t1.65205479452055;
  INPUT ---       rlabel(31)=pent gF a0.704109589041096 t1.7041095890411;
  INPUT ---       rlabel(32)=pent gF a0.706849315068493 t1.70684931506849;
  INPUT ---       rlabel(33)=pent gF a0.70958904109589 t1.70958904109589;
  INPUT ---       rlabel(34)=pent gF a0.827397260273973 t1.82739726027397;
  INPUT ---       rlabel(35)=pent gF a1.4027397260274 t2.4027397260274;
  INPUT ---       rlabel(36)=pent gF a1.40547945205479 t2.40547945205479;
  INPUT ---       rlabel(37)=pent gF a1.40821917808219 t2.40821917808219;
  INPUT ---       rlabel(38)=pent gM a0.00547945205479452 t1.00547945205479;
  INPUT ---       rlabel(39)=pent gM a0.00821917808219178 t1.00821917808219;
  INPUT ---       rlabel(40)=pent gM a0.010958904109589 t1.01095890410959;
  INPUT ---       rlabel(41)=pent gM a0.0164383561643836 t1.01643835616438;
  INPUT ---       rlabel(42)=pent gM a0.0246575342465753 t1.02465753424658;
  INPUT ---       rlabel(43)=pent gM a0.0273972602739726 t1.02739726027397;
  INPUT ---       rlabel(44)=pent gM a0.0301369863013699 t1.03013698630137;
  INPUT ---       rlabel(45)=pent gM a0.0356164383561644 t1.03561643835616;
  INPUT ---       rlabel(46)=pent gM a0.0410958904109589 t1.04109589041096;
  INPUT ---       rlabel(47)=pent gM a0.0493150684931507 t1.04931506849315;
  INPUT ---       rlabel(48)=pent gM a0.0520547945205479 t1.05205479452055;
  INPUT ---       rlabel(49)=pent gM a0.0657534246575342 t1.06575342465753;
  INPUT ---       rlabel(50)=pent gM a0.0712328767123288 t1.07123287671233;
  INPUT ---       rlabel(51)=pent gM a0.0986301369863014 t1.0986301369863;
  INPUT ---       rlabel(52)=pent gM a0.101369863013699 t1.1013698630137;
  INPUT ---       rlabel(53)=pent gM a0.106849315068493 t1.10684931506849;
  INPUT ---       rlabel(54)=pent gM a0.10958904109589 t1.10958904109589;
  INPUT ---       rlabel(55)=pent gM a0.120547945205479 t1.12054794520548;
  INPUT ---       rlabel(56)=pent gM a0.350684931506849 t1.35068493150685;
  INPUT ---       rlabel(57)=pent gM a0.358904109589041 t1.35890410958904;
  INPUT ---       rlabel(58)=pent gM a0.613698630136986 t1.61369863013699;
  INPUT ---       rlabel(59)=pent gM a0.638356164383562 t1.63835616438356;
  INPUT ---       rlabel(60)=pent gM a0.646575342465753 t1.64657534246575;
  INPUT ---       rlabel(61)=pent gM a0.649315068493151 t1.64931506849315;
  INPUT ---       rlabel(62)=pent gM a0.652054794520548 t1.65205479452055;
  INPUT ---       rlabel(63)=pent gM a0.704109589041096 t1.7041095890411;
  INPUT ---       rlabel(64)=pent gM a0.706849315068493 t1.70684931506849;
  INPUT ---       rlabel(65)=pent gM a0.70958904109589 t1.70958904109589;
  INPUT ---       rlabel(66)=pent gM a0.827397260273973 t1.82739726027397;
  INPUT ---       rlabel(67)=pent gM a1.4027397260274 t2.4027397260274;
  INPUT ---       rlabel(68)=pent gM a1.40547945205479 t2.40547945205479;
  INPUT ---       rlabel(69)=pent gM a1.40821917808219 t2.40821917808219;

  Program  MARK  - Survival Rate Estimation with Capture-Recapture Data
   gfortran(dble) Vers. 9.0 Mar 2018    25-Mar-2020 14:33:46    Page  009
 - - - - - - - - - - - - - - - - - - - - - - - - - - - - - - - - - - - - - -
 

 Link Function Used is PARM-SPECIFIC

 Variance Estimation Procedure Used is 2ndPart 

 M(t+1):
      16     29



 Group: 1

 U(t)+UL(t):
       0    2    2    0    1    0    3    1    1    0    0    0    0    0    1
       0    0    0    2    1    1    0    0    0    1    0    0    0    0    0
       0    0    0

 U(t):
       0    2    2    0    1    0    3    1    1    0    0    0    0    0    1
       0    0    0    2    1    1    0    0    0    1    0    0    0    0    0
       0    0    0

 UL(t):
       0    0    0    0    0    0    0    0    0    0    0    0    0    0    0
       0    0    0    0    0    0    0    0    0    0    0    0    0    0    0
       0    0    0

 Not Released(t):
       0    0    0    0    0    0    0    0    0    0    0    0    0    0    0
       0    0    0    0    0    0    0    0    0    0    0    0    0    0    0
       0    0    0

 Group: 2

 U(t)+UL(t):
       3    0    1    1    1    1    1    0    1    1    2    1    3    3    1
       1    0    2    3    1    0    0    1    0    0    0    0    0    0    1
       0    0    0

 U(t):
       3    0    1    1    1    1    1    0    1    1    2    1    3    3    1
       1    0    2    3    1    0    0    1    0    0    0    0    0    0    1
       0    0    0

 UL(t):
       0    0    0    0    0    0    0    0    0    0    0    0    0    0    0
       0    0    0    0    0    0    0    0    0    0    0    0    0    0    0
       0    0    0

 Not Released(t):
       0    0    0    0    0    0    0    0    0    0    0    0    0    0    0
       0    0    0    0    0    0    0    0    0    0    0    0    0    0    0
       0    0    0
 -2logL(saturated) = 272.93564     
 Effective Sample Size = 103

 Number of function evaluations was 22 for 6 parameters.
 Time for numerical optimization was 0.03 seconds.     
 -2logL { Phi(~sex)p(~sex)pent(~1)N(~1) } = 552.95464     
 Penalty { Phi(~sex)p(~sex)pent(~1)N(~1) } = 0.0000000     
 Gradient { Phi(~sex)p(~sex)pent(~1)N(~1) }:
  0.8784742E-05 -0.2121769E-05 -0.4292806E-05 -0.1383554E-04   0.000000    
  0.2705771E-05
 Maximum ABS(G) { Phi(~sex)p(~sex)pent(~1)N(~1) } = 0.1383554E-04 
 S Vector { Phi(~sex)p(~sex)pent(~1)N(~1) }:
   126.0236      11.56634      5.757370      3.175836     0.5186077    
  0.3687394    
 Time to compute number of parameters was 0.01 seconds.     
 Ratio Threshold = 50.000000       Max Gap (1/2) = 10.895725       Next Max Gap (1/2) = 10.895725     
 Gap Method for Num. of Estimated Parameters { Phi(~sex)p(~sex)pent(~1)N(~1) } = 6          
 Threshold { Phi(~sex)p(~sex)pent(~1)N(~1) } = 0.2767108E-04                 
 Numerical Threshold Method for Num. of Estimated Parameters { Phi(~sex)p(~sex)pent(~1)N(~1) } = 6          
 Number of Estimated Parameters { Phi(~sex)p(~sex)pent(~1)N(~1) } = 6          
 DEVIANCE { Phi(~sex)p(~sex)pent(~1)N(~1) } = 280.01900                     
 DEVIANCE Degrees of Freedom { Phi(~sex)p(~sex)pent(~1)N(~1) } = 35            
 c-hat { Phi(~sex)p(~sex)pent(~1)N(~1) } = 8.0005427                     
 AIC { Phi(~sex)p(~sex)pent(~1)N(~1) } = 564.95464                  
 AICc { Phi(~sex)p(~sex)pent(~1)N(~1) } = 565.82964                    
 BIC { Phi(~sex)p(~sex)pent(~1)N(~1) } = 580.76301                    
 Pearson Chisquare { Phi(~sex)p(~sex)pent(~1)N(~1) } = 21651583.                  


              PARM-SPECIFIC Link Function Parameters of { Phi(~sex)p(~sex)pent(~1)N(~1) }
                                                              95% Confidence Interval
 Parameter                    Beta         Standard Error      Lower           Upper
 -------------------------  --------------  --------------  --------------  --------------
    1:Phi:(Intercept)       -1.6054474       1.0359768      -3.6359620       0.4250672    
    2:Phi:sexM               2.5957700       1.3118096       0.0246232       5.1669168    
    3:p:(Intercept)         -2.5545024       0.2764683      -3.0963803      -2.0126245    
    4:p:sexM                 0.1028690       0.2884171      -0.4624285       0.6681665    
    5:pent:(Intercept)      -4.5581550       1.3807439      -7.2644131      -1.8518969    
    6:N:(Intercept)          1.8196746       0.6024767       0.6388202       3.0005289    


              Real Function Parameters of { Phi(~sex)p(~sex)pent(~1)N(~1) }
                                                               95% Confidence Interval
  Parameter                  Estimate       Standard Error      Lower           Upper
 --------------------------  --------------  --------------  --------------  --------------
     1:Phi gF a0 t1           0.1672216       0.1442686       0.0256816       0.6046952                          
     2:Phi gM a0 t1           0.7291516       0.2072836       0.2559970       0.9546755                          
     3:p gF a0 t1             0.0721246       0.0185020       0.0432568       0.1178838                          
     4:p gM a0 t1             0.0793192       0.0137708       0.0561877       0.1108550                          
     5:N gF a0 t1             22.169850       3.7171909       18.072944       34.363760                          
     6:pent gF a0.005479452   0.0078488       0.0081153       0.0010249       0.0574902                          
     7:pent gF a0.008219178   0.0078488       0.0081153       0.0010249       0.0574902                          

  Program  MARK  - Survival Rate Estimation with Capture-Recapture Data
   gfortran(dble) Vers. 9.0 Mar 2018    25-Mar-2020 14:33:46    Page  010
 - - - - - - - - - - - - - - - - - - - - - - - - - - - - - - - - - - - - - -
 
     8:pent gF a0.010958904   0.0078488       0.0081153       0.0010249       0.0574902                          
     9:pent gF a0.016438356   0.0078488       0.0081153       0.0010249       0.0574902                          
    10:pent gF a0.024657534   0.0078488       0.0081153       0.0010249       0.0574902                          
    11:pent gF a0.027397260   0.0078488       0.0081153       0.0010249       0.0574902                          
    12:pent gF a0.030136986   0.0078488       0.0081153       0.0010249       0.0574902                          
    13:pent gF a0.035616438   0.0078488       0.0081153       0.0010249       0.0574902                          
    14:pent gF a0.041095890   0.0078488       0.0081153       0.0010249       0.0574902                          
    15:pent gF a0.049315068   0.0078488       0.0081153       0.0010249       0.0574902                          
    16:pent gF a0.052054794   0.0078488       0.0081153       0.0010249       0.0574902                          
    17:pent gF a0.065753424   0.0078488       0.0081153       0.0010249       0.0574902                          
    18:pent gF a0.071232876   0.0078488       0.0081153       0.0010249       0.0574902                          
    19:pent gF a0.098630136   0.0078488       0.0081153       0.0010249       0.0574902                          
    20:pent gF a0.101369863   0.0078488       0.0081153       0.0010249       0.0574902                          
    21:pent gF a0.106849315   0.0078488       0.0081153       0.0010249       0.0574902                          
    22:pent gF a0.109589041   0.0078488       0.0081153       0.0010249       0.0574902                          
    23:pent gF a0.120547945   0.0078488       0.0081153       0.0010249       0.0574902                          
    24:pent gF a0.350684931   0.0078488       0.0081153       0.0010249       0.0574902                          
    25:pent gF a0.358904109   0.0078488       0.0081153       0.0010249       0.0574902                          
    26:pent gF a0.613698630   0.0078488       0.0081153       0.0010249       0.0574902                          
    27:pent gF a0.638356164   0.0078488       0.0081153       0.0010249       0.0574902                          
    28:pent gF a0.646575342   0.0078488       0.0081153       0.0010249       0.0574902                          
    29:pent gF a0.649315068   0.0078488       0.0081153       0.0010249       0.0574902                          
    30:pent gF a0.652054794   0.0078488       0.0081153       0.0010249       0.0574902                          
    31:pent gF a0.704109589   0.0078488       0.0081153       0.0010249       0.0574902                          
    32:pent gF a0.706849315   0.0078488       0.0081153       0.0010249       0.0574902                          
    33:pent gF a0.709589041   0.0078488       0.0081153       0.0010249       0.0574902                          
    34:pent gF a0.827397260   0.0078488       0.0081153       0.0010249       0.0574902                          
    35:pent gF a1.402739726   0.0078488       0.0081153       0.0010249       0.0574902                          
    36:pent gF a1.405479452   0.0078488       0.0081153       0.0010249       0.0574902                          
    37:pent gF a1.408219178   0.0078488       0.0081153       0.0010249       0.0574902                          
    38:pent gM a0.005479452   0.0078488       0.0081153       0.0010249       0.0574902                          
    39:pent gM a0.008219178   0.0078488       0.0081153       0.0010249       0.0574902                          
    40:pent gM a0.010958904   0.0078488       0.0081153       0.0010249       0.0574902                          
    41:pent gM a0.016438356   0.0078488       0.0081153       0.0010249       0.0574902                          
    42:pent gM a0.024657534   0.0078488       0.0081153       0.0010249       0.0574902                          
    43:pent gM a0.027397260   0.0078488       0.0081153       0.0010249       0.0574902                          
    44:pent gM a0.030136986   0.0078488       0.0081153       0.0010249       0.0574902                          
    45:pent gM a0.035616438   0.0078488       0.0081153       0.0010249       0.0574902                          
    46:pent gM a0.041095890   0.0078488       0.0081153       0.0010249       0.0574902                          
    47:pent gM a0.049315068   0.0078488       0.0081153       0.0010249       0.0574902                          
    48:pent gM a0.052054794   0.0078488       0.0081153       0.0010249       0.0574902                          
    49:pent gM a0.065753424   0.0078488       0.0081153       0.0010249       0.0574902                          
    50:pent gM a0.071232876   0.0078488       0.0081153       0.0010249       0.0574902                          
    51:pent gM a0.098630136   0.0078488       0.0081153       0.0010249       0.0574902                          
    52:pent gM a0.101369863   0.0078488       0.0081153       0.0010249       0.0574902                          
    53:pent gM a0.106849315   0.0078488       0.0081153       0.0010249       0.0574902                          

  Program  MARK  - Survival Rate Estimation with Capture-Recapture Data
   gfortran(dble) Vers. 9.0 Mar 2018    25-Mar-2020 14:33:46    Page  011
 - - - - - - - - - - - - - - - - - - - - - - - - - - - - - - - - - - - - - -
 
    54:pent gM a0.109589041   0.0078488       0.0081153       0.0010249       0.0574902                          
    55:pent gM a0.120547945   0.0078488       0.0081153       0.0010249       0.0574902                          
    56:pent gM a0.350684931   0.0078488       0.0081153       0.0010249       0.0574902                          
    57:pent gM a0.358904109   0.0078488       0.0081153       0.0010249       0.0574902                          
    58:pent gM a0.613698630   0.0078488       0.0081153       0.0010249       0.0574902                          
    59:pent gM a0.638356164   0.0078488       0.0081153       0.0010249       0.0574902                          
    60:pent gM a0.646575342   0.0078488       0.0081153       0.0010249       0.0574902                          
    61:pent gM a0.649315068   0.0078488       0.0081153       0.0010249       0.0574902                          
    62:pent gM a0.652054794   0.0078488       0.0081153       0.0010249       0.0574902                          
    63:pent gM a0.704109589   0.0078488       0.0081153       0.0010249       0.0574902                          
    64:pent gM a0.706849315   0.0078488       0.0081153       0.0010249       0.0574902                          
    65:pent gM a0.709589041   0.0078488       0.0081153       0.0010249       0.0574902                          
    66:pent gM a0.827397260   0.0078488       0.0081153       0.0010249       0.0574902                          
    67:pent gM a1.402739726   0.0078488       0.0081153       0.0010249       0.0574902                          
    68:pent gM a1.405479452   0.0078488       0.0081153       0.0010249       0.0574902                          
    69:pent gM a1.408219178   0.0078488       0.0081153       0.0010249       0.0574902                          


                      Estimates of Derived Parameters
  Gross Birth+Immigration Estimates of { Phi(~sex)p(~sex)pent(~1)N(~1) }
                                                95% Confidence Interval
 Grp. Occ.   B*-hat          Standard Error      Lower           Upper
 ---- ----   --------------  --------------  --------------  --------------
   1     1    0.1748617       0.2034130       0.0285263       1.0718738    
   1     2    0.1744344       0.2028213       0.0284728       1.0686473    
   1     3    0.1744344       0.2028213       0.0284728       1.0686473    
   1     4    0.1748617       0.2034130       0.0285263       1.0718738    
   1     5    0.1752897       0.2040059       0.0285799       1.0751078    
   1     6    0.1744344       0.2028213       0.0284728       1.0686473    
   1     7    0.1744344       0.2028213       0.0284728       1.0686473    
   1     8    0.1748617       0.2034130       0.0285263       1.0718738    
   1     9    0.1748617       0.2034130       0.0285263       1.0718738    
   1    10    0.1752897       0.2040059       0.0285799       1.0751078    
   1    11    0.1744344       0.2028213       0.0284728       1.0686473    
   1    12    0.1761479       0.2051957       0.0286873       1.0815979    
   1    13    0.1748617       0.2034130       0.0285263       1.0718738    
   1    14    0.1783056       0.2081925       0.0289565       1.0979531    
   1    15    0.1744344       0.2028213       0.0284728       1.0686473    
   1    16    0.1748617       0.2034130       0.0285263       1.0718738    
   1    17    0.1744344       0.2028213       0.0284728       1.0686473    
   1    18    0.1757185       0.2046001       0.0286336       1.0783491    
   1    19    0.2122667       0.2562916       0.0330881       1.3617352    
   1    20    0.1752897       0.2040059       0.0285799       1.0751078    
   1    21    0.2166546       0.2626171       0.0336100       1.3965826    
   1    22    0.1778726       0.2075906       0.0289026       1.0946672    

  Program  MARK  - Survival Rate Estimation with Capture-Recapture Data
   gfortran(dble) Vers. 9.0 Mar 2018    25-Mar-2020 14:33:46    Page  012
 - - - - - - - - - - - - - - - - - - - - - - - - - - - - - - - - - - - - - -
 
   1    23    0.1752897       0.2040059       0.0285799       1.0751078    
   1    24    0.1744344       0.2028213       0.0284728       1.0686473    
   1    25    0.1744344       0.2028213       0.0284728       1.0686473    
   1    26    0.1822331       0.2136677       0.0294442       1.1278605    
   1    27    0.1744344       0.2028213       0.0284728       1.0686473    
   1    28    0.1744344       0.2028213       0.0284728       1.0686473    
   1    29    0.1929820       0.2287766       0.0307643       1.2105593    
   1    30    0.2786199       0.3538828       0.0408074       1.9023268    
   1    31    0.1744344       0.2028213       0.0284728       1.0686473    
   1    32    0.1744344       0.2028213       0.0284728       1.0686473    
   2     1    0.2762816       0.3077541       0.0475067       1.6067546    
   2     2    0.2761621       0.3075737       0.0474949       1.6057611    
   2     3    0.2761621       0.3075737       0.0474949       1.6057611    
   2     4    0.2762816       0.3077541       0.0475067       1.6067546    
   2     5    0.2764012       0.3079347       0.0475184       1.6077486    
   2     6    0.2761621       0.3075737       0.0474949       1.6057611    
   2     7    0.2761621       0.3075737       0.0474949       1.6057611    
   2     8    0.2762816       0.3077541       0.0475067       1.6067546    
   2     9    0.2762816       0.3077541       0.0475067       1.6067546    
   2    10    0.2764012       0.3079347       0.0475184       1.6077486    
   2    11    0.2761621       0.3075737       0.0474949       1.6057611    
   2    12    0.2766403       0.3082960       0.0475418       1.6097383    
   2    13    0.2762816       0.3077541       0.0475067       1.6067546    
   2    14    0.2772389       0.3092010       0.0476004       1.6147229    
   2    15    0.2761621       0.3075737       0.0474949       1.6057611    
   2    16    0.2762816       0.3077541       0.0475067       1.6067546    
   2    17    0.2761621       0.3075737       0.0474949       1.6057611    
   2    18    0.2765207       0.3081153       0.0475301       1.6087431    
   2    19    0.2861976       0.3228754       0.0484611       1.6902008    
   2    20    0.2764012       0.3079347       0.0475184       1.6077486    
   2    21    0.2873000       0.3245743       0.0485652       1.6995988    
   2    22    0.2771191       0.3090198       0.0475886       1.6137248    
   2    23    0.2764012       0.3079347       0.0475184       1.6077486    
   2    24    0.2761621       0.3075737       0.0474949       1.6057611    
   2    25    0.2761621       0.3075737       0.0474949       1.6057611    
   2    26    0.2783184       0.3108361       0.0477056       1.6237319    
   2    27    0.2761621       0.3075737       0.0474949       1.6057611    
   2    28    0.2761621       0.3075737       0.0474949       1.6057611    
   2    29    0.2812107       0.3152342       0.0479855       1.6479869    
   2    30    0.3018854       0.3473648       0.0499071       1.8260872    
   2    31    0.2761621       0.3075737       0.0474949       1.6057611    
   2    32    0.2761621       0.3075737       0.0474949       1.6057611    

   Net Birth+Immigration Estimates of { Phi(~sex)p(~sex)pent(~1)N(~1) }
                                                95% Confidence Interval
 Grp. Occ.   B-hat           Standard Error      Lower           Upper
 ---- ----   --------------  --------------  --------------  --------------
   1     1    0.1740077       0.2022309       0.0284193       1.0654282    
   1     2    0.1740077       0.2022309       0.0284193       1.0654282    
   1     3    0.1740077       0.2022309       0.0284193       1.0654282    
   1     4    0.1740077       0.2022309       0.0284193       1.0654282    
   1     5    0.1740077       0.2022309       0.0284193       1.0654282    
   1     6    0.1740077       0.2022309       0.0284193       1.0654282    
   1     7    0.1740077       0.2022309       0.0284193       1.0654282    
   1     8    0.1740077       0.2022309       0.0284193       1.0654282    
   1     9    0.1740077       0.2022309       0.0284193       1.0654282    
   1    10    0.1740077       0.2022309       0.0284193       1.0654282    
   1    11    0.1740077       0.2022309       0.0284193       1.0654282    
   1    12    0.1740077       0.2022309       0.0284193       1.0654282    
   1    13    0.1740077       0.2022309       0.0284193       1.0654282    
   1    14    0.1740077       0.2022309       0.0284193       1.0654282    
   1    15    0.1740077       0.2022309       0.0284193       1.0654282    
   1    16    0.1740077       0.2022309       0.0284193       1.0654282    
   1    17    0.1740077       0.2022309       0.0284193       1.0654282    
   1    18    0.1740077       0.2022309       0.0284193       1.0654282    
   1    19    0.1740077       0.2022309       0.0284193       1.0654282    
   1    20    0.1740077       0.2022309       0.0284193       1.0654282    
   1    21    0.1740077       0.2022309       0.0284193       1.0654282    
   1    22    0.1740077       0.2022309       0.0284193       1.0654282    
   1    23    0.1740077       0.2022309       0.0284193       1.0654282    
   1    24    0.1740077       0.2022309       0.0284193       1.0654282    
   1    25    0.1740077       0.2022309       0.0284193       1.0654282    
   1    26    0.1740077       0.2022309       0.0284193       1.0654282    
   1    27    0.1740077       0.2022309       0.0284193       1.0654282    
   1    28    0.1740077       0.2022309       0.0284193       1.0654282    
   1    29    0.1740077       0.2022309       0.0284193       1.0654282    
   1    30    0.1740077       0.2022309       0.0284193       1.0654282    
   1    31    0.1740077       0.2022309       0.0284193       1.0654282    
   1    32    0.1740077       0.2022309       0.0284193       1.0654282    
   2     1    0.2760427       0.3073934       0.0474832       1.6047683    
   2     2    0.2760427       0.3073934       0.0474832       1.6047683    
   2     3    0.2760427       0.3073934       0.0474832       1.6047683    
   2     4    0.2760427       0.3073934       0.0474832       1.6047683    
   2     5    0.2760427       0.3073934       0.0474832       1.6047683    
   2     6    0.2760427       0.3073934       0.0474832       1.6047683    
   2     7    0.2760427       0.3073934       0.0474832       1.6047683    
   2     8    0.2760427       0.3073934       0.0474832       1.6047683    
   2     9    0.2760427       0.3073934       0.0474832       1.6047683    
   2    10    0.2760427       0.3073934       0.0474832       1.6047683    
   2    11    0.2760427       0.3073934       0.0474832       1.6047683    
   2    12    0.2760427       0.3073934       0.0474832       1.6047683    
   2    13    0.2760427       0.3073934       0.0474832       1.6047683    
   2    14    0.2760427       0.3073934       0.0474832       1.6047683    
   2    15    0.2760427       0.3073934       0.0474832       1.6047683    
   2    16    0.2760427       0.3073934       0.0474832       1.6047683    
   2    17    0.2760427       0.3073934       0.0474832       1.6047683    
   2    18    0.2760427       0.3073934       0.0474832       1.6047683    
   2    19    0.2760427       0.3073934       0.0474832       1.6047683    
   2    20    0.2760427       0.3073934       0.0474832       1.6047683    
   2    21    0.2760427       0.3073934       0.0474832       1.6047683    
   2    22    0.2760427       0.3073934       0.0474832       1.6047683    
   2    23    0.2760427       0.3073934       0.0474832       1.6047683    
   2    24    0.2760427       0.3073934       0.0474832       1.6047683    
   2    25    0.2760427       0.3073934       0.0474832       1.6047683    
   2    26    0.2760427       0.3073934       0.0474832       1.6047683    
   2    27    0.2760427       0.3073934       0.0474832       1.6047683    
   2    28    0.2760427       0.3073934       0.0474832       1.6047683    
   2    29    0.2760427       0.3073934       0.0474832       1.6047683    
   2    30    0.2760427       0.3073934       0.0474832       1.6047683    
   2    31    0.2760427       0.3073934       0.0474832       1.6047683    
   2    32    0.2760427       0.3073934       0.0474832       1.6047683    

        Population Estimates of { Phi(~sex)p(~sex)pent(~1)N(~1) }
                                                95% Confidence Interval
 Grp. Occ.   N-hat           Standard Error      Lower           Upper
 ---- ----   --------------  --------------  --------------  --------------
   1     1    16.601604       4.1782931       10.214015       26.983829    
   1     2    16.613716       3.9970176       10.436390       26.447417    
   1     3    16.706519       3.8257342       10.726191       26.021144    
   1     4    16.798868       3.6586836       11.016259       25.616858    

  Program  MARK  - Survival Rate Estimation with Capture-Recapture Data
   gfortran(dble) Vers. 9.0 Mar 2018    25-Mar-2020 14:33:46    Page  013
 - - - - - - - - - - - - - - - - - - - - - - - - - - - - - - - - - - - - - -
 
   1     5    16.809056       3.4932621       11.233363       25.152252    
   1     6    16.737787       3.3326550       11.372531       24.634227    
   1     7    16.829983       3.1810010       11.657531       24.297455    
   1     8    16.921729       3.0357085       11.938411       23.985176    
   1     9    16.930719       2.8987979       12.133483       23.624648    
   1    10    16.939622       2.7707803       12.319408       23.292581    
   1    11    16.866448       2.6562133       12.410516       22.922258    
   1    12    16.958015       2.5441209       12.658474       22.717925    
   1    13    16.721614       2.4656207       12.544102       22.290347    
   1    14    16.732556       2.3823392       12.675809       22.087620    
   1    15    16.106460       2.3836866       12.069947       21.492891    
   1    16    16.201742       2.3163887       12.259619       21.411469    
   1    17    16.217754       2.2740151       12.337170       21.318953    
   1    18    16.312492       2.2361799       12.484606       21.314041    
   1    19    16.169899       2.2442921       12.334633       21.197684    
   1    20    10.888169       3.1477574       6.2487094       18.972274    
   1    21    10.903297       3.1141266       6.2978057       18.876716    
   1    22    7.0868562       3.3472177       2.9408573       17.077854    
   1    23    6.9551355       3.2856045       2.8857766       16.762874    
   1    24    7.0276542       3.2388933       2.9732711       16.610636    
   1    25    7.1673118       3.2053435       3.1037839       16.550882    
   1    26    7.3062869       3.1841153       3.2265403       16.544603    
   1    27    6.8308056       3.1563937       2.8840894       16.178384    
   1    28    6.9714254       3.1519709       2.9937376       16.234146    
   1    29    7.1113579       3.1598825       3.0947427       16.341071    
   1    30    5.9343728       3.0662082       2.2872238       15.397173    
   1    31    2.2948189       2.0365948       0.5152152       10.221347    
   1    32    2.4576099       2.0183127       0.6016744       10.038396    
   1    33    2.6196052       2.0202235       0.6866198       9.9943679    
   2     1    26.336484       7.3474846       15.399856       45.040059    
   2     2    26.566983       7.0595438       15.922034       44.328795    
   2     3    26.820044       6.7719726       16.475636       43.659302    
   2     4    27.072887       6.4862812       17.038601       43.016513    
   2     5    27.302112       6.2048995       17.586207       42.385792    
   2     6    27.507364       5.9287543       18.115987       41.767257    
   2     7    27.759612       5.6499756       18.703304       41.201067    
   2     8    28.011642       5.3741678       19.297543       40.660725    
   2     9    28.239243       5.1052275       19.870165       40.133278    
   2    10    28.466451       4.8404363       20.446666       39.631833    
   2    11    28.668685       4.5845731       20.996320       39.144645    
   2    12    28.919928       4.3255048       21.606560       38.708719    
   2    13    29.071104       4.0919181       22.092006       38.254971    
   2    14    29.296873       3.8511031       22.667666       37.864805    
   2    15    29.320473       3.6670355       22.968057       37.429815    
   2    16    29.571152       3.4385800       23.562401       37.112222    
   2    17    29.796057       3.2290366       24.109069       36.824525    

  Program  MARK  - Survival Rate Estimation with Capture-Recapture Data
   gfortran(dble) Vers. 9.0 Mar 2018    25-Mar-2020 14:33:46    Page  014
 - - - - - - - - - - - - - - - - - - - - - - - - - - - - - - - - - - - - - -
 
   2    18    30.046325       3.0271203       24.674536       36.587584    
   2    19    30.218538       2.8640799       25.105931       36.372285    
   2    20    28.375813       3.6433527       22.085210       36.458189    
   2    21    28.578281       3.5188476       22.470858       36.345660    
   2    22    26.644386       4.7417192       18.849494       37.662726    
   2    23    26.713711       4.7399025       18.917721       37.722427    
   2    24    26.920489       4.6662863       19.214410       37.717146    
   2    25    27.173244       4.5804322       19.573150       37.724394    
   2    26    27.425781       4.5131534       19.907576       37.783279    
   2    27    27.254557       4.7295067       19.445580       38.199470    
   2    28    27.507023       4.6939826       19.734554       38.340685    
   2    29    27.759271       4.6775473       19.997577       38.533526    
   2    30    27.021306       5.2585282       18.517858       39.429559    
   2    31    22.806999       7.7438858       11.936942       43.575582    
   2    32    23.063313       7.6945897       12.200850       43.596667    
   2    33    23.319405       7.6570440       12.454874       43.661191    

     Gross Population Estimates of { Phi(~sex)p(~sex)pent(~1)N(~1) }
                                                95% Confidence Interval
 Grp. Occ.   N*-hat          Standard Error      Lower           Upper
 ---- ----   --------------  --------------  --------------  --------------
   1     0    22.410380       3.9952919       15.844585       31.696958    
   2     0    35.232318       3.7960273       28.542580       43.489980    

   CPU Time for the last procedure was 0.05 seconds.     

  Program  MARK  - Survival Rate Estimation with Capture-Recapture Data
   gfortran(dble) Vers. 9.0 Mar 2018    25-Mar-2020 14:33:46    Page  015
 - - - - - - - - - - - - - - - - - - - - - - - - - - - - - - - - - - - - - -
 


  INPUT --- proc stop;

     CPU Time in minutes for this job was 0.00

     Time Start = 14:33:45.997   Time End = 14:33:46.392

     Wall Clock Time in minutes for this job was 0.01


          E X E C U T I O N   S U C C E S S F U L 
