
   Program  MARK  - Survival Rate Estimation with Capture-Recapture Data
   gfortran(dble) Vers. 9.0 Mar 2018    25-Mar-2020 12:03:25    Page  001
 - - - - - - - - - - - - - - - - - - - - - - - - - - - - - - - - - - - - - -
 
   This version was compiled by GCC version 7.2.0 using the options: 
     -cpp -iprefix C:/Program Files/mingw-w64/x86_64-7.2.0-posix-seh-rt_v5-rev1/
     mingw64/bin/../lib/gcc/x86_64-w64-mingw32/7.2.0/ -D_MT -D_REENTRANT
     -U_REENTRANT -D IEEE -D DBLEPRECISION -m64 -mtune=core2 -march=nocona -mthreads
     -O2 -fimplicit-none -fbounds-check -funroll-loops -ftree-vectorize
     -ffpe-summary=invalid,zero,overflow,underflow -fno-unsafe-math-optimizations
     -frounding-math -fsignaling-nans -fopenmp.

   This problem will use 15 of 16 possible threads.


  INPUT --- proc title ;

   CPU Time for the last procedure was 0.02 seconds.     


  INPUT --- proc chmatrix occasions= 33 groups= 2 etype= POPAN Nodes= 
  INPUT --- 101 ICMeans NoHist hist= 41  ;

  INPUT ---    time interval 0.00547945205479452 0.00273972602739726 
  INPUT ---    0.00273972602739726 0.00547945205479452  
  INPUT ---    0.00821917808219178 0.00273972602739726 0.00273972602739726 
  INPUT ---    0.00547945205479452  0.00547945205479452 
  INPUT ---    0.00821917808219178 0.00273972602739726 0.0136986301369863 
  INPUT ---    0.00547945205479452  0.0273972602739726 0.00273972602739726 
  INPUT ---    0.00547945205479452 0.00273972602739726 0.010958904109589  
  INPUT ---    0.23013698630137 0.00821917808219178 0.254794520547945 
  INPUT ---    0.0246575342465753 0.00821917808219178  0.00273972602739726 
  INPUT ---    0.00273972602739726 0.0520547945205479 0.00273972602739726 
  INPUT ---    0.00273972602739726  0.117808219178082 0.575342465753425 
  INPUT ---    0.00273972602739726 0.00273972602739726 ;

  INPUT ---    glabel(1)=sexF;

  INPUT ---    glabel(2)=sexM;

   * *  WARNING  * *   At least a pair of the encounter histories are duplicates. 

      Number of unique encounter histories read was 38.

      Number of individual covariates read was 0.
      Time interval lengths vary and/or not equal to 1.

      Data type number is 19
      Data type is POPAN                                                                                               

   CPU Time for the last procedure was 0.01 seconds.     

  Program  MARK  - Survival Rate Estimation with Capture-Recapture Data
   gfortran(dble) Vers. 9.0 Mar 2018    25-Mar-2020 12:03:25    Page  002
 - - - - - - - - - - - - - - - - - - - - - - - - - - - - - - - - - - - - - -
 


  INPUT --- proc estimate link=Parm-Specific NOLOOP varest=2ndPart    ;


  INPUT --- model={ Phi(~1)p(~1)pent(~1)N(~1) };

  INPUT ---    group=1 Phi    rows=1 cols=32 Square ;
  INPUT ---        1 1 1 1 1 1 1 1 1 1 1 1 1 1 1 1 1 1 1 1 1 1 1 1 1 1 1 1 1 
  INPUT ---       1 1 1 ;

  INPUT ---    group=2 Phi    rows=1 cols=32 Square ;
  INPUT ---        1 1 1 1 1 1 1 1 1 1 1 1 1 1 1 1 1 1 1 1 1 1 1 1 1 1 1 1 1 
  INPUT ---       1 1 1 ;

  INPUT ---    group=1 p    rows=1 cols=33 Square ;
  INPUT ---        2 2 2 2 2 2 2 2 2 2 2 2 2 2 2 2 2 2 2 2 2 2 2 2 2 2 2 2 2 
  INPUT ---       2 2 2 2 ;

  INPUT ---    group=2 p    rows=1 cols=33 Square ;
  INPUT ---        2 2 2 2 2 2 2 2 2 2 2 2 2 2 2 2 2 2 2 2 2 2 2 2 2 2 2 2 2 
  INPUT ---       2 2 2 2 ;

  INPUT ---    group=1 pent    rows=1 cols=32 Square ;
  INPUT ---        4 5 6 7 8 9 10 11 12 13 14 15 16 17 18 19 20 21 22 23 24 
  INPUT ---       25 26 27 28 29 30 31 32 33 34 35 ;

  INPUT ---    group=2 pent    rows=1 cols=32 Square ;
  INPUT ---        36 37 38 39 40 41 42 43 44 45 46 47 48 49 50 51 52 53 54 
  INPUT ---       55 56 57 58 59 60 61 62 63 64 65 66 67 ;

  INPUT ---    group=1 N    rows=1 cols=1 Square ;
  INPUT ---        3 ;

  INPUT ---    group=2 N    rows=1 cols=1 Square ;
  INPUT ---        3 ;

  INPUT ---    design matrix constraints=67 covariates=4;
  INPUT ---        1 0 0 0;
  INPUT ---        0 1 0 0;
  INPUT ---        0 0 0 1;
  INPUT ---        0 0 1 0;
  INPUT ---        0 0 1 0;
  INPUT ---        0 0 1 0;
  INPUT ---        0 0 1 0;
  INPUT ---        0 0 1 0;

  Program  MARK  - Survival Rate Estimation with Capture-Recapture Data
   gfortran(dble) Vers. 9.0 Mar 2018    25-Mar-2020 12:03:25    Page  003
 - - - - - - - - - - - - - - - - - - - - - - - - - - - - - - - - - - - - - -
 
  INPUT ---        0 0 1 0;
  INPUT ---        0 0 1 0;
  INPUT ---        0 0 1 0;
  INPUT ---        0 0 1 0;
  INPUT ---        0 0 1 0;
  INPUT ---        0 0 1 0;
  INPUT ---        0 0 1 0;
  INPUT ---        0 0 1 0;
  INPUT ---        0 0 1 0;
  INPUT ---        0 0 1 0;
  INPUT ---        0 0 1 0;
  INPUT ---        0 0 1 0;
  INPUT ---        0 0 1 0;
  INPUT ---        0 0 1 0;
  INPUT ---        0 0 1 0;
  INPUT ---        0 0 1 0;
  INPUT ---        0 0 1 0;
  INPUT ---        0 0 1 0;
  INPUT ---        0 0 1 0;
  INPUT ---        0 0 1 0;
  INPUT ---        0 0 1 0;
  INPUT ---        0 0 1 0;
  INPUT ---        0 0 1 0;
  INPUT ---        0 0 1 0;
  INPUT ---        0 0 1 0;
  INPUT ---        0 0 1 0;
  INPUT ---        0 0 1 0;
  INPUT ---        0 0 1 0;
  INPUT ---        0 0 1 0;
  INPUT ---        0 0 1 0;
  INPUT ---        0 0 1 0;
  INPUT ---        0 0 1 0;
  INPUT ---        0 0 1 0;
  INPUT ---        0 0 1 0;
  INPUT ---        0 0 1 0;
  INPUT ---        0 0 1 0;
  INPUT ---        0 0 1 0;
  INPUT ---        0 0 1 0;
  INPUT ---        0 0 1 0;
  INPUT ---        0 0 1 0;
  INPUT ---        0 0 1 0;
  INPUT ---        0 0 1 0;
  INPUT ---        0 0 1 0;
  INPUT ---        0 0 1 0;
  INPUT ---        0 0 1 0;
  INPUT ---        0 0 1 0;

  Program  MARK  - Survival Rate Estimation with Capture-Recapture Data
   gfortran(dble) Vers. 9.0 Mar 2018    25-Mar-2020 12:03:25    Page  004
 - - - - - - - - - - - - - - - - - - - - - - - - - - - - - - - - - - - - - -
 
  INPUT ---        0 0 1 0;
  INPUT ---        0 0 1 0;
  INPUT ---        0 0 1 0;
  INPUT ---        0 0 1 0;
  INPUT ---        0 0 1 0;
  INPUT ---        0 0 1 0;
  INPUT ---        0 0 1 0;
  INPUT ---        0 0 1 0;
  INPUT ---        0 0 1 0;
  INPUT ---        0 0 1 0;
  INPUT ---        0 0 1 0;
  INPUT ---        0 0 1 0;
  INPUT ---        0 0 1 0;

  INPUT ---    links=67;

  INPUT ---    Logit;

  INPUT ---    Logit;

  INPUT ---    Log;

  INPUT ---    mlogit(1);

  INPUT ---    mlogit(1);

  INPUT ---    mlogit(1);

  INPUT ---    mlogit(1);

  INPUT ---    mlogit(1);

  INPUT ---    mlogit(1);

  INPUT ---    mlogit(1);

  INPUT ---    mlogit(1);

  INPUT ---    mlogit(1);

  INPUT ---    mlogit(1);

  INPUT ---    mlogit(1);

  INPUT ---    mlogit(1);


  Program  MARK  - Survival Rate Estimation with Capture-Recapture Data
   gfortran(dble) Vers. 9.0 Mar 2018    25-Mar-2020 12:03:25    Page  005
 - - - - - - - - - - - - - - - - - - - - - - - - - - - - - - - - - - - - - -
 
  INPUT ---    mlogit(1);

  INPUT ---    mlogit(1);

  INPUT ---    mlogit(1);

  INPUT ---    mlogit(1);

  INPUT ---    mlogit(1);

  INPUT ---    mlogit(1);

  INPUT ---    mlogit(1);

  INPUT ---    mlogit(1);

  INPUT ---    mlogit(1);

  INPUT ---    mlogit(1);

  INPUT ---    mlogit(1);

  INPUT ---    mlogit(1);

  INPUT ---    mlogit(1);

  INPUT ---    mlogit(1);

  INPUT ---    mlogit(1);

  INPUT ---    mlogit(1);

  INPUT ---    mlogit(1);

  INPUT ---    mlogit(1);

  INPUT ---    mlogit(1);

  INPUT ---    mlogit(1);

  INPUT ---    mlogit(2);

  INPUT ---    mlogit(2);

  INPUT ---    mlogit(2);


  Program  MARK  - Survival Rate Estimation with Capture-Recapture Data
   gfortran(dble) Vers. 9.0 Mar 2018    25-Mar-2020 12:03:25    Page  006
 - - - - - - - - - - - - - - - - - - - - - - - - - - - - - - - - - - - - - -
 
  INPUT ---    mlogit(2);

  INPUT ---    mlogit(2);

  INPUT ---    mlogit(2);

  INPUT ---    mlogit(2);

  INPUT ---    mlogit(2);

  INPUT ---    mlogit(2);

  INPUT ---    mlogit(2);

  INPUT ---    mlogit(2);

  INPUT ---    mlogit(2);

  INPUT ---    mlogit(2);

  INPUT ---    mlogit(2);

  INPUT ---    mlogit(2);

  INPUT ---    mlogit(2);

  INPUT ---    mlogit(2);

  INPUT ---    mlogit(2);

  INPUT ---    mlogit(2);

  INPUT ---    mlogit(2);

  INPUT ---    mlogit(2);

  INPUT ---    mlogit(2);

  INPUT ---    mlogit(2);

  INPUT ---    mlogit(2);

  INPUT ---    mlogit(2);

  INPUT ---    mlogit(2);


  Program  MARK  - Survival Rate Estimation with Capture-Recapture Data
   gfortran(dble) Vers. 9.0 Mar 2018    25-Mar-2020 12:03:25    Page  007
 - - - - - - - - - - - - - - - - - - - - - - - - - - - - - - - - - - - - - -
 
  INPUT ---    mlogit(2);

  INPUT ---    mlogit(2);

  INPUT ---    mlogit(2);

  INPUT ---    mlogit(2);

  INPUT ---    mlogit(2);

  INPUT ---    mlogit(2);
  INPUT ---       blabel(1)=Phi:(Intercept);
  INPUT ---       blabel(2)=p:(Intercept);
  INPUT ---       blabel(3)=pent:(Intercept);
  INPUT ---       blabel(4)=N:(Intercept);
  INPUT ---       rlabel(1)=Phi gF a0 t1;
  INPUT ---       rlabel(2)=p gF a0 t1;
  INPUT ---       rlabel(3)=N gF a0 t1;
  INPUT ---       rlabel(4)=pent gF a0.00547945205479452 t1.00547945205479;
  INPUT ---       rlabel(5)=pent gF a0.00821917808219178 t1.00821917808219;
  INPUT ---       rlabel(6)=pent gF a0.010958904109589 t1.01095890410959;
  INPUT ---       rlabel(7)=pent gF a0.0164383561643836 t1.01643835616438;
  INPUT ---       rlabel(8)=pent gF a0.0246575342465753 t1.02465753424658;
  INPUT ---       rlabel(9)=pent gF a0.0273972602739726 t1.02739726027397;
  INPUT ---       rlabel(10)=pent gF a0.0301369863013699 t1.03013698630137;
  INPUT ---       rlabel(11)=pent gF a0.0356164383561644 t1.03561643835616;
  INPUT ---       rlabel(12)=pent gF a0.0410958904109589 t1.04109589041096;
  INPUT ---       rlabel(13)=pent gF a0.0493150684931507 t1.04931506849315;
  INPUT ---       rlabel(14)=pent gF a0.0520547945205479 t1.05205479452055;
  INPUT ---       rlabel(15)=pent gF a0.0657534246575342 t1.06575342465753;
  INPUT ---       rlabel(16)=pent gF a0.0712328767123288 t1.07123287671233;
  INPUT ---       rlabel(17)=pent gF a0.0986301369863014 t1.0986301369863;
  INPUT ---       rlabel(18)=pent gF a0.101369863013699 t1.1013698630137;
  INPUT ---       rlabel(19)=pent gF a0.106849315068493 t1.10684931506849;
  INPUT ---       rlabel(20)=pent gF a0.10958904109589 t1.10958904109589;
  INPUT ---       rlabel(21)=pent gF a0.120547945205479 t1.12054794520548;
  INPUT ---       rlabel(22)=pent gF a0.350684931506849 t1.35068493150685;
  INPUT ---       rlabel(23)=pent gF a0.358904109589041 t1.35890410958904;
  INPUT ---       rlabel(24)=pent gF a0.613698630136986 t1.61369863013699;
  INPUT ---       rlabel(25)=pent gF a0.638356164383562 t1.63835616438356;
  INPUT ---       rlabel(26)=pent gF a0.646575342465753 t1.64657534246575;
  INPUT ---       rlabel(27)=pent gF a0.649315068493151 t1.64931506849315;
  INPUT ---       rlabel(28)=pent gF a0.652054794520548 t1.65205479452055;
  INPUT ---       rlabel(29)=pent gF a0.704109589041096 t1.7041095890411;
  INPUT ---       rlabel(30)=pent gF a0.706849315068493 t1.70684931506849;
  INPUT ---       rlabel(31)=pent gF a0.70958904109589 t1.70958904109589;

  Program  MARK  - Survival Rate Estimation with Capture-Recapture Data
   gfortran(dble) Vers. 9.0 Mar 2018    25-Mar-2020 12:03:25    Page  008
 - - - - - - - - - - - - - - - - - - - - - - - - - - - - - - - - - - - - - -
 
  INPUT ---       rlabel(32)=pent gF a0.827397260273973 t1.82739726027397;
  INPUT ---       rlabel(33)=pent gF a1.4027397260274 t2.4027397260274;
  INPUT ---       rlabel(34)=pent gF a1.40547945205479 t2.40547945205479;
  INPUT ---       rlabel(35)=pent gF a1.40821917808219 t2.40821917808219;
  INPUT ---       rlabel(36)=pent gM a0.00547945205479452 t1.00547945205479;
  INPUT ---       rlabel(37)=pent gM a0.00821917808219178 t1.00821917808219;
  INPUT ---       rlabel(38)=pent gM a0.010958904109589 t1.01095890410959;
  INPUT ---       rlabel(39)=pent gM a0.0164383561643836 t1.01643835616438;
  INPUT ---       rlabel(40)=pent gM a0.0246575342465753 t1.02465753424658;
  INPUT ---       rlabel(41)=pent gM a0.0273972602739726 t1.02739726027397;
  INPUT ---       rlabel(42)=pent gM a0.0301369863013699 t1.03013698630137;
  INPUT ---       rlabel(43)=pent gM a0.0356164383561644 t1.03561643835616;
  INPUT ---       rlabel(44)=pent gM a0.0410958904109589 t1.04109589041096;
  INPUT ---       rlabel(45)=pent gM a0.0493150684931507 t1.04931506849315;
  INPUT ---       rlabel(46)=pent gM a0.0520547945205479 t1.05205479452055;
  INPUT ---       rlabel(47)=pent gM a0.0657534246575342 t1.06575342465753;
  INPUT ---       rlabel(48)=pent gM a0.0712328767123288 t1.07123287671233;
  INPUT ---       rlabel(49)=pent gM a0.0986301369863014 t1.0986301369863;
  INPUT ---       rlabel(50)=pent gM a0.101369863013699 t1.1013698630137;
  INPUT ---       rlabel(51)=pent gM a0.106849315068493 t1.10684931506849;
  INPUT ---       rlabel(52)=pent gM a0.10958904109589 t1.10958904109589;
  INPUT ---       rlabel(53)=pent gM a0.120547945205479 t1.12054794520548;
  INPUT ---       rlabel(54)=pent gM a0.350684931506849 t1.35068493150685;
  INPUT ---       rlabel(55)=pent gM a0.358904109589041 t1.35890410958904;
  INPUT ---       rlabel(56)=pent gM a0.613698630136986 t1.61369863013699;
  INPUT ---       rlabel(57)=pent gM a0.638356164383562 t1.63835616438356;
  INPUT ---       rlabel(58)=pent gM a0.646575342465753 t1.64657534246575;
  INPUT ---       rlabel(59)=pent gM a0.649315068493151 t1.64931506849315;
  INPUT ---       rlabel(60)=pent gM a0.652054794520548 t1.65205479452055;
  INPUT ---       rlabel(61)=pent gM a0.704109589041096 t1.7041095890411;
  INPUT ---       rlabel(62)=pent gM a0.706849315068493 t1.70684931506849;
  INPUT ---       rlabel(63)=pent gM a0.70958904109589 t1.70958904109589;
  INPUT ---       rlabel(64)=pent gM a0.827397260273973 t1.82739726027397;
  INPUT ---       rlabel(65)=pent gM a1.4027397260274 t2.4027397260274;
  INPUT ---       rlabel(66)=pent gM a1.40547945205479 t2.40547945205479;
  INPUT ---       rlabel(67)=pent gM a1.40821917808219 t2.40821917808219;

 Link Function Used is PARM-SPECIFIC

 Variance Estimation Procedure Used is 2ndPart 

 M(t+1):
      16     29



 Group: 1

 U(t)+UL(t):
       0    2    2    0    1    0    3    1    1    0    0    0    0    0    1
       0    0    0    2    1    1    0    0    0    1    0    0    0    0    0
       0    0    0

 U(t):
       0    2    2    0    1    0    3    1    1    0    0    0    0    0    1
       0    0    0    2    1    1    0    0    0    1    0    0    0    0    0
       0    0    0

 UL(t):
       0    0    0    0    0    0    0    0    0    0    0    0    0    0    0
       0    0    0    0    0    0    0    0    0    0    0    0    0    0    0
       0    0    0

 Not Released(t):
       0    0    0    0    0    0    0    0    0    0    0    0    0    0    0
       0    0    0    0    0    0    0    0    0    0    0    0    0    0    0
       0    0    0

 Group: 2

 U(t)+UL(t):
       3    0    1    1    1    1    1    0    1    1    2    1    3    3    1
       1    0    2    3    1    0    0    1    0    0    0    0    0    0    1
       0    0    0

 U(t):
       3    0    1    1    1    1    1    0    1    1    2    1    3    3    1
       1    0    2    3    1    0    0    1    0    0    0    0    0    0    1
       0    0    0

 UL(t):
       0    0    0    0    0    0    0    0    0    0    0    0    0    0    0
       0    0    0    0    0    0    0    0    0    0    0    0    0    0    0
       0    0    0

 Not Released(t):
       0    0    0    0    0    0    0    0    0    0    0    0    0    0    0
       0    0    0    0    0    0    0    0    0    0    0    0    0    0    0
       0    0    0
 -2logL(saturated) = 272.93564     
 Effective Sample Size = 103

 Number of function evaluations was 26 for 4 parameters.

  Program  MARK  - Survival Rate Estimation with Capture-Recapture Data
   gfortran(dble) Vers. 9.0 Mar 2018    25-Mar-2020 12:03:25    Page  009
 - - - - - - - - - - - - - - - - - - - - - - - - - - - - - - - - - - - - - -
 
 Time for numerical optimization was 0.02 seconds.     
 -2logL { Phi(~1)p(~1)pent(~1)N(~1) } = 560.13045     
 Penalty { Phi(~1)p(~1)pent(~1)N(~1) } = 0.0000000     
 Gradient { Phi(~1)p(~1)pent(~1)N(~1) }:
  0.1139860E-04  0.6461224E-05  0.3407343E-05 -0.6379430E-05
 Maximum ABS(G) { Phi(~1)p(~1)pent(~1)N(~1) } = 0.1139860E-04 
 S Vector { Phi(~1)p(~1)pent(~1)N(~1) }:
   85.03121      4.593002      2.717124     0.6173161E-01
 Time to compute number of parameters was 0.01 seconds.     
 Ratio Threshold = 50.000000       Max Gap (3/4) = 44.015128       Next Max Gap (1/2) = 18.513211     
 Gap Method for Num. of Estimated Parameters { Phi(~1)p(~1)pent(~1)N(~1) } = 4          
 Threshold { Phi(~1)p(~1)pent(~1)N(~1) } = 0.2279720E-04                 
 Numerical Threshold Method for Num. of Estimated Parameters { Phi(~1)p(~1)pent(~1)N(~1) } = 4          
 Number of Estimated Parameters { Phi(~1)p(~1)pent(~1)N(~1) } = 4          
 DEVIANCE { Phi(~1)p(~1)pent(~1)N(~1) } = 287.19481                     
 DEVIANCE Degrees of Freedom { Phi(~1)p(~1)pent(~1)N(~1) } = 37            
 c-hat { Phi(~1)p(~1)pent(~1)N(~1) } = 7.7620218                     
 AIC { Phi(~1)p(~1)pent(~1)N(~1) } = 568.13045                  
 AICc { Phi(~1)p(~1)pent(~1)N(~1) } = 568.53861                    
 BIC { Phi(~1)p(~1)pent(~1)N(~1) } = 578.66936                    
 Pearson Chisquare { Phi(~1)p(~1)pent(~1)N(~1) } = 44638458.                  


                PARM-SPECIFIC Link Function Parameters of { Phi(~1)p(~1)pent(~1)N(~1) }
                                                              95% Confidence Interval
 Parameter                    Beta         Standard Error      Lower           Upper
 -------------------------  --------------  --------------  --------------  --------------
    1:Phi:(Intercept)        0.3386554       0.7948660      -1.2192819       1.8965927    
    2:p:(Intercept)         -2.5423918       0.1875966      -2.9100811      -2.1747024    
    3:pent:(Intercept)      -5.7173186       3.9191007      -13.398756       1.9641189    
    4:N:(Intercept)          1.3918729       0.8776800      -0.3283799       3.1121258    


                Real Function Parameters of { Phi(~1)p(~1)pent(~1)N(~1) }
                                                               95% Confidence Interval
  Parameter                  Estimate       Standard Error      Lower           Upper
 --------------------------  --------------  --------------  --------------  --------------
     1:Phi gF a0 t1           0.5838639       0.1931261       0.2280628       0.8695054                          
     2:p gF a0 t1             0.0729393       0.0126851       0.0516575       0.1020453                          
     3:N gF a0 t1             20.022377       3.5303596       16.914478       33.692618                          
     4:pent gF a0.005479452   0.0029754       0.0105506       0.2801928E-05   0.7606800                          
     5:pent gF a0.008219178   0.0029754       0.0105506       0.2801928E-05   0.7606800                          
     6:pent gF a0.010958904   0.0029754       0.0105506       0.2801928E-05   0.7606800                          
     7:pent gF a0.016438356   0.0029754       0.0105506       0.2801928E-05   0.7606800                          
     8:pent gF a0.024657534   0.0029754       0.0105506       0.2801928E-05   0.7606800                          
     9:pent gF a0.027397260   0.0029754       0.0105506       0.2801928E-05   0.7606800                          
    10:pent gF a0.030136986   0.0029754       0.0105506       0.2801928E-05   0.7606800                          
    11:pent gF a0.035616438   0.0029754       0.0105506       0.2801928E-05   0.7606800                          
    12:pent gF a0.041095890   0.0029754       0.0105506       0.2801928E-05   0.7606800                          
    13:pent gF a0.049315068   0.0029754       0.0105506       0.2801928E-05   0.7606800                          
    14:pent gF a0.052054794   0.0029754       0.0105506       0.2801928E-05   0.7606800                          
    15:pent gF a0.065753424   0.0029754       0.0105506       0.2801928E-05   0.7606800                          
    16:pent gF a0.071232876   0.0029754       0.0105506       0.2801928E-05   0.7606800                          
    17:pent gF a0.098630136   0.0029754       0.0105506       0.2801928E-05   0.7606800                          
    18:pent gF a0.101369863   0.0029754       0.0105506       0.2801928E-05   0.7606800                          
    19:pent gF a0.106849315   0.0029754       0.0105506       0.2801928E-05   0.7606800                          
    20:pent gF a0.109589041   0.0029754       0.0105506       0.2801928E-05   0.7606800                          
    21:pent gF a0.120547945   0.0029754       0.0105506       0.2801928E-05   0.7606800                          

  Program  MARK  - Survival Rate Estimation with Capture-Recapture Data
   gfortran(dble) Vers. 9.0 Mar 2018    25-Mar-2020 12:03:25    Page  010
 - - - - - - - - - - - - - - - - - - - - - - - - - - - - - - - - - - - - - -
 
    22:pent gF a0.350684931   0.0029754       0.0105506       0.2801928E-05   0.7606800                          
    23:pent gF a0.358904109   0.0029754       0.0105506       0.2801928E-05   0.7606800                          
    24:pent gF a0.613698630   0.0029754       0.0105506       0.2801928E-05   0.7606800                          
    25:pent gF a0.638356164   0.0029754       0.0105506       0.2801928E-05   0.7606800                          
    26:pent gF a0.646575342   0.0029754       0.0105506       0.2801928E-05   0.7606800                          
    27:pent gF a0.649315068   0.0029754       0.0105506       0.2801928E-05   0.7606800                          
    28:pent gF a0.652054794   0.0029754       0.0105506       0.2801928E-05   0.7606800                          
    29:pent gF a0.704109589   0.0029754       0.0105506       0.2801928E-05   0.7606800                          
    30:pent gF a0.706849315   0.0029754       0.0105506       0.2801928E-05   0.7606800                          
    31:pent gF a0.709589041   0.0029754       0.0105506       0.2801928E-05   0.7606800                          
    32:pent gF a0.827397260   0.0029754       0.0105506       0.2801928E-05   0.7606800                          
    33:pent gF a1.402739726   0.0029754       0.0105506       0.2801928E-05   0.7606800                          
    34:pent gF a1.405479452   0.0029754       0.0105506       0.2801928E-05   0.7606800                          
    35:pent gF a1.408219178   0.0029754       0.0105506       0.2801928E-05   0.7606800                          
    36:pent gM a0.005479452   0.0029754       0.0105506       0.2801928E-05   0.7606800                          
    37:pent gM a0.008219178   0.0029754       0.0105506       0.2801928E-05   0.7606800                          
    38:pent gM a0.010958904   0.0029754       0.0105506       0.2801928E-05   0.7606800                          
    39:pent gM a0.016438356   0.0029754       0.0105506       0.2801928E-05   0.7606800                          
    40:pent gM a0.024657534   0.0029754       0.0105506       0.2801928E-05   0.7606800                          
    41:pent gM a0.027397260   0.0029754       0.0105506       0.2801928E-05   0.7606800                          
    42:pent gM a0.030136986   0.0029754       0.0105506       0.2801928E-05   0.7606800                          
    43:pent gM a0.035616438   0.0029754       0.0105506       0.2801928E-05   0.7606800                          
    44:pent gM a0.041095890   0.0029754       0.0105506       0.2801928E-05   0.7606800                          
    45:pent gM a0.049315068   0.0029754       0.0105506       0.2801928E-05   0.7606800                          
    46:pent gM a0.052054794   0.0029754       0.0105506       0.2801928E-05   0.7606800                          
    47:pent gM a0.065753424   0.0029754       0.0105506       0.2801928E-05   0.7606800                          
    48:pent gM a0.071232876   0.0029754       0.0105506       0.2801928E-05   0.7606800                          
    49:pent gM a0.098630136   0.0029754       0.0105506       0.2801928E-05   0.7606800                          
    50:pent gM a0.101369863   0.0029754       0.0105506       0.2801928E-05   0.7606800                          
    51:pent gM a0.106849315   0.0029754       0.0105506       0.2801928E-05   0.7606800                          
    52:pent gM a0.109589041   0.0029754       0.0105506       0.2801928E-05   0.7606800                          
    53:pent gM a0.120547945   0.0029754       0.0105506       0.2801928E-05   0.7606800                          
    54:pent gM a0.350684931   0.0029754       0.0105506       0.2801928E-05   0.7606800                          
    55:pent gM a0.358904109   0.0029754       0.0105506       0.2801928E-05   0.7606800                          
    56:pent gM a0.613698630   0.0029754       0.0105506       0.2801928E-05   0.7606800                          
    57:pent gM a0.638356164   0.0029754       0.0105506       0.2801928E-05   0.7606800                          
    58:pent gM a0.646575342   0.0029754       0.0105506       0.2801928E-05   0.7606800                          
    59:pent gM a0.649315068   0.0029754       0.0105506       0.2801928E-05   0.7606800                          
    60:pent gM a0.652054794   0.0029754       0.0105506       0.2801928E-05   0.7606800                          
    61:pent gM a0.704109589   0.0029754       0.0105506       0.2801928E-05   0.7606800                          
    62:pent gM a0.706849315   0.0029754       0.0105506       0.2801928E-05   0.7606800                          
    63:pent gM a0.709589041   0.0029754       0.0105506       0.2801928E-05   0.7606800                          
    64:pent gM a0.827397260   0.0029754       0.0105506       0.2801928E-05   0.7606800                          
    65:pent gM a1.402739726   0.0029754       0.0105506       0.2801928E-05   0.7606800                          
    66:pent gM a1.405479452   0.0029754       0.0105506       0.2801928E-05   0.7606800                          
    67:pent gM a1.408219178   0.0029754       0.0105506       0.2801928E-05   0.7606800                          

  Program  MARK  - Survival Rate Estimation with Capture-Recapture Data
   gfortran(dble) Vers. 9.0 Mar 2018    25-Mar-2020 12:03:25    Page  011
 - - - - - - - - - - - - - - - - - - - - - - - - - - - - - - - - - - - - - -
 


                      Estimates of Derived Parameters
    Gross Birth+Immigration Estimates of { Phi(~1)p(~1)pent(~1)N(~1) }
                                                95% Confidence Interval
 Grp. Occ.   B*-hat          Standard Error      Lower           Upper
 ---- ----   --------------  --------------  --------------  --------------
   1     1    0.0596626       0.2203598       0.0024055       1.4798134    
   1     2    0.0596186       0.2201794       0.0024039       1.4785878    
   1     3    0.0596186       0.2201794       0.0024039       1.4785878    
   1     4    0.0596626       0.2203598       0.0024055       1.4798134    
   1     5    0.0597066       0.2205403       0.0024070       1.4810397    
   1     6    0.0596186       0.2201794       0.0024039       1.4785878    
   1     7    0.0596186       0.2201794       0.0024039       1.4785878    
   1     8    0.0596626       0.2203598       0.0024055       1.4798134    
   1     9    0.0596626       0.2203598       0.0024055       1.4798134    
   1    10    0.0597066       0.2205403       0.0024070       1.4810397    
   1    11    0.0596186       0.2201794       0.0024039       1.4785878    
   1    12    0.0597946       0.2209017       0.0024101       1.4834943    
   1    13    0.0596626       0.2203598       0.0024055       1.4798134    
   1    14    0.0600149       0.2218068       0.0024179       1.4896427    
   1    15    0.0596186       0.2201794       0.0024039       1.4785878    
   1    16    0.0596626       0.2203598       0.0024055       1.4798134    
   1    17    0.0596186       0.2201794       0.0024039       1.4785878    
   1    18    0.0597505       0.2207209       0.0024086       1.4822666    
   1    19    0.0633395       0.2354927       0.0025350       1.5826294    
   1    20    0.0597066       0.2205403       0.0024070       1.4810397    
   1    21    0.0637519       0.2371943       0.0025494       1.5941927    
   1    22    0.0599708       0.2216256       0.0024163       1.4884116    
   1    23    0.0597066       0.2205403       0.0024070       1.4810397    
   1    24    0.0596186       0.2201794       0.0024039       1.4785878    
   1    25    0.0596186       0.2201794       0.0024039       1.4785878    
   1    26    0.0604130       0.2234422       0.0024319       1.5007527    
   1    27    0.0596186       0.2201794       0.0024039       1.4785878    
   1    28    0.0596186       0.2201794       0.0024039       1.4785878    
   1    29    0.0614829       0.2278428       0.0024696       1.5306492    
   1    30    0.0692715       0.2600442       0.0027428       1.7495174    
   1    31    0.0596186       0.2201794       0.0024039       1.4785878    
   1    32    0.0596186       0.2201794       0.0024039       1.4785878    
   2     1    0.0983999       0.3577135       0.0040382       2.3977666    
   2     2    0.0983275       0.3574202       0.0040356       2.3957770    
   2     3    0.0983275       0.3574202       0.0040356       2.3957770    
   2     4    0.0983999       0.3577135       0.0040382       2.3977666    
   2     5    0.0984725       0.3580069       0.0040408       2.3997573    
   2     6    0.0983275       0.3574202       0.0040356       2.3957770    

  Program  MARK  - Survival Rate Estimation with Capture-Recapture Data
   gfortran(dble) Vers. 9.0 Mar 2018    25-Mar-2020 12:03:25    Page  012
 - - - - - - - - - - - - - - - - - - - - - - - - - - - - - - - - - - - - - -
 
   2     7    0.0983275       0.3574202       0.0040356       2.3957770    
   2     8    0.0983999       0.3577135       0.0040382       2.3977666    
   2     9    0.0983999       0.3577135       0.0040382       2.3977666    
   2    10    0.0984725       0.3580069       0.0040408       2.3997573    
   2    11    0.0983275       0.3574202       0.0040356       2.3957770    
   2    12    0.0986176       0.3585943       0.0040460       2.4037420    
   2    13    0.0983999       0.3577135       0.0040382       2.3977666    
   2    14    0.0989810       0.3600656       0.0040590       2.4137231    
   2    15    0.0983275       0.3574202       0.0040356       2.3957770    
   2    16    0.0983999       0.3577135       0.0040382       2.3977666    
   2    17    0.0983275       0.3574202       0.0040356       2.3957770    
   2    18    0.0985450       0.3583005       0.0040434       2.4017491    
   2    19    0.1044642       0.3823134       0.0042550       2.5646826    
   2    20    0.0984725       0.3580069       0.0040408       2.3997573    
   2    21    0.1051443       0.3850796       0.0042793       2.5834560    
   2    22    0.0989083       0.3597710       0.0040564       2.4117247    
   2    23    0.0984725       0.3580069       0.0040408       2.3997573    
   2    24    0.0983275       0.3574202       0.0040356       2.3957770    
   2    25    0.0983275       0.3574202       0.0040356       2.3957770    
   2    26    0.0996375       0.3627241       0.0040825       2.4317590    
   2    27    0.0983275       0.3574202       0.0040356       2.3957770    
   2    28    0.0983275       0.3574202       0.0040356       2.3957770    
   2    29    0.1014022       0.3698775       0.0041456       2.4802936    
   2    30    0.1142476       0.4222278       0.0046030       2.8356483    
   2    31    0.0983275       0.3574202       0.0040356       2.3957770    
   2    32    0.0983275       0.3574202       0.0040356       2.3957770    

     Net Birth+Immigration Estimates of { Phi(~1)p(~1)pent(~1)N(~1) }
                                                95% Confidence Interval
 Grp. Occ.   B-hat           Standard Error      Lower           Upper
 ---- ----   --------------  --------------  --------------  --------------
   1     1    0.0595747       0.2199990       0.0024024       1.4773629    
   1     2    0.0595747       0.2199990       0.0024024       1.4773629    
   1     3    0.0595747       0.2199990       0.0024024       1.4773629    
   1     4    0.0595747       0.2199990       0.0024024       1.4773629    
   1     5    0.0595747       0.2199990       0.0024024       1.4773629    
   1     6    0.0595747       0.2199990       0.0024024       1.4773629    
   1     7    0.0595747       0.2199990       0.0024024       1.4773629    
   1     8    0.0595747       0.2199990       0.0024024       1.4773629    
   1     9    0.0595747       0.2199990       0.0024024       1.4773629    
   1    10    0.0595747       0.2199990       0.0024024       1.4773629    
   1    11    0.0595747       0.2199990       0.0024024       1.4773629    
   1    12    0.0595747       0.2199990       0.0024024       1.4773629    
   1    13    0.0595747       0.2199990       0.0024024       1.4773629    
   1    14    0.0595747       0.2199990       0.0024024       1.4773629    
   1    15    0.0595747       0.2199990       0.0024024       1.4773629    
   1    16    0.0595747       0.2199990       0.0024024       1.4773629    
   1    17    0.0595747       0.2199990       0.0024024       1.4773629    
   1    18    0.0595747       0.2199990       0.0024024       1.4773629    
   1    19    0.0595747       0.2199990       0.0024024       1.4773629    
   1    20    0.0595747       0.2199990       0.0024024       1.4773629    
   1    21    0.0595747       0.2199990       0.0024024       1.4773629    
   1    22    0.0595747       0.2199990       0.0024024       1.4773629    
   1    23    0.0595747       0.2199990       0.0024024       1.4773629    
   1    24    0.0595747       0.2199990       0.0024024       1.4773629    
   1    25    0.0595747       0.2199990       0.0024024       1.4773629    
   1    26    0.0595747       0.2199990       0.0024024       1.4773629    
   1    27    0.0595747       0.2199990       0.0024024       1.4773629    
   1    28    0.0595747       0.2199990       0.0024024       1.4773629    
   1    29    0.0595747       0.2199990       0.0024024       1.4773629    
   1    30    0.0595747       0.2199990       0.0024024       1.4773629    
   1    31    0.0595747       0.2199990       0.0024024       1.4773629    
   1    32    0.0595747       0.2199990       0.0024024       1.4773629    
   2     1    0.0982550       0.3571270       0.0040330       2.3937885    
   2     2    0.0982550       0.3571270       0.0040330       2.3937885    
   2     3    0.0982550       0.3571270       0.0040330       2.3937885    
   2     4    0.0982550       0.3571270       0.0040330       2.3937885    
   2     5    0.0982550       0.3571270       0.0040330       2.3937885    
   2     6    0.0982550       0.3571270       0.0040330       2.3937885    
   2     7    0.0982550       0.3571270       0.0040330       2.3937885    
   2     8    0.0982550       0.3571270       0.0040330       2.3937885    
   2     9    0.0982550       0.3571270       0.0040330       2.3937885    
   2    10    0.0982550       0.3571270       0.0040330       2.3937885    
   2    11    0.0982550       0.3571270       0.0040330       2.3937885    
   2    12    0.0982550       0.3571270       0.0040330       2.3937885    
   2    13    0.0982550       0.3571270       0.0040330       2.3937885    
   2    14    0.0982550       0.3571270       0.0040330       2.3937885    
   2    15    0.0982550       0.3571270       0.0040330       2.3937885    
   2    16    0.0982550       0.3571270       0.0040330       2.3937885    
   2    17    0.0982550       0.3571270       0.0040330       2.3937885    
   2    18    0.0982550       0.3571270       0.0040330       2.3937885    
   2    19    0.0982550       0.3571270       0.0040330       2.3937885    
   2    20    0.0982550       0.3571270       0.0040330       2.3937885    
   2    21    0.0982550       0.3571270       0.0040330       2.3937885    
   2    22    0.0982550       0.3571270       0.0040330       2.3937885    
   2    23    0.0982550       0.3571270       0.0040330       2.3937885    
   2    24    0.0982550       0.3571270       0.0040330       2.3937885    
   2    25    0.0982550       0.3571270       0.0040330       2.3937885    
   2    26    0.0982550       0.3571270       0.0040330       2.3937885    
   2    27    0.0982550       0.3571270       0.0040330       2.3937885    
   2    28    0.0982550       0.3571270       0.0040330       2.3937885    
   2    29    0.0982550       0.3571270       0.0040330       2.3937885    
   2    30    0.0982550       0.3571270       0.0040330       2.3937885    
   2    31    0.0982550       0.3571270       0.0040330       2.3937885    
   2    32    0.0982550       0.3571270       0.0040330       2.3937885    

          Population Estimates of { Phi(~1)p(~1)pent(~1)N(~1) }
                                                95% Confidence Interval
 Grp. Occ.   N-hat           Standard Error      Lower           Upper
 ---- ----   --------------  --------------  --------------  --------------
   1     1    18.115985       4.5008357       11.213456       29.267419    
   1     2    18.122225       4.3070797       11.446608       28.691037    
   1     3    18.155104       4.1132551       11.709912       28.147761    
   1     4    18.187934       3.9219433       11.976041       27.621893    
   1     5    18.193962       3.7361802       12.216009       27.097249    
   1     6    18.173249       3.5565206       12.428289       26.573808    
   1     7    18.206052       3.3743638       12.699274       26.100729    
   1     8    18.238807       3.1964046       12.970147       25.647673    
   1     9    18.244685       3.0264204       13.209730       25.198739    
   1    10    18.250546       2.8618200       13.446476       24.770983    
   1    11    18.229583       2.7065996       13.648419       24.348440    
   1    12    18.262304       2.5520545       13.905205       23.984668    
   1    13    18.187761       2.4183158       14.031160       23.575716    
   1    14    18.193789       2.2841226       14.238866       23.247214    
   1    15    17.987116       2.1845485       14.189229       22.801546    
   1    16    18.020194       2.0674067       14.401932       22.547487    
   1    17    18.026715       1.9684555       14.562700       22.314712    
   1    18    18.059734       1.8847783       14.727050       22.146594    
   1    19    18.013127       1.8243953       14.777347       21.957442    
   1    20    15.974652       2.1197701       12.330224       20.696260    

  Program  MARK  - Survival Rate Estimation with Capture-Recapture Data
   gfortran(dble) Vers. 9.0 Mar 2018    25-Mar-2020 12:03:25    Page  013
 - - - - - - - - - - - - - - - - - - - - - - - - - - - - - - - - - - - - - -
 
   1    21    15.963733       2.0434621       12.434134       20.495258    
   1    22    13.978059       2.5819360       9.7618579       20.015260    
   1    23    13.853399       2.5402337       9.6997647       19.785702    
   1    24    13.851840       2.4711398       9.7912900       19.596343    
   1    25    13.891009       2.4048335       9.9187361       19.454106    
   1    26    13.930121       2.3560741       10.023008       19.360284    
   1    27    13.604926       2.4203827       9.6258399       19.228870    
   1    28    13.644459       2.3978598       9.6939457       19.204901    
   1    29    13.683934       2.3940631       9.7366141       19.231537    
   1    30    12.902991       2.5702148       8.7655406       18.993372    
   1    31    9.5271666       3.3039683       4.9216047       18.442542    
   1    32    9.5727066       3.2424384       5.0177081       18.262663    
   1    33    9.6181795       3.1944242       5.1020636       18.131757    
   2     1    29.878216       8.7017081       17.079501       52.267791    
   2     2    29.888507       8.3616749       17.451698       51.188305    
   2     3    29.942733       8.0189868       17.875670       50.155728    
   2     4    29.996878       7.6776400       18.308617       49.146950    
   2     5    30.006820       7.3431346       18.704034       48.139841    
   2     6    29.972659       7.0166086       19.059304       47.134999    
   2     7    30.026760       6.6798030       19.517642       46.194428    
   2     8    30.080782       6.3448978       19.984504       45.277755    
   2     9    30.090477       6.0195397       20.408565       44.365530    
   2    10    30.100143       5.6969822       20.838967       43.477137    
   2    11    30.065570       5.3859983       21.221863       42.594682    
   2    12    30.119535       5.0610337       21.717575       41.771992    
   2    13    29.996593       4.7774807       21.996261       40.906752    
   2    14    30.006536       4.4698503       22.444578       40.116244    
   2    15    29.665675       4.2532086       22.430260       39.235046    
   2    16    29.720229       3.9451733       22.937786       38.508164    
   2    17    29.730985       3.6560361       23.384449       37.799970    
   2    18    29.785443       3.3638878       23.887699       37.139307    
   2    19    29.708574       3.1200449       24.195276       36.478171    
   2    20    26.346572       4.0455419       19.533481       35.536005    
   2    21    26.328563       3.8140993       19.849743       34.922025    
   2    22    23.053643       4.8575553       15.322397       34.685856    
   2    23    22.848045       4.7241980       15.299776       34.120313    
   2    24    22.845474       4.5304520       15.546109       33.572110    
   2    25    22.910075       4.3283286       15.871452       33.070165    
   2    26    22.974580       4.1458563       16.175991       32.630542    
   2    27    22.438246       4.2133316       15.578822       32.317904    
   2    28    22.503446       4.0692349       15.832966       31.984222    
   2    29    22.568551       3.9505820       16.055454       31.723767    
   2    30    21.280562       4.3203861       14.351945       31.554072    
   2    31    15.712904       5.7959616       7.8024285       31.643398    
   2    32    15.788012       5.6453278       7.9995466       31.159431    
   2    33    15.863009       5.5132701       8.1834012       30.749447    

       Gross Population Estimates of { Phi(~1)p(~1)pent(~1)N(~1) }
                                                95% Confidence Interval
 Grp. Occ.   N*-hat          Standard Error      Lower           Upper
 ---- ----   --------------  --------------  --------------  --------------

  Program  MARK  - Survival Rate Estimation with Capture-Recapture Data
   gfortran(dble) Vers. 9.0 Mar 2018    25-Mar-2020 12:03:25    Page  014
 - - - - - - - - - - - - - - - - - - - - - - - - - - - - - - - - - - - - - -
 
   1     0    20.045619       3.6123238       14.120486       28.457013    
   2     0    33.060710       3.6632534       26.624511       41.052794    

   CPU Time for the last procedure was 0.02 seconds.     


  INPUT --- proc stop;

     CPU Time in minutes for this job was 0.00

     Time Start = 12:03:25.193   Time End = 12:03:25.576

     Wall Clock Time in minutes for this job was 0.01


          E X E C U T I O N   S U C C E S S F U L 
