
   Program  MARK  - Survival Rate Estimation with Capture-Recapture Data
   gfortran(dble) Vers. 9.0 Mar 2018    25-Mar-2020 14:19:32    Page  001
 - - - - - - - - - - - - - - - - - - - - - - - - - - - - - - - - - - - - - -
 
   This version was compiled by GCC version 7.2.0 using the options: 
     -cpp -iprefix C:/Program Files/mingw-w64/x86_64-7.2.0-posix-seh-rt_v5-rev1/
     mingw64/bin/../lib/gcc/x86_64-w64-mingw32/7.2.0/ -D_MT -D_REENTRANT
     -U_REENTRANT -D IEEE -D DBLEPRECISION -m64 -mtune=core2 -march=nocona -mthreads
     -O2 -fimplicit-none -fbounds-check -funroll-loops -ftree-vectorize
     -ffpe-summary=invalid,zero,overflow,underflow -fno-unsafe-math-optimizations
     -frounding-math -fsignaling-nans -fopenmp.

   This problem will use 15 of 16 possible threads.


  INPUT --- proc title ;

   CPU Time for the last procedure was 0.01 seconds.     


  INPUT --- proc chmatrix occasions= 33 groups= 2 etype= POPAN Nodes= 
  INPUT --- 101 ICMeans NoHist hist= 41  ;

  INPUT ---    time interval 0.00547945205479452 0.00273972602739726 
  INPUT ---    0.00273972602739726 0.00547945205479452  
  INPUT ---    0.00821917808219178 0.00273972602739726 0.00273972602739726 
  INPUT ---    0.00547945205479452  0.00547945205479452 
  INPUT ---    0.00821917808219178 0.00273972602739726 0.0136986301369863 
  INPUT ---    0.00547945205479452  0.0273972602739726 0.00273972602739726 
  INPUT ---    0.00547945205479452 0.00273972602739726 0.010958904109589  
  INPUT ---    0.23013698630137 0.00821917808219178 0.254794520547945 
  INPUT ---    0.0246575342465753 0.00821917808219178  0.00273972602739726 
  INPUT ---    0.00273972602739726 0.0520547945205479 0.00273972602739726 
  INPUT ---    0.00273972602739726  0.117808219178082 0.575342465753425 
  INPUT ---    0.00273972602739726 0.00273972602739726 ;

  INPUT ---    glabel(1)=sexF;

  INPUT ---    glabel(2)=sexM;

   * *  WARNING  * *   At least a pair of the encounter histories are duplicates. 

      Number of unique encounter histories read was 38.

      Number of individual covariates read was 0.
      Time interval lengths vary and/or not equal to 1.

      Data type number is 19
      Data type is POPAN                                                                                               

   CPU Time for the last procedure was 0.01 seconds.     

  Program  MARK  - Survival Rate Estimation with Capture-Recapture Data
   gfortran(dble) Vers. 9.0 Mar 2018    25-Mar-2020 14:19:32    Page  002
 - - - - - - - - - - - - - - - - - - - - - - - - - - - - - - - - - - - - - -
 


  INPUT --- proc estimate link=Parm-Specific NOLOOP varest=2ndPart    ;


  INPUT --- model={ Phi(~1)p(~1)pent(~1)N(~1) };

  INPUT ---    group=1 Phi    rows=1 cols=32 Square ;
  INPUT ---        1 1 1 1 1 1 1 1 1 1 1 1 1 1 1 1 1 1 1 1 1 1 1 1 1 1 1 1 1 
  INPUT ---       1 1 1 ;

  INPUT ---    group=2 Phi    rows=1 cols=32 Square ;
  INPUT ---        1 1 1 1 1 1 1 1 1 1 1 1 1 1 1 1 1 1 1 1 1 1 1 1 1 1 1 1 1 
  INPUT ---       1 1 1 ;

  INPUT ---    group=1 p    rows=1 cols=33 Square ;
  INPUT ---        2 2 2 2 2 2 2 2 2 2 2 2 2 2 2 2 2 2 2 2 2 2 2 2 2 2 2 2 2 
  INPUT ---       2 2 2 2 ;

  INPUT ---    group=2 p    rows=1 cols=33 Square ;
  INPUT ---        2 2 2 2 2 2 2 2 2 2 2 2 2 2 2 2 2 2 2 2 2 2 2 2 2 2 2 2 2 
  INPUT ---       2 2 2 2 ;

  INPUT ---    group=1 pent    rows=1 cols=32 Square ;
  INPUT ---        4 5 6 7 8 9 10 11 12 13 14 15 16 17 18 19 20 21 22 23 24 
  INPUT ---       25 26 27 28 29 30 31 32 33 34 35 ;

  INPUT ---    group=2 pent    rows=1 cols=32 Square ;
  INPUT ---        36 37 38 39 40 41 42 43 44 45 46 47 48 49 50 51 52 53 54 
  INPUT ---       55 56 57 58 59 60 61 62 63 64 65 66 67 ;

  INPUT ---    group=1 N    rows=1 cols=1 Square ;
  INPUT ---        3 ;

  INPUT ---    group=2 N    rows=1 cols=1 Square ;
  INPUT ---        3 ;

  INPUT ---    design matrix constraints=67 covariates=4;
  INPUT ---        1 0 0 0;
  INPUT ---        0 1 0 0;
  INPUT ---        0 0 0 1;
  INPUT ---        0 0 1 0;
  INPUT ---        0 0 1 0;
  INPUT ---        0 0 1 0;
  INPUT ---        0 0 1 0;
  INPUT ---        0 0 1 0;

  Program  MARK  - Survival Rate Estimation with Capture-Recapture Data
   gfortran(dble) Vers. 9.0 Mar 2018    25-Mar-2020 14:19:32    Page  003
 - - - - - - - - - - - - - - - - - - - - - - - - - - - - - - - - - - - - - -
 
  INPUT ---        0 0 1 0;
  INPUT ---        0 0 1 0;
  INPUT ---        0 0 1 0;
  INPUT ---        0 0 1 0;
  INPUT ---        0 0 1 0;
  INPUT ---        0 0 1 0;
  INPUT ---        0 0 1 0;
  INPUT ---        0 0 1 0;
  INPUT ---        0 0 1 0;
  INPUT ---        0 0 1 0;
  INPUT ---        0 0 1 0;
  INPUT ---        0 0 1 0;
  INPUT ---        0 0 1 0;
  INPUT ---        0 0 1 0;
  INPUT ---        0 0 1 0;
  INPUT ---        0 0 1 0;
  INPUT ---        0 0 1 0;
  INPUT ---        0 0 1 0;
  INPUT ---        0 0 1 0;
  INPUT ---        0 0 1 0;
  INPUT ---        0 0 1 0;
  INPUT ---        0 0 1 0;
  INPUT ---        0 0 1 0;
  INPUT ---        0 0 1 0;
  INPUT ---        0 0 1 0;
  INPUT ---        0 0 1 0;
  INPUT ---        0 0 1 0;
  INPUT ---        0 0 1 0;
  INPUT ---        0 0 1 0;
  INPUT ---        0 0 1 0;
  INPUT ---        0 0 1 0;
  INPUT ---        0 0 1 0;
  INPUT ---        0 0 1 0;
  INPUT ---        0 0 1 0;
  INPUT ---        0 0 1 0;
  INPUT ---        0 0 1 0;
  INPUT ---        0 0 1 0;
  INPUT ---        0 0 1 0;
  INPUT ---        0 0 1 0;
  INPUT ---        0 0 1 0;
  INPUT ---        0 0 1 0;
  INPUT ---        0 0 1 0;
  INPUT ---        0 0 1 0;
  INPUT ---        0 0 1 0;
  INPUT ---        0 0 1 0;
  INPUT ---        0 0 1 0;

  Program  MARK  - Survival Rate Estimation with Capture-Recapture Data
   gfortran(dble) Vers. 9.0 Mar 2018    25-Mar-2020 14:19:32    Page  004
 - - - - - - - - - - - - - - - - - - - - - - - - - - - - - - - - - - - - - -
 
  INPUT ---        0 0 1 0;
  INPUT ---        0 0 1 0;
  INPUT ---        0 0 1 0;
  INPUT ---        0 0 1 0;
  INPUT ---        0 0 1 0;
  INPUT ---        0 0 1 0;
  INPUT ---        0 0 1 0;
  INPUT ---        0 0 1 0;
  INPUT ---        0 0 1 0;
  INPUT ---        0 0 1 0;
  INPUT ---        0 0 1 0;
  INPUT ---        0 0 1 0;
  INPUT ---        0 0 1 0;

  INPUT ---    links=67;

  INPUT ---    Logit;

  INPUT ---    Logit;

  INPUT ---    Log;

  INPUT ---    mlogit(1);

  INPUT ---    mlogit(1);

  INPUT ---    mlogit(1);

  INPUT ---    mlogit(1);

  INPUT ---    mlogit(1);

  INPUT ---    mlogit(1);

  INPUT ---    mlogit(1);

  INPUT ---    mlogit(1);

  INPUT ---    mlogit(1);

  INPUT ---    mlogit(1);

  INPUT ---    mlogit(1);

  INPUT ---    mlogit(1);


  Program  MARK  - Survival Rate Estimation with Capture-Recapture Data
   gfortran(dble) Vers. 9.0 Mar 2018    25-Mar-2020 14:19:32    Page  005
 - - - - - - - - - - - - - - - - - - - - - - - - - - - - - - - - - - - - - -
 
  INPUT ---    mlogit(1);

  INPUT ---    mlogit(1);

  INPUT ---    mlogit(1);

  INPUT ---    mlogit(1);

  INPUT ---    mlogit(1);

  INPUT ---    mlogit(1);

  INPUT ---    mlogit(1);

  INPUT ---    mlogit(1);

  INPUT ---    mlogit(1);

  INPUT ---    mlogit(1);

  INPUT ---    mlogit(1);

  INPUT ---    mlogit(1);

  INPUT ---    mlogit(1);

  INPUT ---    mlogit(1);

  INPUT ---    mlogit(1);

  INPUT ---    mlogit(1);

  INPUT ---    mlogit(1);

  INPUT ---    mlogit(1);

  INPUT ---    mlogit(1);

  INPUT ---    mlogit(1);

  INPUT ---    mlogit(2);

  INPUT ---    mlogit(2);

  INPUT ---    mlogit(2);


  Program  MARK  - Survival Rate Estimation with Capture-Recapture Data
   gfortran(dble) Vers. 9.0 Mar 2018    25-Mar-2020 14:19:32    Page  006
 - - - - - - - - - - - - - - - - - - - - - - - - - - - - - - - - - - - - - -
 
  INPUT ---    mlogit(2);

  INPUT ---    mlogit(2);

  INPUT ---    mlogit(2);

  INPUT ---    mlogit(2);

  INPUT ---    mlogit(2);

  INPUT ---    mlogit(2);

  INPUT ---    mlogit(2);

  INPUT ---    mlogit(2);

  INPUT ---    mlogit(2);

  INPUT ---    mlogit(2);

  INPUT ---    mlogit(2);

  INPUT ---    mlogit(2);

  INPUT ---    mlogit(2);

  INPUT ---    mlogit(2);

  INPUT ---    mlogit(2);

  INPUT ---    mlogit(2);

  INPUT ---    mlogit(2);

  INPUT ---    mlogit(2);

  INPUT ---    mlogit(2);

  INPUT ---    mlogit(2);

  INPUT ---    mlogit(2);

  INPUT ---    mlogit(2);

  INPUT ---    mlogit(2);


  Program  MARK  - Survival Rate Estimation with Capture-Recapture Data
   gfortran(dble) Vers. 9.0 Mar 2018    25-Mar-2020 14:19:32    Page  007
 - - - - - - - - - - - - - - - - - - - - - - - - - - - - - - - - - - - - - -
 
  INPUT ---    mlogit(2);

  INPUT ---    mlogit(2);

  INPUT ---    mlogit(2);

  INPUT ---    mlogit(2);

  INPUT ---    mlogit(2);

  INPUT ---    mlogit(2);
  INPUT ---       blabel(1)=Phi:(Intercept);
  INPUT ---       blabel(2)=p:(Intercept);
  INPUT ---       blabel(3)=pent:(Intercept);
  INPUT ---       blabel(4)=N:(Intercept);
  INPUT ---       rlabel(1)=Phi gF a0 t1;
  INPUT ---       rlabel(2)=p gF a0 t1;
  INPUT ---       rlabel(3)=N gF a0 t1;
  INPUT ---       rlabel(4)=pent gF a0.00547945205479452 t1.00547945205479;
  INPUT ---       rlabel(5)=pent gF a0.00821917808219178 t1.00821917808219;
  INPUT ---       rlabel(6)=pent gF a0.010958904109589 t1.01095890410959;
  INPUT ---       rlabel(7)=pent gF a0.0164383561643836 t1.01643835616438;
  INPUT ---       rlabel(8)=pent gF a0.0246575342465753 t1.02465753424658;
  INPUT ---       rlabel(9)=pent gF a0.0273972602739726 t1.02739726027397;
  INPUT ---       rlabel(10)=pent gF a0.0301369863013699 t1.03013698630137;
  INPUT ---       rlabel(11)=pent gF a0.0356164383561644 t1.03561643835616;
  INPUT ---       rlabel(12)=pent gF a0.0410958904109589 t1.04109589041096;
  INPUT ---       rlabel(13)=pent gF a0.0493150684931507 t1.04931506849315;
  INPUT ---       rlabel(14)=pent gF a0.0520547945205479 t1.05205479452055;
  INPUT ---       rlabel(15)=pent gF a0.0657534246575342 t1.06575342465753;
  INPUT ---       rlabel(16)=pent gF a0.0712328767123288 t1.07123287671233;
  INPUT ---       rlabel(17)=pent gF a0.0986301369863014 t1.0986301369863;
  INPUT ---       rlabel(18)=pent gF a0.101369863013699 t1.1013698630137;
  INPUT ---       rlabel(19)=pent gF a0.106849315068493 t1.10684931506849;
  INPUT ---       rlabel(20)=pent gF a0.10958904109589 t1.10958904109589;
  INPUT ---       rlabel(21)=pent gF a0.120547945205479 t1.12054794520548;
  INPUT ---       rlabel(22)=pent gF a0.350684931506849 t1.35068493150685;
  INPUT ---       rlabel(23)=pent gF a0.358904109589041 t1.35890410958904;
  INPUT ---       rlabel(24)=pent gF a0.613698630136986 t1.61369863013699;
  INPUT ---       rlabel(25)=pent gF a0.638356164383562 t1.63835616438356;
  INPUT ---       rlabel(26)=pent gF a0.646575342465753 t1.64657534246575;
  INPUT ---       rlabel(27)=pent gF a0.649315068493151 t1.64931506849315;
  INPUT ---       rlabel(28)=pent gF a0.652054794520548 t1.65205479452055;
  INPUT ---       rlabel(29)=pent gF a0.704109589041096 t1.7041095890411;
  INPUT ---       rlabel(30)=pent gF a0.706849315068493 t1.70684931506849;
  INPUT ---       rlabel(31)=pent gF a0.70958904109589 t1.70958904109589;

  Program  MARK  - Survival Rate Estimation with Capture-Recapture Data
   gfortran(dble) Vers. 9.0 Mar 2018    25-Mar-2020 14:19:32    Page  008
 - - - - - - - - - - - - - - - - - - - - - - - - - - - - - - - - - - - - - -
 
  INPUT ---       rlabel(32)=pent gF a0.827397260273973 t1.82739726027397;
  INPUT ---       rlabel(33)=pent gF a1.4027397260274 t2.4027397260274;
  INPUT ---       rlabel(34)=pent gF a1.40547945205479 t2.40547945205479;
  INPUT ---       rlabel(35)=pent gF a1.40821917808219 t2.40821917808219;
  INPUT ---       rlabel(36)=pent gM a0.00547945205479452 t1.00547945205479;
  INPUT ---       rlabel(37)=pent gM a0.00821917808219178 t1.00821917808219;
  INPUT ---       rlabel(38)=pent gM a0.010958904109589 t1.01095890410959;
  INPUT ---       rlabel(39)=pent gM a0.0164383561643836 t1.01643835616438;
  INPUT ---       rlabel(40)=pent gM a0.0246575342465753 t1.02465753424658;
  INPUT ---       rlabel(41)=pent gM a0.0273972602739726 t1.02739726027397;
  INPUT ---       rlabel(42)=pent gM a0.0301369863013699 t1.03013698630137;
  INPUT ---       rlabel(43)=pent gM a0.0356164383561644 t1.03561643835616;
  INPUT ---       rlabel(44)=pent gM a0.0410958904109589 t1.04109589041096;
  INPUT ---       rlabel(45)=pent gM a0.0493150684931507 t1.04931506849315;
  INPUT ---       rlabel(46)=pent gM a0.0520547945205479 t1.05205479452055;
  INPUT ---       rlabel(47)=pent gM a0.0657534246575342 t1.06575342465753;
  INPUT ---       rlabel(48)=pent gM a0.0712328767123288 t1.07123287671233;
  INPUT ---       rlabel(49)=pent gM a0.0986301369863014 t1.0986301369863;
  INPUT ---       rlabel(50)=pent gM a0.101369863013699 t1.1013698630137;
  INPUT ---       rlabel(51)=pent gM a0.106849315068493 t1.10684931506849;
  INPUT ---       rlabel(52)=pent gM a0.10958904109589 t1.10958904109589;
  INPUT ---       rlabel(53)=pent gM a0.120547945205479 t1.12054794520548;
  INPUT ---       rlabel(54)=pent gM a0.350684931506849 t1.35068493150685;
  INPUT ---       rlabel(55)=pent gM a0.358904109589041 t1.35890410958904;
  INPUT ---       rlabel(56)=pent gM a0.613698630136986 t1.61369863013699;
  INPUT ---       rlabel(57)=pent gM a0.638356164383562 t1.63835616438356;
  INPUT ---       rlabel(58)=pent gM a0.646575342465753 t1.64657534246575;
  INPUT ---       rlabel(59)=pent gM a0.649315068493151 t1.64931506849315;
  INPUT ---       rlabel(60)=pent gM a0.652054794520548 t1.65205479452055;
  INPUT ---       rlabel(61)=pent gM a0.704109589041096 t1.7041095890411;
  INPUT ---       rlabel(62)=pent gM a0.706849315068493 t1.70684931506849;
  INPUT ---       rlabel(63)=pent gM a0.70958904109589 t1.70958904109589;
  INPUT ---       rlabel(64)=pent gM a0.827397260273973 t1.82739726027397;
  INPUT ---       rlabel(65)=pent gM a1.4027397260274 t2.4027397260274;
  INPUT ---       rlabel(66)=pent gM a1.40547945205479 t2.40547945205479;
  INPUT ---       rlabel(67)=pent gM a1.40821917808219 t2.40821917808219;

 Link Function Used is PARM-SPECIFIC

 Variance Estimation Procedure Used is 2ndPart 

 M(t+1):
      16     29



 Group: 1

 U(t)+UL(t):
       0    2    2    0    1    0    3    1    1    0    0    0    0    0    1
       0    0    0    2    1    1    0    0    0    1    0    0    0    0    0
       0    0    0

 U(t):
       0    2    2    0    1    0    3    1    1    0    0    0    0    0    1
       0    0    0    2    1    1    0    0    0    1    0    0    0    0    0
       0    0    0

 UL(t):
       0    0    0    0    0    0    0    0    0    0    0    0    0    0    0
       0    0    0    0    0    0    0    0    0    0    0    0    0    0    0
       0    0    0

 Not Released(t):
       0    0    0    0    0    0    0    0    0    0    0    0    0    0    0
       0    0    0    0    0    0    0    0    0    0    0    0    0    0    0
       0    0    0

 Group: 2

 U(t)+UL(t):
       3    0    1    1    1    1    1    0    1    1    2    1    3    3    1
       1    0    2    3    1    0    0    1    0    0    0    0    0    0    1
       0    0    0

 U(t):
       3    0    1    1    1    1    1    0    1    1    2    1    3    3    1
       1    0    2    3    1    0    0    1    0    0    0    0    0    0    1
       0    0    0

 UL(t):
       0    0    0    0    0    0    0    0    0    0    0    0    0    0    0
       0    0    0    0    0    0    0    0    0    0    0    0    0    0    0
       0    0    0

 Not Released(t):
       0    0    0    0    0    0    0    0    0    0    0    0    0    0    0
       0    0    0    0    0    0    0    0    0    0    0    0    0    0    0
       0    0    0
 -2logL(saturated) = 272.93564     
 Effective Sample Size = 103

 Number of function evaluations was 25 for 4 parameters.

  Program  MARK  - Survival Rate Estimation with Capture-Recapture Data
   gfortran(dble) Vers. 9.0 Mar 2018    25-Mar-2020 14:19:33    Page  009
 - - - - - - - - - - - - - - - - - - - - - - - - - - - - - - - - - - - - - -
 
 Time for numerical optimization was 0.02 seconds.     
 -2logL { Phi(~1)p(~1)pent(~1)N(~1) } = 560.13045     
 Penalty { Phi(~1)p(~1)pent(~1)N(~1) } = 0.0000000     
 Gradient { Phi(~1)p(~1)pent(~1)N(~1) }:
   0.000000     -0.8614963E-05  0.2271556E-05  0.6379436E-05
 Maximum ABS(G) { Phi(~1)p(~1)pent(~1)N(~1) } = 0.8614963E-05 
 S Vector { Phi(~1)p(~1)pent(~1)N(~1) }:
   85.03125      4.592995      2.717113     0.6173015E-01
 Time to compute number of parameters was 0.12 seconds.     
 Ratio Threshold = 50.000000       Max Gap (3/4) = 44.015985       Next Max Gap (1/2) = 18.513246     
 Gap Method for Num. of Estimated Parameters { Phi(~1)p(~1)pent(~1)N(~1) } = 4          
 Threshold { Phi(~1)p(~1)pent(~1)N(~1) } = 0.1722993E-04                 
 Numerical Threshold Method for Num. of Estimated Parameters { Phi(~1)p(~1)pent(~1)N(~1) } = 4          
 Number of Estimated Parameters { Phi(~1)p(~1)pent(~1)N(~1) } = 4          
 DEVIANCE { Phi(~1)p(~1)pent(~1)N(~1) } = 287.19481                     
 DEVIANCE Degrees of Freedom { Phi(~1)p(~1)pent(~1)N(~1) } = 37            
 c-hat { Phi(~1)p(~1)pent(~1)N(~1) } = 7.7620218                     
 AIC { Phi(~1)p(~1)pent(~1)N(~1) } = 568.13045                  
 AICc { Phi(~1)p(~1)pent(~1)N(~1) } = 568.53861                    
 BIC { Phi(~1)p(~1)pent(~1)N(~1) } = 578.66936                    
 Pearson Chisquare { Phi(~1)p(~1)pent(~1)N(~1) } = 44638489.                  


                PARM-SPECIFIC Link Function Parameters of { Phi(~1)p(~1)pent(~1)N(~1) }
                                                              95% Confidence Interval
 Parameter                    Beta         Standard Error      Lower           Upper
 -------------------------  --------------  --------------  --------------  --------------
    1:Phi:(Intercept)        0.3386571       0.7948687      -1.2192857       1.8965998    
    2:p:(Intercept)         -2.5423921       0.1875970      -2.9100823      -2.1747020    
    3:pent:(Intercept)      -5.7173286       3.9191483      -13.398859       1.9642023    
    4:N:(Intercept)          1.3918711       0.8776831      -0.3283878       3.1121299    


                Real Function Parameters of { Phi(~1)p(~1)pent(~1)N(~1) }
                                                               95% Confidence Interval
  Parameter                  Estimate       Standard Error      Lower           Upper
 --------------------------  --------------  --------------  --------------  --------------
     1:Phi gF a0 t1           0.5838643       0.1931267       0.2280622       0.8695062                          
     2:p gF a0 t1             0.0729393       0.0126851       0.0516574       0.1020454                          
     3:N gF a0 t1             20.022369       3.5303653       16.914473       33.692655                          
     4:pent gF a0.005479452   0.0029754       0.0105507       0.2801647E-05   0.7606949                          
     5:pent gF a0.008219178   0.0029754       0.0105507       0.2801647E-05   0.7606949                          
     6:pent gF a0.010958904   0.0029754       0.0105507       0.2801647E-05   0.7606949                          
     7:pent gF a0.016438356   0.0029754       0.0105507       0.2801647E-05   0.7606949                          
     8:pent gF a0.024657534   0.0029754       0.0105507       0.2801647E-05   0.7606949                          
     9:pent gF a0.027397260   0.0029754       0.0105507       0.2801647E-05   0.7606949                          
    10:pent gF a0.030136986   0.0029754       0.0105507       0.2801647E-05   0.7606949                          
    11:pent gF a0.035616438   0.0029754       0.0105507       0.2801647E-05   0.7606949                          
    12:pent gF a0.041095890   0.0029754       0.0105507       0.2801647E-05   0.7606949                          
    13:pent gF a0.049315068   0.0029754       0.0105507       0.2801647E-05   0.7606949                          
    14:pent gF a0.052054794   0.0029754       0.0105507       0.2801647E-05   0.7606949                          
    15:pent gF a0.065753424   0.0029754       0.0105507       0.2801647E-05   0.7606949                          
    16:pent gF a0.071232876   0.0029754       0.0105507       0.2801647E-05   0.7606949                          
    17:pent gF a0.098630136   0.0029754       0.0105507       0.2801647E-05   0.7606949                          
    18:pent gF a0.101369863   0.0029754       0.0105507       0.2801647E-05   0.7606949                          
    19:pent gF a0.106849315   0.0029754       0.0105507       0.2801647E-05   0.7606949                          
    20:pent gF a0.109589041   0.0029754       0.0105507       0.2801647E-05   0.7606949                          
    21:pent gF a0.120547945   0.0029754       0.0105507       0.2801647E-05   0.7606949                          

  Program  MARK  - Survival Rate Estimation with Capture-Recapture Data
   gfortran(dble) Vers. 9.0 Mar 2018    25-Mar-2020 14:19:33    Page  010
 - - - - - - - - - - - - - - - - - - - - - - - - - - - - - - - - - - - - - -
 
    22:pent gF a0.350684931   0.0029754       0.0105507       0.2801647E-05   0.7606949                          
    23:pent gF a0.358904109   0.0029754       0.0105507       0.2801647E-05   0.7606949                          
    24:pent gF a0.613698630   0.0029754       0.0105507       0.2801647E-05   0.7606949                          
    25:pent gF a0.638356164   0.0029754       0.0105507       0.2801647E-05   0.7606949                          
    26:pent gF a0.646575342   0.0029754       0.0105507       0.2801647E-05   0.7606949                          
    27:pent gF a0.649315068   0.0029754       0.0105507       0.2801647E-05   0.7606949                          
    28:pent gF a0.652054794   0.0029754       0.0105507       0.2801647E-05   0.7606949                          
    29:pent gF a0.704109589   0.0029754       0.0105507       0.2801647E-05   0.7606949                          
    30:pent gF a0.706849315   0.0029754       0.0105507       0.2801647E-05   0.7606949                          
    31:pent gF a0.709589041   0.0029754       0.0105507       0.2801647E-05   0.7606949                          
    32:pent gF a0.827397260   0.0029754       0.0105507       0.2801647E-05   0.7606949                          
    33:pent gF a1.402739726   0.0029754       0.0105507       0.2801647E-05   0.7606949                          
    34:pent gF a1.405479452   0.0029754       0.0105507       0.2801647E-05   0.7606949                          
    35:pent gF a1.408219178   0.0029754       0.0105507       0.2801647E-05   0.7606949                          
    36:pent gM a0.005479452   0.0029754       0.0105507       0.2801647E-05   0.7606949                          
    37:pent gM a0.008219178   0.0029754       0.0105507       0.2801647E-05   0.7606949                          
    38:pent gM a0.010958904   0.0029754       0.0105507       0.2801647E-05   0.7606949                          
    39:pent gM a0.016438356   0.0029754       0.0105507       0.2801647E-05   0.7606949                          
    40:pent gM a0.024657534   0.0029754       0.0105507       0.2801647E-05   0.7606949                          
    41:pent gM a0.027397260   0.0029754       0.0105507       0.2801647E-05   0.7606949                          
    42:pent gM a0.030136986   0.0029754       0.0105507       0.2801647E-05   0.7606949                          
    43:pent gM a0.035616438   0.0029754       0.0105507       0.2801647E-05   0.7606949                          
    44:pent gM a0.041095890   0.0029754       0.0105507       0.2801647E-05   0.7606949                          
    45:pent gM a0.049315068   0.0029754       0.0105507       0.2801647E-05   0.7606949                          
    46:pent gM a0.052054794   0.0029754       0.0105507       0.2801647E-05   0.7606949                          
    47:pent gM a0.065753424   0.0029754       0.0105507       0.2801647E-05   0.7606949                          
    48:pent gM a0.071232876   0.0029754       0.0105507       0.2801647E-05   0.7606949                          
    49:pent gM a0.098630136   0.0029754       0.0105507       0.2801647E-05   0.7606949                          
    50:pent gM a0.101369863   0.0029754       0.0105507       0.2801647E-05   0.7606949                          
    51:pent gM a0.106849315   0.0029754       0.0105507       0.2801647E-05   0.7606949                          
    52:pent gM a0.109589041   0.0029754       0.0105507       0.2801647E-05   0.7606949                          
    53:pent gM a0.120547945   0.0029754       0.0105507       0.2801647E-05   0.7606949                          
    54:pent gM a0.350684931   0.0029754       0.0105507       0.2801647E-05   0.7606949                          
    55:pent gM a0.358904109   0.0029754       0.0105507       0.2801647E-05   0.7606949                          
    56:pent gM a0.613698630   0.0029754       0.0105507       0.2801647E-05   0.7606949                          
    57:pent gM a0.638356164   0.0029754       0.0105507       0.2801647E-05   0.7606949                          
    58:pent gM a0.646575342   0.0029754       0.0105507       0.2801647E-05   0.7606949                          
    59:pent gM a0.649315068   0.0029754       0.0105507       0.2801647E-05   0.7606949                          
    60:pent gM a0.652054794   0.0029754       0.0105507       0.2801647E-05   0.7606949                          
    61:pent gM a0.704109589   0.0029754       0.0105507       0.2801647E-05   0.7606949                          
    62:pent gM a0.706849315   0.0029754       0.0105507       0.2801647E-05   0.7606949                          
    63:pent gM a0.709589041   0.0029754       0.0105507       0.2801647E-05   0.7606949                          
    64:pent gM a0.827397260   0.0029754       0.0105507       0.2801647E-05   0.7606949                          
    65:pent gM a1.402739726   0.0029754       0.0105507       0.2801647E-05   0.7606949                          
    66:pent gM a1.405479452   0.0029754       0.0105507       0.2801647E-05   0.7606949                          
    67:pent gM a1.408219178   0.0029754       0.0105507       0.2801647E-05   0.7606949                          

  Program  MARK  - Survival Rate Estimation with Capture-Recapture Data
   gfortran(dble) Vers. 9.0 Mar 2018    25-Mar-2020 14:19:33    Page  011
 - - - - - - - - - - - - - - - - - - - - - - - - - - - - - - - - - - - - - -
 


                      Estimates of Derived Parameters
    Gross Birth+Immigration Estimates of { Phi(~1)p(~1)pent(~1)N(~1) }
                                                95% Confidence Interval
 Grp. Occ.   B*-hat          Standard Error      Lower           Upper
 ---- ----   --------------  --------------  --------------  --------------
   1     1    0.0596620       0.2203605       0.0024054       1.4798205    
   1     2    0.0596181       0.2201801       0.0024038       1.4785949    
   1     3    0.0596181       0.2201801       0.0024038       1.4785949    
   1     4    0.0596620       0.2203605       0.0024054       1.4798205    
   1     5    0.0597060       0.2205410       0.0024070       1.4810468    
   1     6    0.0596181       0.2201801       0.0024038       1.4785949    
   1     7    0.0596181       0.2201801       0.0024038       1.4785949    
   1     8    0.0596620       0.2203605       0.0024054       1.4798205    
   1     9    0.0596620       0.2203605       0.0024054       1.4798205    
   1    10    0.0597060       0.2205410       0.0024070       1.4810468    
   1    11    0.0596181       0.2201801       0.0024038       1.4785949    
   1    12    0.0597940       0.2209024       0.0024101       1.4835014    
   1    13    0.0596620       0.2203605       0.0024054       1.4798205    
   1    14    0.0600144       0.2218075       0.0024178       1.4896498    
   1    15    0.0596181       0.2201801       0.0024038       1.4785949    
   1    16    0.0596620       0.2203605       0.0024054       1.4798205    
   1    17    0.0596181       0.2201801       0.0024038       1.4785949    
   1    18    0.0597500       0.2207217       0.0024085       1.4822737    
   1    19    0.0633389       0.2354934       0.0025349       1.5826367    
   1    20    0.0597060       0.2205410       0.0024070       1.4810468    
   1    21    0.0637513       0.2371950       0.0025494       1.5942001    
   1    22    0.0599703       0.2216263       0.0024163       1.4884188    
   1    23    0.0597060       0.2205410       0.0024070       1.4810468    
   1    24    0.0596181       0.2201801       0.0024038       1.4785949    
   1    25    0.0596181       0.2201801       0.0024038       1.4785949    
   1    26    0.0604124       0.2234430       0.0024319       1.5007599    
   1    27    0.0596181       0.2201801       0.0024038       1.4785949    
   1    28    0.0596181       0.2201801       0.0024038       1.4785949    
   1    29    0.0614823       0.2278435       0.0024696       1.5306564    
   1    30    0.0692708       0.2600450       0.0027427       1.7495251    
   1    31    0.0596181       0.2201801       0.0024038       1.4785949    
   1    32    0.0596181       0.2201801       0.0024038       1.4785949    
   2     1    0.0983990       0.3577148       0.0040381       2.3977789    
   2     2    0.0983266       0.3574215       0.0040355       2.3957893    
   2     3    0.0983266       0.3574215       0.0040355       2.3957893    
   2     4    0.0983990       0.3577148       0.0040381       2.3977789    
   2     5    0.0984715       0.3580082       0.0040407       2.3997696    
   2     6    0.0983266       0.3574215       0.0040355       2.3957893    

  Program  MARK  - Survival Rate Estimation with Capture-Recapture Data
   gfortran(dble) Vers. 9.0 Mar 2018    25-Mar-2020 14:19:33    Page  012
 - - - - - - - - - - - - - - - - - - - - - - - - - - - - - - - - - - - - - -
 
   2     7    0.0983266       0.3574215       0.0040355       2.3957893    
   2     8    0.0983990       0.3577148       0.0040381       2.3977789    
   2     9    0.0983990       0.3577148       0.0040381       2.3977789    
   2    10    0.0984715       0.3580082       0.0040407       2.3997696    
   2    11    0.0983266       0.3574215       0.0040355       2.3957893    
   2    12    0.0986167       0.3585956       0.0040459       2.4037543    
   2    13    0.0983990       0.3577148       0.0040381       2.3977789    
   2    14    0.0989801       0.3600669       0.0040589       2.4137355    
   2    15    0.0983266       0.3574215       0.0040355       2.3957893    
   2    16    0.0983990       0.3577148       0.0040381       2.3977789    
   2    17    0.0983266       0.3574215       0.0040355       2.3957893    
   2    18    0.0985441       0.3583018       0.0040433       2.4017614    
   2    19    0.1044632       0.3823147       0.0042549       2.5646954    
   2    20    0.0984715       0.3580082       0.0040407       2.3997696    
   2    21    0.1051434       0.3850809       0.0042792       2.5834689    
   2    22    0.0989074       0.3597723       0.0040563       2.4117371    
   2    23    0.0984715       0.3580082       0.0040407       2.3997696    
   2    24    0.0983266       0.3574215       0.0040355       2.3957893    
   2    25    0.0983266       0.3574215       0.0040355       2.3957893    
   2    26    0.0996366       0.3627254       0.0040824       2.4317715    
   2    27    0.0983266       0.3574215       0.0040355       2.3957893    
   2    28    0.0983266       0.3574215       0.0040355       2.3957893    
   2    29    0.1014012       0.3698788       0.0041455       2.4803061    
   2    30    0.1142466       0.4222292       0.0046029       2.8356618    
   2    31    0.0983266       0.3574215       0.0040355       2.3957893    
   2    32    0.0983266       0.3574215       0.0040355       2.3957893    

     Net Birth+Immigration Estimates of { Phi(~1)p(~1)pent(~1)N(~1) }
                                                95% Confidence Interval
 Grp. Occ.   B-hat           Standard Error      Lower           Upper
 ---- ----   --------------  --------------  --------------  --------------
   1     1    0.0595742       0.2199998       0.0024023       1.4773700    
   1     2    0.0595742       0.2199998       0.0024023       1.4773700    
   1     3    0.0595742       0.2199998       0.0024023       1.4773700    
   1     4    0.0595742       0.2199998       0.0024023       1.4773700    
   1     5    0.0595742       0.2199998       0.0024023       1.4773700    
   1     6    0.0595742       0.2199998       0.0024023       1.4773700    
   1     7    0.0595742       0.2199998       0.0024023       1.4773700    
   1     8    0.0595742       0.2199998       0.0024023       1.4773700    
   1     9    0.0595742       0.2199998       0.0024023       1.4773700    
   1    10    0.0595742       0.2199998       0.0024023       1.4773700    
   1    11    0.0595742       0.2199998       0.0024023       1.4773700    
   1    12    0.0595742       0.2199998       0.0024023       1.4773700    
   1    13    0.0595742       0.2199998       0.0024023       1.4773700    
   1    14    0.0595742       0.2199998       0.0024023       1.4773700    
   1    15    0.0595742       0.2199998       0.0024023       1.4773700    
   1    16    0.0595742       0.2199998       0.0024023       1.4773700    
   1    17    0.0595742       0.2199998       0.0024023       1.4773700    
   1    18    0.0595742       0.2199998       0.0024023       1.4773700    
   1    19    0.0595742       0.2199998       0.0024023       1.4773700    
   1    20    0.0595742       0.2199998       0.0024023       1.4773700    
   1    21    0.0595742       0.2199998       0.0024023       1.4773700    
   1    22    0.0595742       0.2199998       0.0024023       1.4773700    
   1    23    0.0595742       0.2199998       0.0024023       1.4773700    
   1    24    0.0595742       0.2199998       0.0024023       1.4773700    
   1    25    0.0595742       0.2199998       0.0024023       1.4773700    
   1    26    0.0595742       0.2199998       0.0024023       1.4773700    
   1    27    0.0595742       0.2199998       0.0024023       1.4773700    
   1    28    0.0595742       0.2199998       0.0024023       1.4773700    
   1    29    0.0595742       0.2199998       0.0024023       1.4773700    
   1    30    0.0595742       0.2199998       0.0024023       1.4773700    
   1    31    0.0595742       0.2199998       0.0024023       1.4773700    
   1    32    0.0595742       0.2199998       0.0024023       1.4773700    
   2     1    0.0982541       0.3571283       0.0040329       2.3938008    
   2     2    0.0982541       0.3571283       0.0040329       2.3938008    
   2     3    0.0982541       0.3571283       0.0040329       2.3938008    
   2     4    0.0982541       0.3571283       0.0040329       2.3938008    
   2     5    0.0982541       0.3571283       0.0040329       2.3938008    
   2     6    0.0982541       0.3571283       0.0040329       2.3938008    
   2     7    0.0982541       0.3571283       0.0040329       2.3938008    
   2     8    0.0982541       0.3571283       0.0040329       2.3938008    
   2     9    0.0982541       0.3571283       0.0040329       2.3938008    
   2    10    0.0982541       0.3571283       0.0040329       2.3938008    
   2    11    0.0982541       0.3571283       0.0040329       2.3938008    
   2    12    0.0982541       0.3571283       0.0040329       2.3938008    
   2    13    0.0982541       0.3571283       0.0040329       2.3938008    
   2    14    0.0982541       0.3571283       0.0040329       2.3938008    
   2    15    0.0982541       0.3571283       0.0040329       2.3938008    
   2    16    0.0982541       0.3571283       0.0040329       2.3938008    
   2    17    0.0982541       0.3571283       0.0040329       2.3938008    
   2    18    0.0982541       0.3571283       0.0040329       2.3938008    
   2    19    0.0982541       0.3571283       0.0040329       2.3938008    
   2    20    0.0982541       0.3571283       0.0040329       2.3938008    
   2    21    0.0982541       0.3571283       0.0040329       2.3938008    
   2    22    0.0982541       0.3571283       0.0040329       2.3938008    
   2    23    0.0982541       0.3571283       0.0040329       2.3938008    
   2    24    0.0982541       0.3571283       0.0040329       2.3938008    
   2    25    0.0982541       0.3571283       0.0040329       2.3938008    
   2    26    0.0982541       0.3571283       0.0040329       2.3938008    
   2    27    0.0982541       0.3571283       0.0040329       2.3938008    
   2    28    0.0982541       0.3571283       0.0040329       2.3938008    
   2    29    0.0982541       0.3571283       0.0040329       2.3938008    
   2    30    0.0982541       0.3571283       0.0040329       2.3938008    
   2    31    0.0982541       0.3571283       0.0040329       2.3938008    
   2    32    0.0982541       0.3571283       0.0040329       2.3938008    

          Population Estimates of { Phi(~1)p(~1)pent(~1)N(~1) }
                                                95% Confidence Interval
 Grp. Occ.   N-hat           Standard Error      Lower           Upper
 ---- ----   --------------  --------------  --------------  --------------
   1     1    18.115996       4.5008493       11.213450       29.267469    
   1     2    18.122235       4.3070925       11.446601       28.691084    
   1     3    18.155113       4.1132672       11.709906       28.147804    
   1     4    18.187942       3.9219546       11.976035       27.621933    
   1     5    18.193970       3.7361907       12.216004       27.097286    
   1     6    18.173256       3.5565304       12.428284       26.573842    
   1     7    18.206059       3.3743728       12.699269       26.100761    
   1     8    18.238814       3.1964127       12.970142       25.647701    
   1     9    18.244691       3.0264276       13.209726       25.198764    
   1    10    18.250552       2.8618265       13.446472       24.771005    
   1    11    18.229589       2.7066053       13.648416       24.348460    
   1    12    18.262308       2.5520593       13.905203       23.984685    
   1    13    18.187765       2.4183199       14.031158       23.575730    
   1    14    18.193793       2.2841259       14.238865       23.247226    
   1    15    17.987120       2.1845513       14.189228       22.801556    
   1    16    18.020197       2.0674086       14.401932       22.547495    
   1    17    18.026718       1.9684566       14.562701       22.314718    
   1    18    18.059736       1.8847786       14.727052       22.146597    
   1    19    18.013129       1.8243950       14.777349       21.957442    
   1    20    15.974656       2.1197730       12.330223       20.696271    

  Program  MARK  - Survival Rate Estimation with Capture-Recapture Data
   gfortran(dble) Vers. 9.0 Mar 2018    25-Mar-2020 14:19:33    Page  013
 - - - - - - - - - - - - - - - - - - - - - - - - - - - - - - - - - - - - - -
 
   1    21    15.963736       2.0434642       12.434133       20.495266    
   1    22    13.978063       2.5819413       9.7618551       20.015279    
   1    23    13.853403       2.5402385       9.6997623       19.785719    
   1    24    13.851844       2.4711439       9.7912880       19.596358    
   1    25    13.891013       2.4048367       9.9187346       19.454118    
   1    26    13.930124       2.3560767       10.023006       19.360293    
   1    27    13.604929       2.4203853       9.6258387       19.228879    
   1    28    13.644461       2.3978619       9.6939448       19.204909    
   1    29    13.683935       2.3940646       9.7366133       19.231542    
   1    30    12.902993       2.5702172       8.7655393       18.993381    
   1    31    9.5271712       3.3039754       4.9216020       18.442571    
   1    32    9.5727107       3.2424448       5.0177055       18.262688    
   1    33    9.6181831       3.1944300       5.1020610       18.131780    
   2     1    29.878238       8.7017403       17.079486       52.267912    
   2     2    29.888528       8.3617059       17.451683       51.188421    
   2     3    29.942752       8.0190165       17.875655       50.155837    
   2     4    29.996897       7.6776684       18.308602       49.147053    
   2     5    30.006838       7.3431618       18.704019       48.139939    
   2     6    29.972676       7.0166346       19.059289       47.135091    
   2     7    30.026777       6.6798276       19.517627       46.194515    
   2     8    30.080798       6.3449212       19.984488       45.277836    
   2     9    30.090492       6.0195619       20.408550       44.365605    
   2    10    30.100157       5.6970031       20.838952       43.477207    
   2    11    30.065583       5.3860180       21.221849       42.594747    
   2    12    30.119547       5.0610520       21.717561       41.772053    
   2    13    29.996604       4.7774979       21.996247       40.906809    
   2    14    30.006546       4.4698663       22.444565       40.116295    
   2    15    29.665685       4.2532239       22.430248       39.235094    
   2    16    29.720238       3.9451871       22.937774       38.508207    
   2    17    29.730994       3.6560485       23.384439       37.800009    
   2    18    29.785450       3.3638987       23.887690       37.139341    
   2    19    29.708581       3.1200546       24.195267       36.478200    
   2    20    26.346582       4.0455561       19.533470       35.536051    
   2    21    26.328572       3.8141122       19.849733       34.922067    
   2    22    23.053654       4.8575718       15.322386       34.685913    
   2    23    22.848055       4.7242134       15.299766       34.120366    
   2    24    22.845483       4.5304661       15.546100       33.572158    
   2    25    22.910083       4.3283412       15.871443       33.070208    
   2    26    22.974588       4.1458675       16.175983       32.630579    
   2    27    22.438253       4.2133424       15.578815       32.317940    
   2    28    22.503453       4.0692443       15.832959       31.984254    
   2    29    22.568556       3.9505901       16.055448       31.723794    
   2    30    21.280568       4.3203952       14.351939       31.554104    
   2    31    15.712914       5.7959780       7.8024222       31.643464    
   2    32    15.788021       5.6453430       7.9995405       31.159491    
   2    33    15.863017       5.5132841       8.1833952       30.749502    

       Gross Population Estimates of { Phi(~1)p(~1)pent(~1)N(~1) }
                                                95% Confidence Interval
 Grp. Occ.   N*-hat          Standard Error      Lower           Upper
 ---- ----   --------------  --------------  --------------  --------------

  Program  MARK  - Survival Rate Estimation with Capture-Recapture Data
   gfortran(dble) Vers. 9.0 Mar 2018    25-Mar-2020 14:19:33    Page  014
 - - - - - - - - - - - - - - - - - - - - - - - - - - - - - - - - - - - - - -
 
   1     0    20.045612       3.6123297       14.120471       28.457022    
   2     0    33.060702       3.6632595       26.624494       41.052801    

   CPU Time for the last procedure was 0.16 seconds.     


  INPUT --- proc stop;

     CPU Time in minutes for this job was 0.00

     Time Start = 14:19:32.741   Time End = 14:19:33.070

     Wall Clock Time in minutes for this job was 0.01


          E X E C U T I O N   S U C C E S S F U L 
