
   Program  MARK  - Survival Rate Estimation with Capture-Recapture Data
   gfortran(dble) Vers. 9.0 Mar 2018    25-Mar-2020 14:32:50    Page  001
 - - - - - - - - - - - - - - - - - - - - - - - - - - - - - - - - - - - - - -
 
   This version was compiled by GCC version 7.2.0 using the options: 
     -cpp -iprefix C:/Program Files/mingw-w64/x86_64-7.2.0-posix-seh-rt_v5-rev1/
     mingw64/bin/../lib/gcc/x86_64-w64-mingw32/7.2.0/ -D_MT -D_REENTRANT
     -U_REENTRANT -D IEEE -D DBLEPRECISION -m64 -mtune=core2 -march=nocona -mthreads
     -O2 -fimplicit-none -fbounds-check -funroll-loops -ftree-vectorize
     -ffpe-summary=invalid,zero,overflow,underflow -fno-unsafe-math-optimizations
     -frounding-math -fsignaling-nans -fopenmp.

   This problem will use 15 of 16 possible threads.


  INPUT --- proc title ;

   CPU Time for the last procedure was 0.01 seconds.     


  INPUT --- proc chmatrix occasions= 30 groups= 2 etype= POPAN Nodes= 
  INPUT --- 101 ICMeans NoHist hist= 41  ;

  INPUT ---    time interval 0.00547945205479452 0.00273972602739726 
  INPUT ---    0.00273972602739726 0.00547945205479452  
  INPUT ---    0.00821917808219178 0.00273972602739726 0.00273972602739726 
  INPUT ---    0.00547945205479452  0.00547945205479452 
  INPUT ---    0.00821917808219178 0.00273972602739726 0.0136986301369863 
  INPUT ---    0.00547945205479452  0.0273972602739726 0.00273972602739726 
  INPUT ---    0.00547945205479452 0.00273972602739726 0.010958904109589  
  INPUT ---    0.23013698630137 0.00821917808219178 0.254794520547945 
  INPUT ---    0.0246575342465753 0.00821917808219178  0.00273972602739726 
  INPUT ---    0.00273972602739726 0.0520547945205479 0.00273972602739726 
  INPUT ---    0.00273972602739726  0.117808219178082 ;

  INPUT ---    glabel(1)=sexF;

  INPUT ---    glabel(2)=sexM;

   * *  WARNING  * *   At least a pair of the encounter histories are duplicates. 

      Number of unique encounter histories read was 38.

      Number of individual covariates read was 0.
      Time interval lengths vary and/or not equal to 1.

      Data type number is 19
      Data type is POPAN                                                                                               

   CPU Time for the last procedure was 0.01 seconds.     

  Program  MARK  - Survival Rate Estimation with Capture-Recapture Data
   gfortran(dble) Vers. 9.0 Mar 2018    25-Mar-2020 14:32:50    Page  002
 - - - - - - - - - - - - - - - - - - - - - - - - - - - - - - - - - - - - - -
 


  INPUT --- proc estimate link=Parm-Specific NOLOOP varest=2ndPart    ;


  INPUT --- model={ Phi(~sex)p(~1)pent(~1)N(~1) };

  INPUT ---    group=1 Phi    rows=1 cols=29 Square ;
  INPUT ---        1 1 1 1 1 1 1 1 1 1 1 1 1 1 1 1 1 1 1 1 1 1 1 1 1 1 1 1 1 ;

  INPUT ---    group=2 Phi    rows=1 cols=29 Square ;
  INPUT ---        2 2 2 2 2 2 2 2 2 2 2 2 2 2 2 2 2 2 2 2 2 2 2 2 2 2 2 2 2 ;

  INPUT ---    group=1 p    rows=1 cols=30 Square ;
  INPUT ---        3 3 3 3 3 3 3 3 3 3 3 3 3 3 3 3 3 3 3 3 3 3 3 3 3 3 3 3 3 
  INPUT ---       3 ;

  INPUT ---    group=2 p    rows=1 cols=30 Square ;
  INPUT ---        3 3 3 3 3 3 3 3 3 3 3 3 3 3 3 3 3 3 3 3 3 3 3 3 3 3 3 3 3 
  INPUT ---       3 ;

  INPUT ---    group=1 pent    rows=1 cols=29 Square ;
  INPUT ---        5 6 7 8 9 10 11 12 13 14 15 16 17 18 19 20 21 22 23 24 25 
  INPUT ---       26 27 28 29 30 31 32 33 ;

  INPUT ---    group=2 pent    rows=1 cols=29 Square ;
  INPUT ---        34 35 36 37 38 39 40 41 42 43 44 45 46 47 48 49 50 51 52 
  INPUT ---       53 54 55 56 57 58 59 60 61 62 ;

  INPUT ---    group=1 N    rows=1 cols=1 Square ;
  INPUT ---        4 ;

  INPUT ---    group=2 N    rows=1 cols=1 Square ;
  INPUT ---        4 ;

  INPUT ---    design matrix constraints=62 covariates=5;
  INPUT ---        1 0 0 0 0;
  INPUT ---        1 1 0 0 0;
  INPUT ---        0 0 1 0 0;
  INPUT ---        0 0 0 0 1;
  INPUT ---        0 0 0 1 0;
  INPUT ---        0 0 0 1 0;
  INPUT ---        0 0 0 1 0;
  INPUT ---        0 0 0 1 0;
  INPUT ---        0 0 0 1 0;
  INPUT ---        0 0 0 1 0;

  Program  MARK  - Survival Rate Estimation with Capture-Recapture Data
   gfortran(dble) Vers. 9.0 Mar 2018    25-Mar-2020 14:32:50    Page  003
 - - - - - - - - - - - - - - - - - - - - - - - - - - - - - - - - - - - - - -
 
  INPUT ---        0 0 0 1 0;
  INPUT ---        0 0 0 1 0;
  INPUT ---        0 0 0 1 0;
  INPUT ---        0 0 0 1 0;
  INPUT ---        0 0 0 1 0;
  INPUT ---        0 0 0 1 0;
  INPUT ---        0 0 0 1 0;
  INPUT ---        0 0 0 1 0;
  INPUT ---        0 0 0 1 0;
  INPUT ---        0 0 0 1 0;
  INPUT ---        0 0 0 1 0;
  INPUT ---        0 0 0 1 0;
  INPUT ---        0 0 0 1 0;
  INPUT ---        0 0 0 1 0;
  INPUT ---        0 0 0 1 0;
  INPUT ---        0 0 0 1 0;
  INPUT ---        0 0 0 1 0;
  INPUT ---        0 0 0 1 0;
  INPUT ---        0 0 0 1 0;
  INPUT ---        0 0 0 1 0;
  INPUT ---        0 0 0 1 0;
  INPUT ---        0 0 0 1 0;
  INPUT ---        0 0 0 1 0;
  INPUT ---        0 0 0 1 0;
  INPUT ---        0 0 0 1 0;
  INPUT ---        0 0 0 1 0;
  INPUT ---        0 0 0 1 0;
  INPUT ---        0 0 0 1 0;
  INPUT ---        0 0 0 1 0;
  INPUT ---        0 0 0 1 0;
  INPUT ---        0 0 0 1 0;
  INPUT ---        0 0 0 1 0;
  INPUT ---        0 0 0 1 0;
  INPUT ---        0 0 0 1 0;
  INPUT ---        0 0 0 1 0;
  INPUT ---        0 0 0 1 0;
  INPUT ---        0 0 0 1 0;
  INPUT ---        0 0 0 1 0;
  INPUT ---        0 0 0 1 0;
  INPUT ---        0 0 0 1 0;
  INPUT ---        0 0 0 1 0;
  INPUT ---        0 0 0 1 0;
  INPUT ---        0 0 0 1 0;
  INPUT ---        0 0 0 1 0;
  INPUT ---        0 0 0 1 0;
  INPUT ---        0 0 0 1 0;

  Program  MARK  - Survival Rate Estimation with Capture-Recapture Data
   gfortran(dble) Vers. 9.0 Mar 2018    25-Mar-2020 14:32:50    Page  004
 - - - - - - - - - - - - - - - - - - - - - - - - - - - - - - - - - - - - - -
 
  INPUT ---        0 0 0 1 0;
  INPUT ---        0 0 0 1 0;
  INPUT ---        0 0 0 1 0;
  INPUT ---        0 0 0 1 0;
  INPUT ---        0 0 0 1 0;
  INPUT ---        0 0 0 1 0;

  INPUT ---    links=62;

  INPUT ---    Logit;

  INPUT ---    Logit;

  INPUT ---    Logit;

  INPUT ---    Log;

  INPUT ---    mlogit(1);

  INPUT ---    mlogit(1);

  INPUT ---    mlogit(1);

  INPUT ---    mlogit(1);

  INPUT ---    mlogit(1);

  INPUT ---    mlogit(1);

  INPUT ---    mlogit(1);

  INPUT ---    mlogit(1);

  INPUT ---    mlogit(1);

  INPUT ---    mlogit(1);

  INPUT ---    mlogit(1);

  INPUT ---    mlogit(1);

  INPUT ---    mlogit(1);

  INPUT ---    mlogit(1);

  INPUT ---    mlogit(1);

  Program  MARK  - Survival Rate Estimation with Capture-Recapture Data
   gfortran(dble) Vers. 9.0 Mar 2018    25-Mar-2020 14:32:50    Page  005
 - - - - - - - - - - - - - - - - - - - - - - - - - - - - - - - - - - - - - -
 

  INPUT ---    mlogit(1);

  INPUT ---    mlogit(1);

  INPUT ---    mlogit(1);

  INPUT ---    mlogit(1);

  INPUT ---    mlogit(1);

  INPUT ---    mlogit(1);

  INPUT ---    mlogit(1);

  INPUT ---    mlogit(1);

  INPUT ---    mlogit(1);

  INPUT ---    mlogit(1);

  INPUT ---    mlogit(1);

  INPUT ---    mlogit(1);

  INPUT ---    mlogit(1);

  INPUT ---    mlogit(1);

  INPUT ---    mlogit(2);

  INPUT ---    mlogit(2);

  INPUT ---    mlogit(2);

  INPUT ---    mlogit(2);

  INPUT ---    mlogit(2);

  INPUT ---    mlogit(2);

  INPUT ---    mlogit(2);

  INPUT ---    mlogit(2);

  INPUT ---    mlogit(2);

  Program  MARK  - Survival Rate Estimation with Capture-Recapture Data
   gfortran(dble) Vers. 9.0 Mar 2018    25-Mar-2020 14:32:50    Page  006
 - - - - - - - - - - - - - - - - - - - - - - - - - - - - - - - - - - - - - -
 

  INPUT ---    mlogit(2);

  INPUT ---    mlogit(2);

  INPUT ---    mlogit(2);

  INPUT ---    mlogit(2);

  INPUT ---    mlogit(2);

  INPUT ---    mlogit(2);

  INPUT ---    mlogit(2);

  INPUT ---    mlogit(2);

  INPUT ---    mlogit(2);

  INPUT ---    mlogit(2);

  INPUT ---    mlogit(2);

  INPUT ---    mlogit(2);

  INPUT ---    mlogit(2);

  INPUT ---    mlogit(2);

  INPUT ---    mlogit(2);

  INPUT ---    mlogit(2);

  INPUT ---    mlogit(2);

  INPUT ---    mlogit(2);

  INPUT ---    mlogit(2);

  INPUT ---    mlogit(2);
  INPUT ---       blabel(1)=Phi:(Intercept);
  INPUT ---       blabel(2)=Phi:sexM;
  INPUT ---       blabel(3)=p:(Intercept);
  INPUT ---       blabel(4)=pent:(Intercept);
  INPUT ---       blabel(5)=N:(Intercept);
  INPUT ---       rlabel(1)=Phi gF a0 t1;

  Program  MARK  - Survival Rate Estimation with Capture-Recapture Data
   gfortran(dble) Vers. 9.0 Mar 2018    25-Mar-2020 14:32:50    Page  007
 - - - - - - - - - - - - - - - - - - - - - - - - - - - - - - - - - - - - - -
 
  INPUT ---       rlabel(2)=Phi gM a0 t1;
  INPUT ---       rlabel(3)=p gF a0 t1;
  INPUT ---       rlabel(4)=N gF a0 t1;
  INPUT ---       rlabel(5)=pent gF a0.00547945205479452 t1.00547945205479;
  INPUT ---       rlabel(6)=pent gF a0.00821917808219178 t1.00821917808219;
  INPUT ---       rlabel(7)=pent gF a0.010958904109589 t1.01095890410959;
  INPUT ---       rlabel(8)=pent gF a0.0164383561643836 t1.01643835616438;
  INPUT ---       rlabel(9)=pent gF a0.0246575342465753 t1.02465753424658;
  INPUT ---       rlabel(10)=pent gF a0.0273972602739726 t1.02739726027397;
  INPUT ---       rlabel(11)=pent gF a0.0301369863013699 t1.03013698630137;
  INPUT ---       rlabel(12)=pent gF a0.0356164383561644 t1.03561643835616;
  INPUT ---       rlabel(13)=pent gF a0.0410958904109589 t1.04109589041096;
  INPUT ---       rlabel(14)=pent gF a0.0493150684931507 t1.04931506849315;
  INPUT ---       rlabel(15)=pent gF a0.0520547945205479 t1.05205479452055;
  INPUT ---       rlabel(16)=pent gF a0.0657534246575342 t1.06575342465753;
  INPUT ---       rlabel(17)=pent gF a0.0712328767123288 t1.07123287671233;
  INPUT ---       rlabel(18)=pent gF a0.0986301369863014 t1.0986301369863;
  INPUT ---       rlabel(19)=pent gF a0.101369863013699 t1.1013698630137;
  INPUT ---       rlabel(20)=pent gF a0.106849315068493 t1.10684931506849;
  INPUT ---       rlabel(21)=pent gF a0.10958904109589 t1.10958904109589;
  INPUT ---       rlabel(22)=pent gF a0.120547945205479 t1.12054794520548;
  INPUT ---       rlabel(23)=pent gF a0.350684931506849 t1.35068493150685;
  INPUT ---       rlabel(24)=pent gF a0.358904109589041 t1.35890410958904;
  INPUT ---       rlabel(25)=pent gF a0.613698630136986 t1.61369863013699;
  INPUT ---       rlabel(26)=pent gF a0.638356164383562 t1.63835616438356;
  INPUT ---       rlabel(27)=pent gF a0.646575342465753 t1.64657534246575;
  INPUT ---       rlabel(28)=pent gF a0.649315068493151 t1.64931506849315;
  INPUT ---       rlabel(29)=pent gF a0.652054794520548 t1.65205479452055;
  INPUT ---       rlabel(30)=pent gF a0.704109589041096 t1.7041095890411;
  INPUT ---       rlabel(31)=pent gF a0.706849315068493 t1.70684931506849;
  INPUT ---       rlabel(32)=pent gF a0.70958904109589 t1.70958904109589;
  INPUT ---       rlabel(33)=pent gF a0.827397260273973 t1.82739726027397;
  INPUT ---       rlabel(34)=pent gM a0.00547945205479452 t1.00547945205479;
  INPUT ---       rlabel(35)=pent gM a0.00821917808219178 t1.00821917808219;
  INPUT ---       rlabel(36)=pent gM a0.010958904109589 t1.01095890410959;
  INPUT ---       rlabel(37)=pent gM a0.0164383561643836 t1.01643835616438;
  INPUT ---       rlabel(38)=pent gM a0.0246575342465753 t1.02465753424658;
  INPUT ---       rlabel(39)=pent gM a0.0273972602739726 t1.02739726027397;
  INPUT ---       rlabel(40)=pent gM a0.0301369863013699 t1.03013698630137;
  INPUT ---       rlabel(41)=pent gM a0.0356164383561644 t1.03561643835616;
  INPUT ---       rlabel(42)=pent gM a0.0410958904109589 t1.04109589041096;
  INPUT ---       rlabel(43)=pent gM a0.0493150684931507 t1.04931506849315;
  INPUT ---       rlabel(44)=pent gM a0.0520547945205479 t1.05205479452055;
  INPUT ---       rlabel(45)=pent gM a0.0657534246575342 t1.06575342465753;
  INPUT ---       rlabel(46)=pent gM a0.0712328767123288 t1.07123287671233;
  INPUT ---       rlabel(47)=pent gM a0.0986301369863014 t1.0986301369863;

  Program  MARK  - Survival Rate Estimation with Capture-Recapture Data
   gfortran(dble) Vers. 9.0 Mar 2018    25-Mar-2020 14:32:50    Page  008
 - - - - - - - - - - - - - - - - - - - - - - - - - - - - - - - - - - - - - -
 
  INPUT ---       rlabel(48)=pent gM a0.101369863013699 t1.1013698630137;
  INPUT ---       rlabel(49)=pent gM a0.106849315068493 t1.10684931506849;
  INPUT ---       rlabel(50)=pent gM a0.10958904109589 t1.10958904109589;
  INPUT ---       rlabel(51)=pent gM a0.120547945205479 t1.12054794520548;
  INPUT ---       rlabel(52)=pent gM a0.350684931506849 t1.35068493150685;
  INPUT ---       rlabel(53)=pent gM a0.358904109589041 t1.35890410958904;
  INPUT ---       rlabel(54)=pent gM a0.613698630136986 t1.61369863013699;
  INPUT ---       rlabel(55)=pent gM a0.638356164383562 t1.63835616438356;
  INPUT ---       rlabel(56)=pent gM a0.646575342465753 t1.64657534246575;
  INPUT ---       rlabel(57)=pent gM a0.649315068493151 t1.64931506849315;
  INPUT ---       rlabel(58)=pent gM a0.652054794520548 t1.65205479452055;
  INPUT ---       rlabel(59)=pent gM a0.704109589041096 t1.7041095890411;
  INPUT ---       rlabel(60)=pent gM a0.706849315068493 t1.70684931506849;
  INPUT ---       rlabel(61)=pent gM a0.70958904109589 t1.70958904109589;
  INPUT ---       rlabel(62)=pent gM a0.827397260273973 t1.82739726027397;

 Link Function Used is PARM-SPECIFIC

 Variance Estimation Procedure Used is 2ndPart 

 M(t+1):
      16     29



 Group: 1

 U(t)+UL(t):
       0    2    2    0    1    0    3    1    1    0    0    0    0    0    1
       0    0    0    2    1    1    0    0    0    1    0    0    0    0    0

 U(t):
       0    2    2    0    1    0    3    1    1    0    0    0    0    0    1
       0    0    0    2    1    1    0    0    0    1    0    0    0    0    0

 UL(t):
       0    0    0    0    0    0    0    0    0    0    0    0    0    0    0
       0    0    0    0    0    0    0    0    0    0    0    0    0    0    0

 Not Released(t):
       0    0    0    0    0    0    0    0    0    0    0    0    0    0    0
       0    0    0    0    0    0    0    0    0    0    0    0    0    0    0

 Group: 2

 U(t)+UL(t):
       3    0    1    1    1    1    1    0    1    1    2    1    3    3    1
       1    0    2    3    1    0    0    1    0    0    0    0    0    0    1

 U(t):
       3    0    1    1    1    1    1    0    1    1    2    1    3    3    1
       1    0    2    3    1    0    0    1    0    0    0    0    0    0    1

 UL(t):
       0    0    0    0    0    0    0    0    0    0    0    0    0    0    0
       0    0    0    0    0    0    0    0    0    0    0    0    0    0    0

 Not Released(t):
       0    0    0    0    0    0    0    0    0    0    0    0    0    0    0
       0    0    0    0    0    0    0    0    0    0    0    0    0    0    0
 -2logL(saturated) = 272.93564     
 Effective Sample Size = 98

 Number of function evaluations was 24 for 5 parameters.
 Time for numerical optimization was 0.05 seconds.     
 -2logL { Phi(~sex)p(~1)pent(~1)N(~1) } = 511.95571     
 Penalty { Phi(~sex)p(~1)pent(~1)N(~1) } = 0.0000000     
 Gradient { Phi(~sex)p(~1)pent(~1)N(~1) }:
  0.2968202E-05   0.000000      0.6578798E-05  0.3012494E-05 -0.2599999E-05
 Maximum ABS(G) { Phi(~sex)p(~1)pent(~1)N(~1) } = 0.6578798E-05 
 S Vector { Phi(~sex)p(~1)pent(~1)N(~1) }:
   77.70607      7.100877      1.882043     0.5503957     0.2518392    
 Time to compute number of parameters was 0.06 seconds.     
 Ratio Threshold = 50.000000       Max Gap (1/2) = 10.943164       Next Max Gap (1/2) = 10.943164     
 Gap Method for Num. of Estimated Parameters { Phi(~sex)p(~1)pent(~1)N(~1) } = 5          
 Threshold { Phi(~sex)p(~1)pent(~1)N(~1) } = 0.1315760E-04                 
 Numerical Threshold Method for Num. of Estimated Parameters { Phi(~sex)p(~1)pent(~1)N(~1) } = 5          
 Number of Estimated Parameters { Phi(~sex)p(~1)pent(~1)N(~1) } = 5          
 DEVIANCE { Phi(~sex)p(~1)pent(~1)N(~1) } = 239.02007                     
 DEVIANCE Degrees of Freedom { Phi(~sex)p(~1)pent(~1)N(~1) } = 36            
 c-hat { Phi(~sex)p(~1)pent(~1)N(~1) } = 6.6394464                     
 AIC { Phi(~sex)p(~1)pent(~1)N(~1) } = 521.95571                  
 AICc { Phi(~sex)p(~1)pent(~1)N(~1) } = 522.60789                    
 BIC { Phi(~sex)p(~1)pent(~1)N(~1) } = 534.88055                    
 Pearson Chisquare { Phi(~sex)p(~1)pent(~1)N(~1) } = 214123.67                  
 Possible Encounter Histories { Phi(~sex)p(~1)pent(~1)N(~1) } = 2147483646             
 Pearson Chisquare df { Phi(~sex)p(~1)pent(~1)N(~1) } = 2147483639        
 Pearson chat { Phi(~sex)p(~1)pent(~1)N(~1) } = 0.9970910E-04              
 Sum(Observed/Expected) { Phi(~sex)p(~1)pent(~1)N(~1) } = 213909.21                  
 Fletcher chat { Phi(~sex)p(~1)pent(~1)N(~1) } = 1.0010026                  


               PARM-SPECIFIC Link Function Parameters of { Phi(~sex)p(~1)pent(~1)N(~1) }
                                                              95% Confidence Interval
 Parameter                    Beta         Standard Error      Lower           Upper
 -------------------------  --------------  --------------  --------------  --------------
    1:Phi:(Intercept)       -1.5703759       1.0892439      -3.7052940       0.5645422    
    2:Phi:sexM               3.0587863       1.9581955      -0.7792769       6.8968495    
    3:p:(Intercept)         -2.4790830       0.1825339      -2.8368495      -2.1213164    
    4:pent:(Intercept)      -4.0651686       1.0658218      -6.1541793      -1.9761579    

  Program  MARK  - Survival Rate Estimation with Capture-Recapture Data
   gfortran(dble) Vers. 9.0 Mar 2018    25-Mar-2020 14:32:50    Page  009
 - - - - - - - - - - - - - - - - - - - - - - - - - - - - - - - - - - - - - -
 
    5:N:(Intercept)          1.9343832       0.5314317       0.8927771       2.9759893    


               Real Function Parameters of { Phi(~sex)p(~1)pent(~1)N(~1) }
                                                               95% Confidence Interval
  Parameter                  Estimate       Standard Error      Lower           Upper
 --------------------------  --------------  --------------  --------------  --------------
     1:Phi gF a0 t1           0.1721628       0.1552421       0.0240027       0.6375029                          
     2:Phi gM a0 t1           0.8158396       0.3044583       0.0770338       0.9957652                          
     3:p gF a0 t1             0.0773376       0.0130250       0.0553651       0.1070422                          
     4:N gF a0 t1             22.919775       3.6773874       18.603454       34.392215                          
     5:pent gF a0.005479452   0.0114581       0.0081543       0.0028189       0.0453687                          
     6:pent gF a0.008219178   0.0114581       0.0081543       0.0028189       0.0453687                          
     7:pent gF a0.010958904   0.0114581       0.0081543       0.0028189       0.0453687                          
     8:pent gF a0.016438356   0.0114581       0.0081543       0.0028189       0.0453687                          
     9:pent gF a0.024657534   0.0114581       0.0081543       0.0028189       0.0453687                          
    10:pent gF a0.027397260   0.0114581       0.0081543       0.0028189       0.0453687                          
    11:pent gF a0.030136986   0.0114581       0.0081543       0.0028189       0.0453687                          
    12:pent gF a0.035616438   0.0114581       0.0081543       0.0028189       0.0453687                          
    13:pent gF a0.041095890   0.0114581       0.0081543       0.0028189       0.0453687                          
    14:pent gF a0.049315068   0.0114581       0.0081543       0.0028189       0.0453687                          
    15:pent gF a0.052054794   0.0114581       0.0081543       0.0028189       0.0453687                          
    16:pent gF a0.065753424   0.0114581       0.0081543       0.0028189       0.0453687                          
    17:pent gF a0.071232876   0.0114581       0.0081543       0.0028189       0.0453687                          
    18:pent gF a0.098630136   0.0114581       0.0081543       0.0028189       0.0453687                          
    19:pent gF a0.101369863   0.0114581       0.0081543       0.0028189       0.0453687                          
    20:pent gF a0.106849315   0.0114581       0.0081543       0.0028189       0.0453687                          
    21:pent gF a0.109589041   0.0114581       0.0081543       0.0028189       0.0453687                          
    22:pent gF a0.120547945   0.0114581       0.0081543       0.0028189       0.0453687                          
    23:pent gF a0.350684931   0.0114581       0.0081543       0.0028189       0.0453687                          
    24:pent gF a0.358904109   0.0114581       0.0081543       0.0028189       0.0453687                          
    25:pent gF a0.613698630   0.0114581       0.0081543       0.0028189       0.0453687                          
    26:pent gF a0.638356164   0.0114581       0.0081543       0.0028189       0.0453687                          
    27:pent gF a0.646575342   0.0114581       0.0081543       0.0028189       0.0453687                          
    28:pent gF a0.649315068   0.0114581       0.0081543       0.0028189       0.0453687                          
    29:pent gF a0.652054794   0.0114581       0.0081543       0.0028189       0.0453687                          
    30:pent gF a0.704109589   0.0114581       0.0081543       0.0028189       0.0453687                          
    31:pent gF a0.706849315   0.0114581       0.0081543       0.0028189       0.0453687                          
    32:pent gF a0.709589041   0.0114581       0.0081543       0.0028189       0.0453687                          
    33:pent gF a0.827397260   0.0114581       0.0081543       0.0028189       0.0453687                          
    34:pent gM a0.005479452   0.0114581       0.0081543       0.0028189       0.0453687                          
    35:pent gM a0.008219178   0.0114581       0.0081543       0.0028189       0.0453687                          
    36:pent gM a0.010958904   0.0114581       0.0081543       0.0028189       0.0453687                          
    37:pent gM a0.016438356   0.0114581       0.0081543       0.0028189       0.0453687                          
    38:pent gM a0.024657534   0.0114581       0.0081543       0.0028189       0.0453687                          
    39:pent gM a0.027397260   0.0114581       0.0081543       0.0028189       0.0453687                          

  Program  MARK  - Survival Rate Estimation with Capture-Recapture Data
   gfortran(dble) Vers. 9.0 Mar 2018    25-Mar-2020 14:32:50    Page  010
 - - - - - - - - - - - - - - - - - - - - - - - - - - - - - - - - - - - - - -
 
    40:pent gM a0.030136986   0.0114581       0.0081543       0.0028189       0.0453687                          
    41:pent gM a0.035616438   0.0114581       0.0081543       0.0028189       0.0453687                          
    42:pent gM a0.041095890   0.0114581       0.0081543       0.0028189       0.0453687                          
    43:pent gM a0.049315068   0.0114581       0.0081543       0.0028189       0.0453687                          
    44:pent gM a0.052054794   0.0114581       0.0081543       0.0028189       0.0453687                          
    45:pent gM a0.065753424   0.0114581       0.0081543       0.0028189       0.0453687                          
    46:pent gM a0.071232876   0.0114581       0.0081543       0.0028189       0.0453687                          
    47:pent gM a0.098630136   0.0114581       0.0081543       0.0028189       0.0453687                          
    48:pent gM a0.101369863   0.0114581       0.0081543       0.0028189       0.0453687                          
    49:pent gM a0.106849315   0.0114581       0.0081543       0.0028189       0.0453687                          
    50:pent gM a0.109589041   0.0114581       0.0081543       0.0028189       0.0453687                          
    51:pent gM a0.120547945   0.0114581       0.0081543       0.0028189       0.0453687                          
    52:pent gM a0.350684931   0.0114581       0.0081543       0.0028189       0.0453687                          
    53:pent gM a0.358904109   0.0114581       0.0081543       0.0028189       0.0453687                          
    54:pent gM a0.613698630   0.0114581       0.0081543       0.0028189       0.0453687                          
    55:pent gM a0.638356164   0.0114581       0.0081543       0.0028189       0.0453687                          
    56:pent gM a0.646575342   0.0114581       0.0081543       0.0028189       0.0453687                          
    57:pent gM a0.649315068   0.0114581       0.0081543       0.0028189       0.0453687                          
    58:pent gM a0.652054794   0.0114581       0.0081543       0.0028189       0.0453687                          
    59:pent gM a0.704109589   0.0114581       0.0081543       0.0028189       0.0453687                          
    60:pent gM a0.706849315   0.0114581       0.0081543       0.0028189       0.0453687                          
    61:pent gM a0.709589041   0.0114581       0.0081543       0.0028189       0.0453687                          
    62:pent gM a0.827397260   0.0114581       0.0081543       0.0028189       0.0453687                          


                      Estimates of Derived Parameters
   Gross Birth+Immigration Estimates of { Phi(~sex)p(~1)pent(~1)N(~1) }
                                                95% Confidence Interval
 Grp. Occ.   B*-hat          Standard Error      Lower           Upper
 ---- ----   --------------  --------------  --------------  --------------
   1     1    0.2638842       0.2189302       0.0638845       1.0900127    
   1     2    0.2632498       0.2182523       0.0637797       1.0865591    
   1     3    0.2632498       0.2182523       0.0637797       1.0865591    
   1     4    0.2638842       0.2189302       0.0638845       1.0900127    
   1     5    0.2645197       0.2196098       0.0639892       1.0934755    
   1     6    0.2632498       0.2182523       0.0637797       1.0865591    
   1     7    0.2632498       0.2182523       0.0637797       1.0865591    
   1     8    0.2638842       0.2189302       0.0638845       1.0900127    
   1     9    0.2638842       0.2189302       0.0638845       1.0900127    
   1    10    0.2645197       0.2196098       0.0639892       1.0934755    
   1    11    0.2632498       0.2182523       0.0637797       1.0865591    
   1    12    0.2657936       0.2209741       0.0641988       1.1004288    
   1    13    0.2638842       0.2189302       0.0638845       1.0900127    
   1    14    0.2689963       0.2244148       0.0647233       1.1179741    
   1    15    0.2632498       0.2182523       0.0637797       1.0865591    

  Program  MARK  - Survival Rate Estimation with Capture-Recapture Data
   gfortran(dble) Vers. 9.0 Mar 2018    25-Mar-2020 14:32:50    Page  011
 - - - - - - - - - - - - - - - - - - - - - - - - - - - - - - - - - - - - - -
 
   1    16    0.2638842       0.2189302       0.0638845       1.0900127    
   1    17    0.2632498       0.2182523       0.0637797       1.0865591    
   1    18    0.2651562       0.2202911       0.0640940       1.0969475    
   1    19    0.3193587       0.2803088       0.0726014       1.4047940    
   1    20    0.2645197       0.2196098       0.0639892       1.0934755    
   1    21    0.3258599       0.2877363       0.0735789       1.4431407    
   1    22    0.2683538       0.2237233       0.0646184       1.1144465    
   1    23    0.2645197       0.2196098       0.0639892       1.0934755    
   1    24    0.2632498       0.2182523       0.0637797       1.0865591    
   1    25    0.2632498       0.2182523       0.0637797       1.0865591    
   1    26    0.2748252       0.2307156       0.0656693       1.1501395    
   1    27    0.2632498       0.2182523       0.0637797       1.0865591    
   1    28    0.2632498       0.2182523       0.0637797       1.0865591    
   1    29    0.2907710       0.2481929       0.0682061       1.2395927    
   2     1    0.4118008       0.3232224       0.1059130       1.6011251    
   2     2    0.4116860       0.3230363       0.1059174       1.6001660    
   2     3    0.4116860       0.3230363       0.1059174       1.6001660    
   2     4    0.4118008       0.3232224       0.1059130       1.6011251    
   2     5    0.4119156       0.3234087       0.1059085       1.6020852    
   2     6    0.4116860       0.3230363       0.1059174       1.6001660    
   2     7    0.4116860       0.3230363       0.1059174       1.6001660    
   2     8    0.4118008       0.3232224       0.1059130       1.6011251    
   2     9    0.4118008       0.3232224       0.1059130       1.6011251    
   2    10    0.4119156       0.3234087       0.1059085       1.6020852    
   2    11    0.4116860       0.3230363       0.1059174       1.6001660    
   2    12    0.4121453       0.3237817       0.1058996       1.6040081    
   2    13    0.4118008       0.3232224       0.1059130       1.6011251    
   2    14    0.4127199       0.3247170       0.1058766       1.6088318    
   2    15    0.4116860       0.3230363       0.1059174       1.6001660    
   2    16    0.4118008       0.3232224       0.1059130       1.6011251    
   2    17    0.4116860       0.3230363       0.1059174       1.6001660    
   2    18    0.4120305       0.3235951       0.1059041       1.6030462    
   2    19    0.4212858       0.3390239       0.1054593       1.6829406    
   2    20    0.4119156       0.3234087       0.1059085       1.6020852    
   2    21    0.4223356       0.3408226       0.1053994       1.6923001    
   2    22    0.4126049       0.3245296       0.1058813       1.6078652    
   2    23    0.4119156       0.3234087       0.1059085       1.6020852    
   2    24    0.4116860       0.3230363       0.1059174       1.6001660    
   2    25    0.4116860       0.3230363       0.1059174       1.6001660    
   2    26    0.4137555       0.3264107       0.1058336       1.6175732    
   2    27    0.4116860       0.3230363       0.1059174       1.6001660    
   2    28    0.4116860       0.3230363       0.1059174       1.6001660    
   2    29    0.4165254       0.3309902       0.1057080       1.6412520    

    Net Birth+Immigration Estimates of { Phi(~sex)p(~1)pent(~1)N(~1) }
                                                95% Confidence Interval
 Grp. Occ.   B-hat           Standard Error      Lower           Upper
 ---- ----   --------------  --------------  --------------  --------------
   1     1    0.2626164       0.2175761       0.0636750       1.0831148    
   1     2    0.2626164       0.2175761       0.0636750       1.0831148    
   1     3    0.2626164       0.2175761       0.0636750       1.0831148    
   1     4    0.2626164       0.2175761       0.0636750       1.0831148    
   1     5    0.2626164       0.2175761       0.0636750       1.0831148    
   1     6    0.2626164       0.2175761       0.0636750       1.0831148    
   1     7    0.2626164       0.2175761       0.0636750       1.0831148    
   1     8    0.2626164       0.2175761       0.0636750       1.0831148    
   1     9    0.2626164       0.2175761       0.0636750       1.0831148    
   1    10    0.2626164       0.2175761       0.0636750       1.0831148    
   1    11    0.2626164       0.2175761       0.0636750       1.0831148    
   1    12    0.2626164       0.2175761       0.0636750       1.0831148    
   1    13    0.2626164       0.2175761       0.0636750       1.0831148    
   1    14    0.2626164       0.2175761       0.0636750       1.0831148    
   1    15    0.2626164       0.2175761       0.0636750       1.0831148    
   1    16    0.2626164       0.2175761       0.0636750       1.0831148    
   1    17    0.2626164       0.2175761       0.0636750       1.0831148    
   1    18    0.2626164       0.2175761       0.0636750       1.0831148    
   1    19    0.2626164       0.2175761       0.0636750       1.0831148    
   1    20    0.2626164       0.2175761       0.0636750       1.0831148    
   1    21    0.2626164       0.2175761       0.0636750       1.0831148    
   1    22    0.2626164       0.2175761       0.0636750       1.0831148    
   1    23    0.2626164       0.2175761       0.0636750       1.0831148    
   1    24    0.2626164       0.2175761       0.0636750       1.0831148    
   1    25    0.2626164       0.2175761       0.0636750       1.0831148    
   1    26    0.2626164       0.2175761       0.0636750       1.0831148    
   1    27    0.2626164       0.2175761       0.0636750       1.0831148    
   1    28    0.2626164       0.2175761       0.0636750       1.0831148    
   1    29    0.2626164       0.2175761       0.0636750       1.0831148    
   2     1    0.4115713       0.3228504       0.1059218       1.5992078    
   2     2    0.4115713       0.3228504       0.1059218       1.5992078    
   2     3    0.4115713       0.3228504       0.1059218       1.5992078    
   2     4    0.4115713       0.3228504       0.1059218       1.5992078    
   2     5    0.4115713       0.3228504       0.1059218       1.5992078    
   2     6    0.4115713       0.3228504       0.1059218       1.5992078    
   2     7    0.4115713       0.3228504       0.1059218       1.5992078    
   2     8    0.4115713       0.3228504       0.1059218       1.5992078    
   2     9    0.4115713       0.3228504       0.1059218       1.5992078    
   2    10    0.4115713       0.3228504       0.1059218       1.5992078    
   2    11    0.4115713       0.3228504       0.1059218       1.5992078    
   2    12    0.4115713       0.3228504       0.1059218       1.5992078    
   2    13    0.4115713       0.3228504       0.1059218       1.5992078    
   2    14    0.4115713       0.3228504       0.1059218       1.5992078    
   2    15    0.4115713       0.3228504       0.1059218       1.5992078    
   2    16    0.4115713       0.3228504       0.1059218       1.5992078    
   2    17    0.4115713       0.3228504       0.1059218       1.5992078    
   2    18    0.4115713       0.3228504       0.1059218       1.5992078    
   2    19    0.4115713       0.3228504       0.1059218       1.5992078    
   2    20    0.4115713       0.3228504       0.1059218       1.5992078    
   2    21    0.4115713       0.3228504       0.1059218       1.5992078    
   2    22    0.4115713       0.3228504       0.1059218       1.5992078    
   2    23    0.4115713       0.3228504       0.1059218       1.5992078    
   2    24    0.4115713       0.3228504       0.1059218       1.5992078    
   2    25    0.4115713       0.3228504       0.1059218       1.5992078    
   2    26    0.4115713       0.3228504       0.1059218       1.5992078    
   2    27    0.4115713       0.3228504       0.1059218       1.5992078    
   2    28    0.4115713       0.3228504       0.1059218       1.5992078    
   2    29    0.4115713       0.3228504       0.1059218       1.5992078    

         Population Estimates of { Phi(~sex)p(~1)pent(~1)N(~1) }
                                                95% Confidence Interval
 Grp. Occ.   N-hat           Standard Error      Lower           Upper
 ---- ----   --------------  --------------  --------------  --------------
   1     1    15.303900       4.1753740       9.0514818       25.875249    
   1     2    15.419694       3.9813413       9.3719336       25.370108    
   1     3    15.608166       3.7993182       9.7526878       24.979251    

  Program  MARK  - Survival Rate Estimation with Capture-Recapture Data
   gfortran(dble) Vers. 9.0 Mar 2018    25-Mar-2020 14:32:50    Page  012
 - - - - - - - - - - - - - - - - - - - - - - - - - - - - - - - - - - - - - -
 
   1     4    15.795731       3.6223397       10.135170       24.617754    
   1     5    15.906807       3.4465214       10.453491       24.204977    
   1     6    15.941064       3.2750889       10.701367       23.746267    
   1     7    16.127029       3.1164369       11.080717       23.471501    
   1     8    16.312099       2.9656174       11.455417       23.227840    
   1     9    16.418221       2.8233322       11.749330       22.942413    
   1    10    16.523325       2.6917065       12.032011       22.691159    
   1    11    16.548731       2.5739499       12.222466       22.406322    
   1    12    16.731774       2.4641758       12.555982       22.296325    
   1    13    16.595972       2.3839102       12.541639       21.960947    
   1    14    16.699370       2.3063498       12.755379       21.862851    
   1    15    16.176161       2.3060466       12.250031       21.360614    
   1    16    16.360995       2.2502323       12.510781       21.396120    
   1    17    16.466648       2.2214221       12.655803       21.424994    
   1    18    16.650085       2.2013749       12.863550       21.551232    
   1    19    16.594760       2.2249970       12.774657       21.557219    
   1    20    11.332228       3.2204078       6.5629099       19.567445    
   1    21    11.432158       3.1952869       6.6784046       19.569678    
   1    22    7.5647495       3.5527860       3.1533144       18.147710    
   1    23    7.5062203       3.4992000       3.1473661       17.901744    
   1    24    7.6610769       3.4556292       3.2958738       17.807751    
   1    25    7.8868554       3.4241135       3.4928397       17.808572    
   1    26    8.1115483       3.4060557       3.6820049       17.869943    
   1    27    7.6643037       3.4059659       3.3350878       17.613195    
   1    28    7.8900667       3.4049256       3.5100136       17.735872    
   1    29    8.1147442       3.4171147       3.6758080       17.914177    
   1    30    6.8583363       3.3799812       2.7497964       17.105549    
   2     1    23.984207       7.0721143       13.618953       42.238357    
   2     2    24.369045       6.7823303       14.267066       41.623858    
   2     3    24.767031       6.4887610       14.946957       41.038842    
   2     4    25.164795       6.1977069       15.639763       40.490824    
   2     5    25.548316       5.9165001       16.323209       39.987019    
   2     6    25.917183       5.6463494       16.993633       39.526591    
   2     7    26.314306       5.3648956       17.717880       39.081578    
   2     8    26.711207       5.0876372       18.450405       38.670621    
   2     9    27.093005       4.8237005       19.163964       38.302666    
   2    10    27.474377       4.5657433       19.880774       37.968412    
   2    11    27.840025       4.3240857       20.570578       37.678425    
   2    12    28.236075       4.0714379       21.315517       37.403548    
   2    13    28.569029       3.8688117       21.935479       37.208644    
   2    14    28.948756       3.6466058       22.637363       37.019791    
   2    15    29.199347       3.5331347       23.054171       36.982544    
   2    16    29.594640       3.3266903       23.759057       36.863532    
   2    17    29.973224       3.1510157       24.405783       36.810708    
   2    18    30.368086       2.9829767       25.061395       36.798455    
   2    19    30.711995       2.8791481       25.567233       36.892011    

  Program  MARK  - Survival Rate Estimation with Capture-Recapture Data
   gfortran(dble) Vers. 9.0 Mar 2018    25-Mar-2020 14:32:50    Page  013
 - - - - - - - - - - - - - - - - - - - - - - - - - - - - - - - - - - - - - -
 
   2    20    29.718143       4.3896350       22.282663       39.634760    
   2    21    30.080040       4.3171713       22.736915       39.794703    
   2    22    28.971412       6.4249351       18.856366       44.512433    
   2    23    29.237948       6.5179937       18.988118       45.020660    
   2    24    29.600648       6.4796985       19.370575       45.233471    
   2    25    29.995717       6.4068178       19.827627       45.378251    
   2    26    30.390566       6.3487661       20.267965       45.568784    
   2    27    30.481846       6.7472058       19.855079       46.796235    
   2    28    30.876424       6.7117595       20.264007       47.046648    
   2    29    31.270783       6.6909082       20.655751       47.340900    
   2    30    30.941449       7.7016467       19.135504       50.031253    

      Gross Population Estimates of { Phi(~sex)p(~1)pent(~1)N(~1) }
                                                95% Confidence Interval
 Grp. Occ.   N*-hat          Standard Error      Lower           Upper
 ---- ----   --------------  --------------  --------------  --------------
   1     0    23.120146       3.8544033       16.712984       31.983587    
   2     0    35.954624       3.7227076       29.366716       44.020415    

   CPU Time for the last procedure was 0.14 seconds.     


  INPUT --- proc stop;

     CPU Time in minutes for this job was 0.00

     Time Start = 14:32:50.262   Time End = 14:32:50.702

     Wall Clock Time in minutes for this job was 0.01


          E X E C U T I O N   S U C C E S S F U L 
