
   Program  MARK  - Survival Rate Estimation with Capture-Recapture Data
   gfortran(dble) Vers. 9.0 Mar 2018    25-Mar-2020 14:32:18    Page  001
 - - - - - - - - - - - - - - - - - - - - - - - - - - - - - - - - - - - - - -
 
   This version was compiled by GCC version 7.2.0 using the options: 
     -cpp -iprefix C:/Program Files/mingw-w64/x86_64-7.2.0-posix-seh-rt_v5-rev1/
     mingw64/bin/../lib/gcc/x86_64-w64-mingw32/7.2.0/ -D_MT -D_REENTRANT
     -U_REENTRANT -D IEEE -D DBLEPRECISION -m64 -mtune=core2 -march=nocona -mthreads
     -O2 -fimplicit-none -fbounds-check -funroll-loops -ftree-vectorize
     -ffpe-summary=invalid,zero,overflow,underflow -fno-unsafe-math-optimizations
     -frounding-math -fsignaling-nans -fopenmp.

   This problem will use 15 of 16 possible threads.


  INPUT --- proc title ;

   CPU Time for the last procedure was 0.01 seconds.     


  INPUT --- proc chmatrix occasions= 30 groups= 2 etype= POPAN Nodes= 
  INPUT --- 101 ICMeans NoHist hist= 41  ;

  INPUT ---    time interval 0.00547945205479452 0.00273972602739726 
  INPUT ---    0.00273972602739726 0.00547945205479452  
  INPUT ---    0.00821917808219178 0.00273972602739726 0.00273972602739726 
  INPUT ---    0.00547945205479452  0.00547945205479452 
  INPUT ---    0.00821917808219178 0.00273972602739726 0.0136986301369863 
  INPUT ---    0.00547945205479452  0.0273972602739726 0.00273972602739726 
  INPUT ---    0.00547945205479452 0.00273972602739726 0.010958904109589  
  INPUT ---    0.23013698630137 0.00821917808219178 0.254794520547945 
  INPUT ---    0.0246575342465753 0.00821917808219178  0.00273972602739726 
  INPUT ---    0.00273972602739726 0.0520547945205479 0.00273972602739726 
  INPUT ---    0.00273972602739726  0.117808219178082 ;

  INPUT ---    glabel(1)=sexF;

  INPUT ---    glabel(2)=sexM;

   * *  WARNING  * *   At least a pair of the encounter histories are duplicates. 

      Number of unique encounter histories read was 38.

      Number of individual covariates read was 0.
      Time interval lengths vary and/or not equal to 1.

      Data type number is 19
      Data type is POPAN                                                                                               

   CPU Time for the last procedure was 0.01 seconds.     

  Program  MARK  - Survival Rate Estimation with Capture-Recapture Data
   gfortran(dble) Vers. 9.0 Mar 2018    25-Mar-2020 14:32:18    Page  002
 - - - - - - - - - - - - - - - - - - - - - - - - - - - - - - - - - - - - - -
 


  INPUT --- proc estimate link=Parm-Specific NOLOOP varest=2ndPart    ;


  INPUT --- model={ Phi(~sex)p(~1)pent(~sex)N(~1) };

  INPUT ---    group=1 Phi    rows=1 cols=29 Square ;
  INPUT ---        1 1 1 1 1 1 1 1 1 1 1 1 1 1 1 1 1 1 1 1 1 1 1 1 1 1 1 1 1 ;

  INPUT ---    group=2 Phi    rows=1 cols=29 Square ;
  INPUT ---        2 2 2 2 2 2 2 2 2 2 2 2 2 2 2 2 2 2 2 2 2 2 2 2 2 2 2 2 2 ;

  INPUT ---    group=1 p    rows=1 cols=30 Square ;
  INPUT ---        3 3 3 3 3 3 3 3 3 3 3 3 3 3 3 3 3 3 3 3 3 3 3 3 3 3 3 3 3 
  INPUT ---       3 ;

  INPUT ---    group=2 p    rows=1 cols=30 Square ;
  INPUT ---        3 3 3 3 3 3 3 3 3 3 3 3 3 3 3 3 3 3 3 3 3 3 3 3 3 3 3 3 3 
  INPUT ---       3 ;

  INPUT ---    group=1 pent    rows=1 cols=29 Square ;
  INPUT ---        5 6 7 8 9 10 11 12 13 14 15 16 17 18 19 20 21 22 23 24 25 
  INPUT ---       26 27 28 29 30 31 32 33 ;

  INPUT ---    group=2 pent    rows=1 cols=29 Square ;
  INPUT ---        34 35 36 37 38 39 40 41 42 43 44 45 46 47 48 49 50 51 52 
  INPUT ---       53 54 55 56 57 58 59 60 61 62 ;

  INPUT ---    group=1 N    rows=1 cols=1 Square ;
  INPUT ---        4 ;

  INPUT ---    group=2 N    rows=1 cols=1 Square ;
  INPUT ---        4 ;

  INPUT ---    design matrix constraints=62 covariates=6;
  INPUT ---        1 0 0 0 0 0;
  INPUT ---        1 1 0 0 0 0;
  INPUT ---        0 0 1 0 0 0;
  INPUT ---        0 0 0 0 0 1;
  INPUT ---        0 0 0 1 0 0;
  INPUT ---        0 0 0 1 0 0;
  INPUT ---        0 0 0 1 0 0;
  INPUT ---        0 0 0 1 0 0;
  INPUT ---        0 0 0 1 0 0;
  INPUT ---        0 0 0 1 0 0;

  Program  MARK  - Survival Rate Estimation with Capture-Recapture Data
   gfortran(dble) Vers. 9.0 Mar 2018    25-Mar-2020 14:32:18    Page  003
 - - - - - - - - - - - - - - - - - - - - - - - - - - - - - - - - - - - - - -
 
  INPUT ---        0 0 0 1 0 0;
  INPUT ---        0 0 0 1 0 0;
  INPUT ---        0 0 0 1 0 0;
  INPUT ---        0 0 0 1 0 0;
  INPUT ---        0 0 0 1 0 0;
  INPUT ---        0 0 0 1 0 0;
  INPUT ---        0 0 0 1 0 0;
  INPUT ---        0 0 0 1 0 0;
  INPUT ---        0 0 0 1 0 0;
  INPUT ---        0 0 0 1 0 0;
  INPUT ---        0 0 0 1 0 0;
  INPUT ---        0 0 0 1 0 0;
  INPUT ---        0 0 0 1 0 0;
  INPUT ---        0 0 0 1 0 0;
  INPUT ---        0 0 0 1 0 0;
  INPUT ---        0 0 0 1 0 0;
  INPUT ---        0 0 0 1 0 0;
  INPUT ---        0 0 0 1 0 0;
  INPUT ---        0 0 0 1 0 0;
  INPUT ---        0 0 0 1 0 0;
  INPUT ---        0 0 0 1 0 0;
  INPUT ---        0 0 0 1 0 0;
  INPUT ---        0 0 0 1 0 0;
  INPUT ---        0 0 0 1 1 0;
  INPUT ---        0 0 0 1 1 0;
  INPUT ---        0 0 0 1 1 0;
  INPUT ---        0 0 0 1 1 0;
  INPUT ---        0 0 0 1 1 0;
  INPUT ---        0 0 0 1 1 0;
  INPUT ---        0 0 0 1 1 0;
  INPUT ---        0 0 0 1 1 0;
  INPUT ---        0 0 0 1 1 0;
  INPUT ---        0 0 0 1 1 0;
  INPUT ---        0 0 0 1 1 0;
  INPUT ---        0 0 0 1 1 0;
  INPUT ---        0 0 0 1 1 0;
  INPUT ---        0 0 0 1 1 0;
  INPUT ---        0 0 0 1 1 0;
  INPUT ---        0 0 0 1 1 0;
  INPUT ---        0 0 0 1 1 0;
  INPUT ---        0 0 0 1 1 0;
  INPUT ---        0 0 0 1 1 0;
  INPUT ---        0 0 0 1 1 0;
  INPUT ---        0 0 0 1 1 0;
  INPUT ---        0 0 0 1 1 0;
  INPUT ---        0 0 0 1 1 0;

  Program  MARK  - Survival Rate Estimation with Capture-Recapture Data
   gfortran(dble) Vers. 9.0 Mar 2018    25-Mar-2020 14:32:18    Page  004
 - - - - - - - - - - - - - - - - - - - - - - - - - - - - - - - - - - - - - -
 
  INPUT ---        0 0 0 1 1 0;
  INPUT ---        0 0 0 1 1 0;
  INPUT ---        0 0 0 1 1 0;
  INPUT ---        0 0 0 1 1 0;
  INPUT ---        0 0 0 1 1 0;
  INPUT ---        0 0 0 1 1 0;

  INPUT ---    links=62;

  INPUT ---    Logit;

  INPUT ---    Logit;

  INPUT ---    Logit;

  INPUT ---    Log;

  INPUT ---    mlogit(1);

  INPUT ---    mlogit(1);

  INPUT ---    mlogit(1);

  INPUT ---    mlogit(1);

  INPUT ---    mlogit(1);

  INPUT ---    mlogit(1);

  INPUT ---    mlogit(1);

  INPUT ---    mlogit(1);

  INPUT ---    mlogit(1);

  INPUT ---    mlogit(1);

  INPUT ---    mlogit(1);

  INPUT ---    mlogit(1);

  INPUT ---    mlogit(1);

  INPUT ---    mlogit(1);

  INPUT ---    mlogit(1);

  Program  MARK  - Survival Rate Estimation with Capture-Recapture Data
   gfortran(dble) Vers. 9.0 Mar 2018    25-Mar-2020 14:32:18    Page  005
 - - - - - - - - - - - - - - - - - - - - - - - - - - - - - - - - - - - - - -
 

  INPUT ---    mlogit(1);

  INPUT ---    mlogit(1);

  INPUT ---    mlogit(1);

  INPUT ---    mlogit(1);

  INPUT ---    mlogit(1);

  INPUT ---    mlogit(1);

  INPUT ---    mlogit(1);

  INPUT ---    mlogit(1);

  INPUT ---    mlogit(1);

  INPUT ---    mlogit(1);

  INPUT ---    mlogit(1);

  INPUT ---    mlogit(1);

  INPUT ---    mlogit(1);

  INPUT ---    mlogit(1);

  INPUT ---    mlogit(2);

  INPUT ---    mlogit(2);

  INPUT ---    mlogit(2);

  INPUT ---    mlogit(2);

  INPUT ---    mlogit(2);

  INPUT ---    mlogit(2);

  INPUT ---    mlogit(2);

  INPUT ---    mlogit(2);

  INPUT ---    mlogit(2);

  Program  MARK  - Survival Rate Estimation with Capture-Recapture Data
   gfortran(dble) Vers. 9.0 Mar 2018    25-Mar-2020 14:32:18    Page  006
 - - - - - - - - - - - - - - - - - - - - - - - - - - - - - - - - - - - - - -
 

  INPUT ---    mlogit(2);

  INPUT ---    mlogit(2);

  INPUT ---    mlogit(2);

  INPUT ---    mlogit(2);

  INPUT ---    mlogit(2);

  INPUT ---    mlogit(2);

  INPUT ---    mlogit(2);

  INPUT ---    mlogit(2);

  INPUT ---    mlogit(2);

  INPUT ---    mlogit(2);

  INPUT ---    mlogit(2);

  INPUT ---    mlogit(2);

  INPUT ---    mlogit(2);

  INPUT ---    mlogit(2);

  INPUT ---    mlogit(2);

  INPUT ---    mlogit(2);

  INPUT ---    mlogit(2);

  INPUT ---    mlogit(2);

  INPUT ---    mlogit(2);

  INPUT ---    mlogit(2);
  INPUT ---       blabel(1)=Phi:(Intercept);
  INPUT ---       blabel(2)=Phi:sexM;
  INPUT ---       blabel(3)=p:(Intercept);
  INPUT ---       blabel(4)=pent:(Intercept);
  INPUT ---       blabel(5)=pent:sexM;
  INPUT ---       blabel(6)=N:(Intercept);

  Program  MARK  - Survival Rate Estimation with Capture-Recapture Data
   gfortran(dble) Vers. 9.0 Mar 2018    25-Mar-2020 14:32:18    Page  007
 - - - - - - - - - - - - - - - - - - - - - - - - - - - - - - - - - - - - - -
 
  INPUT ---       rlabel(1)=Phi gF a0 t1;
  INPUT ---       rlabel(2)=Phi gM a0 t1;
  INPUT ---       rlabel(3)=p gF a0 t1;
  INPUT ---       rlabel(4)=N gF a0 t1;
  INPUT ---       rlabel(5)=pent gF a0.00547945205479452 t1.00547945205479;
  INPUT ---       rlabel(6)=pent gF a0.00821917808219178 t1.00821917808219;
  INPUT ---       rlabel(7)=pent gF a0.010958904109589 t1.01095890410959;
  INPUT ---       rlabel(8)=pent gF a0.0164383561643836 t1.01643835616438;
  INPUT ---       rlabel(9)=pent gF a0.0246575342465753 t1.02465753424658;
  INPUT ---       rlabel(10)=pent gF a0.0273972602739726 t1.02739726027397;
  INPUT ---       rlabel(11)=pent gF a0.0301369863013699 t1.03013698630137;
  INPUT ---       rlabel(12)=pent gF a0.0356164383561644 t1.03561643835616;
  INPUT ---       rlabel(13)=pent gF a0.0410958904109589 t1.04109589041096;
  INPUT ---       rlabel(14)=pent gF a0.0493150684931507 t1.04931506849315;
  INPUT ---       rlabel(15)=pent gF a0.0520547945205479 t1.05205479452055;
  INPUT ---       rlabel(16)=pent gF a0.0657534246575342 t1.06575342465753;
  INPUT ---       rlabel(17)=pent gF a0.0712328767123288 t1.07123287671233;
  INPUT ---       rlabel(18)=pent gF a0.0986301369863014 t1.0986301369863;
  INPUT ---       rlabel(19)=pent gF a0.101369863013699 t1.1013698630137;
  INPUT ---       rlabel(20)=pent gF a0.106849315068493 t1.10684931506849;
  INPUT ---       rlabel(21)=pent gF a0.10958904109589 t1.10958904109589;
  INPUT ---       rlabel(22)=pent gF a0.120547945205479 t1.12054794520548;
  INPUT ---       rlabel(23)=pent gF a0.350684931506849 t1.35068493150685;
  INPUT ---       rlabel(24)=pent gF a0.358904109589041 t1.35890410958904;
  INPUT ---       rlabel(25)=pent gF a0.613698630136986 t1.61369863013699;
  INPUT ---       rlabel(26)=pent gF a0.638356164383562 t1.63835616438356;
  INPUT ---       rlabel(27)=pent gF a0.646575342465753 t1.64657534246575;
  INPUT ---       rlabel(28)=pent gF a0.649315068493151 t1.64931506849315;
  INPUT ---       rlabel(29)=pent gF a0.652054794520548 t1.65205479452055;
  INPUT ---       rlabel(30)=pent gF a0.704109589041096 t1.7041095890411;
  INPUT ---       rlabel(31)=pent gF a0.706849315068493 t1.70684931506849;
  INPUT ---       rlabel(32)=pent gF a0.70958904109589 t1.70958904109589;
  INPUT ---       rlabel(33)=pent gF a0.827397260273973 t1.82739726027397;
  INPUT ---       rlabel(34)=pent gM a0.00547945205479452 t1.00547945205479;
  INPUT ---       rlabel(35)=pent gM a0.00821917808219178 t1.00821917808219;
  INPUT ---       rlabel(36)=pent gM a0.010958904109589 t1.01095890410959;
  INPUT ---       rlabel(37)=pent gM a0.0164383561643836 t1.01643835616438;
  INPUT ---       rlabel(38)=pent gM a0.0246575342465753 t1.02465753424658;
  INPUT ---       rlabel(39)=pent gM a0.0273972602739726 t1.02739726027397;
  INPUT ---       rlabel(40)=pent gM a0.0301369863013699 t1.03013698630137;
  INPUT ---       rlabel(41)=pent gM a0.0356164383561644 t1.03561643835616;
  INPUT ---       rlabel(42)=pent gM a0.0410958904109589 t1.04109589041096;
  INPUT ---       rlabel(43)=pent gM a0.0493150684931507 t1.04931506849315;
  INPUT ---       rlabel(44)=pent gM a0.0520547945205479 t1.05205479452055;
  INPUT ---       rlabel(45)=pent gM a0.0657534246575342 t1.06575342465753;
  INPUT ---       rlabel(46)=pent gM a0.0712328767123288 t1.07123287671233;

  Program  MARK  - Survival Rate Estimation with Capture-Recapture Data
   gfortran(dble) Vers. 9.0 Mar 2018    25-Mar-2020 14:32:18    Page  008
 - - - - - - - - - - - - - - - - - - - - - - - - - - - - - - - - - - - - - -
 
  INPUT ---       rlabel(47)=pent gM a0.0986301369863014 t1.0986301369863;
  INPUT ---       rlabel(48)=pent gM a0.101369863013699 t1.1013698630137;
  INPUT ---       rlabel(49)=pent gM a0.106849315068493 t1.10684931506849;
  INPUT ---       rlabel(50)=pent gM a0.10958904109589 t1.10958904109589;
  INPUT ---       rlabel(51)=pent gM a0.120547945205479 t1.12054794520548;
  INPUT ---       rlabel(52)=pent gM a0.350684931506849 t1.35068493150685;
  INPUT ---       rlabel(53)=pent gM a0.358904109589041 t1.35890410958904;
  INPUT ---       rlabel(54)=pent gM a0.613698630136986 t1.61369863013699;
  INPUT ---       rlabel(55)=pent gM a0.638356164383562 t1.63835616438356;
  INPUT ---       rlabel(56)=pent gM a0.646575342465753 t1.64657534246575;
  INPUT ---       rlabel(57)=pent gM a0.649315068493151 t1.64931506849315;
  INPUT ---       rlabel(58)=pent gM a0.652054794520548 t1.65205479452055;
  INPUT ---       rlabel(59)=pent gM a0.704109589041096 t1.7041095890411;
  INPUT ---       rlabel(60)=pent gM a0.706849315068493 t1.70684931506849;
  INPUT ---       rlabel(61)=pent gM a0.70958904109589 t1.70958904109589;
  INPUT ---       rlabel(62)=pent gM a0.827397260273973 t1.82739726027397;

 Link Function Used is PARM-SPECIFIC

 Variance Estimation Procedure Used is 2ndPart 

 M(t+1):
      16     29



 Group: 1

 U(t)+UL(t):
       0    2    2    0    1    0    3    1    1    0    0    0    0    0    1
       0    0    0    2    1    1    0    0    0    1    0    0    0    0    0

 U(t):
       0    2    2    0    1    0    3    1    1    0    0    0    0    0    1
       0    0    0    2    1    1    0    0    0    1    0    0    0    0    0

 UL(t):
       0    0    0    0    0    0    0    0    0    0    0    0    0    0    0
       0    0    0    0    0    0    0    0    0    0    0    0    0    0    0

 Not Released(t):
       0    0    0    0    0    0    0    0    0    0    0    0    0    0    0
       0    0    0    0    0    0    0    0    0    0    0    0    0    0    0

 Group: 2

 U(t)+UL(t):
       3    0    1    1    1    1    1    0    1    1    2    1    3    3    1
       1    0    2    3    1    0    0    1    0    0    0    0    0    0    1

 U(t):
       3    0    1    1    1    1    1    0    1    1    2    1    3    3    1
       1    0    2    3    1    0    0    1    0    0    0    0    0    0    1

 UL(t):
       0    0    0    0    0    0    0    0    0    0    0    0    0    0    0
       0    0    0    0    0    0    0    0    0    0    0    0    0    0    0

 Not Released(t):
       0    0    0    0    0    0    0    0    0    0    0    0    0    0    0
       0    0    0    0    0    0    0    0    0    0    0    0    0    0    0
 -2logL(saturated) = 272.93564     
 Effective Sample Size = 98

 Number of function evaluations was 25 for 6 parameters.
 Time for numerical optimization was 0.17 seconds.     
 -2logL { Phi(~sex)p(~1)pent(~sex)N(~1) } = 511.95544     
 Penalty { Phi(~sex)p(~1)pent(~sex)N(~1) } = 0.0000000     
 Gradient { Phi(~sex)p(~1)pent(~sex)N(~1) }:
 -0.8902821E-05   0.000000      0.6579193E-05  0.4508741E-05 -0.7477436E-05
 -0.2599996E-05
 Maximum ABS(G) { Phi(~sex)p(~1)pent(~sex)N(~1) } = 0.8902821E-05 
 S Vector { Phi(~sex)p(~1)pent(~sex)N(~1) }:
   78.16182      7.321997      2.241410     0.7517702     0.4054902    
  0.2465390    
 Time to compute number of parameters was 0.06 seconds.     
 Ratio Threshold = 50.000000       Max Gap (1/2) = 10.674932       Next Max Gap (1/2) = 10.674932     
 Gap Method for Num. of Estimated Parameters { Phi(~sex)p(~1)pent(~sex)N(~1) } = 6          
 Threshold { Phi(~sex)p(~1)pent(~sex)N(~1) } = 0.1780564E-04                 
 Numerical Threshold Method for Num. of Estimated Parameters { Phi(~sex)p(~1)pent(~sex)N(~1) } = 6          
 Number of Estimated Parameters { Phi(~sex)p(~1)pent(~sex)N(~1) } = 6          
 DEVIANCE { Phi(~sex)p(~1)pent(~sex)N(~1) } = 239.01979                     
 DEVIANCE Degrees of Freedom { Phi(~sex)p(~1)pent(~sex)N(~1) } = 35            
 c-hat { Phi(~sex)p(~1)pent(~sex)N(~1) } = 6.8291369                     
 AIC { Phi(~sex)p(~1)pent(~sex)N(~1) } = 523.95544                  
 AICc { Phi(~sex)p(~1)pent(~sex)N(~1) } = 524.87851                    
 BIC { Phi(~sex)p(~1)pent(~sex)N(~1) } = 539.46524                    
 Pearson Chisquare { Phi(~sex)p(~1)pent(~sex)N(~1) } = 214001.17                  
 Possible Encounter Histories { Phi(~sex)p(~1)pent(~sex)N(~1) } = 2147483646             
 Pearson Chisquare df { Phi(~sex)p(~1)pent(~sex)N(~1) } = 2147483638        
 Pearson chat { Phi(~sex)p(~1)pent(~sex)N(~1) } = 0.9965206E-04              
 Sum(Observed/Expected) { Phi(~sex)p(~1)pent(~sex)N(~1) } = 213786.75                  
 Fletcher chat { Phi(~sex)p(~1)pent(~sex)N(~1) } = 1.0010030                  


              PARM-SPECIFIC Link Function Parameters of { Phi(~sex)p(~1)pent(~sex)N(~1) }
                                                              95% Confidence Interval
 Parameter                    Beta         Standard Error      Lower           Upper
 -------------------------  --------------  --------------  --------------  --------------
    1:Phi:(Intercept)       -1.5708912       1.0896165      -3.7065396       0.5647571    
    2:Phi:sexM               3.0603714       1.9622622      -0.7856626       6.9064053    
    3:p:(Intercept)         -2.4788742       0.1830416      -2.8376357      -2.1201127    

  Program  MARK  - Survival Rate Estimation with Capture-Recapture Data
   gfortran(dble) Vers. 9.0 Mar 2018    25-Mar-2020 14:32:18    Page  009
 - - - - - - - - - - - - - - - - - - - - - - - - - - - - - - - - - - - - - -
 
    4:pent:(Intercept)      -4.0764019       1.2666877      -6.5591097      -1.5936940    
    5:pent:sexM              0.0203223       1.2206253      -2.3721034       2.4127480    
    6:N:(Intercept)          1.9343875       0.5313661       0.8929100       2.9758650    


              Real Function Parameters of { Phi(~sex)p(~1)pent(~sex)N(~1) }
                                                               95% Confidence Interval
  Parameter                  Estimate       Standard Error      Lower           Upper
 --------------------------  --------------  --------------  --------------  --------------
     1:Phi gF a0 t1           0.1720894       0.1552427       0.0239735       0.6375525                          
     2:Phi gM a0 t1           0.8160002       0.3047952       0.0766074       0.9957994                          
     3:p gF a0 t1             0.0773525       0.0130635       0.0553240       0.1071573                          
     4:N gF a0 t1             22.919805       3.6769493       18.603743       34.390329                          
     5:pent gF a0.005479452   0.0113723       0.0096544       0.0021328       0.0583004                          
     6:pent gF a0.008219178   0.0113723       0.0096544       0.0021328       0.0583004                          
     7:pent gF a0.010958904   0.0113723       0.0096544       0.0021328       0.0583004                          
     8:pent gF a0.016438356   0.0113723       0.0096544       0.0021328       0.0583004                          
     9:pent gF a0.024657534   0.0113723       0.0096544       0.0021328       0.0583004                          
    10:pent gF a0.027397260   0.0113723       0.0096544       0.0021328       0.0583004                          
    11:pent gF a0.030136986   0.0113723       0.0096544       0.0021328       0.0583004                          
    12:pent gF a0.035616438   0.0113723       0.0096544       0.0021328       0.0583004                          
    13:pent gF a0.041095890   0.0113723       0.0096544       0.0021328       0.0583004                          
    14:pent gF a0.049315068   0.0113723       0.0096544       0.0021328       0.0583004                          
    15:pent gF a0.052054794   0.0113723       0.0096544       0.0021328       0.0583004                          
    16:pent gF a0.065753424   0.0113723       0.0096544       0.0021328       0.0583004                          
    17:pent gF a0.071232876   0.0113723       0.0096544       0.0021328       0.0583004                          
    18:pent gF a0.098630136   0.0113723       0.0096544       0.0021328       0.0583004                          
    19:pent gF a0.101369863   0.0113723       0.0096544       0.0021328       0.0583004                          
    20:pent gF a0.106849315   0.0113723       0.0096544       0.0021328       0.0583004                          
    21:pent gF a0.109589041   0.0113723       0.0096544       0.0021328       0.0583004                          
    22:pent gF a0.120547945   0.0113723       0.0096544       0.0021328       0.0583004                          
    23:pent gF a0.350684931   0.0113723       0.0096544       0.0021328       0.0583004                          
    24:pent gF a0.358904109   0.0113723       0.0096544       0.0021328       0.0583004                          
    25:pent gF a0.613698630   0.0113723       0.0096544       0.0021328       0.0583004                          
    26:pent gF a0.638356164   0.0113723       0.0096544       0.0021328       0.0583004                          
    27:pent gF a0.646575342   0.0113723       0.0096544       0.0021328       0.0583004                          
    28:pent gF a0.649315068   0.0113723       0.0096544       0.0021328       0.0583004                          
    29:pent gF a0.652054794   0.0113723       0.0096544       0.0021328       0.0583004                          
    30:pent gF a0.704109589   0.0113723       0.0096544       0.0021328       0.0583004                          
    31:pent gF a0.706849315   0.0113723       0.0096544       0.0021328       0.0583004                          
    32:pent gF a0.709589041   0.0113723       0.0096544       0.0021328       0.0583004                          
    33:pent gF a0.827397260   0.0113723       0.0096544       0.0021328       0.0583004                          
    34:pent gM a0.005479452   0.0115277       0.0091610       0.0024065       0.0533712                          
    35:pent gM a0.008219178   0.0115277       0.0091610       0.0024065       0.0533712                          
    36:pent gM a0.010958904   0.0115277       0.0091610       0.0024065       0.0533712                          
    37:pent gM a0.016438356   0.0115277       0.0091610       0.0024065       0.0533712                          

  Program  MARK  - Survival Rate Estimation with Capture-Recapture Data
   gfortran(dble) Vers. 9.0 Mar 2018    25-Mar-2020 14:32:18    Page  010
 - - - - - - - - - - - - - - - - - - - - - - - - - - - - - - - - - - - - - -
 
    38:pent gM a0.024657534   0.0115277       0.0091610       0.0024065       0.0533712                          
    39:pent gM a0.027397260   0.0115277       0.0091610       0.0024065       0.0533712                          
    40:pent gM a0.030136986   0.0115277       0.0091610       0.0024065       0.0533712                          
    41:pent gM a0.035616438   0.0115277       0.0091610       0.0024065       0.0533712                          
    42:pent gM a0.041095890   0.0115277       0.0091610       0.0024065       0.0533712                          
    43:pent gM a0.049315068   0.0115277       0.0091610       0.0024065       0.0533712                          
    44:pent gM a0.052054794   0.0115277       0.0091610       0.0024065       0.0533712                          
    45:pent gM a0.065753424   0.0115277       0.0091610       0.0024065       0.0533712                          
    46:pent gM a0.071232876   0.0115277       0.0091610       0.0024065       0.0533712                          
    47:pent gM a0.098630136   0.0115277       0.0091610       0.0024065       0.0533712                          
    48:pent gM a0.101369863   0.0115277       0.0091610       0.0024065       0.0533712                          
    49:pent gM a0.106849315   0.0115277       0.0091610       0.0024065       0.0533712                          
    50:pent gM a0.109589041   0.0115277       0.0091610       0.0024065       0.0533712                          
    51:pent gM a0.120547945   0.0115277       0.0091610       0.0024065       0.0533712                          
    52:pent gM a0.350684931   0.0115277       0.0091610       0.0024065       0.0533712                          
    53:pent gM a0.358904109   0.0115277       0.0091610       0.0024065       0.0533712                          
    54:pent gM a0.613698630   0.0115277       0.0091610       0.0024065       0.0533712                          
    55:pent gM a0.638356164   0.0115277       0.0091610       0.0024065       0.0533712                          
    56:pent gM a0.646575342   0.0115277       0.0091610       0.0024065       0.0533712                          
    57:pent gM a0.649315068   0.0115277       0.0091610       0.0024065       0.0533712                          
    58:pent gM a0.652054794   0.0115277       0.0091610       0.0024065       0.0533712                          
    59:pent gM a0.704109589   0.0115277       0.0091610       0.0024065       0.0533712                          
    60:pent gM a0.706849315   0.0115277       0.0091610       0.0024065       0.0533712                          
    61:pent gM a0.709589041   0.0115277       0.0091610       0.0024065       0.0533712                          
    62:pent gM a0.827397260   0.0115277       0.0091610       0.0024065       0.0533712                          


                      Estimates of Derived Parameters
  Gross Birth+Immigration Estimates of { Phi(~sex)p(~1)pent(~sex)N(~1) }
                                                95% Confidence Interval
 Grp. Occ.   B*-hat          Standard Error      Lower           Upper
 ---- ----   --------------  --------------  --------------  --------------
   1     1    0.2619093       0.2489956       0.0543408       1.2623392    
   1     2    0.2612795       0.2482687       0.0542425       1.2585508    
   1     3    0.2612795       0.2482687       0.0542425       1.2585508    
   1     4    0.2619093       0.2489956       0.0543408       1.2623392    
   1     5    0.2625402       0.2497241       0.0544391       1.2661371    
   1     6    0.2612795       0.2482687       0.0542425       1.2585508    
   1     7    0.2612795       0.2482687       0.0542425       1.2585508    
   1     8    0.2619093       0.2489956       0.0543408       1.2623392    
   1     9    0.2619093       0.2489956       0.0543408       1.2623392    
   1    10    0.2625402       0.2497241       0.0544391       1.2661371    
   1    11    0.2612795       0.2482687       0.0542425       1.2585508    
   1    12    0.2638049       0.2511864       0.0546358       1.2737615    
   1    13    0.2619093       0.2489956       0.0543408       1.2623392    

  Program  MARK  - Survival Rate Estimation with Capture-Recapture Data
   gfortran(dble) Vers. 9.0 Mar 2018    25-Mar-2020 14:32:18    Page  011
 - - - - - - - - - - - - - - - - - - - - - - - - - - - - - - - - - - - - - -
 
   1    14    0.2669844       0.2548722       0.0551286       1.2929896    
   1    15    0.2612795       0.2482687       0.0542425       1.2585508    
   1    16    0.2619093       0.2489956       0.0543408       1.2623392    
   1    17    0.2612795       0.2482687       0.0542425       1.2585508    
   1    18    0.2631720       0.2504544       0.0545374       1.2699445    
   1    19    0.3169828       0.3144579       0.0625798       1.6055981    
   1    20    0.2625402       0.2497241       0.0544391       1.2661371    
   1    21    0.3234371       0.3223444       0.0635089       1.6471965    
   1    22    0.2663465       0.2541316       0.0550299       1.2891249    
   1    23    0.2625402       0.2497241       0.0544391       1.2661371    
   1    24    0.2612795       0.2482687       0.0542425       1.2585508    
   1    25    0.2612795       0.2482687       0.0542425       1.2585508    
   1    26    0.2727711       0.2616154       0.0560186       1.3282028    
   1    27    0.2612795       0.2482687       0.0542425       1.2585508    
   1    28    0.2612795       0.2482687       0.0542425       1.2585508    
   1    29    0.2886015       0.2802805       0.0584127       1.4259024    
   2     1    0.4143039       0.3565105       0.0963074       1.7822897    
   2     2    0.4141886       0.3563264       0.0963063       1.7813180    
   2     3    0.4141886       0.3563264       0.0963063       1.7813180    
   2     4    0.4143039       0.3565105       0.0963074       1.7822897    
   2     5    0.4144193       0.3566949       0.0963085       1.7832623    
   2     6    0.4141886       0.3563264       0.0963063       1.7813180    
   2     7    0.4141886       0.3563264       0.0963063       1.7813180    
   2     8    0.4143039       0.3565105       0.0963074       1.7822897    
   2     9    0.4143039       0.3565105       0.0963074       1.7822897    
   2    10    0.4144193       0.3566949       0.0963085       1.7832623    
   2    11    0.4141886       0.3563264       0.0963063       1.7813180    
   2    12    0.4146502       0.3570640       0.0963107       1.7852103    
   2    13    0.4143039       0.3565105       0.0963074       1.7822897    
   2    14    0.4152277       0.3579895       0.0963155       1.7900963    
   2    15    0.4141886       0.3563264       0.0963063       1.7813180    
   2    16    0.4143039       0.3565105       0.0963074       1.7822897    
   2    17    0.4141886       0.3563264       0.0963063       1.7813180    
   2    18    0.4145347       0.3568794       0.0963096       1.7842358    
   2    19    0.4238373       0.3721380       0.0963162       1.8650861    
   2    20    0.4144193       0.3566949       0.0963085       1.7832623    
   2    21    0.4248924       0.3739159       0.0963078       1.8745480    
   2    22    0.4151121       0.3578041       0.0963146       1.7891172    
   2    23    0.4144193       0.3566949       0.0963085       1.7832623    
   2    24    0.4141886       0.3563264       0.0963063       1.7813180    
   2    25    0.4141886       0.3563264       0.0963063       1.7813180    
   2    26    0.4162685       0.3596652       0.0963226       1.7989488    
   2    27    0.4141886       0.3563264       0.0963063       1.7813180    
   2    28    0.4141886       0.3563264       0.0963063       1.7813180    
   2    29    0.4190526       0.3641951       0.0963318       1.8229184    

   Net Birth+Immigration Estimates of { Phi(~sex)p(~1)pent(~sex)N(~1) }
                                                95% Confidence Interval
 Grp. Occ.   B-hat           Standard Error      Lower           Upper
 ---- ----   --------------  --------------  --------------  --------------
   1     1    0.2606507       0.2475436       0.0541443       1.2547720    
   1     2    0.2606507       0.2475436       0.0541443       1.2547720    
   1     3    0.2606507       0.2475436       0.0541443       1.2547720    
   1     4    0.2606507       0.2475436       0.0541443       1.2547720    
   1     5    0.2606507       0.2475436       0.0541443       1.2547720    
   1     6    0.2606507       0.2475436       0.0541443       1.2547720    
   1     7    0.2606507       0.2475436       0.0541443       1.2547720    
   1     8    0.2606507       0.2475436       0.0541443       1.2547720    
   1     9    0.2606507       0.2475436       0.0541443       1.2547720    
   1    10    0.2606507       0.2475436       0.0541443       1.2547720    
   1    11    0.2606507       0.2475436       0.0541443       1.2547720    
   1    12    0.2606507       0.2475436       0.0541443       1.2547720    
   1    13    0.2606507       0.2475436       0.0541443       1.2547720    
   1    14    0.2606507       0.2475436       0.0541443       1.2547720    
   1    15    0.2606507       0.2475436       0.0541443       1.2547720    
   1    16    0.2606507       0.2475436       0.0541443       1.2547720    
   1    17    0.2606507       0.2475436       0.0541443       1.2547720    
   1    18    0.2606507       0.2475436       0.0541443       1.2547720    
   1    19    0.2606507       0.2475436       0.0541443       1.2547720    
   1    20    0.2606507       0.2475436       0.0541443       1.2547720    
   1    21    0.2606507       0.2475436       0.0541443       1.2547720    
   1    22    0.2606507       0.2475436       0.0541443       1.2547720    
   1    23    0.2606507       0.2475436       0.0541443       1.2547720    
   1    24    0.2606507       0.2475436       0.0541443       1.2547720    
   1    25    0.2606507       0.2475436       0.0541443       1.2547720    
   1    26    0.2606507       0.2475436       0.0541443       1.2547720    
   1    27    0.2606507       0.2475436       0.0541443       1.2547720    
   1    28    0.2606507       0.2475436       0.0541443       1.2547720    
   1    29    0.2606507       0.2475436       0.0541443       1.2547720    
   2     1    0.4140732       0.3561424       0.0963052       1.7803473    
   2     2    0.4140732       0.3561424       0.0963052       1.7803473    
   2     3    0.4140732       0.3561424       0.0963052       1.7803473    
   2     4    0.4140732       0.3561424       0.0963052       1.7803473    
   2     5    0.4140732       0.3561424       0.0963052       1.7803473    
   2     6    0.4140732       0.3561424       0.0963052       1.7803473    
   2     7    0.4140732       0.3561424       0.0963052       1.7803473    
   2     8    0.4140732       0.3561424       0.0963052       1.7803473    
   2     9    0.4140732       0.3561424       0.0963052       1.7803473    
   2    10    0.4140732       0.3561424       0.0963052       1.7803473    
   2    11    0.4140732       0.3561424       0.0963052       1.7803473    
   2    12    0.4140732       0.3561424       0.0963052       1.7803473    
   2    13    0.4140732       0.3561424       0.0963052       1.7803473    
   2    14    0.4140732       0.3561424       0.0963052       1.7803473    
   2    15    0.4140732       0.3561424       0.0963052       1.7803473    
   2    16    0.4140732       0.3561424       0.0963052       1.7803473    
   2    17    0.4140732       0.3561424       0.0963052       1.7803473    
   2    18    0.4140732       0.3561424       0.0963052       1.7803473    
   2    19    0.4140732       0.3561424       0.0963052       1.7803473    
   2    20    0.4140732       0.3561424       0.0963052       1.7803473    
   2    21    0.4140732       0.3561424       0.0963052       1.7803473    
   2    22    0.4140732       0.3561424       0.0963052       1.7803473    
   2    23    0.4140732       0.3561424       0.0963052       1.7803473    
   2    24    0.4140732       0.3561424       0.0963052       1.7803473    
   2    25    0.4140732       0.3561424       0.0963052       1.7803473    
   2    26    0.4140732       0.3561424       0.0963052       1.7803473    
   2    27    0.4140732       0.3561424       0.0963052       1.7803473    
   2    28    0.4140732       0.3561424       0.0963052       1.7803473    
   2    29    0.4140732       0.3561424       0.0963052       1.7803473    

        Population Estimates of { Phi(~sex)p(~1)pent(~sex)N(~1) }
                                                95% Confidence Interval
 Grp. Occ.   N-hat           Standard Error      Lower           Upper
 ---- ----   --------------  --------------  --------------  --------------
   1     1    15.360935       5.4030258       7.8650138       30.001007    

  Program  MARK  - Survival Rate Estimation with Capture-Recapture Data
   gfortran(dble) Vers. 9.0 Mar 2018    25-Mar-2020 14:32:18    Page  012
 - - - - - - - - - - - - - - - - - - - - - - - - - - - - - - - - - - - - - -
 
   1     2    15.474181       5.1559965       8.1924463       29.228179    
   1     3    15.660407       4.9297719       8.5733524       28.605888    
   1     4    15.845738       4.7078596       8.9606597       28.021084    
   1     5    15.954331       4.4774040       9.3005143       27.368453    
   1     6    15.985885       4.2419154       9.5872542       26.655028    
   1     7    16.169650       4.0354572       9.9876490       26.178091    
   1     8    16.352531       3.8354422       10.389656       25.737644    
   1     9    16.456262       3.6344278       10.729276       25.240151    
   1    10    16.558997       3.4427210       11.064440       24.782128    
   1    11    16.581868       3.2561033       11.325631       24.277529    
   1    12    16.762766       3.0906097       11.714225       23.987105    
   1    13    16.624164       2.9265239       11.804106       23.412433    
   1    14    16.725288       2.7848905       12.095038       23.128102    
   1    15    16.198707       2.6767960       11.742624       22.345783    
   1    16    16.381449       2.5660857       12.073132       22.227195    
   1    17    16.484902       2.4794156       12.296291       22.100321    
   1    18    16.666266       2.4082861       12.573952       22.090463    
   1    19    16.608590       2.3767425       12.564282       21.954718    
   1    20    11.338399       3.2446693       6.5424318       19.650079    
   1    21    11.436236       3.2073890       6.6689352       19.611450    
   1    22    7.5645947       3.5547243       3.1518342       18.155489    
   1    23    7.5040302       3.5032570       3.1428466       17.917027    
   1    24    7.6569265       3.4659034       3.2851842       17.846343    
   1    25    7.8807504       3.4447111       3.4724555       17.885391    
   1    26    8.1034977       3.4409435       3.6483522       17.998996    
   1    27    7.6548277       3.4533063       3.2928212       17.795193    
   1    28    7.8786617       3.4729981       3.4494952       17.994897    
   1    29    8.1014191       3.5091770       3.5940435       18.261602    
   1    30    6.8452089       3.4691783       2.6815991       17.473486    
   2     1    23.911681       8.3061051       12.339746       46.335517    
   2     2    24.299127       7.9771792       12.979657       45.490229    
   2     3    24.699667       7.6468195       13.651099       44.690435    
   2     4    25.099984       7.3187118       14.339010       43.936728    
   2     5    25.486107       6.9974630       15.025420       43.229515    
   2     6    25.857621       6.6841269       15.707229       42.567440    
   2     7    26.257293       6.3644275       16.438553       41.940759    
   2     8    26.656742       6.0483751       17.182486       41.355011    
   2     9    27.041131       5.7421710       17.916726       40.812298    
   2    10    27.425092       5.4410925       18.659300       40.308889    
   2    11    27.793368       5.1524116       19.385244       39.848417    
   2    12    28.191962       4.8572981       20.162165       39.419711    
   2    13    28.527616       4.5990663       20.840887       39.049435    
   2    14    28.909922       4.3283757       21.592794       38.706596    
   2    15    29.163386       4.1407069       22.109660       38.467489    
   2    16    29.561217       3.8850938       22.873330       38.204563    
   2    17    29.942372       3.6551048       23.591795       38.002433    

  Program  MARK  - Survival Rate Estimation with Capture-Recapture Data
   gfortran(dble) Vers. 9.0 Mar 2018    25-Mar-2020 14:32:18    Page  013
 - - - - - - - - - - - - - - - - - - - - - - - - - - - - - - - - - - - - - -
 
   2    18    30.339769       3.4333394       24.321605       37.847073    
   2    19    30.686308       3.2660133       24.923135       37.782145    
   2    20    29.697460       4.5615854       22.015688       40.059577    
   2    21    30.061942       4.4513636       22.524622       40.121444    
   2    22    28.958163       6.4733183       18.784708       44.641375    
   2    23    29.227407       6.5478316       18.941810       45.098188    
   2    24    29.592673       6.4963973       19.342530       45.274651    
   2    25    29.990265       6.4140546       19.813500       45.394101    
   2    26    30.387636       6.3499364       20.263754       45.569464    
   2    27    30.481756       6.7460182       19.856459       46.792707    
   2    28    30.878853       6.7120137       20.265941       47.049559    
   2    29    31.275728       6.6960337       20.653926       47.360060    
   2    30    30.949488       7.7159937       19.126176       50.081669    

     Gross Population Estimates of { Phi(~sex)p(~1)pent(~sex)N(~1) }
                                                95% Confidence Interval
 Grp. Occ.   N*-hat          Standard Error      Lower           Upper
 ---- ----   --------------  --------------  --------------  --------------
   1     0    23.118727       3.8545620       16.711409       31.982674    
   2     0    35.954832       3.7224352       29.367352       44.019969    

   CPU Time for the last procedure was 0.23 seconds.     

  Program  MARK  - Survival Rate Estimation with Capture-Recapture Data
   gfortran(dble) Vers. 9.0 Mar 2018    25-Mar-2020 14:32:18    Page  014
 - - - - - - - - - - - - - - - - - - - - - - - - - - - - - - - - - - - - - -
 


  INPUT --- proc stop;

     CPU Time in minutes for this job was 0.00

     Time Start = 14:32:18.508   Time End = 14:32:18.883

     Wall Clock Time in minutes for this job was 0.01


          E X E C U T I O N   S U C C E S S F U L 
