
   Program  MARK  - Survival Rate Estimation with Capture-Recapture Data
   gfortran(dble) Vers. 9.0 Mar 2018    25-Mar-2020 14:32:23    Page  001
 - - - - - - - - - - - - - - - - - - - - - - - - - - - - - - - - - - - - - -
 
   This version was compiled by GCC version 7.2.0 using the options: 
     -cpp -iprefix C:/Program Files/mingw-w64/x86_64-7.2.0-posix-seh-rt_v5-rev1/
     mingw64/bin/../lib/gcc/x86_64-w64-mingw32/7.2.0/ -D_MT -D_REENTRANT
     -U_REENTRANT -D IEEE -D DBLEPRECISION -m64 -mtune=core2 -march=nocona -mthreads
     -O2 -fimplicit-none -fbounds-check -funroll-loops -ftree-vectorize
     -ffpe-summary=invalid,zero,overflow,underflow -fno-unsafe-math-optimizations
     -frounding-math -fsignaling-nans -fopenmp.

   This problem will use 15 of 16 possible threads.


  INPUT --- proc title ;

   CPU Time for the last procedure was 0.01 seconds.     


  INPUT --- proc chmatrix occasions= 30 groups= 2 etype= POPAN Nodes= 
  INPUT --- 101 ICMeans NoHist hist= 41  ;

  INPUT ---    time interval 0.00547945205479452 0.00273972602739726 
  INPUT ---    0.00273972602739726 0.00547945205479452  
  INPUT ---    0.00821917808219178 0.00273972602739726 0.00273972602739726 
  INPUT ---    0.00547945205479452  0.00547945205479452 
  INPUT ---    0.00821917808219178 0.00273972602739726 0.0136986301369863 
  INPUT ---    0.00547945205479452  0.0273972602739726 0.00273972602739726 
  INPUT ---    0.00547945205479452 0.00273972602739726 0.010958904109589  
  INPUT ---    0.23013698630137 0.00821917808219178 0.254794520547945 
  INPUT ---    0.0246575342465753 0.00821917808219178  0.00273972602739726 
  INPUT ---    0.00273972602739726 0.0520547945205479 0.00273972602739726 
  INPUT ---    0.00273972602739726  0.117808219178082 ;

  INPUT ---    glabel(1)=sexF;

  INPUT ---    glabel(2)=sexM;

   * *  WARNING  * *   At least a pair of the encounter histories are duplicates. 

      Number of unique encounter histories read was 38.

      Number of individual covariates read was 0.
      Time interval lengths vary and/or not equal to 1.

      Data type number is 19
      Data type is POPAN                                                                                               

   CPU Time for the last procedure was 0.01 seconds.     

  Program  MARK  - Survival Rate Estimation with Capture-Recapture Data
   gfortran(dble) Vers. 9.0 Mar 2018    25-Mar-2020 14:32:23    Page  002
 - - - - - - - - - - - - - - - - - - - - - - - - - - - - - - - - - - - - - -
 


  INPUT --- proc estimate link=Parm-Specific NOLOOP varest=2ndPart    ;


  INPUT --- model={ Phi(~1)p(~1)pent(~sex)N(~sex) };

  INPUT ---    group=1 Phi    rows=1 cols=29 Square ;
  INPUT ---        1 1 1 1 1 1 1 1 1 1 1 1 1 1 1 1 1 1 1 1 1 1 1 1 1 1 1 1 1 ;

  INPUT ---    group=2 Phi    rows=1 cols=29 Square ;
  INPUT ---        1 1 1 1 1 1 1 1 1 1 1 1 1 1 1 1 1 1 1 1 1 1 1 1 1 1 1 1 1 ;

  INPUT ---    group=1 p    rows=1 cols=30 Square ;
  INPUT ---        2 2 2 2 2 2 2 2 2 2 2 2 2 2 2 2 2 2 2 2 2 2 2 2 2 2 2 2 2 
  INPUT ---       2 ;

  INPUT ---    group=2 p    rows=1 cols=30 Square ;
  INPUT ---        2 2 2 2 2 2 2 2 2 2 2 2 2 2 2 2 2 2 2 2 2 2 2 2 2 2 2 2 2 
  INPUT ---       2 ;

  INPUT ---    group=1 pent    rows=1 cols=29 Square ;
  INPUT ---        5 6 7 8 9 10 11 12 13 14 15 16 17 18 19 20 21 22 23 24 25 
  INPUT ---       26 27 28 29 30 31 32 33 ;

  INPUT ---    group=2 pent    rows=1 cols=29 Square ;
  INPUT ---        34 35 36 37 38 39 40 41 42 43 44 45 46 47 48 49 50 51 52 
  INPUT ---       53 54 55 56 57 58 59 60 61 62 ;

  INPUT ---    group=1 N    rows=1 cols=1 Square ;
  INPUT ---        3 ;

  INPUT ---    group=2 N    rows=1 cols=1 Square ;
  INPUT ---        4 ;

  INPUT ---    design matrix constraints=62 covariates=6;
  INPUT ---        1 0 0 0 0 0;
  INPUT ---        0 1 0 0 0 0;
  INPUT ---        0 0 0 0 1 0;
  INPUT ---        0 0 0 0 1 1;
  INPUT ---        0 0 1 0 0 0;
  INPUT ---        0 0 1 0 0 0;
  INPUT ---        0 0 1 0 0 0;
  INPUT ---        0 0 1 0 0 0;
  INPUT ---        0 0 1 0 0 0;
  INPUT ---        0 0 1 0 0 0;

  Program  MARK  - Survival Rate Estimation with Capture-Recapture Data
   gfortran(dble) Vers. 9.0 Mar 2018    25-Mar-2020 14:32:23    Page  003
 - - - - - - - - - - - - - - - - - - - - - - - - - - - - - - - - - - - - - -
 
  INPUT ---        0 0 1 0 0 0;
  INPUT ---        0 0 1 0 0 0;
  INPUT ---        0 0 1 0 0 0;
  INPUT ---        0 0 1 0 0 0;
  INPUT ---        0 0 1 0 0 0;
  INPUT ---        0 0 1 0 0 0;
  INPUT ---        0 0 1 0 0 0;
  INPUT ---        0 0 1 0 0 0;
  INPUT ---        0 0 1 0 0 0;
  INPUT ---        0 0 1 0 0 0;
  INPUT ---        0 0 1 0 0 0;
  INPUT ---        0 0 1 0 0 0;
  INPUT ---        0 0 1 0 0 0;
  INPUT ---        0 0 1 0 0 0;
  INPUT ---        0 0 1 0 0 0;
  INPUT ---        0 0 1 0 0 0;
  INPUT ---        0 0 1 0 0 0;
  INPUT ---        0 0 1 0 0 0;
  INPUT ---        0 0 1 0 0 0;
  INPUT ---        0 0 1 0 0 0;
  INPUT ---        0 0 1 0 0 0;
  INPUT ---        0 0 1 0 0 0;
  INPUT ---        0 0 1 0 0 0;
  INPUT ---        0 0 1 1 0 0;
  INPUT ---        0 0 1 1 0 0;
  INPUT ---        0 0 1 1 0 0;
  INPUT ---        0 0 1 1 0 0;
  INPUT ---        0 0 1 1 0 0;
  INPUT ---        0 0 1 1 0 0;
  INPUT ---        0 0 1 1 0 0;
  INPUT ---        0 0 1 1 0 0;
  INPUT ---        0 0 1 1 0 0;
  INPUT ---        0 0 1 1 0 0;
  INPUT ---        0 0 1 1 0 0;
  INPUT ---        0 0 1 1 0 0;
  INPUT ---        0 0 1 1 0 0;
  INPUT ---        0 0 1 1 0 0;
  INPUT ---        0 0 1 1 0 0;
  INPUT ---        0 0 1 1 0 0;
  INPUT ---        0 0 1 1 0 0;
  INPUT ---        0 0 1 1 0 0;
  INPUT ---        0 0 1 1 0 0;
  INPUT ---        0 0 1 1 0 0;
  INPUT ---        0 0 1 1 0 0;
  INPUT ---        0 0 1 1 0 0;
  INPUT ---        0 0 1 1 0 0;

  Program  MARK  - Survival Rate Estimation with Capture-Recapture Data
   gfortran(dble) Vers. 9.0 Mar 2018    25-Mar-2020 14:32:24    Page  004
 - - - - - - - - - - - - - - - - - - - - - - - - - - - - - - - - - - - - - -
 
  INPUT ---        0 0 1 1 0 0;
  INPUT ---        0 0 1 1 0 0;
  INPUT ---        0 0 1 1 0 0;
  INPUT ---        0 0 1 1 0 0;
  INPUT ---        0 0 1 1 0 0;
  INPUT ---        0 0 1 1 0 0;

  INPUT ---    links=62;

  INPUT ---    Logit;

  INPUT ---    Logit;

  INPUT ---    Log;

  INPUT ---    Log;

  INPUT ---    mlogit(1);

  INPUT ---    mlogit(1);

  INPUT ---    mlogit(1);

  INPUT ---    mlogit(1);

  INPUT ---    mlogit(1);

  INPUT ---    mlogit(1);

  INPUT ---    mlogit(1);

  INPUT ---    mlogit(1);

  INPUT ---    mlogit(1);

  INPUT ---    mlogit(1);

  INPUT ---    mlogit(1);

  INPUT ---    mlogit(1);

  INPUT ---    mlogit(1);

  INPUT ---    mlogit(1);

  INPUT ---    mlogit(1);

  Program  MARK  - Survival Rate Estimation with Capture-Recapture Data
   gfortran(dble) Vers. 9.0 Mar 2018    25-Mar-2020 14:32:24    Page  005
 - - - - - - - - - - - - - - - - - - - - - - - - - - - - - - - - - - - - - -
 

  INPUT ---    mlogit(1);

  INPUT ---    mlogit(1);

  INPUT ---    mlogit(1);

  INPUT ---    mlogit(1);

  INPUT ---    mlogit(1);

  INPUT ---    mlogit(1);

  INPUT ---    mlogit(1);

  INPUT ---    mlogit(1);

  INPUT ---    mlogit(1);

  INPUT ---    mlogit(1);

  INPUT ---    mlogit(1);

  INPUT ---    mlogit(1);

  INPUT ---    mlogit(1);

  INPUT ---    mlogit(1);

  INPUT ---    mlogit(2);

  INPUT ---    mlogit(2);

  INPUT ---    mlogit(2);

  INPUT ---    mlogit(2);

  INPUT ---    mlogit(2);

  INPUT ---    mlogit(2);

  INPUT ---    mlogit(2);

  INPUT ---    mlogit(2);

  INPUT ---    mlogit(2);

  Program  MARK  - Survival Rate Estimation with Capture-Recapture Data
   gfortran(dble) Vers. 9.0 Mar 2018    25-Mar-2020 14:32:24    Page  006
 - - - - - - - - - - - - - - - - - - - - - - - - - - - - - - - - - - - - - -
 

  INPUT ---    mlogit(2);

  INPUT ---    mlogit(2);

  INPUT ---    mlogit(2);

  INPUT ---    mlogit(2);

  INPUT ---    mlogit(2);

  INPUT ---    mlogit(2);

  INPUT ---    mlogit(2);

  INPUT ---    mlogit(2);

  INPUT ---    mlogit(2);

  INPUT ---    mlogit(2);

  INPUT ---    mlogit(2);

  INPUT ---    mlogit(2);

  INPUT ---    mlogit(2);

  INPUT ---    mlogit(2);

  INPUT ---    mlogit(2);

  INPUT ---    mlogit(2);

  INPUT ---    mlogit(2);

  INPUT ---    mlogit(2);

  INPUT ---    mlogit(2);

  INPUT ---    mlogit(2);
  INPUT ---       blabel(1)=Phi:(Intercept);
  INPUT ---       blabel(2)=p:(Intercept);
  INPUT ---       blabel(3)=pent:(Intercept);
  INPUT ---       blabel(4)=pent:sexM;
  INPUT ---       blabel(5)=N:(Intercept);
  INPUT ---       blabel(6)=N:sexM;

  Program  MARK  - Survival Rate Estimation with Capture-Recapture Data
   gfortran(dble) Vers. 9.0 Mar 2018    25-Mar-2020 14:32:24    Page  007
 - - - - - - - - - - - - - - - - - - - - - - - - - - - - - - - - - - - - - -
 
  INPUT ---       rlabel(1)=Phi gF a0 t1;
  INPUT ---       rlabel(2)=p gF a0 t1;
  INPUT ---       rlabel(3)=N gF a0 t1;
  INPUT ---       rlabel(4)=N gM a0 t1;
  INPUT ---       rlabel(5)=pent gF a0.00547945205479452 t1.00547945205479;
  INPUT ---       rlabel(6)=pent gF a0.00821917808219178 t1.00821917808219;
  INPUT ---       rlabel(7)=pent gF a0.010958904109589 t1.01095890410959;
  INPUT ---       rlabel(8)=pent gF a0.0164383561643836 t1.01643835616438;
  INPUT ---       rlabel(9)=pent gF a0.0246575342465753 t1.02465753424658;
  INPUT ---       rlabel(10)=pent gF a0.0273972602739726 t1.02739726027397;
  INPUT ---       rlabel(11)=pent gF a0.0301369863013699 t1.03013698630137;
  INPUT ---       rlabel(12)=pent gF a0.0356164383561644 t1.03561643835616;
  INPUT ---       rlabel(13)=pent gF a0.0410958904109589 t1.04109589041096;
  INPUT ---       rlabel(14)=pent gF a0.0493150684931507 t1.04931506849315;
  INPUT ---       rlabel(15)=pent gF a0.0520547945205479 t1.05205479452055;
  INPUT ---       rlabel(16)=pent gF a0.0657534246575342 t1.06575342465753;
  INPUT ---       rlabel(17)=pent gF a0.0712328767123288 t1.07123287671233;
  INPUT ---       rlabel(18)=pent gF a0.0986301369863014 t1.0986301369863;
  INPUT ---       rlabel(19)=pent gF a0.101369863013699 t1.1013698630137;
  INPUT ---       rlabel(20)=pent gF a0.106849315068493 t1.10684931506849;
  INPUT ---       rlabel(21)=pent gF a0.10958904109589 t1.10958904109589;
  INPUT ---       rlabel(22)=pent gF a0.120547945205479 t1.12054794520548;
  INPUT ---       rlabel(23)=pent gF a0.350684931506849 t1.35068493150685;
  INPUT ---       rlabel(24)=pent gF a0.358904109589041 t1.35890410958904;
  INPUT ---       rlabel(25)=pent gF a0.613698630136986 t1.61369863013699;
  INPUT ---       rlabel(26)=pent gF a0.638356164383562 t1.63835616438356;
  INPUT ---       rlabel(27)=pent gF a0.646575342465753 t1.64657534246575;
  INPUT ---       rlabel(28)=pent gF a0.649315068493151 t1.64931506849315;
  INPUT ---       rlabel(29)=pent gF a0.652054794520548 t1.65205479452055;
  INPUT ---       rlabel(30)=pent gF a0.704109589041096 t1.7041095890411;
  INPUT ---       rlabel(31)=pent gF a0.706849315068493 t1.70684931506849;
  INPUT ---       rlabel(32)=pent gF a0.70958904109589 t1.70958904109589;
  INPUT ---       rlabel(33)=pent gF a0.827397260273973 t1.82739726027397;
  INPUT ---       rlabel(34)=pent gM a0.00547945205479452 t1.00547945205479;
  INPUT ---       rlabel(35)=pent gM a0.00821917808219178 t1.00821917808219;
  INPUT ---       rlabel(36)=pent gM a0.010958904109589 t1.01095890410959;
  INPUT ---       rlabel(37)=pent gM a0.0164383561643836 t1.01643835616438;
  INPUT ---       rlabel(38)=pent gM a0.0246575342465753 t1.02465753424658;
  INPUT ---       rlabel(39)=pent gM a0.0273972602739726 t1.02739726027397;
  INPUT ---       rlabel(40)=pent gM a0.0301369863013699 t1.03013698630137;
  INPUT ---       rlabel(41)=pent gM a0.0356164383561644 t1.03561643835616;
  INPUT ---       rlabel(42)=pent gM a0.0410958904109589 t1.04109589041096;
  INPUT ---       rlabel(43)=pent gM a0.0493150684931507 t1.04931506849315;
  INPUT ---       rlabel(44)=pent gM a0.0520547945205479 t1.05205479452055;
  INPUT ---       rlabel(45)=pent gM a0.0657534246575342 t1.06575342465753;
  INPUT ---       rlabel(46)=pent gM a0.0712328767123288 t1.07123287671233;

  Program  MARK  - Survival Rate Estimation with Capture-Recapture Data
   gfortran(dble) Vers. 9.0 Mar 2018    25-Mar-2020 14:32:24    Page  008
 - - - - - - - - - - - - - - - - - - - - - - - - - - - - - - - - - - - - - -
 
  INPUT ---       rlabel(47)=pent gM a0.0986301369863014 t1.0986301369863;
  INPUT ---       rlabel(48)=pent gM a0.101369863013699 t1.1013698630137;
  INPUT ---       rlabel(49)=pent gM a0.106849315068493 t1.10684931506849;
  INPUT ---       rlabel(50)=pent gM a0.10958904109589 t1.10958904109589;
  INPUT ---       rlabel(51)=pent gM a0.120547945205479 t1.12054794520548;
  INPUT ---       rlabel(52)=pent gM a0.350684931506849 t1.35068493150685;
  INPUT ---       rlabel(53)=pent gM a0.358904109589041 t1.35890410958904;
  INPUT ---       rlabel(54)=pent gM a0.613698630136986 t1.61369863013699;
  INPUT ---       rlabel(55)=pent gM a0.638356164383562 t1.63835616438356;
  INPUT ---       rlabel(56)=pent gM a0.646575342465753 t1.64657534246575;
  INPUT ---       rlabel(57)=pent gM a0.649315068493151 t1.64931506849315;
  INPUT ---       rlabel(58)=pent gM a0.652054794520548 t1.65205479452055;
  INPUT ---       rlabel(59)=pent gM a0.704109589041096 t1.7041095890411;
  INPUT ---       rlabel(60)=pent gM a0.706849315068493 t1.70684931506849;
  INPUT ---       rlabel(61)=pent gM a0.70958904109589 t1.70958904109589;
  INPUT ---       rlabel(62)=pent gM a0.827397260273973 t1.82739726027397;

 Link Function Used is PARM-SPECIFIC

 Variance Estimation Procedure Used is 2ndPart 

 M(t+1):
      16     29



 Group: 1

 U(t)+UL(t):
       0    2    2    0    1    0    3    1    1    0    0    0    0    0    1
       0    0    0    2    1    1    0    0    0    1    0    0    0    0    0

 U(t):
       0    2    2    0    1    0    3    1    1    0    0    0    0    0    1
       0    0    0    2    1    1    0    0    0    1    0    0    0    0    0

 UL(t):
       0    0    0    0    0    0    0    0    0    0    0    0    0    0    0
       0    0    0    0    0    0    0    0    0    0    0    0    0    0    0

 Not Released(t):
       0    0    0    0    0    0    0    0    0    0    0    0    0    0    0
       0    0    0    0    0    0    0    0    0    0    0    0    0    0    0

 Group: 2

 U(t)+UL(t):
       3    0    1    1    1    1    1    0    1    1    2    1    3    3    1
       1    0    2    3    1    0    0    1    0    0    0    0    0    0    1

 U(t):
       3    0    1    1    1    1    1    0    1    1    2    1    3    3    1
       1    0    2    3    1    0    0    1    0    0    0    0    0    0    1

 UL(t):
       0    0    0    0    0    0    0    0    0    0    0    0    0    0    0
       0    0    0    0    0    0    0    0    0    0    0    0    0    0    0

 Not Released(t):
       0    0    0    0    0    0    0    0    0    0    0    0    0    0    0
       0    0    0    0    0    0    0    0    0    0    0    0    0    0    0
 -2logL(saturated) = 272.93564     
 Effective Sample Size = 98

 Number of function evaluations was 27 for 6 parameters.
 Time for numerical optimization was 0.08 seconds.     
 -2logL { Phi(~1)p(~1)pent(~sex)N(~sex) } = 515.45485     
 Penalty { Phi(~1)p(~1)pent(~sex)N(~sex) } = 0.0000000     
 Gradient { Phi(~1)p(~1)pent(~sex)N(~sex) }:
  0.1213214E-04  0.4359060E-05  0.2351239E-05   0.000000     -0.3667629E-05
 -0.6880443E-05
 Maximum ABS(G) { Phi(~1)p(~1)pent(~sex)N(~sex) } = 0.1213214E-04 
 S Vector { Phi(~1)p(~1)pent(~sex)N(~sex) }:
   80.41149      11.54050      2.614478     0.9904304     0.7967101    
  0.2916816E-01
 Time to compute number of parameters was 0.01 seconds.     
 Ratio Threshold = 50.000000       Max Gap (5/6) = 27.314379       Next Max Gap (1/2) = 6.9677642     
 Gap Method for Num. of Estimated Parameters { Phi(~1)p(~1)pent(~sex)N(~sex) } = 6          
 Threshold { Phi(~1)p(~1)pent(~sex)N(~sex) } = 0.2426427E-04                 
 Numerical Threshold Method for Num. of Estimated Parameters { Phi(~1)p(~1)pent(~sex)N(~sex) } = 6          
 Number of Estimated Parameters { Phi(~1)p(~1)pent(~sex)N(~sex) } = 6          
 DEVIANCE { Phi(~1)p(~1)pent(~sex)N(~sex) } = 242.51921                     
 DEVIANCE Degrees of Freedom { Phi(~1)p(~1)pent(~sex)N(~sex) } = 35            
 c-hat { Phi(~1)p(~1)pent(~sex)N(~sex) } = 6.9291202                     
 AIC { Phi(~1)p(~1)pent(~sex)N(~sex) } = 527.45485                  
 AICc { Phi(~1)p(~1)pent(~sex)N(~sex) } = 528.37793                    
 BIC { Phi(~1)p(~1)pent(~sex)N(~sex) } = 542.96466                    
 Pearson Chisquare { Phi(~1)p(~1)pent(~sex)N(~sex) } = 240421.66                  
 Possible Encounter Histories { Phi(~1)p(~1)pent(~sex)N(~sex) } = 2147483646             
 Pearson Chisquare df { Phi(~1)p(~1)pent(~sex)N(~sex) } = 2147483638        
 Pearson chat { Phi(~1)p(~1)pent(~sex)N(~sex) } = 0.1119551E-03              
 Sum(Observed/Expected) { Phi(~1)p(~1)pent(~sex)N(~sex) } = 240208.17                  
 Fletcher chat { Phi(~1)p(~1)pent(~sex)N(~sex) } = 1.0008888                  


              PARM-SPECIFIC Link Function Parameters of { Phi(~1)p(~1)pent(~sex)N(~sex) }
                                                              95% Confidence Interval
 Parameter                    Beta         Standard Error      Lower           Upper
 -------------------------  --------------  --------------  --------------  --------------
    1:Phi:(Intercept)        0.2577165       0.9654657      -1.6345964       2.1500294    
    2:p:(Intercept)         -2.5004767       0.1881996      -2.8693479      -2.1316054    
    3:pent:(Intercept)      -5.4896795       4.1675561      -13.658090       2.6787307    

  Program  MARK  - Survival Rate Estimation with Capture-Recapture Data
   gfortran(dble) Vers. 9.0 Mar 2018    25-Mar-2020 14:32:24    Page  009
 - - - - - - - - - - - - - - - - - - - - - - - - - - - - - - - - - - - - - -
 
    4:pent:sexM              1.7442880       3.9847226      -6.0657684       9.5543444    
    5:N:(Intercept)          1.0801981       1.1670377      -1.2071959       3.3675920    
    6:N:sexM                 1.2177044       1.2059437      -1.1459453       3.5813541    


              Real Function Parameters of { Phi(~1)p(~1)pent(~sex)N(~sex) }
                                                               95% Confidence Interval
  Parameter                  Estimate       Standard Error      Lower           Upper
 --------------------------  --------------  --------------  --------------  --------------
     1:Phi gF a0 t1           0.5640749       0.2374026       0.1632017       0.8956715                          
     2:p gF a0 t1             0.0758248       0.0131882       0.0536898       0.1060627                          
     3:N gF a0 t1             18.945263       3.4372327       16.478594       34.125101                          
     4:N gM a0 t1             38.953283       5.9322722       32.378002       58.327348                          
     5:pent gF a0.005479452   0.0036876       0.0137248       0.2446217E-05   0.8484881                          
     6:pent gF a0.008219178   0.0036876       0.0137248       0.2446217E-05   0.8484881                          
     7:pent gF a0.010958904   0.0036876       0.0137248       0.2446217E-05   0.8484881                          
     8:pent gF a0.016438356   0.0036876       0.0137248       0.2446217E-05   0.8484881                          
     9:pent gF a0.024657534   0.0036876       0.0137248       0.2446217E-05   0.8484881                          
    10:pent gF a0.027397260   0.0036876       0.0137248       0.2446217E-05   0.8484881                          
    11:pent gF a0.030136986   0.0036876       0.0137248       0.2446217E-05   0.8484881                          
    12:pent gF a0.035616438   0.0036876       0.0137248       0.2446217E-05   0.8484881                          
    13:pent gF a0.041095890   0.0036876       0.0137248       0.2446217E-05   0.8484881                          
    14:pent gF a0.049315068   0.0036876       0.0137248       0.2446217E-05   0.8484881                          
    15:pent gF a0.052054794   0.0036876       0.0137248       0.2446217E-05   0.8484881                          
    16:pent gF a0.065753424   0.0036876       0.0137248       0.2446217E-05   0.8484881                          
    17:pent gF a0.071232876   0.0036876       0.0137248       0.2446217E-05   0.8484881                          
    18:pent gF a0.098630136   0.0036876       0.0137248       0.2446217E-05   0.8484881                          
    19:pent gF a0.101369863   0.0036876       0.0137248       0.2446217E-05   0.8484881                          
    20:pent gF a0.106849315   0.0036876       0.0137248       0.2446217E-05   0.8484881                          
    21:pent gF a0.109589041   0.0036876       0.0137248       0.2446217E-05   0.8484881                          
    22:pent gF a0.120547945   0.0036876       0.0137248       0.2446217E-05   0.8484881                          
    23:pent gF a0.350684931   0.0036876       0.0137248       0.2446217E-05   0.8484881                          
    24:pent gF a0.358904109   0.0036876       0.0137248       0.2446217E-05   0.8484881                          
    25:pent gF a0.613698630   0.0036876       0.0137248       0.2446217E-05   0.8484881                          
    26:pent gF a0.638356164   0.0036876       0.0137248       0.2446217E-05   0.8484881                          
    27:pent gF a0.646575342   0.0036876       0.0137248       0.2446217E-05   0.8484881                          
    28:pent gF a0.649315068   0.0036876       0.0137248       0.2446217E-05   0.8484881                          
    29:pent gF a0.652054794   0.0036876       0.0137248       0.2446217E-05   0.8484881                          
    30:pent gF a0.704109589   0.0036876       0.0137248       0.2446217E-05   0.8484881                          
    31:pent gF a0.706849315   0.0036876       0.0137248       0.2446217E-05   0.8484881                          
    32:pent gF a0.709589041   0.0036876       0.0137248       0.2446217E-05   0.8484881                          
    33:pent gF a0.827397260   0.0036876       0.0137248       0.2446217E-05   0.8484881                          
    34:pent gM a0.005479452   0.0140202       0.0098025       0.0035297       0.0539992                          
    35:pent gM a0.008219178   0.0140202       0.0098025       0.0035297       0.0539992                          
    36:pent gM a0.010958904   0.0140202       0.0098025       0.0035297       0.0539992                          
    37:pent gM a0.016438356   0.0140202       0.0098025       0.0035297       0.0539992                          

  Program  MARK  - Survival Rate Estimation with Capture-Recapture Data
   gfortran(dble) Vers. 9.0 Mar 2018    25-Mar-2020 14:32:24    Page  010
 - - - - - - - - - - - - - - - - - - - - - - - - - - - - - - - - - - - - - -
 
    38:pent gM a0.024657534   0.0140202       0.0098025       0.0035297       0.0539992                          
    39:pent gM a0.027397260   0.0140202       0.0098025       0.0035297       0.0539992                          
    40:pent gM a0.030136986   0.0140202       0.0098025       0.0035297       0.0539992                          
    41:pent gM a0.035616438   0.0140202       0.0098025       0.0035297       0.0539992                          
    42:pent gM a0.041095890   0.0140202       0.0098025       0.0035297       0.0539992                          
    43:pent gM a0.049315068   0.0140202       0.0098025       0.0035297       0.0539992                          
    44:pent gM a0.052054794   0.0140202       0.0098025       0.0035297       0.0539992                          
    45:pent gM a0.065753424   0.0140202       0.0098025       0.0035297       0.0539992                          
    46:pent gM a0.071232876   0.0140202       0.0098025       0.0035297       0.0539992                          
    47:pent gM a0.098630136   0.0140202       0.0098025       0.0035297       0.0539992                          
    48:pent gM a0.101369863   0.0140202       0.0098025       0.0035297       0.0539992                          
    49:pent gM a0.106849315   0.0140202       0.0098025       0.0035297       0.0539992                          
    50:pent gM a0.109589041   0.0140202       0.0098025       0.0035297       0.0539992                          
    51:pent gM a0.120547945   0.0140202       0.0098025       0.0035297       0.0539992                          
    52:pent gM a0.350684931   0.0140202       0.0098025       0.0035297       0.0539992                          
    53:pent gM a0.358904109   0.0140202       0.0098025       0.0035297       0.0539992                          
    54:pent gM a0.613698630   0.0140202       0.0098025       0.0035297       0.0539992                          
    55:pent gM a0.638356164   0.0140202       0.0098025       0.0035297       0.0539992                          
    56:pent gM a0.646575342   0.0140202       0.0098025       0.0035297       0.0539992                          
    57:pent gM a0.649315068   0.0140202       0.0098025       0.0035297       0.0539992                          
    58:pent gM a0.652054794   0.0140202       0.0098025       0.0035297       0.0539992                          
    59:pent gM a0.704109589   0.0140202       0.0098025       0.0035297       0.0539992                          
    60:pent gM a0.706849315   0.0140202       0.0098025       0.0035297       0.0539992                          
    61:pent gM a0.709589041   0.0140202       0.0098025       0.0035297       0.0539992                          
    62:pent gM a0.827397260   0.0140202       0.0098025       0.0035297       0.0539992                          


                      Estimates of Derived Parameters
  Gross Birth+Immigration Estimates of { Phi(~1)p(~1)pent(~sex)N(~sex) }
                                                95% Confidence Interval
 Grp. Occ.   B*-hat          Standard Error      Lower           Upper
 ---- ----   --------------  --------------  --------------  --------------
   1     1    0.0699721       0.2702194       0.0026850       1.8235192    
   1     2    0.0699172       0.2699884       0.0026831       1.8219467    
   1     3    0.0699172       0.2699884       0.0026831       1.8219467    
   1     4    0.0699721       0.2702194       0.0026850       1.8235192    
   1     5    0.0700269       0.2704506       0.0026869       1.8250926    
   1     6    0.0699172       0.2699884       0.0026831       1.8219467    
   1     7    0.0699172       0.2699884       0.0026831       1.8219467    
   1     8    0.0699721       0.2702194       0.0026850       1.8235192    
   1     9    0.0699721       0.2702194       0.0026850       1.8235192    
   1    10    0.0700269       0.2704506       0.0026869       1.8250926    
   1    11    0.0699172       0.2699884       0.0026831       1.8219467    
   1    12    0.0701368       0.2709133       0.0026907       1.8282422    
   1    13    0.0699721       0.2702194       0.0026850       1.8235192    

  Program  MARK  - Survival Rate Estimation with Capture-Recapture Data
   gfortran(dble) Vers. 9.0 Mar 2018    25-Mar-2020 14:32:24    Page  011
 - - - - - - - - - - - - - - - - - - - - - - - - - - - - - - - - - - - - - -
 
   1    14    0.0704118       0.2720724       0.0027001       1.8361326    
   1    15    0.0699172       0.2699884       0.0026831       1.8219467    
   1    16    0.0699721       0.2702194       0.0026850       1.8235192    
   1    17    0.0699172       0.2699884       0.0026831       1.8219467    
   1    18    0.0700818       0.2706819       0.0026888       1.8266669    
   1    19    0.0745663       0.2896235       0.0028431       1.9556285    
   1    20    0.0700269       0.2704506       0.0026869       1.8250926    
   1    21    0.0750823       0.2918087       0.0028609       1.9705091    
   1    22    0.0703568       0.2718403       0.0026982       1.8345526    
   1    23    0.0700269       0.2704506       0.0026869       1.8250926    
   1    24    0.0699172       0.2699884       0.0026831       1.8219467    
   1    25    0.0699172       0.2699884       0.0026831       1.8219467    
   1    26    0.0709087       0.2741674       0.0027173       1.8503938    
   1    27    0.0699172       0.2699884       0.0026831       1.8219467    
   1    28    0.0699172       0.2699884       0.0026831       1.8219467    
   1    29    0.0722451       0.2798077       0.0027633       1.8887921    
   2     1    0.5469906       0.4440390       0.1356284       2.2060178    
   2     2    0.5465619       0.4435354       0.1355742       2.2034430    
   2     3    0.5465619       0.4435354       0.1355742       2.2034430    
   2     4    0.5469906       0.4440390       0.1356284       2.2060178    
   2     5    0.5474195       0.4445431       0.1356827       2.2085955    
   2     6    0.5465619       0.4435354       0.1355742       2.2034430    
   2     7    0.5465619       0.4435354       0.1355742       2.2034430    
   2     8    0.5469906       0.4440390       0.1356284       2.2060178    
   2     9    0.5469906       0.4440390       0.1356284       2.2060178    
   2    10    0.5474195       0.4445431       0.1356827       2.2085955    
   2    11    0.5465619       0.4435354       0.1355742       2.2034430    
   2    12    0.5482780       0.4455529       0.1357911       2.2137594    
   2    13    0.5469906       0.4440390       0.1356284       2.2060178    
   2    14    0.5504282       0.4480864       0.1360617       2.2267192    
   2    15    0.5465619       0.4435354       0.1355742       2.2034430    
   2    16    0.5469906       0.4440390       0.1356284       2.2060178    
   2    17    0.5465619       0.4435354       0.1355742       2.2034430    
   2    18    0.5478487       0.4450478       0.1357369       2.2111760    
   2    19    0.5829052       0.4870774       0.1400049       2.4269036    
   2    20    0.5474195       0.4445431       0.1356827       2.2085955    
   2    21    0.5869387       0.4920099       0.1404778       2.4523229    
   2    22    0.5499977       0.4475787       0.1360076       2.2241215    
   2    23    0.5474195       0.4445431       0.1356827       2.2085955    
   2    24    0.5465619       0.4435354       0.1355742       2.2034430    
   2    25    0.5465619       0.4435354       0.1355742       2.2034430    
   2    26    0.5543126       0.4526790       0.1365473       2.2502271    
   2    27    0.5465619       0.4435354       0.1355742       2.2034430    
   2    28    0.5465619       0.4435354       0.1355742       2.2034430    
   2    29    0.5647598       0.4651287       0.1378335       2.3140496    

   Net Birth+Immigration Estimates of { Phi(~1)p(~1)pent(~sex)N(~sex) }
                                                95% Confidence Interval
 Grp. Occ.   B-hat           Standard Error      Lower           Upper
 ---- ----   --------------  --------------  --------------  --------------
   1     1    0.0698624       0.2697575       0.0026812       1.8203751    
   1     2    0.0698624       0.2697575       0.0026812       1.8203751    
   1     3    0.0698624       0.2697575       0.0026812       1.8203751    
   1     4    0.0698624       0.2697575       0.0026812       1.8203751    
   1     5    0.0698624       0.2697575       0.0026812       1.8203751    
   1     6    0.0698624       0.2697575       0.0026812       1.8203751    
   1     7    0.0698624       0.2697575       0.0026812       1.8203751    
   1     8    0.0698624       0.2697575       0.0026812       1.8203751    
   1     9    0.0698624       0.2697575       0.0026812       1.8203751    
   1    10    0.0698624       0.2697575       0.0026812       1.8203751    
   1    11    0.0698624       0.2697575       0.0026812       1.8203751    
   1    12    0.0698624       0.2697575       0.0026812       1.8203751    
   1    13    0.0698624       0.2697575       0.0026812       1.8203751    
   1    14    0.0698624       0.2697575       0.0026812       1.8203751    
   1    15    0.0698624       0.2697575       0.0026812       1.8203751    
   1    16    0.0698624       0.2697575       0.0026812       1.8203751    
   1    17    0.0698624       0.2697575       0.0026812       1.8203751    
   1    18    0.0698624       0.2697575       0.0026812       1.8203751    
   1    19    0.0698624       0.2697575       0.0026812       1.8203751    
   1    20    0.0698624       0.2697575       0.0026812       1.8203751    
   1    21    0.0698624       0.2697575       0.0026812       1.8203751    
   1    22    0.0698624       0.2697575       0.0026812       1.8203751    
   1    23    0.0698624       0.2697575       0.0026812       1.8203751    
   1    24    0.0698624       0.2697575       0.0026812       1.8203751    
   1    25    0.0698624       0.2697575       0.0026812       1.8203751    
   1    26    0.0698624       0.2697575       0.0026812       1.8203751    
   1    27    0.0698624       0.2697575       0.0026812       1.8203751    
   1    28    0.0698624       0.2697575       0.0026812       1.8203751    
   1    29    0.0698624       0.2697575       0.0026812       1.8203751    
   2     1    0.5461335       0.4430323       0.1355199       2.2008710    
   2     2    0.5461335       0.4430323       0.1355199       2.2008710    
   2     3    0.5461335       0.4430323       0.1355199       2.2008710    
   2     4    0.5461335       0.4430323       0.1355199       2.2008710    
   2     5    0.5461335       0.4430323       0.1355199       2.2008710    
   2     6    0.5461335       0.4430323       0.1355199       2.2008710    
   2     7    0.5461335       0.4430323       0.1355199       2.2008710    
   2     8    0.5461335       0.4430323       0.1355199       2.2008710    
   2     9    0.5461335       0.4430323       0.1355199       2.2008710    
   2    10    0.5461335       0.4430323       0.1355199       2.2008710    
   2    11    0.5461335       0.4430323       0.1355199       2.2008710    
   2    12    0.5461335       0.4430323       0.1355199       2.2008710    
   2    13    0.5461335       0.4430323       0.1355199       2.2008710    
   2    14    0.5461335       0.4430323       0.1355199       2.2008710    
   2    15    0.5461335       0.4430323       0.1355199       2.2008710    
   2    16    0.5461335       0.4430323       0.1355199       2.2008710    
   2    17    0.5461335       0.4430323       0.1355199       2.2008710    
   2    18    0.5461335       0.4430323       0.1355199       2.2008710    
   2    19    0.5461335       0.4430323       0.1355199       2.2008710    
   2    20    0.5461335       0.4430323       0.1355199       2.2008710    
   2    21    0.5461335       0.4430323       0.1355199       2.2008710    
   2    22    0.5461335       0.4430323       0.1355199       2.2008710    
   2    23    0.5461335       0.4430323       0.1355199       2.2008710    
   2    24    0.5461335       0.4430323       0.1355199       2.2008710    
   2    25    0.5461335       0.4430323       0.1355199       2.2008710    
   2    26    0.5461335       0.4430323       0.1355199       2.2008710    
   2    27    0.5461335       0.4430323       0.1355199       2.2008710    
   2    28    0.5461335       0.4430323       0.1355199       2.2008710    
   2    29    0.5461335       0.4430323       0.1355199       2.2008710    

        Population Estimates of { Phi(~1)p(~1)pent(~sex)N(~sex) }
                                                95% Confidence Interval
 Grp. Occ.   N-hat           Standard Error      Lower           Upper
 ---- ----   --------------  --------------  --------------  --------------
   1     1    16.919252       5.5838817       9.0091105       31.774624    

  Program  MARK  - Survival Rate Estimation with Capture-Recapture Data
   gfortran(dble) Vers. 9.0 Mar 2018    25-Mar-2020 14:32:24    Page  012
 - - - - - - - - - - - - - - - - - - - - - - - - - - - - - - - - - - - - - -
 
   1     2    16.936116       5.3344067       9.2686939       30.946327    
   1     3    16.979432       5.0882120       9.5566037       30.167738    
   1     4    17.022680       4.8448084       9.8506670       29.416448    
   1     5    17.039220       4.6048178       10.126319       28.671329    
   1     6    17.029084       4.3694185       10.381335       27.933757    
   1     7    17.072254       4.1366248       10.689925       27.265098    
   1     8    17.115356       3.9085776       11.001744       26.626272    
   1     9    17.131606       3.6876741       11.288588       25.998993    
   1    10    17.147804       3.4734161       11.574932       25.403795    
   1    11    17.137158       3.2691670       11.830563       24.824025    
   1    12    17.180159       3.0691540       12.138191       24.316461    
   1    13    17.115798       2.8907818       12.320833       23.776844    
   1    14    17.132046       2.7162866       12.580141       23.330978    
   1    15    16.935258       2.5848201       12.578192       22.801606    
   1    16    16.978575       2.4368785       12.833678       22.462152    
   1    17    16.995253       2.3134258       13.031361       22.164886    
   1    18    17.038476       2.2100663       13.227547       21.947355    
   1    19    17.001762       2.1430413       13.292972       21.745318    
   1    20    14.972643       2.6258260       10.644995       21.059668    
   1    21    14.972210       2.5726497       10.717299       20.916376    
   1    22    13.009671       3.2797703       7.9977799       21.162317    
   1    23    12.897152       3.2812348       7.8943729       21.070266    
   1    24    12.906463       3.2545767       7.9333818       20.996945    
   1    25    12.956095       3.2337020       8.0024135       20.976221    
   1    26    13.005649       3.2342656       8.0466934       21.020673    
   1    27    12.693599       3.3622757       7.6194907       21.146749    
   1    28    12.743565       3.3938213       7.6290396       21.286879    
   1    29    12.793452       3.4450963       7.6166988       21.488630    
   1    30    12.028816       3.6871882       6.6855204       21.642655    
   2     1    23.115412       9.0303299       11.043291       48.384333    
   2     2    23.589138       8.6227424       11.783179       47.223880    
   2     3    24.098297       8.2228308       12.574577       46.182700    
   2     4    24.606657       7.8283669       13.388954       45.222920    
   2     5    25.075712       7.4395047       14.191217       44.308484    
   2     6    25.504115       7.0585685       14.974729       43.437173    
   2     7    26.010272       6.6847114       15.844128       42.699367    
   2     8    26.515636       6.3200118       16.726699       42.033335    
   2     9    26.978711       5.9682102       17.577627       41.407797    
   2    10    27.440335       5.6291396       18.431734       40.851933    
   2    11    27.857636       5.3083488       19.239183       40.336843    
   2    12    28.360104       4.9969068       20.131332       39.952424    
   2    13    28.684668       4.7233316       20.817158       39.525578    
   2    14    29.140948       4.4583957       21.628429       39.262902    
   2    15    29.233520       4.2674607       21.992586       38.858492    
   2    16    29.733832       4.0497553       22.795400       38.784174    
   2    17    30.186826       3.8745345       23.496770       38.781691    

  Program  MARK  - Survival Rate Estimation with Capture-Recapture Data
   gfortran(dble) Vers. 9.0 Mar 2018    25-Mar-2020 14:32:24    Page  013
 - - - - - - - - - - - - - - - - - - - - - - - - - - - - - - - - - - - - - -
 
   2    18    30.685643       3.7334729       24.196315       38.915375    
   2    19    31.039835       3.6525206       24.666022       39.060672    
   2    20    27.753894       4.5858358       20.119701       38.284796    
   2    21    28.169723       4.5138267       20.618155       38.487115    
   2    22    24.891962       5.9259593       15.710812       39.438431    
   2    23    25.089136       5.9491310       15.863505       39.680056    
   2    24    25.517477       5.9061289       16.307395       39.929225    
   2    25    26.023613       5.8627397       16.825552       40.249999    
   2    26    26.528956       5.8512411       17.306142       40.666805    
   2    27    26.296063       6.1230754       16.760777       41.256018    
   2    28    26.800978       6.1546867       17.186194       41.794735    
   2    29    27.305103       6.2160352       17.575427       42.421082    
   2    30    26.070163       6.8043962       15.762442       43.118534    

     Gross Population Estimates of { Phi(~1)p(~1)pent(~sex)N(~sex) }
                                                95% Confidence Interval
 Grp. Occ.   N*-hat          Standard Error      Lower           Upper
 ---- ----   --------------  --------------  --------------  --------------
   1     0    18.962072       3.4933491       13.254832       27.126724    
   2     0    39.084685       6.0579422       28.897095       52.863880    

   CPU Time for the last procedure was 0.09 seconds.     

  Program  MARK  - Survival Rate Estimation with Capture-Recapture Data
   gfortran(dble) Vers. 9.0 Mar 2018    25-Mar-2020 14:32:24    Page  014
 - - - - - - - - - - - - - - - - - - - - - - - - - - - - - - - - - - - - - -
 


  INPUT --- proc stop;

     CPU Time in minutes for this job was 0.00

     Time Start = 14:32:23.931   Time End = 14:32:24.267

     Wall Clock Time in minutes for this job was 0.01


          E X E C U T I O N   S U C C E S S F U L 
