
   Program  MARK  - Survival Rate Estimation with Capture-Recapture Data
   gfortran(dble) Vers. 9.0 Mar 2018    25-Mar-2020 11:54:54    Page  001
 - - - - - - - - - - - - - - - - - - - - - - - - - - - - - - - - - - - - - -
 
   This version was compiled by GCC version 7.2.0 using the options: 
     -cpp -iprefix C:/Program Files/mingw-w64/x86_64-7.2.0-posix-seh-rt_v5-rev1/
     mingw64/bin/../lib/gcc/x86_64-w64-mingw32/7.2.0/ -D_MT -D_REENTRANT
     -U_REENTRANT -D IEEE -D DBLEPRECISION -m64 -mtune=core2 -march=nocona -mthreads
     -O2 -fimplicit-none -fbounds-check -funroll-loops -ftree-vectorize
     -ffpe-summary=invalid,zero,overflow,underflow -fno-unsafe-math-optimizations
     -frounding-math -fsignaling-nans -fopenmp.

   This problem will use 15 of 16 possible threads.


  INPUT --- proc title ;

   CPU Time for the last procedure was 0.01 seconds.     


  INPUT --- proc chmatrix occasions= 33 groups= 2 etype= POPAN Nodes= 
  INPUT --- 101 ICMeans NoHist hist= 41  ;

  INPUT ---    time interval 2 1 1 2 3 1 1 2 2 3 1 5 2 10 1 2 1 4 84 3 93 
  INPUT ---    9 3 1 1 19 1 1 43 210 1 1 ;

  INPUT ---    glabel(1)=sexF;

  INPUT ---    glabel(2)=sexM;

   * *  WARNING  * *   At least a pair of the encounter histories are duplicates. 

      Number of unique encounter histories read was 38.

      Number of individual covariates read was 0.
      Time interval lengths vary and/or not equal to 1.

      Data type number is 19
      Data type is POPAN                                                                                               

   CPU Time for the last procedure was 0.01 seconds.     

  Program  MARK  - Survival Rate Estimation with Capture-Recapture Data
   gfortran(dble) Vers. 9.0 Mar 2018    25-Mar-2020 11:54:54    Page  002
 - - - - - - - - - - - - - - - - - - - - - - - - - - - - - - - - - - - - - -
 


  INPUT --- proc estimate link=Parm-Specific NOLOOP varest=2ndPart    ;


  INPUT --- model={ Phi(~1)p(~1)pent(~1)N(~1) };

  INPUT ---    group=1 Phi    rows=1 cols=32 Square ;
  INPUT ---        1 1 1 1 1 1 1 1 1 1 1 1 1 1 1 1 1 1 1 1 1 1 1 1 1 1 1 1 1 
  INPUT ---       1 1 1 ;

  INPUT ---    group=2 Phi    rows=1 cols=32 Square ;
  INPUT ---        1 1 1 1 1 1 1 1 1 1 1 1 1 1 1 1 1 1 1 1 1 1 1 1 1 1 1 1 1 
  INPUT ---       1 1 1 ;

  INPUT ---    group=1 p    rows=1 cols=33 Square ;
  INPUT ---        2 2 2 2 2 2 2 2 2 2 2 2 2 2 2 2 2 2 2 2 2 2 2 2 2 2 2 2 2 
  INPUT ---       2 2 2 2 ;

  INPUT ---    group=2 p    rows=1 cols=33 Square ;
  INPUT ---        2 2 2 2 2 2 2 2 2 2 2 2 2 2 2 2 2 2 2 2 2 2 2 2 2 2 2 2 2 
  INPUT ---       2 2 2 2 ;

  INPUT ---    group=1 pent    rows=1 cols=32 Square ;
  INPUT ---        4 5 6 7 8 9 10 11 12 13 14 15 16 17 18 19 20 21 22 23 24 
  INPUT ---       25 26 27 28 29 30 31 32 33 34 35 ;

  INPUT ---    group=2 pent    rows=1 cols=32 Square ;
  INPUT ---        36 37 38 39 40 41 42 43 44 45 46 47 48 49 50 51 52 53 54 
  INPUT ---       55 56 57 58 59 60 61 62 63 64 65 66 67 ;

  INPUT ---    group=1 N    rows=1 cols=1 Square ;
  INPUT ---        3 ;

  INPUT ---    group=2 N    rows=1 cols=1 Square ;
  INPUT ---        3 ;

  INPUT ---    design matrix constraints=67 covariates=4;
  INPUT ---        1 0 0 0;
  INPUT ---        0 1 0 0;
  INPUT ---        0 0 0 1;
  INPUT ---        0 0 1 0;
  INPUT ---        0 0 1 0;
  INPUT ---        0 0 1 0;
  INPUT ---        0 0 1 0;
  INPUT ---        0 0 1 0;

  Program  MARK  - Survival Rate Estimation with Capture-Recapture Data
   gfortran(dble) Vers. 9.0 Mar 2018    25-Mar-2020 11:54:54    Page  003
 - - - - - - - - - - - - - - - - - - - - - - - - - - - - - - - - - - - - - -
 
  INPUT ---        0 0 1 0;
  INPUT ---        0 0 1 0;
  INPUT ---        0 0 1 0;
  INPUT ---        0 0 1 0;
  INPUT ---        0 0 1 0;
  INPUT ---        0 0 1 0;
  INPUT ---        0 0 1 0;
  INPUT ---        0 0 1 0;
  INPUT ---        0 0 1 0;
  INPUT ---        0 0 1 0;
  INPUT ---        0 0 1 0;
  INPUT ---        0 0 1 0;
  INPUT ---        0 0 1 0;
  INPUT ---        0 0 1 0;
  INPUT ---        0 0 1 0;
  INPUT ---        0 0 1 0;
  INPUT ---        0 0 1 0;
  INPUT ---        0 0 1 0;
  INPUT ---        0 0 1 0;
  INPUT ---        0 0 1 0;
  INPUT ---        0 0 1 0;
  INPUT ---        0 0 1 0;
  INPUT ---        0 0 1 0;
  INPUT ---        0 0 1 0;
  INPUT ---        0 0 1 0;
  INPUT ---        0 0 1 0;
  INPUT ---        0 0 1 0;
  INPUT ---        0 0 1 0;
  INPUT ---        0 0 1 0;
  INPUT ---        0 0 1 0;
  INPUT ---        0 0 1 0;
  INPUT ---        0 0 1 0;
  INPUT ---        0 0 1 0;
  INPUT ---        0 0 1 0;
  INPUT ---        0 0 1 0;
  INPUT ---        0 0 1 0;
  INPUT ---        0 0 1 0;
  INPUT ---        0 0 1 0;
  INPUT ---        0 0 1 0;
  INPUT ---        0 0 1 0;
  INPUT ---        0 0 1 0;
  INPUT ---        0 0 1 0;
  INPUT ---        0 0 1 0;
  INPUT ---        0 0 1 0;
  INPUT ---        0 0 1 0;
  INPUT ---        0 0 1 0;

  Program  MARK  - Survival Rate Estimation with Capture-Recapture Data
   gfortran(dble) Vers. 9.0 Mar 2018    25-Mar-2020 11:54:54    Page  004
 - - - - - - - - - - - - - - - - - - - - - - - - - - - - - - - - - - - - - -
 
  INPUT ---        0 0 1 0;
  INPUT ---        0 0 1 0;
  INPUT ---        0 0 1 0;
  INPUT ---        0 0 1 0;
  INPUT ---        0 0 1 0;
  INPUT ---        0 0 1 0;
  INPUT ---        0 0 1 0;
  INPUT ---        0 0 1 0;
  INPUT ---        0 0 1 0;
  INPUT ---        0 0 1 0;
  INPUT ---        0 0 1 0;
  INPUT ---        0 0 1 0;
  INPUT ---        0 0 1 0;

  INPUT ---    links=67;

  INPUT ---    Logit;

  INPUT ---    Logit;

  INPUT ---    Log;

  INPUT ---    mlogit(1);

  INPUT ---    mlogit(1);

  INPUT ---    mlogit(1);

  INPUT ---    mlogit(1);

  INPUT ---    mlogit(1);

  INPUT ---    mlogit(1);

  INPUT ---    mlogit(1);

  INPUT ---    mlogit(1);

  INPUT ---    mlogit(1);

  INPUT ---    mlogit(1);

  INPUT ---    mlogit(1);

  INPUT ---    mlogit(1);


  Program  MARK  - Survival Rate Estimation with Capture-Recapture Data
   gfortran(dble) Vers. 9.0 Mar 2018    25-Mar-2020 11:54:54    Page  005
 - - - - - - - - - - - - - - - - - - - - - - - - - - - - - - - - - - - - - -
 
  INPUT ---    mlogit(1);

  INPUT ---    mlogit(1);

  INPUT ---    mlogit(1);

  INPUT ---    mlogit(1);

  INPUT ---    mlogit(1);

  INPUT ---    mlogit(1);

  INPUT ---    mlogit(1);

  INPUT ---    mlogit(1);

  INPUT ---    mlogit(1);

  INPUT ---    mlogit(1);

  INPUT ---    mlogit(1);

  INPUT ---    mlogit(1);

  INPUT ---    mlogit(1);

  INPUT ---    mlogit(1);

  INPUT ---    mlogit(1);

  INPUT ---    mlogit(1);

  INPUT ---    mlogit(1);

  INPUT ---    mlogit(1);

  INPUT ---    mlogit(1);

  INPUT ---    mlogit(1);

  INPUT ---    mlogit(2);

  INPUT ---    mlogit(2);

  INPUT ---    mlogit(2);


  Program  MARK  - Survival Rate Estimation with Capture-Recapture Data
   gfortran(dble) Vers. 9.0 Mar 2018    25-Mar-2020 11:54:54    Page  006
 - - - - - - - - - - - - - - - - - - - - - - - - - - - - - - - - - - - - - -
 
  INPUT ---    mlogit(2);

  INPUT ---    mlogit(2);

  INPUT ---    mlogit(2);

  INPUT ---    mlogit(2);

  INPUT ---    mlogit(2);

  INPUT ---    mlogit(2);

  INPUT ---    mlogit(2);

  INPUT ---    mlogit(2);

  INPUT ---    mlogit(2);

  INPUT ---    mlogit(2);

  INPUT ---    mlogit(2);

  INPUT ---    mlogit(2);

  INPUT ---    mlogit(2);

  INPUT ---    mlogit(2);

  INPUT ---    mlogit(2);

  INPUT ---    mlogit(2);

  INPUT ---    mlogit(2);

  INPUT ---    mlogit(2);

  INPUT ---    mlogit(2);

  INPUT ---    mlogit(2);

  INPUT ---    mlogit(2);

  INPUT ---    mlogit(2);

  INPUT ---    mlogit(2);


  Program  MARK  - Survival Rate Estimation with Capture-Recapture Data
   gfortran(dble) Vers. 9.0 Mar 2018    25-Mar-2020 11:54:54    Page  007
 - - - - - - - - - - - - - - - - - - - - - - - - - - - - - - - - - - - - - -
 
  INPUT ---    mlogit(2);

  INPUT ---    mlogit(2);

  INPUT ---    mlogit(2);

  INPUT ---    mlogit(2);

  INPUT ---    mlogit(2);

  INPUT ---    mlogit(2);
  INPUT ---       blabel(1)=Phi:(Intercept);
  INPUT ---       blabel(2)=p:(Intercept);
  INPUT ---       blabel(3)=pent:(Intercept);
  INPUT ---       blabel(4)=N:(Intercept);
  INPUT ---       rlabel(1)=Phi gF a0 t1;
  INPUT ---       rlabel(2)=p gF a0 t1;
  INPUT ---       rlabel(3)=N gF a0 t1;
  INPUT ---       rlabel(4)=pent gF a2 t3;
  INPUT ---       rlabel(5)=pent gF a3 t4;
  INPUT ---       rlabel(6)=pent gF a4 t5;
  INPUT ---       rlabel(7)=pent gF a6 t7;
  INPUT ---       rlabel(8)=pent gF a9 t10;
  INPUT ---       rlabel(9)=pent gF a10 t11;
  INPUT ---       rlabel(10)=pent gF a11 t12;
  INPUT ---       rlabel(11)=pent gF a13 t14;
  INPUT ---       rlabel(12)=pent gF a15 t16;
  INPUT ---       rlabel(13)=pent gF a18 t19;
  INPUT ---       rlabel(14)=pent gF a19 t20;
  INPUT ---       rlabel(15)=pent gF a24 t25;
  INPUT ---       rlabel(16)=pent gF a26 t27;
  INPUT ---       rlabel(17)=pent gF a36 t37;
  INPUT ---       rlabel(18)=pent gF a37 t38;
  INPUT ---       rlabel(19)=pent gF a39 t40;
  INPUT ---       rlabel(20)=pent gF a40 t41;
  INPUT ---       rlabel(21)=pent gF a44 t45;
  INPUT ---       rlabel(22)=pent gF a128 t129;
  INPUT ---       rlabel(23)=pent gF a131 t132;
  INPUT ---       rlabel(24)=pent gF a224 t225;
  INPUT ---       rlabel(25)=pent gF a233 t234;
  INPUT ---       rlabel(26)=pent gF a236 t237;
  INPUT ---       rlabel(27)=pent gF a237 t238;
  INPUT ---       rlabel(28)=pent gF a238 t239;
  INPUT ---       rlabel(29)=pent gF a257 t258;
  INPUT ---       rlabel(30)=pent gF a258 t259;
  INPUT ---       rlabel(31)=pent gF a259 t260;

  Program  MARK  - Survival Rate Estimation with Capture-Recapture Data
   gfortran(dble) Vers. 9.0 Mar 2018    25-Mar-2020 11:54:54    Page  008
 - - - - - - - - - - - - - - - - - - - - - - - - - - - - - - - - - - - - - -
 
  INPUT ---       rlabel(32)=pent gF a302 t303;
  INPUT ---       rlabel(33)=pent gF a512 t513;
  INPUT ---       rlabel(34)=pent gF a513 t514;
  INPUT ---       rlabel(35)=pent gF a514 t515;
  INPUT ---       rlabel(36)=pent gM a2 t3;
  INPUT ---       rlabel(37)=pent gM a3 t4;
  INPUT ---       rlabel(38)=pent gM a4 t5;
  INPUT ---       rlabel(39)=pent gM a6 t7;
  INPUT ---       rlabel(40)=pent gM a9 t10;
  INPUT ---       rlabel(41)=pent gM a10 t11;
  INPUT ---       rlabel(42)=pent gM a11 t12;
  INPUT ---       rlabel(43)=pent gM a13 t14;
  INPUT ---       rlabel(44)=pent gM a15 t16;
  INPUT ---       rlabel(45)=pent gM a18 t19;
  INPUT ---       rlabel(46)=pent gM a19 t20;
  INPUT ---       rlabel(47)=pent gM a24 t25;
  INPUT ---       rlabel(48)=pent gM a26 t27;
  INPUT ---       rlabel(49)=pent gM a36 t37;
  INPUT ---       rlabel(50)=pent gM a37 t38;
  INPUT ---       rlabel(51)=pent gM a39 t40;
  INPUT ---       rlabel(52)=pent gM a40 t41;
  INPUT ---       rlabel(53)=pent gM a44 t45;
  INPUT ---       rlabel(54)=pent gM a128 t129;
  INPUT ---       rlabel(55)=pent gM a131 t132;
  INPUT ---       rlabel(56)=pent gM a224 t225;
  INPUT ---       rlabel(57)=pent gM a233 t234;
  INPUT ---       rlabel(58)=pent gM a236 t237;
  INPUT ---       rlabel(59)=pent gM a237 t238;
  INPUT ---       rlabel(60)=pent gM a238 t239;
  INPUT ---       rlabel(61)=pent gM a257 t258;
  INPUT ---       rlabel(62)=pent gM a258 t259;
  INPUT ---       rlabel(63)=pent gM a259 t260;
  INPUT ---       rlabel(64)=pent gM a302 t303;
  INPUT ---       rlabel(65)=pent gM a512 t513;
  INPUT ---       rlabel(66)=pent gM a513 t514;
  INPUT ---       rlabel(67)=pent gM a514 t515;

 Link Function Used is PARM-SPECIFIC

 Variance Estimation Procedure Used is 2ndPart 

 M(t+1):
      16     29



 Group: 1

 U(t)+UL(t):
       0    2    2    0    1    0    3    1    1    0    0    0    0    0    1
       0    0    0    2    1    1    0    0    0    1    0    0    0    0    0
       0    0    0

 U(t):
       0    2    2    0    1    0    3    1    1    0    0    0    0    0    1
       0    0    0    2    1    1    0    0    0    1    0    0    0    0    0
       0    0    0

 UL(t):
       0    0    0    0    0    0    0    0    0    0    0    0    0    0    0
       0    0    0    0    0    0    0    0    0    0    0    0    0    0    0
       0    0    0

 Not Released(t):
       0    0    0    0    0    0    0    0    0    0    0    0    0    0    0
       0    0    0    0    0    0    0    0    0    0    0    0    0    0    0
       0    0    0

 Group: 2

 U(t)+UL(t):
       3    0    1    1    1    1    1    0    1    1    2    1    3    3    1
       1    0    2    3    1    0    0    1    0    0    0    0    0    0    1
       0    0    0

 U(t):
       3    0    1    1    1    1    1    0    1    1    2    1    3    3    1
       1    0    2    3    1    0    0    1    0    0    0    0    0    0    1
       0    0    0

 UL(t):
       0    0    0    0    0    0    0    0    0    0    0    0    0    0    0
       0    0    0    0    0    0    0    0    0    0    0    0    0    0    0
       0    0    0

 Not Released(t):
       0    0    0    0    0    0    0    0    0    0    0    0    0    0    0
       0    0    0    0    0    0    0    0    0    0    0    0    0    0    0
       0    0    0
 -2logL(saturated) = 272.93564     
 Effective Sample Size = 103

 Number of function evaluations was 52 for 4 parameters.

  Program  MARK  - Survival Rate Estimation with Capture-Recapture Data
   gfortran(dble) Vers. 9.0 Mar 2018    25-Mar-2020 11:54:55    Page  009
 - - - - - - - - - - - - - - - - - - - - - - - - - - - - - - - - - - - - - -
 
 Time for numerical optimization was 0.12 seconds.     
 -2logL { Phi(~1)p(~1)pent(~1)N(~1) } = 560.13045     
 Penalty { Phi(~1)p(~1)pent(~1)N(~1) } = 0.0000000     
 Gradient { Phi(~1)p(~1)pent(~1)N(~1) }:
 -0.8117571E-05  0.4307482E-05 -0.1135780E-05 -0.6379433E-05
 Maximum ABS(G) { Phi(~1)p(~1)pent(~1)N(~1) } = 0.8117571E-05 
 S Vector { Phi(~1)p(~1)pent(~1)N(~1) }:
   85.65079      5.549467      3.700158     0.6218421E-01
 Time to compute number of parameters was 0.01 seconds.     
 Ratio Threshold = 50.000000       Max Gap (3/4) = 59.503177       Next Max Gap (1/2) = 15.434057     
 Gap Method for Num. of Estimated Parameters { Phi(~1)p(~1)pent(~1)N(~1) } = 3          
 Threshold { Phi(~1)p(~1)pent(~1)N(~1) } = 0.1623514E-04                 
 Numerical Threshold Method for Num. of Estimated Parameters { Phi(~1)p(~1)pent(~1)N(~1) } = 4          
 Number of Estimated Parameters { Phi(~1)p(~1)pent(~1)N(~1) } = 4          

   * *  WARNING  * *   Number of parameters estimated from gap method (=3) and threshold method (=4) differ.  Inspect full output.                                                                                                                                                                                                                                                                                                                                                                                                                      
 Ratios of S Vector { Phi(~1)p(~1)pent(~1)N(~1) }:
   1/2    15.43406       2/3    1.499792       3/4    59.50318    
 DEVIANCE { Phi(~1)p(~1)pent(~1)N(~1) } = 287.19481                     
 DEVIANCE Degrees of Freedom { Phi(~1)p(~1)pent(~1)N(~1) } = 37            
 c-hat { Phi(~1)p(~1)pent(~1)N(~1) } = 7.7620218                     
 AIC { Phi(~1)p(~1)pent(~1)N(~1) } = 568.13045                  
 AICc { Phi(~1)p(~1)pent(~1)N(~1) } = 568.53861                    
 BIC { Phi(~1)p(~1)pent(~1)N(~1) } = 578.66936                    
 Pearson Chisquare { Phi(~1)p(~1)pent(~1)N(~1) } = 44638428.                  


                PARM-SPECIFIC Link Function Parameters of { Phi(~1)p(~1)pent(~1)N(~1) }
                                                              95% Confidence Interval
 Parameter                    Beta         Standard Error      Lower           Upper
 -------------------------  --------------  --------------  --------------  --------------
    1:Phi:(Intercept)        6.5188940       0.6151743       5.3131523       7.7246357    
    2:p:(Intercept)         -2.5423916       0.1875970      -2.9100817      -2.1747015    
    3:pent:(Intercept)      -5.7173183       3.9191105      -13.398775       1.9641383    
    4:N:(Intercept)          1.3918725       0.8776822      -0.3283847       3.1121297    


                Real Function Parameters of { Phi(~1)p(~1)pent(~1)N(~1) }
                                                               95% Confidence Interval
  Parameter                  Estimate       Standard Error      Lower           Upper
 --------------------------  --------------  --------------  --------------  --------------
     1:Phi gF a0 t1           0.9985269       0.9048956E-03   0.9950978       0.9995584                          
     2:p gF a0 t1             0.0729393       0.0126851       0.0516574       0.1020454                          
     3:N gF a0 t1             20.022375       3.5303668       16.914475       33.692660                          
     4:pent gF a2 t3          0.0029754       0.0105507       0.2801880E-05   0.7606831                          
     5:pent gF a3 t4          0.0029754       0.0105507       0.2801880E-05   0.7606831                          
     6:pent gF a4 t5          0.0029754       0.0105507       0.2801880E-05   0.7606831                          
     7:pent gF a6 t7          0.0029754       0.0105507       0.2801880E-05   0.7606831                          
     8:pent gF a9 t10         0.0029754       0.0105507       0.2801880E-05   0.7606831                          
     9:pent gF a10 t11        0.0029754       0.0105507       0.2801880E-05   0.7606831                          
    10:pent gF a11 t12        0.0029754       0.0105507       0.2801880E-05   0.7606831                          
    11:pent gF a13 t14        0.0029754       0.0105507       0.2801880E-05   0.7606831                          
    12:pent gF a15 t16        0.0029754       0.0105507       0.2801880E-05   0.7606831                          
    13:pent gF a18 t19        0.0029754       0.0105507       0.2801880E-05   0.7606831                          
    14:pent gF a19 t20        0.0029754       0.0105507       0.2801880E-05   0.7606831                          
    15:pent gF a24 t25        0.0029754       0.0105507       0.2801880E-05   0.7606831                          
    16:pent gF a26 t27        0.0029754       0.0105507       0.2801880E-05   0.7606831                          
    17:pent gF a36 t37        0.0029754       0.0105507       0.2801880E-05   0.7606831                          

  Program  MARK  - Survival Rate Estimation with Capture-Recapture Data
   gfortran(dble) Vers. 9.0 Mar 2018    25-Mar-2020 11:54:55    Page  010
 - - - - - - - - - - - - - - - - - - - - - - - - - - - - - - - - - - - - - -
 
    18:pent gF a37 t38        0.0029754       0.0105507       0.2801880E-05   0.7606831                          
    19:pent gF a39 t40        0.0029754       0.0105507       0.2801880E-05   0.7606831                          
    20:pent gF a40 t41        0.0029754       0.0105507       0.2801880E-05   0.7606831                          
    21:pent gF a44 t45        0.0029754       0.0105507       0.2801880E-05   0.7606831                          
    22:pent gF a128 t129      0.0029754       0.0105507       0.2801880E-05   0.7606831                          
    23:pent gF a131 t132      0.0029754       0.0105507       0.2801880E-05   0.7606831                          
    24:pent gF a224 t225      0.0029754       0.0105507       0.2801880E-05   0.7606831                          
    25:pent gF a233 t234      0.0029754       0.0105507       0.2801880E-05   0.7606831                          
    26:pent gF a236 t237      0.0029754       0.0105507       0.2801880E-05   0.7606831                          
    27:pent gF a237 t238      0.0029754       0.0105507       0.2801880E-05   0.7606831                          
    28:pent gF a238 t239      0.0029754       0.0105507       0.2801880E-05   0.7606831                          
    29:pent gF a257 t258      0.0029754       0.0105507       0.2801880E-05   0.7606831                          
    30:pent gF a258 t259      0.0029754       0.0105507       0.2801880E-05   0.7606831                          
    31:pent gF a259 t260      0.0029754       0.0105507       0.2801880E-05   0.7606831                          
    32:pent gF a302 t303      0.0029754       0.0105507       0.2801880E-05   0.7606831                          
    33:pent gF a512 t513      0.0029754       0.0105507       0.2801880E-05   0.7606831                          
    34:pent gF a513 t514      0.0029754       0.0105507       0.2801880E-05   0.7606831                          
    35:pent gF a514 t515      0.0029754       0.0105507       0.2801880E-05   0.7606831                          
    36:pent gM a2 t3          0.0029754       0.0105507       0.2801880E-05   0.7606831                          
    37:pent gM a3 t4          0.0029754       0.0105507       0.2801880E-05   0.7606831                          
    38:pent gM a4 t5          0.0029754       0.0105507       0.2801880E-05   0.7606831                          
    39:pent gM a6 t7          0.0029754       0.0105507       0.2801880E-05   0.7606831                          
    40:pent gM a9 t10         0.0029754       0.0105507       0.2801880E-05   0.7606831                          
    41:pent gM a10 t11        0.0029754       0.0105507       0.2801880E-05   0.7606831                          
    42:pent gM a11 t12        0.0029754       0.0105507       0.2801880E-05   0.7606831                          
    43:pent gM a13 t14        0.0029754       0.0105507       0.2801880E-05   0.7606831                          
    44:pent gM a15 t16        0.0029754       0.0105507       0.2801880E-05   0.7606831                          
    45:pent gM a18 t19        0.0029754       0.0105507       0.2801880E-05   0.7606831                          
    46:pent gM a19 t20        0.0029754       0.0105507       0.2801880E-05   0.7606831                          
    47:pent gM a24 t25        0.0029754       0.0105507       0.2801880E-05   0.7606831                          
    48:pent gM a26 t27        0.0029754       0.0105507       0.2801880E-05   0.7606831                          
    49:pent gM a36 t37        0.0029754       0.0105507       0.2801880E-05   0.7606831                          
    50:pent gM a37 t38        0.0029754       0.0105507       0.2801880E-05   0.7606831                          
    51:pent gM a39 t40        0.0029754       0.0105507       0.2801880E-05   0.7606831                          
    52:pent gM a40 t41        0.0029754       0.0105507       0.2801880E-05   0.7606831                          
    53:pent gM a44 t45        0.0029754       0.0105507       0.2801880E-05   0.7606831                          
    54:pent gM a128 t129      0.0029754       0.0105507       0.2801880E-05   0.7606831                          
    55:pent gM a131 t132      0.0029754       0.0105507       0.2801880E-05   0.7606831                          
    56:pent gM a224 t225      0.0029754       0.0105507       0.2801880E-05   0.7606831                          
    57:pent gM a233 t234      0.0029754       0.0105507       0.2801880E-05   0.7606831                          
    58:pent gM a236 t237      0.0029754       0.0105507       0.2801880E-05   0.7606831                          
    59:pent gM a237 t238      0.0029754       0.0105507       0.2801880E-05   0.7606831                          
    60:pent gM a238 t239      0.0029754       0.0105507       0.2801880E-05   0.7606831                          
    61:pent gM a257 t258      0.0029754       0.0105507       0.2801880E-05   0.7606831                          
    62:pent gM a258 t259      0.0029754       0.0105507       0.2801880E-05   0.7606831                          
    63:pent gM a259 t260      0.0029754       0.0105507       0.2801880E-05   0.7606831                          

  Program  MARK  - Survival Rate Estimation with Capture-Recapture Data
   gfortran(dble) Vers. 9.0 Mar 2018    25-Mar-2020 11:54:55    Page  011
 - - - - - - - - - - - - - - - - - - - - - - - - - - - - - - - - - - - - - -
 
    64:pent gM a302 t303      0.0029754       0.0105507       0.2801880E-05   0.7606831                          
    65:pent gM a512 t513      0.0029754       0.0105507       0.2801880E-05   0.7606831                          
    66:pent gM a513 t514      0.0029754       0.0105507       0.2801880E-05   0.7606831                          
    67:pent gM a514 t515      0.0029754       0.0105507       0.2801880E-05   0.7606831                          


                      Estimates of Derived Parameters
    Gross Birth+Immigration Estimates of { Phi(~1)p(~1)pent(~1)N(~1) }
                                                95% Confidence Interval
 Grp. Occ.   B*-hat          Standard Error      Lower           Upper
 ---- ----   --------------  --------------  --------------  --------------
   1     1    0.0596626       0.2203604       0.0024054       1.4798178    
   1     2    0.0596187       0.2201799       0.0024039       1.4785922    
   1     3    0.0596187       0.2201799       0.0024039       1.4785922    
   1     4    0.0596626       0.2203604       0.0024054       1.4798178    
   1     5    0.0597066       0.2205409       0.0024070       1.4810440    
   1     6    0.0596187       0.2201799       0.0024039       1.4785922    
   1     7    0.0596187       0.2201799       0.0024039       1.4785922    
   1     8    0.0596626       0.2203604       0.0024054       1.4798178    
   1     9    0.0596626       0.2203604       0.0024054       1.4798178    
   1    10    0.0597066       0.2205409       0.0024070       1.4810440    
   1    11    0.0596187       0.2201799       0.0024039       1.4785922    
   1    12    0.0597946       0.2209022       0.0024101       1.4834986    
   1    13    0.0596626       0.2203604       0.0024054       1.4798178    
   1    14    0.0600149       0.2218074       0.0024179       1.4896471    
   1    15    0.0596187       0.2201799       0.0024039       1.4785922    
   1    16    0.0596626       0.2203604       0.0024054       1.4798178    
   1    17    0.0596187       0.2201799       0.0024039       1.4785922    
   1    18    0.0597506       0.2207215       0.0024086       1.4822710    
   1    19    0.0633395       0.2354933       0.0025349       1.5826342    
   1    20    0.0597066       0.2205409       0.0024070       1.4810440    
   1    21    0.0637519       0.2371949       0.0025494       1.5941976    
   1    22    0.0599708       0.2216261       0.0024163       1.4884160    
   1    23    0.0597066       0.2205409       0.0024070       1.4810440    
   1    24    0.0596187       0.2201799       0.0024039       1.4785922    
   1    25    0.0596187       0.2201799       0.0024039       1.4785922    
   1    26    0.0604130       0.2234428       0.0024319       1.5007572    
   1    27    0.0596187       0.2201799       0.0024039       1.4785922    
   1    28    0.0596187       0.2201799       0.0024039       1.4785922    
   1    29    0.0614829       0.2278434       0.0024696       1.5306537    
   1    30    0.0692715       0.2600450       0.0027428       1.7495230    
   1    31    0.0596187       0.2201799       0.0024039       1.4785922    
   1    32    0.0596187       0.2201799       0.0024039       1.4785922    
   2     1    0.0984000       0.3577144       0.0040381       2.3977737    
   2     2    0.0983275       0.3574211       0.0040355       2.3957841    

  Program  MARK  - Survival Rate Estimation with Capture-Recapture Data
   gfortran(dble) Vers. 9.0 Mar 2018    25-Mar-2020 11:54:55    Page  012
 - - - - - - - - - - - - - - - - - - - - - - - - - - - - - - - - - - - - - -
 
   2     3    0.0983275       0.3574211       0.0040355       2.3957841    
   2     4    0.0984000       0.3577144       0.0040381       2.3977737    
   2     5    0.0984725       0.3580079       0.0040407       2.3997644    
   2     6    0.0983275       0.3574211       0.0040355       2.3957841    
   2     7    0.0983275       0.3574211       0.0040355       2.3957841    
   2     8    0.0984000       0.3577144       0.0040381       2.3977737    
   2     9    0.0984000       0.3577144       0.0040381       2.3977737    
   2    10    0.0984725       0.3580079       0.0040407       2.3997644    
   2    11    0.0983275       0.3574211       0.0040355       2.3957841    
   2    12    0.0986176       0.3585953       0.0040459       2.4037491    
   2    13    0.0984000       0.3577144       0.0040381       2.3977737    
   2    14    0.0989811       0.3600666       0.0040590       2.4137303    
   2    15    0.0983275       0.3574211       0.0040355       2.3957841    
   2    16    0.0984000       0.3577144       0.0040381       2.3977737    
   2    17    0.0983275       0.3574211       0.0040355       2.3957841    
   2    18    0.0985450       0.3583015       0.0040433       2.4017562    
   2    19    0.1044642       0.3823145       0.0042550       2.5646904    
   2    20    0.0984725       0.3580079       0.0040407       2.3997644    
   2    21    0.1051444       0.3850807       0.0042793       2.5834640    
   2    22    0.0989083       0.3597720       0.0040564       2.4117319    
   2    23    0.0984725       0.3580079       0.0040407       2.3997644    
   2    24    0.0983275       0.3574211       0.0040355       2.3957841    
   2    25    0.0983275       0.3574211       0.0040355       2.3957841    
   2    26    0.0996375       0.3627251       0.0040825       2.4317663    
   2    27    0.0983275       0.3574211       0.0040355       2.3957841    
   2    28    0.0983275       0.3574211       0.0040355       2.3957841    
   2    29    0.1014022       0.3698785       0.0041456       2.4803010    
   2    30    0.1142477       0.4222291       0.0046030       2.8356574    
   2    31    0.0983275       0.3574211       0.0040355       2.3957841    
   2    32    0.0983275       0.3574211       0.0040355       2.3957841    

     Net Birth+Immigration Estimates of { Phi(~1)p(~1)pent(~1)N(~1) }
                                                95% Confidence Interval
 Grp. Occ.   B-hat           Standard Error      Lower           Upper
 ---- ----   --------------  --------------  --------------  --------------
   1     1    0.0595747       0.2199996       0.0024023       1.4773672    
   1     2    0.0595747       0.2199996       0.0024023       1.4773672    
   1     3    0.0595747       0.2199996       0.0024023       1.4773672    
   1     4    0.0595747       0.2199996       0.0024023       1.4773672    
   1     5    0.0595747       0.2199996       0.0024023       1.4773672    
   1     6    0.0595747       0.2199996       0.0024023       1.4773672    
   1     7    0.0595747       0.2199996       0.0024023       1.4773672    
   1     8    0.0595747       0.2199996       0.0024023       1.4773672    
   1     9    0.0595747       0.2199996       0.0024023       1.4773672    
   1    10    0.0595747       0.2199996       0.0024023       1.4773672    
   1    11    0.0595747       0.2199996       0.0024023       1.4773672    
   1    12    0.0595747       0.2199996       0.0024023       1.4773672    
   1    13    0.0595747       0.2199996       0.0024023       1.4773672    
   1    14    0.0595747       0.2199996       0.0024023       1.4773672    
   1    15    0.0595747       0.2199996       0.0024023       1.4773672    
   1    16    0.0595747       0.2199996       0.0024023       1.4773672    
   1    17    0.0595747       0.2199996       0.0024023       1.4773672    
   1    18    0.0595747       0.2199996       0.0024023       1.4773672    
   1    19    0.0595747       0.2199996       0.0024023       1.4773672    
   1    20    0.0595747       0.2199996       0.0024023       1.4773672    
   1    21    0.0595747       0.2199996       0.0024023       1.4773672    
   1    22    0.0595747       0.2199996       0.0024023       1.4773672    
   1    23    0.0595747       0.2199996       0.0024023       1.4773672    
   1    24    0.0595747       0.2199996       0.0024023       1.4773672    
   1    25    0.0595747       0.2199996       0.0024023       1.4773672    
   1    26    0.0595747       0.2199996       0.0024023       1.4773672    
   1    27    0.0595747       0.2199996       0.0024023       1.4773672    
   1    28    0.0595747       0.2199996       0.0024023       1.4773672    
   1    29    0.0595747       0.2199996       0.0024023       1.4773672    
   1    30    0.0595747       0.2199996       0.0024023       1.4773672    
   1    31    0.0595747       0.2199996       0.0024023       1.4773672    
   1    32    0.0595747       0.2199996       0.0024023       1.4773672    
   2     1    0.0982550       0.3571280       0.0040329       2.3937956    
   2     2    0.0982550       0.3571280       0.0040329       2.3937956    
   2     3    0.0982550       0.3571280       0.0040329       2.3937956    
   2     4    0.0982550       0.3571280       0.0040329       2.3937956    
   2     5    0.0982550       0.3571280       0.0040329       2.3937956    
   2     6    0.0982550       0.3571280       0.0040329       2.3937956    
   2     7    0.0982550       0.3571280       0.0040329       2.3937956    
   2     8    0.0982550       0.3571280       0.0040329       2.3937956    
   2     9    0.0982550       0.3571280       0.0040329       2.3937956    
   2    10    0.0982550       0.3571280       0.0040329       2.3937956    
   2    11    0.0982550       0.3571280       0.0040329       2.3937956    
   2    12    0.0982550       0.3571280       0.0040329       2.3937956    
   2    13    0.0982550       0.3571280       0.0040329       2.3937956    
   2    14    0.0982550       0.3571280       0.0040329       2.3937956    
   2    15    0.0982550       0.3571280       0.0040329       2.3937956    
   2    16    0.0982550       0.3571280       0.0040329       2.3937956    
   2    17    0.0982550       0.3571280       0.0040329       2.3937956    
   2    18    0.0982550       0.3571280       0.0040329       2.3937956    
   2    19    0.0982550       0.3571280       0.0040329       2.3937956    
   2    20    0.0982550       0.3571280       0.0040329       2.3937956    
   2    21    0.0982550       0.3571280       0.0040329       2.3937956    
   2    22    0.0982550       0.3571280       0.0040329       2.3937956    
   2    23    0.0982550       0.3571280       0.0040329       2.3937956    
   2    24    0.0982550       0.3571280       0.0040329       2.3937956    
   2    25    0.0982550       0.3571280       0.0040329       2.3937956    
   2    26    0.0982550       0.3571280       0.0040329       2.3937956    
   2    27    0.0982550       0.3571280       0.0040329       2.3937956    
   2    28    0.0982550       0.3571280       0.0040329       2.3937956    
   2    29    0.0982550       0.3571280       0.0040329       2.3937956    
   2    30    0.0982550       0.3571280       0.0040329       2.3937956    
   2    31    0.0982550       0.3571280       0.0040329       2.3937956    
   2    32    0.0982550       0.3571280       0.0040329       2.3937956    

          Population Estimates of { Phi(~1)p(~1)pent(~1)N(~1) }
                                                95% Confidence Interval
 Grp. Occ.   N-hat           Standard Error      Lower           Upper
 ---- ----   --------------  --------------  --------------  --------------
   1     1    18.115983       4.5008445       11.213444       29.267444    
   1     2    18.122223       4.3070881       11.446596       28.691060    
   1     3    18.155101       4.1132630       11.709900       28.147782    
   1     4    18.187931       3.9219506       11.976030       27.621912    
   1     5    18.193959       3.7361871       12.215998       27.097266    
   1     6    18.173247       3.5565272       12.428279       26.573824    
   1     7    18.206050       3.3743698       12.699264       26.100744    
   1     8    18.238805       3.1964100       12.970137       25.647685    
   1     9    18.244683       3.0264254       13.209721       25.198750    
   1    10    18.250544       2.8618246       13.446468       24.770992    
   1    11    18.229581       2.7066037       13.648411       24.348449    
   1    12    18.262301       2.5520581       13.905198       23.984675    
   1    13    18.187758       2.4183192       14.031153       23.575722    
   1    14    18.193787       2.2841255       14.238859       23.247219    
   1    15    17.987114       2.1845515       14.189222       22.801551    
   1    16    18.020191       2.0674091       14.401926       22.547491    

  Program  MARK  - Survival Rate Estimation with Capture-Recapture Data
   gfortran(dble) Vers. 9.0 Mar 2018    25-Mar-2020 11:54:55    Page  013
 - - - - - - - - - - - - - - - - - - - - - - - - - - - - - - - - - - - - - -
 
   1    17    18.026713       1.9684574       14.562695       22.314715    
   1    18    18.059732       1.8847796       14.727046       22.146595    
   1    19    18.013125       1.8243962       14.777344       21.957442    
   1    20    15.974650       2.1197770       12.330211       20.696275    
   1    21    15.963730       2.0434683       12.434122       20.495271    
   1    22    13.978056       2.5819446       9.7618435       20.015281    
   1    23    13.853396       2.5402415       9.6997514       19.785721    
   1    24    13.851837       2.4711467       9.7912778       19.596359    
   1    25    13.891006       2.4048394       9.9187250       19.454119    
   1    26    13.930118       2.3560792       10.022998       19.360295    
   1    27    13.604923       2.4203871       9.6258311       19.228879    
   1    28    13.644456       2.3978634       9.6939379       19.204908    
   1    29    13.683931       2.3940659       9.7366073       19.231542    
   1    30    12.902988       2.5702169       8.7655349       18.993375    
   1    31    9.5271633       3.3039637       4.9216062       18.442524    
   1    32    9.5727033       3.2424332       5.0177103       18.262643    
   1    33    9.6181763       3.1944186       5.1020662       18.131735    
   2     1    29.878214       8.7017292       17.079477       52.267857    
   2     2    29.888505       8.3616954       17.451674       51.188368    
   2     3    29.942730       8.0190065       17.875646       50.155788    
   2     4    29.996876       7.6776589       18.308594       49.147006    
   2     5    30.006818       7.3431528       18.704011       48.139894    
   2     6    29.972656       7.0166263       19.059281       47.135049    
   2     7    30.026758       6.6798199       19.517619       46.194475    
   2     8    30.080780       6.3449139       19.984481       45.277799    
   2     9    30.090474       6.0195552       20.408543       44.365571    
   2    10    30.100141       5.6969970       20.838945       43.477175    
   2    11    30.065567       5.3860126       21.221841       42.594718    
   2    12    30.119532       5.0610471       21.717554       41.772026    
   2    13    29.996590       4.7774940       21.996239       40.906785    
   2    14    30.006533       4.4698629       22.444558       40.116274    
   2    15    29.665673       4.2532220       22.430238       39.235077    
   2    16    29.720226       3.9451857       22.937765       38.508192    
   2    17    29.730983       3.6560478       23.384429       37.799996    
   2    18    29.785440       3.3638985       23.887680       37.139331    
   2    19    29.708572       3.1200552       24.195257       36.478192    
   2    20    26.346569       4.0455625       19.533448       35.536055    
   2    21    26.328560       3.8141190       19.849711       34.922072    
   2    22    23.053639       4.8575766       15.322366       34.685913    
   2    23    22.848040       4.7242178       15.299747       34.120365    
   2    24    22.845470       4.5304705       15.546081       33.572157    
   2    25    22.910071       4.3283457       15.871425       33.070209    
   2    26    22.974576       4.1458720       16.175966       32.630580    
   2    27    22.438241       4.2133456       15.578799       32.317938    
   2    28    22.503442       4.0692474       15.832945       31.984252    
   2    29    22.568547       3.9505930       16.055435       31.723793    

  Program  MARK  - Survival Rate Estimation with Capture-Recapture Data
   gfortran(dble) Vers. 9.0 Mar 2018    25-Mar-2020 11:54:55    Page  014
 - - - - - - - - - - - - - - - - - - - - - - - - - - - - - - - - - - - - - -
 
   2    30    21.280558       4.3203948       14.351930       31.554093    
   2    31    15.712899       5.7959569       7.8024288       31.643378    
   2    32    15.788007       5.6453219       7.9995480       31.159407    
   2    33    15.863005       5.5132631       8.1834037       30.749419    

       Gross Population Estimates of { Phi(~1)p(~1)pent(~1)N(~1) }
                                                95% Confidence Interval
 Grp. Occ.   N*-hat          Standard Error      Lower           Upper
 ---- ----   --------------  --------------  --------------  --------------
   1     0    20.045617       3.6123315       14.120474       28.457032    
   2     0    33.060708       3.6632613       26.624497       41.052811    

 Attempted ordering of parameters by estimatibility:
  2 1 4 3
 Beta number 3 is a singular value.

   CPU Time for the last procedure was 0.16 seconds.     


  INPUT --- proc stop;

     CPU Time in minutes for this job was 0.00

     Time Start = 11:54:54.782   Time End = 11:54:55.117

     Wall Clock Time in minutes for this job was 0.01


          E X E C U T I O N   S U C C E S S F U L 
