
   Program  MARK  - Survival Rate Estimation with Capture-Recapture Data
   gfortran(dble) Vers. 9.0 Mar 2018    25-Mar-2020 21:12:18    Page  001
 - - - - - - - - - - - - - - - - - - - - - - - - - - - - - - - - - - - - - -
 
   This version was compiled by GCC version 7.2.0 using the options: 
     -cpp -iprefix C:/Program Files/mingw-w64/x86_64-7.2.0-posix-seh-rt_v5-rev1/
     mingw64/bin/../lib/gcc/x86_64-w64-mingw32/7.2.0/ -D_MT -D_REENTRANT
     -U_REENTRANT -D IEEE -D DBLEPRECISION -m64 -mtune=core2 -march=nocona -mthreads
     -O2 -fimplicit-none -fbounds-check -funroll-loops -ftree-vectorize
     -ffpe-summary=invalid,zero,overflow,underflow -fno-unsafe-math-optimizations
     -frounding-math -fsignaling-nans -fopenmp.

   This problem will use 15 of 16 possible threads.


  INPUT --- proc title ;

   CPU Time for the last procedure was 0.01 seconds.     


  INPUT --- proc chmatrix occasions= 33 groups= 2 etype= POPAN Nodes= 
  INPUT --- 101 ICMeans NoHist hist= 41  ;

  INPUT ---    time interval 0.00547945205479452 0.00273972602739726 
  INPUT ---    0.00273972602739726 0.00547945205479452  
  INPUT ---    0.00821917808219178 0.00273972602739726 0.00273972602739726 
  INPUT ---    0.00547945205479452  0.00547945205479452 
  INPUT ---    0.00821917808219178 0.00273972602739726 0.0136986301369863 
  INPUT ---    0.00547945205479452  0.0273972602739726 0.00273972602739726 
  INPUT ---    0.00547945205479452 0.00273972602739726 0.010958904109589  
  INPUT ---    0.23013698630137 0.00821917808219178 0.254794520547945 
  INPUT ---    0.0246575342465753 0.00821917808219178  0.00273972602739726 
  INPUT ---    0.00273972602739726 0.0520547945205479 0.00273972602739726 
  INPUT ---    0.00273972602739726  0.117808219178082 0.575342465753425 
  INPUT ---    0.00273972602739726 0.00273972602739726 ;

  INPUT ---    glabel(1)=sexF;

  INPUT ---    glabel(2)=sexM;

   * *  WARNING  * *   At least a pair of the encounter histories are duplicates. 

      Number of unique encounter histories read was 38.

      Number of individual covariates read was 0.
      Time interval lengths vary and/or not equal to 1.

      Data type number is 19
      Data type is POPAN                                                                                               

   CPU Time for the last procedure was 0.02 seconds.     

  Program  MARK  - Survival Rate Estimation with Capture-Recapture Data
   gfortran(dble) Vers. 9.0 Mar 2018    25-Mar-2020 21:12:18    Page  002
 - - - - - - - - - - - - - - - - - - - - - - - - - - - - - - - - - - - - - -
 


  INPUT --- proc estimate link=Parm-Specific NOLOOP varest=2ndPart    ;


  INPUT --- model={ Phi(~sex)p(~sex)pent(~sex)N(~1) };

  INPUT ---    group=1 Phi    rows=1 cols=32 Square ;
  INPUT ---        1 1 1 1 1 1 1 1 1 1 1 1 1 1 1 1 1 1 1 1 1 1 1 1 1 1 1 1 1 
  INPUT ---       1 1 1 ;

  INPUT ---    group=2 Phi    rows=1 cols=32 Square ;
  INPUT ---        2 2 2 2 2 2 2 2 2 2 2 2 2 2 2 2 2 2 2 2 2 2 2 2 2 2 2 2 2 
  INPUT ---       2 2 2 ;

  INPUT ---    group=1 p    rows=1 cols=33 Square ;
  INPUT ---        3 3 3 3 3 3 3 3 3 3 3 3 3 3 3 3 3 3 3 3 3 3 3 3 3 3 3 3 3 
  INPUT ---       3 3 3 3 ;

  INPUT ---    group=2 p    rows=1 cols=33 Square ;
  INPUT ---        4 4 4 4 4 4 4 4 4 4 4 4 4 4 4 4 4 4 4 4 4 4 4 4 4 4 4 4 4 
  INPUT ---       4 4 4 4 ;

  INPUT ---    group=1 pent    rows=1 cols=32 Square ;
  INPUT ---        6 7 8 9 10 11 12 13 14 15 16 17 18 19 20 21 22 23 24 25 26 
  INPUT ---       27 28 29 30 31 32 33 34 35 36 37 ;

  INPUT ---    group=2 pent    rows=1 cols=32 Square ;
  INPUT ---        38 39 40 41 42 43 44 45 46 47 48 49 50 51 52 53 54 55 56 
  INPUT ---       57 58 59 60 61 62 63 64 65 66 67 68 69 ;

  INPUT ---    group=1 N    rows=1 cols=1 Square ;
  INPUT ---        5 ;

  INPUT ---    group=2 N    rows=1 cols=1 Square ;
  INPUT ---        5 ;

  INPUT ---    design matrix constraints=69 covariates=7;
  INPUT ---        1 0 0 0 0 0 0;
  INPUT ---        1 1 0 0 0 0 0;
  INPUT ---        0 0 1 0 0 0 0;
  INPUT ---        0 0 1 1 0 0 0;
  INPUT ---        0 0 0 0 0 0 1;
  INPUT ---        0 0 0 0 1 0 0;
  INPUT ---        0 0 0 0 1 0 0;
  INPUT ---        0 0 0 0 1 0 0;

  Program  MARK  - Survival Rate Estimation with Capture-Recapture Data
   gfortran(dble) Vers. 9.0 Mar 2018    25-Mar-2020 21:12:18    Page  003
 - - - - - - - - - - - - - - - - - - - - - - - - - - - - - - - - - - - - - -
 
  INPUT ---        0 0 0 0 1 0 0;
  INPUT ---        0 0 0 0 1 0 0;
  INPUT ---        0 0 0 0 1 0 0;
  INPUT ---        0 0 0 0 1 0 0;
  INPUT ---        0 0 0 0 1 0 0;
  INPUT ---        0 0 0 0 1 0 0;
  INPUT ---        0 0 0 0 1 0 0;
  INPUT ---        0 0 0 0 1 0 0;
  INPUT ---        0 0 0 0 1 0 0;
  INPUT ---        0 0 0 0 1 0 0;
  INPUT ---        0 0 0 0 1 0 0;
  INPUT ---        0 0 0 0 1 0 0;
  INPUT ---        0 0 0 0 1 0 0;
  INPUT ---        0 0 0 0 1 0 0;
  INPUT ---        0 0 0 0 1 0 0;
  INPUT ---        0 0 0 0 1 0 0;
  INPUT ---        0 0 0 0 1 0 0;
  INPUT ---        0 0 0 0 1 0 0;
  INPUT ---        0 0 0 0 1 0 0;
  INPUT ---        0 0 0 0 1 0 0;
  INPUT ---        0 0 0 0 1 0 0;
  INPUT ---        0 0 0 0 1 0 0;
  INPUT ---        0 0 0 0 1 0 0;
  INPUT ---        0 0 0 0 1 0 0;
  INPUT ---        0 0 0 0 1 0 0;
  INPUT ---        0 0 0 0 1 0 0;
  INPUT ---        0 0 0 0 1 0 0;
  INPUT ---        0 0 0 0 1 0 0;
  INPUT ---        0 0 0 0 1 0 0;
  INPUT ---        0 0 0 0 1 1 0;
  INPUT ---        0 0 0 0 1 1 0;
  INPUT ---        0 0 0 0 1 1 0;
  INPUT ---        0 0 0 0 1 1 0;
  INPUT ---        0 0 0 0 1 1 0;
  INPUT ---        0 0 0 0 1 1 0;
  INPUT ---        0 0 0 0 1 1 0;
  INPUT ---        0 0 0 0 1 1 0;
  INPUT ---        0 0 0 0 1 1 0;
  INPUT ---        0 0 0 0 1 1 0;
  INPUT ---        0 0 0 0 1 1 0;
  INPUT ---        0 0 0 0 1 1 0;
  INPUT ---        0 0 0 0 1 1 0;
  INPUT ---        0 0 0 0 1 1 0;
  INPUT ---        0 0 0 0 1 1 0;
  INPUT ---        0 0 0 0 1 1 0;
  INPUT ---        0 0 0 0 1 1 0;

  Program  MARK  - Survival Rate Estimation with Capture-Recapture Data
   gfortran(dble) Vers. 9.0 Mar 2018    25-Mar-2020 21:12:18    Page  004
 - - - - - - - - - - - - - - - - - - - - - - - - - - - - - - - - - - - - - -
 
  INPUT ---        0 0 0 0 1 1 0;
  INPUT ---        0 0 0 0 1 1 0;
  INPUT ---        0 0 0 0 1 1 0;
  INPUT ---        0 0 0 0 1 1 0;
  INPUT ---        0 0 0 0 1 1 0;
  INPUT ---        0 0 0 0 1 1 0;
  INPUT ---        0 0 0 0 1 1 0;
  INPUT ---        0 0 0 0 1 1 0;
  INPUT ---        0 0 0 0 1 1 0;
  INPUT ---        0 0 0 0 1 1 0;
  INPUT ---        0 0 0 0 1 1 0;
  INPUT ---        0 0 0 0 1 1 0;
  INPUT ---        0 0 0 0 1 1 0;
  INPUT ---        0 0 0 0 1 1 0;
  INPUT ---        0 0 0 0 1 1 0;

  INPUT ---    links=69;

  INPUT ---    Logit;

  INPUT ---    Logit;

  INPUT ---    Logit;

  INPUT ---    Logit;

  INPUT ---    Log;

  INPUT ---    mlogit(1);

  INPUT ---    mlogit(1);

  INPUT ---    mlogit(1);

  INPUT ---    mlogit(1);

  INPUT ---    mlogit(1);

  INPUT ---    mlogit(1);

  INPUT ---    mlogit(1);

  INPUT ---    mlogit(1);

  INPUT ---    mlogit(1);


  Program  MARK  - Survival Rate Estimation with Capture-Recapture Data
   gfortran(dble) Vers. 9.0 Mar 2018    25-Mar-2020 21:12:18    Page  005
 - - - - - - - - - - - - - - - - - - - - - - - - - - - - - - - - - - - - - -
 
  INPUT ---    mlogit(1);

  INPUT ---    mlogit(1);

  INPUT ---    mlogit(1);

  INPUT ---    mlogit(1);

  INPUT ---    mlogit(1);

  INPUT ---    mlogit(1);

  INPUT ---    mlogit(1);

  INPUT ---    mlogit(1);

  INPUT ---    mlogit(1);

  INPUT ---    mlogit(1);

  INPUT ---    mlogit(1);

  INPUT ---    mlogit(1);

  INPUT ---    mlogit(1);

  INPUT ---    mlogit(1);

  INPUT ---    mlogit(1);

  INPUT ---    mlogit(1);

  INPUT ---    mlogit(1);

  INPUT ---    mlogit(1);

  INPUT ---    mlogit(1);

  INPUT ---    mlogit(1);

  INPUT ---    mlogit(1);

  INPUT ---    mlogit(1);

  INPUT ---    mlogit(1);


  Program  MARK  - Survival Rate Estimation with Capture-Recapture Data
   gfortran(dble) Vers. 9.0 Mar 2018    25-Mar-2020 21:12:18    Page  006
 - - - - - - - - - - - - - - - - - - - - - - - - - - - - - - - - - - - - - -
 
  INPUT ---    mlogit(2);

  INPUT ---    mlogit(2);

  INPUT ---    mlogit(2);

  INPUT ---    mlogit(2);

  INPUT ---    mlogit(2);

  INPUT ---    mlogit(2);

  INPUT ---    mlogit(2);

  INPUT ---    mlogit(2);

  INPUT ---    mlogit(2);

  INPUT ---    mlogit(2);

  INPUT ---    mlogit(2);

  INPUT ---    mlogit(2);

  INPUT ---    mlogit(2);

  INPUT ---    mlogit(2);

  INPUT ---    mlogit(2);

  INPUT ---    mlogit(2);

  INPUT ---    mlogit(2);

  INPUT ---    mlogit(2);

  INPUT ---    mlogit(2);

  INPUT ---    mlogit(2);

  INPUT ---    mlogit(2);

  INPUT ---    mlogit(2);

  INPUT ---    mlogit(2);


  Program  MARK  - Survival Rate Estimation with Capture-Recapture Data
   gfortran(dble) Vers. 9.0 Mar 2018    25-Mar-2020 21:12:18    Page  007
 - - - - - - - - - - - - - - - - - - - - - - - - - - - - - - - - - - - - - -
 
  INPUT ---    mlogit(2);

  INPUT ---    mlogit(2);

  INPUT ---    mlogit(2);

  INPUT ---    mlogit(2);

  INPUT ---    mlogit(2);

  INPUT ---    mlogit(2);

  INPUT ---    mlogit(2);

  INPUT ---    mlogit(2);

  INPUT ---    mlogit(2);
  INPUT ---       blabel(1)=Phi:(Intercept);
  INPUT ---       blabel(2)=Phi:sexM;
  INPUT ---       blabel(3)=p:(Intercept);
  INPUT ---       blabel(4)=p:sexM;
  INPUT ---       blabel(5)=pent:(Intercept);
  INPUT ---       blabel(6)=pent:sexM;
  INPUT ---       blabel(7)=N:(Intercept);
  INPUT ---       rlabel(1)=Phi gF a0 t1;
  INPUT ---       rlabel(2)=Phi gM a0 t1;
  INPUT ---       rlabel(3)=p gF a0 t1;
  INPUT ---       rlabel(4)=p gM a0 t1;
  INPUT ---       rlabel(5)=N gF a0 t1;
  INPUT ---       rlabel(6)=pent gF a0.00547945205479452 t1.00547945205479;
  INPUT ---       rlabel(7)=pent gF a0.00821917808219178 t1.00821917808219;
  INPUT ---       rlabel(8)=pent gF a0.010958904109589 t1.01095890410959;
  INPUT ---       rlabel(9)=pent gF a0.0164383561643836 t1.01643835616438;
  INPUT ---       rlabel(10)=pent gF a0.0246575342465753 t1.02465753424658;
  INPUT ---       rlabel(11)=pent gF a0.0273972602739726 t1.02739726027397;
  INPUT ---       rlabel(12)=pent gF a0.0301369863013699 t1.03013698630137;
  INPUT ---       rlabel(13)=pent gF a0.0356164383561644 t1.03561643835616;
  INPUT ---       rlabel(14)=pent gF a0.0410958904109589 t1.04109589041096;
  INPUT ---       rlabel(15)=pent gF a0.0493150684931507 t1.04931506849315;
  INPUT ---       rlabel(16)=pent gF a0.0520547945205479 t1.05205479452055;
  INPUT ---       rlabel(17)=pent gF a0.0657534246575342 t1.06575342465753;
  INPUT ---       rlabel(18)=pent gF a0.0712328767123288 t1.07123287671233;
  INPUT ---       rlabel(19)=pent gF a0.0986301369863014 t1.0986301369863;
  INPUT ---       rlabel(20)=pent gF a0.101369863013699 t1.1013698630137;
  INPUT ---       rlabel(21)=pent gF a0.106849315068493 t1.10684931506849;
  INPUT ---       rlabel(22)=pent gF a0.10958904109589 t1.10958904109589;

  Program  MARK  - Survival Rate Estimation with Capture-Recapture Data
   gfortran(dble) Vers. 9.0 Mar 2018    25-Mar-2020 21:12:18    Page  008
 - - - - - - - - - - - - - - - - - - - - - - - - - - - - - - - - - - - - - -
 
  INPUT ---       rlabel(23)=pent gF a0.120547945205479 t1.12054794520548;
  INPUT ---       rlabel(24)=pent gF a0.350684931506849 t1.35068493150685;
  INPUT ---       rlabel(25)=pent gF a0.358904109589041 t1.35890410958904;
  INPUT ---       rlabel(26)=pent gF a0.613698630136986 t1.61369863013699;
  INPUT ---       rlabel(27)=pent gF a0.638356164383562 t1.63835616438356;
  INPUT ---       rlabel(28)=pent gF a0.646575342465753 t1.64657534246575;
  INPUT ---       rlabel(29)=pent gF a0.649315068493151 t1.64931506849315;
  INPUT ---       rlabel(30)=pent gF a0.652054794520548 t1.65205479452055;
  INPUT ---       rlabel(31)=pent gF a0.704109589041096 t1.7041095890411;
  INPUT ---       rlabel(32)=pent gF a0.706849315068493 t1.70684931506849;
  INPUT ---       rlabel(33)=pent gF a0.70958904109589 t1.70958904109589;
  INPUT ---       rlabel(34)=pent gF a0.827397260273973 t1.82739726027397;
  INPUT ---       rlabel(35)=pent gF a1.4027397260274 t2.4027397260274;
  INPUT ---       rlabel(36)=pent gF a1.40547945205479 t2.40547945205479;
  INPUT ---       rlabel(37)=pent gF a1.40821917808219 t2.40821917808219;
  INPUT ---       rlabel(38)=pent gM a0.00547945205479452 t1.00547945205479;
  INPUT ---       rlabel(39)=pent gM a0.00821917808219178 t1.00821917808219;
  INPUT ---       rlabel(40)=pent gM a0.010958904109589 t1.01095890410959;
  INPUT ---       rlabel(41)=pent gM a0.0164383561643836 t1.01643835616438;
  INPUT ---       rlabel(42)=pent gM a0.0246575342465753 t1.02465753424658;
  INPUT ---       rlabel(43)=pent gM a0.0273972602739726 t1.02739726027397;
  INPUT ---       rlabel(44)=pent gM a0.0301369863013699 t1.03013698630137;
  INPUT ---       rlabel(45)=pent gM a0.0356164383561644 t1.03561643835616;
  INPUT ---       rlabel(46)=pent gM a0.0410958904109589 t1.04109589041096;
  INPUT ---       rlabel(47)=pent gM a0.0493150684931507 t1.04931506849315;
  INPUT ---       rlabel(48)=pent gM a0.0520547945205479 t1.05205479452055;
  INPUT ---       rlabel(49)=pent gM a0.0657534246575342 t1.06575342465753;
  INPUT ---       rlabel(50)=pent gM a0.0712328767123288 t1.07123287671233;
  INPUT ---       rlabel(51)=pent gM a0.0986301369863014 t1.0986301369863;
  INPUT ---       rlabel(52)=pent gM a0.101369863013699 t1.1013698630137;
  INPUT ---       rlabel(53)=pent gM a0.106849315068493 t1.10684931506849;
  INPUT ---       rlabel(54)=pent gM a0.10958904109589 t1.10958904109589;
  INPUT ---       rlabel(55)=pent gM a0.120547945205479 t1.12054794520548;
  INPUT ---       rlabel(56)=pent gM a0.350684931506849 t1.35068493150685;
  INPUT ---       rlabel(57)=pent gM a0.358904109589041 t1.35890410958904;
  INPUT ---       rlabel(58)=pent gM a0.613698630136986 t1.61369863013699;
  INPUT ---       rlabel(59)=pent gM a0.638356164383562 t1.63835616438356;
  INPUT ---       rlabel(60)=pent gM a0.646575342465753 t1.64657534246575;
  INPUT ---       rlabel(61)=pent gM a0.649315068493151 t1.64931506849315;
  INPUT ---       rlabel(62)=pent gM a0.652054794520548 t1.65205479452055;
  INPUT ---       rlabel(63)=pent gM a0.704109589041096 t1.7041095890411;
  INPUT ---       rlabel(64)=pent gM a0.706849315068493 t1.70684931506849;
  INPUT ---       rlabel(65)=pent gM a0.70958904109589 t1.70958904109589;
  INPUT ---       rlabel(66)=pent gM a0.827397260273973 t1.82739726027397;
  INPUT ---       rlabel(67)=pent gM a1.4027397260274 t2.4027397260274;
  INPUT ---       rlabel(68)=pent gM a1.40547945205479 t2.40547945205479;

  Program  MARK  - Survival Rate Estimation with Capture-Recapture Data
   gfortran(dble) Vers. 9.0 Mar 2018    25-Mar-2020 21:12:18    Page  009
 - - - - - - - - - - - - - - - - - - - - - - - - - - - - - - - - - - - - - -
 
  INPUT ---       rlabel(69)=pent gM a1.40821917808219 t2.40821917808219;

 Link Function Used is PARM-SPECIFIC

 Variance Estimation Procedure Used is 2ndPart 

 M(t+1):
      16     29



 Group: 1

 U(t)+UL(t):
       0    2    2    0    1    0    3    1    1    0    0    0    0    0    1
       0    0    0    2    1    1    0    0    0    1    0    0    0    0    0
       0    0    0

 U(t):
       0    2    2    0    1    0    3    1    1    0    0    0    0    0    1
       0    0    0    2    1    1    0    0    0    1    0    0    0    0    0
       0    0    0

 UL(t):
       0    0    0    0    0    0    0    0    0    0    0    0    0    0    0
       0    0    0    0    0    0    0    0    0    0    0    0    0    0    0
       0    0    0

 Not Released(t):
       0    0    0    0    0    0    0    0    0    0    0    0    0    0    0
       0    0    0    0    0    0    0    0    0    0    0    0    0    0    0
       0    0    0

 Group: 2

 U(t)+UL(t):
       3    0    1    1    1    1    1    0    1    1    2    1    3    3    1
       1    0    2    3    1    0    0    1    0    0    0    0    0    0    1
       0    0    0

 U(t):
       3    0    1    1    1    1    1    0    1    1    2    1    3    3    1
       1    0    2    3    1    0    0    1    0    0    0    0    0    0    1
       0    0    0

 UL(t):
       0    0    0    0    0    0    0    0    0    0    0    0    0    0    0
       0    0    0    0    0    0    0    0    0    0    0    0    0    0    0
       0    0    0

 Not Released(t):
       0    0    0    0    0    0    0    0    0    0    0    0    0    0    0
       0    0    0    0    0    0    0    0    0    0    0    0    0    0    0
       0    0    0
 -2logL(saturated) = 272.93564     
 Effective Sample Size = 103

 Number of function evaluations was 29 for 7 parameters.
 Time for numerical optimization was 0.09 seconds.     
 -2logL { Phi(~sex)p(~sex)pent(~sex)N(~1) } = 552.89274     
 Penalty { Phi(~sex)p(~sex)pent(~sex)N(~1) } = 0.0000000     
 Gradient { Phi(~sex)p(~sex)pent(~sex)N(~1) }:
  0.1215587E-04 -0.2199595E-05 -0.2115114E-05  0.1301251E-04   0.000000    
 -0.4919600E-05 -0.2705374E-05
 Maximum ABS(G) { Phi(~sex)p(~sex)pent(~sex)N(~1) } = 0.1301251E-04 
 S Vector { Phi(~sex)p(~sex)pent(~sex)N(~1) }:
   125.7896      11.84340      6.081327      3.439694     0.7460391    
  0.4804311     0.7587944E-01
 Time to compute number of parameters was 0.05 seconds.     
 Ratio Threshold = 50.000000       Max Gap (1/2) = 10.621067       Next Max Gap (1/2) = 10.621067     
 Gap Method for Num. of Estimated Parameters { Phi(~sex)p(~sex)pent(~sex)N(~1) } = 7          
 Threshold { Phi(~sex)p(~sex)pent(~sex)N(~1) } = 0.2602502E-04                 
 Numerical Threshold Method for Num. of Estimated Parameters { Phi(~sex)p(~sex)pent(~sex)N(~1) } = 7          
 Number of Estimated Parameters { Phi(~sex)p(~sex)pent(~sex)N(~1) } = 7          
 DEVIANCE { Phi(~sex)p(~sex)pent(~sex)N(~1) } = 279.95710                     
 DEVIANCE Degrees of Freedom { Phi(~sex)p(~sex)pent(~sex)N(~1) } = 34            
 c-hat { Phi(~sex)p(~sex)pent(~sex)N(~1) } = 8.2340323                     
 AIC { Phi(~sex)p(~sex)pent(~sex)N(~1) } = 566.89274                  
 AICc { Phi(~sex)p(~sex)pent(~sex)N(~1) } = 568.07169                    
 BIC { Phi(~sex)p(~sex)pent(~sex)N(~1) } = 585.33584                    
 Pearson Chisquare { Phi(~sex)p(~sex)pent(~sex)N(~1) } = 20321208.                  


             PARM-SPECIFIC Link Function Parameters of { Phi(~sex)p(~sex)pent(~sex)N(~1) }
                                                              95% Confidence Interval
 Parameter                    Beta         Standard Error      Lower           Upper
 -------------------------  --------------  --------------  --------------  --------------
    1:Phi:(Intercept)       -1.5105226       1.1148459      -3.6956206       0.6745754    
    2:Phi:sexM               2.4685457       1.3903931      -0.2566248       5.1937161    
    3:p:(Intercept)         -2.6070849       0.3557808      -3.3044153      -1.9097545    
    4:p:sexM                 0.1726247       0.4058523      -0.6228459       0.9680953    
    5:pent:(Intercept)      -4.9519557       2.6394953      -10.125367       0.2214552    
    6:pent:sexM              0.5508161       2.5180282      -4.3845193       5.4861514    
    7:N:(Intercept)          1.8200885       0.6111065       0.6223198       3.0178572    


             Real Function Parameters of { Phi(~sex)p(~sex)pent(~sex)N(~1) }
                                                               95% Confidence Interval
  Parameter                  Estimate       Standard Error      Lower           Upper
 --------------------------  --------------  --------------  --------------  --------------
     1:Phi gF a0 t1           0.1808614       0.1651650       0.0242303       0.6625269                          
     2:Phi gM a0 t1           0.7227258       0.2086537       0.2529820       0.9525207                          
     3:p gF a0 t1             0.0686838       0.0227580       0.0354200       0.1290084                          
     4:p gM a0 t1             0.0805824       0.0148965       0.0558011       0.1150284                          
     5:N gF a0 t1             22.172405       3.7719966       18.046204       34.619155                          

  Program  MARK  - Survival Rate Estimation with Capture-Recapture Data
   gfortran(dble) Vers. 9.0 Mar 2018    25-Mar-2020 21:12:18    Page  010
 - - - - - - - - - - - - - - - - - - - - - - - - - - - - - - - - - - - - - -
 
     6:pent gF a0.005479452   0.0057653       0.0124100       0.8325251E-04   0.2876795                          
     7:pent gF a0.008219178   0.0057653       0.0124100       0.8325251E-04   0.2876795                          
     8:pent gF a0.010958904   0.0057653       0.0124100       0.8325251E-04   0.2876795                          
     9:pent gF a0.016438356   0.0057653       0.0124100       0.8325251E-04   0.2876795                          
    10:pent gF a0.024657534   0.0057653       0.0124100       0.8325251E-04   0.2876795                          
    11:pent gF a0.027397260   0.0057653       0.0124100       0.8325251E-04   0.2876795                          
    12:pent gF a0.030136986   0.0057653       0.0124100       0.8325251E-04   0.2876795                          
    13:pent gF a0.035616438   0.0057653       0.0124100       0.8325251E-04   0.2876795                          
    14:pent gF a0.041095890   0.0057653       0.0124100       0.8325251E-04   0.2876795                          
    15:pent gF a0.049315068   0.0057653       0.0124100       0.8325251E-04   0.2876795                          
    16:pent gF a0.052054794   0.0057653       0.0124100       0.8325251E-04   0.2876795                          
    17:pent gF a0.065753424   0.0057653       0.0124100       0.8325251E-04   0.2876795                          
    18:pent gF a0.071232876   0.0057653       0.0124100       0.8325251E-04   0.2876795                          
    19:pent gF a0.098630136   0.0057653       0.0124100       0.8325251E-04   0.2876795                          
    20:pent gF a0.101369863   0.0057653       0.0124100       0.8325251E-04   0.2876795                          
    21:pent gF a0.106849315   0.0057653       0.0124100       0.8325251E-04   0.2876795                          
    22:pent gF a0.109589041   0.0057653       0.0124100       0.8325251E-04   0.2876795                          
    23:pent gF a0.120547945   0.0057653       0.0124100       0.8325251E-04   0.2876795                          
    24:pent gF a0.350684931   0.0057653       0.0124100       0.8325251E-04   0.2876795                          
    25:pent gF a0.358904109   0.0057653       0.0124100       0.8325251E-04   0.2876795                          
    26:pent gF a0.613698630   0.0057653       0.0124100       0.8325251E-04   0.2876795                          
    27:pent gF a0.638356164   0.0057653       0.0124100       0.8325251E-04   0.2876795                          
    28:pent gF a0.646575342   0.0057653       0.0124100       0.8325251E-04   0.2876795                          
    29:pent gF a0.649315068   0.0057653       0.0124100       0.8325251E-04   0.2876795                          
    30:pent gF a0.652054794   0.0057653       0.0124100       0.8325251E-04   0.2876795                          
    31:pent gF a0.704109589   0.0057653       0.0124100       0.8325251E-04   0.2876795                          
    32:pent gF a0.706849315   0.0057653       0.0124100       0.8325251E-04   0.2876795                          
    33:pent gF a0.709589041   0.0057653       0.0124100       0.8325251E-04   0.2876795                          
    34:pent gF a0.827397260   0.0057653       0.0124100       0.8325251E-04   0.2876795                          
    35:pent gF a1.402739726   0.0057653       0.0124100       0.8325251E-04   0.2876795                          
    36:pent gF a1.405479452   0.0057653       0.0124100       0.8325251E-04   0.2876795                          
    37:pent gF a1.408219178   0.0057653       0.0124100       0.8325251E-04   0.2876795                          
    38:pent gM a0.005479452   0.0088072       0.0090701       0.0011581       0.0637517                          
    39:pent gM a0.008219178   0.0088072       0.0090701       0.0011581       0.0637517                          
    40:pent gM a0.010958904   0.0088072       0.0090701       0.0011581       0.0637517                          
    41:pent gM a0.016438356   0.0088072       0.0090701       0.0011581       0.0637517                          
    42:pent gM a0.024657534   0.0088072       0.0090701       0.0011581       0.0637517                          
    43:pent gM a0.027397260   0.0088072       0.0090701       0.0011581       0.0637517                          
    44:pent gM a0.030136986   0.0088072       0.0090701       0.0011581       0.0637517                          
    45:pent gM a0.035616438   0.0088072       0.0090701       0.0011581       0.0637517                          
    46:pent gM a0.041095890   0.0088072       0.0090701       0.0011581       0.0637517                          
    47:pent gM a0.049315068   0.0088072       0.0090701       0.0011581       0.0637517                          
    48:pent gM a0.052054794   0.0088072       0.0090701       0.0011581       0.0637517                          
    49:pent gM a0.065753424   0.0088072       0.0090701       0.0011581       0.0637517                          
    50:pent gM a0.071232876   0.0088072       0.0090701       0.0011581       0.0637517                          
    51:pent gM a0.098630136   0.0088072       0.0090701       0.0011581       0.0637517                          

  Program  MARK  - Survival Rate Estimation with Capture-Recapture Data
   gfortran(dble) Vers. 9.0 Mar 2018    25-Mar-2020 21:12:18    Page  011
 - - - - - - - - - - - - - - - - - - - - - - - - - - - - - - - - - - - - - -
 
    52:pent gM a0.101369863   0.0088072       0.0090701       0.0011581       0.0637517                          
    53:pent gM a0.106849315   0.0088072       0.0090701       0.0011581       0.0637517                          
    54:pent gM a0.109589041   0.0088072       0.0090701       0.0011581       0.0637517                          
    55:pent gM a0.120547945   0.0088072       0.0090701       0.0011581       0.0637517                          
    56:pent gM a0.350684931   0.0088072       0.0090701       0.0011581       0.0637517                          
    57:pent gM a0.358904109   0.0088072       0.0090701       0.0011581       0.0637517                          
    58:pent gM a0.613698630   0.0088072       0.0090701       0.0011581       0.0637517                          
    59:pent gM a0.638356164   0.0088072       0.0090701       0.0011581       0.0637517                          
    60:pent gM a0.646575342   0.0088072       0.0090701       0.0011581       0.0637517                          
    61:pent gM a0.649315068   0.0088072       0.0090701       0.0011581       0.0637517                          
    62:pent gM a0.652054794   0.0088072       0.0090701       0.0011581       0.0637517                          
    63:pent gM a0.704109589   0.0088072       0.0090701       0.0011581       0.0637517                          
    64:pent gM a0.706849315   0.0088072       0.0090701       0.0011581       0.0637517                          
    65:pent gM a0.709589041   0.0088072       0.0090701       0.0011581       0.0637517                          
    66:pent gM a0.827397260   0.0088072       0.0090701       0.0011581       0.0637517                          
    67:pent gM a1.402739726   0.0088072       0.0090701       0.0011581       0.0637517                          
    68:pent gM a1.405479452   0.0088072       0.0090701       0.0011581       0.0637517                          
    69:pent gM a1.408219178   0.0088072       0.0090701       0.0011581       0.0637517                          


                      Estimates of Derived Parameters
 Gross Birth+Immigration Estimates of { Phi(~sex)p(~sex)pent(~sex)N(~1) }
                                                95% Confidence Interval
 Grp. Occ.   B*-hat          Standard Error      Lower           Upper
 ---- ----   --------------  --------------  --------------  --------------
   1     1    0.1284305       0.2888541       0.0092508       1.7830318    
   1     2    0.1281304       0.2880860       0.0092328       1.7781642    
   1     3    0.1281304       0.2880860       0.0092328       1.7781642    
   1     4    0.1284305       0.2888541       0.0092508       1.7830318    
   1     5    0.1287311       0.2896237       0.0092688       1.7879087    
   1     6    0.1281304       0.2880860       0.0092328       1.7781642    
   1     7    0.1281304       0.2880860       0.0092328       1.7781642    
   1     8    0.1284305       0.2888541       0.0092508       1.7830318    
   1     9    0.1284305       0.2888541       0.0092508       1.7830318    
   1    10    0.1287311       0.2896237       0.0092688       1.7879087    
   1    11    0.1281304       0.2880860       0.0092328       1.7781642    
   1    12    0.1293338       0.2911670       0.0093048       1.7976897    
   1    13    0.1284305       0.2888541       0.0092508       1.7830318    
   1    14    0.1308485       0.2950498       0.0093954       1.8223022    
   1    15    0.1281304       0.2880860       0.0092328       1.7781642    
   1    16    0.1284305       0.2888541       0.0092508       1.7830318    
   1    17    0.1281304       0.2880860       0.0092328       1.7781642    
   1    18    0.1290322       0.2903947       0.0092868       1.7927946    
   1    19    0.1546295       0.3566004       0.0108034       2.2132235    
   1    20    0.1287311       0.2896237       0.0092688       1.7879087    

  Program  MARK  - Survival Rate Estimation with Capture-Recapture Data
   gfortran(dble) Vers. 9.0 Mar 2018    25-Mar-2020 21:12:18    Page  012
 - - - - - - - - - - - - - - - - - - - - - - - - - - - - - - - - - - - - - -
 
   1    21    0.1576948       0.3646049       0.0109832       2.2641528    
   1    22    0.1305446       0.2942705       0.0093773       1.8173614    
   1    23    0.1287311       0.2896237       0.0092688       1.7879087    
   1    24    0.1281304       0.2880860       0.0092328       1.7781642    
   1    25    0.1281304       0.2880860       0.0092328       1.7781642    
   1    26    0.1336045       0.3021272       0.0095600       1.8671805    
   1    27    0.1281304       0.2880860       0.0092328       1.7781642    
   1    28    0.1281304       0.2880860       0.0092328       1.7781642    
   1    29    0.1411388       0.3215544       0.0100077       1.9904736    
   1    30    0.2008625       0.4785636       0.0134899       2.9907988    
   1    31    0.1281304       0.2880860       0.0092328       1.7781642    
   1    32    0.1281304       0.2880860       0.0092328       1.7781642    
   2     1    0.3100453       0.3424658       0.0538575       1.7848616    
   2     2    0.3099075       0.3422574       0.0538442       1.7837148    
   2     3    0.3099075       0.3422574       0.0538442       1.7837148    
   2     4    0.3100453       0.3424658       0.0538575       1.7848616    
   2     5    0.3101832       0.3426744       0.0538707       1.7860091    
   2     6    0.3099075       0.3422574       0.0538442       1.7837148    
   2     7    0.3099075       0.3422574       0.0538442       1.7837148    
   2     8    0.3100453       0.3424658       0.0538575       1.7848616    
   2     9    0.3100453       0.3424658       0.0538575       1.7848616    
   2    10    0.3101832       0.3426744       0.0538707       1.7860091    
   2    11    0.3099075       0.3422574       0.0538442       1.7837148    
   2    12    0.3104591       0.3430919       0.0538973       1.7883061    
   2    13    0.3100453       0.3424658       0.0538575       1.7848616    
   2    14    0.3111496       0.3441376       0.0539637       1.7940607    
   2    15    0.3099075       0.3422574       0.0538442       1.7837148    
   2    16    0.3100453       0.3424658       0.0538575       1.7848616    
   2    17    0.3099075       0.3422574       0.0538442       1.7837148    
   2    18    0.3103211       0.3428831       0.0538840       1.7871573    
   2    19    0.3214885       0.3599440       0.0549398       1.8812383    
   2    20    0.3101832       0.3426744       0.0538707       1.7860091    
   2    21    0.3227612       0.3619086       0.0550578       1.8920981    
   2    22    0.3110115       0.3439282       0.0539504       1.7929084    
   2    23    0.3101832       0.3426744       0.0538707       1.7860091    
   2    24    0.3099075       0.3422574       0.0538442       1.7837148    
   2    25    0.3099075       0.3422574       0.0538442       1.7837148    
   2    26    0.3123951       0.3460269       0.0540830       1.8044622    
   2    27    0.3099075       0.3422574       0.0538442       1.7837148    
   2    28    0.3099075       0.3422574       0.0538442       1.7837148    
   2    29    0.3157326       0.3511100       0.0544003       1.8324718    
   2    30    0.3396070       0.3882778       0.0565813       2.0383571    
   2    31    0.3099075       0.3422574       0.0538442       1.7837148    
   2    32    0.3099075       0.3422574       0.0538442       1.7837148    

  Net Birth+Immigration Estimates of { Phi(~sex)p(~sex)pent(~sex)N(~1) }
                                                95% Confidence Interval
 Grp. Occ.   B-hat           Standard Error      Lower           Upper
 ---- ----   --------------  --------------  --------------  --------------
   1     1    0.1278307       0.2873192       0.0092148       1.7733056    
   1     2    0.1278307       0.2873192       0.0092148       1.7733056    
   1     3    0.1278307       0.2873192       0.0092148       1.7733056    
   1     4    0.1278307       0.2873192       0.0092148       1.7733056    
   1     5    0.1278307       0.2873192       0.0092148       1.7733056    
   1     6    0.1278307       0.2873192       0.0092148       1.7733056    
   1     7    0.1278307       0.2873192       0.0092148       1.7733056    
   1     8    0.1278307       0.2873192       0.0092148       1.7733056    
   1     9    0.1278307       0.2873192       0.0092148       1.7733056    
   1    10    0.1278307       0.2873192       0.0092148       1.7733056    
   1    11    0.1278307       0.2873192       0.0092148       1.7733056    
   1    12    0.1278307       0.2873192       0.0092148       1.7733056    
   1    13    0.1278307       0.2873192       0.0092148       1.7733056    
   1    14    0.1278307       0.2873192       0.0092148       1.7733056    
   1    15    0.1278307       0.2873192       0.0092148       1.7733056    
   1    16    0.1278307       0.2873192       0.0092148       1.7733056    
   1    17    0.1278307       0.2873192       0.0092148       1.7733056    
   1    18    0.1278307       0.2873192       0.0092148       1.7733056    
   1    19    0.1278307       0.2873192       0.0092148       1.7733056    
   1    20    0.1278307       0.2873192       0.0092148       1.7733056    
   1    21    0.1278307       0.2873192       0.0092148       1.7733056    
   1    22    0.1278307       0.2873192       0.0092148       1.7733056    
   1    23    0.1278307       0.2873192       0.0092148       1.7733056    
   1    24    0.1278307       0.2873192       0.0092148       1.7733056    
   1    25    0.1278307       0.2873192       0.0092148       1.7733056    
   1    26    0.1278307       0.2873192       0.0092148       1.7733056    
   1    27    0.1278307       0.2873192       0.0092148       1.7733056    
   1    28    0.1278307       0.2873192       0.0092148       1.7733056    
   1    29    0.1278307       0.2873192       0.0092148       1.7733056    
   1    30    0.1278307       0.2873192       0.0092148       1.7733056    
   1    31    0.1278307       0.2873192       0.0092148       1.7733056    
   1    32    0.1278307       0.2873192       0.0092148       1.7733056    
   2     1    0.3097696       0.3420490       0.0538309       1.7825687    
   2     2    0.3097696       0.3420490       0.0538309       1.7825687    
   2     3    0.3097696       0.3420490       0.0538309       1.7825687    
   2     4    0.3097696       0.3420490       0.0538309       1.7825687    
   2     5    0.3097696       0.3420490       0.0538309       1.7825687    
   2     6    0.3097696       0.3420490       0.0538309       1.7825687    
   2     7    0.3097696       0.3420490       0.0538309       1.7825687    
   2     8    0.3097696       0.3420490       0.0538309       1.7825687    
   2     9    0.3097696       0.3420490       0.0538309       1.7825687    
   2    10    0.3097696       0.3420490       0.0538309       1.7825687    
   2    11    0.3097696       0.3420490       0.0538309       1.7825687    
   2    12    0.3097696       0.3420490       0.0538309       1.7825687    
   2    13    0.3097696       0.3420490       0.0538309       1.7825687    
   2    14    0.3097696       0.3420490       0.0538309       1.7825687    
   2    15    0.3097696       0.3420490       0.0538309       1.7825687    
   2    16    0.3097696       0.3420490       0.0538309       1.7825687    
   2    17    0.3097696       0.3420490       0.0538309       1.7825687    
   2    18    0.3097696       0.3420490       0.0538309       1.7825687    
   2    19    0.3097696       0.3420490       0.0538309       1.7825687    
   2    20    0.3097696       0.3420490       0.0538309       1.7825687    
   2    21    0.3097696       0.3420490       0.0538309       1.7825687    
   2    22    0.3097696       0.3420490       0.0538309       1.7825687    
   2    23    0.3097696       0.3420490       0.0538309       1.7825687    
   2    24    0.3097696       0.3420490       0.0538309       1.7825687    
   2    25    0.3097696       0.3420490       0.0538309       1.7825687    
   2    26    0.3097696       0.3420490       0.0538309       1.7825687    
   2    27    0.3097696       0.3420490       0.0538309       1.7825687    
   2    28    0.3097696       0.3420490       0.0538309       1.7825687    
   2    29    0.3097696       0.3420490       0.0538309       1.7825687    
   2    30    0.3097696       0.3420490       0.0538309       1.7825687    
   2    31    0.3097696       0.3420490       0.0538309       1.7825687    
   2    32    0.3097696       0.3420490       0.0538309       1.7825687    

       Population Estimates of { Phi(~sex)p(~sex)pent(~sex)N(~1) }
                                                95% Confidence Interval
 Grp. Occ.   N-hat           Standard Error      Lower           Upper
 ---- ----   --------------  --------------  --------------  --------------
   1     1    18.081822       7.6273215       8.1804160       39.967687    
   1     2    18.041018       7.3390496       8.3783135       38.847714    

  Program  MARK  - Survival Rate Estimation with Capture-Recapture Data
   gfortran(dble) Vers. 9.0 Mar 2018    25-Mar-2020 21:12:18    Page  013
 - - - - - - - - - - - - - - - - - - - - - - - - - - - - - - - - - - - - - -
 
   1     3    18.084524       7.0666828       8.6383460       37.860258    
   1     4    18.127827       6.7975349       8.9042406       36.905798    
   1     5    18.086593       6.5229887       9.1137704       35.893471    
   1     6    17.961995       6.2462215       9.2630334       34.830196    
   1     7    18.005871       5.9878144       9.5440596       33.969966    
   1     8    18.049541       5.7336422       9.8296814       33.143082    
   1     9    18.009038       5.4806888       10.049730       32.272054    
   1    10    17.968912       5.2339562       10.270957       31.436389    
   1    11    17.845956       4.9933156       10.419386       30.565923    
   1    12    17.890374       4.7597534       10.715513       29.869356    
   1    13    17.603993       4.5409318       10.704515       28.950454    
   1    14    17.567645       4.3242709       10.920949       28.259647    
   1    15    16.891414       4.1585815       10.499677       27.174156    
   1    16    16.940293       3.9541017       10.786091       26.605889    
   1    17    16.910135       3.7678244       10.984398       26.032621    
   1    18    16.958927       3.5856092       11.256163       25.550910    
   1    19    16.771907       3.4444290       11.260850       24.980074    
   1    20    11.443239       4.0650955       5.8223875       22.490382    
   1    21    11.411360       3.9153902       5.9341858       21.943893    
   1    22    7.5087965       3.9904778       2.8250237       19.958071    
   1    23    7.3266009       3.8343507       2.7931415       19.218175    
   1    24    7.3521766       3.7011234       2.8964459       18.662354    
   1    25    7.4456429       3.5873948       3.0407746       18.231407    
   1    26    7.5386724       3.4937311       3.1756365       17.896123    
   1    27    7.0244484       3.4164880       2.8469303       17.331958    
   1    28    7.1194466       3.3571604       2.9581995       17.134246    
   1    29    7.2140007       3.3209551       3.0548571       17.035758    
   1    30    6.0255677       3.2198550       2.2562273       16.092114    
   1    31    2.3806038       2.2076955       0.5083037       11.149387    
   1    32    2.4973075       2.1536746       0.5790857       10.769640    
   1    33    2.6134657       2.1371976       0.6428287       10.625231    
   2     1    25.259776       8.6432619       13.157956       48.492053    
   2     2    25.524641       8.3183194       13.693777       47.576886    
   2     3    25.811712       7.9948406       14.261925       46.714908    
   2     4    26.098529       7.6731942       14.842932       45.889398    
   2     5    26.361902       7.3548090       15.414465       45.084267    
   2     6    26.601406       7.0406469       15.974003       44.299153    
   2     7    26.887520       6.7255945       16.590180       43.576304    
   2     8    27.173380       6.4133266       17.217096       42.887172    
   2     9    27.434842       6.1068718       17.828364       42.217591    
   2    10    27.695840       5.8042800       18.447458       41.580774    
   2    11    27.931789       5.5094819       19.045732       40.963762    
   2    12    28.216720       5.2124314       19.705148       40.404835    
   2    13    28.401252       4.9374040       20.251542       39.830602    
   2    14    28.660532       4.6563647       20.887673       39.325878    
   2    15    28.716451       4.4250009       21.268312       38.772921    

  Program  MARK  - Survival Rate Estimation with Capture-Recapture Data
   gfortran(dble) Vers. 9.0 Mar 2018    25-Mar-2020 21:12:18    Page  014
 - - - - - - - - - - - - - - - - - - - - - - - - - - - - - - - - - - - - - -
 
   2    16    29.000684       4.1545606       21.932288       38.347103    
   2    17    29.258898       3.9006386       22.556811       37.952313    
   2    18    29.542649       3.6530548       23.205580       37.610270    
   2    19    29.747474       3.4401125       23.732245       37.287338    
   2    20    27.915211       4.0762116       20.999077       37.109203    
   2    21    28.150575       3.9005266       21.483420       36.886813    
   2    22    26.224966       4.9894612       18.121874       37.951310    
   2    23    26.325593       4.9403896       18.281627       37.908927    
   2    24    26.565194       4.8259236       18.660852       37.817648    
   2    25    26.851340       4.7026218       19.099069       37.750242    
   2    26    27.137232       4.6006865       19.510855       37.744598    
   2    27    26.992142       4.7817736       19.125114       38.095238    
   2    28    27.277909       4.7191981       19.481894       38.193634    
   2    29    27.563421       4.6798585       19.807730       38.355843    
   2    30    26.838658       5.2386062       18.372293       39.206513    
   2    31    22.574749       7.6906868       11.791156       43.220468    
   2    32    22.864444       7.6248302       12.098914       43.209066    
   2    33    23.153881       7.5735442       12.394773       43.252280    

    Gross Population Estimates of { Phi(~sex)p(~sex)pent(~sex)N(~1) }
                                                95% Confidence Interval
 Grp. Occ.   N*-hat          Standard Error      Lower           Upper
 ---- ----   --------------  --------------  --------------  --------------
   1     0    22.340714       4.0479979       15.707451       31.775207    
   2     0    35.244504       3.8580070       28.457125       43.650757    

   CPU Time for the last procedure was 0.17 seconds.     

  Program  MARK  - Survival Rate Estimation with Capture-Recapture Data
   gfortran(dble) Vers. 9.0 Mar 2018    25-Mar-2020 21:12:18    Page  015
 - - - - - - - - - - - - - - - - - - - - - - - - - - - - - - - - - - - - - -
 


  INPUT --- proc stop;

     CPU Time in minutes for this job was 0.00

     Time Start = 21:12:18.469   Time End = 21:12:18.906

     Wall Clock Time in minutes for this job was 0.01


          E X E C U T I O N   S U C C E S S F U L 
