
   Program  MARK  - Survival Rate Estimation with Capture-Recapture Data
   gfortran(dble) Vers. 9.0 Mar 2018    25-Mar-2020 14:32:09    Page  001
 - - - - - - - - - - - - - - - - - - - - - - - - - - - - - - - - - - - - - -
 
   This version was compiled by GCC version 7.2.0 using the options: 
     -cpp -iprefix C:/Program Files/mingw-w64/x86_64-7.2.0-posix-seh-rt_v5-rev1/
     mingw64/bin/../lib/gcc/x86_64-w64-mingw32/7.2.0/ -D_MT -D_REENTRANT
     -U_REENTRANT -D IEEE -D DBLEPRECISION -m64 -mtune=core2 -march=nocona -mthreads
     -O2 -fimplicit-none -fbounds-check -funroll-loops -ftree-vectorize
     -ffpe-summary=invalid,zero,overflow,underflow -fno-unsafe-math-optimizations
     -frounding-math -fsignaling-nans -fopenmp.

   This problem will use 15 of 16 possible threads.


  INPUT --- proc title ;

   CPU Time for the last procedure was 0.01 seconds.     


  INPUT --- proc chmatrix occasions= 30 groups= 2 etype= POPAN Nodes= 
  INPUT --- 101 ICMeans NoHist hist= 41  ;

  INPUT ---    time interval 0.00547945205479452 0.00273972602739726 
  INPUT ---    0.00273972602739726 0.00547945205479452  
  INPUT ---    0.00821917808219178 0.00273972602739726 0.00273972602739726 
  INPUT ---    0.00547945205479452  0.00547945205479452 
  INPUT ---    0.00821917808219178 0.00273972602739726 0.0136986301369863 
  INPUT ---    0.00547945205479452  0.0273972602739726 0.00273972602739726 
  INPUT ---    0.00547945205479452 0.00273972602739726 0.010958904109589  
  INPUT ---    0.23013698630137 0.00821917808219178 0.254794520547945 
  INPUT ---    0.0246575342465753 0.00821917808219178  0.00273972602739726 
  INPUT ---    0.00273972602739726 0.0520547945205479 0.00273972602739726 
  INPUT ---    0.00273972602739726  0.117808219178082 ;

  INPUT ---    glabel(1)=sexF;

  INPUT ---    glabel(2)=sexM;

   * *  WARNING  * *   At least a pair of the encounter histories are duplicates. 

      Number of unique encounter histories read was 38.

      Number of individual covariates read was 0.
      Time interval lengths vary and/or not equal to 1.

      Data type number is 19
      Data type is POPAN                                                                                               

   CPU Time for the last procedure was 0.01 seconds.     

  Program  MARK  - Survival Rate Estimation with Capture-Recapture Data
   gfortran(dble) Vers. 9.0 Mar 2018    25-Mar-2020 14:32:09    Page  002
 - - - - - - - - - - - - - - - - - - - - - - - - - - - - - - - - - - - - - -
 


  INPUT --- proc estimate link=Parm-Specific NOLOOP varest=2ndPart    ;


  INPUT --- model={ Phi(~1)p(~1)pent(~1)N(~1) };

  INPUT ---    group=1 Phi    rows=1 cols=29 Square ;
  INPUT ---        1 1 1 1 1 1 1 1 1 1 1 1 1 1 1 1 1 1 1 1 1 1 1 1 1 1 1 1 1 ;

  INPUT ---    group=2 Phi    rows=1 cols=29 Square ;
  INPUT ---        1 1 1 1 1 1 1 1 1 1 1 1 1 1 1 1 1 1 1 1 1 1 1 1 1 1 1 1 1 ;

  INPUT ---    group=1 p    rows=1 cols=30 Square ;
  INPUT ---        2 2 2 2 2 2 2 2 2 2 2 2 2 2 2 2 2 2 2 2 2 2 2 2 2 2 2 2 2 
  INPUT ---       2 ;

  INPUT ---    group=2 p    rows=1 cols=30 Square ;
  INPUT ---        2 2 2 2 2 2 2 2 2 2 2 2 2 2 2 2 2 2 2 2 2 2 2 2 2 2 2 2 2 
  INPUT ---       2 ;

  INPUT ---    group=1 pent    rows=1 cols=29 Square ;
  INPUT ---        4 5 6 7 8 9 10 11 12 13 14 15 16 17 18 19 20 21 22 23 24 
  INPUT ---       25 26 27 28 29 30 31 32 ;

  INPUT ---    group=2 pent    rows=1 cols=29 Square ;
  INPUT ---        33 34 35 36 37 38 39 40 41 42 43 44 45 46 47 48 49 50 51 
  INPUT ---       52 53 54 55 56 57 58 59 60 61 ;

  INPUT ---    group=1 N    rows=1 cols=1 Square ;
  INPUT ---        3 ;

  INPUT ---    group=2 N    rows=1 cols=1 Square ;
  INPUT ---        3 ;

  INPUT ---    design matrix constraints=61 covariates=4;
  INPUT ---        1 0 0 0;
  INPUT ---        0 1 0 0;
  INPUT ---        0 0 0 1;
  INPUT ---        0 0 1 0;
  INPUT ---        0 0 1 0;
  INPUT ---        0 0 1 0;
  INPUT ---        0 0 1 0;
  INPUT ---        0 0 1 0;
  INPUT ---        0 0 1 0;
  INPUT ---        0 0 1 0;

  Program  MARK  - Survival Rate Estimation with Capture-Recapture Data
   gfortran(dble) Vers. 9.0 Mar 2018    25-Mar-2020 14:32:09    Page  003
 - - - - - - - - - - - - - - - - - - - - - - - - - - - - - - - - - - - - - -
 
  INPUT ---        0 0 1 0;
  INPUT ---        0 0 1 0;
  INPUT ---        0 0 1 0;
  INPUT ---        0 0 1 0;
  INPUT ---        0 0 1 0;
  INPUT ---        0 0 1 0;
  INPUT ---        0 0 1 0;
  INPUT ---        0 0 1 0;
  INPUT ---        0 0 1 0;
  INPUT ---        0 0 1 0;
  INPUT ---        0 0 1 0;
  INPUT ---        0 0 1 0;
  INPUT ---        0 0 1 0;
  INPUT ---        0 0 1 0;
  INPUT ---        0 0 1 0;
  INPUT ---        0 0 1 0;
  INPUT ---        0 0 1 0;
  INPUT ---        0 0 1 0;
  INPUT ---        0 0 1 0;
  INPUT ---        0 0 1 0;
  INPUT ---        0 0 1 0;
  INPUT ---        0 0 1 0;
  INPUT ---        0 0 1 0;
  INPUT ---        0 0 1 0;
  INPUT ---        0 0 1 0;
  INPUT ---        0 0 1 0;
  INPUT ---        0 0 1 0;
  INPUT ---        0 0 1 0;
  INPUT ---        0 0 1 0;
  INPUT ---        0 0 1 0;
  INPUT ---        0 0 1 0;
  INPUT ---        0 0 1 0;
  INPUT ---        0 0 1 0;
  INPUT ---        0 0 1 0;
  INPUT ---        0 0 1 0;
  INPUT ---        0 0 1 0;
  INPUT ---        0 0 1 0;
  INPUT ---        0 0 1 0;
  INPUT ---        0 0 1 0;
  INPUT ---        0 0 1 0;
  INPUT ---        0 0 1 0;
  INPUT ---        0 0 1 0;
  INPUT ---        0 0 1 0;
  INPUT ---        0 0 1 0;
  INPUT ---        0 0 1 0;
  INPUT ---        0 0 1 0;

  Program  MARK  - Survival Rate Estimation with Capture-Recapture Data
   gfortran(dble) Vers. 9.0 Mar 2018    25-Mar-2020 14:32:09    Page  004
 - - - - - - - - - - - - - - - - - - - - - - - - - - - - - - - - - - - - - -
 
  INPUT ---        0 0 1 0;
  INPUT ---        0 0 1 0;
  INPUT ---        0 0 1 0;
  INPUT ---        0 0 1 0;
  INPUT ---        0 0 1 0;

  INPUT ---    links=61;

  INPUT ---    Logit;

  INPUT ---    Logit;

  INPUT ---    Log;

  INPUT ---    mlogit(1);

  INPUT ---    mlogit(1);

  INPUT ---    mlogit(1);

  INPUT ---    mlogit(1);

  INPUT ---    mlogit(1);

  INPUT ---    mlogit(1);

  INPUT ---    mlogit(1);

  INPUT ---    mlogit(1);

  INPUT ---    mlogit(1);

  INPUT ---    mlogit(1);

  INPUT ---    mlogit(1);

  INPUT ---    mlogit(1);

  INPUT ---    mlogit(1);

  INPUT ---    mlogit(1);

  INPUT ---    mlogit(1);

  INPUT ---    mlogit(1);


  Program  MARK  - Survival Rate Estimation with Capture-Recapture Data
   gfortran(dble) Vers. 9.0 Mar 2018    25-Mar-2020 14:32:09    Page  005
 - - - - - - - - - - - - - - - - - - - - - - - - - - - - - - - - - - - - - -
 
  INPUT ---    mlogit(1);

  INPUT ---    mlogit(1);

  INPUT ---    mlogit(1);

  INPUT ---    mlogit(1);

  INPUT ---    mlogit(1);

  INPUT ---    mlogit(1);

  INPUT ---    mlogit(1);

  INPUT ---    mlogit(1);

  INPUT ---    mlogit(1);

  INPUT ---    mlogit(1);

  INPUT ---    mlogit(1);

  INPUT ---    mlogit(1);

  INPUT ---    mlogit(1);

  INPUT ---    mlogit(2);

  INPUT ---    mlogit(2);

  INPUT ---    mlogit(2);

  INPUT ---    mlogit(2);

  INPUT ---    mlogit(2);

  INPUT ---    mlogit(2);

  INPUT ---    mlogit(2);

  INPUT ---    mlogit(2);

  INPUT ---    mlogit(2);

  INPUT ---    mlogit(2);


  Program  MARK  - Survival Rate Estimation with Capture-Recapture Data
   gfortran(dble) Vers. 9.0 Mar 2018    25-Mar-2020 14:32:09    Page  006
 - - - - - - - - - - - - - - - - - - - - - - - - - - - - - - - - - - - - - -
 
  INPUT ---    mlogit(2);

  INPUT ---    mlogit(2);

  INPUT ---    mlogit(2);

  INPUT ---    mlogit(2);

  INPUT ---    mlogit(2);

  INPUT ---    mlogit(2);

  INPUT ---    mlogit(2);

  INPUT ---    mlogit(2);

  INPUT ---    mlogit(2);

  INPUT ---    mlogit(2);

  INPUT ---    mlogit(2);

  INPUT ---    mlogit(2);

  INPUT ---    mlogit(2);

  INPUT ---    mlogit(2);

  INPUT ---    mlogit(2);

  INPUT ---    mlogit(2);

  INPUT ---    mlogit(2);

  INPUT ---    mlogit(2);

  INPUT ---    mlogit(2);
  INPUT ---       blabel(1)=Phi:(Intercept);
  INPUT ---       blabel(2)=p:(Intercept);
  INPUT ---       blabel(3)=pent:(Intercept);
  INPUT ---       blabel(4)=N:(Intercept);
  INPUT ---       rlabel(1)=Phi gF a0 t1;
  INPUT ---       rlabel(2)=p gF a0 t1;
  INPUT ---       rlabel(3)=N gF a0 t1;
  INPUT ---       rlabel(4)=pent gF a0.00547945205479452 t1.00547945205479;
  INPUT ---       rlabel(5)=pent gF a0.00821917808219178 t1.00821917808219;

  Program  MARK  - Survival Rate Estimation with Capture-Recapture Data
   gfortran(dble) Vers. 9.0 Mar 2018    25-Mar-2020 14:32:09    Page  007
 - - - - - - - - - - - - - - - - - - - - - - - - - - - - - - - - - - - - - -
 
  INPUT ---       rlabel(6)=pent gF a0.010958904109589 t1.01095890410959;
  INPUT ---       rlabel(7)=pent gF a0.0164383561643836 t1.01643835616438;
  INPUT ---       rlabel(8)=pent gF a0.0246575342465753 t1.02465753424658;
  INPUT ---       rlabel(9)=pent gF a0.0273972602739726 t1.02739726027397;
  INPUT ---       rlabel(10)=pent gF a0.0301369863013699 t1.03013698630137;
  INPUT ---       rlabel(11)=pent gF a0.0356164383561644 t1.03561643835616;
  INPUT ---       rlabel(12)=pent gF a0.0410958904109589 t1.04109589041096;
  INPUT ---       rlabel(13)=pent gF a0.0493150684931507 t1.04931506849315;
  INPUT ---       rlabel(14)=pent gF a0.0520547945205479 t1.05205479452055;
  INPUT ---       rlabel(15)=pent gF a0.0657534246575342 t1.06575342465753;
  INPUT ---       rlabel(16)=pent gF a0.0712328767123288 t1.07123287671233;
  INPUT ---       rlabel(17)=pent gF a0.0986301369863014 t1.0986301369863;
  INPUT ---       rlabel(18)=pent gF a0.101369863013699 t1.1013698630137;
  INPUT ---       rlabel(19)=pent gF a0.106849315068493 t1.10684931506849;
  INPUT ---       rlabel(20)=pent gF a0.10958904109589 t1.10958904109589;
  INPUT ---       rlabel(21)=pent gF a0.120547945205479 t1.12054794520548;
  INPUT ---       rlabel(22)=pent gF a0.350684931506849 t1.35068493150685;
  INPUT ---       rlabel(23)=pent gF a0.358904109589041 t1.35890410958904;
  INPUT ---       rlabel(24)=pent gF a0.613698630136986 t1.61369863013699;
  INPUT ---       rlabel(25)=pent gF a0.638356164383562 t1.63835616438356;
  INPUT ---       rlabel(26)=pent gF a0.646575342465753 t1.64657534246575;
  INPUT ---       rlabel(27)=pent gF a0.649315068493151 t1.64931506849315;
  INPUT ---       rlabel(28)=pent gF a0.652054794520548 t1.65205479452055;
  INPUT ---       rlabel(29)=pent gF a0.704109589041096 t1.7041095890411;
  INPUT ---       rlabel(30)=pent gF a0.706849315068493 t1.70684931506849;
  INPUT ---       rlabel(31)=pent gF a0.70958904109589 t1.70958904109589;
  INPUT ---       rlabel(32)=pent gF a0.827397260273973 t1.82739726027397;
  INPUT ---       rlabel(33)=pent gM a0.00547945205479452 t1.00547945205479;
  INPUT ---       rlabel(34)=pent gM a0.00821917808219178 t1.00821917808219;
  INPUT ---       rlabel(35)=pent gM a0.010958904109589 t1.01095890410959;
  INPUT ---       rlabel(36)=pent gM a0.0164383561643836 t1.01643835616438;
  INPUT ---       rlabel(37)=pent gM a0.0246575342465753 t1.02465753424658;
  INPUT ---       rlabel(38)=pent gM a0.0273972602739726 t1.02739726027397;
  INPUT ---       rlabel(39)=pent gM a0.0301369863013699 t1.03013698630137;
  INPUT ---       rlabel(40)=pent gM a0.0356164383561644 t1.03561643835616;
  INPUT ---       rlabel(41)=pent gM a0.0410958904109589 t1.04109589041096;
  INPUT ---       rlabel(42)=pent gM a0.0493150684931507 t1.04931506849315;
  INPUT ---       rlabel(43)=pent gM a0.0520547945205479 t1.05205479452055;
  INPUT ---       rlabel(44)=pent gM a0.0657534246575342 t1.06575342465753;
  INPUT ---       rlabel(45)=pent gM a0.0712328767123288 t1.07123287671233;
  INPUT ---       rlabel(46)=pent gM a0.0986301369863014 t1.0986301369863;
  INPUT ---       rlabel(47)=pent gM a0.101369863013699 t1.1013698630137;
  INPUT ---       rlabel(48)=pent gM a0.106849315068493 t1.10684931506849;
  INPUT ---       rlabel(49)=pent gM a0.10958904109589 t1.10958904109589;
  INPUT ---       rlabel(50)=pent gM a0.120547945205479 t1.12054794520548;
  INPUT ---       rlabel(51)=pent gM a0.350684931506849 t1.35068493150685;

  Program  MARK  - Survival Rate Estimation with Capture-Recapture Data
   gfortran(dble) Vers. 9.0 Mar 2018    25-Mar-2020 14:32:09    Page  008
 - - - - - - - - - - - - - - - - - - - - - - - - - - - - - - - - - - - - - -
 
  INPUT ---       rlabel(52)=pent gM a0.358904109589041 t1.35890410958904;
  INPUT ---       rlabel(53)=pent gM a0.613698630136986 t1.61369863013699;
  INPUT ---       rlabel(54)=pent gM a0.638356164383562 t1.63835616438356;
  INPUT ---       rlabel(55)=pent gM a0.646575342465753 t1.64657534246575;
  INPUT ---       rlabel(56)=pent gM a0.649315068493151 t1.64931506849315;
  INPUT ---       rlabel(57)=pent gM a0.652054794520548 t1.65205479452055;
  INPUT ---       rlabel(58)=pent gM a0.704109589041096 t1.7041095890411;
  INPUT ---       rlabel(59)=pent gM a0.706849315068493 t1.70684931506849;
  INPUT ---       rlabel(60)=pent gM a0.70958904109589 t1.70958904109589;
  INPUT ---       rlabel(61)=pent gM a0.827397260273973 t1.82739726027397;

 Link Function Used is PARM-SPECIFIC

 Variance Estimation Procedure Used is 2ndPart 

 M(t+1):
      16     29



 Group: 1

 U(t)+UL(t):
       0    2    2    0    1    0    3    1    1    0    0    0    0    0    1
       0    0    0    2    1    1    0    0    0    1    0    0    0    0    0

 U(t):
       0    2    2    0    1    0    3    1    1    0    0    0    0    0    1
       0    0    0    2    1    1    0    0    0    1    0    0    0    0    0

 UL(t):
       0    0    0    0    0    0    0    0    0    0    0    0    0    0    0
       0    0    0    0    0    0    0    0    0    0    0    0    0    0    0

 Not Released(t):
       0    0    0    0    0    0    0    0    0    0    0    0    0    0    0
       0    0    0    0    0    0    0    0    0    0    0    0    0    0    0

 Group: 2

 U(t)+UL(t):
       3    0    1    1    1    1    1    0    1    1    2    1    3    3    1
       1    0    2    3    1    0    0    1    0    0    0    0    0    0    1

 U(t):
       3    0    1    1    1    1    1    0    1    1    2    1    3    3    1
       1    0    2    3    1    0    0    1    0    0    0    0    0    0    1

 UL(t):
       0    0    0    0    0    0    0    0    0    0    0    0    0    0    0
       0    0    0    0    0    0    0    0    0    0    0    0    0    0    0

 Not Released(t):
       0    0    0    0    0    0    0    0    0    0    0    0    0    0    0
       0    0    0    0    0    0    0    0    0    0    0    0    0    0    0
 -2logL(saturated) = 272.93564     
 Effective Sample Size = 98

 Number of function evaluations was 21 for 4 parameters.
 Time for numerical optimization was 0.01 seconds.     
 -2logL { Phi(~1)p(~1)pent(~1)N(~1) } = 516.85905     
 Penalty { Phi(~1)p(~1)pent(~1)N(~1) } = 0.0000000     
 Gradient { Phi(~1)p(~1)pent(~1)N(~1) }:
  0.5558551E-05  0.2171372E-05   0.000000      0.2803144E-05
 Maximum ABS(G) { Phi(~1)p(~1)pent(~1)N(~1) } = 0.5558551E-05 
 S Vector { Phi(~1)p(~1)pent(~1)N(~1) }:
   78.39743      5.921494      1.831522     0.3387008    
 Time to compute number of parameters was 0.01 seconds.     
 Ratio Threshold = 50.000000       Max Gap (1/2) = 13.239466       Next Max Gap (1/2) = 13.239466     
 Gap Method for Num. of Estimated Parameters { Phi(~1)p(~1)pent(~1)N(~1) } = 4          
 Threshold { Phi(~1)p(~1)pent(~1)N(~1) } = 0.1111710E-04                 
 Numerical Threshold Method for Num. of Estimated Parameters { Phi(~1)p(~1)pent(~1)N(~1) } = 4          
 Number of Estimated Parameters { Phi(~1)p(~1)pent(~1)N(~1) } = 4          
 DEVIANCE { Phi(~1)p(~1)pent(~1)N(~1) } = 243.92341                     
 DEVIANCE Degrees of Freedom { Phi(~1)p(~1)pent(~1)N(~1) } = 37            
 c-hat { Phi(~1)p(~1)pent(~1)N(~1) } = 6.5925246                     
 AIC { Phi(~1)p(~1)pent(~1)N(~1) } = 524.85905                  
 AICc { Phi(~1)p(~1)pent(~1)N(~1) } = 525.28916                    
 BIC { Phi(~1)p(~1)pent(~1)N(~1) } = 535.19892                    
 Pearson Chisquare { Phi(~1)p(~1)pent(~1)N(~1) } = 244109.83                  
 Possible Encounter Histories { Phi(~1)p(~1)pent(~1)N(~1) } = 2147483646             
 Pearson Chisquare df { Phi(~1)p(~1)pent(~1)N(~1) } = 2147483640        
 Pearson chat { Phi(~1)p(~1)pent(~1)N(~1) } = 0.1136725E-03              
 Sum(Observed/Expected) { Phi(~1)p(~1)pent(~1)N(~1) } = 243897.55                  
 Fletcher chat { Phi(~1)p(~1)pent(~1)N(~1) } = 1.0008704                  


                PARM-SPECIFIC Link Function Parameters of { Phi(~1)p(~1)pent(~1)N(~1) }
                                                              95% Confidence Interval
 Parameter                    Beta         Standard Error      Lower           Upper
 -------------------------  --------------  --------------  --------------  --------------
    1:Phi:(Intercept)        0.3725509       1.0290855      -1.6444567       2.3895586    
    2:p:(Intercept)         -2.5136292       0.1893920      -2.8848375      -2.1424208    
    3:pent:(Intercept)      -4.4585581       1.4771836      -7.3538380      -1.5632782    
    4:N:(Intercept)          1.7217278       0.6349226       0.4772795       2.9661762    


                Real Function Parameters of { Phi(~1)p(~1)pent(~1)N(~1) }
                                                               95% Confidence Interval
  Parameter                  Estimate       Standard Error      Lower           Upper
 --------------------------  --------------  --------------  --------------  --------------
     1:Phi gF a0 t1           0.5920752       0.2485469       0.1618595       0.9160276                          

  Program  MARK  - Survival Rate Estimation with Capture-Recapture Data
   gfortran(dble) Vers. 9.0 Mar 2018    25-Mar-2020 14:32:09    Page  009
 - - - - - - - - - - - - - - - - - - - - - - - - - - - - - - - - - - - - - -
 
     2:p gF a0 t1             0.0749082       0.0131243       0.0529082       0.1050416                          
     3:N gF a0 t1             21.594186       3.5518752       17.787902       33.503707                          
     4:pent gF a0.005479452   0.0086683       0.0095858       0.9811617E-03   0.0722278                          
     5:pent gF a0.008219178   0.0086683       0.0095858       0.9811617E-03   0.0722278                          
     6:pent gF a0.010958904   0.0086683       0.0095858       0.9811617E-03   0.0722278                          
     7:pent gF a0.016438356   0.0086683       0.0095858       0.9811617E-03   0.0722278                          
     8:pent gF a0.024657534   0.0086683       0.0095858       0.9811617E-03   0.0722278                          
     9:pent gF a0.027397260   0.0086683       0.0095858       0.9811617E-03   0.0722278                          
    10:pent gF a0.030136986   0.0086683       0.0095858       0.9811617E-03   0.0722278                          
    11:pent gF a0.035616438   0.0086683       0.0095858       0.9811617E-03   0.0722278                          
    12:pent gF a0.041095890   0.0086683       0.0095858       0.9811617E-03   0.0722278                          
    13:pent gF a0.049315068   0.0086683       0.0095858       0.9811617E-03   0.0722278                          
    14:pent gF a0.052054794   0.0086683       0.0095858       0.9811617E-03   0.0722278                          
    15:pent gF a0.065753424   0.0086683       0.0095858       0.9811617E-03   0.0722278                          
    16:pent gF a0.071232876   0.0086683       0.0095858       0.9811617E-03   0.0722278                          
    17:pent gF a0.098630136   0.0086683       0.0095858       0.9811617E-03   0.0722278                          
    18:pent gF a0.101369863   0.0086683       0.0095858       0.9811617E-03   0.0722278                          
    19:pent gF a0.106849315   0.0086683       0.0095858       0.9811617E-03   0.0722278                          
    20:pent gF a0.109589041   0.0086683       0.0095858       0.9811617E-03   0.0722278                          
    21:pent gF a0.120547945   0.0086683       0.0095858       0.9811617E-03   0.0722278                          
    22:pent gF a0.350684931   0.0086683       0.0095858       0.9811617E-03   0.0722278                          
    23:pent gF a0.358904109   0.0086683       0.0095858       0.9811617E-03   0.0722278                          
    24:pent gF a0.613698630   0.0086683       0.0095858       0.9811617E-03   0.0722278                          
    25:pent gF a0.638356164   0.0086683       0.0095858       0.9811617E-03   0.0722278                          
    26:pent gF a0.646575342   0.0086683       0.0095858       0.9811617E-03   0.0722278                          
    27:pent gF a0.649315068   0.0086683       0.0095858       0.9811617E-03   0.0722278                          
    28:pent gF a0.652054794   0.0086683       0.0095858       0.9811617E-03   0.0722278                          
    29:pent gF a0.704109589   0.0086683       0.0095858       0.9811617E-03   0.0722278                          
    30:pent gF a0.706849315   0.0086683       0.0095858       0.9811617E-03   0.0722278                          
    31:pent gF a0.709589041   0.0086683       0.0095858       0.9811617E-03   0.0722278                          
    32:pent gF a0.827397260   0.0086683       0.0095858       0.9811617E-03   0.0722278                          
    33:pent gM a0.005479452   0.0086683       0.0095858       0.9811617E-03   0.0722278                          
    34:pent gM a0.008219178   0.0086683       0.0095858       0.9811617E-03   0.0722278                          
    35:pent gM a0.010958904   0.0086683       0.0095858       0.9811617E-03   0.0722278                          
    36:pent gM a0.016438356   0.0086683       0.0095858       0.9811617E-03   0.0722278                          
    37:pent gM a0.024657534   0.0086683       0.0095858       0.9811617E-03   0.0722278                          
    38:pent gM a0.027397260   0.0086683       0.0095858       0.9811617E-03   0.0722278                          
    39:pent gM a0.030136986   0.0086683       0.0095858       0.9811617E-03   0.0722278                          
    40:pent gM a0.035616438   0.0086683       0.0095858       0.9811617E-03   0.0722278                          
    41:pent gM a0.041095890   0.0086683       0.0095858       0.9811617E-03   0.0722278                          
    42:pent gM a0.049315068   0.0086683       0.0095858       0.9811617E-03   0.0722278                          
    43:pent gM a0.052054794   0.0086683       0.0095858       0.9811617E-03   0.0722278                          
    44:pent gM a0.065753424   0.0086683       0.0095858       0.9811617E-03   0.0722278                          
    45:pent gM a0.071232876   0.0086683       0.0095858       0.9811617E-03   0.0722278                          
    46:pent gM a0.098630136   0.0086683       0.0095858       0.9811617E-03   0.0722278                          
    47:pent gM a0.101369863   0.0086683       0.0095858       0.9811617E-03   0.0722278                          

  Program  MARK  - Survival Rate Estimation with Capture-Recapture Data
   gfortran(dble) Vers. 9.0 Mar 2018    25-Mar-2020 14:32:09    Page  010
 - - - - - - - - - - - - - - - - - - - - - - - - - - - - - - - - - - - - - -
 
    48:pent gM a0.106849315   0.0086683       0.0095858       0.9811617E-03   0.0722278                          
    49:pent gM a0.109589041   0.0086683       0.0095858       0.9811617E-03   0.0722278                          
    50:pent gM a0.120547945   0.0086683       0.0095858       0.9811617E-03   0.0722278                          
    51:pent gM a0.350684931   0.0086683       0.0095858       0.9811617E-03   0.0722278                          
    52:pent gM a0.358904109   0.0086683       0.0095858       0.9811617E-03   0.0722278                          
    53:pent gM a0.613698630   0.0086683       0.0095858       0.9811617E-03   0.0722278                          
    54:pent gM a0.638356164   0.0086683       0.0095858       0.9811617E-03   0.0722278                          
    55:pent gM a0.646575342   0.0086683       0.0095858       0.9811617E-03   0.0722278                          
    56:pent gM a0.649315068   0.0086683       0.0095858       0.9811617E-03   0.0722278                          
    57:pent gM a0.652054794   0.0086683       0.0095858       0.9811617E-03   0.0722278                          
    58:pent gM a0.704109589   0.0086683       0.0095858       0.9811617E-03   0.0722278                          
    59:pent gM a0.706849315   0.0086683       0.0095858       0.9811617E-03   0.0722278                          
    60:pent gM a0.709589041   0.0086683       0.0095858       0.9811617E-03   0.0722278                          
    61:pent gM a0.827397260   0.0086683       0.0095858       0.9811617E-03   0.0722278                          


                      Estimates of Derived Parameters
    Gross Birth+Immigration Estimates of { Phi(~1)p(~1)pent(~1)N(~1) }
                                                95% Confidence Interval
 Grp. Occ.   B*-hat          Standard Error      Lower           Upper
 ---- ----   --------------  --------------  --------------  --------------
   1     1    0.1874538       0.2310616       0.0284876       1.2334805    
   1     2    0.1873193       0.2308294       0.0284773       1.2321594    
   1     3    0.1873193       0.2308294       0.0284773       1.2321594    
   1     4    0.1874538       0.2310616       0.0284876       1.2334805    
   1     5    0.1875883       0.2312941       0.0284980       1.2348028    
   1     6    0.1873193       0.2308294       0.0284773       1.2321594    
   1     7    0.1873193       0.2308294       0.0284773       1.2321594    
   1     8    0.1874538       0.2310616       0.0284876       1.2334805    
   1     9    0.1874538       0.2310616       0.0284876       1.2334805    
   1    10    0.1875883       0.2312941       0.0284980       1.2348028    
   1    11    0.1873193       0.2308294       0.0284773       1.2321594    
   1    12    0.1878576       0.2317594       0.0285187       1.2374506    
   1    13    0.1874538       0.2310616       0.0284876       1.2334805    
   1    14    0.1885320       0.2329257       0.0285706       1.2440891    
   1    15    0.1873193       0.2308294       0.0284773       1.2321594    
   1    16    0.1874538       0.2310616       0.0284876       1.2334805    
   1    17    0.1873193       0.2308294       0.0284773       1.2321594    
   1    18    0.1877229       0.2315266       0.0285083       1.2361261    
   1    19    0.1987008       0.2506956       0.0293431       1.3455308    
   1    20    0.1875883       0.2312941       0.0284980       1.2348028    
   1    21    0.1999616       0.2529216       0.0294378       1.3582762    
   1    22    0.1883970       0.2326921       0.0285602       1.2427592    
   1    23    0.1875883       0.2312941       0.0284980       1.2348028    
   1    24    0.1873193       0.2308294       0.0284773       1.2321594    

  Program  MARK  - Survival Rate Estimation with Capture-Recapture Data
   gfortran(dble) Vers. 9.0 Mar 2018    25-Mar-2020 14:32:09    Page  011
 - - - - - - - - - - - - - - - - - - - - - - - - - - - - - - - - - - - - - -
 
   1    25    0.1873193       0.2308294       0.0284773       1.2321594    
   1    26    0.1897500       0.2350361       0.0286640       1.2561072    
   1    27    0.1873193       0.2308294       0.0284773       1.2321594    
   1    28    0.1873193       0.2308294       0.0284773       1.2321594    
   1    29    0.1930233       0.2407327       0.0289138       1.2885878    
   2     1    0.3003036       0.3556030       0.0479391       1.8811836    
   2     2    0.3000881       0.3552421       0.0479221       1.8791502    
   2     3    0.3000881       0.3552421       0.0479221       1.8791502    
   2     4    0.3003036       0.3556030       0.0479391       1.8811836    
   2     5    0.3005191       0.3559642       0.0479560       1.8832188    
   2     6    0.3000881       0.3552421       0.0479221       1.8791502    
   2     7    0.3000881       0.3552421       0.0479221       1.8791502    
   2     8    0.3003036       0.3556030       0.0479391       1.8811836    
   2     9    0.3003036       0.3556030       0.0479391       1.8811836    
   2    10    0.3005191       0.3559642       0.0479560       1.8832188    
   2    11    0.3000881       0.3552421       0.0479221       1.8791502    
   2    12    0.3009505       0.3566874       0.0479900       1.8872943    
   2    13    0.3003036       0.3556030       0.0479391       1.8811836    
   2    14    0.3020309       0.3585002       0.0480749       1.8975132    
   2    15    0.3000881       0.3552421       0.0479221       1.8791502    
   2    16    0.3003036       0.3556030       0.0479391       1.8811836    
   2    17    0.3000881       0.3552421       0.0479221       1.8791502    
   2    18    0.3007348       0.3563257       0.0479730       1.8852557    
   2    19    0.3183215       0.3861332       0.0493378       2.0537730    
   2    20    0.3005191       0.3559642       0.0479560       1.8832188    
   2    21    0.3203413       0.3895965       0.0494924       2.0734193    
   2    22    0.3018146       0.3581371       0.0480579       1.8954660    
   2    23    0.3005191       0.3559642       0.0479560       1.8832188    
   2    24    0.3000881       0.3552421       0.0479221       1.8791502    
   2    25    0.3000881       0.3552421       0.0479221       1.8791502    
   2    26    0.3039821       0.3617805       0.0482277       1.9160152    
   2    27    0.3000881       0.3552421       0.0479221       1.8791502    
   2    28    0.3000881       0.3552421       0.0479221       1.8791502    
   2    29    0.3092260       0.3706371       0.0486363       1.9660343    

     Net Birth+Immigration Estimates of { Phi(~1)p(~1)pent(~1)N(~1) }
                                                95% Confidence Interval
 Grp. Occ.   B-hat           Standard Error      Lower           Upper
 ---- ----   --------------  --------------  --------------  --------------
   1     1    0.1871849       0.2305974       0.0284669       1.2308393    
   1     2    0.1871849       0.2305974       0.0284669       1.2308393    
   1     3    0.1871849       0.2305974       0.0284669       1.2308393    
   1     4    0.1871849       0.2305974       0.0284669       1.2308393    
   1     5    0.1871849       0.2305974       0.0284669       1.2308393    
   1     6    0.1871849       0.2305974       0.0284669       1.2308393    
   1     7    0.1871849       0.2305974       0.0284669       1.2308393    
   1     8    0.1871849       0.2305974       0.0284669       1.2308393    
   1     9    0.1871849       0.2305974       0.0284669       1.2308393    
   1    10    0.1871849       0.2305974       0.0284669       1.2308393    
   1    11    0.1871849       0.2305974       0.0284669       1.2308393    
   1    12    0.1871849       0.2305974       0.0284669       1.2308393    
   1    13    0.1871849       0.2305974       0.0284669       1.2308393    
   1    14    0.1871849       0.2305974       0.0284669       1.2308393    
   1    15    0.1871849       0.2305974       0.0284669       1.2308393    
   1    16    0.1871849       0.2305974       0.0284669       1.2308393    
   1    17    0.1871849       0.2305974       0.0284669       1.2308393    
   1    18    0.1871849       0.2305974       0.0284669       1.2308393    
   1    19    0.1871849       0.2305974       0.0284669       1.2308393    
   1    20    0.1871849       0.2305974       0.0284669       1.2308393    
   1    21    0.1871849       0.2305974       0.0284669       1.2308393    
   1    22    0.1871849       0.2305974       0.0284669       1.2308393    
   1    23    0.1871849       0.2305974       0.0284669       1.2308393    
   1    24    0.1871849       0.2305974       0.0284669       1.2308393    
   1    25    0.1871849       0.2305974       0.0284669       1.2308393    
   1    26    0.1871849       0.2305974       0.0284669       1.2308393    
   1    27    0.1871849       0.2305974       0.0284669       1.2308393    
   1    28    0.1871849       0.2305974       0.0284669       1.2308393    
   1    29    0.1871849       0.2305974       0.0284669       1.2308393    
   2     1    0.2998727       0.3548815       0.0479052       1.8771184    
   2     2    0.2998727       0.3548815       0.0479052       1.8771184    
   2     3    0.2998727       0.3548815       0.0479052       1.8771184    
   2     4    0.2998727       0.3548815       0.0479052       1.8771184    
   2     5    0.2998727       0.3548815       0.0479052       1.8771184    
   2     6    0.2998727       0.3548815       0.0479052       1.8771184    
   2     7    0.2998727       0.3548815       0.0479052       1.8771184    
   2     8    0.2998727       0.3548815       0.0479052       1.8771184    
   2     9    0.2998727       0.3548815       0.0479052       1.8771184    
   2    10    0.2998727       0.3548815       0.0479052       1.8771184    
   2    11    0.2998727       0.3548815       0.0479052       1.8771184    
   2    12    0.2998727       0.3548815       0.0479052       1.8771184    
   2    13    0.2998727       0.3548815       0.0479052       1.8771184    
   2    14    0.2998727       0.3548815       0.0479052       1.8771184    
   2    15    0.2998727       0.3548815       0.0479052       1.8771184    
   2    16    0.2998727       0.3548815       0.0479052       1.8771184    
   2    17    0.2998727       0.3548815       0.0479052       1.8771184    
   2    18    0.2998727       0.3548815       0.0479052       1.8771184    
   2    19    0.2998727       0.3548815       0.0479052       1.8771184    
   2    20    0.2998727       0.3548815       0.0479052       1.8771184    
   2    21    0.2998727       0.3548815       0.0479052       1.8771184    
   2    22    0.2998727       0.3548815       0.0479052       1.8771184    
   2    23    0.2998727       0.3548815       0.0479052       1.8771184    
   2    24    0.2998727       0.3548815       0.0479052       1.8771184    
   2    25    0.2998727       0.3548815       0.0479052       1.8771184    
   2    26    0.2998727       0.3548815       0.0479052       1.8771184    
   2    27    0.2998727       0.3548815       0.0479052       1.8771184    
   2    28    0.2998727       0.3548815       0.0479052       1.8771184    
   2    29    0.2998727       0.3548815       0.0479052       1.8771184    

          Population Estimates of { Phi(~1)p(~1)pent(~1)N(~1) }
                                                95% Confidence Interval
 Grp. Occ.   N-hat           Standard Error      Lower           Upper
 ---- ----   --------------  --------------  --------------  --------------
   1     1    16.165825       4.4289468       9.5410644       27.390435    
   1     2    16.306650       4.2340117       9.8842040       26.902200    
   1     3    16.470436       4.0397104       10.255770       26.450990    
   1     4    16.633987       3.8490909       10.631347       26.025819    
   1     5    16.773469       3.6657403       10.983989       25.614490    
   1     6    16.888552       3.4904336       11.311075       25.216277    
   1     7    17.051503       3.3134073       11.691936       24.867888    
   1     8    17.214221       3.1425839       12.071555       24.547740    
   1     9    17.352039       2.9824141       12.419655       24.243286    
   1    10    17.489462       2.8301241       12.762114       23.967916    
   1    11    17.601467       2.6903484       13.067499       23.708564    
   1    12    17.763395       2.5536997       13.420808       23.511118    

  Program  MARK  - Survival Rate Estimation with Capture-Recapture Data
   gfortran(dble) Vers. 9.0 Mar 2018    25-Mar-2020 14:32:09    Page  012
 - - - - - - - - - - - - - - - - - - - - - - - - - - - - - - - - - - - - - -
 
   1    13    17.823500       2.4422444       13.642624       23.285633    
   1    14    17.959571       2.3329824       13.937455       23.142402    
   1    15    17.890708       2.2643388       13.974005       22.905204    
   1    16    18.052221       2.1780290       14.262668       22.848649    
   1    17    18.187636       2.1137178       14.493782       22.822899    
   1    18    18.348723       2.0673074       14.723244       22.866948    
   1    19    18.430819       2.0457177       14.837248       22.894750    
   1    20    16.523727       2.5321401       12.258051       22.273814    
   1    21    16.639883       2.4892185       12.431330       22.273218    
   1    22    14.746909       3.3327020       9.5218687       22.839145    
   1    23    14.744738       3.3339310       9.5183703       22.840812    
   1    24    14.868542       3.2884469       9.6883417       22.818510    
   1    25    15.034391       3.2376105       9.9049484       22.820202    
   1    26    15.200003       3.2015377       10.104064       22.866057    
   1    27    14.978092       3.3333524       9.7342845       23.046709    
   1    28    15.143784       3.3164617       9.9082791       23.145714    
   1    29    15.309239       3.3143653       10.064124       23.287947    
   1    30    14.579734       3.6341546       9.0108091       23.590406    
   2     1    25.897876       7.8690333       14.464770       46.367832    
   2     2    26.123480       7.5395711       15.005696       45.478476    
   2     3    26.385867       7.2069893       15.596994       44.637705    
   2     4    26.647879       6.8765404       16.200739       43.831917    
   2     5    26.871331       6.5552731       16.773669       43.047733    
   2     6    27.055695       6.2446973       17.311465       42.284730    
   2     7    27.316745       5.9218191       17.947899       41.576151    
   2     8    27.577421       5.6022172       18.594233       40.900537    
   2     9    27.798207       5.2956117       19.200002       40.246888    
   2    10    28.018361       4.9937673       19.811310       39.625273    
   2    11    28.197795       4.7078851       20.373808       39.026363    
   2    12    28.457206       4.4065170       21.045717       38.478735    
   2    13    28.553495       4.1589232       21.494455       37.930809    
   2    14    28.771482       3.8842164       22.108763       37.442085    
   2    15    28.661163       3.7279765       22.235120       36.944360    
   2    16    28.919909       3.4597296       22.894236       36.531516    
   2    17    29.136846       3.2204116       23.477152       36.160937    
   2    18    29.394910       2.9834199       24.104581       35.846329    
   2    19    29.526428       2.8130994       24.507287       35.573500    
   2    20    26.471240       4.2323671       19.388087       36.142120    
   2    21    26.657324       4.0737531       19.791749       35.904504    
   2    22    23.624754       5.6827513       14.841781       37.605257    
   2    23    23.621275       5.6418765       14.886952       37.480114    
   2    24    23.819610       5.5107634       15.225218       37.265398    
   2    25    24.085304       5.3611820       15.651807       37.062932    
   2    26    24.350616       5.2302271       16.059649       36.921885    
   2    27    23.995111       5.4351057       15.478224       37.198411    
   2    28    24.260552       5.3344446       15.846696       37.141773    

  Program  MARK  - Survival Rate Estimation with Capture-Recapture Data
   gfortran(dble) Vers. 9.0 Mar 2018    25-Mar-2020 14:32:09    Page  013
 - - - - - - - - - - - - - - - - - - - - - - - - - - - - - - - - - - - - - -
 
   2    29    24.525613       5.2544121       16.191822       37.148736    
   2    30    23.356937       5.8648434       14.385895       37.922317    

       Gross Population Estimates of { Phi(~1)p(~1)pent(~1)N(~1) }
                                                95% Confidence Interval
 Grp. Occ.   N*-hat          Standard Error      Lower           Upper
 ---- ----   --------------  --------------  --------------  --------------
   1     0    21.635358       3.6112010       15.633659       29.941087    
   2     0    34.660145       3.6431380       28.223076       42.565369    

   CPU Time for the last procedure was 0.06 seconds.     


  INPUT --- proc stop;

     CPU Time in minutes for this job was 0.00

     Time Start = 14:32:09.045   Time End = 14:32:09.345

     Wall Clock Time in minutes for this job was 0.00


          E X E C U T I O N   S U C C E S S F U L 
