
   Program  MARK  - Survival Rate Estimation with Capture-Recapture Data
   gfortran(dble) Vers. 9.0 Mar 2018    25-Mar-2020 14:24:06    Page  001
 - - - - - - - - - - - - - - - - - - - - - - - - - - - - - - - - - - - - - -
 
   This version was compiled by GCC version 7.2.0 using the options: 
     -cpp -iprefix C:/Program Files/mingw-w64/x86_64-7.2.0-posix-seh-rt_v5-rev1/
     mingw64/bin/../lib/gcc/x86_64-w64-mingw32/7.2.0/ -D_MT -D_REENTRANT
     -U_REENTRANT -D IEEE -D DBLEPRECISION -m64 -mtune=core2 -march=nocona -mthreads
     -O2 -fimplicit-none -fbounds-check -funroll-loops -ftree-vectorize
     -ffpe-summary=invalid,zero,overflow,underflow -fno-unsafe-math-optimizations
     -frounding-math -fsignaling-nans -fopenmp.

   This problem will use 15 of 16 possible threads.


  INPUT --- proc title ;

   CPU Time for the last procedure was 0.01 seconds.     


  INPUT --- proc chmatrix occasions= 33 groups= 2 etype= POPAN Nodes= 
  INPUT --- 101 ICMeans NoHist hist= 41  ;

  INPUT ---    time interval 0.00547945205479452 0.00273972602739726 
  INPUT ---    0.00273972602739726 0.00547945205479452  
  INPUT ---    0.00821917808219178 0.00273972602739726 0.00273972602739726 
  INPUT ---    0.00547945205479452  0.00547945205479452 
  INPUT ---    0.00821917808219178 0.00273972602739726 0.0136986301369863 
  INPUT ---    0.00547945205479452  0.0273972602739726 0.00273972602739726 
  INPUT ---    0.00547945205479452 0.00273972602739726 0.010958904109589  
  INPUT ---    0.23013698630137 0.00821917808219178 0.254794520547945 
  INPUT ---    0.0246575342465753 0.00821917808219178  0.00273972602739726 
  INPUT ---    0.00273972602739726 0.0520547945205479 0.00273972602739726 
  INPUT ---    0.00273972602739726  0.117808219178082 0.575342465753425 
  INPUT ---    0.00273972602739726 0.00273972602739726 ;

  INPUT ---    glabel(1)=sexF;

  INPUT ---    glabel(2)=sexM;

   * *  WARNING  * *   At least a pair of the encounter histories are duplicates. 

      Number of unique encounter histories read was 38.

      Number of individual covariates read was 0.
      Time interval lengths vary and/or not equal to 1.

      Data type number is 19
      Data type is POPAN                                                                                               

   CPU Time for the last procedure was 0.01 seconds.     

  Program  MARK  - Survival Rate Estimation with Capture-Recapture Data
   gfortran(dble) Vers. 9.0 Mar 2018    25-Mar-2020 14:24:06    Page  002
 - - - - - - - - - - - - - - - - - - - - - - - - - - - - - - - - - - - - - -
 


  INPUT --- proc estimate link=Parm-Specific NOLOOP varest=2ndPart    ;


  INPUT --- model={ Phi(~1)p(~sex)pent(~sex)N(~sex) };

  INPUT ---    group=1 Phi    rows=1 cols=32 Square ;
  INPUT ---        1 1 1 1 1 1 1 1 1 1 1 1 1 1 1 1 1 1 1 1 1 1 1 1 1 1 1 1 1 
  INPUT ---       1 1 1 ;

  INPUT ---    group=2 Phi    rows=1 cols=32 Square ;
  INPUT ---        1 1 1 1 1 1 1 1 1 1 1 1 1 1 1 1 1 1 1 1 1 1 1 1 1 1 1 1 1 
  INPUT ---       1 1 1 ;

  INPUT ---    group=1 p    rows=1 cols=33 Square ;
  INPUT ---        2 2 2 2 2 2 2 2 2 2 2 2 2 2 2 2 2 2 2 2 2 2 2 2 2 2 2 2 2 
  INPUT ---       2 2 2 2 ;

  INPUT ---    group=2 p    rows=1 cols=33 Square ;
  INPUT ---        3 3 3 3 3 3 3 3 3 3 3 3 3 3 3 3 3 3 3 3 3 3 3 3 3 3 3 3 3 
  INPUT ---       3 3 3 3 ;

  INPUT ---    group=1 pent    rows=1 cols=32 Square ;
  INPUT ---        6 7 8 9 10 11 12 13 14 15 16 17 18 19 20 21 22 23 24 25 26 
  INPUT ---       27 28 29 30 31 32 33 34 35 36 37 ;

  INPUT ---    group=2 pent    rows=1 cols=32 Square ;
  INPUT ---        38 39 40 41 42 43 44 45 46 47 48 49 50 51 52 53 54 55 56 
  INPUT ---       57 58 59 60 61 62 63 64 65 66 67 68 69 ;

  INPUT ---    group=1 N    rows=1 cols=1 Square ;
  INPUT ---        4 ;

  INPUT ---    group=2 N    rows=1 cols=1 Square ;
  INPUT ---        5 ;

  INPUT ---    design matrix constraints=69 covariates=7;
  INPUT ---        1 0 0 0 0 0 0;
  INPUT ---        0 1 0 0 0 0 0;
  INPUT ---        0 1 1 0 0 0 0;
  INPUT ---        0 0 0 0 0 1 0;
  INPUT ---        0 0 0 0 0 1 1;
  INPUT ---        0 0 0 1 0 0 0;
  INPUT ---        0 0 0 1 0 0 0;
  INPUT ---        0 0 0 1 0 0 0;

  Program  MARK  - Survival Rate Estimation with Capture-Recapture Data
   gfortran(dble) Vers. 9.0 Mar 2018    25-Mar-2020 14:24:06    Page  003
 - - - - - - - - - - - - - - - - - - - - - - - - - - - - - - - - - - - - - -
 
  INPUT ---        0 0 0 1 0 0 0;
  INPUT ---        0 0 0 1 0 0 0;
  INPUT ---        0 0 0 1 0 0 0;
  INPUT ---        0 0 0 1 0 0 0;
  INPUT ---        0 0 0 1 0 0 0;
  INPUT ---        0 0 0 1 0 0 0;
  INPUT ---        0 0 0 1 0 0 0;
  INPUT ---        0 0 0 1 0 0 0;
  INPUT ---        0 0 0 1 0 0 0;
  INPUT ---        0 0 0 1 0 0 0;
  INPUT ---        0 0 0 1 0 0 0;
  INPUT ---        0 0 0 1 0 0 0;
  INPUT ---        0 0 0 1 0 0 0;
  INPUT ---        0 0 0 1 0 0 0;
  INPUT ---        0 0 0 1 0 0 0;
  INPUT ---        0 0 0 1 0 0 0;
  INPUT ---        0 0 0 1 0 0 0;
  INPUT ---        0 0 0 1 0 0 0;
  INPUT ---        0 0 0 1 0 0 0;
  INPUT ---        0 0 0 1 0 0 0;
  INPUT ---        0 0 0 1 0 0 0;
  INPUT ---        0 0 0 1 0 0 0;
  INPUT ---        0 0 0 1 0 0 0;
  INPUT ---        0 0 0 1 0 0 0;
  INPUT ---        0 0 0 1 0 0 0;
  INPUT ---        0 0 0 1 0 0 0;
  INPUT ---        0 0 0 1 0 0 0;
  INPUT ---        0 0 0 1 0 0 0;
  INPUT ---        0 0 0 1 0 0 0;
  INPUT ---        0 0 0 1 1 0 0;
  INPUT ---        0 0 0 1 1 0 0;
  INPUT ---        0 0 0 1 1 0 0;
  INPUT ---        0 0 0 1 1 0 0;
  INPUT ---        0 0 0 1 1 0 0;
  INPUT ---        0 0 0 1 1 0 0;
  INPUT ---        0 0 0 1 1 0 0;
  INPUT ---        0 0 0 1 1 0 0;
  INPUT ---        0 0 0 1 1 0 0;
  INPUT ---        0 0 0 1 1 0 0;
  INPUT ---        0 0 0 1 1 0 0;
  INPUT ---        0 0 0 1 1 0 0;
  INPUT ---        0 0 0 1 1 0 0;
  INPUT ---        0 0 0 1 1 0 0;
  INPUT ---        0 0 0 1 1 0 0;
  INPUT ---        0 0 0 1 1 0 0;
  INPUT ---        0 0 0 1 1 0 0;

  Program  MARK  - Survival Rate Estimation with Capture-Recapture Data
   gfortran(dble) Vers. 9.0 Mar 2018    25-Mar-2020 14:24:06    Page  004
 - - - - - - - - - - - - - - - - - - - - - - - - - - - - - - - - - - - - - -
 
  INPUT ---        0 0 0 1 1 0 0;
  INPUT ---        0 0 0 1 1 0 0;
  INPUT ---        0 0 0 1 1 0 0;
  INPUT ---        0 0 0 1 1 0 0;
  INPUT ---        0 0 0 1 1 0 0;
  INPUT ---        0 0 0 1 1 0 0;
  INPUT ---        0 0 0 1 1 0 0;
  INPUT ---        0 0 0 1 1 0 0;
  INPUT ---        0 0 0 1 1 0 0;
  INPUT ---        0 0 0 1 1 0 0;
  INPUT ---        0 0 0 1 1 0 0;
  INPUT ---        0 0 0 1 1 0 0;
  INPUT ---        0 0 0 1 1 0 0;
  INPUT ---        0 0 0 1 1 0 0;
  INPUT ---        0 0 0 1 1 0 0;

  INPUT ---    links=69;

  INPUT ---    Logit;

  INPUT ---    Logit;

  INPUT ---    Logit;

  INPUT ---    Log;

  INPUT ---    Log;

  INPUT ---    mlogit(1);

  INPUT ---    mlogit(1);

  INPUT ---    mlogit(1);

  INPUT ---    mlogit(1);

  INPUT ---    mlogit(1);

  INPUT ---    mlogit(1);

  INPUT ---    mlogit(1);

  INPUT ---    mlogit(1);

  INPUT ---    mlogit(1);


  Program  MARK  - Survival Rate Estimation with Capture-Recapture Data
   gfortran(dble) Vers. 9.0 Mar 2018    25-Mar-2020 14:24:06    Page  005
 - - - - - - - - - - - - - - - - - - - - - - - - - - - - - - - - - - - - - -
 
  INPUT ---    mlogit(1);

  INPUT ---    mlogit(1);

  INPUT ---    mlogit(1);

  INPUT ---    mlogit(1);

  INPUT ---    mlogit(1);

  INPUT ---    mlogit(1);

  INPUT ---    mlogit(1);

  INPUT ---    mlogit(1);

  INPUT ---    mlogit(1);

  INPUT ---    mlogit(1);

  INPUT ---    mlogit(1);

  INPUT ---    mlogit(1);

  INPUT ---    mlogit(1);

  INPUT ---    mlogit(1);

  INPUT ---    mlogit(1);

  INPUT ---    mlogit(1);

  INPUT ---    mlogit(1);

  INPUT ---    mlogit(1);

  INPUT ---    mlogit(1);

  INPUT ---    mlogit(1);

  INPUT ---    mlogit(1);

  INPUT ---    mlogit(1);

  INPUT ---    mlogit(1);


  Program  MARK  - Survival Rate Estimation with Capture-Recapture Data
   gfortran(dble) Vers. 9.0 Mar 2018    25-Mar-2020 14:24:06    Page  006
 - - - - - - - - - - - - - - - - - - - - - - - - - - - - - - - - - - - - - -
 
  INPUT ---    mlogit(2);

  INPUT ---    mlogit(2);

  INPUT ---    mlogit(2);

  INPUT ---    mlogit(2);

  INPUT ---    mlogit(2);

  INPUT ---    mlogit(2);

  INPUT ---    mlogit(2);

  INPUT ---    mlogit(2);

  INPUT ---    mlogit(2);

  INPUT ---    mlogit(2);

  INPUT ---    mlogit(2);

  INPUT ---    mlogit(2);

  INPUT ---    mlogit(2);

  INPUT ---    mlogit(2);

  INPUT ---    mlogit(2);

  INPUT ---    mlogit(2);

  INPUT ---    mlogit(2);

  INPUT ---    mlogit(2);

  INPUT ---    mlogit(2);

  INPUT ---    mlogit(2);

  INPUT ---    mlogit(2);

  INPUT ---    mlogit(2);

  INPUT ---    mlogit(2);


  Program  MARK  - Survival Rate Estimation with Capture-Recapture Data
   gfortran(dble) Vers. 9.0 Mar 2018    25-Mar-2020 14:24:06    Page  007
 - - - - - - - - - - - - - - - - - - - - - - - - - - - - - - - - - - - - - -
 
  INPUT ---    mlogit(2);

  INPUT ---    mlogit(2);

  INPUT ---    mlogit(2);

  INPUT ---    mlogit(2);

  INPUT ---    mlogit(2);

  INPUT ---    mlogit(2);

  INPUT ---    mlogit(2);

  INPUT ---    mlogit(2);

  INPUT ---    mlogit(2);
  INPUT ---       blabel(1)=Phi:(Intercept);
  INPUT ---       blabel(2)=p:(Intercept);
  INPUT ---       blabel(3)=p:sexM;
  INPUT ---       blabel(4)=pent:(Intercept);
  INPUT ---       blabel(5)=pent:sexM;
  INPUT ---       blabel(6)=N:(Intercept);
  INPUT ---       blabel(7)=N:sexM;
  INPUT ---       rlabel(1)=Phi gF a0 t1;
  INPUT ---       rlabel(2)=p gF a0 t1;
  INPUT ---       rlabel(3)=p gM a0 t1;
  INPUT ---       rlabel(4)=N gF a0 t1;
  INPUT ---       rlabel(5)=N gM a0 t1;
  INPUT ---       rlabel(6)=pent gF a0.00547945205479452 t1.00547945205479;
  INPUT ---       rlabel(7)=pent gF a0.00821917808219178 t1.00821917808219;
  INPUT ---       rlabel(8)=pent gF a0.010958904109589 t1.01095890410959;
  INPUT ---       rlabel(9)=pent gF a0.0164383561643836 t1.01643835616438;
  INPUT ---       rlabel(10)=pent gF a0.0246575342465753 t1.02465753424658;
  INPUT ---       rlabel(11)=pent gF a0.0273972602739726 t1.02739726027397;
  INPUT ---       rlabel(12)=pent gF a0.0301369863013699 t1.03013698630137;
  INPUT ---       rlabel(13)=pent gF a0.0356164383561644 t1.03561643835616;
  INPUT ---       rlabel(14)=pent gF a0.0410958904109589 t1.04109589041096;
  INPUT ---       rlabel(15)=pent gF a0.0493150684931507 t1.04931506849315;
  INPUT ---       rlabel(16)=pent gF a0.0520547945205479 t1.05205479452055;
  INPUT ---       rlabel(17)=pent gF a0.0657534246575342 t1.06575342465753;
  INPUT ---       rlabel(18)=pent gF a0.0712328767123288 t1.07123287671233;
  INPUT ---       rlabel(19)=pent gF a0.0986301369863014 t1.0986301369863;
  INPUT ---       rlabel(20)=pent gF a0.101369863013699 t1.1013698630137;
  INPUT ---       rlabel(21)=pent gF a0.106849315068493 t1.10684931506849;
  INPUT ---       rlabel(22)=pent gF a0.10958904109589 t1.10958904109589;

  Program  MARK  - Survival Rate Estimation with Capture-Recapture Data
   gfortran(dble) Vers. 9.0 Mar 2018    25-Mar-2020 14:24:06    Page  008
 - - - - - - - - - - - - - - - - - - - - - - - - - - - - - - - - - - - - - -
 
  INPUT ---       rlabel(23)=pent gF a0.120547945205479 t1.12054794520548;
  INPUT ---       rlabel(24)=pent gF a0.350684931506849 t1.35068493150685;
  INPUT ---       rlabel(25)=pent gF a0.358904109589041 t1.35890410958904;
  INPUT ---       rlabel(26)=pent gF a0.613698630136986 t1.61369863013699;
  INPUT ---       rlabel(27)=pent gF a0.638356164383562 t1.63835616438356;
  INPUT ---       rlabel(28)=pent gF a0.646575342465753 t1.64657534246575;
  INPUT ---       rlabel(29)=pent gF a0.649315068493151 t1.64931506849315;
  INPUT ---       rlabel(30)=pent gF a0.652054794520548 t1.65205479452055;
  INPUT ---       rlabel(31)=pent gF a0.704109589041096 t1.7041095890411;
  INPUT ---       rlabel(32)=pent gF a0.706849315068493 t1.70684931506849;
  INPUT ---       rlabel(33)=pent gF a0.70958904109589 t1.70958904109589;
  INPUT ---       rlabel(34)=pent gF a0.827397260273973 t1.82739726027397;
  INPUT ---       rlabel(35)=pent gF a1.4027397260274 t2.4027397260274;
  INPUT ---       rlabel(36)=pent gF a1.40547945205479 t2.40547945205479;
  INPUT ---       rlabel(37)=pent gF a1.40821917808219 t2.40821917808219;
  INPUT ---       rlabel(38)=pent gM a0.00547945205479452 t1.00547945205479;
  INPUT ---       rlabel(39)=pent gM a0.00821917808219178 t1.00821917808219;
  INPUT ---       rlabel(40)=pent gM a0.010958904109589 t1.01095890410959;
  INPUT ---       rlabel(41)=pent gM a0.0164383561643836 t1.01643835616438;
  INPUT ---       rlabel(42)=pent gM a0.0246575342465753 t1.02465753424658;
  INPUT ---       rlabel(43)=pent gM a0.0273972602739726 t1.02739726027397;
  INPUT ---       rlabel(44)=pent gM a0.0301369863013699 t1.03013698630137;
  INPUT ---       rlabel(45)=pent gM a0.0356164383561644 t1.03561643835616;
  INPUT ---       rlabel(46)=pent gM a0.0410958904109589 t1.04109589041096;
  INPUT ---       rlabel(47)=pent gM a0.0493150684931507 t1.04931506849315;
  INPUT ---       rlabel(48)=pent gM a0.0520547945205479 t1.05205479452055;
  INPUT ---       rlabel(49)=pent gM a0.0657534246575342 t1.06575342465753;
  INPUT ---       rlabel(50)=pent gM a0.0712328767123288 t1.07123287671233;
  INPUT ---       rlabel(51)=pent gM a0.0986301369863014 t1.0986301369863;
  INPUT ---       rlabel(52)=pent gM a0.101369863013699 t1.1013698630137;
  INPUT ---       rlabel(53)=pent gM a0.106849315068493 t1.10684931506849;
  INPUT ---       rlabel(54)=pent gM a0.10958904109589 t1.10958904109589;
  INPUT ---       rlabel(55)=pent gM a0.120547945205479 t1.12054794520548;
  INPUT ---       rlabel(56)=pent gM a0.350684931506849 t1.35068493150685;
  INPUT ---       rlabel(57)=pent gM a0.358904109589041 t1.35890410958904;
  INPUT ---       rlabel(58)=pent gM a0.613698630136986 t1.61369863013699;
  INPUT ---       rlabel(59)=pent gM a0.638356164383562 t1.63835616438356;
  INPUT ---       rlabel(60)=pent gM a0.646575342465753 t1.64657534246575;
  INPUT ---       rlabel(61)=pent gM a0.649315068493151 t1.64931506849315;
  INPUT ---       rlabel(62)=pent gM a0.652054794520548 t1.65205479452055;
  INPUT ---       rlabel(63)=pent gM a0.704109589041096 t1.7041095890411;
  INPUT ---       rlabel(64)=pent gM a0.706849315068493 t1.70684931506849;
  INPUT ---       rlabel(65)=pent gM a0.70958904109589 t1.70958904109589;
  INPUT ---       rlabel(66)=pent gM a0.827397260273973 t1.82739726027397;
  INPUT ---       rlabel(67)=pent gM a1.4027397260274 t2.4027397260274;
  INPUT ---       rlabel(68)=pent gM a1.40547945205479 t2.40547945205479;

  Program  MARK  - Survival Rate Estimation with Capture-Recapture Data
   gfortran(dble) Vers. 9.0 Mar 2018    25-Mar-2020 14:24:06    Page  009
 - - - - - - - - - - - - - - - - - - - - - - - - - - - - - - - - - - - - - -
 
  INPUT ---       rlabel(69)=pent gM a1.40821917808219 t2.40821917808219;

 Link Function Used is PARM-SPECIFIC

 Variance Estimation Procedure Used is 2ndPart 

 M(t+1):
      16     29



 Group: 1

 U(t)+UL(t):
       0    2    2    0    1    0    3    1    1    0    0    0    0    0    1
       0    0    0    2    1    1    0    0    0    1    0    0    0    0    0
       0    0    0

 U(t):
       0    2    2    0    1    0    3    1    1    0    0    0    0    0    1
       0    0    0    2    1    1    0    0    0    1    0    0    0    0    0
       0    0    0

 UL(t):
       0    0    0    0    0    0    0    0    0    0    0    0    0    0    0
       0    0    0    0    0    0    0    0    0    0    0    0    0    0    0
       0    0    0

 Not Released(t):
       0    0    0    0    0    0    0    0    0    0    0    0    0    0    0
       0    0    0    0    0    0    0    0    0    0    0    0    0    0    0
       0    0    0

 Group: 2

 U(t)+UL(t):
       3    0    1    1    1    1    1    0    1    1    2    1    3    3    1
       1    0    2    3    1    0    0    1    0    0    0    0    0    0    1
       0    0    0

 U(t):
       3    0    1    1    1    1    1    0    1    1    2    1    3    3    1
       1    0    2    3    1    0    0    1    0    0    0    0    0    0    1
       0    0    0

 UL(t):
       0    0    0    0    0    0    0    0    0    0    0    0    0    0    0
       0    0    0    0    0    0    0    0    0    0    0    0    0    0    0
       0    0    0

 Not Released(t):
       0    0    0    0    0    0    0    0    0    0    0    0    0    0    0
       0    0    0    0    0    0    0    0    0    0    0    0    0    0    0
       0    0    0
 -2logL(saturated) = 272.93564     
 Effective Sample Size = 103

 Number of function evaluations was 38 for 7 parameters.
 Time for numerical optimization was 0.17 seconds.     
 -2logL { Phi(~1)p(~sex)pent(~sex)N(~sex) } = 556.23429     
 Penalty { Phi(~1)p(~sex)pent(~sex)N(~sex) } = 0.0000000     
 Gradient { Phi(~1)p(~sex)pent(~sex)N(~sex) }:
 -0.3275994E-03 -0.2505021E-03  0.3565617E-04 -0.9323972E-05 -0.9228442E-05
 -0.6107727E-03 -0.2961856E-03
 Maximum ABS(G) { Phi(~1)p(~sex)pent(~sex)N(~sex) } = 0.6107727E-03 
 S Vector { Phi(~1)p(~sex)pent(~sex)N(~sex) }:
   122.7888      12.39493      10.59608      3.590942      1.275232    
  0.6592177     0.4209557E-05
 Time to compute number of parameters was 0.02 seconds.     
 Ratio Threshold = 50.000000       Max Gap (6/7) = 156600.24       Next Max Gap (1/2) = 9.9063769     
 Gap Method for Num. of Estimated Parameters { Phi(~1)p(~sex)pent(~sex)N(~sex) } = 6          
 Threshold { Phi(~1)p(~sex)pent(~sex)N(~sex) } = 0.0012215                     
 Numerical Threshold Method for Num. of Estimated Parameters { Phi(~1)p(~sex)pent(~sex)N(~sex) } = 6          
 Number of Estimated Parameters { Phi(~1)p(~sex)pent(~sex)N(~sex) } = 6          
 DEVIANCE { Phi(~1)p(~sex)pent(~sex)N(~sex) } = 283.29865                     
 DEVIANCE Degrees of Freedom { Phi(~1)p(~sex)pent(~sex)N(~sex) } = 35            
 c-hat { Phi(~1)p(~sex)pent(~sex)N(~sex) } = 8.0942470                     
 AIC { Phi(~1)p(~sex)pent(~sex)N(~sex) } = 568.23429                  
 AICc { Phi(~1)p(~sex)pent(~sex)N(~sex) } = 569.10929                    
 BIC { Phi(~1)p(~sex)pent(~sex)N(~sex) } = 584.04266                    
 Pearson Chisquare { Phi(~1)p(~sex)pent(~sex)N(~sex) } = 20295183.                  


             PARM-SPECIFIC Link Function Parameters of { Phi(~1)p(~sex)pent(~sex)N(~sex) }
                                                              95% Confidence Interval
 Parameter                    Beta         Standard Error      Lower           Upper
 -------------------------  --------------  --------------  --------------  --------------
    1:Phi:(Intercept)        0.1644594       0.6135247      -1.0380490       1.3669678    
    2:p:(Intercept)         -2.8375170       0.2664111      -3.3596828      -2.3153513    
    3:p:sexM                 0.4978035       0.3114771      -0.1126916       1.1082986    
    4:pent:(Intercept)      -21.690862       344.64132      -697.18786       653.80614    
    5:pent:sexM              17.794432       344.64142      -657.70277       693.29163    
    6:N:(Intercept)          1.4733412       0.7659262      -0.0278741       2.9745565    
    7:N:sexM                 0.5712741       0.9835535      -1.3564908       2.4990389    


             Real Function Parameters of { Phi(~1)p(~sex)pent(~sex)N(~sex) }
                                                               95% Confidence Interval
  Parameter                  Estimate       Standard Error      Lower           Upper
 --------------------------  --------------  --------------  --------------  --------------
     1:Phi gF a0 t1           0.5410224       0.1523487       0.2615266       0.7968898                          
     2:p gF a0 t1             0.0553302       0.0139250       0.0335795       0.0898595                          
     3:p gM a0 t1             0.0878869       0.0149938       0.0626018       0.1220550                          
     4:N gF a0 t1             20.363791       3.3423417       17.152191       32.527360                          
     5:N gM a0 t1             36.726185       5.0072238       31.420465       53.662178                          

  Program  MARK  - Survival Rate Estimation with Capture-Recapture Data
   gfortran(dble) Vers. 9.0 Mar 2018    25-Mar-2020 14:24:07    Page  010
 - - - - - - - - - - - - - - - - - - - - - - - - - - - - - - - - - - - - - -
 
     6:pent gF a0.005479452   0.3799952E-09   0.1309621E-06  -0.2563056E-06   0.2570656E-06                      
     7:pent gF a0.008219178   0.3799952E-09   0.1309621E-06  -0.2563056E-06   0.2570656E-06                      
     8:pent gF a0.010958904   0.3799952E-09   0.1309621E-06  -0.2563056E-06   0.2570656E-06                      
     9:pent gF a0.016438356   0.3799952E-09   0.1309621E-06  -0.2563056E-06   0.2570656E-06                      
    10:pent gF a0.024657534   0.3799952E-09   0.1309621E-06  -0.2563056E-06   0.2570656E-06                      
    11:pent gF a0.027397260   0.3799952E-09   0.1309621E-06  -0.2563056E-06   0.2570656E-06                      
    12:pent gF a0.030136986   0.3799952E-09   0.1309621E-06  -0.2563056E-06   0.2570656E-06                      
    13:pent gF a0.035616438   0.3799952E-09   0.1309621E-06  -0.2563056E-06   0.2570656E-06                      
    14:pent gF a0.041095890   0.3799952E-09   0.1309621E-06  -0.2563056E-06   0.2570656E-06                      
    15:pent gF a0.049315068   0.3799952E-09   0.1309621E-06  -0.2563056E-06   0.2570656E-06                      
    16:pent gF a0.052054794   0.3799952E-09   0.1309621E-06  -0.2563056E-06   0.2570656E-06                      
    17:pent gF a0.065753424   0.3799952E-09   0.1309621E-06  -0.2563056E-06   0.2570656E-06                      
    18:pent gF a0.071232876   0.3799952E-09   0.1309621E-06  -0.2563056E-06   0.2570656E-06                      
    19:pent gF a0.098630136   0.3799952E-09   0.1309621E-06  -0.2563056E-06   0.2570656E-06                      
    20:pent gF a0.101369863   0.3799952E-09   0.1309621E-06  -0.2563056E-06   0.2570656E-06                      
    21:pent gF a0.106849315   0.3799952E-09   0.1309621E-06  -0.2563056E-06   0.2570656E-06                      
    22:pent gF a0.109589041   0.3799952E-09   0.1309621E-06  -0.2563056E-06   0.2570656E-06                      
    23:pent gF a0.120547945   0.3799952E-09   0.1309621E-06  -0.2563056E-06   0.2570656E-06                      
    24:pent gF a0.350684931   0.3799952E-09   0.1309621E-06  -0.2563056E-06   0.2570656E-06                      
    25:pent gF a0.358904109   0.3799952E-09   0.1309621E-06  -0.2563056E-06   0.2570656E-06                      
    26:pent gF a0.613698630   0.3799952E-09   0.1309621E-06  -0.2563056E-06   0.2570656E-06                      
    27:pent gF a0.638356164   0.3799952E-09   0.1309621E-06  -0.2563056E-06   0.2570656E-06                      
    28:pent gF a0.646575342   0.3799952E-09   0.1309621E-06  -0.2563056E-06   0.2570656E-06                      
    29:pent gF a0.649315068   0.3799952E-09   0.1309621E-06  -0.2563056E-06   0.2570656E-06                      
    30:pent gF a0.652054794   0.3799952E-09   0.1309621E-06  -0.2563056E-06   0.2570656E-06                      
    31:pent gF a0.704109589   0.3799952E-09   0.1309621E-06  -0.2563056E-06   0.2570656E-06                      
    32:pent gF a0.706849315   0.3799952E-09   0.1309621E-06  -0.2563056E-06   0.2570656E-06                      
    33:pent gF a0.709589041   0.3799952E-09   0.1309621E-06  -0.2563056E-06   0.2570656E-06                      
    34:pent gF a0.827397260   0.3799952E-09   0.1309621E-06  -0.2563056E-06   0.2570656E-06                      
    35:pent gF a1.402739726   0.3799952E-09   0.1309621E-06  -0.2563056E-06   0.2570656E-06                      
    36:pent gF a1.405479452   0.3799952E-09   0.1309621E-06  -0.2563056E-06   0.2570656E-06                      
    37:pent gF a1.408219178   0.3799952E-09   0.1309621E-06  -0.2563056E-06   0.2570656E-06                      
    38:pent gM a0.005479452   0.0123113       0.0086005       0.0031065       0.0474913                          
    39:pent gM a0.008219178   0.0123113       0.0086005       0.0031065       0.0474913                          
    40:pent gM a0.010958904   0.0123113       0.0086005       0.0031065       0.0474913                          
    41:pent gM a0.016438356   0.0123113       0.0086005       0.0031065       0.0474913                          
    42:pent gM a0.024657534   0.0123113       0.0086005       0.0031065       0.0474913                          
    43:pent gM a0.027397260   0.0123113       0.0086005       0.0031065       0.0474913                          
    44:pent gM a0.030136986   0.0123113       0.0086005       0.0031065       0.0474913                          
    45:pent gM a0.035616438   0.0123113       0.0086005       0.0031065       0.0474913                          
    46:pent gM a0.041095890   0.0123113       0.0086005       0.0031065       0.0474913                          
    47:pent gM a0.049315068   0.0123113       0.0086005       0.0031065       0.0474913                          
    48:pent gM a0.052054794   0.0123113       0.0086005       0.0031065       0.0474913                          
    49:pent gM a0.065753424   0.0123113       0.0086005       0.0031065       0.0474913                          
    50:pent gM a0.071232876   0.0123113       0.0086005       0.0031065       0.0474913                          
    51:pent gM a0.098630136   0.0123113       0.0086005       0.0031065       0.0474913                          

  Program  MARK  - Survival Rate Estimation with Capture-Recapture Data
   gfortran(dble) Vers. 9.0 Mar 2018    25-Mar-2020 14:24:07    Page  011
 - - - - - - - - - - - - - - - - - - - - - - - - - - - - - - - - - - - - - -
 
    52:pent gM a0.101369863   0.0123113       0.0086005       0.0031065       0.0474913                          
    53:pent gM a0.106849315   0.0123113       0.0086005       0.0031065       0.0474913                          
    54:pent gM a0.109589041   0.0123113       0.0086005       0.0031065       0.0474913                          
    55:pent gM a0.120547945   0.0123113       0.0086005       0.0031065       0.0474913                          
    56:pent gM a0.350684931   0.0123113       0.0086005       0.0031065       0.0474913                          
    57:pent gM a0.358904109   0.0123113       0.0086005       0.0031065       0.0474913                          
    58:pent gM a0.613698630   0.0123113       0.0086005       0.0031065       0.0474913                          
    59:pent gM a0.638356164   0.0123113       0.0086005       0.0031065       0.0474913                          
    60:pent gM a0.646575342   0.0123113       0.0086005       0.0031065       0.0474913                          
    61:pent gM a0.649315068   0.0123113       0.0086005       0.0031065       0.0474913                          
    62:pent gM a0.652054794   0.0123113       0.0086005       0.0031065       0.0474913                          
    63:pent gM a0.704109589   0.0123113       0.0086005       0.0031065       0.0474913                          
    64:pent gM a0.706849315   0.0123113       0.0086005       0.0031065       0.0474913                          
    65:pent gM a0.709589041   0.0123113       0.0086005       0.0031065       0.0474913                          
    66:pent gM a0.827397260   0.0123113       0.0086005       0.0031065       0.0474913                          
    67:pent gM a1.402739726   0.0123113       0.0086005       0.0031065       0.0474913                          
    68:pent gM a1.405479452   0.0123113       0.0086005       0.0031065       0.0474913                          
    69:pent gM a1.408219178   0.0123113       0.0086005       0.0031065       0.0474913                          


                      Estimates of Derived Parameters
 Gross Birth+Immigration Estimates of { Phi(~1)p(~sex)pent(~sex)N(~sex) }
                                                95% Confidence Interval
 Grp. Occ.   B*-hat          Standard Error      Lower           Upper
 ---- ----   --------------  --------------  --------------  --------------
   1     1    0.7751174E-08   0.2671502E-05   0.9541347E-11   0.6296878E-05
   1     2    0.7744657E-08   0.2669256E-05   0.9533325E-11   0.6291583E-05
   1     3    0.7744657E-08   0.2669256E-05   0.9533325E-11   0.6291583E-05
   1     4    0.7751174E-08   0.2671502E-05   0.9541347E-11   0.6296878E-05
   1     5    0.7757694E-08   0.2673750E-05   0.9549374E-11   0.6302175E-05
   1     6    0.7744657E-08   0.2669256E-05   0.9533325E-11   0.6291583E-05
   1     7    0.7744657E-08   0.2669256E-05   0.9533325E-11   0.6291583E-05
   1     8    0.7751174E-08   0.2671502E-05   0.9541347E-11   0.6296878E-05
   1     9    0.7751174E-08   0.2671502E-05   0.9541347E-11   0.6296878E-05
   1    10    0.7757694E-08   0.2673750E-05   0.9549374E-11   0.6302175E-05
   1    11    0.7744657E-08   0.2669256E-05   0.9533325E-11   0.6291583E-05
   1    12    0.7770747E-08   0.2678248E-05   0.9565441E-11   0.6312779E-05
   1    13    0.7751174E-08   0.2671502E-05   0.9541347E-11   0.6296878E-05
   1    14    0.7803442E-08   0.2689517E-05   0.9605687E-11   0.6339339E-05
   1    15    0.7744657E-08   0.2669256E-05   0.9533325E-11   0.6291583E-05
   1    16    0.7751174E-08   0.2671502E-05   0.9541347E-11   0.6296878E-05
   1    17    0.7744657E-08   0.2669256E-05   0.9533325E-11   0.6291583E-05
   1    18    0.7764219E-08   0.2675998E-05   0.9557405E-11   0.6307475E-05
   1    19    0.8298005E-08   0.2859972E-05   0.1021447E-10   0.6741111E-05
   1    20    0.7757694E-08   0.2673750E-05   0.9549374E-11   0.6302175E-05

  Program  MARK  - Survival Rate Estimation with Capture-Recapture Data
   gfortran(dble) Vers. 9.0 Mar 2018    25-Mar-2020 14:24:07    Page  012
 - - - - - - - - - - - - - - - - - - - - - - - - - - - - - - - - - - - - - -
 
   1    21    0.8359517E-08   0.2881173E-05   0.1029019E-10   0.6791082E-05
   1    22    0.7796896E-08   0.2687261E-05   0.9597629E-11   0.6334021E-05
   1    23    0.7757694E-08   0.2673750E-05   0.9549374E-11   0.6302175E-05
   1    24    0.7744657E-08   0.2669256E-05   0.9533325E-11   0.6291583E-05
   1    25    0.7744657E-08   0.2669256E-05   0.9533325E-11   0.6291583E-05
   1    26    0.7862524E-08   0.2709880E-05   0.9678414E-11   0.6387336E-05
   1    27    0.7744657E-08   0.2669256E-05   0.9533325E-11   0.6291583E-05
   1    28    0.7744657E-08   0.2669256E-05   0.9533325E-11   0.6291583E-05
   1    29    0.8021521E-08   0.2764680E-05   0.9874132E-11   0.6516501E-05
   1    30    0.9185970E-08   0.3166017E-05   0.1130752E-10   0.7462474E-05
   1    31    0.7744657E-08   0.2669256E-05   0.9533325E-11   0.6291583E-05
   1    32    0.7744657E-08   0.2669256E-05   0.9533325E-11   0.6291583E-05
   2     1    0.4529072       0.3606990       0.1146652       1.7889025    
   2     2    0.4525264       0.3603215       0.1145944       1.7869989    
   2     3    0.4525264       0.3603215       0.1145944       1.7869989    
   2     4    0.4529072       0.3606990       0.1146652       1.7889025    
   2     5    0.4532882       0.3610768       0.1147360       1.7908078    
   2     6    0.4525264       0.3603215       0.1145944       1.7869989    
   2     7    0.4525264       0.3603215       0.1145944       1.7869989    
   2     8    0.4529072       0.3606990       0.1146652       1.7889025    
   2     9    0.4529072       0.3606990       0.1146652       1.7889025    
   2    10    0.4532882       0.3610768       0.1147360       1.7908078    
   2    11    0.4525264       0.3603215       0.1145944       1.7869989    
   2    12    0.4540509       0.3618334       0.1148777       1.7946235    
   2    13    0.4529072       0.3606990       0.1146652       1.7889025    
   2    14    0.4559613       0.3637305       0.1152320       1.8041926    
   2    15    0.4525264       0.3603215       0.1145944       1.7869989    
   2    16    0.4529072       0.3606990       0.1146652       1.7889025    
   2    17    0.4525264       0.3603215       0.1145944       1.7869989    
   2    18    0.4536694       0.3614550       0.1148069       1.7927148    
   2    19    0.4848589       0.3927509       0.1205074       1.9508190    
   2    20    0.4532882       0.3610768       0.1147360       1.7908078    
   2    21    0.4884532       0.3964009       0.1211534       1.9692929    
   2    22    0.4555788       0.3633505       0.1151611       1.8022754    
   2    23    0.4532882       0.3610768       0.1147360       1.7908078    
   2    24    0.4525264       0.3603215       0.1145944       1.7869989    
   2    25    0.4525264       0.3603215       0.1145944       1.7869989    
   2    26    0.4594135       0.3671657       0.1158704       1.8215246    
   2    27    0.4525264       0.3603215       0.1145944       1.7869989    
   2    28    0.4525264       0.3603215       0.1145944       1.7869989    
   2    29    0.4687038       0.3764538       0.1175770       1.8684205    
   2    30    0.5367435       0.4462210       0.1296476       2.2221281    
   2    31    0.4525264       0.3603215       0.1145944       1.7869989    
   2    32    0.4525264       0.3603215       0.1145944       1.7869989    

  Net Birth+Immigration Estimates of { Phi(~1)p(~sex)pent(~sex)N(~sex) }
                                                95% Confidence Interval
 Grp. Occ.   B-hat           Standard Error      Lower           Upper
 ---- ----   --------------  --------------  --------------  --------------
   1     1    0.7738143E-08   0.2667011E-05   0.9525307E-11   0.6286292E-05
   1     2    0.7738143E-08   0.2667011E-05   0.9525307E-11   0.6286292E-05
   1     3    0.7738143E-08   0.2667011E-05   0.9525307E-11   0.6286292E-05
   1     4    0.7738143E-08   0.2667011E-05   0.9525307E-11   0.6286292E-05
   1     5    0.7738143E-08   0.2667011E-05   0.9525307E-11   0.6286292E-05
   1     6    0.7738143E-08   0.2667011E-05   0.9525307E-11   0.6286292E-05
   1     7    0.7738143E-08   0.2667011E-05   0.9525307E-11   0.6286292E-05
   1     8    0.7738143E-08   0.2667011E-05   0.9525307E-11   0.6286292E-05
   1     9    0.7738143E-08   0.2667011E-05   0.9525307E-11   0.6286292E-05
   1    10    0.7738143E-08   0.2667011E-05   0.9525307E-11   0.6286292E-05
   1    11    0.7738143E-08   0.2667011E-05   0.9525307E-11   0.6286292E-05
   1    12    0.7738143E-08   0.2667011E-05   0.9525307E-11   0.6286292E-05
   1    13    0.7738143E-08   0.2667011E-05   0.9525307E-11   0.6286292E-05
   1    14    0.7738143E-08   0.2667011E-05   0.9525307E-11   0.6286292E-05
   1    15    0.7738143E-08   0.2667011E-05   0.9525307E-11   0.6286292E-05
   1    16    0.7738143E-08   0.2667011E-05   0.9525307E-11   0.6286292E-05
   1    17    0.7738143E-08   0.2667011E-05   0.9525307E-11   0.6286292E-05
   1    18    0.7738143E-08   0.2667011E-05   0.9525307E-11   0.6286292E-05
   1    19    0.7738143E-08   0.2667011E-05   0.9525307E-11   0.6286292E-05
   1    20    0.7738143E-08   0.2667011E-05   0.9525307E-11   0.6286292E-05
   1    21    0.7738143E-08   0.2667011E-05   0.9525307E-11   0.6286292E-05
   1    22    0.7738143E-08   0.2667011E-05   0.9525307E-11   0.6286292E-05
   1    23    0.7738143E-08   0.2667011E-05   0.9525307E-11   0.6286292E-05
   1    24    0.7738143E-08   0.2667011E-05   0.9525307E-11   0.6286292E-05
   1    25    0.7738143E-08   0.2667011E-05   0.9525307E-11   0.6286292E-05
   1    26    0.7738143E-08   0.2667011E-05   0.9525307E-11   0.6286292E-05
   1    27    0.7738143E-08   0.2667011E-05   0.9525307E-11   0.6286292E-05
   1    28    0.7738143E-08   0.2667011E-05   0.9525307E-11   0.6286292E-05
   1    29    0.7738143E-08   0.2667011E-05   0.9525307E-11   0.6286292E-05
   1    30    0.7738143E-08   0.2667011E-05   0.9525307E-11   0.6286292E-05
   1    31    0.7738143E-08   0.2667011E-05   0.9525307E-11   0.6286292E-05
   1    32    0.7738143E-08   0.2667011E-05   0.9525307E-11   0.6286292E-05
   2     1    0.4521458       0.3599444       0.1145236       1.7850971    
   2     2    0.4521458       0.3599444       0.1145236       1.7850971    
   2     3    0.4521458       0.3599444       0.1145236       1.7850971    
   2     4    0.4521458       0.3599444       0.1145236       1.7850971    
   2     5    0.4521458       0.3599444       0.1145236       1.7850971    
   2     6    0.4521458       0.3599444       0.1145236       1.7850971    
   2     7    0.4521458       0.3599444       0.1145236       1.7850971    
   2     8    0.4521458       0.3599444       0.1145236       1.7850971    
   2     9    0.4521458       0.3599444       0.1145236       1.7850971    
   2    10    0.4521458       0.3599444       0.1145236       1.7850971    
   2    11    0.4521458       0.3599444       0.1145236       1.7850971    
   2    12    0.4521458       0.3599444       0.1145236       1.7850971    
   2    13    0.4521458       0.3599444       0.1145236       1.7850971    
   2    14    0.4521458       0.3599444       0.1145236       1.7850971    
   2    15    0.4521458       0.3599444       0.1145236       1.7850971    
   2    16    0.4521458       0.3599444       0.1145236       1.7850971    
   2    17    0.4521458       0.3599444       0.1145236       1.7850971    
   2    18    0.4521458       0.3599444       0.1145236       1.7850971    
   2    19    0.4521458       0.3599444       0.1145236       1.7850971    
   2    20    0.4521458       0.3599444       0.1145236       1.7850971    
   2    21    0.4521458       0.3599444       0.1145236       1.7850971    
   2    22    0.4521458       0.3599444       0.1145236       1.7850971    
   2    23    0.4521458       0.3599444       0.1145236       1.7850971    
   2    24    0.4521458       0.3599444       0.1145236       1.7850971    
   2    25    0.4521458       0.3599444       0.1145236       1.7850971    
   2    26    0.4521458       0.3599444       0.1145236       1.7850971    
   2    27    0.4521458       0.3599444       0.1145236       1.7850971    
   2    28    0.4521458       0.3599444       0.1145236       1.7850971    
   2    29    0.4521458       0.3599444       0.1145236       1.7850971    
   2    30    0.4521458       0.3599444       0.1145236       1.7850971    
   2    31    0.4521458       0.3599444       0.1145236       1.7850971    
   2    32    0.4521458       0.3599444       0.1145236       1.7850971    

       Population Estimates of { Phi(~1)p(~sex)pent(~sex)N(~sex) }
                                                95% Confidence Interval
 Grp. Occ.   N-hat           Standard Error      Lower           Upper
 ---- ----   --------------  --------------  --------------  --------------
   1     1    20.363791       3.3423436       14.793616       28.031279    
   1     2    20.295362       3.3281970       14.747974       27.929375    

  Program  MARK  - Survival Rate Estimation with Capture-Recapture Data
   gfortran(dble) Vers. 9.0 Mar 2018    25-Mar-2020 14:24:07    Page  013
 - - - - - - - - - - - - - - - - - - - - - - - - - - - - - - - - - - - - - -
 
   1     3    20.261233       3.3212546       14.725053       27.878851    
   1     4    20.227162       3.3143991       14.702066       27.828612    
   1     5    20.159192       3.3009475       14.655895       27.728981    
   1     6    20.057665       3.2814136       14.586149       27.581642    
   1     7    20.023936       3.2750726       14.562771       27.533086    
   1     8    19.990264       3.2688162       14.539329       27.484808    
   1     9    19.923090       3.2565559       14.492256       27.389079    
   1    10    19.856142       3.2446299       14.444931       27.294446    
   1    11    19.756141       3.2273615       14.373479       27.154533    
   1    12    19.722920       3.2217694       14.349540       27.108435    
   1    13    19.557648       3.1950228       14.228944       26.881937    
   1    14    19.491927       3.1848835       14.180295       26.793182    
   1    15    19.166624       3.1388466       13.933694       26.364829    
   1    16    19.134393       3.1346603       13.908738       26.323381    
   1    17    19.070095       3.1265098       13.858672       26.241226    
   1    18    19.038027       3.1225448       13.833563       26.200516    
   1    19    18.910294       3.1074094       13.732632       26.040107    
   1    20    16.417281       3.0058529       11.500961       23.435183    
   1    21    16.334600       3.0079817       11.419936       23.364330    
   1    22    13.967967       3.1623993       9.0119305       21.649536    
   1    23    13.757989       3.1817525       8.7954097       21.520573    
   1    24    13.688700       3.1882347       8.7240414       21.478636    
   1    25    13.665681       3.1903974       8.7003427       21.464769    
   1    26    13.642701       3.1925609       8.6766896       21.450958    
   1    27    13.213350       3.2336087       8.2361130       21.198425    
   1    28    13.191131       3.2357562       8.2133971       21.185623    
   1    29    13.168949       3.2379016       8.1907291       21.172867    
   1    30    12.249594       3.3265591       7.2620736       20.662493    
   1    31    8.6025874       3.5499816       3.9543719       18.714606    
   1    32    8.5881215       3.5500975       3.9428509       18.706218    
   1    33    8.5736798       3.5502048       3.9313637       18.697834    
   2     1    22.257520       8.3919240       10.892801       45.479321    
   2     2    22.634873       8.0450800       11.512862       44.501313    
   2     3    23.048956       7.7096548       12.174249       43.637548    
   2     4    23.462343       7.3777328       12.852582       42.830427    
   2     5    23.835648       7.0432597       13.518975       42.025236    
   2     6    24.167751       6.7078823       14.169228       41.221737    
   2     7    24.579256       6.3887924       14.890913       40.571042    
   2     8    24.990070       6.0751888       15.624149       39.970409    
   2     9    25.358241       5.7636893       16.333402       39.369654    
   2    10    25.725174       5.4597352       17.048570       38.817602    
   2    11    26.047761       5.1613036       17.730662       38.266246    
   2    12    26.456106       4.8782364       18.487587       37.859215    
   2    13    26.686557       4.5977077       19.085838       37.314177    
   2    14    27.049027       4.3361446       19.795222       36.960934    
   2    15    27.049748       4.0820731       20.157128       36.299262    

  Program  MARK  - Survival Rate Estimation with Capture-Recapture Data
   gfortran(dble) Vers. 9.0 Mar 2018    25-Mar-2020 14:24:07    Page  014
 - - - - - - - - - - - - - - - - - - - - - - - - - - - - - - - - - - - - - -
 
   2    16    27.456407       3.8522506       20.883144       36.098698    
   2    17    27.816290       3.6429242       21.542409       35.917338    
   2    18    28.221661       3.4578349       22.216527       35.849983    
   2    19    28.484456       3.2999996       22.715416       35.718662    
   2    20    25.181393       3.4642498       19.254167       32.933264    
   2    21    25.506719       3.3470363       19.743893       32.951592    
   2    22    22.263333       3.8997617       15.834766       31.301758    
   2    23    22.380798       3.8634768       15.996018       31.314051    
   2    24    22.720228       3.8128267       16.389102       31.497074    
   2    25    23.134168       3.7795147       16.830699       31.798425    
   2    26    23.547411       3.7793626       17.226239       32.188139    
   2    27    23.258494       3.9234363       16.749322       32.297280    
   2    28    23.671528       3.9743208       17.072755       32.820787    
   2    29    24.083869       4.0552701       17.353933       33.423705    
   2    30    22.854663       4.3499251       15.790718       33.078648    
   2    31    16.502412       5.1790380       9.0501150       30.091285    
   2    32    16.926807       5.1902476       9.4060740       30.460828    
   2    33    17.350489       5.2257438       9.7382499       30.913098    

    Gross Population Estimates of { Phi(~1)p(~sex)pent(~sex)N(~sex) }
                                                95% Confidence Interval
 Grp. Occ.   N*-hat          Standard Error      Lower           Upper
 ---- ----   --------------  --------------  --------------  --------------
   1     0    20.363791       3.3423436       14.793616       28.031279    
   2     0    36.928392       5.1699911       28.103955       48.523638    

 Attempted ordering of parameters by estimatibility:
  2 3 6 1 4 7 5
 Beta number 5 is a singular value.

   CPU Time for the last procedure was 0.22 seconds.     

  Program  MARK  - Survival Rate Estimation with Capture-Recapture Data
   gfortran(dble) Vers. 9.0 Mar 2018    25-Mar-2020 14:24:07    Page  015
 - - - - - - - - - - - - - - - - - - - - - - - - - - - - - - - - - - - - - -
 


  INPUT --- proc stop;

     CPU Time in minutes for this job was 0.00

     Time Start = 14:24:06.381   Time End = 14:24:07.028

     Wall Clock Time in minutes for this job was 0.01


          E X E C U T I O N   S U C C E S S F U L 
