
   Program  MARK  - Survival Rate Estimation with Capture-Recapture Data
   gfortran(dble) Vers. 9.0 Mar 2018    25-Mar-2020 14:19:34    Page  001
 - - - - - - - - - - - - - - - - - - - - - - - - - - - - - - - - - - - - - -
 
   This version was compiled by GCC version 7.2.0 using the options: 
     -cpp -iprefix C:/Program Files/mingw-w64/x86_64-7.2.0-posix-seh-rt_v5-rev1/
     mingw64/bin/../lib/gcc/x86_64-w64-mingw32/7.2.0/ -D_MT -D_REENTRANT
     -U_REENTRANT -D IEEE -D DBLEPRECISION -m64 -mtune=core2 -march=nocona -mthreads
     -O2 -fimplicit-none -fbounds-check -funroll-loops -ftree-vectorize
     -ffpe-summary=invalid,zero,overflow,underflow -fno-unsafe-math-optimizations
     -frounding-math -fsignaling-nans -fopenmp.

   This problem will use 15 of 16 possible threads.


  INPUT --- proc title ;

   CPU Time for the last procedure was 0.02 seconds.     


  INPUT --- proc chmatrix occasions= 33 groups= 2 etype= POPAN Nodes= 
  INPUT --- 101 ICMeans NoHist hist= 41  ;

  INPUT ---    time interval 0.00547945205479452 0.00273972602739726 
  INPUT ---    0.00273972602739726 0.00547945205479452  
  INPUT ---    0.00821917808219178 0.00273972602739726 0.00273972602739726 
  INPUT ---    0.00547945205479452  0.00547945205479452 
  INPUT ---    0.00821917808219178 0.00273972602739726 0.0136986301369863 
  INPUT ---    0.00547945205479452  0.0273972602739726 0.00273972602739726 
  INPUT ---    0.00547945205479452 0.00273972602739726 0.010958904109589  
  INPUT ---    0.23013698630137 0.00821917808219178 0.254794520547945 
  INPUT ---    0.0246575342465753 0.00821917808219178  0.00273972602739726 
  INPUT ---    0.00273972602739726 0.0520547945205479 0.00273972602739726 
  INPUT ---    0.00273972602739726  0.117808219178082 0.575342465753425 
  INPUT ---    0.00273972602739726 0.00273972602739726 ;

  INPUT ---    glabel(1)=sexF;

  INPUT ---    glabel(2)=sexM;

   * *  WARNING  * *   At least a pair of the encounter histories are duplicates. 

      Number of unique encounter histories read was 38.

      Number of individual covariates read was 0.
      Time interval lengths vary and/or not equal to 1.

      Data type number is 19
      Data type is POPAN                                                                                               

   CPU Time for the last procedure was 0.01 seconds.     

  Program  MARK  - Survival Rate Estimation with Capture-Recapture Data
   gfortran(dble) Vers. 9.0 Mar 2018    25-Mar-2020 14:19:34    Page  002
 - - - - - - - - - - - - - - - - - - - - - - - - - - - - - - - - - - - - - -
 


  INPUT --- proc estimate link=Parm-Specific NOLOOP varest=2ndPart    ;


  INPUT --- model={ Phi(~sex)p(~1)pent(~1)N(~1) };

  INPUT ---    group=1 Phi    rows=1 cols=32 Square ;
  INPUT ---        1 1 1 1 1 1 1 1 1 1 1 1 1 1 1 1 1 1 1 1 1 1 1 1 1 1 1 1 1 
  INPUT ---       1 1 1 ;

  INPUT ---    group=2 Phi    rows=1 cols=32 Square ;
  INPUT ---        2 2 2 2 2 2 2 2 2 2 2 2 2 2 2 2 2 2 2 2 2 2 2 2 2 2 2 2 2 
  INPUT ---       2 2 2 ;

  INPUT ---    group=1 p    rows=1 cols=33 Square ;
  INPUT ---        3 3 3 3 3 3 3 3 3 3 3 3 3 3 3 3 3 3 3 3 3 3 3 3 3 3 3 3 3 
  INPUT ---       3 3 3 3 ;

  INPUT ---    group=2 p    rows=1 cols=33 Square ;
  INPUT ---        3 3 3 3 3 3 3 3 3 3 3 3 3 3 3 3 3 3 3 3 3 3 3 3 3 3 3 3 3 
  INPUT ---       3 3 3 3 ;

  INPUT ---    group=1 pent    rows=1 cols=32 Square ;
  INPUT ---        5 6 7 8 9 10 11 12 13 14 15 16 17 18 19 20 21 22 23 24 25 
  INPUT ---       26 27 28 29 30 31 32 33 34 35 36 ;

  INPUT ---    group=2 pent    rows=1 cols=32 Square ;
  INPUT ---        37 38 39 40 41 42 43 44 45 46 47 48 49 50 51 52 53 54 55 
  INPUT ---       56 57 58 59 60 61 62 63 64 65 66 67 68 ;

  INPUT ---    group=1 N    rows=1 cols=1 Square ;
  INPUT ---        4 ;

  INPUT ---    group=2 N    rows=1 cols=1 Square ;
  INPUT ---        4 ;

  INPUT ---    design matrix constraints=68 covariates=5;
  INPUT ---        1 0 0 0 0;
  INPUT ---        1 1 0 0 0;
  INPUT ---        0 0 1 0 0;
  INPUT ---        0 0 0 0 1;
  INPUT ---        0 0 0 1 0;
  INPUT ---        0 0 0 1 0;
  INPUT ---        0 0 0 1 0;
  INPUT ---        0 0 0 1 0;

  Program  MARK  - Survival Rate Estimation with Capture-Recapture Data
   gfortran(dble) Vers. 9.0 Mar 2018    25-Mar-2020 14:19:34    Page  003
 - - - - - - - - - - - - - - - - - - - - - - - - - - - - - - - - - - - - - -
 
  INPUT ---        0 0 0 1 0;
  INPUT ---        0 0 0 1 0;
  INPUT ---        0 0 0 1 0;
  INPUT ---        0 0 0 1 0;
  INPUT ---        0 0 0 1 0;
  INPUT ---        0 0 0 1 0;
  INPUT ---        0 0 0 1 0;
  INPUT ---        0 0 0 1 0;
  INPUT ---        0 0 0 1 0;
  INPUT ---        0 0 0 1 0;
  INPUT ---        0 0 0 1 0;
  INPUT ---        0 0 0 1 0;
  INPUT ---        0 0 0 1 0;
  INPUT ---        0 0 0 1 0;
  INPUT ---        0 0 0 1 0;
  INPUT ---        0 0 0 1 0;
  INPUT ---        0 0 0 1 0;
  INPUT ---        0 0 0 1 0;
  INPUT ---        0 0 0 1 0;
  INPUT ---        0 0 0 1 0;
  INPUT ---        0 0 0 1 0;
  INPUT ---        0 0 0 1 0;
  INPUT ---        0 0 0 1 0;
  INPUT ---        0 0 0 1 0;
  INPUT ---        0 0 0 1 0;
  INPUT ---        0 0 0 1 0;
  INPUT ---        0 0 0 1 0;
  INPUT ---        0 0 0 1 0;
  INPUT ---        0 0 0 1 0;
  INPUT ---        0 0 0 1 0;
  INPUT ---        0 0 0 1 0;
  INPUT ---        0 0 0 1 0;
  INPUT ---        0 0 0 1 0;
  INPUT ---        0 0 0 1 0;
  INPUT ---        0 0 0 1 0;
  INPUT ---        0 0 0 1 0;
  INPUT ---        0 0 0 1 0;
  INPUT ---        0 0 0 1 0;
  INPUT ---        0 0 0 1 0;
  INPUT ---        0 0 0 1 0;
  INPUT ---        0 0 0 1 0;
  INPUT ---        0 0 0 1 0;
  INPUT ---        0 0 0 1 0;
  INPUT ---        0 0 0 1 0;
  INPUT ---        0 0 0 1 0;
  INPUT ---        0 0 0 1 0;

  Program  MARK  - Survival Rate Estimation with Capture-Recapture Data
   gfortran(dble) Vers. 9.0 Mar 2018    25-Mar-2020 14:19:35    Page  004
 - - - - - - - - - - - - - - - - - - - - - - - - - - - - - - - - - - - - - -
 
  INPUT ---        0 0 0 1 0;
  INPUT ---        0 0 0 1 0;
  INPUT ---        0 0 0 1 0;
  INPUT ---        0 0 0 1 0;
  INPUT ---        0 0 0 1 0;
  INPUT ---        0 0 0 1 0;
  INPUT ---        0 0 0 1 0;
  INPUT ---        0 0 0 1 0;
  INPUT ---        0 0 0 1 0;
  INPUT ---        0 0 0 1 0;
  INPUT ---        0 0 0 1 0;
  INPUT ---        0 0 0 1 0;
  INPUT ---        0 0 0 1 0;
  INPUT ---        0 0 0 1 0;

  INPUT ---    links=68;

  INPUT ---    Logit;

  INPUT ---    Logit;

  INPUT ---    Logit;

  INPUT ---    Log;

  INPUT ---    mlogit(1);

  INPUT ---    mlogit(1);

  INPUT ---    mlogit(1);

  INPUT ---    mlogit(1);

  INPUT ---    mlogit(1);

  INPUT ---    mlogit(1);

  INPUT ---    mlogit(1);

  INPUT ---    mlogit(1);

  INPUT ---    mlogit(1);

  INPUT ---    mlogit(1);

  INPUT ---    mlogit(1);

  Program  MARK  - Survival Rate Estimation with Capture-Recapture Data
   gfortran(dble) Vers. 9.0 Mar 2018    25-Mar-2020 14:19:35    Page  005
 - - - - - - - - - - - - - - - - - - - - - - - - - - - - - - - - - - - - - -
 

  INPUT ---    mlogit(1);

  INPUT ---    mlogit(1);

  INPUT ---    mlogit(1);

  INPUT ---    mlogit(1);

  INPUT ---    mlogit(1);

  INPUT ---    mlogit(1);

  INPUT ---    mlogit(1);

  INPUT ---    mlogit(1);

  INPUT ---    mlogit(1);

  INPUT ---    mlogit(1);

  INPUT ---    mlogit(1);

  INPUT ---    mlogit(1);

  INPUT ---    mlogit(1);

  INPUT ---    mlogit(1);

  INPUT ---    mlogit(1);

  INPUT ---    mlogit(1);

  INPUT ---    mlogit(1);

  INPUT ---    mlogit(1);

  INPUT ---    mlogit(1);

  INPUT ---    mlogit(1);

  INPUT ---    mlogit(1);

  INPUT ---    mlogit(2);

  INPUT ---    mlogit(2);

  Program  MARK  - Survival Rate Estimation with Capture-Recapture Data
   gfortran(dble) Vers. 9.0 Mar 2018    25-Mar-2020 14:19:35    Page  006
 - - - - - - - - - - - - - - - - - - - - - - - - - - - - - - - - - - - - - -
 

  INPUT ---    mlogit(2);

  INPUT ---    mlogit(2);

  INPUT ---    mlogit(2);

  INPUT ---    mlogit(2);

  INPUT ---    mlogit(2);

  INPUT ---    mlogit(2);

  INPUT ---    mlogit(2);

  INPUT ---    mlogit(2);

  INPUT ---    mlogit(2);

  INPUT ---    mlogit(2);

  INPUT ---    mlogit(2);

  INPUT ---    mlogit(2);

  INPUT ---    mlogit(2);

  INPUT ---    mlogit(2);

  INPUT ---    mlogit(2);

  INPUT ---    mlogit(2);

  INPUT ---    mlogit(2);

  INPUT ---    mlogit(2);

  INPUT ---    mlogit(2);

  INPUT ---    mlogit(2);

  INPUT ---    mlogit(2);

  INPUT ---    mlogit(2);

  INPUT ---    mlogit(2);

  Program  MARK  - Survival Rate Estimation with Capture-Recapture Data
   gfortran(dble) Vers. 9.0 Mar 2018    25-Mar-2020 14:19:35    Page  007
 - - - - - - - - - - - - - - - - - - - - - - - - - - - - - - - - - - - - - -
 

  INPUT ---    mlogit(2);

  INPUT ---    mlogit(2);

  INPUT ---    mlogit(2);

  INPUT ---    mlogit(2);

  INPUT ---    mlogit(2);

  INPUT ---    mlogit(2);

  INPUT ---    mlogit(2);
  INPUT ---       blabel(1)=Phi:(Intercept);
  INPUT ---       blabel(2)=Phi:sexM;
  INPUT ---       blabel(3)=p:(Intercept);
  INPUT ---       blabel(4)=pent:(Intercept);
  INPUT ---       blabel(5)=N:(Intercept);
  INPUT ---       rlabel(1)=Phi gF a0 t1;
  INPUT ---       rlabel(2)=Phi gM a0 t1;
  INPUT ---       rlabel(3)=p gF a0 t1;
  INPUT ---       rlabel(4)=N gF a0 t1;
  INPUT ---       rlabel(5)=pent gF a0.00547945205479452 t1.00547945205479;
  INPUT ---       rlabel(6)=pent gF a0.00821917808219178 t1.00821917808219;
  INPUT ---       rlabel(7)=pent gF a0.010958904109589 t1.01095890410959;
  INPUT ---       rlabel(8)=pent gF a0.0164383561643836 t1.01643835616438;
  INPUT ---       rlabel(9)=pent gF a0.0246575342465753 t1.02465753424658;
  INPUT ---       rlabel(10)=pent gF a0.0273972602739726 t1.02739726027397;
  INPUT ---       rlabel(11)=pent gF a0.0301369863013699 t1.03013698630137;
  INPUT ---       rlabel(12)=pent gF a0.0356164383561644 t1.03561643835616;
  INPUT ---       rlabel(13)=pent gF a0.0410958904109589 t1.04109589041096;
  INPUT ---       rlabel(14)=pent gF a0.0493150684931507 t1.04931506849315;
  INPUT ---       rlabel(15)=pent gF a0.0520547945205479 t1.05205479452055;
  INPUT ---       rlabel(16)=pent gF a0.0657534246575342 t1.06575342465753;
  INPUT ---       rlabel(17)=pent gF a0.0712328767123288 t1.07123287671233;
  INPUT ---       rlabel(18)=pent gF a0.0986301369863014 t1.0986301369863;
  INPUT ---       rlabel(19)=pent gF a0.101369863013699 t1.1013698630137;
  INPUT ---       rlabel(20)=pent gF a0.106849315068493 t1.10684931506849;
  INPUT ---       rlabel(21)=pent gF a0.10958904109589 t1.10958904109589;
  INPUT ---       rlabel(22)=pent gF a0.120547945205479 t1.12054794520548;
  INPUT ---       rlabel(23)=pent gF a0.350684931506849 t1.35068493150685;
  INPUT ---       rlabel(24)=pent gF a0.358904109589041 t1.35890410958904;
  INPUT ---       rlabel(25)=pent gF a0.613698630136986 t1.61369863013699;
  INPUT ---       rlabel(26)=pent gF a0.638356164383562 t1.63835616438356;
  INPUT ---       rlabel(27)=pent gF a0.646575342465753 t1.64657534246575;

  Program  MARK  - Survival Rate Estimation with Capture-Recapture Data
   gfortran(dble) Vers. 9.0 Mar 2018    25-Mar-2020 14:19:35    Page  008
 - - - - - - - - - - - - - - - - - - - - - - - - - - - - - - - - - - - - - -
 
  INPUT ---       rlabel(28)=pent gF a0.649315068493151 t1.64931506849315;
  INPUT ---       rlabel(29)=pent gF a0.652054794520548 t1.65205479452055;
  INPUT ---       rlabel(30)=pent gF a0.704109589041096 t1.7041095890411;
  INPUT ---       rlabel(31)=pent gF a0.706849315068493 t1.70684931506849;
  INPUT ---       rlabel(32)=pent gF a0.70958904109589 t1.70958904109589;
  INPUT ---       rlabel(33)=pent gF a0.827397260273973 t1.82739726027397;
  INPUT ---       rlabel(34)=pent gF a1.4027397260274 t2.4027397260274;
  INPUT ---       rlabel(35)=pent gF a1.40547945205479 t2.40547945205479;
  INPUT ---       rlabel(36)=pent gF a1.40821917808219 t2.40821917808219;
  INPUT ---       rlabel(37)=pent gM a0.00547945205479452 t1.00547945205479;
  INPUT ---       rlabel(38)=pent gM a0.00821917808219178 t1.00821917808219;
  INPUT ---       rlabel(39)=pent gM a0.010958904109589 t1.01095890410959;
  INPUT ---       rlabel(40)=pent gM a0.0164383561643836 t1.01643835616438;
  INPUT ---       rlabel(41)=pent gM a0.0246575342465753 t1.02465753424658;
  INPUT ---       rlabel(42)=pent gM a0.0273972602739726 t1.02739726027397;
  INPUT ---       rlabel(43)=pent gM a0.0301369863013699 t1.03013698630137;
  INPUT ---       rlabel(44)=pent gM a0.0356164383561644 t1.03561643835616;
  INPUT ---       rlabel(45)=pent gM a0.0410958904109589 t1.04109589041096;
  INPUT ---       rlabel(46)=pent gM a0.0493150684931507 t1.04931506849315;
  INPUT ---       rlabel(47)=pent gM a0.0520547945205479 t1.05205479452055;
  INPUT ---       rlabel(48)=pent gM a0.0657534246575342 t1.06575342465753;
  INPUT ---       rlabel(49)=pent gM a0.0712328767123288 t1.07123287671233;
  INPUT ---       rlabel(50)=pent gM a0.0986301369863014 t1.0986301369863;
  INPUT ---       rlabel(51)=pent gM a0.101369863013699 t1.1013698630137;
  INPUT ---       rlabel(52)=pent gM a0.106849315068493 t1.10684931506849;
  INPUT ---       rlabel(53)=pent gM a0.10958904109589 t1.10958904109589;
  INPUT ---       rlabel(54)=pent gM a0.120547945205479 t1.12054794520548;
  INPUT ---       rlabel(55)=pent gM a0.350684931506849 t1.35068493150685;
  INPUT ---       rlabel(56)=pent gM a0.358904109589041 t1.35890410958904;
  INPUT ---       rlabel(57)=pent gM a0.613698630136986 t1.61369863013699;
  INPUT ---       rlabel(58)=pent gM a0.638356164383562 t1.63835616438356;
  INPUT ---       rlabel(59)=pent gM a0.646575342465753 t1.64657534246575;
  INPUT ---       rlabel(60)=pent gM a0.649315068493151 t1.64931506849315;
  INPUT ---       rlabel(61)=pent gM a0.652054794520548 t1.65205479452055;
  INPUT ---       rlabel(62)=pent gM a0.704109589041096 t1.7041095890411;
  INPUT ---       rlabel(63)=pent gM a0.706849315068493 t1.70684931506849;
  INPUT ---       rlabel(64)=pent gM a0.70958904109589 t1.70958904109589;
  INPUT ---       rlabel(65)=pent gM a0.827397260273973 t1.82739726027397;
  INPUT ---       rlabel(66)=pent gM a1.4027397260274 t2.4027397260274;
  INPUT ---       rlabel(67)=pent gM a1.40547945205479 t2.40547945205479;
  INPUT ---       rlabel(68)=pent gM a1.40821917808219 t2.40821917808219;

 Link Function Used is PARM-SPECIFIC

 Variance Estimation Procedure Used is 2ndPart 

  Program  MARK  - Survival Rate Estimation with Capture-Recapture Data
   gfortran(dble) Vers. 9.0 Mar 2018    25-Mar-2020 14:19:35    Page  009
 - - - - - - - - - - - - - - - - - - - - - - - - - - - - - - - - - - - - - -
 

 M(t+1):
      16     29



 Group: 1

 U(t)+UL(t):
       0    2    2    0    1    0    3    1    1    0    0    0    0    0    1
       0    0    0    2    1    1    0    0    0    1    0    0    0    0    0
       0    0    0

 U(t):
       0    2    2    0    1    0    3    1    1    0    0    0    0    0    1
       0    0    0    2    1    1    0    0    0    1    0    0    0    0    0
       0    0    0

 UL(t):
       0    0    0    0    0    0    0    0    0    0    0    0    0    0    0
       0    0    0    0    0    0    0    0    0    0    0    0    0    0    0
       0    0    0

 Not Released(t):
       0    0    0    0    0    0    0    0    0    0    0    0    0    0    0
       0    0    0    0    0    0    0    0    0    0    0    0    0    0    0
       0    0    0

 Group: 2

 U(t)+UL(t):
       3    0    1    1    1    1    1    0    1    1    2    1    3    3    1
       1    0    2    3    1    0    0    1    0    0    0    0    0    0    1
       0    0    0

 U(t):
       3    0    1    1    1    1    1    0    1    1    2    1    3    3    1
       1    0    2    3    1    0    0    1    0    0    0    0    0    0    1
       0    0    0

 UL(t):
       0    0    0    0    0    0    0    0    0    0    0    0    0    0    0
       0    0    0    0    0    0    0    0    0    0    0    0    0    0    0
       0    0    0

 Not Released(t):
       0    0    0    0    0    0    0    0    0    0    0    0    0    0    0
       0    0    0    0    0    0    0    0    0    0    0    0    0    0    0
       0    0    0
 -2logL(saturated) = 272.93564     
 Effective Sample Size = 103

 Number of function evaluations was 23 for 5 parameters.
 Time for numerical optimization was 0.05 seconds.     
 -2logL { Phi(~sex)p(~1)pent(~1)N(~1) } = 553.08207     
 Penalty { Phi(~sex)p(~1)pent(~1)N(~1) } = 0.0000000     
 Gradient { Phi(~sex)p(~1)pent(~1)N(~1) }:
  0.5595257E-05  0.4002725E-05 -0.2194041E-05   0.000000      0.2723703E-05
 Maximum ABS(G) { Phi(~sex)p(~1)pent(~1)N(~1) } = 0.5595257E-05 
 S Vector { Phi(~sex)p(~1)pent(~1)N(~1) }:
   81.11707      6.637784      2.943998     0.5869768     0.4052095    
 Time to compute number of parameters was 0.06 seconds.     
 Ratio Threshold = 50.000000       Max Gap (1/2) = 12.220505       Next Max Gap (1/2) = 12.220505     
 Gap Method for Num. of Estimated Parameters { Phi(~sex)p(~1)pent(~1)N(~1) } = 5          
 Threshold { Phi(~sex)p(~1)pent(~1)N(~1) } = 0.1119051E-04                 
 Numerical Threshold Method for Num. of Estimated Parameters { Phi(~sex)p(~1)pent(~1)N(~1) } = 5          
 Number of Estimated Parameters { Phi(~sex)p(~1)pent(~1)N(~1) } = 5          
 DEVIANCE { Phi(~sex)p(~1)pent(~1)N(~1) } = 280.14643                     
 DEVIANCE Degrees of Freedom { Phi(~sex)p(~1)pent(~1)N(~1) } = 36            
 c-hat { Phi(~sex)p(~1)pent(~1)N(~1) } = 7.7818453                     
 AIC { Phi(~sex)p(~1)pent(~1)N(~1) } = 563.08207                  
 AICc { Phi(~sex)p(~1)pent(~1)N(~1) } = 563.70063                    
 BIC { Phi(~sex)p(~1)pent(~1)N(~1) } = 576.25572                    
 Pearson Chisquare { Phi(~sex)p(~1)pent(~1)N(~1) } = 23457024.                  


               PARM-SPECIFIC Link Function Parameters of { Phi(~sex)p(~1)pent(~1)N(~1) }
                                                              95% Confidence Interval
 Parameter                    Beta         Standard Error      Lower           Upper
 -------------------------  --------------  --------------  --------------  --------------
    1:Phi:(Intercept)       -1.7270932       0.9870604      -3.6617315       0.2075451    
    2:Phi:sexM               2.8120997       1.2142594       0.4321512       5.1920483    
    3:p:(Intercept)         -2.4773253       0.1740128      -2.8183904      -2.1362602    
    4:pent:(Intercept)      -4.5396185       1.3545232      -7.1944840      -1.8847529    
    5:N:(Intercept)          1.8011106       0.6003591       0.6244066       2.9778145    


               Real Function Parameters of { Phi(~sex)p(~1)pent(~1)N(~1) }
                                                               95% Confidence Interval
  Parameter                  Estimate       Standard Error      Lower           Upper
 --------------------------  --------------  --------------  --------------  --------------
     1:Phi gF a0 t1           0.1509598       0.1265124       0.0250446       0.5517008                          
     2:Phi gM a0 t1           0.7474403       0.2051905       0.2600998       0.9614120                          
     3:p gF a0 t1             0.0774631       0.0124354       0.0563384       0.1056221                          
     4:N gF a0 t1             22.056370       3.6359970       18.041541       33.966630                          
     5:pent gF a0.005479452   0.0079583       0.0080345       0.0010903       0.0556764                          
     6:pent gF a0.008219178   0.0079583       0.0080345       0.0010903       0.0556764                          
     7:pent gF a0.010958904   0.0079583       0.0080345       0.0010903       0.0556764                          
     8:pent gF a0.016438356   0.0079583       0.0080345       0.0010903       0.0556764                          
     9:pent gF a0.024657534   0.0079583       0.0080345       0.0010903       0.0556764                          
    10:pent gF a0.027397260   0.0079583       0.0080345       0.0010903       0.0556764                          
    11:pent gF a0.030136986   0.0079583       0.0080345       0.0010903       0.0556764                          
    12:pent gF a0.035616438   0.0079583       0.0080345       0.0010903       0.0556764                          

  Program  MARK  - Survival Rate Estimation with Capture-Recapture Data
   gfortran(dble) Vers. 9.0 Mar 2018    25-Mar-2020 14:19:35    Page  010
 - - - - - - - - - - - - - - - - - - - - - - - - - - - - - - - - - - - - - -
 
    13:pent gF a0.041095890   0.0079583       0.0080345       0.0010903       0.0556764                          
    14:pent gF a0.049315068   0.0079583       0.0080345       0.0010903       0.0556764                          
    15:pent gF a0.052054794   0.0079583       0.0080345       0.0010903       0.0556764                          
    16:pent gF a0.065753424   0.0079583       0.0080345       0.0010903       0.0556764                          
    17:pent gF a0.071232876   0.0079583       0.0080345       0.0010903       0.0556764                          
    18:pent gF a0.098630136   0.0079583       0.0080345       0.0010903       0.0556764                          
    19:pent gF a0.101369863   0.0079583       0.0080345       0.0010903       0.0556764                          
    20:pent gF a0.106849315   0.0079583       0.0080345       0.0010903       0.0556764                          
    21:pent gF a0.109589041   0.0079583       0.0080345       0.0010903       0.0556764                          
    22:pent gF a0.120547945   0.0079583       0.0080345       0.0010903       0.0556764                          
    23:pent gF a0.350684931   0.0079583       0.0080345       0.0010903       0.0556764                          
    24:pent gF a0.358904109   0.0079583       0.0080345       0.0010903       0.0556764                          
    25:pent gF a0.613698630   0.0079583       0.0080345       0.0010903       0.0556764                          
    26:pent gF a0.638356164   0.0079583       0.0080345       0.0010903       0.0556764                          
    27:pent gF a0.646575342   0.0079583       0.0080345       0.0010903       0.0556764                          
    28:pent gF a0.649315068   0.0079583       0.0080345       0.0010903       0.0556764                          
    29:pent gF a0.652054794   0.0079583       0.0080345       0.0010903       0.0556764                          
    30:pent gF a0.704109589   0.0079583       0.0080345       0.0010903       0.0556764                          
    31:pent gF a0.706849315   0.0079583       0.0080345       0.0010903       0.0556764                          
    32:pent gF a0.709589041   0.0079583       0.0080345       0.0010903       0.0556764                          
    33:pent gF a0.827397260   0.0079583       0.0080345       0.0010903       0.0556764                          
    34:pent gF a1.402739726   0.0079583       0.0080345       0.0010903       0.0556764                          
    35:pent gF a1.405479452   0.0079583       0.0080345       0.0010903       0.0556764                          
    36:pent gF a1.408219178   0.0079583       0.0080345       0.0010903       0.0556764                          
    37:pent gM a0.005479452   0.0079583       0.0080345       0.0010903       0.0556764                          
    38:pent gM a0.008219178   0.0079583       0.0080345       0.0010903       0.0556764                          
    39:pent gM a0.010958904   0.0079583       0.0080345       0.0010903       0.0556764                          
    40:pent gM a0.016438356   0.0079583       0.0080345       0.0010903       0.0556764                          
    41:pent gM a0.024657534   0.0079583       0.0080345       0.0010903       0.0556764                          
    42:pent gM a0.027397260   0.0079583       0.0080345       0.0010903       0.0556764                          
    43:pent gM a0.030136986   0.0079583       0.0080345       0.0010903       0.0556764                          
    44:pent gM a0.035616438   0.0079583       0.0080345       0.0010903       0.0556764                          
    45:pent gM a0.041095890   0.0079583       0.0080345       0.0010903       0.0556764                          
    46:pent gM a0.049315068   0.0079583       0.0080345       0.0010903       0.0556764                          
    47:pent gM a0.052054794   0.0079583       0.0080345       0.0010903       0.0556764                          
    48:pent gM a0.065753424   0.0079583       0.0080345       0.0010903       0.0556764                          
    49:pent gM a0.071232876   0.0079583       0.0080345       0.0010903       0.0556764                          
    50:pent gM a0.098630136   0.0079583       0.0080345       0.0010903       0.0556764                          
    51:pent gM a0.101369863   0.0079583       0.0080345       0.0010903       0.0556764                          
    52:pent gM a0.106849315   0.0079583       0.0080345       0.0010903       0.0556764                          
    53:pent gM a0.109589041   0.0079583       0.0080345       0.0010903       0.0556764                          
    54:pent gM a0.120547945   0.0079583       0.0080345       0.0010903       0.0556764                          
    55:pent gM a0.350684931   0.0079583       0.0080345       0.0010903       0.0556764                          
    56:pent gM a0.358904109   0.0079583       0.0080345       0.0010903       0.0556764                          
    57:pent gM a0.613698630   0.0079583       0.0080345       0.0010903       0.0556764                          
    58:pent gM a0.638356164   0.0079583       0.0080345       0.0010903       0.0556764                          

  Program  MARK  - Survival Rate Estimation with Capture-Recapture Data
   gfortran(dble) Vers. 9.0 Mar 2018    25-Mar-2020 14:19:35    Page  011
 - - - - - - - - - - - - - - - - - - - - - - - - - - - - - - - - - - - - - -
 
    59:pent gM a0.646575342   0.0079583       0.0080345       0.0010903       0.0556764                          
    60:pent gM a0.649315068   0.0079583       0.0080345       0.0010903       0.0556764                          
    61:pent gM a0.652054794   0.0079583       0.0080345       0.0010903       0.0556764                          
    62:pent gM a0.704109589   0.0079583       0.0080345       0.0010903       0.0556764                          
    63:pent gM a0.706849315   0.0079583       0.0080345       0.0010903       0.0556764                          
    64:pent gM a0.709589041   0.0079583       0.0080345       0.0010903       0.0556764                          
    65:pent gM a0.827397260   0.0079583       0.0080345       0.0010903       0.0556764                          
    66:pent gM a1.402739726   0.0079583       0.0080345       0.0010903       0.0556764                          
    67:pent gM a1.405479452   0.0079583       0.0080345       0.0010903       0.0556764                          
    68:pent gM a1.408219178   0.0079583       0.0080345       0.0010903       0.0556764                          


                      Estimates of Derived Parameters
   Gross Birth+Immigration Estimates of { Phi(~sex)p(~1)pent(~1)N(~1) }
                                                95% Confidence Interval
 Grp. Occ.   B*-hat          Standard Error      Lower           Upper
 ---- ----   --------------  --------------  --------------  --------------
   1     1    0.1764419       0.2006556       0.0295876       1.0521884    
   1     2    0.1759861       0.2000390       0.0295288       1.0488454    
   1     3    0.1759861       0.2000390       0.0295288       1.0488454    
   1     4    0.1764419       0.2006556       0.0295876       1.0521884    
   1     5    0.1768985       0.2012735       0.0296465       1.0555393    
   1     6    0.1759861       0.2000390       0.0295288       1.0488454    
   1     7    0.1759861       0.2000390       0.0295288       1.0488454    
   1     8    0.1764419       0.2006556       0.0295876       1.0521884    
   1     9    0.1764419       0.2006556       0.0295876       1.0521884    
   1    10    0.1768985       0.2012735       0.0296465       1.0555393    
   1    11    0.1759861       0.2000390       0.0295288       1.0488454    
   1    12    0.1778141       0.2025137       0.0297646       1.0622651    
   1    13    0.1764419       0.2006556       0.0295876       1.0521884    
   1    14    0.1801167       0.2056382       0.0300607       1.0792186    
   1    15    0.1759861       0.2000390       0.0295288       1.0488454    
   1    16    0.1764419       0.2006556       0.0295876       1.0521884    
   1    17    0.1759861       0.2000390       0.0295288       1.0488454    
   1    18    0.1773559       0.2018929       0.0297055       1.0588982    
   1    19    0.2164813       0.2559256       0.0346274       1.3533856    
   1    20    0.1768985       0.2012735       0.0296465       1.0555393    
   1    21    0.2211940       0.2625546       0.0352070       1.3896868    
   1    22    0.1796546       0.2050105       0.0300013       1.0758120    
   1    23    0.1768985       0.2012735       0.0296465       1.0555393    
   1    24    0.1759861       0.2000390       0.0295288       1.0488454    
   1    25    0.1759861       0.2000390       0.0295288       1.0488454    
   1    26    0.1843108       0.2113497       0.0305975       1.1102364    
   1    27    0.1759861       0.2000390       0.0295288       1.0488454    
   1    28    0.1759861       0.2000390       0.0295288       1.0488454    

  Program  MARK  - Survival Rate Estimation with Capture-Recapture Data
   gfortran(dble) Vers. 9.0 Mar 2018    25-Mar-2020 14:19:35    Page  012
 - - - - - - - - - - - - - - - - - - - - - - - - - - - - - - - - - - - - - -
 
   1    29    0.1958056       0.2271295       0.0320539       1.1961047    
   1    30    0.2879822       0.3584260       0.0432473       1.9176618    
   1    31    0.1759861       0.2000390       0.0295288       1.0488454    
   1    32    0.1759861       0.2000390       0.0295288       1.0488454    
   2     1    0.2792115       0.3038765       0.0493736       1.5789615    
   2     2    0.2791002       0.3037073       0.0493633       1.5780321    
   2     3    0.2791002       0.3037073       0.0493633       1.5780321    
   2     4    0.2792115       0.3038765       0.0493736       1.5789615    
   2     5    0.2793228       0.3040457       0.0493839       1.5798914    
   2     6    0.2791002       0.3037073       0.0493633       1.5780321    
   2     7    0.2791002       0.3037073       0.0493633       1.5780321    
   2     8    0.2792115       0.3038765       0.0493736       1.5789615    
   2     9    0.2792115       0.3038765       0.0493736       1.5789615    
   2    10    0.2793228       0.3040457       0.0493839       1.5798914    
   2    11    0.2791002       0.3037073       0.0493633       1.5780321    
   2    12    0.2795456       0.3043844       0.0494045       1.5817527    
   2    13    0.2792115       0.3038765       0.0493736       1.5789615    
   2    14    0.2801029       0.3052327       0.0494559       1.5864153    
   2    15    0.2791002       0.3037073       0.0493633       1.5780321    
   2    16    0.2792115       0.3038765       0.0493736       1.5789615    
   2    17    0.2791002       0.3037073       0.0493633       1.5780321    
   2    18    0.2794342       0.3042150       0.0493942       1.5808218    
   2    19    0.2884384       0.3180401       0.0502105       1.6569601    
   2    20    0.2793228       0.3040457       0.0493839       1.5798914    
   2    21    0.2894632       0.3196300       0.0503014       1.6657367    
   2    22    0.2799914       0.3050629       0.0494457       1.5854817    
   2    23    0.2793228       0.3040457       0.0493839       1.5798914    
   2    24    0.2791002       0.3037073       0.0493633       1.5780321    
   2    25    0.2791002       0.3037073       0.0493633       1.5780321    
   2    26    0.2811080       0.3067652       0.0495483       1.5948410    
   2    27    0.2791002       0.3037073       0.0493633       1.5780321    
   2    28    0.2791002       0.3037073       0.0493633       1.5780321    
   2    29    0.2838001       0.3108858       0.0497939       1.6175181    
   2    30    0.3030037       0.3409312       0.0514717       1.7837224    
   2    31    0.2791002       0.3037073       0.0493633       1.5780321    
   2    32    0.2791002       0.3037073       0.0493633       1.5780321    

    Net Birth+Immigration Estimates of { Phi(~sex)p(~1)pent(~1)N(~1) }
                                                95% Confidence Interval
 Grp. Occ.   B-hat           Standard Error      Lower           Upper
 ---- ----   --------------  --------------  --------------  --------------
   1     1    0.1755311       0.1994238       0.0294700       1.0455103    
   1     2    0.1755311       0.1994238       0.0294700       1.0455103    
   1     3    0.1755311       0.1994238       0.0294700       1.0455103    
   1     4    0.1755311       0.1994238       0.0294700       1.0455103    
   1     5    0.1755311       0.1994238       0.0294700       1.0455103    
   1     6    0.1755311       0.1994238       0.0294700       1.0455103    
   1     7    0.1755311       0.1994238       0.0294700       1.0455103    
   1     8    0.1755311       0.1994238       0.0294700       1.0455103    
   1     9    0.1755311       0.1994238       0.0294700       1.0455103    
   1    10    0.1755311       0.1994238       0.0294700       1.0455103    
   1    11    0.1755311       0.1994238       0.0294700       1.0455103    
   1    12    0.1755311       0.1994238       0.0294700       1.0455103    
   1    13    0.1755311       0.1994238       0.0294700       1.0455103    
   1    14    0.1755311       0.1994238       0.0294700       1.0455103    
   1    15    0.1755311       0.1994238       0.0294700       1.0455103    
   1    16    0.1755311       0.1994238       0.0294700       1.0455103    
   1    17    0.1755311       0.1994238       0.0294700       1.0455103    
   1    18    0.1755311       0.1994238       0.0294700       1.0455103    
   1    19    0.1755311       0.1994238       0.0294700       1.0455103    
   1    20    0.1755311       0.1994238       0.0294700       1.0455103    
   1    21    0.1755311       0.1994238       0.0294700       1.0455103    
   1    22    0.1755311       0.1994238       0.0294700       1.0455103    
   1    23    0.1755311       0.1994238       0.0294700       1.0455103    
   1    24    0.1755311       0.1994238       0.0294700       1.0455103    
   1    25    0.1755311       0.1994238       0.0294700       1.0455103    
   1    26    0.1755311       0.1994238       0.0294700       1.0455103    
   1    27    0.1755311       0.1994238       0.0294700       1.0455103    
   1    28    0.1755311       0.1994238       0.0294700       1.0455103    
   1    29    0.1755311       0.1994238       0.0294700       1.0455103    
   1    30    0.1755311       0.1994238       0.0294700       1.0455103    
   1    31    0.1755311       0.1994238       0.0294700       1.0455103    
   1    32    0.1755311       0.1994238       0.0294700       1.0455103    
   2     1    0.2789889       0.3035383       0.0493530       1.5771033    
   2     2    0.2789889       0.3035383       0.0493530       1.5771033    
   2     3    0.2789889       0.3035383       0.0493530       1.5771033    
   2     4    0.2789889       0.3035383       0.0493530       1.5771033    
   2     5    0.2789889       0.3035383       0.0493530       1.5771033    
   2     6    0.2789889       0.3035383       0.0493530       1.5771033    
   2     7    0.2789889       0.3035383       0.0493530       1.5771033    
   2     8    0.2789889       0.3035383       0.0493530       1.5771033    
   2     9    0.2789889       0.3035383       0.0493530       1.5771033    
   2    10    0.2789889       0.3035383       0.0493530       1.5771033    
   2    11    0.2789889       0.3035383       0.0493530       1.5771033    
   2    12    0.2789889       0.3035383       0.0493530       1.5771033    
   2    13    0.2789889       0.3035383       0.0493530       1.5771033    
   2    14    0.2789889       0.3035383       0.0493530       1.5771033    
   2    15    0.2789889       0.3035383       0.0493530       1.5771033    
   2    16    0.2789889       0.3035383       0.0493530       1.5771033    
   2    17    0.2789889       0.3035383       0.0493530       1.5771033    
   2    18    0.2789889       0.3035383       0.0493530       1.5771033    
   2    19    0.2789889       0.3035383       0.0493530       1.5771033    
   2    20    0.2789889       0.3035383       0.0493530       1.5771033    
   2    21    0.2789889       0.3035383       0.0493530       1.5771033    
   2    22    0.2789889       0.3035383       0.0493530       1.5771033    
   2    23    0.2789889       0.3035383       0.0493530       1.5771033    
   2    24    0.2789889       0.3035383       0.0493530       1.5771033    
   2    25    0.2789889       0.3035383       0.0493530       1.5771033    
   2    26    0.2789889       0.3035383       0.0493530       1.5771033    
   2    27    0.2789889       0.3035383       0.0493530       1.5771033    
   2    28    0.2789889       0.3035383       0.0493530       1.5771033    
   2    29    0.2789889       0.3035383       0.0493530       1.5771033    
   2    30    0.2789889       0.3035383       0.0493530       1.5771033    
   2    31    0.2789889       0.3035383       0.0493530       1.5771033    
   2    32    0.2789889       0.3035383       0.0493530       1.5771033    

         Population Estimates of { Phi(~sex)p(~1)pent(~1)N(~1) }
                                                95% Confidence Interval
 Grp. Occ.   N-hat           Standard Error      Lower           Upper
 ---- ----   --------------  --------------  --------------  --------------
   1     1    16.439375       4.1156713       10.139340       26.653909    
   1     2    16.445470       3.9325065       10.359117       26.107773    
   1     3    16.536032       3.7607483       10.648210       25.679466    
   1     4    16.626126       3.5929963       10.937887       25.272528    
   1     5    16.630295       3.4248442       11.153660       24.796052    
   1     6    16.549384       3.2592658       11.291036       24.256596    
   1     7    16.639409       3.1058150       11.577452       23.914582    
   1     8    16.728969       2.9583663       11.860322       23.596189    
   1     9    16.732078       2.8169164       12.057132       23.219656    
   1    10    16.735156       2.6837939       12.245793       22.870341    

  Program  MARK  - Survival Rate Estimation with Capture-Recapture Data
   gfortran(dble) Vers. 9.0 Mar 2018    25-Mar-2020 14:19:35    Page  013
 - - - - - - - - - - - - - - - - - - - - - - - - - - - - - - - - - - - - - -
 
   1    11    16.652628       2.5614192       12.340072       22.472317    
   1    12    16.742119       2.4451579       12.593516       22.257371    
   1    13    16.489587       2.3531732       12.483811       21.780727    
   1    14    16.495164       2.2623919       12.622681       21.555678    
   1    15    15.837981       2.2382916       12.022544       20.864272    
   1    16    15.931682       2.1647692       12.221606       20.768013    
   1    17    15.943009       2.1141544       12.307915       20.651713    
   1    18    16.036167       2.0705537       12.463709       20.632594    
   1    19    15.882840       2.0667762       12.320462       20.475255    
   1    20    10.454599       2.8468601       6.1893854       17.659047    
   1    21    10.468918       2.8053410       6.2480601       17.541165    
   1    22    6.6421931       2.9665709       2.8792965       15.322746    
   1    23    6.5151659       2.8974649       2.8334296       14.980922    
   1    24    6.5902317       2.8468997       2.9295281       14.825307    
   1    25    6.7317129       2.8114243       3.0677063       14.771935    
   1    26    6.8724631       2.7895527       3.1965958       14.775327    
   1    27    6.4038122       2.7556148       2.8549218       14.364250    
   1    28    6.5462566       2.7526606       2.9684345       14.436389    
   1    29    6.6879650       2.7633785       3.0714757       14.562666    
   1    30    5.5280362       2.6591921       2.2605641       13.518389    
   1    31    2.0381965       1.6830295       0.4960045       8.3754188    
   1    32    2.2031968       1.6684420       0.5887860       8.2442120    
   1    33    2.3673446       1.6774997       0.6781081       8.2646422    
   2     1    26.128724       7.2607572       15.309579       44.593666    
   2     2    26.366069       6.9776905       15.833434       43.905171    
   2     3    26.624039       6.6940738       16.387925       43.253762    
   2     4    26.881802       6.4122763       16.951769       42.628666    
   2     5    27.117947       6.1355687       17.501022       42.019434    
   2     6    27.332131       5.8648550       18.033217       41.426074    
   2     7    27.589330       5.5897880       18.621312       40.876343    
   2     8    27.846324       5.3176034       19.216340       40.352002    
   2     9    28.080932       5.0530028       19.790579       39.844147    
   2    10    28.315165       4.7924467       20.368710       39.361775    
   2    11    28.526488       4.5414951       20.920848       38.897110    
   2    12    28.782735       4.2856269       21.531961       38.475168    
   2    13    28.947176       4.0581881       22.021748       38.050521    
   2    14    29.180029       3.8210356       22.599293       37.677022    
   2    15    29.227222       3.6460412       22.909176       37.287701    
   2    16    29.482910       3.4201405       23.504738       36.981566    
   2    17    29.714909       3.2134562       24.054081       36.707943    
   2    18    29.970209       3.0133153       24.621833       36.480364    
   2    19    30.153741       2.8534626       25.059337       36.283804    
   2    20    28.478818       3.6474280       22.179173       36.567777    
   2    21    28.689749       3.5220866       22.574489       36.461587    
   2    22    26.917794       4.7293678       19.125758       37.884386    
   2    23    27.004263       4.7239070       19.215335       37.950430    

  Program  MARK  - Survival Rate Estimation with Capture-Recapture Data
   gfortran(dble) Vers. 9.0 Mar 2018    25-Mar-2020 14:19:35    Page  014
 - - - - - - - - - - - - - - - - - - - - - - - - - - - - - - - - - - - - - -
 
   2    24    27.218719       4.6466618       19.525130       37.943852    
   2    25    27.476008       4.5567878       19.894780       37.946186    
   2    26    27.733093       4.4849016       20.240900       37.998529    
   2    27    27.595005       4.6945210       19.817608       38.424631    
   2    28    27.851994       4.6535498       20.119241       38.556802    
   2    29    28.108779       4.6312509       20.395391       38.739315    
   2    30    27.440145       5.2059463       18.980993       39.669239    
   2    31    23.487623       7.7375795       12.520217       44.062212    
   2    32    23.747887       7.6833946       12.795206       44.076050    
   2    33    24.007944       7.6405955       13.060500       44.131647    

      Gross Population Estimates of { Phi(~sex)p(~1)pent(~1)N(~1) }
                                                95% Confidence Interval
 Grp. Occ.   N*-hat          Standard Error      Lower           Upper
 ---- ----   --------------  --------------  --------------  --------------
   1     0    22.314155       3.9323817       15.838627       31.437165    
   2     0    35.114474       3.7087071       28.564844       43.165869    

   CPU Time for the last procedure was 0.11 seconds.     


  INPUT --- proc stop;

     CPU Time in minutes for this job was 0.00

     Time Start = 14:19:34.978   Time End = 14:19:35.425

     Wall Clock Time in minutes for this job was 0.01


          E X E C U T I O N   S U C C E S S F U L 
