
   Program  MARK  - Survival Rate Estimation with Capture-Recapture Data
   gfortran(dble) Vers. 9.0 Mar 2018    25-Mar-2020 14:19:47    Page  001
 - - - - - - - - - - - - - - - - - - - - - - - - - - - - - - - - - - - - - -
 
   This version was compiled by GCC version 7.2.0 using the options: 
     -cpp -iprefix C:/Program Files/mingw-w64/x86_64-7.2.0-posix-seh-rt_v5-rev1/
     mingw64/bin/../lib/gcc/x86_64-w64-mingw32/7.2.0/ -D_MT -D_REENTRANT
     -U_REENTRANT -D IEEE -D DBLEPRECISION -m64 -mtune=core2 -march=nocona -mthreads
     -O2 -fimplicit-none -fbounds-check -funroll-loops -ftree-vectorize
     -ffpe-summary=invalid,zero,overflow,underflow -fno-unsafe-math-optimizations
     -frounding-math -fsignaling-nans -fopenmp.

   This problem will use 15 of 16 possible threads.


  INPUT --- proc title ;

   CPU Time for the last procedure was 0.01 seconds.     


  INPUT --- proc chmatrix occasions= 33 groups= 2 etype= POPAN Nodes= 
  INPUT --- 101 ICMeans NoHist hist= 41  ;

  INPUT ---    time interval 0.00547945205479452 0.00273972602739726 
  INPUT ---    0.00273972602739726 0.00547945205479452  
  INPUT ---    0.00821917808219178 0.00273972602739726 0.00273972602739726 
  INPUT ---    0.00547945205479452  0.00547945205479452 
  INPUT ---    0.00821917808219178 0.00273972602739726 0.0136986301369863 
  INPUT ---    0.00547945205479452  0.0273972602739726 0.00273972602739726 
  INPUT ---    0.00547945205479452 0.00273972602739726 0.010958904109589  
  INPUT ---    0.23013698630137 0.00821917808219178 0.254794520547945 
  INPUT ---    0.0246575342465753 0.00821917808219178  0.00273972602739726 
  INPUT ---    0.00273972602739726 0.0520547945205479 0.00273972602739726 
  INPUT ---    0.00273972602739726  0.117808219178082 0.575342465753425 
  INPUT ---    0.00273972602739726 0.00273972602739726 ;

  INPUT ---    glabel(1)=sexF;

  INPUT ---    glabel(2)=sexM;

   * *  WARNING  * *   At least a pair of the encounter histories are duplicates. 

      Number of unique encounter histories read was 38.

      Number of individual covariates read was 0.
      Time interval lengths vary and/or not equal to 1.

      Data type number is 19
      Data type is POPAN                                                                                               

   CPU Time for the last procedure was 0.01 seconds.     

  Program  MARK  - Survival Rate Estimation with Capture-Recapture Data
   gfortran(dble) Vers. 9.0 Mar 2018    25-Mar-2020 14:19:47    Page  002
 - - - - - - - - - - - - - - - - - - - - - - - - - - - - - - - - - - - - - -
 


  INPUT --- proc estimate link=Parm-Specific NOLOOP varest=2ndPart    ;


  INPUT --- model={ Phi(~1)p(~sex)pent(~sex)N(~1) };

  INPUT ---    group=1 Phi    rows=1 cols=32 Square ;
  INPUT ---        1 1 1 1 1 1 1 1 1 1 1 1 1 1 1 1 1 1 1 1 1 1 1 1 1 1 1 1 1 
  INPUT ---       1 1 1 ;

  INPUT ---    group=2 Phi    rows=1 cols=32 Square ;
  INPUT ---        1 1 1 1 1 1 1 1 1 1 1 1 1 1 1 1 1 1 1 1 1 1 1 1 1 1 1 1 1 
  INPUT ---       1 1 1 ;

  INPUT ---    group=1 p    rows=1 cols=33 Square ;
  INPUT ---        2 2 2 2 2 2 2 2 2 2 2 2 2 2 2 2 2 2 2 2 2 2 2 2 2 2 2 2 2 
  INPUT ---       2 2 2 2 ;

  INPUT ---    group=2 p    rows=1 cols=33 Square ;
  INPUT ---        3 3 3 3 3 3 3 3 3 3 3 3 3 3 3 3 3 3 3 3 3 3 3 3 3 3 3 3 3 
  INPUT ---       3 3 3 3 ;

  INPUT ---    group=1 pent    rows=1 cols=32 Square ;
  INPUT ---        5 6 7 8 9 10 11 12 13 14 15 16 17 18 19 20 21 22 23 24 25 
  INPUT ---       26 27 28 29 30 31 32 33 34 35 36 ;

  INPUT ---    group=2 pent    rows=1 cols=32 Square ;
  INPUT ---        37 38 39 40 41 42 43 44 45 46 47 48 49 50 51 52 53 54 55 
  INPUT ---       56 57 58 59 60 61 62 63 64 65 66 67 68 ;

  INPUT ---    group=1 N    rows=1 cols=1 Square ;
  INPUT ---        4 ;

  INPUT ---    group=2 N    rows=1 cols=1 Square ;
  INPUT ---        4 ;

  INPUT ---    design matrix constraints=68 covariates=6;
  INPUT ---        1 0 0 0 0 0;
  INPUT ---        0 1 0 0 0 0;
  INPUT ---        0 1 1 0 0 0;
  INPUT ---        0 0 0 0 0 1;
  INPUT ---        0 0 0 1 0 0;
  INPUT ---        0 0 0 1 0 0;
  INPUT ---        0 0 0 1 0 0;
  INPUT ---        0 0 0 1 0 0;

  Program  MARK  - Survival Rate Estimation with Capture-Recapture Data
   gfortran(dble) Vers. 9.0 Mar 2018    25-Mar-2020 14:19:47    Page  003
 - - - - - - - - - - - - - - - - - - - - - - - - - - - - - - - - - - - - - -
 
  INPUT ---        0 0 0 1 0 0;
  INPUT ---        0 0 0 1 0 0;
  INPUT ---        0 0 0 1 0 0;
  INPUT ---        0 0 0 1 0 0;
  INPUT ---        0 0 0 1 0 0;
  INPUT ---        0 0 0 1 0 0;
  INPUT ---        0 0 0 1 0 0;
  INPUT ---        0 0 0 1 0 0;
  INPUT ---        0 0 0 1 0 0;
  INPUT ---        0 0 0 1 0 0;
  INPUT ---        0 0 0 1 0 0;
  INPUT ---        0 0 0 1 0 0;
  INPUT ---        0 0 0 1 0 0;
  INPUT ---        0 0 0 1 0 0;
  INPUT ---        0 0 0 1 0 0;
  INPUT ---        0 0 0 1 0 0;
  INPUT ---        0 0 0 1 0 0;
  INPUT ---        0 0 0 1 0 0;
  INPUT ---        0 0 0 1 0 0;
  INPUT ---        0 0 0 1 0 0;
  INPUT ---        0 0 0 1 0 0;
  INPUT ---        0 0 0 1 0 0;
  INPUT ---        0 0 0 1 0 0;
  INPUT ---        0 0 0 1 0 0;
  INPUT ---        0 0 0 1 0 0;
  INPUT ---        0 0 0 1 0 0;
  INPUT ---        0 0 0 1 0 0;
  INPUT ---        0 0 0 1 0 0;
  INPUT ---        0 0 0 1 1 0;
  INPUT ---        0 0 0 1 1 0;
  INPUT ---        0 0 0 1 1 0;
  INPUT ---        0 0 0 1 1 0;
  INPUT ---        0 0 0 1 1 0;
  INPUT ---        0 0 0 1 1 0;
  INPUT ---        0 0 0 1 1 0;
  INPUT ---        0 0 0 1 1 0;
  INPUT ---        0 0 0 1 1 0;
  INPUT ---        0 0 0 1 1 0;
  INPUT ---        0 0 0 1 1 0;
  INPUT ---        0 0 0 1 1 0;
  INPUT ---        0 0 0 1 1 0;
  INPUT ---        0 0 0 1 1 0;
  INPUT ---        0 0 0 1 1 0;
  INPUT ---        0 0 0 1 1 0;
  INPUT ---        0 0 0 1 1 0;
  INPUT ---        0 0 0 1 1 0;

  Program  MARK  - Survival Rate Estimation with Capture-Recapture Data
   gfortran(dble) Vers. 9.0 Mar 2018    25-Mar-2020 14:19:47    Page  004
 - - - - - - - - - - - - - - - - - - - - - - - - - - - - - - - - - - - - - -
 
  INPUT ---        0 0 0 1 1 0;
  INPUT ---        0 0 0 1 1 0;
  INPUT ---        0 0 0 1 1 0;
  INPUT ---        0 0 0 1 1 0;
  INPUT ---        0 0 0 1 1 0;
  INPUT ---        0 0 0 1 1 0;
  INPUT ---        0 0 0 1 1 0;
  INPUT ---        0 0 0 1 1 0;
  INPUT ---        0 0 0 1 1 0;
  INPUT ---        0 0 0 1 1 0;
  INPUT ---        0 0 0 1 1 0;
  INPUT ---        0 0 0 1 1 0;
  INPUT ---        0 0 0 1 1 0;
  INPUT ---        0 0 0 1 1 0;

  INPUT ---    links=68;

  INPUT ---    Logit;

  INPUT ---    Logit;

  INPUT ---    Logit;

  INPUT ---    Log;

  INPUT ---    mlogit(1);

  INPUT ---    mlogit(1);

  INPUT ---    mlogit(1);

  INPUT ---    mlogit(1);

  INPUT ---    mlogit(1);

  INPUT ---    mlogit(1);

  INPUT ---    mlogit(1);

  INPUT ---    mlogit(1);

  INPUT ---    mlogit(1);

  INPUT ---    mlogit(1);

  INPUT ---    mlogit(1);

  Program  MARK  - Survival Rate Estimation with Capture-Recapture Data
   gfortran(dble) Vers. 9.0 Mar 2018    25-Mar-2020 14:19:47    Page  005
 - - - - - - - - - - - - - - - - - - - - - - - - - - - - - - - - - - - - - -
 

  INPUT ---    mlogit(1);

  INPUT ---    mlogit(1);

  INPUT ---    mlogit(1);

  INPUT ---    mlogit(1);

  INPUT ---    mlogit(1);

  INPUT ---    mlogit(1);

  INPUT ---    mlogit(1);

  INPUT ---    mlogit(1);

  INPUT ---    mlogit(1);

  INPUT ---    mlogit(1);

  INPUT ---    mlogit(1);

  INPUT ---    mlogit(1);

  INPUT ---    mlogit(1);

  INPUT ---    mlogit(1);

  INPUT ---    mlogit(1);

  INPUT ---    mlogit(1);

  INPUT ---    mlogit(1);

  INPUT ---    mlogit(1);

  INPUT ---    mlogit(1);

  INPUT ---    mlogit(1);

  INPUT ---    mlogit(1);

  INPUT ---    mlogit(2);

  INPUT ---    mlogit(2);

  Program  MARK  - Survival Rate Estimation with Capture-Recapture Data
   gfortran(dble) Vers. 9.0 Mar 2018    25-Mar-2020 14:19:47    Page  006
 - - - - - - - - - - - - - - - - - - - - - - - - - - - - - - - - - - - - - -
 

  INPUT ---    mlogit(2);

  INPUT ---    mlogit(2);

  INPUT ---    mlogit(2);

  INPUT ---    mlogit(2);

  INPUT ---    mlogit(2);

  INPUT ---    mlogit(2);

  INPUT ---    mlogit(2);

  INPUT ---    mlogit(2);

  INPUT ---    mlogit(2);

  INPUT ---    mlogit(2);

  INPUT ---    mlogit(2);

  INPUT ---    mlogit(2);

  INPUT ---    mlogit(2);

  INPUT ---    mlogit(2);

  INPUT ---    mlogit(2);

  INPUT ---    mlogit(2);

  INPUT ---    mlogit(2);

  INPUT ---    mlogit(2);

  INPUT ---    mlogit(2);

  INPUT ---    mlogit(2);

  INPUT ---    mlogit(2);

  INPUT ---    mlogit(2);

  INPUT ---    mlogit(2);

  Program  MARK  - Survival Rate Estimation with Capture-Recapture Data
   gfortran(dble) Vers. 9.0 Mar 2018    25-Mar-2020 14:19:47    Page  007
 - - - - - - - - - - - - - - - - - - - - - - - - - - - - - - - - - - - - - -
 

  INPUT ---    mlogit(2);

  INPUT ---    mlogit(2);

  INPUT ---    mlogit(2);

  INPUT ---    mlogit(2);

  INPUT ---    mlogit(2);

  INPUT ---    mlogit(2);

  INPUT ---    mlogit(2);
  INPUT ---       blabel(1)=Phi:(Intercept);
  INPUT ---       blabel(2)=p:(Intercept);
  INPUT ---       blabel(3)=p:sexM;
  INPUT ---       blabel(4)=pent:(Intercept);
  INPUT ---       blabel(5)=pent:sexM;
  INPUT ---       blabel(6)=N:(Intercept);
  INPUT ---       rlabel(1)=Phi gF a0 t1;
  INPUT ---       rlabel(2)=p gF a0 t1;
  INPUT ---       rlabel(3)=p gM a0 t1;
  INPUT ---       rlabel(4)=N gF a0 t1;
  INPUT ---       rlabel(5)=pent gF a0.00547945205479452 t1.00547945205479;
  INPUT ---       rlabel(6)=pent gF a0.00821917808219178 t1.00821917808219;
  INPUT ---       rlabel(7)=pent gF a0.010958904109589 t1.01095890410959;
  INPUT ---       rlabel(8)=pent gF a0.0164383561643836 t1.01643835616438;
  INPUT ---       rlabel(9)=pent gF a0.0246575342465753 t1.02465753424658;
  INPUT ---       rlabel(10)=pent gF a0.0273972602739726 t1.02739726027397;
  INPUT ---       rlabel(11)=pent gF a0.0301369863013699 t1.03013698630137;
  INPUT ---       rlabel(12)=pent gF a0.0356164383561644 t1.03561643835616;
  INPUT ---       rlabel(13)=pent gF a0.0410958904109589 t1.04109589041096;
  INPUT ---       rlabel(14)=pent gF a0.0493150684931507 t1.04931506849315;
  INPUT ---       rlabel(15)=pent gF a0.0520547945205479 t1.05205479452055;
  INPUT ---       rlabel(16)=pent gF a0.0657534246575342 t1.06575342465753;
  INPUT ---       rlabel(17)=pent gF a0.0712328767123288 t1.07123287671233;
  INPUT ---       rlabel(18)=pent gF a0.0986301369863014 t1.0986301369863;
  INPUT ---       rlabel(19)=pent gF a0.101369863013699 t1.1013698630137;
  INPUT ---       rlabel(20)=pent gF a0.106849315068493 t1.10684931506849;
  INPUT ---       rlabel(21)=pent gF a0.10958904109589 t1.10958904109589;
  INPUT ---       rlabel(22)=pent gF a0.120547945205479 t1.12054794520548;
  INPUT ---       rlabel(23)=pent gF a0.350684931506849 t1.35068493150685;
  INPUT ---       rlabel(24)=pent gF a0.358904109589041 t1.35890410958904;
  INPUT ---       rlabel(25)=pent gF a0.613698630136986 t1.61369863013699;
  INPUT ---       rlabel(26)=pent gF a0.638356164383562 t1.63835616438356;

  Program  MARK  - Survival Rate Estimation with Capture-Recapture Data
   gfortran(dble) Vers. 9.0 Mar 2018    25-Mar-2020 14:19:48    Page  008
 - - - - - - - - - - - - - - - - - - - - - - - - - - - - - - - - - - - - - -
 
  INPUT ---       rlabel(27)=pent gF a0.646575342465753 t1.64657534246575;
  INPUT ---       rlabel(28)=pent gF a0.649315068493151 t1.64931506849315;
  INPUT ---       rlabel(29)=pent gF a0.652054794520548 t1.65205479452055;
  INPUT ---       rlabel(30)=pent gF a0.704109589041096 t1.7041095890411;
  INPUT ---       rlabel(31)=pent gF a0.706849315068493 t1.70684931506849;
  INPUT ---       rlabel(32)=pent gF a0.70958904109589 t1.70958904109589;
  INPUT ---       rlabel(33)=pent gF a0.827397260273973 t1.82739726027397;
  INPUT ---       rlabel(34)=pent gF a1.4027397260274 t2.4027397260274;
  INPUT ---       rlabel(35)=pent gF a1.40547945205479 t2.40547945205479;
  INPUT ---       rlabel(36)=pent gF a1.40821917808219 t2.40821917808219;
  INPUT ---       rlabel(37)=pent gM a0.00547945205479452 t1.00547945205479;
  INPUT ---       rlabel(38)=pent gM a0.00821917808219178 t1.00821917808219;
  INPUT ---       rlabel(39)=pent gM a0.010958904109589 t1.01095890410959;
  INPUT ---       rlabel(40)=pent gM a0.0164383561643836 t1.01643835616438;
  INPUT ---       rlabel(41)=pent gM a0.0246575342465753 t1.02465753424658;
  INPUT ---       rlabel(42)=pent gM a0.0273972602739726 t1.02739726027397;
  INPUT ---       rlabel(43)=pent gM a0.0301369863013699 t1.03013698630137;
  INPUT ---       rlabel(44)=pent gM a0.0356164383561644 t1.03561643835616;
  INPUT ---       rlabel(45)=pent gM a0.0410958904109589 t1.04109589041096;
  INPUT ---       rlabel(46)=pent gM a0.0493150684931507 t1.04931506849315;
  INPUT ---       rlabel(47)=pent gM a0.0520547945205479 t1.05205479452055;
  INPUT ---       rlabel(48)=pent gM a0.0657534246575342 t1.06575342465753;
  INPUT ---       rlabel(49)=pent gM a0.0712328767123288 t1.07123287671233;
  INPUT ---       rlabel(50)=pent gM a0.0986301369863014 t1.0986301369863;
  INPUT ---       rlabel(51)=pent gM a0.101369863013699 t1.1013698630137;
  INPUT ---       rlabel(52)=pent gM a0.106849315068493 t1.10684931506849;
  INPUT ---       rlabel(53)=pent gM a0.10958904109589 t1.10958904109589;
  INPUT ---       rlabel(54)=pent gM a0.120547945205479 t1.12054794520548;
  INPUT ---       rlabel(55)=pent gM a0.350684931506849 t1.35068493150685;
  INPUT ---       rlabel(56)=pent gM a0.358904109589041 t1.35890410958904;
  INPUT ---       rlabel(57)=pent gM a0.613698630136986 t1.61369863013699;
  INPUT ---       rlabel(58)=pent gM a0.638356164383562 t1.63835616438356;
  INPUT ---       rlabel(59)=pent gM a0.646575342465753 t1.64657534246575;
  INPUT ---       rlabel(60)=pent gM a0.649315068493151 t1.64931506849315;
  INPUT ---       rlabel(61)=pent gM a0.652054794520548 t1.65205479452055;
  INPUT ---       rlabel(62)=pent gM a0.704109589041096 t1.7041095890411;
  INPUT ---       rlabel(63)=pent gM a0.706849315068493 t1.70684931506849;
  INPUT ---       rlabel(64)=pent gM a0.70958904109589 t1.70958904109589;
  INPUT ---       rlabel(65)=pent gM a0.827397260273973 t1.82739726027397;
  INPUT ---       rlabel(66)=pent gM a1.4027397260274 t2.4027397260274;
  INPUT ---       rlabel(67)=pent gM a1.40547945205479 t2.40547945205479;
  INPUT ---       rlabel(68)=pent gM a1.40821917808219 t2.40821917808219;

 Link Function Used is PARM-SPECIFIC

 Variance Estimation Procedure Used is 2ndPart 

  Program  MARK  - Survival Rate Estimation with Capture-Recapture Data
   gfortran(dble) Vers. 9.0 Mar 2018    25-Mar-2020 14:19:48    Page  009
 - - - - - - - - - - - - - - - - - - - - - - - - - - - - - - - - - - - - - -
 

 M(t+1):
      16     29



 Group: 1

 U(t)+UL(t):
       0    2    2    0    1    0    3    1    1    0    0    0    0    0    1
       0    0    0    2    1    1    0    0    0    1    0    0    0    0    0
       0    0    0

 U(t):
       0    2    2    0    1    0    3    1    1    0    0    0    0    0    1
       0    0    0    2    1    1    0    0    0    1    0    0    0    0    0
       0    0    0

 UL(t):
       0    0    0    0    0    0    0    0    0    0    0    0    0    0    0
       0    0    0    0    0    0    0    0    0    0    0    0    0    0    0
       0    0    0

 Not Released(t):
       0    0    0    0    0    0    0    0    0    0    0    0    0    0    0
       0    0    0    0    0    0    0    0    0    0    0    0    0    0    0
       0    0    0

 Group: 2

 U(t)+UL(t):
       3    0    1    1    1    1    1    0    1    1    2    1    3    3    1
       1    0    2    3    1    0    0    1    0    0    0    0    0    0    1
       0    0    0

 U(t):
       3    0    1    1    1    1    1    0    1    1    2    1    3    3    1
       1    0    2    3    1    0    0    1    0    0    0    0    0    0    1
       0    0    0

 UL(t):
       0    0    0    0    0    0    0    0    0    0    0    0    0    0    0
       0    0    0    0    0    0    0    0    0    0    0    0    0    0    0
       0    0    0

 Not Released(t):
       0    0    0    0    0    0    0    0    0    0    0    0    0    0    0
       0    0    0    0    0    0    0    0    0    0    0    0    0    0    0
       0    0    0
 -2logL(saturated) = 272.93564     
 Effective Sample Size = 103

 Number of function evaluations was 39 for 6 parameters.
 Time for numerical optimization was 0.06 seconds.     
 -2logL { Phi(~1)p(~sex)pent(~sex)N(~1) } = 556.56639     
 Penalty { Phi(~1)p(~sex)pent(~sex)N(~1) } = 0.0000000     
 Gradient { Phi(~1)p(~sex)pent(~sex)N(~1) }:
 -0.3027896E-04  0.8769333E-04  0.5357636E-04 -0.9064572E-04 -0.9050983E-04
  0.8634607E-04
 Maximum ABS(G) { Phi(~1)p(~sex)pent(~sex)N(~1) } = 0.9064572E-04 
 S Vector { Phi(~1)p(~sex)pent(~sex)N(~1) }:
   124.0296      13.28724      5.434841      3.218228     0.9564149    
  0.1279883E-05
 Time to compute number of parameters was 0.09 seconds.     
 Ratio Threshold = 50.000000       Max Gap (5/6) = 747267.47       Next Max Gap (1/2) = 9.3344921     
 Gap Method for Num. of Estimated Parameters { Phi(~1)p(~sex)pent(~sex)N(~1) } = 5          
 Threshold { Phi(~1)p(~sex)pent(~sex)N(~1) } = 0.1812914E-03                 
 Numerical Threshold Method for Num. of Estimated Parameters { Phi(~1)p(~sex)pent(~sex)N(~1) } = 5          
 Number of Estimated Parameters { Phi(~1)p(~sex)pent(~sex)N(~1) } = 5          
 DEVIANCE { Phi(~1)p(~sex)pent(~sex)N(~1) } = 283.63074                     
 DEVIANCE Degrees of Freedom { Phi(~1)p(~sex)pent(~sex)N(~1) } = 36            
 c-hat { Phi(~1)p(~sex)pent(~sex)N(~1) } = 7.8786318                     
 AIC { Phi(~1)p(~sex)pent(~sex)N(~1) } = 566.56639                  
 AICc { Phi(~1)p(~sex)pent(~sex)N(~1) } = 567.18494                    
 BIC { Phi(~1)p(~sex)pent(~sex)N(~1) } = 579.74003                    
 Pearson Chisquare { Phi(~1)p(~sex)pent(~sex)N(~1) } = 19851907.                  


              PARM-SPECIFIC Link Function Parameters of { Phi(~1)p(~sex)pent(~sex)N(~1) }
                                                              95% Confidence Interval
 Parameter                    Beta         Standard Error      Lower           Upper
 -------------------------  --------------  --------------  --------------  --------------
    1:Phi:(Intercept)        0.2598510       0.6306980      -0.9763171       1.4960192    
    2:p:(Intercept)         -2.9150383       0.2402420      -3.3859126      -2.4441641    
    3:p:sexM                 0.5664247       0.3003123      -0.0221875       1.1550369    
    4:pent:(Intercept)      -18.358450       625.02891      -1243.4151       1206.6982    
    5:pent:sexM              14.088544       625.02888      -1210.9681       1239.1452    
    6:N:(Intercept)          1.7391083       0.5389727       0.6827217       2.7954949    


              Real Function Parameters of { Phi(~1)p(~sex)pent(~sex)N(~1) }
                                                               95% Confidence Interval
  Parameter                  Estimate       Standard Error      Lower           Upper
 --------------------------  --------------  --------------  --------------  --------------
     1:Phi gF a0 t1           0.5645997       0.1550425       0.2736232       0.8169800                          
     2:p gF a0 t1             0.0514152       0.0117170       0.0327386       0.0798664                          
     3:p gM a0 t1             0.0871760       0.0151866       0.0616491       0.1218997                          
     4:N gF a0 t1             21.692265       3.0679758       18.115543       31.316105                          
     5:pent gF a0.005479452   0.1064207E-07   0.6651600E-05  -0.1302649E-04   0.1304778E-04                      
     6:pent gF a0.008219178   0.1064207E-07   0.6651600E-05  -0.1302649E-04   0.1304778E-04                      
     7:pent gF a0.010958904   0.1064207E-07   0.6651600E-05  -0.1302649E-04   0.1304778E-04                      
     8:pent gF a0.016438356   0.1064207E-07   0.6651600E-05  -0.1302649E-04   0.1304778E-04                      
     9:pent gF a0.024657534   0.1064207E-07   0.6651600E-05  -0.1302649E-04   0.1304778E-04                      
    10:pent gF a0.027397260   0.1064207E-07   0.6651600E-05  -0.1302649E-04   0.1304778E-04                      
    11:pent gF a0.030136986   0.1064207E-07   0.6651600E-05  -0.1302649E-04   0.1304778E-04                      

  Program  MARK  - Survival Rate Estimation with Capture-Recapture Data
   gfortran(dble) Vers. 9.0 Mar 2018    25-Mar-2020 14:19:48    Page  010
 - - - - - - - - - - - - - - - - - - - - - - - - - - - - - - - - - - - - - -
 
    12:pent gF a0.035616438   0.1064207E-07   0.6651600E-05  -0.1302649E-04   0.1304778E-04                      
    13:pent gF a0.041095890   0.1064207E-07   0.6651600E-05  -0.1302649E-04   0.1304778E-04                      
    14:pent gF a0.049315068   0.1064207E-07   0.6651600E-05  -0.1302649E-04   0.1304778E-04                      
    15:pent gF a0.052054794   0.1064207E-07   0.6651600E-05  -0.1302649E-04   0.1304778E-04                      
    16:pent gF a0.065753424   0.1064207E-07   0.6651600E-05  -0.1302649E-04   0.1304778E-04                      
    17:pent gF a0.071232876   0.1064207E-07   0.6651600E-05  -0.1302649E-04   0.1304778E-04                      
    18:pent gF a0.098630136   0.1064207E-07   0.6651600E-05  -0.1302649E-04   0.1304778E-04                      
    19:pent gF a0.101369863   0.1064207E-07   0.6651600E-05  -0.1302649E-04   0.1304778E-04                      
    20:pent gF a0.106849315   0.1064207E-07   0.6651600E-05  -0.1302649E-04   0.1304778E-04                      
    21:pent gF a0.109589041   0.1064207E-07   0.6651600E-05  -0.1302649E-04   0.1304778E-04                      
    22:pent gF a0.120547945   0.1064207E-07   0.6651600E-05  -0.1302649E-04   0.1304778E-04                      
    23:pent gF a0.350684931   0.1064207E-07   0.6651600E-05  -0.1302649E-04   0.1304778E-04                      
    24:pent gF a0.358904109   0.1064207E-07   0.6651600E-05  -0.1302649E-04   0.1304778E-04                      
    25:pent gF a0.613698630   0.1064207E-07   0.6651600E-05  -0.1302649E-04   0.1304778E-04                      
    26:pent gF a0.638356164   0.1064207E-07   0.6651600E-05  -0.1302649E-04   0.1304778E-04                      
    27:pent gF a0.646575342   0.1064207E-07   0.6651600E-05  -0.1302649E-04   0.1304778E-04                      
    28:pent gF a0.649315068   0.1064207E-07   0.6651600E-05  -0.1302649E-04   0.1304778E-04                      
    29:pent gF a0.652054794   0.1064207E-07   0.6651600E-05  -0.1302649E-04   0.1304778E-04                      
    30:pent gF a0.704109589   0.1064207E-07   0.6651600E-05  -0.1302649E-04   0.1304778E-04                      
    31:pent gF a0.706849315   0.1064207E-07   0.6651600E-05  -0.1302649E-04   0.1304778E-04                      
    32:pent gF a0.709589041   0.1064207E-07   0.6651600E-05  -0.1302649E-04   0.1304778E-04                      
    33:pent gF a0.827397260   0.1064207E-07   0.6651600E-05  -0.1302649E-04   0.1304778E-04                      
    34:pent gF a1.402739726   0.1064207E-07   0.6651600E-05  -0.1302649E-04   0.1304778E-04                      
    35:pent gF a1.405479452   0.1064207E-07   0.6651600E-05  -0.1302649E-04   0.1304778E-04                      
    36:pent gF a1.408219178   0.1064207E-07   0.6651600E-05  -0.1302649E-04   0.1304778E-04                      
    37:pent gM a0.005479452   0.0096604       0.0083756       0.0017508       0.0514604                          
    38:pent gM a0.008219178   0.0096604       0.0083756       0.0017508       0.0514604                          
    39:pent gM a0.010958904   0.0096604       0.0083756       0.0017508       0.0514604                          
    40:pent gM a0.016438356   0.0096604       0.0083756       0.0017508       0.0514604                          
    41:pent gM a0.024657534   0.0096604       0.0083756       0.0017508       0.0514604                          
    42:pent gM a0.027397260   0.0096604       0.0083756       0.0017508       0.0514604                          
    43:pent gM a0.030136986   0.0096604       0.0083756       0.0017508       0.0514604                          
    44:pent gM a0.035616438   0.0096604       0.0083756       0.0017508       0.0514604                          
    45:pent gM a0.041095890   0.0096604       0.0083756       0.0017508       0.0514604                          
    46:pent gM a0.049315068   0.0096604       0.0083756       0.0017508       0.0514604                          
    47:pent gM a0.052054794   0.0096604       0.0083756       0.0017508       0.0514604                          
    48:pent gM a0.065753424   0.0096604       0.0083756       0.0017508       0.0514604                          
    49:pent gM a0.071232876   0.0096604       0.0083756       0.0017508       0.0514604                          
    50:pent gM a0.098630136   0.0096604       0.0083756       0.0017508       0.0514604                          
    51:pent gM a0.101369863   0.0096604       0.0083756       0.0017508       0.0514604                          
    52:pent gM a0.106849315   0.0096604       0.0083756       0.0017508       0.0514604                          
    53:pent gM a0.109589041   0.0096604       0.0083756       0.0017508       0.0514604                          
    54:pent gM a0.120547945   0.0096604       0.0083756       0.0017508       0.0514604                          
    55:pent gM a0.350684931   0.0096604       0.0083756       0.0017508       0.0514604                          
    56:pent gM a0.358904109   0.0096604       0.0083756       0.0017508       0.0514604                          
    57:pent gM a0.613698630   0.0096604       0.0083756       0.0017508       0.0514604                          

  Program  MARK  - Survival Rate Estimation with Capture-Recapture Data
   gfortran(dble) Vers. 9.0 Mar 2018    25-Mar-2020 14:19:48    Page  011
 - - - - - - - - - - - - - - - - - - - - - - - - - - - - - - - - - - - - - -
 
    58:pent gM a0.638356164   0.0096604       0.0083756       0.0017508       0.0514604                          
    59:pent gM a0.646575342   0.0096604       0.0083756       0.0017508       0.0514604                          
    60:pent gM a0.649315068   0.0096604       0.0083756       0.0017508       0.0514604                          
    61:pent gM a0.652054794   0.0096604       0.0083756       0.0017508       0.0514604                          
    62:pent gM a0.704109589   0.0096604       0.0083756       0.0017508       0.0514604                          
    63:pent gM a0.706849315   0.0096604       0.0083756       0.0017508       0.0514604                          
    64:pent gM a0.709589041   0.0096604       0.0083756       0.0017508       0.0514604                          
    65:pent gM a0.827397260   0.0096604       0.0083756       0.0017508       0.0514604                          
    66:pent gM a1.402739726   0.0096604       0.0083756       0.0017508       0.0514604                          
    67:pent gM a1.405479452   0.0096604       0.0083756       0.0017508       0.0514604                          
    68:pent gM a1.408219178   0.0096604       0.0083756       0.0017508       0.0514604                          


                      Estimates of Derived Parameters
  Gross Birth+Immigration Estimates of { Phi(~1)p(~sex)pent(~sex)N(~1) }
                                                95% Confidence Interval
 Grp. Occ.   B*-hat          Standard Error      Lower           Upper
 ---- ----   --------------  --------------  --------------  --------------
   1     1    0.2312124E-06   0.1445194E-03   0.2039932E-09   0.2620635E-03
   1     2    0.2310315E-06   0.1444063E-03   0.2038335E-09   0.2618585E-03
   1     3    0.2310315E-06   0.1444063E-03   0.2038335E-09   0.2618585E-03
   1     4    0.2312124E-06   0.1445194E-03   0.2039932E-09   0.2620635E-03
   1     5    0.2313934E-06   0.1446325E-03   0.2041529E-09   0.2622687E-03
   1     6    0.2310315E-06   0.1444063E-03   0.2038335E-09   0.2618585E-03
   1     7    0.2310315E-06   0.1444063E-03   0.2038335E-09   0.2618585E-03
   1     8    0.2312124E-06   0.1445194E-03   0.2039932E-09   0.2620635E-03
   1     9    0.2312124E-06   0.1445194E-03   0.2039932E-09   0.2620635E-03
   1    10    0.2313934E-06   0.1446325E-03   0.2041529E-09   0.2622687E-03
   1    11    0.2310315E-06   0.1444063E-03   0.2038335E-09   0.2618585E-03
   1    12    0.2317557E-06   0.1448590E-03   0.2044725E-09   0.2626793E-03
   1    13    0.2312124E-06   0.1445194E-03   0.2039932E-09   0.2620635E-03
   1    14    0.2326631E-06   0.1454262E-03   0.2052731E-09   0.2637078E-03
   1    15    0.2310315E-06   0.1444063E-03   0.2038335E-09   0.2618585E-03
   1    16    0.2312124E-06   0.1445194E-03   0.2039932E-09   0.2620635E-03
   1    17    0.2310315E-06   0.1444063E-03   0.2038335E-09   0.2618585E-03
   1    18    0.2315745E-06   0.1447457E-03   0.2043126E-09   0.2624739E-03
   1    19    0.2463683E-06   0.1539926E-03   0.2173649E-09   0.2792417E-03
   1    20    0.2313934E-06   0.1446325E-03   0.2041529E-09   0.2622687E-03
   1    21    0.2480703E-06   0.1550565E-03   0.2188665E-09   0.2811709E-03
   1    22    0.2324814E-06   0.1453126E-03   0.2051128E-09   0.2635019E-03
   1    23    0.2313934E-06   0.1446325E-03   0.2041529E-09   0.2622687E-03
   1    24    0.2310315E-06   0.1444063E-03   0.2038335E-09   0.2618585E-03
   1    25    0.2310315E-06   0.1444063E-03   0.2038335E-09   0.2618585E-03
   1    26    0.2343023E-06   0.1464508E-03   0.2067194E-09   0.2655658E-03
   1    27    0.2310315E-06   0.1444063E-03   0.2038335E-09   0.2618585E-03

  Program  MARK  - Survival Rate Estimation with Capture-Recapture Data
   gfortran(dble) Vers. 9.0 Mar 2018    25-Mar-2020 14:19:48    Page  012
 - - - - - - - - - - - - - - - - - - - - - - - - - - - - - - - - - - - - - -
 
   1    28    0.2310315E-06   0.1444063E-03   0.2038335E-09   0.2618585E-03
   1    29    0.2387111E-06   0.1492065E-03   0.2106091E-09   0.2705627E-03
   1    30    0.2708898E-06   0.1693198E-03   0.2389996E-09   0.3070351E-03
   1    31    0.2310315E-06   0.1444063E-03   0.2038335E-09   0.2618585E-03
   1    32    0.2310315E-06   0.1444063E-03   0.2038335E-09   0.2618585E-03
   2     1    0.3356677       0.3091071       0.0722526       1.5594298    
   2     2    0.3354051       0.3088151       0.0722095       1.5579194    
   2     3    0.3354051       0.3088151       0.0722095       1.5579194    
   2     4    0.3356677       0.3091071       0.0722526       1.5594298    
   2     5    0.3359305       0.3093993       0.0722957       1.5609414    
   2     6    0.3354051       0.3088151       0.0722095       1.5579194    
   2     7    0.3354051       0.3088151       0.0722095       1.5579194    
   2     8    0.3356677       0.3091071       0.0722526       1.5594298    
   2     9    0.3356677       0.3091071       0.0722526       1.5594298    
   2    10    0.3359305       0.3093993       0.0722957       1.5609414    
   2    11    0.3354051       0.3088151       0.0722095       1.5579194    
   2    12    0.3364565       0.3099844       0.0723819       1.5639683    
   2    13    0.3356677       0.3091071       0.0722526       1.5594298    
   2    14    0.3377738       0.3114510       0.0725975       1.5715567    
   2    15    0.3354051       0.3088151       0.0722095       1.5579194    
   2    16    0.3356677       0.3091071       0.0722526       1.5594298    
   2    17    0.3354051       0.3088151       0.0722095       1.5579194    
   2    18    0.3361934       0.3096918       0.0723388       1.5624543    
   2    19    0.3576707       0.3338057       0.0758129       1.6874220    
   2    20    0.3359305       0.3093993       0.0722957       1.5609414    
   2    21    0.3601417       0.3366075       0.0762070       1.7019693    
   2    22    0.3375101       0.3111572       0.0725544       1.5700366    
   2    23    0.3359305       0.3093993       0.0722957       1.5609414    
   2    24    0.3354051       0.3088151       0.0722095       1.5579194    
   2    25    0.3354051       0.3088151       0.0722095       1.5579194    
   2    26    0.3401537       0.3141048       0.0729862       1.5852924    
   2    27    0.3354051       0.3088151       0.0722095       1.5579194    
   2    28    0.3354051       0.3088151       0.0722095       1.5579194    
   2    29    0.3465541       0.3212697       0.0740259       1.6224023    
   2    30    0.3932703       0.3746659       0.0813968       1.9000922    
   2    31    0.3354051       0.3088151       0.0722095       1.5579194    
   2    32    0.3354051       0.3088151       0.0722095       1.5579194    

   Net Birth+Immigration Estimates of { Phi(~1)p(~sex)pent(~sex)N(~1) }
                                                95% Confidence Interval
 Grp. Occ.   B-hat           Standard Error      Lower           Upper
 ---- ----   --------------  --------------  --------------  --------------
   1     1    0.2308506E-06   0.1442933E-03   0.2036740E-09   0.2616535E-03
   1     2    0.2308506E-06   0.1442933E-03   0.2036740E-09   0.2616535E-03
   1     3    0.2308506E-06   0.1442933E-03   0.2036740E-09   0.2616535E-03
   1     4    0.2308506E-06   0.1442933E-03   0.2036740E-09   0.2616535E-03
   1     5    0.2308506E-06   0.1442933E-03   0.2036740E-09   0.2616535E-03
   1     6    0.2308506E-06   0.1442933E-03   0.2036740E-09   0.2616535E-03
   1     7    0.2308506E-06   0.1442933E-03   0.2036740E-09   0.2616535E-03
   1     8    0.2308506E-06   0.1442933E-03   0.2036740E-09   0.2616535E-03
   1     9    0.2308506E-06   0.1442933E-03   0.2036740E-09   0.2616535E-03
   1    10    0.2308506E-06   0.1442933E-03   0.2036740E-09   0.2616535E-03
   1    11    0.2308506E-06   0.1442933E-03   0.2036740E-09   0.2616535E-03
   1    12    0.2308506E-06   0.1442933E-03   0.2036740E-09   0.2616535E-03
   1    13    0.2308506E-06   0.1442933E-03   0.2036740E-09   0.2616535E-03
   1    14    0.2308506E-06   0.1442933E-03   0.2036740E-09   0.2616535E-03
   1    15    0.2308506E-06   0.1442933E-03   0.2036740E-09   0.2616535E-03
   1    16    0.2308506E-06   0.1442933E-03   0.2036740E-09   0.2616535E-03
   1    17    0.2308506E-06   0.1442933E-03   0.2036740E-09   0.2616535E-03
   1    18    0.2308506E-06   0.1442933E-03   0.2036740E-09   0.2616535E-03
   1    19    0.2308506E-06   0.1442933E-03   0.2036740E-09   0.2616535E-03
   1    20    0.2308506E-06   0.1442933E-03   0.2036740E-09   0.2616535E-03
   1    21    0.2308506E-06   0.1442933E-03   0.2036740E-09   0.2616535E-03
   1    22    0.2308506E-06   0.1442933E-03   0.2036740E-09   0.2616535E-03
   1    23    0.2308506E-06   0.1442933E-03   0.2036740E-09   0.2616535E-03
   1    24    0.2308506E-06   0.1442933E-03   0.2036740E-09   0.2616535E-03
   1    25    0.2308506E-06   0.1442933E-03   0.2036740E-09   0.2616535E-03
   1    26    0.2308506E-06   0.1442933E-03   0.2036740E-09   0.2616535E-03
   1    27    0.2308506E-06   0.1442933E-03   0.2036740E-09   0.2616535E-03
   1    28    0.2308506E-06   0.1442933E-03   0.2036740E-09   0.2616535E-03
   1    29    0.2308506E-06   0.1442933E-03   0.2036740E-09   0.2616535E-03
   1    30    0.2308506E-06   0.1442933E-03   0.2036740E-09   0.2616535E-03
   1    31    0.2308506E-06   0.1442933E-03   0.2036740E-09   0.2616535E-03
   1    32    0.2308506E-06   0.1442933E-03   0.2036740E-09   0.2616535E-03
   2     1    0.3351426       0.3085234       0.0721664       1.5564102    
   2     2    0.3351426       0.3085234       0.0721664       1.5564102    
   2     3    0.3351426       0.3085234       0.0721664       1.5564102    
   2     4    0.3351426       0.3085234       0.0721664       1.5564102    
   2     5    0.3351426       0.3085234       0.0721664       1.5564102    
   2     6    0.3351426       0.3085234       0.0721664       1.5564102    
   2     7    0.3351426       0.3085234       0.0721664       1.5564102    
   2     8    0.3351426       0.3085234       0.0721664       1.5564102    
   2     9    0.3351426       0.3085234       0.0721664       1.5564102    
   2    10    0.3351426       0.3085234       0.0721664       1.5564102    
   2    11    0.3351426       0.3085234       0.0721664       1.5564102    
   2    12    0.3351426       0.3085234       0.0721664       1.5564102    
   2    13    0.3351426       0.3085234       0.0721664       1.5564102    
   2    14    0.3351426       0.3085234       0.0721664       1.5564102    
   2    15    0.3351426       0.3085234       0.0721664       1.5564102    
   2    16    0.3351426       0.3085234       0.0721664       1.5564102    
   2    17    0.3351426       0.3085234       0.0721664       1.5564102    
   2    18    0.3351426       0.3085234       0.0721664       1.5564102    
   2    19    0.3351426       0.3085234       0.0721664       1.5564102    
   2    20    0.3351426       0.3085234       0.0721664       1.5564102    
   2    21    0.3351426       0.3085234       0.0721664       1.5564102    
   2    22    0.3351426       0.3085234       0.0721664       1.5564102    
   2    23    0.3351426       0.3085234       0.0721664       1.5564102    
   2    24    0.3351426       0.3085234       0.0721664       1.5564102    
   2    25    0.3351426       0.3085234       0.0721664       1.5564102    
   2    26    0.3351426       0.3085234       0.0721664       1.5564102    
   2    27    0.3351426       0.3085234       0.0721664       1.5564102    
   2    28    0.3351426       0.3085234       0.0721664       1.5564102    
   2    29    0.3351426       0.3085234       0.0721664       1.5564102    
   2    30    0.3351426       0.3085234       0.0721664       1.5564102    
   2    31    0.3351426       0.3085234       0.0721664       1.5564102    
   2    32    0.3351426       0.3085234       0.0721664       1.5564102    

        Population Estimates of { Phi(~1)p(~sex)pent(~sex)N(~1) }
                                                95% Confidence Interval
 Grp. Occ.   N-hat           Standard Error      Lower           Upper
 ---- ----   --------------  --------------  --------------  --------------
   1     1    21.692258       3.0679769       16.463081       28.582382    
   1     2    21.624419       3.0463480       16.429243       28.462388    
   1     3    21.590579       3.0356856       16.412185       28.402865    
   1     4    21.556792       3.0251246       16.395036       28.343657    
   1     5    21.489376       3.0043070       16.360456       28.226187    
   1     6    21.388647       2.9738417       16.307883       28.052338    
   1     7    21.355176       2.9638896       16.290170       27.995016    
   1     8    21.321758       2.9540390       16.272362       27.938007    
   1     9    21.255077       2.9346423       16.236460       27.824926    

  Program  MARK  - Survival Rate Estimation with Capture-Recapture Data
   gfortran(dble) Vers. 9.0 Mar 2018    25-Mar-2020 14:19:48    Page  013
 - - - - - - - - - - - - - - - - - - - - - - - - - - - - - - - - - - - - - -
 
   1    10    21.188605       2.9156515       16.200176       27.713092    
   1    11    21.089286       2.8879260       16.145029       27.547675    
   1    12    21.056284       2.8788869       16.126453       27.493156    
   1    13    20.892043       2.8352097       16.032116       27.225193    
   1    14    20.826706       2.8184462       15.993699       27.120161    
   1    15    20.503074       2.7406621       15.795723       26.613282    
   1    16    20.470988       2.7334339       15.775384       26.564257    
   1    17    20.406968       2.7192759       15.734413       26.467105    
   1    18    20.375034       2.7123457       15.713780       26.418977    
   1    19    20.247793       2.6856128       15.630268       26.229436    
   1    20    17.751867       2.4518819       13.559048       23.241217    
   1    21    17.668657       2.4531954       13.476604       23.164697    
   1    22    15.273847       2.6698392       10.871148       21.459591    
   1    23    15.060069       2.7009747       10.626019       21.344370    
   1    24    14.989477       2.7115049       10.544945       21.307312    
   1    25    14.966020       2.7150293       10.517994       21.295103    
   1    26    14.942600       2.7185604       10.491081       21.282965    
   1    27    14.504511       2.7865751       9.9873123       21.064810    
   1    28    14.481813       2.7901864       9.9612190       21.053940    
   1    29    14.459151       2.7937992       9.9351696       21.043127    
   1    30    13.517482       2.9479815       8.8594947       20.624462    
   1    31    9.7288528       3.4750397       4.9328327       19.187875    
   1    32    9.7136283       3.4764002       4.9189420       19.181884    
   1    33    9.6984276       3.4777500       4.9050906       19.175894    
   2     1    23.967702       8.2668055       12.423388       46.239459    
   2     2    24.227889       7.9578542       12.937666       45.370672    
   2     3    24.525117       7.6573130       13.489542       44.588718    
   2     4    24.821881       7.3584120       14.053592       43.841159    
   2     5    25.079396       7.0559994       14.600790       43.078225    
   2     6    25.296982       6.7513689       15.128242       42.300836    
   2     7    25.592537       6.4582049       15.725974       41.649437    
   2     8    25.887630       6.1673617       16.334055       41.028965    
   2     9    26.141812       5.8759807       16.918331       40.393723    
   2    10    26.395200       5.5879896       17.510147       39.788734    
   2    11    26.606618       5.3017758       18.072578       39.170513    
   2    12    26.900124       5.0231612       18.713859       38.667421    
   2    13    27.025444       4.7453053       19.206298       38.027869    
   2    14    27.276068       4.4753621       19.817256       37.542224    
   2    15    27.187359       4.2164808       20.097202       36.778874    
   2    16    27.479956       3.9587367       20.750073       36.392544    
   2    17    27.729158       3.7107720       21.356505       36.003373    
   2    18    28.020907       3.4703635       22.001924       35.686481    
   2    19    28.181061       3.2499142       22.496594       35.301885    
   2    20    25.042351       3.5445388       19.001561       33.003569    
   2    21    25.260110       3.3685467       19.472493       32.767924    
   2    22    22.171496       4.0047655       15.605396       31.500337    

  Program  MARK  - Survival Rate Estimation with Capture-Recapture Data
   gfortran(dble) Vers. 9.0 Mar 2018    25-Mar-2020 14:19:48    Page  014
 - - - - - - - - - - - - - - - - - - - - - - - - - - - - - - - - - - - - - -
 
   2    23    22.196319       3.9280432       15.732668       31.315514    
   2    24    22.427419       3.8204241       16.099539       31.242456    
   2    25    22.727465       3.7161923       16.530448       31.247651    
   2    26    23.027041       3.6348518       16.931606       31.316853    
   2    27    22.687074       3.7441827       16.452798       31.283635    
   2    28    22.986713       3.7061607       16.792456       31.465855    
   2    29    23.285884       3.6928952       17.097637       31.713878    
   2    30    22.104506       4.0468994       15.485400       31.552894    
   2    31    16.244280       5.1864475       8.8205016       29.916285    
   2    32    16.554002       5.1543098       9.1195210       30.049274    
   2    33    16.863239       5.1403046       9.4018228       30.246139    

     Gross Population Estimates of { Phi(~1)p(~sex)pent(~sex)N(~1) }
                                                95% Confidence Interval
 Grp. Occ.   N*-hat          Standard Error      Lower           Upper
 ---- ----   --------------  --------------  --------------  --------------
   1     0    21.692266       3.0679780       16.463086       28.582392    
   2     0    34.831422       3.1779008       29.138683       41.636333    

 Attempted ordering of parameters by estimatibility:
  2 3 6 1 5 4
 Beta number 4 is a singular value.

   CPU Time for the last procedure was 0.19 seconds.     


  INPUT --- proc stop;

     CPU Time in minutes for this job was 0.00

     Time Start = 14:19:47.715   Time End = 14:19:48.184

     Wall Clock Time in minutes for this job was 0.01


          E X E C U T I O N   S U C C E S S F U L 
