
   Program  MARK  - Survival Rate Estimation with Capture-Recapture Data
   gfortran(dble) Vers. 9.0 Mar 2018    25-Mar-2020 21:12:14    Page  001
 - - - - - - - - - - - - - - - - - - - - - - - - - - - - - - - - - - - - - -
 
   This version was compiled by GCC version 7.2.0 using the options: 
     -cpp -iprefix C:/Program Files/mingw-w64/x86_64-7.2.0-posix-seh-rt_v5-rev1/
     mingw64/bin/../lib/gcc/x86_64-w64-mingw32/7.2.0/ -D_MT -D_REENTRANT
     -U_REENTRANT -D IEEE -D DBLEPRECISION -m64 -mtune=core2 -march=nocona -mthreads
     -O2 -fimplicit-none -fbounds-check -funroll-loops -ftree-vectorize
     -ffpe-summary=invalid,zero,overflow,underflow -fno-unsafe-math-optimizations
     -frounding-math -fsignaling-nans -fopenmp.

   This problem will use 15 of 16 possible threads.


  INPUT --- proc title ;

   CPU Time for the last procedure was 0.01 seconds.     


  INPUT --- proc chmatrix occasions= 33 groups= 2 etype= POPAN Nodes= 
  INPUT --- 101 ICMeans NoHist hist= 41  ;

  INPUT ---    time interval 0.00547945205479452 0.00273972602739726 
  INPUT ---    0.00273972602739726 0.00547945205479452  
  INPUT ---    0.00821917808219178 0.00273972602739726 0.00273972602739726 
  INPUT ---    0.00547945205479452  0.00547945205479452 
  INPUT ---    0.00821917808219178 0.00273972602739726 0.0136986301369863 
  INPUT ---    0.00547945205479452  0.0273972602739726 0.00273972602739726 
  INPUT ---    0.00547945205479452 0.00273972602739726 0.010958904109589  
  INPUT ---    0.23013698630137 0.00821917808219178 0.254794520547945 
  INPUT ---    0.0246575342465753 0.00821917808219178  0.00273972602739726 
  INPUT ---    0.00273972602739726 0.0520547945205479 0.00273972602739726 
  INPUT ---    0.00273972602739726  0.117808219178082 0.575342465753425 
  INPUT ---    0.00273972602739726 0.00273972602739726 ;

  INPUT ---    glabel(1)=sexF;

  INPUT ---    glabel(2)=sexM;

   * *  WARNING  * *   At least a pair of the encounter histories are duplicates. 

      Number of unique encounter histories read was 38.

      Number of individual covariates read was 0.
      Time interval lengths vary and/or not equal to 1.

      Data type number is 19
      Data type is POPAN                                                                                               

   CPU Time for the last procedure was 0.01 seconds.     

  Program  MARK  - Survival Rate Estimation with Capture-Recapture Data
   gfortran(dble) Vers. 9.0 Mar 2018    25-Mar-2020 21:12:14    Page  002
 - - - - - - - - - - - - - - - - - - - - - - - - - - - - - - - - - - - - - -
 


  INPUT --- proc estimate link=Parm-Specific NOLOOP varest=2ndPart    ;


  INPUT --- model={ Phi(~1)p(~sex)pent(~1)N(~sex) };

  INPUT ---    group=1 Phi    rows=1 cols=32 Square ;
  INPUT ---        1 1 1 1 1 1 1 1 1 1 1 1 1 1 1 1 1 1 1 1 1 1 1 1 1 1 1 1 1 
  INPUT ---       1 1 1 ;

  INPUT ---    group=2 Phi    rows=1 cols=32 Square ;
  INPUT ---        1 1 1 1 1 1 1 1 1 1 1 1 1 1 1 1 1 1 1 1 1 1 1 1 1 1 1 1 1 
  INPUT ---       1 1 1 ;

  INPUT ---    group=1 p    rows=1 cols=33 Square ;
  INPUT ---        2 2 2 2 2 2 2 2 2 2 2 2 2 2 2 2 2 2 2 2 2 2 2 2 2 2 2 2 2 
  INPUT ---       2 2 2 2 ;

  INPUT ---    group=2 p    rows=1 cols=33 Square ;
  INPUT ---        3 3 3 3 3 3 3 3 3 3 3 3 3 3 3 3 3 3 3 3 3 3 3 3 3 3 3 3 3 
  INPUT ---       3 3 3 3 ;

  INPUT ---    group=1 pent    rows=1 cols=32 Square ;
  INPUT ---        6 7 8 9 10 11 12 13 14 15 16 17 18 19 20 21 22 23 24 25 26 
  INPUT ---       27 28 29 30 31 32 33 34 35 36 37 ;

  INPUT ---    group=2 pent    rows=1 cols=32 Square ;
  INPUT ---        38 39 40 41 42 43 44 45 46 47 48 49 50 51 52 53 54 55 56 
  INPUT ---       57 58 59 60 61 62 63 64 65 66 67 68 69 ;

  INPUT ---    group=1 N    rows=1 cols=1 Square ;
  INPUT ---        4 ;

  INPUT ---    group=2 N    rows=1 cols=1 Square ;
  INPUT ---        5 ;

  INPUT ---    design matrix constraints=69 covariates=6;
  INPUT ---        1 0 0 0 0 0;
  INPUT ---        0 1 0 0 0 0;
  INPUT ---        0 1 1 0 0 0;
  INPUT ---        0 0 0 0 1 0;
  INPUT ---        0 0 0 0 1 1;
  INPUT ---        0 0 0 1 0 0;
  INPUT ---        0 0 0 1 0 0;
  INPUT ---        0 0 0 1 0 0;

  Program  MARK  - Survival Rate Estimation with Capture-Recapture Data
   gfortran(dble) Vers. 9.0 Mar 2018    25-Mar-2020 21:12:14    Page  003
 - - - - - - - - - - - - - - - - - - - - - - - - - - - - - - - - - - - - - -
 
  INPUT ---        0 0 0 1 0 0;
  INPUT ---        0 0 0 1 0 0;
  INPUT ---        0 0 0 1 0 0;
  INPUT ---        0 0 0 1 0 0;
  INPUT ---        0 0 0 1 0 0;
  INPUT ---        0 0 0 1 0 0;
  INPUT ---        0 0 0 1 0 0;
  INPUT ---        0 0 0 1 0 0;
  INPUT ---        0 0 0 1 0 0;
  INPUT ---        0 0 0 1 0 0;
  INPUT ---        0 0 0 1 0 0;
  INPUT ---        0 0 0 1 0 0;
  INPUT ---        0 0 0 1 0 0;
  INPUT ---        0 0 0 1 0 0;
  INPUT ---        0 0 0 1 0 0;
  INPUT ---        0 0 0 1 0 0;
  INPUT ---        0 0 0 1 0 0;
  INPUT ---        0 0 0 1 0 0;
  INPUT ---        0 0 0 1 0 0;
  INPUT ---        0 0 0 1 0 0;
  INPUT ---        0 0 0 1 0 0;
  INPUT ---        0 0 0 1 0 0;
  INPUT ---        0 0 0 1 0 0;
  INPUT ---        0 0 0 1 0 0;
  INPUT ---        0 0 0 1 0 0;
  INPUT ---        0 0 0 1 0 0;
  INPUT ---        0 0 0 1 0 0;
  INPUT ---        0 0 0 1 0 0;
  INPUT ---        0 0 0 1 0 0;
  INPUT ---        0 0 0 1 0 0;
  INPUT ---        0 0 0 1 0 0;
  INPUT ---        0 0 0 1 0 0;
  INPUT ---        0 0 0 1 0 0;
  INPUT ---        0 0 0 1 0 0;
  INPUT ---        0 0 0 1 0 0;
  INPUT ---        0 0 0 1 0 0;
  INPUT ---        0 0 0 1 0 0;
  INPUT ---        0 0 0 1 0 0;
  INPUT ---        0 0 0 1 0 0;
  INPUT ---        0 0 0 1 0 0;
  INPUT ---        0 0 0 1 0 0;
  INPUT ---        0 0 0 1 0 0;
  INPUT ---        0 0 0 1 0 0;
  INPUT ---        0 0 0 1 0 0;
  INPUT ---        0 0 0 1 0 0;
  INPUT ---        0 0 0 1 0 0;

  Program  MARK  - Survival Rate Estimation with Capture-Recapture Data
   gfortran(dble) Vers. 9.0 Mar 2018    25-Mar-2020 21:12:14    Page  004
 - - - - - - - - - - - - - - - - - - - - - - - - - - - - - - - - - - - - - -
 
  INPUT ---        0 0 0 1 0 0;
  INPUT ---        0 0 0 1 0 0;
  INPUT ---        0 0 0 1 0 0;
  INPUT ---        0 0 0 1 0 0;
  INPUT ---        0 0 0 1 0 0;
  INPUT ---        0 0 0 1 0 0;
  INPUT ---        0 0 0 1 0 0;
  INPUT ---        0 0 0 1 0 0;
  INPUT ---        0 0 0 1 0 0;
  INPUT ---        0 0 0 1 0 0;
  INPUT ---        0 0 0 1 0 0;
  INPUT ---        0 0 0 1 0 0;
  INPUT ---        0 0 0 1 0 0;
  INPUT ---        0 0 0 1 0 0;
  INPUT ---        0 0 0 1 0 0;

  INPUT ---    links=69;

  INPUT ---    Logit;

  INPUT ---    Logit;

  INPUT ---    Logit;

  INPUT ---    Log;

  INPUT ---    Log;

  INPUT ---    mlogit(1);

  INPUT ---    mlogit(1);

  INPUT ---    mlogit(1);

  INPUT ---    mlogit(1);

  INPUT ---    mlogit(1);

  INPUT ---    mlogit(1);

  INPUT ---    mlogit(1);

  INPUT ---    mlogit(1);

  INPUT ---    mlogit(1);


  Program  MARK  - Survival Rate Estimation with Capture-Recapture Data
   gfortran(dble) Vers. 9.0 Mar 2018    25-Mar-2020 21:12:14    Page  005
 - - - - - - - - - - - - - - - - - - - - - - - - - - - - - - - - - - - - - -
 
  INPUT ---    mlogit(1);

  INPUT ---    mlogit(1);

  INPUT ---    mlogit(1);

  INPUT ---    mlogit(1);

  INPUT ---    mlogit(1);

  INPUT ---    mlogit(1);

  INPUT ---    mlogit(1);

  INPUT ---    mlogit(1);

  INPUT ---    mlogit(1);

  INPUT ---    mlogit(1);

  INPUT ---    mlogit(1);

  INPUT ---    mlogit(1);

  INPUT ---    mlogit(1);

  INPUT ---    mlogit(1);

  INPUT ---    mlogit(1);

  INPUT ---    mlogit(1);

  INPUT ---    mlogit(1);

  INPUT ---    mlogit(1);

  INPUT ---    mlogit(1);

  INPUT ---    mlogit(1);

  INPUT ---    mlogit(1);

  INPUT ---    mlogit(1);

  INPUT ---    mlogit(1);


  Program  MARK  - Survival Rate Estimation with Capture-Recapture Data
   gfortran(dble) Vers. 9.0 Mar 2018    25-Mar-2020 21:12:14    Page  006
 - - - - - - - - - - - - - - - - - - - - - - - - - - - - - - - - - - - - - -
 
  INPUT ---    mlogit(2);

  INPUT ---    mlogit(2);

  INPUT ---    mlogit(2);

  INPUT ---    mlogit(2);

  INPUT ---    mlogit(2);

  INPUT ---    mlogit(2);

  INPUT ---    mlogit(2);

  INPUT ---    mlogit(2);

  INPUT ---    mlogit(2);

  INPUT ---    mlogit(2);

  INPUT ---    mlogit(2);

  INPUT ---    mlogit(2);

  INPUT ---    mlogit(2);

  INPUT ---    mlogit(2);

  INPUT ---    mlogit(2);

  INPUT ---    mlogit(2);

  INPUT ---    mlogit(2);

  INPUT ---    mlogit(2);

  INPUT ---    mlogit(2);

  INPUT ---    mlogit(2);

  INPUT ---    mlogit(2);

  INPUT ---    mlogit(2);

  INPUT ---    mlogit(2);


  Program  MARK  - Survival Rate Estimation with Capture-Recapture Data
   gfortran(dble) Vers. 9.0 Mar 2018    25-Mar-2020 21:12:14    Page  007
 - - - - - - - - - - - - - - - - - - - - - - - - - - - - - - - - - - - - - -
 
  INPUT ---    mlogit(2);

  INPUT ---    mlogit(2);

  INPUT ---    mlogit(2);

  INPUT ---    mlogit(2);

  INPUT ---    mlogit(2);

  INPUT ---    mlogit(2);

  INPUT ---    mlogit(2);

  INPUT ---    mlogit(2);

  INPUT ---    mlogit(2);
  INPUT ---       blabel(1)=Phi:(Intercept);
  INPUT ---       blabel(2)=p:(Intercept);
  INPUT ---       blabel(3)=p:sexM;
  INPUT ---       blabel(4)=pent:(Intercept);
  INPUT ---       blabel(5)=N:(Intercept);
  INPUT ---       blabel(6)=N:sexM;
  INPUT ---       rlabel(1)=Phi gF a0 t1;
  INPUT ---       rlabel(2)=p gF a0 t1;
  INPUT ---       rlabel(3)=p gM a0 t1;
  INPUT ---       rlabel(4)=N gF a0 t1;
  INPUT ---       rlabel(5)=N gM a0 t1;
  INPUT ---       rlabel(6)=pent gF a0.00547945205479452 t1.00547945205479;
  INPUT ---       rlabel(7)=pent gF a0.00821917808219178 t1.00821917808219;
  INPUT ---       rlabel(8)=pent gF a0.010958904109589 t1.01095890410959;
  INPUT ---       rlabel(9)=pent gF a0.0164383561643836 t1.01643835616438;
  INPUT ---       rlabel(10)=pent gF a0.0246575342465753 t1.02465753424658;
  INPUT ---       rlabel(11)=pent gF a0.0273972602739726 t1.02739726027397;
  INPUT ---       rlabel(12)=pent gF a0.0301369863013699 t1.03013698630137;
  INPUT ---       rlabel(13)=pent gF a0.0356164383561644 t1.03561643835616;
  INPUT ---       rlabel(14)=pent gF a0.0410958904109589 t1.04109589041096;
  INPUT ---       rlabel(15)=pent gF a0.0493150684931507 t1.04931506849315;
  INPUT ---       rlabel(16)=pent gF a0.0520547945205479 t1.05205479452055;
  INPUT ---       rlabel(17)=pent gF a0.0657534246575342 t1.06575342465753;
  INPUT ---       rlabel(18)=pent gF a0.0712328767123288 t1.07123287671233;
  INPUT ---       rlabel(19)=pent gF a0.0986301369863014 t1.0986301369863;
  INPUT ---       rlabel(20)=pent gF a0.101369863013699 t1.1013698630137;
  INPUT ---       rlabel(21)=pent gF a0.106849315068493 t1.10684931506849;
  INPUT ---       rlabel(22)=pent gF a0.10958904109589 t1.10958904109589;
  INPUT ---       rlabel(23)=pent gF a0.120547945205479 t1.12054794520548;

  Program  MARK  - Survival Rate Estimation with Capture-Recapture Data
   gfortran(dble) Vers. 9.0 Mar 2018    25-Mar-2020 21:12:14    Page  008
 - - - - - - - - - - - - - - - - - - - - - - - - - - - - - - - - - - - - - -
 
  INPUT ---       rlabel(24)=pent gF a0.350684931506849 t1.35068493150685;
  INPUT ---       rlabel(25)=pent gF a0.358904109589041 t1.35890410958904;
  INPUT ---       rlabel(26)=pent gF a0.613698630136986 t1.61369863013699;
  INPUT ---       rlabel(27)=pent gF a0.638356164383562 t1.63835616438356;
  INPUT ---       rlabel(28)=pent gF a0.646575342465753 t1.64657534246575;
  INPUT ---       rlabel(29)=pent gF a0.649315068493151 t1.64931506849315;
  INPUT ---       rlabel(30)=pent gF a0.652054794520548 t1.65205479452055;
  INPUT ---       rlabel(31)=pent gF a0.704109589041096 t1.7041095890411;
  INPUT ---       rlabel(32)=pent gF a0.706849315068493 t1.70684931506849;
  INPUT ---       rlabel(33)=pent gF a0.70958904109589 t1.70958904109589;
  INPUT ---       rlabel(34)=pent gF a0.827397260273973 t1.82739726027397;
  INPUT ---       rlabel(35)=pent gF a1.4027397260274 t2.4027397260274;
  INPUT ---       rlabel(36)=pent gF a1.40547945205479 t2.40547945205479;
  INPUT ---       rlabel(37)=pent gF a1.40821917808219 t2.40821917808219;
  INPUT ---       rlabel(38)=pent gM a0.00547945205479452 t1.00547945205479;
  INPUT ---       rlabel(39)=pent gM a0.00821917808219178 t1.00821917808219;
  INPUT ---       rlabel(40)=pent gM a0.010958904109589 t1.01095890410959;
  INPUT ---       rlabel(41)=pent gM a0.0164383561643836 t1.01643835616438;
  INPUT ---       rlabel(42)=pent gM a0.0246575342465753 t1.02465753424658;
  INPUT ---       rlabel(43)=pent gM a0.0273972602739726 t1.02739726027397;
  INPUT ---       rlabel(44)=pent gM a0.0301369863013699 t1.03013698630137;
  INPUT ---       rlabel(45)=pent gM a0.0356164383561644 t1.03561643835616;
  INPUT ---       rlabel(46)=pent gM a0.0410958904109589 t1.04109589041096;
  INPUT ---       rlabel(47)=pent gM a0.0493150684931507 t1.04931506849315;
  INPUT ---       rlabel(48)=pent gM a0.0520547945205479 t1.05205479452055;
  INPUT ---       rlabel(49)=pent gM a0.0657534246575342 t1.06575342465753;
  INPUT ---       rlabel(50)=pent gM a0.0712328767123288 t1.07123287671233;
  INPUT ---       rlabel(51)=pent gM a0.0986301369863014 t1.0986301369863;
  INPUT ---       rlabel(52)=pent gM a0.101369863013699 t1.1013698630137;
  INPUT ---       rlabel(53)=pent gM a0.106849315068493 t1.10684931506849;
  INPUT ---       rlabel(54)=pent gM a0.10958904109589 t1.10958904109589;
  INPUT ---       rlabel(55)=pent gM a0.120547945205479 t1.12054794520548;
  INPUT ---       rlabel(56)=pent gM a0.350684931506849 t1.35068493150685;
  INPUT ---       rlabel(57)=pent gM a0.358904109589041 t1.35890410958904;
  INPUT ---       rlabel(58)=pent gM a0.613698630136986 t1.61369863013699;
  INPUT ---       rlabel(59)=pent gM a0.638356164383562 t1.63835616438356;
  INPUT ---       rlabel(60)=pent gM a0.646575342465753 t1.64657534246575;
  INPUT ---       rlabel(61)=pent gM a0.649315068493151 t1.64931506849315;
  INPUT ---       rlabel(62)=pent gM a0.652054794520548 t1.65205479452055;
  INPUT ---       rlabel(63)=pent gM a0.704109589041096 t1.7041095890411;
  INPUT ---       rlabel(64)=pent gM a0.706849315068493 t1.70684931506849;
  INPUT ---       rlabel(65)=pent gM a0.70958904109589 t1.70958904109589;
  INPUT ---       rlabel(66)=pent gM a0.827397260273973 t1.82739726027397;
  INPUT ---       rlabel(67)=pent gM a1.4027397260274 t2.4027397260274;
  INPUT ---       rlabel(68)=pent gM a1.40547945205479 t2.40547945205479;
  INPUT ---       rlabel(69)=pent gM a1.40821917808219 t2.40821917808219;

  Program  MARK  - Survival Rate Estimation with Capture-Recapture Data
   gfortran(dble) Vers. 9.0 Mar 2018    25-Mar-2020 21:12:14    Page  009
 - - - - - - - - - - - - - - - - - - - - - - - - - - - - - - - - - - - - - -
 

 Link Function Used is PARM-SPECIFIC

 Variance Estimation Procedure Used is 2ndPart 

 M(t+1):
      16     29



 Group: 1

 U(t)+UL(t):
       0    2    2    0    1    0    3    1    1    0    0    0    0    0    1
       0    0    0    2    1    1    0    0    0    1    0    0    0    0    0
       0    0    0

 U(t):
       0    2    2    0    1    0    3    1    1    0    0    0    0    0    1
       0    0    0    2    1    1    0    0    0    1    0    0    0    0    0
       0    0    0

 UL(t):
       0    0    0    0    0    0    0    0    0    0    0    0    0    0    0
       0    0    0    0    0    0    0    0    0    0    0    0    0    0    0
       0    0    0

 Not Released(t):
       0    0    0    0    0    0    0    0    0    0    0    0    0    0    0
       0    0    0    0    0    0    0    0    0    0    0    0    0    0    0
       0    0    0

 Group: 2

 U(t)+UL(t):
       3    0    1    1    1    1    1    0    1    1    2    1    3    3    1
       1    0    2    3    1    0    0    1    0    0    0    0    0    0    1
       0    0    0

 U(t):
       3    0    1    1    1    1    1    0    1    1    2    1    3    3    1
       1    0    2    3    1    0    0    1    0    0    0    0    0    0    1
       0    0    0

 UL(t):
       0    0    0    0    0    0    0    0    0    0    0    0    0    0    0
       0    0    0    0    0    0    0    0    0    0    0    0    0    0    0
       0    0    0

 Not Released(t):
       0    0    0    0    0    0    0    0    0    0    0    0    0    0    0
       0    0    0    0    0    0    0    0    0    0    0    0    0    0    0
       0    0    0
 -2logL(saturated) = 272.93564     
 Effective Sample Size = 103

 Number of function evaluations was 27 for 6 parameters.
 Time for numerical optimization was 0.16 seconds.     
 -2logL { Phi(~1)p(~sex)pent(~1)N(~sex) } = 557.52385     
 Penalty { Phi(~1)p(~sex)pent(~1)N(~sex) } = 0.0000000     
 Gradient { Phi(~1)p(~sex)pent(~1)N(~sex) }:
   0.000000     -0.1991352E-05 -0.5408489E-05  0.2460166E-05 -0.2850009E-05
 -0.7202901E-05
 Maximum ABS(G) { Phi(~1)p(~sex)pent(~1)N(~sex) } = 0.7202901E-05 
 S Vector { Phi(~1)p(~sex)pent(~1)N(~sex) }:
   129.5781      12.30474      6.999297      2.773322     0.8294186    
  0.1680594    
 Time to compute number of parameters was 0.06 seconds.     
 Ratio Threshold = 50.000000       Max Gap (1/2) = 10.530744       Next Max Gap (1/2) = 10.530744     
 Gap Method for Num. of Estimated Parameters { Phi(~1)p(~sex)pent(~1)N(~sex) } = 6          
 Threshold { Phi(~1)p(~sex)pent(~1)N(~sex) } = 0.1440580E-04                 
 Numerical Threshold Method for Num. of Estimated Parameters { Phi(~1)p(~sex)pent(~1)N(~sex) } = 6          
 Number of Estimated Parameters { Phi(~1)p(~sex)pent(~1)N(~sex) } = 6          
 DEVIANCE { Phi(~1)p(~sex)pent(~1)N(~sex) } = 284.58820                     
 DEVIANCE Degrees of Freedom { Phi(~1)p(~sex)pent(~1)N(~sex) } = 35            
 c-hat { Phi(~1)p(~sex)pent(~1)N(~sex) } = 8.1310916                     
 AIC { Phi(~1)p(~sex)pent(~1)N(~sex) } = 569.52385                  
 AICc { Phi(~1)p(~sex)pent(~1)N(~sex) } = 570.39885                    
 BIC { Phi(~1)p(~sex)pent(~1)N(~sex) } = 585.33222                    
 Pearson Chisquare { Phi(~1)p(~sex)pent(~1)N(~sex) } = 25765806.                  


              PARM-SPECIFIC Link Function Parameters of { Phi(~1)p(~sex)pent(~1)N(~sex) }
                                                              95% Confidence Interval
 Parameter                    Beta         Standard Error      Lower           Upper
 -------------------------  --------------  --------------  --------------  --------------
    1:Phi:(Intercept)        0.3390133       0.7538369      -1.1385070       1.8165336    
    2:p:(Intercept)         -2.8312638       0.2878310      -3.3954124      -2.2671151    
    3:p:sexM                 0.4106334       0.3061065      -0.1893354       1.0106022    
    4:pent:(Intercept)      -5.2023403       2.3386037      -9.7860036      -0.6186770    
    5:N:(Intercept)          1.6769719       0.8276673       0.0547439       3.2991999    
    6:N:sexM                -0.0592113       0.9216615      -1.8656679       1.7472452    


              Real Function Parameters of { Phi(~1)p(~sex)pent(~1)N(~sex) }
                                                               95% Confidence Interval
  Parameter                  Estimate       Standard Error      Lower           Upper
 --------------------------  --------------  --------------  --------------  --------------
     1:Phi gF a0 t1           0.5839508       0.1831464       0.2425946       0.8601497                          
     2:p gF a0 t1             0.0556579       0.0151284       0.0324391       0.0938833                          
     3:p gM a0 t1             0.0816130       0.0145551       0.0572569       0.1150652                          
     4:N gF a0 t1             21.349333       4.4274683       17.298450       38.038087                          
     5:N gM a0 t1             34.041787       4.4204030       30.147606       51.150125                          
     6:pent gF a0.005479452   0.0046795       0.0093048       0.9368531E-04   0.1908863                          
     7:pent gF a0.008219178   0.0046795       0.0093048       0.9368531E-04   0.1908863                          

  Program  MARK  - Survival Rate Estimation with Capture-Recapture Data
   gfortran(dble) Vers. 9.0 Mar 2018    25-Mar-2020 21:12:14    Page  010
 - - - - - - - - - - - - - - - - - - - - - - - - - - - - - - - - - - - - - -
 
     8:pent gF a0.010958904   0.0046795       0.0093048       0.9368531E-04   0.1908863                          
     9:pent gF a0.016438356   0.0046795       0.0093048       0.9368531E-04   0.1908863                          
    10:pent gF a0.024657534   0.0046795       0.0093048       0.9368531E-04   0.1908863                          
    11:pent gF a0.027397260   0.0046795       0.0093048       0.9368531E-04   0.1908863                          
    12:pent gF a0.030136986   0.0046795       0.0093048       0.9368531E-04   0.1908863                          
    13:pent gF a0.035616438   0.0046795       0.0093048       0.9368531E-04   0.1908863                          
    14:pent gF a0.041095890   0.0046795       0.0093048       0.9368531E-04   0.1908863                          
    15:pent gF a0.049315068   0.0046795       0.0093048       0.9368531E-04   0.1908863                          
    16:pent gF a0.052054794   0.0046795       0.0093048       0.9368531E-04   0.1908863                          
    17:pent gF a0.065753424   0.0046795       0.0093048       0.9368531E-04   0.1908863                          
    18:pent gF a0.071232876   0.0046795       0.0093048       0.9368531E-04   0.1908863                          
    19:pent gF a0.098630136   0.0046795       0.0093048       0.9368531E-04   0.1908863                          
    20:pent gF a0.101369863   0.0046795       0.0093048       0.9368531E-04   0.1908863                          
    21:pent gF a0.106849315   0.0046795       0.0093048       0.9368531E-04   0.1908863                          
    22:pent gF a0.109589041   0.0046795       0.0093048       0.9368531E-04   0.1908863                          
    23:pent gF a0.120547945   0.0046795       0.0093048       0.9368531E-04   0.1908863                          
    24:pent gF a0.350684931   0.0046795       0.0093048       0.9368531E-04   0.1908863                          
    25:pent gF a0.358904109   0.0046795       0.0093048       0.9368531E-04   0.1908863                          
    26:pent gF a0.613698630   0.0046795       0.0093048       0.9368531E-04   0.1908863                          
    27:pent gF a0.638356164   0.0046795       0.0093048       0.9368531E-04   0.1908863                          
    28:pent gF a0.646575342   0.0046795       0.0093048       0.9368531E-04   0.1908863                          
    29:pent gF a0.649315068   0.0046795       0.0093048       0.9368531E-04   0.1908863                          
    30:pent gF a0.652054794   0.0046795       0.0093048       0.9368531E-04   0.1908863                          
    31:pent gF a0.704109589   0.0046795       0.0093048       0.9368531E-04   0.1908863                          
    32:pent gF a0.706849315   0.0046795       0.0093048       0.9368531E-04   0.1908863                          
    33:pent gF a0.709589041   0.0046795       0.0093048       0.9368531E-04   0.1908863                          
    34:pent gF a0.827397260   0.0046795       0.0093048       0.9368531E-04   0.1908863                          
    35:pent gF a1.402739726   0.0046795       0.0093048       0.9368531E-04   0.1908863                          
    36:pent gF a1.405479452   0.0046795       0.0093048       0.9368531E-04   0.1908863                          
    37:pent gF a1.408219178   0.0046795       0.0093048       0.9368531E-04   0.1908863                          
    38:pent gM a0.005479452   0.0046795       0.0093048       0.9368531E-04   0.1908863                          
    39:pent gM a0.008219178   0.0046795       0.0093048       0.9368531E-04   0.1908863                          
    40:pent gM a0.010958904   0.0046795       0.0093048       0.9368531E-04   0.1908863                          
    41:pent gM a0.016438356   0.0046795       0.0093048       0.9368531E-04   0.1908863                          
    42:pent gM a0.024657534   0.0046795       0.0093048       0.9368531E-04   0.1908863                          
    43:pent gM a0.027397260   0.0046795       0.0093048       0.9368531E-04   0.1908863                          
    44:pent gM a0.030136986   0.0046795       0.0093048       0.9368531E-04   0.1908863                          
    45:pent gM a0.035616438   0.0046795       0.0093048       0.9368531E-04   0.1908863                          
    46:pent gM a0.041095890   0.0046795       0.0093048       0.9368531E-04   0.1908863                          
    47:pent gM a0.049315068   0.0046795       0.0093048       0.9368531E-04   0.1908863                          
    48:pent gM a0.052054794   0.0046795       0.0093048       0.9368531E-04   0.1908863                          
    49:pent gM a0.065753424   0.0046795       0.0093048       0.9368531E-04   0.1908863                          
    50:pent gM a0.071232876   0.0046795       0.0093048       0.9368531E-04   0.1908863                          
    51:pent gM a0.098630136   0.0046795       0.0093048       0.9368531E-04   0.1908863                          
    52:pent gM a0.101369863   0.0046795       0.0093048       0.9368531E-04   0.1908863                          
    53:pent gM a0.106849315   0.0046795       0.0093048       0.9368531E-04   0.1908863                          

  Program  MARK  - Survival Rate Estimation with Capture-Recapture Data
   gfortran(dble) Vers. 9.0 Mar 2018    25-Mar-2020 21:12:14    Page  011
 - - - - - - - - - - - - - - - - - - - - - - - - - - - - - - - - - - - - - -
 
    54:pent gM a0.109589041   0.0046795       0.0093048       0.9368531E-04   0.1908863                          
    55:pent gM a0.120547945   0.0046795       0.0093048       0.9368531E-04   0.1908863                          
    56:pent gM a0.350684931   0.0046795       0.0093048       0.9368531E-04   0.1908863                          
    57:pent gM a0.358904109   0.0046795       0.0093048       0.9368531E-04   0.1908863                          
    58:pent gM a0.613698630   0.0046795       0.0093048       0.9368531E-04   0.1908863                          
    59:pent gM a0.638356164   0.0046795       0.0093048       0.9368531E-04   0.1908863                          
    60:pent gM a0.646575342   0.0046795       0.0093048       0.9368531E-04   0.1908863                          
    61:pent gM a0.649315068   0.0046795       0.0093048       0.9368531E-04   0.1908863                          
    62:pent gM a0.652054794   0.0046795       0.0093048       0.9368531E-04   0.1908863                          
    63:pent gM a0.704109589   0.0046795       0.0093048       0.9368531E-04   0.1908863                          
    64:pent gM a0.706849315   0.0046795       0.0093048       0.9368531E-04   0.1908863                          
    65:pent gM a0.709589041   0.0046795       0.0093048       0.9368531E-04   0.1908863                          
    66:pent gM a0.827397260   0.0046795       0.0093048       0.9368531E-04   0.1908863                          
    67:pent gM a1.402739726   0.0046795       0.0093048       0.9368531E-04   0.1908863                          
    68:pent gM a1.405479452   0.0046795       0.0093048       0.9368531E-04   0.1908863                          
    69:pent gM a1.408219178   0.0046795       0.0093048       0.9368531E-04   0.1908863                          


                      Estimates of Derived Parameters
  Gross Birth+Immigration Estimates of { Phi(~1)p(~sex)pent(~1)N(~sex) }
                                                95% Confidence Interval
 Grp. Occ.   B*-hat          Standard Error      Lower           Upper
 ---- ----   --------------  --------------  --------------  --------------
   1     1    0.1000520       0.2111781       0.0077895       1.2851205    
   1     2    0.0999783       0.2109969       0.0077849       1.2839823    
   1     3    0.0999783       0.2109969       0.0077849       1.2839823    
   1     4    0.1000520       0.2111781       0.0077895       1.2851205    
   1     5    0.1001257       0.2113594       0.0077940       1.2862595    
   1     6    0.0999783       0.2109969       0.0077849       1.2839823    
   1     7    0.0999783       0.2109969       0.0077849       1.2839823    
   1     8    0.1000520       0.2111781       0.0077895       1.2851205    
   1     9    0.1000520       0.2111781       0.0077895       1.2851205    
   1    10    0.1001257       0.2113594       0.0077940       1.2862595    
   1    11    0.0999783       0.2109969       0.0077849       1.2839823    
   1    12    0.1002733       0.2117222       0.0078032       1.2885394    
   1    13    0.1000520       0.2111781       0.0077895       1.2851205    
   1    14    0.1006427       0.2126313       0.0078261       1.2942515    
   1    15    0.0999783       0.2109969       0.0077849       1.2839823    
   1    16    0.1000520       0.2111781       0.0077895       1.2851205    
   1    17    0.0999783       0.2109969       0.0077849       1.2839823    
   1    18    0.1001995       0.2115408       0.0077986       1.2873991    
   1    19    0.1062163       0.2263984       0.0081704       1.3808303    
   1    20    0.1001257       0.2113594       0.0077940       1.2862595    
   1    21    0.1069077       0.2281128       0.0082129       1.3916207    
   1    22    0.1005687       0.2124493       0.0078215       1.2931077    

  Program  MARK  - Survival Rate Estimation with Capture-Recapture Data
   gfortran(dble) Vers. 9.0 Mar 2018    25-Mar-2020 21:12:14    Page  012
 - - - - - - - - - - - - - - - - - - - - - - - - - - - - - - - - - - - - - -
 
   1    23    0.1001257       0.2113594       0.0077940       1.2862595    
   1    24    0.0999783       0.2109969       0.0077849       1.2839823    
   1    25    0.0999783       0.2109969       0.0077849       1.2839823    
   1    26    0.1013100       0.2142743       0.0078675       1.3045772    
   1    27    0.0999783       0.2109969       0.0077849       1.2839823    
   1    28    0.0999783       0.2109969       0.0077849       1.2839823    
   1    29    0.1031038       0.2186982       0.0079784       1.3323888    
   1    30    0.1161611       0.2511876       0.0087789       1.5370283    
   1    31    0.0999783       0.2109969       0.0077849       1.2839823    
   1    32    0.0999783       0.2109969       0.0077849       1.2839823    
   2     1    0.1595342       0.3328782       0.0125972       2.0203828    
   2     2    0.1594168       0.3325919       0.0125898       2.0185872    
   2     3    0.1594168       0.3325919       0.0125898       2.0185872    
   2     4    0.1595342       0.3328782       0.0125972       2.0203828    
   2     5    0.1596518       0.3331647       0.0126046       2.0221794    
   2     6    0.1594168       0.3325919       0.0125898       2.0185872    
   2     7    0.1594168       0.3325919       0.0125898       2.0185872    
   2     8    0.1595342       0.3328782       0.0125972       2.0203828    
   2     9    0.1595342       0.3328782       0.0125972       2.0203828    
   2    10    0.1596518       0.3331647       0.0126046       2.0221794    
   2    11    0.1594168       0.3325919       0.0125898       2.0185872    
   2    12    0.1598870       0.3337383       0.0126193       2.0257761    
   2    13    0.1595342       0.3328782       0.0125972       2.0203828    
   2    14    0.1604761       0.3351750       0.0126562       2.0347870    
   2    15    0.1594168       0.3325919       0.0125898       2.0185872    
   2    16    0.1595342       0.3328782       0.0125972       2.0203828    
   2    17    0.1594168       0.3325919       0.0125898       2.0185872    
   2    18    0.1597694       0.3334514       0.0126119       2.0239772    
   2    19    0.1693633       0.3569355       0.0132100       2.1713769    
   2    20    0.1596518       0.3331647       0.0126046       2.0221794    
   2    21    0.1704657       0.3596454       0.0132784       2.1884017    
   2    22    0.1603582       0.3348873       0.0126488       2.0329826    
   2    23    0.1596518       0.3331647       0.0126046       2.0221794    
   2    24    0.1594168       0.3325919       0.0125898       2.0185872    
   2    25    0.1594168       0.3325919       0.0125898       2.0185872    
   2    26    0.1615401       0.3377719       0.0127227       2.0510762    
   2    27    0.1594168       0.3325919       0.0125898       2.0185872    
   2    28    0.1594168       0.3325919       0.0125898       2.0185872    
   2    29    0.1644003       0.3447641       0.0129012       2.0949514    
   2    30    0.1852204       0.3961229       0.0141889       2.4178458    
   2    31    0.1594168       0.3325919       0.0125898       2.0185872    
   2    32    0.1594168       0.3325919       0.0125898       2.0185872    

   Net Birth+Immigration Estimates of { Phi(~1)p(~sex)pent(~1)N(~sex) }
                                                95% Confidence Interval
 Grp. Occ.   B-hat           Standard Error      Lower           Upper
 ---- ----   --------------  --------------  --------------  --------------
   1     1    0.0999047       0.2108159       0.0077803       1.2828448    
   1     2    0.0999047       0.2108159       0.0077803       1.2828448    
   1     3    0.0999047       0.2108159       0.0077803       1.2828448    
   1     4    0.0999047       0.2108159       0.0077803       1.2828448    
   1     5    0.0999047       0.2108159       0.0077803       1.2828448    
   1     6    0.0999047       0.2108159       0.0077803       1.2828448    
   1     7    0.0999047       0.2108159       0.0077803       1.2828448    
   1     8    0.0999047       0.2108159       0.0077803       1.2828448    
   1     9    0.0999047       0.2108159       0.0077803       1.2828448    
   1    10    0.0999047       0.2108159       0.0077803       1.2828448    
   1    11    0.0999047       0.2108159       0.0077803       1.2828448    
   1    12    0.0999047       0.2108159       0.0077803       1.2828448    
   1    13    0.0999047       0.2108159       0.0077803       1.2828448    
   1    14    0.0999047       0.2108159       0.0077803       1.2828448    
   1    15    0.0999047       0.2108159       0.0077803       1.2828448    
   1    16    0.0999047       0.2108159       0.0077803       1.2828448    
   1    17    0.0999047       0.2108159       0.0077803       1.2828448    
   1    18    0.0999047       0.2108159       0.0077803       1.2828448    
   1    19    0.0999047       0.2108159       0.0077803       1.2828448    
   1    20    0.0999047       0.2108159       0.0077803       1.2828448    
   1    21    0.0999047       0.2108159       0.0077803       1.2828448    
   1    22    0.0999047       0.2108159       0.0077803       1.2828448    
   1    23    0.0999047       0.2108159       0.0077803       1.2828448    
   1    24    0.0999047       0.2108159       0.0077803       1.2828448    
   1    25    0.0999047       0.2108159       0.0077803       1.2828448    
   1    26    0.0999047       0.2108159       0.0077803       1.2828448    
   1    27    0.0999047       0.2108159       0.0077803       1.2828448    
   1    28    0.0999047       0.2108159       0.0077803       1.2828448    
   1    29    0.0999047       0.2108159       0.0077803       1.2828448    
   1    30    0.0999047       0.2108159       0.0077803       1.2828448    
   1    31    0.0999047       0.2108159       0.0077803       1.2828448    
   1    32    0.0999047       0.2108159       0.0077803       1.2828448    
   2     1    0.1592993       0.3323057       0.0125825       2.0167928    
   2     2    0.1592993       0.3323057       0.0125825       2.0167928    
   2     3    0.1592993       0.3323057       0.0125825       2.0167928    
   2     4    0.1592993       0.3323057       0.0125825       2.0167928    
   2     5    0.1592993       0.3323057       0.0125825       2.0167928    
   2     6    0.1592993       0.3323057       0.0125825       2.0167928    
   2     7    0.1592993       0.3323057       0.0125825       2.0167928    
   2     8    0.1592993       0.3323057       0.0125825       2.0167928    
   2     9    0.1592993       0.3323057       0.0125825       2.0167928    
   2    10    0.1592993       0.3323057       0.0125825       2.0167928    
   2    11    0.1592993       0.3323057       0.0125825       2.0167928    
   2    12    0.1592993       0.3323057       0.0125825       2.0167928    
   2    13    0.1592993       0.3323057       0.0125825       2.0167928    
   2    14    0.1592993       0.3323057       0.0125825       2.0167928    
   2    15    0.1592993       0.3323057       0.0125825       2.0167928    
   2    16    0.1592993       0.3323057       0.0125825       2.0167928    
   2    17    0.1592993       0.3323057       0.0125825       2.0167928    
   2    18    0.1592993       0.3323057       0.0125825       2.0167928    
   2    19    0.1592993       0.3323057       0.0125825       2.0167928    
   2    20    0.1592993       0.3323057       0.0125825       2.0167928    
   2    21    0.1592993       0.3323057       0.0125825       2.0167928    
   2    22    0.1592993       0.3323057       0.0125825       2.0167928    
   2    23    0.1592993       0.3323057       0.0125825       2.0167928    
   2    24    0.1592993       0.3323057       0.0125825       2.0167928    
   2    25    0.1592993       0.3323057       0.0125825       2.0167928    
   2    26    0.1592993       0.3323057       0.0125825       2.0167928    
   2    27    0.1592993       0.3323057       0.0125825       2.0167928    
   2    28    0.1592993       0.3323057       0.0125825       2.0167928    
   2    29    0.1592993       0.3323057       0.0125825       2.0167928    
   2    30    0.1592993       0.3323057       0.0125825       2.0167928    
   2    31    0.1592993       0.3323057       0.0125825       2.0167928    
   2    32    0.1592993       0.3323057       0.0125825       2.0167928    

        Population Estimates of { Phi(~1)p(~sex)pent(~1)N(~sex) }
                                                95% Confidence Interval
 Grp. Occ.   N-hat           Standard Error      Lower           Upper
 ---- ----   --------------  --------------  --------------  --------------
   1     1    18.152383       5.3025086       10.359914       31.806152    
   1     2    18.198860       5.1432187       10.570269       31.333024    
   1     3    18.271963       4.9886357       10.803115       30.904476    
   1     4    18.344958       4.8382616       11.035240       30.496616    

  Program  MARK  - Survival Rate Estimation with Capture-Recapture Data
   gfortran(dble) Vers. 9.0 Mar 2018    25-Mar-2020 21:12:14    Page  013
 - - - - - - - - - - - - - - - - - - - - - - - - - - - - - - - - - - - - - -
 
   1     5    18.390869       4.6918169       11.242338       30.084851    
   1     6    18.409639       4.5497176       11.423190       29.669016    
   1     7    18.482432       4.4136594       11.649243       29.323818    
   1     8    18.555117       4.2834230       11.871521       29.001537    
   1     9    18.600409       4.1590221       12.064471       28.677197    
   1    10    18.645568       4.0411829       12.251763       28.376096    
   1    11    18.663215       3.9298900       12.407583       28.072798    
   1    12    18.735634       3.8270089       12.605772       27.846290    
   1    13    18.697983       3.7299220       12.695375       27.538734    
   1    14    18.742854       3.6425393       12.851050       27.335866    
   1    15    18.568551       3.5587956       12.796913       26.943302    
   1    16    18.641110       3.4881789       12.958597       26.815478    
   1    17    18.686149       3.4272964       13.082312       26.690401    
   1    18    18.758534       3.3782435       13.216727       26.624035    
   1    19    18.748178       3.3359418       13.264080       26.499704    
   1    20    16.664988       3.3437576       11.290013       24.598893    
   1    21    16.691372       3.2965113       11.375854       24.490637    
   1    22    14.653356       3.5143210       9.2180023       23.293642    
   1    23    14.560179       3.4813337       9.1719787       23.113748    
   1    24    14.595849       3.4373553       9.2568831       23.014097    
   1    25    14.674258       3.3981403       9.3757715       22.967054    
   1    26    14.752552       3.3709852       9.4805164       22.956321    
   1    27    14.445082       3.4010963       9.1621633       22.774139    
   1    28    14.523713       3.3913635       9.2458350       22.814406    
   1    29    14.602228       3.3939089       9.3147726       22.891065    
   1    30    13.805450       3.4855822       8.4810165       22.472597    
   1    31    10.230546       3.9014764       4.9686355       21.064952    
   1    32    10.315384       3.8611257       5.0728712       20.975723    
   1    33    10.400097       3.8316287       5.1683782       20.927651    
   2     1    28.944208       7.7884333       17.238660       48.598161    
   2     2    29.018317       7.4820481       17.648890       47.711937    
   2     3    29.134880       7.1769325       18.105452       46.883184    
   2     4    29.251272       6.8744374       18.568633       46.079693    
   2     5    29.324477       6.5770788       18.995538       45.269839    
   2     6    29.354407       6.2859138       19.383583       44.454177    
   2     7    29.470476       5.9926912       19.863062       43.724827    
   2     8    29.586373       5.7035148       20.346648       43.022000    
   2     9    29.658592       5.4226338       20.787186       42.316073    
   2    10    29.730598       5.1470958       21.228715       41.637397    
   2    11    29.758736       4.8819865       21.622033       40.957405    
   2    12    29.874209       4.6145641       22.109872       40.365155    
   2    13    29.814174       4.3746748       22.396856       39.687935    
   2    14    29.885722       4.1283517       22.826199       39.128565    
   2    15    29.607795       3.9383079       22.838980       38.382690    
   2    16    29.723490       3.7058491       23.301356       37.915642    
   2    17    29.795305       3.4939805       23.695698       37.465037    

  Program  MARK  - Survival Rate Estimation with Capture-Recapture Data
   gfortran(dble) Vers. 9.0 Mar 2018    25-Mar-2020 21:12:14    Page  014
 - - - - - - - - - - - - - - - - - - - - - - - - - - - - - - - - - - - - - -
 
   2    18    29.910724       3.2928323       24.121240       37.089778    
   2    19    29.894212       3.1286131       24.363771       36.680034    
   2    20    26.572538       3.7428580       20.189416       34.973759    
   2    21    26.614608       3.5836525       20.465309       34.611614    
   2    22    23.364965       4.4912769       16.085101       33.939581    
   2    23    23.216393       4.4128695       16.048431       33.585893    
   2    24    23.273269       4.2850671       16.271813       33.287320    
   2    25    23.398294       4.1548224       16.565538       33.049342    
   2    26    23.523134       4.0465202       16.831875       32.874403    
   2    27    23.032869       4.1488778       16.227135       32.692959    
   2    28    23.158247       4.0777755       16.442333       32.617295    
   2    29    23.283441       4.0313978       16.624580       32.609463    
   2    30    22.012969       4.3771777       14.964293       32.381804    
   2    31    16.312737       5.7070287       8.3807217       31.752085    
   2    32    16.448012       5.6097520       8.5851235       31.512314    
   2    33    16.583088       5.5302996       8.7749145       31.339202    

     Gross Population Estimates of { Phi(~1)p(~sex)pent(~1)N(~sex) }
                                                95% Confidence Interval
 Grp. Occ.   N*-hat          Standard Error      Lower           Upper
 ---- ----   --------------  --------------  --------------  --------------
   1     0    21.388299       4.4878354       14.239297       32.126539    
   2     0    34.103919       4.5414509       26.299630       44.224094    

   CPU Time for the last procedure was 0.23 seconds.     

  Program  MARK  - Survival Rate Estimation with Capture-Recapture Data
   gfortran(dble) Vers. 9.0 Mar 2018    25-Mar-2020 21:12:14    Page  015
 - - - - - - - - - - - - - - - - - - - - - - - - - - - - - - - - - - - - - -
 


  INPUT --- proc stop;

     CPU Time in minutes for this job was 0.00

     Time Start = 21:12:14.539   Time End = 21:12:14.888

     Wall Clock Time in minutes for this job was 0.01


          E X E C U T I O N   S U C C E S S F U L 
