
   Program  MARK  - Survival Rate Estimation with Capture-Recapture Data
   gfortran(dble) Vers. 9.0 Mar 2018    25-Mar-2020 14:32:29    Page  001
 - - - - - - - - - - - - - - - - - - - - - - - - - - - - - - - - - - - - - -
 
   This version was compiled by GCC version 7.2.0 using the options: 
     -cpp -iprefix C:/Program Files/mingw-w64/x86_64-7.2.0-posix-seh-rt_v5-rev1/
     mingw64/bin/../lib/gcc/x86_64-w64-mingw32/7.2.0/ -D_MT -D_REENTRANT
     -U_REENTRANT -D IEEE -D DBLEPRECISION -m64 -mtune=core2 -march=nocona -mthreads
     -O2 -fimplicit-none -fbounds-check -funroll-loops -ftree-vectorize
     -ffpe-summary=invalid,zero,overflow,underflow -fno-unsafe-math-optimizations
     -frounding-math -fsignaling-nans -fopenmp.

   This problem will use 15 of 16 possible threads.


  INPUT --- proc title ;

   CPU Time for the last procedure was 0.01 seconds.     


  INPUT --- proc chmatrix occasions= 30 groups= 2 etype= POPAN Nodes= 
  INPUT --- 101 ICMeans NoHist hist= 41  ;

  INPUT ---    time interval 0.00547945205479452 0.00273972602739726 
  INPUT ---    0.00273972602739726 0.00547945205479452  
  INPUT ---    0.00821917808219178 0.00273972602739726 0.00273972602739726 
  INPUT ---    0.00547945205479452  0.00547945205479452 
  INPUT ---    0.00821917808219178 0.00273972602739726 0.0136986301369863 
  INPUT ---    0.00547945205479452  0.0273972602739726 0.00273972602739726 
  INPUT ---    0.00547945205479452 0.00273972602739726 0.010958904109589  
  INPUT ---    0.23013698630137 0.00821917808219178 0.254794520547945 
  INPUT ---    0.0246575342465753 0.00821917808219178  0.00273972602739726 
  INPUT ---    0.00273972602739726 0.0520547945205479 0.00273972602739726 
  INPUT ---    0.00273972602739726  0.117808219178082 ;

  INPUT ---    glabel(1)=sexF;

  INPUT ---    glabel(2)=sexM;

   * *  WARNING  * *   At least a pair of the encounter histories are duplicates. 

      Number of unique encounter histories read was 38.

      Number of individual covariates read was 0.
      Time interval lengths vary and/or not equal to 1.

      Data type number is 19
      Data type is POPAN                                                                                               

   CPU Time for the last procedure was 0.01 seconds.     

  Program  MARK  - Survival Rate Estimation with Capture-Recapture Data
   gfortran(dble) Vers. 9.0 Mar 2018    25-Mar-2020 14:32:29    Page  002
 - - - - - - - - - - - - - - - - - - - - - - - - - - - - - - - - - - - - - -
 


  INPUT --- proc estimate link=Parm-Specific NOLOOP varest=2ndPart    ;


  INPUT --- model={ Phi(~1)p(~sex)pent(~sex)N(~sex) };

  INPUT ---    group=1 Phi    rows=1 cols=29 Square ;
  INPUT ---        1 1 1 1 1 1 1 1 1 1 1 1 1 1 1 1 1 1 1 1 1 1 1 1 1 1 1 1 1 ;

  INPUT ---    group=2 Phi    rows=1 cols=29 Square ;
  INPUT ---        1 1 1 1 1 1 1 1 1 1 1 1 1 1 1 1 1 1 1 1 1 1 1 1 1 1 1 1 1 ;

  INPUT ---    group=1 p    rows=1 cols=30 Square ;
  INPUT ---        2 2 2 2 2 2 2 2 2 2 2 2 2 2 2 2 2 2 2 2 2 2 2 2 2 2 2 2 2 
  INPUT ---       2 ;

  INPUT ---    group=2 p    rows=1 cols=30 Square ;
  INPUT ---        3 3 3 3 3 3 3 3 3 3 3 3 3 3 3 3 3 3 3 3 3 3 3 3 3 3 3 3 3 
  INPUT ---       3 ;

  INPUT ---    group=1 pent    rows=1 cols=29 Square ;
  INPUT ---        6 7 8 9 10 11 12 13 14 15 16 17 18 19 20 21 22 23 24 25 26 
  INPUT ---       27 28 29 30 31 32 33 34 ;

  INPUT ---    group=2 pent    rows=1 cols=29 Square ;
  INPUT ---        35 36 37 38 39 40 41 42 43 44 45 46 47 48 49 50 51 52 53 
  INPUT ---       54 55 56 57 58 59 60 61 62 63 ;

  INPUT ---    group=1 N    rows=1 cols=1 Square ;
  INPUT ---        4 ;

  INPUT ---    group=2 N    rows=1 cols=1 Square ;
  INPUT ---        5 ;

  INPUT ---    design matrix constraints=63 covariates=7;
  INPUT ---        1 0 0 0 0 0 0;
  INPUT ---        0 1 0 0 0 0 0;
  INPUT ---        0 1 1 0 0 0 0;
  INPUT ---        0 0 0 0 0 1 0;
  INPUT ---        0 0 0 0 0 1 1;
  INPUT ---        0 0 0 1 0 0 0;
  INPUT ---        0 0 0 1 0 0 0;
  INPUT ---        0 0 0 1 0 0 0;
  INPUT ---        0 0 0 1 0 0 0;
  INPUT ---        0 0 0 1 0 0 0;

  Program  MARK  - Survival Rate Estimation with Capture-Recapture Data
   gfortran(dble) Vers. 9.0 Mar 2018    25-Mar-2020 14:32:29    Page  003
 - - - - - - - - - - - - - - - - - - - - - - - - - - - - - - - - - - - - - -
 
  INPUT ---        0 0 0 1 0 0 0;
  INPUT ---        0 0 0 1 0 0 0;
  INPUT ---        0 0 0 1 0 0 0;
  INPUT ---        0 0 0 1 0 0 0;
  INPUT ---        0 0 0 1 0 0 0;
  INPUT ---        0 0 0 1 0 0 0;
  INPUT ---        0 0 0 1 0 0 0;
  INPUT ---        0 0 0 1 0 0 0;
  INPUT ---        0 0 0 1 0 0 0;
  INPUT ---        0 0 0 1 0 0 0;
  INPUT ---        0 0 0 1 0 0 0;
  INPUT ---        0 0 0 1 0 0 0;
  INPUT ---        0 0 0 1 0 0 0;
  INPUT ---        0 0 0 1 0 0 0;
  INPUT ---        0 0 0 1 0 0 0;
  INPUT ---        0 0 0 1 0 0 0;
  INPUT ---        0 0 0 1 0 0 0;
  INPUT ---        0 0 0 1 0 0 0;
  INPUT ---        0 0 0 1 0 0 0;
  INPUT ---        0 0 0 1 0 0 0;
  INPUT ---        0 0 0 1 0 0 0;
  INPUT ---        0 0 0 1 0 0 0;
  INPUT ---        0 0 0 1 0 0 0;
  INPUT ---        0 0 0 1 0 0 0;
  INPUT ---        0 0 0 1 1 0 0;
  INPUT ---        0 0 0 1 1 0 0;
  INPUT ---        0 0 0 1 1 0 0;
  INPUT ---        0 0 0 1 1 0 0;
  INPUT ---        0 0 0 1 1 0 0;
  INPUT ---        0 0 0 1 1 0 0;
  INPUT ---        0 0 0 1 1 0 0;
  INPUT ---        0 0 0 1 1 0 0;
  INPUT ---        0 0 0 1 1 0 0;
  INPUT ---        0 0 0 1 1 0 0;
  INPUT ---        0 0 0 1 1 0 0;
  INPUT ---        0 0 0 1 1 0 0;
  INPUT ---        0 0 0 1 1 0 0;
  INPUT ---        0 0 0 1 1 0 0;
  INPUT ---        0 0 0 1 1 0 0;
  INPUT ---        0 0 0 1 1 0 0;
  INPUT ---        0 0 0 1 1 0 0;
  INPUT ---        0 0 0 1 1 0 0;
  INPUT ---        0 0 0 1 1 0 0;
  INPUT ---        0 0 0 1 1 0 0;
  INPUT ---        0 0 0 1 1 0 0;
  INPUT ---        0 0 0 1 1 0 0;

  Program  MARK  - Survival Rate Estimation with Capture-Recapture Data
   gfortran(dble) Vers. 9.0 Mar 2018    25-Mar-2020 14:32:30    Page  004
 - - - - - - - - - - - - - - - - - - - - - - - - - - - - - - - - - - - - - -
 
  INPUT ---        0 0 0 1 1 0 0;
  INPUT ---        0 0 0 1 1 0 0;
  INPUT ---        0 0 0 1 1 0 0;
  INPUT ---        0 0 0 1 1 0 0;
  INPUT ---        0 0 0 1 1 0 0;
  INPUT ---        0 0 0 1 1 0 0;
  INPUT ---        0 0 0 1 1 0 0;

  INPUT ---    links=63;

  INPUT ---    Logit;

  INPUT ---    Logit;

  INPUT ---    Logit;

  INPUT ---    Log;

  INPUT ---    Log;

  INPUT ---    mlogit(1);

  INPUT ---    mlogit(1);

  INPUT ---    mlogit(1);

  INPUT ---    mlogit(1);

  INPUT ---    mlogit(1);

  INPUT ---    mlogit(1);

  INPUT ---    mlogit(1);

  INPUT ---    mlogit(1);

  INPUT ---    mlogit(1);

  INPUT ---    mlogit(1);

  INPUT ---    mlogit(1);

  INPUT ---    mlogit(1);

  INPUT ---    mlogit(1);


  Program  MARK  - Survival Rate Estimation with Capture-Recapture Data
   gfortran(dble) Vers. 9.0 Mar 2018    25-Mar-2020 14:32:30    Page  005
 - - - - - - - - - - - - - - - - - - - - - - - - - - - - - - - - - - - - - -
 
  INPUT ---    mlogit(1);

  INPUT ---    mlogit(1);

  INPUT ---    mlogit(1);

  INPUT ---    mlogit(1);

  INPUT ---    mlogit(1);

  INPUT ---    mlogit(1);

  INPUT ---    mlogit(1);

  INPUT ---    mlogit(1);

  INPUT ---    mlogit(1);

  INPUT ---    mlogit(1);

  INPUT ---    mlogit(1);

  INPUT ---    mlogit(1);

  INPUT ---    mlogit(1);

  INPUT ---    mlogit(1);

  INPUT ---    mlogit(1);

  INPUT ---    mlogit(1);

  INPUT ---    mlogit(2);

  INPUT ---    mlogit(2);

  INPUT ---    mlogit(2);

  INPUT ---    mlogit(2);

  INPUT ---    mlogit(2);

  INPUT ---    mlogit(2);

  INPUT ---    mlogit(2);


  Program  MARK  - Survival Rate Estimation with Capture-Recapture Data
   gfortran(dble) Vers. 9.0 Mar 2018    25-Mar-2020 14:32:30    Page  006
 - - - - - - - - - - - - - - - - - - - - - - - - - - - - - - - - - - - - - -
 
  INPUT ---    mlogit(2);

  INPUT ---    mlogit(2);

  INPUT ---    mlogit(2);

  INPUT ---    mlogit(2);

  INPUT ---    mlogit(2);

  INPUT ---    mlogit(2);

  INPUT ---    mlogit(2);

  INPUT ---    mlogit(2);

  INPUT ---    mlogit(2);

  INPUT ---    mlogit(2);

  INPUT ---    mlogit(2);

  INPUT ---    mlogit(2);

  INPUT ---    mlogit(2);

  INPUT ---    mlogit(2);

  INPUT ---    mlogit(2);

  INPUT ---    mlogit(2);

  INPUT ---    mlogit(2);

  INPUT ---    mlogit(2);

  INPUT ---    mlogit(2);

  INPUT ---    mlogit(2);

  INPUT ---    mlogit(2);

  INPUT ---    mlogit(2);
  INPUT ---       blabel(1)=Phi:(Intercept);
  INPUT ---       blabel(2)=p:(Intercept);
  INPUT ---       blabel(3)=p:sexM;

  Program  MARK  - Survival Rate Estimation with Capture-Recapture Data
   gfortran(dble) Vers. 9.0 Mar 2018    25-Mar-2020 14:32:30    Page  007
 - - - - - - - - - - - - - - - - - - - - - - - - - - - - - - - - - - - - - -
 
  INPUT ---       blabel(4)=pent:(Intercept);
  INPUT ---       blabel(5)=pent:sexM;
  INPUT ---       blabel(6)=N:(Intercept);
  INPUT ---       blabel(7)=N:sexM;
  INPUT ---       rlabel(1)=Phi gF a0 t1;
  INPUT ---       rlabel(2)=p gF a0 t1;
  INPUT ---       rlabel(3)=p gM a0 t1;
  INPUT ---       rlabel(4)=N gF a0 t1;
  INPUT ---       rlabel(5)=N gM a0 t1;
  INPUT ---       rlabel(6)=pent gF a0.00547945205479452 t1.00547945205479;
  INPUT ---       rlabel(7)=pent gF a0.00821917808219178 t1.00821917808219;
  INPUT ---       rlabel(8)=pent gF a0.010958904109589 t1.01095890410959;
  INPUT ---       rlabel(9)=pent gF a0.0164383561643836 t1.01643835616438;
  INPUT ---       rlabel(10)=pent gF a0.0246575342465753 t1.02465753424658;
  INPUT ---       rlabel(11)=pent gF a0.0273972602739726 t1.02739726027397;
  INPUT ---       rlabel(12)=pent gF a0.0301369863013699 t1.03013698630137;
  INPUT ---       rlabel(13)=pent gF a0.0356164383561644 t1.03561643835616;
  INPUT ---       rlabel(14)=pent gF a0.0410958904109589 t1.04109589041096;
  INPUT ---       rlabel(15)=pent gF a0.0493150684931507 t1.04931506849315;
  INPUT ---       rlabel(16)=pent gF a0.0520547945205479 t1.05205479452055;
  INPUT ---       rlabel(17)=pent gF a0.0657534246575342 t1.06575342465753;
  INPUT ---       rlabel(18)=pent gF a0.0712328767123288 t1.07123287671233;
  INPUT ---       rlabel(19)=pent gF a0.0986301369863014 t1.0986301369863;
  INPUT ---       rlabel(20)=pent gF a0.101369863013699 t1.1013698630137;
  INPUT ---       rlabel(21)=pent gF a0.106849315068493 t1.10684931506849;
  INPUT ---       rlabel(22)=pent gF a0.10958904109589 t1.10958904109589;
  INPUT ---       rlabel(23)=pent gF a0.120547945205479 t1.12054794520548;
  INPUT ---       rlabel(24)=pent gF a0.350684931506849 t1.35068493150685;
  INPUT ---       rlabel(25)=pent gF a0.358904109589041 t1.35890410958904;
  INPUT ---       rlabel(26)=pent gF a0.613698630136986 t1.61369863013699;
  INPUT ---       rlabel(27)=pent gF a0.638356164383562 t1.63835616438356;
  INPUT ---       rlabel(28)=pent gF a0.646575342465753 t1.64657534246575;
  INPUT ---       rlabel(29)=pent gF a0.649315068493151 t1.64931506849315;
  INPUT ---       rlabel(30)=pent gF a0.652054794520548 t1.65205479452055;
  INPUT ---       rlabel(31)=pent gF a0.704109589041096 t1.7041095890411;
  INPUT ---       rlabel(32)=pent gF a0.706849315068493 t1.70684931506849;
  INPUT ---       rlabel(33)=pent gF a0.70958904109589 t1.70958904109589;
  INPUT ---       rlabel(34)=pent gF a0.827397260273973 t1.82739726027397;
  INPUT ---       rlabel(35)=pent gM a0.00547945205479452 t1.00547945205479;
  INPUT ---       rlabel(36)=pent gM a0.00821917808219178 t1.00821917808219;
  INPUT ---       rlabel(37)=pent gM a0.010958904109589 t1.01095890410959;
  INPUT ---       rlabel(38)=pent gM a0.0164383561643836 t1.01643835616438;
  INPUT ---       rlabel(39)=pent gM a0.0246575342465753 t1.02465753424658;
  INPUT ---       rlabel(40)=pent gM a0.0273972602739726 t1.02739726027397;
  INPUT ---       rlabel(41)=pent gM a0.0301369863013699 t1.03013698630137;
  INPUT ---       rlabel(42)=pent gM a0.0356164383561644 t1.03561643835616;

  Program  MARK  - Survival Rate Estimation with Capture-Recapture Data
   gfortran(dble) Vers. 9.0 Mar 2018    25-Mar-2020 14:32:30    Page  008
 - - - - - - - - - - - - - - - - - - - - - - - - - - - - - - - - - - - - - -
 
  INPUT ---       rlabel(43)=pent gM a0.0410958904109589 t1.04109589041096;
  INPUT ---       rlabel(44)=pent gM a0.0493150684931507 t1.04931506849315;
  INPUT ---       rlabel(45)=pent gM a0.0520547945205479 t1.05205479452055;
  INPUT ---       rlabel(46)=pent gM a0.0657534246575342 t1.06575342465753;
  INPUT ---       rlabel(47)=pent gM a0.0712328767123288 t1.07123287671233;
  INPUT ---       rlabel(48)=pent gM a0.0986301369863014 t1.0986301369863;
  INPUT ---       rlabel(49)=pent gM a0.101369863013699 t1.1013698630137;
  INPUT ---       rlabel(50)=pent gM a0.106849315068493 t1.10684931506849;
  INPUT ---       rlabel(51)=pent gM a0.10958904109589 t1.10958904109589;
  INPUT ---       rlabel(52)=pent gM a0.120547945205479 t1.12054794520548;
  INPUT ---       rlabel(53)=pent gM a0.350684931506849 t1.35068493150685;
  INPUT ---       rlabel(54)=pent gM a0.358904109589041 t1.35890410958904;
  INPUT ---       rlabel(55)=pent gM a0.613698630136986 t1.61369863013699;
  INPUT ---       rlabel(56)=pent gM a0.638356164383562 t1.63835616438356;
  INPUT ---       rlabel(57)=pent gM a0.646575342465753 t1.64657534246575;
  INPUT ---       rlabel(58)=pent gM a0.649315068493151 t1.64931506849315;
  INPUT ---       rlabel(59)=pent gM a0.652054794520548 t1.65205479452055;
  INPUT ---       rlabel(60)=pent gM a0.704109589041096 t1.7041095890411;
  INPUT ---       rlabel(61)=pent gM a0.706849315068493 t1.70684931506849;
  INPUT ---       rlabel(62)=pent gM a0.70958904109589 t1.70958904109589;
  INPUT ---       rlabel(63)=pent gM a0.827397260273973 t1.82739726027397;

 Link Function Used is PARM-SPECIFIC

 Variance Estimation Procedure Used is 2ndPart 

 M(t+1):
      16     29



 Group: 1

 U(t)+UL(t):
       0    2    2    0    1    0    3    1    1    0    0    0    0    0    1
       0    0    0    2    1    1    0    0    0    1    0    0    0    0    0

 U(t):
       0    2    2    0    1    0    3    1    1    0    0    0    0    0    1
       0    0    0    2    1    1    0    0    0    1    0    0    0    0    0

 UL(t):
       0    0    0    0    0    0    0    0    0    0    0    0    0    0    0
       0    0    0    0    0    0    0    0    0    0    0    0    0    0    0

 Not Released(t):
       0    0    0    0    0    0    0    0    0    0    0    0    0    0    0
       0    0    0    0    0    0    0    0    0    0    0    0    0    0    0

 Group: 2

 U(t)+UL(t):
       3    0    1    1    1    1    1    0    1    1    2    1    3    3    1
       1    0    2    3    1    0    0    1    0    0    0    0    0    0    1

 U(t):
       3    0    1    1    1    1    1    0    1    1    2    1    3    3    1
       1    0    2    3    1    0    0    1    0    0    0    0    0    0    1

 UL(t):
       0    0    0    0    0    0    0    0    0    0    0    0    0    0    0
       0    0    0    0    0    0    0    0    0    0    0    0    0    0    0

 Not Released(t):
       0    0    0    0    0    0    0    0    0    0    0    0    0    0    0
       0    0    0    0    0    0    0    0    0    0    0    0    0    0    0
 -2logL(saturated) = 272.93564     
 Effective Sample Size = 98

 Number of function evaluations was 39 for 7 parameters.
 Time for numerical optimization was 0.20 seconds.     
 -2logL { Phi(~1)p(~sex)pent(~sex)N(~sex) } = 513.19764     
 Penalty { Phi(~1)p(~sex)pent(~sex)N(~sex) } = 0.0000000     
 Gradient { Phi(~1)p(~sex)pent(~sex)N(~sex) }:
  0.1165922E-04 -0.6004734E-04 -0.1041928E-04 -0.6251972E-05 -0.5700462E-05
   0.000000       0.000000    
 Maximum ABS(G) { Phi(~1)p(~sex)pent(~sex)N(~sex) } = 0.6004734E-04 
 S Vector { Phi(~1)p(~sex)pent(~sex)N(~sex) }:
   116.6209      12.34424      11.04139      2.737852      1.105505    
  0.7001762     0.4484917E-05
 Time to compute number of parameters was 0.19 seconds.     
 Ratio Threshold = 50.000000       Max Gap (6/7) = 156117.99       Next Max Gap (1/2) = 9.4473945     
 Gap Method for Num. of Estimated Parameters { Phi(~1)p(~sex)pent(~sex)N(~sex) } = 6          
 Threshold { Phi(~1)p(~sex)pent(~sex)N(~sex) } = 0.1200947E-03                 
 Numerical Threshold Method for Num. of Estimated Parameters { Phi(~1)p(~sex)pent(~sex)N(~sex) } = 6          
 Number of Estimated Parameters { Phi(~1)p(~sex)pent(~sex)N(~sex) } = 6          
 DEVIANCE { Phi(~1)p(~sex)pent(~sex)N(~sex) } = 240.26200                     
 DEVIANCE Degrees of Freedom { Phi(~1)p(~sex)pent(~sex)N(~sex) } = 35            
 c-hat { Phi(~1)p(~sex)pent(~sex)N(~sex) } = 6.8646286                     
 AIC { Phi(~1)p(~sex)pent(~sex)N(~sex) } = 525.19764                  
 AICc { Phi(~1)p(~sex)pent(~sex)N(~sex) } = 526.12072                    
 BIC { Phi(~1)p(~sex)pent(~sex)N(~sex) } = 540.70745                    
 Pearson Chisquare { Phi(~1)p(~sex)pent(~sex)N(~sex) } = 177495.43                  
 Possible Encounter Histories { Phi(~1)p(~sex)pent(~sex)N(~sex) } = 2147483646             
 Pearson Chisquare df { Phi(~1)p(~sex)pent(~sex)N(~sex) } = 2147483638        
 Pearson chat { Phi(~1)p(~sex)pent(~sex)N(~sex) } = 0.8265275E-04              
 Sum(Observed/Expected) { Phi(~1)p(~sex)pent(~sex)N(~sex) } = 177281.57                  
 Fletcher chat { Phi(~1)p(~sex)pent(~sex)N(~sex) } = 1.0012063                  

  Program  MARK  - Survival Rate Estimation with Capture-Recapture Data
   gfortran(dble) Vers. 9.0 Mar 2018    25-Mar-2020 14:32:30    Page  009
 - - - - - - - - - - - - - - - - - - - - - - - - - - - - - - - - - - - - - -
 


             PARM-SPECIFIC Link Function Parameters of { Phi(~1)p(~sex)pent(~sex)N(~sex) }
                                                              95% Confidence Interval
 Parameter                    Beta         Standard Error      Lower           Upper
 -------------------------  --------------  --------------  --------------  --------------
    1:Phi:(Intercept)        0.3087312       0.8584120      -1.3737564       1.9912188    
    2:p:(Intercept)         -2.8116900       0.2642006      -3.3295233      -2.2938567    
    3:p:sexM                 0.4644767       0.3143207      -0.1515919       1.0805453    
    4:pent:(Intercept)      -18.525090       333.89372      -672.95679       635.90661    
    5:pent:sexM              15.060582       333.89374      -639.37116       669.49232    
    6:N:(Intercept)          1.4617806       0.7738937      -0.0550511       2.9786123    
    7:N:sexM                 0.7252438       0.9432223      -1.1234720       2.5739596    


             Real Function Parameters of { Phi(~1)p(~sex)pent(~sex)N(~sex) }
                                                               95% Confidence Interval
  Parameter                  Estimate       Standard Error      Lower           Upper
 --------------------------  --------------  --------------  --------------  --------------
     1:Phi gF a0 t1           0.5765755       0.2095694       0.2020136       0.8798720                          
     2:p gF a0 t1             0.0566957       0.0141298       0.0345721       0.0916330                          
     3:p gM a0 t1             0.0872875       0.0157328       0.0609811       0.1234503                          
     4:N gF a0 t1             20.313633       3.3382938       17.126415       32.519159                          
     5:N gM a0 t1             37.908665       5.1248916       32.123805       54.406292                          
     6:pent gF a0.005479452   0.9008563E-08   0.3007902E-05  -0.5886479E-05   0.5904496E-05                      
     7:pent gF a0.008219178   0.9008563E-08   0.3007902E-05  -0.5886479E-05   0.5904496E-05                      
     8:pent gF a0.010958904   0.9008563E-08   0.3007902E-05  -0.5886479E-05   0.5904496E-05                      
     9:pent gF a0.016438356   0.9008563E-08   0.3007902E-05  -0.5886479E-05   0.5904496E-05                      
    10:pent gF a0.024657534   0.9008563E-08   0.3007902E-05  -0.5886479E-05   0.5904496E-05                      
    11:pent gF a0.027397260   0.9008563E-08   0.3007902E-05  -0.5886479E-05   0.5904496E-05                      
    12:pent gF a0.030136986   0.9008563E-08   0.3007902E-05  -0.5886479E-05   0.5904496E-05                      
    13:pent gF a0.035616438   0.9008563E-08   0.3007902E-05  -0.5886479E-05   0.5904496E-05                      
    14:pent gF a0.041095890   0.9008563E-08   0.3007902E-05  -0.5886479E-05   0.5904496E-05                      
    15:pent gF a0.049315068   0.9008563E-08   0.3007902E-05  -0.5886479E-05   0.5904496E-05                      
    16:pent gF a0.052054794   0.9008563E-08   0.3007902E-05  -0.5886479E-05   0.5904496E-05                      
    17:pent gF a0.065753424   0.9008563E-08   0.3007902E-05  -0.5886479E-05   0.5904496E-05                      
    18:pent gF a0.071232876   0.9008563E-08   0.3007902E-05  -0.5886479E-05   0.5904496E-05                      
    19:pent gF a0.098630136   0.9008563E-08   0.3007902E-05  -0.5886479E-05   0.5904496E-05                      
    20:pent gF a0.101369863   0.9008563E-08   0.3007902E-05  -0.5886479E-05   0.5904496E-05                      
    21:pent gF a0.106849315   0.9008563E-08   0.3007902E-05  -0.5886479E-05   0.5904496E-05                      
    22:pent gF a0.109589041   0.9008563E-08   0.3007902E-05  -0.5886479E-05   0.5904496E-05                      
    23:pent gF a0.120547945   0.9008563E-08   0.3007902E-05  -0.5886479E-05   0.5904496E-05                      
    24:pent gF a0.350684931   0.9008563E-08   0.3007902E-05  -0.5886479E-05   0.5904496E-05                      
    25:pent gF a0.358904109   0.9008563E-08   0.3007902E-05  -0.5886479E-05   0.5904496E-05                      
    26:pent gF a0.613698630   0.9008563E-08   0.3007902E-05  -0.5886479E-05   0.5904496E-05                      
    27:pent gF a0.638356164   0.9008563E-08   0.3007902E-05  -0.5886479E-05   0.5904496E-05                      

  Program  MARK  - Survival Rate Estimation with Capture-Recapture Data
   gfortran(dble) Vers. 9.0 Mar 2018    25-Mar-2020 14:32:30    Page  010
 - - - - - - - - - - - - - - - - - - - - - - - - - - - - - - - - - - - - - -
 
    28:pent gF a0.646575342   0.9008563E-08   0.3007902E-05  -0.5886479E-05   0.5904496E-05                      
    29:pent gF a0.649315068   0.9008563E-08   0.3007902E-05  -0.5886479E-05   0.5904496E-05                      
    30:pent gF a0.652054794   0.9008563E-08   0.3007902E-05  -0.5886479E-05   0.5904496E-05                      
    31:pent gF a0.704109589   0.9008563E-08   0.3007902E-05  -0.5886479E-05   0.5904496E-05                      
    32:pent gF a0.706849315   0.9008563E-08   0.3007902E-05  -0.5886479E-05   0.5904496E-05                      
    33:pent gF a0.709589041   0.9008563E-08   0.3007902E-05  -0.5886479E-05   0.5904496E-05                      
    34:pent gF a0.827397260   0.9008563E-08   0.3007902E-05  -0.5886479E-05   0.5904496E-05                      
    35:pent gM a0.005479452   0.0164040       0.0084627       0.0059304       0.0445457                          
    36:pent gM a0.008219178   0.0164040       0.0084627       0.0059304       0.0445457                          
    37:pent gM a0.010958904   0.0164040       0.0084627       0.0059304       0.0445457                          
    38:pent gM a0.016438356   0.0164040       0.0084627       0.0059304       0.0445457                          
    39:pent gM a0.024657534   0.0164040       0.0084627       0.0059304       0.0445457                          
    40:pent gM a0.027397260   0.0164040       0.0084627       0.0059304       0.0445457                          
    41:pent gM a0.030136986   0.0164040       0.0084627       0.0059304       0.0445457                          
    42:pent gM a0.035616438   0.0164040       0.0084627       0.0059304       0.0445457                          
    43:pent gM a0.041095890   0.0164040       0.0084627       0.0059304       0.0445457                          
    44:pent gM a0.049315068   0.0164040       0.0084627       0.0059304       0.0445457                          
    45:pent gM a0.052054794   0.0164040       0.0084627       0.0059304       0.0445457                          
    46:pent gM a0.065753424   0.0164040       0.0084627       0.0059304       0.0445457                          
    47:pent gM a0.071232876   0.0164040       0.0084627       0.0059304       0.0445457                          
    48:pent gM a0.098630136   0.0164040       0.0084627       0.0059304       0.0445457                          
    49:pent gM a0.101369863   0.0164040       0.0084627       0.0059304       0.0445457                          
    50:pent gM a0.106849315   0.0164040       0.0084627       0.0059304       0.0445457                          
    51:pent gM a0.109589041   0.0164040       0.0084627       0.0059304       0.0445457                          
    52:pent gM a0.120547945   0.0164040       0.0084627       0.0059304       0.0445457                          
    53:pent gM a0.350684931   0.0164040       0.0084627       0.0059304       0.0445457                          
    54:pent gM a0.358904109   0.0164040       0.0084627       0.0059304       0.0445457                          
    55:pent gM a0.613698630   0.0164040       0.0084627       0.0059304       0.0445457                          
    56:pent gM a0.638356164   0.0164040       0.0084627       0.0059304       0.0445457                          
    57:pent gM a0.646575342   0.0164040       0.0084627       0.0059304       0.0445457                          
    58:pent gM a0.649315068   0.0164040       0.0084627       0.0059304       0.0445457                          
    59:pent gM a0.652054794   0.0164040       0.0084627       0.0059304       0.0445457                          
    60:pent gM a0.704109589   0.0164040       0.0084627       0.0059304       0.0445457                          
    61:pent gM a0.706849315   0.0164040       0.0084627       0.0059304       0.0445457                          
    62:pent gM a0.709589041   0.0164040       0.0084627       0.0059304       0.0445457                          
    63:pent gM a0.827397260   0.0164040       0.0084627       0.0059304       0.0445457                          


                      Estimates of Derived Parameters
 Gross Birth+Immigration Estimates of { Phi(~1)p(~sex)pent(~sex)N(~sex) }
                                                95% Confidence Interval
 Grp. Occ.   B*-hat          Standard Error      Lower           Upper
 ---- ----   --------------  --------------  --------------  --------------
   1     1    0.1832729E-06   0.6119581E-04   0.2297435E-09   0.1462019E-03
   1     2    0.1831347E-06   0.6114969E-04   0.2295704E-09   0.1460917E-03

  Program  MARK  - Survival Rate Estimation with Capture-Recapture Data
   gfortran(dble) Vers. 9.0 Mar 2018    25-Mar-2020 14:32:30    Page  011
 - - - - - - - - - - - - - - - - - - - - - - - - - - - - - - - - - - - - - -
 
   1     3    0.1831347E-06   0.6114969E-04   0.2295704E-09   0.1460917E-03
   1     4    0.1832729E-06   0.6119581E-04   0.2297435E-09   0.1462019E-03
   1     5    0.1834111E-06   0.6124196E-04   0.2299168E-09   0.1463122E-03
   1     6    0.1831347E-06   0.6114969E-04   0.2295704E-09   0.1460917E-03
   1     7    0.1831347E-06   0.6114969E-04   0.2295704E-09   0.1460917E-03
   1     8    0.1832729E-06   0.6119581E-04   0.2297435E-09   0.1462019E-03
   1     9    0.1832729E-06   0.6119581E-04   0.2297435E-09   0.1462019E-03
   1    10    0.1834111E-06   0.6124196E-04   0.2299168E-09   0.1463122E-03
   1    11    0.1831347E-06   0.6114969E-04   0.2295704E-09   0.1460917E-03
   1    12    0.1836877E-06   0.6133433E-04   0.2302636E-09   0.1465328E-03
   1    13    0.1832729E-06   0.6119581E-04   0.2297435E-09   0.1462019E-03
   1    14    0.1843805E-06   0.6156566E-04   0.2311320E-09   0.1470855E-03
   1    15    0.1831347E-06   0.6114969E-04   0.2295704E-09   0.1460917E-03
   1    16    0.1832729E-06   0.6119581E-04   0.2297435E-09   0.1462019E-03
   1    17    0.1831347E-06   0.6114969E-04   0.2295704E-09   0.1460917E-03
   1    18    0.1835494E-06   0.6128814E-04   0.2300901E-09   0.1464225E-03
   1    19    0.1948366E-06   0.6505701E-04   0.2442393E-09   0.1554266E-03
   1    20    0.1834111E-06   0.6124196E-04   0.2299168E-09   0.1463122E-03
   1    21    0.1961342E-06   0.6549028E-04   0.2458659E-09   0.1564617E-03
   1    22    0.1842418E-06   0.6151935E-04   0.2309581E-09   0.1469748E-03
   1    23    0.1834111E-06   0.6124196E-04   0.2299168E-09   0.1463122E-03
   1    24    0.1831347E-06   0.6114969E-04   0.2295704E-09   0.1460917E-03
   1    25    0.1831347E-06   0.6114969E-04   0.2295704E-09   0.1460917E-03
   1    26    0.1856319E-06   0.6198350E-04   0.2327007E-09   0.1480838E-03
   1    27    0.1831347E-06   0.6114969E-04   0.2295704E-09   0.1460917E-03
   1    28    0.1831347E-06   0.6114969E-04   0.2295704E-09   0.1460917E-03
   1    29    0.1889964E-06   0.6310694E-04   0.2369183E-09   0.1507677E-03
   2     1    0.6227925       0.3774002       0.2081086       1.8637892    
   2     2    0.6223231       0.3769882       0.2080179       1.8617916    
   2     3    0.6223231       0.3769882       0.2080179       1.8617916    
   2     4    0.6227925       0.3774002       0.2081086       1.8637892    
   2     5    0.6232622       0.3778126       0.2081992       1.8657892    
   2     6    0.6223231       0.3769882       0.2080179       1.8617916    
   2     7    0.6223231       0.3769882       0.2080179       1.8617916    
   2     8    0.6227925       0.3774002       0.2081086       1.8637892    
   2     9    0.6227925       0.3774002       0.2081086       1.8637892    
   2    10    0.6232622       0.3778126       0.2081992       1.8657892    
   2    11    0.6223231       0.3769882       0.2080179       1.8617916    
   2    12    0.6242022       0.3786390       0.2083801       1.8697964    
   2    13    0.6227925       0.3774002       0.2081086       1.8637892    
   2    14    0.6265564       0.3807135       0.2088314       1.8798564    
   2    15    0.6223231       0.3769882       0.2080179       1.8617916    
   2    16    0.6227925       0.3774002       0.2081086       1.8637892    
   2    17    0.6223231       0.3769882       0.2080179       1.8617916    
   2    18    0.6237321       0.3782256       0.2082897       1.8677916    
   2    19    0.6620880       0.4128193       0.2153297       2.0357647    

  Program  MARK  - Survival Rate Estimation with Capture-Recapture Data
   gfortran(dble) Vers. 9.0 Mar 2018    25-Mar-2020 14:32:30    Page  012
 - - - - - - - - - - - - - - - - - - - - - - - - - - - - - - - - - - - - - -
 
   2    20    0.6232622       0.3778126       0.2081992       1.8657892    
   2    21    0.6664975       0.4169025       0.2160991       2.0556261    
   2    22    0.6260851       0.3802977       0.2087413       1.8778396    
   2    23    0.6232622       0.3778126       0.2081992       1.8657892    
   2    24    0.6223231       0.3769882       0.2080179       1.8617916    
   2    25    0.6223231       0.3769882       0.2080179       1.8617916    
   2    26    0.6308089       0.3844779       0.2096395       1.8981153    
   2    27    0.6223231       0.3769882       0.2080179       1.8617916    
   2    28    0.6223231       0.3769882       0.2080179       1.8617916    
   2    29    0.6422421       0.3947067       0.2117693       1.9477560    

  Net Birth+Immigration Estimates of { Phi(~1)p(~sex)pent(~sex)N(~sex) }
                                                95% Confidence Interval
 Grp. Occ.   B-hat           Standard Error      Lower           Upper
 ---- ----   --------------  --------------  --------------  --------------
   1     1    0.1829966E-06   0.6110359E-04   0.2293973E-09   0.1459816E-03
   1     2    0.1829966E-06   0.6110359E-04   0.2293973E-09   0.1459816E-03
   1     3    0.1829966E-06   0.6110359E-04   0.2293973E-09   0.1459816E-03
   1     4    0.1829966E-06   0.6110359E-04   0.2293973E-09   0.1459816E-03
   1     5    0.1829966E-06   0.6110359E-04   0.2293973E-09   0.1459816E-03
   1     6    0.1829966E-06   0.6110359E-04   0.2293973E-09   0.1459816E-03
   1     7    0.1829966E-06   0.6110359E-04   0.2293973E-09   0.1459816E-03
   1     8    0.1829966E-06   0.6110359E-04   0.2293973E-09   0.1459816E-03
   1     9    0.1829966E-06   0.6110359E-04   0.2293973E-09   0.1459816E-03
   1    10    0.1829966E-06   0.6110359E-04   0.2293973E-09   0.1459816E-03
   1    11    0.1829966E-06   0.6110359E-04   0.2293973E-09   0.1459816E-03
   1    12    0.1829966E-06   0.6110359E-04   0.2293973E-09   0.1459816E-03
   1    13    0.1829966E-06   0.6110359E-04   0.2293973E-09   0.1459816E-03
   1    14    0.1829966E-06   0.6110359E-04   0.2293973E-09   0.1459816E-03
   1    15    0.1829966E-06   0.6110359E-04   0.2293973E-09   0.1459816E-03
   1    16    0.1829966E-06   0.6110359E-04   0.2293973E-09   0.1459816E-03
   1    17    0.1829966E-06   0.6110359E-04   0.2293973E-09   0.1459816E-03
   1    18    0.1829966E-06   0.6110359E-04   0.2293973E-09   0.1459816E-03
   1    19    0.1829966E-06   0.6110359E-04   0.2293973E-09   0.1459816E-03
   1    20    0.1829966E-06   0.6110359E-04   0.2293973E-09   0.1459816E-03
   1    21    0.1829966E-06   0.6110359E-04   0.2293973E-09   0.1459816E-03
   1    22    0.1829966E-06   0.6110359E-04   0.2293973E-09   0.1459816E-03
   1    23    0.1829966E-06   0.6110359E-04   0.2293973E-09   0.1459816E-03
   1    24    0.1829966E-06   0.6110359E-04   0.2293973E-09   0.1459816E-03
   1    25    0.1829966E-06   0.6110359E-04   0.2293973E-09   0.1459816E-03
   1    26    0.1829966E-06   0.6110359E-04   0.2293973E-09   0.1459816E-03
   1    27    0.1829966E-06   0.6110359E-04   0.2293973E-09   0.1459816E-03
   1    28    0.1829966E-06   0.6110359E-04   0.2293973E-09   0.1459816E-03
   1    29    0.1829966E-06   0.6110359E-04   0.2293973E-09   0.1459816E-03
   2     1    0.6218539       0.3765766       0.2079272       1.8597963    
   2     2    0.6218539       0.3765766       0.2079272       1.8597963    
   2     3    0.6218539       0.3765766       0.2079272       1.8597963    
   2     4    0.6218539       0.3765766       0.2079272       1.8597963    
   2     5    0.6218539       0.3765766       0.2079272       1.8597963    
   2     6    0.6218539       0.3765766       0.2079272       1.8597963    
   2     7    0.6218539       0.3765766       0.2079272       1.8597963    
   2     8    0.6218539       0.3765766       0.2079272       1.8597963    
   2     9    0.6218539       0.3765766       0.2079272       1.8597963    
   2    10    0.6218539       0.3765766       0.2079272       1.8597963    
   2    11    0.6218539       0.3765766       0.2079272       1.8597963    
   2    12    0.6218539       0.3765766       0.2079272       1.8597963    
   2    13    0.6218539       0.3765766       0.2079272       1.8597963    
   2    14    0.6218539       0.3765766       0.2079272       1.8597963    
   2    15    0.6218539       0.3765766       0.2079272       1.8597963    
   2    16    0.6218539       0.3765766       0.2079272       1.8597963    
   2    17    0.6218539       0.3765766       0.2079272       1.8597963    
   2    18    0.6218539       0.3765766       0.2079272       1.8597963    
   2    19    0.6218539       0.3765766       0.2079272       1.8597963    
   2    20    0.6218539       0.3765766       0.2079272       1.8597963    
   2    21    0.6218539       0.3765766       0.2079272       1.8597963    
   2    22    0.6218539       0.3765766       0.2079272       1.8597963    
   2    23    0.6218539       0.3765766       0.2079272       1.8597963    
   2    24    0.6218539       0.3765766       0.2079272       1.8597963    
   2    25    0.6218539       0.3765766       0.2079272       1.8597963    
   2    26    0.6218539       0.3765766       0.2079272       1.8597963    
   2    27    0.6218539       0.3765766       0.2079272       1.8597963    
   2    28    0.6218539       0.3765766       0.2079272       1.8597963    
   2    29    0.6218539       0.3765766       0.2079272       1.8597963    

       Population Estimates of { Phi(~1)p(~sex)pent(~sex)N(~sex) }
                                                95% Confidence Interval
 Grp. Occ.   N-hat           Standard Error      Lower           Upper
 ---- ----   --------------  --------------  --------------  --------------
   1     1    20.313628       3.3382948       14.751335       27.973297    
   1     2    20.252429       3.3235195       14.713478       27.876542    
   1     3    20.221899       3.3163348       14.694334       27.828768    
   1     4    20.191415       3.3092849       14.675045       27.781396    
   1     5    20.130584       3.2955884       14.636039       27.687848    
   1     6    20.039682       3.2760458       14.576461       27.550504    
   1     7    20.009472       3.2697974       14.556318       27.505511    
   1     8    19.979308       3.2636811       14.536035       27.460912    
   1     9    19.919117       3.2518432       14.495046       27.372884    
   1    10    19.859107       3.2405285       14.453500       27.286409    
   1    11    19.769430       3.2245292       14.390144       27.159586    
   1    12    19.739628       3.2194535       14.368752       27.118077    
   1    13    19.591289       3.1959809       14.259766       26.916194    
   1    14    19.532267       3.1874707       14.215241       26.838057    
   1    15    19.239810       3.1522415       13.984930       26.469227    
   1    16    19.210806       3.1493738       13.961216       26.434306    
   1    17    19.152930       3.1439866       13.913430       26.365512    
   1    18    19.124057       3.1414657       13.889360       26.331635    
   1    19    19.009000       3.1325151       13.791921       26.199547    
   1    20    16.746477       3.2689215       11.463476       24.464175    
   1    21    16.670856       3.2817901       11.375730       24.430734    
   1    22    14.488565       3.7712023       8.7717156       23.931294    
   1    23    14.293174       3.8210235       8.5405634       23.920532    
   1    24    14.228631       3.8375372       8.4645406       23.917889    
   1    25    14.207182       3.8430297       8.4393154       23.917107    
   1    26    14.185765       3.8485158       8.4141482       23.916374    
   1    27    13.784918       3.9513073       7.9471554       23.910940    
   1    28    13.764137       3.9566300       7.9231725       23.911062    
   1    29    13.743388       3.9619430       7.8992496       23.911222    
   1    30    12.880144       4.1795323       6.9277038       23.947055    
   2     1    19.874901       8.0171956       9.2852941       42.541647    
   2     2    20.436878       7.6692949       10.033266       41.628117    
   2     3    21.027923       7.3314293       10.826484       40.841844    
   2     4    21.618078       6.9984662       11.643611       40.137143    
   2     5    22.174803       6.6671582       12.457948       39.470535    
   2     6    22.696523       6.3394001       13.263418       38.838569    

  Program  MARK  - Survival Rate Estimation with Capture-Recapture Data
   gfortran(dble) Vers. 9.0 Mar 2018    25-Mar-2020 14:32:30    Page  013
 - - - - - - - - - - - - - - - - - - - - - - - - - - - - - - - - - - - - - -
 
   2     7    23.284162       6.0248415       14.137237       38.349235    
   2     8    23.870916       5.7183312       15.024357       37.926455    
   2     9    24.420853       5.4194497       15.890052       37.531537    
   2    10    24.969134       5.1315378       16.759902       37.199363    
   2    11    25.478236       4.8556166       17.595028       36.893407    
   2    12    26.061682       4.5948189       18.495885       36.722291    
   2    13    26.487689       4.3514812       19.236825       36.471592    
   2    14    27.029743       4.1259905       20.074940       36.393983    
   2    15    27.246879       3.9344374       20.560562       36.107595    
   2    16    27.827659       3.7517467       21.391012       36.201121    
   2    17    28.365676       3.6001142       22.140615       36.340977    
   2    18    28.944769       3.4786110       22.889510       36.601905    
   2    19    29.392482       3.3972843       23.451784       36.838050    
   2    20    26.515930       3.9804352       19.789632       35.528429    
   2    21    27.018047       3.9300790       20.346158       35.877775    
   2    22    24.103116       5.0401524       16.068596       36.155007    
   2    23    24.399918       5.0799599       16.294654       36.536891    
   2    24    24.911590       5.0682984       16.787001       36.968326    
   2    25    25.495890       5.0577227       17.347526       37.471650    
   2    26    26.079309       5.0742230       17.873591       38.052252    
   2    27    25.964240       5.3282825       17.437748       38.659909    
   2    28    26.546953       5.3816809       17.913803       39.340653    
   2    29    27.128788       5.4593913       18.358148       40.089616    
   2    30    26.046638       5.9931165       16.688378       40.652685    

    Gross Population Estimates of { Phi(~1)p(~sex)pent(~sex)N(~sex) }
                                                95% Confidence Interval
 Grp. Occ.   N*-hat          Standard Error      Lower           Upper
 ---- ----   --------------  --------------  --------------  --------------
   1     0    20.313633       3.3382956       14.751339       27.973305    
   2     0    38.052472       5.2248109       29.110619       49.740977    

 Attempted ordering of parameters by estimatibility:
  2 3 6 4 1 7 5
 Beta number 5 is a singular value.

   CPU Time for the last procedure was 0.42 seconds.     

  Program  MARK  - Survival Rate Estimation with Capture-Recapture Data
   gfortran(dble) Vers. 9.0 Mar 2018    25-Mar-2020 14:32:30    Page  014
 - - - - - - - - - - - - - - - - - - - - - - - - - - - - - - - - - - - - - -
 


  INPUT --- proc stop;

     CPU Time in minutes for this job was 0.01

     Time Start = 14:32:29.946   Time End = 14:32:30.308

     Wall Clock Time in minutes for this job was 0.01


          E X E C U T I O N   S U C C E S S F U L 
