
   Program  MARK  - Survival Rate Estimation with Capture-Recapture Data
   gfortran(dble) Vers. 9.0 Mar 2018    25-Mar-2020 14:32:15    Page  001
 - - - - - - - - - - - - - - - - - - - - - - - - - - - - - - - - - - - - - -
 
   This version was compiled by GCC version 7.2.0 using the options: 
     -cpp -iprefix C:/Program Files/mingw-w64/x86_64-7.2.0-posix-seh-rt_v5-rev1/
     mingw64/bin/../lib/gcc/x86_64-w64-mingw32/7.2.0/ -D_MT -D_REENTRANT
     -U_REENTRANT -D IEEE -D DBLEPRECISION -m64 -mtune=core2 -march=nocona -mthreads
     -O2 -fimplicit-none -fbounds-check -funroll-loops -ftree-vectorize
     -ffpe-summary=invalid,zero,overflow,underflow -fno-unsafe-math-optimizations
     -frounding-math -fsignaling-nans -fopenmp.

   This problem will use 15 of 16 possible threads.


  INPUT --- proc title ;

   CPU Time for the last procedure was 0.01 seconds.     


  INPUT --- proc chmatrix occasions= 30 groups= 2 etype= POPAN Nodes= 
  INPUT --- 101 ICMeans NoHist hist= 41  ;

  INPUT ---    time interval 0.00547945205479452 0.00273972602739726 
  INPUT ---    0.00273972602739726 0.00547945205479452  
  INPUT ---    0.00821917808219178 0.00273972602739726 0.00273972602739726 
  INPUT ---    0.00547945205479452  0.00547945205479452 
  INPUT ---    0.00821917808219178 0.00273972602739726 0.0136986301369863 
  INPUT ---    0.00547945205479452  0.0273972602739726 0.00273972602739726 
  INPUT ---    0.00547945205479452 0.00273972602739726 0.010958904109589  
  INPUT ---    0.23013698630137 0.00821917808219178 0.254794520547945 
  INPUT ---    0.0246575342465753 0.00821917808219178  0.00273972602739726 
  INPUT ---    0.00273972602739726 0.0520547945205479 0.00273972602739726 
  INPUT ---    0.00273972602739726  0.117808219178082 ;

  INPUT ---    glabel(1)=sexF;

  INPUT ---    glabel(2)=sexM;

   * *  WARNING  * *   At least a pair of the encounter histories are duplicates. 

      Number of unique encounter histories read was 38.

      Number of individual covariates read was 0.
      Time interval lengths vary and/or not equal to 1.

      Data type number is 19
      Data type is POPAN                                                                                               

   CPU Time for the last procedure was 0.02 seconds.     

  Program  MARK  - Survival Rate Estimation with Capture-Recapture Data
   gfortran(dble) Vers. 9.0 Mar 2018    25-Mar-2020 14:32:15    Page  002
 - - - - - - - - - - - - - - - - - - - - - - - - - - - - - - - - - - - - - -
 


  INPUT --- proc estimate link=Parm-Specific NOLOOP varest=2ndPart    ;


  INPUT --- model={ Phi(~1)p(~1)pent(~1)N(~sex) };

  INPUT ---    group=1 Phi    rows=1 cols=29 Square ;
  INPUT ---        1 1 1 1 1 1 1 1 1 1 1 1 1 1 1 1 1 1 1 1 1 1 1 1 1 1 1 1 1 ;

  INPUT ---    group=2 Phi    rows=1 cols=29 Square ;
  INPUT ---        1 1 1 1 1 1 1 1 1 1 1 1 1 1 1 1 1 1 1 1 1 1 1 1 1 1 1 1 1 ;

  INPUT ---    group=1 p    rows=1 cols=30 Square ;
  INPUT ---        2 2 2 2 2 2 2 2 2 2 2 2 2 2 2 2 2 2 2 2 2 2 2 2 2 2 2 2 2 
  INPUT ---       2 ;

  INPUT ---    group=2 p    rows=1 cols=30 Square ;
  INPUT ---        2 2 2 2 2 2 2 2 2 2 2 2 2 2 2 2 2 2 2 2 2 2 2 2 2 2 2 2 2 
  INPUT ---       2 ;

  INPUT ---    group=1 pent    rows=1 cols=29 Square ;
  INPUT ---        5 6 7 8 9 10 11 12 13 14 15 16 17 18 19 20 21 22 23 24 25 
  INPUT ---       26 27 28 29 30 31 32 33 ;

  INPUT ---    group=2 pent    rows=1 cols=29 Square ;
  INPUT ---        34 35 36 37 38 39 40 41 42 43 44 45 46 47 48 49 50 51 52 
  INPUT ---       53 54 55 56 57 58 59 60 61 62 ;

  INPUT ---    group=1 N    rows=1 cols=1 Square ;
  INPUT ---        3 ;

  INPUT ---    group=2 N    rows=1 cols=1 Square ;
  INPUT ---        4 ;

  INPUT ---    design matrix constraints=62 covariates=5;
  INPUT ---        1 0 0 0 0;
  INPUT ---        0 1 0 0 0;
  INPUT ---        0 0 0 1 0;
  INPUT ---        0 0 0 1 1;
  INPUT ---        0 0 1 0 0;
  INPUT ---        0 0 1 0 0;
  INPUT ---        0 0 1 0 0;
  INPUT ---        0 0 1 0 0;
  INPUT ---        0 0 1 0 0;
  INPUT ---        0 0 1 0 0;

  Program  MARK  - Survival Rate Estimation with Capture-Recapture Data
   gfortran(dble) Vers. 9.0 Mar 2018    25-Mar-2020 14:32:15    Page  003
 - - - - - - - - - - - - - - - - - - - - - - - - - - - - - - - - - - - - - -
 
  INPUT ---        0 0 1 0 0;
  INPUT ---        0 0 1 0 0;
  INPUT ---        0 0 1 0 0;
  INPUT ---        0 0 1 0 0;
  INPUT ---        0 0 1 0 0;
  INPUT ---        0 0 1 0 0;
  INPUT ---        0 0 1 0 0;
  INPUT ---        0 0 1 0 0;
  INPUT ---        0 0 1 0 0;
  INPUT ---        0 0 1 0 0;
  INPUT ---        0 0 1 0 0;
  INPUT ---        0 0 1 0 0;
  INPUT ---        0 0 1 0 0;
  INPUT ---        0 0 1 0 0;
  INPUT ---        0 0 1 0 0;
  INPUT ---        0 0 1 0 0;
  INPUT ---        0 0 1 0 0;
  INPUT ---        0 0 1 0 0;
  INPUT ---        0 0 1 0 0;
  INPUT ---        0 0 1 0 0;
  INPUT ---        0 0 1 0 0;
  INPUT ---        0 0 1 0 0;
  INPUT ---        0 0 1 0 0;
  INPUT ---        0 0 1 0 0;
  INPUT ---        0 0 1 0 0;
  INPUT ---        0 0 1 0 0;
  INPUT ---        0 0 1 0 0;
  INPUT ---        0 0 1 0 0;
  INPUT ---        0 0 1 0 0;
  INPUT ---        0 0 1 0 0;
  INPUT ---        0 0 1 0 0;
  INPUT ---        0 0 1 0 0;
  INPUT ---        0 0 1 0 0;
  INPUT ---        0 0 1 0 0;
  INPUT ---        0 0 1 0 0;
  INPUT ---        0 0 1 0 0;
  INPUT ---        0 0 1 0 0;
  INPUT ---        0 0 1 0 0;
  INPUT ---        0 0 1 0 0;
  INPUT ---        0 0 1 0 0;
  INPUT ---        0 0 1 0 0;
  INPUT ---        0 0 1 0 0;
  INPUT ---        0 0 1 0 0;
  INPUT ---        0 0 1 0 0;
  INPUT ---        0 0 1 0 0;
  INPUT ---        0 0 1 0 0;

  Program  MARK  - Survival Rate Estimation with Capture-Recapture Data
   gfortran(dble) Vers. 9.0 Mar 2018    25-Mar-2020 14:32:15    Page  004
 - - - - - - - - - - - - - - - - - - - - - - - - - - - - - - - - - - - - - -
 
  INPUT ---        0 0 1 0 0;
  INPUT ---        0 0 1 0 0;
  INPUT ---        0 0 1 0 0;
  INPUT ---        0 0 1 0 0;
  INPUT ---        0 0 1 0 0;
  INPUT ---        0 0 1 0 0;

  INPUT ---    links=62;

  INPUT ---    Logit;

  INPUT ---    Logit;

  INPUT ---    Log;

  INPUT ---    Log;

  INPUT ---    mlogit(1);

  INPUT ---    mlogit(1);

  INPUT ---    mlogit(1);

  INPUT ---    mlogit(1);

  INPUT ---    mlogit(1);

  INPUT ---    mlogit(1);

  INPUT ---    mlogit(1);

  INPUT ---    mlogit(1);

  INPUT ---    mlogit(1);

  INPUT ---    mlogit(1);

  INPUT ---    mlogit(1);

  INPUT ---    mlogit(1);

  INPUT ---    mlogit(1);

  INPUT ---    mlogit(1);

  INPUT ---    mlogit(1);

  Program  MARK  - Survival Rate Estimation with Capture-Recapture Data
   gfortran(dble) Vers. 9.0 Mar 2018    25-Mar-2020 14:32:15    Page  005
 - - - - - - - - - - - - - - - - - - - - - - - - - - - - - - - - - - - - - -
 

  INPUT ---    mlogit(1);

  INPUT ---    mlogit(1);

  INPUT ---    mlogit(1);

  INPUT ---    mlogit(1);

  INPUT ---    mlogit(1);

  INPUT ---    mlogit(1);

  INPUT ---    mlogit(1);

  INPUT ---    mlogit(1);

  INPUT ---    mlogit(1);

  INPUT ---    mlogit(1);

  INPUT ---    mlogit(1);

  INPUT ---    mlogit(1);

  INPUT ---    mlogit(1);

  INPUT ---    mlogit(1);

  INPUT ---    mlogit(2);

  INPUT ---    mlogit(2);

  INPUT ---    mlogit(2);

  INPUT ---    mlogit(2);

  INPUT ---    mlogit(2);

  INPUT ---    mlogit(2);

  INPUT ---    mlogit(2);

  INPUT ---    mlogit(2);

  INPUT ---    mlogit(2);

  Program  MARK  - Survival Rate Estimation with Capture-Recapture Data
   gfortran(dble) Vers. 9.0 Mar 2018    25-Mar-2020 14:32:15    Page  006
 - - - - - - - - - - - - - - - - - - - - - - - - - - - - - - - - - - - - - -
 

  INPUT ---    mlogit(2);

  INPUT ---    mlogit(2);

  INPUT ---    mlogit(2);

  INPUT ---    mlogit(2);

  INPUT ---    mlogit(2);

  INPUT ---    mlogit(2);

  INPUT ---    mlogit(2);

  INPUT ---    mlogit(2);

  INPUT ---    mlogit(2);

  INPUT ---    mlogit(2);

  INPUT ---    mlogit(2);

  INPUT ---    mlogit(2);

  INPUT ---    mlogit(2);

  INPUT ---    mlogit(2);

  INPUT ---    mlogit(2);

  INPUT ---    mlogit(2);

  INPUT ---    mlogit(2);

  INPUT ---    mlogit(2);

  INPUT ---    mlogit(2);

  INPUT ---    mlogit(2);
  INPUT ---       blabel(1)=Phi:(Intercept);
  INPUT ---       blabel(2)=p:(Intercept);
  INPUT ---       blabel(3)=pent:(Intercept);
  INPUT ---       blabel(4)=N:(Intercept);
  INPUT ---       blabel(5)=N:sexM;
  INPUT ---       rlabel(1)=Phi gF a0 t1;

  Program  MARK  - Survival Rate Estimation with Capture-Recapture Data
   gfortran(dble) Vers. 9.0 Mar 2018    25-Mar-2020 14:32:15    Page  007
 - - - - - - - - - - - - - - - - - - - - - - - - - - - - - - - - - - - - - -
 
  INPUT ---       rlabel(2)=p gF a0 t1;
  INPUT ---       rlabel(3)=N gF a0 t1;
  INPUT ---       rlabel(4)=N gM a0 t1;
  INPUT ---       rlabel(5)=pent gF a0.00547945205479452 t1.00547945205479;
  INPUT ---       rlabel(6)=pent gF a0.00821917808219178 t1.00821917808219;
  INPUT ---       rlabel(7)=pent gF a0.010958904109589 t1.01095890410959;
  INPUT ---       rlabel(8)=pent gF a0.0164383561643836 t1.01643835616438;
  INPUT ---       rlabel(9)=pent gF a0.0246575342465753 t1.02465753424658;
  INPUT ---       rlabel(10)=pent gF a0.0273972602739726 t1.02739726027397;
  INPUT ---       rlabel(11)=pent gF a0.0301369863013699 t1.03013698630137;
  INPUT ---       rlabel(12)=pent gF a0.0356164383561644 t1.03561643835616;
  INPUT ---       rlabel(13)=pent gF a0.0410958904109589 t1.04109589041096;
  INPUT ---       rlabel(14)=pent gF a0.0493150684931507 t1.04931506849315;
  INPUT ---       rlabel(15)=pent gF a0.0520547945205479 t1.05205479452055;
  INPUT ---       rlabel(16)=pent gF a0.0657534246575342 t1.06575342465753;
  INPUT ---       rlabel(17)=pent gF a0.0712328767123288 t1.07123287671233;
  INPUT ---       rlabel(18)=pent gF a0.0986301369863014 t1.0986301369863;
  INPUT ---       rlabel(19)=pent gF a0.101369863013699 t1.1013698630137;
  INPUT ---       rlabel(20)=pent gF a0.106849315068493 t1.10684931506849;
  INPUT ---       rlabel(21)=pent gF a0.10958904109589 t1.10958904109589;
  INPUT ---       rlabel(22)=pent gF a0.120547945205479 t1.12054794520548;
  INPUT ---       rlabel(23)=pent gF a0.350684931506849 t1.35068493150685;
  INPUT ---       rlabel(24)=pent gF a0.358904109589041 t1.35890410958904;
  INPUT ---       rlabel(25)=pent gF a0.613698630136986 t1.61369863013699;
  INPUT ---       rlabel(26)=pent gF a0.638356164383562 t1.63835616438356;
  INPUT ---       rlabel(27)=pent gF a0.646575342465753 t1.64657534246575;
  INPUT ---       rlabel(28)=pent gF a0.649315068493151 t1.64931506849315;
  INPUT ---       rlabel(29)=pent gF a0.652054794520548 t1.65205479452055;
  INPUT ---       rlabel(30)=pent gF a0.704109589041096 t1.7041095890411;
  INPUT ---       rlabel(31)=pent gF a0.706849315068493 t1.70684931506849;
  INPUT ---       rlabel(32)=pent gF a0.70958904109589 t1.70958904109589;
  INPUT ---       rlabel(33)=pent gF a0.827397260273973 t1.82739726027397;
  INPUT ---       rlabel(34)=pent gM a0.00547945205479452 t1.00547945205479;
  INPUT ---       rlabel(35)=pent gM a0.00821917808219178 t1.00821917808219;
  INPUT ---       rlabel(36)=pent gM a0.010958904109589 t1.01095890410959;
  INPUT ---       rlabel(37)=pent gM a0.0164383561643836 t1.01643835616438;
  INPUT ---       rlabel(38)=pent gM a0.0246575342465753 t1.02465753424658;
  INPUT ---       rlabel(39)=pent gM a0.0273972602739726 t1.02739726027397;
  INPUT ---       rlabel(40)=pent gM a0.0301369863013699 t1.03013698630137;
  INPUT ---       rlabel(41)=pent gM a0.0356164383561644 t1.03561643835616;
  INPUT ---       rlabel(42)=pent gM a0.0410958904109589 t1.04109589041096;
  INPUT ---       rlabel(43)=pent gM a0.0493150684931507 t1.04931506849315;
  INPUT ---       rlabel(44)=pent gM a0.0520547945205479 t1.05205479452055;
  INPUT ---       rlabel(45)=pent gM a0.0657534246575342 t1.06575342465753;
  INPUT ---       rlabel(46)=pent gM a0.0712328767123288 t1.07123287671233;
  INPUT ---       rlabel(47)=pent gM a0.0986301369863014 t1.0986301369863;

  Program  MARK  - Survival Rate Estimation with Capture-Recapture Data
   gfortran(dble) Vers. 9.0 Mar 2018    25-Mar-2020 14:32:15    Page  008
 - - - - - - - - - - - - - - - - - - - - - - - - - - - - - - - - - - - - - -
 
  INPUT ---       rlabel(48)=pent gM a0.101369863013699 t1.1013698630137;
  INPUT ---       rlabel(49)=pent gM a0.106849315068493 t1.10684931506849;
  INPUT ---       rlabel(50)=pent gM a0.10958904109589 t1.10958904109589;
  INPUT ---       rlabel(51)=pent gM a0.120547945205479 t1.12054794520548;
  INPUT ---       rlabel(52)=pent gM a0.350684931506849 t1.35068493150685;
  INPUT ---       rlabel(53)=pent gM a0.358904109589041 t1.35890410958904;
  INPUT ---       rlabel(54)=pent gM a0.613698630136986 t1.61369863013699;
  INPUT ---       rlabel(55)=pent gM a0.638356164383562 t1.63835616438356;
  INPUT ---       rlabel(56)=pent gM a0.646575342465753 t1.64657534246575;
  INPUT ---       rlabel(57)=pent gM a0.649315068493151 t1.64931506849315;
  INPUT ---       rlabel(58)=pent gM a0.652054794520548 t1.65205479452055;
  INPUT ---       rlabel(59)=pent gM a0.704109589041096 t1.7041095890411;
  INPUT ---       rlabel(60)=pent gM a0.706849315068493 t1.70684931506849;
  INPUT ---       rlabel(61)=pent gM a0.70958904109589 t1.70958904109589;
  INPUT ---       rlabel(62)=pent gM a0.827397260273973 t1.82739726027397;

 Link Function Used is PARM-SPECIFIC

 Variance Estimation Procedure Used is 2ndPart 

 M(t+1):
      16     29



 Group: 1

 U(t)+UL(t):
       0    2    2    0    1    0    3    1    1    0    0    0    0    0    1
       0    0    0    2    1    1    0    0    0    1    0    0    0    0    0

 U(t):
       0    2    2    0    1    0    3    1    1    0    0    0    0    0    1
       0    0    0    2    1    1    0    0    0    1    0    0    0    0    0

 UL(t):
       0    0    0    0    0    0    0    0    0    0    0    0    0    0    0
       0    0    0    0    0    0    0    0    0    0    0    0    0    0    0

 Not Released(t):
       0    0    0    0    0    0    0    0    0    0    0    0    0    0    0
       0    0    0    0    0    0    0    0    0    0    0    0    0    0    0

 Group: 2

 U(t)+UL(t):
       3    0    1    1    1    1    1    0    1    1    2    1    3    3    1
       1    0    2    3    1    0    0    1    0    0    0    0    0    0    1

 U(t):
       3    0    1    1    1    1    1    0    1    1    2    1    3    3    1
       1    0    2    3    1    0    0    1    0    0    0    0    0    0    1

 UL(t):
       0    0    0    0    0    0    0    0    0    0    0    0    0    0    0
       0    0    0    0    0    0    0    0    0    0    0    0    0    0    0

 Not Released(t):
       0    0    0    0    0    0    0    0    0    0    0    0    0    0    0
       0    0    0    0    0    0    0    0    0    0    0    0    0    0    0
 -2logL(saturated) = 272.93564     
 Effective Sample Size = 98

 Number of function evaluations was 22 for 5 parameters.
 Time for numerical optimization was 0.06 seconds.     
 -2logL { Phi(~1)p(~1)pent(~1)N(~sex) } = 515.99366     
 Penalty { Phi(~1)p(~1)pent(~1)N(~sex) } = 0.0000000     
 Gradient { Phi(~1)p(~1)pent(~1)N(~sex) }:
  0.1198905E-04 -0.8703814E-05  0.2892408E-05 -0.3102443E-05  0.4631958E-05
 Maximum ABS(G) { Phi(~1)p(~1)pent(~1)N(~sex) } = 0.1198905E-04 
 S Vector { Phi(~1)p(~1)pent(~1)N(~sex) }:
   79.25571      9.693391      2.050352      1.331477     0.4371357    
 Time to compute number of parameters was 0.01 seconds.     
 Ratio Threshold = 50.000000       Max Gap (1/2) = 8.1762623       Next Max Gap (1/2) = 8.1762623     
 Gap Method for Num. of Estimated Parameters { Phi(~1)p(~1)pent(~1)N(~sex) } = 5          
 Threshold { Phi(~1)p(~1)pent(~1)N(~sex) } = 0.2397809E-04                 
 Numerical Threshold Method for Num. of Estimated Parameters { Phi(~1)p(~1)pent(~1)N(~sex) } = 5          
 Number of Estimated Parameters { Phi(~1)p(~1)pent(~1)N(~sex) } = 5          
 DEVIANCE { Phi(~1)p(~1)pent(~1)N(~sex) } = 243.05802                     
 DEVIANCE Degrees of Freedom { Phi(~1)p(~1)pent(~1)N(~sex) } = 36            
 c-hat { Phi(~1)p(~1)pent(~1)N(~sex) } = 6.7516116                     
 AIC { Phi(~1)p(~1)pent(~1)N(~sex) } = 525.99366                  
 AICc { Phi(~1)p(~1)pent(~1)N(~sex) } = 526.64584                    
 BIC { Phi(~1)p(~1)pent(~1)N(~sex) } = 538.91850                    
 Pearson Chisquare { Phi(~1)p(~1)pent(~1)N(~sex) } = 243634.49                  
 Possible Encounter Histories { Phi(~1)p(~1)pent(~1)N(~sex) } = 2147483646             
 Pearson Chisquare df { Phi(~1)p(~1)pent(~1)N(~sex) } = 2147483639        
 Pearson chat { Phi(~1)p(~1)pent(~1)N(~sex) } = 0.1134511E-03              
 Sum(Observed/Expected) { Phi(~1)p(~1)pent(~1)N(~sex) } = 243420.48                  
 Fletcher chat { Phi(~1)p(~1)pent(~1)N(~sex) } = 1.0008792                  


               PARM-SPECIFIC Link Function Parameters of { Phi(~1)p(~1)pent(~1)N(~sex) }
                                                              95% Confidence Interval
 Parameter                    Beta         Standard Error      Lower           Upper
 -------------------------  --------------  --------------  --------------  --------------
    1:Phi:(Intercept)        0.2727275       0.9556971      -1.6004390       2.1458939    
    2:p:(Intercept)         -2.5062305       0.1851443      -2.8691133      -2.1433478    
    3:pent:(Intercept)      -4.2754625       1.2678530      -6.7604544      -1.7904707    
    4:N:(Intercept)          1.4591572       0.7611962      -0.0327873       2.9511017    

  Program  MARK  - Survival Rate Estimation with Capture-Recapture Data
   gfortran(dble) Vers. 9.0 Mar 2018    25-Mar-2020 14:32:15    Page  009
 - - - - - - - - - - - - - - - - - - - - - - - - - - - - - - - - - - - - - -
 
    5:N:sexM                 0.6471208       0.7125025      -0.7493841       2.0436258    


               Real Function Parameters of { Phi(~1)p(~1)pent(~1)N(~sex) }
                                                               95% Confidence Interval
  Parameter                  Estimate       Standard Error      Lower           Upper
 --------------------------  --------------  --------------  --------------  --------------
     1:Phi gF a0 t1           0.5677624       0.2345360       0.1679203       0.8952845                          
     2:p gF a0 t1             0.0754226       0.0129108       0.0537017       0.1049545                          
     3:N gF a0 t1             20.302332       3.2749185       17.143483       32.187434                          
     4:N gM a0 t1             37.217598       5.0935342       31.687753       54.124681                          
     5:pent gF a0.005479452   0.0099095       0.0089533       0.0016706       0.0564810                          
     6:pent gF a0.008219178   0.0099095       0.0089533       0.0016706       0.0564810                          
     7:pent gF a0.010958904   0.0099095       0.0089533       0.0016706       0.0564810                          
     8:pent gF a0.016438356   0.0099095       0.0089533       0.0016706       0.0564810                          
     9:pent gF a0.024657534   0.0099095       0.0089533       0.0016706       0.0564810                          
    10:pent gF a0.027397260   0.0099095       0.0089533       0.0016706       0.0564810                          
    11:pent gF a0.030136986   0.0099095       0.0089533       0.0016706       0.0564810                          
    12:pent gF a0.035616438   0.0099095       0.0089533       0.0016706       0.0564810                          
    13:pent gF a0.041095890   0.0099095       0.0089533       0.0016706       0.0564810                          
    14:pent gF a0.049315068   0.0099095       0.0089533       0.0016706       0.0564810                          
    15:pent gF a0.052054794   0.0099095       0.0089533       0.0016706       0.0564810                          
    16:pent gF a0.065753424   0.0099095       0.0089533       0.0016706       0.0564810                          
    17:pent gF a0.071232876   0.0099095       0.0089533       0.0016706       0.0564810                          
    18:pent gF a0.098630136   0.0099095       0.0089533       0.0016706       0.0564810                          
    19:pent gF a0.101369863   0.0099095       0.0089533       0.0016706       0.0564810                          
    20:pent gF a0.106849315   0.0099095       0.0089533       0.0016706       0.0564810                          
    21:pent gF a0.109589041   0.0099095       0.0089533       0.0016706       0.0564810                          
    22:pent gF a0.120547945   0.0099095       0.0089533       0.0016706       0.0564810                          
    23:pent gF a0.350684931   0.0099095       0.0089533       0.0016706       0.0564810                          
    24:pent gF a0.358904109   0.0099095       0.0089533       0.0016706       0.0564810                          
    25:pent gF a0.613698630   0.0099095       0.0089533       0.0016706       0.0564810                          
    26:pent gF a0.638356164   0.0099095       0.0089533       0.0016706       0.0564810                          
    27:pent gF a0.646575342   0.0099095       0.0089533       0.0016706       0.0564810                          
    28:pent gF a0.649315068   0.0099095       0.0089533       0.0016706       0.0564810                          
    29:pent gF a0.652054794   0.0099095       0.0089533       0.0016706       0.0564810                          
    30:pent gF a0.704109589   0.0099095       0.0089533       0.0016706       0.0564810                          
    31:pent gF a0.706849315   0.0099095       0.0089533       0.0016706       0.0564810                          
    32:pent gF a0.709589041   0.0099095       0.0089533       0.0016706       0.0564810                          
    33:pent gF a0.827397260   0.0099095       0.0089533       0.0016706       0.0564810                          
    34:pent gM a0.005479452   0.0099095       0.0089533       0.0016706       0.0564810                          
    35:pent gM a0.008219178   0.0099095       0.0089533       0.0016706       0.0564810                          
    36:pent gM a0.010958904   0.0099095       0.0089533       0.0016706       0.0564810                          
    37:pent gM a0.016438356   0.0099095       0.0089533       0.0016706       0.0564810                          
    38:pent gM a0.024657534   0.0099095       0.0089533       0.0016706       0.0564810                          
    39:pent gM a0.027397260   0.0099095       0.0089533       0.0016706       0.0564810                          

  Program  MARK  - Survival Rate Estimation with Capture-Recapture Data
   gfortran(dble) Vers. 9.0 Mar 2018    25-Mar-2020 14:32:15    Page  010
 - - - - - - - - - - - - - - - - - - - - - - - - - - - - - - - - - - - - - -
 
    40:pent gM a0.030136986   0.0099095       0.0089533       0.0016706       0.0564810                          
    41:pent gM a0.035616438   0.0099095       0.0089533       0.0016706       0.0564810                          
    42:pent gM a0.041095890   0.0099095       0.0089533       0.0016706       0.0564810                          
    43:pent gM a0.049315068   0.0099095       0.0089533       0.0016706       0.0564810                          
    44:pent gM a0.052054794   0.0099095       0.0089533       0.0016706       0.0564810                          
    45:pent gM a0.065753424   0.0099095       0.0089533       0.0016706       0.0564810                          
    46:pent gM a0.071232876   0.0099095       0.0089533       0.0016706       0.0564810                          
    47:pent gM a0.098630136   0.0099095       0.0089533       0.0016706       0.0564810                          
    48:pent gM a0.101369863   0.0099095       0.0089533       0.0016706       0.0564810                          
    49:pent gM a0.106849315   0.0099095       0.0089533       0.0016706       0.0564810                          
    50:pent gM a0.109589041   0.0099095       0.0089533       0.0016706       0.0564810                          
    51:pent gM a0.120547945   0.0099095       0.0089533       0.0016706       0.0564810                          
    52:pent gM a0.350684931   0.0099095       0.0089533       0.0016706       0.0564810                          
    53:pent gM a0.358904109   0.0099095       0.0089533       0.0016706       0.0564810                          
    54:pent gM a0.613698630   0.0099095       0.0089533       0.0016706       0.0564810                          
    55:pent gM a0.638356164   0.0099095       0.0089533       0.0016706       0.0564810                          
    56:pent gM a0.646575342   0.0099095       0.0089533       0.0016706       0.0564810                          
    57:pent gM a0.649315068   0.0099095       0.0089533       0.0016706       0.0564810                          
    58:pent gM a0.652054794   0.0099095       0.0089533       0.0016706       0.0564810                          
    59:pent gM a0.704109589   0.0099095       0.0089533       0.0016706       0.0564810                          
    60:pent gM a0.706849315   0.0099095       0.0089533       0.0016706       0.0564810                          
    61:pent gM a0.709589041   0.0099095       0.0089533       0.0016706       0.0564810                          
    62:pent gM a0.827397260   0.0099095       0.0089533       0.0016706       0.0564810                          


                      Estimates of Derived Parameters
   Gross Birth+Immigration Estimates of { Phi(~1)p(~1)pent(~1)N(~sex) }
                                                95% Confidence Interval
 Grp. Occ.   B*-hat          Standard Error      Lower           Upper
 ---- ----   --------------  --------------  --------------  --------------
   1     1    0.2014979       0.2022145       0.0392437       1.0345969    
   1     2    0.2013417       0.2019917       0.0392284       1.0333964    
   1     3    0.2013417       0.2019917       0.0392284       1.0333964    
   1     4    0.2014979       0.2022145       0.0392437       1.0345969    
   1     5    0.2016541       0.2024376       0.0392590       1.0357985    
   1     6    0.2013417       0.2019917       0.0392284       1.0333964    
   1     7    0.2013417       0.2019917       0.0392284       1.0333964    
   1     8    0.2014979       0.2022145       0.0392437       1.0345969    
   1     9    0.2014979       0.2022145       0.0392437       1.0345969    
   1    10    0.2016541       0.2024376       0.0392590       1.0357985    
   1    11    0.2013417       0.2019917       0.0392284       1.0333964    
   1    12    0.2019667       0.2028842       0.0392895       1.0382051    
   1    13    0.2014979       0.2022145       0.0392437       1.0345969    
   1    14    0.2027498       0.2040042       0.0393659       1.0442416    
   1    15    0.2013417       0.2019917       0.0392284       1.0333964    

  Program  MARK  - Survival Rate Estimation with Capture-Recapture Data
   gfortran(dble) Vers. 9.0 Mar 2018    25-Mar-2020 14:32:15    Page  011
 - - - - - - - - - - - - - - - - - - - - - - - - - - - - - - - - - - - - - -
 
   1    16    0.2014979       0.2022145       0.0392437       1.0345969    
   1    17    0.2013417       0.2019917       0.0392284       1.0333964    
   1    18    0.2018104       0.2026608       0.0392742       1.0370012    
   1    19    0.2145743       0.2211392       0.0404971       1.1369248    
   1    20    0.2016541       0.2024376       0.0392590       1.0357985    
   1    21    0.2160425       0.2232945       0.0406350       1.1486245    
   1    22    0.2025930       0.2037798       0.0393506       1.0430320    
   1    23    0.2016541       0.2024376       0.0392590       1.0357985    
   1    24    0.2013417       0.2019917       0.0392284       1.0333964    
   1    25    0.2013417       0.2019917       0.0392284       1.0333964    
   1    26    0.2041643       0.2060322       0.0395033       1.0551794    
   1    27    0.2013417       0.2019917       0.0392284       1.0333964    
   1    28    0.2013417       0.2019917       0.0392284       1.0333964    
   1    29    0.2079684       0.2115161       0.0398699       1.0847994    
   2     1    0.3693796       0.3689698       0.0723362       1.8862114    
   2     2    0.3690934       0.3685622       0.0723082       1.8840180    
   2     3    0.3690934       0.3685622       0.0723082       1.8840180    
   2     4    0.3693796       0.3689698       0.0723362       1.8862114    
   2     5    0.3696659       0.3693777       0.0723641       1.8884068    
   2     6    0.3690934       0.3685622       0.0723082       1.8840180    
   2     7    0.3690934       0.3685622       0.0723082       1.8840180    
   2     8    0.3693796       0.3689698       0.0723362       1.8862114    
   2     9    0.3693796       0.3689698       0.0723362       1.8862114    
   2    10    0.3696659       0.3693777       0.0723641       1.8884068    
   2    11    0.3690934       0.3685622       0.0723082       1.8840180    
   2    12    0.3702391       0.3701946       0.0724201       1.8928041    
   2    13    0.3693796       0.3689698       0.0723362       1.8862114    
   2    14    0.3716745       0.3722430       0.0725599       1.9038338    
   2    15    0.3690934       0.3685622       0.0723082       1.8840180    
   2    16    0.3693796       0.3689698       0.0723362       1.8862114    
   2    17    0.3690934       0.3685622       0.0723082       1.8840180    
   2    18    0.3699524       0.3697860       0.0723921       1.8906044    
   2    19    0.3933509       0.4035838       0.0746312       2.0731939    
   2    20    0.3696659       0.3693777       0.0723641       1.8884068    
   2    21    0.3960424       0.4075262       0.0748838       2.0945744    
   2    22    0.3713871       0.3718326       0.0725319       1.9016237    
   2    23    0.3696659       0.3693777       0.0723641       1.8884068    
   2    24    0.3690934       0.3685622       0.0723082       1.8840180    
   2    25    0.3690934       0.3685622       0.0723082       1.8840180    
   2    26    0.3742676       0.3759522       0.0728115       1.9238191    
   2    27    0.3690934       0.3685622       0.0723082       1.8840180    
   2    28    0.3690934       0.3685622       0.0723082       1.8840180    
   2    29    0.3812411       0.3859823       0.0734828       1.9779421    

    Net Birth+Immigration Estimates of { Phi(~1)p(~1)pent(~1)N(~sex) }
                                                95% Confidence Interval
 Grp. Occ.   B-hat           Standard Error      Lower           Upper
 ---- ----   --------------  --------------  --------------  --------------
   1     1    0.2011857       0.2017690       0.0392131       1.0321971    
   1     2    0.2011857       0.2017690       0.0392131       1.0321971    
   1     3    0.2011857       0.2017690       0.0392131       1.0321971    
   1     4    0.2011857       0.2017690       0.0392131       1.0321971    
   1     5    0.2011857       0.2017690       0.0392131       1.0321971    
   1     6    0.2011857       0.2017690       0.0392131       1.0321971    
   1     7    0.2011857       0.2017690       0.0392131       1.0321971    
   1     8    0.2011857       0.2017690       0.0392131       1.0321971    
   1     9    0.2011857       0.2017690       0.0392131       1.0321971    
   1    10    0.2011857       0.2017690       0.0392131       1.0321971    
   1    11    0.2011857       0.2017690       0.0392131       1.0321971    
   1    12    0.2011857       0.2017690       0.0392131       1.0321971    
   1    13    0.2011857       0.2017690       0.0392131       1.0321971    
   1    14    0.2011857       0.2017690       0.0392131       1.0321971    
   1    15    0.2011857       0.2017690       0.0392131       1.0321971    
   1    16    0.2011857       0.2017690       0.0392131       1.0321971    
   1    17    0.2011857       0.2017690       0.0392131       1.0321971    
   1    18    0.2011857       0.2017690       0.0392131       1.0321971    
   1    19    0.2011857       0.2017690       0.0392131       1.0321971    
   1    20    0.2011857       0.2017690       0.0392131       1.0321971    
   1    21    0.2011857       0.2017690       0.0392131       1.0321971    
   1    22    0.2011857       0.2017690       0.0392131       1.0321971    
   1    23    0.2011857       0.2017690       0.0392131       1.0321971    
   1    24    0.2011857       0.2017690       0.0392131       1.0321971    
   1    25    0.2011857       0.2017690       0.0392131       1.0321971    
   1    26    0.2011857       0.2017690       0.0392131       1.0321971    
   1    27    0.2011857       0.2017690       0.0392131       1.0321971    
   1    28    0.2011857       0.2017690       0.0392131       1.0321971    
   1    29    0.2011857       0.2017690       0.0392131       1.0321971    
   2     1    0.3688073       0.3681550       0.0722802       1.8818267    
   2     2    0.3688073       0.3681550       0.0722802       1.8818267    
   2     3    0.3688073       0.3681550       0.0722802       1.8818267    
   2     4    0.3688073       0.3681550       0.0722802       1.8818267    
   2     5    0.3688073       0.3681550       0.0722802       1.8818267    
   2     6    0.3688073       0.3681550       0.0722802       1.8818267    
   2     7    0.3688073       0.3681550       0.0722802       1.8818267    
   2     8    0.3688073       0.3681550       0.0722802       1.8818267    
   2     9    0.3688073       0.3681550       0.0722802       1.8818267    
   2    10    0.3688073       0.3681550       0.0722802       1.8818267    
   2    11    0.3688073       0.3681550       0.0722802       1.8818267    
   2    12    0.3688073       0.3681550       0.0722802       1.8818267    
   2    13    0.3688073       0.3681550       0.0722802       1.8818267    
   2    14    0.3688073       0.3681550       0.0722802       1.8818267    
   2    15    0.3688073       0.3681550       0.0722802       1.8818267    
   2    16    0.3688073       0.3681550       0.0722802       1.8818267    
   2    17    0.3688073       0.3681550       0.0722802       1.8818267    
   2    18    0.3688073       0.3681550       0.0722802       1.8818267    
   2    19    0.3688073       0.3681550       0.0722802       1.8818267    
   2    20    0.3688073       0.3681550       0.0722802       1.8818267    
   2    21    0.3688073       0.3681550       0.0722802       1.8818267    
   2    22    0.3688073       0.3681550       0.0722802       1.8818267    
   2    23    0.3688073       0.3681550       0.0722802       1.8818267    
   2    24    0.3688073       0.3681550       0.0722802       1.8818267    
   2    25    0.3688073       0.3681550       0.0722802       1.8818267    
   2    26    0.3688073       0.3681550       0.0722802       1.8818267    
   2    27    0.3688073       0.3681550       0.0722802       1.8818267    
   2    28    0.3688073       0.3681550       0.0722802       1.8818267    
   2    29    0.3688073       0.3681550       0.0722802       1.8818267    

         Population Estimates of { Phi(~1)p(~1)pent(~1)N(~sex) }
                                                95% Confidence Interval
 Grp. Occ.   N-hat           Standard Error      Lower           Upper
 ---- ----   --------------  --------------  --------------  --------------
   1     1    14.467946       4.4085537       8.0680132       25.944612    
   1     2    14.624327       4.2432600       8.3766107       25.531919    
   1     3    14.802851       4.0804751       8.7093574       25.159650    

  Program  MARK  - Survival Rate Estimation with Capture-Recapture Data
   gfortran(dble) Vers. 9.0 Mar 2018    25-Mar-2020 14:32:15    Page  012
 - - - - - - - - - - - - - - - - - - - - - - - - - - - - - - - - - - - - - -
 
   1     4    14.981097       3.9212721       9.0452386       24.812312    
   1     5    15.135889       3.7673223       9.3608576       24.473733    
   1     6    15.266819       3.6193564       9.6538358       24.143331    
   1     7    15.444346       3.4728800       9.9934808       23.868344    
   1     8    15.621599       3.3318523       10.332110       23.619025    
   1     9    15.774407       3.1987845       10.643306       23.379194    
   1    10    15.926742       3.0723228       10.950193       23.164990    
   1    11    16.054001       2.9552122       11.225229       22.959971    
   1    12    16.230309       2.8418414       11.545345       22.816376    
   1    13    16.306129       2.7458160       11.749349       22.630177    
   1    14    16.456817       2.6524039       12.023496       22.524798    
   1    15    16.404755       2.5878266       12.064678       22.306105    
   1    16    16.580519       2.5107720       12.343236       22.272410    
   1    17    16.730357       2.4487566       12.576956       22.255374    
   1    18    16.905617       2.3980779       12.819938       22.293391    
   1    19    17.002257       2.3657139       12.960881       22.303787    
   1    20    15.126766       2.7357232       10.642355       21.500789    
   1    21    15.257738       2.6932199       10.824019       21.507589    
   1    22    13.409675       3.3329924       8.2986928       21.668398    
   1    23    13.424996       3.3273419       8.3191522       21.664529    
   1    24    13.563867       3.2859732       8.4937866       21.660361    
   1    25    13.744034       3.2403948       8.7123015       21.681809    
   1    26    13.923921       3.2061966       8.9182950       21.739086    
   1    27    13.720814       3.3073094       8.6117177       21.860997    
   1    28    13.900738       3.2885013       8.7983314       21.962176    
   1    29    14.080382       3.2811981       8.9715823       22.098350    
   1    30    13.373232       3.5413307       8.0285292       22.275978    
   2     1    26.522186       7.7952976       15.086450       46.626368    
   2     2    26.808858       7.4723671       15.683550       45.826031    
   2     3    27.136122       7.1512980       16.329682       45.093903    
   2     4    27.462878       6.8349476       16.985190       44.403959    
   2     5    27.746637       6.5276661       17.605325       43.729716    
   2     6    27.986653       6.2309948       18.185368       43.070494    
   2     7    28.312092       5.9317736       18.860019       42.501257    
   2     8    28.637026       5.6401176       19.537614       41.974381    
   2     9    28.917149       5.3626062       20.166570       41.464735    
   2    10    29.196404       5.0949337       20.792171       40.997643    
   2    11    29.429691       4.8446497       21.359735       40.548569    
   2    12    29.752893       4.5941127       22.022526       40.196782    
   2    13    29.891885       4.3848421       22.457023       39.788210    
   2    14    30.168121       4.1706600       23.037023       39.506647    
   2    15    30.072682       4.0356232       23.144715       39.074415    
   2    16    30.394888       3.8478754       23.739293       38.916458    
   2    17    30.669567       3.6922536       24.243737       38.798570    
   2    18    30.990848       3.5558763       24.767624       38.777746    
   2    19    31.168004       3.4683509       25.077111       38.738293    

  Program  MARK  - Survival Rate Estimation with Capture-Recapture Data
   gfortran(dble) Vers. 9.0 Mar 2018    25-Mar-2020 14:32:15    Page  013
 - - - - - - - - - - - - - - - - - - - - - - - - - - - - - - - - - - - - - -
 
   2    20    27.729912       4.4590367       20.274183       37.927449    
   2    21    27.970006       4.3582896       20.646692       37.890876    
   2    22    24.582196       5.7670271       15.616810       38.694480    
   2    23    24.610281       5.7540813       15.658040       38.680827    
   2    24    24.864856       5.6643388       16.000068       38.641152    
   2    25    25.195132       5.5632995       16.428316       38.640275    
   2    26    25.524896       5.4838659       16.832336       38.706471    
   2    27    25.152566       5.6934311       16.229537       38.981493    
   2    28    25.482396       5.6446050       16.593598       39.132714    
   2    29    25.811716       5.6179882       16.931163       39.350199    
   2    30    24.515390       6.1648138       15.088930       39.830813    

      Gross Population Estimates of { Phi(~1)p(~1)pent(~1)N(~sex) }
                                                95% Confidence Interval
 Grp. Occ.   N*-hat          Standard Error      Lower           Upper
 ---- ----   --------------  --------------  --------------  --------------
   1     0    20.350179       3.3221535       14.808814       27.965087    
   2     0    37.305309       5.1896816       28.439478       48.935010    

   CPU Time for the last procedure was 0.11 seconds.     


  INPUT --- proc stop;

     CPU Time in minutes for this job was 0.00

     Time Start = 14:32:15.021   Time End = 14:32:15.412

     Wall Clock Time in minutes for this job was 0.01


          E X E C U T I O N   S U C C E S S F U L 
