
   Program  MARK  - Survival Rate Estimation with Capture-Recapture Data
   gfortran(dble) Vers. 9.0 Mar 2018    25-Mar-2020 14:22:39    Page  001
 - - - - - - - - - - - - - - - - - - - - - - - - - - - - - - - - - - - - - -
 
   This version was compiled by GCC version 7.2.0 using the options: 
     -cpp -iprefix C:/Program Files/mingw-w64/x86_64-7.2.0-posix-seh-rt_v5-rev1/
     mingw64/bin/../lib/gcc/x86_64-w64-mingw32/7.2.0/ -D_MT -D_REENTRANT
     -U_REENTRANT -D IEEE -D DBLEPRECISION -m64 -mtune=core2 -march=nocona -mthreads
     -O2 -fimplicit-none -fbounds-check -funroll-loops -ftree-vectorize
     -ffpe-summary=invalid,zero,overflow,underflow -fno-unsafe-math-optimizations
     -frounding-math -fsignaling-nans -fopenmp.

   This problem will use 15 of 16 possible threads.


  INPUT --- proc title ;

   CPU Time for the last procedure was 0.01 seconds.     


  INPUT --- proc chmatrix occasions= 33 groups= 2 etype= POPAN Nodes= 
  INPUT --- 101 ICMeans NoHist hist= 41  ;

  INPUT ---    time interval 0.00547945205479452 0.00273972602739726 
  INPUT ---    0.00273972602739726 0.00547945205479452  
  INPUT ---    0.00821917808219178 0.00273972602739726 0.00273972602739726 
  INPUT ---    0.00547945205479452  0.00547945205479452 
  INPUT ---    0.00821917808219178 0.00273972602739726 0.0136986301369863 
  INPUT ---    0.00547945205479452  0.0273972602739726 0.00273972602739726 
  INPUT ---    0.00547945205479452 0.00273972602739726 0.010958904109589  
  INPUT ---    0.23013698630137 0.00821917808219178 0.254794520547945 
  INPUT ---    0.0246575342465753 0.00821917808219178  0.00273972602739726 
  INPUT ---    0.00273972602739726 0.0520547945205479 0.00273972602739726 
  INPUT ---    0.00273972602739726  0.117808219178082 0.575342465753425 
  INPUT ---    0.00273972602739726 0.00273972602739726 ;

  INPUT ---    glabel(1)=sexF;

  INPUT ---    glabel(2)=sexM;

   * *  WARNING  * *   At least a pair of the encounter histories are duplicates. 

      Number of unique encounter histories read was 38.

      Number of individual covariates read was 0.
      Time interval lengths vary and/or not equal to 1.

      Data type number is 19
      Data type is POPAN                                                                                               

   CPU Time for the last procedure was 0.01 seconds.     

  Program  MARK  - Survival Rate Estimation with Capture-Recapture Data
   gfortran(dble) Vers. 9.0 Mar 2018    25-Mar-2020 14:22:39    Page  002
 - - - - - - - - - - - - - - - - - - - - - - - - - - - - - - - - - - - - - -
 


  INPUT --- proc estimate link=Parm-Specific NOLOOP varest=2ndPart    ;


  INPUT --- model={ Phi(~1)p(~sex)pent(~1)N(~sex) };

  INPUT ---    group=1 Phi    rows=1 cols=32 Square ;
  INPUT ---        1 1 1 1 1 1 1 1 1 1 1 1 1 1 1 1 1 1 1 1 1 1 1 1 1 1 1 1 1 
  INPUT ---       1 1 1 ;

  INPUT ---    group=2 Phi    rows=1 cols=32 Square ;
  INPUT ---        1 1 1 1 1 1 1 1 1 1 1 1 1 1 1 1 1 1 1 1 1 1 1 1 1 1 1 1 1 
  INPUT ---       1 1 1 ;

  INPUT ---    group=1 p    rows=1 cols=33 Square ;
  INPUT ---        2 2 2 2 2 2 2 2 2 2 2 2 2 2 2 2 2 2 2 2 2 2 2 2 2 2 2 2 2 
  INPUT ---       2 2 2 2 ;

  INPUT ---    group=2 p    rows=1 cols=33 Square ;
  INPUT ---        3 3 3 3 3 3 3 3 3 3 3 3 3 3 3 3 3 3 3 3 3 3 3 3 3 3 3 3 3 
  INPUT ---       3 3 3 3 ;

  INPUT ---    group=1 pent    rows=1 cols=32 Square ;
  INPUT ---        6 7 8 9 10 11 12 13 14 15 16 17 18 19 20 21 22 23 24 25 26 
  INPUT ---       27 28 29 30 31 32 33 34 35 36 37 ;

  INPUT ---    group=2 pent    rows=1 cols=32 Square ;
  INPUT ---        38 39 40 41 42 43 44 45 46 47 48 49 50 51 52 53 54 55 56 
  INPUT ---       57 58 59 60 61 62 63 64 65 66 67 68 69 ;

  INPUT ---    group=1 N    rows=1 cols=1 Square ;
  INPUT ---        4 ;

  INPUT ---    group=2 N    rows=1 cols=1 Square ;
  INPUT ---        5 ;

  INPUT ---    design matrix constraints=69 covariates=6;
  INPUT ---        1 0 0 0 0 0;
  INPUT ---        0 1 0 0 0 0;
  INPUT ---        0 1 1 0 0 0;
  INPUT ---        0 0 0 0 1 0;
  INPUT ---        0 0 0 0 1 1;
  INPUT ---        0 0 0 1 0 0;
  INPUT ---        0 0 0 1 0 0;
  INPUT ---        0 0 0 1 0 0;

  Program  MARK  - Survival Rate Estimation with Capture-Recapture Data
   gfortran(dble) Vers. 9.0 Mar 2018    25-Mar-2020 14:22:39    Page  003
 - - - - - - - - - - - - - - - - - - - - - - - - - - - - - - - - - - - - - -
 
  INPUT ---        0 0 0 1 0 0;
  INPUT ---        0 0 0 1 0 0;
  INPUT ---        0 0 0 1 0 0;
  INPUT ---        0 0 0 1 0 0;
  INPUT ---        0 0 0 1 0 0;
  INPUT ---        0 0 0 1 0 0;
  INPUT ---        0 0 0 1 0 0;
  INPUT ---        0 0 0 1 0 0;
  INPUT ---        0 0 0 1 0 0;
  INPUT ---        0 0 0 1 0 0;
  INPUT ---        0 0 0 1 0 0;
  INPUT ---        0 0 0 1 0 0;
  INPUT ---        0 0 0 1 0 0;
  INPUT ---        0 0 0 1 0 0;
  INPUT ---        0 0 0 1 0 0;
  INPUT ---        0 0 0 1 0 0;
  INPUT ---        0 0 0 1 0 0;
  INPUT ---        0 0 0 1 0 0;
  INPUT ---        0 0 0 1 0 0;
  INPUT ---        0 0 0 1 0 0;
  INPUT ---        0 0 0 1 0 0;
  INPUT ---        0 0 0 1 0 0;
  INPUT ---        0 0 0 1 0 0;
  INPUT ---        0 0 0 1 0 0;
  INPUT ---        0 0 0 1 0 0;
  INPUT ---        0 0 0 1 0 0;
  INPUT ---        0 0 0 1 0 0;
  INPUT ---        0 0 0 1 0 0;
  INPUT ---        0 0 0 1 0 0;
  INPUT ---        0 0 0 1 0 0;
  INPUT ---        0 0 0 1 0 0;
  INPUT ---        0 0 0 1 0 0;
  INPUT ---        0 0 0 1 0 0;
  INPUT ---        0 0 0 1 0 0;
  INPUT ---        0 0 0 1 0 0;
  INPUT ---        0 0 0 1 0 0;
  INPUT ---        0 0 0 1 0 0;
  INPUT ---        0 0 0 1 0 0;
  INPUT ---        0 0 0 1 0 0;
  INPUT ---        0 0 0 1 0 0;
  INPUT ---        0 0 0 1 0 0;
  INPUT ---        0 0 0 1 0 0;
  INPUT ---        0 0 0 1 0 0;
  INPUT ---        0 0 0 1 0 0;
  INPUT ---        0 0 0 1 0 0;
  INPUT ---        0 0 0 1 0 0;

  Program  MARK  - Survival Rate Estimation with Capture-Recapture Data
   gfortran(dble) Vers. 9.0 Mar 2018    25-Mar-2020 14:22:40    Page  004
 - - - - - - - - - - - - - - - - - - - - - - - - - - - - - - - - - - - - - -
 
  INPUT ---        0 0 0 1 0 0;
  INPUT ---        0 0 0 1 0 0;
  INPUT ---        0 0 0 1 0 0;
  INPUT ---        0 0 0 1 0 0;
  INPUT ---        0 0 0 1 0 0;
  INPUT ---        0 0 0 1 0 0;
  INPUT ---        0 0 0 1 0 0;
  INPUT ---        0 0 0 1 0 0;
  INPUT ---        0 0 0 1 0 0;
  INPUT ---        0 0 0 1 0 0;
  INPUT ---        0 0 0 1 0 0;
  INPUT ---        0 0 0 1 0 0;
  INPUT ---        0 0 0 1 0 0;
  INPUT ---        0 0 0 1 0 0;
  INPUT ---        0 0 0 1 0 0;

  INPUT ---    links=69;

  INPUT ---    Logit;

  INPUT ---    Logit;

  INPUT ---    Logit;

  INPUT ---    Log;

  INPUT ---    Log;

  INPUT ---    mlogit(1);

  INPUT ---    mlogit(1);

  INPUT ---    mlogit(1);

  INPUT ---    mlogit(1);

  INPUT ---    mlogit(1);

  INPUT ---    mlogit(1);

  INPUT ---    mlogit(1);

  INPUT ---    mlogit(1);

  INPUT ---    mlogit(1);


  Program  MARK  - Survival Rate Estimation with Capture-Recapture Data
   gfortran(dble) Vers. 9.0 Mar 2018    25-Mar-2020 14:22:40    Page  005
 - - - - - - - - - - - - - - - - - - - - - - - - - - - - - - - - - - - - - -
 
  INPUT ---    mlogit(1);

  INPUT ---    mlogit(1);

  INPUT ---    mlogit(1);

  INPUT ---    mlogit(1);

  INPUT ---    mlogit(1);

  INPUT ---    mlogit(1);

  INPUT ---    mlogit(1);

  INPUT ---    mlogit(1);

  INPUT ---    mlogit(1);

  INPUT ---    mlogit(1);

  INPUT ---    mlogit(1);

  INPUT ---    mlogit(1);

  INPUT ---    mlogit(1);

  INPUT ---    mlogit(1);

  INPUT ---    mlogit(1);

  INPUT ---    mlogit(1);

  INPUT ---    mlogit(1);

  INPUT ---    mlogit(1);

  INPUT ---    mlogit(1);

  INPUT ---    mlogit(1);

  INPUT ---    mlogit(1);

  INPUT ---    mlogit(1);

  INPUT ---    mlogit(1);


  Program  MARK  - Survival Rate Estimation with Capture-Recapture Data
   gfortran(dble) Vers. 9.0 Mar 2018    25-Mar-2020 14:22:40    Page  006
 - - - - - - - - - - - - - - - - - - - - - - - - - - - - - - - - - - - - - -
 
  INPUT ---    mlogit(2);

  INPUT ---    mlogit(2);

  INPUT ---    mlogit(2);

  INPUT ---    mlogit(2);

  INPUT ---    mlogit(2);

  INPUT ---    mlogit(2);

  INPUT ---    mlogit(2);

  INPUT ---    mlogit(2);

  INPUT ---    mlogit(2);

  INPUT ---    mlogit(2);

  INPUT ---    mlogit(2);

  INPUT ---    mlogit(2);

  INPUT ---    mlogit(2);

  INPUT ---    mlogit(2);

  INPUT ---    mlogit(2);

  INPUT ---    mlogit(2);

  INPUT ---    mlogit(2);

  INPUT ---    mlogit(2);

  INPUT ---    mlogit(2);

  INPUT ---    mlogit(2);

  INPUT ---    mlogit(2);

  INPUT ---    mlogit(2);

  INPUT ---    mlogit(2);


  Program  MARK  - Survival Rate Estimation with Capture-Recapture Data
   gfortran(dble) Vers. 9.0 Mar 2018    25-Mar-2020 14:22:40    Page  007
 - - - - - - - - - - - - - - - - - - - - - - - - - - - - - - - - - - - - - -
 
  INPUT ---    mlogit(2);

  INPUT ---    mlogit(2);

  INPUT ---    mlogit(2);

  INPUT ---    mlogit(2);

  INPUT ---    mlogit(2);

  INPUT ---    mlogit(2);

  INPUT ---    mlogit(2);

  INPUT ---    mlogit(2);

  INPUT ---    mlogit(2);
  INPUT ---       blabel(1)=Phi:(Intercept);
  INPUT ---       blabel(2)=p:(Intercept);
  INPUT ---       blabel(3)=p:sexM;
  INPUT ---       blabel(4)=pent:(Intercept);
  INPUT ---       blabel(5)=N:(Intercept);
  INPUT ---       blabel(6)=N:sexM;
  INPUT ---       rlabel(1)=Phi gF a0 t1;
  INPUT ---       rlabel(2)=p gF a0 t1;
  INPUT ---       rlabel(3)=p gM a0 t1;
  INPUT ---       rlabel(4)=N gF a0 t1;
  INPUT ---       rlabel(5)=N gM a0 t1;
  INPUT ---       rlabel(6)=pent gF a0.00547945205479452 t1.00547945205479;
  INPUT ---       rlabel(7)=pent gF a0.00821917808219178 t1.00821917808219;
  INPUT ---       rlabel(8)=pent gF a0.010958904109589 t1.01095890410959;
  INPUT ---       rlabel(9)=pent gF a0.0164383561643836 t1.01643835616438;
  INPUT ---       rlabel(10)=pent gF a0.0246575342465753 t1.02465753424658;
  INPUT ---       rlabel(11)=pent gF a0.0273972602739726 t1.02739726027397;
  INPUT ---       rlabel(12)=pent gF a0.0301369863013699 t1.03013698630137;
  INPUT ---       rlabel(13)=pent gF a0.0356164383561644 t1.03561643835616;
  INPUT ---       rlabel(14)=pent gF a0.0410958904109589 t1.04109589041096;
  INPUT ---       rlabel(15)=pent gF a0.0493150684931507 t1.04931506849315;
  INPUT ---       rlabel(16)=pent gF a0.0520547945205479 t1.05205479452055;
  INPUT ---       rlabel(17)=pent gF a0.0657534246575342 t1.06575342465753;
  INPUT ---       rlabel(18)=pent gF a0.0712328767123288 t1.07123287671233;
  INPUT ---       rlabel(19)=pent gF a0.0986301369863014 t1.0986301369863;
  INPUT ---       rlabel(20)=pent gF a0.101369863013699 t1.1013698630137;
  INPUT ---       rlabel(21)=pent gF a0.106849315068493 t1.10684931506849;
  INPUT ---       rlabel(22)=pent gF a0.10958904109589 t1.10958904109589;
  INPUT ---       rlabel(23)=pent gF a0.120547945205479 t1.12054794520548;

  Program  MARK  - Survival Rate Estimation with Capture-Recapture Data
   gfortran(dble) Vers. 9.0 Mar 2018    25-Mar-2020 14:22:40    Page  008
 - - - - - - - - - - - - - - - - - - - - - - - - - - - - - - - - - - - - - -
 
  INPUT ---       rlabel(24)=pent gF a0.350684931506849 t1.35068493150685;
  INPUT ---       rlabel(25)=pent gF a0.358904109589041 t1.35890410958904;
  INPUT ---       rlabel(26)=pent gF a0.613698630136986 t1.61369863013699;
  INPUT ---       rlabel(27)=pent gF a0.638356164383562 t1.63835616438356;
  INPUT ---       rlabel(28)=pent gF a0.646575342465753 t1.64657534246575;
  INPUT ---       rlabel(29)=pent gF a0.649315068493151 t1.64931506849315;
  INPUT ---       rlabel(30)=pent gF a0.652054794520548 t1.65205479452055;
  INPUT ---       rlabel(31)=pent gF a0.704109589041096 t1.7041095890411;
  INPUT ---       rlabel(32)=pent gF a0.706849315068493 t1.70684931506849;
  INPUT ---       rlabel(33)=pent gF a0.70958904109589 t1.70958904109589;
  INPUT ---       rlabel(34)=pent gF a0.827397260273973 t1.82739726027397;
  INPUT ---       rlabel(35)=pent gF a1.4027397260274 t2.4027397260274;
  INPUT ---       rlabel(36)=pent gF a1.40547945205479 t2.40547945205479;
  INPUT ---       rlabel(37)=pent gF a1.40821917808219 t2.40821917808219;
  INPUT ---       rlabel(38)=pent gM a0.00547945205479452 t1.00547945205479;
  INPUT ---       rlabel(39)=pent gM a0.00821917808219178 t1.00821917808219;
  INPUT ---       rlabel(40)=pent gM a0.010958904109589 t1.01095890410959;
  INPUT ---       rlabel(41)=pent gM a0.0164383561643836 t1.01643835616438;
  INPUT ---       rlabel(42)=pent gM a0.0246575342465753 t1.02465753424658;
  INPUT ---       rlabel(43)=pent gM a0.0273972602739726 t1.02739726027397;
  INPUT ---       rlabel(44)=pent gM a0.0301369863013699 t1.03013698630137;
  INPUT ---       rlabel(45)=pent gM a0.0356164383561644 t1.03561643835616;
  INPUT ---       rlabel(46)=pent gM a0.0410958904109589 t1.04109589041096;
  INPUT ---       rlabel(47)=pent gM a0.0493150684931507 t1.04931506849315;
  INPUT ---       rlabel(48)=pent gM a0.0520547945205479 t1.05205479452055;
  INPUT ---       rlabel(49)=pent gM a0.0657534246575342 t1.06575342465753;
  INPUT ---       rlabel(50)=pent gM a0.0712328767123288 t1.07123287671233;
  INPUT ---       rlabel(51)=pent gM a0.0986301369863014 t1.0986301369863;
  INPUT ---       rlabel(52)=pent gM a0.101369863013699 t1.1013698630137;
  INPUT ---       rlabel(53)=pent gM a0.106849315068493 t1.10684931506849;
  INPUT ---       rlabel(54)=pent gM a0.10958904109589 t1.10958904109589;
  INPUT ---       rlabel(55)=pent gM a0.120547945205479 t1.12054794520548;
  INPUT ---       rlabel(56)=pent gM a0.350684931506849 t1.35068493150685;
  INPUT ---       rlabel(57)=pent gM a0.358904109589041 t1.35890410958904;
  INPUT ---       rlabel(58)=pent gM a0.613698630136986 t1.61369863013699;
  INPUT ---       rlabel(59)=pent gM a0.638356164383562 t1.63835616438356;
  INPUT ---       rlabel(60)=pent gM a0.646575342465753 t1.64657534246575;
  INPUT ---       rlabel(61)=pent gM a0.649315068493151 t1.64931506849315;
  INPUT ---       rlabel(62)=pent gM a0.652054794520548 t1.65205479452055;
  INPUT ---       rlabel(63)=pent gM a0.704109589041096 t1.7041095890411;
  INPUT ---       rlabel(64)=pent gM a0.706849315068493 t1.70684931506849;
  INPUT ---       rlabel(65)=pent gM a0.70958904109589 t1.70958904109589;
  INPUT ---       rlabel(66)=pent gM a0.827397260273973 t1.82739726027397;
  INPUT ---       rlabel(67)=pent gM a1.4027397260274 t2.4027397260274;
  INPUT ---       rlabel(68)=pent gM a1.40547945205479 t2.40547945205479;
  INPUT ---       rlabel(69)=pent gM a1.40821917808219 t2.40821917808219;

  Program  MARK  - Survival Rate Estimation with Capture-Recapture Data
   gfortran(dble) Vers. 9.0 Mar 2018    25-Mar-2020 14:22:40    Page  009
 - - - - - - - - - - - - - - - - - - - - - - - - - - - - - - - - - - - - - -
 

 Link Function Used is PARM-SPECIFIC

 Variance Estimation Procedure Used is 2ndPart 

 M(t+1):
      16     29



 Group: 1

 U(t)+UL(t):
       0    2    2    0    1    0    3    1    1    0    0    0    0    0    1
       0    0    0    2    1    1    0    0    0    1    0    0    0    0    0
       0    0    0

 U(t):
       0    2    2    0    1    0    3    1    1    0    0    0    0    0    1
       0    0    0    2    1    1    0    0    0    1    0    0    0    0    0
       0    0    0

 UL(t):
       0    0    0    0    0    0    0    0    0    0    0    0    0    0    0
       0    0    0    0    0    0    0    0    0    0    0    0    0    0    0
       0    0    0

 Not Released(t):
       0    0    0    0    0    0    0    0    0    0    0    0    0    0    0
       0    0    0    0    0    0    0    0    0    0    0    0    0    0    0
       0    0    0

 Group: 2

 U(t)+UL(t):
       3    0    1    1    1    1    1    0    1    1    2    1    3    3    1
       1    0    2    3    1    0    0    1    0    0    0    0    0    0    1
       0    0    0

 U(t):
       3    0    1    1    1    1    1    0    1    1    2    1    3    3    1
       1    0    2    3    1    0    0    1    0    0    0    0    0    0    1
       0    0    0

 UL(t):
       0    0    0    0    0    0    0    0    0    0    0    0    0    0    0
       0    0    0    0    0    0    0    0    0    0    0    0    0    0    0
       0    0    0

 Not Released(t):
       0    0    0    0    0    0    0    0    0    0    0    0    0    0    0
       0    0    0    0    0    0    0    0    0    0    0    0    0    0    0
       0    0    0
 -2logL(saturated) = 272.93564     
 Effective Sample Size = 103

 Number of function evaluations was 26 for 6 parameters.
 Time for numerical optimization was 0.01 seconds.     
 -2logL { Phi(~1)p(~sex)pent(~1)N(~sex) } = 557.52385     
 Penalty { Phi(~1)p(~sex)pent(~1)N(~sex) } = 0.0000000     
 Gradient { Phi(~1)p(~sex)pent(~1)N(~sex) }:
  0.1139555E-04 -0.3982704E-05 -0.1081698E-04   0.000000      0.2850007E-05
 -0.7202890E-05
 Maximum ABS(G) { Phi(~1)p(~sex)pent(~1)N(~sex) } = 0.1139555E-04 
 S Vector { Phi(~1)p(~sex)pent(~1)N(~sex) }:
   129.5781      12.30475      6.999296      2.773316     0.8294158    
  0.1680588    
 Time to compute number of parameters was 0.02 seconds.     
 Ratio Threshold = 50.000000       Max Gap (1/2) = 10.530739       Next Max Gap (1/2) = 10.530739     
 Gap Method for Num. of Estimated Parameters { Phi(~1)p(~sex)pent(~1)N(~sex) } = 6          
 Threshold { Phi(~1)p(~sex)pent(~1)N(~sex) } = 0.2279110E-04                 
 Numerical Threshold Method for Num. of Estimated Parameters { Phi(~1)p(~sex)pent(~1)N(~sex) } = 6          
 Number of Estimated Parameters { Phi(~1)p(~sex)pent(~1)N(~sex) } = 6          
 DEVIANCE { Phi(~1)p(~sex)pent(~1)N(~sex) } = 284.58820                     
 DEVIANCE Degrees of Freedom { Phi(~1)p(~sex)pent(~1)N(~sex) } = 35            
 c-hat { Phi(~1)p(~sex)pent(~1)N(~sex) } = 8.1310916                     
 AIC { Phi(~1)p(~sex)pent(~1)N(~sex) } = 569.52385                  
 AICc { Phi(~1)p(~sex)pent(~1)N(~sex) } = 570.39885                    
 BIC { Phi(~1)p(~sex)pent(~1)N(~sex) } = 585.33222                    
 Pearson Chisquare { Phi(~1)p(~sex)pent(~1)N(~sex) } = 25765814.                  


              PARM-SPECIFIC Link Function Parameters of { Phi(~1)p(~sex)pent(~1)N(~sex) }
                                                              95% Confidence Interval
 Parameter                    Beta         Standard Error      Lower           Upper
 -------------------------  --------------  --------------  --------------  --------------
    1:Phi:(Intercept)        0.3390129       0.7538392      -1.1385119       1.8165377    
    2:p:(Intercept)         -2.8312640       0.2878314      -3.3954136      -2.2671144    
    3:p:sexM                 0.4106336       0.3061069      -0.1893359       1.0106031    
    4:pent:(Intercept)      -5.2023394       2.3386077      -9.7860105      -0.6186684    
    5:N:(Intercept)          1.6769739       0.8276682       0.0547443       3.2992035    
    6:N:sexM                -0.0592130       0.9216633      -1.8656730       1.7472471    


              Real Function Parameters of { Phi(~1)p(~sex)pent(~1)N(~sex) }
                                                               95% Confidence Interval
  Parameter                  Estimate       Standard Error      Lower           Upper
 --------------------------  --------------  --------------  --------------  --------------
     1:Phi gF a0 t1           0.5839507       0.1831469       0.2425937       0.8601502                          
     2:p gF a0 t1             0.0556579       0.0151285       0.0324391       0.0938834                          
     3:p gM a0 t1             0.0816130       0.0145551       0.0572569       0.1150653                          
     4:N gF a0 t1             21.349344       4.4274815       17.298452       38.038155                          
     5:N gM a0 t1             34.041789       4.4204131       30.147604       51.150181                          
     6:pent gF a0.005479452   0.0046795       0.0093048       0.9368481E-04   0.1908874                          
     7:pent gF a0.008219178   0.0046795       0.0093048       0.9368481E-04   0.1908874                          

  Program  MARK  - Survival Rate Estimation with Capture-Recapture Data
   gfortran(dble) Vers. 9.0 Mar 2018    25-Mar-2020 14:22:40    Page  010
 - - - - - - - - - - - - - - - - - - - - - - - - - - - - - - - - - - - - - -
 
     8:pent gF a0.010958904   0.0046795       0.0093048       0.9368481E-04   0.1908874                          
     9:pent gF a0.016438356   0.0046795       0.0093048       0.9368481E-04   0.1908874                          
    10:pent gF a0.024657534   0.0046795       0.0093048       0.9368481E-04   0.1908874                          
    11:pent gF a0.027397260   0.0046795       0.0093048       0.9368481E-04   0.1908874                          
    12:pent gF a0.030136986   0.0046795       0.0093048       0.9368481E-04   0.1908874                          
    13:pent gF a0.035616438   0.0046795       0.0093048       0.9368481E-04   0.1908874                          
    14:pent gF a0.041095890   0.0046795       0.0093048       0.9368481E-04   0.1908874                          
    15:pent gF a0.049315068   0.0046795       0.0093048       0.9368481E-04   0.1908874                          
    16:pent gF a0.052054794   0.0046795       0.0093048       0.9368481E-04   0.1908874                          
    17:pent gF a0.065753424   0.0046795       0.0093048       0.9368481E-04   0.1908874                          
    18:pent gF a0.071232876   0.0046795       0.0093048       0.9368481E-04   0.1908874                          
    19:pent gF a0.098630136   0.0046795       0.0093048       0.9368481E-04   0.1908874                          
    20:pent gF a0.101369863   0.0046795       0.0093048       0.9368481E-04   0.1908874                          
    21:pent gF a0.106849315   0.0046795       0.0093048       0.9368481E-04   0.1908874                          
    22:pent gF a0.109589041   0.0046795       0.0093048       0.9368481E-04   0.1908874                          
    23:pent gF a0.120547945   0.0046795       0.0093048       0.9368481E-04   0.1908874                          
    24:pent gF a0.350684931   0.0046795       0.0093048       0.9368481E-04   0.1908874                          
    25:pent gF a0.358904109   0.0046795       0.0093048       0.9368481E-04   0.1908874                          
    26:pent gF a0.613698630   0.0046795       0.0093048       0.9368481E-04   0.1908874                          
    27:pent gF a0.638356164   0.0046795       0.0093048       0.9368481E-04   0.1908874                          
    28:pent gF a0.646575342   0.0046795       0.0093048       0.9368481E-04   0.1908874                          
    29:pent gF a0.649315068   0.0046795       0.0093048       0.9368481E-04   0.1908874                          
    30:pent gF a0.652054794   0.0046795       0.0093048       0.9368481E-04   0.1908874                          
    31:pent gF a0.704109589   0.0046795       0.0093048       0.9368481E-04   0.1908874                          
    32:pent gF a0.706849315   0.0046795       0.0093048       0.9368481E-04   0.1908874                          
    33:pent gF a0.709589041   0.0046795       0.0093048       0.9368481E-04   0.1908874                          
    34:pent gF a0.827397260   0.0046795       0.0093048       0.9368481E-04   0.1908874                          
    35:pent gF a1.402739726   0.0046795       0.0093048       0.9368481E-04   0.1908874                          
    36:pent gF a1.405479452   0.0046795       0.0093048       0.9368481E-04   0.1908874                          
    37:pent gF a1.408219178   0.0046795       0.0093048       0.9368481E-04   0.1908874                          
    38:pent gM a0.005479452   0.0046795       0.0093048       0.9368481E-04   0.1908874                          
    39:pent gM a0.008219178   0.0046795       0.0093048       0.9368481E-04   0.1908874                          
    40:pent gM a0.010958904   0.0046795       0.0093048       0.9368481E-04   0.1908874                          
    41:pent gM a0.016438356   0.0046795       0.0093048       0.9368481E-04   0.1908874                          
    42:pent gM a0.024657534   0.0046795       0.0093048       0.9368481E-04   0.1908874                          
    43:pent gM a0.027397260   0.0046795       0.0093048       0.9368481E-04   0.1908874                          
    44:pent gM a0.030136986   0.0046795       0.0093048       0.9368481E-04   0.1908874                          
    45:pent gM a0.035616438   0.0046795       0.0093048       0.9368481E-04   0.1908874                          
    46:pent gM a0.041095890   0.0046795       0.0093048       0.9368481E-04   0.1908874                          
    47:pent gM a0.049315068   0.0046795       0.0093048       0.9368481E-04   0.1908874                          
    48:pent gM a0.052054794   0.0046795       0.0093048       0.9368481E-04   0.1908874                          
    49:pent gM a0.065753424   0.0046795       0.0093048       0.9368481E-04   0.1908874                          
    50:pent gM a0.071232876   0.0046795       0.0093048       0.9368481E-04   0.1908874                          
    51:pent gM a0.098630136   0.0046795       0.0093048       0.9368481E-04   0.1908874                          
    52:pent gM a0.101369863   0.0046795       0.0093048       0.9368481E-04   0.1908874                          
    53:pent gM a0.106849315   0.0046795       0.0093048       0.9368481E-04   0.1908874                          

  Program  MARK  - Survival Rate Estimation with Capture-Recapture Data
   gfortran(dble) Vers. 9.0 Mar 2018    25-Mar-2020 14:22:40    Page  011
 - - - - - - - - - - - - - - - - - - - - - - - - - - - - - - - - - - - - - -
 
    54:pent gM a0.109589041   0.0046795       0.0093048       0.9368481E-04   0.1908874                          
    55:pent gM a0.120547945   0.0046795       0.0093048       0.9368481E-04   0.1908874                          
    56:pent gM a0.350684931   0.0046795       0.0093048       0.9368481E-04   0.1908874                          
    57:pent gM a0.358904109   0.0046795       0.0093048       0.9368481E-04   0.1908874                          
    58:pent gM a0.613698630   0.0046795       0.0093048       0.9368481E-04   0.1908874                          
    59:pent gM a0.638356164   0.0046795       0.0093048       0.9368481E-04   0.1908874                          
    60:pent gM a0.646575342   0.0046795       0.0093048       0.9368481E-04   0.1908874                          
    61:pent gM a0.649315068   0.0046795       0.0093048       0.9368481E-04   0.1908874                          
    62:pent gM a0.652054794   0.0046795       0.0093048       0.9368481E-04   0.1908874                          
    63:pent gM a0.704109589   0.0046795       0.0093048       0.9368481E-04   0.1908874                          
    64:pent gM a0.706849315   0.0046795       0.0093048       0.9368481E-04   0.1908874                          
    65:pent gM a0.709589041   0.0046795       0.0093048       0.9368481E-04   0.1908874                          
    66:pent gM a0.827397260   0.0046795       0.0093048       0.9368481E-04   0.1908874                          
    67:pent gM a1.402739726   0.0046795       0.0093048       0.9368481E-04   0.1908874                          
    68:pent gM a1.405479452   0.0046795       0.0093048       0.9368481E-04   0.1908874                          
    69:pent gM a1.408219178   0.0046795       0.0093048       0.9368481E-04   0.1908874                          


                      Estimates of Derived Parameters
  Gross Birth+Immigration Estimates of { Phi(~1)p(~sex)pent(~1)N(~sex) }
                                                95% Confidence Interval
 Grp. Occ.   B*-hat          Standard Error      Lower           Upper
 ---- ----   --------------  --------------  --------------  --------------
   1     1    0.1000521       0.2111787       0.0077895       1.2851247    
   1     2    0.0999785       0.2109975       0.0077849       1.2839865    
   1     3    0.0999785       0.2109975       0.0077849       1.2839865    
   1     4    0.1000521       0.2111787       0.0077895       1.2851247    
   1     5    0.1001259       0.2113600       0.0077940       1.2862637    
   1     6    0.0999785       0.2109975       0.0077849       1.2839865    
   1     7    0.0999785       0.2109975       0.0077849       1.2839865    
   1     8    0.1000521       0.2111787       0.0077895       1.2851247    
   1     9    0.1000521       0.2111787       0.0077895       1.2851247    
   1    10    0.1001259       0.2113600       0.0077940       1.2862637    
   1    11    0.0999785       0.2109975       0.0077849       1.2839865    
   1    12    0.1002734       0.2117229       0.0078032       1.2885436    
   1    13    0.1000521       0.2111787       0.0077895       1.2851247    
   1    14    0.1006428       0.2126319       0.0078261       1.2942557    
   1    15    0.0999785       0.2109975       0.0077849       1.2839865    
   1    16    0.1000521       0.2111787       0.0077895       1.2851247    
   1    17    0.0999785       0.2109975       0.0077849       1.2839865    
   1    18    0.1001996       0.2115414       0.0077986       1.2874033    
   1    19    0.1062165       0.2263990       0.0081704       1.3808349    
   1    20    0.1001259       0.2113600       0.0077940       1.2862637    
   1    21    0.1069079       0.2281134       0.0082129       1.3916254    
   1    22    0.1005689       0.2124499       0.0078215       1.2931119    

  Program  MARK  - Survival Rate Estimation with Capture-Recapture Data
   gfortran(dble) Vers. 9.0 Mar 2018    25-Mar-2020 14:22:40    Page  012
 - - - - - - - - - - - - - - - - - - - - - - - - - - - - - - - - - - - - - -
 
   1    23    0.1001259       0.2113600       0.0077940       1.2862637    
   1    24    0.0999785       0.2109975       0.0077849       1.2839865    
   1    25    0.0999785       0.2109975       0.0077849       1.2839865    
   1    26    0.1013101       0.2142749       0.0078675       1.3045815    
   1    27    0.0999785       0.2109975       0.0077849       1.2839865    
   1    28    0.0999785       0.2109975       0.0077849       1.2839865    
   1    29    0.1031039       0.2186988       0.0079784       1.3323932    
   1    30    0.1161613       0.2511883       0.0087789       1.5370336    
   1    31    0.0999785       0.2109975       0.0077849       1.2839865    
   1    32    0.0999785       0.2109975       0.0077849       1.2839865    
   2     1    0.1595344       0.3328791       0.0125972       2.0203885    
   2     2    0.1594169       0.3325927       0.0125898       2.0185929    
   2     3    0.1594169       0.3325927       0.0125898       2.0185929    
   2     4    0.1595344       0.3328791       0.0125972       2.0203885    
   2     5    0.1596519       0.3331656       0.0126045       2.0221852    
   2     6    0.1594169       0.3325927       0.0125898       2.0185929    
   2     7    0.1594169       0.3325927       0.0125898       2.0185929    
   2     8    0.1595344       0.3328791       0.0125972       2.0203885    
   2     9    0.1595344       0.3328791       0.0125972       2.0203885    
   2    10    0.1596519       0.3331656       0.0126045       2.0221852    
   2    11    0.1594169       0.3325927       0.0125898       2.0185929    
   2    12    0.1598871       0.3337391       0.0126193       2.0257818    
   2    13    0.1595344       0.3328791       0.0125972       2.0203885    
   2    14    0.1604762       0.3351758       0.0126561       2.0347927    
   2    15    0.1594169       0.3325927       0.0125898       2.0185929    
   2    16    0.1595344       0.3328791       0.0125972       2.0203885    
   2    17    0.1594169       0.3325927       0.0125898       2.0185929    
   2    18    0.1597695       0.3334522       0.0126119       2.0239829    
   2    19    0.1693635       0.3569364       0.0132100       2.1713832    
   2    20    0.1596519       0.3331656       0.0126045       2.0221852    
   2    21    0.1704659       0.3596463       0.0132784       2.1884080    
   2    22    0.1603583       0.3348882       0.0126488       2.0329883    
   2    23    0.1596519       0.3331656       0.0126045       2.0221852    
   2    24    0.1594169       0.3325927       0.0125898       2.0185929    
   2    25    0.1594169       0.3325927       0.0125898       2.0185929    
   2    26    0.1615403       0.3377727       0.0127227       2.0510820    
   2    27    0.1594169       0.3325927       0.0125898       2.0185929    
   2    28    0.1594169       0.3325927       0.0125898       2.0185929    
   2    29    0.1644005       0.3447650       0.0129012       2.0949574    
   2    30    0.1852206       0.3961239       0.0141889       2.4178530    
   2    31    0.1594169       0.3325927       0.0125898       2.0185929    
   2    32    0.1594169       0.3325927       0.0125898       2.0185929    

   Net Birth+Immigration Estimates of { Phi(~1)p(~sex)pent(~1)N(~sex) }
                                                95% Confidence Interval
 Grp. Occ.   B-hat           Standard Error      Lower           Upper
 ---- ----   --------------  --------------  --------------  --------------
   1     1    0.0999048       0.2108165       0.0077803       1.2828490    
   1     2    0.0999048       0.2108165       0.0077803       1.2828490    
   1     3    0.0999048       0.2108165       0.0077803       1.2828490    
   1     4    0.0999048       0.2108165       0.0077803       1.2828490    
   1     5    0.0999048       0.2108165       0.0077803       1.2828490    
   1     6    0.0999048       0.2108165       0.0077803       1.2828490    
   1     7    0.0999048       0.2108165       0.0077803       1.2828490    
   1     8    0.0999048       0.2108165       0.0077803       1.2828490    
   1     9    0.0999048       0.2108165       0.0077803       1.2828490    
   1    10    0.0999048       0.2108165       0.0077803       1.2828490    
   1    11    0.0999048       0.2108165       0.0077803       1.2828490    
   1    12    0.0999048       0.2108165       0.0077803       1.2828490    
   1    13    0.0999048       0.2108165       0.0077803       1.2828490    
   1    14    0.0999048       0.2108165       0.0077803       1.2828490    
   1    15    0.0999048       0.2108165       0.0077803       1.2828490    
   1    16    0.0999048       0.2108165       0.0077803       1.2828490    
   1    17    0.0999048       0.2108165       0.0077803       1.2828490    
   1    18    0.0999048       0.2108165       0.0077803       1.2828490    
   1    19    0.0999048       0.2108165       0.0077803       1.2828490    
   1    20    0.0999048       0.2108165       0.0077803       1.2828490    
   1    21    0.0999048       0.2108165       0.0077803       1.2828490    
   1    22    0.0999048       0.2108165       0.0077803       1.2828490    
   1    23    0.0999048       0.2108165       0.0077803       1.2828490    
   1    24    0.0999048       0.2108165       0.0077803       1.2828490    
   1    25    0.0999048       0.2108165       0.0077803       1.2828490    
   1    26    0.0999048       0.2108165       0.0077803       1.2828490    
   1    27    0.0999048       0.2108165       0.0077803       1.2828490    
   1    28    0.0999048       0.2108165       0.0077803       1.2828490    
   1    29    0.0999048       0.2108165       0.0077803       1.2828490    
   1    30    0.0999048       0.2108165       0.0077803       1.2828490    
   1    31    0.0999048       0.2108165       0.0077803       1.2828490    
   1    32    0.0999048       0.2108165       0.0077803       1.2828490    
   2     1    0.1592995       0.3323066       0.0125825       2.0167985    
   2     2    0.1592995       0.3323066       0.0125825       2.0167985    
   2     3    0.1592995       0.3323066       0.0125825       2.0167985    
   2     4    0.1592995       0.3323066       0.0125825       2.0167985    
   2     5    0.1592995       0.3323066       0.0125825       2.0167985    
   2     6    0.1592995       0.3323066       0.0125825       2.0167985    
   2     7    0.1592995       0.3323066       0.0125825       2.0167985    
   2     8    0.1592995       0.3323066       0.0125825       2.0167985    
   2     9    0.1592995       0.3323066       0.0125825       2.0167985    
   2    10    0.1592995       0.3323066       0.0125825       2.0167985    
   2    11    0.1592995       0.3323066       0.0125825       2.0167985    
   2    12    0.1592995       0.3323066       0.0125825       2.0167985    
   2    13    0.1592995       0.3323066       0.0125825       2.0167985    
   2    14    0.1592995       0.3323066       0.0125825       2.0167985    
   2    15    0.1592995       0.3323066       0.0125825       2.0167985    
   2    16    0.1592995       0.3323066       0.0125825       2.0167985    
   2    17    0.1592995       0.3323066       0.0125825       2.0167985    
   2    18    0.1592995       0.3323066       0.0125825       2.0167985    
   2    19    0.1592995       0.3323066       0.0125825       2.0167985    
   2    20    0.1592995       0.3323066       0.0125825       2.0167985    
   2    21    0.1592995       0.3323066       0.0125825       2.0167985    
   2    22    0.1592995       0.3323066       0.0125825       2.0167985    
   2    23    0.1592995       0.3323066       0.0125825       2.0167985    
   2    24    0.1592995       0.3323066       0.0125825       2.0167985    
   2    25    0.1592995       0.3323066       0.0125825       2.0167985    
   2    26    0.1592995       0.3323066       0.0125825       2.0167985    
   2    27    0.1592995       0.3323066       0.0125825       2.0167985    
   2    28    0.1592995       0.3323066       0.0125825       2.0167985    
   2    29    0.1592995       0.3323066       0.0125825       2.0167985    
   2    30    0.1592995       0.3323066       0.0125825       2.0167985    
   2    31    0.1592995       0.3323066       0.0125825       2.0167985    
   2    32    0.1592995       0.3323066       0.0125825       2.0167985    

        Population Estimates of { Phi(~1)p(~sex)pent(~1)N(~sex) }
                                                95% Confidence Interval
 Grp. Occ.   N-hat           Standard Error      Lower           Upper
 ---- ----   --------------  --------------  --------------  --------------
   1     1    18.152389       5.3025224       10.359905       31.806202    
   1     2    18.198867       5.1432321       10.570261       31.333072    
   1     3    18.271970       4.9886487       10.803107       30.904523    
   1     4    18.344965       4.8382742       11.035233       30.496661    

  Program  MARK  - Survival Rate Estimation with Capture-Recapture Data
   gfortran(dble) Vers. 9.0 Mar 2018    25-Mar-2020 14:22:40    Page  013
 - - - - - - - - - - - - - - - - - - - - - - - - - - - - - - - - - - - - - -
 
   1     5    18.390876       4.6918292       11.242330       30.084894    
   1     6    18.409646       4.5497296       11.423183       29.669058    
   1     7    18.482439       4.4136711       11.649236       29.323859    
   1     8    18.555124       4.2834343       11.871515       29.001577    
   1     9    18.600416       4.1590331       12.064465       28.677235    
   1    10    18.645575       4.0411937       12.251756       28.376134    
   1    11    18.663222       3.9299005       12.407577       28.072835    
   1    12    18.735641       3.8270192       12.605766       27.846326    
   1    13    18.697990       3.7299321       12.695369       27.538769    
   1    14    18.742862       3.6425493       12.851044       27.335901    
   1    15    18.568559       3.5588056       12.796907       26.943337    
   1    16    18.641118       3.4881887       12.958592       26.815512    
   1    17    18.686157       3.4273060       13.082307       26.690434    
   1    18    18.758542       3.3782530       13.216722       26.624069    
   1    19    18.748187       3.3359513       13.264075       26.499737    
   1    20    16.664994       3.3437682       11.290005       24.598929    
   1    21    16.691379       3.2965217       11.375847       24.490672    
   1    22    14.653362       3.5143327       9.2179934       23.293682    
   1    23    14.560184       3.4813451       9.1719701       23.113787    
   1    24    14.595854       3.4373663       9.2568749       23.014135    
   1    25    14.674264       3.3981509       9.3757639       22.967090    
   1    26    14.752557       3.3709954       9.4805093       22.956356    
   1    27    14.445087       3.4011064       9.1621564       22.774174    
   1    28    14.523718       3.3913732       9.2458285       22.814440    
   1    29    14.602234       3.3939183       9.3147666       22.891098    
   1    30    13.805456       3.4855918       8.4810103       22.472630    
   1    31    10.230549       3.9014879       4.9686281       21.064996    
   1    32    10.315387       3.8611367       5.0728643       20.975765    
   1    33    10.400100       3.8316391       5.1683718       20.927690    
   2     1    28.944206       7.7884484       17.238641       48.598206    
   2     2    29.018315       7.4820626       17.648871       47.711980    
   2     3    29.134878       7.1769462       18.105434       46.883224    
   2     4    29.251270       6.8744504       18.568616       46.079730    
   2     5    29.324475       6.5770911       18.995522       45.269873    
   2     6    29.354405       6.2859254       19.383566       44.454209    
   2     7    29.470474       5.9927022       19.863046       43.724856    
   2     8    29.586372       5.7035250       20.346633       43.022027    
   2     9    29.658591       5.4226433       20.787172       42.316098    
   2    10    29.730597       5.1471047       21.228702       41.637420    
   2    11    29.758735       4.8819948       21.622021       40.957426    
   2    12    29.874208       4.6145717       22.109860       40.365174    
   2    13    29.814173       4.3746819       22.396845       39.687953    
   2    14    29.885722       4.1283582       22.826189       39.128580    
   2    15    29.607794       3.9383142       22.838970       38.382705    
   2    16    29.723489       3.7058548       23.301347       37.915655    
   2    17    29.795305       3.4939856       23.695690       37.465049    

  Program  MARK  - Survival Rate Estimation with Capture-Recapture Data
   gfortran(dble) Vers. 9.0 Mar 2018    25-Mar-2020 14:22:40    Page  014
 - - - - - - - - - - - - - - - - - - - - - - - - - - - - - - - - - - - - - -
 
   2    18    29.910724       3.2928367       24.121233       37.089788    
   2    19    29.894212       3.1286171       24.363764       36.680043    
   2    20    26.572537       3.7428661       20.189403       34.973778    
   2    21    26.614607       3.5836599       20.465297       34.611632    
   2    22    23.364964       4.4912881       16.085085       33.939611    
   2    23    23.216391       4.4128801       16.048415       33.585921    
   2    24    23.273268       4.2850769       16.271799       33.287345    
   2    25    23.398292       4.1548311       16.565525       33.049364    
   2    26    23.523132       4.0465279       16.831863       32.874422    
   2    27    23.032868       4.1488855       16.227123       32.692979    
   2    28    23.158246       4.0777822       16.442322       32.617312    
   2    29    23.283440       4.0314036       16.624571       32.609478    
   2    30    22.012967       4.3771845       14.964283       32.381821    
   2    31    16.312735       5.7070412       8.3807082       31.752128    
   2    32    16.448010       5.6097635       8.5851109       31.512352    
   2    33    16.583086       5.5303100       8.7749028       31.339236    

     Gross Population Estimates of { Phi(~1)p(~sex)pent(~1)N(~sex) }
                                                95% Confidence Interval
 Grp. Occ.   N*-hat          Standard Error      Lower           Upper
 ---- ----   --------------  --------------  --------------  --------------
   1     0    21.388310       4.4878488       14.239290       32.126587    
   2     0    34.103921       4.5414614       26.299616       44.224122    

   CPU Time for the last procedure was 0.05 seconds.     

  Program  MARK  - Survival Rate Estimation with Capture-Recapture Data
   gfortran(dble) Vers. 9.0 Mar 2018    25-Mar-2020 14:22:40    Page  015
 - - - - - - - - - - - - - - - - - - - - - - - - - - - - - - - - - - - - - -
 


  INPUT --- proc stop;

     CPU Time in minutes for this job was 0.00

     Time Start = 14:22:39.965   Time End = 14:22:40.369

     Wall Clock Time in minutes for this job was 0.01


          E X E C U T I O N   S U C C E S S F U L 
