
   Program  MARK  - Survival Rate Estimation with Capture-Recapture Data
   gfortran(dble) Vers. 9.0 Mar 2018    25-Mar-2020 14:33:52    Page  001
 - - - - - - - - - - - - - - - - - - - - - - - - - - - - - - - - - - - - - -
 
   This version was compiled by GCC version 7.2.0 using the options: 
     -cpp -iprefix C:/Program Files/mingw-w64/x86_64-7.2.0-posix-seh-rt_v5-rev1/
     mingw64/bin/../lib/gcc/x86_64-w64-mingw32/7.2.0/ -D_MT -D_REENTRANT
     -U_REENTRANT -D IEEE -D DBLEPRECISION -m64 -mtune=core2 -march=nocona -mthreads
     -O2 -fimplicit-none -fbounds-check -funroll-loops -ftree-vectorize
     -ffpe-summary=invalid,zero,overflow,underflow -fno-unsafe-math-optimizations
     -frounding-math -fsignaling-nans -fopenmp.

   This problem will use 15 of 16 possible threads.


  INPUT --- proc title ;

   CPU Time for the last procedure was 0.01 seconds.     


  INPUT --- proc chmatrix occasions= 33 groups= 2 etype= POPAN Nodes= 
  INPUT --- 101 ICMeans NoHist hist= 41  ;

  INPUT ---    time interval 0.00547945205479452 0.00273972602739726 
  INPUT ---    0.00273972602739726 0.00547945205479452  
  INPUT ---    0.00821917808219178 0.00273972602739726 0.00273972602739726 
  INPUT ---    0.00547945205479452  0.00547945205479452 
  INPUT ---    0.00821917808219178 0.00273972602739726 0.0136986301369863 
  INPUT ---    0.00547945205479452  0.0273972602739726 0.00273972602739726 
  INPUT ---    0.00547945205479452 0.00273972602739726 0.010958904109589  
  INPUT ---    0.23013698630137 0.00821917808219178 0.254794520547945 
  INPUT ---    0.0246575342465753 0.00821917808219178  0.00273972602739726 
  INPUT ---    0.00273972602739726 0.0520547945205479 0.00273972602739726 
  INPUT ---    0.00273972602739726  0.117808219178082 0.575342465753425 
  INPUT ---    0.00273972602739726 0.00273972602739726 ;

  INPUT ---    glabel(1)=sexF;

  INPUT ---    glabel(2)=sexM;

   * *  WARNING  * *   At least a pair of the encounter histories are duplicates. 

      Number of unique encounter histories read was 38.

      Number of individual covariates read was 0.
      Time interval lengths vary and/or not equal to 1.

      Data type number is 19
      Data type is POPAN                                                                                               

   CPU Time for the last procedure was 0.01 seconds.     

  Program  MARK  - Survival Rate Estimation with Capture-Recapture Data
   gfortran(dble) Vers. 9.0 Mar 2018    25-Mar-2020 14:33:52    Page  002
 - - - - - - - - - - - - - - - - - - - - - - - - - - - - - - - - - - - - - -
 


  INPUT --- proc estimate link=Parm-Specific NOLOOP varest=2ndPart    ;


  INPUT --- model={ Phi(~1)p(~sex)pent(~1)N(~sex) };

  INPUT ---    group=1 Phi    rows=1 cols=32 Square ;
  INPUT ---        1 1 1 1 1 1 1 1 1 1 1 1 1 1 1 1 1 1 1 1 1 1 1 1 1 1 1 1 1 
  INPUT ---       1 1 1 ;

  INPUT ---    group=2 Phi    rows=1 cols=32 Square ;
  INPUT ---        1 1 1 1 1 1 1 1 1 1 1 1 1 1 1 1 1 1 1 1 1 1 1 1 1 1 1 1 1 
  INPUT ---       1 1 1 ;

  INPUT ---    group=1 p    rows=1 cols=33 Square ;
  INPUT ---        2 2 2 2 2 2 2 2 2 2 2 2 2 2 2 2 2 2 2 2 2 2 2 2 2 2 2 2 2 
  INPUT ---       2 2 2 2 ;

  INPUT ---    group=2 p    rows=1 cols=33 Square ;
  INPUT ---        3 3 3 3 3 3 3 3 3 3 3 3 3 3 3 3 3 3 3 3 3 3 3 3 3 3 3 3 3 
  INPUT ---       3 3 3 3 ;

  INPUT ---    group=1 pent    rows=1 cols=32 Square ;
  INPUT ---        6 7 8 9 10 11 12 13 14 15 16 17 18 19 20 21 22 23 24 25 26 
  INPUT ---       27 28 29 30 31 32 33 34 35 36 37 ;

  INPUT ---    group=2 pent    rows=1 cols=32 Square ;
  INPUT ---        38 39 40 41 42 43 44 45 46 47 48 49 50 51 52 53 54 55 56 
  INPUT ---       57 58 59 60 61 62 63 64 65 66 67 68 69 ;

  INPUT ---    group=1 N    rows=1 cols=1 Square ;
  INPUT ---        4 ;

  INPUT ---    group=2 N    rows=1 cols=1 Square ;
  INPUT ---        5 ;

  INPUT ---    design matrix constraints=69 covariates=6;
  INPUT ---        1 0 0 0 0 0;
  INPUT ---        0 1 0 0 0 0;
  INPUT ---        0 1 1 0 0 0;
  INPUT ---        0 0 0 0 1 0;
  INPUT ---        0 0 0 0 1 1;
  INPUT ---        0 0 0 1 0 0;
  INPUT ---        0 0 0 1 0 0;
  INPUT ---        0 0 0 1 0 0;

  Program  MARK  - Survival Rate Estimation with Capture-Recapture Data
   gfortran(dble) Vers. 9.0 Mar 2018    25-Mar-2020 14:33:52    Page  003
 - - - - - - - - - - - - - - - - - - - - - - - - - - - - - - - - - - - - - -
 
  INPUT ---        0 0 0 1 0 0;
  INPUT ---        0 0 0 1 0 0;
  INPUT ---        0 0 0 1 0 0;
  INPUT ---        0 0 0 1 0 0;
  INPUT ---        0 0 0 1 0 0;
  INPUT ---        0 0 0 1 0 0;
  INPUT ---        0 0 0 1 0 0;
  INPUT ---        0 0 0 1 0 0;
  INPUT ---        0 0 0 1 0 0;
  INPUT ---        0 0 0 1 0 0;
  INPUT ---        0 0 0 1 0 0;
  INPUT ---        0 0 0 1 0 0;
  INPUT ---        0 0 0 1 0 0;
  INPUT ---        0 0 0 1 0 0;
  INPUT ---        0 0 0 1 0 0;
  INPUT ---        0 0 0 1 0 0;
  INPUT ---        0 0 0 1 0 0;
  INPUT ---        0 0 0 1 0 0;
  INPUT ---        0 0 0 1 0 0;
  INPUT ---        0 0 0 1 0 0;
  INPUT ---        0 0 0 1 0 0;
  INPUT ---        0 0 0 1 0 0;
  INPUT ---        0 0 0 1 0 0;
  INPUT ---        0 0 0 1 0 0;
  INPUT ---        0 0 0 1 0 0;
  INPUT ---        0 0 0 1 0 0;
  INPUT ---        0 0 0 1 0 0;
  INPUT ---        0 0 0 1 0 0;
  INPUT ---        0 0 0 1 0 0;
  INPUT ---        0 0 0 1 0 0;
  INPUT ---        0 0 0 1 0 0;
  INPUT ---        0 0 0 1 0 0;
  INPUT ---        0 0 0 1 0 0;
  INPUT ---        0 0 0 1 0 0;
  INPUT ---        0 0 0 1 0 0;
  INPUT ---        0 0 0 1 0 0;
  INPUT ---        0 0 0 1 0 0;
  INPUT ---        0 0 0 1 0 0;
  INPUT ---        0 0 0 1 0 0;
  INPUT ---        0 0 0 1 0 0;
  INPUT ---        0 0 0 1 0 0;
  INPUT ---        0 0 0 1 0 0;
  INPUT ---        0 0 0 1 0 0;
  INPUT ---        0 0 0 1 0 0;
  INPUT ---        0 0 0 1 0 0;
  INPUT ---        0 0 0 1 0 0;

  Program  MARK  - Survival Rate Estimation with Capture-Recapture Data
   gfortran(dble) Vers. 9.0 Mar 2018    25-Mar-2020 14:33:52    Page  004
 - - - - - - - - - - - - - - - - - - - - - - - - - - - - - - - - - - - - - -
 
  INPUT ---        0 0 0 1 0 0;
  INPUT ---        0 0 0 1 0 0;
  INPUT ---        0 0 0 1 0 0;
  INPUT ---        0 0 0 1 0 0;
  INPUT ---        0 0 0 1 0 0;
  INPUT ---        0 0 0 1 0 0;
  INPUT ---        0 0 0 1 0 0;
  INPUT ---        0 0 0 1 0 0;
  INPUT ---        0 0 0 1 0 0;
  INPUT ---        0 0 0 1 0 0;
  INPUT ---        0 0 0 1 0 0;
  INPUT ---        0 0 0 1 0 0;
  INPUT ---        0 0 0 1 0 0;
  INPUT ---        0 0 0 1 0 0;
  INPUT ---        0 0 0 1 0 0;

  INPUT ---    links=69;

  INPUT ---    Logit;

  INPUT ---    Logit;

  INPUT ---    Logit;

  INPUT ---    Log;

  INPUT ---    Log;

  INPUT ---    mlogit(1);

  INPUT ---    mlogit(1);

  INPUT ---    mlogit(1);

  INPUT ---    mlogit(1);

  INPUT ---    mlogit(1);

  INPUT ---    mlogit(1);

  INPUT ---    mlogit(1);

  INPUT ---    mlogit(1);

  INPUT ---    mlogit(1);


  Program  MARK  - Survival Rate Estimation with Capture-Recapture Data
   gfortran(dble) Vers. 9.0 Mar 2018    25-Mar-2020 14:33:52    Page  005
 - - - - - - - - - - - - - - - - - - - - - - - - - - - - - - - - - - - - - -
 
  INPUT ---    mlogit(1);

  INPUT ---    mlogit(1);

  INPUT ---    mlogit(1);

  INPUT ---    mlogit(1);

  INPUT ---    mlogit(1);

  INPUT ---    mlogit(1);

  INPUT ---    mlogit(1);

  INPUT ---    mlogit(1);

  INPUT ---    mlogit(1);

  INPUT ---    mlogit(1);

  INPUT ---    mlogit(1);

  INPUT ---    mlogit(1);

  INPUT ---    mlogit(1);

  INPUT ---    mlogit(1);

  INPUT ---    mlogit(1);

  INPUT ---    mlogit(1);

  INPUT ---    mlogit(1);

  INPUT ---    mlogit(1);

  INPUT ---    mlogit(1);

  INPUT ---    mlogit(1);

  INPUT ---    mlogit(1);

  INPUT ---    mlogit(1);

  INPUT ---    mlogit(1);


  Program  MARK  - Survival Rate Estimation with Capture-Recapture Data
   gfortran(dble) Vers. 9.0 Mar 2018    25-Mar-2020 14:33:52    Page  006
 - - - - - - - - - - - - - - - - - - - - - - - - - - - - - - - - - - - - - -
 
  INPUT ---    mlogit(2);

  INPUT ---    mlogit(2);

  INPUT ---    mlogit(2);

  INPUT ---    mlogit(2);

  INPUT ---    mlogit(2);

  INPUT ---    mlogit(2);

  INPUT ---    mlogit(2);

  INPUT ---    mlogit(2);

  INPUT ---    mlogit(2);

  INPUT ---    mlogit(2);

  INPUT ---    mlogit(2);

  INPUT ---    mlogit(2);

  INPUT ---    mlogit(2);

  INPUT ---    mlogit(2);

  INPUT ---    mlogit(2);

  INPUT ---    mlogit(2);

  INPUT ---    mlogit(2);

  INPUT ---    mlogit(2);

  INPUT ---    mlogit(2);

  INPUT ---    mlogit(2);

  INPUT ---    mlogit(2);

  INPUT ---    mlogit(2);

  INPUT ---    mlogit(2);


  Program  MARK  - Survival Rate Estimation with Capture-Recapture Data
   gfortran(dble) Vers. 9.0 Mar 2018    25-Mar-2020 14:33:52    Page  007
 - - - - - - - - - - - - - - - - - - - - - - - - - - - - - - - - - - - - - -
 
  INPUT ---    mlogit(2);

  INPUT ---    mlogit(2);

  INPUT ---    mlogit(2);

  INPUT ---    mlogit(2);

  INPUT ---    mlogit(2);

  INPUT ---    mlogit(2);

  INPUT ---    mlogit(2);

  INPUT ---    mlogit(2);

  INPUT ---    mlogit(2);
  INPUT ---       blabel(1)=Phi:(Intercept);
  INPUT ---       blabel(2)=p:(Intercept);
  INPUT ---       blabel(3)=p:sexM;
  INPUT ---       blabel(4)=pent:(Intercept);
  INPUT ---       blabel(5)=N:(Intercept);
  INPUT ---       blabel(6)=N:sexM;
  INPUT ---       rlabel(1)=Phi gF a0 t1;
  INPUT ---       rlabel(2)=p gF a0 t1;
  INPUT ---       rlabel(3)=p gM a0 t1;
  INPUT ---       rlabel(4)=N gF a0 t1;
  INPUT ---       rlabel(5)=N gM a0 t1;
  INPUT ---       rlabel(6)=pent gF a0.00547945205479452 t1.00547945205479;
  INPUT ---       rlabel(7)=pent gF a0.00821917808219178 t1.00821917808219;
  INPUT ---       rlabel(8)=pent gF a0.010958904109589 t1.01095890410959;
  INPUT ---       rlabel(9)=pent gF a0.0164383561643836 t1.01643835616438;
  INPUT ---       rlabel(10)=pent gF a0.0246575342465753 t1.02465753424658;
  INPUT ---       rlabel(11)=pent gF a0.0273972602739726 t1.02739726027397;
  INPUT ---       rlabel(12)=pent gF a0.0301369863013699 t1.03013698630137;
  INPUT ---       rlabel(13)=pent gF a0.0356164383561644 t1.03561643835616;
  INPUT ---       rlabel(14)=pent gF a0.0410958904109589 t1.04109589041096;
  INPUT ---       rlabel(15)=pent gF a0.0493150684931507 t1.04931506849315;
  INPUT ---       rlabel(16)=pent gF a0.0520547945205479 t1.05205479452055;
  INPUT ---       rlabel(17)=pent gF a0.0657534246575342 t1.06575342465753;
  INPUT ---       rlabel(18)=pent gF a0.0712328767123288 t1.07123287671233;
  INPUT ---       rlabel(19)=pent gF a0.0986301369863014 t1.0986301369863;
  INPUT ---       rlabel(20)=pent gF a0.101369863013699 t1.1013698630137;
  INPUT ---       rlabel(21)=pent gF a0.106849315068493 t1.10684931506849;
  INPUT ---       rlabel(22)=pent gF a0.10958904109589 t1.10958904109589;
  INPUT ---       rlabel(23)=pent gF a0.120547945205479 t1.12054794520548;

  Program  MARK  - Survival Rate Estimation with Capture-Recapture Data
   gfortran(dble) Vers. 9.0 Mar 2018    25-Mar-2020 14:33:52    Page  008
 - - - - - - - - - - - - - - - - - - - - - - - - - - - - - - - - - - - - - -
 
  INPUT ---       rlabel(24)=pent gF a0.350684931506849 t1.35068493150685;
  INPUT ---       rlabel(25)=pent gF a0.358904109589041 t1.35890410958904;
  INPUT ---       rlabel(26)=pent gF a0.613698630136986 t1.61369863013699;
  INPUT ---       rlabel(27)=pent gF a0.638356164383562 t1.63835616438356;
  INPUT ---       rlabel(28)=pent gF a0.646575342465753 t1.64657534246575;
  INPUT ---       rlabel(29)=pent gF a0.649315068493151 t1.64931506849315;
  INPUT ---       rlabel(30)=pent gF a0.652054794520548 t1.65205479452055;
  INPUT ---       rlabel(31)=pent gF a0.704109589041096 t1.7041095890411;
  INPUT ---       rlabel(32)=pent gF a0.706849315068493 t1.70684931506849;
  INPUT ---       rlabel(33)=pent gF a0.70958904109589 t1.70958904109589;
  INPUT ---       rlabel(34)=pent gF a0.827397260273973 t1.82739726027397;
  INPUT ---       rlabel(35)=pent gF a1.4027397260274 t2.4027397260274;
  INPUT ---       rlabel(36)=pent gF a1.40547945205479 t2.40547945205479;
  INPUT ---       rlabel(37)=pent gF a1.40821917808219 t2.40821917808219;
  INPUT ---       rlabel(38)=pent gM a0.00547945205479452 t1.00547945205479;
  INPUT ---       rlabel(39)=pent gM a0.00821917808219178 t1.00821917808219;
  INPUT ---       rlabel(40)=pent gM a0.010958904109589 t1.01095890410959;
  INPUT ---       rlabel(41)=pent gM a0.0164383561643836 t1.01643835616438;
  INPUT ---       rlabel(42)=pent gM a0.0246575342465753 t1.02465753424658;
  INPUT ---       rlabel(43)=pent gM a0.0273972602739726 t1.02739726027397;
  INPUT ---       rlabel(44)=pent gM a0.0301369863013699 t1.03013698630137;
  INPUT ---       rlabel(45)=pent gM a0.0356164383561644 t1.03561643835616;
  INPUT ---       rlabel(46)=pent gM a0.0410958904109589 t1.04109589041096;
  INPUT ---       rlabel(47)=pent gM a0.0493150684931507 t1.04931506849315;
  INPUT ---       rlabel(48)=pent gM a0.0520547945205479 t1.05205479452055;
  INPUT ---       rlabel(49)=pent gM a0.0657534246575342 t1.06575342465753;
  INPUT ---       rlabel(50)=pent gM a0.0712328767123288 t1.07123287671233;
  INPUT ---       rlabel(51)=pent gM a0.0986301369863014 t1.0986301369863;
  INPUT ---       rlabel(52)=pent gM a0.101369863013699 t1.1013698630137;
  INPUT ---       rlabel(53)=pent gM a0.106849315068493 t1.10684931506849;
  INPUT ---       rlabel(54)=pent gM a0.10958904109589 t1.10958904109589;
  INPUT ---       rlabel(55)=pent gM a0.120547945205479 t1.12054794520548;
  INPUT ---       rlabel(56)=pent gM a0.350684931506849 t1.35068493150685;
  INPUT ---       rlabel(57)=pent gM a0.358904109589041 t1.35890410958904;
  INPUT ---       rlabel(58)=pent gM a0.613698630136986 t1.61369863013699;
  INPUT ---       rlabel(59)=pent gM a0.638356164383562 t1.63835616438356;
  INPUT ---       rlabel(60)=pent gM a0.646575342465753 t1.64657534246575;
  INPUT ---       rlabel(61)=pent gM a0.649315068493151 t1.64931506849315;
  INPUT ---       rlabel(62)=pent gM a0.652054794520548 t1.65205479452055;
  INPUT ---       rlabel(63)=pent gM a0.704109589041096 t1.7041095890411;
  INPUT ---       rlabel(64)=pent gM a0.706849315068493 t1.70684931506849;
  INPUT ---       rlabel(65)=pent gM a0.70958904109589 t1.70958904109589;
  INPUT ---       rlabel(66)=pent gM a0.827397260273973 t1.82739726027397;
  INPUT ---       rlabel(67)=pent gM a1.4027397260274 t2.4027397260274;
  INPUT ---       rlabel(68)=pent gM a1.40547945205479 t2.40547945205479;
  INPUT ---       rlabel(69)=pent gM a1.40821917808219 t2.40821917808219;

  Program  MARK  - Survival Rate Estimation with Capture-Recapture Data
   gfortran(dble) Vers. 9.0 Mar 2018    25-Mar-2020 14:33:52    Page  009
 - - - - - - - - - - - - - - - - - - - - - - - - - - - - - - - - - - - - - -
 

 Link Function Used is PARM-SPECIFIC

 Variance Estimation Procedure Used is 2ndPart 

 M(t+1):
      16     29



 Group: 1

 U(t)+UL(t):
       0    2    2    0    1    0    3    1    1    0    0    0    0    0    1
       0    0    0    2    1    1    0    0    0    1    0    0    0    0    0
       0    0    0

 U(t):
       0    2    2    0    1    0    3    1    1    0    0    0    0    0    1
       0    0    0    2    1    1    0    0    0    1    0    0    0    0    0
       0    0    0

 UL(t):
       0    0    0    0    0    0    0    0    0    0    0    0    0    0    0
       0    0    0    0    0    0    0    0    0    0    0    0    0    0    0
       0    0    0

 Not Released(t):
       0    0    0    0    0    0    0    0    0    0    0    0    0    0    0
       0    0    0    0    0    0    0    0    0    0    0    0    0    0    0
       0    0    0

 Group: 2

 U(t)+UL(t):
       3    0    1    1    1    1    1    0    1    1    2    1    3    3    1
       1    0    2    3    1    0    0    1    0    0    0    0    0    0    1
       0    0    0

 U(t):
       3    0    1    1    1    1    1    0    1    1    2    1    3    3    1
       1    0    2    3    1    0    0    1    0    0    0    0    0    0    1
       0    0    0

 UL(t):
       0    0    0    0    0    0    0    0    0    0    0    0    0    0    0
       0    0    0    0    0    0    0    0    0    0    0    0    0    0    0
       0    0    0

 Not Released(t):
       0    0    0    0    0    0    0    0    0    0    0    0    0    0    0
       0    0    0    0    0    0    0    0    0    0    0    0    0    0    0
       0    0    0
 -2logL(saturated) = 272.93564     
 Effective Sample Size = 103

 Number of function evaluations was 24 for 6 parameters.
 Time for numerical optimization was 0.02 seconds.     
 -2logL { Phi(~1)p(~sex)pent(~1)N(~sex) } = 557.52385     
 Penalty { Phi(~1)p(~sex)pent(~1)N(~sex) } = 0.0000000     
 Gradient { Phi(~1)p(~sex)pent(~1)N(~sex) }:
  0.1709331E-04  0.1194811E-04  0.1622546E-04  0.8610585E-05  0.5700015E-05
  0.7202891E-05
 Maximum ABS(G) { Phi(~1)p(~sex)pent(~1)N(~sex) } = 0.1709331E-04 
 S Vector { Phi(~1)p(~sex)pent(~1)N(~sex) }:
   129.5781      12.30475      6.999296      2.773311     0.8294126    
  0.1680594    
 Time to compute number of parameters was 0.12 seconds.     
 Ratio Threshold = 50.000000       Max Gap (1/2) = 10.530738       Next Max Gap (1/2) = 10.530738     
 Gap Method for Num. of Estimated Parameters { Phi(~1)p(~sex)pent(~1)N(~sex) } = 6          
 Threshold { Phi(~1)p(~sex)pent(~1)N(~sex) } = 0.3418662E-04                 
 Numerical Threshold Method for Num. of Estimated Parameters { Phi(~1)p(~sex)pent(~1)N(~sex) } = 6          
 Number of Estimated Parameters { Phi(~1)p(~sex)pent(~1)N(~sex) } = 6          
 DEVIANCE { Phi(~1)p(~sex)pent(~1)N(~sex) } = 284.58820                     
 DEVIANCE Degrees of Freedom { Phi(~1)p(~sex)pent(~1)N(~sex) } = 35            
 c-hat { Phi(~1)p(~sex)pent(~1)N(~sex) } = 8.1310916                     
 AIC { Phi(~1)p(~sex)pent(~1)N(~sex) } = 569.52385                  
 AICc { Phi(~1)p(~sex)pent(~1)N(~sex) } = 570.39885                    
 BIC { Phi(~1)p(~sex)pent(~1)N(~sex) } = 585.33222                    
 Pearson Chisquare { Phi(~1)p(~sex)pent(~1)N(~sex) } = 25765779.                  


              PARM-SPECIFIC Link Function Parameters of { Phi(~1)p(~sex)pent(~1)N(~sex) }
                                                              95% Confidence Interval
 Parameter                    Beta         Standard Error      Lower           Upper
 -------------------------  --------------  --------------  --------------  --------------
    1:Phi:(Intercept)        0.3390142       0.7538396      -1.1385115       1.8165398    
    2:p:(Intercept)         -2.8312643       0.2878315      -3.3954140      -2.2671146    
    3:p:sexM                 0.4106341       0.3061070      -0.1893356       1.0106037    
    4:pent:(Intercept)      -5.2023384       2.3386029      -9.7860001      -0.6186767    
    5:N:(Intercept)          1.6769736       0.8276681       0.0547441       3.2992032    
    6:N:sexM                -0.0592128       0.9216653      -1.8656768       1.7472513    


              Real Function Parameters of { Phi(~1)p(~sex)pent(~1)N(~sex) }
                                                               95% Confidence Interval
  Parameter                  Estimate       Standard Error      Lower           Upper
 --------------------------  --------------  --------------  --------------  --------------
     1:Phi gF a0 t1           0.5839510       0.1831470       0.2425938       0.8601504                          
     2:p gF a0 t1             0.0556579       0.0151285       0.0324391       0.0938834                          
     3:p gM a0 t1             0.0816130       0.0145551       0.0572569       0.1150653                          
     4:N gF a0 t1             21.349342       4.4274802       17.298451       38.038148                          
     5:N gM a0 t1             34.041789       4.4204132       30.147604       51.150181                          
     6:pent gF a0.005479452   0.0046795       0.0093048       0.9368570E-04   0.1908862                          
     7:pent gF a0.008219178   0.0046795       0.0093048       0.9368570E-04   0.1908862                          

  Program  MARK  - Survival Rate Estimation with Capture-Recapture Data
   gfortran(dble) Vers. 9.0 Mar 2018    25-Mar-2020 14:33:52    Page  010
 - - - - - - - - - - - - - - - - - - - - - - - - - - - - - - - - - - - - - -
 
     8:pent gF a0.010958904   0.0046795       0.0093048       0.9368570E-04   0.1908862                          
     9:pent gF a0.016438356   0.0046795       0.0093048       0.9368570E-04   0.1908862                          
    10:pent gF a0.024657534   0.0046795       0.0093048       0.9368570E-04   0.1908862                          
    11:pent gF a0.027397260   0.0046795       0.0093048       0.9368570E-04   0.1908862                          
    12:pent gF a0.030136986   0.0046795       0.0093048       0.9368570E-04   0.1908862                          
    13:pent gF a0.035616438   0.0046795       0.0093048       0.9368570E-04   0.1908862                          
    14:pent gF a0.041095890   0.0046795       0.0093048       0.9368570E-04   0.1908862                          
    15:pent gF a0.049315068   0.0046795       0.0093048       0.9368570E-04   0.1908862                          
    16:pent gF a0.052054794   0.0046795       0.0093048       0.9368570E-04   0.1908862                          
    17:pent gF a0.065753424   0.0046795       0.0093048       0.9368570E-04   0.1908862                          
    18:pent gF a0.071232876   0.0046795       0.0093048       0.9368570E-04   0.1908862                          
    19:pent gF a0.098630136   0.0046795       0.0093048       0.9368570E-04   0.1908862                          
    20:pent gF a0.101369863   0.0046795       0.0093048       0.9368570E-04   0.1908862                          
    21:pent gF a0.106849315   0.0046795       0.0093048       0.9368570E-04   0.1908862                          
    22:pent gF a0.109589041   0.0046795       0.0093048       0.9368570E-04   0.1908862                          
    23:pent gF a0.120547945   0.0046795       0.0093048       0.9368570E-04   0.1908862                          
    24:pent gF a0.350684931   0.0046795       0.0093048       0.9368570E-04   0.1908862                          
    25:pent gF a0.358904109   0.0046795       0.0093048       0.9368570E-04   0.1908862                          
    26:pent gF a0.613698630   0.0046795       0.0093048       0.9368570E-04   0.1908862                          
    27:pent gF a0.638356164   0.0046795       0.0093048       0.9368570E-04   0.1908862                          
    28:pent gF a0.646575342   0.0046795       0.0093048       0.9368570E-04   0.1908862                          
    29:pent gF a0.649315068   0.0046795       0.0093048       0.9368570E-04   0.1908862                          
    30:pent gF a0.652054794   0.0046795       0.0093048       0.9368570E-04   0.1908862                          
    31:pent gF a0.704109589   0.0046795       0.0093048       0.9368570E-04   0.1908862                          
    32:pent gF a0.706849315   0.0046795       0.0093048       0.9368570E-04   0.1908862                          
    33:pent gF a0.709589041   0.0046795       0.0093048       0.9368570E-04   0.1908862                          
    34:pent gF a0.827397260   0.0046795       0.0093048       0.9368570E-04   0.1908862                          
    35:pent gF a1.402739726   0.0046795       0.0093048       0.9368570E-04   0.1908862                          
    36:pent gF a1.405479452   0.0046795       0.0093048       0.9368570E-04   0.1908862                          
    37:pent gF a1.408219178   0.0046795       0.0093048       0.9368570E-04   0.1908862                          
    38:pent gM a0.005479452   0.0046795       0.0093048       0.9368570E-04   0.1908862                          
    39:pent gM a0.008219178   0.0046795       0.0093048       0.9368570E-04   0.1908862                          
    40:pent gM a0.010958904   0.0046795       0.0093048       0.9368570E-04   0.1908862                          
    41:pent gM a0.016438356   0.0046795       0.0093048       0.9368570E-04   0.1908862                          
    42:pent gM a0.024657534   0.0046795       0.0093048       0.9368570E-04   0.1908862                          
    43:pent gM a0.027397260   0.0046795       0.0093048       0.9368570E-04   0.1908862                          
    44:pent gM a0.030136986   0.0046795       0.0093048       0.9368570E-04   0.1908862                          
    45:pent gM a0.035616438   0.0046795       0.0093048       0.9368570E-04   0.1908862                          
    46:pent gM a0.041095890   0.0046795       0.0093048       0.9368570E-04   0.1908862                          
    47:pent gM a0.049315068   0.0046795       0.0093048       0.9368570E-04   0.1908862                          
    48:pent gM a0.052054794   0.0046795       0.0093048       0.9368570E-04   0.1908862                          
    49:pent gM a0.065753424   0.0046795       0.0093048       0.9368570E-04   0.1908862                          
    50:pent gM a0.071232876   0.0046795       0.0093048       0.9368570E-04   0.1908862                          
    51:pent gM a0.098630136   0.0046795       0.0093048       0.9368570E-04   0.1908862                          
    52:pent gM a0.101369863   0.0046795       0.0093048       0.9368570E-04   0.1908862                          
    53:pent gM a0.106849315   0.0046795       0.0093048       0.9368570E-04   0.1908862                          

  Program  MARK  - Survival Rate Estimation with Capture-Recapture Data
   gfortran(dble) Vers. 9.0 Mar 2018    25-Mar-2020 14:33:52    Page  011
 - - - - - - - - - - - - - - - - - - - - - - - - - - - - - - - - - - - - - -
 
    54:pent gM a0.109589041   0.0046795       0.0093048       0.9368570E-04   0.1908862                          
    55:pent gM a0.120547945   0.0046795       0.0093048       0.9368570E-04   0.1908862                          
    56:pent gM a0.350684931   0.0046795       0.0093048       0.9368570E-04   0.1908862                          
    57:pent gM a0.358904109   0.0046795       0.0093048       0.9368570E-04   0.1908862                          
    58:pent gM a0.613698630   0.0046795       0.0093048       0.9368570E-04   0.1908862                          
    59:pent gM a0.638356164   0.0046795       0.0093048       0.9368570E-04   0.1908862                          
    60:pent gM a0.646575342   0.0046795       0.0093048       0.9368570E-04   0.1908862                          
    61:pent gM a0.649315068   0.0046795       0.0093048       0.9368570E-04   0.1908862                          
    62:pent gM a0.652054794   0.0046795       0.0093048       0.9368570E-04   0.1908862                          
    63:pent gM a0.704109589   0.0046795       0.0093048       0.9368570E-04   0.1908862                          
    64:pent gM a0.706849315   0.0046795       0.0093048       0.9368570E-04   0.1908862                          
    65:pent gM a0.709589041   0.0046795       0.0093048       0.9368570E-04   0.1908862                          
    66:pent gM a0.827397260   0.0046795       0.0093048       0.9368570E-04   0.1908862                          
    67:pent gM a1.402739726   0.0046795       0.0093048       0.9368570E-04   0.1908862                          
    68:pent gM a1.405479452   0.0046795       0.0093048       0.9368570E-04   0.1908862                          
    69:pent gM a1.408219178   0.0046795       0.0093048       0.9368570E-04   0.1908862                          


                      Estimates of Derived Parameters
  Gross Birth+Immigration Estimates of { Phi(~1)p(~sex)pent(~1)N(~sex) }
                                                95% Confidence Interval
 Grp. Occ.   B*-hat          Standard Error      Lower           Upper
 ---- ----   --------------  --------------  --------------  --------------
   1     1    0.1000522       0.2111784       0.0077895       1.2851223    
   1     2    0.0999786       0.2109973       0.0077849       1.2839841    
   1     3    0.0999786       0.2109973       0.0077849       1.2839841    
   1     4    0.1000522       0.2111784       0.0077895       1.2851223    
   1     5    0.1001259       0.2113597       0.0077941       1.2862612    
   1     6    0.0999786       0.2109973       0.0077849       1.2839841    
   1     7    0.0999786       0.2109973       0.0077849       1.2839841    
   1     8    0.1000522       0.2111784       0.0077895       1.2851223    
   1     9    0.1000522       0.2111784       0.0077895       1.2851223    
   1    10    0.1001259       0.2113597       0.0077941       1.2862612    
   1    11    0.0999786       0.2109973       0.0077849       1.2839841    
   1    12    0.1002735       0.2117226       0.0078032       1.2885412    
   1    13    0.1000522       0.2111784       0.0077895       1.2851223    
   1    14    0.1006429       0.2126316       0.0078261       1.2942533    
   1    15    0.0999786       0.2109973       0.0077849       1.2839841    
   1    16    0.1000522       0.2111784       0.0077895       1.2851223    
   1    17    0.0999786       0.2109973       0.0077849       1.2839841    
   1    18    0.1001997       0.2115411       0.0077986       1.2874009    
   1    19    0.1062166       0.2263987       0.0081704       1.3808322    
   1    20    0.1001259       0.2113597       0.0077941       1.2862612    
   1    21    0.1069079       0.2281131       0.0082129       1.3916227    
   1    22    0.1005690       0.2124496       0.0078215       1.2931095    

  Program  MARK  - Survival Rate Estimation with Capture-Recapture Data
   gfortran(dble) Vers. 9.0 Mar 2018    25-Mar-2020 14:33:52    Page  012
 - - - - - - - - - - - - - - - - - - - - - - - - - - - - - - - - - - - - - -
 
   1    23    0.1001259       0.2113597       0.0077941       1.2862612    
   1    24    0.0999786       0.2109973       0.0077849       1.2839841    
   1    25    0.0999786       0.2109973       0.0077849       1.2839841    
   1    26    0.1013102       0.2142746       0.0078675       1.3045790    
   1    27    0.0999786       0.2109973       0.0077849       1.2839841    
   1    28    0.0999786       0.2109973       0.0077849       1.2839841    
   1    29    0.1031040       0.2186985       0.0079785       1.3323907    
   1    30    0.1161613       0.2511880       0.0087789       1.5370305    
   1    31    0.0999786       0.2109973       0.0077849       1.2839841    
   1    32    0.0999786       0.2109973       0.0077849       1.2839841    
   2     1    0.1595345       0.3328786       0.0125972       2.0203850    
   2     2    0.1594170       0.3325923       0.0125899       2.0185894    
   2     3    0.1594170       0.3325923       0.0125899       2.0185894    
   2     4    0.1595345       0.3328786       0.0125972       2.0203850    
   2     5    0.1596520       0.3331651       0.0126046       2.0221817    
   2     6    0.1594170       0.3325923       0.0125899       2.0185894    
   2     7    0.1594170       0.3325923       0.0125899       2.0185894    
   2     8    0.1595345       0.3328786       0.0125972       2.0203850    
   2     9    0.1595345       0.3328786       0.0125972       2.0203850    
   2    10    0.1596520       0.3331651       0.0126046       2.0221817    
   2    11    0.1594170       0.3325923       0.0125899       2.0185894    
   2    12    0.1598873       0.3337387       0.0126193       2.0257783    
   2    13    0.1595345       0.3328786       0.0125972       2.0203850    
   2    14    0.1604764       0.3351754       0.0126562       2.0347892    
   2    15    0.1594170       0.3325923       0.0125899       2.0185894    
   2    16    0.1595345       0.3328786       0.0125972       2.0203850    
   2    17    0.1594170       0.3325923       0.0125899       2.0185894    
   2    18    0.1597696       0.3334518       0.0126120       2.0239794    
   2    19    0.1693636       0.3569359       0.0132101       2.1713793    
   2    20    0.1596520       0.3331651       0.0126046       2.0221817    
   2    21    0.1704660       0.3596459       0.0132785       2.1884042    
   2    22    0.1603584       0.3348877       0.0126488       2.0329848    
   2    23    0.1596520       0.3331651       0.0126046       2.0221817    
   2    24    0.1594170       0.3325923       0.0125899       2.0185894    
   2    25    0.1594170       0.3325923       0.0125899       2.0185894    
   2    26    0.1615404       0.3377723       0.0127227       2.0510784    
   2    27    0.1594170       0.3325923       0.0125899       2.0185894    
   2    28    0.1594170       0.3325923       0.0125899       2.0185894    
   2    29    0.1644006       0.3447646       0.0129013       2.0949537    
   2    30    0.1852207       0.3961234       0.0141889       2.4178486    
   2    31    0.1594170       0.3325923       0.0125899       2.0185894    
   2    32    0.1594170       0.3325923       0.0125899       2.0185894    

   Net Birth+Immigration Estimates of { Phi(~1)p(~sex)pent(~1)N(~sex) }
                                                95% Confidence Interval
 Grp. Occ.   B-hat           Standard Error      Lower           Upper
 ---- ----   --------------  --------------  --------------  --------------
   1     1    0.0999049       0.2108162       0.0077803       1.2828465    
   1     2    0.0999049       0.2108162       0.0077803       1.2828465    
   1     3    0.0999049       0.2108162       0.0077803       1.2828465    
   1     4    0.0999049       0.2108162       0.0077803       1.2828465    
   1     5    0.0999049       0.2108162       0.0077803       1.2828465    
   1     6    0.0999049       0.2108162       0.0077803       1.2828465    
   1     7    0.0999049       0.2108162       0.0077803       1.2828465    
   1     8    0.0999049       0.2108162       0.0077803       1.2828465    
   1     9    0.0999049       0.2108162       0.0077803       1.2828465    
   1    10    0.0999049       0.2108162       0.0077803       1.2828465    
   1    11    0.0999049       0.2108162       0.0077803       1.2828465    
   1    12    0.0999049       0.2108162       0.0077803       1.2828465    
   1    13    0.0999049       0.2108162       0.0077803       1.2828465    
   1    14    0.0999049       0.2108162       0.0077803       1.2828465    
   1    15    0.0999049       0.2108162       0.0077803       1.2828465    
   1    16    0.0999049       0.2108162       0.0077803       1.2828465    
   1    17    0.0999049       0.2108162       0.0077803       1.2828465    
   1    18    0.0999049       0.2108162       0.0077803       1.2828465    
   1    19    0.0999049       0.2108162       0.0077803       1.2828465    
   1    20    0.0999049       0.2108162       0.0077803       1.2828465    
   1    21    0.0999049       0.2108162       0.0077803       1.2828465    
   1    22    0.0999049       0.2108162       0.0077803       1.2828465    
   1    23    0.0999049       0.2108162       0.0077803       1.2828465    
   1    24    0.0999049       0.2108162       0.0077803       1.2828465    
   1    25    0.0999049       0.2108162       0.0077803       1.2828465    
   1    26    0.0999049       0.2108162       0.0077803       1.2828465    
   1    27    0.0999049       0.2108162       0.0077803       1.2828465    
   1    28    0.0999049       0.2108162       0.0077803       1.2828465    
   1    29    0.0999049       0.2108162       0.0077803       1.2828465    
   1    30    0.0999049       0.2108162       0.0077803       1.2828465    
   1    31    0.0999049       0.2108162       0.0077803       1.2828465    
   1    32    0.0999049       0.2108162       0.0077803       1.2828465    
   2     1    0.1592996       0.3323061       0.0125825       2.0167950    
   2     2    0.1592996       0.3323061       0.0125825       2.0167950    
   2     3    0.1592996       0.3323061       0.0125825       2.0167950    
   2     4    0.1592996       0.3323061       0.0125825       2.0167950    
   2     5    0.1592996       0.3323061       0.0125825       2.0167950    
   2     6    0.1592996       0.3323061       0.0125825       2.0167950    
   2     7    0.1592996       0.3323061       0.0125825       2.0167950    
   2     8    0.1592996       0.3323061       0.0125825       2.0167950    
   2     9    0.1592996       0.3323061       0.0125825       2.0167950    
   2    10    0.1592996       0.3323061       0.0125825       2.0167950    
   2    11    0.1592996       0.3323061       0.0125825       2.0167950    
   2    12    0.1592996       0.3323061       0.0125825       2.0167950    
   2    13    0.1592996       0.3323061       0.0125825       2.0167950    
   2    14    0.1592996       0.3323061       0.0125825       2.0167950    
   2    15    0.1592996       0.3323061       0.0125825       2.0167950    
   2    16    0.1592996       0.3323061       0.0125825       2.0167950    
   2    17    0.1592996       0.3323061       0.0125825       2.0167950    
   2    18    0.1592996       0.3323061       0.0125825       2.0167950    
   2    19    0.1592996       0.3323061       0.0125825       2.0167950    
   2    20    0.1592996       0.3323061       0.0125825       2.0167950    
   2    21    0.1592996       0.3323061       0.0125825       2.0167950    
   2    22    0.1592996       0.3323061       0.0125825       2.0167950    
   2    23    0.1592996       0.3323061       0.0125825       2.0167950    
   2    24    0.1592996       0.3323061       0.0125825       2.0167950    
   2    25    0.1592996       0.3323061       0.0125825       2.0167950    
   2    26    0.1592996       0.3323061       0.0125825       2.0167950    
   2    27    0.1592996       0.3323061       0.0125825       2.0167950    
   2    28    0.1592996       0.3323061       0.0125825       2.0167950    
   2    29    0.1592996       0.3323061       0.0125825       2.0167950    
   2    30    0.1592996       0.3323061       0.0125825       2.0167950    
   2    31    0.1592996       0.3323061       0.0125825       2.0167950    
   2    32    0.1592996       0.3323061       0.0125825       2.0167950    

        Population Estimates of { Phi(~1)p(~sex)pent(~1)N(~sex) }
                                                95% Confidence Interval
 Grp. Occ.   N-hat           Standard Error      Lower           Upper
 ---- ----   --------------  --------------  --------------  --------------
   1     1    18.152385       5.3025217       10.359903       31.806196    
   1     2    18.198863       5.1432317       10.570258       31.333068    
   1     3    18.271966       4.9886486       10.803104       30.904520    
   1     4    18.344961       4.8382745       11.035229       30.496658    

  Program  MARK  - Survival Rate Estimation with Capture-Recapture Data
   gfortran(dble) Vers. 9.0 Mar 2018    25-Mar-2020 14:33:52    Page  013
 - - - - - - - - - - - - - - - - - - - - - - - - - - - - - - - - - - - - - -
 
   1     5    18.390872       4.6918298       11.242326       30.084893    
   1     6    18.409643       4.5497305       11.423179       29.669058    
   1     7    18.482436       4.4136723       11.649232       29.323860    
   1     8    18.555121       4.2834358       11.871510       29.001578    
   1     9    18.600414       4.1590349       12.064460       28.677238    
   1    10    18.645572       4.0411957       12.251751       28.376137    
   1    11    18.663220       3.9299028       12.407572       28.072839    
   1    12    18.735639       3.8270218       12.605760       27.846331    
   1    13    18.697988       3.7299349       12.695363       27.538775    
   1    14    18.742860       3.6425522       12.851039       27.335907    
   1    15    18.568557       3.5588087       12.796902       26.943344    
   1    16    18.641116       3.4881919       12.958586       26.815519    
   1    17    18.686155       3.4273093       13.082301       26.690442    
   1    18    18.758541       3.3782564       13.216716       26.624077    
   1    19    18.748185       3.3359547       13.264069       26.499745    
   1    20    16.664995       3.3437718       11.290002       24.598940    
   1    21    16.691380       3.2965254       11.375843       24.490684    
   1    22    14.653365       3.5143366       9.2179916       23.293696    
   1    23    14.560187       3.4813491       9.1719684       23.113801    
   1    24    14.595858       3.4373703       9.2568733       23.014149    
   1    25    14.674267       3.3981549       9.3757623       22.967105    
   1    26    14.752561       3.3709994       9.4805078       22.956371    
   1    27    14.445091       3.4011104       9.1621552       22.774189    
   1    28    14.523723       3.3913771       9.2458276       22.814455    
   1    29    14.602238       3.3939220       9.3147660       22.891113    
   1    30    13.805461       3.4855957       8.4810101       22.472647    
   1    31    10.230555       3.9014930       4.9686291       21.065019    
   1    32    10.315394       3.8611417       5.0728654       20.975788    
   1    33    10.400107       3.8316441       5.1683729       20.927713    
   2     1    28.944201       7.7884387       17.238648       48.598172    
   2     2    29.018310       7.4820533       17.648878       47.711947    
   2     3    29.134874       7.1769375       18.105441       46.883194    
   2     4    29.251266       6.8744421       18.568622       46.079701    
   2     5    29.324471       6.5770833       18.995527       45.269847    
   2     6    29.354402       6.2859182       19.383572       44.454185    
   2     7    29.470471       5.9926955       19.863052       43.724834    
   2     8    29.586369       5.7035188       20.346638       43.022007    
   2     9    29.658588       5.4226376       20.787177       42.316080    
   2    10    29.730594       5.1470996       21.228707       41.637404    
   2    11    29.758733       4.8819901       21.622025       40.957412    
   2    12    29.874206       4.6145676       22.109863       40.365161    
   2    13    29.814171       4.3746784       22.396848       39.687942    
   2    14    29.885720       4.1283552       22.826191       39.128571    
   2    15    29.607793       3.9383118       22.838973       38.382698    
   2    16    29.723488       3.7058529       23.301349       37.915649    
   2    17    29.795304       3.4939843       23.695691       37.465045    

  Program  MARK  - Survival Rate Estimation with Capture-Recapture Data
   gfortran(dble) Vers. 9.0 Mar 2018    25-Mar-2020 14:33:52    Page  014
 - - - - - - - - - - - - - - - - - - - - - - - - - - - - - - - - - - - - - -
 
   2    18    29.910723       3.2928361       24.121233       37.089786    
   2    19    29.894212       3.1286170       24.363764       36.680043    
   2    20    26.572540       3.7428656       20.189407       34.973780    
   2    21    26.614611       3.5836599       20.465300       34.611635    
   2    22    23.364970       4.4912887       16.085090       33.939618    
   2    23    23.216397       4.4128811       16.048420       33.585930    
   2    24    23.273274       4.2850783       16.271803       33.287356    
   2    25    23.398299       4.1548330       16.565529       33.049376    
   2    26    23.523140       4.0465301       16.831867       32.874434    
   2    27    23.032875       4.1488880       16.227127       32.692993    
   2    28    23.158254       4.0777849       16.442326       32.617327    
   2    29    23.283448       4.0314065       16.624574       32.609493    
   2    30    22.012976       4.3771877       14.964287       32.381839    
   2    31    16.312746       5.7070464       8.3807130       31.752154    
   2    32    16.448022       5.6097688       8.5851156       31.512380    
   2    33    16.583098       5.5303155       8.7749075       31.339264    

     Gross Population Estimates of { Phi(~1)p(~sex)pent(~1)N(~sex) }
                                                95% Confidence Interval
 Grp. Occ.   N*-hat          Standard Error      Lower           Upper
 ---- ----   --------------  --------------  --------------  --------------
   1     0    21.388309       4.4878473       14.239291       32.126582    
   2     0    34.103921       4.5414613       26.299616       44.224121    

   CPU Time for the last procedure was 0.17 seconds.     

  Program  MARK  - Survival Rate Estimation with Capture-Recapture Data
   gfortran(dble) Vers. 9.0 Mar 2018    25-Mar-2020 14:33:52    Page  015
 - - - - - - - - - - - - - - - - - - - - - - - - - - - - - - - - - - - - - -
 


  INPUT --- proc stop;

     CPU Time in minutes for this job was 0.00

     Time Start = 14:33:52.168   Time End = 14:33:52.511

     Wall Clock Time in minutes for this job was 0.01


          E X E C U T I O N   S U C C E S S F U L 
