
   Program  MARK  - Survival Rate Estimation with Capture-Recapture Data
   gfortran(dble) Vers. 9.0 Mar 2018    25-Mar-2020 14:32:10    Page  001
 - - - - - - - - - - - - - - - - - - - - - - - - - - - - - - - - - - - - - -
 
   This version was compiled by GCC version 7.2.0 using the options: 
     -cpp -iprefix C:/Program Files/mingw-w64/x86_64-7.2.0-posix-seh-rt_v5-rev1/
     mingw64/bin/../lib/gcc/x86_64-w64-mingw32/7.2.0/ -D_MT -D_REENTRANT
     -U_REENTRANT -D IEEE -D DBLEPRECISION -m64 -mtune=core2 -march=nocona -mthreads
     -O2 -fimplicit-none -fbounds-check -funroll-loops -ftree-vectorize
     -ffpe-summary=invalid,zero,overflow,underflow -fno-unsafe-math-optimizations
     -frounding-math -fsignaling-nans -fopenmp.

   This problem will use 15 of 16 possible threads.


  INPUT --- proc title ;

   CPU Time for the last procedure was 0.01 seconds.     


  INPUT --- proc chmatrix occasions= 30 groups= 2 etype= POPAN Nodes= 
  INPUT --- 101 ICMeans NoHist hist= 41  ;

  INPUT ---    time interval 0.00547945205479452 0.00273972602739726 
  INPUT ---    0.00273972602739726 0.00547945205479452  
  INPUT ---    0.00821917808219178 0.00273972602739726 0.00273972602739726 
  INPUT ---    0.00547945205479452  0.00547945205479452 
  INPUT ---    0.00821917808219178 0.00273972602739726 0.0136986301369863 
  INPUT ---    0.00547945205479452  0.0273972602739726 0.00273972602739726 
  INPUT ---    0.00547945205479452 0.00273972602739726 0.010958904109589  
  INPUT ---    0.23013698630137 0.00821917808219178 0.254794520547945 
  INPUT ---    0.0246575342465753 0.00821917808219178  0.00273972602739726 
  INPUT ---    0.00273972602739726 0.0520547945205479 0.00273972602739726 
  INPUT ---    0.00273972602739726  0.117808219178082 ;

  INPUT ---    glabel(1)=sexF;

  INPUT ---    glabel(2)=sexM;

   * *  WARNING  * *   At least a pair of the encounter histories are duplicates. 

      Number of unique encounter histories read was 38.

      Number of individual covariates read was 0.
      Time interval lengths vary and/or not equal to 1.

      Data type number is 19
      Data type is POPAN                                                                                               

   CPU Time for the last procedure was 0.02 seconds.     

  Program  MARK  - Survival Rate Estimation with Capture-Recapture Data
   gfortran(dble) Vers. 9.0 Mar 2018    25-Mar-2020 14:32:10    Page  002
 - - - - - - - - - - - - - - - - - - - - - - - - - - - - - - - - - - - - - -
 


  INPUT --- proc estimate link=Parm-Specific NOLOOP varest=2ndPart    ;


  INPUT --- model={ Phi(~sex)p(~1)pent(~1)N(~1) };

  INPUT ---    group=1 Phi    rows=1 cols=29 Square ;
  INPUT ---        1 1 1 1 1 1 1 1 1 1 1 1 1 1 1 1 1 1 1 1 1 1 1 1 1 1 1 1 1 ;

  INPUT ---    group=2 Phi    rows=1 cols=29 Square ;
  INPUT ---        2 2 2 2 2 2 2 2 2 2 2 2 2 2 2 2 2 2 2 2 2 2 2 2 2 2 2 2 2 ;

  INPUT ---    group=1 p    rows=1 cols=30 Square ;
  INPUT ---        3 3 3 3 3 3 3 3 3 3 3 3 3 3 3 3 3 3 3 3 3 3 3 3 3 3 3 3 3 
  INPUT ---       3 ;

  INPUT ---    group=2 p    rows=1 cols=30 Square ;
  INPUT ---        3 3 3 3 3 3 3 3 3 3 3 3 3 3 3 3 3 3 3 3 3 3 3 3 3 3 3 3 3 
  INPUT ---       3 ;

  INPUT ---    group=1 pent    rows=1 cols=29 Square ;
  INPUT ---        5 6 7 8 9 10 11 12 13 14 15 16 17 18 19 20 21 22 23 24 25 
  INPUT ---       26 27 28 29 30 31 32 33 ;

  INPUT ---    group=2 pent    rows=1 cols=29 Square ;
  INPUT ---        34 35 36 37 38 39 40 41 42 43 44 45 46 47 48 49 50 51 52 
  INPUT ---       53 54 55 56 57 58 59 60 61 62 ;

  INPUT ---    group=1 N    rows=1 cols=1 Square ;
  INPUT ---        4 ;

  INPUT ---    group=2 N    rows=1 cols=1 Square ;
  INPUT ---        4 ;

  INPUT ---    design matrix constraints=62 covariates=5;
  INPUT ---        1 0 0 0 0;
  INPUT ---        1 1 0 0 0;
  INPUT ---        0 0 1 0 0;
  INPUT ---        0 0 0 0 1;
  INPUT ---        0 0 0 1 0;
  INPUT ---        0 0 0 1 0;
  INPUT ---        0 0 0 1 0;
  INPUT ---        0 0 0 1 0;
  INPUT ---        0 0 0 1 0;
  INPUT ---        0 0 0 1 0;

  Program  MARK  - Survival Rate Estimation with Capture-Recapture Data
   gfortran(dble) Vers. 9.0 Mar 2018    25-Mar-2020 14:32:10    Page  003
 - - - - - - - - - - - - - - - - - - - - - - - - - - - - - - - - - - - - - -
 
  INPUT ---        0 0 0 1 0;
  INPUT ---        0 0 0 1 0;
  INPUT ---        0 0 0 1 0;
  INPUT ---        0 0 0 1 0;
  INPUT ---        0 0 0 1 0;
  INPUT ---        0 0 0 1 0;
  INPUT ---        0 0 0 1 0;
  INPUT ---        0 0 0 1 0;
  INPUT ---        0 0 0 1 0;
  INPUT ---        0 0 0 1 0;
  INPUT ---        0 0 0 1 0;
  INPUT ---        0 0 0 1 0;
  INPUT ---        0 0 0 1 0;
  INPUT ---        0 0 0 1 0;
  INPUT ---        0 0 0 1 0;
  INPUT ---        0 0 0 1 0;
  INPUT ---        0 0 0 1 0;
  INPUT ---        0 0 0 1 0;
  INPUT ---        0 0 0 1 0;
  INPUT ---        0 0 0 1 0;
  INPUT ---        0 0 0 1 0;
  INPUT ---        0 0 0 1 0;
  INPUT ---        0 0 0 1 0;
  INPUT ---        0 0 0 1 0;
  INPUT ---        0 0 0 1 0;
  INPUT ---        0 0 0 1 0;
  INPUT ---        0 0 0 1 0;
  INPUT ---        0 0 0 1 0;
  INPUT ---        0 0 0 1 0;
  INPUT ---        0 0 0 1 0;
  INPUT ---        0 0 0 1 0;
  INPUT ---        0 0 0 1 0;
  INPUT ---        0 0 0 1 0;
  INPUT ---        0 0 0 1 0;
  INPUT ---        0 0 0 1 0;
  INPUT ---        0 0 0 1 0;
  INPUT ---        0 0 0 1 0;
  INPUT ---        0 0 0 1 0;
  INPUT ---        0 0 0 1 0;
  INPUT ---        0 0 0 1 0;
  INPUT ---        0 0 0 1 0;
  INPUT ---        0 0 0 1 0;
  INPUT ---        0 0 0 1 0;
  INPUT ---        0 0 0 1 0;
  INPUT ---        0 0 0 1 0;
  INPUT ---        0 0 0 1 0;

  Program  MARK  - Survival Rate Estimation with Capture-Recapture Data
   gfortran(dble) Vers. 9.0 Mar 2018    25-Mar-2020 14:32:10    Page  004
 - - - - - - - - - - - - - - - - - - - - - - - - - - - - - - - - - - - - - -
 
  INPUT ---        0 0 0 1 0;
  INPUT ---        0 0 0 1 0;
  INPUT ---        0 0 0 1 0;
  INPUT ---        0 0 0 1 0;
  INPUT ---        0 0 0 1 0;
  INPUT ---        0 0 0 1 0;

  INPUT ---    links=62;

  INPUT ---    Logit;

  INPUT ---    Logit;

  INPUT ---    Logit;

  INPUT ---    Log;

  INPUT ---    mlogit(1);

  INPUT ---    mlogit(1);

  INPUT ---    mlogit(1);

  INPUT ---    mlogit(1);

  INPUT ---    mlogit(1);

  INPUT ---    mlogit(1);

  INPUT ---    mlogit(1);

  INPUT ---    mlogit(1);

  INPUT ---    mlogit(1);

  INPUT ---    mlogit(1);

  INPUT ---    mlogit(1);

  INPUT ---    mlogit(1);

  INPUT ---    mlogit(1);

  INPUT ---    mlogit(1);

  INPUT ---    mlogit(1);

  Program  MARK  - Survival Rate Estimation with Capture-Recapture Data
   gfortran(dble) Vers. 9.0 Mar 2018    25-Mar-2020 14:32:10    Page  005
 - - - - - - - - - - - - - - - - - - - - - - - - - - - - - - - - - - - - - -
 

  INPUT ---    mlogit(1);

  INPUT ---    mlogit(1);

  INPUT ---    mlogit(1);

  INPUT ---    mlogit(1);

  INPUT ---    mlogit(1);

  INPUT ---    mlogit(1);

  INPUT ---    mlogit(1);

  INPUT ---    mlogit(1);

  INPUT ---    mlogit(1);

  INPUT ---    mlogit(1);

  INPUT ---    mlogit(1);

  INPUT ---    mlogit(1);

  INPUT ---    mlogit(1);

  INPUT ---    mlogit(1);

  INPUT ---    mlogit(2);

  INPUT ---    mlogit(2);

  INPUT ---    mlogit(2);

  INPUT ---    mlogit(2);

  INPUT ---    mlogit(2);

  INPUT ---    mlogit(2);

  INPUT ---    mlogit(2);

  INPUT ---    mlogit(2);

  INPUT ---    mlogit(2);

  Program  MARK  - Survival Rate Estimation with Capture-Recapture Data
   gfortran(dble) Vers. 9.0 Mar 2018    25-Mar-2020 14:32:10    Page  006
 - - - - - - - - - - - - - - - - - - - - - - - - - - - - - - - - - - - - - -
 

  INPUT ---    mlogit(2);

  INPUT ---    mlogit(2);

  INPUT ---    mlogit(2);

  INPUT ---    mlogit(2);

  INPUT ---    mlogit(2);

  INPUT ---    mlogit(2);

  INPUT ---    mlogit(2);

  INPUT ---    mlogit(2);

  INPUT ---    mlogit(2);

  INPUT ---    mlogit(2);

  INPUT ---    mlogit(2);

  INPUT ---    mlogit(2);

  INPUT ---    mlogit(2);

  INPUT ---    mlogit(2);

  INPUT ---    mlogit(2);

  INPUT ---    mlogit(2);

  INPUT ---    mlogit(2);

  INPUT ---    mlogit(2);

  INPUT ---    mlogit(2);

  INPUT ---    mlogit(2);
  INPUT ---       blabel(1)=Phi:(Intercept);
  INPUT ---       blabel(2)=Phi:sexM;
  INPUT ---       blabel(3)=p:(Intercept);
  INPUT ---       blabel(4)=pent:(Intercept);
  INPUT ---       blabel(5)=N:(Intercept);
  INPUT ---       rlabel(1)=Phi gF a0 t1;

  Program  MARK  - Survival Rate Estimation with Capture-Recapture Data
   gfortran(dble) Vers. 9.0 Mar 2018    25-Mar-2020 14:32:10    Page  007
 - - - - - - - - - - - - - - - - - - - - - - - - - - - - - - - - - - - - - -
 
  INPUT ---       rlabel(2)=Phi gM a0 t1;
  INPUT ---       rlabel(3)=p gF a0 t1;
  INPUT ---       rlabel(4)=N gF a0 t1;
  INPUT ---       rlabel(5)=pent gF a0.00547945205479452 t1.00547945205479;
  INPUT ---       rlabel(6)=pent gF a0.00821917808219178 t1.00821917808219;
  INPUT ---       rlabel(7)=pent gF a0.010958904109589 t1.01095890410959;
  INPUT ---       rlabel(8)=pent gF a0.0164383561643836 t1.01643835616438;
  INPUT ---       rlabel(9)=pent gF a0.0246575342465753 t1.02465753424658;
  INPUT ---       rlabel(10)=pent gF a0.0273972602739726 t1.02739726027397;
  INPUT ---       rlabel(11)=pent gF a0.0301369863013699 t1.03013698630137;
  INPUT ---       rlabel(12)=pent gF a0.0356164383561644 t1.03561643835616;
  INPUT ---       rlabel(13)=pent gF a0.0410958904109589 t1.04109589041096;
  INPUT ---       rlabel(14)=pent gF a0.0493150684931507 t1.04931506849315;
  INPUT ---       rlabel(15)=pent gF a0.0520547945205479 t1.05205479452055;
  INPUT ---       rlabel(16)=pent gF a0.0657534246575342 t1.06575342465753;
  INPUT ---       rlabel(17)=pent gF a0.0712328767123288 t1.07123287671233;
  INPUT ---       rlabel(18)=pent gF a0.0986301369863014 t1.0986301369863;
  INPUT ---       rlabel(19)=pent gF a0.101369863013699 t1.1013698630137;
  INPUT ---       rlabel(20)=pent gF a0.106849315068493 t1.10684931506849;
  INPUT ---       rlabel(21)=pent gF a0.10958904109589 t1.10958904109589;
  INPUT ---       rlabel(22)=pent gF a0.120547945205479 t1.12054794520548;
  INPUT ---       rlabel(23)=pent gF a0.350684931506849 t1.35068493150685;
  INPUT ---       rlabel(24)=pent gF a0.358904109589041 t1.35890410958904;
  INPUT ---       rlabel(25)=pent gF a0.613698630136986 t1.61369863013699;
  INPUT ---       rlabel(26)=pent gF a0.638356164383562 t1.63835616438356;
  INPUT ---       rlabel(27)=pent gF a0.646575342465753 t1.64657534246575;
  INPUT ---       rlabel(28)=pent gF a0.649315068493151 t1.64931506849315;
  INPUT ---       rlabel(29)=pent gF a0.652054794520548 t1.65205479452055;
  INPUT ---       rlabel(30)=pent gF a0.704109589041096 t1.7041095890411;
  INPUT ---       rlabel(31)=pent gF a0.706849315068493 t1.70684931506849;
  INPUT ---       rlabel(32)=pent gF a0.70958904109589 t1.70958904109589;
  INPUT ---       rlabel(33)=pent gF a0.827397260273973 t1.82739726027397;
  INPUT ---       rlabel(34)=pent gM a0.00547945205479452 t1.00547945205479;
  INPUT ---       rlabel(35)=pent gM a0.00821917808219178 t1.00821917808219;
  INPUT ---       rlabel(36)=pent gM a0.010958904109589 t1.01095890410959;
  INPUT ---       rlabel(37)=pent gM a0.0164383561643836 t1.01643835616438;
  INPUT ---       rlabel(38)=pent gM a0.0246575342465753 t1.02465753424658;
  INPUT ---       rlabel(39)=pent gM a0.0273972602739726 t1.02739726027397;
  INPUT ---       rlabel(40)=pent gM a0.0301369863013699 t1.03013698630137;
  INPUT ---       rlabel(41)=pent gM a0.0356164383561644 t1.03561643835616;
  INPUT ---       rlabel(42)=pent gM a0.0410958904109589 t1.04109589041096;
  INPUT ---       rlabel(43)=pent gM a0.0493150684931507 t1.04931506849315;
  INPUT ---       rlabel(44)=pent gM a0.0520547945205479 t1.05205479452055;
  INPUT ---       rlabel(45)=pent gM a0.0657534246575342 t1.06575342465753;
  INPUT ---       rlabel(46)=pent gM a0.0712328767123288 t1.07123287671233;
  INPUT ---       rlabel(47)=pent gM a0.0986301369863014 t1.0986301369863;

  Program  MARK  - Survival Rate Estimation with Capture-Recapture Data
   gfortran(dble) Vers. 9.0 Mar 2018    25-Mar-2020 14:32:10    Page  008
 - - - - - - - - - - - - - - - - - - - - - - - - - - - - - - - - - - - - - -
 
  INPUT ---       rlabel(48)=pent gM a0.101369863013699 t1.1013698630137;
  INPUT ---       rlabel(49)=pent gM a0.106849315068493 t1.10684931506849;
  INPUT ---       rlabel(50)=pent gM a0.10958904109589 t1.10958904109589;
  INPUT ---       rlabel(51)=pent gM a0.120547945205479 t1.12054794520548;
  INPUT ---       rlabel(52)=pent gM a0.350684931506849 t1.35068493150685;
  INPUT ---       rlabel(53)=pent gM a0.358904109589041 t1.35890410958904;
  INPUT ---       rlabel(54)=pent gM a0.613698630136986 t1.61369863013699;
  INPUT ---       rlabel(55)=pent gM a0.638356164383562 t1.63835616438356;
  INPUT ---       rlabel(56)=pent gM a0.646575342465753 t1.64657534246575;
  INPUT ---       rlabel(57)=pent gM a0.649315068493151 t1.64931506849315;
  INPUT ---       rlabel(58)=pent gM a0.652054794520548 t1.65205479452055;
  INPUT ---       rlabel(59)=pent gM a0.704109589041096 t1.7041095890411;
  INPUT ---       rlabel(60)=pent gM a0.706849315068493 t1.70684931506849;
  INPUT ---       rlabel(61)=pent gM a0.70958904109589 t1.70958904109589;
  INPUT ---       rlabel(62)=pent gM a0.827397260273973 t1.82739726027397;

 Link Function Used is PARM-SPECIFIC

 Variance Estimation Procedure Used is 2ndPart 

 M(t+1):
      16     29



 Group: 1

 U(t)+UL(t):
       0    2    2    0    1    0    3    1    1    0    0    0    0    0    1
       0    0    0    2    1    1    0    0    0    1    0    0    0    0    0

 U(t):
       0    2    2    0    1    0    3    1    1    0    0    0    0    0    1
       0    0    0    2    1    1    0    0    0    1    0    0    0    0    0

 UL(t):
       0    0    0    0    0    0    0    0    0    0    0    0    0    0    0
       0    0    0    0    0    0    0    0    0    0    0    0    0    0    0

 Not Released(t):
       0    0    0    0    0    0    0    0    0    0    0    0    0    0    0
       0    0    0    0    0    0    0    0    0    0    0    0    0    0    0

 Group: 2

 U(t)+UL(t):
       3    0    1    1    1    1    1    0    1    1    2    1    3    3    1
       1    0    2    3    1    0    0    1    0    0    0    0    0    0    1

 U(t):
       3    0    1    1    1    1    1    0    1    1    2    1    3    3    1
       1    0    2    3    1    0    0    1    0    0    0    0    0    0    1

 UL(t):
       0    0    0    0    0    0    0    0    0    0    0    0    0    0    0
       0    0    0    0    0    0    0    0    0    0    0    0    0    0    0

 Not Released(t):
       0    0    0    0    0    0    0    0    0    0    0    0    0    0    0
       0    0    0    0    0    0    0    0    0    0    0    0    0    0    0
 -2logL(saturated) = 272.93564     
 Effective Sample Size = 98

 Number of function evaluations was 26 for 5 parameters.
 Time for numerical optimization was 0.06 seconds.     
 -2logL { Phi(~sex)p(~1)pent(~1)N(~1) } = 511.95571     
 Penalty { Phi(~sex)p(~1)pent(~1)N(~1) } = 0.0000000     
 Gradient { Phi(~sex)p(~1)pent(~1)N(~1) }:
   0.000000      0.1879722E-05   0.000000     -0.4518740E-05 -0.2599999E-05
 Maximum ABS(G) { Phi(~sex)p(~1)pent(~1)N(~1) } = 0.4518740E-05 
 S Vector { Phi(~sex)p(~1)pent(~1)N(~1) }:
   77.70607      7.100881      1.882043     0.5503968     0.2518396    
 Time to compute number of parameters was 0.02 seconds.     
 Ratio Threshold = 50.000000       Max Gap (1/2) = 10.943159       Next Max Gap (1/2) = 10.943159     
 Gap Method for Num. of Estimated Parameters { Phi(~sex)p(~1)pent(~1)N(~1) } = 5          
 Threshold { Phi(~sex)p(~1)pent(~1)N(~1) } = 0.9037481E-05                 
 Numerical Threshold Method for Num. of Estimated Parameters { Phi(~sex)p(~1)pent(~1)N(~1) } = 5          
 Number of Estimated Parameters { Phi(~sex)p(~1)pent(~1)N(~1) } = 5          
 DEVIANCE { Phi(~sex)p(~1)pent(~1)N(~1) } = 239.02007                     
 DEVIANCE Degrees of Freedom { Phi(~sex)p(~1)pent(~1)N(~1) } = 36            
 c-hat { Phi(~sex)p(~1)pent(~1)N(~1) } = 6.6394464                     
 AIC { Phi(~sex)p(~1)pent(~1)N(~1) } = 521.95571                  
 AICc { Phi(~sex)p(~1)pent(~1)N(~1) } = 522.60789                    
 BIC { Phi(~sex)p(~1)pent(~1)N(~1) } = 534.88055                    
 Pearson Chisquare { Phi(~sex)p(~1)pent(~1)N(~1) } = 214123.74                  
 Possible Encounter Histories { Phi(~sex)p(~1)pent(~1)N(~1) } = 2147483646             
 Pearson Chisquare df { Phi(~sex)p(~1)pent(~1)N(~1) } = 2147483639        
 Pearson chat { Phi(~sex)p(~1)pent(~1)N(~1) } = 0.9970913E-04              
 Sum(Observed/Expected) { Phi(~sex)p(~1)pent(~1)N(~1) } = 213909.27                  
 Fletcher chat { Phi(~sex)p(~1)pent(~1)N(~1) } = 1.0010026                  


               PARM-SPECIFIC Link Function Parameters of { Phi(~sex)p(~1)pent(~1)N(~1) }
                                                              95% Confidence Interval
 Parameter                    Beta         Standard Error      Lower           Upper
 -------------------------  --------------  --------------  --------------  --------------
    1:Phi:(Intercept)       -1.5703769       1.0892430      -3.7052932       0.5645394    
    2:Phi:sexM               3.0587884       1.9581940      -0.7792720       6.8968487    
    3:p:(Intercept)         -2.4790831       0.1825339      -2.8368494      -2.1213167    
    4:pent:(Intercept)      -4.0651689       1.0658209      -6.1541779      -1.9761598    

  Program  MARK  - Survival Rate Estimation with Capture-Recapture Data
   gfortran(dble) Vers. 9.0 Mar 2018    25-Mar-2020 14:32:10    Page  009
 - - - - - - - - - - - - - - - - - - - - - - - - - - - - - - - - - - - - - -
 
    5:N:(Intercept)          1.9343834       0.5314312       0.8927782       2.9759886    


               Real Function Parameters of { Phi(~sex)p(~1)pent(~1)N(~1) }
                                                               95% Confidence Interval
  Parameter                  Estimate       Standard Error      Lower           Upper
 --------------------------  --------------  --------------  --------------  --------------
     1:Phi gF a0 t1           0.1721627       0.1552418       0.0240027       0.6375022                          
     2:Phi gM a0 t1           0.8158397       0.3044580       0.0770340       0.9957652                          
     3:p gF a0 t1             0.0773376       0.0130250       0.0553651       0.1070422                          
     4:N gF a0 t1             22.919776       3.6773848       18.603456       34.392204                          
     5:pent gF a0.005479452   0.0114581       0.0081543       0.0028189       0.0453686                          
     6:pent gF a0.008219178   0.0114581       0.0081543       0.0028189       0.0453686                          
     7:pent gF a0.010958904   0.0114581       0.0081543       0.0028189       0.0453686                          
     8:pent gF a0.016438356   0.0114581       0.0081543       0.0028189       0.0453686                          
     9:pent gF a0.024657534   0.0114581       0.0081543       0.0028189       0.0453686                          
    10:pent gF a0.027397260   0.0114581       0.0081543       0.0028189       0.0453686                          
    11:pent gF a0.030136986   0.0114581       0.0081543       0.0028189       0.0453686                          
    12:pent gF a0.035616438   0.0114581       0.0081543       0.0028189       0.0453686                          
    13:pent gF a0.041095890   0.0114581       0.0081543       0.0028189       0.0453686                          
    14:pent gF a0.049315068   0.0114581       0.0081543       0.0028189       0.0453686                          
    15:pent gF a0.052054794   0.0114581       0.0081543       0.0028189       0.0453686                          
    16:pent gF a0.065753424   0.0114581       0.0081543       0.0028189       0.0453686                          
    17:pent gF a0.071232876   0.0114581       0.0081543       0.0028189       0.0453686                          
    18:pent gF a0.098630136   0.0114581       0.0081543       0.0028189       0.0453686                          
    19:pent gF a0.101369863   0.0114581       0.0081543       0.0028189       0.0453686                          
    20:pent gF a0.106849315   0.0114581       0.0081543       0.0028189       0.0453686                          
    21:pent gF a0.109589041   0.0114581       0.0081543       0.0028189       0.0453686                          
    22:pent gF a0.120547945   0.0114581       0.0081543       0.0028189       0.0453686                          
    23:pent gF a0.350684931   0.0114581       0.0081543       0.0028189       0.0453686                          
    24:pent gF a0.358904109   0.0114581       0.0081543       0.0028189       0.0453686                          
    25:pent gF a0.613698630   0.0114581       0.0081543       0.0028189       0.0453686                          
    26:pent gF a0.638356164   0.0114581       0.0081543       0.0028189       0.0453686                          
    27:pent gF a0.646575342   0.0114581       0.0081543       0.0028189       0.0453686                          
    28:pent gF a0.649315068   0.0114581       0.0081543       0.0028189       0.0453686                          
    29:pent gF a0.652054794   0.0114581       0.0081543       0.0028189       0.0453686                          
    30:pent gF a0.704109589   0.0114581       0.0081543       0.0028189       0.0453686                          
    31:pent gF a0.706849315   0.0114581       0.0081543       0.0028189       0.0453686                          
    32:pent gF a0.709589041   0.0114581       0.0081543       0.0028189       0.0453686                          
    33:pent gF a0.827397260   0.0114581       0.0081543       0.0028189       0.0453686                          
    34:pent gM a0.005479452   0.0114581       0.0081543       0.0028189       0.0453686                          
    35:pent gM a0.008219178   0.0114581       0.0081543       0.0028189       0.0453686                          
    36:pent gM a0.010958904   0.0114581       0.0081543       0.0028189       0.0453686                          
    37:pent gM a0.016438356   0.0114581       0.0081543       0.0028189       0.0453686                          
    38:pent gM a0.024657534   0.0114581       0.0081543       0.0028189       0.0453686                          
    39:pent gM a0.027397260   0.0114581       0.0081543       0.0028189       0.0453686                          

  Program  MARK  - Survival Rate Estimation with Capture-Recapture Data
   gfortran(dble) Vers. 9.0 Mar 2018    25-Mar-2020 14:32:10    Page  010
 - - - - - - - - - - - - - - - - - - - - - - - - - - - - - - - - - - - - - -
 
    40:pent gM a0.030136986   0.0114581       0.0081543       0.0028189       0.0453686                          
    41:pent gM a0.035616438   0.0114581       0.0081543       0.0028189       0.0453686                          
    42:pent gM a0.041095890   0.0114581       0.0081543       0.0028189       0.0453686                          
    43:pent gM a0.049315068   0.0114581       0.0081543       0.0028189       0.0453686                          
    44:pent gM a0.052054794   0.0114581       0.0081543       0.0028189       0.0453686                          
    45:pent gM a0.065753424   0.0114581       0.0081543       0.0028189       0.0453686                          
    46:pent gM a0.071232876   0.0114581       0.0081543       0.0028189       0.0453686                          
    47:pent gM a0.098630136   0.0114581       0.0081543       0.0028189       0.0453686                          
    48:pent gM a0.101369863   0.0114581       0.0081543       0.0028189       0.0453686                          
    49:pent gM a0.106849315   0.0114581       0.0081543       0.0028189       0.0453686                          
    50:pent gM a0.109589041   0.0114581       0.0081543       0.0028189       0.0453686                          
    51:pent gM a0.120547945   0.0114581       0.0081543       0.0028189       0.0453686                          
    52:pent gM a0.350684931   0.0114581       0.0081543       0.0028189       0.0453686                          
    53:pent gM a0.358904109   0.0114581       0.0081543       0.0028189       0.0453686                          
    54:pent gM a0.613698630   0.0114581       0.0081543       0.0028189       0.0453686                          
    55:pent gM a0.638356164   0.0114581       0.0081543       0.0028189       0.0453686                          
    56:pent gM a0.646575342   0.0114581       0.0081543       0.0028189       0.0453686                          
    57:pent gM a0.649315068   0.0114581       0.0081543       0.0028189       0.0453686                          
    58:pent gM a0.652054794   0.0114581       0.0081543       0.0028189       0.0453686                          
    59:pent gM a0.704109589   0.0114581       0.0081543       0.0028189       0.0453686                          
    60:pent gM a0.706849315   0.0114581       0.0081543       0.0028189       0.0453686                          
    61:pent gM a0.709589041   0.0114581       0.0081543       0.0028189       0.0453686                          
    62:pent gM a0.827397260   0.0114581       0.0081543       0.0028189       0.0453686                          


                      Estimates of Derived Parameters
   Gross Birth+Immigration Estimates of { Phi(~sex)p(~1)pent(~1)N(~1) }
                                                95% Confidence Interval
 Grp. Occ.   B*-hat          Standard Error      Lower           Upper
 ---- ----   --------------  --------------  --------------  --------------
   1     1    0.2638842       0.2189300       0.0638845       1.0900116    
   1     2    0.2632498       0.2182521       0.0637798       1.0865581    
   1     3    0.2632498       0.2182521       0.0637798       1.0865581    
   1     4    0.2638842       0.2189300       0.0638845       1.0900116    
   1     5    0.2645197       0.2196096       0.0639893       1.0934744    
   1     6    0.2632498       0.2182521       0.0637798       1.0865581    
   1     7    0.2632498       0.2182521       0.0637798       1.0865581    
   1     8    0.2638842       0.2189300       0.0638845       1.0900116    
   1     9    0.2638842       0.2189300       0.0638845       1.0900116    
   1    10    0.2645197       0.2196096       0.0639893       1.0934744    
   1    11    0.2632498       0.2182521       0.0637798       1.0865581    
   1    12    0.2657936       0.2209740       0.0641989       1.1004278    
   1    13    0.2638842       0.2189300       0.0638845       1.0900116    
   1    14    0.2689963       0.2244146       0.0647234       1.1179730    
   1    15    0.2632498       0.2182521       0.0637798       1.0865581    

  Program  MARK  - Survival Rate Estimation with Capture-Recapture Data
   gfortran(dble) Vers. 9.0 Mar 2018    25-Mar-2020 14:32:10    Page  011
 - - - - - - - - - - - - - - - - - - - - - - - - - - - - - - - - - - - - - -
 
   1    16    0.2638842       0.2189300       0.0638845       1.0900116    
   1    17    0.2632498       0.2182521       0.0637798       1.0865581    
   1    18    0.2651561       0.2202909       0.0640941       1.0969465    
   1    19    0.3193587       0.2803085       0.0726014       1.4047927    
   1    20    0.2645197       0.2196096       0.0639893       1.0934744    
   1    21    0.3258599       0.2877360       0.0735790       1.4431393    
   1    22    0.2683537       0.2237231       0.0646184       1.1144455    
   1    23    0.2645197       0.2196096       0.0639893       1.0934744    
   1    24    0.2632498       0.2182521       0.0637798       1.0865581    
   1    25    0.2632498       0.2182521       0.0637798       1.0865581    
   1    26    0.2748252       0.2307154       0.0656694       1.1501384    
   1    27    0.2632498       0.2182521       0.0637798       1.0865581    
   1    28    0.2632498       0.2182521       0.0637798       1.0865581    
   1    29    0.2907710       0.2481927       0.0682061       1.2395916    
   2     1    0.4118008       0.3232221       0.1059131       1.6011236    
   2     2    0.4116860       0.3230360       0.1059175       1.6001645    
   2     3    0.4116860       0.3230360       0.1059175       1.6001645    
   2     4    0.4118008       0.3232221       0.1059131       1.6011236    
   2     5    0.4119156       0.3234084       0.1059086       1.6020837    
   2     6    0.4116860       0.3230360       0.1059175       1.6001645    
   2     7    0.4116860       0.3230360       0.1059175       1.6001645    
   2     8    0.4118008       0.3232221       0.1059131       1.6011236    
   2     9    0.4118008       0.3232221       0.1059131       1.6011236    
   2    10    0.4119156       0.3234084       0.1059086       1.6020837    
   2    11    0.4116860       0.3230360       0.1059175       1.6001645    
   2    12    0.4121453       0.3237814       0.1058996       1.6040066    
   2    13    0.4118008       0.3232221       0.1059131       1.6011236    
   2    14    0.4127198       0.3247167       0.1058767       1.6088303    
   2    15    0.4116860       0.3230360       0.1059175       1.6001645    
   2    16    0.4118008       0.3232221       0.1059131       1.6011236    
   2    17    0.4116860       0.3230360       0.1059175       1.6001645    
   2    18    0.4120304       0.3235948       0.1059041       1.6030447    
   2    19    0.4212858       0.3390236       0.1054594       1.6829389    
   2    20    0.4119156       0.3234084       0.1059086       1.6020837    
   2    21    0.4223356       0.3408222       0.1053995       1.6922983    
   2    22    0.4126049       0.3245293       0.1058814       1.6078637    
   2    23    0.4119156       0.3234084       0.1059086       1.6020837    
   2    24    0.4116860       0.3230360       0.1059175       1.6001645    
   2    25    0.4116860       0.3230360       0.1059175       1.6001645    
   2    26    0.4137554       0.3264104       0.1058337       1.6175716    
   2    27    0.4116860       0.3230360       0.1059175       1.6001645    
   2    28    0.4116860       0.3230360       0.1059175       1.6001645    
   2    29    0.4165254       0.3309899       0.1057080       1.6412504    

    Net Birth+Immigration Estimates of { Phi(~sex)p(~1)pent(~1)N(~1) }
                                                95% Confidence Interval
 Grp. Occ.   B-hat           Standard Error      Lower           Upper
 ---- ----   --------------  --------------  --------------  --------------
   1     1    0.2626164       0.2175759       0.0636751       1.0831137    
   1     2    0.2626164       0.2175759       0.0636751       1.0831137    
   1     3    0.2626164       0.2175759       0.0636751       1.0831137    
   1     4    0.2626164       0.2175759       0.0636751       1.0831137    
   1     5    0.2626164       0.2175759       0.0636751       1.0831137    
   1     6    0.2626164       0.2175759       0.0636751       1.0831137    
   1     7    0.2626164       0.2175759       0.0636751       1.0831137    
   1     8    0.2626164       0.2175759       0.0636751       1.0831137    
   1     9    0.2626164       0.2175759       0.0636751       1.0831137    
   1    10    0.2626164       0.2175759       0.0636751       1.0831137    
   1    11    0.2626164       0.2175759       0.0636751       1.0831137    
   1    12    0.2626164       0.2175759       0.0636751       1.0831137    
   1    13    0.2626164       0.2175759       0.0636751       1.0831137    
   1    14    0.2626164       0.2175759       0.0636751       1.0831137    
   1    15    0.2626164       0.2175759       0.0636751       1.0831137    
   1    16    0.2626164       0.2175759       0.0636751       1.0831137    
   1    17    0.2626164       0.2175759       0.0636751       1.0831137    
   1    18    0.2626164       0.2175759       0.0636751       1.0831137    
   1    19    0.2626164       0.2175759       0.0636751       1.0831137    
   1    20    0.2626164       0.2175759       0.0636751       1.0831137    
   1    21    0.2626164       0.2175759       0.0636751       1.0831137    
   1    22    0.2626164       0.2175759       0.0636751       1.0831137    
   1    23    0.2626164       0.2175759       0.0636751       1.0831137    
   1    24    0.2626164       0.2175759       0.0636751       1.0831137    
   1    25    0.2626164       0.2175759       0.0636751       1.0831137    
   1    26    0.2626164       0.2175759       0.0636751       1.0831137    
   1    27    0.2626164       0.2175759       0.0636751       1.0831137    
   1    28    0.2626164       0.2175759       0.0636751       1.0831137    
   1    29    0.2626164       0.2175759       0.0636751       1.0831137    
   2     1    0.4115712       0.3228501       0.1059218       1.5992063    
   2     2    0.4115712       0.3228501       0.1059218       1.5992063    
   2     3    0.4115712       0.3228501       0.1059218       1.5992063    
   2     4    0.4115712       0.3228501       0.1059218       1.5992063    
   2     5    0.4115712       0.3228501       0.1059218       1.5992063    
   2     6    0.4115712       0.3228501       0.1059218       1.5992063    
   2     7    0.4115712       0.3228501       0.1059218       1.5992063    
   2     8    0.4115712       0.3228501       0.1059218       1.5992063    
   2     9    0.4115712       0.3228501       0.1059218       1.5992063    
   2    10    0.4115712       0.3228501       0.1059218       1.5992063    
   2    11    0.4115712       0.3228501       0.1059218       1.5992063    
   2    12    0.4115712       0.3228501       0.1059218       1.5992063    
   2    13    0.4115712       0.3228501       0.1059218       1.5992063    
   2    14    0.4115712       0.3228501       0.1059218       1.5992063    
   2    15    0.4115712       0.3228501       0.1059218       1.5992063    
   2    16    0.4115712       0.3228501       0.1059218       1.5992063    
   2    17    0.4115712       0.3228501       0.1059218       1.5992063    
   2    18    0.4115712       0.3228501       0.1059218       1.5992063    
   2    19    0.4115712       0.3228501       0.1059218       1.5992063    
   2    20    0.4115712       0.3228501       0.1059218       1.5992063    
   2    21    0.4115712       0.3228501       0.1059218       1.5992063    
   2    22    0.4115712       0.3228501       0.1059218       1.5992063    
   2    23    0.4115712       0.3228501       0.1059218       1.5992063    
   2    24    0.4115712       0.3228501       0.1059218       1.5992063    
   2    25    0.4115712       0.3228501       0.1059218       1.5992063    
   2    26    0.4115712       0.3228501       0.1059218       1.5992063    
   2    27    0.4115712       0.3228501       0.1059218       1.5992063    
   2    28    0.4115712       0.3228501       0.1059218       1.5992063    
   2    29    0.4115712       0.3228501       0.1059218       1.5992063    

         Population Estimates of { Phi(~sex)p(~1)pent(~1)N(~1) }
                                                95% Confidence Interval
 Grp. Occ.   N-hat           Standard Error      Lower           Upper
 ---- ----   --------------  --------------  --------------  --------------
   1     1    15.303902       4.1753720       9.0514858       25.875244    
   1     2    15.419696       3.9813393       9.3719375       25.370103    
   1     3    15.608168       3.7993164       9.7526915       24.979248    

  Program  MARK  - Survival Rate Estimation with Capture-Recapture Data
   gfortran(dble) Vers. 9.0 Mar 2018    25-Mar-2020 14:32:10    Page  012
 - - - - - - - - - - - - - - - - - - - - - - - - - - - - - - - - - - - - - -
 
   1     4    15.795733       3.6223381       10.135174       24.617751    
   1     5    15.906809       3.4465199       10.453494       24.204974    
   1     6    15.941066       3.2750876       10.701371       23.746264    
   1     7    16.127030       3.1164357       11.080720       23.471499    
   1     8    16.312101       2.9656163       11.455419       23.227838    
   1     9    16.418222       2.8233312       11.749333       22.942412    
   1    10    16.523326       2.6917056       12.032013       22.691158    
   1    11    16.548732       2.5739491       12.222468       22.406321    
   1    12    16.731775       2.4641751       12.555984       22.296324    
   1    13    16.595972       2.3839094       12.541641       21.960946    
   1    14    16.699371       2.3063491       12.755381       21.862850    
   1    15    16.176161       2.3060458       12.250032       21.360612    
   1    16    16.360995       2.2502315       12.510782       21.396118    
   1    17    16.466648       2.2214214       12.655804       21.424992    
   1    18    16.650085       2.2013742       12.863551       21.551230    
   1    19    16.594760       2.2249962       12.774658       21.557217    
   1    20    11.332225       3.2204054       6.5629104       19.567436    
   1    21    11.432155       3.1952845       6.6784050       19.569668    
   1    22    7.5647463       3.5527824       3.1533145       18.147694    
   1    23    7.5062171       3.4991965       3.1473662       17.901729    
   1    24    7.6610736       3.4556258       3.2958738       17.807735    
   1    25    7.8868521       3.4241102       3.4928396       17.808558    
   1    26    8.1115450       3.4060526       3.6820048       17.869929    
   1    27    7.6643004       3.4059626       3.3350876       17.613180    
   1    28    7.8900633       3.4049224       3.5100134       17.735858    
   1    29    8.1147408       3.4171116       3.6758077       17.914163    
   1    30    6.8583328       3.3799778       2.7497961       17.105533    
   2     1    23.984210       7.0721096       13.618960       42.238344    
   2     2    24.369047       6.7823258       14.267073       41.623846    
   2     3    24.767033       6.4887567       14.946964       41.038831    
   2     4    25.164797       6.1977030       15.639770       40.490814    
   2     5    25.548319       5.9164964       16.323215       39.987010    
   2     6    25.917185       5.6463460       16.993639       39.526583    
   2     7    26.314308       5.3648924       17.717886       39.081571    
   2     8    26.711210       5.0876343       18.450411       38.670615    
   2     9    27.093007       4.8236979       19.163970       38.302661    
   2    10    27.474379       4.5657409       19.880779       37.968407    
   2    11    27.840027       4.3240835       20.570583       37.678422    
   2    12    28.236078       4.0714359       21.315522       37.403545    
   2    13    28.569031       3.8688100       21.935484       37.208641    
   2    14    28.948758       3.6466043       22.637368       37.019789    
   2    15    29.199350       3.5331332       23.054175       36.982543    
   2    16    29.594643       3.3266890       23.759061       36.863531    
   2    17    29.973226       3.1510146       24.405787       36.810708    
   2    18    30.368088       2.9829757       25.061399       36.798455    
   2    19    30.711997       2.8791472       25.567236       36.892012    

  Program  MARK  - Survival Rate Estimation with Capture-Recapture Data
   gfortran(dble) Vers. 9.0 Mar 2018    25-Mar-2020 14:32:10    Page  013
 - - - - - - - - - - - - - - - - - - - - - - - - - - - - - - - - - - - - - -
 
   2    20    29.718146       4.3896315       22.282672       39.634754    
   2    21    30.080043       4.3171679       22.736924       39.794698    
   2    22    28.971417       6.4249291       18.856378       44.512420    
   2    23    29.237953       6.5179876       18.988130       45.020646    
   2    24    29.600652       6.4796925       19.370587       45.233458    
   2    25    29.995722       6.4068120       19.827639       45.378239    
   2    26    30.390571       6.3487604       20.267977       45.568772    
   2    27    30.481851       6.7471998       19.855091       46.796222    
   2    28    30.876429       6.7117537       20.264018       47.046635    
   2    29    31.270787       6.6909025       20.655763       47.340888    
   2    30    30.941454       7.7016400       19.135517       50.031237    

      Gross Population Estimates of { Phi(~sex)p(~1)pent(~1)N(~1) }
                                                95% Confidence Interval
 Grp. Occ.   N*-hat          Standard Error      Lower           Upper
 ---- ----   --------------  --------------  --------------  --------------
   1     0    23.120148       3.8544005       16.712989       31.983581    
   2     0    35.954626       3.7227048       29.366722       44.020409    

   CPU Time for the last procedure was 0.08 seconds.     


  INPUT --- proc stop;

     CPU Time in minutes for this job was 0.00

     Time Start = 14:32:10.409   Time End = 14:32:10.829

     Wall Clock Time in minutes for this job was 0.01


          E X E C U T I O N   S U C C E S S F U L 
