
   Program  MARK  - Survival Rate Estimation with Capture-Recapture Data
   gfortran(dble) Vers. 9.0 Mar 2018    25-Mar-2020 14:33:59    Page  001
 - - - - - - - - - - - - - - - - - - - - - - - - - - - - - - - - - - - - - -
 
   This version was compiled by GCC version 7.2.0 using the options: 
     -cpp -iprefix C:/Program Files/mingw-w64/x86_64-7.2.0-posix-seh-rt_v5-rev1/
     mingw64/bin/../lib/gcc/x86_64-w64-mingw32/7.2.0/ -D_MT -D_REENTRANT
     -U_REENTRANT -D IEEE -D DBLEPRECISION -m64 -mtune=core2 -march=nocona -mthreads
     -O2 -fimplicit-none -fbounds-check -funroll-loops -ftree-vectorize
     -ffpe-summary=invalid,zero,overflow,underflow -fno-unsafe-math-optimizations
     -frounding-math -fsignaling-nans -fopenmp.

   This problem will use 15 of 16 possible threads.


  INPUT --- proc title ;

   CPU Time for the last procedure was 0.01 seconds.     


  INPUT --- proc chmatrix occasions= 33 groups= 2 etype= POPAN Nodes= 
  INPUT --- 101 ICMeans NoHist hist= 41  ;

  INPUT ---    time interval 0.00547945205479452 0.00273972602739726 
  INPUT ---    0.00273972602739726 0.00547945205479452  
  INPUT ---    0.00821917808219178 0.00273972602739726 0.00273972602739726 
  INPUT ---    0.00547945205479452  0.00547945205479452 
  INPUT ---    0.00821917808219178 0.00273972602739726 0.0136986301369863 
  INPUT ---    0.00547945205479452  0.0273972602739726 0.00273972602739726 
  INPUT ---    0.00547945205479452 0.00273972602739726 0.010958904109589  
  INPUT ---    0.23013698630137 0.00821917808219178 0.254794520547945 
  INPUT ---    0.0246575342465753 0.00821917808219178  0.00273972602739726 
  INPUT ---    0.00273972602739726 0.0520547945205479 0.00273972602739726 
  INPUT ---    0.00273972602739726  0.117808219178082 0.575342465753425 
  INPUT ---    0.00273972602739726 0.00273972602739726 ;

  INPUT ---    glabel(1)=sexF;

  INPUT ---    glabel(2)=sexM;

   * *  WARNING  * *   At least a pair of the encounter histories are duplicates. 

      Number of unique encounter histories read was 38.

      Number of individual covariates read was 0.
      Time interval lengths vary and/or not equal to 1.

      Data type number is 19
      Data type is POPAN                                                                                               

   CPU Time for the last procedure was 0.01 seconds.     

  Program  MARK  - Survival Rate Estimation with Capture-Recapture Data
   gfortran(dble) Vers. 9.0 Mar 2018    25-Mar-2020 14:33:59    Page  002
 - - - - - - - - - - - - - - - - - - - - - - - - - - - - - - - - - - - - - -
 


  INPUT --- proc estimate link=Parm-Specific NOLOOP varest=2ndPart    ;


  INPUT --- model={ Phi(~1)p(~sex)pent(~sex)N(~sex) };

  INPUT ---    group=1 Phi    rows=1 cols=32 Square ;
  INPUT ---        1 1 1 1 1 1 1 1 1 1 1 1 1 1 1 1 1 1 1 1 1 1 1 1 1 1 1 1 1 
  INPUT ---       1 1 1 ;

  INPUT ---    group=2 Phi    rows=1 cols=32 Square ;
  INPUT ---        1 1 1 1 1 1 1 1 1 1 1 1 1 1 1 1 1 1 1 1 1 1 1 1 1 1 1 1 1 
  INPUT ---       1 1 1 ;

  INPUT ---    group=1 p    rows=1 cols=33 Square ;
  INPUT ---        2 2 2 2 2 2 2 2 2 2 2 2 2 2 2 2 2 2 2 2 2 2 2 2 2 2 2 2 2 
  INPUT ---       2 2 2 2 ;

  INPUT ---    group=2 p    rows=1 cols=33 Square ;
  INPUT ---        3 3 3 3 3 3 3 3 3 3 3 3 3 3 3 3 3 3 3 3 3 3 3 3 3 3 3 3 3 
  INPUT ---       3 3 3 3 ;

  INPUT ---    group=1 pent    rows=1 cols=32 Square ;
  INPUT ---        6 7 8 9 10 11 12 13 14 15 16 17 18 19 20 21 22 23 24 25 26 
  INPUT ---       27 28 29 30 31 32 33 34 35 36 37 ;

  INPUT ---    group=2 pent    rows=1 cols=32 Square ;
  INPUT ---        38 39 40 41 42 43 44 45 46 47 48 49 50 51 52 53 54 55 56 
  INPUT ---       57 58 59 60 61 62 63 64 65 66 67 68 69 ;

  INPUT ---    group=1 N    rows=1 cols=1 Square ;
  INPUT ---        4 ;

  INPUT ---    group=2 N    rows=1 cols=1 Square ;
  INPUT ---        5 ;

  INPUT ---    design matrix constraints=69 covariates=7;
  INPUT ---        1 0 0 0 0 0 0;
  INPUT ---        0 1 0 0 0 0 0;
  INPUT ---        0 1 1 0 0 0 0;
  INPUT ---        0 0 0 0 0 1 0;
  INPUT ---        0 0 0 0 0 1 1;
  INPUT ---        0 0 0 1 0 0 0;
  INPUT ---        0 0 0 1 0 0 0;
  INPUT ---        0 0 0 1 0 0 0;

  Program  MARK  - Survival Rate Estimation with Capture-Recapture Data
   gfortran(dble) Vers. 9.0 Mar 2018    25-Mar-2020 14:33:59    Page  003
 - - - - - - - - - - - - - - - - - - - - - - - - - - - - - - - - - - - - - -
 
  INPUT ---        0 0 0 1 0 0 0;
  INPUT ---        0 0 0 1 0 0 0;
  INPUT ---        0 0 0 1 0 0 0;
  INPUT ---        0 0 0 1 0 0 0;
  INPUT ---        0 0 0 1 0 0 0;
  INPUT ---        0 0 0 1 0 0 0;
  INPUT ---        0 0 0 1 0 0 0;
  INPUT ---        0 0 0 1 0 0 0;
  INPUT ---        0 0 0 1 0 0 0;
  INPUT ---        0 0 0 1 0 0 0;
  INPUT ---        0 0 0 1 0 0 0;
  INPUT ---        0 0 0 1 0 0 0;
  INPUT ---        0 0 0 1 0 0 0;
  INPUT ---        0 0 0 1 0 0 0;
  INPUT ---        0 0 0 1 0 0 0;
  INPUT ---        0 0 0 1 0 0 0;
  INPUT ---        0 0 0 1 0 0 0;
  INPUT ---        0 0 0 1 0 0 0;
  INPUT ---        0 0 0 1 0 0 0;
  INPUT ---        0 0 0 1 0 0 0;
  INPUT ---        0 0 0 1 0 0 0;
  INPUT ---        0 0 0 1 0 0 0;
  INPUT ---        0 0 0 1 0 0 0;
  INPUT ---        0 0 0 1 0 0 0;
  INPUT ---        0 0 0 1 0 0 0;
  INPUT ---        0 0 0 1 0 0 0;
  INPUT ---        0 0 0 1 0 0 0;
  INPUT ---        0 0 0 1 0 0 0;
  INPUT ---        0 0 0 1 0 0 0;
  INPUT ---        0 0 0 1 1 0 0;
  INPUT ---        0 0 0 1 1 0 0;
  INPUT ---        0 0 0 1 1 0 0;
  INPUT ---        0 0 0 1 1 0 0;
  INPUT ---        0 0 0 1 1 0 0;
  INPUT ---        0 0 0 1 1 0 0;
  INPUT ---        0 0 0 1 1 0 0;
  INPUT ---        0 0 0 1 1 0 0;
  INPUT ---        0 0 0 1 1 0 0;
  INPUT ---        0 0 0 1 1 0 0;
  INPUT ---        0 0 0 1 1 0 0;
  INPUT ---        0 0 0 1 1 0 0;
  INPUT ---        0 0 0 1 1 0 0;
  INPUT ---        0 0 0 1 1 0 0;
  INPUT ---        0 0 0 1 1 0 0;
  INPUT ---        0 0 0 1 1 0 0;
  INPUT ---        0 0 0 1 1 0 0;

  Program  MARK  - Survival Rate Estimation with Capture-Recapture Data
   gfortran(dble) Vers. 9.0 Mar 2018    25-Mar-2020 14:34:00    Page  004
 - - - - - - - - - - - - - - - - - - - - - - - - - - - - - - - - - - - - - -
 
  INPUT ---        0 0 0 1 1 0 0;
  INPUT ---        0 0 0 1 1 0 0;
  INPUT ---        0 0 0 1 1 0 0;
  INPUT ---        0 0 0 1 1 0 0;
  INPUT ---        0 0 0 1 1 0 0;
  INPUT ---        0 0 0 1 1 0 0;
  INPUT ---        0 0 0 1 1 0 0;
  INPUT ---        0 0 0 1 1 0 0;
  INPUT ---        0 0 0 1 1 0 0;
  INPUT ---        0 0 0 1 1 0 0;
  INPUT ---        0 0 0 1 1 0 0;
  INPUT ---        0 0 0 1 1 0 0;
  INPUT ---        0 0 0 1 1 0 0;
  INPUT ---        0 0 0 1 1 0 0;
  INPUT ---        0 0 0 1 1 0 0;

  INPUT ---    links=69;

  INPUT ---    Logit;

  INPUT ---    Logit;

  INPUT ---    Logit;

  INPUT ---    Log;

  INPUT ---    Log;

  INPUT ---    mlogit(1);

  INPUT ---    mlogit(1);

  INPUT ---    mlogit(1);

  INPUT ---    mlogit(1);

  INPUT ---    mlogit(1);

  INPUT ---    mlogit(1);

  INPUT ---    mlogit(1);

  INPUT ---    mlogit(1);

  INPUT ---    mlogit(1);


  Program  MARK  - Survival Rate Estimation with Capture-Recapture Data
   gfortran(dble) Vers. 9.0 Mar 2018    25-Mar-2020 14:34:00    Page  005
 - - - - - - - - - - - - - - - - - - - - - - - - - - - - - - - - - - - - - -
 
  INPUT ---    mlogit(1);

  INPUT ---    mlogit(1);

  INPUT ---    mlogit(1);

  INPUT ---    mlogit(1);

  INPUT ---    mlogit(1);

  INPUT ---    mlogit(1);

  INPUT ---    mlogit(1);

  INPUT ---    mlogit(1);

  INPUT ---    mlogit(1);

  INPUT ---    mlogit(1);

  INPUT ---    mlogit(1);

  INPUT ---    mlogit(1);

  INPUT ---    mlogit(1);

  INPUT ---    mlogit(1);

  INPUT ---    mlogit(1);

  INPUT ---    mlogit(1);

  INPUT ---    mlogit(1);

  INPUT ---    mlogit(1);

  INPUT ---    mlogit(1);

  INPUT ---    mlogit(1);

  INPUT ---    mlogit(1);

  INPUT ---    mlogit(1);

  INPUT ---    mlogit(1);


  Program  MARK  - Survival Rate Estimation with Capture-Recapture Data
   gfortran(dble) Vers. 9.0 Mar 2018    25-Mar-2020 14:34:00    Page  006
 - - - - - - - - - - - - - - - - - - - - - - - - - - - - - - - - - - - - - -
 
  INPUT ---    mlogit(2);

  INPUT ---    mlogit(2);

  INPUT ---    mlogit(2);

  INPUT ---    mlogit(2);

  INPUT ---    mlogit(2);

  INPUT ---    mlogit(2);

  INPUT ---    mlogit(2);

  INPUT ---    mlogit(2);

  INPUT ---    mlogit(2);

  INPUT ---    mlogit(2);

  INPUT ---    mlogit(2);

  INPUT ---    mlogit(2);

  INPUT ---    mlogit(2);

  INPUT ---    mlogit(2);

  INPUT ---    mlogit(2);

  INPUT ---    mlogit(2);

  INPUT ---    mlogit(2);

  INPUT ---    mlogit(2);

  INPUT ---    mlogit(2);

  INPUT ---    mlogit(2);

  INPUT ---    mlogit(2);

  INPUT ---    mlogit(2);

  INPUT ---    mlogit(2);


  Program  MARK  - Survival Rate Estimation with Capture-Recapture Data
   gfortran(dble) Vers. 9.0 Mar 2018    25-Mar-2020 14:34:00    Page  007
 - - - - - - - - - - - - - - - - - - - - - - - - - - - - - - - - - - - - - -
 
  INPUT ---    mlogit(2);

  INPUT ---    mlogit(2);

  INPUT ---    mlogit(2);

  INPUT ---    mlogit(2);

  INPUT ---    mlogit(2);

  INPUT ---    mlogit(2);

  INPUT ---    mlogit(2);

  INPUT ---    mlogit(2);

  INPUT ---    mlogit(2);
  INPUT ---       blabel(1)=Phi:(Intercept);
  INPUT ---       blabel(2)=p:(Intercept);
  INPUT ---       blabel(3)=p:sexM;
  INPUT ---       blabel(4)=pent:(Intercept);
  INPUT ---       blabel(5)=pent:sexM;
  INPUT ---       blabel(6)=N:(Intercept);
  INPUT ---       blabel(7)=N:sexM;
  INPUT ---       rlabel(1)=Phi gF a0 t1;
  INPUT ---       rlabel(2)=p gF a0 t1;
  INPUT ---       rlabel(3)=p gM a0 t1;
  INPUT ---       rlabel(4)=N gF a0 t1;
  INPUT ---       rlabel(5)=N gM a0 t1;
  INPUT ---       rlabel(6)=pent gF a0.00547945205479452 t1.00547945205479;
  INPUT ---       rlabel(7)=pent gF a0.00821917808219178 t1.00821917808219;
  INPUT ---       rlabel(8)=pent gF a0.010958904109589 t1.01095890410959;
  INPUT ---       rlabel(9)=pent gF a0.0164383561643836 t1.01643835616438;
  INPUT ---       rlabel(10)=pent gF a0.0246575342465753 t1.02465753424658;
  INPUT ---       rlabel(11)=pent gF a0.0273972602739726 t1.02739726027397;
  INPUT ---       rlabel(12)=pent gF a0.0301369863013699 t1.03013698630137;
  INPUT ---       rlabel(13)=pent gF a0.0356164383561644 t1.03561643835616;
  INPUT ---       rlabel(14)=pent gF a0.0410958904109589 t1.04109589041096;
  INPUT ---       rlabel(15)=pent gF a0.0493150684931507 t1.04931506849315;
  INPUT ---       rlabel(16)=pent gF a0.0520547945205479 t1.05205479452055;
  INPUT ---       rlabel(17)=pent gF a0.0657534246575342 t1.06575342465753;
  INPUT ---       rlabel(18)=pent gF a0.0712328767123288 t1.07123287671233;
  INPUT ---       rlabel(19)=pent gF a0.0986301369863014 t1.0986301369863;
  INPUT ---       rlabel(20)=pent gF a0.101369863013699 t1.1013698630137;
  INPUT ---       rlabel(21)=pent gF a0.106849315068493 t1.10684931506849;
  INPUT ---       rlabel(22)=pent gF a0.10958904109589 t1.10958904109589;

  Program  MARK  - Survival Rate Estimation with Capture-Recapture Data
   gfortran(dble) Vers. 9.0 Mar 2018    25-Mar-2020 14:34:00    Page  008
 - - - - - - - - - - - - - - - - - - - - - - - - - - - - - - - - - - - - - -
 
  INPUT ---       rlabel(23)=pent gF a0.120547945205479 t1.12054794520548;
  INPUT ---       rlabel(24)=pent gF a0.350684931506849 t1.35068493150685;
  INPUT ---       rlabel(25)=pent gF a0.358904109589041 t1.35890410958904;
  INPUT ---       rlabel(26)=pent gF a0.613698630136986 t1.61369863013699;
  INPUT ---       rlabel(27)=pent gF a0.638356164383562 t1.63835616438356;
  INPUT ---       rlabel(28)=pent gF a0.646575342465753 t1.64657534246575;
  INPUT ---       rlabel(29)=pent gF a0.649315068493151 t1.64931506849315;
  INPUT ---       rlabel(30)=pent gF a0.652054794520548 t1.65205479452055;
  INPUT ---       rlabel(31)=pent gF a0.704109589041096 t1.7041095890411;
  INPUT ---       rlabel(32)=pent gF a0.706849315068493 t1.70684931506849;
  INPUT ---       rlabel(33)=pent gF a0.70958904109589 t1.70958904109589;
  INPUT ---       rlabel(34)=pent gF a0.827397260273973 t1.82739726027397;
  INPUT ---       rlabel(35)=pent gF a1.4027397260274 t2.4027397260274;
  INPUT ---       rlabel(36)=pent gF a1.40547945205479 t2.40547945205479;
  INPUT ---       rlabel(37)=pent gF a1.40821917808219 t2.40821917808219;
  INPUT ---       rlabel(38)=pent gM a0.00547945205479452 t1.00547945205479;
  INPUT ---       rlabel(39)=pent gM a0.00821917808219178 t1.00821917808219;
  INPUT ---       rlabel(40)=pent gM a0.010958904109589 t1.01095890410959;
  INPUT ---       rlabel(41)=pent gM a0.0164383561643836 t1.01643835616438;
  INPUT ---       rlabel(42)=pent gM a0.0246575342465753 t1.02465753424658;
  INPUT ---       rlabel(43)=pent gM a0.0273972602739726 t1.02739726027397;
  INPUT ---       rlabel(44)=pent gM a0.0301369863013699 t1.03013698630137;
  INPUT ---       rlabel(45)=pent gM a0.0356164383561644 t1.03561643835616;
  INPUT ---       rlabel(46)=pent gM a0.0410958904109589 t1.04109589041096;
  INPUT ---       rlabel(47)=pent gM a0.0493150684931507 t1.04931506849315;
  INPUT ---       rlabel(48)=pent gM a0.0520547945205479 t1.05205479452055;
  INPUT ---       rlabel(49)=pent gM a0.0657534246575342 t1.06575342465753;
  INPUT ---       rlabel(50)=pent gM a0.0712328767123288 t1.07123287671233;
  INPUT ---       rlabel(51)=pent gM a0.0986301369863014 t1.0986301369863;
  INPUT ---       rlabel(52)=pent gM a0.101369863013699 t1.1013698630137;
  INPUT ---       rlabel(53)=pent gM a0.106849315068493 t1.10684931506849;
  INPUT ---       rlabel(54)=pent gM a0.10958904109589 t1.10958904109589;
  INPUT ---       rlabel(55)=pent gM a0.120547945205479 t1.12054794520548;
  INPUT ---       rlabel(56)=pent gM a0.350684931506849 t1.35068493150685;
  INPUT ---       rlabel(57)=pent gM a0.358904109589041 t1.35890410958904;
  INPUT ---       rlabel(58)=pent gM a0.613698630136986 t1.61369863013699;
  INPUT ---       rlabel(59)=pent gM a0.638356164383562 t1.63835616438356;
  INPUT ---       rlabel(60)=pent gM a0.646575342465753 t1.64657534246575;
  INPUT ---       rlabel(61)=pent gM a0.649315068493151 t1.64931506849315;
  INPUT ---       rlabel(62)=pent gM a0.652054794520548 t1.65205479452055;
  INPUT ---       rlabel(63)=pent gM a0.704109589041096 t1.7041095890411;
  INPUT ---       rlabel(64)=pent gM a0.706849315068493 t1.70684931506849;
  INPUT ---       rlabel(65)=pent gM a0.70958904109589 t1.70958904109589;
  INPUT ---       rlabel(66)=pent gM a0.827397260273973 t1.82739726027397;
  INPUT ---       rlabel(67)=pent gM a1.4027397260274 t2.4027397260274;
  INPUT ---       rlabel(68)=pent gM a1.40547945205479 t2.40547945205479;

  Program  MARK  - Survival Rate Estimation with Capture-Recapture Data
   gfortran(dble) Vers. 9.0 Mar 2018    25-Mar-2020 14:34:00    Page  009
 - - - - - - - - - - - - - - - - - - - - - - - - - - - - - - - - - - - - - -
 
  INPUT ---       rlabel(69)=pent gM a1.40821917808219 t2.40821917808219;

 Link Function Used is PARM-SPECIFIC

 Variance Estimation Procedure Used is 2ndPart 

 M(t+1):
      16     29



 Group: 1

 U(t)+UL(t):
       0    2    2    0    1    0    3    1    1    0    0    0    0    0    1
       0    0    0    2    1    1    0    0    0    1    0    0    0    0    0
       0    0    0

 U(t):
       0    2    2    0    1    0    3    1    1    0    0    0    0    0    1
       0    0    0    2    1    1    0    0    0    1    0    0    0    0    0
       0    0    0

 UL(t):
       0    0    0    0    0    0    0    0    0    0    0    0    0    0    0
       0    0    0    0    0    0    0    0    0    0    0    0    0    0    0
       0    0    0

 Not Released(t):
       0    0    0    0    0    0    0    0    0    0    0    0    0    0    0
       0    0    0    0    0    0    0    0    0    0    0    0    0    0    0
       0    0    0

 Group: 2

 U(t)+UL(t):
       3    0    1    1    1    1    1    0    1    1    2    1    3    3    1
       1    0    2    3    1    0    0    1    0    0    0    0    0    0    1
       0    0    0

 U(t):
       3    0    1    1    1    1    1    0    1    1    2    1    3    3    1
       1    0    2    3    1    0    0    1    0    0    0    0    0    0    1
       0    0    0

 UL(t):
       0    0    0    0    0    0    0    0    0    0    0    0    0    0    0
       0    0    0    0    0    0    0    0    0    0    0    0    0    0    0
       0    0    0

 Not Released(t):
       0    0    0    0    0    0    0    0    0    0    0    0    0    0    0
       0    0    0    0    0    0    0    0    0    0    0    0    0    0    0
       0    0    0
 -2logL(saturated) = 272.93564     
 Effective Sample Size = 103

 Number of function evaluations was 37 for 7 parameters.
 Time for numerical optimization was 0.08 seconds.     
 -2logL { Phi(~1)p(~sex)pent(~sex)N(~sex) } = 556.23429     
 Penalty { Phi(~1)p(~sex)pent(~sex)N(~sex) } = 0.0000000     
 Gradient { Phi(~1)p(~sex)pent(~sex)N(~sex) }:
  0.3144767E-03  0.2862883E-03  0.3056274E-04 -0.2523103E-04 -0.2562933E-04
  0.1233887E-04  0.1990681E-03
 Maximum ABS(G) { Phi(~1)p(~sex)pent(~sex)N(~sex) } = 0.3144767E-03 
 S Vector { Phi(~1)p(~sex)pent(~sex)N(~sex) }:
   122.7891      12.39486      10.59640      3.590820      1.275212    
  0.6592071     0.3654329E-05
 Time to compute number of parameters was 0.01 seconds.     
 Ratio Threshold = 50.000000       Max Gap (6/7) = 180390.75       Next Max Gap (1/2) = 9.9064514     
 Gap Method for Num. of Estimated Parameters { Phi(~1)p(~sex)pent(~sex)N(~sex) } = 6          
 Threshold { Phi(~1)p(~sex)pent(~sex)N(~sex) } = 0.6289535E-03                 
 Numerical Threshold Method for Num. of Estimated Parameters { Phi(~1)p(~sex)pent(~sex)N(~sex) } = 6          
 Number of Estimated Parameters { Phi(~1)p(~sex)pent(~sex)N(~sex) } = 6          
 DEVIANCE { Phi(~1)p(~sex)pent(~sex)N(~sex) } = 283.29865                     
 DEVIANCE Degrees of Freedom { Phi(~1)p(~sex)pent(~sex)N(~sex) } = 35            
 c-hat { Phi(~1)p(~sex)pent(~sex)N(~sex) } = 8.0942470                     
 AIC { Phi(~1)p(~sex)pent(~sex)N(~sex) } = 568.23429                  
 AICc { Phi(~1)p(~sex)pent(~sex)N(~sex) } = 569.10929                    
 BIC { Phi(~1)p(~sex)pent(~sex)N(~sex) } = 584.04266                    
 Pearson Chisquare { Phi(~1)p(~sex)pent(~sex)N(~sex) } = 20295219.                  


             PARM-SPECIFIC Link Function Parameters of { Phi(~1)p(~sex)pent(~sex)N(~sex) }
                                                              95% Confidence Interval
 Parameter                    Beta         Standard Error      Lower           Upper
 -------------------------  --------------  --------------  --------------  --------------
    1:Phi:(Intercept)        0.1645088       0.6135383      -1.0380262       1.3670438    
    2:p:(Intercept)         -2.8375050       0.2664091      -3.3596668      -2.3153432    
    3:p:sexM                 0.4977833       0.3114751      -0.1127078       1.1082745    
    4:pent:(Intercept)      -19.864316       369.89774      -744.86389       705.13526    
    5:pent:sexM              15.967885       369.89784      -709.03189       740.96766    
    6:N:(Intercept)          1.4732881       0.7659445      -0.0279630       2.9745393    
    7:N:sexM                 0.5713476       0.9835567      -1.3564235       2.4991187    


             Real Function Parameters of { Phi(~1)p(~sex)pent(~sex)N(~sex) }
                                                               95% Confidence Interval
  Parameter                  Estimate       Standard Error      Lower           Upper
 --------------------------  --------------  --------------  --------------  --------------
     1:Phi gF a0 t1           0.5410347       0.1523515       0.2615310       0.7969021                          
     2:p gF a0 t1             0.0553308       0.0139250       0.0335800       0.0898602                          
     3:p gM a0 t1             0.0878862       0.0149937       0.0626012       0.1220542                          
     4:N gF a0 t1             20.363560       3.3422443       17.152100       32.526905                          
     5:N gM a0 t1             36.726343       5.0072144       31.420568       53.662143                          

  Program  MARK  - Survival Rate Estimation with Capture-Recapture Data
   gfortran(dble) Vers. 9.0 Mar 2018    25-Mar-2020 14:34:00    Page  010
 - - - - - - - - - - - - - - - - - - - - - - - - - - - - - - - - - - - - - -
 
     6:pent gF a0.005479452   0.2360679E-08   0.8732099E-06  -0.1709131E-05   0.1713852E-05                      
     7:pent gF a0.008219178   0.2360679E-08   0.8732099E-06  -0.1709131E-05   0.1713852E-05                      
     8:pent gF a0.010958904   0.2360679E-08   0.8732099E-06  -0.1709131E-05   0.1713852E-05                      
     9:pent gF a0.016438356   0.2360679E-08   0.8732099E-06  -0.1709131E-05   0.1713852E-05                      
    10:pent gF a0.024657534   0.2360679E-08   0.8732099E-06  -0.1709131E-05   0.1713852E-05                      
    11:pent gF a0.027397260   0.2360679E-08   0.8732099E-06  -0.1709131E-05   0.1713852E-05                      
    12:pent gF a0.030136986   0.2360679E-08   0.8732099E-06  -0.1709131E-05   0.1713852E-05                      
    13:pent gF a0.035616438   0.2360679E-08   0.8732099E-06  -0.1709131E-05   0.1713852E-05                      
    14:pent gF a0.041095890   0.2360679E-08   0.8732099E-06  -0.1709131E-05   0.1713852E-05                      
    15:pent gF a0.049315068   0.2360679E-08   0.8732099E-06  -0.1709131E-05   0.1713852E-05                      
    16:pent gF a0.052054794   0.2360679E-08   0.8732099E-06  -0.1709131E-05   0.1713852E-05                      
    17:pent gF a0.065753424   0.2360679E-08   0.8732099E-06  -0.1709131E-05   0.1713852E-05                      
    18:pent gF a0.071232876   0.2360679E-08   0.8732099E-06  -0.1709131E-05   0.1713852E-05                      
    19:pent gF a0.098630136   0.2360679E-08   0.8732099E-06  -0.1709131E-05   0.1713852E-05                      
    20:pent gF a0.101369863   0.2360679E-08   0.8732099E-06  -0.1709131E-05   0.1713852E-05                      
    21:pent gF a0.106849315   0.2360679E-08   0.8732099E-06  -0.1709131E-05   0.1713852E-05                      
    22:pent gF a0.109589041   0.2360679E-08   0.8732099E-06  -0.1709131E-05   0.1713852E-05                      
    23:pent gF a0.120547945   0.2360679E-08   0.8732099E-06  -0.1709131E-05   0.1713852E-05                      
    24:pent gF a0.350684931   0.2360679E-08   0.8732099E-06  -0.1709131E-05   0.1713852E-05                      
    25:pent gF a0.358904109   0.2360679E-08   0.8732099E-06  -0.1709131E-05   0.1713852E-05                      
    26:pent gF a0.613698630   0.2360679E-08   0.8732099E-06  -0.1709131E-05   0.1713852E-05                      
    27:pent gF a0.638356164   0.2360679E-08   0.8732099E-06  -0.1709131E-05   0.1713852E-05                      
    28:pent gF a0.646575342   0.2360679E-08   0.8732099E-06  -0.1709131E-05   0.1713852E-05                      
    29:pent gF a0.649315068   0.2360679E-08   0.8732099E-06  -0.1709131E-05   0.1713852E-05                      
    30:pent gF a0.652054794   0.2360679E-08   0.8732099E-06  -0.1709131E-05   0.1713852E-05                      
    31:pent gF a0.704109589   0.2360679E-08   0.8732099E-06  -0.1709131E-05   0.1713852E-05                      
    32:pent gF a0.706849315   0.2360679E-08   0.8732099E-06  -0.1709131E-05   0.1713852E-05                      
    33:pent gF a0.709589041   0.2360679E-08   0.8732099E-06  -0.1709131E-05   0.1713852E-05                      
    34:pent gF a0.827397260   0.2360679E-08   0.8732099E-06  -0.1709131E-05   0.1713852E-05                      
    35:pent gF a1.402739726   0.2360679E-08   0.8732099E-06  -0.1709131E-05   0.1713852E-05                      
    36:pent gF a1.405479452   0.2360679E-08   0.8732099E-06  -0.1709131E-05   0.1713852E-05                      
    37:pent gF a1.408219178   0.2360679E-08   0.8732099E-06  -0.1709131E-05   0.1713852E-05                      
    38:pent gM a0.005479452   0.0123113       0.0086005       0.0031065       0.0474910                          
    39:pent gM a0.008219178   0.0123113       0.0086005       0.0031065       0.0474910                          
    40:pent gM a0.010958904   0.0123113       0.0086005       0.0031065       0.0474910                          
    41:pent gM a0.016438356   0.0123113       0.0086005       0.0031065       0.0474910                          
    42:pent gM a0.024657534   0.0123113       0.0086005       0.0031065       0.0474910                          
    43:pent gM a0.027397260   0.0123113       0.0086005       0.0031065       0.0474910                          
    44:pent gM a0.030136986   0.0123113       0.0086005       0.0031065       0.0474910                          
    45:pent gM a0.035616438   0.0123113       0.0086005       0.0031065       0.0474910                          
    46:pent gM a0.041095890   0.0123113       0.0086005       0.0031065       0.0474910                          
    47:pent gM a0.049315068   0.0123113       0.0086005       0.0031065       0.0474910                          
    48:pent gM a0.052054794   0.0123113       0.0086005       0.0031065       0.0474910                          
    49:pent gM a0.065753424   0.0123113       0.0086005       0.0031065       0.0474910                          
    50:pent gM a0.071232876   0.0123113       0.0086005       0.0031065       0.0474910                          
    51:pent gM a0.098630136   0.0123113       0.0086005       0.0031065       0.0474910                          

  Program  MARK  - Survival Rate Estimation with Capture-Recapture Data
   gfortran(dble) Vers. 9.0 Mar 2018    25-Mar-2020 14:34:00    Page  011
 - - - - - - - - - - - - - - - - - - - - - - - - - - - - - - - - - - - - - -
 
    52:pent gM a0.101369863   0.0123113       0.0086005       0.0031065       0.0474910                          
    53:pent gM a0.106849315   0.0123113       0.0086005       0.0031065       0.0474910                          
    54:pent gM a0.109589041   0.0123113       0.0086005       0.0031065       0.0474910                          
    55:pent gM a0.120547945   0.0123113       0.0086005       0.0031065       0.0474910                          
    56:pent gM a0.350684931   0.0123113       0.0086005       0.0031065       0.0474910                          
    57:pent gM a0.358904109   0.0123113       0.0086005       0.0031065       0.0474910                          
    58:pent gM a0.613698630   0.0123113       0.0086005       0.0031065       0.0474910                          
    59:pent gM a0.638356164   0.0123113       0.0086005       0.0031065       0.0474910                          
    60:pent gM a0.646575342   0.0123113       0.0086005       0.0031065       0.0474910                          
    61:pent gM a0.649315068   0.0123113       0.0086005       0.0031065       0.0474910                          
    62:pent gM a0.652054794   0.0123113       0.0086005       0.0031065       0.0474910                          
    63:pent gM a0.704109589   0.0123113       0.0086005       0.0031065       0.0474910                          
    64:pent gM a0.706849315   0.0123113       0.0086005       0.0031065       0.0474910                          
    65:pent gM a0.709589041   0.0123113       0.0086005       0.0031065       0.0474910                          
    66:pent gM a0.827397260   0.0123113       0.0086005       0.0031065       0.0474910                          
    67:pent gM a1.402739726   0.0123113       0.0086005       0.0031065       0.0474910                          
    68:pent gM a1.405479452   0.0123113       0.0086005       0.0031065       0.0474910                          
    69:pent gM a1.408219178   0.0123113       0.0086005       0.0031065       0.0474910                          


                      Estimates of Derived Parameters
 Gross Birth+Immigration Estimates of { Phi(~1)p(~sex)pent(~sex)N(~sex) }
                                                95% Confidence Interval
 Grp. Occ.   B*-hat          Standard Error      Lower           Upper
 ---- ----   --------------  --------------  --------------  --------------
   1     1    0.4815278E-07   0.1781232E-04   0.5692561E-10   0.4073194E-04
   1     2    0.4811230E-07   0.1779735E-04   0.5687775E-10   0.4069769E-04
   1     3    0.4811230E-07   0.1779735E-04   0.5687775E-10   0.4069769E-04
   1     4    0.4815278E-07   0.1781232E-04   0.5692561E-10   0.4073194E-04
   1     5    0.4819329E-07   0.1782731E-04   0.5697350E-10   0.4076621E-04
   1     6    0.4811230E-07   0.1779735E-04   0.5687775E-10   0.4069769E-04
   1     7    0.4811230E-07   0.1779735E-04   0.5687775E-10   0.4069769E-04
   1     8    0.4815278E-07   0.1781232E-04   0.5692561E-10   0.4073194E-04
   1     9    0.4815278E-07   0.1781232E-04   0.5692561E-10   0.4073194E-04
   1    10    0.4819329E-07   0.1782731E-04   0.5697350E-10   0.4076621E-04
   1    11    0.4811230E-07   0.1779735E-04   0.5687775E-10   0.4069769E-04
   1    12    0.4827438E-07   0.1785730E-04   0.5706935E-10   0.4083479E-04
   1    13    0.4815278E-07   0.1781232E-04   0.5692561E-10   0.4073194E-04
   1    14    0.4847748E-07   0.1793243E-04   0.5730946E-10   0.4100660E-04
   1    15    0.4811230E-07   0.1779735E-04   0.5687775E-10   0.4069769E-04
   1    16    0.4815278E-07   0.1781232E-04   0.5692561E-10   0.4073194E-04
   1    17    0.4811230E-07   0.1779735E-04   0.5687775E-10   0.4069769E-04
   1    18    0.4823382E-07   0.1784230E-04   0.5702141E-10   0.4080049E-04
   1    19    0.5154975E-07   0.1906891E-04   0.6094145E-10   0.4360540E-04
   1    20    0.4819329E-07   0.1782731E-04   0.5697350E-10   0.4076621E-04

  Program  MARK  - Survival Rate Estimation with Capture-Recapture Data
   gfortran(dble) Vers. 9.0 Mar 2018    25-Mar-2020 14:34:00    Page  012
 - - - - - - - - - - - - - - - - - - - - - - - - - - - - - - - - - - - - - -
 
   1    21    0.5193186E-07   0.1921026E-04   0.6139319E-10   0.4392863E-04
   1    22    0.4843681E-07   0.1791739E-04   0.5726139E-10   0.4097220E-04
   1    23    0.4819329E-07   0.1782731E-04   0.5697350E-10   0.4076621E-04
   1    24    0.4811230E-07   0.1779735E-04   0.5687775E-10   0.4069769E-04
   1    25    0.4811230E-07   0.1779735E-04   0.5687775E-10   0.4069769E-04
   1    26    0.4884450E-07   0.1806820E-04   0.5774335E-10   0.4131706E-04
   1    27    0.4811230E-07   0.1779735E-04   0.5687775E-10   0.4069769E-04
   1    28    0.4811230E-07   0.1779735E-04   0.5687775E-10   0.4069769E-04
   1    29    0.4983220E-07   0.1843356E-04   0.5891100E-10   0.4215255E-04
   1    30    0.5706585E-07   0.2110939E-04   0.6746252E-10   0.4827142E-04
   1    31    0.4811230E-07   0.1779735E-04   0.5687775E-10   0.4069769E-04
   1    32    0.4811230E-07   0.1779735E-04   0.5687775E-10   0.4069769E-04
   2     1    0.4529088       0.3606997       0.1146659       1.7889056    
   2     2    0.4525280       0.3603222       0.1145951       1.7870021    
   2     3    0.4525280       0.3603222       0.1145951       1.7870021    
   2     4    0.4529088       0.3606997       0.1146659       1.7889056    
   2     5    0.4532898       0.3610775       0.1147367       1.7908109    
   2     6    0.4525280       0.3603222       0.1145951       1.7870021    
   2     7    0.4525280       0.3603222       0.1145951       1.7870021    
   2     8    0.4529088       0.3606997       0.1146659       1.7889056    
   2     9    0.4529088       0.3606997       0.1146659       1.7889056    
   2    10    0.4532898       0.3610775       0.1147367       1.7908109    
   2    11    0.4525280       0.3603222       0.1145951       1.7870021    
   2    12    0.4540525       0.3618341       0.1148783       1.7946264    
   2    13    0.4529088       0.3606997       0.1146659       1.7889056    
   2    14    0.4559628       0.3637311       0.1152326       1.8041952    
   2    15    0.4525280       0.3603222       0.1145951       1.7870021    
   2    16    0.4529088       0.3606997       0.1146659       1.7889056    
   2    17    0.4525280       0.3603222       0.1145951       1.7870021    
   2    18    0.4536710       0.3614556       0.1148075       1.7927178    
   2    19    0.4848595       0.3927506       0.1205078       1.9508174    
   2    20    0.4532898       0.3610775       0.1147367       1.7908109    
   2    21    0.4884536       0.3964005       0.1211537       1.9692907    
   2    22    0.4555803       0.3633511       0.1151617       1.8022781    
   2    23    0.4532898       0.3610775       0.1147367       1.7908109    
   2    24    0.4525280       0.3603222       0.1145951       1.7870021    
   2    25    0.4525280       0.3603222       0.1145951       1.7870021    
   2    26    0.4594149       0.3671662       0.1158709       1.8215267    
   2    27    0.4525280       0.3603222       0.1145951       1.7870021    
   2    28    0.4525280       0.3603222       0.1145951       1.7870021    
   2    29    0.4687049       0.3764540       0.1175775       1.8684213    
   2    30    0.5367421       0.4462191       0.1296475       2.2221182    
   2    31    0.4525280       0.3603222       0.1145951       1.7870021    
   2    32    0.4525280       0.3603222       0.1145951       1.7870021    

  Net Birth+Immigration Estimates of { Phi(~1)p(~sex)pent(~sex)N(~sex) }
                                                95% Confidence Interval
 Grp. Occ.   B-hat           Standard Error      Lower           Upper
 ---- ----   --------------  --------------  --------------  --------------
   1     1    0.4807184E-07   0.1778238E-04   0.5682992E-10   0.4066347E-04
   1     2    0.4807184E-07   0.1778238E-04   0.5682992E-10   0.4066347E-04
   1     3    0.4807184E-07   0.1778238E-04   0.5682992E-10   0.4066347E-04
   1     4    0.4807184E-07   0.1778238E-04   0.5682992E-10   0.4066347E-04
   1     5    0.4807184E-07   0.1778238E-04   0.5682992E-10   0.4066347E-04
   1     6    0.4807184E-07   0.1778238E-04   0.5682992E-10   0.4066347E-04
   1     7    0.4807184E-07   0.1778238E-04   0.5682992E-10   0.4066347E-04
   1     8    0.4807184E-07   0.1778238E-04   0.5682992E-10   0.4066347E-04
   1     9    0.4807184E-07   0.1778238E-04   0.5682992E-10   0.4066347E-04
   1    10    0.4807184E-07   0.1778238E-04   0.5682992E-10   0.4066347E-04
   1    11    0.4807184E-07   0.1778238E-04   0.5682992E-10   0.4066347E-04
   1    12    0.4807184E-07   0.1778238E-04   0.5682992E-10   0.4066347E-04
   1    13    0.4807184E-07   0.1778238E-04   0.5682992E-10   0.4066347E-04
   1    14    0.4807184E-07   0.1778238E-04   0.5682992E-10   0.4066347E-04
   1    15    0.4807184E-07   0.1778238E-04   0.5682992E-10   0.4066347E-04
   1    16    0.4807184E-07   0.1778238E-04   0.5682992E-10   0.4066347E-04
   1    17    0.4807184E-07   0.1778238E-04   0.5682992E-10   0.4066347E-04
   1    18    0.4807184E-07   0.1778238E-04   0.5682992E-10   0.4066347E-04
   1    19    0.4807184E-07   0.1778238E-04   0.5682992E-10   0.4066347E-04
   1    20    0.4807184E-07   0.1778238E-04   0.5682992E-10   0.4066347E-04
   1    21    0.4807184E-07   0.1778238E-04   0.5682992E-10   0.4066347E-04
   1    22    0.4807184E-07   0.1778238E-04   0.5682992E-10   0.4066347E-04
   1    23    0.4807184E-07   0.1778238E-04   0.5682992E-10   0.4066347E-04
   1    24    0.4807184E-07   0.1778238E-04   0.5682992E-10   0.4066347E-04
   1    25    0.4807184E-07   0.1778238E-04   0.5682992E-10   0.4066347E-04
   1    26    0.4807184E-07   0.1778238E-04   0.5682992E-10   0.4066347E-04
   1    27    0.4807184E-07   0.1778238E-04   0.5682992E-10   0.4066347E-04
   1    28    0.4807184E-07   0.1778238E-04   0.5682992E-10   0.4066347E-04
   1    29    0.4807184E-07   0.1778238E-04   0.5682992E-10   0.4066347E-04
   1    30    0.4807184E-07   0.1778238E-04   0.5682992E-10   0.4066347E-04
   1    31    0.4807184E-07   0.1778238E-04   0.5682992E-10   0.4066347E-04
   1    32    0.4807184E-07   0.1778238E-04   0.5682992E-10   0.4066347E-04
   2     1    0.4521474       0.3599451       0.1145243       1.7851003    
   2     2    0.4521474       0.3599451       0.1145243       1.7851003    
   2     3    0.4521474       0.3599451       0.1145243       1.7851003    
   2     4    0.4521474       0.3599451       0.1145243       1.7851003    
   2     5    0.4521474       0.3599451       0.1145243       1.7851003    
   2     6    0.4521474       0.3599451       0.1145243       1.7851003    
   2     7    0.4521474       0.3599451       0.1145243       1.7851003    
   2     8    0.4521474       0.3599451       0.1145243       1.7851003    
   2     9    0.4521474       0.3599451       0.1145243       1.7851003    
   2    10    0.4521474       0.3599451       0.1145243       1.7851003    
   2    11    0.4521474       0.3599451       0.1145243       1.7851003    
   2    12    0.4521474       0.3599451       0.1145243       1.7851003    
   2    13    0.4521474       0.3599451       0.1145243       1.7851003    
   2    14    0.4521474       0.3599451       0.1145243       1.7851003    
   2    15    0.4521474       0.3599451       0.1145243       1.7851003    
   2    16    0.4521474       0.3599451       0.1145243       1.7851003    
   2    17    0.4521474       0.3599451       0.1145243       1.7851003    
   2    18    0.4521474       0.3599451       0.1145243       1.7851003    
   2    19    0.4521474       0.3599451       0.1145243       1.7851003    
   2    20    0.4521474       0.3599451       0.1145243       1.7851003    
   2    21    0.4521474       0.3599451       0.1145243       1.7851003    
   2    22    0.4521474       0.3599451       0.1145243       1.7851003    
   2    23    0.4521474       0.3599451       0.1145243       1.7851003    
   2    24    0.4521474       0.3599451       0.1145243       1.7851003    
   2    25    0.4521474       0.3599451       0.1145243       1.7851003    
   2    26    0.4521474       0.3599451       0.1145243       1.7851003    
   2    27    0.4521474       0.3599451       0.1145243       1.7851003    
   2    28    0.4521474       0.3599451       0.1145243       1.7851003    
   2    29    0.4521474       0.3599451       0.1145243       1.7851003    
   2    30    0.4521474       0.3599451       0.1145243       1.7851003    
   2    31    0.4521474       0.3599451       0.1145243       1.7851003    
   2    32    0.4521474       0.3599451       0.1145243       1.7851003    

       Population Estimates of { Phi(~1)p(~sex)pent(~sex)N(~sex) }
                                                95% Confidence Interval
 Grp. Occ.   N-hat           Standard Error      Lower           Upper
 ---- ----   --------------  --------------  --------------  --------------
   1     1    20.363558       3.3422459       14.793530       28.030801    
   1     2    20.295132       3.3281001       14.747890       27.928902    

  Program  MARK  - Survival Rate Estimation with Capture-Recapture Data
   gfortran(dble) Vers. 9.0 Mar 2018    25-Mar-2020 14:34:00    Page  013
 - - - - - - - - - - - - - - - - - - - - - - - - - - - - - - - - - - - - - -
 
   1     3    20.261006       3.3211581       14.724971       27.878381    
   1     4    20.226936       3.3143030       14.701985       27.828144    
   1     5    20.158969       3.3008520       14.655815       27.728519    
   1     6    20.057447       3.2813192       14.586072       27.581187    
   1     7    20.023720       3.2749786       14.562696       27.532634    
   1     8    19.990050       3.2687225       14.539255       27.484358    
   1     9    19.922879       3.2564629       14.492184       27.388634    
   1    10    19.855934       3.2445376       14.444861       27.294006    
   1    11    19.755938       3.2272703       14.373412       27.154101    
   1    12    19.722718       3.2216786       14.349474       27.108005    
   1    13    19.557454       3.1949337       14.228883       26.881519    
   1    14    19.491737       3.1847951       14.180237       26.792768    
   1    15    19.166448       3.1387616       13.933645       26.364439    
   1    16    19.134219       3.1345756       13.908690       26.322993    
   1    17    19.069924       3.1264258       13.858626       26.240842    
   1    18    19.037858       3.1224611       13.833518       26.200135    
   1    19    18.910130       3.1073270       13.732591       26.039735    
   1    20    16.417225       3.0057962       11.500984       23.434976    
   1    21    16.334547       3.0079258       11.419960       23.364128    
   1    22    13.968003       3.1623699       9.0119988       21.649481    
   1    23    13.758032       3.1817257       8.7954812       21.520532    
   1    24    13.688745       3.1882087       8.7241138       21.478599    
   1    25    13.665727       3.1903717       8.7004155       21.464733    
   1    26    13.642748       3.1925355       8.6767628       21.450923    
   1    27    13.213411       3.2335885       8.2361919       21.198417    
   1    28    13.191192       3.2357364       8.2134763       21.185617    
   1    29    13.169011       3.2378820       8.1908086       21.172862    
   1    30    12.249684       3.3265514       7.2621630       20.662545    
   1    31    8.6027634       3.5500297       3.9544724       18.714896    
   1    32    8.5882977       3.5501458       3.9429514       18.706509    
   1    33    8.5738564       3.5502534       3.9314643       18.698126    
   2     1    22.257625       8.3919609       10.892855       45.479526    
   2     2    22.634982       8.0451170       11.512919       44.501521    
   2     3    23.049068       7.7096914       12.174309       43.637757    
   2     4    23.462458       7.3777689       12.852645       42.830637    
   2     5    23.835767       7.0432957       13.519042       42.025449    
   2     6    24.167875       6.7079184       14.169299       41.221955    
   2     7    24.579384       6.3888279       14.890988       40.571260    
   2     8    24.990201       6.0752237       15.624227       39.970627    
   2     9    25.358376       5.7637238       16.333484       39.369874    
   2    10    25.725314       5.4597692       17.048657       38.817825    
   2    11    26.047906       5.1613371       17.730754       38.266472    
   2    12    26.456254       4.8782689       18.487683       37.859441    
   2    13    26.686714       4.5977401       19.085943       37.314411    
   2    14    27.049188       4.3361759       19.795332       36.961168    
   2    15    27.049924       4.0821051       20.157251       36.299512    

  Program  MARK  - Survival Rate Estimation with Capture-Recapture Data
   gfortran(dble) Vers. 9.0 Mar 2018    25-Mar-2020 14:34:00    Page  014
 - - - - - - - - - - - - - - - - - - - - - - - - - - - - - - - - - - - - - -
 
   2    16    27.456587       3.8522809       20.883273       36.098946    
   2    17    27.816474       3.6429527       21.542545       35.917587    
   2    18    28.221848       3.4578611       22.216669       35.850229    
   2    19    28.484651       3.3000240       22.715568       35.718910    
   2    20    25.181693       3.4642905       19.254397       32.933654    
   2    21    25.507023       3.3470749       19.744130       32.951982    
   2    22    22.263721       3.8998251       15.835048       31.302291    
   2    23    22.381194       3.8635405       15.996307       31.314592    
   2    24    22.720627       3.8128884       16.389398       31.497613    
   2    25    23.134570       3.7795730       16.831001       31.798958    
   2    26    23.547816       3.7794174       17.226550       32.188665    
   2    27    23.258914       3.9234946       16.749642       32.297830    
   2    28    23.671951       3.9743751       17.073083       32.821329    
   2    29    24.084294       4.0553203       17.354269       33.424238    
   2    30    22.855120       4.3499912       15.791062       33.079251    
   2    31    16.502944       5.1791943       9.0504174       30.092220    
   2    32    16.927341       5.1904008       9.4063813       30.461754    
   2    33    17.351025       5.2258934       9.7385626       30.914014    

    Gross Population Estimates of { Phi(~1)p(~sex)pent(~sex)N(~sex) }
                                                95% Confidence Interval
 Grp. Occ.   N*-hat          Standard Error      Lower           Upper
 ---- ----   --------------  --------------  --------------  --------------
   1     0    20.363560       3.3422462       14.793531       28.030803    
   2     0    36.928543       5.1699767       28.104122       48.523747    

 Attempted ordering of parameters by estimatibility:
  2 3 6 1 4 7 5
 Beta number 5 is a singular value.

   CPU Time for the last procedure was 0.12 seconds.     

  Program  MARK  - Survival Rate Estimation with Capture-Recapture Data
   gfortran(dble) Vers. 9.0 Mar 2018    25-Mar-2020 14:34:00    Page  015
 - - - - - - - - - - - - - - - - - - - - - - - - - - - - - - - - - - - - - -
 


  INPUT --- proc stop;

     CPU Time in minutes for this job was 0.00

     Time Start = 14:33:59.877   Time End = 14:34:00.475

     Wall Clock Time in minutes for this job was 0.01


          E X E C U T I O N   S U C C E S S F U L 
