
   Program  MARK  - Survival Rate Estimation with Capture-Recapture Data
   gfortran(dble) Vers. 9.0 Mar 2018    25-Mar-2020 21:12:11    Page  001
 - - - - - - - - - - - - - - - - - - - - - - - - - - - - - - - - - - - - - -
 
   This version was compiled by GCC version 7.2.0 using the options: 
     -cpp -iprefix C:/Program Files/mingw-w64/x86_64-7.2.0-posix-seh-rt_v5-rev1/
     mingw64/bin/../lib/gcc/x86_64-w64-mingw32/7.2.0/ -D_MT -D_REENTRANT
     -U_REENTRANT -D IEEE -D DBLEPRECISION -m64 -mtune=core2 -march=nocona -mthreads
     -O2 -fimplicit-none -fbounds-check -funroll-loops -ftree-vectorize
     -ffpe-summary=invalid,zero,overflow,underflow -fno-unsafe-math-optimizations
     -frounding-math -fsignaling-nans -fopenmp.

   This problem will use 15 of 16 possible threads.


  INPUT --- proc title ;

   CPU Time for the last procedure was 0.01 seconds.     


  INPUT --- proc chmatrix occasions= 33 groups= 2 etype= POPAN Nodes= 
  INPUT --- 101 ICMeans NoHist hist= 41  ;

  INPUT ---    time interval 0.00547945205479452 0.00273972602739726 
  INPUT ---    0.00273972602739726 0.00547945205479452  
  INPUT ---    0.00821917808219178 0.00273972602739726 0.00273972602739726 
  INPUT ---    0.00547945205479452  0.00547945205479452 
  INPUT ---    0.00821917808219178 0.00273972602739726 0.0136986301369863 
  INPUT ---    0.00547945205479452  0.0273972602739726 0.00273972602739726 
  INPUT ---    0.00547945205479452 0.00273972602739726 0.010958904109589  
  INPUT ---    0.23013698630137 0.00821917808219178 0.254794520547945 
  INPUT ---    0.0246575342465753 0.00821917808219178  0.00273972602739726 
  INPUT ---    0.00273972602739726 0.0520547945205479 0.00273972602739726 
  INPUT ---    0.00273972602739726  0.117808219178082 0.575342465753425 
  INPUT ---    0.00273972602739726 0.00273972602739726 ;

  INPUT ---    glabel(1)=sexF;

  INPUT ---    glabel(2)=sexM;

   * *  WARNING  * *   At least a pair of the encounter histories are duplicates. 

      Number of unique encounter histories read was 38.

      Number of individual covariates read was 0.
      Time interval lengths vary and/or not equal to 1.

      Data type number is 19
      Data type is POPAN                                                                                               

   CPU Time for the last procedure was 0.01 seconds.     

  Program  MARK  - Survival Rate Estimation with Capture-Recapture Data
   gfortran(dble) Vers. 9.0 Mar 2018    25-Mar-2020 21:12:11    Page  002
 - - - - - - - - - - - - - - - - - - - - - - - - - - - - - - - - - - - - - -
 


  INPUT --- proc estimate link=Parm-Specific NOLOOP varest=2ndPart    ;


  INPUT --- model={ Phi(~sex)p(~1)pent(~1)N(~sex) };

  INPUT ---    group=1 Phi    rows=1 cols=32 Square ;
  INPUT ---        1 1 1 1 1 1 1 1 1 1 1 1 1 1 1 1 1 1 1 1 1 1 1 1 1 1 1 1 1 
  INPUT ---       1 1 1 ;

  INPUT ---    group=2 Phi    rows=1 cols=32 Square ;
  INPUT ---        2 2 2 2 2 2 2 2 2 2 2 2 2 2 2 2 2 2 2 2 2 2 2 2 2 2 2 2 2 
  INPUT ---       2 2 2 ;

  INPUT ---    group=1 p    rows=1 cols=33 Square ;
  INPUT ---        3 3 3 3 3 3 3 3 3 3 3 3 3 3 3 3 3 3 3 3 3 3 3 3 3 3 3 3 3 
  INPUT ---       3 3 3 3 ;

  INPUT ---    group=2 p    rows=1 cols=33 Square ;
  INPUT ---        3 3 3 3 3 3 3 3 3 3 3 3 3 3 3 3 3 3 3 3 3 3 3 3 3 3 3 3 3 
  INPUT ---       3 3 3 3 ;

  INPUT ---    group=1 pent    rows=1 cols=32 Square ;
  INPUT ---        6 7 8 9 10 11 12 13 14 15 16 17 18 19 20 21 22 23 24 25 26 
  INPUT ---       27 28 29 30 31 32 33 34 35 36 37 ;

  INPUT ---    group=2 pent    rows=1 cols=32 Square ;
  INPUT ---        38 39 40 41 42 43 44 45 46 47 48 49 50 51 52 53 54 55 56 
  INPUT ---       57 58 59 60 61 62 63 64 65 66 67 68 69 ;

  INPUT ---    group=1 N    rows=1 cols=1 Square ;
  INPUT ---        4 ;

  INPUT ---    group=2 N    rows=1 cols=1 Square ;
  INPUT ---        5 ;

  INPUT ---    design matrix constraints=69 covariates=6;
  INPUT ---        1 0 0 0 0 0;
  INPUT ---        1 1 0 0 0 0;
  INPUT ---        0 0 1 0 0 0;
  INPUT ---        0 0 0 0 1 0;
  INPUT ---        0 0 0 0 1 1;
  INPUT ---        0 0 0 1 0 0;
  INPUT ---        0 0 0 1 0 0;
  INPUT ---        0 0 0 1 0 0;

  Program  MARK  - Survival Rate Estimation with Capture-Recapture Data
   gfortran(dble) Vers. 9.0 Mar 2018    25-Mar-2020 21:12:11    Page  003
 - - - - - - - - - - - - - - - - - - - - - - - - - - - - - - - - - - - - - -
 
  INPUT ---        0 0 0 1 0 0;
  INPUT ---        0 0 0 1 0 0;
  INPUT ---        0 0 0 1 0 0;
  INPUT ---        0 0 0 1 0 0;
  INPUT ---        0 0 0 1 0 0;
  INPUT ---        0 0 0 1 0 0;
  INPUT ---        0 0 0 1 0 0;
  INPUT ---        0 0 0 1 0 0;
  INPUT ---        0 0 0 1 0 0;
  INPUT ---        0 0 0 1 0 0;
  INPUT ---        0 0 0 1 0 0;
  INPUT ---        0 0 0 1 0 0;
  INPUT ---        0 0 0 1 0 0;
  INPUT ---        0 0 0 1 0 0;
  INPUT ---        0 0 0 1 0 0;
  INPUT ---        0 0 0 1 0 0;
  INPUT ---        0 0 0 1 0 0;
  INPUT ---        0 0 0 1 0 0;
  INPUT ---        0 0 0 1 0 0;
  INPUT ---        0 0 0 1 0 0;
  INPUT ---        0 0 0 1 0 0;
  INPUT ---        0 0 0 1 0 0;
  INPUT ---        0 0 0 1 0 0;
  INPUT ---        0 0 0 1 0 0;
  INPUT ---        0 0 0 1 0 0;
  INPUT ---        0 0 0 1 0 0;
  INPUT ---        0 0 0 1 0 0;
  INPUT ---        0 0 0 1 0 0;
  INPUT ---        0 0 0 1 0 0;
  INPUT ---        0 0 0 1 0 0;
  INPUT ---        0 0 0 1 0 0;
  INPUT ---        0 0 0 1 0 0;
  INPUT ---        0 0 0 1 0 0;
  INPUT ---        0 0 0 1 0 0;
  INPUT ---        0 0 0 1 0 0;
  INPUT ---        0 0 0 1 0 0;
  INPUT ---        0 0 0 1 0 0;
  INPUT ---        0 0 0 1 0 0;
  INPUT ---        0 0 0 1 0 0;
  INPUT ---        0 0 0 1 0 0;
  INPUT ---        0 0 0 1 0 0;
  INPUT ---        0 0 0 1 0 0;
  INPUT ---        0 0 0 1 0 0;
  INPUT ---        0 0 0 1 0 0;
  INPUT ---        0 0 0 1 0 0;
  INPUT ---        0 0 0 1 0 0;

  Program  MARK  - Survival Rate Estimation with Capture-Recapture Data
   gfortran(dble) Vers. 9.0 Mar 2018    25-Mar-2020 21:12:11    Page  004
 - - - - - - - - - - - - - - - - - - - - - - - - - - - - - - - - - - - - - -
 
  INPUT ---        0 0 0 1 0 0;
  INPUT ---        0 0 0 1 0 0;
  INPUT ---        0 0 0 1 0 0;
  INPUT ---        0 0 0 1 0 0;
  INPUT ---        0 0 0 1 0 0;
  INPUT ---        0 0 0 1 0 0;
  INPUT ---        0 0 0 1 0 0;
  INPUT ---        0 0 0 1 0 0;
  INPUT ---        0 0 0 1 0 0;
  INPUT ---        0 0 0 1 0 0;
  INPUT ---        0 0 0 1 0 0;
  INPUT ---        0 0 0 1 0 0;
  INPUT ---        0 0 0 1 0 0;
  INPUT ---        0 0 0 1 0 0;
  INPUT ---        0 0 0 1 0 0;

  INPUT ---    links=69;

  INPUT ---    Logit;

  INPUT ---    Logit;

  INPUT ---    Logit;

  INPUT ---    Log;

  INPUT ---    Log;

  INPUT ---    mlogit(1);

  INPUT ---    mlogit(1);

  INPUT ---    mlogit(1);

  INPUT ---    mlogit(1);

  INPUT ---    mlogit(1);

  INPUT ---    mlogit(1);

  INPUT ---    mlogit(1);

  INPUT ---    mlogit(1);

  INPUT ---    mlogit(1);


  Program  MARK  - Survival Rate Estimation with Capture-Recapture Data
   gfortran(dble) Vers. 9.0 Mar 2018    25-Mar-2020 21:12:11    Page  005
 - - - - - - - - - - - - - - - - - - - - - - - - - - - - - - - - - - - - - -
 
  INPUT ---    mlogit(1);

  INPUT ---    mlogit(1);

  INPUT ---    mlogit(1);

  INPUT ---    mlogit(1);

  INPUT ---    mlogit(1);

  INPUT ---    mlogit(1);

  INPUT ---    mlogit(1);

  INPUT ---    mlogit(1);

  INPUT ---    mlogit(1);

  INPUT ---    mlogit(1);

  INPUT ---    mlogit(1);

  INPUT ---    mlogit(1);

  INPUT ---    mlogit(1);

  INPUT ---    mlogit(1);

  INPUT ---    mlogit(1);

  INPUT ---    mlogit(1);

  INPUT ---    mlogit(1);

  INPUT ---    mlogit(1);

  INPUT ---    mlogit(1);

  INPUT ---    mlogit(1);

  INPUT ---    mlogit(1);

  INPUT ---    mlogit(1);

  INPUT ---    mlogit(1);


  Program  MARK  - Survival Rate Estimation with Capture-Recapture Data
   gfortran(dble) Vers. 9.0 Mar 2018    25-Mar-2020 21:12:11    Page  006
 - - - - - - - - - - - - - - - - - - - - - - - - - - - - - - - - - - - - - -
 
  INPUT ---    mlogit(2);

  INPUT ---    mlogit(2);

  INPUT ---    mlogit(2);

  INPUT ---    mlogit(2);

  INPUT ---    mlogit(2);

  INPUT ---    mlogit(2);

  INPUT ---    mlogit(2);

  INPUT ---    mlogit(2);

  INPUT ---    mlogit(2);

  INPUT ---    mlogit(2);

  INPUT ---    mlogit(2);

  INPUT ---    mlogit(2);

  INPUT ---    mlogit(2);

  INPUT ---    mlogit(2);

  INPUT ---    mlogit(2);

  INPUT ---    mlogit(2);

  INPUT ---    mlogit(2);

  INPUT ---    mlogit(2);

  INPUT ---    mlogit(2);

  INPUT ---    mlogit(2);

  INPUT ---    mlogit(2);

  INPUT ---    mlogit(2);

  INPUT ---    mlogit(2);


  Program  MARK  - Survival Rate Estimation with Capture-Recapture Data
   gfortran(dble) Vers. 9.0 Mar 2018    25-Mar-2020 21:12:11    Page  007
 - - - - - - - - - - - - - - - - - - - - - - - - - - - - - - - - - - - - - -
 
  INPUT ---    mlogit(2);

  INPUT ---    mlogit(2);

  INPUT ---    mlogit(2);

  INPUT ---    mlogit(2);

  INPUT ---    mlogit(2);

  INPUT ---    mlogit(2);

  INPUT ---    mlogit(2);

  INPUT ---    mlogit(2);

  INPUT ---    mlogit(2);
  INPUT ---       blabel(1)=Phi:(Intercept);
  INPUT ---       blabel(2)=Phi:sexM;
  INPUT ---       blabel(3)=p:(Intercept);
  INPUT ---       blabel(4)=pent:(Intercept);
  INPUT ---       blabel(5)=N:(Intercept);
  INPUT ---       blabel(6)=N:sexM;
  INPUT ---       rlabel(1)=Phi gF a0 t1;
  INPUT ---       rlabel(2)=Phi gM a0 t1;
  INPUT ---       rlabel(3)=p gF a0 t1;
  INPUT ---       rlabel(4)=N gF a0 t1;
  INPUT ---       rlabel(5)=N gM a0 t1;
  INPUT ---       rlabel(6)=pent gF a0.00547945205479452 t1.00547945205479;
  INPUT ---       rlabel(7)=pent gF a0.00821917808219178 t1.00821917808219;
  INPUT ---       rlabel(8)=pent gF a0.010958904109589 t1.01095890410959;
  INPUT ---       rlabel(9)=pent gF a0.0164383561643836 t1.01643835616438;
  INPUT ---       rlabel(10)=pent gF a0.0246575342465753 t1.02465753424658;
  INPUT ---       rlabel(11)=pent gF a0.0273972602739726 t1.02739726027397;
  INPUT ---       rlabel(12)=pent gF a0.0301369863013699 t1.03013698630137;
  INPUT ---       rlabel(13)=pent gF a0.0356164383561644 t1.03561643835616;
  INPUT ---       rlabel(14)=pent gF a0.0410958904109589 t1.04109589041096;
  INPUT ---       rlabel(15)=pent gF a0.0493150684931507 t1.04931506849315;
  INPUT ---       rlabel(16)=pent gF a0.0520547945205479 t1.05205479452055;
  INPUT ---       rlabel(17)=pent gF a0.0657534246575342 t1.06575342465753;
  INPUT ---       rlabel(18)=pent gF a0.0712328767123288 t1.07123287671233;
  INPUT ---       rlabel(19)=pent gF a0.0986301369863014 t1.0986301369863;
  INPUT ---       rlabel(20)=pent gF a0.101369863013699 t1.1013698630137;
  INPUT ---       rlabel(21)=pent gF a0.106849315068493 t1.10684931506849;
  INPUT ---       rlabel(22)=pent gF a0.10958904109589 t1.10958904109589;
  INPUT ---       rlabel(23)=pent gF a0.120547945205479 t1.12054794520548;

  Program  MARK  - Survival Rate Estimation with Capture-Recapture Data
   gfortran(dble) Vers. 9.0 Mar 2018    25-Mar-2020 21:12:11    Page  008
 - - - - - - - - - - - - - - - - - - - - - - - - - - - - - - - - - - - - - -
 
  INPUT ---       rlabel(24)=pent gF a0.350684931506849 t1.35068493150685;
  INPUT ---       rlabel(25)=pent gF a0.358904109589041 t1.35890410958904;
  INPUT ---       rlabel(26)=pent gF a0.613698630136986 t1.61369863013699;
  INPUT ---       rlabel(27)=pent gF a0.638356164383562 t1.63835616438356;
  INPUT ---       rlabel(28)=pent gF a0.646575342465753 t1.64657534246575;
  INPUT ---       rlabel(29)=pent gF a0.649315068493151 t1.64931506849315;
  INPUT ---       rlabel(30)=pent gF a0.652054794520548 t1.65205479452055;
  INPUT ---       rlabel(31)=pent gF a0.704109589041096 t1.7041095890411;
  INPUT ---       rlabel(32)=pent gF a0.706849315068493 t1.70684931506849;
  INPUT ---       rlabel(33)=pent gF a0.70958904109589 t1.70958904109589;
  INPUT ---       rlabel(34)=pent gF a0.827397260273973 t1.82739726027397;
  INPUT ---       rlabel(35)=pent gF a1.4027397260274 t2.4027397260274;
  INPUT ---       rlabel(36)=pent gF a1.40547945205479 t2.40547945205479;
  INPUT ---       rlabel(37)=pent gF a1.40821917808219 t2.40821917808219;
  INPUT ---       rlabel(38)=pent gM a0.00547945205479452 t1.00547945205479;
  INPUT ---       rlabel(39)=pent gM a0.00821917808219178 t1.00821917808219;
  INPUT ---       rlabel(40)=pent gM a0.010958904109589 t1.01095890410959;
  INPUT ---       rlabel(41)=pent gM a0.0164383561643836 t1.01643835616438;
  INPUT ---       rlabel(42)=pent gM a0.0246575342465753 t1.02465753424658;
  INPUT ---       rlabel(43)=pent gM a0.0273972602739726 t1.02739726027397;
  INPUT ---       rlabel(44)=pent gM a0.0301369863013699 t1.03013698630137;
  INPUT ---       rlabel(45)=pent gM a0.0356164383561644 t1.03561643835616;
  INPUT ---       rlabel(46)=pent gM a0.0410958904109589 t1.04109589041096;
  INPUT ---       rlabel(47)=pent gM a0.0493150684931507 t1.04931506849315;
  INPUT ---       rlabel(48)=pent gM a0.0520547945205479 t1.05205479452055;
  INPUT ---       rlabel(49)=pent gM a0.0657534246575342 t1.06575342465753;
  INPUT ---       rlabel(50)=pent gM a0.0712328767123288 t1.07123287671233;
  INPUT ---       rlabel(51)=pent gM a0.0986301369863014 t1.0986301369863;
  INPUT ---       rlabel(52)=pent gM a0.101369863013699 t1.1013698630137;
  INPUT ---       rlabel(53)=pent gM a0.106849315068493 t1.10684931506849;
  INPUT ---       rlabel(54)=pent gM a0.10958904109589 t1.10958904109589;
  INPUT ---       rlabel(55)=pent gM a0.120547945205479 t1.12054794520548;
  INPUT ---       rlabel(56)=pent gM a0.350684931506849 t1.35068493150685;
  INPUT ---       rlabel(57)=pent gM a0.358904109589041 t1.35890410958904;
  INPUT ---       rlabel(58)=pent gM a0.613698630136986 t1.61369863013699;
  INPUT ---       rlabel(59)=pent gM a0.638356164383562 t1.63835616438356;
  INPUT ---       rlabel(60)=pent gM a0.646575342465753 t1.64657534246575;
  INPUT ---       rlabel(61)=pent gM a0.649315068493151 t1.64931506849315;
  INPUT ---       rlabel(62)=pent gM a0.652054794520548 t1.65205479452055;
  INPUT ---       rlabel(63)=pent gM a0.704109589041096 t1.7041095890411;
  INPUT ---       rlabel(64)=pent gM a0.706849315068493 t1.70684931506849;
  INPUT ---       rlabel(65)=pent gM a0.70958904109589 t1.70958904109589;
  INPUT ---       rlabel(66)=pent gM a0.827397260273973 t1.82739726027397;
  INPUT ---       rlabel(67)=pent gM a1.4027397260274 t2.4027397260274;
  INPUT ---       rlabel(68)=pent gM a1.40547945205479 t2.40547945205479;
  INPUT ---       rlabel(69)=pent gM a1.40821917808219 t2.40821917808219;

  Program  MARK  - Survival Rate Estimation with Capture-Recapture Data
   gfortran(dble) Vers. 9.0 Mar 2018    25-Mar-2020 21:12:11    Page  009
 - - - - - - - - - - - - - - - - - - - - - - - - - - - - - - - - - - - - - -
 

 Link Function Used is PARM-SPECIFIC

 Variance Estimation Procedure Used is 2ndPart 

 M(t+1):
      16     29



 Group: 1

 U(t)+UL(t):
       0    2    2    0    1    0    3    1    1    0    0    0    0    0    1
       0    0    0    2    1    1    0    0    0    1    0    0    0    0    0
       0    0    0

 U(t):
       0    2    2    0    1    0    3    1    1    0    0    0    0    0    1
       0    0    0    2    1    1    0    0    0    1    0    0    0    0    0
       0    0    0

 UL(t):
       0    0    0    0    0    0    0    0    0    0    0    0    0    0    0
       0    0    0    0    0    0    0    0    0    0    0    0    0    0    0
       0    0    0

 Not Released(t):
       0    0    0    0    0    0    0    0    0    0    0    0    0    0    0
       0    0    0    0    0    0    0    0    0    0    0    0    0    0    0
       0    0    0

 Group: 2

 U(t)+UL(t):
       3    0    1    1    1    1    1    0    1    1    2    1    3    3    1
       1    0    2    3    1    0    0    1    0    0    0    0    0    0    1
       0    0    0

 U(t):
       3    0    1    1    1    1    1    0    1    1    2    1    3    3    1
       1    0    2    3    1    0    0    1    0    0    0    0    0    0    1
       0    0    0

 UL(t):
       0    0    0    0    0    0    0    0    0    0    0    0    0    0    0
       0    0    0    0    0    0    0    0    0    0    0    0    0    0    0
       0    0    0

 Not Released(t):
       0    0    0    0    0    0    0    0    0    0    0    0    0    0    0
       0    0    0    0    0    0    0    0    0    0    0    0    0    0    0
       0    0    0
 -2logL(saturated) = 272.93564     
 Effective Sample Size = 103

 Number of function evaluations was 26 for 6 parameters.
 Time for numerical optimization was 0.02 seconds.     
 -2logL { Phi(~sex)p(~1)pent(~1)N(~sex) } = 553.04940     
 Penalty { Phi(~sex)p(~1)pent(~1)N(~sex) } = 0.0000000     
 Gradient { Phi(~sex)p(~1)pent(~1)N(~sex) }:
   0.000000       0.000000       0.000000     -0.2737302E-05 -0.5329919E-05
   0.000000    
 Maximum ABS(G) { Phi(~sex)p(~1)pent(~1)N(~sex) } = 0.5329919E-05 
 S Vector { Phi(~sex)p(~1)pent(~1)N(~sex) }:
   82.20866      8.396840      2.801797      1.696777     0.4487265    
  0.3801885    
 Time to compute number of parameters was 0.02 seconds.     
 Ratio Threshold = 50.000000       Max Gap (1/2) = 9.7904288       Next Max Gap (1/2) = 9.7904288     
 Gap Method for Num. of Estimated Parameters { Phi(~sex)p(~1)pent(~1)N(~sex) } = 6          
 Threshold { Phi(~sex)p(~1)pent(~1)N(~sex) } = 0.1065984E-04                 
 Numerical Threshold Method for Num. of Estimated Parameters { Phi(~sex)p(~1)pent(~1)N(~sex) } = 6          
 Number of Estimated Parameters { Phi(~sex)p(~1)pent(~1)N(~sex) } = 6          
 DEVIANCE { Phi(~sex)p(~1)pent(~1)N(~sex) } = 280.11376                     
 DEVIANCE Degrees of Freedom { Phi(~sex)p(~1)pent(~1)N(~sex) } = 35            
 c-hat { Phi(~sex)p(~1)pent(~1)N(~sex) } = 8.0032503                     
 AIC { Phi(~sex)p(~1)pent(~1)N(~sex) } = 565.04940                  
 AICc { Phi(~sex)p(~1)pent(~1)N(~sex) } = 565.92440                    
 BIC { Phi(~sex)p(~1)pent(~1)N(~sex) } = 580.85778                    
 Pearson Chisquare { Phi(~sex)p(~1)pent(~1)N(~sex) } = 23267702.                  


              PARM-SPECIFIC Link Function Parameters of { Phi(~sex)p(~1)pent(~1)N(~sex) }
                                                              95% Confidence Interval
 Parameter                    Beta         Standard Error      Lower           Upper
 -------------------------  --------------  --------------  --------------  --------------
    1:Phi:(Intercept)       -1.7598685       1.0102080      -3.7398761       0.2201392    
    2:Phi:sexM               2.9075781       1.3545005       0.2527570       5.5623991    
    3:p:(Intercept)         -2.4803223       0.1758495      -2.8249874      -2.1356573    
    4:pent:(Intercept)      -4.5743907       1.4177339      -7.3531491      -1.7956322    
    5:N:(Intercept)          1.8628555       0.6777990       0.5343695       3.1913416    
    6:N:sexM                -0.1370137       0.7621224      -1.6307736       1.3567461    


              Real Function Parameters of { Phi(~sex)p(~1)pent(~1)N(~sex) }
                                                               95% Confidence Interval
  Parameter                  Estimate       Standard Error      Lower           Upper
 --------------------------  --------------  --------------  --------------  --------------
     1:Phi gF a0 t1           0.1468068       0.1265332       0.0232057       0.5548136                          
     2:Phi gM a0 t1           0.7590923       0.2181605       0.2331662       0.9702850                          
     3:p gF a0 t1             0.0772492       0.0125349       0.0559887       0.1056791                          
     4:N gF a0 t1             22.442106       4.3664532       17.930465       37.497787                          
     5:N gM a0 t1             34.617248       4.2814293       30.490886       50.164237                          
     6:pent gF a0.005479452   0.0077538       0.0082653       0.9506609E-03   0.0603031                          
     7:pent gF a0.008219178   0.0077538       0.0082653       0.9506609E-03   0.0603031                          

  Program  MARK  - Survival Rate Estimation with Capture-Recapture Data
   gfortran(dble) Vers. 9.0 Mar 2018    25-Mar-2020 21:12:11    Page  010
 - - - - - - - - - - - - - - - - - - - - - - - - - - - - - - - - - - - - - -
 
     8:pent gF a0.010958904   0.0077538       0.0082653       0.9506609E-03   0.0603031                          
     9:pent gF a0.016438356   0.0077538       0.0082653       0.9506609E-03   0.0603031                          
    10:pent gF a0.024657534   0.0077538       0.0082653       0.9506609E-03   0.0603031                          
    11:pent gF a0.027397260   0.0077538       0.0082653       0.9506609E-03   0.0603031                          
    12:pent gF a0.030136986   0.0077538       0.0082653       0.9506609E-03   0.0603031                          
    13:pent gF a0.035616438   0.0077538       0.0082653       0.9506609E-03   0.0603031                          
    14:pent gF a0.041095890   0.0077538       0.0082653       0.9506609E-03   0.0603031                          
    15:pent gF a0.049315068   0.0077538       0.0082653       0.9506609E-03   0.0603031                          
    16:pent gF a0.052054794   0.0077538       0.0082653       0.9506609E-03   0.0603031                          
    17:pent gF a0.065753424   0.0077538       0.0082653       0.9506609E-03   0.0603031                          
    18:pent gF a0.071232876   0.0077538       0.0082653       0.9506609E-03   0.0603031                          
    19:pent gF a0.098630136   0.0077538       0.0082653       0.9506609E-03   0.0603031                          
    20:pent gF a0.101369863   0.0077538       0.0082653       0.9506609E-03   0.0603031                          
    21:pent gF a0.106849315   0.0077538       0.0082653       0.9506609E-03   0.0603031                          
    22:pent gF a0.109589041   0.0077538       0.0082653       0.9506609E-03   0.0603031                          
    23:pent gF a0.120547945   0.0077538       0.0082653       0.9506609E-03   0.0603031                          
    24:pent gF a0.350684931   0.0077538       0.0082653       0.9506609E-03   0.0603031                          
    25:pent gF a0.358904109   0.0077538       0.0082653       0.9506609E-03   0.0603031                          
    26:pent gF a0.613698630   0.0077538       0.0082653       0.9506609E-03   0.0603031                          
    27:pent gF a0.638356164   0.0077538       0.0082653       0.9506609E-03   0.0603031                          
    28:pent gF a0.646575342   0.0077538       0.0082653       0.9506609E-03   0.0603031                          
    29:pent gF a0.649315068   0.0077538       0.0082653       0.9506609E-03   0.0603031                          
    30:pent gF a0.652054794   0.0077538       0.0082653       0.9506609E-03   0.0603031                          
    31:pent gF a0.704109589   0.0077538       0.0082653       0.9506609E-03   0.0603031                          
    32:pent gF a0.706849315   0.0077538       0.0082653       0.9506609E-03   0.0603031                          
    33:pent gF a0.709589041   0.0077538       0.0082653       0.9506609E-03   0.0603031                          
    34:pent gF a0.827397260   0.0077538       0.0082653       0.9506609E-03   0.0603031                          
    35:pent gF a1.402739726   0.0077538       0.0082653       0.9506609E-03   0.0603031                          
    36:pent gF a1.405479452   0.0077538       0.0082653       0.9506609E-03   0.0603031                          
    37:pent gF a1.408219178   0.0077538       0.0082653       0.9506609E-03   0.0603031                          
    38:pent gM a0.005479452   0.0077538       0.0082653       0.9506609E-03   0.0603031                          
    39:pent gM a0.008219178   0.0077538       0.0082653       0.9506609E-03   0.0603031                          
    40:pent gM a0.010958904   0.0077538       0.0082653       0.9506609E-03   0.0603031                          
    41:pent gM a0.016438356   0.0077538       0.0082653       0.9506609E-03   0.0603031                          
    42:pent gM a0.024657534   0.0077538       0.0082653       0.9506609E-03   0.0603031                          
    43:pent gM a0.027397260   0.0077538       0.0082653       0.9506609E-03   0.0603031                          
    44:pent gM a0.030136986   0.0077538       0.0082653       0.9506609E-03   0.0603031                          
    45:pent gM a0.035616438   0.0077538       0.0082653       0.9506609E-03   0.0603031                          
    46:pent gM a0.041095890   0.0077538       0.0082653       0.9506609E-03   0.0603031                          
    47:pent gM a0.049315068   0.0077538       0.0082653       0.9506609E-03   0.0603031                          
    48:pent gM a0.052054794   0.0077538       0.0082653       0.9506609E-03   0.0603031                          
    49:pent gM a0.065753424   0.0077538       0.0082653       0.9506609E-03   0.0603031                          
    50:pent gM a0.071232876   0.0077538       0.0082653       0.9506609E-03   0.0603031                          
    51:pent gM a0.098630136   0.0077538       0.0082653       0.9506609E-03   0.0603031                          
    52:pent gM a0.101369863   0.0077538       0.0082653       0.9506609E-03   0.0603031                          
    53:pent gM a0.106849315   0.0077538       0.0082653       0.9506609E-03   0.0603031                          

  Program  MARK  - Survival Rate Estimation with Capture-Recapture Data
   gfortran(dble) Vers. 9.0 Mar 2018    25-Mar-2020 21:12:11    Page  011
 - - - - - - - - - - - - - - - - - - - - - - - - - - - - - - - - - - - - - -
 
    54:pent gM a0.109589041   0.0077538       0.0082653       0.9506609E-03   0.0603031                          
    55:pent gM a0.120547945   0.0077538       0.0082653       0.9506609E-03   0.0603031                          
    56:pent gM a0.350684931   0.0077538       0.0082653       0.9506609E-03   0.0603031                          
    57:pent gM a0.358904109   0.0077538       0.0082653       0.9506609E-03   0.0603031                          
    58:pent gM a0.613698630   0.0077538       0.0082653       0.9506609E-03   0.0603031                          
    59:pent gM a0.638356164   0.0077538       0.0082653       0.9506609E-03   0.0603031                          
    60:pent gM a0.646575342   0.0077538       0.0082653       0.9506609E-03   0.0603031                          
    61:pent gM a0.649315068   0.0077538       0.0082653       0.9506609E-03   0.0603031                          
    62:pent gM a0.652054794   0.0077538       0.0082653       0.9506609E-03   0.0603031                          
    63:pent gM a0.704109589   0.0077538       0.0082653       0.9506609E-03   0.0603031                          
    64:pent gM a0.706849315   0.0077538       0.0082653       0.9506609E-03   0.0603031                          
    65:pent gM a0.709589041   0.0077538       0.0082653       0.9506609E-03   0.0603031                          
    66:pent gM a0.827397260   0.0077538       0.0082653       0.9506609E-03   0.0603031                          
    67:pent gM a1.402739726   0.0077538       0.0082653       0.9506609E-03   0.0603031                          
    68:pent gM a1.405479452   0.0077538       0.0082653       0.9506609E-03   0.0603031                          
    69:pent gM a1.408219178   0.0077538       0.0082653       0.9506609E-03   0.0603031                          


                      Estimates of Derived Parameters
  Gross Birth+Immigration Estimates of { Phi(~sex)p(~1)pent(~1)N(~sex) }
                                                95% Confidence Interval
 Grp. Occ.   B*-hat          Standard Error      Lower           Upper
 ---- ----   --------------  --------------  --------------  --------------
   1     1    0.1749280       0.2079957       0.0277844       1.1013323    
   1     2    0.1744695       0.2073518       0.0277277       1.0978064    
   1     3    0.1744695       0.2073518       0.0277277       1.0978064    
   1     4    0.1749280       0.2079957       0.0277844       1.1013323    
   1     5    0.1753874       0.2086411       0.0278411       1.1048666    
   1     6    0.1744695       0.2073518       0.0277277       1.0978064    
   1     7    0.1744695       0.2073518       0.0277277       1.0978064    
   1     8    0.1749280       0.2079957       0.0277844       1.1013323    
   1     9    0.1749280       0.2079957       0.0277844       1.1013323    
   1    10    0.1753874       0.2086411       0.0278411       1.1048666    
   1    11    0.1744695       0.2073518       0.0277277       1.0978064    
   1    12    0.1763085       0.2099362       0.0279548       1.1119605    
   1    13    0.1749280       0.2079957       0.0277844       1.1013323    
   1    14    0.1786253       0.2131994       0.0282402       1.1298426    
   1    15    0.1744695       0.2073518       0.0277277       1.0978064    
   1    16    0.1749280       0.2079957       0.0277844       1.1013323    
   1    17    0.1744695       0.2073518       0.0277277       1.0978064    
   1    18    0.1758475       0.2092879       0.0278980       1.1084094    
   1    19    0.2152472       0.2657392       0.0326481       1.4191142    
   1    20    0.1753874       0.2086411       0.0278411       1.1048666    
   1    21    0.2199970       0.2726674       0.0332084       1.4574245    
   1    22    0.1781603       0.2125438       0.0281830       1.1262493    

  Program  MARK  - Survival Rate Estimation with Capture-Recapture Data
   gfortran(dble) Vers. 9.0 Mar 2018    25-Mar-2020 21:12:11    Page  012
 - - - - - - - - - - - - - - - - - - - - - - - - - - - - - - - - - - - - - -
 
   1    23    0.1753874       0.2086411       0.0278411       1.1048666    
   1    24    0.1744695       0.2073518       0.0277277       1.0978064    
   1    25    0.1744695       0.2073518       0.0277277       1.0978064    
   1    26    0.1828460       0.2191648       0.0287578       1.1625612    
   1    27    0.1744695       0.2073518       0.0277277       1.0978064    
   1    28    0.1744695       0.2073518       0.0277277       1.0978064    
   1    29    0.1944180       0.2356489       0.0301627       1.2531502    
   1    30    0.2873764       0.3728993       0.0409912       2.0147049    
   1    31    0.1744695       0.2073518       0.0277277       1.0978064    
   1    32    0.1744695       0.2073518       0.0277277       1.0978064    
   2     1    0.2686181       0.3101499       0.0442222       1.6316623    
   2     2    0.2685168       0.3099806       0.0442146       1.6307117    
   2     3    0.2685168       0.3099806       0.0442146       1.6307117    
   2     4    0.2686181       0.3101499       0.0442222       1.6316623    
   2     5    0.2687196       0.3103194       0.0442298       1.6326133    
   2     6    0.2685168       0.3099806       0.0442146       1.6307117    
   2     7    0.2685168       0.3099806       0.0442146       1.6307117    
   2     8    0.2686181       0.3101499       0.0442222       1.6316623    
   2     9    0.2686181       0.3101499       0.0442222       1.6316623    
   2    10    0.2687196       0.3103194       0.0442298       1.6326133    
   2    11    0.2685168       0.3099806       0.0442146       1.6307117    
   2    12    0.2689225       0.3106585       0.0442450       1.6345170    
   2    13    0.2686181       0.3101499       0.0442222       1.6316623    
   2    14    0.2694301       0.3115077       0.0442831       1.6392853    
   2    15    0.2685168       0.3099806       0.0442146       1.6307117    
   2    16    0.2686181       0.3101499       0.0442222       1.6316623    
   2    17    0.2685168       0.3099806       0.0442146       1.6307117    
   2    18    0.2688210       0.3104889       0.0442374       1.6335649    
   2    19    0.2770186       0.3243186       0.0448407       1.7113772    
   2    20    0.2687196       0.3103194       0.0442298       1.6326133    
   2    21    0.2779510       0.3259076       0.0449079       1.7203396    
   2    22    0.2693286       0.3113377       0.0442755       1.6383306    
   2    23    0.2687196       0.3103194       0.0442298       1.6326133    
   2    24    0.2685168       0.3099806       0.0442146       1.6307117    
   2    25    0.2685168       0.3099806       0.0442146       1.6307117    
   2    26    0.2703456       0.3130416       0.0443514       1.6479010    
   2    27    0.2685168       0.3099806       0.0442146       1.6307117    
   2    28    0.2685168       0.3099806       0.0442146       1.6307117    
   2    29    0.2727969       0.3171647       0.0445329       1.6710822    
   2    30    0.2902607       0.3471716       0.0457716       1.8406899    
   2    31    0.2685168       0.3099806       0.0442146       1.6307117    
   2    32    0.2685168       0.3099806       0.0442146       1.6307117    

   Net Birth+Immigration Estimates of { Phi(~sex)p(~1)pent(~1)N(~sex) }
                                                95% Confidence Interval
 Grp. Occ.   B-hat           Standard Error      Lower           Upper
 ---- ----   --------------  --------------  --------------  --------------
   1     1    0.1740117       0.2067093       0.0276710       1.0942889    
   1     2    0.1740117       0.2067093       0.0276710       1.0942889    
   1     3    0.1740117       0.2067093       0.0276710       1.0942889    
   1     4    0.1740117       0.2067093       0.0276710       1.0942889    
   1     5    0.1740117       0.2067093       0.0276710       1.0942889    
   1     6    0.1740117       0.2067093       0.0276710       1.0942889    
   1     7    0.1740117       0.2067093       0.0276710       1.0942889    
   1     8    0.1740117       0.2067093       0.0276710       1.0942889    
   1     9    0.1740117       0.2067093       0.0276710       1.0942889    
   1    10    0.1740117       0.2067093       0.0276710       1.0942889    
   1    11    0.1740117       0.2067093       0.0276710       1.0942889    
   1    12    0.1740117       0.2067093       0.0276710       1.0942889    
   1    13    0.1740117       0.2067093       0.0276710       1.0942889    
   1    14    0.1740117       0.2067093       0.0276710       1.0942889    
   1    15    0.1740117       0.2067093       0.0276710       1.0942889    
   1    16    0.1740117       0.2067093       0.0276710       1.0942889    
   1    17    0.1740117       0.2067093       0.0276710       1.0942889    
   1    18    0.1740117       0.2067093       0.0276710       1.0942889    
   1    19    0.1740117       0.2067093       0.0276710       1.0942889    
   1    20    0.1740117       0.2067093       0.0276710       1.0942889    
   1    21    0.1740117       0.2067093       0.0276710       1.0942889    
   1    22    0.1740117       0.2067093       0.0276710       1.0942889    
   1    23    0.1740117       0.2067093       0.0276710       1.0942889    
   1    24    0.1740117       0.2067093       0.0276710       1.0942889    
   1    25    0.1740117       0.2067093       0.0276710       1.0942889    
   1    26    0.1740117       0.2067093       0.0276710       1.0942889    
   1    27    0.1740117       0.2067093       0.0276710       1.0942889    
   1    28    0.1740117       0.2067093       0.0276710       1.0942889    
   1    29    0.1740117       0.2067093       0.0276710       1.0942889    
   1    30    0.1740117       0.2067093       0.0276710       1.0942889    
   1    31    0.1740117       0.2067093       0.0276710       1.0942889    
   1    32    0.1740117       0.2067093       0.0276710       1.0942889    
   2     1    0.2684154       0.3098113       0.0442070       1.6297617    
   2     2    0.2684154       0.3098113       0.0442070       1.6297617    
   2     3    0.2684154       0.3098113       0.0442070       1.6297617    
   2     4    0.2684154       0.3098113       0.0442070       1.6297617    
   2     5    0.2684154       0.3098113       0.0442070       1.6297617    
   2     6    0.2684154       0.3098113       0.0442070       1.6297617    
   2     7    0.2684154       0.3098113       0.0442070       1.6297617    
   2     8    0.2684154       0.3098113       0.0442070       1.6297617    
   2     9    0.2684154       0.3098113       0.0442070       1.6297617    
   2    10    0.2684154       0.3098113       0.0442070       1.6297617    
   2    11    0.2684154       0.3098113       0.0442070       1.6297617    
   2    12    0.2684154       0.3098113       0.0442070       1.6297617    
   2    13    0.2684154       0.3098113       0.0442070       1.6297617    
   2    14    0.2684154       0.3098113       0.0442070       1.6297617    
   2    15    0.2684154       0.3098113       0.0442070       1.6297617    
   2    16    0.2684154       0.3098113       0.0442070       1.6297617    
   2    17    0.2684154       0.3098113       0.0442070       1.6297617    
   2    18    0.2684154       0.3098113       0.0442070       1.6297617    
   2    19    0.2684154       0.3098113       0.0442070       1.6297617    
   2    20    0.2684154       0.3098113       0.0442070       1.6297617    
   2    21    0.2684154       0.3098113       0.0442070       1.6297617    
   2    22    0.2684154       0.3098113       0.0442070       1.6297617    
   2    23    0.2684154       0.3098113       0.0442070       1.6297617    
   2    24    0.2684154       0.3098113       0.0442070       1.6297617    
   2    25    0.2684154       0.3098113       0.0442070       1.6297617    
   2    26    0.2684154       0.3098113       0.0442070       1.6297617    
   2    27    0.2684154       0.3098113       0.0442070       1.6297617    
   2    28    0.2684154       0.3098113       0.0442070       1.6297617    
   2    29    0.2684154       0.3098113       0.0442070       1.6297617    
   2    30    0.2684154       0.3098113       0.0442070       1.6297617    
   2    31    0.2684154       0.3098113       0.0442070       1.6297617    
   2    32    0.2684154       0.3098113       0.0442070       1.6297617    

        Population Estimates of { Phi(~sex)p(~1)pent(~1)N(~sex) }
                                                95% Confidence Interval
 Grp. Occ.   N-hat           Standard Error      Lower           Upper
 ---- ----   --------------  --------------  --------------  --------------
   1     1    16.873731       4.8727565       9.6895609       29.384490    
   1     2    16.871277       4.6850846       9.8888212       28.784017    
   1     3    16.956837       4.5185482       10.148382       28.333022    
   1     4    17.041948       4.3566577       10.407494       27.905662    

  Program  MARK  - Survival Rate Estimation with Capture-Recapture Data
   gfortran(dble) Vers. 9.0 Mar 2018    25-Mar-2020 21:12:11    Page  013
 - - - - - - - - - - - - - - - - - - - - - - - - - - - - - - - - - - - - - -
 
   1     5    17.037735       4.1850788       10.601743       27.380820    
   1     6    16.945176       4.0062504       10.728225       26.764816    
   1     7    17.030348       3.8598499       10.982721       26.408095    
   1     8    17.115074       3.7198126       11.233231       26.076713    
   1     9    17.110096       3.5750814       11.410138       25.657480    
   1    10    17.105170       3.4382542       11.580264       25.265990    
   1    11    17.011555       3.3002068       11.671655       24.794513    
   1    12    17.096380       3.1900078       11.896871       24.568324    
   1    13    16.826906       3.0564752       11.820624       23.953453    
   1    14    16.824941       2.9572464       11.952959       23.682726    
   1    15    16.137386       2.8326645       11.469580       22.704860    
   1    16    16.226793       2.7580744       11.656815       22.588402    
   1    17    16.231105       2.6933169       11.750571       22.420082    
   1    18    16.320021       2.6441639       11.904173       22.373925    
   1    19    16.154468       2.6005265       11.807018       22.102686    
   1    20    10.561968       2.9525091       6.1695838       18.081475    
   1    21    10.570728       2.9031069       6.2311236       17.932608    
   1    22    6.6573162       2.9946736       2.8700733       15.442066    
   1    23    6.5237117       2.9202984       2.8230133       15.075669    
   1    24    6.5956538       2.8668869       2.9184491       14.906085    
   1    25    6.7350862       2.8298984       3.0557639       14.844532    
   1    26    6.8737875       2.8074267       3.1831486       14.843465    
   1    27    6.3944537       2.7697618       2.8368055       14.413762    
   1    28    6.5349409       2.7677537       2.9477332       14.487557    
   1    29    6.6746916       2.7803384       3.0474885       14.619090    
   1    30    5.4983674       2.6693832       2.2317276       13.546476    
   1    31    1.9971829       1.6725590       0.4785152       8.3356587    
   1    32    2.1607239       1.6602258       0.5685723       8.2113176    
   1    33    2.3234075       1.6733734       0.6544472       8.2485229    
   2     1    26.027955       7.3351428       15.139807       44.746572    
   2     2    26.257090       7.0554924       15.649209       44.055565    
   2     3    26.505684       6.7759345       16.187056       43.402045    
   2     4    26.754092       6.4989482       16.733006       42.776618    
   2     5    26.982130       6.2275650       17.264580       42.169307    
   2     6    27.189488       5.9624811       17.779604       41.579568    
   2     7    27.437379       5.6947832       18.345404       41.035333    
   2     8    27.685082       5.4311516       18.916089       40.519148    
   2     9    27.911716       5.1755721       19.466163       40.021442    
   2    10    28.138008       4.9252387       20.017975       39.551828    
   2    11    28.342750       4.6846405       20.544483       39.101079    
   2    12    28.589770       4.4431157       21.120883       38.699847    
   2    13    28.750440       4.2255020       21.587753       38.289665    
   2    14    28.975466       4.0043357       22.128416       37.941156    
   2    15    29.025896       3.8304951       22.435542       37.552141    
   2    16    29.272401       3.6248757       22.985329       37.279146    
   2    17    29.496639       3.4383536       23.489986       37.039260    

  Program  MARK  - Survival Rate Estimation with Capture-Recapture Data
   gfortran(dble) Vers. 9.0 Mar 2018    25-Mar-2020 21:12:11    Page  014
 - - - - - - - - - - - - - - - - - - - - - - - - - - - - - - - - - - - - - -
 
   2    18    29.742788       3.2633452       24.003045       36.855051    
   2    19    29.921497       3.1206952       24.403084       36.687823    
   2    20    28.350845       3.7323848       21.927264       36.656212    
   2    21    28.555105       3.6098051       22.310178       36.548074    
   2    22    26.886910       4.7597374       19.055158       37.937546    
   2    23    26.973211       4.7496744       19.150751       37.990891    
   2    24    27.180588       4.6676250       19.460015       37.964224    
   2    25    27.428486       4.5732429       19.826559       37.945153    
   2    26    27.676196       4.4972775       20.169125       37.977444    
   2    27    27.550350       4.7005142       19.766824       38.398772    
   2    28    27.797968       4.6551904       20.065426       38.510373    
   2    29    28.045400       4.6291134       20.337831       38.673959    
   2    30    27.417760       5.1995819       18.968305       39.631036    
   2    31    23.665426       7.8677078       12.546016       44.639859    
   2    32    23.915977       7.8021235       12.822888       44.605705    
   2    33    24.166339       7.7480120       13.090266       44.614213    

     Gross Population Estimates of { Phi(~sex)p(~1)pent(~1)N(~sex) }
                                                95% Confidence Interval
 Grp. Occ.   N*-hat          Standard Error      Lower           Upper
 ---- ----   --------------  --------------  --------------  --------------
   1     0    22.701778       4.6449845       15.264267       33.763214    
   2     0    34.670135       4.3550099       27.130015       44.305846    

   CPU Time for the last procedure was 0.06 seconds.     

  Program  MARK  - Survival Rate Estimation with Capture-Recapture Data
   gfortran(dble) Vers. 9.0 Mar 2018    25-Mar-2020 21:12:11    Page  015
 - - - - - - - - - - - - - - - - - - - - - - - - - - - - - - - - - - - - - -
 


  INPUT --- proc stop;

     CPU Time in minutes for this job was 0.00

     Time Start = 21:12:11.643   Time End = 21:12:11.992

     Wall Clock Time in minutes for this job was 0.01


          E X E C U T I O N   S U C C E S S F U L 
