
   Program  MARK  - Survival Rate Estimation with Capture-Recapture Data
   gfortran(dble) Vers. 9.0 Mar 2018    25-Mar-2020 14:22:41    Page  001
 - - - - - - - - - - - - - - - - - - - - - - - - - - - - - - - - - - - - - -
 
   This version was compiled by GCC version 7.2.0 using the options: 
     -cpp -iprefix C:/Program Files/mingw-w64/x86_64-7.2.0-posix-seh-rt_v5-rev1/
     mingw64/bin/../lib/gcc/x86_64-w64-mingw32/7.2.0/ -D_MT -D_REENTRANT
     -U_REENTRANT -D IEEE -D DBLEPRECISION -m64 -mtune=core2 -march=nocona -mthreads
     -O2 -fimplicit-none -fbounds-check -funroll-loops -ftree-vectorize
     -ffpe-summary=invalid,zero,overflow,underflow -fno-unsafe-math-optimizations
     -frounding-math -fsignaling-nans -fopenmp.

   This problem will use 15 of 16 possible threads.


  INPUT --- proc title ;

   CPU Time for the last procedure was 0.01 seconds.     


  INPUT --- proc chmatrix occasions= 33 groups= 2 etype= POPAN Nodes= 
  INPUT --- 101 ICMeans NoHist hist= 41  ;

  INPUT ---    time interval 0.00547945205479452 0.00273972602739726 
  INPUT ---    0.00273972602739726 0.00547945205479452  
  INPUT ---    0.00821917808219178 0.00273972602739726 0.00273972602739726 
  INPUT ---    0.00547945205479452  0.00547945205479452 
  INPUT ---    0.00821917808219178 0.00273972602739726 0.0136986301369863 
  INPUT ---    0.00547945205479452  0.0273972602739726 0.00273972602739726 
  INPUT ---    0.00547945205479452 0.00273972602739726 0.010958904109589  
  INPUT ---    0.23013698630137 0.00821917808219178 0.254794520547945 
  INPUT ---    0.0246575342465753 0.00821917808219178  0.00273972602739726 
  INPUT ---    0.00273972602739726 0.0520547945205479 0.00273972602739726 
  INPUT ---    0.00273972602739726  0.117808219178082 0.575342465753425 
  INPUT ---    0.00273972602739726 0.00273972602739726 ;

  INPUT ---    glabel(1)=sexF;

  INPUT ---    glabel(2)=sexM;

   * *  WARNING  * *   At least a pair of the encounter histories are duplicates. 

      Number of unique encounter histories read was 38.

      Number of individual covariates read was 0.
      Time interval lengths vary and/or not equal to 1.

      Data type number is 19
      Data type is POPAN                                                                                               

   CPU Time for the last procedure was 0.01 seconds.     

  Program  MARK  - Survival Rate Estimation with Capture-Recapture Data
   gfortran(dble) Vers. 9.0 Mar 2018    25-Mar-2020 14:22:41    Page  002
 - - - - - - - - - - - - - - - - - - - - - - - - - - - - - - - - - - - - - -
 


  INPUT --- proc estimate link=Parm-Specific NOLOOP varest=2ndPart    ;


  INPUT --- model={ Phi(~1)p(~1)pent(~sex)N(~sex) };

  INPUT ---    group=1 Phi    rows=1 cols=32 Square ;
  INPUT ---        1 1 1 1 1 1 1 1 1 1 1 1 1 1 1 1 1 1 1 1 1 1 1 1 1 1 1 1 1 
  INPUT ---       1 1 1 ;

  INPUT ---    group=2 Phi    rows=1 cols=32 Square ;
  INPUT ---        1 1 1 1 1 1 1 1 1 1 1 1 1 1 1 1 1 1 1 1 1 1 1 1 1 1 1 1 1 
  INPUT ---       1 1 1 ;

  INPUT ---    group=1 p    rows=1 cols=33 Square ;
  INPUT ---        2 2 2 2 2 2 2 2 2 2 2 2 2 2 2 2 2 2 2 2 2 2 2 2 2 2 2 2 2 
  INPUT ---       2 2 2 2 ;

  INPUT ---    group=2 p    rows=1 cols=33 Square ;
  INPUT ---        2 2 2 2 2 2 2 2 2 2 2 2 2 2 2 2 2 2 2 2 2 2 2 2 2 2 2 2 2 
  INPUT ---       2 2 2 2 ;

  INPUT ---    group=1 pent    rows=1 cols=32 Square ;
  INPUT ---        5 6 7 8 9 10 11 12 13 14 15 16 17 18 19 20 21 22 23 24 25 
  INPUT ---       26 27 28 29 30 31 32 33 34 35 36 ;

  INPUT ---    group=2 pent    rows=1 cols=32 Square ;
  INPUT ---        37 38 39 40 41 42 43 44 45 46 47 48 49 50 51 52 53 54 55 
  INPUT ---       56 57 58 59 60 61 62 63 64 65 66 67 68 ;

  INPUT ---    group=1 N    rows=1 cols=1 Square ;
  INPUT ---        3 ;

  INPUT ---    group=2 N    rows=1 cols=1 Square ;
  INPUT ---        4 ;

  INPUT ---    design matrix constraints=68 covariates=6;
  INPUT ---        1 0 0 0 0 0;
  INPUT ---        0 1 0 0 0 0;
  INPUT ---        0 0 0 0 1 0;
  INPUT ---        0 0 0 0 1 1;
  INPUT ---        0 0 1 0 0 0;
  INPUT ---        0 0 1 0 0 0;
  INPUT ---        0 0 1 0 0 0;
  INPUT ---        0 0 1 0 0 0;

  Program  MARK  - Survival Rate Estimation with Capture-Recapture Data
   gfortran(dble) Vers. 9.0 Mar 2018    25-Mar-2020 14:22:41    Page  003
 - - - - - - - - - - - - - - - - - - - - - - - - - - - - - - - - - - - - - -
 
  INPUT ---        0 0 1 0 0 0;
  INPUT ---        0 0 1 0 0 0;
  INPUT ---        0 0 1 0 0 0;
  INPUT ---        0 0 1 0 0 0;
  INPUT ---        0 0 1 0 0 0;
  INPUT ---        0 0 1 0 0 0;
  INPUT ---        0 0 1 0 0 0;
  INPUT ---        0 0 1 0 0 0;
  INPUT ---        0 0 1 0 0 0;
  INPUT ---        0 0 1 0 0 0;
  INPUT ---        0 0 1 0 0 0;
  INPUT ---        0 0 1 0 0 0;
  INPUT ---        0 0 1 0 0 0;
  INPUT ---        0 0 1 0 0 0;
  INPUT ---        0 0 1 0 0 0;
  INPUT ---        0 0 1 0 0 0;
  INPUT ---        0 0 1 0 0 0;
  INPUT ---        0 0 1 0 0 0;
  INPUT ---        0 0 1 0 0 0;
  INPUT ---        0 0 1 0 0 0;
  INPUT ---        0 0 1 0 0 0;
  INPUT ---        0 0 1 0 0 0;
  INPUT ---        0 0 1 0 0 0;
  INPUT ---        0 0 1 0 0 0;
  INPUT ---        0 0 1 0 0 0;
  INPUT ---        0 0 1 0 0 0;
  INPUT ---        0 0 1 0 0 0;
  INPUT ---        0 0 1 0 0 0;
  INPUT ---        0 0 1 1 0 0;
  INPUT ---        0 0 1 1 0 0;
  INPUT ---        0 0 1 1 0 0;
  INPUT ---        0 0 1 1 0 0;
  INPUT ---        0 0 1 1 0 0;
  INPUT ---        0 0 1 1 0 0;
  INPUT ---        0 0 1 1 0 0;
  INPUT ---        0 0 1 1 0 0;
  INPUT ---        0 0 1 1 0 0;
  INPUT ---        0 0 1 1 0 0;
  INPUT ---        0 0 1 1 0 0;
  INPUT ---        0 0 1 1 0 0;
  INPUT ---        0 0 1 1 0 0;
  INPUT ---        0 0 1 1 0 0;
  INPUT ---        0 0 1 1 0 0;
  INPUT ---        0 0 1 1 0 0;
  INPUT ---        0 0 1 1 0 0;
  INPUT ---        0 0 1 1 0 0;

  Program  MARK  - Survival Rate Estimation with Capture-Recapture Data
   gfortran(dble) Vers. 9.0 Mar 2018    25-Mar-2020 14:22:41    Page  004
 - - - - - - - - - - - - - - - - - - - - - - - - - - - - - - - - - - - - - -
 
  INPUT ---        0 0 1 1 0 0;
  INPUT ---        0 0 1 1 0 0;
  INPUT ---        0 0 1 1 0 0;
  INPUT ---        0 0 1 1 0 0;
  INPUT ---        0 0 1 1 0 0;
  INPUT ---        0 0 1 1 0 0;
  INPUT ---        0 0 1 1 0 0;
  INPUT ---        0 0 1 1 0 0;
  INPUT ---        0 0 1 1 0 0;
  INPUT ---        0 0 1 1 0 0;
  INPUT ---        0 0 1 1 0 0;
  INPUT ---        0 0 1 1 0 0;
  INPUT ---        0 0 1 1 0 0;
  INPUT ---        0 0 1 1 0 0;

  INPUT ---    links=68;

  INPUT ---    Logit;

  INPUT ---    Logit;

  INPUT ---    Log;

  INPUT ---    Log;

  INPUT ---    mlogit(1);

  INPUT ---    mlogit(1);

  INPUT ---    mlogit(1);

  INPUT ---    mlogit(1);

  INPUT ---    mlogit(1);

  INPUT ---    mlogit(1);

  INPUT ---    mlogit(1);

  INPUT ---    mlogit(1);

  INPUT ---    mlogit(1);

  INPUT ---    mlogit(1);

  INPUT ---    mlogit(1);

  Program  MARK  - Survival Rate Estimation with Capture-Recapture Data
   gfortran(dble) Vers. 9.0 Mar 2018    25-Mar-2020 14:22:41    Page  005
 - - - - - - - - - - - - - - - - - - - - - - - - - - - - - - - - - - - - - -
 

  INPUT ---    mlogit(1);

  INPUT ---    mlogit(1);

  INPUT ---    mlogit(1);

  INPUT ---    mlogit(1);

  INPUT ---    mlogit(1);

  INPUT ---    mlogit(1);

  INPUT ---    mlogit(1);

  INPUT ---    mlogit(1);

  INPUT ---    mlogit(1);

  INPUT ---    mlogit(1);

  INPUT ---    mlogit(1);

  INPUT ---    mlogit(1);

  INPUT ---    mlogit(1);

  INPUT ---    mlogit(1);

  INPUT ---    mlogit(1);

  INPUT ---    mlogit(1);

  INPUT ---    mlogit(1);

  INPUT ---    mlogit(1);

  INPUT ---    mlogit(1);

  INPUT ---    mlogit(1);

  INPUT ---    mlogit(1);

  INPUT ---    mlogit(2);

  INPUT ---    mlogit(2);

  Program  MARK  - Survival Rate Estimation with Capture-Recapture Data
   gfortran(dble) Vers. 9.0 Mar 2018    25-Mar-2020 14:22:41    Page  006
 - - - - - - - - - - - - - - - - - - - - - - - - - - - - - - - - - - - - - -
 

  INPUT ---    mlogit(2);

  INPUT ---    mlogit(2);

  INPUT ---    mlogit(2);

  INPUT ---    mlogit(2);

  INPUT ---    mlogit(2);

  INPUT ---    mlogit(2);

  INPUT ---    mlogit(2);

  INPUT ---    mlogit(2);

  INPUT ---    mlogit(2);

  INPUT ---    mlogit(2);

  INPUT ---    mlogit(2);

  INPUT ---    mlogit(2);

  INPUT ---    mlogit(2);

  INPUT ---    mlogit(2);

  INPUT ---    mlogit(2);

  INPUT ---    mlogit(2);

  INPUT ---    mlogit(2);

  INPUT ---    mlogit(2);

  INPUT ---    mlogit(2);

  INPUT ---    mlogit(2);

  INPUT ---    mlogit(2);

  INPUT ---    mlogit(2);

  INPUT ---    mlogit(2);

  Program  MARK  - Survival Rate Estimation with Capture-Recapture Data
   gfortran(dble) Vers. 9.0 Mar 2018    25-Mar-2020 14:22:41    Page  007
 - - - - - - - - - - - - - - - - - - - - - - - - - - - - - - - - - - - - - -
 

  INPUT ---    mlogit(2);

  INPUT ---    mlogit(2);

  INPUT ---    mlogit(2);

  INPUT ---    mlogit(2);

  INPUT ---    mlogit(2);

  INPUT ---    mlogit(2);

  INPUT ---    mlogit(2);
  INPUT ---       blabel(1)=Phi:(Intercept);
  INPUT ---       blabel(2)=p:(Intercept);
  INPUT ---       blabel(3)=pent:(Intercept);
  INPUT ---       blabel(4)=pent:sexM;
  INPUT ---       blabel(5)=N:(Intercept);
  INPUT ---       blabel(6)=N:sexM;
  INPUT ---       rlabel(1)=Phi gF a0 t1;
  INPUT ---       rlabel(2)=p gF a0 t1;
  INPUT ---       rlabel(3)=N gF a0 t1;
  INPUT ---       rlabel(4)=N gM a0 t1;
  INPUT ---       rlabel(5)=pent gF a0.00547945205479452 t1.00547945205479;
  INPUT ---       rlabel(6)=pent gF a0.00821917808219178 t1.00821917808219;
  INPUT ---       rlabel(7)=pent gF a0.010958904109589 t1.01095890410959;
  INPUT ---       rlabel(8)=pent gF a0.0164383561643836 t1.01643835616438;
  INPUT ---       rlabel(9)=pent gF a0.0246575342465753 t1.02465753424658;
  INPUT ---       rlabel(10)=pent gF a0.0273972602739726 t1.02739726027397;
  INPUT ---       rlabel(11)=pent gF a0.0301369863013699 t1.03013698630137;
  INPUT ---       rlabel(12)=pent gF a0.0356164383561644 t1.03561643835616;
  INPUT ---       rlabel(13)=pent gF a0.0410958904109589 t1.04109589041096;
  INPUT ---       rlabel(14)=pent gF a0.0493150684931507 t1.04931506849315;
  INPUT ---       rlabel(15)=pent gF a0.0520547945205479 t1.05205479452055;
  INPUT ---       rlabel(16)=pent gF a0.0657534246575342 t1.06575342465753;
  INPUT ---       rlabel(17)=pent gF a0.0712328767123288 t1.07123287671233;
  INPUT ---       rlabel(18)=pent gF a0.0986301369863014 t1.0986301369863;
  INPUT ---       rlabel(19)=pent gF a0.101369863013699 t1.1013698630137;
  INPUT ---       rlabel(20)=pent gF a0.106849315068493 t1.10684931506849;
  INPUT ---       rlabel(21)=pent gF a0.10958904109589 t1.10958904109589;
  INPUT ---       rlabel(22)=pent gF a0.120547945205479 t1.12054794520548;
  INPUT ---       rlabel(23)=pent gF a0.350684931506849 t1.35068493150685;
  INPUT ---       rlabel(24)=pent gF a0.358904109589041 t1.35890410958904;
  INPUT ---       rlabel(25)=pent gF a0.613698630136986 t1.61369863013699;
  INPUT ---       rlabel(26)=pent gF a0.638356164383562 t1.63835616438356;

  Program  MARK  - Survival Rate Estimation with Capture-Recapture Data
   gfortran(dble) Vers. 9.0 Mar 2018    25-Mar-2020 14:22:41    Page  008
 - - - - - - - - - - - - - - - - - - - - - - - - - - - - - - - - - - - - - -
 
  INPUT ---       rlabel(27)=pent gF a0.646575342465753 t1.64657534246575;
  INPUT ---       rlabel(28)=pent gF a0.649315068493151 t1.64931506849315;
  INPUT ---       rlabel(29)=pent gF a0.652054794520548 t1.65205479452055;
  INPUT ---       rlabel(30)=pent gF a0.704109589041096 t1.7041095890411;
  INPUT ---       rlabel(31)=pent gF a0.706849315068493 t1.70684931506849;
  INPUT ---       rlabel(32)=pent gF a0.70958904109589 t1.70958904109589;
  INPUT ---       rlabel(33)=pent gF a0.827397260273973 t1.82739726027397;
  INPUT ---       rlabel(34)=pent gF a1.4027397260274 t2.4027397260274;
  INPUT ---       rlabel(35)=pent gF a1.40547945205479 t2.40547945205479;
  INPUT ---       rlabel(36)=pent gF a1.40821917808219 t2.40821917808219;
  INPUT ---       rlabel(37)=pent gM a0.00547945205479452 t1.00547945205479;
  INPUT ---       rlabel(38)=pent gM a0.00821917808219178 t1.00821917808219;
  INPUT ---       rlabel(39)=pent gM a0.010958904109589 t1.01095890410959;
  INPUT ---       rlabel(40)=pent gM a0.0164383561643836 t1.01643835616438;
  INPUT ---       rlabel(41)=pent gM a0.0246575342465753 t1.02465753424658;
  INPUT ---       rlabel(42)=pent gM a0.0273972602739726 t1.02739726027397;
  INPUT ---       rlabel(43)=pent gM a0.0301369863013699 t1.03013698630137;
  INPUT ---       rlabel(44)=pent gM a0.0356164383561644 t1.03561643835616;
  INPUT ---       rlabel(45)=pent gM a0.0410958904109589 t1.04109589041096;
  INPUT ---       rlabel(46)=pent gM a0.0493150684931507 t1.04931506849315;
  INPUT ---       rlabel(47)=pent gM a0.0520547945205479 t1.05205479452055;
  INPUT ---       rlabel(48)=pent gM a0.0657534246575342 t1.06575342465753;
  INPUT ---       rlabel(49)=pent gM a0.0712328767123288 t1.07123287671233;
  INPUT ---       rlabel(50)=pent gM a0.0986301369863014 t1.0986301369863;
  INPUT ---       rlabel(51)=pent gM a0.101369863013699 t1.1013698630137;
  INPUT ---       rlabel(52)=pent gM a0.106849315068493 t1.10684931506849;
  INPUT ---       rlabel(53)=pent gM a0.10958904109589 t1.10958904109589;
  INPUT ---       rlabel(54)=pent gM a0.120547945205479 t1.12054794520548;
  INPUT ---       rlabel(55)=pent gM a0.350684931506849 t1.35068493150685;
  INPUT ---       rlabel(56)=pent gM a0.358904109589041 t1.35890410958904;
  INPUT ---       rlabel(57)=pent gM a0.613698630136986 t1.61369863013699;
  INPUT ---       rlabel(58)=pent gM a0.638356164383562 t1.63835616438356;
  INPUT ---       rlabel(59)=pent gM a0.646575342465753 t1.64657534246575;
  INPUT ---       rlabel(60)=pent gM a0.649315068493151 t1.64931506849315;
  INPUT ---       rlabel(61)=pent gM a0.652054794520548 t1.65205479452055;
  INPUT ---       rlabel(62)=pent gM a0.704109589041096 t1.7041095890411;
  INPUT ---       rlabel(63)=pent gM a0.706849315068493 t1.70684931506849;
  INPUT ---       rlabel(64)=pent gM a0.70958904109589 t1.70958904109589;
  INPUT ---       rlabel(65)=pent gM a0.827397260273973 t1.82739726027397;
  INPUT ---       rlabel(66)=pent gM a1.4027397260274 t2.4027397260274;
  INPUT ---       rlabel(67)=pent gM a1.40547945205479 t2.40547945205479;
  INPUT ---       rlabel(68)=pent gM a1.40821917808219 t2.40821917808219;

 Link Function Used is PARM-SPECIFIC

 Variance Estimation Procedure Used is 2ndPart 

  Program  MARK  - Survival Rate Estimation with Capture-Recapture Data
   gfortran(dble) Vers. 9.0 Mar 2018    25-Mar-2020 14:22:41    Page  009
 - - - - - - - - - - - - - - - - - - - - - - - - - - - - - - - - - - - - - -
 

 M(t+1):
      16     29



 Group: 1

 U(t)+UL(t):
       0    2    2    0    1    0    3    1    1    0    0    0    0    0    1
       0    0    0    2    1    1    0    0    0    1    0    0    0    0    0
       0    0    0

 U(t):
       0    2    2    0    1    0    3    1    1    0    0    0    0    0    1
       0    0    0    2    1    1    0    0    0    1    0    0    0    0    0
       0    0    0

 UL(t):
       0    0    0    0    0    0    0    0    0    0    0    0    0    0    0
       0    0    0    0    0    0    0    0    0    0    0    0    0    0    0
       0    0    0

 Not Released(t):
       0    0    0    0    0    0    0    0    0    0    0    0    0    0    0
       0    0    0    0    0    0    0    0    0    0    0    0    0    0    0
       0    0    0

 Group: 2

 U(t)+UL(t):
       3    0    1    1    1    1    1    0    1    1    2    1    3    3    1
       1    0    2    3    1    0    0    1    0    0    0    0    0    0    1
       0    0    0

 U(t):
       3    0    1    1    1    1    1    0    1    1    2    1    3    3    1
       1    0    2    3    1    0    0    1    0    0    0    0    0    0    1
       0    0    0

 UL(t):
       0    0    0    0    0    0    0    0    0    0    0    0    0    0    0
       0    0    0    0    0    0    0    0    0    0    0    0    0    0    0
       0    0    0

 Not Released(t):
       0    0    0    0    0    0    0    0    0    0    0    0    0    0    0
       0    0    0    0    0    0    0    0    0    0    0    0    0    0    0
       0    0    0
 -2logL(saturated) = 272.93564     
 Effective Sample Size = 103

 Number of function evaluations was 46 for 6 parameters.
 Time for numerical optimization was 0.16 seconds.     
 -2logL { Phi(~1)p(~1)pent(~sex)N(~sex) } = 558.97122     
 Penalty { Phi(~1)p(~1)pent(~sex)N(~sex) } = 0.0000000     
 Gradient { Phi(~1)p(~1)pent(~sex)N(~sex) }:
   0.000000      0.1301465E-04  0.4143540E-05  0.3272910E-05 -0.4299163E-05
 -0.6627692E-05
 Maximum ABS(G) { Phi(~1)p(~1)pent(~sex)N(~sex) } = 0.1301465E-04 
 S Vector { Phi(~1)p(~1)pent(~sex)N(~sex) }:
   84.80052      10.12149      3.486157     0.9397170     0.4568280    
  0.3332827E-06
 Time to compute number of parameters was 0.06 seconds.     
 Ratio Threshold = 50.000000       Max Gap (5/6) = 1370692.2       Next Max Gap (1/2) = 8.3782682     
 Gap Method for Num. of Estimated Parameters { Phi(~1)p(~1)pent(~sex)N(~sex) } = 5          
 Threshold { Phi(~1)p(~1)pent(~sex)N(~sex) } = 0.2602929E-04                 
 Numerical Threshold Method for Num. of Estimated Parameters { Phi(~1)p(~1)pent(~sex)N(~sex) } = 5          
 Number of Estimated Parameters { Phi(~1)p(~1)pent(~sex)N(~sex) } = 5          
 DEVIANCE { Phi(~1)p(~1)pent(~sex)N(~sex) } = 286.03558                     
 DEVIANCE Degrees of Freedom { Phi(~1)p(~1)pent(~sex)N(~sex) } = 36            
 c-hat { Phi(~1)p(~1)pent(~sex)N(~sex) } = 7.9454327                     
 AIC { Phi(~1)p(~1)pent(~sex)N(~sex) } = 568.97122                  
 AICc { Phi(~1)p(~1)pent(~sex)N(~sex) } = 569.58978                    
 BIC { Phi(~1)p(~1)pent(~sex)N(~sex) } = 582.14487                    
 Pearson Chisquare { Phi(~1)p(~1)pent(~sex)N(~sex) } = 43027330.                  


              PARM-SPECIFIC Link Function Parameters of { Phi(~1)p(~1)pent(~sex)N(~sex) }
                                                              95% Confidence Interval
 Parameter                    Beta         Standard Error      Lower           Upper
 -------------------------  --------------  --------------  --------------  --------------
    1:Phi:(Intercept)        0.2075920       0.6245452      -1.0165166       1.4317007    
    2:p:(Intercept)         -2.5172966       0.1556614      -2.8223930      -2.2122002    
    3:pent:(Intercept)      -17.412746       1224.8385      -2418.0962       2383.2707    
    4:pent:sexM              12.986441       1224.8379      -2387.6959       2413.6688    
    5:N:(Intercept)          0.7746232       0.8895341      -0.9688636       2.5181100    
    6:N:sexM                 1.3022780       1.1008497      -0.8553874       3.4599434    


              Real Function Parameters of { Phi(~1)p(~1)pent(~sex)N(~sex) }
                                                               95% Confidence Interval
  Parameter                  Estimate       Standard Error      Lower           Upper
 --------------------------  --------------  --------------  --------------  --------------
     1:Phi gF a0 t1           0.5517124       0.1544662       0.2657065       0.8071662                          
     2:p gF a0 t1             0.0746545       0.0107533       0.0561260       0.0986602                          
     3:N gF a0 t1             18.169774       1.9300883       16.485863       25.689806                          
     4:N gM a0 t1             36.979703       5.6801802       31.275065       56.988501                          
     5:pent gF a0.005479452   0.2739934E-07   0.3355974E-04  0.1524139E-315   1.0000000                          
     6:pent gF a0.008219178   0.2739934E-07   0.3355974E-04  0.1524139E-315   1.0000000                          
     7:pent gF a0.010958904   0.2739934E-07   0.3355974E-04  0.1524139E-315   1.0000000                          
     8:pent gF a0.016438356   0.2739934E-07   0.3355974E-04  0.1524139E-315   1.0000000                          
     9:pent gF a0.024657534   0.2739934E-07   0.3355974E-04  0.1524139E-315   1.0000000                          
    10:pent gF a0.027397260   0.2739934E-07   0.3355974E-04  0.1524139E-315   1.0000000                          
    11:pent gF a0.030136986   0.2739934E-07   0.3355974E-04  0.1524139E-315   1.0000000                          

  Program  MARK  - Survival Rate Estimation with Capture-Recapture Data
   gfortran(dble) Vers. 9.0 Mar 2018    25-Mar-2020 14:22:41    Page  010
 - - - - - - - - - - - - - - - - - - - - - - - - - - - - - - - - - - - - - -
 
    12:pent gF a0.035616438   0.2739934E-07   0.3355974E-04  0.1524139E-315   1.0000000                          
    13:pent gF a0.041095890   0.2739934E-07   0.3355974E-04  0.1524139E-315   1.0000000                          
    14:pent gF a0.049315068   0.2739934E-07   0.3355974E-04  0.1524139E-315   1.0000000                          
    15:pent gF a0.052054794   0.2739934E-07   0.3355974E-04  0.1524139E-315   1.0000000                          
    16:pent gF a0.065753424   0.2739934E-07   0.3355974E-04  0.1524139E-315   1.0000000                          
    17:pent gF a0.071232876   0.2739934E-07   0.3355974E-04  0.1524139E-315   1.0000000                          
    18:pent gF a0.098630136   0.2739934E-07   0.3355974E-04  0.1524139E-315   1.0000000                          
    19:pent gF a0.101369863   0.2739934E-07   0.3355974E-04  0.1524139E-315   1.0000000                          
    20:pent gF a0.106849315   0.2739934E-07   0.3355974E-04  0.1524139E-315   1.0000000                          
    21:pent gF a0.109589041   0.2739934E-07   0.3355974E-04  0.1524139E-315   1.0000000                          
    22:pent gF a0.120547945   0.2739934E-07   0.3355974E-04  0.1524139E-315   1.0000000                          
    23:pent gF a0.350684931   0.2739934E-07   0.3355974E-04  0.1524139E-315   1.0000000                          
    24:pent gF a0.358904109   0.2739934E-07   0.3355974E-04  0.1524139E-315   1.0000000                          
    25:pent gF a0.613698630   0.2739934E-07   0.3355974E-04  0.1524139E-315   1.0000000                          
    26:pent gF a0.638356164   0.2739934E-07   0.3355974E-04  0.1524139E-315   1.0000000                          
    27:pent gF a0.646575342   0.2739934E-07   0.3355974E-04  0.1524139E-315   1.0000000                          
    28:pent gF a0.649315068   0.2739934E-07   0.3355974E-04  0.1524139E-315   1.0000000                          
    29:pent gF a0.652054794   0.2739934E-07   0.3355974E-04  0.1524139E-315   1.0000000                          
    30:pent gF a0.704109589   0.2739934E-07   0.3355974E-04  0.1524139E-315   1.0000000                          
    31:pent gF a0.706849315   0.2739934E-07   0.3355974E-04  0.1524139E-315   1.0000000                          
    32:pent gF a0.709589041   0.2739934E-07   0.3355974E-04  0.1524139E-315   1.0000000                          
    33:pent gF a0.827397260   0.2739934E-07   0.3355974E-04  0.1524139E-315   1.0000000                          
    34:pent gF a1.402739726   0.2739934E-07   0.3355974E-04  0.1524139E-315   1.0000000                          
    35:pent gF a1.405479452   0.2739934E-07   0.3355974E-04  0.1524139E-315   1.0000000                          
    36:pent gF a1.408219178   0.2739934E-07   0.3355974E-04  0.1524139E-315   1.0000000                          
    37:pent gM a0.005479452   0.0086489       0.0098236       0.9227114E-03   0.0761387                          
    38:pent gM a0.008219178   0.0086489       0.0098236       0.9227114E-03   0.0761387                          
    39:pent gM a0.010958904   0.0086489       0.0098236       0.9227114E-03   0.0761387                          
    40:pent gM a0.016438356   0.0086489       0.0098236       0.9227114E-03   0.0761387                          
    41:pent gM a0.024657534   0.0086489       0.0098236       0.9227114E-03   0.0761387                          
    42:pent gM a0.027397260   0.0086489       0.0098236       0.9227114E-03   0.0761387                          
    43:pent gM a0.030136986   0.0086489       0.0098236       0.9227114E-03   0.0761387                          
    44:pent gM a0.035616438   0.0086489       0.0098236       0.9227114E-03   0.0761387                          
    45:pent gM a0.041095890   0.0086489       0.0098236       0.9227114E-03   0.0761387                          
    46:pent gM a0.049315068   0.0086489       0.0098236       0.9227114E-03   0.0761387                          
    47:pent gM a0.052054794   0.0086489       0.0098236       0.9227114E-03   0.0761387                          
    48:pent gM a0.065753424   0.0086489       0.0098236       0.9227114E-03   0.0761387                          
    49:pent gM a0.071232876   0.0086489       0.0098236       0.9227114E-03   0.0761387                          
    50:pent gM a0.098630136   0.0086489       0.0098236       0.9227114E-03   0.0761387                          
    51:pent gM a0.101369863   0.0086489       0.0098236       0.9227114E-03   0.0761387                          
    52:pent gM a0.106849315   0.0086489       0.0098236       0.9227114E-03   0.0761387                          
    53:pent gM a0.109589041   0.0086489       0.0098236       0.9227114E-03   0.0761387                          
    54:pent gM a0.120547945   0.0086489       0.0098236       0.9227114E-03   0.0761387                          
    55:pent gM a0.350684931   0.0086489       0.0098236       0.9227114E-03   0.0761387                          
    56:pent gM a0.358904109   0.0086489       0.0098236       0.9227114E-03   0.0761387                          
    57:pent gM a0.613698630   0.0086489       0.0098236       0.9227114E-03   0.0761387                          

  Program  MARK  - Survival Rate Estimation with Capture-Recapture Data
   gfortran(dble) Vers. 9.0 Mar 2018    25-Mar-2020 14:22:41    Page  011
 - - - - - - - - - - - - - - - - - - - - - - - - - - - - - - - - - - - - - -
 
    58:pent gM a0.638356164   0.0086489       0.0098236       0.9227114E-03   0.0761387                          
    59:pent gM a0.646575342   0.0086489       0.0098236       0.9227114E-03   0.0761387                          
    60:pent gM a0.649315068   0.0086489       0.0098236       0.9227114E-03   0.0761387                          
    61:pent gM a0.652054794   0.0086489       0.0098236       0.9227114E-03   0.0761387                          
    62:pent gM a0.704109589   0.0086489       0.0098236       0.9227114E-03   0.0761387                          
    63:pent gM a0.706849315   0.0086489       0.0098236       0.9227114E-03   0.0761387                          
    64:pent gM a0.709589041   0.0086489       0.0098236       0.9227114E-03   0.0761387                          
    65:pent gM a0.827397260   0.0086489       0.0098236       0.9227114E-03   0.0761387                          
    66:pent gM a1.402739726   0.0086489       0.0098236       0.9227114E-03   0.0761387                          
    67:pent gM a1.405479452   0.0086489       0.0098236       0.9227114E-03   0.0761387                          
    68:pent gM a1.408219178   0.0086489       0.0098236       0.9227114E-03   0.0761387                          


                      Estimates of Derived Parameters
  Gross Birth+Immigration Estimates of { Phi(~1)p(~1)pent(~sex)N(~sex) }
                                                95% Confidence Interval
 Grp. Occ.   B*-hat          Standard Error      Lower           Upper
 ---- ----   --------------  --------------  --------------  --------------
   1     1    0.4986514E-06   0.6107863E-03   0.3074485E-09   0.8087639E-03
   1     2    0.4982455E-06   0.6102891E-03   0.3071982E-09   0.8081056E-03
   1     3    0.4982455E-06   0.6102891E-03   0.3071982E-09   0.8081056E-03
   1     4    0.4986514E-06   0.6107863E-03   0.3074485E-09   0.8087639E-03
   1     5    0.4990576E-06   0.6112838E-03   0.3076989E-09   0.8094226E-03
   1     6    0.4982455E-06   0.6102891E-03   0.3071982E-09   0.8081056E-03
   1     7    0.4982455E-06   0.6102891E-03   0.3071982E-09   0.8081056E-03
   1     8    0.4986514E-06   0.6107863E-03   0.3074485E-09   0.8087639E-03
   1     9    0.4986514E-06   0.6107863E-03   0.3074485E-09   0.8087639E-03
   1    10    0.4990576E-06   0.6112838E-03   0.3076989E-09   0.8094226E-03
   1    11    0.4982455E-06   0.6102891E-03   0.3071982E-09   0.8081056E-03
   1    12    0.4998705E-06   0.6122795E-03   0.3082001E-09   0.8107411E-03
   1    13    0.4986514E-06   0.6107863E-03   0.3074485E-09   0.8087639E-03
   1    14    0.5019067E-06   0.6147736E-03   0.3094556E-09   0.8140437E-03
   1    15    0.4982455E-06   0.6102891E-03   0.3071982E-09   0.8081056E-03
   1    16    0.4986514E-06   0.6107863E-03   0.3074485E-09   0.8087639E-03
   1    17    0.4982455E-06   0.6102891E-03   0.3071982E-09   0.8081056E-03
   1    18    0.4994639E-06   0.6117815E-03   0.3079495E-09   0.8100817E-03
   1    19    0.5326862E-06   0.6524746E-03   0.3284330E-09   0.8639650E-03
   1    20    0.4990576E-06   0.6112838E-03   0.3076989E-09   0.8094226E-03
   1    21    0.5365118E-06   0.6571606E-03   0.3307917E-09   0.8701697E-03
   1    22    0.5014990E-06   0.6142742E-03   0.3092042E-09   0.8133825E-03
   1    23    0.4990576E-06   0.6112838E-03   0.3076989E-09   0.8094226E-03
   1    24    0.4982455E-06   0.6102891E-03   0.3071982E-09   0.8081056E-03
   1    25    0.4982455E-06   0.6102891E-03   0.3071982E-09   0.8081056E-03
   1    26    0.5055858E-06   0.6192800E-03   0.3117239E-09   0.8200107E-03
   1    27    0.4982455E-06   0.6102891E-03   0.3071982E-09   0.8081056E-03

  Program  MARK  - Survival Rate Estimation with Capture-Recapture Data
   gfortran(dble) Vers. 9.0 Mar 2018    25-Mar-2020 14:22:41    Page  012
 - - - - - - - - - - - - - - - - - - - - - - - - - - - - - - - - - - - - - -
 
   1    28    0.4982455E-06   0.6102891E-03   0.3071982E-09   0.8081056E-03
   1    29    0.5154838E-06   0.6314038E-03   0.3178266E-09   0.8360643E-03
   1    30    0.5878613E-06   0.7200573E-03   0.3624517E-09   0.9534536E-03
   1    31    0.4982455E-06   0.6102891E-03   0.3071982E-09   0.8081056E-03
   1    32    0.4982455E-06   0.6102891E-03   0.3071982E-09   0.8081056E-03
   2     1    0.3203546       0.4023432       0.0475752       2.1571565    
   2     2    0.3200939       0.4019611       0.0475444       2.1550397    
   2     3    0.3200939       0.4019611       0.0475444       2.1550397    
   2     4    0.3203546       0.4023432       0.0475752       2.1571565    
   2     5    0.3206156       0.4027256       0.0476060       2.1592748    
   2     6    0.3200939       0.4019611       0.0475444       2.1550397    
   2     7    0.3200939       0.4019611       0.0475444       2.1550397    
   2     8    0.3203546       0.4023432       0.0475752       2.1571565    
   2     9    0.3203546       0.4023432       0.0475752       2.1571565    
   2    10    0.3206156       0.4027256       0.0476060       2.1592748    
   2    11    0.3200939       0.4019611       0.0475444       2.1550397    
   2    12    0.3211378       0.4034911       0.0476675       2.1635161    
   2    13    0.3203546       0.4023432       0.0475752       2.1571565    
   2    14    0.3224460       0.4054096       0.0478217       2.1741467    
   2    15    0.3200939       0.4019611       0.0475444       2.1550397    
   2    16    0.3203546       0.4023432       0.0475752       2.1571565    
   2    17    0.3200939       0.4019611       0.0475444       2.1550397    
   2    18    0.3208766       0.4031082       0.0476367       2.1613947    
   2    19    0.3422200       0.4345849       0.0501336       2.3360499    
   2    20    0.3206156       0.4027256       0.0476060       2.1592748    
   2    21    0.3446777       0.4382331       0.0504186       2.3563255    
   2    22    0.3221841       0.4050254       0.0477909       2.1720175    
   2    23    0.3206156       0.4027256       0.0476060       2.1592748    
   2    24    0.3200939       0.4019611       0.0475444       2.1550397    
   2    25    0.3200939       0.4019611       0.0475444       2.1550397    
   2    26    0.3248095       0.4088798       0.0480998       2.1933802    
   2    27    0.3200939       0.4019611       0.0475444       2.1550397    
   2    28    0.3200939       0.4019611       0.0475444       2.1550397    
   2    29    0.3311684       0.4182394       0.0488456       2.2452884    
   2    30    0.3776668       0.4876258       0.0542031       2.6314401    
   2    31    0.3200939       0.4019611       0.0475444       2.1550397    
   2    32    0.3200939       0.4019611       0.0475444       2.1550397    

   Net Birth+Immigration Estimates of { Phi(~1)p(~1)pent(~sex)N(~sex) }
                                                95% Confidence Interval
 Grp. Occ.   B-hat           Standard Error      Lower           Upper
 ---- ----   --------------  --------------  --------------  --------------
   1     1    0.4978398E-06   0.6097922E-03   0.3069481E-09   0.8074476E-03
   1     2    0.4978398E-06   0.6097922E-03   0.3069481E-09   0.8074476E-03
   1     3    0.4978398E-06   0.6097922E-03   0.3069481E-09   0.8074476E-03
   1     4    0.4978398E-06   0.6097922E-03   0.3069481E-09   0.8074476E-03
   1     5    0.4978398E-06   0.6097922E-03   0.3069481E-09   0.8074476E-03
   1     6    0.4978398E-06   0.6097922E-03   0.3069481E-09   0.8074476E-03
   1     7    0.4978398E-06   0.6097922E-03   0.3069481E-09   0.8074476E-03
   1     8    0.4978398E-06   0.6097922E-03   0.3069481E-09   0.8074476E-03
   1     9    0.4978398E-06   0.6097922E-03   0.3069481E-09   0.8074476E-03
   1    10    0.4978398E-06   0.6097922E-03   0.3069481E-09   0.8074476E-03
   1    11    0.4978398E-06   0.6097922E-03   0.3069481E-09   0.8074476E-03
   1    12    0.4978398E-06   0.6097922E-03   0.3069481E-09   0.8074476E-03
   1    13    0.4978398E-06   0.6097922E-03   0.3069481E-09   0.8074476E-03
   1    14    0.4978398E-06   0.6097922E-03   0.3069481E-09   0.8074476E-03
   1    15    0.4978398E-06   0.6097922E-03   0.3069481E-09   0.8074476E-03
   1    16    0.4978398E-06   0.6097922E-03   0.3069481E-09   0.8074476E-03
   1    17    0.4978398E-06   0.6097922E-03   0.3069481E-09   0.8074476E-03
   1    18    0.4978398E-06   0.6097922E-03   0.3069481E-09   0.8074476E-03
   1    19    0.4978398E-06   0.6097922E-03   0.3069481E-09   0.8074476E-03
   1    20    0.4978398E-06   0.6097922E-03   0.3069481E-09   0.8074476E-03
   1    21    0.4978398E-06   0.6097922E-03   0.3069481E-09   0.8074476E-03
   1    22    0.4978398E-06   0.6097922E-03   0.3069481E-09   0.8074476E-03
   1    23    0.4978398E-06   0.6097922E-03   0.3069481E-09   0.8074476E-03
   1    24    0.4978398E-06   0.6097922E-03   0.3069481E-09   0.8074476E-03
   1    25    0.4978398E-06   0.6097922E-03   0.3069481E-09   0.8074476E-03
   1    26    0.4978398E-06   0.6097922E-03   0.3069481E-09   0.8074476E-03
   1    27    0.4978398E-06   0.6097922E-03   0.3069481E-09   0.8074476E-03
   1    28    0.4978398E-06   0.6097922E-03   0.3069481E-09   0.8074476E-03
   1    29    0.4978398E-06   0.6097922E-03   0.3069481E-09   0.8074476E-03
   1    30    0.4978398E-06   0.6097922E-03   0.3069481E-09   0.8074476E-03
   1    31    0.4978398E-06   0.6097922E-03   0.3069481E-09   0.8074476E-03
   1    32    0.4978398E-06   0.6097922E-03   0.3069481E-09   0.8074476E-03
   2     1    0.3198332       0.4015793       0.0475136       2.1529245    
   2     2    0.3198332       0.4015793       0.0475136       2.1529245    
   2     3    0.3198332       0.4015793       0.0475136       2.1529245    
   2     4    0.3198332       0.4015793       0.0475136       2.1529245    
   2     5    0.3198332       0.4015793       0.0475136       2.1529245    
   2     6    0.3198332       0.4015793       0.0475136       2.1529245    
   2     7    0.3198332       0.4015793       0.0475136       2.1529245    
   2     8    0.3198332       0.4015793       0.0475136       2.1529245    
   2     9    0.3198332       0.4015793       0.0475136       2.1529245    
   2    10    0.3198332       0.4015793       0.0475136       2.1529245    
   2    11    0.3198332       0.4015793       0.0475136       2.1529245    
   2    12    0.3198332       0.4015793       0.0475136       2.1529245    
   2    13    0.3198332       0.4015793       0.0475136       2.1529245    
   2    14    0.3198332       0.4015793       0.0475136       2.1529245    
   2    15    0.3198332       0.4015793       0.0475136       2.1529245    
   2    16    0.3198332       0.4015793       0.0475136       2.1529245    
   2    17    0.3198332       0.4015793       0.0475136       2.1529245    
   2    18    0.3198332       0.4015793       0.0475136       2.1529245    
   2    19    0.3198332       0.4015793       0.0475136       2.1529245    
   2    20    0.3198332       0.4015793       0.0475136       2.1529245    
   2    21    0.3198332       0.4015793       0.0475136       2.1529245    
   2    22    0.3198332       0.4015793       0.0475136       2.1529245    
   2    23    0.3198332       0.4015793       0.0475136       2.1529245    
   2    24    0.3198332       0.4015793       0.0475136       2.1529245    
   2    25    0.3198332       0.4015793       0.0475136       2.1529245    
   2    26    0.3198332       0.4015793       0.0475136       2.1529245    
   2    27    0.3198332       0.4015793       0.0475136       2.1529245    
   2    28    0.3198332       0.4015793       0.0475136       2.1529245    
   2    29    0.3198332       0.4015793       0.0475136       2.1529245    
   2    30    0.3198332       0.4015793       0.0475136       2.1529245    
   2    31    0.3198332       0.4015793       0.0475136       2.1529245    
   2    32    0.3198332       0.4015793       0.0475136       2.1529245    

        Population Estimates of { Phi(~1)p(~1)pent(~sex)N(~sex) }
                                                95% Confidence Interval
 Grp. Occ.   N-hat           Standard Error      Lower           Upper
 ---- ----   --------------  --------------  --------------  --------------
   1     1    18.169758       1.9301160       14.763203       22.362365    
   1     2    18.110644       1.9210862       14.719515       22.283032    
   1     3    18.081159       1.9167330       14.697487       22.243824    
   1     4    18.051722       1.9124885       14.675335       22.204923    
   1     5    17.992992       1.9043275       14.630654       22.128045    
   1     6    17.905254       1.8928932       14.562707       22.015009    
   1     7    17.876104       1.8892932       14.539818       21.977929    
   1     8    17.847001       1.8857992       14.516808       21.941149    
   1     9    17.788936       1.8791303       14.470421       21.868489    

  Program  MARK  - Survival Rate Estimation with Capture-Recapture Data
   gfortran(dble) Vers. 9.0 Mar 2018    25-Mar-2020 14:22:41    Page  013
 - - - - - - - - - - - - - - - - - - - - - - - - - - - - - - - - - - - - - -
 
   1    10    17.731061       1.8728799       14.423559       21.797014    
   1    11    17.644600       1.8642817       14.352381       21.692004    
   1    12    17.615874       1.8616192       14.328426       21.657579    
   1    13    17.472942       1.8498268       14.206932       21.489770    
   1    14    17.416094       1.8458034       14.157557       21.424624    
   1    15    17.134618       1.8314288       13.904346       21.115349    
   1    16    17.106722       1.8304994       13.878473       21.085888    
   1    17    17.051066       1.8289103       13.826438       21.027748    
   1    18    17.023306       1.8282480       13.800280       20.999063    
   1    19    16.912717       1.8264676       13.694734       20.886861    
   1    20    14.749318       2.0176060       11.294591       19.260758    
   1    21    14.677397       2.0293964       11.207552       19.221503    
   1    22    12.613596       2.4241843       8.6841266       18.321105    
   1    23    12.429973       2.4610342       8.4635696       18.255210    
   1    24    12.369362       2.4731549       8.3910890       18.233762    
   1    25    12.349225       2.4771761       8.3670450       18.226667    
   1    26    12.329120       2.4811878       8.3430588       18.219600    
   1    27    11.953277       2.5554709       7.8983457       18.089970    
   1    28    11.933817       2.5592732       7.8755214       18.083373    
   1    29    11.914389       2.5630643       7.8527550       18.076797    
   1    30    11.108193       2.7147801       6.9282006       17.810101    
   1    31    7.8893248       3.1227934       3.7349939       16.664404    
   1    32    7.8764809       3.1235323       3.7240709       16.658907    
   1    33    7.8636580       3.1242614       3.7131810       16.653408    
   2     1    26.745040       8.9480168       14.124519       50.642229    
   2     2    26.977858       8.5630442       14.698731       49.514810    
   2     3    27.253770       8.1886564       15.317088       48.492768    
   2     4    27.529232       7.8180708       15.948787       47.518261    
   2     5    27.759500       7.4463662       16.558884       46.536338    
   2     6    27.943971       7.0752591       17.143669       45.548329    
   2     7    28.218309       6.7187912       17.809156       44.711438    
   2     8    28.492201       6.3684833       18.483272       43.921094    
   2     9    28.719335       6.0221685       19.124893       43.127051    
   2    10    28.945731       5.6844053       19.769701       42.380779    
   2    11    29.124417       5.3544499       20.373321       41.634434    
   2    12    29.396834       5.0394139       21.058828       41.036181    
   2    13    29.478145       4.7328450       21.562652       40.299360    
   2    14    29.702072       4.4447772       22.187617       39.761507    
   2    15    29.541863       4.1745318       22.425765       38.916027    
   2    16    29.813601       3.9240010       23.060025       38.545091    
   2    17    30.036436       3.6998826       23.615118       38.203809    
   2    18    30.307368       3.5055802       24.177808       37.990894    
   2    19    30.430313       3.3471635       24.544753       37.727165    
   2    20    26.857637       3.5670544       20.725670       34.803828    
   2    21    27.046505       3.4514908       21.082543       34.697590    
   2    22    23.563305       4.0682092       16.840354       32.970170    

  Program  MARK  - Survival Rate Estimation with Capture-Recapture Data
   gfortran(dble) Vers. 9.0 Mar 2018    25-Mar-2020 14:22:41    Page  014
 - - - - - - - - - - - - - - - - - - - - - - - - - - - - - - - - - - - - - -
 
   2    23    23.540114       4.0376347       16.860234       32.866505    
   2    24    23.745160       3.9945937       17.114913       32.943937    
   2    25    24.026334       3.9743270       17.411340       33.154527    
   2    26    24.307051       3.9931981       17.653183       33.468907    
   2    27    23.885905       4.1532278       17.030786       33.500300    
   2    28    24.166850       4.2306735       17.192072       33.971277    
   2    29    24.447338       4.3423049       17.306609       34.534341    
   2    30    23.112924       4.6274232       15.671297       34.088261    
   2    31    16.735226       5.3675811       9.0629854       30.902376    
   2    32    17.027813       5.3962732       9.2859847       31.224089    
   2    33    17.319924       5.4536484       9.4803880       31.642140    

     Gross Population Estimates of { Phi(~1)p(~1)pent(~sex)N(~sex) }
                                                95% Confidence Interval
 Grp. Occ.   N*-hat          Standard Error      Lower           Upper
 ---- ----   --------------  --------------  --------------  --------------
   1     0    18.169775       1.9300898       14.763260       22.362318    
   2     0    37.118037       5.8505842       27.304709       50.458280    

 Attempted ordering of parameters by estimatibility:
  2 5 1 6 4 3
 Beta number 3 is a singular value.

   CPU Time for the last procedure was 0.25 seconds.     


  INPUT --- proc stop;

     CPU Time in minutes for this job was 0.00

     Time Start = 14:22:41.331   Time End = 14:22:41.690

     Wall Clock Time in minutes for this job was 0.01


          E X E C U T I O N   S U C C E S S F U L 
