
   Program  MARK  - Survival Rate Estimation with Capture-Recapture Data
   gfortran(dble) Vers. 9.0 Mar 2018    25-Mar-2020 14:21:53    Page  001
 - - - - - - - - - - - - - - - - - - - - - - - - - - - - - - - - - - - - - -
 
   This version was compiled by GCC version 7.2.0 using the options: 
     -cpp -iprefix C:/Program Files/mingw-w64/x86_64-7.2.0-posix-seh-rt_v5-rev1/
     mingw64/bin/../lib/gcc/x86_64-w64-mingw32/7.2.0/ -D_MT -D_REENTRANT
     -U_REENTRANT -D IEEE -D DBLEPRECISION -m64 -mtune=core2 -march=nocona -mthreads
     -O2 -fimplicit-none -fbounds-check -funroll-loops -ftree-vectorize
     -ffpe-summary=invalid,zero,overflow,underflow -fno-unsafe-math-optimizations
     -frounding-math -fsignaling-nans -fopenmp.

   This problem will use 15 of 16 possible threads.


  INPUT --- proc title ;

   CPU Time for the last procedure was 0.01 seconds.     


  INPUT --- proc chmatrix occasions= 33 groups= 2 etype= POPAN Nodes= 
  INPUT --- 101 ICMeans NoHist hist= 41  ;

  INPUT ---    time interval 0.00547945205479452 0.00273972602739726 
  INPUT ---    0.00273972602739726 0.00547945205479452  
  INPUT ---    0.00821917808219178 0.00273972602739726 0.00273972602739726 
  INPUT ---    0.00547945205479452  0.00547945205479452 
  INPUT ---    0.00821917808219178 0.00273972602739726 0.0136986301369863 
  INPUT ---    0.00547945205479452  0.0273972602739726 0.00273972602739726 
  INPUT ---    0.00547945205479452 0.00273972602739726 0.010958904109589  
  INPUT ---    0.23013698630137 0.00821917808219178 0.254794520547945 
  INPUT ---    0.0246575342465753 0.00821917808219178  0.00273972602739726 
  INPUT ---    0.00273972602739726 0.0520547945205479 0.00273972602739726 
  INPUT ---    0.00273972602739726  0.117808219178082 0.575342465753425 
  INPUT ---    0.00273972602739726 0.00273972602739726 ;

  INPUT ---    glabel(1)=sexF;

  INPUT ---    glabel(2)=sexM;

   * *  WARNING  * *   At least a pair of the encounter histories are duplicates. 

      Number of unique encounter histories read was 38.

      Number of individual covariates read was 0.
      Time interval lengths vary and/or not equal to 1.

      Data type number is 19
      Data type is POPAN                                                                                               

   CPU Time for the last procedure was 0.02 seconds.     

  Program  MARK  - Survival Rate Estimation with Capture-Recapture Data
   gfortran(dble) Vers. 9.0 Mar 2018    25-Mar-2020 14:21:53    Page  002
 - - - - - - - - - - - - - - - - - - - - - - - - - - - - - - - - - - - - - -
 


  INPUT --- proc estimate link=Parm-Specific NOLOOP varest=2ndPart    ;


  INPUT --- model={ Phi(~sex)p(~1)pent(~1)N(~1) };

  INPUT ---    group=1 Phi    rows=1 cols=32 Square ;
  INPUT ---        1 1 1 1 1 1 1 1 1 1 1 1 1 1 1 1 1 1 1 1 1 1 1 1 1 1 1 1 1 
  INPUT ---       1 1 1 ;

  INPUT ---    group=2 Phi    rows=1 cols=32 Square ;
  INPUT ---        2 2 2 2 2 2 2 2 2 2 2 2 2 2 2 2 2 2 2 2 2 2 2 2 2 2 2 2 2 
  INPUT ---       2 2 2 ;

  INPUT ---    group=1 p    rows=1 cols=33 Square ;
  INPUT ---        3 3 3 3 3 3 3 3 3 3 3 3 3 3 3 3 3 3 3 3 3 3 3 3 3 3 3 3 3 
  INPUT ---       3 3 3 3 ;

  INPUT ---    group=2 p    rows=1 cols=33 Square ;
  INPUT ---        3 3 3 3 3 3 3 3 3 3 3 3 3 3 3 3 3 3 3 3 3 3 3 3 3 3 3 3 3 
  INPUT ---       3 3 3 3 ;

  INPUT ---    group=1 pent    rows=1 cols=32 Square ;
  INPUT ---        5 6 7 8 9 10 11 12 13 14 15 16 17 18 19 20 21 22 23 24 25 
  INPUT ---       26 27 28 29 30 31 32 33 34 35 36 ;

  INPUT ---    group=2 pent    rows=1 cols=32 Square ;
  INPUT ---        37 38 39 40 41 42 43 44 45 46 47 48 49 50 51 52 53 54 55 
  INPUT ---       56 57 58 59 60 61 62 63 64 65 66 67 68 ;

  INPUT ---    group=1 N    rows=1 cols=1 Square ;
  INPUT ---        4 ;

  INPUT ---    group=2 N    rows=1 cols=1 Square ;
  INPUT ---        4 ;

  INPUT ---    design matrix constraints=68 covariates=5;
  INPUT ---        1 0 0 0 0;
  INPUT ---        1 1 0 0 0;
  INPUT ---        0 0 1 0 0;
  INPUT ---        0 0 0 0 1;
  INPUT ---        0 0 0 1 0;
  INPUT ---        0 0 0 1 0;
  INPUT ---        0 0 0 1 0;
  INPUT ---        0 0 0 1 0;

  Program  MARK  - Survival Rate Estimation with Capture-Recapture Data
   gfortran(dble) Vers. 9.0 Mar 2018    25-Mar-2020 14:21:53    Page  003
 - - - - - - - - - - - - - - - - - - - - - - - - - - - - - - - - - - - - - -
 
  INPUT ---        0 0 0 1 0;
  INPUT ---        0 0 0 1 0;
  INPUT ---        0 0 0 1 0;
  INPUT ---        0 0 0 1 0;
  INPUT ---        0 0 0 1 0;
  INPUT ---        0 0 0 1 0;
  INPUT ---        0 0 0 1 0;
  INPUT ---        0 0 0 1 0;
  INPUT ---        0 0 0 1 0;
  INPUT ---        0 0 0 1 0;
  INPUT ---        0 0 0 1 0;
  INPUT ---        0 0 0 1 0;
  INPUT ---        0 0 0 1 0;
  INPUT ---        0 0 0 1 0;
  INPUT ---        0 0 0 1 0;
  INPUT ---        0 0 0 1 0;
  INPUT ---        0 0 0 1 0;
  INPUT ---        0 0 0 1 0;
  INPUT ---        0 0 0 1 0;
  INPUT ---        0 0 0 1 0;
  INPUT ---        0 0 0 1 0;
  INPUT ---        0 0 0 1 0;
  INPUT ---        0 0 0 1 0;
  INPUT ---        0 0 0 1 0;
  INPUT ---        0 0 0 1 0;
  INPUT ---        0 0 0 1 0;
  INPUT ---        0 0 0 1 0;
  INPUT ---        0 0 0 1 0;
  INPUT ---        0 0 0 1 0;
  INPUT ---        0 0 0 1 0;
  INPUT ---        0 0 0 1 0;
  INPUT ---        0 0 0 1 0;
  INPUT ---        0 0 0 1 0;
  INPUT ---        0 0 0 1 0;
  INPUT ---        0 0 0 1 0;
  INPUT ---        0 0 0 1 0;
  INPUT ---        0 0 0 1 0;
  INPUT ---        0 0 0 1 0;
  INPUT ---        0 0 0 1 0;
  INPUT ---        0 0 0 1 0;
  INPUT ---        0 0 0 1 0;
  INPUT ---        0 0 0 1 0;
  INPUT ---        0 0 0 1 0;
  INPUT ---        0 0 0 1 0;
  INPUT ---        0 0 0 1 0;
  INPUT ---        0 0 0 1 0;

  Program  MARK  - Survival Rate Estimation with Capture-Recapture Data
   gfortran(dble) Vers. 9.0 Mar 2018    25-Mar-2020 14:21:53    Page  004
 - - - - - - - - - - - - - - - - - - - - - - - - - - - - - - - - - - - - - -
 
  INPUT ---        0 0 0 1 0;
  INPUT ---        0 0 0 1 0;
  INPUT ---        0 0 0 1 0;
  INPUT ---        0 0 0 1 0;
  INPUT ---        0 0 0 1 0;
  INPUT ---        0 0 0 1 0;
  INPUT ---        0 0 0 1 0;
  INPUT ---        0 0 0 1 0;
  INPUT ---        0 0 0 1 0;
  INPUT ---        0 0 0 1 0;
  INPUT ---        0 0 0 1 0;
  INPUT ---        0 0 0 1 0;
  INPUT ---        0 0 0 1 0;
  INPUT ---        0 0 0 1 0;

  INPUT ---    links=68;

  INPUT ---    Logit;

  INPUT ---    Logit;

  INPUT ---    Logit;

  INPUT ---    Log;

  INPUT ---    mlogit(1);

  INPUT ---    mlogit(1);

  INPUT ---    mlogit(1);

  INPUT ---    mlogit(1);

  INPUT ---    mlogit(1);

  INPUT ---    mlogit(1);

  INPUT ---    mlogit(1);

  INPUT ---    mlogit(1);

  INPUT ---    mlogit(1);

  INPUT ---    mlogit(1);

  INPUT ---    mlogit(1);

  Program  MARK  - Survival Rate Estimation with Capture-Recapture Data
   gfortran(dble) Vers. 9.0 Mar 2018    25-Mar-2020 14:21:53    Page  005
 - - - - - - - - - - - - - - - - - - - - - - - - - - - - - - - - - - - - - -
 

  INPUT ---    mlogit(1);

  INPUT ---    mlogit(1);

  INPUT ---    mlogit(1);

  INPUT ---    mlogit(1);

  INPUT ---    mlogit(1);

  INPUT ---    mlogit(1);

  INPUT ---    mlogit(1);

  INPUT ---    mlogit(1);

  INPUT ---    mlogit(1);

  INPUT ---    mlogit(1);

  INPUT ---    mlogit(1);

  INPUT ---    mlogit(1);

  INPUT ---    mlogit(1);

  INPUT ---    mlogit(1);

  INPUT ---    mlogit(1);

  INPUT ---    mlogit(1);

  INPUT ---    mlogit(1);

  INPUT ---    mlogit(1);

  INPUT ---    mlogit(1);

  INPUT ---    mlogit(1);

  INPUT ---    mlogit(1);

  INPUT ---    mlogit(2);

  INPUT ---    mlogit(2);

  Program  MARK  - Survival Rate Estimation with Capture-Recapture Data
   gfortran(dble) Vers. 9.0 Mar 2018    25-Mar-2020 14:21:53    Page  006
 - - - - - - - - - - - - - - - - - - - - - - - - - - - - - - - - - - - - - -
 

  INPUT ---    mlogit(2);

  INPUT ---    mlogit(2);

  INPUT ---    mlogit(2);

  INPUT ---    mlogit(2);

  INPUT ---    mlogit(2);

  INPUT ---    mlogit(2);

  INPUT ---    mlogit(2);

  INPUT ---    mlogit(2);

  INPUT ---    mlogit(2);

  INPUT ---    mlogit(2);

  INPUT ---    mlogit(2);

  INPUT ---    mlogit(2);

  INPUT ---    mlogit(2);

  INPUT ---    mlogit(2);

  INPUT ---    mlogit(2);

  INPUT ---    mlogit(2);

  INPUT ---    mlogit(2);

  INPUT ---    mlogit(2);

  INPUT ---    mlogit(2);

  INPUT ---    mlogit(2);

  INPUT ---    mlogit(2);

  INPUT ---    mlogit(2);

  INPUT ---    mlogit(2);

  Program  MARK  - Survival Rate Estimation with Capture-Recapture Data
   gfortran(dble) Vers. 9.0 Mar 2018    25-Mar-2020 14:21:53    Page  007
 - - - - - - - - - - - - - - - - - - - - - - - - - - - - - - - - - - - - - -
 

  INPUT ---    mlogit(2);

  INPUT ---    mlogit(2);

  INPUT ---    mlogit(2);

  INPUT ---    mlogit(2);

  INPUT ---    mlogit(2);

  INPUT ---    mlogit(2);

  INPUT ---    mlogit(2);
  INPUT ---       blabel(1)=Phi:(Intercept);
  INPUT ---       blabel(2)=Phi:sexM;
  INPUT ---       blabel(3)=p:(Intercept);
  INPUT ---       blabel(4)=pent:(Intercept);
  INPUT ---       blabel(5)=N:(Intercept);
  INPUT ---       rlabel(1)=Phi gF a0 t1;
  INPUT ---       rlabel(2)=Phi gM a0 t1;
  INPUT ---       rlabel(3)=p gF a0 t1;
  INPUT ---       rlabel(4)=N gF a0 t1;
  INPUT ---       rlabel(5)=pent gF a0.00547945205479452 t1.00547945205479;
  INPUT ---       rlabel(6)=pent gF a0.00821917808219178 t1.00821917808219;
  INPUT ---       rlabel(7)=pent gF a0.010958904109589 t1.01095890410959;
  INPUT ---       rlabel(8)=pent gF a0.0164383561643836 t1.01643835616438;
  INPUT ---       rlabel(9)=pent gF a0.0246575342465753 t1.02465753424658;
  INPUT ---       rlabel(10)=pent gF a0.0273972602739726 t1.02739726027397;
  INPUT ---       rlabel(11)=pent gF a0.0301369863013699 t1.03013698630137;
  INPUT ---       rlabel(12)=pent gF a0.0356164383561644 t1.03561643835616;
  INPUT ---       rlabel(13)=pent gF a0.0410958904109589 t1.04109589041096;
  INPUT ---       rlabel(14)=pent gF a0.0493150684931507 t1.04931506849315;
  INPUT ---       rlabel(15)=pent gF a0.0520547945205479 t1.05205479452055;
  INPUT ---       rlabel(16)=pent gF a0.0657534246575342 t1.06575342465753;
  INPUT ---       rlabel(17)=pent gF a0.0712328767123288 t1.07123287671233;
  INPUT ---       rlabel(18)=pent gF a0.0986301369863014 t1.0986301369863;
  INPUT ---       rlabel(19)=pent gF a0.101369863013699 t1.1013698630137;
  INPUT ---       rlabel(20)=pent gF a0.106849315068493 t1.10684931506849;
  INPUT ---       rlabel(21)=pent gF a0.10958904109589 t1.10958904109589;
  INPUT ---       rlabel(22)=pent gF a0.120547945205479 t1.12054794520548;
  INPUT ---       rlabel(23)=pent gF a0.350684931506849 t1.35068493150685;
  INPUT ---       rlabel(24)=pent gF a0.358904109589041 t1.35890410958904;
  INPUT ---       rlabel(25)=pent gF a0.613698630136986 t1.61369863013699;
  INPUT ---       rlabel(26)=pent gF a0.638356164383562 t1.63835616438356;
  INPUT ---       rlabel(27)=pent gF a0.646575342465753 t1.64657534246575;

  Program  MARK  - Survival Rate Estimation with Capture-Recapture Data
   gfortran(dble) Vers. 9.0 Mar 2018    25-Mar-2020 14:21:53    Page  008
 - - - - - - - - - - - - - - - - - - - - - - - - - - - - - - - - - - - - - -
 
  INPUT ---       rlabel(28)=pent gF a0.649315068493151 t1.64931506849315;
  INPUT ---       rlabel(29)=pent gF a0.652054794520548 t1.65205479452055;
  INPUT ---       rlabel(30)=pent gF a0.704109589041096 t1.7041095890411;
  INPUT ---       rlabel(31)=pent gF a0.706849315068493 t1.70684931506849;
  INPUT ---       rlabel(32)=pent gF a0.70958904109589 t1.70958904109589;
  INPUT ---       rlabel(33)=pent gF a0.827397260273973 t1.82739726027397;
  INPUT ---       rlabel(34)=pent gF a1.4027397260274 t2.4027397260274;
  INPUT ---       rlabel(35)=pent gF a1.40547945205479 t2.40547945205479;
  INPUT ---       rlabel(36)=pent gF a1.40821917808219 t2.40821917808219;
  INPUT ---       rlabel(37)=pent gM a0.00547945205479452 t1.00547945205479;
  INPUT ---       rlabel(38)=pent gM a0.00821917808219178 t1.00821917808219;
  INPUT ---       rlabel(39)=pent gM a0.010958904109589 t1.01095890410959;
  INPUT ---       rlabel(40)=pent gM a0.0164383561643836 t1.01643835616438;
  INPUT ---       rlabel(41)=pent gM a0.0246575342465753 t1.02465753424658;
  INPUT ---       rlabel(42)=pent gM a0.0273972602739726 t1.02739726027397;
  INPUT ---       rlabel(43)=pent gM a0.0301369863013699 t1.03013698630137;
  INPUT ---       rlabel(44)=pent gM a0.0356164383561644 t1.03561643835616;
  INPUT ---       rlabel(45)=pent gM a0.0410958904109589 t1.04109589041096;
  INPUT ---       rlabel(46)=pent gM a0.0493150684931507 t1.04931506849315;
  INPUT ---       rlabel(47)=pent gM a0.0520547945205479 t1.05205479452055;
  INPUT ---       rlabel(48)=pent gM a0.0657534246575342 t1.06575342465753;
  INPUT ---       rlabel(49)=pent gM a0.0712328767123288 t1.07123287671233;
  INPUT ---       rlabel(50)=pent gM a0.0986301369863014 t1.0986301369863;
  INPUT ---       rlabel(51)=pent gM a0.101369863013699 t1.1013698630137;
  INPUT ---       rlabel(52)=pent gM a0.106849315068493 t1.10684931506849;
  INPUT ---       rlabel(53)=pent gM a0.10958904109589 t1.10958904109589;
  INPUT ---       rlabel(54)=pent gM a0.120547945205479 t1.12054794520548;
  INPUT ---       rlabel(55)=pent gM a0.350684931506849 t1.35068493150685;
  INPUT ---       rlabel(56)=pent gM a0.358904109589041 t1.35890410958904;
  INPUT ---       rlabel(57)=pent gM a0.613698630136986 t1.61369863013699;
  INPUT ---       rlabel(58)=pent gM a0.638356164383562 t1.63835616438356;
  INPUT ---       rlabel(59)=pent gM a0.646575342465753 t1.64657534246575;
  INPUT ---       rlabel(60)=pent gM a0.649315068493151 t1.64931506849315;
  INPUT ---       rlabel(61)=pent gM a0.652054794520548 t1.65205479452055;
  INPUT ---       rlabel(62)=pent gM a0.704109589041096 t1.7041095890411;
  INPUT ---       rlabel(63)=pent gM a0.706849315068493 t1.70684931506849;
  INPUT ---       rlabel(64)=pent gM a0.70958904109589 t1.70958904109589;
  INPUT ---       rlabel(65)=pent gM a0.827397260273973 t1.82739726027397;
  INPUT ---       rlabel(66)=pent gM a1.4027397260274 t2.4027397260274;
  INPUT ---       rlabel(67)=pent gM a1.40547945205479 t2.40547945205479;
  INPUT ---       rlabel(68)=pent gM a1.40821917808219 t2.40821917808219;

 Link Function Used is PARM-SPECIFIC

 Variance Estimation Procedure Used is 2ndPart 

  Program  MARK  - Survival Rate Estimation with Capture-Recapture Data
   gfortran(dble) Vers. 9.0 Mar 2018    25-Mar-2020 14:21:53    Page  009
 - - - - - - - - - - - - - - - - - - - - - - - - - - - - - - - - - - - - - -
 

 M(t+1):
      16     29



 Group: 1

 U(t)+UL(t):
       0    2    2    0    1    0    3    1    1    0    0    0    0    0    1
       0    0    0    2    1    1    0    0    0    1    0    0    0    0    0
       0    0    0

 U(t):
       0    2    2    0    1    0    3    1    1    0    0    0    0    0    1
       0    0    0    2    1    1    0    0    0    1    0    0    0    0    0
       0    0    0

 UL(t):
       0    0    0    0    0    0    0    0    0    0    0    0    0    0    0
       0    0    0    0    0    0    0    0    0    0    0    0    0    0    0
       0    0    0

 Not Released(t):
       0    0    0    0    0    0    0    0    0    0    0    0    0    0    0
       0    0    0    0    0    0    0    0    0    0    0    0    0    0    0
       0    0    0

 Group: 2

 U(t)+UL(t):
       3    0    1    1    1    1    1    0    1    1    2    1    3    3    1
       1    0    2    3    1    0    0    1    0    0    0    0    0    0    1
       0    0    0

 U(t):
       3    0    1    1    1    1    1    0    1    1    2    1    3    3    1
       1    0    2    3    1    0    0    1    0    0    0    0    0    0    1
       0    0    0

 UL(t):
       0    0    0    0    0    0    0    0    0    0    0    0    0    0    0
       0    0    0    0    0    0    0    0    0    0    0    0    0    0    0
       0    0    0

 Not Released(t):
       0    0    0    0    0    0    0    0    0    0    0    0    0    0    0
       0    0    0    0    0    0    0    0    0    0    0    0    0    0    0
       0    0    0
 -2logL(saturated) = 272.93564     
 Effective Sample Size = 103

 Number of function evaluations was 23 for 5 parameters.
 Time for numerical optimization was 0.02 seconds.     
 -2logL { Phi(~sex)p(~1)pent(~1)N(~1) } = 553.08207     
 Penalty { Phi(~sex)p(~1)pent(~1)N(~1) } = 0.0000000     
 Gradient { Phi(~sex)p(~1)pent(~1)N(~1) }:
   0.000000       0.000000      0.4388082E-05   0.000000       0.000000    
 Maximum ABS(G) { Phi(~sex)p(~1)pent(~1)N(~1) } = 0.4388082E-05 
 S Vector { Phi(~sex)p(~1)pent(~1)N(~1) }:
   81.11707      6.637776      2.943992     0.5869743     0.4052081    
 Time to compute number of parameters was 0.01 seconds.     
 Ratio Threshold = 50.000000       Max Gap (1/2) = 12.220520       Next Max Gap (1/2) = 12.220520     
 Gap Method for Num. of Estimated Parameters { Phi(~sex)p(~1)pent(~1)N(~1) } = 5          
 Threshold { Phi(~sex)p(~1)pent(~1)N(~1) } = 0.8776164E-05                 
 Numerical Threshold Method for Num. of Estimated Parameters { Phi(~sex)p(~1)pent(~1)N(~1) } = 5          
 Number of Estimated Parameters { Phi(~sex)p(~1)pent(~1)N(~1) } = 5          
 DEVIANCE { Phi(~sex)p(~1)pent(~1)N(~1) } = 280.14643                     
 DEVIANCE Degrees of Freedom { Phi(~sex)p(~1)pent(~1)N(~1) } = 36            
 c-hat { Phi(~sex)p(~1)pent(~1)N(~1) } = 7.7818453                     
 AIC { Phi(~sex)p(~1)pent(~1)N(~1) } = 563.08207                  
 AICc { Phi(~sex)p(~1)pent(~1)N(~1) } = 563.70063                    
 BIC { Phi(~sex)p(~1)pent(~1)N(~1) } = 576.25572                    
 Pearson Chisquare { Phi(~sex)p(~1)pent(~1)N(~1) } = 23457024.                  


               PARM-SPECIFIC Link Function Parameters of { Phi(~sex)p(~1)pent(~1)N(~1) }
                                                              95% Confidence Interval
 Parameter                    Beta         Standard Error      Lower           Upper
 -------------------------  --------------  --------------  --------------  --------------
    1:Phi:(Intercept)       -1.7270922       0.9870609      -3.6617316       0.2075473    
    2:Phi:sexM               2.8121002       1.2142618       0.4321470       5.1920533    
    3:p:(Intercept)         -2.4773255       0.1740129      -2.8183908      -2.1362602    
    4:pent:(Intercept)      -4.5396199       1.3545263      -7.1944915      -1.8847483    
    5:N:(Intercept)          1.8011098       0.6003601       0.6244039       2.9778157    


               Real Function Parameters of { Phi(~sex)p(~1)pent(~1)N(~1) }
                                                               95% Confidence Interval
  Parameter                  Estimate       Standard Error      Lower           Upper
 --------------------------  --------------  --------------  --------------  --------------
     1:Phi gF a0 t1           0.1509599       0.1265126       0.0250446       0.5517014                          
     2:Phi gM a0 t1           0.7474405       0.2051908       0.2600991       0.9614123                          
     3:p gF a0 t1             0.0774631       0.0124354       0.0563384       0.1056222                          
     4:N gF a0 t1             22.056365       3.6360004       18.041537       33.966644                          
     5:pent gF a0.005479452   0.0079583       0.0080345       0.0010903       0.0556766                          
     6:pent gF a0.008219178   0.0079583       0.0080345       0.0010903       0.0556766                          
     7:pent gF a0.010958904   0.0079583       0.0080345       0.0010903       0.0556766                          
     8:pent gF a0.016438356   0.0079583       0.0080345       0.0010903       0.0556766                          
     9:pent gF a0.024657534   0.0079583       0.0080345       0.0010903       0.0556766                          
    10:pent gF a0.027397260   0.0079583       0.0080345       0.0010903       0.0556766                          
    11:pent gF a0.030136986   0.0079583       0.0080345       0.0010903       0.0556766                          
    12:pent gF a0.035616438   0.0079583       0.0080345       0.0010903       0.0556766                          

  Program  MARK  - Survival Rate Estimation with Capture-Recapture Data
   gfortran(dble) Vers. 9.0 Mar 2018    25-Mar-2020 14:21:54    Page  010
 - - - - - - - - - - - - - - - - - - - - - - - - - - - - - - - - - - - - - -
 
    13:pent gF a0.041095890   0.0079583       0.0080345       0.0010903       0.0556766                          
    14:pent gF a0.049315068   0.0079583       0.0080345       0.0010903       0.0556766                          
    15:pent gF a0.052054794   0.0079583       0.0080345       0.0010903       0.0556766                          
    16:pent gF a0.065753424   0.0079583       0.0080345       0.0010903       0.0556766                          
    17:pent gF a0.071232876   0.0079583       0.0080345       0.0010903       0.0556766                          
    18:pent gF a0.098630136   0.0079583       0.0080345       0.0010903       0.0556766                          
    19:pent gF a0.101369863   0.0079583       0.0080345       0.0010903       0.0556766                          
    20:pent gF a0.106849315   0.0079583       0.0080345       0.0010903       0.0556766                          
    21:pent gF a0.109589041   0.0079583       0.0080345       0.0010903       0.0556766                          
    22:pent gF a0.120547945   0.0079583       0.0080345       0.0010903       0.0556766                          
    23:pent gF a0.350684931   0.0079583       0.0080345       0.0010903       0.0556766                          
    24:pent gF a0.358904109   0.0079583       0.0080345       0.0010903       0.0556766                          
    25:pent gF a0.613698630   0.0079583       0.0080345       0.0010903       0.0556766                          
    26:pent gF a0.638356164   0.0079583       0.0080345       0.0010903       0.0556766                          
    27:pent gF a0.646575342   0.0079583       0.0080345       0.0010903       0.0556766                          
    28:pent gF a0.649315068   0.0079583       0.0080345       0.0010903       0.0556766                          
    29:pent gF a0.652054794   0.0079583       0.0080345       0.0010903       0.0556766                          
    30:pent gF a0.704109589   0.0079583       0.0080345       0.0010903       0.0556766                          
    31:pent gF a0.706849315   0.0079583       0.0080345       0.0010903       0.0556766                          
    32:pent gF a0.709589041   0.0079583       0.0080345       0.0010903       0.0556766                          
    33:pent gF a0.827397260   0.0079583       0.0080345       0.0010903       0.0556766                          
    34:pent gF a1.402739726   0.0079583       0.0080345       0.0010903       0.0556766                          
    35:pent gF a1.405479452   0.0079583       0.0080345       0.0010903       0.0556766                          
    36:pent gF a1.408219178   0.0079583       0.0080345       0.0010903       0.0556766                          
    37:pent gM a0.005479452   0.0079583       0.0080345       0.0010903       0.0556766                          
    38:pent gM a0.008219178   0.0079583       0.0080345       0.0010903       0.0556766                          
    39:pent gM a0.010958904   0.0079583       0.0080345       0.0010903       0.0556766                          
    40:pent gM a0.016438356   0.0079583       0.0080345       0.0010903       0.0556766                          
    41:pent gM a0.024657534   0.0079583       0.0080345       0.0010903       0.0556766                          
    42:pent gM a0.027397260   0.0079583       0.0080345       0.0010903       0.0556766                          
    43:pent gM a0.030136986   0.0079583       0.0080345       0.0010903       0.0556766                          
    44:pent gM a0.035616438   0.0079583       0.0080345       0.0010903       0.0556766                          
    45:pent gM a0.041095890   0.0079583       0.0080345       0.0010903       0.0556766                          
    46:pent gM a0.049315068   0.0079583       0.0080345       0.0010903       0.0556766                          
    47:pent gM a0.052054794   0.0079583       0.0080345       0.0010903       0.0556766                          
    48:pent gM a0.065753424   0.0079583       0.0080345       0.0010903       0.0556766                          
    49:pent gM a0.071232876   0.0079583       0.0080345       0.0010903       0.0556766                          
    50:pent gM a0.098630136   0.0079583       0.0080345       0.0010903       0.0556766                          
    51:pent gM a0.101369863   0.0079583       0.0080345       0.0010903       0.0556766                          
    52:pent gM a0.106849315   0.0079583       0.0080345       0.0010903       0.0556766                          
    53:pent gM a0.109589041   0.0079583       0.0080345       0.0010903       0.0556766                          
    54:pent gM a0.120547945   0.0079583       0.0080345       0.0010903       0.0556766                          
    55:pent gM a0.350684931   0.0079583       0.0080345       0.0010903       0.0556766                          
    56:pent gM a0.358904109   0.0079583       0.0080345       0.0010903       0.0556766                          
    57:pent gM a0.613698630   0.0079583       0.0080345       0.0010903       0.0556766                          
    58:pent gM a0.638356164   0.0079583       0.0080345       0.0010903       0.0556766                          

  Program  MARK  - Survival Rate Estimation with Capture-Recapture Data
   gfortran(dble) Vers. 9.0 Mar 2018    25-Mar-2020 14:21:54    Page  011
 - - - - - - - - - - - - - - - - - - - - - - - - - - - - - - - - - - - - - -
 
    59:pent gM a0.646575342   0.0079583       0.0080345       0.0010903       0.0556766                          
    60:pent gM a0.649315068   0.0079583       0.0080345       0.0010903       0.0556766                          
    61:pent gM a0.652054794   0.0079583       0.0080345       0.0010903       0.0556766                          
    62:pent gM a0.704109589   0.0079583       0.0080345       0.0010903       0.0556766                          
    63:pent gM a0.706849315   0.0079583       0.0080345       0.0010903       0.0556766                          
    64:pent gM a0.709589041   0.0079583       0.0080345       0.0010903       0.0556766                          
    65:pent gM a0.827397260   0.0079583       0.0080345       0.0010903       0.0556766                          
    66:pent gM a1.402739726   0.0079583       0.0080345       0.0010903       0.0556766                          
    67:pent gM a1.405479452   0.0079583       0.0080345       0.0010903       0.0556766                          
    68:pent gM a1.408219178   0.0079583       0.0080345       0.0010903       0.0556766                          


                      Estimates of Derived Parameters
   Gross Birth+Immigration Estimates of { Phi(~sex)p(~1)pent(~1)N(~1) }
                                                95% Confidence Interval
 Grp. Occ.   B*-hat          Standard Error      Lower           Upper
 ---- ----   --------------  --------------  --------------  --------------
   1     1    0.1764417       0.2006558       0.0295875       1.0521903    
   1     2    0.1759859       0.2000392       0.0295286       1.0488473    
   1     3    0.1759859       0.2000392       0.0295286       1.0488473    
   1     4    0.1764417       0.2006558       0.0295875       1.0521903    
   1     5    0.1768983       0.2012738       0.0296464       1.0555412    
   1     6    0.1759859       0.2000392       0.0295286       1.0488473    
   1     7    0.1759859       0.2000392       0.0295286       1.0488473    
   1     8    0.1764417       0.2006558       0.0295875       1.0521903    
   1     9    0.1764417       0.2006558       0.0295875       1.0521903    
   1    10    0.1768983       0.2012738       0.0296464       1.0555412    
   1    11    0.1759859       0.2000392       0.0295286       1.0488473    
   1    12    0.1778139       0.2025139       0.0297644       1.0622670    
   1    13    0.1764417       0.2006558       0.0295875       1.0521903    
   1    14    0.1801165       0.2056384       0.0300605       1.0792206    
   1    15    0.1759859       0.2000392       0.0295286       1.0488473    
   1    16    0.1764417       0.2006558       0.0295875       1.0521903    
   1    17    0.1759859       0.2000392       0.0295286       1.0488473    
   1    18    0.1773557       0.2018932       0.0297054       1.0589001    
   1    19    0.2164810       0.2559259       0.0346272       1.3533879    
   1    20    0.1768983       0.2012738       0.0296464       1.0555412    
   1    21    0.2211937       0.2625549       0.0352069       1.3896891    
   1    22    0.1796544       0.2050108       0.0300012       1.0758139    
   1    23    0.1768983       0.2012738       0.0296464       1.0555412    
   1    24    0.1759859       0.2000392       0.0295286       1.0488473    
   1    25    0.1759859       0.2000392       0.0295286       1.0488473    
   1    26    0.1843106       0.2113500       0.0305974       1.1102383    
   1    27    0.1759859       0.2000392       0.0295286       1.0488473    
   1    28    0.1759859       0.2000392       0.0295286       1.0488473    

  Program  MARK  - Survival Rate Estimation with Capture-Recapture Data
   gfortran(dble) Vers. 9.0 Mar 2018    25-Mar-2020 14:21:54    Page  012
 - - - - - - - - - - - - - - - - - - - - - - - - - - - - - - - - - - - - - -
 
   1    29    0.1958053       0.2271298       0.0320538       1.1961068    
   1    30    0.2879818       0.3584263       0.0432471       1.9176647    
   1    31    0.1759859       0.2000392       0.0295286       1.0488473    
   1    32    0.1759859       0.2000392       0.0295286       1.0488473    
   2     1    0.2792111       0.3038769       0.0493734       1.5789645    
   2     2    0.2790998       0.3037077       0.0493631       1.5780351    
   2     3    0.2790998       0.3037077       0.0493631       1.5780351    
   2     4    0.2792111       0.3038769       0.0493734       1.5789645    
   2     5    0.2793225       0.3040461       0.0493837       1.5798943    
   2     6    0.2790998       0.3037077       0.0493631       1.5780351    
   2     7    0.2790998       0.3037077       0.0493631       1.5780351    
   2     8    0.2792111       0.3038769       0.0493734       1.5789645    
   2     9    0.2792111       0.3038769       0.0493734       1.5789645    
   2    10    0.2793225       0.3040461       0.0493837       1.5798943    
   2    11    0.2790998       0.3037077       0.0493631       1.5780351    
   2    12    0.2795452       0.3043848       0.0494043       1.5817557    
   2    13    0.2792111       0.3038769       0.0493734       1.5789645    
   2    14    0.2801026       0.3052332       0.0494557       1.5864183    
   2    15    0.2790998       0.3037077       0.0493631       1.5780351    
   2    16    0.2792111       0.3038769       0.0493734       1.5789645    
   2    17    0.2790998       0.3037077       0.0493631       1.5780351    
   2    18    0.2794338       0.3042154       0.0493940       1.5808247    
   2    19    0.2884381       0.3180406       0.0502102       1.6569632    
   2    20    0.2793225       0.3040461       0.0493837       1.5798943    
   2    21    0.2894629       0.3196304       0.0503012       1.6657398    
   2    22    0.2799910       0.3050633       0.0494454       1.5854847    
   2    23    0.2793225       0.3040461       0.0493837       1.5798943    
   2    24    0.2790998       0.3037077       0.0493631       1.5780351    
   2    25    0.2790998       0.3037077       0.0493631       1.5780351    
   2    26    0.2811077       0.3067656       0.0495481       1.5948440    
   2    27    0.2790998       0.3037077       0.0493631       1.5780351    
   2    28    0.2790998       0.3037077       0.0493631       1.5780351    
   2    29    0.2837997       0.3108862       0.0497937       1.6175211    
   2    30    0.3030033       0.3409316       0.0514715       1.7837257    
   2    31    0.2790998       0.3037077       0.0493631       1.5780351    
   2    32    0.2790998       0.3037077       0.0493631       1.5780351    

    Net Birth+Immigration Estimates of { Phi(~sex)p(~1)pent(~1)N(~1) }
                                                95% Confidence Interval
 Grp. Occ.   B-hat           Standard Error      Lower           Upper
 ---- ----   --------------  --------------  --------------  --------------
   1     1    0.1755309       0.1994240       0.0294698       1.0455122    
   1     2    0.1755309       0.1994240       0.0294698       1.0455122    
   1     3    0.1755309       0.1994240       0.0294698       1.0455122    
   1     4    0.1755309       0.1994240       0.0294698       1.0455122    
   1     5    0.1755309       0.1994240       0.0294698       1.0455122    
   1     6    0.1755309       0.1994240       0.0294698       1.0455122    
   1     7    0.1755309       0.1994240       0.0294698       1.0455122    
   1     8    0.1755309       0.1994240       0.0294698       1.0455122    
   1     9    0.1755309       0.1994240       0.0294698       1.0455122    
   1    10    0.1755309       0.1994240       0.0294698       1.0455122    
   1    11    0.1755309       0.1994240       0.0294698       1.0455122    
   1    12    0.1755309       0.1994240       0.0294698       1.0455122    
   1    13    0.1755309       0.1994240       0.0294698       1.0455122    
   1    14    0.1755309       0.1994240       0.0294698       1.0455122    
   1    15    0.1755309       0.1994240       0.0294698       1.0455122    
   1    16    0.1755309       0.1994240       0.0294698       1.0455122    
   1    17    0.1755309       0.1994240       0.0294698       1.0455122    
   1    18    0.1755309       0.1994240       0.0294698       1.0455122    
   1    19    0.1755309       0.1994240       0.0294698       1.0455122    
   1    20    0.1755309       0.1994240       0.0294698       1.0455122    
   1    21    0.1755309       0.1994240       0.0294698       1.0455122    
   1    22    0.1755309       0.1994240       0.0294698       1.0455122    
   1    23    0.1755309       0.1994240       0.0294698       1.0455122    
   1    24    0.1755309       0.1994240       0.0294698       1.0455122    
   1    25    0.1755309       0.1994240       0.0294698       1.0455122    
   1    26    0.1755309       0.1994240       0.0294698       1.0455122    
   1    27    0.1755309       0.1994240       0.0294698       1.0455122    
   1    28    0.1755309       0.1994240       0.0294698       1.0455122    
   1    29    0.1755309       0.1994240       0.0294698       1.0455122    
   1    30    0.1755309       0.1994240       0.0294698       1.0455122    
   1    31    0.1755309       0.1994240       0.0294698       1.0455122    
   1    32    0.1755309       0.1994240       0.0294698       1.0455122    
   2     1    0.2789886       0.3035387       0.0493528       1.5771063    
   2     2    0.2789886       0.3035387       0.0493528       1.5771063    
   2     3    0.2789886       0.3035387       0.0493528       1.5771063    
   2     4    0.2789886       0.3035387       0.0493528       1.5771063    
   2     5    0.2789886       0.3035387       0.0493528       1.5771063    
   2     6    0.2789886       0.3035387       0.0493528       1.5771063    
   2     7    0.2789886       0.3035387       0.0493528       1.5771063    
   2     8    0.2789886       0.3035387       0.0493528       1.5771063    
   2     9    0.2789886       0.3035387       0.0493528       1.5771063    
   2    10    0.2789886       0.3035387       0.0493528       1.5771063    
   2    11    0.2789886       0.3035387       0.0493528       1.5771063    
   2    12    0.2789886       0.3035387       0.0493528       1.5771063    
   2    13    0.2789886       0.3035387       0.0493528       1.5771063    
   2    14    0.2789886       0.3035387       0.0493528       1.5771063    
   2    15    0.2789886       0.3035387       0.0493528       1.5771063    
   2    16    0.2789886       0.3035387       0.0493528       1.5771063    
   2    17    0.2789886       0.3035387       0.0493528       1.5771063    
   2    18    0.2789886       0.3035387       0.0493528       1.5771063    
   2    19    0.2789886       0.3035387       0.0493528       1.5771063    
   2    20    0.2789886       0.3035387       0.0493528       1.5771063    
   2    21    0.2789886       0.3035387       0.0493528       1.5771063    
   2    22    0.2789886       0.3035387       0.0493528       1.5771063    
   2    23    0.2789886       0.3035387       0.0493528       1.5771063    
   2    24    0.2789886       0.3035387       0.0493528       1.5771063    
   2    25    0.2789886       0.3035387       0.0493528       1.5771063    
   2    26    0.2789886       0.3035387       0.0493528       1.5771063    
   2    27    0.2789886       0.3035387       0.0493528       1.5771063    
   2    28    0.2789886       0.3035387       0.0493528       1.5771063    
   2    29    0.2789886       0.3035387       0.0493528       1.5771063    
   2    30    0.2789886       0.3035387       0.0493528       1.5771063    
   2    31    0.2789886       0.3035387       0.0493528       1.5771063    
   2    32    0.2789886       0.3035387       0.0493528       1.5771063    

         Population Estimates of { Phi(~sex)p(~1)pent(~1)N(~1) }
                                                95% Confidence Interval
 Grp. Occ.   N-hat           Standard Error      Lower           Upper
 ---- ----   --------------  --------------  --------------  --------------
   1     1    16.439378       4.1156744       10.139339       26.653921    
   1     2    16.445472       3.9325093       10.359116       26.107784    
   1     3    16.536034       3.7607509       10.648209       25.679476    
   1     4    16.626128       3.5929987       10.937886       25.272537    
   1     5    16.630297       3.4248464       11.153659       24.796060    
   1     6    16.549385       3.2592678       11.291035       24.256603    
   1     7    16.639410       3.1058168       11.577451       23.914588    
   1     8    16.728970       2.9583678       11.860321       23.596194    
   1     9    16.732080       2.8169177       12.057131       23.219661    
   1    10    16.735157       2.6837950       12.245792       22.870344    

  Program  MARK  - Survival Rate Estimation with Capture-Recapture Data
   gfortran(dble) Vers. 9.0 Mar 2018    25-Mar-2020 14:21:54    Page  013
 - - - - - - - - - - - - - - - - - - - - - - - - - - - - - - - - - - - - - -
 
   1    11    16.652629       2.5614202       12.340071       22.472321    
   1    12    16.742120       2.4451586       12.593516       22.257374    
   1    13    16.489588       2.3531738       12.483811       21.780730    
   1    14    16.495165       2.2623923       12.622681       21.555680    
   1    15    15.837982       2.2382921       12.022544       20.864274    
   1    16    15.931682       2.1647696       12.221606       20.768014    
   1    17    15.943009       2.1141547       12.307915       20.651714    
   1    18    16.036167       2.0705538       12.463709       20.632594    
   1    19    15.882840       2.0667763       12.320462       20.475255    
   1    20    10.454601       2.8468614       6.1893857       17.659053    
   1    21    10.468920       2.8053421       6.2480603       17.541170    
   1    22    6.6421953       2.9665728       2.8792967       15.322755    
   1    23    6.5151679       2.8974667       2.8334298       14.980930    
   1    24    6.5902335       2.8469015       2.9295282       14.825315    
   1    25    6.7317145       2.8114259       3.0677063       14.771942    
   1    26    6.8724645       2.7895542       3.1965956       14.775334    
   1    27    6.4038135       2.7556164       2.8549215       14.364257    
   1    28    6.5462577       2.7526622       2.9684341       14.436396    
   1    29    6.6879658       2.7633801       3.0714752       14.562673    
   1    30    5.5280372       2.6591937       2.2605637       13.518396    
   1    31    2.0381976       1.6830312       0.4960045       8.3754277    
   1    32    2.2031977       1.6684436       0.5887858       8.2442203    
   1    33    2.3673452       1.6775012       0.6781078       8.2646501    
   2     1    26.128731       7.2607655       15.309575       44.593697    
   2     2    26.366075       6.9776984       15.833430       43.905201    
   2     3    26.624044       6.6940813       16.387922       43.253790    
   2     4    26.881808       6.4122833       16.951766       42.628691    
   2     5    27.117952       6.1355754       17.501019       42.019458    
   2     6    27.332136       5.8648614       18.033214       41.426096    
   2     7    27.589335       5.5897940       18.621308       40.876364    
   2     8    27.846328       5.3176090       19.216336       40.352021    
   2     9    28.080936       5.0530079       19.790575       39.844165    
   2    10    28.315169       4.7924515       20.368707       39.361791    
   2    11    28.526491       4.5414996       20.920845       38.897124    
   2    12    28.782738       4.2856309       21.531959       38.475181    
   2    13    28.947179       4.0581919       22.021746       38.050533    
   2    14    29.180031       3.8210389       22.599291       37.677033    
   2    15    29.227224       3.6460444       22.909173       37.287711    
   2    16    29.482912       3.4201433       23.504735       36.981575    
   2    17    29.714911       3.2134586       24.054079       36.707951    
   2    18    29.970211       3.0133173       24.621831       36.480371    
   2    19    30.153742       2.8534643       25.059336       36.283810    
   2    20    28.478821       3.6474324       22.179169       36.567791    
   2    21    28.689752       3.5220907       22.574486       36.461600    
   2    22    26.917799       4.7293747       19.125754       37.884409    
   2    23    27.004268       4.7239138       19.215330       37.950453    

  Program  MARK  - Survival Rate Estimation with Capture-Recapture Data
   gfortran(dble) Vers. 9.0 Mar 2018    25-Mar-2020 14:21:54    Page  014
 - - - - - - - - - - - - - - - - - - - - - - - - - - - - - - - - - - - - - -
 
   2    24    27.218723       4.6466682       19.525125       37.943873    
   2    25    27.476012       4.5567940       19.894775       37.946207    
   2    26    27.733097       4.4849074       20.240896       37.998548    
   2    27    27.595009       4.6945270       19.817604       38.424651    
   2    28    27.851998       4.6535556       20.119236       38.556820    
   2    29    28.108782       4.6312564       20.395386       38.739332    
   2    30    27.440149       5.2059528       18.980988       39.669261    
   2    31    23.487631       7.7375919       12.520211       44.062260    
   2    32    23.747895       7.6834066       12.795201       44.076097    
   2    33    24.007951       7.6406073       13.060495       44.131692    

      Gross Population Estimates of { Phi(~sex)p(~1)pent(~1)N(~1) }
                                                95% Confidence Interval
 Grp. Occ.   N*-hat          Standard Error      Lower           Upper
 ---- ----   --------------  --------------  --------------  --------------
   1     0    22.314150       3.9323853       15.838617       31.437170    
   2     0    35.114470       3.7087105       28.564834       43.165873    

   CPU Time for the last procedure was 0.05 seconds.     


  INPUT --- proc stop;

     CPU Time in minutes for this job was 0.00

     Time Start = 14:21:53.638   Time End = 14:21:54.050

     Wall Clock Time in minutes for this job was 0.01


          E X E C U T I O N   S U C C E S S F U L 
