
   Program  MARK  - Survival Rate Estimation with Capture-Recapture Data
   gfortran(dble) Vers. 9.0 Mar 2018    25-Mar-2020 14:22:04    Page  001
 - - - - - - - - - - - - - - - - - - - - - - - - - - - - - - - - - - - - - -
 
   This version was compiled by GCC version 7.2.0 using the options: 
     -cpp -iprefix C:/Program Files/mingw-w64/x86_64-7.2.0-posix-seh-rt_v5-rev1/
     mingw64/bin/../lib/gcc/x86_64-w64-mingw32/7.2.0/ -D_MT -D_REENTRANT
     -U_REENTRANT -D IEEE -D DBLEPRECISION -m64 -mtune=core2 -march=nocona -mthreads
     -O2 -fimplicit-none -fbounds-check -funroll-loops -ftree-vectorize
     -ffpe-summary=invalid,zero,overflow,underflow -fno-unsafe-math-optimizations
     -frounding-math -fsignaling-nans -fopenmp.

   This problem will use 15 of 16 possible threads.


  INPUT --- proc title ;

   CPU Time for the last procedure was 0.01 seconds.     


  INPUT --- proc chmatrix occasions= 33 groups= 2 etype= POPAN Nodes= 
  INPUT --- 101 ICMeans NoHist hist= 41  ;

  INPUT ---    time interval 0.00547945205479452 0.00273972602739726 
  INPUT ---    0.00273972602739726 0.00547945205479452  
  INPUT ---    0.00821917808219178 0.00273972602739726 0.00273972602739726 
  INPUT ---    0.00547945205479452  0.00547945205479452 
  INPUT ---    0.00821917808219178 0.00273972602739726 0.0136986301369863 
  INPUT ---    0.00547945205479452  0.0273972602739726 0.00273972602739726 
  INPUT ---    0.00547945205479452 0.00273972602739726 0.010958904109589  
  INPUT ---    0.23013698630137 0.00821917808219178 0.254794520547945 
  INPUT ---    0.0246575342465753 0.00821917808219178  0.00273972602739726 
  INPUT ---    0.00273972602739726 0.0520547945205479 0.00273972602739726 
  INPUT ---    0.00273972602739726  0.117808219178082 0.575342465753425 
  INPUT ---    0.00273972602739726 0.00273972602739726 ;

  INPUT ---    glabel(1)=sexF;

  INPUT ---    glabel(2)=sexM;

   * *  WARNING  * *   At least a pair of the encounter histories are duplicates. 

      Number of unique encounter histories read was 38.

      Number of individual covariates read was 0.
      Time interval lengths vary and/or not equal to 1.

      Data type number is 19
      Data type is POPAN                                                                                               

   CPU Time for the last procedure was 0.02 seconds.     

  Program  MARK  - Survival Rate Estimation with Capture-Recapture Data
   gfortran(dble) Vers. 9.0 Mar 2018    25-Mar-2020 14:22:04    Page  002
 - - - - - - - - - - - - - - - - - - - - - - - - - - - - - - - - - - - - - -
 


  INPUT --- proc estimate link=Parm-Specific NOLOOP varest=2ndPart    ;


  INPUT --- model={ Phi(~sex)p(~sex)pent(~1)N(~1) };

  INPUT ---    group=1 Phi    rows=1 cols=32 Square ;
  INPUT ---        1 1 1 1 1 1 1 1 1 1 1 1 1 1 1 1 1 1 1 1 1 1 1 1 1 1 1 1 1 
  INPUT ---       1 1 1 ;

  INPUT ---    group=2 Phi    rows=1 cols=32 Square ;
  INPUT ---        2 2 2 2 2 2 2 2 2 2 2 2 2 2 2 2 2 2 2 2 2 2 2 2 2 2 2 2 2 
  INPUT ---       2 2 2 ;

  INPUT ---    group=1 p    rows=1 cols=33 Square ;
  INPUT ---        3 3 3 3 3 3 3 3 3 3 3 3 3 3 3 3 3 3 3 3 3 3 3 3 3 3 3 3 3 
  INPUT ---       3 3 3 3 ;

  INPUT ---    group=2 p    rows=1 cols=33 Square ;
  INPUT ---        4 4 4 4 4 4 4 4 4 4 4 4 4 4 4 4 4 4 4 4 4 4 4 4 4 4 4 4 4 
  INPUT ---       4 4 4 4 ;

  INPUT ---    group=1 pent    rows=1 cols=32 Square ;
  INPUT ---        6 7 8 9 10 11 12 13 14 15 16 17 18 19 20 21 22 23 24 25 26 
  INPUT ---       27 28 29 30 31 32 33 34 35 36 37 ;

  INPUT ---    group=2 pent    rows=1 cols=32 Square ;
  INPUT ---        38 39 40 41 42 43 44 45 46 47 48 49 50 51 52 53 54 55 56 
  INPUT ---       57 58 59 60 61 62 63 64 65 66 67 68 69 ;

  INPUT ---    group=1 N    rows=1 cols=1 Square ;
  INPUT ---        5 ;

  INPUT ---    group=2 N    rows=1 cols=1 Square ;
  INPUT ---        5 ;

  INPUT ---    design matrix constraints=69 covariates=6;
  INPUT ---        1 0 0 0 0 0;
  INPUT ---        1 1 0 0 0 0;
  INPUT ---        0 0 1 0 0 0;
  INPUT ---        0 0 1 1 0 0;
  INPUT ---        0 0 0 0 0 1;
  INPUT ---        0 0 0 0 1 0;
  INPUT ---        0 0 0 0 1 0;
  INPUT ---        0 0 0 0 1 0;

  Program  MARK  - Survival Rate Estimation with Capture-Recapture Data
   gfortran(dble) Vers. 9.0 Mar 2018    25-Mar-2020 14:22:04    Page  003
 - - - - - - - - - - - - - - - - - - - - - - - - - - - - - - - - - - - - - -
 
  INPUT ---        0 0 0 0 1 0;
  INPUT ---        0 0 0 0 1 0;
  INPUT ---        0 0 0 0 1 0;
  INPUT ---        0 0 0 0 1 0;
  INPUT ---        0 0 0 0 1 0;
  INPUT ---        0 0 0 0 1 0;
  INPUT ---        0 0 0 0 1 0;
  INPUT ---        0 0 0 0 1 0;
  INPUT ---        0 0 0 0 1 0;
  INPUT ---        0 0 0 0 1 0;
  INPUT ---        0 0 0 0 1 0;
  INPUT ---        0 0 0 0 1 0;
  INPUT ---        0 0 0 0 1 0;
  INPUT ---        0 0 0 0 1 0;
  INPUT ---        0 0 0 0 1 0;
  INPUT ---        0 0 0 0 1 0;
  INPUT ---        0 0 0 0 1 0;
  INPUT ---        0 0 0 0 1 0;
  INPUT ---        0 0 0 0 1 0;
  INPUT ---        0 0 0 0 1 0;
  INPUT ---        0 0 0 0 1 0;
  INPUT ---        0 0 0 0 1 0;
  INPUT ---        0 0 0 0 1 0;
  INPUT ---        0 0 0 0 1 0;
  INPUT ---        0 0 0 0 1 0;
  INPUT ---        0 0 0 0 1 0;
  INPUT ---        0 0 0 0 1 0;
  INPUT ---        0 0 0 0 1 0;
  INPUT ---        0 0 0 0 1 0;
  INPUT ---        0 0 0 0 1 0;
  INPUT ---        0 0 0 0 1 0;
  INPUT ---        0 0 0 0 1 0;
  INPUT ---        0 0 0 0 1 0;
  INPUT ---        0 0 0 0 1 0;
  INPUT ---        0 0 0 0 1 0;
  INPUT ---        0 0 0 0 1 0;
  INPUT ---        0 0 0 0 1 0;
  INPUT ---        0 0 0 0 1 0;
  INPUT ---        0 0 0 0 1 0;
  INPUT ---        0 0 0 0 1 0;
  INPUT ---        0 0 0 0 1 0;
  INPUT ---        0 0 0 0 1 0;
  INPUT ---        0 0 0 0 1 0;
  INPUT ---        0 0 0 0 1 0;
  INPUT ---        0 0 0 0 1 0;
  INPUT ---        0 0 0 0 1 0;

  Program  MARK  - Survival Rate Estimation with Capture-Recapture Data
   gfortran(dble) Vers. 9.0 Mar 2018    25-Mar-2020 14:22:04    Page  004
 - - - - - - - - - - - - - - - - - - - - - - - - - - - - - - - - - - - - - -
 
  INPUT ---        0 0 0 0 1 0;
  INPUT ---        0 0 0 0 1 0;
  INPUT ---        0 0 0 0 1 0;
  INPUT ---        0 0 0 0 1 0;
  INPUT ---        0 0 0 0 1 0;
  INPUT ---        0 0 0 0 1 0;
  INPUT ---        0 0 0 0 1 0;
  INPUT ---        0 0 0 0 1 0;
  INPUT ---        0 0 0 0 1 0;
  INPUT ---        0 0 0 0 1 0;
  INPUT ---        0 0 0 0 1 0;
  INPUT ---        0 0 0 0 1 0;
  INPUT ---        0 0 0 0 1 0;
  INPUT ---        0 0 0 0 1 0;
  INPUT ---        0 0 0 0 1 0;

  INPUT ---    links=69;

  INPUT ---    Logit;

  INPUT ---    Logit;

  INPUT ---    Logit;

  INPUT ---    Logit;

  INPUT ---    Log;

  INPUT ---    mlogit(1);

  INPUT ---    mlogit(1);

  INPUT ---    mlogit(1);

  INPUT ---    mlogit(1);

  INPUT ---    mlogit(1);

  INPUT ---    mlogit(1);

  INPUT ---    mlogit(1);

  INPUT ---    mlogit(1);

  INPUT ---    mlogit(1);


  Program  MARK  - Survival Rate Estimation with Capture-Recapture Data
   gfortran(dble) Vers. 9.0 Mar 2018    25-Mar-2020 14:22:04    Page  005
 - - - - - - - - - - - - - - - - - - - - - - - - - - - - - - - - - - - - - -
 
  INPUT ---    mlogit(1);

  INPUT ---    mlogit(1);

  INPUT ---    mlogit(1);

  INPUT ---    mlogit(1);

  INPUT ---    mlogit(1);

  INPUT ---    mlogit(1);

  INPUT ---    mlogit(1);

  INPUT ---    mlogit(1);

  INPUT ---    mlogit(1);

  INPUT ---    mlogit(1);

  INPUT ---    mlogit(1);

  INPUT ---    mlogit(1);

  INPUT ---    mlogit(1);

  INPUT ---    mlogit(1);

  INPUT ---    mlogit(1);

  INPUT ---    mlogit(1);

  INPUT ---    mlogit(1);

  INPUT ---    mlogit(1);

  INPUT ---    mlogit(1);

  INPUT ---    mlogit(1);

  INPUT ---    mlogit(1);

  INPUT ---    mlogit(1);

  INPUT ---    mlogit(1);


  Program  MARK  - Survival Rate Estimation with Capture-Recapture Data
   gfortran(dble) Vers. 9.0 Mar 2018    25-Mar-2020 14:22:04    Page  006
 - - - - - - - - - - - - - - - - - - - - - - - - - - - - - - - - - - - - - -
 
  INPUT ---    mlogit(2);

  INPUT ---    mlogit(2);

  INPUT ---    mlogit(2);

  INPUT ---    mlogit(2);

  INPUT ---    mlogit(2);

  INPUT ---    mlogit(2);

  INPUT ---    mlogit(2);

  INPUT ---    mlogit(2);

  INPUT ---    mlogit(2);

  INPUT ---    mlogit(2);

  INPUT ---    mlogit(2);

  INPUT ---    mlogit(2);

  INPUT ---    mlogit(2);

  INPUT ---    mlogit(2);

  INPUT ---    mlogit(2);

  INPUT ---    mlogit(2);

  INPUT ---    mlogit(2);

  INPUT ---    mlogit(2);

  INPUT ---    mlogit(2);

  INPUT ---    mlogit(2);

  INPUT ---    mlogit(2);

  INPUT ---    mlogit(2);

  INPUT ---    mlogit(2);


  Program  MARK  - Survival Rate Estimation with Capture-Recapture Data
   gfortran(dble) Vers. 9.0 Mar 2018    25-Mar-2020 14:22:04    Page  007
 - - - - - - - - - - - - - - - - - - - - - - - - - - - - - - - - - - - - - -
 
  INPUT ---    mlogit(2);

  INPUT ---    mlogit(2);

  INPUT ---    mlogit(2);

  INPUT ---    mlogit(2);

  INPUT ---    mlogit(2);

  INPUT ---    mlogit(2);

  INPUT ---    mlogit(2);

  INPUT ---    mlogit(2);

  INPUT ---    mlogit(2);
  INPUT ---       blabel(1)=Phi:(Intercept);
  INPUT ---       blabel(2)=Phi:sexM;
  INPUT ---       blabel(3)=p:(Intercept);
  INPUT ---       blabel(4)=p:sexM;
  INPUT ---       blabel(5)=pent:(Intercept);
  INPUT ---       blabel(6)=N:(Intercept);
  INPUT ---       rlabel(1)=Phi gF a0 t1;
  INPUT ---       rlabel(2)=Phi gM a0 t1;
  INPUT ---       rlabel(3)=p gF a0 t1;
  INPUT ---       rlabel(4)=p gM a0 t1;
  INPUT ---       rlabel(5)=N gF a0 t1;
  INPUT ---       rlabel(6)=pent gF a0.00547945205479452 t1.00547945205479;
  INPUT ---       rlabel(7)=pent gF a0.00821917808219178 t1.00821917808219;
  INPUT ---       rlabel(8)=pent gF a0.010958904109589 t1.01095890410959;
  INPUT ---       rlabel(9)=pent gF a0.0164383561643836 t1.01643835616438;
  INPUT ---       rlabel(10)=pent gF a0.0246575342465753 t1.02465753424658;
  INPUT ---       rlabel(11)=pent gF a0.0273972602739726 t1.02739726027397;
  INPUT ---       rlabel(12)=pent gF a0.0301369863013699 t1.03013698630137;
  INPUT ---       rlabel(13)=pent gF a0.0356164383561644 t1.03561643835616;
  INPUT ---       rlabel(14)=pent gF a0.0410958904109589 t1.04109589041096;
  INPUT ---       rlabel(15)=pent gF a0.0493150684931507 t1.04931506849315;
  INPUT ---       rlabel(16)=pent gF a0.0520547945205479 t1.05205479452055;
  INPUT ---       rlabel(17)=pent gF a0.0657534246575342 t1.06575342465753;
  INPUT ---       rlabel(18)=pent gF a0.0712328767123288 t1.07123287671233;
  INPUT ---       rlabel(19)=pent gF a0.0986301369863014 t1.0986301369863;
  INPUT ---       rlabel(20)=pent gF a0.101369863013699 t1.1013698630137;
  INPUT ---       rlabel(21)=pent gF a0.106849315068493 t1.10684931506849;
  INPUT ---       rlabel(22)=pent gF a0.10958904109589 t1.10958904109589;
  INPUT ---       rlabel(23)=pent gF a0.120547945205479 t1.12054794520548;

  Program  MARK  - Survival Rate Estimation with Capture-Recapture Data
   gfortran(dble) Vers. 9.0 Mar 2018    25-Mar-2020 14:22:04    Page  008
 - - - - - - - - - - - - - - - - - - - - - - - - - - - - - - - - - - - - - -
 
  INPUT ---       rlabel(24)=pent gF a0.350684931506849 t1.35068493150685;
  INPUT ---       rlabel(25)=pent gF a0.358904109589041 t1.35890410958904;
  INPUT ---       rlabel(26)=pent gF a0.613698630136986 t1.61369863013699;
  INPUT ---       rlabel(27)=pent gF a0.638356164383562 t1.63835616438356;
  INPUT ---       rlabel(28)=pent gF a0.646575342465753 t1.64657534246575;
  INPUT ---       rlabel(29)=pent gF a0.649315068493151 t1.64931506849315;
  INPUT ---       rlabel(30)=pent gF a0.652054794520548 t1.65205479452055;
  INPUT ---       rlabel(31)=pent gF a0.704109589041096 t1.7041095890411;
  INPUT ---       rlabel(32)=pent gF a0.706849315068493 t1.70684931506849;
  INPUT ---       rlabel(33)=pent gF a0.70958904109589 t1.70958904109589;
  INPUT ---       rlabel(34)=pent gF a0.827397260273973 t1.82739726027397;
  INPUT ---       rlabel(35)=pent gF a1.4027397260274 t2.4027397260274;
  INPUT ---       rlabel(36)=pent gF a1.40547945205479 t2.40547945205479;
  INPUT ---       rlabel(37)=pent gF a1.40821917808219 t2.40821917808219;
  INPUT ---       rlabel(38)=pent gM a0.00547945205479452 t1.00547945205479;
  INPUT ---       rlabel(39)=pent gM a0.00821917808219178 t1.00821917808219;
  INPUT ---       rlabel(40)=pent gM a0.010958904109589 t1.01095890410959;
  INPUT ---       rlabel(41)=pent gM a0.0164383561643836 t1.01643835616438;
  INPUT ---       rlabel(42)=pent gM a0.0246575342465753 t1.02465753424658;
  INPUT ---       rlabel(43)=pent gM a0.0273972602739726 t1.02739726027397;
  INPUT ---       rlabel(44)=pent gM a0.0301369863013699 t1.03013698630137;
  INPUT ---       rlabel(45)=pent gM a0.0356164383561644 t1.03561643835616;
  INPUT ---       rlabel(46)=pent gM a0.0410958904109589 t1.04109589041096;
  INPUT ---       rlabel(47)=pent gM a0.0493150684931507 t1.04931506849315;
  INPUT ---       rlabel(48)=pent gM a0.0520547945205479 t1.05205479452055;
  INPUT ---       rlabel(49)=pent gM a0.0657534246575342 t1.06575342465753;
  INPUT ---       rlabel(50)=pent gM a0.0712328767123288 t1.07123287671233;
  INPUT ---       rlabel(51)=pent gM a0.0986301369863014 t1.0986301369863;
  INPUT ---       rlabel(52)=pent gM a0.101369863013699 t1.1013698630137;
  INPUT ---       rlabel(53)=pent gM a0.106849315068493 t1.10684931506849;
  INPUT ---       rlabel(54)=pent gM a0.10958904109589 t1.10958904109589;
  INPUT ---       rlabel(55)=pent gM a0.120547945205479 t1.12054794520548;
  INPUT ---       rlabel(56)=pent gM a0.350684931506849 t1.35068493150685;
  INPUT ---       rlabel(57)=pent gM a0.358904109589041 t1.35890410958904;
  INPUT ---       rlabel(58)=pent gM a0.613698630136986 t1.61369863013699;
  INPUT ---       rlabel(59)=pent gM a0.638356164383562 t1.63835616438356;
  INPUT ---       rlabel(60)=pent gM a0.646575342465753 t1.64657534246575;
  INPUT ---       rlabel(61)=pent gM a0.649315068493151 t1.64931506849315;
  INPUT ---       rlabel(62)=pent gM a0.652054794520548 t1.65205479452055;
  INPUT ---       rlabel(63)=pent gM a0.704109589041096 t1.7041095890411;
  INPUT ---       rlabel(64)=pent gM a0.706849315068493 t1.70684931506849;
  INPUT ---       rlabel(65)=pent gM a0.70958904109589 t1.70958904109589;
  INPUT ---       rlabel(66)=pent gM a0.827397260273973 t1.82739726027397;
  INPUT ---       rlabel(67)=pent gM a1.4027397260274 t2.4027397260274;
  INPUT ---       rlabel(68)=pent gM a1.40547945205479 t2.40547945205479;
  INPUT ---       rlabel(69)=pent gM a1.40821917808219 t2.40821917808219;

  Program  MARK  - Survival Rate Estimation with Capture-Recapture Data
   gfortran(dble) Vers. 9.0 Mar 2018    25-Mar-2020 14:22:05    Page  009
 - - - - - - - - - - - - - - - - - - - - - - - - - - - - - - - - - - - - - -
 

 Link Function Used is PARM-SPECIFIC

 Variance Estimation Procedure Used is 2ndPart 

 M(t+1):
      16     29



 Group: 1

 U(t)+UL(t):
       0    2    2    0    1    0    3    1    1    0    0    0    0    0    1
       0    0    0    2    1    1    0    0    0    1    0    0    0    0    0
       0    0    0

 U(t):
       0    2    2    0    1    0    3    1    1    0    0    0    0    0    1
       0    0    0    2    1    1    0    0    0    1    0    0    0    0    0
       0    0    0

 UL(t):
       0    0    0    0    0    0    0    0    0    0    0    0    0    0    0
       0    0    0    0    0    0    0    0    0    0    0    0    0    0    0
       0    0    0

 Not Released(t):
       0    0    0    0    0    0    0    0    0    0    0    0    0    0    0
       0    0    0    0    0    0    0    0    0    0    0    0    0    0    0
       0    0    0

 Group: 2

 U(t)+UL(t):
       3    0    1    1    1    1    1    0    1    1    2    1    3    3    1
       1    0    2    3    1    0    0    1    0    0    0    0    0    0    1
       0    0    0

 U(t):
       3    0    1    1    1    1    1    0    1    1    2    1    3    3    1
       1    0    2    3    1    0    0    1    0    0    0    0    0    0    1
       0    0    0

 UL(t):
       0    0    0    0    0    0    0    0    0    0    0    0    0    0    0
       0    0    0    0    0    0    0    0    0    0    0    0    0    0    0
       0    0    0

 Not Released(t):
       0    0    0    0    0    0    0    0    0    0    0    0    0    0    0
       0    0    0    0    0    0    0    0    0    0    0    0    0    0    0
       0    0    0
 -2logL(saturated) = 272.93564     
 Effective Sample Size = 103

 Number of function evaluations was 23 for 6 parameters.
 Time for numerical optimization was 0.12 seconds.     
 -2logL { Phi(~sex)p(~sex)pent(~1)N(~1) } = 552.95464     
 Penalty { Phi(~sex)p(~sex)pent(~1)N(~1) } = 0.0000000     
 Gradient { Phi(~sex)p(~sex)pent(~1)N(~1) }:
   0.000000      0.4243540E-05 -0.4292805E-05 -0.6917767E-05 -0.1372648E-05
  0.2705772E-05
 Maximum ABS(G) { Phi(~sex)p(~sex)pent(~1)N(~1) } = 0.6917767E-05 
 S Vector { Phi(~sex)p(~sex)pent(~1)N(~1) }:
   126.0236      11.56633      5.757365      3.175833     0.5186058    
  0.3687379    
 Time to compute number of parameters was 0.06 seconds.     
 Ratio Threshold = 50.000000       Max Gap (1/2) = 10.895735       Next Max Gap (1/2) = 10.895735     
 Gap Method for Num. of Estimated Parameters { Phi(~sex)p(~sex)pent(~1)N(~1) } = 6          
 Threshold { Phi(~sex)p(~sex)pent(~1)N(~1) } = 0.1383553E-04                 
 Numerical Threshold Method for Num. of Estimated Parameters { Phi(~sex)p(~sex)pent(~1)N(~1) } = 6          
 Number of Estimated Parameters { Phi(~sex)p(~sex)pent(~1)N(~1) } = 6          
 DEVIANCE { Phi(~sex)p(~sex)pent(~1)N(~1) } = 280.01900                     
 DEVIANCE Degrees of Freedom { Phi(~sex)p(~sex)pent(~1)N(~1) } = 35            
 c-hat { Phi(~sex)p(~sex)pent(~1)N(~1) } = 8.0005427                     
 AIC { Phi(~sex)p(~sex)pent(~1)N(~1) } = 564.95464                  
 AICc { Phi(~sex)p(~sex)pent(~1)N(~1) } = 565.82964                    
 BIC { Phi(~sex)p(~sex)pent(~1)N(~1) } = 580.76301                    
 Pearson Chisquare { Phi(~sex)p(~sex)pent(~1)N(~1) } = 21651587.                  


              PARM-SPECIFIC Link Function Parameters of { Phi(~sex)p(~sex)pent(~1)N(~1) }
                                                              95% Confidence Interval
 Parameter                    Beta         Standard Error      Lower           Upper
 -------------------------  --------------  --------------  --------------  --------------
    1:Phi:(Intercept)       -1.6054457       1.0359780      -3.6359626       0.4250711    
    2:Phi:sexM               2.5957686       1.3118107       0.0246195       5.1669176    
    3:p:(Intercept)         -2.5545029       0.2764685      -3.0963811      -2.0126247    
    4:p:sexM                 0.1028695       0.2884173      -0.4624284       0.6681673    
    5:pent:(Intercept)      -4.5581570       1.3807480      -7.2644232      -1.8518909    
    6:N:(Intercept)          1.8196741       0.6024777       0.6388177       3.0005304    


              Real Function Parameters of { Phi(~sex)p(~sex)pent(~1)N(~1) }
                                                               95% Confidence Interval
  Parameter                  Estimate       Standard Error      Lower           Upper
 --------------------------  --------------  --------------  --------------  --------------
     1:Phi gF a0 t1           0.1672219       0.1442690       0.0256816       0.6046961                          
     2:Phi gM a0 t1           0.7291517       0.2072838       0.2559966       0.9546756                          
     3:p gF a0 t1             0.0721246       0.0185020       0.0432568       0.1178838                          
     4:p gM a0 t1             0.0793192       0.0137708       0.0561877       0.1108551                          
     5:N gF a0 t1             22.169847       3.7171956       18.072940       34.363781                          
     6:pent gF a0.005479452   0.0078488       0.0081153       0.0010249       0.0574905                          
     7:pent gF a0.008219178   0.0078488       0.0081153       0.0010249       0.0574905                          

  Program  MARK  - Survival Rate Estimation with Capture-Recapture Data
   gfortran(dble) Vers. 9.0 Mar 2018    25-Mar-2020 14:22:05    Page  010
 - - - - - - - - - - - - - - - - - - - - - - - - - - - - - - - - - - - - - -
 
     8:pent gF a0.010958904   0.0078488       0.0081153       0.0010249       0.0574905                          
     9:pent gF a0.016438356   0.0078488       0.0081153       0.0010249       0.0574905                          
    10:pent gF a0.024657534   0.0078488       0.0081153       0.0010249       0.0574905                          
    11:pent gF a0.027397260   0.0078488       0.0081153       0.0010249       0.0574905                          
    12:pent gF a0.030136986   0.0078488       0.0081153       0.0010249       0.0574905                          
    13:pent gF a0.035616438   0.0078488       0.0081153       0.0010249       0.0574905                          
    14:pent gF a0.041095890   0.0078488       0.0081153       0.0010249       0.0574905                          
    15:pent gF a0.049315068   0.0078488       0.0081153       0.0010249       0.0574905                          
    16:pent gF a0.052054794   0.0078488       0.0081153       0.0010249       0.0574905                          
    17:pent gF a0.065753424   0.0078488       0.0081153       0.0010249       0.0574905                          
    18:pent gF a0.071232876   0.0078488       0.0081153       0.0010249       0.0574905                          
    19:pent gF a0.098630136   0.0078488       0.0081153       0.0010249       0.0574905                          
    20:pent gF a0.101369863   0.0078488       0.0081153       0.0010249       0.0574905                          
    21:pent gF a0.106849315   0.0078488       0.0081153       0.0010249       0.0574905                          
    22:pent gF a0.109589041   0.0078488       0.0081153       0.0010249       0.0574905                          
    23:pent gF a0.120547945   0.0078488       0.0081153       0.0010249       0.0574905                          
    24:pent gF a0.350684931   0.0078488       0.0081153       0.0010249       0.0574905                          
    25:pent gF a0.358904109   0.0078488       0.0081153       0.0010249       0.0574905                          
    26:pent gF a0.613698630   0.0078488       0.0081153       0.0010249       0.0574905                          
    27:pent gF a0.638356164   0.0078488       0.0081153       0.0010249       0.0574905                          
    28:pent gF a0.646575342   0.0078488       0.0081153       0.0010249       0.0574905                          
    29:pent gF a0.649315068   0.0078488       0.0081153       0.0010249       0.0574905                          
    30:pent gF a0.652054794   0.0078488       0.0081153       0.0010249       0.0574905                          
    31:pent gF a0.704109589   0.0078488       0.0081153       0.0010249       0.0574905                          
    32:pent gF a0.706849315   0.0078488       0.0081153       0.0010249       0.0574905                          
    33:pent gF a0.709589041   0.0078488       0.0081153       0.0010249       0.0574905                          
    34:pent gF a0.827397260   0.0078488       0.0081153       0.0010249       0.0574905                          
    35:pent gF a1.402739726   0.0078488       0.0081153       0.0010249       0.0574905                          
    36:pent gF a1.405479452   0.0078488       0.0081153       0.0010249       0.0574905                          
    37:pent gF a1.408219178   0.0078488       0.0081153       0.0010249       0.0574905                          
    38:pent gM a0.005479452   0.0078488       0.0081153       0.0010249       0.0574905                          
    39:pent gM a0.008219178   0.0078488       0.0081153       0.0010249       0.0574905                          
    40:pent gM a0.010958904   0.0078488       0.0081153       0.0010249       0.0574905                          
    41:pent gM a0.016438356   0.0078488       0.0081153       0.0010249       0.0574905                          
    42:pent gM a0.024657534   0.0078488       0.0081153       0.0010249       0.0574905                          
    43:pent gM a0.027397260   0.0078488       0.0081153       0.0010249       0.0574905                          
    44:pent gM a0.030136986   0.0078488       0.0081153       0.0010249       0.0574905                          
    45:pent gM a0.035616438   0.0078488       0.0081153       0.0010249       0.0574905                          
    46:pent gM a0.041095890   0.0078488       0.0081153       0.0010249       0.0574905                          
    47:pent gM a0.049315068   0.0078488       0.0081153       0.0010249       0.0574905                          
    48:pent gM a0.052054794   0.0078488       0.0081153       0.0010249       0.0574905                          
    49:pent gM a0.065753424   0.0078488       0.0081153       0.0010249       0.0574905                          
    50:pent gM a0.071232876   0.0078488       0.0081153       0.0010249       0.0574905                          
    51:pent gM a0.098630136   0.0078488       0.0081153       0.0010249       0.0574905                          
    52:pent gM a0.101369863   0.0078488       0.0081153       0.0010249       0.0574905                          
    53:pent gM a0.106849315   0.0078488       0.0081153       0.0010249       0.0574905                          

  Program  MARK  - Survival Rate Estimation with Capture-Recapture Data
   gfortran(dble) Vers. 9.0 Mar 2018    25-Mar-2020 14:22:05    Page  011
 - - - - - - - - - - - - - - - - - - - - - - - - - - - - - - - - - - - - - -
 
    54:pent gM a0.109589041   0.0078488       0.0081153       0.0010249       0.0574905                          
    55:pent gM a0.120547945   0.0078488       0.0081153       0.0010249       0.0574905                          
    56:pent gM a0.350684931   0.0078488       0.0081153       0.0010249       0.0574905                          
    57:pent gM a0.358904109   0.0078488       0.0081153       0.0010249       0.0574905                          
    58:pent gM a0.613698630   0.0078488       0.0081153       0.0010249       0.0574905                          
    59:pent gM a0.638356164   0.0078488       0.0081153       0.0010249       0.0574905                          
    60:pent gM a0.646575342   0.0078488       0.0081153       0.0010249       0.0574905                          
    61:pent gM a0.649315068   0.0078488       0.0081153       0.0010249       0.0574905                          
    62:pent gM a0.652054794   0.0078488       0.0081153       0.0010249       0.0574905                          
    63:pent gM a0.704109589   0.0078488       0.0081153       0.0010249       0.0574905                          
    64:pent gM a0.706849315   0.0078488       0.0081153       0.0010249       0.0574905                          
    65:pent gM a0.709589041   0.0078488       0.0081153       0.0010249       0.0574905                          
    66:pent gM a0.827397260   0.0078488       0.0081153       0.0010249       0.0574905                          
    67:pent gM a1.402739726   0.0078488       0.0081153       0.0010249       0.0574905                          
    68:pent gM a1.405479452   0.0078488       0.0081153       0.0010249       0.0574905                          
    69:pent gM a1.408219178   0.0078488       0.0081153       0.0010249       0.0574905                          


                      Estimates of Derived Parameters
  Gross Birth+Immigration Estimates of { Phi(~sex)p(~sex)pent(~1)N(~1) }
                                                95% Confidence Interval
 Grp. Occ.   B*-hat          Standard Error      Lower           Upper
 ---- ----   --------------  --------------  --------------  --------------
   1     1    0.1748614       0.2034133       0.0285262       1.0718764    
   1     2    0.1744341       0.2028216       0.0284726       1.0686499    
   1     3    0.1744341       0.2028216       0.0284726       1.0686499    
   1     4    0.1748614       0.2034133       0.0285262       1.0718764    
   1     5    0.1752895       0.2040063       0.0285798       1.0751104    
   1     6    0.1744341       0.2028216       0.0284726       1.0686499    
   1     7    0.1744341       0.2028216       0.0284726       1.0686499    
   1     8    0.1748614       0.2034133       0.0285262       1.0718764    
   1     9    0.1748614       0.2034133       0.0285262       1.0718764    
   1    10    0.1752895       0.2040063       0.0285798       1.0751104    
   1    11    0.1744341       0.2028216       0.0284726       1.0686499    
   1    12    0.1761476       0.2051960       0.0286871       1.0816005    
   1    13    0.1748614       0.2034133       0.0285262       1.0718764    
   1    14    0.1783053       0.2081929       0.0289563       1.0979557    
   1    15    0.1744341       0.2028216       0.0284726       1.0686499    
   1    16    0.1748614       0.2034133       0.0285262       1.0718764    
   1    17    0.1744341       0.2028216       0.0284726       1.0686499    
   1    18    0.1757182       0.2046005       0.0286334       1.0783517    
   1    19    0.2122663       0.2562920       0.0330879       1.3617383    
   1    20    0.1752895       0.2040063       0.0285798       1.0751104    
   1    21    0.2166542       0.2626175       0.0336098       1.3965858    
   1    22    0.1778723       0.2075909       0.0289024       1.0946698    

  Program  MARK  - Survival Rate Estimation with Capture-Recapture Data
   gfortran(dble) Vers. 9.0 Mar 2018    25-Mar-2020 14:22:05    Page  012
 - - - - - - - - - - - - - - - - - - - - - - - - - - - - - - - - - - - - - -
 
   1    23    0.1752895       0.2040063       0.0285798       1.0751104    
   1    24    0.1744341       0.2028216       0.0284726       1.0686499    
   1    25    0.1744341       0.2028216       0.0284726       1.0686499    
   1    26    0.1822328       0.2136681       0.0294440       1.1278632    
   1    27    0.1744341       0.2028216       0.0284726       1.0686499    
   1    28    0.1744341       0.2028216       0.0284726       1.0686499    
   1    29    0.1929816       0.2287769       0.0307641       1.2105622    
   1    30    0.2786194       0.3538832       0.0408072       1.9023306    
   1    31    0.1744341       0.2028216       0.0284726       1.0686499    
   1    32    0.1744341       0.2028216       0.0284726       1.0686499    
   2     1    0.2762812       0.3077547       0.0475064       1.6067586    
   2     2    0.2761617       0.3075743       0.0474947       1.6057652    
   2     3    0.2761617       0.3075743       0.0474947       1.6057652    
   2     4    0.2762812       0.3077547       0.0475064       1.6067586    
   2     5    0.2764007       0.3079352       0.0475181       1.6077526    
   2     6    0.2761617       0.3075743       0.0474947       1.6057652    
   2     7    0.2761617       0.3075743       0.0474947       1.6057652    
   2     8    0.2762812       0.3077547       0.0475064       1.6067586    
   2     9    0.2762812       0.3077547       0.0475064       1.6067586    
   2    10    0.2764007       0.3079352       0.0475181       1.6077526    
   2    11    0.2761617       0.3075743       0.0474947       1.6057652    
   2    12    0.2766399       0.3082966       0.0475415       1.6097424    
   2    13    0.2762812       0.3077547       0.0475064       1.6067586    
   2    14    0.2772384       0.3092016       0.0476001       1.6147270    
   2    15    0.2761617       0.3075743       0.0474947       1.6057652    
   2    16    0.2762812       0.3077547       0.0475064       1.6067586    
   2    17    0.2761617       0.3075743       0.0474947       1.6057652    
   2    18    0.2765203       0.3081158       0.0475298       1.6087472    
   2    19    0.2861971       0.3228760       0.0484609       1.6902051    
   2    20    0.2764007       0.3079352       0.0475181       1.6077526    
   2    21    0.2872996       0.3245749       0.0485649       1.6996031    
   2    22    0.2771186       0.3090204       0.0475884       1.6137289    
   2    23    0.2764007       0.3079352       0.0475181       1.6077526    
   2    24    0.2761617       0.3075743       0.0474947       1.6057652    
   2    25    0.2761617       0.3075743       0.0474947       1.6057652    
   2    26    0.2783179       0.3108366       0.0477053       1.6237360    
   2    27    0.2761617       0.3075743       0.0474947       1.6057652    
   2    28    0.2761617       0.3075743       0.0474947       1.6057652    
   2    29    0.2812102       0.3152348       0.0479852       1.6479911    
   2    30    0.3018849       0.3473655       0.0499069       1.8260917    
   2    31    0.2761617       0.3075743       0.0474947       1.6057652    
   2    32    0.2761617       0.3075743       0.0474947       1.6057652    

   Net Birth+Immigration Estimates of { Phi(~sex)p(~sex)pent(~1)N(~1) }
                                                95% Confidence Interval
 Grp. Occ.   B-hat           Standard Error      Lower           Upper
 ---- ----   --------------  --------------  --------------  --------------
   1     1    0.1740074       0.2022312       0.0284191       1.0654308    
   1     2    0.1740074       0.2022312       0.0284191       1.0654308    
   1     3    0.1740074       0.2022312       0.0284191       1.0654308    
   1     4    0.1740074       0.2022312       0.0284191       1.0654308    
   1     5    0.1740074       0.2022312       0.0284191       1.0654308    
   1     6    0.1740074       0.2022312       0.0284191       1.0654308    
   1     7    0.1740074       0.2022312       0.0284191       1.0654308    
   1     8    0.1740074       0.2022312       0.0284191       1.0654308    
   1     9    0.1740074       0.2022312       0.0284191       1.0654308    
   1    10    0.1740074       0.2022312       0.0284191       1.0654308    
   1    11    0.1740074       0.2022312       0.0284191       1.0654308    
   1    12    0.1740074       0.2022312       0.0284191       1.0654308    
   1    13    0.1740074       0.2022312       0.0284191       1.0654308    
   1    14    0.1740074       0.2022312       0.0284191       1.0654308    
   1    15    0.1740074       0.2022312       0.0284191       1.0654308    
   1    16    0.1740074       0.2022312       0.0284191       1.0654308    
   1    17    0.1740074       0.2022312       0.0284191       1.0654308    
   1    18    0.1740074       0.2022312       0.0284191       1.0654308    
   1    19    0.1740074       0.2022312       0.0284191       1.0654308    
   1    20    0.1740074       0.2022312       0.0284191       1.0654308    
   1    21    0.1740074       0.2022312       0.0284191       1.0654308    
   1    22    0.1740074       0.2022312       0.0284191       1.0654308    
   1    23    0.1740074       0.2022312       0.0284191       1.0654308    
   1    24    0.1740074       0.2022312       0.0284191       1.0654308    
   1    25    0.1740074       0.2022312       0.0284191       1.0654308    
   1    26    0.1740074       0.2022312       0.0284191       1.0654308    
   1    27    0.1740074       0.2022312       0.0284191       1.0654308    
   1    28    0.1740074       0.2022312       0.0284191       1.0654308    
   1    29    0.1740074       0.2022312       0.0284191       1.0654308    
   1    30    0.1740074       0.2022312       0.0284191       1.0654308    
   1    31    0.1740074       0.2022312       0.0284191       1.0654308    
   1    32    0.1740074       0.2022312       0.0284191       1.0654308    
   2     1    0.2760422       0.3073939       0.0474829       1.6047723    
   2     2    0.2760422       0.3073939       0.0474829       1.6047723    
   2     3    0.2760422       0.3073939       0.0474829       1.6047723    
   2     4    0.2760422       0.3073939       0.0474829       1.6047723    
   2     5    0.2760422       0.3073939       0.0474829       1.6047723    
   2     6    0.2760422       0.3073939       0.0474829       1.6047723    
   2     7    0.2760422       0.3073939       0.0474829       1.6047723    
   2     8    0.2760422       0.3073939       0.0474829       1.6047723    
   2     9    0.2760422       0.3073939       0.0474829       1.6047723    
   2    10    0.2760422       0.3073939       0.0474829       1.6047723    
   2    11    0.2760422       0.3073939       0.0474829       1.6047723    
   2    12    0.2760422       0.3073939       0.0474829       1.6047723    
   2    13    0.2760422       0.3073939       0.0474829       1.6047723    
   2    14    0.2760422       0.3073939       0.0474829       1.6047723    
   2    15    0.2760422       0.3073939       0.0474829       1.6047723    
   2    16    0.2760422       0.3073939       0.0474829       1.6047723    
   2    17    0.2760422       0.3073939       0.0474829       1.6047723    
   2    18    0.2760422       0.3073939       0.0474829       1.6047723    
   2    19    0.2760422       0.3073939       0.0474829       1.6047723    
   2    20    0.2760422       0.3073939       0.0474829       1.6047723    
   2    21    0.2760422       0.3073939       0.0474829       1.6047723    
   2    22    0.2760422       0.3073939       0.0474829       1.6047723    
   2    23    0.2760422       0.3073939       0.0474829       1.6047723    
   2    24    0.2760422       0.3073939       0.0474829       1.6047723    
   2    25    0.2760422       0.3073939       0.0474829       1.6047723    
   2    26    0.2760422       0.3073939       0.0474829       1.6047723    
   2    27    0.2760422       0.3073939       0.0474829       1.6047723    
   2    28    0.2760422       0.3073939       0.0474829       1.6047723    
   2    29    0.2760422       0.3073939       0.0474829       1.6047723    
   2    30    0.2760422       0.3073939       0.0474829       1.6047723    
   2    31    0.2760422       0.3073939       0.0474829       1.6047723    
   2    32    0.2760422       0.3073939       0.0474829       1.6047723    

        Population Estimates of { Phi(~sex)p(~sex)pent(~1)N(~1) }
                                                95% Confidence Interval
 Grp. Occ.   N-hat           Standard Error      Lower           Upper
 ---- ----   --------------  --------------  --------------  --------------
   1     1    16.601610       4.1782978       10.214016       26.983848    
   1     2    16.613722       3.9970220       10.436390       26.447436    
   1     3    16.706524       3.8257383       10.726191       26.021161    
   1     4    16.798873       3.6586874       11.016260       25.616873    

  Program  MARK  - Survival Rate Estimation with Capture-Recapture Data
   gfortran(dble) Vers. 9.0 Mar 2018    25-Mar-2020 14:22:05    Page  013
 - - - - - - - - - - - - - - - - - - - - - - - - - - - - - - - - - - - - - -
 
   1     5    16.809062       3.4932656       11.233363       25.152267    
   1     6    16.737792       3.3326583       11.372532       24.634241    
   1     7    16.829988       3.1810039       11.657531       24.297468    
   1     8    16.921733       3.0357111       11.938412       23.985188    
   1     9    16.930724       2.8988002       12.133484       23.624658    
   1    10    16.939626       2.7707824       12.319409       23.292590    
   1    11    16.866452       2.6562152       12.410517       22.922267    
   1    12    16.958019       2.5441225       12.658475       22.717933    
   1    13    16.721618       2.4656222       12.544103       22.290354    
   1    14    16.732560       2.3823406       12.675810       22.087627    
   1    15    16.106464       2.3836881       12.069949       21.492898    
   1    16    16.201746       2.3163900       12.259620       21.411476    
   1    17    16.217757       2.2740162       12.337171       21.318959    
   1    18    16.312495       2.2361809       12.484607       21.314046    
   1    19    16.169902       2.2442931       12.334634       21.197689    
   1    20    10.888174       3.1477608       6.2487101       18.972289    
   1    21    10.903302       3.1141299       6.2978064       18.876730    
   1    22    7.0868613       3.3472226       2.9408577       17.077876    
   1    23    6.9551403       3.2856093       2.8857769       16.762896    
   1    24    7.0276587       3.2388978       2.9732712       16.610656    
   1    25    7.1673161       3.2053478       3.1037839       16.550901    
   1    26    7.3062909       3.1841195       3.2265401       16.544622    
   1    27    6.8308094       3.1563980       2.8840892       16.178403    
   1    28    6.9714289       3.1519750       2.9937372       16.234164    
   1    29    7.1113612       3.1598865       3.0947422       16.341089    
   1    30    5.9343760       3.0662125       2.2872234       15.397192    
   1    31    2.2948214       2.0365990       0.5152152       10.221370    
   1    32    2.4576121       2.0183167       0.6016743       10.038417    
   1    33    2.6196071       2.0202274       0.6866195       9.9943881    
   2     1    26.336496       7.3474959       15.399853       45.040104    
   2     2    26.566994       7.0595546       15.922032       44.328838    
   2     3    26.820055       6.7719828       16.475634       43.659342    
   2     4    27.072897       6.4862908       17.038598       43.016550    
   2     5    27.302121       6.2049086       17.586205       42.385827    
   2     6    27.507373       5.9287629       18.115984       41.767290    
   2     7    27.759621       5.6499837       18.703301       41.201097    
   2     8    28.011650       5.3741753       19.297540       40.660753    
   2     9    28.239251       5.1052345       19.870163       40.133304    
   2    10    28.466459       4.8404427       20.446664       39.631857    
   2    11    28.668692       4.5845790       20.996318       39.144666    
   2    12    28.919934       4.3255102       21.606558       38.708739    
   2    13    29.071109       4.0919230       22.092005       38.254989    
   2    14    29.296879       3.8511075       22.667665       37.864821    
   2    15    29.320477       3.6670395       22.968055       37.429830    
   2    16    29.571157       3.4385834       23.562400       37.112234    
   2    17    29.796061       3.2290395       24.109068       36.824536    

  Program  MARK  - Survival Rate Estimation with Capture-Recapture Data
   gfortran(dble) Vers. 9.0 Mar 2018    25-Mar-2020 14:22:05    Page  014
 - - - - - - - - - - - - - - - - - - - - - - - - - - - - - - - - - - - - - -
 
   2    18    30.046329       3.0271226       24.674535       36.587593    
   2    19    30.218541       2.8640819       25.105931       36.372292    
   2    20    28.375816       3.6433562       22.085208       36.458200    
   2    21    28.578284       3.5188506       22.470855       36.345670    
   2    22    26.644388       4.7417237       18.849489       37.662740    
   2    23    26.713713       4.7399066       18.917717       37.722440    
   2    24    26.920490       4.6662901       19.214406       37.717157    
   2    25    27.173245       4.5804355       19.573146       37.724404    
   2    26    27.425782       4.5131564       19.907572       37.783287    
   2    27    27.254556       4.7295097       19.445576       38.199478    
   2    28    27.507023       4.6939853       19.734550       38.340692    
   2    29    27.759270       4.6775497       19.997572       38.533532    
   2    30    27.021305       5.2585310       18.517853       39.429566    
   2    31    22.806998       7.7438910       11.936936       43.575599    
   2    32    23.063311       7.6945946       12.200844       43.596682    
   2    33    23.319403       7.6570486       12.454868       43.661205    

     Gross Population Estimates of { Phi(~sex)p(~sex)pent(~1)N(~1) }
                                                95% Confidence Interval
 Grp. Occ.   N*-hat          Standard Error      Lower           Upper
 ---- ----   --------------  --------------  --------------  --------------
   1     0    22.410377       3.9952969       15.844575       31.696968    
   2     0    35.232315       3.7960320       28.542569       43.489988    

   CPU Time for the last procedure was 0.20 seconds.     

  Program  MARK  - Survival Rate Estimation with Capture-Recapture Data
   gfortran(dble) Vers. 9.0 Mar 2018    25-Mar-2020 14:22:05    Page  015
 - - - - - - - - - - - - - - - - - - - - - - - - - - - - - - - - - - - - - -
 


  INPUT --- proc stop;

     CPU Time in minutes for this job was 0.00

     Time Start = 14:22:04.658   Time End = 14:22:05.099

     Wall Clock Time in minutes for this job was 0.01


          E X E C U T I O N   S U C C E S S F U L 
