
   Program  MARK  - Survival Rate Estimation with Capture-Recapture Data
   gfortran(dble) Vers. 9.0 Mar 2018    25-Mar-2020 14:32:17    Page  001
 - - - - - - - - - - - - - - - - - - - - - - - - - - - - - - - - - - - - - -
 
   This version was compiled by GCC version 7.2.0 using the options: 
     -cpp -iprefix C:/Program Files/mingw-w64/x86_64-7.2.0-posix-seh-rt_v5-rev1/
     mingw64/bin/../lib/gcc/x86_64-w64-mingw32/7.2.0/ -D_MT -D_REENTRANT
     -U_REENTRANT -D IEEE -D DBLEPRECISION -m64 -mtune=core2 -march=nocona -mthreads
     -O2 -fimplicit-none -fbounds-check -funroll-loops -ftree-vectorize
     -ffpe-summary=invalid,zero,overflow,underflow -fno-unsafe-math-optimizations
     -frounding-math -fsignaling-nans -fopenmp.

   This problem will use 15 of 16 possible threads.


  INPUT --- proc title ;

   CPU Time for the last procedure was 0.01 seconds.     


  INPUT --- proc chmatrix occasions= 30 groups= 2 etype= POPAN Nodes= 
  INPUT --- 101 ICMeans NoHist hist= 41  ;

  INPUT ---    time interval 0.00547945205479452 0.00273972602739726 
  INPUT ---    0.00273972602739726 0.00547945205479452  
  INPUT ---    0.00821917808219178 0.00273972602739726 0.00273972602739726 
  INPUT ---    0.00547945205479452  0.00547945205479452 
  INPUT ---    0.00821917808219178 0.00273972602739726 0.0136986301369863 
  INPUT ---    0.00547945205479452  0.0273972602739726 0.00273972602739726 
  INPUT ---    0.00547945205479452 0.00273972602739726 0.010958904109589  
  INPUT ---    0.23013698630137 0.00821917808219178 0.254794520547945 
  INPUT ---    0.0246575342465753 0.00821917808219178  0.00273972602739726 
  INPUT ---    0.00273972602739726 0.0520547945205479 0.00273972602739726 
  INPUT ---    0.00273972602739726  0.117808219178082 ;

  INPUT ---    glabel(1)=sexF;

  INPUT ---    glabel(2)=sexM;

   * *  WARNING  * *   At least a pair of the encounter histories are duplicates. 

      Number of unique encounter histories read was 38.

      Number of individual covariates read was 0.
      Time interval lengths vary and/or not equal to 1.

      Data type number is 19
      Data type is POPAN                                                                                               

   CPU Time for the last procedure was 0.01 seconds.     

  Program  MARK  - Survival Rate Estimation with Capture-Recapture Data
   gfortran(dble) Vers. 9.0 Mar 2018    25-Mar-2020 14:32:17    Page  002
 - - - - - - - - - - - - - - - - - - - - - - - - - - - - - - - - - - - - - -
 


  INPUT --- proc estimate link=Parm-Specific NOLOOP varest=2ndPart    ;


  INPUT --- model={ Phi(~sex)p(~sex)pent(~1)N(~1) };

  INPUT ---    group=1 Phi    rows=1 cols=29 Square ;
  INPUT ---        1 1 1 1 1 1 1 1 1 1 1 1 1 1 1 1 1 1 1 1 1 1 1 1 1 1 1 1 1 ;

  INPUT ---    group=2 Phi    rows=1 cols=29 Square ;
  INPUT ---        2 2 2 2 2 2 2 2 2 2 2 2 2 2 2 2 2 2 2 2 2 2 2 2 2 2 2 2 2 ;

  INPUT ---    group=1 p    rows=1 cols=30 Square ;
  INPUT ---        3 3 3 3 3 3 3 3 3 3 3 3 3 3 3 3 3 3 3 3 3 3 3 3 3 3 3 3 3 
  INPUT ---       3 ;

  INPUT ---    group=2 p    rows=1 cols=30 Square ;
  INPUT ---        4 4 4 4 4 4 4 4 4 4 4 4 4 4 4 4 4 4 4 4 4 4 4 4 4 4 4 4 4 
  INPUT ---       4 ;

  INPUT ---    group=1 pent    rows=1 cols=29 Square ;
  INPUT ---        6 7 8 9 10 11 12 13 14 15 16 17 18 19 20 21 22 23 24 25 26 
  INPUT ---       27 28 29 30 31 32 33 34 ;

  INPUT ---    group=2 pent    rows=1 cols=29 Square ;
  INPUT ---        35 36 37 38 39 40 41 42 43 44 45 46 47 48 49 50 51 52 53 
  INPUT ---       54 55 56 57 58 59 60 61 62 63 ;

  INPUT ---    group=1 N    rows=1 cols=1 Square ;
  INPUT ---        5 ;

  INPUT ---    group=2 N    rows=1 cols=1 Square ;
  INPUT ---        5 ;

  INPUT ---    design matrix constraints=63 covariates=6;
  INPUT ---        1 0 0 0 0 0;
  INPUT ---        1 1 0 0 0 0;
  INPUT ---        0 0 1 0 0 0;
  INPUT ---        0 0 1 1 0 0;
  INPUT ---        0 0 0 0 0 1;
  INPUT ---        0 0 0 0 1 0;
  INPUT ---        0 0 0 0 1 0;
  INPUT ---        0 0 0 0 1 0;
  INPUT ---        0 0 0 0 1 0;
  INPUT ---        0 0 0 0 1 0;

  Program  MARK  - Survival Rate Estimation with Capture-Recapture Data
   gfortran(dble) Vers. 9.0 Mar 2018    25-Mar-2020 14:32:17    Page  003
 - - - - - - - - - - - - - - - - - - - - - - - - - - - - - - - - - - - - - -
 
  INPUT ---        0 0 0 0 1 0;
  INPUT ---        0 0 0 0 1 0;
  INPUT ---        0 0 0 0 1 0;
  INPUT ---        0 0 0 0 1 0;
  INPUT ---        0 0 0 0 1 0;
  INPUT ---        0 0 0 0 1 0;
  INPUT ---        0 0 0 0 1 0;
  INPUT ---        0 0 0 0 1 0;
  INPUT ---        0 0 0 0 1 0;
  INPUT ---        0 0 0 0 1 0;
  INPUT ---        0 0 0 0 1 0;
  INPUT ---        0 0 0 0 1 0;
  INPUT ---        0 0 0 0 1 0;
  INPUT ---        0 0 0 0 1 0;
  INPUT ---        0 0 0 0 1 0;
  INPUT ---        0 0 0 0 1 0;
  INPUT ---        0 0 0 0 1 0;
  INPUT ---        0 0 0 0 1 0;
  INPUT ---        0 0 0 0 1 0;
  INPUT ---        0 0 0 0 1 0;
  INPUT ---        0 0 0 0 1 0;
  INPUT ---        0 0 0 0 1 0;
  INPUT ---        0 0 0 0 1 0;
  INPUT ---        0 0 0 0 1 0;
  INPUT ---        0 0 0 0 1 0;
  INPUT ---        0 0 0 0 1 0;
  INPUT ---        0 0 0 0 1 0;
  INPUT ---        0 0 0 0 1 0;
  INPUT ---        0 0 0 0 1 0;
  INPUT ---        0 0 0 0 1 0;
  INPUT ---        0 0 0 0 1 0;
  INPUT ---        0 0 0 0 1 0;
  INPUT ---        0 0 0 0 1 0;
  INPUT ---        0 0 0 0 1 0;
  INPUT ---        0 0 0 0 1 0;
  INPUT ---        0 0 0 0 1 0;
  INPUT ---        0 0 0 0 1 0;
  INPUT ---        0 0 0 0 1 0;
  INPUT ---        0 0 0 0 1 0;
  INPUT ---        0 0 0 0 1 0;
  INPUT ---        0 0 0 0 1 0;
  INPUT ---        0 0 0 0 1 0;
  INPUT ---        0 0 0 0 1 0;
  INPUT ---        0 0 0 0 1 0;
  INPUT ---        0 0 0 0 1 0;
  INPUT ---        0 0 0 0 1 0;

  Program  MARK  - Survival Rate Estimation with Capture-Recapture Data
   gfortran(dble) Vers. 9.0 Mar 2018    25-Mar-2020 14:32:17    Page  004
 - - - - - - - - - - - - - - - - - - - - - - - - - - - - - - - - - - - - - -
 
  INPUT ---        0 0 0 0 1 0;
  INPUT ---        0 0 0 0 1 0;
  INPUT ---        0 0 0 0 1 0;
  INPUT ---        0 0 0 0 1 0;
  INPUT ---        0 0 0 0 1 0;
  INPUT ---        0 0 0 0 1 0;
  INPUT ---        0 0 0 0 1 0;

  INPUT ---    links=63;

  INPUT ---    Logit;

  INPUT ---    Logit;

  INPUT ---    Logit;

  INPUT ---    Logit;

  INPUT ---    Log;

  INPUT ---    mlogit(1);

  INPUT ---    mlogit(1);

  INPUT ---    mlogit(1);

  INPUT ---    mlogit(1);

  INPUT ---    mlogit(1);

  INPUT ---    mlogit(1);

  INPUT ---    mlogit(1);

  INPUT ---    mlogit(1);

  INPUT ---    mlogit(1);

  INPUT ---    mlogit(1);

  INPUT ---    mlogit(1);

  INPUT ---    mlogit(1);

  INPUT ---    mlogit(1);


  Program  MARK  - Survival Rate Estimation with Capture-Recapture Data
   gfortran(dble) Vers. 9.0 Mar 2018    25-Mar-2020 14:32:17    Page  005
 - - - - - - - - - - - - - - - - - - - - - - - - - - - - - - - - - - - - - -
 
  INPUT ---    mlogit(1);

  INPUT ---    mlogit(1);

  INPUT ---    mlogit(1);

  INPUT ---    mlogit(1);

  INPUT ---    mlogit(1);

  INPUT ---    mlogit(1);

  INPUT ---    mlogit(1);

  INPUT ---    mlogit(1);

  INPUT ---    mlogit(1);

  INPUT ---    mlogit(1);

  INPUT ---    mlogit(1);

  INPUT ---    mlogit(1);

  INPUT ---    mlogit(1);

  INPUT ---    mlogit(1);

  INPUT ---    mlogit(1);

  INPUT ---    mlogit(1);

  INPUT ---    mlogit(2);

  INPUT ---    mlogit(2);

  INPUT ---    mlogit(2);

  INPUT ---    mlogit(2);

  INPUT ---    mlogit(2);

  INPUT ---    mlogit(2);

  INPUT ---    mlogit(2);


  Program  MARK  - Survival Rate Estimation with Capture-Recapture Data
   gfortran(dble) Vers. 9.0 Mar 2018    25-Mar-2020 14:32:17    Page  006
 - - - - - - - - - - - - - - - - - - - - - - - - - - - - - - - - - - - - - -
 
  INPUT ---    mlogit(2);

  INPUT ---    mlogit(2);

  INPUT ---    mlogit(2);

  INPUT ---    mlogit(2);

  INPUT ---    mlogit(2);

  INPUT ---    mlogit(2);

  INPUT ---    mlogit(2);

  INPUT ---    mlogit(2);

  INPUT ---    mlogit(2);

  INPUT ---    mlogit(2);

  INPUT ---    mlogit(2);

  INPUT ---    mlogit(2);

  INPUT ---    mlogit(2);

  INPUT ---    mlogit(2);

  INPUT ---    mlogit(2);

  INPUT ---    mlogit(2);

  INPUT ---    mlogit(2);

  INPUT ---    mlogit(2);

  INPUT ---    mlogit(2);

  INPUT ---    mlogit(2);

  INPUT ---    mlogit(2);

  INPUT ---    mlogit(2);
  INPUT ---       blabel(1)=Phi:(Intercept);
  INPUT ---       blabel(2)=Phi:sexM;
  INPUT ---       blabel(3)=p:(Intercept);

  Program  MARK  - Survival Rate Estimation with Capture-Recapture Data
   gfortran(dble) Vers. 9.0 Mar 2018    25-Mar-2020 14:32:17    Page  007
 - - - - - - - - - - - - - - - - - - - - - - - - - - - - - - - - - - - - - -
 
  INPUT ---       blabel(4)=p:sexM;
  INPUT ---       blabel(5)=pent:(Intercept);
  INPUT ---       blabel(6)=N:(Intercept);
  INPUT ---       rlabel(1)=Phi gF a0 t1;
  INPUT ---       rlabel(2)=Phi gM a0 t1;
  INPUT ---       rlabel(3)=p gF a0 t1;
  INPUT ---       rlabel(4)=p gM a0 t1;
  INPUT ---       rlabel(5)=N gF a0 t1;
  INPUT ---       rlabel(6)=pent gF a0.00547945205479452 t1.00547945205479;
  INPUT ---       rlabel(7)=pent gF a0.00821917808219178 t1.00821917808219;
  INPUT ---       rlabel(8)=pent gF a0.010958904109589 t1.01095890410959;
  INPUT ---       rlabel(9)=pent gF a0.0164383561643836 t1.01643835616438;
  INPUT ---       rlabel(10)=pent gF a0.0246575342465753 t1.02465753424658;
  INPUT ---       rlabel(11)=pent gF a0.0273972602739726 t1.02739726027397;
  INPUT ---       rlabel(12)=pent gF a0.0301369863013699 t1.03013698630137;
  INPUT ---       rlabel(13)=pent gF a0.0356164383561644 t1.03561643835616;
  INPUT ---       rlabel(14)=pent gF a0.0410958904109589 t1.04109589041096;
  INPUT ---       rlabel(15)=pent gF a0.0493150684931507 t1.04931506849315;
  INPUT ---       rlabel(16)=pent gF a0.0520547945205479 t1.05205479452055;
  INPUT ---       rlabel(17)=pent gF a0.0657534246575342 t1.06575342465753;
  INPUT ---       rlabel(18)=pent gF a0.0712328767123288 t1.07123287671233;
  INPUT ---       rlabel(19)=pent gF a0.0986301369863014 t1.0986301369863;
  INPUT ---       rlabel(20)=pent gF a0.101369863013699 t1.1013698630137;
  INPUT ---       rlabel(21)=pent gF a0.106849315068493 t1.10684931506849;
  INPUT ---       rlabel(22)=pent gF a0.10958904109589 t1.10958904109589;
  INPUT ---       rlabel(23)=pent gF a0.120547945205479 t1.12054794520548;
  INPUT ---       rlabel(24)=pent gF a0.350684931506849 t1.35068493150685;
  INPUT ---       rlabel(25)=pent gF a0.358904109589041 t1.35890410958904;
  INPUT ---       rlabel(26)=pent gF a0.613698630136986 t1.61369863013699;
  INPUT ---       rlabel(27)=pent gF a0.638356164383562 t1.63835616438356;
  INPUT ---       rlabel(28)=pent gF a0.646575342465753 t1.64657534246575;
  INPUT ---       rlabel(29)=pent gF a0.649315068493151 t1.64931506849315;
  INPUT ---       rlabel(30)=pent gF a0.652054794520548 t1.65205479452055;
  INPUT ---       rlabel(31)=pent gF a0.704109589041096 t1.7041095890411;
  INPUT ---       rlabel(32)=pent gF a0.706849315068493 t1.70684931506849;
  INPUT ---       rlabel(33)=pent gF a0.70958904109589 t1.70958904109589;
  INPUT ---       rlabel(34)=pent gF a0.827397260273973 t1.82739726027397;
  INPUT ---       rlabel(35)=pent gM a0.00547945205479452 t1.00547945205479;
  INPUT ---       rlabel(36)=pent gM a0.00821917808219178 t1.00821917808219;
  INPUT ---       rlabel(37)=pent gM a0.010958904109589 t1.01095890410959;
  INPUT ---       rlabel(38)=pent gM a0.0164383561643836 t1.01643835616438;
  INPUT ---       rlabel(39)=pent gM a0.0246575342465753 t1.02465753424658;
  INPUT ---       rlabel(40)=pent gM a0.0273972602739726 t1.02739726027397;
  INPUT ---       rlabel(41)=pent gM a0.0301369863013699 t1.03013698630137;
  INPUT ---       rlabel(42)=pent gM a0.0356164383561644 t1.03561643835616;
  INPUT ---       rlabel(43)=pent gM a0.0410958904109589 t1.04109589041096;

  Program  MARK  - Survival Rate Estimation with Capture-Recapture Data
   gfortran(dble) Vers. 9.0 Mar 2018    25-Mar-2020 14:32:17    Page  008
 - - - - - - - - - - - - - - - - - - - - - - - - - - - - - - - - - - - - - -
 
  INPUT ---       rlabel(44)=pent gM a0.0493150684931507 t1.04931506849315;
  INPUT ---       rlabel(45)=pent gM a0.0520547945205479 t1.05205479452055;
  INPUT ---       rlabel(46)=pent gM a0.0657534246575342 t1.06575342465753;
  INPUT ---       rlabel(47)=pent gM a0.0712328767123288 t1.07123287671233;
  INPUT ---       rlabel(48)=pent gM a0.0986301369863014 t1.0986301369863;
  INPUT ---       rlabel(49)=pent gM a0.101369863013699 t1.1013698630137;
  INPUT ---       rlabel(50)=pent gM a0.106849315068493 t1.10684931506849;
  INPUT ---       rlabel(51)=pent gM a0.10958904109589 t1.10958904109589;
  INPUT ---       rlabel(52)=pent gM a0.120547945205479 t1.12054794520548;
  INPUT ---       rlabel(53)=pent gM a0.350684931506849 t1.35068493150685;
  INPUT ---       rlabel(54)=pent gM a0.358904109589041 t1.35890410958904;
  INPUT ---       rlabel(55)=pent gM a0.613698630136986 t1.61369863013699;
  INPUT ---       rlabel(56)=pent gM a0.638356164383562 t1.63835616438356;
  INPUT ---       rlabel(57)=pent gM a0.646575342465753 t1.64657534246575;
  INPUT ---       rlabel(58)=pent gM a0.649315068493151 t1.64931506849315;
  INPUT ---       rlabel(59)=pent gM a0.652054794520548 t1.65205479452055;
  INPUT ---       rlabel(60)=pent gM a0.704109589041096 t1.7041095890411;
  INPUT ---       rlabel(61)=pent gM a0.706849315068493 t1.70684931506849;
  INPUT ---       rlabel(62)=pent gM a0.70958904109589 t1.70958904109589;
  INPUT ---       rlabel(63)=pent gM a0.827397260273973 t1.82739726027397;

 Link Function Used is PARM-SPECIFIC

 Variance Estimation Procedure Used is 2ndPart 

 M(t+1):
      16     29



 Group: 1

 U(t)+UL(t):
       0    2    2    0    1    0    3    1    1    0    0    0    0    0    1
       0    0    0    2    1    1    0    0    0    1    0    0    0    0    0

 U(t):
       0    2    2    0    1    0    3    1    1    0    0    0    0    0    1
       0    0    0    2    1    1    0    0    0    1    0    0    0    0    0

 UL(t):
       0    0    0    0    0    0    0    0    0    0    0    0    0    0    0
       0    0    0    0    0    0    0    0    0    0    0    0    0    0    0

 Not Released(t):
       0    0    0    0    0    0    0    0    0    0    0    0    0    0    0
       0    0    0    0    0    0    0    0    0    0    0    0    0    0    0

 Group: 2

 U(t)+UL(t):
       3    0    1    1    1    1    1    0    1    1    2    1    3    3    1
       1    0    2    3    1    0    0    1    0    0    0    0    0    0    1

 U(t):
       3    0    1    1    1    1    1    0    1    1    2    1    3    3    1
       1    0    2    3    1    0    0    1    0    0    0    0    0    0    1

 UL(t):
       0    0    0    0    0    0    0    0    0    0    0    0    0    0    0
       0    0    0    0    0    0    0    0    0    0    0    0    0    0    0

 Not Released(t):
       0    0    0    0    0    0    0    0    0    0    0    0    0    0    0
       0    0    0    0    0    0    0    0    0    0    0    0    0    0    0
 -2logL(saturated) = 272.93564     
 Effective Sample Size = 98

 Number of function evaluations was 24 for 6 parameters.
 Time for numerical optimization was 0.01 seconds.     
 -2logL { Phi(~sex)p(~sex)pent(~1)N(~1) } = 511.84274     
 Penalty { Phi(~sex)p(~sex)pent(~1)N(~1) } = 0.0000000     
 Gradient { Phi(~sex)p(~sex)pent(~1)N(~1) }:
  0.3132570E-05  0.4094468E-05  0.1933146E-04  0.6925775E-05  0.3015107E-05
 -0.3869272E-05
 Maximum ABS(G) { Phi(~sex)p(~sex)pent(~1)N(~1) } = 0.1933146E-04 
 S Vector { Phi(~sex)p(~sex)pent(~1)N(~1) }:
   118.6804      11.80787      5.950556      1.967257     0.5482158    
  0.2369064    
 Time to compute number of parameters was 0.01 seconds.     
 Ratio Threshold = 50.000000       Max Gap (1/2) = 10.050960       Next Max Gap (1/2) = 10.050960     
 Gap Method for Num. of Estimated Parameters { Phi(~sex)p(~sex)pent(~1)N(~1) } = 6          
 Threshold { Phi(~sex)p(~sex)pent(~1)N(~1) } = 0.3866292E-04                 
 Numerical Threshold Method for Num. of Estimated Parameters { Phi(~sex)p(~sex)pent(~1)N(~1) } = 6          
 Number of Estimated Parameters { Phi(~sex)p(~sex)pent(~1)N(~1) } = 6          
 DEVIANCE { Phi(~sex)p(~sex)pent(~1)N(~1) } = 238.90710                     
 DEVIANCE Degrees of Freedom { Phi(~sex)p(~sex)pent(~1)N(~1) } = 35            
 c-hat { Phi(~sex)p(~sex)pent(~1)N(~1) } = 6.8259171                     
 AIC { Phi(~sex)p(~sex)pent(~1)N(~1) } = 523.84274                  
 AICc { Phi(~sex)p(~sex)pent(~1)N(~1) } = 524.76582                    
 BIC { Phi(~sex)p(~sex)pent(~1)N(~1) } = 539.35254                    
 Pearson Chisquare { Phi(~sex)p(~sex)pent(~1)N(~1) } = 204476.17                  
 Possible Encounter Histories { Phi(~sex)p(~sex)pent(~1)N(~1) } = 2147483646             
 Pearson Chisquare df { Phi(~sex)p(~sex)pent(~1)N(~1) } = 2147483638        
 Pearson chat { Phi(~sex)p(~sex)pent(~1)N(~1) } = 0.9521664E-04              
 Sum(Observed/Expected) { Phi(~sex)p(~sex)pent(~1)N(~1) } = 204260.60                  
 Fletcher chat { Phi(~sex)p(~sex)pent(~1)N(~1) } = 1.0010554                  

  Program  MARK  - Survival Rate Estimation with Capture-Recapture Data
   gfortran(dble) Vers. 9.0 Mar 2018    25-Mar-2020 14:32:17    Page  009
 - - - - - - - - - - - - - - - - - - - - - - - - - - - - - - - - - - - - - -
 


              PARM-SPECIFIC Link Function Parameters of { Phi(~sex)p(~sex)pent(~1)N(~1) }
                                                              95% Confidence Interval
 Parameter                    Beta         Standard Error      Lower           Upper
 -------------------------  --------------  --------------  --------------  --------------
    1:Phi:(Intercept)       -1.4355066       1.1660471      -3.7209588       0.8499457    
    2:Phi:sexM               2.7266845       1.9639075      -1.1225743       6.5759433    
    3:p:(Intercept)         -2.5519591       0.2832696      -3.1071676      -1.9967507    
    4:p:sexM                 0.1015943       0.3027094      -0.4917161       0.6949047    
    5:pent:(Intercept)      -4.0607782       1.0688949      -6.1558122      -1.9657441    
    6:N:(Intercept)          1.9576857       0.5325920       0.9138054       3.0015660    


              Real Function Parameters of { Phi(~sex)p(~sex)pent(~1)N(~1) }
                                                               95% Confidence Interval
  Parameter                  Estimate       Standard Error      Lower           Upper
 --------------------------  --------------  --------------  --------------  --------------
     1:Phi gF a0 t1           0.1922421       0.1810697       0.0236384       0.7005557                          
     2:Phi gM a0 t1           0.7843465       0.3075914       0.0933794       0.9922740                          
     3:p gF a0 t1             0.0722950       0.0189984       0.0428126       0.1195445                          
     4:p gM a0 t1             0.0794119       0.0147358       0.0549175       0.1135189                          
     5:N gF a0 t1             23.082916       3.7723042       18.659804       34.861425                          
     6:pent gF a0.005479452   0.0114917       0.0081899       0.0028215       0.0455863                          
     7:pent gF a0.008219178   0.0114917       0.0081899       0.0028215       0.0455863                          
     8:pent gF a0.010958904   0.0114917       0.0081899       0.0028215       0.0455863                          
     9:pent gF a0.016438356   0.0114917       0.0081899       0.0028215       0.0455863                          
    10:pent gF a0.024657534   0.0114917       0.0081899       0.0028215       0.0455863                          
    11:pent gF a0.027397260   0.0114917       0.0081899       0.0028215       0.0455863                          
    12:pent gF a0.030136986   0.0114917       0.0081899       0.0028215       0.0455863                          
    13:pent gF a0.035616438   0.0114917       0.0081899       0.0028215       0.0455863                          
    14:pent gF a0.041095890   0.0114917       0.0081899       0.0028215       0.0455863                          
    15:pent gF a0.049315068   0.0114917       0.0081899       0.0028215       0.0455863                          
    16:pent gF a0.052054794   0.0114917       0.0081899       0.0028215       0.0455863                          
    17:pent gF a0.065753424   0.0114917       0.0081899       0.0028215       0.0455863                          
    18:pent gF a0.071232876   0.0114917       0.0081899       0.0028215       0.0455863                          
    19:pent gF a0.098630136   0.0114917       0.0081899       0.0028215       0.0455863                          
    20:pent gF a0.101369863   0.0114917       0.0081899       0.0028215       0.0455863                          
    21:pent gF a0.106849315   0.0114917       0.0081899       0.0028215       0.0455863                          
    22:pent gF a0.109589041   0.0114917       0.0081899       0.0028215       0.0455863                          
    23:pent gF a0.120547945   0.0114917       0.0081899       0.0028215       0.0455863                          
    24:pent gF a0.350684931   0.0114917       0.0081899       0.0028215       0.0455863                          
    25:pent gF a0.358904109   0.0114917       0.0081899       0.0028215       0.0455863                          
    26:pent gF a0.613698630   0.0114917       0.0081899       0.0028215       0.0455863                          
    27:pent gF a0.638356164   0.0114917       0.0081899       0.0028215       0.0455863                          
    28:pent gF a0.646575342   0.0114917       0.0081899       0.0028215       0.0455863                          

  Program  MARK  - Survival Rate Estimation with Capture-Recapture Data
   gfortran(dble) Vers. 9.0 Mar 2018    25-Mar-2020 14:32:17    Page  010
 - - - - - - - - - - - - - - - - - - - - - - - - - - - - - - - - - - - - - -
 
    29:pent gF a0.649315068   0.0114917       0.0081899       0.0028215       0.0455863                          
    30:pent gF a0.652054794   0.0114917       0.0081899       0.0028215       0.0455863                          
    31:pent gF a0.704109589   0.0114917       0.0081899       0.0028215       0.0455863                          
    32:pent gF a0.706849315   0.0114917       0.0081899       0.0028215       0.0455863                          
    33:pent gF a0.709589041   0.0114917       0.0081899       0.0028215       0.0455863                          
    34:pent gF a0.827397260   0.0114917       0.0081899       0.0028215       0.0455863                          
    35:pent gM a0.005479452   0.0114917       0.0081899       0.0028215       0.0455863                          
    36:pent gM a0.008219178   0.0114917       0.0081899       0.0028215       0.0455863                          
    37:pent gM a0.010958904   0.0114917       0.0081899       0.0028215       0.0455863                          
    38:pent gM a0.016438356   0.0114917       0.0081899       0.0028215       0.0455863                          
    39:pent gM a0.024657534   0.0114917       0.0081899       0.0028215       0.0455863                          
    40:pent gM a0.027397260   0.0114917       0.0081899       0.0028215       0.0455863                          
    41:pent gM a0.030136986   0.0114917       0.0081899       0.0028215       0.0455863                          
    42:pent gM a0.035616438   0.0114917       0.0081899       0.0028215       0.0455863                          
    43:pent gM a0.041095890   0.0114917       0.0081899       0.0028215       0.0455863                          
    44:pent gM a0.049315068   0.0114917       0.0081899       0.0028215       0.0455863                          
    45:pent gM a0.052054794   0.0114917       0.0081899       0.0028215       0.0455863                          
    46:pent gM a0.065753424   0.0114917       0.0081899       0.0028215       0.0455863                          
    47:pent gM a0.071232876   0.0114917       0.0081899       0.0028215       0.0455863                          
    48:pent gM a0.098630136   0.0114917       0.0081899       0.0028215       0.0455863                          
    49:pent gM a0.101369863   0.0114917       0.0081899       0.0028215       0.0455863                          
    50:pent gM a0.106849315   0.0114917       0.0081899       0.0028215       0.0455863                          
    51:pent gM a0.109589041   0.0114917       0.0081899       0.0028215       0.0455863                          
    52:pent gM a0.120547945   0.0114917       0.0081899       0.0028215       0.0455863                          
    53:pent gM a0.350684931   0.0114917       0.0081899       0.0028215       0.0455863                          
    54:pent gM a0.358904109   0.0114917       0.0081899       0.0028215       0.0455863                          
    55:pent gM a0.613698630   0.0114917       0.0081899       0.0028215       0.0455863                          
    56:pent gM a0.638356164   0.0114917       0.0081899       0.0028215       0.0455863                          
    57:pent gM a0.646575342   0.0114917       0.0081899       0.0028215       0.0455863                          
    58:pent gM a0.649315068   0.0114917       0.0081899       0.0028215       0.0455863                          
    59:pent gM a0.652054794   0.0114917       0.0081899       0.0028215       0.0455863                          
    60:pent gM a0.704109589   0.0114917       0.0081899       0.0028215       0.0455863                          
    61:pent gM a0.706849315   0.0114917       0.0081899       0.0028215       0.0455863                          
    62:pent gM a0.709589041   0.0114917       0.0081899       0.0028215       0.0455863                          
    63:pent gM a0.827397260   0.0114917       0.0081899       0.0028215       0.0455863                          


                      Estimates of Derived Parameters
  Gross Birth+Immigration Estimates of { Phi(~sex)p(~sex)pent(~1)N(~1) }
                                                95% Confidence Interval
 Grp. Occ.   B*-hat          Standard Error      Lower           Upper
 ---- ----   --------------  --------------  --------------  --------------
   1     1    0.2664618       0.2218176       0.0642679       1.1047802    
   1     2    0.2658612       0.2211737       0.0641692       1.1014977    
   1     3    0.2658612       0.2211737       0.0641692       1.1014977    

  Program  MARK  - Survival Rate Estimation with Capture-Recapture Data
   gfortran(dble) Vers. 9.0 Mar 2018    25-Mar-2020 14:32:17    Page  011
 - - - - - - - - - - - - - - - - - - - - - - - - - - - - - - - - - - - - - -
 
   1     4    0.2664618       0.2218176       0.0642679       1.1047802    
   1     5    0.2670632       0.2224631       0.0643666       1.1080715    
   1     6    0.2658612       0.2211737       0.0641692       1.1014977    
   1     7    0.2658612       0.2211737       0.0641692       1.1014977    
   1     8    0.2664618       0.2218176       0.0642679       1.1047802    
   1     9    0.2664618       0.2218176       0.0642679       1.1047802    
   1    10    0.2670632       0.2224631       0.0643666       1.1080715    
   1    11    0.2658612       0.2211737       0.0641692       1.1014977    
   1    12    0.2682689       0.2237589       0.0645640       1.1146804    
   1    13    0.2664618       0.2218176       0.0642679       1.1047802    
   1    14    0.2712987       0.2270269       0.0650573       1.1313569    
   1    15    0.2658612       0.2211737       0.0641692       1.1014977    
   1    16    0.2664618       0.2218176       0.0642679       1.1047802    
   1    17    0.2658612       0.2211737       0.0641692       1.1014977    
   1    18    0.2676656       0.2231102       0.0644653       1.1113716    
   1    19    0.3187703       0.2801151       0.0723734       1.4040318    
   1    20    0.2670632       0.2224631       0.0643666       1.1080715    
   1    21    0.3248780       0.2871703       0.0732702       1.4405000    
   1    22    0.2706909       0.2263701       0.0649586       1.1280040    
   1    23    0.2670632       0.2224631       0.0643666       1.1080715    
   1    24    0.2658612       0.2211737       0.0641692       1.1014977    
   1    25    0.2658612       0.2211737       0.0641692       1.1014977    
   1    26    0.2768093       0.2330114       0.0659449       1.1619301    
   1    27    0.2658612       0.2211737       0.0641692       1.1014977    
   1    28    0.2658612       0.2211737       0.0641692       1.1014977    
   1    29    0.2918609       0.2496111       0.0683123       1.2469614    
   2     1    0.4149295       0.3266495       0.1063752       1.6184834    
   2     2    0.4147915       0.3264416       0.1063747       1.6174141    
   2     3    0.4147915       0.3264416       0.1063747       1.6174141    
   2     4    0.4149295       0.3266495       0.1063752       1.6184834    
   2     5    0.4150675       0.3268576       0.1063756       1.6195537    
   2     6    0.4147915       0.3264416       0.1063747       1.6174141    
   2     7    0.4147915       0.3264416       0.1063747       1.6174141    
   2     8    0.4149295       0.3266495       0.1063752       1.6184834    
   2     9    0.4149295       0.3266495       0.1063752       1.6184834    
   2    10    0.4150675       0.3268576       0.1063756       1.6195537    
   2    11    0.4147915       0.3264416       0.1063747       1.6174141    
   2    12    0.4153437       0.3272743       0.1063764       1.6216978    
   2    13    0.4149295       0.3266495       0.1063752       1.6184834    
   2    14    0.4160348       0.3283195       0.1063778       1.6270769    
   2    15    0.4147915       0.3264416       0.1063747       1.6174141    
   2    16    0.4149295       0.3266495       0.1063752       1.6184834    
   2    17    0.4147915       0.3264416       0.1063747       1.6174141    
   2    18    0.4152056       0.3270659       0.1063761       1.6206252    
   2    19    0.4263513       0.3443362       0.1063095       1.7098708    
   2    20    0.4150675       0.3268576       0.1063756       1.6195537    

  Program  MARK  - Survival Rate Estimation with Capture-Recapture Data
   gfortran(dble) Vers. 9.0 Mar 2018    25-Mar-2020 14:32:17    Page  012
 - - - - - - - - - - - - - - - - - - - - - - - - - - - - - - - - - - - - - -
 
   2    21    0.4276174       0.3463535       0.1062906       1.7203460    
   2    22    0.4158965       0.3281101       0.1063776       1.6259989    
   2    23    0.4150675       0.3268576       0.1063756       1.6195537    
   2    24    0.4147915       0.3264416       0.1063747       1.6174141    
   2    25    0.4147915       0.3264416       0.1063747       1.6174141    
   2    26    0.4172805       0.3302126       0.1063783       1.6368281    
   2    27    0.4147915       0.3264416       0.1063747       1.6174141    
   2    28    0.4147915       0.3264416       0.1063747       1.6174141    
   2    29    0.4206147       0.3353357       0.1063673       1.6632627    

   Net Birth+Immigration Estimates of { Phi(~sex)p(~sex)pent(~1)N(~1) }
                                                95% Confidence Interval
 Grp. Occ.   B-hat           Standard Error      Lower           Upper
 ---- ----   --------------  --------------  --------------  --------------
   1     1    0.2652616       0.2205314       0.0640705       1.0982240    
   1     2    0.2652616       0.2205314       0.0640705       1.0982240    
   1     3    0.2652616       0.2205314       0.0640705       1.0982240    
   1     4    0.2652616       0.2205314       0.0640705       1.0982240    
   1     5    0.2652616       0.2205314       0.0640705       1.0982240    
   1     6    0.2652616       0.2205314       0.0640705       1.0982240    
   1     7    0.2652616       0.2205314       0.0640705       1.0982240    
   1     8    0.2652616       0.2205314       0.0640705       1.0982240    
   1     9    0.2652616       0.2205314       0.0640705       1.0982240    
   1    10    0.2652616       0.2205314       0.0640705       1.0982240    
   1    11    0.2652616       0.2205314       0.0640705       1.0982240    
   1    12    0.2652616       0.2205314       0.0640705       1.0982240    
   1    13    0.2652616       0.2205314       0.0640705       1.0982240    
   1    14    0.2652616       0.2205314       0.0640705       1.0982240    
   1    15    0.2652616       0.2205314       0.0640705       1.0982240    
   1    16    0.2652616       0.2205314       0.0640705       1.0982240    
   1    17    0.2652616       0.2205314       0.0640705       1.0982240    
   1    18    0.2652616       0.2205314       0.0640705       1.0982240    
   1    19    0.2652616       0.2205314       0.0640705       1.0982240    
   1    20    0.2652616       0.2205314       0.0640705       1.0982240    
   1    21    0.2652616       0.2205314       0.0640705       1.0982240    
   1    22    0.2652616       0.2205314       0.0640705       1.0982240    
   1    23    0.2652616       0.2205314       0.0640705       1.0982240    
   1    24    0.2652616       0.2205314       0.0640705       1.0982240    
   1    25    0.2652616       0.2205314       0.0640705       1.0982240    
   1    26    0.2652616       0.2205314       0.0640705       1.0982240    
   1    27    0.2652616       0.2205314       0.0640705       1.0982240    
   1    28    0.2652616       0.2205314       0.0640705       1.0982240    
   1    29    0.2652616       0.2205314       0.0640705       1.0982240    
   2     1    0.4146535       0.3262339       0.1063742       1.6163459    
   2     2    0.4146535       0.3262339       0.1063742       1.6163459    
   2     3    0.4146535       0.3262339       0.1063742       1.6163459    
   2     4    0.4146535       0.3262339       0.1063742       1.6163459    
   2     5    0.4146535       0.3262339       0.1063742       1.6163459    
   2     6    0.4146535       0.3262339       0.1063742       1.6163459    
   2     7    0.4146535       0.3262339       0.1063742       1.6163459    
   2     8    0.4146535       0.3262339       0.1063742       1.6163459    
   2     9    0.4146535       0.3262339       0.1063742       1.6163459    
   2    10    0.4146535       0.3262339       0.1063742       1.6163459    
   2    11    0.4146535       0.3262339       0.1063742       1.6163459    
   2    12    0.4146535       0.3262339       0.1063742       1.6163459    
   2    13    0.4146535       0.3262339       0.1063742       1.6163459    
   2    14    0.4146535       0.3262339       0.1063742       1.6163459    
   2    15    0.4146535       0.3262339       0.1063742       1.6163459    
   2    16    0.4146535       0.3262339       0.1063742       1.6163459    
   2    17    0.4146535       0.3262339       0.1063742       1.6163459    
   2    18    0.4146535       0.3262339       0.1063742       1.6163459    
   2    19    0.4146535       0.3262339       0.1063742       1.6163459    
   2    20    0.4146535       0.3262339       0.1063742       1.6163459    
   2    21    0.4146535       0.3262339       0.1063742       1.6163459    
   2    22    0.4146535       0.3262339       0.1063742       1.6163459    
   2    23    0.4146535       0.3262339       0.1063742       1.6163459    
   2    24    0.4146535       0.3262339       0.1063742       1.6163459    
   2    25    0.4146535       0.3262339       0.1063742       1.6163459    
   2    26    0.4146535       0.3262339       0.1063742       1.6163459    
   2    27    0.4146535       0.3262339       0.1063742       1.6163459    
   2    28    0.4146535       0.3262339       0.1063742       1.6163459    
   2    29    0.4146535       0.3262339       0.1063742       1.6163459    

        Population Estimates of { Phi(~sex)p(~sex)pent(~1)N(~1) }
                                                95% Confidence Interval
 Grp. Occ.   N-hat           Standard Error      Lower           Upper
 ---- ----   --------------  --------------  --------------  --------------
   1     1    15.390330       4.2243974       9.0747015       26.101382    
   1     2    15.517157       4.0323765       9.4018598       25.610055    
   1     3    15.712473       3.8512308       9.7868104       25.225972    
   1     4    15.906909       3.6754990       10.173090       24.872456    
   1     5    16.029089       3.5031234       10.496459       24.477941    
   1     6    16.078567       3.3377650       10.749862       24.048710    
   1     7    16.271353       3.1821883       11.130400       23.786829    
   1     8    16.463269       3.0350540       11.505378       23.557612    
   1     9    16.580445       2.8993986       11.799525       23.298494    
   1    10    16.696567       2.7754155       12.080786       23.075927    
   1    11    16.737060       2.6689580       12.268513       22.833180    
   1    12    16.926877       2.5662916       12.596675       22.745619    
   1    13    16.814063       2.5054650       12.575593       22.481065    
   1    14    16.928084       2.4398340       12.780636       22.421420    
   1    15    16.445585       2.4768029       12.262221       22.056142    
   1    16    16.636717       2.4314390       12.511801       22.121543    
   1    17    16.752332       2.4159436       12.645846       22.192319    
   1    18    16.942081       2.4054741       12.844334       22.347138    
   1    19    16.903928       2.4479845       12.745461       22.419179    
   1    20    11.831036       3.6380060       6.5639526       21.324561    
   1    21    11.937028       3.6268848       6.6673700       21.371641    
   1    22    8.1072243       4.1036156       3.1793333       20.673229    
   1    23    8.0494558       4.0650748       3.1627176       20.486729    
   1    24    8.2063557       4.0306666       3.2994174       20.410959    
   1    25    8.4346262       4.0054897       3.4850004       20.414035    
   1    26    8.6618677       3.9922553       3.6645413       20.474036    
   1    27    8.2146265       4.0089389       3.3201033       20.324695    
   1    28    8.4428597       4.0103006       3.4877754       20.437635    
   1    29    8.6700641       4.0232858       3.6485049       20.602963    
   1    30    7.4045312       4.0142310       2.7378692       20.025458    
   2     1    24.057965       7.1269443       13.626297       42.475639    
   2     2    24.440619       6.8328970       14.275760       41.843227    
   2     3    24.839013       6.5361408       14.958338       41.246329    
   2     4    25.237141       6.2420046       15.653898       40.687203    
   2     5    25.618227       5.9568792       16.338777       40.167850    
   2     6    25.981785       5.6820141       17.009217       39.687493    
   2     7    26.379154       5.3977923       17.736378       39.233477    

  Program  MARK  - Survival Rate Estimation with Capture-Recapture Data
   gfortran(dble) Vers. 9.0 Mar 2018    25-Mar-2020 14:32:17    Page  013
 - - - - - - - - - - - - - - - - - - - - - - - - - - - - - - - - - - - - - -
 
   2     8    26.776258       5.1179219       18.471767       38.814263    
   2     9    27.155297       4.8506516       19.186559       38.433685    
   2    10    27.533831       4.5895463       19.904458       38.087540    
   2    11    27.893569       4.3440952       20.593514       37.781370    
   2    12    28.289665       4.0895874       21.340793       37.501191    
   2    13    28.610343       3.8821074       21.955771       37.281848    
   2    14    28.986942       3.6577863       22.657577       37.084406    
   2    15    29.209330       3.5373360       23.057471       37.002539    
   2    16    29.604551       3.3301423       23.763369       36.881532    
   2    17    29.979828       3.1537401       24.407947       36.823666    
   2    18    30.374537       2.9861775       25.062597       36.812326    
   2    19    30.708442       2.8819740       25.559154       36.895133    
   2    20    29.453553       4.4152658       21.990918       39.448640    
   2    21    29.809462       4.3457354       22.434291       39.609187    
   2    22    28.435119       6.4912678       18.280953       44.229423    
   2    23    28.679972       6.5877274       18.389240       44.729460    
   2    24    29.037424       6.5521633       18.761366       44.941928    
   2    25    29.432759       6.4819734       19.212449       45.089896    
   2    26    29.827832       6.4268625       19.646749       45.284823    
   2    27    29.867707       6.8310588       19.186499       46.495189    
   2    28    30.262490       6.7987220       19.589382       46.750752    
   2    29    30.657011       6.7811570       19.975117       47.051154    
   2    30    30.206813       7.7955634       18.363696       49.687794    

     Gross Population Estimates of { Phi(~sex)p(~sex)pent(~1)N(~1) }
                                                95% Confidence Interval
 Grp. Occ.   N*-hat          Standard Error      Lower           Upper
 ---- ----   --------------  --------------  --------------  --------------
   1     0    23.272070       3.9360112       16.744891       32.343551    
   2     0    36.124863       3.8248385       29.371887       44.430435    

   CPU Time for the last procedure was 0.12 seconds.     

  Program  MARK  - Survival Rate Estimation with Capture-Recapture Data
   gfortran(dble) Vers. 9.0 Mar 2018    25-Mar-2020 14:32:17    Page  014
 - - - - - - - - - - - - - - - - - - - - - - - - - - - - - - - - - - - - - -
 


  INPUT --- proc stop;

     CPU Time in minutes for this job was 0.00

     Time Start = 14:32:17.074   Time End = 14:32:17.417

     Wall Clock Time in minutes for this job was 0.01


          E X E C U T I O N   S U C C E S S F U L 
