
   Program  MARK  - Survival Rate Estimation with Capture-Recapture Data
   gfortran(dble) Vers. 9.0 Mar 2018    25-Mar-2020 12:21:15    Page  001
 - - - - - - - - - - - - - - - - - - - - - - - - - - - - - - - - - - - - - -
 
   This version was compiled by GCC version 7.2.0 using the options: 
     -cpp -iprefix C:/Program Files/mingw-w64/x86_64-7.2.0-posix-seh-rt_v5-rev1/
     mingw64/bin/../lib/gcc/x86_64-w64-mingw32/7.2.0/ -D_MT -D_REENTRANT
     -U_REENTRANT -D IEEE -D DBLEPRECISION -m64 -mtune=core2 -march=nocona -mthreads
     -O2 -fimplicit-none -fbounds-check -funroll-loops -ftree-vectorize
     -ffpe-summary=invalid,zero,overflow,underflow -fno-unsafe-math-optimizations
     -frounding-math -fsignaling-nans -fopenmp.

   This problem will use 15 of 16 possible threads.


  INPUT --- proc title ;

   CPU Time for the last procedure was 0.02 seconds.     


  INPUT --- proc chmatrix occasions= 33 groups= 2 etype= POPAN Nodes= 
  INPUT --- 101 ICMeans NoHist hist= 41  ;

  INPUT ---    time interval 0.00547945205479452 0.00273972602739726 
  INPUT ---    0.00273972602739726 0.00547945205479452  
  INPUT ---    0.00821917808219178 0.00273972602739726 0.00273972602739726 
  INPUT ---    0.00547945205479452  0.00547945205479452 
  INPUT ---    0.00821917808219178 0.00273972602739726 0.0136986301369863 
  INPUT ---    0.00547945205479452  0.0273972602739726 0.00273972602739726 
  INPUT ---    0.00547945205479452 0.00273972602739726 0.010958904109589  
  INPUT ---    0.23013698630137 0.00821917808219178 0.254794520547945 
  INPUT ---    0.0246575342465753 0.00821917808219178  0.00273972602739726 
  INPUT ---    0.00273972602739726 0.0520547945205479 0.00273972602739726 
  INPUT ---    0.00273972602739726  0.117808219178082 0.575342465753425 
  INPUT ---    0.00273972602739726 0.00273972602739726 ;

  INPUT ---    glabel(1)=sexF;

  INPUT ---    glabel(2)=sexM;

   * *  WARNING  * *   At least a pair of the encounter histories are duplicates. 

      Number of unique encounter histories read was 38.

      Number of individual covariates read was 0.
      Time interval lengths vary and/or not equal to 1.

      Data type number is 19
      Data type is POPAN                                                                                               

   CPU Time for the last procedure was 0.01 seconds.     

  Program  MARK  - Survival Rate Estimation with Capture-Recapture Data
   gfortran(dble) Vers. 9.0 Mar 2018    25-Mar-2020 12:21:16    Page  002
 - - - - - - - - - - - - - - - - - - - - - - - - - - - - - - - - - - - - - -
 


  INPUT --- proc estimate link=Parm-Specific NOLOOP varest=2ndPart    ;


  INPUT --- model={ Phi(~sex)p(~sex)pent(~1)N(~1) };

  INPUT ---    group=1 Phi    rows=1 cols=32 Square ;
  INPUT ---        1 1 1 1 1 1 1 1 1 1 1 1 1 1 1 1 1 1 1 1 1 1 1 1 1 1 1 1 1 
  INPUT ---       1 1 1 ;

  INPUT ---    group=2 Phi    rows=1 cols=32 Square ;
  INPUT ---        2 2 2 2 2 2 2 2 2 2 2 2 2 2 2 2 2 2 2 2 2 2 2 2 2 2 2 2 2 
  INPUT ---       2 2 2 ;

  INPUT ---    group=1 p    rows=1 cols=33 Square ;
  INPUT ---        3 3 3 3 3 3 3 3 3 3 3 3 3 3 3 3 3 3 3 3 3 3 3 3 3 3 3 3 3 
  INPUT ---       3 3 3 3 ;

  INPUT ---    group=2 p    rows=1 cols=33 Square ;
  INPUT ---        4 4 4 4 4 4 4 4 4 4 4 4 4 4 4 4 4 4 4 4 4 4 4 4 4 4 4 4 4 
  INPUT ---       4 4 4 4 ;

  INPUT ---    group=1 pent    rows=1 cols=32 Square ;
  INPUT ---        6 7 8 9 10 11 12 13 14 15 16 17 18 19 20 21 22 23 24 25 26 
  INPUT ---       27 28 29 30 31 32 33 34 35 36 37 ;

  INPUT ---    group=2 pent    rows=1 cols=32 Square ;
  INPUT ---        38 39 40 41 42 43 44 45 46 47 48 49 50 51 52 53 54 55 56 
  INPUT ---       57 58 59 60 61 62 63 64 65 66 67 68 69 ;

  INPUT ---    group=1 N    rows=1 cols=1 Square ;
  INPUT ---        5 ;

  INPUT ---    group=2 N    rows=1 cols=1 Square ;
  INPUT ---        5 ;

  INPUT ---    design matrix constraints=69 covariates=6;
  INPUT ---        1 0 0 0 0 0;
  INPUT ---        1 1 0 0 0 0;
  INPUT ---        0 0 1 0 0 0;
  INPUT ---        0 0 1 1 0 0;
  INPUT ---        0 0 0 0 0 1;
  INPUT ---        0 0 0 0 1 0;
  INPUT ---        0 0 0 0 1 0;
  INPUT ---        0 0 0 0 1 0;

  Program  MARK  - Survival Rate Estimation with Capture-Recapture Data
   gfortran(dble) Vers. 9.0 Mar 2018    25-Mar-2020 12:21:16    Page  003
 - - - - - - - - - - - - - - - - - - - - - - - - - - - - - - - - - - - - - -
 
  INPUT ---        0 0 0 0 1 0;
  INPUT ---        0 0 0 0 1 0;
  INPUT ---        0 0 0 0 1 0;
  INPUT ---        0 0 0 0 1 0;
  INPUT ---        0 0 0 0 1 0;
  INPUT ---        0 0 0 0 1 0;
  INPUT ---        0 0 0 0 1 0;
  INPUT ---        0 0 0 0 1 0;
  INPUT ---        0 0 0 0 1 0;
  INPUT ---        0 0 0 0 1 0;
  INPUT ---        0 0 0 0 1 0;
  INPUT ---        0 0 0 0 1 0;
  INPUT ---        0 0 0 0 1 0;
  INPUT ---        0 0 0 0 1 0;
  INPUT ---        0 0 0 0 1 0;
  INPUT ---        0 0 0 0 1 0;
  INPUT ---        0 0 0 0 1 0;
  INPUT ---        0 0 0 0 1 0;
  INPUT ---        0 0 0 0 1 0;
  INPUT ---        0 0 0 0 1 0;
  INPUT ---        0 0 0 0 1 0;
  INPUT ---        0 0 0 0 1 0;
  INPUT ---        0 0 0 0 1 0;
  INPUT ---        0 0 0 0 1 0;
  INPUT ---        0 0 0 0 1 0;
  INPUT ---        0 0 0 0 1 0;
  INPUT ---        0 0 0 0 1 0;
  INPUT ---        0 0 0 0 1 0;
  INPUT ---        0 0 0 0 1 0;
  INPUT ---        0 0 0 0 1 0;
  INPUT ---        0 0 0 0 1 0;
  INPUT ---        0 0 0 0 1 0;
  INPUT ---        0 0 0 0 1 0;
  INPUT ---        0 0 0 0 1 0;
  INPUT ---        0 0 0 0 1 0;
  INPUT ---        0 0 0 0 1 0;
  INPUT ---        0 0 0 0 1 0;
  INPUT ---        0 0 0 0 1 0;
  INPUT ---        0 0 0 0 1 0;
  INPUT ---        0 0 0 0 1 0;
  INPUT ---        0 0 0 0 1 0;
  INPUT ---        0 0 0 0 1 0;
  INPUT ---        0 0 0 0 1 0;
  INPUT ---        0 0 0 0 1 0;
  INPUT ---        0 0 0 0 1 0;
  INPUT ---        0 0 0 0 1 0;

  Program  MARK  - Survival Rate Estimation with Capture-Recapture Data
   gfortran(dble) Vers. 9.0 Mar 2018    25-Mar-2020 12:21:16    Page  004
 - - - - - - - - - - - - - - - - - - - - - - - - - - - - - - - - - - - - - -
 
  INPUT ---        0 0 0 0 1 0;
  INPUT ---        0 0 0 0 1 0;
  INPUT ---        0 0 0 0 1 0;
  INPUT ---        0 0 0 0 1 0;
  INPUT ---        0 0 0 0 1 0;
  INPUT ---        0 0 0 0 1 0;
  INPUT ---        0 0 0 0 1 0;
  INPUT ---        0 0 0 0 1 0;
  INPUT ---        0 0 0 0 1 0;
  INPUT ---        0 0 0 0 1 0;
  INPUT ---        0 0 0 0 1 0;
  INPUT ---        0 0 0 0 1 0;
  INPUT ---        0 0 0 0 1 0;
  INPUT ---        0 0 0 0 1 0;
  INPUT ---        0 0 0 0 1 0;

  INPUT ---    links=69;

  INPUT ---    Logit;

  INPUT ---    Logit;

  INPUT ---    Logit;

  INPUT ---    Logit;

  INPUT ---    Log;

  INPUT ---    mlogit(1);

  INPUT ---    mlogit(1);

  INPUT ---    mlogit(1);

  INPUT ---    mlogit(1);

  INPUT ---    mlogit(1);

  INPUT ---    mlogit(1);

  INPUT ---    mlogit(1);

  INPUT ---    mlogit(1);

  INPUT ---    mlogit(1);


  Program  MARK  - Survival Rate Estimation with Capture-Recapture Data
   gfortran(dble) Vers. 9.0 Mar 2018    25-Mar-2020 12:21:16    Page  005
 - - - - - - - - - - - - - - - - - - - - - - - - - - - - - - - - - - - - - -
 
  INPUT ---    mlogit(1);

  INPUT ---    mlogit(1);

  INPUT ---    mlogit(1);

  INPUT ---    mlogit(1);

  INPUT ---    mlogit(1);

  INPUT ---    mlogit(1);

  INPUT ---    mlogit(1);

  INPUT ---    mlogit(1);

  INPUT ---    mlogit(1);

  INPUT ---    mlogit(1);

  INPUT ---    mlogit(1);

  INPUT ---    mlogit(1);

  INPUT ---    mlogit(1);

  INPUT ---    mlogit(1);

  INPUT ---    mlogit(1);

  INPUT ---    mlogit(1);

  INPUT ---    mlogit(1);

  INPUT ---    mlogit(1);

  INPUT ---    mlogit(1);

  INPUT ---    mlogit(1);

  INPUT ---    mlogit(1);

  INPUT ---    mlogit(1);

  INPUT ---    mlogit(1);


  Program  MARK  - Survival Rate Estimation with Capture-Recapture Data
   gfortran(dble) Vers. 9.0 Mar 2018    25-Mar-2020 12:21:16    Page  006
 - - - - - - - - - - - - - - - - - - - - - - - - - - - - - - - - - - - - - -
 
  INPUT ---    mlogit(2);

  INPUT ---    mlogit(2);

  INPUT ---    mlogit(2);

  INPUT ---    mlogit(2);

  INPUT ---    mlogit(2);

  INPUT ---    mlogit(2);

  INPUT ---    mlogit(2);

  INPUT ---    mlogit(2);

  INPUT ---    mlogit(2);

  INPUT ---    mlogit(2);

  INPUT ---    mlogit(2);

  INPUT ---    mlogit(2);

  INPUT ---    mlogit(2);

  INPUT ---    mlogit(2);

  INPUT ---    mlogit(2);

  INPUT ---    mlogit(2);

  INPUT ---    mlogit(2);

  INPUT ---    mlogit(2);

  INPUT ---    mlogit(2);

  INPUT ---    mlogit(2);

  INPUT ---    mlogit(2);

  INPUT ---    mlogit(2);

  INPUT ---    mlogit(2);


  Program  MARK  - Survival Rate Estimation with Capture-Recapture Data
   gfortran(dble) Vers. 9.0 Mar 2018    25-Mar-2020 12:21:16    Page  007
 - - - - - - - - - - - - - - - - - - - - - - - - - - - - - - - - - - - - - -
 
  INPUT ---    mlogit(2);

  INPUT ---    mlogit(2);

  INPUT ---    mlogit(2);

  INPUT ---    mlogit(2);

  INPUT ---    mlogit(2);

  INPUT ---    mlogit(2);

  INPUT ---    mlogit(2);

  INPUT ---    mlogit(2);

  INPUT ---    mlogit(2);
  INPUT ---       blabel(1)=Phi:(Intercept);
  INPUT ---       blabel(2)=Phi:sexM;
  INPUT ---       blabel(3)=p:(Intercept);
  INPUT ---       blabel(4)=p:sexM;
  INPUT ---       blabel(5)=pent:(Intercept);
  INPUT ---       blabel(6)=N:(Intercept);
  INPUT ---       rlabel(1)=Phi gF a0 t1;
  INPUT ---       rlabel(2)=Phi gM a0 t1;
  INPUT ---       rlabel(3)=p gF a0 t1;
  INPUT ---       rlabel(4)=p gM a0 t1;
  INPUT ---       rlabel(5)=N gF a0 t1;
  INPUT ---       rlabel(6)=pent gF a0.00547945205479452 t1.00547945205479;
  INPUT ---       rlabel(7)=pent gF a0.00821917808219178 t1.00821917808219;
  INPUT ---       rlabel(8)=pent gF a0.010958904109589 t1.01095890410959;
  INPUT ---       rlabel(9)=pent gF a0.0164383561643836 t1.01643835616438;
  INPUT ---       rlabel(10)=pent gF a0.0246575342465753 t1.02465753424658;
  INPUT ---       rlabel(11)=pent gF a0.0273972602739726 t1.02739726027397;
  INPUT ---       rlabel(12)=pent gF a0.0301369863013699 t1.03013698630137;
  INPUT ---       rlabel(13)=pent gF a0.0356164383561644 t1.03561643835616;
  INPUT ---       rlabel(14)=pent gF a0.0410958904109589 t1.04109589041096;
  INPUT ---       rlabel(15)=pent gF a0.0493150684931507 t1.04931506849315;
  INPUT ---       rlabel(16)=pent gF a0.0520547945205479 t1.05205479452055;
  INPUT ---       rlabel(17)=pent gF a0.0657534246575342 t1.06575342465753;
  INPUT ---       rlabel(18)=pent gF a0.0712328767123288 t1.07123287671233;
  INPUT ---       rlabel(19)=pent gF a0.0986301369863014 t1.0986301369863;
  INPUT ---       rlabel(20)=pent gF a0.101369863013699 t1.1013698630137;
  INPUT ---       rlabel(21)=pent gF a0.106849315068493 t1.10684931506849;
  INPUT ---       rlabel(22)=pent gF a0.10958904109589 t1.10958904109589;
  INPUT ---       rlabel(23)=pent gF a0.120547945205479 t1.12054794520548;

  Program  MARK  - Survival Rate Estimation with Capture-Recapture Data
   gfortran(dble) Vers. 9.0 Mar 2018    25-Mar-2020 12:21:16    Page  008
 - - - - - - - - - - - - - - - - - - - - - - - - - - - - - - - - - - - - - -
 
  INPUT ---       rlabel(24)=pent gF a0.350684931506849 t1.35068493150685;
  INPUT ---       rlabel(25)=pent gF a0.358904109589041 t1.35890410958904;
  INPUT ---       rlabel(26)=pent gF a0.613698630136986 t1.61369863013699;
  INPUT ---       rlabel(27)=pent gF a0.638356164383562 t1.63835616438356;
  INPUT ---       rlabel(28)=pent gF a0.646575342465753 t1.64657534246575;
  INPUT ---       rlabel(29)=pent gF a0.649315068493151 t1.64931506849315;
  INPUT ---       rlabel(30)=pent gF a0.652054794520548 t1.65205479452055;
  INPUT ---       rlabel(31)=pent gF a0.704109589041096 t1.7041095890411;
  INPUT ---       rlabel(32)=pent gF a0.706849315068493 t1.70684931506849;
  INPUT ---       rlabel(33)=pent gF a0.70958904109589 t1.70958904109589;
  INPUT ---       rlabel(34)=pent gF a0.827397260273973 t1.82739726027397;
  INPUT ---       rlabel(35)=pent gF a1.4027397260274 t2.4027397260274;
  INPUT ---       rlabel(36)=pent gF a1.40547945205479 t2.40547945205479;
  INPUT ---       rlabel(37)=pent gF a1.40821917808219 t2.40821917808219;
  INPUT ---       rlabel(38)=pent gM a0.00547945205479452 t1.00547945205479;
  INPUT ---       rlabel(39)=pent gM a0.00821917808219178 t1.00821917808219;
  INPUT ---       rlabel(40)=pent gM a0.010958904109589 t1.01095890410959;
  INPUT ---       rlabel(41)=pent gM a0.0164383561643836 t1.01643835616438;
  INPUT ---       rlabel(42)=pent gM a0.0246575342465753 t1.02465753424658;
  INPUT ---       rlabel(43)=pent gM a0.0273972602739726 t1.02739726027397;
  INPUT ---       rlabel(44)=pent gM a0.0301369863013699 t1.03013698630137;
  INPUT ---       rlabel(45)=pent gM a0.0356164383561644 t1.03561643835616;
  INPUT ---       rlabel(46)=pent gM a0.0410958904109589 t1.04109589041096;
  INPUT ---       rlabel(47)=pent gM a0.0493150684931507 t1.04931506849315;
  INPUT ---       rlabel(48)=pent gM a0.0520547945205479 t1.05205479452055;
  INPUT ---       rlabel(49)=pent gM a0.0657534246575342 t1.06575342465753;
  INPUT ---       rlabel(50)=pent gM a0.0712328767123288 t1.07123287671233;
  INPUT ---       rlabel(51)=pent gM a0.0986301369863014 t1.0986301369863;
  INPUT ---       rlabel(52)=pent gM a0.101369863013699 t1.1013698630137;
  INPUT ---       rlabel(53)=pent gM a0.106849315068493 t1.10684931506849;
  INPUT ---       rlabel(54)=pent gM a0.10958904109589 t1.10958904109589;
  INPUT ---       rlabel(55)=pent gM a0.120547945205479 t1.12054794520548;
  INPUT ---       rlabel(56)=pent gM a0.350684931506849 t1.35068493150685;
  INPUT ---       rlabel(57)=pent gM a0.358904109589041 t1.35890410958904;
  INPUT ---       rlabel(58)=pent gM a0.613698630136986 t1.61369863013699;
  INPUT ---       rlabel(59)=pent gM a0.638356164383562 t1.63835616438356;
  INPUT ---       rlabel(60)=pent gM a0.646575342465753 t1.64657534246575;
  INPUT ---       rlabel(61)=pent gM a0.649315068493151 t1.64931506849315;
  INPUT ---       rlabel(62)=pent gM a0.652054794520548 t1.65205479452055;
  INPUT ---       rlabel(63)=pent gM a0.704109589041096 t1.7041095890411;
  INPUT ---       rlabel(64)=pent gM a0.706849315068493 t1.70684931506849;
  INPUT ---       rlabel(65)=pent gM a0.70958904109589 t1.70958904109589;
  INPUT ---       rlabel(66)=pent gM a0.827397260273973 t1.82739726027397;
  INPUT ---       rlabel(67)=pent gM a1.4027397260274 t2.4027397260274;
  INPUT ---       rlabel(68)=pent gM a1.40547945205479 t2.40547945205479;
  INPUT ---       rlabel(69)=pent gM a1.40821917808219 t2.40821917808219;

  Program  MARK  - Survival Rate Estimation with Capture-Recapture Data
   gfortran(dble) Vers. 9.0 Mar 2018    25-Mar-2020 12:21:16    Page  009
 - - - - - - - - - - - - - - - - - - - - - - - - - - - - - - - - - - - - - -
 

 Link Function Used is PARM-SPECIFIC

 Variance Estimation Procedure Used is 2ndPart 

 M(t+1):
      16     29



 Group: 1

 U(t)+UL(t):
       0    2    2    0    1    0    3    1    1    0    0    0    0    0    1
       0    0    0    2    1    1    0    0    0    1    0    0    0    0    0
       0    0    0

 U(t):
       0    2    2    0    1    0    3    1    1    0    0    0    0    0    1
       0    0    0    2    1    1    0    0    0    1    0    0    0    0    0
       0    0    0

 UL(t):
       0    0    0    0    0    0    0    0    0    0    0    0    0    0    0
       0    0    0    0    0    0    0    0    0    0    0    0    0    0    0
       0    0    0

 Not Released(t):
       0    0    0    0    0    0    0    0    0    0    0    0    0    0    0
       0    0    0    0    0    0    0    0    0    0    0    0    0    0    0
       0    0    0

 Group: 2

 U(t)+UL(t):
       3    0    1    1    1    1    1    0    1    1    2    1    3    3    1
       1    0    2    3    1    0    0    1    0    0    0    0    0    0    1
       0    0    0

 U(t):
       3    0    1    1    1    1    1    0    1    1    2    1    3    3    1
       1    0    2    3    1    0    0    1    0    0    0    0    0    0    1
       0    0    0

 UL(t):
       0    0    0    0    0    0    0    0    0    0    0    0    0    0    0
       0    0    0    0    0    0    0    0    0    0    0    0    0    0    0
       0    0    0

 Not Released(t):
       0    0    0    0    0    0    0    0    0    0    0    0    0    0    0
       0    0    0    0    0    0    0    0    0    0    0    0    0    0    0
       0    0    0
 -2logL(saturated) = 272.93564     
 Effective Sample Size = 103

 Number of function evaluations was 21 for 6 parameters.
 Time for numerical optimization was 0.05 seconds.     
 -2logL { Phi(~sex)p(~sex)pent(~1)N(~1) } = 552.95464     
 Penalty { Phi(~sex)p(~sex)pent(~1)N(~1) } = 0.0000000     
 Gradient { Phi(~sex)p(~sex)pent(~1)N(~1) }:
  0.1756946E-04  0.4243535E-05  0.2146403E-04  0.1383554E-04  0.6863248E-05
  0.2705771E-05
 Maximum ABS(G) { Phi(~sex)p(~sex)pent(~1)N(~1) } = 0.2146403E-04 
 S Vector { Phi(~sex)p(~sex)pent(~1)N(~1) }:
   126.0236      11.56633      5.757373      3.175839     0.5186089    
  0.3687421    
 Time to compute number of parameters was 0.01 seconds.     
 Ratio Threshold = 50.000000       Max Gap (1/2) = 10.895729       Next Max Gap (1/2) = 10.895729     
 Gap Method for Num. of Estimated Parameters { Phi(~sex)p(~sex)pent(~1)N(~1) } = 6          
 Threshold { Phi(~sex)p(~sex)pent(~1)N(~1) } = 0.4292807E-04                 
 Numerical Threshold Method for Num. of Estimated Parameters { Phi(~sex)p(~sex)pent(~1)N(~1) } = 6          
 Number of Estimated Parameters { Phi(~sex)p(~sex)pent(~1)N(~1) } = 6          
 DEVIANCE { Phi(~sex)p(~sex)pent(~1)N(~1) } = 280.01900                     
 DEVIANCE Degrees of Freedom { Phi(~sex)p(~sex)pent(~1)N(~1) } = 35            
 c-hat { Phi(~sex)p(~sex)pent(~1)N(~1) } = 8.0005427                     
 AIC { Phi(~sex)p(~sex)pent(~1)N(~1) } = 564.95464                  
 AICc { Phi(~sex)p(~sex)pent(~1)N(~1) } = 565.82964                    
 BIC { Phi(~sex)p(~sex)pent(~1)N(~1) } = 580.76301                    
 Pearson Chisquare { Phi(~sex)p(~sex)pent(~1)N(~1) } = 21651543.                  


              PARM-SPECIFIC Link Function Parameters of { Phi(~sex)p(~sex)pent(~1)N(~1) }
                                                              95% Confidence Interval
 Parameter                    Beta         Standard Error      Lower           Upper
 -------------------------  --------------  --------------  --------------  --------------
    1:Phi:(Intercept)       -1.6054503       1.0359741      -3.6359597       0.4250590    
    2:Phi:sexM               2.5957730       1.3118098       0.0246258       5.1669203    
    3:p:(Intercept)         -2.5545017       0.2764682      -3.0963794      -2.0126241    
    4:p:sexM                 0.1028688       0.2884172      -0.4624290       0.6681666    
    5:pent:(Intercept)      -4.5581513       1.3807372      -7.2643963      -1.8519063    
    6:N:(Intercept)          1.8196753       0.6024755       0.6388234       3.0005273    


              Real Function Parameters of { Phi(~sex)p(~sex)pent(~1)N(~1) }
                                                               95% Confidence Interval
  Parameter                  Estimate       Standard Error      Lower           Upper
 --------------------------  --------------  --------------  --------------  --------------
     1:Phi gF a0 t1           0.1672212       0.1442680       0.0256817       0.6046932                          
     2:Phi gM a0 t1           0.7291517       0.2072837       0.2559969       0.9546756                          
     3:p gF a0 t1             0.0721246       0.0185020       0.0432568       0.1178838                          
     4:p gM a0 t1             0.0793192       0.0137708       0.0561877       0.1108551                          
     5:N gF a0 t1             22.169855       3.7171863       18.072950       34.363739                          
     6:pent gF a0.005479452   0.0078489       0.0081153       0.0010250       0.0574898                          
     7:pent gF a0.008219178   0.0078489       0.0081153       0.0010250       0.0574898                          

  Program  MARK  - Survival Rate Estimation with Capture-Recapture Data
   gfortran(dble) Vers. 9.0 Mar 2018    25-Mar-2020 12:21:16    Page  010
 - - - - - - - - - - - - - - - - - - - - - - - - - - - - - - - - - - - - - -
 
     8:pent gF a0.010958904   0.0078489       0.0081153       0.0010250       0.0574898                          
     9:pent gF a0.016438356   0.0078489       0.0081153       0.0010250       0.0574898                          
    10:pent gF a0.024657534   0.0078489       0.0081153       0.0010250       0.0574898                          
    11:pent gF a0.027397260   0.0078489       0.0081153       0.0010250       0.0574898                          
    12:pent gF a0.030136986   0.0078489       0.0081153       0.0010250       0.0574898                          
    13:pent gF a0.035616438   0.0078489       0.0081153       0.0010250       0.0574898                          
    14:pent gF a0.041095890   0.0078489       0.0081153       0.0010250       0.0574898                          
    15:pent gF a0.049315068   0.0078489       0.0081153       0.0010250       0.0574898                          
    16:pent gF a0.052054794   0.0078489       0.0081153       0.0010250       0.0574898                          
    17:pent gF a0.065753424   0.0078489       0.0081153       0.0010250       0.0574898                          
    18:pent gF a0.071232876   0.0078489       0.0081153       0.0010250       0.0574898                          
    19:pent gF a0.098630136   0.0078489       0.0081153       0.0010250       0.0574898                          
    20:pent gF a0.101369863   0.0078489       0.0081153       0.0010250       0.0574898                          
    21:pent gF a0.106849315   0.0078489       0.0081153       0.0010250       0.0574898                          
    22:pent gF a0.109589041   0.0078489       0.0081153       0.0010250       0.0574898                          
    23:pent gF a0.120547945   0.0078489       0.0081153       0.0010250       0.0574898                          
    24:pent gF a0.350684931   0.0078489       0.0081153       0.0010250       0.0574898                          
    25:pent gF a0.358904109   0.0078489       0.0081153       0.0010250       0.0574898                          
    26:pent gF a0.613698630   0.0078489       0.0081153       0.0010250       0.0574898                          
    27:pent gF a0.638356164   0.0078489       0.0081153       0.0010250       0.0574898                          
    28:pent gF a0.646575342   0.0078489       0.0081153       0.0010250       0.0574898                          
    29:pent gF a0.649315068   0.0078489       0.0081153       0.0010250       0.0574898                          
    30:pent gF a0.652054794   0.0078489       0.0081153       0.0010250       0.0574898                          
    31:pent gF a0.704109589   0.0078489       0.0081153       0.0010250       0.0574898                          
    32:pent gF a0.706849315   0.0078489       0.0081153       0.0010250       0.0574898                          
    33:pent gF a0.709589041   0.0078489       0.0081153       0.0010250       0.0574898                          
    34:pent gF a0.827397260   0.0078489       0.0081153       0.0010250       0.0574898                          
    35:pent gF a1.402739726   0.0078489       0.0081153       0.0010250       0.0574898                          
    36:pent gF a1.405479452   0.0078489       0.0081153       0.0010250       0.0574898                          
    37:pent gF a1.408219178   0.0078489       0.0081153       0.0010250       0.0574898                          
    38:pent gM a0.005479452   0.0078489       0.0081153       0.0010250       0.0574898                          
    39:pent gM a0.008219178   0.0078489       0.0081153       0.0010250       0.0574898                          
    40:pent gM a0.010958904   0.0078489       0.0081153       0.0010250       0.0574898                          
    41:pent gM a0.016438356   0.0078489       0.0081153       0.0010250       0.0574898                          
    42:pent gM a0.024657534   0.0078489       0.0081153       0.0010250       0.0574898                          
    43:pent gM a0.027397260   0.0078489       0.0081153       0.0010250       0.0574898                          
    44:pent gM a0.030136986   0.0078489       0.0081153       0.0010250       0.0574898                          
    45:pent gM a0.035616438   0.0078489       0.0081153       0.0010250       0.0574898                          
    46:pent gM a0.041095890   0.0078489       0.0081153       0.0010250       0.0574898                          
    47:pent gM a0.049315068   0.0078489       0.0081153       0.0010250       0.0574898                          
    48:pent gM a0.052054794   0.0078489       0.0081153       0.0010250       0.0574898                          
    49:pent gM a0.065753424   0.0078489       0.0081153       0.0010250       0.0574898                          
    50:pent gM a0.071232876   0.0078489       0.0081153       0.0010250       0.0574898                          
    51:pent gM a0.098630136   0.0078489       0.0081153       0.0010250       0.0574898                          
    52:pent gM a0.101369863   0.0078489       0.0081153       0.0010250       0.0574898                          
    53:pent gM a0.106849315   0.0078489       0.0081153       0.0010250       0.0574898                          

  Program  MARK  - Survival Rate Estimation with Capture-Recapture Data
   gfortran(dble) Vers. 9.0 Mar 2018    25-Mar-2020 12:21:16    Page  011
 - - - - - - - - - - - - - - - - - - - - - - - - - - - - - - - - - - - - - -
 
    54:pent gM a0.109589041   0.0078489       0.0081153       0.0010250       0.0574898                          
    55:pent gM a0.120547945   0.0078489       0.0081153       0.0010250       0.0574898                          
    56:pent gM a0.350684931   0.0078489       0.0081153       0.0010250       0.0574898                          
    57:pent gM a0.358904109   0.0078489       0.0081153       0.0010250       0.0574898                          
    58:pent gM a0.613698630   0.0078489       0.0081153       0.0010250       0.0574898                          
    59:pent gM a0.638356164   0.0078489       0.0081153       0.0010250       0.0574898                          
    60:pent gM a0.646575342   0.0078489       0.0081153       0.0010250       0.0574898                          
    61:pent gM a0.649315068   0.0078489       0.0081153       0.0010250       0.0574898                          
    62:pent gM a0.652054794   0.0078489       0.0081153       0.0010250       0.0574898                          
    63:pent gM a0.704109589   0.0078489       0.0081153       0.0010250       0.0574898                          
    64:pent gM a0.706849315   0.0078489       0.0081153       0.0010250       0.0574898                          
    65:pent gM a0.709589041   0.0078489       0.0081153       0.0010250       0.0574898                          
    66:pent gM a0.827397260   0.0078489       0.0081153       0.0010250       0.0574898                          
    67:pent gM a1.402739726   0.0078489       0.0081153       0.0010250       0.0574898                          
    68:pent gM a1.405479452   0.0078489       0.0081153       0.0010250       0.0574898                          
    69:pent gM a1.408219178   0.0078489       0.0081153       0.0010250       0.0574898                          


                      Estimates of Derived Parameters
  Gross Birth+Immigration Estimates of { Phi(~sex)p(~sex)pent(~1)N(~1) }
                                                95% Confidence Interval
 Grp. Occ.   B*-hat          Standard Error      Lower           Upper
 ---- ----   --------------  --------------  --------------  --------------
   1     1    0.1748622       0.2034125       0.0285266       1.0718700    
   1     2    0.1744349       0.2028208       0.0284730       1.0686435    
   1     3    0.1744349       0.2028208       0.0284730       1.0686435    
   1     4    0.1748622       0.2034125       0.0285266       1.0718700    
   1     5    0.1752903       0.2040054       0.0285802       1.0751039    
   1     6    0.1744349       0.2028208       0.0284730       1.0686435    
   1     7    0.1744349       0.2028208       0.0284730       1.0686435    
   1     8    0.1748622       0.2034125       0.0285266       1.0718700    
   1     9    0.1748622       0.2034125       0.0285266       1.0718700    
   1    10    0.1752903       0.2040054       0.0285802       1.0751039    
   1    11    0.1744349       0.2028208       0.0284730       1.0686435    
   1    12    0.1761485       0.2051952       0.0286875       1.0815940    
   1    13    0.1748622       0.2034125       0.0285266       1.0718700    
   1    14    0.1783061       0.2081920       0.0289568       1.0979492    
   1    15    0.1744349       0.2028208       0.0284730       1.0686435    
   1    16    0.1748622       0.2034125       0.0285266       1.0718700    
   1    17    0.1744349       0.2028208       0.0284730       1.0686435    
   1    18    0.1757190       0.2045996       0.0286338       1.0783452    
   1    19    0.2122674       0.2562911       0.0330884       1.3617306    
   1    20    0.1752903       0.2040054       0.0285802       1.0751039    
   1    21    0.2166553       0.2626166       0.0336104       1.3965779    
   1    22    0.1778732       0.2075901       0.0289028       1.0946633    

  Program  MARK  - Survival Rate Estimation with Capture-Recapture Data
   gfortran(dble) Vers. 9.0 Mar 2018    25-Mar-2020 12:21:16    Page  012
 - - - - - - - - - - - - - - - - - - - - - - - - - - - - - - - - - - - - - -
 
   1    23    0.1752903       0.2040054       0.0285802       1.0751039    
   1    24    0.1744349       0.2028208       0.0284730       1.0686435    
   1    25    0.1744349       0.2028208       0.0284730       1.0686435    
   1    26    0.1822337       0.2136672       0.0294445       1.1278565    
   1    27    0.1744349       0.2028208       0.0284730       1.0686435    
   1    28    0.1744349       0.2028208       0.0284730       1.0686435    
   1    29    0.1929826       0.2287760       0.0307646       1.2105551    
   1    30    0.2786209       0.3538821       0.0408078       1.9023210    
   1    31    0.1744349       0.2028208       0.0284730       1.0686435    
   1    32    0.1744349       0.2028208       0.0284730       1.0686435    
   2     1    0.2762824       0.3077533       0.0475071       1.6067485    
   2     2    0.2761629       0.3075729       0.0474954       1.6057551    
   2     3    0.2761629       0.3075729       0.0474954       1.6057551    
   2     4    0.2762824       0.3077533       0.0475071       1.6067485    
   2     5    0.2764020       0.3079339       0.0475188       1.6077425    
   2     6    0.2761629       0.3075729       0.0474954       1.6057551    
   2     7    0.2761629       0.3075729       0.0474954       1.6057551    
   2     8    0.2762824       0.3077533       0.0475071       1.6067485    
   2     9    0.2762824       0.3077533       0.0475071       1.6067485    
   2    10    0.2764020       0.3079339       0.0475188       1.6077425    
   2    11    0.2761629       0.3075729       0.0474954       1.6057551    
   2    12    0.2766411       0.3082952       0.0475423       1.6097322    
   2    13    0.2762824       0.3077533       0.0475071       1.6067485    
   2    14    0.2772397       0.3092002       0.0476008       1.6147168    
   2    15    0.2761629       0.3075729       0.0474954       1.6057551    
   2    16    0.2762824       0.3077533       0.0475071       1.6067485    
   2    17    0.2761629       0.3075729       0.0474954       1.6057551    
   2    18    0.2765215       0.3081145       0.0475306       1.6087371    
   2    19    0.2861984       0.3228746       0.0484616       1.6901945    
   2    20    0.2764020       0.3079339       0.0475188       1.6077425    
   2    21    0.2873009       0.3245735       0.0485656       1.6995924    
   2    22    0.2771199       0.3090190       0.0475891       1.6137187    
   2    23    0.2764020       0.3079339       0.0475188       1.6077425    
   2    24    0.2761629       0.3075729       0.0474954       1.6057551    
   2    25    0.2761629       0.3075729       0.0474954       1.6057551    
   2    26    0.2783192       0.3108352       0.0477061       1.6237258    
   2    27    0.2761629       0.3075729       0.0474954       1.6057551    
   2    28    0.2761629       0.3075729       0.0474954       1.6057551    
   2    29    0.2812115       0.3152334       0.0479859       1.6479807    
   2    30    0.3018863       0.3473640       0.0499076       1.8260805    
   2    31    0.2761629       0.3075729       0.0474954       1.6057551    
   2    32    0.2761629       0.3075729       0.0474954       1.6057551    

   Net Birth+Immigration Estimates of { Phi(~sex)p(~sex)pent(~1)N(~1) }
                                                95% Confidence Interval
 Grp. Occ.   B-hat           Standard Error      Lower           Upper
 ---- ----   --------------  --------------  --------------  --------------
   1     1    0.1740082       0.2022304       0.0284195       1.0654244    
   1     2    0.1740082       0.2022304       0.0284195       1.0654244    
   1     3    0.1740082       0.2022304       0.0284195       1.0654244    
   1     4    0.1740082       0.2022304       0.0284195       1.0654244    
   1     5    0.1740082       0.2022304       0.0284195       1.0654244    
   1     6    0.1740082       0.2022304       0.0284195       1.0654244    
   1     7    0.1740082       0.2022304       0.0284195       1.0654244    
   1     8    0.1740082       0.2022304       0.0284195       1.0654244    
   1     9    0.1740082       0.2022304       0.0284195       1.0654244    
   1    10    0.1740082       0.2022304       0.0284195       1.0654244    
   1    11    0.1740082       0.2022304       0.0284195       1.0654244    
   1    12    0.1740082       0.2022304       0.0284195       1.0654244    
   1    13    0.1740082       0.2022304       0.0284195       1.0654244    
   1    14    0.1740082       0.2022304       0.0284195       1.0654244    
   1    15    0.1740082       0.2022304       0.0284195       1.0654244    
   1    16    0.1740082       0.2022304       0.0284195       1.0654244    
   1    17    0.1740082       0.2022304       0.0284195       1.0654244    
   1    18    0.1740082       0.2022304       0.0284195       1.0654244    
   1    19    0.1740082       0.2022304       0.0284195       1.0654244    
   1    20    0.1740082       0.2022304       0.0284195       1.0654244    
   1    21    0.1740082       0.2022304       0.0284195       1.0654244    
   1    22    0.1740082       0.2022304       0.0284195       1.0654244    
   1    23    0.1740082       0.2022304       0.0284195       1.0654244    
   1    24    0.1740082       0.2022304       0.0284195       1.0654244    
   1    25    0.1740082       0.2022304       0.0284195       1.0654244    
   1    26    0.1740082       0.2022304       0.0284195       1.0654244    
   1    27    0.1740082       0.2022304       0.0284195       1.0654244    
   1    28    0.1740082       0.2022304       0.0284195       1.0654244    
   1    29    0.1740082       0.2022304       0.0284195       1.0654244    
   1    30    0.1740082       0.2022304       0.0284195       1.0654244    
   1    31    0.1740082       0.2022304       0.0284195       1.0654244    
   1    32    0.1740082       0.2022304       0.0284195       1.0654244    
   2     1    0.2760435       0.3073926       0.0474837       1.6047622    
   2     2    0.2760435       0.3073926       0.0474837       1.6047622    
   2     3    0.2760435       0.3073926       0.0474837       1.6047622    
   2     4    0.2760435       0.3073926       0.0474837       1.6047622    
   2     5    0.2760435       0.3073926       0.0474837       1.6047622    
   2     6    0.2760435       0.3073926       0.0474837       1.6047622    
   2     7    0.2760435       0.3073926       0.0474837       1.6047622    
   2     8    0.2760435       0.3073926       0.0474837       1.6047622    
   2     9    0.2760435       0.3073926       0.0474837       1.6047622    
   2    10    0.2760435       0.3073926       0.0474837       1.6047622    
   2    11    0.2760435       0.3073926       0.0474837       1.6047622    
   2    12    0.2760435       0.3073926       0.0474837       1.6047622    
   2    13    0.2760435       0.3073926       0.0474837       1.6047622    
   2    14    0.2760435       0.3073926       0.0474837       1.6047622    
   2    15    0.2760435       0.3073926       0.0474837       1.6047622    
   2    16    0.2760435       0.3073926       0.0474837       1.6047622    
   2    17    0.2760435       0.3073926       0.0474837       1.6047622    
   2    18    0.2760435       0.3073926       0.0474837       1.6047622    
   2    19    0.2760435       0.3073926       0.0474837       1.6047622    
   2    20    0.2760435       0.3073926       0.0474837       1.6047622    
   2    21    0.2760435       0.3073926       0.0474837       1.6047622    
   2    22    0.2760435       0.3073926       0.0474837       1.6047622    
   2    23    0.2760435       0.3073926       0.0474837       1.6047622    
   2    24    0.2760435       0.3073926       0.0474837       1.6047622    
   2    25    0.2760435       0.3073926       0.0474837       1.6047622    
   2    26    0.2760435       0.3073926       0.0474837       1.6047622    
   2    27    0.2760435       0.3073926       0.0474837       1.6047622    
   2    28    0.2760435       0.3073926       0.0474837       1.6047622    
   2    29    0.2760435       0.3073926       0.0474837       1.6047622    
   2    30    0.2760435       0.3073926       0.0474837       1.6047622    
   2    31    0.2760435       0.3073926       0.0474837       1.6047622    
   2    32    0.2760435       0.3073926       0.0474837       1.6047622    

        Population Estimates of { Phi(~sex)p(~sex)pent(~1)N(~1) }
                                                95% Confidence Interval
 Grp. Occ.   N-hat           Standard Error      Lower           Upper
 ---- ----   --------------  --------------  --------------  --------------
   1     1    16.601592       4.1782850       10.214014       26.983794    
   1     2    16.613705       3.9970098       10.436389       26.447384    
   1     3    16.706508       3.8257269       10.726190       26.021113    
   1     4    16.798857       3.6586768       11.016258       25.616829    

  Program  MARK  - Survival Rate Estimation with Capture-Recapture Data
   gfortran(dble) Vers. 9.0 Mar 2018    25-Mar-2020 12:21:16    Page  013
 - - - - - - - - - - - - - - - - - - - - - - - - - - - - - - - - - - - - - -
 
   1     5    16.809046       3.4932557       11.233362       25.152225    
   1     6    16.737777       3.3326489       11.372530       24.634201    
   1     7    16.829974       3.1809954       11.657529       24.297431    
   1     8    16.921720       3.0357034       11.938410       23.985154    
   1     9    16.930711       2.8987931       12.133481       23.624627    
   1    10    16.939614       2.7707760       12.319406       23.292562    
   1    11    16.866440       2.6562093       12.410514       22.922240    
   1    12    16.958008       2.5441174       12.658472       22.717909    
   1    13    16.721607       2.4656173       12.544100       22.290331    
   1    14    16.732549       2.3823363       12.675806       22.087606    
   1    15    16.106453       2.3836833       12.069945       21.492876    
   1    16    16.201736       2.3163858       12.259617       21.411456    
   1    17    16.217748       2.2740126       12.337168       21.318941    
   1    18    16.312486       2.2361779       12.484603       21.314030    
   1    19    16.169894       2.2442902       12.334630       21.197674    
   1    20    10.888160       3.1477495       6.2487096       18.972241    
   1    21    10.903288       3.1141191       6.2978060       18.876684    
   1    22    7.0868468       3.3472069       2.9408579       17.077805    
   1    23    6.9551266       3.2855941       2.8857773       16.762827    
   1    24    7.0276458       3.2388833       2.9732719       16.610591    
   1    25    7.1673039       3.2053341       3.1037848       16.550840    
   1    26    7.3062795       3.1841065       3.2265413       16.544564    
   1    27    6.8307985       3.1563849       2.8840904       16.178345    
   1    28    6.9714189       3.1519625       2.9937387       16.234109    
   1    29    7.1113519       3.1598746       3.0947439       16.341037    
   1    30    5.9343667       3.0661998       2.2872248       15.397134    
   1    31    2.2948142       2.0365861       0.5152155       10.221301    
   1    32    2.4576057       2.0183046       0.6016750       10.038353    
   1    33    2.6196016       2.0202160       0.6866206       9.9943292    
   2     1    26.336463       7.3474662       15.399857       45.039983    
   2     2    26.566963       7.0595263       15.922036       44.328724    
   2     3    26.820025       6.7719559       16.475638       43.659235    
   2     4    27.072868       6.4862654       17.038603       43.016450    
   2     5    27.302094       6.2048845       17.586209       42.385732    
   2     6    27.507347       5.9287402       18.115989       41.767202    
   2     7    27.759596       5.6499624       18.703306       41.201015    
   2     8    28.011627       5.3741554       19.297545       40.660676    
   2     9    28.239229       5.1052160       19.870167       40.133234    
   2    10    28.466438       4.8404256       20.446668       39.631792    
   2    11    28.668672       4.5845633       20.996322       39.144607    
   2    12    28.919916       4.3254959       21.606561       38.708685    
   2    13    29.071093       4.0919100       22.092008       38.254940    
   2    14    29.296863       3.8510959       22.667667       37.864778    
   2    15    29.320463       3.6670291       22.968058       37.429790    
   2    16    29.571144       3.4385745       23.562401       37.112200    
   2    17    29.796049       3.2290320       24.109069       36.824506    

  Program  MARK  - Survival Rate Estimation with Capture-Recapture Data
   gfortran(dble) Vers. 9.0 Mar 2018    25-Mar-2020 12:21:16    Page  014
 - - - - - - - - - - - - - - - - - - - - - - - - - - - - - - - - - - - - - -
 
   2    18    30.046318       3.0271166       24.674535       36.587569    
   2    19    30.218532       2.8640771       25.105929       36.372272    
   2    20    28.375808       3.6433506       22.085209       36.458179    
   2    21    28.578277       3.5188464       22.470856       36.345654    
   2    22    26.644384       4.7417193       18.849491       37.662724    
   2    23    26.713709       4.7399033       18.917718       37.722428    
   2    24    26.920488       4.6662878       19.214407       37.717149    
   2    25    27.173244       4.5804343       19.573147       37.724399    
   2    26    27.425782       4.5131560       19.907573       37.783287    
   2    27    27.254558       4.7295098       19.445577       38.199480    
   2    28    27.507025       4.6939860       19.734551       38.340697    
   2    29    27.759274       4.6775509       19.997575       38.533539    
   2    30    27.021310       5.2585326       18.517856       39.429575    
   2    31    22.807003       7.7438927       11.936939       43.575609    
   2    32    23.063318       7.6945969       12.200847       43.596695    
   2    33    23.319411       7.6570514       12.454872       43.661221    

     Gross Population Estimates of { Phi(~sex)p(~sex)pent(~1)N(~1) }
                                                95% Confidence Interval
 Grp. Occ.   N*-hat          Standard Error      Lower           Upper
 ---- ----   --------------  --------------  --------------  --------------
   1     0    22.410386       3.9952867       15.844598       31.696949    
   2     0    35.232323       3.7960224       28.542592       43.489973    

   CPU Time for the last procedure was 0.05 seconds.     

  Program  MARK  - Survival Rate Estimation with Capture-Recapture Data
   gfortran(dble) Vers. 9.0 Mar 2018    25-Mar-2020 12:21:16    Page  015
 - - - - - - - - - - - - - - - - - - - - - - - - - - - - - - - - - - - - - -
 


  INPUT --- proc stop;

     CPU Time in minutes for this job was 0.00

     Time Start = 12:21:15.986   Time End = 12:21:16.333

     Wall Clock Time in minutes for this job was 0.01


          E X E C U T I O N   S U C C E S S F U L 
