
   Program  MARK  - Survival Rate Estimation with Capture-Recapture Data
   gfortran(dble) Vers. 9.0 Mar 2018    25-Mar-2020 21:12:03    Page  001
 - - - - - - - - - - - - - - - - - - - - - - - - - - - - - - - - - - - - - -
 
   This version was compiled by GCC version 7.2.0 using the options: 
     -cpp -iprefix C:/Program Files/mingw-w64/x86_64-7.2.0-posix-seh-rt_v5-rev1/
     mingw64/bin/../lib/gcc/x86_64-w64-mingw32/7.2.0/ -D_MT -D_REENTRANT
     -U_REENTRANT -D IEEE -D DBLEPRECISION -m64 -mtune=core2 -march=nocona -mthreads
     -O2 -fimplicit-none -fbounds-check -funroll-loops -ftree-vectorize
     -ffpe-summary=invalid,zero,overflow,underflow -fno-unsafe-math-optimizations
     -frounding-math -fsignaling-nans -fopenmp.

   This problem will use 15 of 16 possible threads.


  INPUT --- proc title ;

   CPU Time for the last procedure was 0.01 seconds.     


  INPUT --- proc chmatrix occasions= 33 groups= 2 etype= POPAN Nodes= 
  INPUT --- 101 ICMeans NoHist hist= 41  ;

  INPUT ---    time interval 0.00547945205479452 0.00273972602739726 
  INPUT ---    0.00273972602739726 0.00547945205479452  
  INPUT ---    0.00821917808219178 0.00273972602739726 0.00273972602739726 
  INPUT ---    0.00547945205479452  0.00547945205479452 
  INPUT ---    0.00821917808219178 0.00273972602739726 0.0136986301369863 
  INPUT ---    0.00547945205479452  0.0273972602739726 0.00273972602739726 
  INPUT ---    0.00547945205479452 0.00273972602739726 0.010958904109589  
  INPUT ---    0.23013698630137 0.00821917808219178 0.254794520547945 
  INPUT ---    0.0246575342465753 0.00821917808219178  0.00273972602739726 
  INPUT ---    0.00273972602739726 0.0520547945205479 0.00273972602739726 
  INPUT ---    0.00273972602739726  0.117808219178082 0.575342465753425 
  INPUT ---    0.00273972602739726 0.00273972602739726 ;

  INPUT ---    glabel(1)=sexF;

  INPUT ---    glabel(2)=sexM;

   * *  WARNING  * *   At least a pair of the encounter histories are duplicates. 

      Number of unique encounter histories read was 38.

      Number of individual covariates read was 0.
      Time interval lengths vary and/or not equal to 1.

      Data type number is 19
      Data type is POPAN                                                                                               

   CPU Time for the last procedure was 0.01 seconds.     

  Program  MARK  - Survival Rate Estimation with Capture-Recapture Data
   gfortran(dble) Vers. 9.0 Mar 2018    25-Mar-2020 21:12:03    Page  002
 - - - - - - - - - - - - - - - - - - - - - - - - - - - - - - - - - - - - - -
 


  INPUT --- proc estimate link=Parm-Specific NOLOOP varest=2ndPart    ;


  INPUT --- model={ Phi(~1)p(~sex)pent(~1)N(~1) };

  INPUT ---    group=1 Phi    rows=1 cols=32 Square ;
  INPUT ---        1 1 1 1 1 1 1 1 1 1 1 1 1 1 1 1 1 1 1 1 1 1 1 1 1 1 1 1 1 
  INPUT ---       1 1 1 ;

  INPUT ---    group=2 Phi    rows=1 cols=32 Square ;
  INPUT ---        1 1 1 1 1 1 1 1 1 1 1 1 1 1 1 1 1 1 1 1 1 1 1 1 1 1 1 1 1 
  INPUT ---       1 1 1 ;

  INPUT ---    group=1 p    rows=1 cols=33 Square ;
  INPUT ---        2 2 2 2 2 2 2 2 2 2 2 2 2 2 2 2 2 2 2 2 2 2 2 2 2 2 2 2 2 
  INPUT ---       2 2 2 2 ;

  INPUT ---    group=2 p    rows=1 cols=33 Square ;
  INPUT ---        3 3 3 3 3 3 3 3 3 3 3 3 3 3 3 3 3 3 3 3 3 3 3 3 3 3 3 3 3 
  INPUT ---       3 3 3 3 ;

  INPUT ---    group=1 pent    rows=1 cols=32 Square ;
  INPUT ---        5 6 7 8 9 10 11 12 13 14 15 16 17 18 19 20 21 22 23 24 25 
  INPUT ---       26 27 28 29 30 31 32 33 34 35 36 ;

  INPUT ---    group=2 pent    rows=1 cols=32 Square ;
  INPUT ---        37 38 39 40 41 42 43 44 45 46 47 48 49 50 51 52 53 54 55 
  INPUT ---       56 57 58 59 60 61 62 63 64 65 66 67 68 ;

  INPUT ---    group=1 N    rows=1 cols=1 Square ;
  INPUT ---        4 ;

  INPUT ---    group=2 N    rows=1 cols=1 Square ;
  INPUT ---        4 ;

  INPUT ---    design matrix constraints=68 covariates=5;
  INPUT ---        1 0 0 0 0;
  INPUT ---        0 1 0 0 0;
  INPUT ---        0 1 1 0 0;
  INPUT ---        0 0 0 0 1;
  INPUT ---        0 0 0 1 0;
  INPUT ---        0 0 0 1 0;
  INPUT ---        0 0 0 1 0;
  INPUT ---        0 0 0 1 0;

  Program  MARK  - Survival Rate Estimation with Capture-Recapture Data
   gfortran(dble) Vers. 9.0 Mar 2018    25-Mar-2020 21:12:03    Page  003
 - - - - - - - - - - - - - - - - - - - - - - - - - - - - - - - - - - - - - -
 
  INPUT ---        0 0 0 1 0;
  INPUT ---        0 0 0 1 0;
  INPUT ---        0 0 0 1 0;
  INPUT ---        0 0 0 1 0;
  INPUT ---        0 0 0 1 0;
  INPUT ---        0 0 0 1 0;
  INPUT ---        0 0 0 1 0;
  INPUT ---        0 0 0 1 0;
  INPUT ---        0 0 0 1 0;
  INPUT ---        0 0 0 1 0;
  INPUT ---        0 0 0 1 0;
  INPUT ---        0 0 0 1 0;
  INPUT ---        0 0 0 1 0;
  INPUT ---        0 0 0 1 0;
  INPUT ---        0 0 0 1 0;
  INPUT ---        0 0 0 1 0;
  INPUT ---        0 0 0 1 0;
  INPUT ---        0 0 0 1 0;
  INPUT ---        0 0 0 1 0;
  INPUT ---        0 0 0 1 0;
  INPUT ---        0 0 0 1 0;
  INPUT ---        0 0 0 1 0;
  INPUT ---        0 0 0 1 0;
  INPUT ---        0 0 0 1 0;
  INPUT ---        0 0 0 1 0;
  INPUT ---        0 0 0 1 0;
  INPUT ---        0 0 0 1 0;
  INPUT ---        0 0 0 1 0;
  INPUT ---        0 0 0 1 0;
  INPUT ---        0 0 0 1 0;
  INPUT ---        0 0 0 1 0;
  INPUT ---        0 0 0 1 0;
  INPUT ---        0 0 0 1 0;
  INPUT ---        0 0 0 1 0;
  INPUT ---        0 0 0 1 0;
  INPUT ---        0 0 0 1 0;
  INPUT ---        0 0 0 1 0;
  INPUT ---        0 0 0 1 0;
  INPUT ---        0 0 0 1 0;
  INPUT ---        0 0 0 1 0;
  INPUT ---        0 0 0 1 0;
  INPUT ---        0 0 0 1 0;
  INPUT ---        0 0 0 1 0;
  INPUT ---        0 0 0 1 0;
  INPUT ---        0 0 0 1 0;
  INPUT ---        0 0 0 1 0;

  Program  MARK  - Survival Rate Estimation with Capture-Recapture Data
   gfortran(dble) Vers. 9.0 Mar 2018    25-Mar-2020 21:12:04    Page  004
 - - - - - - - - - - - - - - - - - - - - - - - - - - - - - - - - - - - - - -
 
  INPUT ---        0 0 0 1 0;
  INPUT ---        0 0 0 1 0;
  INPUT ---        0 0 0 1 0;
  INPUT ---        0 0 0 1 0;
  INPUT ---        0 0 0 1 0;
  INPUT ---        0 0 0 1 0;
  INPUT ---        0 0 0 1 0;
  INPUT ---        0 0 0 1 0;
  INPUT ---        0 0 0 1 0;
  INPUT ---        0 0 0 1 0;
  INPUT ---        0 0 0 1 0;
  INPUT ---        0 0 0 1 0;
  INPUT ---        0 0 0 1 0;
  INPUT ---        0 0 0 1 0;

  INPUT ---    links=68;

  INPUT ---    Logit;

  INPUT ---    Logit;

  INPUT ---    Logit;

  INPUT ---    Log;

  INPUT ---    mlogit(1);

  INPUT ---    mlogit(1);

  INPUT ---    mlogit(1);

  INPUT ---    mlogit(1);

  INPUT ---    mlogit(1);

  INPUT ---    mlogit(1);

  INPUT ---    mlogit(1);

  INPUT ---    mlogit(1);

  INPUT ---    mlogit(1);

  INPUT ---    mlogit(1);

  INPUT ---    mlogit(1);

  Program  MARK  - Survival Rate Estimation with Capture-Recapture Data
   gfortran(dble) Vers. 9.0 Mar 2018    25-Mar-2020 21:12:04    Page  005
 - - - - - - - - - - - - - - - - - - - - - - - - - - - - - - - - - - - - - -
 

  INPUT ---    mlogit(1);

  INPUT ---    mlogit(1);

  INPUT ---    mlogit(1);

  INPUT ---    mlogit(1);

  INPUT ---    mlogit(1);

  INPUT ---    mlogit(1);

  INPUT ---    mlogit(1);

  INPUT ---    mlogit(1);

  INPUT ---    mlogit(1);

  INPUT ---    mlogit(1);

  INPUT ---    mlogit(1);

  INPUT ---    mlogit(1);

  INPUT ---    mlogit(1);

  INPUT ---    mlogit(1);

  INPUT ---    mlogit(1);

  INPUT ---    mlogit(1);

  INPUT ---    mlogit(1);

  INPUT ---    mlogit(1);

  INPUT ---    mlogit(1);

  INPUT ---    mlogit(1);

  INPUT ---    mlogit(1);

  INPUT ---    mlogit(2);

  INPUT ---    mlogit(2);

  Program  MARK  - Survival Rate Estimation with Capture-Recapture Data
   gfortran(dble) Vers. 9.0 Mar 2018    25-Mar-2020 21:12:04    Page  006
 - - - - - - - - - - - - - - - - - - - - - - - - - - - - - - - - - - - - - -
 

  INPUT ---    mlogit(2);

  INPUT ---    mlogit(2);

  INPUT ---    mlogit(2);

  INPUT ---    mlogit(2);

  INPUT ---    mlogit(2);

  INPUT ---    mlogit(2);

  INPUT ---    mlogit(2);

  INPUT ---    mlogit(2);

  INPUT ---    mlogit(2);

  INPUT ---    mlogit(2);

  INPUT ---    mlogit(2);

  INPUT ---    mlogit(2);

  INPUT ---    mlogit(2);

  INPUT ---    mlogit(2);

  INPUT ---    mlogit(2);

  INPUT ---    mlogit(2);

  INPUT ---    mlogit(2);

  INPUT ---    mlogit(2);

  INPUT ---    mlogit(2);

  INPUT ---    mlogit(2);

  INPUT ---    mlogit(2);

  INPUT ---    mlogit(2);

  INPUT ---    mlogit(2);

  Program  MARK  - Survival Rate Estimation with Capture-Recapture Data
   gfortran(dble) Vers. 9.0 Mar 2018    25-Mar-2020 21:12:04    Page  007
 - - - - - - - - - - - - - - - - - - - - - - - - - - - - - - - - - - - - - -
 

  INPUT ---    mlogit(2);

  INPUT ---    mlogit(2);

  INPUT ---    mlogit(2);

  INPUT ---    mlogit(2);

  INPUT ---    mlogit(2);

  INPUT ---    mlogit(2);

  INPUT ---    mlogit(2);
  INPUT ---       blabel(1)=Phi:(Intercept);
  INPUT ---       blabel(2)=p:(Intercept);
  INPUT ---       blabel(3)=p:sexM;
  INPUT ---       blabel(4)=pent:(Intercept);
  INPUT ---       blabel(5)=N:(Intercept);
  INPUT ---       rlabel(1)=Phi gF a0 t1;
  INPUT ---       rlabel(2)=p gF a0 t1;
  INPUT ---       rlabel(3)=p gM a0 t1;
  INPUT ---       rlabel(4)=N gF a0 t1;
  INPUT ---       rlabel(5)=pent gF a0.00547945205479452 t1.00547945205479;
  INPUT ---       rlabel(6)=pent gF a0.00821917808219178 t1.00821917808219;
  INPUT ---       rlabel(7)=pent gF a0.010958904109589 t1.01095890410959;
  INPUT ---       rlabel(8)=pent gF a0.0164383561643836 t1.01643835616438;
  INPUT ---       rlabel(9)=pent gF a0.0246575342465753 t1.02465753424658;
  INPUT ---       rlabel(10)=pent gF a0.0273972602739726 t1.02739726027397;
  INPUT ---       rlabel(11)=pent gF a0.0301369863013699 t1.03013698630137;
  INPUT ---       rlabel(12)=pent gF a0.0356164383561644 t1.03561643835616;
  INPUT ---       rlabel(13)=pent gF a0.0410958904109589 t1.04109589041096;
  INPUT ---       rlabel(14)=pent gF a0.0493150684931507 t1.04931506849315;
  INPUT ---       rlabel(15)=pent gF a0.0520547945205479 t1.05205479452055;
  INPUT ---       rlabel(16)=pent gF a0.0657534246575342 t1.06575342465753;
  INPUT ---       rlabel(17)=pent gF a0.0712328767123288 t1.07123287671233;
  INPUT ---       rlabel(18)=pent gF a0.0986301369863014 t1.0986301369863;
  INPUT ---       rlabel(19)=pent gF a0.101369863013699 t1.1013698630137;
  INPUT ---       rlabel(20)=pent gF a0.106849315068493 t1.10684931506849;
  INPUT ---       rlabel(21)=pent gF a0.10958904109589 t1.10958904109589;
  INPUT ---       rlabel(22)=pent gF a0.120547945205479 t1.12054794520548;
  INPUT ---       rlabel(23)=pent gF a0.350684931506849 t1.35068493150685;
  INPUT ---       rlabel(24)=pent gF a0.358904109589041 t1.35890410958904;
  INPUT ---       rlabel(25)=pent gF a0.613698630136986 t1.61369863013699;
  INPUT ---       rlabel(26)=pent gF a0.638356164383562 t1.63835616438356;
  INPUT ---       rlabel(27)=pent gF a0.646575342465753 t1.64657534246575;

  Program  MARK  - Survival Rate Estimation with Capture-Recapture Data
   gfortran(dble) Vers. 9.0 Mar 2018    25-Mar-2020 21:12:04    Page  008
 - - - - - - - - - - - - - - - - - - - - - - - - - - - - - - - - - - - - - -
 
  INPUT ---       rlabel(28)=pent gF a0.649315068493151 t1.64931506849315;
  INPUT ---       rlabel(29)=pent gF a0.652054794520548 t1.65205479452055;
  INPUT ---       rlabel(30)=pent gF a0.704109589041096 t1.7041095890411;
  INPUT ---       rlabel(31)=pent gF a0.706849315068493 t1.70684931506849;
  INPUT ---       rlabel(32)=pent gF a0.70958904109589 t1.70958904109589;
  INPUT ---       rlabel(33)=pent gF a0.827397260273973 t1.82739726027397;
  INPUT ---       rlabel(34)=pent gF a1.4027397260274 t2.4027397260274;
  INPUT ---       rlabel(35)=pent gF a1.40547945205479 t2.40547945205479;
  INPUT ---       rlabel(36)=pent gF a1.40821917808219 t2.40821917808219;
  INPUT ---       rlabel(37)=pent gM a0.00547945205479452 t1.00547945205479;
  INPUT ---       rlabel(38)=pent gM a0.00821917808219178 t1.00821917808219;
  INPUT ---       rlabel(39)=pent gM a0.010958904109589 t1.01095890410959;
  INPUT ---       rlabel(40)=pent gM a0.0164383561643836 t1.01643835616438;
  INPUT ---       rlabel(41)=pent gM a0.0246575342465753 t1.02465753424658;
  INPUT ---       rlabel(42)=pent gM a0.0273972602739726 t1.02739726027397;
  INPUT ---       rlabel(43)=pent gM a0.0301369863013699 t1.03013698630137;
  INPUT ---       rlabel(44)=pent gM a0.0356164383561644 t1.03561643835616;
  INPUT ---       rlabel(45)=pent gM a0.0410958904109589 t1.04109589041096;
  INPUT ---       rlabel(46)=pent gM a0.0493150684931507 t1.04931506849315;
  INPUT ---       rlabel(47)=pent gM a0.0520547945205479 t1.05205479452055;
  INPUT ---       rlabel(48)=pent gM a0.0657534246575342 t1.06575342465753;
  INPUT ---       rlabel(49)=pent gM a0.0712328767123288 t1.07123287671233;
  INPUT ---       rlabel(50)=pent gM a0.0986301369863014 t1.0986301369863;
  INPUT ---       rlabel(51)=pent gM a0.101369863013699 t1.1013698630137;
  INPUT ---       rlabel(52)=pent gM a0.106849315068493 t1.10684931506849;
  INPUT ---       rlabel(53)=pent gM a0.10958904109589 t1.10958904109589;
  INPUT ---       rlabel(54)=pent gM a0.120547945205479 t1.12054794520548;
  INPUT ---       rlabel(55)=pent gM a0.350684931506849 t1.35068493150685;
  INPUT ---       rlabel(56)=pent gM a0.358904109589041 t1.35890410958904;
  INPUT ---       rlabel(57)=pent gM a0.613698630136986 t1.61369863013699;
  INPUT ---       rlabel(58)=pent gM a0.638356164383562 t1.63835616438356;
  INPUT ---       rlabel(59)=pent gM a0.646575342465753 t1.64657534246575;
  INPUT ---       rlabel(60)=pent gM a0.649315068493151 t1.64931506849315;
  INPUT ---       rlabel(61)=pent gM a0.652054794520548 t1.65205479452055;
  INPUT ---       rlabel(62)=pent gM a0.704109589041096 t1.7041095890411;
  INPUT ---       rlabel(63)=pent gM a0.706849315068493 t1.70684931506849;
  INPUT ---       rlabel(64)=pent gM a0.70958904109589 t1.70958904109589;
  INPUT ---       rlabel(65)=pent gM a0.827397260273973 t1.82739726027397;
  INPUT ---       rlabel(66)=pent gM a1.4027397260274 t2.4027397260274;
  INPUT ---       rlabel(67)=pent gM a1.40547945205479 t2.40547945205479;
  INPUT ---       rlabel(68)=pent gM a1.40821917808219 t2.40821917808219;

 Link Function Used is PARM-SPECIFIC

 Variance Estimation Procedure Used is 2ndPart 

  Program  MARK  - Survival Rate Estimation with Capture-Recapture Data
   gfortran(dble) Vers. 9.0 Mar 2018    25-Mar-2020 21:12:04    Page  009
 - - - - - - - - - - - - - - - - - - - - - - - - - - - - - - - - - - - - - -
 

 M(t+1):
      16     29



 Group: 1

 U(t)+UL(t):
       0    2    2    0    1    0    3    1    1    0    0    0    0    0    1
       0    0    0    2    1    1    0    0    0    1    0    0    0    0    0
       0    0    0

 U(t):
       0    2    2    0    1    0    3    1    1    0    0    0    0    0    1
       0    0    0    2    1    1    0    0    0    1    0    0    0    0    0
       0    0    0

 UL(t):
       0    0    0    0    0    0    0    0    0    0    0    0    0    0    0
       0    0    0    0    0    0    0    0    0    0    0    0    0    0    0
       0    0    0

 Not Released(t):
       0    0    0    0    0    0    0    0    0    0    0    0    0    0    0
       0    0    0    0    0    0    0    0    0    0    0    0    0    0    0
       0    0    0

 Group: 2

 U(t)+UL(t):
       3    0    1    1    1    1    1    0    1    1    2    1    3    3    1
       1    0    2    3    1    0    0    1    0    0    0    0    0    0    1
       0    0    0

 U(t):
       3    0    1    1    1    1    1    0    1    1    2    1    3    3    1
       1    0    2    3    1    0    0    1    0    0    0    0    0    0    1
       0    0    0

 UL(t):
       0    0    0    0    0    0    0    0    0    0    0    0    0    0    0
       0    0    0    0    0    0    0    0    0    0    0    0    0    0    0
       0    0    0

 Not Released(t):
       0    0    0    0    0    0    0    0    0    0    0    0    0    0    0
       0    0    0    0    0    0    0    0    0    0    0    0    0    0    0
       0    0    0
 -2logL(saturated) = 272.93564     
 Effective Sample Size = 103

 Number of function evaluations was 21 for 5 parameters.
 Time for numerical optimization was 0.06 seconds.     
 -2logL { Phi(~1)p(~sex)pent(~1)N(~1) } = 557.52799     
 Penalty { Phi(~1)p(~sex)pent(~1)N(~1) } = 0.0000000     
 Gradient { Phi(~1)p(~sex)pent(~1)N(~1) }:
  0.1147046E-04  0.2196033E-04   0.000000       0.000000      0.1152044E-04
 Maximum ABS(G) { Phi(~1)p(~sex)pent(~1)N(~1) } = 0.2196033E-04 
 S Vector { Phi(~1)p(~sex)pent(~1)N(~1) }:
   128.5217      12.18776      4.915127      2.793547     0.1807343    
 Time to compute number of parameters was 0.01 seconds.     
 Ratio Threshold = 50.000000       Max Gap (4/5) = 15.456651       Next Max Gap (1/2) = 10.545143     
 Gap Method for Num. of Estimated Parameters { Phi(~1)p(~sex)pent(~1)N(~1) } = 5          
 Threshold { Phi(~1)p(~sex)pent(~1)N(~1) } = 0.4392066E-04                 
 Numerical Threshold Method for Num. of Estimated Parameters { Phi(~1)p(~sex)pent(~1)N(~1) } = 5          
 Number of Estimated Parameters { Phi(~1)p(~sex)pent(~1)N(~1) } = 5          
 DEVIANCE { Phi(~1)p(~sex)pent(~1)N(~1) } = 284.59235                     
 DEVIANCE Degrees of Freedom { Phi(~1)p(~sex)pent(~1)N(~1) } = 36            
 c-hat { Phi(~1)p(~sex)pent(~1)N(~1) } = 7.9053430                     
 AIC { Phi(~1)p(~sex)pent(~1)N(~1) } = 567.52799                  
 AICc { Phi(~1)p(~sex)pent(~1)N(~1) } = 568.14655                    
 BIC { Phi(~1)p(~sex)pent(~1)N(~1) } = 580.70164                    
 Pearson Chisquare { Phi(~1)p(~sex)pent(~1)N(~1) } = 26035484.                  


               PARM-SPECIFIC Link Function Parameters of { Phi(~1)p(~sex)pent(~1)N(~1) }
                                                              95% Confidence Interval
 Parameter                    Beta         Standard Error      Lower           Upper
 -------------------------  --------------  --------------  --------------  --------------
    1:Phi:(Intercept)        0.3302686       0.7362798      -1.1128398       1.7733770    
    2:p:(Intercept)         -2.8215881       0.2445634      -3.3009324      -2.3422438    
    3:p:sexM                 0.3997369       0.2543950      -0.0988772       0.8983511    
    4:pent:(Intercept)      -5.1744955       2.2385700      -9.5620927      -0.7868983    
    5:N:(Intercept)          1.6489939       0.7116207       0.2542174       3.0437705    


               Real Function Parameters of { Phi(~1)p(~sex)pent(~1)N(~1) }
                                                               95% Confidence Interval
  Parameter                  Estimate       Standard Error      Lower           Upper
 --------------------------  --------------  --------------  --------------  --------------
     1:Phi gF a0 t1           0.5818247       0.1791403       0.2473418       0.8548771                          
     2:p gF a0 t1             0.0561687       0.0129652       0.0355392       0.0876843                          
     3:p gM a0 t1             0.0815215       0.0144504       0.0573180       0.1147019                          
     4:N gF a0 t1             21.201744       3.7016686       17.483497       34.239433                          
     5:pent gF a0.005479452   0.0047914       0.0090813       0.1151815E-03   0.1675104                          
     6:pent gF a0.008219178   0.0047914       0.0090813       0.1151815E-03   0.1675104                          
     7:pent gF a0.010958904   0.0047914       0.0090813       0.1151815E-03   0.1675104                          
     8:pent gF a0.016438356   0.0047914       0.0090813       0.1151815E-03   0.1675104                          
     9:pent gF a0.024657534   0.0047914       0.0090813       0.1151815E-03   0.1675104                          
    10:pent gF a0.027397260   0.0047914       0.0090813       0.1151815E-03   0.1675104                          
    11:pent gF a0.030136986   0.0047914       0.0090813       0.1151815E-03   0.1675104                          
    12:pent gF a0.035616438   0.0047914       0.0090813       0.1151815E-03   0.1675104                          

  Program  MARK  - Survival Rate Estimation with Capture-Recapture Data
   gfortran(dble) Vers. 9.0 Mar 2018    25-Mar-2020 21:12:04    Page  010
 - - - - - - - - - - - - - - - - - - - - - - - - - - - - - - - - - - - - - -
 
    13:pent gF a0.041095890   0.0047914       0.0090813       0.1151815E-03   0.1675104                          
    14:pent gF a0.049315068   0.0047914       0.0090813       0.1151815E-03   0.1675104                          
    15:pent gF a0.052054794   0.0047914       0.0090813       0.1151815E-03   0.1675104                          
    16:pent gF a0.065753424   0.0047914       0.0090813       0.1151815E-03   0.1675104                          
    17:pent gF a0.071232876   0.0047914       0.0090813       0.1151815E-03   0.1675104                          
    18:pent gF a0.098630136   0.0047914       0.0090813       0.1151815E-03   0.1675104                          
    19:pent gF a0.101369863   0.0047914       0.0090813       0.1151815E-03   0.1675104                          
    20:pent gF a0.106849315   0.0047914       0.0090813       0.1151815E-03   0.1675104                          
    21:pent gF a0.109589041   0.0047914       0.0090813       0.1151815E-03   0.1675104                          
    22:pent gF a0.120547945   0.0047914       0.0090813       0.1151815E-03   0.1675104                          
    23:pent gF a0.350684931   0.0047914       0.0090813       0.1151815E-03   0.1675104                          
    24:pent gF a0.358904109   0.0047914       0.0090813       0.1151815E-03   0.1675104                          
    25:pent gF a0.613698630   0.0047914       0.0090813       0.1151815E-03   0.1675104                          
    26:pent gF a0.638356164   0.0047914       0.0090813       0.1151815E-03   0.1675104                          
    27:pent gF a0.646575342   0.0047914       0.0090813       0.1151815E-03   0.1675104                          
    28:pent gF a0.649315068   0.0047914       0.0090813       0.1151815E-03   0.1675104                          
    29:pent gF a0.652054794   0.0047914       0.0090813       0.1151815E-03   0.1675104                          
    30:pent gF a0.704109589   0.0047914       0.0090813       0.1151815E-03   0.1675104                          
    31:pent gF a0.706849315   0.0047914       0.0090813       0.1151815E-03   0.1675104                          
    32:pent gF a0.709589041   0.0047914       0.0090813       0.1151815E-03   0.1675104                          
    33:pent gF a0.827397260   0.0047914       0.0090813       0.1151815E-03   0.1675104                          
    34:pent gF a1.402739726   0.0047914       0.0090813       0.1151815E-03   0.1675104                          
    35:pent gF a1.405479452   0.0047914       0.0090813       0.1151815E-03   0.1675104                          
    36:pent gF a1.408219178   0.0047914       0.0090813       0.1151815E-03   0.1675104                          
    37:pent gM a0.005479452   0.0047914       0.0090813       0.1151815E-03   0.1675104                          
    38:pent gM a0.008219178   0.0047914       0.0090813       0.1151815E-03   0.1675104                          
    39:pent gM a0.010958904   0.0047914       0.0090813       0.1151815E-03   0.1675104                          
    40:pent gM a0.016438356   0.0047914       0.0090813       0.1151815E-03   0.1675104                          
    41:pent gM a0.024657534   0.0047914       0.0090813       0.1151815E-03   0.1675104                          
    42:pent gM a0.027397260   0.0047914       0.0090813       0.1151815E-03   0.1675104                          
    43:pent gM a0.030136986   0.0047914       0.0090813       0.1151815E-03   0.1675104                          
    44:pent gM a0.035616438   0.0047914       0.0090813       0.1151815E-03   0.1675104                          
    45:pent gM a0.041095890   0.0047914       0.0090813       0.1151815E-03   0.1675104                          
    46:pent gM a0.049315068   0.0047914       0.0090813       0.1151815E-03   0.1675104                          
    47:pent gM a0.052054794   0.0047914       0.0090813       0.1151815E-03   0.1675104                          
    48:pent gM a0.065753424   0.0047914       0.0090813       0.1151815E-03   0.1675104                          
    49:pent gM a0.071232876   0.0047914       0.0090813       0.1151815E-03   0.1675104                          
    50:pent gM a0.098630136   0.0047914       0.0090813       0.1151815E-03   0.1675104                          
    51:pent gM a0.101369863   0.0047914       0.0090813       0.1151815E-03   0.1675104                          
    52:pent gM a0.106849315   0.0047914       0.0090813       0.1151815E-03   0.1675104                          
    53:pent gM a0.109589041   0.0047914       0.0090813       0.1151815E-03   0.1675104                          
    54:pent gM a0.120547945   0.0047914       0.0090813       0.1151815E-03   0.1675104                          
    55:pent gM a0.350684931   0.0047914       0.0090813       0.1151815E-03   0.1675104                          
    56:pent gM a0.358904109   0.0047914       0.0090813       0.1151815E-03   0.1675104                          
    57:pent gM a0.613698630   0.0047914       0.0090813       0.1151815E-03   0.1675104                          
    58:pent gM a0.638356164   0.0047914       0.0090813       0.1151815E-03   0.1675104                          

  Program  MARK  - Survival Rate Estimation with Capture-Recapture Data
   gfortran(dble) Vers. 9.0 Mar 2018    25-Mar-2020 21:12:04    Page  011
 - - - - - - - - - - - - - - - - - - - - - - - - - - - - - - - - - - - - - -
 
    59:pent gM a0.646575342   0.0047914       0.0090813       0.1151815E-03   0.1675104                          
    60:pent gM a0.649315068   0.0047914       0.0090813       0.1151815E-03   0.1675104                          
    61:pent gM a0.652054794   0.0047914       0.0090813       0.1151815E-03   0.1675104                          
    62:pent gM a0.704109589   0.0047914       0.0090813       0.1151815E-03   0.1675104                          
    63:pent gM a0.706849315   0.0047914       0.0090813       0.1151815E-03   0.1675104                          
    64:pent gM a0.709589041   0.0047914       0.0090813       0.1151815E-03   0.1675104                          
    65:pent gM a0.827397260   0.0047914       0.0090813       0.1151815E-03   0.1675104                          
    66:pent gM a1.402739726   0.0047914       0.0090813       0.1151815E-03   0.1675104                          
    67:pent gM a1.405479452   0.0047914       0.0090813       0.1151815E-03   0.1675104                          
    68:pent gM a1.408219178   0.0047914       0.0090813       0.1151815E-03   0.1675104                          


                      Estimates of Derived Parameters
   Gross Birth+Immigration Estimates of { Phi(~1)p(~sex)pent(~1)N(~1) }
                                                95% Confidence Interval
 Grp. Occ.   B*-hat          Standard Error      Lower           Upper
 ---- ----   --------------  --------------  --------------  --------------
   1     1    0.1017368       0.2069438       0.0082894       1.2486277    
   1     2    0.1016613       0.2067653       0.0082845       1.2475151    
   1     3    0.1016613       0.2067653       0.0082845       1.2475151    
   1     4    0.1017368       0.2069438       0.0082894       1.2486277    
   1     5    0.1018122       0.2071225       0.0082943       1.2497410    
   1     6    0.1016613       0.2067653       0.0082845       1.2475151    
   1     7    0.1016613       0.2067653       0.0082845       1.2475151    
   1     8    0.1017368       0.2069438       0.0082894       1.2486277    
   1     9    0.1017368       0.2069438       0.0082894       1.2486277    
   1    10    0.1018122       0.2071225       0.0082943       1.2497410    
   1    11    0.1016613       0.2067653       0.0082845       1.2475151    
   1    12    0.1019632       0.2074801       0.0083041       1.2519698    
   1    13    0.1017368       0.2069438       0.0082894       1.2486277    
   1    14    0.1023415       0.2083759       0.0083287       1.2575536    
   1    15    0.1016613       0.2067653       0.0082845       1.2475151    
   1    16    0.1017368       0.2069438       0.0082894       1.2486277    
   1    17    0.1016613       0.2067653       0.0082845       1.2475151    
   1    18    0.1018877       0.2073012       0.0082992       1.2508551    
   1    19    0.1080482       0.2219458       0.0086979       1.3422086    
   1    20    0.1018122       0.2071225       0.0082943       1.2497410    
   1    21    0.1087562       0.2236360       0.0087435       1.3527618    
   1    22    0.1022658       0.2081965       0.0083238       1.2564355    
   1    23    0.1018122       0.2071225       0.0082943       1.2497410    
   1    24    0.1016613       0.2067653       0.0082845       1.2475151    
   1    25    0.1016613       0.2067653       0.0082845       1.2475151    
   1    26    0.1030246       0.2099951       0.0083730       1.2676480    
   1    27    0.1016613       0.2067653       0.0082845       1.2475151    
   1    28    0.1016613       0.2067653       0.0082845       1.2475151    

  Program  MARK  - Survival Rate Estimation with Capture-Recapture Data
   gfortran(dble) Vers. 9.0 Mar 2018    25-Mar-2020 21:12:04    Page  012
 - - - - - - - - - - - - - - - - - - - - - - - - - - - - - - - - - - - - - -
 
   1    29    0.1048612       0.2143553       0.0084921       1.2948390    
   1    30    0.1182335       0.2463910       0.0093505       1.4950199    
   1    31    0.1016613       0.2067653       0.0082845       1.2475151    
   1    32    0.1016613       0.2067653       0.0082845       1.2475151    
   2     1    0.1641174       0.3250960       0.0138175       1.9493039    
   2     2    0.1639957       0.3248147       0.0138094       1.9475598    
   2     3    0.1639957       0.3248147       0.0138094       1.9475598    
   2     4    0.1641174       0.3250960       0.0138175       1.9493039    
   2     5    0.1642391       0.3253775       0.0138256       1.9510492    
   2     6    0.1639957       0.3248147       0.0138094       1.9475598    
   2     7    0.1639957       0.3248147       0.0138094       1.9475598    
   2     8    0.1641174       0.3250960       0.0138175       1.9493039    
   2     9    0.1641174       0.3250960       0.0138175       1.9493039    
   2    10    0.1642391       0.3253775       0.0138256       1.9510492    
   2    11    0.1639957       0.3248147       0.0138094       1.9475598    
   2    12    0.1644827       0.3259410       0.0138419       1.9545429    
   2    13    0.1641174       0.3250960       0.0138175       1.9493039    
   2    14    0.1650929       0.3273527       0.0138826       1.9632962    
   2    15    0.1639957       0.3248147       0.0138094       1.9475598    
   2    16    0.1641174       0.3250960       0.0138175       1.9493039    
   2    17    0.1639957       0.3248147       0.0138094       1.9475598    
   2    18    0.1643609       0.3256592       0.0138338       1.9527955    
   2    19    0.1742987       0.3487386       0.0144941       2.0960250    
   2    20    0.1642391       0.3253775       0.0138256       1.9510492    
   2    21    0.1754408       0.3514026       0.0145697       2.1125739    
   2    22    0.1649707       0.3270700       0.0138745       1.9615434    
   2    23    0.1642391       0.3253775       0.0138256       1.9510492    
   2    24    0.1639957       0.3248147       0.0138094       1.9475598    
   2    25    0.1639957       0.3248147       0.0138094       1.9475598    
   2    26    0.1661949       0.3299043       0.0139561       1.9791208    
   2    27    0.1639957       0.3248147       0.0138094       1.9475598    
   2    28    0.1639957       0.3248147       0.0138094       1.9475598    
   2    29    0.1691575       0.3367755       0.0141532       2.0217502    
   2    30    0.1907292       0.3872746       0.0155746       2.3357087    
   2    31    0.1639957       0.3248147       0.0138094       1.9475598    
   2    32    0.1639957       0.3248147       0.0138094       1.9475598    

    Net Birth+Immigration Estimates of { Phi(~1)p(~sex)pent(~1)N(~1) }
                                                95% Confidence Interval
 Grp. Occ.   B-hat           Standard Error      Lower           Upper
 ---- ----   --------------  --------------  --------------  --------------
   1     1    0.1015859       0.2065869       0.0082796       1.2464031    
   1     2    0.1015859       0.2065869       0.0082796       1.2464031    
   1     3    0.1015859       0.2065869       0.0082796       1.2464031    
   1     4    0.1015859       0.2065869       0.0082796       1.2464031    
   1     5    0.1015859       0.2065869       0.0082796       1.2464031    
   1     6    0.1015859       0.2065869       0.0082796       1.2464031    
   1     7    0.1015859       0.2065869       0.0082796       1.2464031    
   1     8    0.1015859       0.2065869       0.0082796       1.2464031    
   1     9    0.1015859       0.2065869       0.0082796       1.2464031    
   1    10    0.1015859       0.2065869       0.0082796       1.2464031    
   1    11    0.1015859       0.2065869       0.0082796       1.2464031    
   1    12    0.1015859       0.2065869       0.0082796       1.2464031    
   1    13    0.1015859       0.2065869       0.0082796       1.2464031    
   1    14    0.1015859       0.2065869       0.0082796       1.2464031    
   1    15    0.1015859       0.2065869       0.0082796       1.2464031    
   1    16    0.1015859       0.2065869       0.0082796       1.2464031    
   1    17    0.1015859       0.2065869       0.0082796       1.2464031    
   1    18    0.1015859       0.2065869       0.0082796       1.2464031    
   1    19    0.1015859       0.2065869       0.0082796       1.2464031    
   1    20    0.1015859       0.2065869       0.0082796       1.2464031    
   1    21    0.1015859       0.2065869       0.0082796       1.2464031    
   1    22    0.1015859       0.2065869       0.0082796       1.2464031    
   1    23    0.1015859       0.2065869       0.0082796       1.2464031    
   1    24    0.1015859       0.2065869       0.0082796       1.2464031    
   1    25    0.1015859       0.2065869       0.0082796       1.2464031    
   1    26    0.1015859       0.2065869       0.0082796       1.2464031    
   1    27    0.1015859       0.2065869       0.0082796       1.2464031    
   1    28    0.1015859       0.2065869       0.0082796       1.2464031    
   1    29    0.1015859       0.2065869       0.0082796       1.2464031    
   1    30    0.1015859       0.2065869       0.0082796       1.2464031    
   1    31    0.1015859       0.2065869       0.0082796       1.2464031    
   1    32    0.1015859       0.2065869       0.0082796       1.2464031    
   2     1    0.1638741       0.3245335       0.0138013       1.9458167    
   2     2    0.1638741       0.3245335       0.0138013       1.9458167    
   2     3    0.1638741       0.3245335       0.0138013       1.9458167    
   2     4    0.1638741       0.3245335       0.0138013       1.9458167    
   2     5    0.1638741       0.3245335       0.0138013       1.9458167    
   2     6    0.1638741       0.3245335       0.0138013       1.9458167    
   2     7    0.1638741       0.3245335       0.0138013       1.9458167    
   2     8    0.1638741       0.3245335       0.0138013       1.9458167    
   2     9    0.1638741       0.3245335       0.0138013       1.9458167    
   2    10    0.1638741       0.3245335       0.0138013       1.9458167    
   2    11    0.1638741       0.3245335       0.0138013       1.9458167    
   2    12    0.1638741       0.3245335       0.0138013       1.9458167    
   2    13    0.1638741       0.3245335       0.0138013       1.9458167    
   2    14    0.1638741       0.3245335       0.0138013       1.9458167    
   2    15    0.1638741       0.3245335       0.0138013       1.9458167    
   2    16    0.1638741       0.3245335       0.0138013       1.9458167    
   2    17    0.1638741       0.3245335       0.0138013       1.9458167    
   2    18    0.1638741       0.3245335       0.0138013       1.9458167    
   2    19    0.1638741       0.3245335       0.0138013       1.9458167    
   2    20    0.1638741       0.3245335       0.0138013       1.9458167    
   2    21    0.1638741       0.3245335       0.0138013       1.9458167    
   2    22    0.1638741       0.3245335       0.0138013       1.9458167    
   2    23    0.1638741       0.3245335       0.0138013       1.9458167    
   2    24    0.1638741       0.3245335       0.0138013       1.9458167    
   2    25    0.1638741       0.3245335       0.0138013       1.9458167    
   2    26    0.1638741       0.3245335       0.0138013       1.9458167    
   2    27    0.1638741       0.3245335       0.0138013       1.9458167    
   2    28    0.1638741       0.3245335       0.0138013       1.9458167    
   2    29    0.1638741       0.3245335       0.0138013       1.9458167    
   2    30    0.1638741       0.3245335       0.0138013       1.9458167    
   2    31    0.1638741       0.3245335       0.0138013       1.9458167    
   2    32    0.1638741       0.3245335       0.0138013       1.9458167    

         Population Estimates of { Phi(~1)p(~sex)pent(~1)N(~1) }
                                                95% Confidence Interval
 Grp. Occ.   N-hat           Standard Error      Lower           Upper
 ---- ----   --------------  --------------  --------------  --------------
   1     1    17.950994       4.2262154       11.386294       28.300532    
   1     2    17.999387       4.0508565       11.642553       27.827053    
   1     3    18.074286       3.8782672       11.925148       27.394192    
   1     4    18.149073       3.7090555       12.208742       26.979754    
   1     5    18.196879       3.5441752       12.466588       26.561112    
   1     6    18.217644       3.3842118       12.697102       26.138450    
   1     7    18.292219       3.2273305       12.978783       25.780944    
   1     8    18.366683       3.0759509       13.257397       25.445044    
   1     9    18.413845       2.9316143       13.504293       25.108289    
   1    10    18.460867       2.7941244       13.745035       24.794669    

  Program  MARK  - Survival Rate Estimation with Capture-Recapture Data
   gfortran(dble) Vers. 9.0 Mar 2018    25-Mar-2020 21:12:04    Page  013
 - - - - - - - - - - - - - - - - - - - - - - - - - - - - - - - - - - - - - -
 
   1    11    18.480459       2.6651311       13.950409       24.481531    
   1    12    18.554644       2.5432957       14.200980       24.243031    
   1    13    18.519083       2.4338733       14.329358       23.933831    
   1    14    18.565793       2.3329698       14.526754       23.727852    
   1    15    18.393934       2.2480275       14.488648       23.351854    
   1    16    18.468247       2.1691506       14.682159       23.230653    
   1    17    18.515108       2.1061958       14.825408       23.123088    
   1    18    18.589242       2.0601261       14.969748       23.083883    
   1    19    18.580824       2.0288218       15.010551       23.000288    
   1    20    16.505026       2.1855165       12.746518       21.371789    
   1    21    16.533305       2.1469425       12.831757       21.302631    
   1    22    14.503825       2.5896104       10.249231       20.524558    
   1    23    14.413012       2.5781220       10.178666       20.408854    
   1    24    14.450583       2.5455753       10.258441       20.355855    
   1    25    14.530743       2.5171871       10.373338       20.354342    
   1    26    14.610784       2.5046050       10.466746       20.395547    
   1    27    14.306213       2.5824049       10.071683       20.321104    
   1    28    14.386587       2.5916580       10.135349       20.420992    
   1    29    14.466842       2.6161582       10.178360       20.562204    
   1    30    13.674225       2.7811786       9.2156600       20.289859    
   1    31    10.114896       3.4137144       5.3136430       19.254423    
   1    32    10.201485       3.3830595       5.4163847       19.213978    
   1    33    10.287945       3.3644208       5.5080657       19.215787    
   2     1    28.957773       7.7677539       17.273717       48.545000    
   2     2    29.035839       7.4595472       17.690272       47.657830    
   2     3    29.156662       7.1519218       18.154431       46.826636    
   2     4    29.277306       6.8460765       18.626420       46.018540    
   2     5    29.354425       6.5446042       19.062972       45.201887    
   2     6    29.387922       6.2486592       19.461412       44.377559    
   2     7    29.508223       5.9490634       19.954376       43.636302    
   2     8    29.628345       5.6521340       20.453683       42.918374    
   2     9    29.704424       5.3625019       20.911366       42.194893    
   2    10    29.780279       5.0766423       21.372717       41.495192    
   2    11    29.811884       4.8002730       21.787310       40.792022    
   2    12    29.931556       4.5177692       22.303461       40.168565    
   2    13    29.874190       4.2649989       22.614360       39.464624    
   2    14    29.949541       3.9999697       23.078433       38.866374    
   2    15    29.672305       3.8013124       23.107105       38.102812    
   2    16    29.792184       3.5437857       23.615946       37.583684    
   2    17    29.867778       3.3049331       24.060261       37.077077    
   2    18    29.987367       3.0703780       24.547663       36.632497    
   2    19    29.973788       2.8770771       24.844118       36.162602    
   2    20    26.625200       3.6437361       20.386436       34.773184    
   2    21    26.670819       3.4695610       20.690320       34.379970    
   2    22    23.396949       4.4513942       16.167694       33.858707    
   2    23    23.250453       4.3705094       16.136550       33.500566    

  Program  MARK  - Survival Rate Estimation with Capture-Recapture Data
   gfortran(dble) Vers. 9.0 Mar 2018    25-Mar-2020 21:12:04    Page  014
 - - - - - - - - - - - - - - - - - - - - - - - - - - - - - - - - - - - - - -
 
   2    24    23.311060       4.2365876       16.372522       33.190091    
   2    25    23.440371       4.0978384       16.682974       32.934834    
   2    26    23.569490       3.9797156       16.968006       32.739312    
   2    27    23.078168       4.0877139       16.352818       32.569424    
   2    28    23.207825       4.0064956       16.586763       32.471864    
   2    29    23.337289       3.9490154       16.789092       32.439457    
   2    30    22.058674       4.3226269       15.077988       32.271221    
   2    31    16.316917       5.6939781       8.3962880       31.709463    
   2    32    16.456598       5.5977191       8.6037163       31.477052    
   2    33    16.596072       5.5185029       8.7972589       31.308571    

      Gross Population Estimates of { Phi(~1)p(~sex)pent(~1)N(~1) }
                                                95% Confidence Interval
 Grp. Occ.   N*-hat          Standard Error      Lower           Upper
 ---- ----   --------------  --------------  --------------  --------------
   1     0    21.241642       3.7806396       15.026783       30.026877    
   2     0    34.266106       3.8251916       27.550900       42.618064    

   CPU Time for the last procedure was 0.09 seconds.     


  INPUT --- proc stop;

     CPU Time in minutes for this job was 0.00

     Time Start = 21:12:03.962   Time End = 21:12:04.369

     Wall Clock Time in minutes for this job was 0.01


          E X E C U T I O N   S U C C E S S F U L 
