
   Program  MARK  - Survival Rate Estimation with Capture-Recapture Data
   gfortran(dble) Vers. 9.0 Mar 2018    25-Mar-2020 14:32:28    Page  001
 - - - - - - - - - - - - - - - - - - - - - - - - - - - - - - - - - - - - - -
 
   This version was compiled by GCC version 7.2.0 using the options: 
     -cpp -iprefix C:/Program Files/mingw-w64/x86_64-7.2.0-posix-seh-rt_v5-rev1/
     mingw64/bin/../lib/gcc/x86_64-w64-mingw32/7.2.0/ -D_MT -D_REENTRANT
     -U_REENTRANT -D IEEE -D DBLEPRECISION -m64 -mtune=core2 -march=nocona -mthreads
     -O2 -fimplicit-none -fbounds-check -funroll-loops -ftree-vectorize
     -ffpe-summary=invalid,zero,overflow,underflow -fno-unsafe-math-optimizations
     -frounding-math -fsignaling-nans -fopenmp.

   This problem will use 15 of 16 possible threads.


  INPUT --- proc title ;

   CPU Time for the last procedure was 0.01 seconds.     


  INPUT --- proc chmatrix occasions= 30 groups= 2 etype= POPAN Nodes= 
  INPUT --- 101 ICMeans NoHist hist= 41  ;

  INPUT ---    time interval 0.00547945205479452 0.00273972602739726 
  INPUT ---    0.00273972602739726 0.00547945205479452  
  INPUT ---    0.00821917808219178 0.00273972602739726 0.00273972602739726 
  INPUT ---    0.00547945205479452  0.00547945205479452 
  INPUT ---    0.00821917808219178 0.00273972602739726 0.0136986301369863 
  INPUT ---    0.00547945205479452  0.0273972602739726 0.00273972602739726 
  INPUT ---    0.00547945205479452 0.00273972602739726 0.010958904109589  
  INPUT ---    0.23013698630137 0.00821917808219178 0.254794520547945 
  INPUT ---    0.0246575342465753 0.00821917808219178  0.00273972602739726 
  INPUT ---    0.00273972602739726 0.0520547945205479 0.00273972602739726 
  INPUT ---    0.00273972602739726  0.117808219178082 ;

  INPUT ---    glabel(1)=sexF;

  INPUT ---    glabel(2)=sexM;

   * *  WARNING  * *   At least a pair of the encounter histories are duplicates. 

      Number of unique encounter histories read was 38.

      Number of individual covariates read was 0.
      Time interval lengths vary and/or not equal to 1.

      Data type number is 19
      Data type is POPAN                                                                                               

   CPU Time for the last procedure was 0.01 seconds.     

  Program  MARK  - Survival Rate Estimation with Capture-Recapture Data
   gfortran(dble) Vers. 9.0 Mar 2018    25-Mar-2020 14:32:28    Page  002
 - - - - - - - - - - - - - - - - - - - - - - - - - - - - - - - - - - - - - -
 


  INPUT --- proc estimate link=Parm-Specific NOLOOP varest=2ndPart    ;


  INPUT --- model={ Phi(~sex)p(~1)pent(~sex)N(~sex) };

  INPUT ---    group=1 Phi    rows=1 cols=29 Square ;
  INPUT ---        1 1 1 1 1 1 1 1 1 1 1 1 1 1 1 1 1 1 1 1 1 1 1 1 1 1 1 1 1 ;

  INPUT ---    group=2 Phi    rows=1 cols=29 Square ;
  INPUT ---        2 2 2 2 2 2 2 2 2 2 2 2 2 2 2 2 2 2 2 2 2 2 2 2 2 2 2 2 2 ;

  INPUT ---    group=1 p    rows=1 cols=30 Square ;
  INPUT ---        3 3 3 3 3 3 3 3 3 3 3 3 3 3 3 3 3 3 3 3 3 3 3 3 3 3 3 3 3 
  INPUT ---       3 ;

  INPUT ---    group=2 p    rows=1 cols=30 Square ;
  INPUT ---        3 3 3 3 3 3 3 3 3 3 3 3 3 3 3 3 3 3 3 3 3 3 3 3 3 3 3 3 3 
  INPUT ---       3 ;

  INPUT ---    group=1 pent    rows=1 cols=29 Square ;
  INPUT ---        6 7 8 9 10 11 12 13 14 15 16 17 18 19 20 21 22 23 24 25 26 
  INPUT ---       27 28 29 30 31 32 33 34 ;

  INPUT ---    group=2 pent    rows=1 cols=29 Square ;
  INPUT ---        35 36 37 38 39 40 41 42 43 44 45 46 47 48 49 50 51 52 53 
  INPUT ---       54 55 56 57 58 59 60 61 62 63 ;

  INPUT ---    group=1 N    rows=1 cols=1 Square ;
  INPUT ---        4 ;

  INPUT ---    group=2 N    rows=1 cols=1 Square ;
  INPUT ---        5 ;

  INPUT ---    design matrix constraints=63 covariates=7;
  INPUT ---        1 0 0 0 0 0 0;
  INPUT ---        1 1 0 0 0 0 0;
  INPUT ---        0 0 1 0 0 0 0;
  INPUT ---        0 0 0 0 0 1 0;
  INPUT ---        0 0 0 0 0 1 1;
  INPUT ---        0 0 0 1 0 0 0;
  INPUT ---        0 0 0 1 0 0 0;
  INPUT ---        0 0 0 1 0 0 0;
  INPUT ---        0 0 0 1 0 0 0;
  INPUT ---        0 0 0 1 0 0 0;

  Program  MARK  - Survival Rate Estimation with Capture-Recapture Data
   gfortran(dble) Vers. 9.0 Mar 2018    25-Mar-2020 14:32:28    Page  003
 - - - - - - - - - - - - - - - - - - - - - - - - - - - - - - - - - - - - - -
 
  INPUT ---        0 0 0 1 0 0 0;
  INPUT ---        0 0 0 1 0 0 0;
  INPUT ---        0 0 0 1 0 0 0;
  INPUT ---        0 0 0 1 0 0 0;
  INPUT ---        0 0 0 1 0 0 0;
  INPUT ---        0 0 0 1 0 0 0;
  INPUT ---        0 0 0 1 0 0 0;
  INPUT ---        0 0 0 1 0 0 0;
  INPUT ---        0 0 0 1 0 0 0;
  INPUT ---        0 0 0 1 0 0 0;
  INPUT ---        0 0 0 1 0 0 0;
  INPUT ---        0 0 0 1 0 0 0;
  INPUT ---        0 0 0 1 0 0 0;
  INPUT ---        0 0 0 1 0 0 0;
  INPUT ---        0 0 0 1 0 0 0;
  INPUT ---        0 0 0 1 0 0 0;
  INPUT ---        0 0 0 1 0 0 0;
  INPUT ---        0 0 0 1 0 0 0;
  INPUT ---        0 0 0 1 0 0 0;
  INPUT ---        0 0 0 1 0 0 0;
  INPUT ---        0 0 0 1 0 0 0;
  INPUT ---        0 0 0 1 0 0 0;
  INPUT ---        0 0 0 1 0 0 0;
  INPUT ---        0 0 0 1 0 0 0;
  INPUT ---        0 0 0 1 1 0 0;
  INPUT ---        0 0 0 1 1 0 0;
  INPUT ---        0 0 0 1 1 0 0;
  INPUT ---        0 0 0 1 1 0 0;
  INPUT ---        0 0 0 1 1 0 0;
  INPUT ---        0 0 0 1 1 0 0;
  INPUT ---        0 0 0 1 1 0 0;
  INPUT ---        0 0 0 1 1 0 0;
  INPUT ---        0 0 0 1 1 0 0;
  INPUT ---        0 0 0 1 1 0 0;
  INPUT ---        0 0 0 1 1 0 0;
  INPUT ---        0 0 0 1 1 0 0;
  INPUT ---        0 0 0 1 1 0 0;
  INPUT ---        0 0 0 1 1 0 0;
  INPUT ---        0 0 0 1 1 0 0;
  INPUT ---        0 0 0 1 1 0 0;
  INPUT ---        0 0 0 1 1 0 0;
  INPUT ---        0 0 0 1 1 0 0;
  INPUT ---        0 0 0 1 1 0 0;
  INPUT ---        0 0 0 1 1 0 0;
  INPUT ---        0 0 0 1 1 0 0;
  INPUT ---        0 0 0 1 1 0 0;

  Program  MARK  - Survival Rate Estimation with Capture-Recapture Data
   gfortran(dble) Vers. 9.0 Mar 2018    25-Mar-2020 14:32:28    Page  004
 - - - - - - - - - - - - - - - - - - - - - - - - - - - - - - - - - - - - - -
 
  INPUT ---        0 0 0 1 1 0 0;
  INPUT ---        0 0 0 1 1 0 0;
  INPUT ---        0 0 0 1 1 0 0;
  INPUT ---        0 0 0 1 1 0 0;
  INPUT ---        0 0 0 1 1 0 0;
  INPUT ---        0 0 0 1 1 0 0;
  INPUT ---        0 0 0 1 1 0 0;

  INPUT ---    links=63;

  INPUT ---    Logit;

  INPUT ---    Logit;

  INPUT ---    Logit;

  INPUT ---    Log;

  INPUT ---    Log;

  INPUT ---    mlogit(1);

  INPUT ---    mlogit(1);

  INPUT ---    mlogit(1);

  INPUT ---    mlogit(1);

  INPUT ---    mlogit(1);

  INPUT ---    mlogit(1);

  INPUT ---    mlogit(1);

  INPUT ---    mlogit(1);

  INPUT ---    mlogit(1);

  INPUT ---    mlogit(1);

  INPUT ---    mlogit(1);

  INPUT ---    mlogit(1);

  INPUT ---    mlogit(1);


  Program  MARK  - Survival Rate Estimation with Capture-Recapture Data
   gfortran(dble) Vers. 9.0 Mar 2018    25-Mar-2020 14:32:28    Page  005
 - - - - - - - - - - - - - - - - - - - - - - - - - - - - - - - - - - - - - -
 
  INPUT ---    mlogit(1);

  INPUT ---    mlogit(1);

  INPUT ---    mlogit(1);

  INPUT ---    mlogit(1);

  INPUT ---    mlogit(1);

  INPUT ---    mlogit(1);

  INPUT ---    mlogit(1);

  INPUT ---    mlogit(1);

  INPUT ---    mlogit(1);

  INPUT ---    mlogit(1);

  INPUT ---    mlogit(1);

  INPUT ---    mlogit(1);

  INPUT ---    mlogit(1);

  INPUT ---    mlogit(1);

  INPUT ---    mlogit(1);

  INPUT ---    mlogit(1);

  INPUT ---    mlogit(2);

  INPUT ---    mlogit(2);

  INPUT ---    mlogit(2);

  INPUT ---    mlogit(2);

  INPUT ---    mlogit(2);

  INPUT ---    mlogit(2);

  INPUT ---    mlogit(2);


  Program  MARK  - Survival Rate Estimation with Capture-Recapture Data
   gfortran(dble) Vers. 9.0 Mar 2018    25-Mar-2020 14:32:28    Page  006
 - - - - - - - - - - - - - - - - - - - - - - - - - - - - - - - - - - - - - -
 
  INPUT ---    mlogit(2);

  INPUT ---    mlogit(2);

  INPUT ---    mlogit(2);

  INPUT ---    mlogit(2);

  INPUT ---    mlogit(2);

  INPUT ---    mlogit(2);

  INPUT ---    mlogit(2);

  INPUT ---    mlogit(2);

  INPUT ---    mlogit(2);

  INPUT ---    mlogit(2);

  INPUT ---    mlogit(2);

  INPUT ---    mlogit(2);

  INPUT ---    mlogit(2);

  INPUT ---    mlogit(2);

  INPUT ---    mlogit(2);

  INPUT ---    mlogit(2);

  INPUT ---    mlogit(2);

  INPUT ---    mlogit(2);

  INPUT ---    mlogit(2);

  INPUT ---    mlogit(2);

  INPUT ---    mlogit(2);

  INPUT ---    mlogit(2);
  INPUT ---       blabel(1)=Phi:(Intercept);
  INPUT ---       blabel(2)=Phi:sexM;
  INPUT ---       blabel(3)=p:(Intercept);

  Program  MARK  - Survival Rate Estimation with Capture-Recapture Data
   gfortran(dble) Vers. 9.0 Mar 2018    25-Mar-2020 14:32:28    Page  007
 - - - - - - - - - - - - - - - - - - - - - - - - - - - - - - - - - - - - - -
 
  INPUT ---       blabel(4)=pent:(Intercept);
  INPUT ---       blabel(5)=pent:sexM;
  INPUT ---       blabel(6)=N:(Intercept);
  INPUT ---       blabel(7)=N:sexM;
  INPUT ---       rlabel(1)=Phi gF a0 t1;
  INPUT ---       rlabel(2)=Phi gM a0 t1;
  INPUT ---       rlabel(3)=p gF a0 t1;
  INPUT ---       rlabel(4)=N gF a0 t1;
  INPUT ---       rlabel(5)=N gM a0 t1;
  INPUT ---       rlabel(6)=pent gF a0.00547945205479452 t1.00547945205479;
  INPUT ---       rlabel(7)=pent gF a0.00821917808219178 t1.00821917808219;
  INPUT ---       rlabel(8)=pent gF a0.010958904109589 t1.01095890410959;
  INPUT ---       rlabel(9)=pent gF a0.0164383561643836 t1.01643835616438;
  INPUT ---       rlabel(10)=pent gF a0.0246575342465753 t1.02465753424658;
  INPUT ---       rlabel(11)=pent gF a0.0273972602739726 t1.02739726027397;
  INPUT ---       rlabel(12)=pent gF a0.0301369863013699 t1.03013698630137;
  INPUT ---       rlabel(13)=pent gF a0.0356164383561644 t1.03561643835616;
  INPUT ---       rlabel(14)=pent gF a0.0410958904109589 t1.04109589041096;
  INPUT ---       rlabel(15)=pent gF a0.0493150684931507 t1.04931506849315;
  INPUT ---       rlabel(16)=pent gF a0.0520547945205479 t1.05205479452055;
  INPUT ---       rlabel(17)=pent gF a0.0657534246575342 t1.06575342465753;
  INPUT ---       rlabel(18)=pent gF a0.0712328767123288 t1.07123287671233;
  INPUT ---       rlabel(19)=pent gF a0.0986301369863014 t1.0986301369863;
  INPUT ---       rlabel(20)=pent gF a0.101369863013699 t1.1013698630137;
  INPUT ---       rlabel(21)=pent gF a0.106849315068493 t1.10684931506849;
  INPUT ---       rlabel(22)=pent gF a0.10958904109589 t1.10958904109589;
  INPUT ---       rlabel(23)=pent gF a0.120547945205479 t1.12054794520548;
  INPUT ---       rlabel(24)=pent gF a0.350684931506849 t1.35068493150685;
  INPUT ---       rlabel(25)=pent gF a0.358904109589041 t1.35890410958904;
  INPUT ---       rlabel(26)=pent gF a0.613698630136986 t1.61369863013699;
  INPUT ---       rlabel(27)=pent gF a0.638356164383562 t1.63835616438356;
  INPUT ---       rlabel(28)=pent gF a0.646575342465753 t1.64657534246575;
  INPUT ---       rlabel(29)=pent gF a0.649315068493151 t1.64931506849315;
  INPUT ---       rlabel(30)=pent gF a0.652054794520548 t1.65205479452055;
  INPUT ---       rlabel(31)=pent gF a0.704109589041096 t1.7041095890411;
  INPUT ---       rlabel(32)=pent gF a0.706849315068493 t1.70684931506849;
  INPUT ---       rlabel(33)=pent gF a0.70958904109589 t1.70958904109589;
  INPUT ---       rlabel(34)=pent gF a0.827397260273973 t1.82739726027397;
  INPUT ---       rlabel(35)=pent gM a0.00547945205479452 t1.00547945205479;
  INPUT ---       rlabel(36)=pent gM a0.00821917808219178 t1.00821917808219;
  INPUT ---       rlabel(37)=pent gM a0.010958904109589 t1.01095890410959;
  INPUT ---       rlabel(38)=pent gM a0.0164383561643836 t1.01643835616438;
  INPUT ---       rlabel(39)=pent gM a0.0246575342465753 t1.02465753424658;
  INPUT ---       rlabel(40)=pent gM a0.0273972602739726 t1.02739726027397;
  INPUT ---       rlabel(41)=pent gM a0.0301369863013699 t1.03013698630137;
  INPUT ---       rlabel(42)=pent gM a0.0356164383561644 t1.03561643835616;

  Program  MARK  - Survival Rate Estimation with Capture-Recapture Data
   gfortran(dble) Vers. 9.0 Mar 2018    25-Mar-2020 14:32:28    Page  008
 - - - - - - - - - - - - - - - - - - - - - - - - - - - - - - - - - - - - - -
 
  INPUT ---       rlabel(43)=pent gM a0.0410958904109589 t1.04109589041096;
  INPUT ---       rlabel(44)=pent gM a0.0493150684931507 t1.04931506849315;
  INPUT ---       rlabel(45)=pent gM a0.0520547945205479 t1.05205479452055;
  INPUT ---       rlabel(46)=pent gM a0.0657534246575342 t1.06575342465753;
  INPUT ---       rlabel(47)=pent gM a0.0712328767123288 t1.07123287671233;
  INPUT ---       rlabel(48)=pent gM a0.0986301369863014 t1.0986301369863;
  INPUT ---       rlabel(49)=pent gM a0.101369863013699 t1.1013698630137;
  INPUT ---       rlabel(50)=pent gM a0.106849315068493 t1.10684931506849;
  INPUT ---       rlabel(51)=pent gM a0.10958904109589 t1.10958904109589;
  INPUT ---       rlabel(52)=pent gM a0.120547945205479 t1.12054794520548;
  INPUT ---       rlabel(53)=pent gM a0.350684931506849 t1.35068493150685;
  INPUT ---       rlabel(54)=pent gM a0.358904109589041 t1.35890410958904;
  INPUT ---       rlabel(55)=pent gM a0.613698630136986 t1.61369863013699;
  INPUT ---       rlabel(56)=pent gM a0.638356164383562 t1.63835616438356;
  INPUT ---       rlabel(57)=pent gM a0.646575342465753 t1.64657534246575;
  INPUT ---       rlabel(58)=pent gM a0.649315068493151 t1.64931506849315;
  INPUT ---       rlabel(59)=pent gM a0.652054794520548 t1.65205479452055;
  INPUT ---       rlabel(60)=pent gM a0.704109589041096 t1.7041095890411;
  INPUT ---       rlabel(61)=pent gM a0.706849315068493 t1.70684931506849;
  INPUT ---       rlabel(62)=pent gM a0.70958904109589 t1.70958904109589;
  INPUT ---       rlabel(63)=pent gM a0.827397260273973 t1.82739726027397;

 Link Function Used is PARM-SPECIFIC

 Variance Estimation Procedure Used is 2ndPart 

 M(t+1):
      16     29



 Group: 1

 U(t)+UL(t):
       0    2    2    0    1    0    3    1    1    0    0    0    0    0    1
       0    0    0    2    1    1    0    0    0    1    0    0    0    0    0

 U(t):
       0    2    2    0    1    0    3    1    1    0    0    0    0    0    1
       0    0    0    2    1    1    0    0    0    1    0    0    0    0    0

 UL(t):
       0    0    0    0    0    0    0    0    0    0    0    0    0    0    0
       0    0    0    0    0    0    0    0    0    0    0    0    0    0    0

 Not Released(t):
       0    0    0    0    0    0    0    0    0    0    0    0    0    0    0
       0    0    0    0    0    0    0    0    0    0    0    0    0    0    0

 Group: 2

 U(t)+UL(t):
       3    0    1    1    1    1    1    0    1    1    2    1    3    3    1
       1    0    2    3    1    0    0    1    0    0    0    0    0    0    1

 U(t):
       3    0    1    1    1    1    1    0    1    1    2    1    3    3    1
       1    0    2    3    1    0    0    1    0    0    0    0    0    0    1

 UL(t):
       0    0    0    0    0    0    0    0    0    0    0    0    0    0    0
       0    0    0    0    0    0    0    0    0    0    0    0    0    0    0

 Not Released(t):
       0    0    0    0    0    0    0    0    0    0    0    0    0    0    0
       0    0    0    0    0    0    0    0    0    0    0    0    0    0    0
 -2logL(saturated) = 272.93564     
 Effective Sample Size = 98

 Number of function evaluations was 24 for 7 parameters.
 Time for numerical optimization was 0.14 seconds.     
 -2logL { Phi(~sex)p(~1)pent(~sex)N(~sex) } = 511.95425     
 Penalty { Phi(~sex)p(~1)pent(~sex)N(~sex) } = 0.0000000     
 Gradient { Phi(~sex)p(~1)pent(~sex)N(~sex) }:
  0.5960697E-05  0.7593302E-05 -0.2193853E-05  0.7486842E-05  0.2145931E-04
   0.000000     -0.3678584E-05
 Maximum ABS(G) { Phi(~sex)p(~1)pent(~sex)N(~sex) } = 0.2145931E-04 
 S Vector { Phi(~sex)p(~1)pent(~sex)N(~sex) }:
   79.30791      9.743434      2.393058      1.787402     0.6958683    
  0.2794148     0.1384570    
 Time to compute number of parameters was 0.09 seconds.     
 Ratio Threshold = 50.000000       Max Gap (1/2) = 8.1396267       Next Max Gap (1/2) = 8.1396267     
 Gap Method for Num. of Estimated Parameters { Phi(~sex)p(~1)pent(~sex)N(~sex) } = 7          
 Threshold { Phi(~sex)p(~1)pent(~sex)N(~sex) } = 0.4291862E-04                 
 Numerical Threshold Method for Num. of Estimated Parameters { Phi(~sex)p(~1)pent(~sex)N(~sex) } = 7          
 Number of Estimated Parameters { Phi(~sex)p(~1)pent(~sex)N(~sex) } = 7          
 DEVIANCE { Phi(~sex)p(~1)pent(~sex)N(~sex) } = 239.01860                     
 DEVIANCE Degrees of Freedom { Phi(~sex)p(~1)pent(~sex)N(~sex) } = 34            
 c-hat { Phi(~sex)p(~1)pent(~sex)N(~sex) } = 7.0299589                     
 AIC { Phi(~sex)p(~1)pent(~sex)N(~sex) } = 525.95425                  
 AICc { Phi(~sex)p(~1)pent(~sex)N(~sex) } = 527.19869                    
 BIC { Phi(~sex)p(~1)pent(~sex)N(~sex) } = 544.04902                    
 Pearson Chisquare { Phi(~sex)p(~1)pent(~sex)N(~sex) } = 213390.61                  
 Possible Encounter Histories { Phi(~sex)p(~1)pent(~sex)N(~sex) } = 2147483646             
 Pearson Chisquare df { Phi(~sex)p(~1)pent(~sex)N(~sex) } = 2147483637        
 Pearson chat { Phi(~sex)p(~1)pent(~sex)N(~sex) } = 0.9936775E-04              
 Sum(Observed/Expected) { Phi(~sex)p(~1)pent(~sex)N(~sex) } = 213176.22                  
 Fletcher chat { Phi(~sex)p(~1)pent(~sex)N(~sex) } = 1.0010057                  

  Program  MARK  - Survival Rate Estimation with Capture-Recapture Data
   gfortran(dble) Vers. 9.0 Mar 2018    25-Mar-2020 14:32:28    Page  009
 - - - - - - - - - - - - - - - - - - - - - - - - - - - - - - - - - - - - - -
 


             PARM-SPECIFIC Link Function Parameters of { Phi(~sex)p(~1)pent(~sex)N(~sex) }
                                                              95% Confidence Interval
 Parameter                    Beta         Standard Error      Lower           Upper
 -------------------------  --------------  --------------  --------------  --------------
    1:Phi:(Intercept)       -1.5599001       1.1349728      -3.7844469       0.6646466    
    2:Phi:sexM               3.0190129       2.2591645      -1.4089496       7.4469753    
    3:p:(Intercept)         -2.4776228       0.1863325      -2.8428346      -2.1124110    
    4:pent:(Intercept)      -4.0952020       1.3910115      -6.8215847      -1.3688194    
    5:pent:sexM              0.0665853       1.8094539      -3.4799445       3.6131151    
    6:N:(Intercept)          1.9168424       0.7402572       0.4659383       3.3677464    
    7:N:sexM                 0.0370017       1.0711149      -2.0623836       2.1363869    


             Real Function Parameters of { Phi(~sex)p(~1)pent(~sex)N(~sex) }
                                                               95% Confidence Interval
  Parameter                  Estimate       Standard Error      Lower           Upper
 --------------------------  --------------  --------------  --------------  --------------
     1:Phi gF a0 t1           0.1736610       0.1628718       0.0222166       0.6603034                          
     2:Phi gM a0 t1           0.8113969       0.3310335       0.0583765       0.9966616                          
     3:p gF a0 t1             0.0774419       0.0133125       0.0550529       0.1078964                          
     4:N gF a0 t1             22.799454       5.0333448       17.861230       40.839802                          
     5:N gM a0 t1             36.055758       5.4092877       30.861090       55.749772                          
     6:pent gF a0.005479452   0.0112295       0.0105335       0.0017659       0.0679562                          
     7:pent gF a0.008219178   0.0112295       0.0105335       0.0017659       0.0679562                          
     8:pent gF a0.010958904   0.0112295       0.0105335       0.0017659       0.0679562                          
     9:pent gF a0.016438356   0.0112295       0.0105335       0.0017659       0.0679562                          
    10:pent gF a0.024657534   0.0112295       0.0105335       0.0017659       0.0679562                          
    11:pent gF a0.027397260   0.0112295       0.0105335       0.0017659       0.0679562                          
    12:pent gF a0.030136986   0.0112295       0.0105335       0.0017659       0.0679562                          
    13:pent gF a0.035616438   0.0112295       0.0105335       0.0017659       0.0679562                          
    14:pent gF a0.041095890   0.0112295       0.0105335       0.0017659       0.0679562                          
    15:pent gF a0.049315068   0.0112295       0.0105335       0.0017659       0.0679562                          
    16:pent gF a0.052054794   0.0112295       0.0105335       0.0017659       0.0679562                          
    17:pent gF a0.065753424   0.0112295       0.0105335       0.0017659       0.0679562                          
    18:pent gF a0.071232876   0.0112295       0.0105335       0.0017659       0.0679562                          
    19:pent gF a0.098630136   0.0112295       0.0105335       0.0017659       0.0679562                          
    20:pent gF a0.101369863   0.0112295       0.0105335       0.0017659       0.0679562                          
    21:pent gF a0.106849315   0.0112295       0.0105335       0.0017659       0.0679562                          
    22:pent gF a0.109589041   0.0112295       0.0105335       0.0017659       0.0679562                          
    23:pent gF a0.120547945   0.0112295       0.0105335       0.0017659       0.0679562                          
    24:pent gF a0.350684931   0.0112295       0.0105335       0.0017659       0.0679562                          
    25:pent gF a0.358904109   0.0112295       0.0105335       0.0017659       0.0679562                          
    26:pent gF a0.613698630   0.0112295       0.0105335       0.0017659       0.0679562                          
    27:pent gF a0.638356164   0.0112295       0.0105335       0.0017659       0.0679562                          

  Program  MARK  - Survival Rate Estimation with Capture-Recapture Data
   gfortran(dble) Vers. 9.0 Mar 2018    25-Mar-2020 14:32:28    Page  010
 - - - - - - - - - - - - - - - - - - - - - - - - - - - - - - - - - - - - - -
 
    28:pent gF a0.646575342   0.0112295       0.0105335       0.0017659       0.0679562                          
    29:pent gF a0.649315068   0.0112295       0.0105335       0.0017659       0.0679562                          
    30:pent gF a0.652054794   0.0112295       0.0105335       0.0017659       0.0679562                          
    31:pent gF a0.704109589   0.0112295       0.0105335       0.0017659       0.0679562                          
    32:pent gF a0.706849315   0.0112295       0.0105335       0.0017659       0.0679562                          
    33:pent gF a0.709589041   0.0112295       0.0105335       0.0017659       0.0679562                          
    34:pent gF a0.827397260   0.0112295       0.0105335       0.0017659       0.0679562                          
    35:pent gM a0.005479452   0.0117394       0.0109419       0.0018670       0.0701464                          
    36:pent gM a0.008219178   0.0117394       0.0109419       0.0018670       0.0701464                          
    37:pent gM a0.010958904   0.0117394       0.0109419       0.0018670       0.0701464                          
    38:pent gM a0.016438356   0.0117394       0.0109419       0.0018670       0.0701464                          
    39:pent gM a0.024657534   0.0117394       0.0109419       0.0018670       0.0701464                          
    40:pent gM a0.027397260   0.0117394       0.0109419       0.0018670       0.0701464                          
    41:pent gM a0.030136986   0.0117394       0.0109419       0.0018670       0.0701464                          
    42:pent gM a0.035616438   0.0117394       0.0109419       0.0018670       0.0701464                          
    43:pent gM a0.041095890   0.0117394       0.0109419       0.0018670       0.0701464                          
    44:pent gM a0.049315068   0.0117394       0.0109419       0.0018670       0.0701464                          
    45:pent gM a0.052054794   0.0117394       0.0109419       0.0018670       0.0701464                          
    46:pent gM a0.065753424   0.0117394       0.0109419       0.0018670       0.0701464                          
    47:pent gM a0.071232876   0.0117394       0.0109419       0.0018670       0.0701464                          
    48:pent gM a0.098630136   0.0117394       0.0109419       0.0018670       0.0701464                          
    49:pent gM a0.101369863   0.0117394       0.0109419       0.0018670       0.0701464                          
    50:pent gM a0.106849315   0.0117394       0.0109419       0.0018670       0.0701464                          
    51:pent gM a0.109589041   0.0117394       0.0109419       0.0018670       0.0701464                          
    52:pent gM a0.120547945   0.0117394       0.0109419       0.0018670       0.0701464                          
    53:pent gM a0.350684931   0.0117394       0.0109419       0.0018670       0.0701464                          
    54:pent gM a0.358904109   0.0117394       0.0109419       0.0018670       0.0701464                          
    55:pent gM a0.613698630   0.0117394       0.0109419       0.0018670       0.0701464                          
    56:pent gM a0.638356164   0.0117394       0.0109419       0.0018670       0.0701464                          
    57:pent gM a0.646575342   0.0117394       0.0109419       0.0018670       0.0701464                          
    58:pent gM a0.649315068   0.0117394       0.0109419       0.0018670       0.0701464                          
    59:pent gM a0.652054794   0.0117394       0.0109419       0.0018670       0.0701464                          
    60:pent gM a0.704109589   0.0117394       0.0109419       0.0018670       0.0701464                          
    61:pent gM a0.706849315   0.0117394       0.0109419       0.0018670       0.0701464                          
    62:pent gM a0.709589041   0.0117394       0.0109419       0.0018670       0.0701464                          
    63:pent gM a0.827397260   0.0117394       0.0109419       0.0018670       0.0701464                          


                      Estimates of Derived Parameters
 Gross Birth+Immigration Estimates of { Phi(~sex)p(~1)pent(~sex)N(~sex) }
                                                95% Confidence Interval
 Grp. Occ.   B*-hat          Standard Error      Lower           Upper
 ---- ----   --------------  --------------  --------------  --------------
   1     1    0.2572555       0.2819488       0.0451093       1.4671107    
   1     2    0.2566401       0.2811197       0.0450312       1.4626323    

  Program  MARK  - Survival Rate Estimation with Capture-Recapture Data
   gfortran(dble) Vers. 9.0 Mar 2018    25-Mar-2020 14:32:28    Page  011
 - - - - - - - - - - - - - - - - - - - - - - - - - - - - - - - - - - - - - -
 
   1     3    0.2566401       0.2811197       0.0450312       1.4626323    
   1     4    0.2572555       0.2819488       0.0451093       1.4671107    
   1     5    0.2578720       0.2827798       0.0451875       1.4715999    
   1     6    0.2566401       0.2811197       0.0450312       1.4626323    
   1     7    0.2566401       0.2811197       0.0450312       1.4626323    
   1     8    0.2572555       0.2819488       0.0451093       1.4671107    
   1     9    0.2572555       0.2819488       0.0451093       1.4671107    
   1    10    0.2578720       0.2827798       0.0451875       1.4715999    
   1    11    0.2566401       0.2811197       0.0450312       1.4626323    
   1    12    0.2591078       0.2844474       0.0453440       1.4806107    
   1    13    0.2572555       0.2819488       0.0451093       1.4671107    
   1    14    0.2622145       0.2886491       0.0457362       1.5033267    
   1    15    0.2566401       0.2811197       0.0450312       1.4626323    
   1    16    0.2572555       0.2819488       0.0451093       1.4671107    
   1    17    0.2566401       0.2811197       0.0450312       1.4626323    
   1    18    0.2584894       0.2836127       0.0452657       1.4760999    
   1    19    0.3110544       0.3562900       0.0517082       1.8711709    
   1    20    0.2578720       0.2827798       0.0451875       1.4715999    
   1    21    0.3173575       0.3652090       0.0524578       1.9199402    
   1    22    0.2615912       0.2878050       0.0456577       1.4987619    
   1    23    0.2578720       0.2827798       0.0451875       1.4715999    
   1    24    0.2566401       0.2811197       0.0450312       1.4626323    
   1    25    0.2566401       0.2811197       0.0450312       1.4626323    
   1    26    0.2678685       0.2963300       0.0464455       1.5448970    
   1    27    0.2566401       0.2811197       0.0450312       1.4626323    
   1    28    0.2566401       0.2811197       0.0450312       1.4626323    
   1    29    0.2833339       0.3175529       0.0483591       1.6600414    
   2     1    0.4235158       0.4443754       0.0782434       2.2924062    
   2     2    0.4233946       0.4441224       0.0782474       2.2909765    
   2     3    0.4233946       0.4441224       0.0782474       2.2909765    
   2     4    0.4235158       0.4443754       0.0782434       2.2924062    
   2     5    0.4236371       0.4446285       0.0782394       2.2938369    
   2     6    0.4233946       0.4441224       0.0782474       2.2909765    
   2     7    0.4233946       0.4441224       0.0782474       2.2909765    
   2     8    0.4235158       0.4443754       0.0782434       2.2924062    
   2     9    0.4235158       0.4443754       0.0782434       2.2924062    
   2    10    0.4236371       0.4446285       0.0782394       2.2938369    
   2    11    0.4233946       0.4441224       0.0782474       2.2909765    
   2    12    0.4238796       0.4451353       0.0782313       2.2967017    
   2    13    0.4235158       0.4443754       0.0782434       2.2924062    
   2    14    0.4244864       0.4464052       0.0782109       2.3038824    
   2    15    0.4233946       0.4441224       0.0782474       2.2909765    
   2    16    0.4235158       0.4443754       0.0782434       2.2924062    
   2    17    0.4233946       0.4441224       0.0782474       2.2909765    
   2    18    0.4237583       0.4448818       0.0782353       2.2952688    
   2    19    0.4335343       0.4656695       0.0778824       2.4132787    

  Program  MARK  - Survival Rate Estimation with Capture-Recapture Data
   gfortran(dble) Vers. 9.0 Mar 2018    25-Mar-2020 14:32:28    Page  012
 - - - - - - - - - - - - - - - - - - - - - - - - - - - - - - - - - - - - - -
 
   2    20    0.4236371       0.4446285       0.0782394       2.2938369    
   2    21    0.4346434       0.4680720       0.0778395       2.4269812    
   2    22    0.4243650       0.4461509       0.0782150       2.3024441    
   2    23    0.4236371       0.4446285       0.0782394       2.2938369    
   2    24    0.4233946       0.4441224       0.0782474       2.2909765    
   2    25    0.4233946       0.4441224       0.0782474       2.2909765    
   2    26    0.4255801       0.4487011       0.0781736       2.3168750    
   2    27    0.4233946       0.4441224       0.0782474       2.2909765    
   2    28    0.4233946       0.4441224       0.0782474       2.2909765    
   2    29    0.4285056       0.4548875       0.0780703       2.3519456    

  Net Birth+Immigration Estimates of { Phi(~sex)p(~1)pent(~sex)N(~sex) }
                                                95% Confidence Interval
 Grp. Occ.   B-hat           Standard Error      Lower           Upper
 ---- ----   --------------  --------------  --------------  --------------
   1     1    0.2560256       0.2802925       0.0449532       1.4581647    
   1     2    0.2560256       0.2802925       0.0449532       1.4581647    
   1     3    0.2560256       0.2802925       0.0449532       1.4581647    
   1     4    0.2560256       0.2802925       0.0449532       1.4581647    
   1     5    0.2560256       0.2802925       0.0449532       1.4581647    
   1     6    0.2560256       0.2802925       0.0449532       1.4581647    
   1     7    0.2560256       0.2802925       0.0449532       1.4581647    
   1     8    0.2560256       0.2802925       0.0449532       1.4581647    
   1     9    0.2560256       0.2802925       0.0449532       1.4581647    
   1    10    0.2560256       0.2802925       0.0449532       1.4581647    
   1    11    0.2560256       0.2802925       0.0449532       1.4581647    
   1    12    0.2560256       0.2802925       0.0449532       1.4581647    
   1    13    0.2560256       0.2802925       0.0449532       1.4581647    
   1    14    0.2560256       0.2802925       0.0449532       1.4581647    
   1    15    0.2560256       0.2802925       0.0449532       1.4581647    
   1    16    0.2560256       0.2802925       0.0449532       1.4581647    
   1    17    0.2560256       0.2802925       0.0449532       1.4581647    
   1    18    0.2560256       0.2802925       0.0449532       1.4581647    
   1    19    0.2560256       0.2802925       0.0449532       1.4581647    
   1    20    0.2560256       0.2802925       0.0449532       1.4581647    
   1    21    0.2560256       0.2802925       0.0449532       1.4581647    
   1    22    0.2560256       0.2802925       0.0449532       1.4581647    
   1    23    0.2560256       0.2802925       0.0449532       1.4581647    
   1    24    0.2560256       0.2802925       0.0449532       1.4581647    
   1    25    0.2560256       0.2802925       0.0449532       1.4581647    
   1    26    0.2560256       0.2802925       0.0449532       1.4581647    
   1    27    0.2560256       0.2802925       0.0449532       1.4581647    
   1    28    0.2560256       0.2802925       0.0449532       1.4581647    
   1    29    0.2560256       0.2802925       0.0449532       1.4581647    
   2     1    0.4232734       0.4438695       0.0782514       2.2895478    
   2     2    0.4232734       0.4438695       0.0782514       2.2895478    
   2     3    0.4232734       0.4438695       0.0782514       2.2895478    
   2     4    0.4232734       0.4438695       0.0782514       2.2895478    
   2     5    0.4232734       0.4438695       0.0782514       2.2895478    
   2     6    0.4232734       0.4438695       0.0782514       2.2895478    
   2     7    0.4232734       0.4438695       0.0782514       2.2895478    
   2     8    0.4232734       0.4438695       0.0782514       2.2895478    
   2     9    0.4232734       0.4438695       0.0782514       2.2895478    
   2    10    0.4232734       0.4438695       0.0782514       2.2895478    
   2    11    0.4232734       0.4438695       0.0782514       2.2895478    
   2    12    0.4232734       0.4438695       0.0782514       2.2895478    
   2    13    0.4232734       0.4438695       0.0782514       2.2895478    
   2    14    0.4232734       0.4438695       0.0782514       2.2895478    
   2    15    0.4232734       0.4438695       0.0782514       2.2895478    
   2    16    0.4232734       0.4438695       0.0782514       2.2895478    
   2    17    0.4232734       0.4438695       0.0782514       2.2895478    
   2    18    0.4232734       0.4438695       0.0782514       2.2895478    
   2    19    0.4232734       0.4438695       0.0782514       2.2895478    
   2    20    0.4232734       0.4438695       0.0782514       2.2895478    
   2    21    0.4232734       0.4438695       0.0782514       2.2895478    
   2    22    0.4232734       0.4438695       0.0782514       2.2895478    
   2    23    0.4232734       0.4438695       0.0782514       2.2895478    
   2    24    0.4232734       0.4438695       0.0782514       2.2895478    
   2    25    0.4232734       0.4438695       0.0782514       2.2895478    
   2    26    0.4232734       0.4438695       0.0782514       2.2895478    
   2    27    0.4232734       0.4438695       0.0782514       2.2895478    
   2    28    0.4232734       0.4438695       0.0782514       2.2895478    
   2    29    0.4232734       0.4438695       0.0782514       2.2895478    

       Population Estimates of { Phi(~sex)p(~1)pent(~sex)N(~sex) }
                                                95% Confidence Interval
 Grp. Occ.   N-hat           Standard Error      Lower           Upper
 ---- ----   --------------  --------------  --------------  --------------
   1     1    15.374713       5.4048941       7.8748072       30.017470    
   1     2    15.483960       5.1520193       8.2045665       29.221899    
   1     3    15.665897       4.9213531       8.5865103       28.582082    
   1     4    15.846964       4.6976979       8.9723132       27.989023    
   1     5    15.951703       4.4685875       9.3077089       27.338289    
   1     6    15.979845       4.2370098       9.5873218       26.634699    
   1     7    16.159410       4.0382223       9.9751691       26.177653    
   1     8    16.338115       3.8502471       10.358767       25.768897    
   1     9    16.438165       3.6645105       10.675549       25.311416    
   1    10    16.537260       3.4924796       10.981297       24.904249    
   1    11    16.557036       3.3274735       11.209951       24.454651    
   1    12    16.733839       3.1946784       11.548906       24.246572    
   1    13    16.593336       3.0524694       11.605046       23.725781    
   1    14    16.690949       2.9493806       11.836439       23.536451    
   1    15    16.165321       2.8389937       11.487495       22.748008    
   1    16    16.343999       2.7777386       11.741366       22.750870    
   1    17    16.443992       2.7387329       11.890672       22.740926    
   1    18    16.621336       2.7267456       12.076722       22.876144    
   1    19    16.561518       2.7284321       12.017217       22.824243    
   1    20    11.325513       3.2606393       6.5140766       19.690778    
   1    21    11.419743       3.2365692       6.6229288       19.690765    
   1    22    7.5663500       3.5546577       3.1531930       18.156089    
   1    23    7.5027101       3.5029900       3.1420463       17.915287    
   1    24    7.6515529       3.4682652       3.2793730       17.852883    
   1    25    7.8709672       3.4542404       3.4577014       17.917141    
   1    26    8.0893316       3.4620723       3.6208901       18.072155    
   1    27    7.6407704       3.4740720       3.2669497       17.870301    
   1    28    7.8602363       3.5093367       3.4082231       18.127720    
   1    29    8.0786521       3.5647944       3.5343232       18.465945    
   1    30    6.8291156       3.4966037       2.6523883       17.582954    
   2     1    23.780829       9.0985677       11.524123       49.073396    
   2     2    24.176885       8.6971859       12.202756       47.900799    
   2     3    24.586318       8.2925755       12.920789       46.784066    
   2     4    24.995518       7.8915986       13.660717       45.735221    
   2     5    25.390183       7.5020534       14.401252       44.764259    
   2     6    25.769879       7.1251105       15.138409       43.867664    

  Program  MARK  - Survival Rate Estimation with Capture-Recapture Data
   gfortran(dble) Vers. 9.0 Mar 2018    25-Mar-2020 14:32:28    Page  013
 - - - - - - - - - - - - - - - - - - - - - - - - - - - - - - - - - - - - - -
 
   2     7    26.178401       6.7378980       15.935193       43.005983    
   2     8    26.586689       6.3569922       16.747762       42.205760    
   2     9    26.979532       5.9918585       17.549277       41.477217    
   2    10    27.371927       5.6353893       18.359914       40.807510    
   2    11    27.748221       5.2979838       19.149806       40.207392    
   2    12    28.155611       4.9546296       19.994669       39.647489    
   2    13    28.498390       4.6624425       20.724146       39.188985    
   2    14    28.889046       4.3590716       21.528568       38.766025    
   2    15    29.147374       4.1562022       22.071527       38.491648    
   2    16    29.553963       3.8837047       22.868369       38.194098    
   2    17    29.943411       3.6515872       23.598181       37.994786    
   2    18    30.349544       3.4453292       24.312509       37.885633    
   2    19    30.703384       3.3070323       24.875207       37.897084    
   2    20    29.684834       4.5672386       21.995490       40.062276    
   2    21    30.057159       4.4477513       22.525234       40.107587    
   2    22    28.921713       6.5417410       18.667476       44.808710    
   2    23    29.196326       6.5938724       18.856894       45.204976    
   2    24    29.569489       6.5180210       19.294372       45.316565    
   2    25    29.975836       6.4175997       19.795665       45.391288    
   2    26    30.381950       6.3449679       20.264749       45.550178    
   2    27    30.476479       6.7406342       19.858216       46.772368    
   2    28    30.882307       6.7084310       20.273593       47.042321    
   2    29    31.287902       6.7037015       20.655632       47.393022    
   2    30    30.950222       7.7102729       19.133466       50.064961    

    Gross Population Estimates of { Phi(~sex)p(~1)pent(~sex)N(~sex) }
                                                95% Confidence Interval
 Grp. Occ.   N*-hat          Standard Error      Lower           Upper
 ---- ----   --------------  --------------  --------------  --------------
   1     0    22.993791       5.2511916       14.780187       35.771838    
   2     0    36.092566       5.4789985       26.849414       48.517756    

   CPU Time for the last procedure was 0.27 seconds.     

  Program  MARK  - Survival Rate Estimation with Capture-Recapture Data
   gfortran(dble) Vers. 9.0 Mar 2018    25-Mar-2020 14:32:28    Page  014
 - - - - - - - - - - - - - - - - - - - - - - - - - - - - - - - - - - - - - -
 


  INPUT --- proc stop;

     CPU Time in minutes for this job was 0.00

     Time Start = 14:32:28.515   Time End = 14:32:28.858

     Wall Clock Time in minutes for this job was 0.01


          E X E C U T I O N   S U C C E S S F U L 
