
   Program  MARK  - Survival Rate Estimation with Capture-Recapture Data
   gfortran(dble) Vers. 9.0 Mar 2018    25-Mar-2020 12:09:32    Page  001
 - - - - - - - - - - - - - - - - - - - - - - - - - - - - - - - - - - - - - -
 
   This version was compiled by GCC version 7.2.0 using the options: 
     -cpp -iprefix C:/Program Files/mingw-w64/x86_64-7.2.0-posix-seh-rt_v5-rev1/
     mingw64/bin/../lib/gcc/x86_64-w64-mingw32/7.2.0/ -D_MT -D_REENTRANT
     -U_REENTRANT -D IEEE -D DBLEPRECISION -m64 -mtune=core2 -march=nocona -mthreads
     -O2 -fimplicit-none -fbounds-check -funroll-loops -ftree-vectorize
     -ffpe-summary=invalid,zero,overflow,underflow -fno-unsafe-math-optimizations
     -frounding-math -fsignaling-nans -fopenmp.

   This problem will use 15 of 16 possible threads.


  INPUT --- proc title ;

   CPU Time for the last procedure was 0.01 seconds.     


  INPUT --- proc chmatrix occasions= 33 groups= 2 etype= POPAN Nodes= 
  INPUT --- 101 ICMeans NoHist hist= 41  ;

  INPUT ---    time interval 0.00547945205479452 0.00273972602739726 
  INPUT ---    0.00273972602739726 0.00547945205479452  
  INPUT ---    0.00821917808219178 0.00273972602739726 0.00273972602739726 
  INPUT ---    0.00547945205479452  0.00547945205479452 
  INPUT ---    0.00821917808219178 0.00273972602739726 0.0136986301369863 
  INPUT ---    0.00547945205479452  0.0273972602739726 0.00273972602739726 
  INPUT ---    0.00547945205479452 0.00273972602739726 0.010958904109589  
  INPUT ---    0.23013698630137 0.00821917808219178 0.254794520547945 
  INPUT ---    0.0246575342465753 0.00821917808219178  0.00273972602739726 
  INPUT ---    0.00273972602739726 0.0520547945205479 0.00273972602739726 
  INPUT ---    0.00273972602739726  0.117808219178082 0.575342465753425 
  INPUT ---    0.00273972602739726 0.00273972602739726 ;

  INPUT ---    glabel(1)=sexF;

  INPUT ---    glabel(2)=sexM;

   * *  WARNING  * *   At least a pair of the encounter histories are duplicates. 

      Number of unique encounter histories read was 38.

      Number of individual covariates read was 0.
      Time interval lengths vary and/or not equal to 1.

      Data type number is 19
      Data type is POPAN                                                                                               

   CPU Time for the last procedure was 0.01 seconds.     

  Program  MARK  - Survival Rate Estimation with Capture-Recapture Data
   gfortran(dble) Vers. 9.0 Mar 2018    25-Mar-2020 12:09:32    Page  002
 - - - - - - - - - - - - - - - - - - - - - - - - - - - - - - - - - - - - - -
 


  INPUT --- proc estimate link=Parm-Specific NOLOOP varest=2ndPart    ;


  INPUT --- model={ Phi(~sex)p(~1)pent(~sex)N(~1) };

  INPUT ---    group=1 Phi    rows=1 cols=32 Square ;
  INPUT ---        1 1 1 1 1 1 1 1 1 1 1 1 1 1 1 1 1 1 1 1 1 1 1 1 1 1 1 1 1 
  INPUT ---       1 1 1 ;

  INPUT ---    group=2 Phi    rows=1 cols=32 Square ;
  INPUT ---        2 2 2 2 2 2 2 2 2 2 2 2 2 2 2 2 2 2 2 2 2 2 2 2 2 2 2 2 2 
  INPUT ---       2 2 2 ;

  INPUT ---    group=1 p    rows=1 cols=33 Square ;
  INPUT ---        3 3 3 3 3 3 3 3 3 3 3 3 3 3 3 3 3 3 3 3 3 3 3 3 3 3 3 3 3 
  INPUT ---       3 3 3 3 ;

  INPUT ---    group=2 p    rows=1 cols=33 Square ;
  INPUT ---        3 3 3 3 3 3 3 3 3 3 3 3 3 3 3 3 3 3 3 3 3 3 3 3 3 3 3 3 3 
  INPUT ---       3 3 3 3 ;

  INPUT ---    group=1 pent    rows=1 cols=32 Square ;
  INPUT ---        5 6 7 8 9 10 11 12 13 14 15 16 17 18 19 20 21 22 23 24 25 
  INPUT ---       26 27 28 29 30 31 32 33 34 35 36 ;

  INPUT ---    group=2 pent    rows=1 cols=32 Square ;
  INPUT ---        37 38 39 40 41 42 43 44 45 46 47 48 49 50 51 52 53 54 55 
  INPUT ---       56 57 58 59 60 61 62 63 64 65 66 67 68 ;

  INPUT ---    group=1 N    rows=1 cols=1 Square ;
  INPUT ---        4 ;

  INPUT ---    group=2 N    rows=1 cols=1 Square ;
  INPUT ---        4 ;

  INPUT ---    design matrix constraints=68 covariates=6;
  INPUT ---        1 0 0 0 0 0;
  INPUT ---        1 1 0 0 0 0;
  INPUT ---        0 0 1 0 0 0;
  INPUT ---        0 0 0 0 0 1;
  INPUT ---        0 0 0 1 0 0;
  INPUT ---        0 0 0 1 0 0;
  INPUT ---        0 0 0 1 0 0;
  INPUT ---        0 0 0 1 0 0;

  Program  MARK  - Survival Rate Estimation with Capture-Recapture Data
   gfortran(dble) Vers. 9.0 Mar 2018    25-Mar-2020 12:09:32    Page  003
 - - - - - - - - - - - - - - - - - - - - - - - - - - - - - - - - - - - - - -
 
  INPUT ---        0 0 0 1 0 0;
  INPUT ---        0 0 0 1 0 0;
  INPUT ---        0 0 0 1 0 0;
  INPUT ---        0 0 0 1 0 0;
  INPUT ---        0 0 0 1 0 0;
  INPUT ---        0 0 0 1 0 0;
  INPUT ---        0 0 0 1 0 0;
  INPUT ---        0 0 0 1 0 0;
  INPUT ---        0 0 0 1 0 0;
  INPUT ---        0 0 0 1 0 0;
  INPUT ---        0 0 0 1 0 0;
  INPUT ---        0 0 0 1 0 0;
  INPUT ---        0 0 0 1 0 0;
  INPUT ---        0 0 0 1 0 0;
  INPUT ---        0 0 0 1 0 0;
  INPUT ---        0 0 0 1 0 0;
  INPUT ---        0 0 0 1 0 0;
  INPUT ---        0 0 0 1 0 0;
  INPUT ---        0 0 0 1 0 0;
  INPUT ---        0 0 0 1 0 0;
  INPUT ---        0 0 0 1 0 0;
  INPUT ---        0 0 0 1 0 0;
  INPUT ---        0 0 0 1 0 0;
  INPUT ---        0 0 0 1 0 0;
  INPUT ---        0 0 0 1 0 0;
  INPUT ---        0 0 0 1 0 0;
  INPUT ---        0 0 0 1 0 0;
  INPUT ---        0 0 0 1 0 0;
  INPUT ---        0 0 0 1 1 0;
  INPUT ---        0 0 0 1 1 0;
  INPUT ---        0 0 0 1 1 0;
  INPUT ---        0 0 0 1 1 0;
  INPUT ---        0 0 0 1 1 0;
  INPUT ---        0 0 0 1 1 0;
  INPUT ---        0 0 0 1 1 0;
  INPUT ---        0 0 0 1 1 0;
  INPUT ---        0 0 0 1 1 0;
  INPUT ---        0 0 0 1 1 0;
  INPUT ---        0 0 0 1 1 0;
  INPUT ---        0 0 0 1 1 0;
  INPUT ---        0 0 0 1 1 0;
  INPUT ---        0 0 0 1 1 0;
  INPUT ---        0 0 0 1 1 0;
  INPUT ---        0 0 0 1 1 0;
  INPUT ---        0 0 0 1 1 0;
  INPUT ---        0 0 0 1 1 0;

  Program  MARK  - Survival Rate Estimation with Capture-Recapture Data
   gfortran(dble) Vers. 9.0 Mar 2018    25-Mar-2020 12:09:32    Page  004
 - - - - - - - - - - - - - - - - - - - - - - - - - - - - - - - - - - - - - -
 
  INPUT ---        0 0 0 1 1 0;
  INPUT ---        0 0 0 1 1 0;
  INPUT ---        0 0 0 1 1 0;
  INPUT ---        0 0 0 1 1 0;
  INPUT ---        0 0 0 1 1 0;
  INPUT ---        0 0 0 1 1 0;
  INPUT ---        0 0 0 1 1 0;
  INPUT ---        0 0 0 1 1 0;
  INPUT ---        0 0 0 1 1 0;
  INPUT ---        0 0 0 1 1 0;
  INPUT ---        0 0 0 1 1 0;
  INPUT ---        0 0 0 1 1 0;
  INPUT ---        0 0 0 1 1 0;
  INPUT ---        0 0 0 1 1 0;

  INPUT ---    links=68;

  INPUT ---    Logit;

  INPUT ---    Logit;

  INPUT ---    Logit;

  INPUT ---    Log;

  INPUT ---    mlogit(1);

  INPUT ---    mlogit(1);

  INPUT ---    mlogit(1);

  INPUT ---    mlogit(1);

  INPUT ---    mlogit(1);

  INPUT ---    mlogit(1);

  INPUT ---    mlogit(1);

  INPUT ---    mlogit(1);

  INPUT ---    mlogit(1);

  INPUT ---    mlogit(1);

  INPUT ---    mlogit(1);

  Program  MARK  - Survival Rate Estimation with Capture-Recapture Data
   gfortran(dble) Vers. 9.0 Mar 2018    25-Mar-2020 12:09:32    Page  005
 - - - - - - - - - - - - - - - - - - - - - - - - - - - - - - - - - - - - - -
 

  INPUT ---    mlogit(1);

  INPUT ---    mlogit(1);

  INPUT ---    mlogit(1);

  INPUT ---    mlogit(1);

  INPUT ---    mlogit(1);

  INPUT ---    mlogit(1);

  INPUT ---    mlogit(1);

  INPUT ---    mlogit(1);

  INPUT ---    mlogit(1);

  INPUT ---    mlogit(1);

  INPUT ---    mlogit(1);

  INPUT ---    mlogit(1);

  INPUT ---    mlogit(1);

  INPUT ---    mlogit(1);

  INPUT ---    mlogit(1);

  INPUT ---    mlogit(1);

  INPUT ---    mlogit(1);

  INPUT ---    mlogit(1);

  INPUT ---    mlogit(1);

  INPUT ---    mlogit(1);

  INPUT ---    mlogit(1);

  INPUT ---    mlogit(2);

  INPUT ---    mlogit(2);

  Program  MARK  - Survival Rate Estimation with Capture-Recapture Data
   gfortran(dble) Vers. 9.0 Mar 2018    25-Mar-2020 12:09:32    Page  006
 - - - - - - - - - - - - - - - - - - - - - - - - - - - - - - - - - - - - - -
 

  INPUT ---    mlogit(2);

  INPUT ---    mlogit(2);

  INPUT ---    mlogit(2);

  INPUT ---    mlogit(2);

  INPUT ---    mlogit(2);

  INPUT ---    mlogit(2);

  INPUT ---    mlogit(2);

  INPUT ---    mlogit(2);

  INPUT ---    mlogit(2);

  INPUT ---    mlogit(2);

  INPUT ---    mlogit(2);

  INPUT ---    mlogit(2);

  INPUT ---    mlogit(2);

  INPUT ---    mlogit(2);

  INPUT ---    mlogit(2);

  INPUT ---    mlogit(2);

  INPUT ---    mlogit(2);

  INPUT ---    mlogit(2);

  INPUT ---    mlogit(2);

  INPUT ---    mlogit(2);

  INPUT ---    mlogit(2);

  INPUT ---    mlogit(2);

  INPUT ---    mlogit(2);

  Program  MARK  - Survival Rate Estimation with Capture-Recapture Data
   gfortran(dble) Vers. 9.0 Mar 2018    25-Mar-2020 12:09:32    Page  007
 - - - - - - - - - - - - - - - - - - - - - - - - - - - - - - - - - - - - - -
 

  INPUT ---    mlogit(2);

  INPUT ---    mlogit(2);

  INPUT ---    mlogit(2);

  INPUT ---    mlogit(2);

  INPUT ---    mlogit(2);

  INPUT ---    mlogit(2);

  INPUT ---    mlogit(2);
  INPUT ---       blabel(1)=Phi:(Intercept);
  INPUT ---       blabel(2)=Phi:sexM;
  INPUT ---       blabel(3)=p:(Intercept);
  INPUT ---       blabel(4)=pent:(Intercept);
  INPUT ---       blabel(5)=pent:sexM;
  INPUT ---       blabel(6)=N:(Intercept);
  INPUT ---       rlabel(1)=Phi gF a0 t1;
  INPUT ---       rlabel(2)=Phi gM a0 t1;
  INPUT ---       rlabel(3)=p gF a0 t1;
  INPUT ---       rlabel(4)=N gF a0 t1;
  INPUT ---       rlabel(5)=pent gF a0.00547945205479452 t1.00547945205479;
  INPUT ---       rlabel(6)=pent gF a0.00821917808219178 t1.00821917808219;
  INPUT ---       rlabel(7)=pent gF a0.010958904109589 t1.01095890410959;
  INPUT ---       rlabel(8)=pent gF a0.0164383561643836 t1.01643835616438;
  INPUT ---       rlabel(9)=pent gF a0.0246575342465753 t1.02465753424658;
  INPUT ---       rlabel(10)=pent gF a0.0273972602739726 t1.02739726027397;
  INPUT ---       rlabel(11)=pent gF a0.0301369863013699 t1.03013698630137;
  INPUT ---       rlabel(12)=pent gF a0.0356164383561644 t1.03561643835616;
  INPUT ---       rlabel(13)=pent gF a0.0410958904109589 t1.04109589041096;
  INPUT ---       rlabel(14)=pent gF a0.0493150684931507 t1.04931506849315;
  INPUT ---       rlabel(15)=pent gF a0.0520547945205479 t1.05205479452055;
  INPUT ---       rlabel(16)=pent gF a0.0657534246575342 t1.06575342465753;
  INPUT ---       rlabel(17)=pent gF a0.0712328767123288 t1.07123287671233;
  INPUT ---       rlabel(18)=pent gF a0.0986301369863014 t1.0986301369863;
  INPUT ---       rlabel(19)=pent gF a0.101369863013699 t1.1013698630137;
  INPUT ---       rlabel(20)=pent gF a0.106849315068493 t1.10684931506849;
  INPUT ---       rlabel(21)=pent gF a0.10958904109589 t1.10958904109589;
  INPUT ---       rlabel(22)=pent gF a0.120547945205479 t1.12054794520548;
  INPUT ---       rlabel(23)=pent gF a0.350684931506849 t1.35068493150685;
  INPUT ---       rlabel(24)=pent gF a0.358904109589041 t1.35890410958904;
  INPUT ---       rlabel(25)=pent gF a0.613698630136986 t1.61369863013699;
  INPUT ---       rlabel(26)=pent gF a0.638356164383562 t1.63835616438356;

  Program  MARK  - Survival Rate Estimation with Capture-Recapture Data
   gfortran(dble) Vers. 9.0 Mar 2018    25-Mar-2020 12:09:32    Page  008
 - - - - - - - - - - - - - - - - - - - - - - - - - - - - - - - - - - - - - -
 
  INPUT ---       rlabel(27)=pent gF a0.646575342465753 t1.64657534246575;
  INPUT ---       rlabel(28)=pent gF a0.649315068493151 t1.64931506849315;
  INPUT ---       rlabel(29)=pent gF a0.652054794520548 t1.65205479452055;
  INPUT ---       rlabel(30)=pent gF a0.704109589041096 t1.7041095890411;
  INPUT ---       rlabel(31)=pent gF a0.706849315068493 t1.70684931506849;
  INPUT ---       rlabel(32)=pent gF a0.70958904109589 t1.70958904109589;
  INPUT ---       rlabel(33)=pent gF a0.827397260273973 t1.82739726027397;
  INPUT ---       rlabel(34)=pent gF a1.4027397260274 t2.4027397260274;
  INPUT ---       rlabel(35)=pent gF a1.40547945205479 t2.40547945205479;
  INPUT ---       rlabel(36)=pent gF a1.40821917808219 t2.40821917808219;
  INPUT ---       rlabel(37)=pent gM a0.00547945205479452 t1.00547945205479;
  INPUT ---       rlabel(38)=pent gM a0.00821917808219178 t1.00821917808219;
  INPUT ---       rlabel(39)=pent gM a0.010958904109589 t1.01095890410959;
  INPUT ---       rlabel(40)=pent gM a0.0164383561643836 t1.01643835616438;
  INPUT ---       rlabel(41)=pent gM a0.0246575342465753 t1.02465753424658;
  INPUT ---       rlabel(42)=pent gM a0.0273972602739726 t1.02739726027397;
  INPUT ---       rlabel(43)=pent gM a0.0301369863013699 t1.03013698630137;
  INPUT ---       rlabel(44)=pent gM a0.0356164383561644 t1.03561643835616;
  INPUT ---       rlabel(45)=pent gM a0.0410958904109589 t1.04109589041096;
  INPUT ---       rlabel(46)=pent gM a0.0493150684931507 t1.04931506849315;
  INPUT ---       rlabel(47)=pent gM a0.0520547945205479 t1.05205479452055;
  INPUT ---       rlabel(48)=pent gM a0.0657534246575342 t1.06575342465753;
  INPUT ---       rlabel(49)=pent gM a0.0712328767123288 t1.07123287671233;
  INPUT ---       rlabel(50)=pent gM a0.0986301369863014 t1.0986301369863;
  INPUT ---       rlabel(51)=pent gM a0.101369863013699 t1.1013698630137;
  INPUT ---       rlabel(52)=pent gM a0.106849315068493 t1.10684931506849;
  INPUT ---       rlabel(53)=pent gM a0.10958904109589 t1.10958904109589;
  INPUT ---       rlabel(54)=pent gM a0.120547945205479 t1.12054794520548;
  INPUT ---       rlabel(55)=pent gM a0.350684931506849 t1.35068493150685;
  INPUT ---       rlabel(56)=pent gM a0.358904109589041 t1.35890410958904;
  INPUT ---       rlabel(57)=pent gM a0.613698630136986 t1.61369863013699;
  INPUT ---       rlabel(58)=pent gM a0.638356164383562 t1.63835616438356;
  INPUT ---       rlabel(59)=pent gM a0.646575342465753 t1.64657534246575;
  INPUT ---       rlabel(60)=pent gM a0.649315068493151 t1.64931506849315;
  INPUT ---       rlabel(61)=pent gM a0.652054794520548 t1.65205479452055;
  INPUT ---       rlabel(62)=pent gM a0.704109589041096 t1.7041095890411;
  INPUT ---       rlabel(63)=pent gM a0.706849315068493 t1.70684931506849;
  INPUT ---       rlabel(64)=pent gM a0.70958904109589 t1.70958904109589;
  INPUT ---       rlabel(65)=pent gM a0.827397260273973 t1.82739726027397;
  INPUT ---       rlabel(66)=pent gM a1.4027397260274 t2.4027397260274;
  INPUT ---       rlabel(67)=pent gM a1.40547945205479 t2.40547945205479;
  INPUT ---       rlabel(68)=pent gM a1.40821917808219 t2.40821917808219;

 Link Function Used is PARM-SPECIFIC

 Variance Estimation Procedure Used is 2ndPart 

  Program  MARK  - Survival Rate Estimation with Capture-Recapture Data
   gfortran(dble) Vers. 9.0 Mar 2018    25-Mar-2020 12:09:32    Page  009
 - - - - - - - - - - - - - - - - - - - - - - - - - - - - - - - - - - - - - -
 

 M(t+1):
      16     29



 Group: 1

 U(t)+UL(t):
       0    2    2    0    1    0    3    1    1    0    0    0    0    0    1
       0    0    0    2    1    1    0    0    0    1    0    0    0    0    0
       0    0    0

 U(t):
       0    2    2    0    1    0    3    1    1    0    0    0    0    0    1
       0    0    0    2    1    1    0    0    0    1    0    0    0    0    0
       0    0    0

 UL(t):
       0    0    0    0    0    0    0    0    0    0    0    0    0    0    0
       0    0    0    0    0    0    0    0    0    0    0    0    0    0    0
       0    0    0

 Not Released(t):
       0    0    0    0    0    0    0    0    0    0    0    0    0    0    0
       0    0    0    0    0    0    0    0    0    0    0    0    0    0    0
       0    0    0

 Group: 2

 U(t)+UL(t):
       3    0    1    1    1    1    1    0    1    1    2    1    3    3    1
       1    0    2    3    1    0    0    1    0    0    0    0    0    0    1
       0    0    0

 U(t):
       3    0    1    1    1    1    1    0    1    1    2    1    3    3    1
       1    0    2    3    1    0    0    1    0    0    0    0    0    0    1
       0    0    0

 UL(t):
       0    0    0    0    0    0    0    0    0    0    0    0    0    0    0
       0    0    0    0    0    0    0    0    0    0    0    0    0    0    0
       0    0    0

 Not Released(t):
       0    0    0    0    0    0    0    0    0    0    0    0    0    0    0
       0    0    0    0    0    0    0    0    0    0    0    0    0    0    0
       0    0    0
 -2logL(saturated) = 272.93564     
 Effective Sample Size = 103

 Number of function evaluations was 24 for 6 parameters.
 Time for numerical optimization was 0.03 seconds.     
 -2logL { Phi(~sex)p(~1)pent(~sex)N(~1) } = 553.07772     
 Penalty { Phi(~sex)p(~1)pent(~sex)N(~1) } = 0.0000000     
 Gradient { Phi(~sex)p(~1)pent(~sex)N(~1) }:
 -0.2797018E-05   0.000000      0.6581367E-05 -0.1390888E-05  0.6975115E-05
   0.000000    
 Maximum ABS(G) { Phi(~sex)p(~1)pent(~sex)N(~1) } = 0.6975115E-05 
 S Vector { Phi(~sex)p(~1)pent(~sex)N(~1) }:
   81.48752      6.817855      3.071335     0.7589838     0.5055111    
  0.2900225    
 Time to compute number of parameters was 0.03 seconds.     
 Ratio Threshold = 50.000000       Max Gap (1/2) = 11.952076       Next Max Gap (1/2) = 11.952076     
 Gap Method for Num. of Estimated Parameters { Phi(~sex)p(~1)pent(~sex)N(~1) } = 6          
 Threshold { Phi(~sex)p(~1)pent(~sex)N(~1) } = 0.1395023E-04                 
 Numerical Threshold Method for Num. of Estimated Parameters { Phi(~sex)p(~1)pent(~sex)N(~1) } = 6          
 Number of Estimated Parameters { Phi(~sex)p(~1)pent(~sex)N(~1) } = 6          
 DEVIANCE { Phi(~sex)p(~1)pent(~sex)N(~1) } = 280.14208                     
 DEVIANCE Degrees of Freedom { Phi(~sex)p(~1)pent(~sex)N(~1) } = 35            
 c-hat { Phi(~sex)p(~1)pent(~sex)N(~1) } = 8.0040594                     
 AIC { Phi(~sex)p(~1)pent(~sex)N(~1) } = 565.07772                  
 AICc { Phi(~sex)p(~1)pent(~sex)N(~1) } = 565.95272                    
 BIC { Phi(~sex)p(~1)pent(~sex)N(~1) } = 580.88609                    
 Pearson Chisquare { Phi(~sex)p(~1)pent(~sex)N(~1) } = 23531813.                  


              PARM-SPECIFIC Link Function Parameters of { Phi(~sex)p(~1)pent(~sex)N(~1) }
                                                              95% Confidence Interval
 Parameter                    Beta         Standard Error      Lower           Upper
 -------------------------  --------------  --------------  --------------  --------------
    1:Phi:(Intercept)       -1.7276890       0.9863516      -3.6609381       0.2055602    
    2:Phi:sexM               2.8087873       1.2139717       0.4294028       5.1881719    
    3:p:(Intercept)         -2.4777248       0.1736533      -2.8180854      -2.1373643    
    4:pent:(Intercept)      -4.4852703       1.5425037      -7.5085776      -1.4619629    
    5:pent:sexM             -0.0938027       1.4185961      -2.8742511       2.6866457    
    6:N:(Intercept)          1.8014769       0.5998229       0.6258240       2.9771297    


              Real Function Parameters of { Phi(~sex)p(~1)pent(~sex)N(~1) }
                                                               95% Confidence Interval
  Parameter                  Estimate       Standard Error      Lower           Upper
 --------------------------  --------------  --------------  --------------  --------------
     1:Phi gF a0 t1           0.1508834       0.1263690       0.0250640       0.5512098                          
     2:Phi gM a0 t1           0.7467018       0.2048738       0.2607709       0.9609906                          
     3:p gF a0 t1             0.0774346       0.0124055       0.0563547       0.1055179                          
     4:N gF a0 t1             22.058589       3.6340799       18.043998       33.958188                          
     5:pent gF a0.005479452   0.0082849       0.0093915       0.8882833E-03   0.0727860                          
     6:pent gF a0.008219178   0.0082849       0.0093915       0.8882833E-03   0.0727860                          
     7:pent gF a0.010958904   0.0082849       0.0093915       0.8882833E-03   0.0727860                          
     8:pent gF a0.016438356   0.0082849       0.0093915       0.8882833E-03   0.0727860                          
     9:pent gF a0.024657534   0.0082849       0.0093915       0.8882833E-03   0.0727860                          
    10:pent gF a0.027397260   0.0082849       0.0093915       0.8882833E-03   0.0727860                          
    11:pent gF a0.030136986   0.0082849       0.0093915       0.8882833E-03   0.0727860                          

  Program  MARK  - Survival Rate Estimation with Capture-Recapture Data
   gfortran(dble) Vers. 9.0 Mar 2018    25-Mar-2020 12:09:32    Page  010
 - - - - - - - - - - - - - - - - - - - - - - - - - - - - - - - - - - - - - -
 
    12:pent gF a0.035616438   0.0082849       0.0093915       0.8882833E-03   0.0727860                          
    13:pent gF a0.041095890   0.0082849       0.0093915       0.8882833E-03   0.0727860                          
    14:pent gF a0.049315068   0.0082849       0.0093915       0.8882833E-03   0.0727860                          
    15:pent gF a0.052054794   0.0082849       0.0093915       0.8882833E-03   0.0727860                          
    16:pent gF a0.065753424   0.0082849       0.0093915       0.8882833E-03   0.0727860                          
    17:pent gF a0.071232876   0.0082849       0.0093915       0.8882833E-03   0.0727860                          
    18:pent gF a0.098630136   0.0082849       0.0093915       0.8882833E-03   0.0727860                          
    19:pent gF a0.101369863   0.0082849       0.0093915       0.8882833E-03   0.0727860                          
    20:pent gF a0.106849315   0.0082849       0.0093915       0.8882833E-03   0.0727860                          
    21:pent gF a0.109589041   0.0082849       0.0093915       0.8882833E-03   0.0727860                          
    22:pent gF a0.120547945   0.0082849       0.0093915       0.8882833E-03   0.0727860                          
    23:pent gF a0.350684931   0.0082849       0.0093915       0.8882833E-03   0.0727860                          
    24:pent gF a0.358904109   0.0082849       0.0093915       0.8882833E-03   0.0727860                          
    25:pent gF a0.613698630   0.0082849       0.0093915       0.8882833E-03   0.0727860                          
    26:pent gF a0.638356164   0.0082849       0.0093915       0.8882833E-03   0.0727860                          
    27:pent gF a0.646575342   0.0082849       0.0093915       0.8882833E-03   0.0727860                          
    28:pent gF a0.649315068   0.0082849       0.0093915       0.8882833E-03   0.0727860                          
    29:pent gF a0.652054794   0.0082849       0.0093915       0.8882833E-03   0.0727860                          
    30:pent gF a0.704109589   0.0082849       0.0093915       0.8882833E-03   0.0727860                          
    31:pent gF a0.706849315   0.0082849       0.0093915       0.8882833E-03   0.0727860                          
    32:pent gF a0.709589041   0.0082849       0.0093915       0.8882833E-03   0.0727860                          
    33:pent gF a0.827397260   0.0082849       0.0093915       0.8882833E-03   0.0727860                          
    34:pent gF a1.402739726   0.0082849       0.0093915       0.8882833E-03   0.0727860                          
    35:pent gF a1.405479452   0.0082849       0.0093915       0.8882833E-03   0.0727860                          
    36:pent gF a1.408219178   0.0082849       0.0093915       0.8882833E-03   0.0727860                          
    37:pent gM a0.005479452   0.0077265       0.0087504       0.8307445E-03   0.0679688                          
    38:pent gM a0.008219178   0.0077265       0.0087504       0.8307445E-03   0.0679688                          
    39:pent gM a0.010958904   0.0077265       0.0087504       0.8307445E-03   0.0679688                          
    40:pent gM a0.016438356   0.0077265       0.0087504       0.8307445E-03   0.0679688                          
    41:pent gM a0.024657534   0.0077265       0.0087504       0.8307445E-03   0.0679688                          
    42:pent gM a0.027397260   0.0077265       0.0087504       0.8307445E-03   0.0679688                          
    43:pent gM a0.030136986   0.0077265       0.0087504       0.8307445E-03   0.0679688                          
    44:pent gM a0.035616438   0.0077265       0.0087504       0.8307445E-03   0.0679688                          
    45:pent gM a0.041095890   0.0077265       0.0087504       0.8307445E-03   0.0679688                          
    46:pent gM a0.049315068   0.0077265       0.0087504       0.8307445E-03   0.0679688                          
    47:pent gM a0.052054794   0.0077265       0.0087504       0.8307445E-03   0.0679688                          
    48:pent gM a0.065753424   0.0077265       0.0087504       0.8307445E-03   0.0679688                          
    49:pent gM a0.071232876   0.0077265       0.0087504       0.8307445E-03   0.0679688                          
    50:pent gM a0.098630136   0.0077265       0.0087504       0.8307445E-03   0.0679688                          
    51:pent gM a0.101369863   0.0077265       0.0087504       0.8307445E-03   0.0679688                          
    52:pent gM a0.106849315   0.0077265       0.0087504       0.8307445E-03   0.0679688                          
    53:pent gM a0.109589041   0.0077265       0.0087504       0.8307445E-03   0.0679688                          
    54:pent gM a0.120547945   0.0077265       0.0087504       0.8307445E-03   0.0679688                          
    55:pent gM a0.350684931   0.0077265       0.0087504       0.8307445E-03   0.0679688                          
    56:pent gM a0.358904109   0.0077265       0.0087504       0.8307445E-03   0.0679688                          
    57:pent gM a0.613698630   0.0077265       0.0087504       0.8307445E-03   0.0679688                          

  Program  MARK  - Survival Rate Estimation with Capture-Recapture Data
   gfortran(dble) Vers. 9.0 Mar 2018    25-Mar-2020 12:09:32    Page  011
 - - - - - - - - - - - - - - - - - - - - - - - - - - - - - - - - - - - - - -
 
    58:pent gM a0.638356164   0.0077265       0.0087504       0.8307445E-03   0.0679688                          
    59:pent gM a0.646575342   0.0077265       0.0087504       0.8307445E-03   0.0679688                          
    60:pent gM a0.649315068   0.0077265       0.0087504       0.8307445E-03   0.0679688                          
    61:pent gM a0.652054794   0.0077265       0.0087504       0.8307445E-03   0.0679688                          
    62:pent gM a0.704109589   0.0077265       0.0087504       0.8307445E-03   0.0679688                          
    63:pent gM a0.706849315   0.0077265       0.0087504       0.8307445E-03   0.0679688                          
    64:pent gM a0.709589041   0.0077265       0.0087504       0.8307445E-03   0.0679688                          
    65:pent gM a0.827397260   0.0077265       0.0087504       0.8307445E-03   0.0679688                          
    66:pent gM a1.402739726   0.0077265       0.0087504       0.8307445E-03   0.0679688                          
    67:pent gM a1.405479452   0.0077265       0.0087504       0.8307445E-03   0.0679688                          
    68:pent gM a1.408219178   0.0077265       0.0087504       0.8307445E-03   0.0679688                          


                      Estimates of Derived Parameters
  Gross Birth+Immigration Estimates of { Phi(~sex)p(~1)pent(~sex)N(~1) }
                                                95% Confidence Interval
 Grp. Occ.   B*-hat          Standard Error      Lower           Upper
 ---- ----   --------------  --------------  --------------  --------------
   1     1    0.1837027       0.2286208       0.0275899       1.2231523    
   1     2    0.1832280       0.2279403       0.0275320       1.2194005    
   1     3    0.1832280       0.2279403       0.0275320       1.2194005    
   1     4    0.1837027       0.2286208       0.0275899       1.2231523    
   1     5    0.1841782       0.2293028       0.0276479       1.2269127    
   1     6    0.1832280       0.2279403       0.0275320       1.2194005    
   1     7    0.1832280       0.2279403       0.0275320       1.2194005    
   1     8    0.1837027       0.2286208       0.0275899       1.2231523    
   1     9    0.1837027       0.2286208       0.0275899       1.2231523    
   1    10    0.1841782       0.2293028       0.0276479       1.2269127    
   1    11    0.1832280       0.2279403       0.0275320       1.2194005    
   1    12    0.1851317       0.2306712       0.0277642       1.2344593    
   1    13    0.1837027       0.2286208       0.0275899       1.2231523    
   1    14    0.1875297       0.2341183       0.0280559       1.2534766    
   1    15    0.1832280       0.2279403       0.0275320       1.2194005    
   1    16    0.1837027       0.2286208       0.0275899       1.2231523    
   1    17    0.1832280       0.2279403       0.0275320       1.2194005    
   1    18    0.1846545       0.2299863       0.0277060       1.2306817    
   1    19    0.2254016       0.2894709       0.0325652       1.5601290    
   1    20    0.1841782       0.2293028       0.0276479       1.2269127    
   1    21    0.2303096       0.2967534       0.0331385       1.6006292    
   1    22    0.1870485       0.2334259       0.0279974       1.2496559    
   1    23    0.1841782       0.2293028       0.0276479       1.2269127    
   1    24    0.1832280       0.2279403       0.0275320       1.2194005    
   1    25    0.1832280       0.2279403       0.0275320       1.2194005    
   1    26    0.1918976       0.2404166       0.0285850       1.2882508    
   1    27    0.1832280       0.2279403       0.0275320       1.2194005    

  Program  MARK  - Survival Rate Estimation with Capture-Recapture Data
   gfortran(dble) Vers. 9.0 Mar 2018    25-Mar-2020 12:09:32    Page  012
 - - - - - - - - - - - - - - - - - - - - - - - - - - - - - - - - - - - - - -
 
   1    28    0.1832280       0.2279403       0.0275320       1.2194005    
   1    29    0.2038687       0.2578006       0.0300220       1.3843995    
   1    30    0.2998684       0.4018566       0.0410975       2.1879960    
   1    31    0.1832280       0.2279403       0.0275320       1.2194005    
   1    32    0.1832280       0.2279403       0.0275320       1.2194005    
   2     1    0.2710984       0.3265675       0.0423789       1.7342196    
   2     2    0.2709900       0.3263962       0.0423684       1.7332609    
   2     3    0.2709900       0.3263962       0.0423684       1.7332609    
   2     4    0.2710984       0.3265675       0.0423789       1.7342196    
   2     5    0.2712069       0.3267389       0.0423894       1.7351788    
   2     6    0.2709900       0.3263962       0.0423684       1.7332609    
   2     7    0.2709900       0.3263962       0.0423684       1.7332609    
   2     8    0.2710984       0.3265675       0.0423789       1.7342196    
   2     9    0.2710984       0.3265675       0.0423789       1.7342196    
   2    10    0.2712069       0.3267389       0.0423894       1.7351788    
   2    11    0.2709900       0.3263962       0.0423684       1.7332609    
   2    12    0.2714239       0.3270821       0.0424103       1.7370988    
   2    13    0.2710984       0.3265675       0.0423789       1.7342196    
   2    14    0.2719669       0.3279413       0.0424626       1.7419077    
   2    15    0.2709900       0.3263962       0.0423684       1.7332609    
   2    16    0.2710984       0.3265675       0.0423789       1.7342196    
   2    17    0.2709900       0.3263962       0.0423684       1.7332609    
   2    18    0.2713154       0.3269105       0.0423999       1.7361386    
   2    19    0.2800880       0.3409013       0.0432327       1.8145804    
   2    20    0.2712069       0.3267389       0.0423894       1.7351788    
   2    21    0.2810865       0.3425086       0.0433259       1.8236110    
   2    22    0.2718582       0.3277693       0.0424522       1.7409449    
   2    23    0.2712069       0.3267389       0.0423894       1.7351788    
   2    24    0.2709900       0.3263962       0.0423684       1.7332609    
   2    25    0.2709900       0.3263962       0.0423684       1.7332609    
   2    26    0.2729461       0.3294932       0.0425567       1.7505961    
   2    27    0.2709900       0.3263962       0.0423684       1.7332609    
   2    28    0.2709900       0.3263962       0.0423684       1.7332609    
   2    29    0.2755689       0.3336645       0.0428070       1.7739682    
   2    30    0.2942798       0.3640163       0.0445292       1.9448063    
   2    31    0.2709900       0.3263962       0.0423684       1.7332609    
   2    32    0.2709900       0.3263962       0.0423684       1.7332609    

   Net Birth+Immigration Estimates of { Phi(~sex)p(~1)pent(~sex)N(~1) }
                                                95% Confidence Interval
 Grp. Occ.   B-hat           Standard Error      Lower           Upper
 ---- ----   --------------  --------------  --------------  --------------
   1     1    0.1827541       0.2272613       0.0274741       1.2156574    
   1     2    0.1827541       0.2272613       0.0274741       1.2156574    
   1     3    0.1827541       0.2272613       0.0274741       1.2156574    
   1     4    0.1827541       0.2272613       0.0274741       1.2156574    
   1     5    0.1827541       0.2272613       0.0274741       1.2156574    
   1     6    0.1827541       0.2272613       0.0274741       1.2156574    
   1     7    0.1827541       0.2272613       0.0274741       1.2156574    
   1     8    0.1827541       0.2272613       0.0274741       1.2156574    
   1     9    0.1827541       0.2272613       0.0274741       1.2156574    
   1    10    0.1827541       0.2272613       0.0274741       1.2156574    
   1    11    0.1827541       0.2272613       0.0274741       1.2156574    
   1    12    0.1827541       0.2272613       0.0274741       1.2156574    
   1    13    0.1827541       0.2272613       0.0274741       1.2156574    
   1    14    0.1827541       0.2272613       0.0274741       1.2156574    
   1    15    0.1827541       0.2272613       0.0274741       1.2156574    
   1    16    0.1827541       0.2272613       0.0274741       1.2156574    
   1    17    0.1827541       0.2272613       0.0274741       1.2156574    
   1    18    0.1827541       0.2272613       0.0274741       1.2156574    
   1    19    0.1827541       0.2272613       0.0274741       1.2156574    
   1    20    0.1827541       0.2272613       0.0274741       1.2156574    
   1    21    0.1827541       0.2272613       0.0274741       1.2156574    
   1    22    0.1827541       0.2272613       0.0274741       1.2156574    
   1    23    0.1827541       0.2272613       0.0274741       1.2156574    
   1    24    0.1827541       0.2272613       0.0274741       1.2156574    
   1    25    0.1827541       0.2272613       0.0274741       1.2156574    
   1    26    0.1827541       0.2272613       0.0274741       1.2156574    
   1    27    0.1827541       0.2272613       0.0274741       1.2156574    
   1    28    0.1827541       0.2272613       0.0274741       1.2156574    
   1    29    0.1827541       0.2272613       0.0274741       1.2156574    
   1    30    0.1827541       0.2272613       0.0274741       1.2156574    
   1    31    0.1827541       0.2272613       0.0274741       1.2156574    
   1    32    0.1827541       0.2272613       0.0274741       1.2156574    
   2     1    0.2708816       0.3262249       0.0423580       1.7323027    
   2     2    0.2708816       0.3262249       0.0423580       1.7323027    
   2     3    0.2708816       0.3262249       0.0423580       1.7323027    
   2     4    0.2708816       0.3262249       0.0423580       1.7323027    
   2     5    0.2708816       0.3262249       0.0423580       1.7323027    
   2     6    0.2708816       0.3262249       0.0423580       1.7323027    
   2     7    0.2708816       0.3262249       0.0423580       1.7323027    
   2     8    0.2708816       0.3262249       0.0423580       1.7323027    
   2     9    0.2708816       0.3262249       0.0423580       1.7323027    
   2    10    0.2708816       0.3262249       0.0423580       1.7323027    
   2    11    0.2708816       0.3262249       0.0423580       1.7323027    
   2    12    0.2708816       0.3262249       0.0423580       1.7323027    
   2    13    0.2708816       0.3262249       0.0423580       1.7323027    
   2    14    0.2708816       0.3262249       0.0423580       1.7323027    
   2    15    0.2708816       0.3262249       0.0423580       1.7323027    
   2    16    0.2708816       0.3262249       0.0423580       1.7323027    
   2    17    0.2708816       0.3262249       0.0423580       1.7323027    
   2    18    0.2708816       0.3262249       0.0423580       1.7323027    
   2    19    0.2708816       0.3262249       0.0423580       1.7323027    
   2    20    0.2708816       0.3262249       0.0423580       1.7323027    
   2    21    0.2708816       0.3262249       0.0423580       1.7323027    
   2    22    0.2708816       0.3262249       0.0423580       1.7323027    
   2    23    0.2708816       0.3262249       0.0423580       1.7323027    
   2    24    0.2708816       0.3262249       0.0423580       1.7323027    
   2    25    0.2708816       0.3262249       0.0423580       1.7323027    
   2    26    0.2708816       0.3262249       0.0423580       1.7323027    
   2    27    0.2708816       0.3262249       0.0423580       1.7323027    
   2    28    0.2708816       0.3262249       0.0423580       1.7323027    
   2    29    0.2708816       0.3262249       0.0423580       1.7323027    
   2    30    0.2708816       0.3262249       0.0423580       1.7323027    
   2    31    0.2708816       0.3262249       0.0423580       1.7323027    
   2    32    0.2708816       0.3262249       0.0423580       1.7323027    

        Population Estimates of { Phi(~sex)p(~1)pent(~sex)N(~1) }
                                                95% Confidence Interval
 Grp. Occ.   N-hat           Standard Error      Lower           Upper
 ---- ----   --------------  --------------  --------------  --------------
   1     1    16.210457       5.3728752       8.6095899       30.521654    
   1     2    16.226090       5.1394891       8.8514688       29.744892    
   1     3    16.324986       4.9268337       9.1524102       29.118577    
   1     4    16.423371       4.7177091       9.4574851       28.519961    
   1     5    16.436808       4.4985090       9.7061273       27.834857    
   1     6    16.366036       4.2725179       9.8941211       27.071342    
   1     7    16.464209       4.0757529       10.208114       26.554384    
   1     8    16.561874       3.8839964       10.523317       26.065514    
   1     9    16.573884       3.6888391       10.770968       25.503151    

  Program  MARK  - Survival Rate Estimation with Capture-Recapture Data
   gfortran(dble) Vers. 9.0 Mar 2018    25-Mar-2020 12:09:32    Page  013
 - - - - - - - - - - - - - - - - - - - - - - - - - - - - - - - - - - - - - -
 
   1    10    16.585770       3.5010145       11.015664       24.972418    
   1    11    16.512700       3.3150959       11.184400       24.379425    
   1    12    16.610114       3.1493329       11.492167       24.007300    
   1    13    16.368068       2.9778983       11.491894       23.313273    
   1    14    16.382076       2.8283014       11.708126       22.921894    
   1    15    15.737609       2.6952792       11.277390       21.961850    
   1    16    15.839030       2.5699856       11.548069       21.724400    
   1    17    15.858491       2.4622263       11.718881       21.460389    
   1    18    15.959287       2.3671014       11.952152       21.309874    
   1    19    15.814673       2.3023976       11.906497       21.005666    
   1    20    10.416515       2.8895619       6.1087968       17.761891    
   1    21    10.438601       2.8287316       6.1950842       17.588849    
   1    22    6.6298583       2.9593300       2.8752345       15.287456    
   1    23    6.5105370       2.8867241       2.8378945       14.936106    
   1    24    6.5928706       2.8370946       2.9391098       14.788812    
   1    25    6.7415521       2.8068036       3.0791157       14.760252    
   1    26    6.8894652       2.7944095       3.2061676       14.804195    
   1    27    6.4262792       2.7717523       2.8599637       14.439717    
   1    28    6.5758217       2.7855522       2.9657949       14.580048    
   1    29    6.7245913       2.8166795       3.0579509       14.787722    
   1    30    5.5642512       2.7163754       2.2483044       13.770774    
   1    31    2.0570766       1.7126448       0.4960755       8.5300809    
   1    32    2.2291995       1.7205323       0.5837872       8.5122297    
   1    33    2.4004329       1.7575693       0.6646580       8.6692370    
   2     1    26.390378       8.2423348       14.512832       47.988707    
   2     2    26.619056       7.9322720       15.028373       47.149089    
   2     3    26.868644       7.6239090       15.573113       46.357079    
   2     4    27.118033       7.3172730       16.128624       45.595191    
   2     5    27.345547       7.0132430       16.674179       44.846523    
   2     6    27.550858       6.7126557       17.207676       44.111115    
   2     7    27.799701       6.4122741       17.792516       43.435304    
   2     8    28.048345       6.1145511       18.386168       42.788123    
   2     9    28.274371       5.8217060       18.964573       42.154393    
   2    10    28.500036       5.5325262       19.549241       41.549032    
   2    11    28.702579       5.2500259       20.114204       40.958021    
   2    12    28.950500       4.9669475       20.733530       40.423963    
   2    13    29.105776       4.7016753       21.250062       39.865586    
   2    14    29.330111       4.4332370       21.846325       39.377580    
   2    15    29.367217       4.2058743       22.211228       38.828713    
   2    16    29.614607       3.9488520       22.829859       38.415697    
   2    17    29.838128       3.7070387       23.411136       38.029504    
   2    18    30.085142       3.4724236       24.012066       37.694205    
   2    19    30.259875       3.2688567       24.500787       37.372679    
   2    20    28.563530       3.8598123       21.943515       37.180700    
   2    21    28.765921       3.7011450       22.377230       36.978580    
   2    22    26.973686       4.8004955       19.082222       38.128671    

  Program  MARK  - Survival Rate Estimation with Capture-Recapture Data
   gfortran(dble) Vers. 9.0 Mar 2018    25-Mar-2020 12:09:32    Page  014
 - - - - - - - - - - - - - - - - - - - - - - - - - - - - - - - - - - - - - -
 
   2    23    27.050996       4.7741203       19.191365       38.129460    
   2    24    27.257013       4.6817178       19.513402       38.073564    
   2    25    27.506091       4.5799771       19.891271       38.036034    
   2    26    27.754970       4.4989491       20.242127       38.056195    
   2    27    27.607039       4.7004486       19.820905       38.451755    
   2    28    27.855837       4.6574170       20.117544       38.570694    
   2    29    28.104436       4.6361700       20.384387       38.748250    
   2    30    27.424679       5.2143860       18.955284       39.678276    
   2    31    23.453246       7.7458532       12.482952       44.064479    
   2    32    23.705367       7.7022766       12.740351       44.107451    
   2    33    23.957286       7.6720486       12.985852       44.198222    

     Gross Population Estimates of { Phi(~sex)p(~1)pent(~sex)N(~1) }
                                                95% Confidence Interval
 Grp. Occ.   N*-hat          Standard Error      Lower           Upper
 ---- ----   --------------  --------------  --------------  --------------
   1     0    22.327060       3.9371928       15.844338       31.462193    
   2     0    35.115199       3.7057585       28.570217       43.159532    

   CPU Time for the last procedure was 0.11 seconds.     


  INPUT --- proc stop;

     CPU Time in minutes for this job was 0.00

     Time Start = 12:09:32.233   Time End = 12:09:32.575

     Wall Clock Time in minutes for this job was 0.01


          E X E C U T I O N   S U C C E S S F U L 
