
   Program  MARK  - Survival Rate Estimation with Capture-Recapture Data
   gfortran(dble) Vers. 9.0 Mar 2018    25-Mar-2020 12:21:31    Page  001
 - - - - - - - - - - - - - - - - - - - - - - - - - - - - - - - - - - - - - -
 
   This version was compiled by GCC version 7.2.0 using the options: 
     -cpp -iprefix C:/Program Files/mingw-w64/x86_64-7.2.0-posix-seh-rt_v5-rev1/
     mingw64/bin/../lib/gcc/x86_64-w64-mingw32/7.2.0/ -D_MT -D_REENTRANT
     -U_REENTRANT -D IEEE -D DBLEPRECISION -m64 -mtune=core2 -march=nocona -mthreads
     -O2 -fimplicit-none -fbounds-check -funroll-loops -ftree-vectorize
     -ffpe-summary=invalid,zero,overflow,underflow -fno-unsafe-math-optimizations
     -frounding-math -fsignaling-nans -fopenmp.

   This problem will use 15 of 16 possible threads.


  INPUT --- proc title ;

   CPU Time for the last procedure was 0.01 seconds.     


  INPUT --- proc chmatrix occasions= 33 groups= 2 etype= POPAN Nodes= 
  INPUT --- 101 ICMeans NoHist hist= 41  ;

  INPUT ---    time interval 0.00547945205479452 0.00273972602739726 
  INPUT ---    0.00273972602739726 0.00547945205479452  
  INPUT ---    0.00821917808219178 0.00273972602739726 0.00273972602739726 
  INPUT ---    0.00547945205479452  0.00547945205479452 
  INPUT ---    0.00821917808219178 0.00273972602739726 0.0136986301369863 
  INPUT ---    0.00547945205479452  0.0273972602739726 0.00273972602739726 
  INPUT ---    0.00547945205479452 0.00273972602739726 0.010958904109589  
  INPUT ---    0.23013698630137 0.00821917808219178 0.254794520547945 
  INPUT ---    0.0246575342465753 0.00821917808219178  0.00273972602739726 
  INPUT ---    0.00273972602739726 0.0520547945205479 0.00273972602739726 
  INPUT ---    0.00273972602739726  0.117808219178082 0.575342465753425 
  INPUT ---    0.00273972602739726 0.00273972602739726 ;

  INPUT ---    glabel(1)=sexF;

  INPUT ---    glabel(2)=sexM;

   * *  WARNING  * *   At least a pair of the encounter histories are duplicates. 

      Number of unique encounter histories read was 38.

      Number of individual covariates read was 0.
      Time interval lengths vary and/or not equal to 1.

      Data type number is 19
      Data type is POPAN                                                                                               

   CPU Time for the last procedure was 0.01 seconds.     

  Program  MARK  - Survival Rate Estimation with Capture-Recapture Data
   gfortran(dble) Vers. 9.0 Mar 2018    25-Mar-2020 12:21:31    Page  002
 - - - - - - - - - - - - - - - - - - - - - - - - - - - - - - - - - - - - - -
 


  INPUT --- proc estimate link=Parm-Specific NOLOOP varest=2ndPart    ;


  INPUT --- model={ Phi(~sex)p(~sex)pent(~sex)N(~sex) };

  INPUT ---    group=1 Phi    rows=1 cols=32 Square ;
  INPUT ---        1 1 1 1 1 1 1 1 1 1 1 1 1 1 1 1 1 1 1 1 1 1 1 1 1 1 1 1 1 
  INPUT ---       1 1 1 ;

  INPUT ---    group=2 Phi    rows=1 cols=32 Square ;
  INPUT ---        2 2 2 2 2 2 2 2 2 2 2 2 2 2 2 2 2 2 2 2 2 2 2 2 2 2 2 2 2 
  INPUT ---       2 2 2 ;

  INPUT ---    group=1 p    rows=1 cols=33 Square ;
  INPUT ---        3 3 3 3 3 3 3 3 3 3 3 3 3 3 3 3 3 3 3 3 3 3 3 3 3 3 3 3 3 
  INPUT ---       3 3 3 3 ;

  INPUT ---    group=2 p    rows=1 cols=33 Square ;
  INPUT ---        4 4 4 4 4 4 4 4 4 4 4 4 4 4 4 4 4 4 4 4 4 4 4 4 4 4 4 4 4 
  INPUT ---       4 4 4 4 ;

  INPUT ---    group=1 pent    rows=1 cols=32 Square ;
  INPUT ---        7 8 9 10 11 12 13 14 15 16 17 18 19 20 21 22 23 24 25 26 
  INPUT ---       27 28 29 30 31 32 33 34 35 36 37 38 ;

  INPUT ---    group=2 pent    rows=1 cols=32 Square ;
  INPUT ---        39 40 41 42 43 44 45 46 47 48 49 50 51 52 53 54 55 56 57 
  INPUT ---       58 59 60 61 62 63 64 65 66 67 68 69 70 ;

  INPUT ---    group=1 N    rows=1 cols=1 Square ;
  INPUT ---        5 ;

  INPUT ---    group=2 N    rows=1 cols=1 Square ;
  INPUT ---        6 ;

  INPUT ---    design matrix constraints=70 covariates=8;
  INPUT ---        1 0 0 0 0 0 0 0;
  INPUT ---        1 1 0 0 0 0 0 0;
  INPUT ---        0 0 1 0 0 0 0 0;
  INPUT ---        0 0 1 1 0 0 0 0;
  INPUT ---        0 0 0 0 0 0 1 0;
  INPUT ---        0 0 0 0 0 0 1 1;
  INPUT ---        0 0 0 0 1 0 0 0;
  INPUT ---        0 0 0 0 1 0 0 0;

  Program  MARK  - Survival Rate Estimation with Capture-Recapture Data
   gfortran(dble) Vers. 9.0 Mar 2018    25-Mar-2020 12:21:31    Page  003
 - - - - - - - - - - - - - - - - - - - - - - - - - - - - - - - - - - - - - -
 
  INPUT ---        0 0 0 0 1 0 0 0;
  INPUT ---        0 0 0 0 1 0 0 0;
  INPUT ---        0 0 0 0 1 0 0 0;
  INPUT ---        0 0 0 0 1 0 0 0;
  INPUT ---        0 0 0 0 1 0 0 0;
  INPUT ---        0 0 0 0 1 0 0 0;
  INPUT ---        0 0 0 0 1 0 0 0;
  INPUT ---        0 0 0 0 1 0 0 0;
  INPUT ---        0 0 0 0 1 0 0 0;
  INPUT ---        0 0 0 0 1 0 0 0;
  INPUT ---        0 0 0 0 1 0 0 0;
  INPUT ---        0 0 0 0 1 0 0 0;
  INPUT ---        0 0 0 0 1 0 0 0;
  INPUT ---        0 0 0 0 1 0 0 0;
  INPUT ---        0 0 0 0 1 0 0 0;
  INPUT ---        0 0 0 0 1 0 0 0;
  INPUT ---        0 0 0 0 1 0 0 0;
  INPUT ---        0 0 0 0 1 0 0 0;
  INPUT ---        0 0 0 0 1 0 0 0;
  INPUT ---        0 0 0 0 1 0 0 0;
  INPUT ---        0 0 0 0 1 0 0 0;
  INPUT ---        0 0 0 0 1 0 0 0;
  INPUT ---        0 0 0 0 1 0 0 0;
  INPUT ---        0 0 0 0 1 0 0 0;
  INPUT ---        0 0 0 0 1 0 0 0;
  INPUT ---        0 0 0 0 1 0 0 0;
  INPUT ---        0 0 0 0 1 0 0 0;
  INPUT ---        0 0 0 0 1 0 0 0;
  INPUT ---        0 0 0 0 1 0 0 0;
  INPUT ---        0 0 0 0 1 0 0 0;
  INPUT ---        0 0 0 0 1 1 0 0;
  INPUT ---        0 0 0 0 1 1 0 0;
  INPUT ---        0 0 0 0 1 1 0 0;
  INPUT ---        0 0 0 0 1 1 0 0;
  INPUT ---        0 0 0 0 1 1 0 0;
  INPUT ---        0 0 0 0 1 1 0 0;
  INPUT ---        0 0 0 0 1 1 0 0;
  INPUT ---        0 0 0 0 1 1 0 0;
  INPUT ---        0 0 0 0 1 1 0 0;
  INPUT ---        0 0 0 0 1 1 0 0;
  INPUT ---        0 0 0 0 1 1 0 0;
  INPUT ---        0 0 0 0 1 1 0 0;
  INPUT ---        0 0 0 0 1 1 0 0;
  INPUT ---        0 0 0 0 1 1 0 0;
  INPUT ---        0 0 0 0 1 1 0 0;
  INPUT ---        0 0 0 0 1 1 0 0;

  Program  MARK  - Survival Rate Estimation with Capture-Recapture Data
   gfortran(dble) Vers. 9.0 Mar 2018    25-Mar-2020 12:21:31    Page  004
 - - - - - - - - - - - - - - - - - - - - - - - - - - - - - - - - - - - - - -
 
  INPUT ---        0 0 0 0 1 1 0 0;
  INPUT ---        0 0 0 0 1 1 0 0;
  INPUT ---        0 0 0 0 1 1 0 0;
  INPUT ---        0 0 0 0 1 1 0 0;
  INPUT ---        0 0 0 0 1 1 0 0;
  INPUT ---        0 0 0 0 1 1 0 0;
  INPUT ---        0 0 0 0 1 1 0 0;
  INPUT ---        0 0 0 0 1 1 0 0;
  INPUT ---        0 0 0 0 1 1 0 0;
  INPUT ---        0 0 0 0 1 1 0 0;
  INPUT ---        0 0 0 0 1 1 0 0;
  INPUT ---        0 0 0 0 1 1 0 0;
  INPUT ---        0 0 0 0 1 1 0 0;
  INPUT ---        0 0 0 0 1 1 0 0;
  INPUT ---        0 0 0 0 1 1 0 0;
  INPUT ---        0 0 0 0 1 1 0 0;

  INPUT ---    links=70;

  INPUT ---    Logit;

  INPUT ---    Logit;

  INPUT ---    Logit;

  INPUT ---    Logit;

  INPUT ---    Log;

  INPUT ---    Log;

  INPUT ---    mlogit(1);

  INPUT ---    mlogit(1);

  INPUT ---    mlogit(1);

  INPUT ---    mlogit(1);

  INPUT ---    mlogit(1);

  INPUT ---    mlogit(1);

  INPUT ---    mlogit(1);

  INPUT ---    mlogit(1);

  Program  MARK  - Survival Rate Estimation with Capture-Recapture Data
   gfortran(dble) Vers. 9.0 Mar 2018    25-Mar-2020 12:21:31    Page  005
 - - - - - - - - - - - - - - - - - - - - - - - - - - - - - - - - - - - - - -
 

  INPUT ---    mlogit(1);

  INPUT ---    mlogit(1);

  INPUT ---    mlogit(1);

  INPUT ---    mlogit(1);

  INPUT ---    mlogit(1);

  INPUT ---    mlogit(1);

  INPUT ---    mlogit(1);

  INPUT ---    mlogit(1);

  INPUT ---    mlogit(1);

  INPUT ---    mlogit(1);

  INPUT ---    mlogit(1);

  INPUT ---    mlogit(1);

  INPUT ---    mlogit(1);

  INPUT ---    mlogit(1);

  INPUT ---    mlogit(1);

  INPUT ---    mlogit(1);

  INPUT ---    mlogit(1);

  INPUT ---    mlogit(1);

  INPUT ---    mlogit(1);

  INPUT ---    mlogit(1);

  INPUT ---    mlogit(1);

  INPUT ---    mlogit(1);

  INPUT ---    mlogit(1);

  Program  MARK  - Survival Rate Estimation with Capture-Recapture Data
   gfortran(dble) Vers. 9.0 Mar 2018    25-Mar-2020 12:21:31    Page  006
 - - - - - - - - - - - - - - - - - - - - - - - - - - - - - - - - - - - - - -
 

  INPUT ---    mlogit(1);

  INPUT ---    mlogit(2);

  INPUT ---    mlogit(2);

  INPUT ---    mlogit(2);

  INPUT ---    mlogit(2);

  INPUT ---    mlogit(2);

  INPUT ---    mlogit(2);

  INPUT ---    mlogit(2);

  INPUT ---    mlogit(2);

  INPUT ---    mlogit(2);

  INPUT ---    mlogit(2);

  INPUT ---    mlogit(2);

  INPUT ---    mlogit(2);

  INPUT ---    mlogit(2);

  INPUT ---    mlogit(2);

  INPUT ---    mlogit(2);

  INPUT ---    mlogit(2);

  INPUT ---    mlogit(2);

  INPUT ---    mlogit(2);

  INPUT ---    mlogit(2);

  INPUT ---    mlogit(2);

  INPUT ---    mlogit(2);

  INPUT ---    mlogit(2);

  Program  MARK  - Survival Rate Estimation with Capture-Recapture Data
   gfortran(dble) Vers. 9.0 Mar 2018    25-Mar-2020 12:21:31    Page  007
 - - - - - - - - - - - - - - - - - - - - - - - - - - - - - - - - - - - - - -
 

  INPUT ---    mlogit(2);

  INPUT ---    mlogit(2);

  INPUT ---    mlogit(2);

  INPUT ---    mlogit(2);

  INPUT ---    mlogit(2);

  INPUT ---    mlogit(2);

  INPUT ---    mlogit(2);

  INPUT ---    mlogit(2);

  INPUT ---    mlogit(2);

  INPUT ---    mlogit(2);
  INPUT ---       blabel(1)=Phi:(Intercept);
  INPUT ---       blabel(2)=Phi:sexM;
  INPUT ---       blabel(3)=p:(Intercept);
  INPUT ---       blabel(4)=p:sexM;
  INPUT ---       blabel(5)=pent:(Intercept);
  INPUT ---       blabel(6)=pent:sexM;
  INPUT ---       blabel(7)=N:(Intercept);
  INPUT ---       blabel(8)=N:sexM;
  INPUT ---       rlabel(1)=Phi gF a0 t1;
  INPUT ---       rlabel(2)=Phi gM a0 t1;
  INPUT ---       rlabel(3)=p gF a0 t1;
  INPUT ---       rlabel(4)=p gM a0 t1;
  INPUT ---       rlabel(5)=N gF a0 t1;
  INPUT ---       rlabel(6)=N gM a0 t1;
  INPUT ---       rlabel(7)=pent gF a0.00547945205479452 t1.00547945205479;
  INPUT ---       rlabel(8)=pent gF a0.00821917808219178 t1.00821917808219;
  INPUT ---       rlabel(9)=pent gF a0.010958904109589 t1.01095890410959;
  INPUT ---       rlabel(10)=pent gF a0.0164383561643836 t1.01643835616438;
  INPUT ---       rlabel(11)=pent gF a0.0246575342465753 t1.02465753424658;
  INPUT ---       rlabel(12)=pent gF a0.0273972602739726 t1.02739726027397;
  INPUT ---       rlabel(13)=pent gF a0.0301369863013699 t1.03013698630137;
  INPUT ---       rlabel(14)=pent gF a0.0356164383561644 t1.03561643835616;
  INPUT ---       rlabel(15)=pent gF a0.0410958904109589 t1.04109589041096;
  INPUT ---       rlabel(16)=pent gF a0.0493150684931507 t1.04931506849315;
  INPUT ---       rlabel(17)=pent gF a0.0520547945205479 t1.05205479452055;
  INPUT ---       rlabel(18)=pent gF a0.0657534246575342 t1.06575342465753;

  Program  MARK  - Survival Rate Estimation with Capture-Recapture Data
   gfortran(dble) Vers. 9.0 Mar 2018    25-Mar-2020 12:21:31    Page  008
 - - - - - - - - - - - - - - - - - - - - - - - - - - - - - - - - - - - - - -
 
  INPUT ---       rlabel(19)=pent gF a0.0712328767123288 t1.07123287671233;
  INPUT ---       rlabel(20)=pent gF a0.0986301369863014 t1.0986301369863;
  INPUT ---       rlabel(21)=pent gF a0.101369863013699 t1.1013698630137;
  INPUT ---       rlabel(22)=pent gF a0.106849315068493 t1.10684931506849;
  INPUT ---       rlabel(23)=pent gF a0.10958904109589 t1.10958904109589;
  INPUT ---       rlabel(24)=pent gF a0.120547945205479 t1.12054794520548;
  INPUT ---       rlabel(25)=pent gF a0.350684931506849 t1.35068493150685;
  INPUT ---       rlabel(26)=pent gF a0.358904109589041 t1.35890410958904;
  INPUT ---       rlabel(27)=pent gF a0.613698630136986 t1.61369863013699;
  INPUT ---       rlabel(28)=pent gF a0.638356164383562 t1.63835616438356;
  INPUT ---       rlabel(29)=pent gF a0.646575342465753 t1.64657534246575;
  INPUT ---       rlabel(30)=pent gF a0.649315068493151 t1.64931506849315;
  INPUT ---       rlabel(31)=pent gF a0.652054794520548 t1.65205479452055;
  INPUT ---       rlabel(32)=pent gF a0.704109589041096 t1.7041095890411;
  INPUT ---       rlabel(33)=pent gF a0.706849315068493 t1.70684931506849;
  INPUT ---       rlabel(34)=pent gF a0.70958904109589 t1.70958904109589;
  INPUT ---       rlabel(35)=pent gF a0.827397260273973 t1.82739726027397;
  INPUT ---       rlabel(36)=pent gF a1.4027397260274 t2.4027397260274;
  INPUT ---       rlabel(37)=pent gF a1.40547945205479 t2.40547945205479;
  INPUT ---       rlabel(38)=pent gF a1.40821917808219 t2.40821917808219;
  INPUT ---       rlabel(39)=pent gM a0.00547945205479452 t1.00547945205479;
  INPUT ---       rlabel(40)=pent gM a0.00821917808219178 t1.00821917808219;
  INPUT ---       rlabel(41)=pent gM a0.010958904109589 t1.01095890410959;
  INPUT ---       rlabel(42)=pent gM a0.0164383561643836 t1.01643835616438;
  INPUT ---       rlabel(43)=pent gM a0.0246575342465753 t1.02465753424658;
  INPUT ---       rlabel(44)=pent gM a0.0273972602739726 t1.02739726027397;
  INPUT ---       rlabel(45)=pent gM a0.0301369863013699 t1.03013698630137;
  INPUT ---       rlabel(46)=pent gM a0.0356164383561644 t1.03561643835616;
  INPUT ---       rlabel(47)=pent gM a0.0410958904109589 t1.04109589041096;
  INPUT ---       rlabel(48)=pent gM a0.0493150684931507 t1.04931506849315;
  INPUT ---       rlabel(49)=pent gM a0.0520547945205479 t1.05205479452055;
  INPUT ---       rlabel(50)=pent gM a0.0657534246575342 t1.06575342465753;
  INPUT ---       rlabel(51)=pent gM a0.0712328767123288 t1.07123287671233;
  INPUT ---       rlabel(52)=pent gM a0.0986301369863014 t1.0986301369863;
  INPUT ---       rlabel(53)=pent gM a0.101369863013699 t1.1013698630137;
  INPUT ---       rlabel(54)=pent gM a0.106849315068493 t1.10684931506849;
  INPUT ---       rlabel(55)=pent gM a0.10958904109589 t1.10958904109589;
  INPUT ---       rlabel(56)=pent gM a0.120547945205479 t1.12054794520548;
  INPUT ---       rlabel(57)=pent gM a0.350684931506849 t1.35068493150685;
  INPUT ---       rlabel(58)=pent gM a0.358904109589041 t1.35890410958904;
  INPUT ---       rlabel(59)=pent gM a0.613698630136986 t1.61369863013699;
  INPUT ---       rlabel(60)=pent gM a0.638356164383562 t1.63835616438356;
  INPUT ---       rlabel(61)=pent gM a0.646575342465753 t1.64657534246575;
  INPUT ---       rlabel(62)=pent gM a0.649315068493151 t1.64931506849315;
  INPUT ---       rlabel(63)=pent gM a0.652054794520548 t1.65205479452055;
  INPUT ---       rlabel(64)=pent gM a0.704109589041096 t1.7041095890411;

  Program  MARK  - Survival Rate Estimation with Capture-Recapture Data
   gfortran(dble) Vers. 9.0 Mar 2018    25-Mar-2020 12:21:31    Page  009
 - - - - - - - - - - - - - - - - - - - - - - - - - - - - - - - - - - - - - -
 
  INPUT ---       rlabel(65)=pent gM a0.706849315068493 t1.70684931506849;
  INPUT ---       rlabel(66)=pent gM a0.70958904109589 t1.70958904109589;
  INPUT ---       rlabel(67)=pent gM a0.827397260273973 t1.82739726027397;
  INPUT ---       rlabel(68)=pent gM a1.4027397260274 t2.4027397260274;
  INPUT ---       rlabel(69)=pent gM a1.40547945205479 t2.40547945205479;
  INPUT ---       rlabel(70)=pent gM a1.40821917808219 t2.40821917808219;

 Link Function Used is PARM-SPECIFIC

 Variance Estimation Procedure Used is 2ndPart 

 M(t+1):
      16     29



 Group: 1

 U(t)+UL(t):
       0    2    2    0    1    0    3    1    1    0    0    0    0    0    1
       0    0    0    2    1    1    0    0    0    1    0    0    0    0    0
       0    0    0

 U(t):
       0    2    2    0    1    0    3    1    1    0    0    0    0    0    1
       0    0    0    2    1    1    0    0    0    1    0    0    0    0    0
       0    0    0

 UL(t):
       0    0    0    0    0    0    0    0    0    0    0    0    0    0    0
       0    0    0    0    0    0    0    0    0    0    0    0    0    0    0
       0    0    0

 Not Released(t):
       0    0    0    0    0    0    0    0    0    0    0    0    0    0    0
       0    0    0    0    0    0    0    0    0    0    0    0    0    0    0
       0    0    0

 Group: 2

 U(t)+UL(t):
       3    0    1    1    1    1    1    0    1    1    2    1    3    3    1
       1    0    2    3    1    0    0    1    0    0    0    0    0    0    1
       0    0    0

 U(t):
       3    0    1    1    1    1    1    0    1    1    2    1    3    3    1
       1    0    2    3    1    0    0    1    0    0    0    0    0    0    1
       0    0    0

 UL(t):
       0    0    0    0    0    0    0    0    0    0    0    0    0    0    0
       0    0    0    0    0    0    0    0    0    0    0    0    0    0    0
       0    0    0

 Not Released(t):
       0    0    0    0    0    0    0    0    0    0    0    0    0    0    0
       0    0    0    0    0    0    0    0    0    0    0    0    0    0    0
       0    0    0
 -2logL(saturated) = 272.93564     
 Effective Sample Size = 103

 Number of function evaluations was 30 for 8 parameters.
 Time for numerical optimization was 0.11 seconds.     
 -2logL { Phi(~sex)p(~sex)pent(~sex)N(~sex) } = 552.79294     
 Penalty { Phi(~sex)p(~sex)pent(~sex)N(~sex) } = 0.0000000     
 Gradient { Phi(~sex)p(~sex)pent(~sex)N(~sex) }:
 -0.5770039E-05  0.4061712E-05 -0.8469338E-05 -0.2647187E-04 -0.5471121E-05
   0.000000      0.7610293E-05   0.000000    
 Maximum ABS(G) { Phi(~sex)p(~sex)pent(~sex)N(~sex) } = 0.2647187E-04 
 S Vector { Phi(~sex)p(~sex)pent(~sex)N(~sex) }:
   129.0221      12.41392      7.307379      2.973860      1.090705    
  0.4683797     0.3970330     0.6444128E-01
 Time to compute number of parameters was 0.02 seconds.     
 Ratio Threshold = 50.000000       Max Gap (1/2) = 10.393341       Next Max Gap (1/2) = 10.393341     
 Gap Method for Num. of Estimated Parameters { Phi(~sex)p(~sex)pent(~sex)N(~sex) } = 8          
 Threshold { Phi(~sex)p(~sex)pent(~sex)N(~sex) } = 0.5294374E-04                 
 Numerical Threshold Method for Num. of Estimated Parameters { Phi(~sex)p(~sex)pent(~sex)N(~sex) } = 8          
 Number of Estimated Parameters { Phi(~sex)p(~sex)pent(~sex)N(~sex) } = 8          
 DEVIANCE { Phi(~sex)p(~sex)pent(~sex)N(~sex) } = 279.85729                     
 DEVIANCE Degrees of Freedom { Phi(~sex)p(~sex)pent(~sex)N(~sex) } = 33            
 c-hat { Phi(~sex)p(~sex)pent(~sex)N(~sex) } = 8.4805241                     
 AIC { Phi(~sex)p(~sex)pent(~sex)N(~sex) } = 568.79294                  
 AICc { Phi(~sex)p(~sex)pent(~sex)N(~sex) } = 570.32485                    
 BIC { Phi(~sex)p(~sex)pent(~sex)N(~sex) } = 589.87077                    
 Pearson Chisquare { Phi(~sex)p(~sex)pent(~sex)N(~sex) } = 20614503.                  


            PARM-SPECIFIC Link Function Parameters of { Phi(~sex)p(~sex)pent(~sex)N(~sex) }
                                                              95% Confidence Interval
 Parameter                    Beta         Standard Error      Lower           Upper
 -------------------------  --------------  --------------  --------------  --------------
    1:Phi:(Intercept)       -1.6444861       1.1604549      -3.9189778       0.6300056    
    2:Phi:sexM               2.7567385       1.7381792      -0.6500929       6.1635698    
    3:p:(Intercept)         -2.6033014       0.3455040      -3.2804893      -1.9261136    
    4:p:sexM                 0.1528304       0.4061894      -0.6433009       0.9489617    
    5:pent:(Intercept)      -4.5779390       2.1776885      -8.8462085      -0.3096695    
    6:pent:sexM             -0.1736904       3.1535493      -6.3546471       6.0072663    
    7:N:(Intercept)          2.0075300       0.7910555       0.4570611       3.5579989    
    8:N:sexM                -0.3962140       1.2979627      -2.9402210       2.1477929    

  Program  MARK  - Survival Rate Estimation with Capture-Recapture Data
   gfortran(dble) Vers. 9.0 Mar 2018    25-Mar-2020 12:21:31    Page  010
 - - - - - - - - - - - - - - - - - - - - - - - - - - - - - - - - - - - - - -
 


            Real Function Parameters of { Phi(~sex)p(~sex)pent(~sex)N(~sex) }
                                                               95% Confidence Interval
  Parameter                  Estimate       Standard Error      Lower           Upper
 --------------------------  --------------  --------------  --------------  --------------
     1:Phi gF a0 t1           0.1618556       0.1574254       0.0194746       0.6524907                          
     2:Phi gM a0 t1           0.7525488       0.2409727       0.1940287       0.9746314                          
     3:p gF a0 t1             0.0689262       0.0221729       0.0362466       0.1271814                          
     4:p gM a0 t1             0.0794041       0.0156117       0.0537040       0.1158967                          
     5:N gF a0 t1             23.444906       5.8893337       17.898698       45.191910                          
     6:N gM a0 t1             34.009399       5.1547423       29.947158       55.494067                          
     7:pent gF a0.005479452   0.0077331       0.0126730       0.3060206E-03   0.1655634                          
     8:pent gF a0.008219178   0.0077331       0.0126730       0.3060206E-03   0.1655634                          
     9:pent gF a0.010958904   0.0077331       0.0126730       0.3060206E-03   0.1655634                          
    10:pent gF a0.016438356   0.0077331       0.0126730       0.3060206E-03   0.1655634                          
    11:pent gF a0.024657534   0.0077331       0.0126730       0.3060206E-03   0.1655634                          
    12:pent gF a0.027397260   0.0077331       0.0126730       0.3060206E-03   0.1655634                          
    13:pent gF a0.030136986   0.0077331       0.0126730       0.3060206E-03   0.1655634                          
    14:pent gF a0.035616438   0.0077331       0.0126730       0.3060206E-03   0.1655634                          
    15:pent gF a0.041095890   0.0077331       0.0126730       0.3060206E-03   0.1655634                          
    16:pent gF a0.049315068   0.0077331       0.0126730       0.3060206E-03   0.1655634                          
    17:pent gF a0.052054794   0.0077331       0.0126730       0.3060206E-03   0.1655634                          
    18:pent gF a0.065753424   0.0077331       0.0126730       0.3060206E-03   0.1655634                          
    19:pent gF a0.071232876   0.0077331       0.0126730       0.3060206E-03   0.1655634                          
    20:pent gF a0.098630136   0.0077331       0.0126730       0.3060206E-03   0.1655634                          
    21:pent gF a0.101369863   0.0077331       0.0126730       0.3060206E-03   0.1655634                          
    22:pent gF a0.106849315   0.0077331       0.0126730       0.3060206E-03   0.1655634                          
    23:pent gF a0.109589041   0.0077331       0.0126730       0.3060206E-03   0.1655634                          
    24:pent gF a0.120547945   0.0077331       0.0126730       0.3060206E-03   0.1655634                          
    25:pent gF a0.350684931   0.0077331       0.0126730       0.3060206E-03   0.1655634                          
    26:pent gF a0.358904109   0.0077331       0.0126730       0.3060206E-03   0.1655634                          
    27:pent gF a0.613698630   0.0077331       0.0126730       0.3060206E-03   0.1655634                          
    28:pent gF a0.638356164   0.0077331       0.0126730       0.3060206E-03   0.1655634                          
    29:pent gF a0.646575342   0.0077331       0.0126730       0.3060206E-03   0.1655634                          
    30:pent gF a0.649315068   0.0077331       0.0126730       0.3060206E-03   0.1655634                          
    31:pent gF a0.652054794   0.0077331       0.0126730       0.3060206E-03   0.1655634                          
    32:pent gF a0.704109589   0.0077331       0.0126730       0.3060206E-03   0.1655634                          
    33:pent gF a0.706849315   0.0077331       0.0126730       0.3060206E-03   0.1655634                          
    34:pent gF a0.709589041   0.0077331       0.0126730       0.3060206E-03   0.1655634                          
    35:pent gF a0.827397260   0.0077331       0.0126730       0.3060206E-03   0.1655634                          
    36:pent gF a1.402739726   0.0077331       0.0126730       0.3060206E-03   0.1655634                          
    37:pent gF a1.405479452   0.0077331       0.0126730       0.3060206E-03   0.1655634                          
    38:pent gF a1.408219178   0.0077331       0.0126730       0.3060206E-03   0.1655634                          
    39:pent gM a0.005479452   0.0067671       0.0120918       0.2004100E-03   0.1880354                          
    40:pent gM a0.008219178   0.0067671       0.0120918       0.2004100E-03   0.1880354                          

  Program  MARK  - Survival Rate Estimation with Capture-Recapture Data
   gfortran(dble) Vers. 9.0 Mar 2018    25-Mar-2020 12:21:31    Page  011
 - - - - - - - - - - - - - - - - - - - - - - - - - - - - - - - - - - - - - -
 
    41:pent gM a0.010958904   0.0067671       0.0120918       0.2004100E-03   0.1880354                          
    42:pent gM a0.016438356   0.0067671       0.0120918       0.2004100E-03   0.1880354                          
    43:pent gM a0.024657534   0.0067671       0.0120918       0.2004100E-03   0.1880354                          
    44:pent gM a0.027397260   0.0067671       0.0120918       0.2004100E-03   0.1880354                          
    45:pent gM a0.030136986   0.0067671       0.0120918       0.2004100E-03   0.1880354                          
    46:pent gM a0.035616438   0.0067671       0.0120918       0.2004100E-03   0.1880354                          
    47:pent gM a0.041095890   0.0067671       0.0120918       0.2004100E-03   0.1880354                          
    48:pent gM a0.049315068   0.0067671       0.0120918       0.2004100E-03   0.1880354                          
    49:pent gM a0.052054794   0.0067671       0.0120918       0.2004100E-03   0.1880354                          
    50:pent gM a0.065753424   0.0067671       0.0120918       0.2004100E-03   0.1880354                          
    51:pent gM a0.071232876   0.0067671       0.0120918       0.2004100E-03   0.1880354                          
    52:pent gM a0.098630136   0.0067671       0.0120918       0.2004100E-03   0.1880354                          
    53:pent gM a0.101369863   0.0067671       0.0120918       0.2004100E-03   0.1880354                          
    54:pent gM a0.106849315   0.0067671       0.0120918       0.2004100E-03   0.1880354                          
    55:pent gM a0.109589041   0.0067671       0.0120918       0.2004100E-03   0.1880354                          
    56:pent gM a0.120547945   0.0067671       0.0120918       0.2004100E-03   0.1880354                          
    57:pent gM a0.350684931   0.0067671       0.0120918       0.2004100E-03   0.1880354                          
    58:pent gM a0.358904109   0.0067671       0.0120918       0.2004100E-03   0.1880354                          
    59:pent gM a0.613698630   0.0067671       0.0120918       0.2004100E-03   0.1880354                          
    60:pent gM a0.638356164   0.0067671       0.0120918       0.2004100E-03   0.1880354                          
    61:pent gM a0.646575342   0.0067671       0.0120918       0.2004100E-03   0.1880354                          
    62:pent gM a0.649315068   0.0067671       0.0120918       0.2004100E-03   0.1880354                          
    63:pent gM a0.652054794   0.0067671       0.0120918       0.2004100E-03   0.1880354                          
    64:pent gM a0.704109589   0.0067671       0.0120918       0.2004100E-03   0.1880354                          
    65:pent gM a0.706849315   0.0067671       0.0120918       0.2004100E-03   0.1880354                          
    66:pent gM a0.709589041   0.0067671       0.0120918       0.2004100E-03   0.1880354                          
    67:pent gM a0.827397260   0.0067671       0.0120918       0.2004100E-03   0.1880354                          
    68:pent gM a1.402739726   0.0067671       0.0120918       0.2004100E-03   0.1880354                          
    69:pent gM a1.405479452   0.0067671       0.0120918       0.2004100E-03   0.1880354                          
    70:pent gM a1.408219178   0.0067671       0.0120918       0.2004100E-03   0.1880354                          


                      Estimates of Derived Parameters
 Gross Birth+Immigration Estimates of { Phi(~sex)p(~sex)pent(~sex)N(~sex) }
                                                95% Confidence Interval
 Grp. Occ.   B*-hat          Standard Error      Lower           Upper
 ---- ----   --------------  --------------  --------------  --------------
   1     1    0.1822087       0.3299591       0.0171486       1.9360183    
   1     2    0.1817553       0.3289916       0.0171154       1.9301300    
   1     3    0.1817553       0.3289916       0.0171154       1.9301300    
   1     4    0.1822087       0.3299591       0.0171486       1.9360183    
   1     5    0.1826629       0.3309287       0.0171818       1.9419189    
   1     6    0.1817553       0.3289916       0.0171154       1.9301300    
   1     7    0.1817553       0.3289916       0.0171154       1.9301300    
   1     8    0.1822087       0.3299591       0.0171486       1.9360183    

  Program  MARK  - Survival Rate Estimation with Capture-Recapture Data
   gfortran(dble) Vers. 9.0 Mar 2018    25-Mar-2020 12:21:31    Page  012
 - - - - - - - - - - - - - - - - - - - - - - - - - - - - - - - - - - - - - -
 
   1     9    0.1822087       0.3299591       0.0171486       1.9360183    
   1    10    0.1826629       0.3309287       0.0171818       1.9419189    
   1    11    0.1817553       0.3289916       0.0171154       1.9301300    
   1    12    0.1835735       0.3328736       0.0172484       1.9537577    
   1    13    0.1822087       0.3299591       0.0171486       1.9360183    
   1    14    0.1858630       0.3377702       0.0174156       1.9835725    
   1    15    0.1817553       0.3289916       0.0171154       1.9301300    
   1    16    0.1822087       0.3299591       0.0171486       1.9360183    
   1    17    0.1817553       0.3289916       0.0171154       1.9301300    
   1    18    0.1831178       0.3319001       0.0172151       1.9478321    
   1    19    0.2219397       0.4159545       0.0200138       2.4611632    
   1    20    0.1826629       0.3309287       0.0171818       1.9419189    
   1    21    0.2266054       0.4261881       0.0203458       2.5238577    
   1    22    0.1854036       0.3367869       0.0173821       1.9775847    
   1    23    0.1826629       0.3309287       0.0171818       1.9419189    
   1    24    0.1817553       0.3289916       0.0171154       1.9301300    
   1    25    0.1817553       0.3289916       0.0171154       1.9301300    
   1    26    0.1900317       0.3467076       0.0177191       2.0380242    
   1    27    0.1817553       0.3289916       0.0171154       1.9301300    
   1    28    0.1817553       0.3289916       0.0171154       1.9301300    
   1    29    0.2014454       0.3713165       0.0185454       2.1881603    
   1    30    0.2925701       0.5729679       0.0249827       3.4262556    
   1    31    0.1817553       0.3289916       0.0171154       1.9301300    
   1    32    0.1817553       0.3289916       0.0171154       1.9301300    
   2     1    0.2303259       0.4407094       0.0202424       2.6207374    
   2     2    0.2302362       0.4404759       0.0202381       2.6192595    
   2     3    0.2302362       0.4404759       0.0202381       2.6192595    
   2     4    0.2303259       0.4407094       0.0202424       2.6207374    
   2     5    0.2304156       0.4409431       0.0202467       2.6222158    
   2     6    0.2302362       0.4404759       0.0202381       2.6192595    
   2     7    0.2302362       0.4404759       0.0202381       2.6192595    
   2     8    0.2303259       0.4407094       0.0202424       2.6207374    
   2     9    0.2303259       0.4407094       0.0202424       2.6207374    
   2    10    0.2304156       0.4409431       0.0202467       2.6222158    
   2    11    0.2302362       0.4404759       0.0202381       2.6192595    
   2    12    0.2305950       0.4414107       0.0202554       2.6251747    
   2    13    0.2303259       0.4407094       0.0202424       2.6207374    
   2    14    0.2310440       0.4425814       0.0202772       2.6325826    
   2    15    0.2302362       0.4404759       0.0202381       2.6192595    
   2    16    0.2303259       0.4407094       0.0202424       2.6207374    
   2    17    0.2302362       0.4404759       0.0202381       2.6192595    
   2    18    0.2305053       0.4411769       0.0202511       2.6236949    
   2    19    0.2377574       0.4601733       0.0206006       2.7440286    
   2    20    0.2304156       0.4409431       0.0202467       2.6222158    
   2    21    0.2385826       0.4623469       0.0206401       2.7578140    
   2    22    0.2309542       0.4423471       0.0202728       2.6310998    

  Program  MARK  - Survival Rate Estimation with Capture-Recapture Data
   gfortran(dble) Vers. 9.0 Mar 2018    25-Mar-2020 12:21:31    Page  013
 - - - - - - - - - - - - - - - - - - - - - - - - - - - - - - - - - - - - - -
 
   2    23    0.2304156       0.4409431       0.0202467       2.6222158    
   2    24    0.2302362       0.4404759       0.0202381       2.6192595    
   2    25    0.2302362       0.4404759       0.0202381       2.6192595    
   2    26    0.2318537       0.4446943       0.0203163       2.6459558    
   2    27    0.2302362       0.4404759       0.0202381       2.6192595    
   2    28    0.2302362       0.4404759       0.0202381       2.6192595    
   2    29    0.2340221       0.4503648       0.0204210       2.6818628    
   2    30    0.2494813       0.4912734       0.0211590       2.9415793    
   2    31    0.2302362       0.4404759       0.0202381       2.6192595    
   2    32    0.2302362       0.4404759       0.0202381       2.6192595    

 Net Birth+Immigration Estimates of { Phi(~sex)p(~sex)pent(~sex)N(~sex) }
                                                95% Confidence Interval
 Grp. Occ.   B-hat           Standard Error      Lower           Upper
 ---- ----   --------------  --------------  --------------  --------------
   1     1    0.1813027       0.3280260       0.0170823       1.9242543    
   1     2    0.1813027       0.3280260       0.0170823       1.9242543    
   1     3    0.1813027       0.3280260       0.0170823       1.9242543    
   1     4    0.1813027       0.3280260       0.0170823       1.9242543    
   1     5    0.1813027       0.3280260       0.0170823       1.9242543    
   1     6    0.1813027       0.3280260       0.0170823       1.9242543    
   1     7    0.1813027       0.3280260       0.0170823       1.9242543    
   1     8    0.1813027       0.3280260       0.0170823       1.9242543    
   1     9    0.1813027       0.3280260       0.0170823       1.9242543    
   1    10    0.1813027       0.3280260       0.0170823       1.9242543    
   1    11    0.1813027       0.3280260       0.0170823       1.9242543    
   1    12    0.1813027       0.3280260       0.0170823       1.9242543    
   1    13    0.1813027       0.3280260       0.0170823       1.9242543    
   1    14    0.1813027       0.3280260       0.0170823       1.9242543    
   1    15    0.1813027       0.3280260       0.0170823       1.9242543    
   1    16    0.1813027       0.3280260       0.0170823       1.9242543    
   1    17    0.1813027       0.3280260       0.0170823       1.9242543    
   1    18    0.1813027       0.3280260       0.0170823       1.9242543    
   1    19    0.1813027       0.3280260       0.0170823       1.9242543    
   1    20    0.1813027       0.3280260       0.0170823       1.9242543    
   1    21    0.1813027       0.3280260       0.0170823       1.9242543    
   1    22    0.1813027       0.3280260       0.0170823       1.9242543    
   1    23    0.1813027       0.3280260       0.0170823       1.9242543    
   1    24    0.1813027       0.3280260       0.0170823       1.9242543    
   1    25    0.1813027       0.3280260       0.0170823       1.9242543    
   1    26    0.1813027       0.3280260       0.0170823       1.9242543    
   1    27    0.1813027       0.3280260       0.0170823       1.9242543    
   1    28    0.1813027       0.3280260       0.0170823       1.9242543    
   1    29    0.1813027       0.3280260       0.0170823       1.9242543    
   1    30    0.1813027       0.3280260       0.0170823       1.9242543    
   1    31    0.1813027       0.3280260       0.0170823       1.9242543    
   1    32    0.1813027       0.3280260       0.0170823       1.9242543    
   2     1    0.2301466       0.4402424       0.0202337       2.6177822    
   2     2    0.2301466       0.4402424       0.0202337       2.6177822    
   2     3    0.2301466       0.4402424       0.0202337       2.6177822    
   2     4    0.2301466       0.4402424       0.0202337       2.6177822    
   2     5    0.2301466       0.4402424       0.0202337       2.6177822    
   2     6    0.2301466       0.4402424       0.0202337       2.6177822    
   2     7    0.2301466       0.4402424       0.0202337       2.6177822    
   2     8    0.2301466       0.4402424       0.0202337       2.6177822    
   2     9    0.2301466       0.4402424       0.0202337       2.6177822    
   2    10    0.2301466       0.4402424       0.0202337       2.6177822    
   2    11    0.2301466       0.4402424       0.0202337       2.6177822    
   2    12    0.2301466       0.4402424       0.0202337       2.6177822    
   2    13    0.2301466       0.4402424       0.0202337       2.6177822    
   2    14    0.2301466       0.4402424       0.0202337       2.6177822    
   2    15    0.2301466       0.4402424       0.0202337       2.6177822    
   2    16    0.2301466       0.4402424       0.0202337       2.6177822    
   2    17    0.2301466       0.4402424       0.0202337       2.6177822    
   2    18    0.2301466       0.4402424       0.0202337       2.6177822    
   2    19    0.2301466       0.4402424       0.0202337       2.6177822    
   2    20    0.2301466       0.4402424       0.0202337       2.6177822    
   2    21    0.2301466       0.4402424       0.0202337       2.6177822    
   2    22    0.2301466       0.4402424       0.0202337       2.6177822    
   2    23    0.2301466       0.4402424       0.0202337       2.6177822    
   2    24    0.2301466       0.4402424       0.0202337       2.6177822    
   2    25    0.2301466       0.4402424       0.0202337       2.6177822    
   2    26    0.2301466       0.4402424       0.0202337       2.6177822    
   2    27    0.2301466       0.4402424       0.0202337       2.6177822    
   2    28    0.2301466       0.4402424       0.0202337       2.6177822    
   2    29    0.2301466       0.4402424       0.0202337       2.6177822    
   2    30    0.2301466       0.4402424       0.0202337       2.6177822    
   2    31    0.2301466       0.4402424       0.0202337       2.6177822    
   2    32    0.2301466       0.4402424       0.0202337       2.6177822    

      Population Estimates of { Phi(~sex)p(~sex)pent(~sex)N(~sex) }
                                                95% Confidence Interval
 Grp. Occ.   N-hat           Standard Error      Lower           Upper
 ---- ----   --------------  --------------  --------------  --------------
   1     1    17.643220       7.5053465       7.9327233       39.240398    
   1     2    17.649348       7.2020489       8.1783177       38.088454    
   1     3    17.742814       6.9195907       8.4865546       37.094847    
   1     4    17.835815       6.6432148       8.8000297       36.149457    
   1     5    17.840030       6.3619249       9.0548518       35.148746    
   1     6    17.756300       6.0788343       9.2464657       34.098022    
   1     7    17.849234       5.8229147       9.5701685       33.290444    
   1     8    17.941705       5.5755726       9.8949063       32.532374    
   1     9    17.944870       5.3307973       10.148461       31.730757    
   1    10    17.948002       5.0968735       10.398220       30.979416    
   1    11    17.862668       4.8699894       10.568704       30.190541    
   1    12    17.955072       4.6641680       10.880962       29.628320    
   1    13    17.694010       4.4596945       10.878669       28.779072    
   1    14    17.699633       4.2777625       11.095563       28.234441    
   1    15    17.019536       4.1079877       10.675590       27.133360    
   1    16    17.116137       3.9538259       10.947743       26.760051    
   1    17    17.127498       3.8202886       11.120641       26.378981    
   1    18    17.223561       3.7070232       11.349736       26.137266    
   1    19    17.064545       3.6163934       11.315628       25.734206    
   1    20    11.403702       3.9556260       5.8901740       22.078198    
   1    21    11.415591       3.8328303       6.0158361       21.662111    
   1    22    7.3590546       3.8455939       2.8090992       19.278666    
   1    23    7.2172255       3.6981081       2.8013452       18.594047    
   1    24    7.2913084       3.5834426       2.9300321       18.144231    
   1    25    7.4363240       3.4978488       3.0959974       17.861422    
   1    26    7.5806179       3.4408518       3.2455101       17.706236    
   1    27    7.0763287       3.3762165       2.9128399       17.190930    
   1    28    7.2224142       3.3623953       3.0315631       17.206723    
   1    29    7.3677727       3.3787080       3.1293668       17.346664    
   1    30    6.1264818       3.2332951       2.3188399       16.186447    
   1    31    2.3300665       2.0934466       0.5158789       10.524195    
   1    32    2.4997730       2.0620167       0.6090323       10.260317    
   1    33    2.6686349       2.0818651       0.6908854       10.307949    
   2     1    26.644708       10.123401       12.972933       54.724749    
   2     2    26.833381       9.7104478       13.491631       53.368668    
   2     3    27.042636       9.2944122       14.048095       52.057176    

  Program  MARK  - Survival Rate Estimation with Capture-Recapture Data
   gfortran(dble) Vers. 9.0 Mar 2018    25-Mar-2020 12:21:31    Page  014
 - - - - - - - - - - - - - - - - - - - - - - - - - - - - - - - - - - - - - -
 
   2     4    27.251728       8.8804657       14.621030       50.793733    
   2     5    27.439456       8.4748578       15.185764       49.580894    
   2     6    27.605562       8.0785543       15.739601       48.417178    
   2     7    27.814216       7.6721872       16.359151       47.290389    
   2     8    28.022707       7.2691573       16.993674       46.209673    
   2     9    28.209235       6.8773490       17.613865       45.178101    
   2    10    28.395473       6.4901586       18.245834       44.191067    
   2    11    28.559348       6.1163277       18.857747       43.252057    
   2    12    28.767259       5.7322158       19.540325       42.351146    
   2    13    28.885592       5.3896563       20.100769       41.509727    
   2    14    29.070778       5.0293955       20.762329       40.704012    
   2    15    29.075379       4.7543952       21.147151       39.975959    
   2    16    29.282888       4.4051511       21.841243       39.260014    
   2    17    29.467455       4.0810399       22.491290       38.607428    
   2    18    29.674659       3.7660685       23.162602       38.017549    
   2    19    29.812498       3.5033342       23.698053       37.504558    
   2    20    28.154583       4.3200610       20.878380       37.966573    
   2    21    28.319020       4.0765072       21.388174       37.495809    
   2    22    26.570398       5.3419636       17.986797       39.250238    
   2    23    26.614941       5.2339512       18.168334       38.988446    
   2    24    26.782971       5.0502481       18.567418       38.633673    
   2    25    26.992265       4.8610335       19.018020       38.310107    
   2    26    27.201396       4.7035415       19.430562       38.080009    
   2    27    27.031964       4.8683885       19.045713       38.367009    
   2    28    27.241064       4.7678463       19.380405       38.289992    
   2    29    27.450001       4.7042591       19.666131       38.314733    
   2    30    26.776027       5.2755493       18.265401       39.252114    
   2    31    22.966001       8.0674308       11.768655       44.817117    
   2    32    23.178267       7.9374454       12.067651       44.518363    
   2    33    23.390368       7.8292111       12.349457       44.302294    

   Gross Population Estimates of { Phi(~sex)p(~sex)pent(~sex)N(~sex) }
                                                95% Confidence Interval
 Grp. Occ.   N*-hat          Standard Error      Lower           Upper
 ---- ----   --------------  --------------  --------------  --------------
   1     0    23.700493       6.3041522       14.197059       39.565477    
   2     0    34.056192       5.2628387       25.201677       46.021708    

   CPU Time for the last procedure was 0.17 seconds.     

  Program  MARK  - Survival Rate Estimation with Capture-Recapture Data
   gfortran(dble) Vers. 9.0 Mar 2018    25-Mar-2020 12:21:31    Page  015
 - - - - - - - - - - - - - - - - - - - - - - - - - - - - - - - - - - - - - -
 


  INPUT --- proc stop;

     CPU Time in minutes for this job was 0.00

     Time Start = 12:21:31.324   Time End = 12:21:31.714

     Wall Clock Time in minutes for this job was 0.01


          E X E C U T I O N   S U C C E S S F U L 
