
   Program  MARK  - Survival Rate Estimation with Capture-Recapture Data
   gfortran(dble) Vers. 9.0 Mar 2018    25-Mar-2020 12:10:13    Page  001
 - - - - - - - - - - - - - - - - - - - - - - - - - - - - - - - - - - - - - -
 
   This version was compiled by GCC version 7.2.0 using the options: 
     -cpp -iprefix C:/Program Files/mingw-w64/x86_64-7.2.0-posix-seh-rt_v5-rev1/
     mingw64/bin/../lib/gcc/x86_64-w64-mingw32/7.2.0/ -D_MT -D_REENTRANT
     -U_REENTRANT -D IEEE -D DBLEPRECISION -m64 -mtune=core2 -march=nocona -mthreads
     -O2 -fimplicit-none -fbounds-check -funroll-loops -ftree-vectorize
     -ffpe-summary=invalid,zero,overflow,underflow -fno-unsafe-math-optimizations
     -frounding-math -fsignaling-nans -fopenmp.

   This problem will use 15 of 16 possible threads.


  INPUT --- proc title ;

   CPU Time for the last procedure was 0.01 seconds.     


  INPUT --- proc chmatrix occasions= 33 groups= 2 etype= POPAN Nodes= 
  INPUT --- 101 ICMeans NoHist hist= 41  ;

  INPUT ---    time interval 0.00547945205479452 0.00273972602739726 
  INPUT ---    0.00273972602739726 0.00547945205479452  
  INPUT ---    0.00821917808219178 0.00273972602739726 0.00273972602739726 
  INPUT ---    0.00547945205479452  0.00547945205479452 
  INPUT ---    0.00821917808219178 0.00273972602739726 0.0136986301369863 
  INPUT ---    0.00547945205479452  0.0273972602739726 0.00273972602739726 
  INPUT ---    0.00547945205479452 0.00273972602739726 0.010958904109589  
  INPUT ---    0.23013698630137 0.00821917808219178 0.254794520547945 
  INPUT ---    0.0246575342465753 0.00821917808219178  0.00273972602739726 
  INPUT ---    0.00273972602739726 0.0520547945205479 0.00273972602739726 
  INPUT ---    0.00273972602739726  0.117808219178082 0.575342465753425 
  INPUT ---    0.00273972602739726 0.00273972602739726 ;

  INPUT ---    glabel(1)=sexF;

  INPUT ---    glabel(2)=sexM;

   * *  WARNING  * *   At least a pair of the encounter histories are duplicates. 

      Number of unique encounter histories read was 38.

      Number of individual covariates read was 0.
      Time interval lengths vary and/or not equal to 1.

      Data type number is 19
      Data type is POPAN                                                                                               

   CPU Time for the last procedure was 0.01 seconds.     

  Program  MARK  - Survival Rate Estimation with Capture-Recapture Data
   gfortran(dble) Vers. 9.0 Mar 2018    25-Mar-2020 12:10:13    Page  002
 - - - - - - - - - - - - - - - - - - - - - - - - - - - - - - - - - - - - - -
 


  INPUT --- proc estimate link=Parm-Specific NOLOOP varest=2ndPart    ;


  INPUT --- model={ Phi(~sex)p(~sex)pent(~sex)N(~1) };

  INPUT ---    group=1 Phi    rows=1 cols=32 Square ;
  INPUT ---        1 1 1 1 1 1 1 1 1 1 1 1 1 1 1 1 1 1 1 1 1 1 1 1 1 1 1 1 1 
  INPUT ---       1 1 1 ;

  INPUT ---    group=2 Phi    rows=1 cols=32 Square ;
  INPUT ---        2 2 2 2 2 2 2 2 2 2 2 2 2 2 2 2 2 2 2 2 2 2 2 2 2 2 2 2 2 
  INPUT ---       2 2 2 ;

  INPUT ---    group=1 p    rows=1 cols=33 Square ;
  INPUT ---        3 3 3 3 3 3 3 3 3 3 3 3 3 3 3 3 3 3 3 3 3 3 3 3 3 3 3 3 3 
  INPUT ---       3 3 3 3 ;

  INPUT ---    group=2 p    rows=1 cols=33 Square ;
  INPUT ---        4 4 4 4 4 4 4 4 4 4 4 4 4 4 4 4 4 4 4 4 4 4 4 4 4 4 4 4 4 
  INPUT ---       4 4 4 4 ;

  INPUT ---    group=1 pent    rows=1 cols=32 Square ;
  INPUT ---        6 7 8 9 10 11 12 13 14 15 16 17 18 19 20 21 22 23 24 25 26 
  INPUT ---       27 28 29 30 31 32 33 34 35 36 37 ;

  INPUT ---    group=2 pent    rows=1 cols=32 Square ;
  INPUT ---        38 39 40 41 42 43 44 45 46 47 48 49 50 51 52 53 54 55 56 
  INPUT ---       57 58 59 60 61 62 63 64 65 66 67 68 69 ;

  INPUT ---    group=1 N    rows=1 cols=1 Square ;
  INPUT ---        5 ;

  INPUT ---    group=2 N    rows=1 cols=1 Square ;
  INPUT ---        5 ;

  INPUT ---    design matrix constraints=69 covariates=7;
  INPUT ---        1 0 0 0 0 0 0;
  INPUT ---        1 1 0 0 0 0 0;
  INPUT ---        0 0 1 0 0 0 0;
  INPUT ---        0 0 1 1 0 0 0;
  INPUT ---        0 0 0 0 0 0 1;
  INPUT ---        0 0 0 0 1 0 0;
  INPUT ---        0 0 0 0 1 0 0;
  INPUT ---        0 0 0 0 1 0 0;

  Program  MARK  - Survival Rate Estimation with Capture-Recapture Data
   gfortran(dble) Vers. 9.0 Mar 2018    25-Mar-2020 12:10:13    Page  003
 - - - - - - - - - - - - - - - - - - - - - - - - - - - - - - - - - - - - - -
 
  INPUT ---        0 0 0 0 1 0 0;
  INPUT ---        0 0 0 0 1 0 0;
  INPUT ---        0 0 0 0 1 0 0;
  INPUT ---        0 0 0 0 1 0 0;
  INPUT ---        0 0 0 0 1 0 0;
  INPUT ---        0 0 0 0 1 0 0;
  INPUT ---        0 0 0 0 1 0 0;
  INPUT ---        0 0 0 0 1 0 0;
  INPUT ---        0 0 0 0 1 0 0;
  INPUT ---        0 0 0 0 1 0 0;
  INPUT ---        0 0 0 0 1 0 0;
  INPUT ---        0 0 0 0 1 0 0;
  INPUT ---        0 0 0 0 1 0 0;
  INPUT ---        0 0 0 0 1 0 0;
  INPUT ---        0 0 0 0 1 0 0;
  INPUT ---        0 0 0 0 1 0 0;
  INPUT ---        0 0 0 0 1 0 0;
  INPUT ---        0 0 0 0 1 0 0;
  INPUT ---        0 0 0 0 1 0 0;
  INPUT ---        0 0 0 0 1 0 0;
  INPUT ---        0 0 0 0 1 0 0;
  INPUT ---        0 0 0 0 1 0 0;
  INPUT ---        0 0 0 0 1 0 0;
  INPUT ---        0 0 0 0 1 0 0;
  INPUT ---        0 0 0 0 1 0 0;
  INPUT ---        0 0 0 0 1 0 0;
  INPUT ---        0 0 0 0 1 0 0;
  INPUT ---        0 0 0 0 1 0 0;
  INPUT ---        0 0 0 0 1 0 0;
  INPUT ---        0 0 0 0 1 1 0;
  INPUT ---        0 0 0 0 1 1 0;
  INPUT ---        0 0 0 0 1 1 0;
  INPUT ---        0 0 0 0 1 1 0;
  INPUT ---        0 0 0 0 1 1 0;
  INPUT ---        0 0 0 0 1 1 0;
  INPUT ---        0 0 0 0 1 1 0;
  INPUT ---        0 0 0 0 1 1 0;
  INPUT ---        0 0 0 0 1 1 0;
  INPUT ---        0 0 0 0 1 1 0;
  INPUT ---        0 0 0 0 1 1 0;
  INPUT ---        0 0 0 0 1 1 0;
  INPUT ---        0 0 0 0 1 1 0;
  INPUT ---        0 0 0 0 1 1 0;
  INPUT ---        0 0 0 0 1 1 0;
  INPUT ---        0 0 0 0 1 1 0;
  INPUT ---        0 0 0 0 1 1 0;

  Program  MARK  - Survival Rate Estimation with Capture-Recapture Data
   gfortran(dble) Vers. 9.0 Mar 2018    25-Mar-2020 12:10:13    Page  004
 - - - - - - - - - - - - - - - - - - - - - - - - - - - - - - - - - - - - - -
 
  INPUT ---        0 0 0 0 1 1 0;
  INPUT ---        0 0 0 0 1 1 0;
  INPUT ---        0 0 0 0 1 1 0;
  INPUT ---        0 0 0 0 1 1 0;
  INPUT ---        0 0 0 0 1 1 0;
  INPUT ---        0 0 0 0 1 1 0;
  INPUT ---        0 0 0 0 1 1 0;
  INPUT ---        0 0 0 0 1 1 0;
  INPUT ---        0 0 0 0 1 1 0;
  INPUT ---        0 0 0 0 1 1 0;
  INPUT ---        0 0 0 0 1 1 0;
  INPUT ---        0 0 0 0 1 1 0;
  INPUT ---        0 0 0 0 1 1 0;
  INPUT ---        0 0 0 0 1 1 0;
  INPUT ---        0 0 0 0 1 1 0;

  INPUT ---    links=69;

  INPUT ---    Logit;

  INPUT ---    Logit;

  INPUT ---    Logit;

  INPUT ---    Logit;

  INPUT ---    Log;

  INPUT ---    mlogit(1);

  INPUT ---    mlogit(1);

  INPUT ---    mlogit(1);

  INPUT ---    mlogit(1);

  INPUT ---    mlogit(1);

  INPUT ---    mlogit(1);

  INPUT ---    mlogit(1);

  INPUT ---    mlogit(1);

  INPUT ---    mlogit(1);


  Program  MARK  - Survival Rate Estimation with Capture-Recapture Data
   gfortran(dble) Vers. 9.0 Mar 2018    25-Mar-2020 12:10:13    Page  005
 - - - - - - - - - - - - - - - - - - - - - - - - - - - - - - - - - - - - - -
 
  INPUT ---    mlogit(1);

  INPUT ---    mlogit(1);

  INPUT ---    mlogit(1);

  INPUT ---    mlogit(1);

  INPUT ---    mlogit(1);

  INPUT ---    mlogit(1);

  INPUT ---    mlogit(1);

  INPUT ---    mlogit(1);

  INPUT ---    mlogit(1);

  INPUT ---    mlogit(1);

  INPUT ---    mlogit(1);

  INPUT ---    mlogit(1);

  INPUT ---    mlogit(1);

  INPUT ---    mlogit(1);

  INPUT ---    mlogit(1);

  INPUT ---    mlogit(1);

  INPUT ---    mlogit(1);

  INPUT ---    mlogit(1);

  INPUT ---    mlogit(1);

  INPUT ---    mlogit(1);

  INPUT ---    mlogit(1);

  INPUT ---    mlogit(1);

  INPUT ---    mlogit(1);


  Program  MARK  - Survival Rate Estimation with Capture-Recapture Data
   gfortran(dble) Vers. 9.0 Mar 2018    25-Mar-2020 12:10:13    Page  006
 - - - - - - - - - - - - - - - - - - - - - - - - - - - - - - - - - - - - - -
 
  INPUT ---    mlogit(2);

  INPUT ---    mlogit(2);

  INPUT ---    mlogit(2);

  INPUT ---    mlogit(2);

  INPUT ---    mlogit(2);

  INPUT ---    mlogit(2);

  INPUT ---    mlogit(2);

  INPUT ---    mlogit(2);

  INPUT ---    mlogit(2);

  INPUT ---    mlogit(2);

  INPUT ---    mlogit(2);

  INPUT ---    mlogit(2);

  INPUT ---    mlogit(2);

  INPUT ---    mlogit(2);

  INPUT ---    mlogit(2);

  INPUT ---    mlogit(2);

  INPUT ---    mlogit(2);

  INPUT ---    mlogit(2);

  INPUT ---    mlogit(2);

  INPUT ---    mlogit(2);

  INPUT ---    mlogit(2);

  INPUT ---    mlogit(2);

  INPUT ---    mlogit(2);


  Program  MARK  - Survival Rate Estimation with Capture-Recapture Data
   gfortran(dble) Vers. 9.0 Mar 2018    25-Mar-2020 12:10:13    Page  007
 - - - - - - - - - - - - - - - - - - - - - - - - - - - - - - - - - - - - - -
 
  INPUT ---    mlogit(2);

  INPUT ---    mlogit(2);

  INPUT ---    mlogit(2);

  INPUT ---    mlogit(2);

  INPUT ---    mlogit(2);

  INPUT ---    mlogit(2);

  INPUT ---    mlogit(2);

  INPUT ---    mlogit(2);

  INPUT ---    mlogit(2);
  INPUT ---       blabel(1)=Phi:(Intercept);
  INPUT ---       blabel(2)=Phi:sexM;
  INPUT ---       blabel(3)=p:(Intercept);
  INPUT ---       blabel(4)=p:sexM;
  INPUT ---       blabel(5)=pent:(Intercept);
  INPUT ---       blabel(6)=pent:sexM;
  INPUT ---       blabel(7)=N:(Intercept);
  INPUT ---       rlabel(1)=Phi gF a0 t1;
  INPUT ---       rlabel(2)=Phi gM a0 t1;
  INPUT ---       rlabel(3)=p gF a0 t1;
  INPUT ---       rlabel(4)=p gM a0 t1;
  INPUT ---       rlabel(5)=N gF a0 t1;
  INPUT ---       rlabel(6)=pent gF a0.00547945205479452 t1.00547945205479;
  INPUT ---       rlabel(7)=pent gF a0.00821917808219178 t1.00821917808219;
  INPUT ---       rlabel(8)=pent gF a0.010958904109589 t1.01095890410959;
  INPUT ---       rlabel(9)=pent gF a0.0164383561643836 t1.01643835616438;
  INPUT ---       rlabel(10)=pent gF a0.0246575342465753 t1.02465753424658;
  INPUT ---       rlabel(11)=pent gF a0.0273972602739726 t1.02739726027397;
  INPUT ---       rlabel(12)=pent gF a0.0301369863013699 t1.03013698630137;
  INPUT ---       rlabel(13)=pent gF a0.0356164383561644 t1.03561643835616;
  INPUT ---       rlabel(14)=pent gF a0.0410958904109589 t1.04109589041096;
  INPUT ---       rlabel(15)=pent gF a0.0493150684931507 t1.04931506849315;
  INPUT ---       rlabel(16)=pent gF a0.0520547945205479 t1.05205479452055;
  INPUT ---       rlabel(17)=pent gF a0.0657534246575342 t1.06575342465753;
  INPUT ---       rlabel(18)=pent gF a0.0712328767123288 t1.07123287671233;
  INPUT ---       rlabel(19)=pent gF a0.0986301369863014 t1.0986301369863;
  INPUT ---       rlabel(20)=pent gF a0.101369863013699 t1.1013698630137;
  INPUT ---       rlabel(21)=pent gF a0.106849315068493 t1.10684931506849;
  INPUT ---       rlabel(22)=pent gF a0.10958904109589 t1.10958904109589;

  Program  MARK  - Survival Rate Estimation with Capture-Recapture Data
   gfortran(dble) Vers. 9.0 Mar 2018    25-Mar-2020 12:10:13    Page  008
 - - - - - - - - - - - - - - - - - - - - - - - - - - - - - - - - - - - - - -
 
  INPUT ---       rlabel(23)=pent gF a0.120547945205479 t1.12054794520548;
  INPUT ---       rlabel(24)=pent gF a0.350684931506849 t1.35068493150685;
  INPUT ---       rlabel(25)=pent gF a0.358904109589041 t1.35890410958904;
  INPUT ---       rlabel(26)=pent gF a0.613698630136986 t1.61369863013699;
  INPUT ---       rlabel(27)=pent gF a0.638356164383562 t1.63835616438356;
  INPUT ---       rlabel(28)=pent gF a0.646575342465753 t1.64657534246575;
  INPUT ---       rlabel(29)=pent gF a0.649315068493151 t1.64931506849315;
  INPUT ---       rlabel(30)=pent gF a0.652054794520548 t1.65205479452055;
  INPUT ---       rlabel(31)=pent gF a0.704109589041096 t1.7041095890411;
  INPUT ---       rlabel(32)=pent gF a0.706849315068493 t1.70684931506849;
  INPUT ---       rlabel(33)=pent gF a0.70958904109589 t1.70958904109589;
  INPUT ---       rlabel(34)=pent gF a0.827397260273973 t1.82739726027397;
  INPUT ---       rlabel(35)=pent gF a1.4027397260274 t2.4027397260274;
  INPUT ---       rlabel(36)=pent gF a1.40547945205479 t2.40547945205479;
  INPUT ---       rlabel(37)=pent gF a1.40821917808219 t2.40821917808219;
  INPUT ---       rlabel(38)=pent gM a0.00547945205479452 t1.00547945205479;
  INPUT ---       rlabel(39)=pent gM a0.00821917808219178 t1.00821917808219;
  INPUT ---       rlabel(40)=pent gM a0.010958904109589 t1.01095890410959;
  INPUT ---       rlabel(41)=pent gM a0.0164383561643836 t1.01643835616438;
  INPUT ---       rlabel(42)=pent gM a0.0246575342465753 t1.02465753424658;
  INPUT ---       rlabel(43)=pent gM a0.0273972602739726 t1.02739726027397;
  INPUT ---       rlabel(44)=pent gM a0.0301369863013699 t1.03013698630137;
  INPUT ---       rlabel(45)=pent gM a0.0356164383561644 t1.03561643835616;
  INPUT ---       rlabel(46)=pent gM a0.0410958904109589 t1.04109589041096;
  INPUT ---       rlabel(47)=pent gM a0.0493150684931507 t1.04931506849315;
  INPUT ---       rlabel(48)=pent gM a0.0520547945205479 t1.05205479452055;
  INPUT ---       rlabel(49)=pent gM a0.0657534246575342 t1.06575342465753;
  INPUT ---       rlabel(50)=pent gM a0.0712328767123288 t1.07123287671233;
  INPUT ---       rlabel(51)=pent gM a0.0986301369863014 t1.0986301369863;
  INPUT ---       rlabel(52)=pent gM a0.101369863013699 t1.1013698630137;
  INPUT ---       rlabel(53)=pent gM a0.106849315068493 t1.10684931506849;
  INPUT ---       rlabel(54)=pent gM a0.10958904109589 t1.10958904109589;
  INPUT ---       rlabel(55)=pent gM a0.120547945205479 t1.12054794520548;
  INPUT ---       rlabel(56)=pent gM a0.350684931506849 t1.35068493150685;
  INPUT ---       rlabel(57)=pent gM a0.358904109589041 t1.35890410958904;
  INPUT ---       rlabel(58)=pent gM a0.613698630136986 t1.61369863013699;
  INPUT ---       rlabel(59)=pent gM a0.638356164383562 t1.63835616438356;
  INPUT ---       rlabel(60)=pent gM a0.646575342465753 t1.64657534246575;
  INPUT ---       rlabel(61)=pent gM a0.649315068493151 t1.64931506849315;
  INPUT ---       rlabel(62)=pent gM a0.652054794520548 t1.65205479452055;
  INPUT ---       rlabel(63)=pent gM a0.704109589041096 t1.7041095890411;
  INPUT ---       rlabel(64)=pent gM a0.706849315068493 t1.70684931506849;
  INPUT ---       rlabel(65)=pent gM a0.70958904109589 t1.70958904109589;
  INPUT ---       rlabel(66)=pent gM a0.827397260273973 t1.82739726027397;
  INPUT ---       rlabel(67)=pent gM a1.4027397260274 t2.4027397260274;
  INPUT ---       rlabel(68)=pent gM a1.40547945205479 t2.40547945205479;

  Program  MARK  - Survival Rate Estimation with Capture-Recapture Data
   gfortran(dble) Vers. 9.0 Mar 2018    25-Mar-2020 12:10:13    Page  009
 - - - - - - - - - - - - - - - - - - - - - - - - - - - - - - - - - - - - - -
 
  INPUT ---       rlabel(69)=pent gM a1.40821917808219 t2.40821917808219;

 Link Function Used is PARM-SPECIFIC

 Variance Estimation Procedure Used is 2ndPart 

 M(t+1):
      16     29



 Group: 1

 U(t)+UL(t):
       0    2    2    0    1    0    3    1    1    0    0    0    0    0    1
       0    0    0    2    1    1    0    0    0    1    0    0    0    0    0
       0    0    0

 U(t):
       0    2    2    0    1    0    3    1    1    0    0    0    0    0    1
       0    0    0    2    1    1    0    0    0    1    0    0    0    0    0
       0    0    0

 UL(t):
       0    0    0    0    0    0    0    0    0    0    0    0    0    0    0
       0    0    0    0    0    0    0    0    0    0    0    0    0    0    0
       0    0    0

 Not Released(t):
       0    0    0    0    0    0    0    0    0    0    0    0    0    0    0
       0    0    0    0    0    0    0    0    0    0    0    0    0    0    0
       0    0    0

 Group: 2

 U(t)+UL(t):
       3    0    1    1    1    1    1    0    1    1    2    1    3    3    1
       1    0    2    3    1    0    0    1    0    0    0    0    0    0    1
       0    0    0

 U(t):
       3    0    1    1    1    1    1    0    1    1    2    1    3    3    1
       1    0    2    3    1    0    0    1    0    0    0    0    0    0    1
       0    0    0

 UL(t):
       0    0    0    0    0    0    0    0    0    0    0    0    0    0    0
       0    0    0    0    0    0    0    0    0    0    0    0    0    0    0
       0    0    0

 Not Released(t):
       0    0    0    0    0    0    0    0    0    0    0    0    0    0    0
       0    0    0    0    0    0    0    0    0    0    0    0    0    0    0
       0    0    0
 -2logL(saturated) = 272.93564     
 Effective Sample Size = 103

 Number of function evaluations was 31 for 7 parameters.
 Time for numerical optimization was 0.14 seconds.     
 -2logL { Phi(~sex)p(~sex)pent(~sex)N(~1) } = 552.89274     
 Penalty { Phi(~sex)p(~sex)pent(~sex)N(~1) } = 0.0000000     
 Gradient { Phi(~sex)p(~sex)pent(~sex)N(~1) }:
 -0.3038957E-05  0.2199592E-05 -0.2115115E-05  0.6506264E-05 -0.3845501E-05
   0.000000      0.1082149E-04
 Maximum ABS(G) { Phi(~sex)p(~sex)pent(~sex)N(~1) } = 0.1082149E-04 
 S Vector { Phi(~sex)p(~sex)pent(~sex)N(~1) }:
   125.7895      11.84341      6.081341      3.439705     0.7460407    
  0.4804342     0.7588316E-01
 Time to compute number of parameters was 0.02 seconds.     
 Ratio Threshold = 50.000000       Max Gap (1/2) = 10.621059       Next Max Gap (1/2) = 10.621059     
 Gap Method for Num. of Estimated Parameters { Phi(~sex)p(~sex)pent(~sex)N(~1) } = 7          
 Threshold { Phi(~sex)p(~sex)pent(~sex)N(~1) } = 0.2164297E-04                 
 Numerical Threshold Method for Num. of Estimated Parameters { Phi(~sex)p(~sex)pent(~sex)N(~1) } = 7          
 Number of Estimated Parameters { Phi(~sex)p(~sex)pent(~sex)N(~1) } = 7          
 DEVIANCE { Phi(~sex)p(~sex)pent(~sex)N(~1) } = 279.95710                     
 DEVIANCE Degrees of Freedom { Phi(~sex)p(~sex)pent(~sex)N(~1) } = 34            
 c-hat { Phi(~sex)p(~sex)pent(~sex)N(~1) } = 8.2340323                     
 AIC { Phi(~sex)p(~sex)pent(~sex)N(~1) } = 566.89274                  
 AICc { Phi(~sex)p(~sex)pent(~sex)N(~1) } = 568.07169                    
 BIC { Phi(~sex)p(~sex)pent(~sex)N(~1) } = 585.33584                    
 Pearson Chisquare { Phi(~sex)p(~sex)pent(~sex)N(~1) } = 20321226.                  


             PARM-SPECIFIC Link Function Parameters of { Phi(~sex)p(~sex)pent(~sex)N(~1) }
                                                              95% Confidence Interval
 Parameter                    Beta         Standard Error      Lower           Upper
 -------------------------  --------------  --------------  --------------  --------------
    1:Phi:(Intercept)       -1.5105305       1.1148401      -3.6956172       0.6745562    
    2:Phi:sexM               2.4685506       1.3903865      -0.2566070       5.1937082    
    3:p:(Intercept)         -2.6070830       0.3557783      -3.3044086      -1.9097575    
    4:p:sexM                 0.1726229       0.4058500      -0.6228430       0.9680889    
    5:pent:(Intercept)      -4.9519380       2.6394307      -10.125222       0.2213463    
    6:pent:sexM              0.5508006       2.5179717      -4.3844240       5.4860253    
    7:N:(Intercept)          1.8200914       0.6111039       0.6223277       3.0178550    


             Real Function Parameters of { Phi(~sex)p(~sex)pent(~sex)N(~1) }
                                                               95% Confidence Interval
  Parameter                  Estimate       Standard Error      Lower           Upper
 --------------------------  --------------  --------------  --------------  --------------
     1:Phi gF a0 t1           0.1808602       0.1651633       0.0242304       0.6625226                          
     2:Phi gM a0 t1           0.7227252       0.2086533       0.2529828       0.9525202                          
     3:p gF a0 t1             0.0686840       0.0227579       0.0354203       0.1290081                          
     4:p gM a0 t1             0.0805824       0.0148965       0.0558011       0.1150284                          
     5:N gF a0 t1             22.172422       3.7719913       18.046218       34.619134                          

  Program  MARK  - Survival Rate Estimation with Capture-Recapture Data
   gfortran(dble) Vers. 9.0 Mar 2018    25-Mar-2020 12:10:13    Page  010
 - - - - - - - - - - - - - - - - - - - - - - - - - - - - - - - - - - - - - -
 
     6:pent gF a0.005479452   0.0057654       0.0124099       0.8326348E-04   0.2876584                          
     7:pent gF a0.008219178   0.0057654       0.0124099       0.8326348E-04   0.2876584                          
     8:pent gF a0.010958904   0.0057654       0.0124099       0.8326348E-04   0.2876584                          
     9:pent gF a0.016438356   0.0057654       0.0124099       0.8326348E-04   0.2876584                          
    10:pent gF a0.024657534   0.0057654       0.0124099       0.8326348E-04   0.2876584                          
    11:pent gF a0.027397260   0.0057654       0.0124099       0.8326348E-04   0.2876584                          
    12:pent gF a0.030136986   0.0057654       0.0124099       0.8326348E-04   0.2876584                          
    13:pent gF a0.035616438   0.0057654       0.0124099       0.8326348E-04   0.2876584                          
    14:pent gF a0.041095890   0.0057654       0.0124099       0.8326348E-04   0.2876584                          
    15:pent gF a0.049315068   0.0057654       0.0124099       0.8326348E-04   0.2876584                          
    16:pent gF a0.052054794   0.0057654       0.0124099       0.8326348E-04   0.2876584                          
    17:pent gF a0.065753424   0.0057654       0.0124099       0.8326348E-04   0.2876584                          
    18:pent gF a0.071232876   0.0057654       0.0124099       0.8326348E-04   0.2876584                          
    19:pent gF a0.098630136   0.0057654       0.0124099       0.8326348E-04   0.2876584                          
    20:pent gF a0.101369863   0.0057654       0.0124099       0.8326348E-04   0.2876584                          
    21:pent gF a0.106849315   0.0057654       0.0124099       0.8326348E-04   0.2876584                          
    22:pent gF a0.109589041   0.0057654       0.0124099       0.8326348E-04   0.2876584                          
    23:pent gF a0.120547945   0.0057654       0.0124099       0.8326348E-04   0.2876584                          
    24:pent gF a0.350684931   0.0057654       0.0124099       0.8326348E-04   0.2876584                          
    25:pent gF a0.358904109   0.0057654       0.0124099       0.8326348E-04   0.2876584                          
    26:pent gF a0.613698630   0.0057654       0.0124099       0.8326348E-04   0.2876584                          
    27:pent gF a0.638356164   0.0057654       0.0124099       0.8326348E-04   0.2876584                          
    28:pent gF a0.646575342   0.0057654       0.0124099       0.8326348E-04   0.2876584                          
    29:pent gF a0.649315068   0.0057654       0.0124099       0.8326348E-04   0.2876584                          
    30:pent gF a0.652054794   0.0057654       0.0124099       0.8326348E-04   0.2876584                          
    31:pent gF a0.704109589   0.0057654       0.0124099       0.8326348E-04   0.2876584                          
    32:pent gF a0.706849315   0.0057654       0.0124099       0.8326348E-04   0.2876584                          
    33:pent gF a0.709589041   0.0057654       0.0124099       0.8326348E-04   0.2876584                          
    34:pent gF a0.827397260   0.0057654       0.0124099       0.8326348E-04   0.2876584                          
    35:pent gF a1.402739726   0.0057654       0.0124099       0.8326348E-04   0.2876584                          
    36:pent gF a1.405479452   0.0057654       0.0124099       0.8326348E-04   0.2876584                          
    37:pent gF a1.408219178   0.0057654       0.0124099       0.8326348E-04   0.2876584                          
    38:pent gM a0.005479452   0.0088072       0.0090701       0.0011581       0.0637514                          
    39:pent gM a0.008219178   0.0088072       0.0090701       0.0011581       0.0637514                          
    40:pent gM a0.010958904   0.0088072       0.0090701       0.0011581       0.0637514                          
    41:pent gM a0.016438356   0.0088072       0.0090701       0.0011581       0.0637514                          
    42:pent gM a0.024657534   0.0088072       0.0090701       0.0011581       0.0637514                          
    43:pent gM a0.027397260   0.0088072       0.0090701       0.0011581       0.0637514                          
    44:pent gM a0.030136986   0.0088072       0.0090701       0.0011581       0.0637514                          
    45:pent gM a0.035616438   0.0088072       0.0090701       0.0011581       0.0637514                          
    46:pent gM a0.041095890   0.0088072       0.0090701       0.0011581       0.0637514                          
    47:pent gM a0.049315068   0.0088072       0.0090701       0.0011581       0.0637514                          
    48:pent gM a0.052054794   0.0088072       0.0090701       0.0011581       0.0637514                          
    49:pent gM a0.065753424   0.0088072       0.0090701       0.0011581       0.0637514                          
    50:pent gM a0.071232876   0.0088072       0.0090701       0.0011581       0.0637514                          
    51:pent gM a0.098630136   0.0088072       0.0090701       0.0011581       0.0637514                          

  Program  MARK  - Survival Rate Estimation with Capture-Recapture Data
   gfortran(dble) Vers. 9.0 Mar 2018    25-Mar-2020 12:10:13    Page  011
 - - - - - - - - - - - - - - - - - - - - - - - - - - - - - - - - - - - - - -
 
    52:pent gM a0.101369863   0.0088072       0.0090701       0.0011581       0.0637514                          
    53:pent gM a0.106849315   0.0088072       0.0090701       0.0011581       0.0637514                          
    54:pent gM a0.109589041   0.0088072       0.0090701       0.0011581       0.0637514                          
    55:pent gM a0.120547945   0.0088072       0.0090701       0.0011581       0.0637514                          
    56:pent gM a0.350684931   0.0088072       0.0090701       0.0011581       0.0637514                          
    57:pent gM a0.358904109   0.0088072       0.0090701       0.0011581       0.0637514                          
    58:pent gM a0.613698630   0.0088072       0.0090701       0.0011581       0.0637514                          
    59:pent gM a0.638356164   0.0088072       0.0090701       0.0011581       0.0637514                          
    60:pent gM a0.646575342   0.0088072       0.0090701       0.0011581       0.0637514                          
    61:pent gM a0.649315068   0.0088072       0.0090701       0.0011581       0.0637514                          
    62:pent gM a0.652054794   0.0088072       0.0090701       0.0011581       0.0637514                          
    63:pent gM a0.704109589   0.0088072       0.0090701       0.0011581       0.0637514                          
    64:pent gM a0.706849315   0.0088072       0.0090701       0.0011581       0.0637514                          
    65:pent gM a0.709589041   0.0088072       0.0090701       0.0011581       0.0637514                          
    66:pent gM a0.827397260   0.0088072       0.0090701       0.0011581       0.0637514                          
    67:pent gM a1.402739726   0.0088072       0.0090701       0.0011581       0.0637514                          
    68:pent gM a1.405479452   0.0088072       0.0090701       0.0011581       0.0637514                          
    69:pent gM a1.408219178   0.0088072       0.0090701       0.0011581       0.0637514                          


                      Estimates of Derived Parameters
 Gross Birth+Immigration Estimates of { Phi(~sex)p(~sex)pent(~sex)N(~1) }
                                                95% Confidence Interval
 Grp. Occ.   B*-hat          Standard Error      Lower           Upper
 ---- ----   --------------  --------------  --------------  --------------
   1     1    0.1284325       0.2888508       0.0092512       1.7830008    
   1     2    0.1281323       0.2880827       0.0092332       1.7781332    
   1     3    0.1281323       0.2880827       0.0092332       1.7781332    
   1     4    0.1284325       0.2888508       0.0092512       1.7830008    
   1     5    0.1287331       0.2896204       0.0092692       1.7878776    
   1     6    0.1281323       0.2880827       0.0092332       1.7781332    
   1     7    0.1281323       0.2880827       0.0092332       1.7781332    
   1     8    0.1284325       0.2888508       0.0092512       1.7830008    
   1     9    0.1284325       0.2888508       0.0092512       1.7830008    
   1    10    0.1287331       0.2896204       0.0092692       1.7878776    
   1    11    0.1281323       0.2880827       0.0092332       1.7781332    
   1    12    0.1293357       0.2911637       0.0093053       1.7976585    
   1    13    0.1284325       0.2888508       0.0092512       1.7830008    
   1    14    0.1308505       0.2950465       0.0093959       1.8222707    
   1    15    0.1281323       0.2880827       0.0092332       1.7781332    
   1    16    0.1284325       0.2888508       0.0092512       1.7830008    
   1    17    0.1281323       0.2880827       0.0092332       1.7781332    
   1    18    0.1290342       0.2903913       0.0092872       1.7927635    
   1    19    0.1546320       0.3565966       0.0108039       2.2131877    
   1    20    0.1287331       0.2896204       0.0092692       1.7878776    

  Program  MARK  - Survival Rate Estimation with Capture-Recapture Data
   gfortran(dble) Vers. 9.0 Mar 2018    25-Mar-2020 12:10:13    Page  012
 - - - - - - - - - - - - - - - - - - - - - - - - - - - - - - - - - - - - - -
 
   1    21    0.1576974       0.3646012       0.0109837       2.2641165    
   1    22    0.1305466       0.2942671       0.0093777       1.8173300    
   1    23    0.1287331       0.2896204       0.0092692       1.7878776    
   1    24    0.1281323       0.2880827       0.0092332       1.7781332    
   1    25    0.1281323       0.2880827       0.0092332       1.7781332    
   1    26    0.1336066       0.3021237       0.0095604       1.8671485    
   1    27    0.1281323       0.2880827       0.0092332       1.7781332    
   1    28    0.1281323       0.2880827       0.0092332       1.7781332    
   1    29    0.1411410       0.3215508       0.0100082       1.9904402    
   1    30    0.2008658       0.4785593       0.0134906       2.9907552    
   1    31    0.1281323       0.2880827       0.0092332       1.7781332    
   1    32    0.1281323       0.2880827       0.0092332       1.7781332    
   2     1    0.3100460       0.3424656       0.0538578       1.7848592    
   2     2    0.3099081       0.3422571       0.0538445       1.7837124    
   2     3    0.3099081       0.3422571       0.0538445       1.7837124    
   2     4    0.3100460       0.3424656       0.0538578       1.7848592    
   2     5    0.3101839       0.3426741       0.0538710       1.7860067    
   2     6    0.3099081       0.3422571       0.0538445       1.7837124    
   2     7    0.3099081       0.3422571       0.0538445       1.7837124    
   2     8    0.3100460       0.3424656       0.0538578       1.7848592    
   2     9    0.3100460       0.3424656       0.0538578       1.7848592    
   2    10    0.3101839       0.3426741       0.0538710       1.7860067    
   2    11    0.3099081       0.3422571       0.0538445       1.7837124    
   2    12    0.3104598       0.3430916       0.0538976       1.7883037    
   2    13    0.3100460       0.3424656       0.0538578       1.7848592    
   2    14    0.3111503       0.3441373       0.0539640       1.7940583    
   2    15    0.3099081       0.3422571       0.0538445       1.7837124    
   2    16    0.3100460       0.3424656       0.0538578       1.7848592    
   2    17    0.3099081       0.3422571       0.0538445       1.7837124    
   2    18    0.3103218       0.3428828       0.0538843       1.7871548    
   2    19    0.3214892       0.3599437       0.0549401       1.8812359    
   2    20    0.3101839       0.3426741       0.0538710       1.7860067    
   2    21    0.3227619       0.3619083       0.0550581       1.8920957    
   2    22    0.3110121       0.3439280       0.0539507       1.7929060    
   2    23    0.3101839       0.3426741       0.0538710       1.7860067    
   2    24    0.3099081       0.3422571       0.0538445       1.7837124    
   2    25    0.3099081       0.3422571       0.0538445       1.7837124    
   2    26    0.3123958       0.3460267       0.0540833       1.8044598    
   2    27    0.3099081       0.3422571       0.0538445       1.7837124    
   2    28    0.3099081       0.3422571       0.0538445       1.7837124    
   2    29    0.3157333       0.3511097       0.0544006       1.8324693    
   2    30    0.3396078       0.3882776       0.0565816       2.0383547    
   2    31    0.3099081       0.3422571       0.0538445       1.7837124    
   2    32    0.3099081       0.3422571       0.0538445       1.7837124    

  Net Birth+Immigration Estimates of { Phi(~sex)p(~sex)pent(~sex)N(~1) }
                                                95% Confidence Interval
 Grp. Occ.   B-hat           Standard Error      Lower           Upper
 ---- ----   --------------  --------------  --------------  --------------
   1     1    0.1278326       0.2873159       0.0092153       1.7732747    
   1     2    0.1278326       0.2873159       0.0092153       1.7732747    
   1     3    0.1278326       0.2873159       0.0092153       1.7732747    
   1     4    0.1278326       0.2873159       0.0092153       1.7732747    
   1     5    0.1278326       0.2873159       0.0092153       1.7732747    
   1     6    0.1278326       0.2873159       0.0092153       1.7732747    
   1     7    0.1278326       0.2873159       0.0092153       1.7732747    
   1     8    0.1278326       0.2873159       0.0092153       1.7732747    
   1     9    0.1278326       0.2873159       0.0092153       1.7732747    
   1    10    0.1278326       0.2873159       0.0092153       1.7732747    
   1    11    0.1278326       0.2873159       0.0092153       1.7732747    
   1    12    0.1278326       0.2873159       0.0092153       1.7732747    
   1    13    0.1278326       0.2873159       0.0092153       1.7732747    
   1    14    0.1278326       0.2873159       0.0092153       1.7732747    
   1    15    0.1278326       0.2873159       0.0092153       1.7732747    
   1    16    0.1278326       0.2873159       0.0092153       1.7732747    
   1    17    0.1278326       0.2873159       0.0092153       1.7732747    
   1    18    0.1278326       0.2873159       0.0092153       1.7732747    
   1    19    0.1278326       0.2873159       0.0092153       1.7732747    
   1    20    0.1278326       0.2873159       0.0092153       1.7732747    
   1    21    0.1278326       0.2873159       0.0092153       1.7732747    
   1    22    0.1278326       0.2873159       0.0092153       1.7732747    
   1    23    0.1278326       0.2873159       0.0092153       1.7732747    
   1    24    0.1278326       0.2873159       0.0092153       1.7732747    
   1    25    0.1278326       0.2873159       0.0092153       1.7732747    
   1    26    0.1278326       0.2873159       0.0092153       1.7732747    
   1    27    0.1278326       0.2873159       0.0092153       1.7732747    
   1    28    0.1278326       0.2873159       0.0092153       1.7732747    
   1    29    0.1278326       0.2873159       0.0092153       1.7732747    
   1    30    0.1278326       0.2873159       0.0092153       1.7732747    
   1    31    0.1278326       0.2873159       0.0092153       1.7732747    
   1    32    0.1278326       0.2873159       0.0092153       1.7732747    
   2     1    0.3097703       0.3420488       0.0538312       1.7825663    
   2     2    0.3097703       0.3420488       0.0538312       1.7825663    
   2     3    0.3097703       0.3420488       0.0538312       1.7825663    
   2     4    0.3097703       0.3420488       0.0538312       1.7825663    
   2     5    0.3097703       0.3420488       0.0538312       1.7825663    
   2     6    0.3097703       0.3420488       0.0538312       1.7825663    
   2     7    0.3097703       0.3420488       0.0538312       1.7825663    
   2     8    0.3097703       0.3420488       0.0538312       1.7825663    
   2     9    0.3097703       0.3420488       0.0538312       1.7825663    
   2    10    0.3097703       0.3420488       0.0538312       1.7825663    
   2    11    0.3097703       0.3420488       0.0538312       1.7825663    
   2    12    0.3097703       0.3420488       0.0538312       1.7825663    
   2    13    0.3097703       0.3420488       0.0538312       1.7825663    
   2    14    0.3097703       0.3420488       0.0538312       1.7825663    
   2    15    0.3097703       0.3420488       0.0538312       1.7825663    
   2    16    0.3097703       0.3420488       0.0538312       1.7825663    
   2    17    0.3097703       0.3420488       0.0538312       1.7825663    
   2    18    0.3097703       0.3420488       0.0538312       1.7825663    
   2    19    0.3097703       0.3420488       0.0538312       1.7825663    
   2    20    0.3097703       0.3420488       0.0538312       1.7825663    
   2    21    0.3097703       0.3420488       0.0538312       1.7825663    
   2    22    0.3097703       0.3420488       0.0538312       1.7825663    
   2    23    0.3097703       0.3420488       0.0538312       1.7825663    
   2    24    0.3097703       0.3420488       0.0538312       1.7825663    
   2    25    0.3097703       0.3420488       0.0538312       1.7825663    
   2    26    0.3097703       0.3420488       0.0538312       1.7825663    
   2    27    0.3097703       0.3420488       0.0538312       1.7825663    
   2    28    0.3097703       0.3420488       0.0538312       1.7825663    
   2    29    0.3097703       0.3420488       0.0538312       1.7825663    
   2    30    0.3097703       0.3420488       0.0538312       1.7825663    
   2    31    0.3097703       0.3420488       0.0538312       1.7825663    
   2    32    0.3097703       0.3420488       0.0538312       1.7825663    

       Population Estimates of { Phi(~sex)p(~sex)pent(~sex)N(~1) }
                                                95% Confidence Interval
 Grp. Occ.   N-hat           Standard Error      Lower           Upper
 ---- ----   --------------  --------------  --------------  --------------
   1     1    18.081778       7.6272295       8.1804531       39.967307    
   1     2    18.040975       7.3389609       8.3783513       38.847353    

  Program  MARK  - Survival Rate Estimation with Capture-Recapture Data
   gfortran(dble) Vers. 9.0 Mar 2018    25-Mar-2020 12:10:13    Page  013
 - - - - - - - - - - - - - - - - - - - - - - - - - - - - - - - - - - - - - -
 
   1     3    18.084483       7.0665976       8.6383845       37.859917    
   1     4    18.127788       6.7974532       8.9042797       36.905476    
   1     5    18.086556       6.5229104       9.1138097       35.893167    
   1     6    17.961959       6.2461464       9.2630728       34.829907    
   1     7    18.005836       5.9877429       9.5440991       33.969695    
   1     8    18.049509       5.7335743       9.8297208       33.142829    
   1     9    18.009007       5.4806243       10.049769       32.271818    
   1    10    17.968882       5.2338952       10.270995       31.436168    
   1    11    17.845928       4.9932579       10.419423       30.565717    
   1    12    17.890348       4.7596994       10.715550       29.869166    
   1    13    17.603968       4.5408807       10.704550       28.950276    
   1    14    17.567621       4.3242234       10.920982       28.259483    
   1    15    16.891390       4.1585361       10.499709       27.173998    
   1    16    16.940272       3.9540603       10.786120       26.605748    
   1    17    16.910115       3.7677868       10.984425       26.032494    
   1    18    16.958908       3.5855757       11.256188       25.550798    
   1    19    16.771889       3.4443988       11.260872       24.979973    
   1    20    11.443212       4.0650590       5.8223986       22.490234    
   1    21    11.411335       3.9153573       5.9341956       21.943761    
   1    22    7.5087701       3.9904431       2.8250264       19.957912    
   1    23    7.3265764       3.8343194       2.7931437       19.218031    
   1    24    7.3521540       3.7010955       2.8964478       18.662228    
   1    25    7.4456222       3.5873704       3.0407760       18.231297    
   1    26    7.5386536       3.4937099       3.1756375       17.896028    
   1    27    7.0244309       3.4164685       2.8469306       17.331869    
   1    28    7.1194309       3.3571436       2.9581996       17.134171    
   1    29    7.2139869       3.3209407       3.0548571       17.035693    
   1    30    6.0255540       3.2198400       2.2562269       16.092043    
   1    31    2.3805922       2.2076775       0.5083031       11.149291    
   1    32    2.4972978       2.1536591       0.5790856       10.769558    
   1    33    2.6134580       2.1371840       0.6428292       10.625159    
   2     1    25.259773       8.6432580       13.157957       48.492037    
   2     2    25.524638       8.3183157       13.693779       47.576871    
   2     3    25.811710       7.9948371       14.261926       46.714895    
   2     4    26.098527       7.6731909       14.842934       45.889386    
   2     5    26.361901       7.3548059       15.414468       45.084256    
   2     6    26.601406       7.0406439       15.974006       44.299143    
   2     7    26.887520       6.7255916       16.590183       43.576296    
   2     8    27.173380       6.4133239       17.217100       42.887165    
   2     9    27.434843       6.1068693       17.828368       42.217584    
   2    10    27.695842       5.8042776       18.447462       41.580768    
   2    11    27.931791       5.5094795       19.045737       40.963757    
   2    12    28.216722       5.2124292       19.705154       40.404832    
   2    13    28.401255       4.9374019       20.251548       39.830599    
   2    14    28.660535       4.6563627       20.887679       39.325876    
   2    15    28.716455       4.4249987       21.268318       38.772918    

  Program  MARK  - Survival Rate Estimation with Capture-Recapture Data
   gfortran(dble) Vers. 9.0 Mar 2018    25-Mar-2020 12:10:13    Page  014
 - - - - - - - - - - - - - - - - - - - - - - - - - - - - - - - - - - - - - -
 
   2    16    29.000688       4.1545585       21.932295       38.347102    
   2    17    29.258903       3.9006366       22.556818       37.952312    
   2    18    29.542654       3.6530528       23.205588       37.610271    
   2    19    29.747480       3.4401106       23.732253       37.287339    
   2    20    27.915212       4.0762074       20.999084       37.109192    
   2    21    28.150576       3.9005225       21.483427       36.886803    
   2    22    26.224963       4.9894543       18.121880       37.951287    
   2    23    26.325589       4.9403828       18.281632       37.908905    
   2    24    26.565191       4.8259170       18.660858       37.817627    
   2    25    26.851338       4.7026154       19.099075       37.750223    
   2    26    27.137230       4.6006804       19.510861       37.744580    
   2    27    26.992140       4.7817672       19.125120       38.095218    
   2    28    27.277907       4.7191921       19.481900       38.193616    
   2    29    27.563420       4.6798528       19.807737       38.355827    
   2    30    26.838655       5.2385995       18.372299       39.206492    
   2    31    22.574736       7.6906730       11.791158       43.220412    
   2    32    22.864432       7.6248168       12.098917       43.209011    
   2    33    23.153869       7.5735312       12.394776       43.252227    

    Gross Population Estimates of { Phi(~sex)p(~sex)pent(~sex)N(~1) }
                                                95% Confidence Interval
 Grp. Occ.   N*-hat          Standard Error      Lower           Upper
 ---- ----   --------------  --------------  --------------  --------------
   1     0    22.340735       4.0479906       15.707481       31.775207    
   2     0    35.244522       3.8580018       28.457151       43.650762    

   CPU Time for the last procedure was 0.19 seconds.     

  Program  MARK  - Survival Rate Estimation with Capture-Recapture Data
   gfortran(dble) Vers. 9.0 Mar 2018    25-Mar-2020 12:10:13    Page  015
 - - - - - - - - - - - - - - - - - - - - - - - - - - - - - - - - - - - - - -
 


  INPUT --- proc stop;

     CPU Time in minutes for this job was 0.00

     Time Start = 12:10:13.566   Time End = 12:10:13.962

     Wall Clock Time in minutes for this job was 0.01


          E X E C U T I O N   S U C C E S S F U L 
