
   Program  MARK  - Survival Rate Estimation with Capture-Recapture Data
   gfortran(dble) Vers. 9.0 Mar 2018    25-Mar-2020 12:25:15    Page  001
 - - - - - - - - - - - - - - - - - - - - - - - - - - - - - - - - - - - - - -
 
   This version was compiled by GCC version 7.2.0 using the options: 
     -cpp -iprefix C:/Program Files/mingw-w64/x86_64-7.2.0-posix-seh-rt_v5-rev1/
     mingw64/bin/../lib/gcc/x86_64-w64-mingw32/7.2.0/ -D_MT -D_REENTRANT
     -U_REENTRANT -D IEEE -D DBLEPRECISION -m64 -mtune=core2 -march=nocona -mthreads
     -O2 -fimplicit-none -fbounds-check -funroll-loops -ftree-vectorize
     -ffpe-summary=invalid,zero,overflow,underflow -fno-unsafe-math-optimizations
     -frounding-math -fsignaling-nans -fopenmp.

   This problem will use 15 of 16 possible threads.


  INPUT --- proc title ;

   CPU Time for the last procedure was 0.01 seconds.     


  INPUT --- proc chmatrix occasions= 33 groups= 2 etype= POPAN Nodes= 
  INPUT --- 101 ICMeans NoHist hist= 41  ;

  INPUT ---    time interval 0.00547945205479452 0.00273972602739726 
  INPUT ---    0.00273972602739726 0.00547945205479452  
  INPUT ---    0.00821917808219178 0.00273972602739726 0.00273972602739726 
  INPUT ---    0.00547945205479452  0.00547945205479452 
  INPUT ---    0.00821917808219178 0.00273972602739726 0.0136986301369863 
  INPUT ---    0.00547945205479452  0.0273972602739726 0.00273972602739726 
  INPUT ---    0.00547945205479452 0.00273972602739726 0.010958904109589  
  INPUT ---    0.23013698630137 0.00821917808219178 0.254794520547945 
  INPUT ---    0.0246575342465753 0.00821917808219178  0.00273972602739726 
  INPUT ---    0.00273972602739726 0.0520547945205479 0.00273972602739726 
  INPUT ---    0.00273972602739726  0.117808219178082 0.575342465753425 
  INPUT ---    0.00273972602739726 0.00273972602739726 ;

  INPUT ---    glabel(1)=sexF;

  INPUT ---    glabel(2)=sexM;

   * *  WARNING  * *   At least a pair of the encounter histories are duplicates. 

      Number of unique encounter histories read was 38.

      Number of individual covariates read was 0.
      Time interval lengths vary and/or not equal to 1.

      Data type number is 19
      Data type is POPAN                                                                                               

   CPU Time for the last procedure was 0.01 seconds.     

  Program  MARK  - Survival Rate Estimation with Capture-Recapture Data
   gfortran(dble) Vers. 9.0 Mar 2018    25-Mar-2020 12:25:15    Page  002
 - - - - - - - - - - - - - - - - - - - - - - - - - - - - - - - - - - - - - -
 


  INPUT --- proc estimate link=Parm-Specific NOLOOP varest=2ndPart    ;


  INPUT --- model={ Phi(~1)p(~1)pent(~1)N(~1) };

  INPUT ---    group=1 Phi    rows=1 cols=32 Square ;
  INPUT ---        1 1 1 1 1 1 1 1 1 1 1 1 1 1 1 1 1 1 1 1 1 1 1 1 1 1 1 1 1 
  INPUT ---       1 1 1 ;

  INPUT ---    group=2 Phi    rows=1 cols=32 Square ;
  INPUT ---        1 1 1 1 1 1 1 1 1 1 1 1 1 1 1 1 1 1 1 1 1 1 1 1 1 1 1 1 1 
  INPUT ---       1 1 1 ;

  INPUT ---    group=1 p    rows=1 cols=33 Square ;
  INPUT ---        2 2 2 2 2 2 2 2 2 2 2 2 2 2 2 2 2 2 2 2 2 2 2 2 2 2 2 2 2 
  INPUT ---       2 2 2 2 ;

  INPUT ---    group=2 p    rows=1 cols=33 Square ;
  INPUT ---        2 2 2 2 2 2 2 2 2 2 2 2 2 2 2 2 2 2 2 2 2 2 2 2 2 2 2 2 2 
  INPUT ---       2 2 2 2 ;

  INPUT ---    group=1 pent    rows=1 cols=32 Square ;
  INPUT ---        4 5 6 7 8 9 10 11 12 13 14 15 16 17 18 19 20 21 22 23 24 
  INPUT ---       25 26 27 28 29 30 31 32 33 34 35 ;

  INPUT ---    group=2 pent    rows=1 cols=32 Square ;
  INPUT ---        36 37 38 39 40 41 42 43 44 45 46 47 48 49 50 51 52 53 54 
  INPUT ---       55 56 57 58 59 60 61 62 63 64 65 66 67 ;

  INPUT ---    group=1 N    rows=1 cols=1 Square ;
  INPUT ---        3 ;

  INPUT ---    group=2 N    rows=1 cols=1 Square ;
  INPUT ---        3 ;

  INPUT ---    design matrix constraints=67 covariates=4;
  INPUT ---        1 0 0 0;
  INPUT ---        0 1 0 0;
  INPUT ---        0 0 0 1;
  INPUT ---        0 0 1 0;
  INPUT ---        0 0 1 0;
  INPUT ---        0 0 1 0;
  INPUT ---        0 0 1 0;
  INPUT ---        0 0 1 0;

  Program  MARK  - Survival Rate Estimation with Capture-Recapture Data
   gfortran(dble) Vers. 9.0 Mar 2018    25-Mar-2020 12:25:15    Page  003
 - - - - - - - - - - - - - - - - - - - - - - - - - - - - - - - - - - - - - -
 
  INPUT ---        0 0 1 0;
  INPUT ---        0 0 1 0;
  INPUT ---        0 0 1 0;
  INPUT ---        0 0 1 0;
  INPUT ---        0 0 1 0;
  INPUT ---        0 0 1 0;
  INPUT ---        0 0 1 0;
  INPUT ---        0 0 1 0;
  INPUT ---        0 0 1 0;
  INPUT ---        0 0 1 0;
  INPUT ---        0 0 1 0;
  INPUT ---        0 0 1 0;
  INPUT ---        0 0 1 0;
  INPUT ---        0 0 1 0;
  INPUT ---        0 0 1 0;
  INPUT ---        0 0 1 0;
  INPUT ---        0 0 1 0;
  INPUT ---        0 0 1 0;
  INPUT ---        0 0 1 0;
  INPUT ---        0 0 1 0;
  INPUT ---        0 0 1 0;
  INPUT ---        0 0 1 0;
  INPUT ---        0 0 1 0;
  INPUT ---        0 0 1 0;
  INPUT ---        0 0 1 0;
  INPUT ---        0 0 1 0;
  INPUT ---        0 0 1 0;
  INPUT ---        0 0 1 0;
  INPUT ---        0 0 1 0;
  INPUT ---        0 0 1 0;
  INPUT ---        0 0 1 0;
  INPUT ---        0 0 1 0;
  INPUT ---        0 0 1 0;
  INPUT ---        0 0 1 0;
  INPUT ---        0 0 1 0;
  INPUT ---        0 0 1 0;
  INPUT ---        0 0 1 0;
  INPUT ---        0 0 1 0;
  INPUT ---        0 0 1 0;
  INPUT ---        0 0 1 0;
  INPUT ---        0 0 1 0;
  INPUT ---        0 0 1 0;
  INPUT ---        0 0 1 0;
  INPUT ---        0 0 1 0;
  INPUT ---        0 0 1 0;
  INPUT ---        0 0 1 0;

  Program  MARK  - Survival Rate Estimation with Capture-Recapture Data
   gfortran(dble) Vers. 9.0 Mar 2018    25-Mar-2020 12:25:15    Page  004
 - - - - - - - - - - - - - - - - - - - - - - - - - - - - - - - - - - - - - -
 
  INPUT ---        0 0 1 0;
  INPUT ---        0 0 1 0;
  INPUT ---        0 0 1 0;
  INPUT ---        0 0 1 0;
  INPUT ---        0 0 1 0;
  INPUT ---        0 0 1 0;
  INPUT ---        0 0 1 0;
  INPUT ---        0 0 1 0;
  INPUT ---        0 0 1 0;
  INPUT ---        0 0 1 0;
  INPUT ---        0 0 1 0;
  INPUT ---        0 0 1 0;
  INPUT ---        0 0 1 0;

  INPUT ---    links=67;

  INPUT ---    Logit;

  INPUT ---    Logit;

  INPUT ---    Log;

  INPUT ---    mlogit(1);

  INPUT ---    mlogit(1);

  INPUT ---    mlogit(1);

  INPUT ---    mlogit(1);

  INPUT ---    mlogit(1);

  INPUT ---    mlogit(1);

  INPUT ---    mlogit(1);

  INPUT ---    mlogit(1);

  INPUT ---    mlogit(1);

  INPUT ---    mlogit(1);

  INPUT ---    mlogit(1);

  INPUT ---    mlogit(1);


  Program  MARK  - Survival Rate Estimation with Capture-Recapture Data
   gfortran(dble) Vers. 9.0 Mar 2018    25-Mar-2020 12:25:15    Page  005
 - - - - - - - - - - - - - - - - - - - - - - - - - - - - - - - - - - - - - -
 
  INPUT ---    mlogit(1);

  INPUT ---    mlogit(1);

  INPUT ---    mlogit(1);

  INPUT ---    mlogit(1);

  INPUT ---    mlogit(1);

  INPUT ---    mlogit(1);

  INPUT ---    mlogit(1);

  INPUT ---    mlogit(1);

  INPUT ---    mlogit(1);

  INPUT ---    mlogit(1);

  INPUT ---    mlogit(1);

  INPUT ---    mlogit(1);

  INPUT ---    mlogit(1);

  INPUT ---    mlogit(1);

  INPUT ---    mlogit(1);

  INPUT ---    mlogit(1);

  INPUT ---    mlogit(1);

  INPUT ---    mlogit(1);

  INPUT ---    mlogit(1);

  INPUT ---    mlogit(1);

  INPUT ---    mlogit(2);

  INPUT ---    mlogit(2);

  INPUT ---    mlogit(2);


  Program  MARK  - Survival Rate Estimation with Capture-Recapture Data
   gfortran(dble) Vers. 9.0 Mar 2018    25-Mar-2020 12:25:15    Page  006
 - - - - - - - - - - - - - - - - - - - - - - - - - - - - - - - - - - - - - -
 
  INPUT ---    mlogit(2);

  INPUT ---    mlogit(2);

  INPUT ---    mlogit(2);

  INPUT ---    mlogit(2);

  INPUT ---    mlogit(2);

  INPUT ---    mlogit(2);

  INPUT ---    mlogit(2);

  INPUT ---    mlogit(2);

  INPUT ---    mlogit(2);

  INPUT ---    mlogit(2);

  INPUT ---    mlogit(2);

  INPUT ---    mlogit(2);

  INPUT ---    mlogit(2);

  INPUT ---    mlogit(2);

  INPUT ---    mlogit(2);

  INPUT ---    mlogit(2);

  INPUT ---    mlogit(2);

  INPUT ---    mlogit(2);

  INPUT ---    mlogit(2);

  INPUT ---    mlogit(2);

  INPUT ---    mlogit(2);

  INPUT ---    mlogit(2);

  INPUT ---    mlogit(2);


  Program  MARK  - Survival Rate Estimation with Capture-Recapture Data
   gfortran(dble) Vers. 9.0 Mar 2018    25-Mar-2020 12:25:15    Page  007
 - - - - - - - - - - - - - - - - - - - - - - - - - - - - - - - - - - - - - -
 
  INPUT ---    mlogit(2);

  INPUT ---    mlogit(2);

  INPUT ---    mlogit(2);

  INPUT ---    mlogit(2);

  INPUT ---    mlogit(2);

  INPUT ---    mlogit(2);
  INPUT ---       blabel(1)=Phi:(Intercept);
  INPUT ---       blabel(2)=p:(Intercept);
  INPUT ---       blabel(3)=pent:(Intercept);
  INPUT ---       blabel(4)=N:(Intercept);
  INPUT ---       rlabel(1)=Phi gF a0 t1;
  INPUT ---       rlabel(2)=p gF a0 t1;
  INPUT ---       rlabel(3)=N gF a0 t1;
  INPUT ---       rlabel(4)=pent gF a0.00547945205479452 t1.00547945205479;
  INPUT ---       rlabel(5)=pent gF a0.00821917808219178 t1.00821917808219;
  INPUT ---       rlabel(6)=pent gF a0.010958904109589 t1.01095890410959;
  INPUT ---       rlabel(7)=pent gF a0.0164383561643836 t1.01643835616438;
  INPUT ---       rlabel(8)=pent gF a0.0246575342465753 t1.02465753424658;
  INPUT ---       rlabel(9)=pent gF a0.0273972602739726 t1.02739726027397;
  INPUT ---       rlabel(10)=pent gF a0.0301369863013699 t1.03013698630137;
  INPUT ---       rlabel(11)=pent gF a0.0356164383561644 t1.03561643835616;
  INPUT ---       rlabel(12)=pent gF a0.0410958904109589 t1.04109589041096;
  INPUT ---       rlabel(13)=pent gF a0.0493150684931507 t1.04931506849315;
  INPUT ---       rlabel(14)=pent gF a0.0520547945205479 t1.05205479452055;
  INPUT ---       rlabel(15)=pent gF a0.0657534246575342 t1.06575342465753;
  INPUT ---       rlabel(16)=pent gF a0.0712328767123288 t1.07123287671233;
  INPUT ---       rlabel(17)=pent gF a0.0986301369863014 t1.0986301369863;
  INPUT ---       rlabel(18)=pent gF a0.101369863013699 t1.1013698630137;
  INPUT ---       rlabel(19)=pent gF a0.106849315068493 t1.10684931506849;
  INPUT ---       rlabel(20)=pent gF a0.10958904109589 t1.10958904109589;
  INPUT ---       rlabel(21)=pent gF a0.120547945205479 t1.12054794520548;
  INPUT ---       rlabel(22)=pent gF a0.350684931506849 t1.35068493150685;
  INPUT ---       rlabel(23)=pent gF a0.358904109589041 t1.35890410958904;
  INPUT ---       rlabel(24)=pent gF a0.613698630136986 t1.61369863013699;
  INPUT ---       rlabel(25)=pent gF a0.638356164383562 t1.63835616438356;
  INPUT ---       rlabel(26)=pent gF a0.646575342465753 t1.64657534246575;
  INPUT ---       rlabel(27)=pent gF a0.649315068493151 t1.64931506849315;
  INPUT ---       rlabel(28)=pent gF a0.652054794520548 t1.65205479452055;
  INPUT ---       rlabel(29)=pent gF a0.704109589041096 t1.7041095890411;
  INPUT ---       rlabel(30)=pent gF a0.706849315068493 t1.70684931506849;
  INPUT ---       rlabel(31)=pent gF a0.70958904109589 t1.70958904109589;

  Program  MARK  - Survival Rate Estimation with Capture-Recapture Data
   gfortran(dble) Vers. 9.0 Mar 2018    25-Mar-2020 12:25:15    Page  008
 - - - - - - - - - - - - - - - - - - - - - - - - - - - - - - - - - - - - - -
 
  INPUT ---       rlabel(32)=pent gF a0.827397260273973 t1.82739726027397;
  INPUT ---       rlabel(33)=pent gF a1.4027397260274 t2.4027397260274;
  INPUT ---       rlabel(34)=pent gF a1.40547945205479 t2.40547945205479;
  INPUT ---       rlabel(35)=pent gF a1.40821917808219 t2.40821917808219;
  INPUT ---       rlabel(36)=pent gM a0.00547945205479452 t1.00547945205479;
  INPUT ---       rlabel(37)=pent gM a0.00821917808219178 t1.00821917808219;
  INPUT ---       rlabel(38)=pent gM a0.010958904109589 t1.01095890410959;
  INPUT ---       rlabel(39)=pent gM a0.0164383561643836 t1.01643835616438;
  INPUT ---       rlabel(40)=pent gM a0.0246575342465753 t1.02465753424658;
  INPUT ---       rlabel(41)=pent gM a0.0273972602739726 t1.02739726027397;
  INPUT ---       rlabel(42)=pent gM a0.0301369863013699 t1.03013698630137;
  INPUT ---       rlabel(43)=pent gM a0.0356164383561644 t1.03561643835616;
  INPUT ---       rlabel(44)=pent gM a0.0410958904109589 t1.04109589041096;
  INPUT ---       rlabel(45)=pent gM a0.0493150684931507 t1.04931506849315;
  INPUT ---       rlabel(46)=pent gM a0.0520547945205479 t1.05205479452055;
  INPUT ---       rlabel(47)=pent gM a0.0657534246575342 t1.06575342465753;
  INPUT ---       rlabel(48)=pent gM a0.0712328767123288 t1.07123287671233;
  INPUT ---       rlabel(49)=pent gM a0.0986301369863014 t1.0986301369863;
  INPUT ---       rlabel(50)=pent gM a0.101369863013699 t1.1013698630137;
  INPUT ---       rlabel(51)=pent gM a0.106849315068493 t1.10684931506849;
  INPUT ---       rlabel(52)=pent gM a0.10958904109589 t1.10958904109589;
  INPUT ---       rlabel(53)=pent gM a0.120547945205479 t1.12054794520548;
  INPUT ---       rlabel(54)=pent gM a0.350684931506849 t1.35068493150685;
  INPUT ---       rlabel(55)=pent gM a0.358904109589041 t1.35890410958904;
  INPUT ---       rlabel(56)=pent gM a0.613698630136986 t1.61369863013699;
  INPUT ---       rlabel(57)=pent gM a0.638356164383562 t1.63835616438356;
  INPUT ---       rlabel(58)=pent gM a0.646575342465753 t1.64657534246575;
  INPUT ---       rlabel(59)=pent gM a0.649315068493151 t1.64931506849315;
  INPUT ---       rlabel(60)=pent gM a0.652054794520548 t1.65205479452055;
  INPUT ---       rlabel(61)=pent gM a0.704109589041096 t1.7041095890411;
  INPUT ---       rlabel(62)=pent gM a0.706849315068493 t1.70684931506849;
  INPUT ---       rlabel(63)=pent gM a0.70958904109589 t1.70958904109589;
  INPUT ---       rlabel(64)=pent gM a0.827397260273973 t1.82739726027397;
  INPUT ---       rlabel(65)=pent gM a1.4027397260274 t2.4027397260274;
  INPUT ---       rlabel(66)=pent gM a1.40547945205479 t2.40547945205479;
  INPUT ---       rlabel(67)=pent gM a1.40821917808219 t2.40821917808219;

 Link Function Used is PARM-SPECIFIC

 Variance Estimation Procedure Used is 2ndPart 

 M(t+1):
      16     29



 Group: 1

 U(t)+UL(t):
       0    2    2    0    1    0    3    1    1    0    0    0    0    0    1
       0    0    0    2    1    1    0    0    0    1    0    0    0    0    0
       0    0    0

 U(t):
       0    2    2    0    1    0    3    1    1    0    0    0    0    0    1
       0    0    0    2    1    1    0    0    0    1    0    0    0    0    0
       0    0    0

 UL(t):
       0    0    0    0    0    0    0    0    0    0    0    0    0    0    0
       0    0    0    0    0    0    0    0    0    0    0    0    0    0    0
       0    0    0

 Not Released(t):
       0    0    0    0    0    0    0    0    0    0    0    0    0    0    0
       0    0    0    0    0    0    0    0    0    0    0    0    0    0    0
       0    0    0

 Group: 2

 U(t)+UL(t):
       3    0    1    1    1    1    1    0    1    1    2    1    3    3    1
       1    0    2    3    1    0    0    1    0    0    0    0    0    0    1
       0    0    0

 U(t):
       3    0    1    1    1    1    1    0    1    1    2    1    3    3    1
       1    0    2    3    1    0    0    1    0    0    0    0    0    0    1
       0    0    0

 UL(t):
       0    0    0    0    0    0    0    0    0    0    0    0    0    0    0
       0    0    0    0    0    0    0    0    0    0    0    0    0    0    0
       0    0    0

 Not Released(t):
       0    0    0    0    0    0    0    0    0    0    0    0    0    0    0
       0    0    0    0    0    0    0    0    0    0    0    0    0    0    0
       0    0    0
 -2logL(saturated) = 272.93564     
 Effective Sample Size = 103

 Number of function evaluations was 27 for 4 parameters.

  Program  MARK  - Survival Rate Estimation with Capture-Recapture Data
   gfortran(dble) Vers. 9.0 Mar 2018    25-Mar-2020 12:25:15    Page  009
 - - - - - - - - - - - - - - - - - - - - - - - - - - - - - - - - - - - - - -
 
 Time for numerical optimization was 0.02 seconds.     
 -2logL { Phi(~1)p(~1)pent(~1)N(~1) } = 560.13045     
 Penalty { Phi(~1)p(~1)pent(~1)N(~1) } = 0.0000000     
 Gradient { Phi(~1)p(~1)pent(~1)N(~1) }:
 -0.5699284E-05  0.8614963E-05 -0.2271554E-05 -0.3189720E-05
 Maximum ABS(G) { Phi(~1)p(~1)pent(~1)N(~1) } = 0.8614963E-05 
 S Vector { Phi(~1)p(~1)pent(~1)N(~1) }:
   85.03127      4.592982      2.717096     0.6172816E-01
 Time to compute number of parameters was 0.01 seconds.     
 Ratio Threshold = 50.000000       Max Gap (3/4) = 44.017120       Next Max Gap (1/2) = 18.513305     
 Gap Method for Num. of Estimated Parameters { Phi(~1)p(~1)pent(~1)N(~1) } = 4          
 Threshold { Phi(~1)p(~1)pent(~1)N(~1) } = 0.1722993E-04                 
 Numerical Threshold Method for Num. of Estimated Parameters { Phi(~1)p(~1)pent(~1)N(~1) } = 4          
 Number of Estimated Parameters { Phi(~1)p(~1)pent(~1)N(~1) } = 4          
 DEVIANCE { Phi(~1)p(~1)pent(~1)N(~1) } = 287.19481                     
 DEVIANCE Degrees of Freedom { Phi(~1)p(~1)pent(~1)N(~1) } = 37            
 c-hat { Phi(~1)p(~1)pent(~1)N(~1) } = 7.7620218                     
 AIC { Phi(~1)p(~1)pent(~1)N(~1) } = 568.13045                  
 AICc { Phi(~1)p(~1)pent(~1)N(~1) } = 568.53861                    
 BIC { Phi(~1)p(~1)pent(~1)N(~1) } = 578.66936                    
 Pearson Chisquare { Phi(~1)p(~1)pent(~1)N(~1) } = 44638472.                  


                PARM-SPECIFIC Link Function Parameters of { Phi(~1)p(~1)pent(~1)N(~1) }
                                                              95% Confidence Interval
 Parameter                    Beta         Standard Error      Lower           Upper
 -------------------------  --------------  --------------  --------------  --------------
    1:Phi:(Intercept)        0.3386584       0.7948776      -1.2193017       1.8966185    
    2:p:(Intercept)         -2.5423922       0.1875983      -2.9100848      -2.1746996    
    3:pent:(Intercept)      -5.7173346       3.9192114      -13.398989       1.9643200    
    4:N:(Intercept)          1.3918695       0.8776919      -0.3284066       3.1121457    


                Real Function Parameters of { Phi(~1)p(~1)pent(~1)N(~1) }
                                                               95% Confidence Interval
  Parameter                  Estimate       Standard Error      Lower           Upper
 --------------------------  --------------  --------------  --------------  --------------
     1:Phi gF a0 t1           0.5838646       0.1931288       0.2280594       0.8695083                          
     2:p gF a0 t1             0.0729392       0.0126852       0.0516573       0.1020456                          
     3:N gF a0 t1             20.022363       3.5303954       16.914461       33.692829                          
     4:pent gF a0.005479452   0.0029754       0.0105508       0.2801306E-05   0.7607151                          
     5:pent gF a0.008219178   0.0029754       0.0105508       0.2801306E-05   0.7607151                          
     6:pent gF a0.010958904   0.0029754       0.0105508       0.2801306E-05   0.7607151                          
     7:pent gF a0.016438356   0.0029754       0.0105508       0.2801306E-05   0.7607151                          
     8:pent gF a0.024657534   0.0029754       0.0105508       0.2801306E-05   0.7607151                          
     9:pent gF a0.027397260   0.0029754       0.0105508       0.2801306E-05   0.7607151                          
    10:pent gF a0.030136986   0.0029754       0.0105508       0.2801306E-05   0.7607151                          
    11:pent gF a0.035616438   0.0029754       0.0105508       0.2801306E-05   0.7607151                          
    12:pent gF a0.041095890   0.0029754       0.0105508       0.2801306E-05   0.7607151                          
    13:pent gF a0.049315068   0.0029754       0.0105508       0.2801306E-05   0.7607151                          
    14:pent gF a0.052054794   0.0029754       0.0105508       0.2801306E-05   0.7607151                          
    15:pent gF a0.065753424   0.0029754       0.0105508       0.2801306E-05   0.7607151                          
    16:pent gF a0.071232876   0.0029754       0.0105508       0.2801306E-05   0.7607151                          
    17:pent gF a0.098630136   0.0029754       0.0105508       0.2801306E-05   0.7607151                          
    18:pent gF a0.101369863   0.0029754       0.0105508       0.2801306E-05   0.7607151                          
    19:pent gF a0.106849315   0.0029754       0.0105508       0.2801306E-05   0.7607151                          
    20:pent gF a0.109589041   0.0029754       0.0105508       0.2801306E-05   0.7607151                          
    21:pent gF a0.120547945   0.0029754       0.0105508       0.2801306E-05   0.7607151                          

  Program  MARK  - Survival Rate Estimation with Capture-Recapture Data
   gfortran(dble) Vers. 9.0 Mar 2018    25-Mar-2020 12:25:15    Page  010
 - - - - - - - - - - - - - - - - - - - - - - - - - - - - - - - - - - - - - -
 
    22:pent gF a0.350684931   0.0029754       0.0105508       0.2801306E-05   0.7607151                          
    23:pent gF a0.358904109   0.0029754       0.0105508       0.2801306E-05   0.7607151                          
    24:pent gF a0.613698630   0.0029754       0.0105508       0.2801306E-05   0.7607151                          
    25:pent gF a0.638356164   0.0029754       0.0105508       0.2801306E-05   0.7607151                          
    26:pent gF a0.646575342   0.0029754       0.0105508       0.2801306E-05   0.7607151                          
    27:pent gF a0.649315068   0.0029754       0.0105508       0.2801306E-05   0.7607151                          
    28:pent gF a0.652054794   0.0029754       0.0105508       0.2801306E-05   0.7607151                          
    29:pent gF a0.704109589   0.0029754       0.0105508       0.2801306E-05   0.7607151                          
    30:pent gF a0.706849315   0.0029754       0.0105508       0.2801306E-05   0.7607151                          
    31:pent gF a0.709589041   0.0029754       0.0105508       0.2801306E-05   0.7607151                          
    32:pent gF a0.827397260   0.0029754       0.0105508       0.2801306E-05   0.7607151                          
    33:pent gF a1.402739726   0.0029754       0.0105508       0.2801306E-05   0.7607151                          
    34:pent gF a1.405479452   0.0029754       0.0105508       0.2801306E-05   0.7607151                          
    35:pent gF a1.408219178   0.0029754       0.0105508       0.2801306E-05   0.7607151                          
    36:pent gM a0.005479452   0.0029754       0.0105508       0.2801306E-05   0.7607151                          
    37:pent gM a0.008219178   0.0029754       0.0105508       0.2801306E-05   0.7607151                          
    38:pent gM a0.010958904   0.0029754       0.0105508       0.2801306E-05   0.7607151                          
    39:pent gM a0.016438356   0.0029754       0.0105508       0.2801306E-05   0.7607151                          
    40:pent gM a0.024657534   0.0029754       0.0105508       0.2801306E-05   0.7607151                          
    41:pent gM a0.027397260   0.0029754       0.0105508       0.2801306E-05   0.7607151                          
    42:pent gM a0.030136986   0.0029754       0.0105508       0.2801306E-05   0.7607151                          
    43:pent gM a0.035616438   0.0029754       0.0105508       0.2801306E-05   0.7607151                          
    44:pent gM a0.041095890   0.0029754       0.0105508       0.2801306E-05   0.7607151                          
    45:pent gM a0.049315068   0.0029754       0.0105508       0.2801306E-05   0.7607151                          
    46:pent gM a0.052054794   0.0029754       0.0105508       0.2801306E-05   0.7607151                          
    47:pent gM a0.065753424   0.0029754       0.0105508       0.2801306E-05   0.7607151                          
    48:pent gM a0.071232876   0.0029754       0.0105508       0.2801306E-05   0.7607151                          
    49:pent gM a0.098630136   0.0029754       0.0105508       0.2801306E-05   0.7607151                          
    50:pent gM a0.101369863   0.0029754       0.0105508       0.2801306E-05   0.7607151                          
    51:pent gM a0.106849315   0.0029754       0.0105508       0.2801306E-05   0.7607151                          
    52:pent gM a0.109589041   0.0029754       0.0105508       0.2801306E-05   0.7607151                          
    53:pent gM a0.120547945   0.0029754       0.0105508       0.2801306E-05   0.7607151                          
    54:pent gM a0.350684931   0.0029754       0.0105508       0.2801306E-05   0.7607151                          
    55:pent gM a0.358904109   0.0029754       0.0105508       0.2801306E-05   0.7607151                          
    56:pent gM a0.613698630   0.0029754       0.0105508       0.2801306E-05   0.7607151                          
    57:pent gM a0.638356164   0.0029754       0.0105508       0.2801306E-05   0.7607151                          
    58:pent gM a0.646575342   0.0029754       0.0105508       0.2801306E-05   0.7607151                          
    59:pent gM a0.649315068   0.0029754       0.0105508       0.2801306E-05   0.7607151                          
    60:pent gM a0.652054794   0.0029754       0.0105508       0.2801306E-05   0.7607151                          
    61:pent gM a0.704109589   0.0029754       0.0105508       0.2801306E-05   0.7607151                          
    62:pent gM a0.706849315   0.0029754       0.0105508       0.2801306E-05   0.7607151                          
    63:pent gM a0.709589041   0.0029754       0.0105508       0.2801306E-05   0.7607151                          
    64:pent gM a0.827397260   0.0029754       0.0105508       0.2801306E-05   0.7607151                          
    65:pent gM a1.402739726   0.0029754       0.0105508       0.2801306E-05   0.7607151                          
    66:pent gM a1.405479452   0.0029754       0.0105508       0.2801306E-05   0.7607151                          
    67:pent gM a1.408219178   0.0029754       0.0105508       0.2801306E-05   0.7607151                          

  Program  MARK  - Survival Rate Estimation with Capture-Recapture Data
   gfortran(dble) Vers. 9.0 Mar 2018    25-Mar-2020 12:25:15    Page  011
 - - - - - - - - - - - - - - - - - - - - - - - - - - - - - - - - - - - - - -
 


                      Estimates of Derived Parameters
    Gross Birth+Immigration Estimates of { Phi(~1)p(~1)pent(~1)N(~1) }
                                                95% Confidence Interval
 Grp. Occ.   B*-hat          Standard Error      Lower           Upper
 ---- ----   --------------  --------------  --------------  --------------
   1     1    0.0596617       0.2203629       0.0024053       1.4798392    
   1     2    0.0596177       0.2201825       0.0024038       1.4786136    
   1     3    0.0596177       0.2201825       0.0024038       1.4786136    
   1     4    0.0596617       0.2203629       0.0024053       1.4798392    
   1     5    0.0597057       0.2205434       0.0024069       1.4810655    
   1     6    0.0596177       0.2201825       0.0024038       1.4786136    
   1     7    0.0596177       0.2201825       0.0024038       1.4786136    
   1     8    0.0596617       0.2203629       0.0024053       1.4798392    
   1     9    0.0596617       0.2203629       0.0024053       1.4798392    
   1    10    0.0597057       0.2205434       0.0024069       1.4810655    
   1    11    0.0596177       0.2201825       0.0024038       1.4786136    
   1    12    0.0597937       0.2209048       0.0024100       1.4835201    
   1    13    0.0596617       0.2203629       0.0024053       1.4798392    
   1    14    0.0600140       0.2218099       0.0024178       1.4896686    
   1    15    0.0596177       0.2201825       0.0024038       1.4786136    
   1    16    0.0596617       0.2203629       0.0024053       1.4798392    
   1    17    0.0596177       0.2201825       0.0024038       1.4786136    
   1    18    0.0597496       0.2207240       0.0024084       1.4822925    
   1    19    0.0633386       0.2354960       0.0025348       1.5826566    
   1    20    0.0597057       0.2205434       0.0024069       1.4810655    
   1    21    0.0637509       0.2371975       0.0025493       1.5942201    
   1    22    0.0599699       0.2216287       0.0024162       1.4884376    
   1    23    0.0597057       0.2205434       0.0024069       1.4810655    
   1    24    0.0596177       0.2201825       0.0024038       1.4786136    
   1    25    0.0596177       0.2201825       0.0024038       1.4786136    
   1    26    0.0604120       0.2234454       0.0024318       1.5007788    
   1    27    0.0596177       0.2201825       0.0024038       1.4786136    
   1    28    0.0596177       0.2201825       0.0024038       1.4786136    
   1    29    0.0614820       0.2278460       0.0024695       1.5306757    
   1    30    0.0692704       0.2600478       0.0027426       1.7495470    
   1    31    0.0596177       0.2201825       0.0024038       1.4786136    
   1    32    0.0596177       0.2201825       0.0024038       1.4786136    
   2     1    0.0983985       0.3577187       0.0040380       2.3978098    
   2     2    0.0983260       0.3574254       0.0040354       2.3958202    
   2     3    0.0983260       0.3574254       0.0040354       2.3958202    
   2     4    0.0983985       0.3577187       0.0040380       2.3978098    
   2     5    0.0984710       0.3580121       0.0040406       2.3998006    
   2     6    0.0983260       0.3574254       0.0040354       2.3958202    

  Program  MARK  - Survival Rate Estimation with Capture-Recapture Data
   gfortran(dble) Vers. 9.0 Mar 2018    25-Mar-2020 12:25:15    Page  012
 - - - - - - - - - - - - - - - - - - - - - - - - - - - - - - - - - - - - - -
 
   2     7    0.0983260       0.3574254       0.0040354       2.3958202    
   2     8    0.0983985       0.3577187       0.0040380       2.3978098    
   2     9    0.0983985       0.3577187       0.0040380       2.3978098    
   2    10    0.0984710       0.3580121       0.0040406       2.3998006    
   2    11    0.0983260       0.3574254       0.0040354       2.3958202    
   2    12    0.0986161       0.3585995       0.0040458       2.4037853    
   2    13    0.0983985       0.3577187       0.0040380       2.3978098    
   2    14    0.0989796       0.3600708       0.0040588       2.4137667    
   2    15    0.0983260       0.3574254       0.0040354       2.3958202    
   2    16    0.0983985       0.3577187       0.0040380       2.3978098    
   2    17    0.0983260       0.3574254       0.0040354       2.3958202    
   2    18    0.0985435       0.3583057       0.0040432       2.4017924    
   2    19    0.1044626       0.3823189       0.0042548       2.5647283    
   2    20    0.0984710       0.3580121       0.0040406       2.3998006    
   2    21    0.1051428       0.3850851       0.0042791       2.5835020    
   2    22    0.0989068       0.3597762       0.0040562       2.4117682    
   2    23    0.0984710       0.3580121       0.0040406       2.3998006    
   2    24    0.0983260       0.3574254       0.0040354       2.3958202    
   2    25    0.0983260       0.3574254       0.0040354       2.3958202    
   2    26    0.0996360       0.3627294       0.0040823       2.4318028    
   2    27    0.0983260       0.3574254       0.0040354       2.3958202    
   2    28    0.0983260       0.3574254       0.0040354       2.3958202    
   2    29    0.1014007       0.3698829       0.0041454       2.4803380    
   2    30    0.1142459       0.4222338       0.0046028       2.8356979    
   2    31    0.0983260       0.3574254       0.0040354       2.3958202    
   2    32    0.0983260       0.3574254       0.0040354       2.3958202    

     Net Birth+Immigration Estimates of { Phi(~1)p(~1)pent(~1)N(~1) }
                                                95% Confidence Interval
 Grp. Occ.   B-hat           Standard Error      Lower           Upper
 ---- ----   --------------  --------------  --------------  --------------
   1     1    0.0595738       0.2200021       0.0024022       1.4773887    
   1     2    0.0595738       0.2200021       0.0024022       1.4773887    
   1     3    0.0595738       0.2200021       0.0024022       1.4773887    
   1     4    0.0595738       0.2200021       0.0024022       1.4773887    
   1     5    0.0595738       0.2200021       0.0024022       1.4773887    
   1     6    0.0595738       0.2200021       0.0024022       1.4773887    
   1     7    0.0595738       0.2200021       0.0024022       1.4773887    
   1     8    0.0595738       0.2200021       0.0024022       1.4773887    
   1     9    0.0595738       0.2200021       0.0024022       1.4773887    
   1    10    0.0595738       0.2200021       0.0024022       1.4773887    
   1    11    0.0595738       0.2200021       0.0024022       1.4773887    
   1    12    0.0595738       0.2200021       0.0024022       1.4773887    
   1    13    0.0595738       0.2200021       0.0024022       1.4773887    
   1    14    0.0595738       0.2200021       0.0024022       1.4773887    
   1    15    0.0595738       0.2200021       0.0024022       1.4773887    
   1    16    0.0595738       0.2200021       0.0024022       1.4773887    
   1    17    0.0595738       0.2200021       0.0024022       1.4773887    
   1    18    0.0595738       0.2200021       0.0024022       1.4773887    
   1    19    0.0595738       0.2200021       0.0024022       1.4773887    
   1    20    0.0595738       0.2200021       0.0024022       1.4773887    
   1    21    0.0595738       0.2200021       0.0024022       1.4773887    
   1    22    0.0595738       0.2200021       0.0024022       1.4773887    
   1    23    0.0595738       0.2200021       0.0024022       1.4773887    
   1    24    0.0595738       0.2200021       0.0024022       1.4773887    
   1    25    0.0595738       0.2200021       0.0024022       1.4773887    
   1    26    0.0595738       0.2200021       0.0024022       1.4773887    
   1    27    0.0595738       0.2200021       0.0024022       1.4773887    
   1    28    0.0595738       0.2200021       0.0024022       1.4773887    
   1    29    0.0595738       0.2200021       0.0024022       1.4773887    
   1    30    0.0595738       0.2200021       0.0024022       1.4773887    
   1    31    0.0595738       0.2200021       0.0024022       1.4773887    
   1    32    0.0595738       0.2200021       0.0024022       1.4773887    
   2     1    0.0982536       0.3571322       0.0040328       2.3938317    
   2     2    0.0982536       0.3571322       0.0040328       2.3938317    
   2     3    0.0982536       0.3571322       0.0040328       2.3938317    
   2     4    0.0982536       0.3571322       0.0040328       2.3938317    
   2     5    0.0982536       0.3571322       0.0040328       2.3938317    
   2     6    0.0982536       0.3571322       0.0040328       2.3938317    
   2     7    0.0982536       0.3571322       0.0040328       2.3938317    
   2     8    0.0982536       0.3571322       0.0040328       2.3938317    
   2     9    0.0982536       0.3571322       0.0040328       2.3938317    
   2    10    0.0982536       0.3571322       0.0040328       2.3938317    
   2    11    0.0982536       0.3571322       0.0040328       2.3938317    
   2    12    0.0982536       0.3571322       0.0040328       2.3938317    
   2    13    0.0982536       0.3571322       0.0040328       2.3938317    
   2    14    0.0982536       0.3571322       0.0040328       2.3938317    
   2    15    0.0982536       0.3571322       0.0040328       2.3938317    
   2    16    0.0982536       0.3571322       0.0040328       2.3938317    
   2    17    0.0982536       0.3571322       0.0040328       2.3938317    
   2    18    0.0982536       0.3571322       0.0040328       2.3938317    
   2    19    0.0982536       0.3571322       0.0040328       2.3938317    
   2    20    0.0982536       0.3571322       0.0040328       2.3938317    
   2    21    0.0982536       0.3571322       0.0040328       2.3938317    
   2    22    0.0982536       0.3571322       0.0040328       2.3938317    
   2    23    0.0982536       0.3571322       0.0040328       2.3938317    
   2    24    0.0982536       0.3571322       0.0040328       2.3938317    
   2    25    0.0982536       0.3571322       0.0040328       2.3938317    
   2    26    0.0982536       0.3571322       0.0040328       2.3938317    
   2    27    0.0982536       0.3571322       0.0040328       2.3938317    
   2    28    0.0982536       0.3571322       0.0040328       2.3938317    
   2    29    0.0982536       0.3571322       0.0040328       2.3938317    
   2    30    0.0982536       0.3571322       0.0040328       2.3938317    
   2    31    0.0982536       0.3571322       0.0040328       2.3938317    
   2    32    0.0982536       0.3571322       0.0040328       2.3938317    

          Population Estimates of { Phi(~1)p(~1)pent(~1)N(~1) }
                                                95% Confidence Interval
 Grp. Occ.   N-hat           Standard Error      Lower           Upper
 ---- ----   --------------  --------------  --------------  --------------
   1     1    18.116001       4.5008853       11.213413       29.267582    
   1     2    18.122240       4.3071264       11.446565       28.691189    
   1     3    18.155117       4.1132987       11.709871       28.147900    
   1     4    18.187946       3.9219838       11.976002       27.622021    
   1     5    18.193973       3.7362178       12.215972       27.097365    
   1     6    18.173260       3.5565555       12.428254       26.573915    
   1     7    18.206062       3.3743955       12.699242       26.100826    
   1     8    18.238816       3.1964331       12.970117       25.647758    
   1     9    18.244694       3.0264459       13.209702       25.198815    
   1    10    18.250554       2.8618426       13.446451       24.771049    
   1    11    18.229590       2.7066194       13.648397       24.348498    
   1    12    18.262310       2.5520712       13.905187       23.984716    
   1    13    18.187766       2.4183303       14.031143       23.575758    
   1    14    18.193794       2.2841342       14.238853       23.247247    
   1    15    17.987120       2.1845590       14.189217       22.801576    
   1    16    18.020197       2.0674143       14.401923       22.547509    
   1    17    18.026718       1.9684606       14.562695       22.314727    
   1    18    18.059736       1.8847810       14.727048       22.146602    
   1    19    18.013128       1.8243964       14.777347       21.957445    
   1    20    15.974657       2.1197835       12.330209       20.696298    

  Program  MARK  - Survival Rate Estimation with Capture-Recapture Data
   gfortran(dble) Vers. 9.0 Mar 2018    25-Mar-2020 12:25:15    Page  013
 - - - - - - - - - - - - - - - - - - - - - - - - - - - - - - - - - - - - - -
 
   1    21    15.963737       2.0434727       12.434122       20.495288    
   1    22    13.978066       2.5819591       9.7618337       20.015330    
   1    23    13.853405       2.5402546       9.6997430       19.785765    
   1    24    13.851846       2.4711576       9.7912714       19.596397    
   1    25    13.891014       2.4048480       9.9187209       19.454150    
   1    26    13.930125       2.3560857       10.022995       19.360318    
   1    27    13.604930       2.4203941       9.6258282       19.228904    
   1    28    13.644462       2.3978687       9.6939365       19.204928    
   1    29    13.683936       2.3940699       9.7366068       19.231557    
   1    30    12.902994       2.5702242       8.7655312       18.993402    
   1    31    9.5271748       3.3039961       4.9215857       18.442645    
   1    32    9.5727139       3.2424629       5.0176911       18.262753    
   1    33    9.6181859       3.1944457       5.1020484       18.131835    
   2     1    29.878249       8.7018268       17.079405       52.268200    
   2     2    29.888539       8.3617889       17.451603       51.188693    
   2     3    29.942763       8.0190958       17.875576       50.156093    
   2     4    29.996907       7.6777440       18.308525       49.147293    
   2     5    30.006848       7.3432339       18.703943       48.140164    
   2     6    29.972685       7.0167035       19.059215       47.135303    
   2     7    30.026785       6.6798928       19.517555       46.194712    
   2     8    30.080806       6.3449826       19.984419       45.278018    
   2     9    30.090499       6.0196197       20.408482       44.365775    
   2    10    30.100164       5.6970574       20.838887       43.477363    
   2    11    30.065590       5.3860692       21.221786       42.594892    
   2    12    30.119553       5.0610993       21.717501       41.772184    
   2    13    29.996610       4.7775426       21.996190       40.906931    
   2    14    30.006551       4.4699074       22.444511       40.116406    
   2    15    29.665690       4.2532638       22.430194       39.235201    
   2    16    29.720243       3.9452231       22.937725       38.508302    
   2    17    29.730998       3.6560809       23.384393       37.800093    
   2    18    29.785454       3.3639271       23.887649       37.139413    
   2    19    29.708584       3.1200798       24.195230       36.478264    
   2    20    26.346587       4.0455990       19.533414       35.536167    
   2    21    26.328577       3.8141511       19.849681       34.922171    
   2    22    23.053661       4.8576236       15.322327       34.686067    
   2    23    22.848061       4.7242619       15.299710       34.120509    
   2    24    22.845490       4.5305102       15.546049       33.572287    
   2    25    22.910089       4.3283806       15.871396       33.070322    
   2    26    22.974593       4.1459022       16.175941       32.630678    
   2    27    22.438258       4.2133756       15.578775       32.318036    
   2    28    22.503457       4.0692729       15.832925       31.984335    
   2    29    22.568561       3.9506143       16.055419       31.723863    
   2    30    21.280573       4.3204222       14.351909       31.554184    
   2    31    15.712922       5.7960263       7.8023859       31.643643    
   2    32    15.788028       5.6453865       7.9995069       31.159650    
   2    33    15.863024       5.5133229       8.1833647       30.749642    

       Gross Population Estimates of { Phi(~1)p(~1)pent(~1)N(~1) }
                                                95% Confidence Interval
 Grp. Occ.   N*-hat          Standard Error      Lower           Upper
 ---- ----   --------------  --------------  --------------  --------------

  Program  MARK  - Survival Rate Estimation with Capture-Recapture Data
   gfortran(dble) Vers. 9.0 Mar 2018    25-Mar-2020 12:25:15    Page  014
 - - - - - - - - - - - - - - - - - - - - - - - - - - - - - - - - - - - - - -
 
   1     0    20.045605       3.6123609       14.120423       28.457101    
   2     0    33.060696       3.6632914       26.624438       41.052872    

   CPU Time for the last procedure was 0.02 seconds.     


  INPUT --- proc stop;

     CPU Time in minutes for this job was 0.00

     Time Start = 12:25:15.453   Time End = 12:25:15.763

     Wall Clock Time in minutes for this job was 0.01


          E X E C U T I O N   S U C C E S S F U L 
