
   Program  MARK  - Survival Rate Estimation with Capture-Recapture Data
   gfortran(dble) Vers. 9.0 Mar 2018    25-Mar-2020 14:32:11    Page  001
 - - - - - - - - - - - - - - - - - - - - - - - - - - - - - - - - - - - - - -
 
   This version was compiled by GCC version 7.2.0 using the options: 
     -cpp -iprefix C:/Program Files/mingw-w64/x86_64-7.2.0-posix-seh-rt_v5-rev1/
     mingw64/bin/../lib/gcc/x86_64-w64-mingw32/7.2.0/ -D_MT -D_REENTRANT
     -U_REENTRANT -D IEEE -D DBLEPRECISION -m64 -mtune=core2 -march=nocona -mthreads
     -O2 -fimplicit-none -fbounds-check -funroll-loops -ftree-vectorize
     -ffpe-summary=invalid,zero,overflow,underflow -fno-unsafe-math-optimizations
     -frounding-math -fsignaling-nans -fopenmp.

   This problem will use 15 of 16 possible threads.


  INPUT --- proc title ;

   CPU Time for the last procedure was 0.01 seconds.     


  INPUT --- proc chmatrix occasions= 30 groups= 2 etype= POPAN Nodes= 
  INPUT --- 101 ICMeans NoHist hist= 41  ;

  INPUT ---    time interval 0.00547945205479452 0.00273972602739726 
  INPUT ---    0.00273972602739726 0.00547945205479452  
  INPUT ---    0.00821917808219178 0.00273972602739726 0.00273972602739726 
  INPUT ---    0.00547945205479452  0.00547945205479452 
  INPUT ---    0.00821917808219178 0.00273972602739726 0.0136986301369863 
  INPUT ---    0.00547945205479452  0.0273972602739726 0.00273972602739726 
  INPUT ---    0.00547945205479452 0.00273972602739726 0.010958904109589  
  INPUT ---    0.23013698630137 0.00821917808219178 0.254794520547945 
  INPUT ---    0.0246575342465753 0.00821917808219178  0.00273972602739726 
  INPUT ---    0.00273972602739726 0.0520547945205479 0.00273972602739726 
  INPUT ---    0.00273972602739726  0.117808219178082 ;

  INPUT ---    glabel(1)=sexF;

  INPUT ---    glabel(2)=sexM;

   * *  WARNING  * *   At least a pair of the encounter histories are duplicates. 

      Number of unique encounter histories read was 38.

      Number of individual covariates read was 0.
      Time interval lengths vary and/or not equal to 1.

      Data type number is 19
      Data type is POPAN                                                                                               

   CPU Time for the last procedure was 0.01 seconds.     

  Program  MARK  - Survival Rate Estimation with Capture-Recapture Data
   gfortran(dble) Vers. 9.0 Mar 2018    25-Mar-2020 14:32:11    Page  002
 - - - - - - - - - - - - - - - - - - - - - - - - - - - - - - - - - - - - - -
 


  INPUT --- proc estimate link=Parm-Specific NOLOOP varest=2ndPart    ;


  INPUT --- model={ Phi(~1)p(~sex)pent(~1)N(~1) };

  INPUT ---    group=1 Phi    rows=1 cols=29 Square ;
  INPUT ---        1 1 1 1 1 1 1 1 1 1 1 1 1 1 1 1 1 1 1 1 1 1 1 1 1 1 1 1 1 ;

  INPUT ---    group=2 Phi    rows=1 cols=29 Square ;
  INPUT ---        1 1 1 1 1 1 1 1 1 1 1 1 1 1 1 1 1 1 1 1 1 1 1 1 1 1 1 1 1 ;

  INPUT ---    group=1 p    rows=1 cols=30 Square ;
  INPUT ---        2 2 2 2 2 2 2 2 2 2 2 2 2 2 2 2 2 2 2 2 2 2 2 2 2 2 2 2 2 
  INPUT ---       2 ;

  INPUT ---    group=2 p    rows=1 cols=30 Square ;
  INPUT ---        3 3 3 3 3 3 3 3 3 3 3 3 3 3 3 3 3 3 3 3 3 3 3 3 3 3 3 3 3 
  INPUT ---       3 ;

  INPUT ---    group=1 pent    rows=1 cols=29 Square ;
  INPUT ---        5 6 7 8 9 10 11 12 13 14 15 16 17 18 19 20 21 22 23 24 25 
  INPUT ---       26 27 28 29 30 31 32 33 ;

  INPUT ---    group=2 pent    rows=1 cols=29 Square ;
  INPUT ---        34 35 36 37 38 39 40 41 42 43 44 45 46 47 48 49 50 51 52 
  INPUT ---       53 54 55 56 57 58 59 60 61 62 ;

  INPUT ---    group=1 N    rows=1 cols=1 Square ;
  INPUT ---        4 ;

  INPUT ---    group=2 N    rows=1 cols=1 Square ;
  INPUT ---        4 ;

  INPUT ---    design matrix constraints=62 covariates=5;
  INPUT ---        1 0 0 0 0;
  INPUT ---        0 1 0 0 0;
  INPUT ---        0 1 1 0 0;
  INPUT ---        0 0 0 0 1;
  INPUT ---        0 0 0 1 0;
  INPUT ---        0 0 0 1 0;
  INPUT ---        0 0 0 1 0;
  INPUT ---        0 0 0 1 0;
  INPUT ---        0 0 0 1 0;
  INPUT ---        0 0 0 1 0;

  Program  MARK  - Survival Rate Estimation with Capture-Recapture Data
   gfortran(dble) Vers. 9.0 Mar 2018    25-Mar-2020 14:32:11    Page  003
 - - - - - - - - - - - - - - - - - - - - - - - - - - - - - - - - - - - - - -
 
  INPUT ---        0 0 0 1 0;
  INPUT ---        0 0 0 1 0;
  INPUT ---        0 0 0 1 0;
  INPUT ---        0 0 0 1 0;
  INPUT ---        0 0 0 1 0;
  INPUT ---        0 0 0 1 0;
  INPUT ---        0 0 0 1 0;
  INPUT ---        0 0 0 1 0;
  INPUT ---        0 0 0 1 0;
  INPUT ---        0 0 0 1 0;
  INPUT ---        0 0 0 1 0;
  INPUT ---        0 0 0 1 0;
  INPUT ---        0 0 0 1 0;
  INPUT ---        0 0 0 1 0;
  INPUT ---        0 0 0 1 0;
  INPUT ---        0 0 0 1 0;
  INPUT ---        0 0 0 1 0;
  INPUT ---        0 0 0 1 0;
  INPUT ---        0 0 0 1 0;
  INPUT ---        0 0 0 1 0;
  INPUT ---        0 0 0 1 0;
  INPUT ---        0 0 0 1 0;
  INPUT ---        0 0 0 1 0;
  INPUT ---        0 0 0 1 0;
  INPUT ---        0 0 0 1 0;
  INPUT ---        0 0 0 1 0;
  INPUT ---        0 0 0 1 0;
  INPUT ---        0 0 0 1 0;
  INPUT ---        0 0 0 1 0;
  INPUT ---        0 0 0 1 0;
  INPUT ---        0 0 0 1 0;
  INPUT ---        0 0 0 1 0;
  INPUT ---        0 0 0 1 0;
  INPUT ---        0 0 0 1 0;
  INPUT ---        0 0 0 1 0;
  INPUT ---        0 0 0 1 0;
  INPUT ---        0 0 0 1 0;
  INPUT ---        0 0 0 1 0;
  INPUT ---        0 0 0 1 0;
  INPUT ---        0 0 0 1 0;
  INPUT ---        0 0 0 1 0;
  INPUT ---        0 0 0 1 0;
  INPUT ---        0 0 0 1 0;
  INPUT ---        0 0 0 1 0;
  INPUT ---        0 0 0 1 0;
  INPUT ---        0 0 0 1 0;

  Program  MARK  - Survival Rate Estimation with Capture-Recapture Data
   gfortran(dble) Vers. 9.0 Mar 2018    25-Mar-2020 14:32:11    Page  004
 - - - - - - - - - - - - - - - - - - - - - - - - - - - - - - - - - - - - - -
 
  INPUT ---        0 0 0 1 0;
  INPUT ---        0 0 0 1 0;
  INPUT ---        0 0 0 1 0;
  INPUT ---        0 0 0 1 0;
  INPUT ---        0 0 0 1 0;
  INPUT ---        0 0 0 1 0;

  INPUT ---    links=62;

  INPUT ---    Logit;

  INPUT ---    Logit;

  INPUT ---    Logit;

  INPUT ---    Log;

  INPUT ---    mlogit(1);

  INPUT ---    mlogit(1);

  INPUT ---    mlogit(1);

  INPUT ---    mlogit(1);

  INPUT ---    mlogit(1);

  INPUT ---    mlogit(1);

  INPUT ---    mlogit(1);

  INPUT ---    mlogit(1);

  INPUT ---    mlogit(1);

  INPUT ---    mlogit(1);

  INPUT ---    mlogit(1);

  INPUT ---    mlogit(1);

  INPUT ---    mlogit(1);

  INPUT ---    mlogit(1);

  INPUT ---    mlogit(1);

  Program  MARK  - Survival Rate Estimation with Capture-Recapture Data
   gfortran(dble) Vers. 9.0 Mar 2018    25-Mar-2020 14:32:11    Page  005
 - - - - - - - - - - - - - - - - - - - - - - - - - - - - - - - - - - - - - -
 

  INPUT ---    mlogit(1);

  INPUT ---    mlogit(1);

  INPUT ---    mlogit(1);

  INPUT ---    mlogit(1);

  INPUT ---    mlogit(1);

  INPUT ---    mlogit(1);

  INPUT ---    mlogit(1);

  INPUT ---    mlogit(1);

  INPUT ---    mlogit(1);

  INPUT ---    mlogit(1);

  INPUT ---    mlogit(1);

  INPUT ---    mlogit(1);

  INPUT ---    mlogit(1);

  INPUT ---    mlogit(1);

  INPUT ---    mlogit(2);

  INPUT ---    mlogit(2);

  INPUT ---    mlogit(2);

  INPUT ---    mlogit(2);

  INPUT ---    mlogit(2);

  INPUT ---    mlogit(2);

  INPUT ---    mlogit(2);

  INPUT ---    mlogit(2);

  INPUT ---    mlogit(2);

  Program  MARK  - Survival Rate Estimation with Capture-Recapture Data
   gfortran(dble) Vers. 9.0 Mar 2018    25-Mar-2020 14:32:12    Page  006
 - - - - - - - - - - - - - - - - - - - - - - - - - - - - - - - - - - - - - -
 

  INPUT ---    mlogit(2);

  INPUT ---    mlogit(2);

  INPUT ---    mlogit(2);

  INPUT ---    mlogit(2);

  INPUT ---    mlogit(2);

  INPUT ---    mlogit(2);

  INPUT ---    mlogit(2);

  INPUT ---    mlogit(2);

  INPUT ---    mlogit(2);

  INPUT ---    mlogit(2);

  INPUT ---    mlogit(2);

  INPUT ---    mlogit(2);

  INPUT ---    mlogit(2);

  INPUT ---    mlogit(2);

  INPUT ---    mlogit(2);

  INPUT ---    mlogit(2);

  INPUT ---    mlogit(2);

  INPUT ---    mlogit(2);

  INPUT ---    mlogit(2);

  INPUT ---    mlogit(2);
  INPUT ---       blabel(1)=Phi:(Intercept);
  INPUT ---       blabel(2)=p:(Intercept);
  INPUT ---       blabel(3)=p:sexM;
  INPUT ---       blabel(4)=pent:(Intercept);
  INPUT ---       blabel(5)=N:(Intercept);
  INPUT ---       rlabel(1)=Phi gF a0 t1;

  Program  MARK  - Survival Rate Estimation with Capture-Recapture Data
   gfortran(dble) Vers. 9.0 Mar 2018    25-Mar-2020 14:32:12    Page  007
 - - - - - - - - - - - - - - - - - - - - - - - - - - - - - - - - - - - - - -
 
  INPUT ---       rlabel(2)=p gF a0 t1;
  INPUT ---       rlabel(3)=p gM a0 t1;
  INPUT ---       rlabel(4)=N gF a0 t1;
  INPUT ---       rlabel(5)=pent gF a0.00547945205479452 t1.00547945205479;
  INPUT ---       rlabel(6)=pent gF a0.00821917808219178 t1.00821917808219;
  INPUT ---       rlabel(7)=pent gF a0.010958904109589 t1.01095890410959;
  INPUT ---       rlabel(8)=pent gF a0.0164383561643836 t1.01643835616438;
  INPUT ---       rlabel(9)=pent gF a0.0246575342465753 t1.02465753424658;
  INPUT ---       rlabel(10)=pent gF a0.0273972602739726 t1.02739726027397;
  INPUT ---       rlabel(11)=pent gF a0.0301369863013699 t1.03013698630137;
  INPUT ---       rlabel(12)=pent gF a0.0356164383561644 t1.03561643835616;
  INPUT ---       rlabel(13)=pent gF a0.0410958904109589 t1.04109589041096;
  INPUT ---       rlabel(14)=pent gF a0.0493150684931507 t1.04931506849315;
  INPUT ---       rlabel(15)=pent gF a0.0520547945205479 t1.05205479452055;
  INPUT ---       rlabel(16)=pent gF a0.0657534246575342 t1.06575342465753;
  INPUT ---       rlabel(17)=pent gF a0.0712328767123288 t1.07123287671233;
  INPUT ---       rlabel(18)=pent gF a0.0986301369863014 t1.0986301369863;
  INPUT ---       rlabel(19)=pent gF a0.101369863013699 t1.1013698630137;
  INPUT ---       rlabel(20)=pent gF a0.106849315068493 t1.10684931506849;
  INPUT ---       rlabel(21)=pent gF a0.10958904109589 t1.10958904109589;
  INPUT ---       rlabel(22)=pent gF a0.120547945205479 t1.12054794520548;
  INPUT ---       rlabel(23)=pent gF a0.350684931506849 t1.35068493150685;
  INPUT ---       rlabel(24)=pent gF a0.358904109589041 t1.35890410958904;
  INPUT ---       rlabel(25)=pent gF a0.613698630136986 t1.61369863013699;
  INPUT ---       rlabel(26)=pent gF a0.638356164383562 t1.63835616438356;
  INPUT ---       rlabel(27)=pent gF a0.646575342465753 t1.64657534246575;
  INPUT ---       rlabel(28)=pent gF a0.649315068493151 t1.64931506849315;
  INPUT ---       rlabel(29)=pent gF a0.652054794520548 t1.65205479452055;
  INPUT ---       rlabel(30)=pent gF a0.704109589041096 t1.7041095890411;
  INPUT ---       rlabel(31)=pent gF a0.706849315068493 t1.70684931506849;
  INPUT ---       rlabel(32)=pent gF a0.70958904109589 t1.70958904109589;
  INPUT ---       rlabel(33)=pent gF a0.827397260273973 t1.82739726027397;
  INPUT ---       rlabel(34)=pent gM a0.00547945205479452 t1.00547945205479;
  INPUT ---       rlabel(35)=pent gM a0.00821917808219178 t1.00821917808219;
  INPUT ---       rlabel(36)=pent gM a0.010958904109589 t1.01095890410959;
  INPUT ---       rlabel(37)=pent gM a0.0164383561643836 t1.01643835616438;
  INPUT ---       rlabel(38)=pent gM a0.0246575342465753 t1.02465753424658;
  INPUT ---       rlabel(39)=pent gM a0.0273972602739726 t1.02739726027397;
  INPUT ---       rlabel(40)=pent gM a0.0301369863013699 t1.03013698630137;
  INPUT ---       rlabel(41)=pent gM a0.0356164383561644 t1.03561643835616;
  INPUT ---       rlabel(42)=pent gM a0.0410958904109589 t1.04109589041096;
  INPUT ---       rlabel(43)=pent gM a0.0493150684931507 t1.04931506849315;
  INPUT ---       rlabel(44)=pent gM a0.0520547945205479 t1.05205479452055;
  INPUT ---       rlabel(45)=pent gM a0.0657534246575342 t1.06575342465753;
  INPUT ---       rlabel(46)=pent gM a0.0712328767123288 t1.07123287671233;
  INPUT ---       rlabel(47)=pent gM a0.0986301369863014 t1.0986301369863;

  Program  MARK  - Survival Rate Estimation with Capture-Recapture Data
   gfortran(dble) Vers. 9.0 Mar 2018    25-Mar-2020 14:32:12    Page  008
 - - - - - - - - - - - - - - - - - - - - - - - - - - - - - - - - - - - - - -
 
  INPUT ---       rlabel(48)=pent gM a0.101369863013699 t1.1013698630137;
  INPUT ---       rlabel(49)=pent gM a0.106849315068493 t1.10684931506849;
  INPUT ---       rlabel(50)=pent gM a0.10958904109589 t1.10958904109589;
  INPUT ---       rlabel(51)=pent gM a0.120547945205479 t1.12054794520548;
  INPUT ---       rlabel(52)=pent gM a0.350684931506849 t1.35068493150685;
  INPUT ---       rlabel(53)=pent gM a0.358904109589041 t1.35890410958904;
  INPUT ---       rlabel(54)=pent gM a0.613698630136986 t1.61369863013699;
  INPUT ---       rlabel(55)=pent gM a0.638356164383562 t1.63835616438356;
  INPUT ---       rlabel(56)=pent gM a0.646575342465753 t1.64657534246575;
  INPUT ---       rlabel(57)=pent gM a0.649315068493151 t1.64931506849315;
  INPUT ---       rlabel(58)=pent gM a0.652054794520548 t1.65205479452055;
  INPUT ---       rlabel(59)=pent gM a0.704109589041096 t1.7041095890411;
  INPUT ---       rlabel(60)=pent gM a0.706849315068493 t1.70684931506849;
  INPUT ---       rlabel(61)=pent gM a0.70958904109589 t1.70958904109589;
  INPUT ---       rlabel(62)=pent gM a0.827397260273973 t1.82739726027397;

 Link Function Used is PARM-SPECIFIC

 Variance Estimation Procedure Used is 2ndPart 

 M(t+1):
      16     29



 Group: 1

 U(t)+UL(t):
       0    2    2    0    1    0    3    1    1    0    0    0    0    0    1
       0    0    0    2    1    1    0    0    0    1    0    0    0    0    0

 U(t):
       0    2    2    0    1    0    3    1    1    0    0    0    0    0    1
       0    0    0    2    1    1    0    0    0    1    0    0    0    0    0

 UL(t):
       0    0    0    0    0    0    0    0    0    0    0    0    0    0    0
       0    0    0    0    0    0    0    0    0    0    0    0    0    0    0

 Not Released(t):
       0    0    0    0    0    0    0    0    0    0    0    0    0    0    0
       0    0    0    0    0    0    0    0    0    0    0    0    0    0    0

 Group: 2

 U(t)+UL(t):
       3    0    1    1    1    1    1    0    1    1    2    1    3    3    1
       1    0    2    3    1    0    0    1    0    0    0    0    0    0    1

 U(t):
       3    0    1    1    1    1    1    0    1    1    2    1    3    3    1
       1    0    2    3    1    0    0    1    0    0    0    0    0    0    1

 UL(t):
       0    0    0    0    0    0    0    0    0    0    0    0    0    0    0
       0    0    0    0    0    0    0    0    0    0    0    0    0    0    0

 Not Released(t):
       0    0    0    0    0    0    0    0    0    0    0    0    0    0    0
       0    0    0    0    0    0    0    0    0    0    0    0    0    0    0
 -2logL(saturated) = 272.93564     
 Effective Sample Size = 98

 Number of function evaluations was 20 for 5 parameters.
 Time for numerical optimization was 0.02 seconds.     
 -2logL { Phi(~1)p(~sex)pent(~1)N(~1) } = 514.67819     
 Penalty { Phi(~1)p(~sex)pent(~1)N(~1) } = 0.0000000     
 Gradient { Phi(~1)p(~sex)pent(~1)N(~1) }:
   0.000000     -0.2019617E-05 -0.1110349E-04   0.000000      0.1057844E-04
 Maximum ABS(G) { Phi(~1)p(~sex)pent(~1)N(~1) } = 0.1110349E-04 
 S Vector { Phi(~1)p(~sex)pent(~1)N(~1) }:
   117.6252      12.21661      5.671802      1.812791     0.4341207    
 Time to compute number of parameters was 0.03 seconds.     
 Ratio Threshold = 50.000000       Max Gap (1/2) = 9.6283069       Next Max Gap (1/2) = 9.6283069     
 Gap Method for Num. of Estimated Parameters { Phi(~1)p(~sex)pent(~1)N(~1) } = 5          
 Threshold { Phi(~1)p(~sex)pent(~1)N(~1) } = 0.2220698E-04                 
 Numerical Threshold Method for Num. of Estimated Parameters { Phi(~1)p(~sex)pent(~1)N(~1) } = 5          
 Number of Estimated Parameters { Phi(~1)p(~sex)pent(~1)N(~1) } = 5          
 DEVIANCE { Phi(~1)p(~sex)pent(~1)N(~1) } = 241.74255                     
 DEVIANCE Degrees of Freedom { Phi(~1)p(~sex)pent(~1)N(~1) } = 36            
 c-hat { Phi(~1)p(~sex)pent(~1)N(~1) } = 6.7150707                     
 AIC { Phi(~1)p(~sex)pent(~1)N(~1) } = 524.67819                  
 AICc { Phi(~1)p(~sex)pent(~1)N(~1) } = 525.33036                    
 BIC { Phi(~1)p(~sex)pent(~1)N(~1) } = 537.60303                    
 Pearson Chisquare { Phi(~1)p(~sex)pent(~1)N(~1) } = 194986.08                  
 Possible Encounter Histories { Phi(~1)p(~sex)pent(~1)N(~1) } = 2147483646             
 Pearson Chisquare df { Phi(~1)p(~sex)pent(~1)N(~1) } = 2147483639        
 Pearson chat { Phi(~1)p(~sex)pent(~1)N(~1) } = 0.9079747E-04              
 Sum(Observed/Expected) { Phi(~1)p(~sex)pent(~1)N(~1) } = 194770.73                  
 Fletcher chat { Phi(~1)p(~sex)pent(~1)N(~1) } = 1.0011057                  


               PARM-SPECIFIC Link Function Parameters of { Phi(~1)p(~sex)pent(~1)N(~1) }
                                                              95% Confidence Interval
 Parameter                    Beta         Standard Error      Lower           Upper
 -------------------------  --------------  --------------  --------------  --------------
    1:Phi:(Intercept)        0.3984061       1.0104003      -1.5819786       2.3787908    
    2:p:(Intercept)         -2.7776439       0.2541153      -3.2757098      -2.2795779    
    3:p:sexM                 0.3742337       0.2573776      -0.1302263       0.8786937    
    4:pent:(Intercept)      -4.2931911       1.2777121      -6.7975069      -1.7888752    

  Program  MARK  - Survival Rate Estimation with Capture-Recapture Data
   gfortran(dble) Vers. 9.0 Mar 2018    25-Mar-2020 14:32:12    Page  009
 - - - - - - - - - - - - - - - - - - - - - - - - - - - - - - - - - - - - - -
 
    5:N:(Intercept)          1.8848833       0.5809780       0.7461665       3.0236001    


               Real Function Parameters of { Phi(~1)p(~sex)pent(~1)N(~1) }
                                                               95% Confidence Interval
  Parameter                  Estimate       Standard Error      Lower           Upper
 --------------------------  --------------  --------------  --------------  --------------
     1:Phi gF a0 t1           0.5983046       0.2428358       0.1705154       0.9151956                          
     2:p gF a0 t1             0.0585443       0.0140060       0.0364140       0.0928285                          
     3:p gM a0 t1             0.0829130       0.0152854       0.0574642       0.1182187                          
     4:N gF a0 t1             22.585586       3.8260803       18.288471       34.951490                          
     5:pent gF a0.005479452   0.0097848       0.0089545       0.0016122       0.0570182                          
     6:pent gF a0.008219178   0.0097848       0.0089545       0.0016122       0.0570182                          
     7:pent gF a0.010958904   0.0097848       0.0089545       0.0016122       0.0570182                          
     8:pent gF a0.016438356   0.0097848       0.0089545       0.0016122       0.0570182                          
     9:pent gF a0.024657534   0.0097848       0.0089545       0.0016122       0.0570182                          
    10:pent gF a0.027397260   0.0097848       0.0089545       0.0016122       0.0570182                          
    11:pent gF a0.030136986   0.0097848       0.0089545       0.0016122       0.0570182                          
    12:pent gF a0.035616438   0.0097848       0.0089545       0.0016122       0.0570182                          
    13:pent gF a0.041095890   0.0097848       0.0089545       0.0016122       0.0570182                          
    14:pent gF a0.049315068   0.0097848       0.0089545       0.0016122       0.0570182                          
    15:pent gF a0.052054794   0.0097848       0.0089545       0.0016122       0.0570182                          
    16:pent gF a0.065753424   0.0097848       0.0089545       0.0016122       0.0570182                          
    17:pent gF a0.071232876   0.0097848       0.0089545       0.0016122       0.0570182                          
    18:pent gF a0.098630136   0.0097848       0.0089545       0.0016122       0.0570182                          
    19:pent gF a0.101369863   0.0097848       0.0089545       0.0016122       0.0570182                          
    20:pent gF a0.106849315   0.0097848       0.0089545       0.0016122       0.0570182                          
    21:pent gF a0.109589041   0.0097848       0.0089545       0.0016122       0.0570182                          
    22:pent gF a0.120547945   0.0097848       0.0089545       0.0016122       0.0570182                          
    23:pent gF a0.350684931   0.0097848       0.0089545       0.0016122       0.0570182                          
    24:pent gF a0.358904109   0.0097848       0.0089545       0.0016122       0.0570182                          
    25:pent gF a0.613698630   0.0097848       0.0089545       0.0016122       0.0570182                          
    26:pent gF a0.638356164   0.0097848       0.0089545       0.0016122       0.0570182                          
    27:pent gF a0.646575342   0.0097848       0.0089545       0.0016122       0.0570182                          
    28:pent gF a0.649315068   0.0097848       0.0089545       0.0016122       0.0570182                          
    29:pent gF a0.652054794   0.0097848       0.0089545       0.0016122       0.0570182                          
    30:pent gF a0.704109589   0.0097848       0.0089545       0.0016122       0.0570182                          
    31:pent gF a0.706849315   0.0097848       0.0089545       0.0016122       0.0570182                          
    32:pent gF a0.709589041   0.0097848       0.0089545       0.0016122       0.0570182                          
    33:pent gF a0.827397260   0.0097848       0.0089545       0.0016122       0.0570182                          
    34:pent gM a0.005479452   0.0097848       0.0089545       0.0016122       0.0570182                          
    35:pent gM a0.008219178   0.0097848       0.0089545       0.0016122       0.0570182                          
    36:pent gM a0.010958904   0.0097848       0.0089545       0.0016122       0.0570182                          
    37:pent gM a0.016438356   0.0097848       0.0089545       0.0016122       0.0570182                          
    38:pent gM a0.024657534   0.0097848       0.0089545       0.0016122       0.0570182                          
    39:pent gM a0.027397260   0.0097848       0.0089545       0.0016122       0.0570182                          

  Program  MARK  - Survival Rate Estimation with Capture-Recapture Data
   gfortran(dble) Vers. 9.0 Mar 2018    25-Mar-2020 14:32:12    Page  010
 - - - - - - - - - - - - - - - - - - - - - - - - - - - - - - - - - - - - - -
 
    40:pent gM a0.030136986   0.0097848       0.0089545       0.0016122       0.0570182                          
    41:pent gM a0.035616438   0.0097848       0.0089545       0.0016122       0.0570182                          
    42:pent gM a0.041095890   0.0097848       0.0089545       0.0016122       0.0570182                          
    43:pent gM a0.049315068   0.0097848       0.0089545       0.0016122       0.0570182                          
    44:pent gM a0.052054794   0.0097848       0.0089545       0.0016122       0.0570182                          
    45:pent gM a0.065753424   0.0097848       0.0089545       0.0016122       0.0570182                          
    46:pent gM a0.071232876   0.0097848       0.0089545       0.0016122       0.0570182                          
    47:pent gM a0.098630136   0.0097848       0.0089545       0.0016122       0.0570182                          
    48:pent gM a0.101369863   0.0097848       0.0089545       0.0016122       0.0570182                          
    49:pent gM a0.106849315   0.0097848       0.0089545       0.0016122       0.0570182                          
    50:pent gM a0.109589041   0.0097848       0.0089545       0.0016122       0.0570182                          
    51:pent gM a0.120547945   0.0097848       0.0089545       0.0016122       0.0570182                          
    52:pent gM a0.350684931   0.0097848       0.0089545       0.0016122       0.0570182                          
    53:pent gM a0.358904109   0.0097848       0.0089545       0.0016122       0.0570182                          
    54:pent gM a0.613698630   0.0097848       0.0089545       0.0016122       0.0570182                          
    55:pent gM a0.638356164   0.0097848       0.0089545       0.0016122       0.0570182                          
    56:pent gM a0.646575342   0.0097848       0.0089545       0.0016122       0.0570182                          
    57:pent gM a0.649315068   0.0097848       0.0089545       0.0016122       0.0570182                          
    58:pent gM a0.652054794   0.0097848       0.0089545       0.0016122       0.0570182                          
    59:pent gM a0.704109589   0.0097848       0.0089545       0.0016122       0.0570182                          
    60:pent gM a0.706849315   0.0097848       0.0089545       0.0016122       0.0570182                          
    61:pent gM a0.709589041   0.0097848       0.0089545       0.0016122       0.0570182                          
    62:pent gM a0.827397260   0.0097848       0.0089545       0.0016122       0.0570182                          


                      Estimates of Derived Parameters
   Gross Birth+Immigration Estimates of { Phi(~1)p(~sex)pent(~1)N(~1) }
                                                95% Confidence Interval
 Grp. Occ.   B*-hat          Standard Error      Lower           Upper
 ---- ----   --------------  --------------  --------------  --------------
   1     1    0.2213058       0.2307028       0.0412031       1.1886540    
   1     2    0.2211502       0.2304701       0.0411891       1.1873862    
   1     3    0.2211502       0.2304701       0.0411891       1.1873862    
   1     4    0.2213058       0.2307028       0.0412031       1.1886540    
   1     5    0.2214615       0.2309356       0.0412171       1.1899229    
   1     6    0.2211502       0.2304701       0.0411891       1.1873862    
   1     7    0.2211502       0.2304701       0.0411891       1.1873862    
   1     8    0.2213058       0.2307028       0.0412031       1.1886540    
   1     9    0.2213058       0.2307028       0.0412031       1.1886540    
   1    10    0.2214615       0.2309356       0.0412171       1.1899229    
   1    11    0.2211502       0.2304701       0.0411891       1.1873862    
   1    12    0.2217731       0.2314019       0.0412451       1.1924640    
   1    13    0.2213058       0.2307028       0.0412031       1.1886540    
   1    14    0.2225533       0.2325708       0.0413150       1.1988367    
   1    15    0.2211502       0.2304701       0.0411891       1.1873862    

  Program  MARK  - Survival Rate Estimation with Capture-Recapture Data
   gfortran(dble) Vers. 9.0 Mar 2018    25-Mar-2020 14:32:12    Page  011
 - - - - - - - - - - - - - - - - - - - - - - - - - - - - - - - - - - - - - -
 
   1    16    0.2213058       0.2307028       0.0412031       1.1886540    
   1    17    0.2211502       0.2304701       0.0411891       1.1873862    
   1    18    0.2216173       0.2311687       0.0412311       1.1911929    
   1    19    0.2343140       0.2504138       0.0423490       1.2964430    
   1    20    0.2214615       0.2309356       0.0412171       1.1899229    
   1    21    0.2357715       0.2526531       0.0424748       1.3087349    
   1    22    0.2223971       0.2323367       0.0413011       1.1975599    
   1    23    0.2214615       0.2309356       0.0412171       1.1899229    
   1    24    0.2211502       0.2304701       0.0411891       1.1873862    
   1    25    0.2211502       0.2304701       0.0411891       1.1873862    
   1    26    0.2239624       0.2346866       0.0414409       1.2103783    
   1    27    0.2211502       0.2304701       0.0411891       1.1873862    
   1    28    0.2211502       0.2304701       0.0411891       1.1873862    
   1    29    0.2277486       0.2404023       0.0417762       1.2416017    
   2     1    0.3486869       0.3468409       0.0686218       1.7717762    
   2     2    0.3484417       0.3464869       0.0685992       1.7698691    
   2     3    0.3484417       0.3464869       0.0685992       1.7698691    
   2     4    0.3486869       0.3468409       0.0686218       1.7717762    
   2     5    0.3489322       0.3471952       0.0686445       1.7736849    
   2     6    0.3484417       0.3464869       0.0685992       1.7698691    
   2     7    0.3484417       0.3464869       0.0685992       1.7698691    
   2     8    0.3486869       0.3468409       0.0686218       1.7717762    
   2     9    0.3486869       0.3468409       0.0686218       1.7717762    
   2    10    0.3489322       0.3471952       0.0686445       1.7736849    
   2    11    0.3484417       0.3464869       0.0685992       1.7698691    
   2    12    0.3494231       0.3479047       0.0686897       1.7775077    
   2    13    0.3486869       0.3468409       0.0686218       1.7717762    
   2    14    0.3506524       0.3496835       0.0688028       1.7870951    
   2    15    0.3484417       0.3464869       0.0685992       1.7698691    
   2    16    0.3486869       0.3468409       0.0686218       1.7717762    
   2    17    0.3484417       0.3464869       0.0685992       1.7698691    
   2    18    0.3491776       0.3475498       0.0686671       1.7755955    
   2    19    0.3691824       0.3768575       0.0704705       1.9340796    
   2    20    0.3489322       0.3471952       0.0686445       1.7736849    
   2    21    0.3714789       0.3802705       0.0706730       1.9526071    
   2    22    0.3504063       0.3493272       0.0687802       1.7851741    
   2    23    0.3489322       0.3471952       0.0686445       1.7736849    
   2    24    0.3484417       0.3464869       0.0685992       1.7698691    
   2    25    0.3484417       0.3464869       0.0685992       1.7698691    
   2    26    0.3528725       0.3529036       0.0690062       1.8044620    
   2    27    0.3484417       0.3464869       0.0685992       1.7698691    
   2    28    0.3484417       0.3464869       0.0685992       1.7698691    
   2    29    0.3588381       0.3616056       0.0695476       1.8514634    

    Net Birth+Immigration Estimates of { Phi(~1)p(~sex)pent(~1)N(~1) }
                                                95% Confidence Interval
 Grp. Occ.   B-hat           Standard Error      Lower           Upper
 ---- ----   --------------  --------------  --------------  --------------
   1     1    0.2209947       0.2302376       0.0411751       1.1861195    
   1     2    0.2209947       0.2302376       0.0411751       1.1861195    
   1     3    0.2209947       0.2302376       0.0411751       1.1861195    
   1     4    0.2209947       0.2302376       0.0411751       1.1861195    
   1     5    0.2209947       0.2302376       0.0411751       1.1861195    
   1     6    0.2209947       0.2302376       0.0411751       1.1861195    
   1     7    0.2209947       0.2302376       0.0411751       1.1861195    
   1     8    0.2209947       0.2302376       0.0411751       1.1861195    
   1     9    0.2209947       0.2302376       0.0411751       1.1861195    
   1    10    0.2209947       0.2302376       0.0411751       1.1861195    
   1    11    0.2209947       0.2302376       0.0411751       1.1861195    
   1    12    0.2209947       0.2302376       0.0411751       1.1861195    
   1    13    0.2209947       0.2302376       0.0411751       1.1861195    
   1    14    0.2209947       0.2302376       0.0411751       1.1861195    
   1    15    0.2209947       0.2302376       0.0411751       1.1861195    
   1    16    0.2209947       0.2302376       0.0411751       1.1861195    
   1    17    0.2209947       0.2302376       0.0411751       1.1861195    
   1    18    0.2209947       0.2302376       0.0411751       1.1861195    
   1    19    0.2209947       0.2302376       0.0411751       1.1861195    
   1    20    0.2209947       0.2302376       0.0411751       1.1861195    
   1    21    0.2209947       0.2302376       0.0411751       1.1861195    
   1    22    0.2209947       0.2302376       0.0411751       1.1861195    
   1    23    0.2209947       0.2302376       0.0411751       1.1861195    
   1    24    0.2209947       0.2302376       0.0411751       1.1861195    
   1    25    0.2209947       0.2302376       0.0411751       1.1861195    
   1    26    0.2209947       0.2302376       0.0411751       1.1861195    
   1    27    0.2209947       0.2302376       0.0411751       1.1861195    
   1    28    0.2209947       0.2302376       0.0411751       1.1861195    
   1    29    0.2209947       0.2302376       0.0411751       1.1861195    
   2     1    0.3481966       0.3461332       0.0685766       1.7679638    
   2     2    0.3481966       0.3461332       0.0685766       1.7679638    
   2     3    0.3481966       0.3461332       0.0685766       1.7679638    
   2     4    0.3481966       0.3461332       0.0685766       1.7679638    
   2     5    0.3481966       0.3461332       0.0685766       1.7679638    
   2     6    0.3481966       0.3461332       0.0685766       1.7679638    
   2     7    0.3481966       0.3461332       0.0685766       1.7679638    
   2     8    0.3481966       0.3461332       0.0685766       1.7679638    
   2     9    0.3481966       0.3461332       0.0685766       1.7679638    
   2    10    0.3481966       0.3461332       0.0685766       1.7679638    
   2    11    0.3481966       0.3461332       0.0685766       1.7679638    
   2    12    0.3481966       0.3461332       0.0685766       1.7679638    
   2    13    0.3481966       0.3461332       0.0685766       1.7679638    
   2    14    0.3481966       0.3461332       0.0685766       1.7679638    
   2    15    0.3481966       0.3461332       0.0685766       1.7679638    
   2    16    0.3481966       0.3461332       0.0685766       1.7679638    
   2    17    0.3481966       0.3461332       0.0685766       1.7679638    
   2    18    0.3481966       0.3461332       0.0685766       1.7679638    
   2    19    0.3481966       0.3461332       0.0685766       1.7679638    
   2    20    0.3481966       0.3461332       0.0685766       1.7679638    
   2    21    0.3481966       0.3461332       0.0685766       1.7679638    
   2    22    0.3481966       0.3461332       0.0685766       1.7679638    
   2    23    0.3481966       0.3461332       0.0685766       1.7679638    
   2    24    0.3481966       0.3461332       0.0685766       1.7679638    
   2    25    0.3481966       0.3461332       0.0685766       1.7679638    
   2    26    0.3481966       0.3461332       0.0685766       1.7679638    
   2    27    0.3481966       0.3461332       0.0685766       1.7679638    
   2    28    0.3481966       0.3461332       0.0685766       1.7679638    
   2    29    0.3481966       0.3461332       0.0685766       1.7679638    

         Population Estimates of { Phi(~1)p(~sex)pent(~1)N(~1) }
                                                95% Confidence Interval
 Grp. Occ.   N-hat           Standard Error      Lower           Upper
 ---- ----   --------------  --------------  --------------  --------------
   1     1    16.176740       4.3798755       9.6047611       27.245542    
   1     2    16.352269       4.1909508       9.9742097       26.808810    
   1     3    16.550267       4.0045579       10.369654       26.414705    

  Program  MARK  - Survival Rate Estimation with Capture-Recapture Data
   gfortran(dble) Vers. 9.0 Mar 2018    25-Mar-2020 14:32:12    Page  012
 - - - - - - - - - - - - - - - - - - - - - - - - - - - - - - - - - - - - - -
 
   1     4    16.747988       3.8226916       10.768015       26.048914    
   1     5    16.921911       3.6477845       11.143863       25.695853    
   1     6    17.071615       3.4806364       11.494464       25.354816    
   1     7    17.268602       3.3154854       11.893357       25.073207    
   1     8    17.465312       3.1578312       12.288738       24.822493    
   1     9    17.637219       3.0108051       12.652116       24.586517    
   1    10    17.808642       2.8730893       13.007209       24.382458    
   1    11    17.954610       2.7478588       13.324625       24.193405    
   1    12    18.150356       2.6303469       13.682558       24.077035    
   1    13    18.244086       2.5330958       13.915499       23.919133    
   1    14    18.413804       2.4441656       14.211822       23.858179    
   1    15    18.377481       2.3838017       14.266983       23.672265    
   1    16    18.572632       2.3214892       14.550821       23.706060    
   1    17    18.741426       2.2797313       14.778810       23.766532    
   1    18    18.936065       2.2569879       15.003439       23.899491    
   1    19    19.050766       2.2534139       15.120844       24.002080    
   1    20    17.147762       2.6463312       12.694495       23.163248    
   1    21    17.296515       2.6259831       12.866519       23.251777    
   1    22    15.395678       3.4248219       10.007473       23.684991    
   1    23    15.422909       3.4441941       10.008829       23.765630    
   1    24    15.578928       3.4193952       10.183534       23.832887    
   1    25    15.778015       3.3901088       10.404401       23.926965    
   1    26    15.976821       3.3753139       10.607645       24.063664    
   1    27    15.776284       3.5190276       10.243161       24.298275    
   1    28    15.975093       3.5220806       10.423060       24.484519    
   1    29    16.173622       3.5390391       10.585742       24.711169    
   1    30    15.444930       3.8614590       9.5320590       25.025637    
   2     1    25.487883       7.5563530       14.430141       45.019116    
   2     2    25.764444       7.2370753       15.012187       44.217847    
   2     3    26.076408       6.9167639       15.641896       43.471652    
   2     4    26.387934       6.5990704       16.283726       42.761900    
   2     5    26.661965       6.2893357       16.896986       42.070248    
   2     6    26.897837       5.9890788       17.477254       41.396298    
   2     7    27.208207       5.6808571       18.149518       40.788222    
   2     8    27.518142       5.3767827       18.830193       40.214570    
   2     9    27.788996       5.0847566       19.471525       39.659365    
   2    10    28.059089       4.7986005       20.116306       39.138025    
   2    11    28.289075       4.5276324       20.713000       38.636207    
   2    12    28.597489       4.2469215       21.409432       38.198883    
   2    13    28.745169       4.0129952       21.892881       37.742167    
   2    14    29.012575       3.7606053       22.527392       37.364712    
   2    15    28.955345       3.6105460       22.698468       36.936941    
   2    16    29.262822       3.3716030       23.364896       36.649542    
   2    17    29.528773       3.1623792       23.952133       36.403789    
   2    18    29.835443       2.9615640       24.572249       36.225974    
   2    19    30.016165       2.8223125       24.974360       36.075807    

  Program  MARK  - Survival Rate Estimation with Capture-Recapture Data
   gfortran(dble) Vers. 9.0 Mar 2018    25-Mar-2020 14:32:12    Page  013
 - - - - - - - - - - - - - - - - - - - - - - - - - - - - - - - - - - - - - -
 
   2    20    27.017814       4.1285993       20.059744       36.389413    
   2    21    27.252187       4.0013470       20.468492       36.284144    
   2    22    24.257251       5.5902697       15.531177       37.886004    
   2    23    24.300156       5.5773390       15.586223       37.885867    
   2    24    24.545978       5.4762384       15.935812       37.808243    
   2    25    24.859656       5.3578641       16.372517       37.746335    
   2    26    25.172893       5.2585497       16.788484       37.744595    
   2    27    24.856930       5.4876745       16.208962       38.118848    
   2    28    25.170171       5.4178554       16.585673       38.197877    
   2    29    25.482971       5.3681761       16.938610       38.337372    
   2    30    24.334851       5.9936948       15.123503       39.156601    

      Gross Population Estimates of { Phi(~1)p(~sex)pent(~1)N(~1) }
                                                95% Confidence Interval
 Grp. Occ.   N*-hat          Standard Error      Lower           Upper
 ---- ----   --------------  --------------  --------------  --------------
   1     0    22.633211       3.8849373       16.206756       31.607943    
   2     0    35.660623       3.9144737       28.775992       44.192397    

   CPU Time for the last procedure was 0.09 seconds.     


  INPUT --- proc stop;

     CPU Time in minutes for this job was 0.00

     Time Start = 14:32:11.781   Time End = 14:32:12.154

     Wall Clock Time in minutes for this job was 0.01


          E X E C U T I O N   S U C C E S S F U L 
