
   Program  MARK  - Survival Rate Estimation with Capture-Recapture Data
   gfortran(dble) Vers. 9.0 Mar 2018    25-Mar-2020 14:19:52    Page  001
 - - - - - - - - - - - - - - - - - - - - - - - - - - - - - - - - - - - - - -
 
   This version was compiled by GCC version 7.2.0 using the options: 
     -cpp -iprefix C:/Program Files/mingw-w64/x86_64-7.2.0-posix-seh-rt_v5-rev1/
     mingw64/bin/../lib/gcc/x86_64-w64-mingw32/7.2.0/ -D_MT -D_REENTRANT
     -U_REENTRANT -D IEEE -D DBLEPRECISION -m64 -mtune=core2 -march=nocona -mthreads
     -O2 -fimplicit-none -fbounds-check -funroll-loops -ftree-vectorize
     -ffpe-summary=invalid,zero,overflow,underflow -fno-unsafe-math-optimizations
     -frounding-math -fsignaling-nans -fopenmp.

   This problem will use 15 of 16 possible threads.


  INPUT --- proc title ;

   CPU Time for the last procedure was 0.01 seconds.     


  INPUT --- proc chmatrix occasions= 33 groups= 2 etype= POPAN Nodes= 
  INPUT --- 101 ICMeans NoHist hist= 41  ;

  INPUT ---    time interval 0.00547945205479452 0.00273972602739726 
  INPUT ---    0.00273972602739726 0.00547945205479452  
  INPUT ---    0.00821917808219178 0.00273972602739726 0.00273972602739726 
  INPUT ---    0.00547945205479452  0.00547945205479452 
  INPUT ---    0.00821917808219178 0.00273972602739726 0.0136986301369863 
  INPUT ---    0.00547945205479452  0.0273972602739726 0.00273972602739726 
  INPUT ---    0.00547945205479452 0.00273972602739726 0.010958904109589  
  INPUT ---    0.23013698630137 0.00821917808219178 0.254794520547945 
  INPUT ---    0.0246575342465753 0.00821917808219178  0.00273972602739726 
  INPUT ---    0.00273972602739726 0.0520547945205479 0.00273972602739726 
  INPUT ---    0.00273972602739726  0.117808219178082 0.575342465753425 
  INPUT ---    0.00273972602739726 0.00273972602739726 ;

  INPUT ---    glabel(1)=sexF;

  INPUT ---    glabel(2)=sexM;

   * *  WARNING  * *   At least a pair of the encounter histories are duplicates. 

      Number of unique encounter histories read was 38.

      Number of individual covariates read was 0.
      Time interval lengths vary and/or not equal to 1.

      Data type number is 19
      Data type is POPAN                                                                                               

   CPU Time for the last procedure was 0.01 seconds.     

  Program  MARK  - Survival Rate Estimation with Capture-Recapture Data
   gfortran(dble) Vers. 9.0 Mar 2018    25-Mar-2020 14:19:52    Page  002
 - - - - - - - - - - - - - - - - - - - - - - - - - - - - - - - - - - - - - -
 


  INPUT --- proc estimate link=Parm-Specific NOLOOP varest=2ndPart    ;


  INPUT --- model={ Phi(~sex)p(~sex)pent(~sex)N(~1) };

  INPUT ---    group=1 Phi    rows=1 cols=32 Square ;
  INPUT ---        1 1 1 1 1 1 1 1 1 1 1 1 1 1 1 1 1 1 1 1 1 1 1 1 1 1 1 1 1 
  INPUT ---       1 1 1 ;

  INPUT ---    group=2 Phi    rows=1 cols=32 Square ;
  INPUT ---        2 2 2 2 2 2 2 2 2 2 2 2 2 2 2 2 2 2 2 2 2 2 2 2 2 2 2 2 2 
  INPUT ---       2 2 2 ;

  INPUT ---    group=1 p    rows=1 cols=33 Square ;
  INPUT ---        3 3 3 3 3 3 3 3 3 3 3 3 3 3 3 3 3 3 3 3 3 3 3 3 3 3 3 3 3 
  INPUT ---       3 3 3 3 ;

  INPUT ---    group=2 p    rows=1 cols=33 Square ;
  INPUT ---        4 4 4 4 4 4 4 4 4 4 4 4 4 4 4 4 4 4 4 4 4 4 4 4 4 4 4 4 4 
  INPUT ---       4 4 4 4 ;

  INPUT ---    group=1 pent    rows=1 cols=32 Square ;
  INPUT ---        6 7 8 9 10 11 12 13 14 15 16 17 18 19 20 21 22 23 24 25 26 
  INPUT ---       27 28 29 30 31 32 33 34 35 36 37 ;

  INPUT ---    group=2 pent    rows=1 cols=32 Square ;
  INPUT ---        38 39 40 41 42 43 44 45 46 47 48 49 50 51 52 53 54 55 56 
  INPUT ---       57 58 59 60 61 62 63 64 65 66 67 68 69 ;

  INPUT ---    group=1 N    rows=1 cols=1 Square ;
  INPUT ---        5 ;

  INPUT ---    group=2 N    rows=1 cols=1 Square ;
  INPUT ---        5 ;

  INPUT ---    design matrix constraints=69 covariates=7;
  INPUT ---        1 0 0 0 0 0 0;
  INPUT ---        1 1 0 0 0 0 0;
  INPUT ---        0 0 1 0 0 0 0;
  INPUT ---        0 0 1 1 0 0 0;
  INPUT ---        0 0 0 0 0 0 1;
  INPUT ---        0 0 0 0 1 0 0;
  INPUT ---        0 0 0 0 1 0 0;
  INPUT ---        0 0 0 0 1 0 0;

  Program  MARK  - Survival Rate Estimation with Capture-Recapture Data
   gfortran(dble) Vers. 9.0 Mar 2018    25-Mar-2020 14:19:52    Page  003
 - - - - - - - - - - - - - - - - - - - - - - - - - - - - - - - - - - - - - -
 
  INPUT ---        0 0 0 0 1 0 0;
  INPUT ---        0 0 0 0 1 0 0;
  INPUT ---        0 0 0 0 1 0 0;
  INPUT ---        0 0 0 0 1 0 0;
  INPUT ---        0 0 0 0 1 0 0;
  INPUT ---        0 0 0 0 1 0 0;
  INPUT ---        0 0 0 0 1 0 0;
  INPUT ---        0 0 0 0 1 0 0;
  INPUT ---        0 0 0 0 1 0 0;
  INPUT ---        0 0 0 0 1 0 0;
  INPUT ---        0 0 0 0 1 0 0;
  INPUT ---        0 0 0 0 1 0 0;
  INPUT ---        0 0 0 0 1 0 0;
  INPUT ---        0 0 0 0 1 0 0;
  INPUT ---        0 0 0 0 1 0 0;
  INPUT ---        0 0 0 0 1 0 0;
  INPUT ---        0 0 0 0 1 0 0;
  INPUT ---        0 0 0 0 1 0 0;
  INPUT ---        0 0 0 0 1 0 0;
  INPUT ---        0 0 0 0 1 0 0;
  INPUT ---        0 0 0 0 1 0 0;
  INPUT ---        0 0 0 0 1 0 0;
  INPUT ---        0 0 0 0 1 0 0;
  INPUT ---        0 0 0 0 1 0 0;
  INPUT ---        0 0 0 0 1 0 0;
  INPUT ---        0 0 0 0 1 0 0;
  INPUT ---        0 0 0 0 1 0 0;
  INPUT ---        0 0 0 0 1 0 0;
  INPUT ---        0 0 0 0 1 0 0;
  INPUT ---        0 0 0 0 1 1 0;
  INPUT ---        0 0 0 0 1 1 0;
  INPUT ---        0 0 0 0 1 1 0;
  INPUT ---        0 0 0 0 1 1 0;
  INPUT ---        0 0 0 0 1 1 0;
  INPUT ---        0 0 0 0 1 1 0;
  INPUT ---        0 0 0 0 1 1 0;
  INPUT ---        0 0 0 0 1 1 0;
  INPUT ---        0 0 0 0 1 1 0;
  INPUT ---        0 0 0 0 1 1 0;
  INPUT ---        0 0 0 0 1 1 0;
  INPUT ---        0 0 0 0 1 1 0;
  INPUT ---        0 0 0 0 1 1 0;
  INPUT ---        0 0 0 0 1 1 0;
  INPUT ---        0 0 0 0 1 1 0;
  INPUT ---        0 0 0 0 1 1 0;
  INPUT ---        0 0 0 0 1 1 0;

  Program  MARK  - Survival Rate Estimation with Capture-Recapture Data
   gfortran(dble) Vers. 9.0 Mar 2018    25-Mar-2020 14:19:53    Page  004
 - - - - - - - - - - - - - - - - - - - - - - - - - - - - - - - - - - - - - -
 
  INPUT ---        0 0 0 0 1 1 0;
  INPUT ---        0 0 0 0 1 1 0;
  INPUT ---        0 0 0 0 1 1 0;
  INPUT ---        0 0 0 0 1 1 0;
  INPUT ---        0 0 0 0 1 1 0;
  INPUT ---        0 0 0 0 1 1 0;
  INPUT ---        0 0 0 0 1 1 0;
  INPUT ---        0 0 0 0 1 1 0;
  INPUT ---        0 0 0 0 1 1 0;
  INPUT ---        0 0 0 0 1 1 0;
  INPUT ---        0 0 0 0 1 1 0;
  INPUT ---        0 0 0 0 1 1 0;
  INPUT ---        0 0 0 0 1 1 0;
  INPUT ---        0 0 0 0 1 1 0;
  INPUT ---        0 0 0 0 1 1 0;

  INPUT ---    links=69;

  INPUT ---    Logit;

  INPUT ---    Logit;

  INPUT ---    Logit;

  INPUT ---    Logit;

  INPUT ---    Log;

  INPUT ---    mlogit(1);

  INPUT ---    mlogit(1);

  INPUT ---    mlogit(1);

  INPUT ---    mlogit(1);

  INPUT ---    mlogit(1);

  INPUT ---    mlogit(1);

  INPUT ---    mlogit(1);

  INPUT ---    mlogit(1);

  INPUT ---    mlogit(1);


  Program  MARK  - Survival Rate Estimation with Capture-Recapture Data
   gfortran(dble) Vers. 9.0 Mar 2018    25-Mar-2020 14:19:53    Page  005
 - - - - - - - - - - - - - - - - - - - - - - - - - - - - - - - - - - - - - -
 
  INPUT ---    mlogit(1);

  INPUT ---    mlogit(1);

  INPUT ---    mlogit(1);

  INPUT ---    mlogit(1);

  INPUT ---    mlogit(1);

  INPUT ---    mlogit(1);

  INPUT ---    mlogit(1);

  INPUT ---    mlogit(1);

  INPUT ---    mlogit(1);

  INPUT ---    mlogit(1);

  INPUT ---    mlogit(1);

  INPUT ---    mlogit(1);

  INPUT ---    mlogit(1);

  INPUT ---    mlogit(1);

  INPUT ---    mlogit(1);

  INPUT ---    mlogit(1);

  INPUT ---    mlogit(1);

  INPUT ---    mlogit(1);

  INPUT ---    mlogit(1);

  INPUT ---    mlogit(1);

  INPUT ---    mlogit(1);

  INPUT ---    mlogit(1);

  INPUT ---    mlogit(1);


  Program  MARK  - Survival Rate Estimation with Capture-Recapture Data
   gfortran(dble) Vers. 9.0 Mar 2018    25-Mar-2020 14:19:53    Page  006
 - - - - - - - - - - - - - - - - - - - - - - - - - - - - - - - - - - - - - -
 
  INPUT ---    mlogit(2);

  INPUT ---    mlogit(2);

  INPUT ---    mlogit(2);

  INPUT ---    mlogit(2);

  INPUT ---    mlogit(2);

  INPUT ---    mlogit(2);

  INPUT ---    mlogit(2);

  INPUT ---    mlogit(2);

  INPUT ---    mlogit(2);

  INPUT ---    mlogit(2);

  INPUT ---    mlogit(2);

  INPUT ---    mlogit(2);

  INPUT ---    mlogit(2);

  INPUT ---    mlogit(2);

  INPUT ---    mlogit(2);

  INPUT ---    mlogit(2);

  INPUT ---    mlogit(2);

  INPUT ---    mlogit(2);

  INPUT ---    mlogit(2);

  INPUT ---    mlogit(2);

  INPUT ---    mlogit(2);

  INPUT ---    mlogit(2);

  INPUT ---    mlogit(2);


  Program  MARK  - Survival Rate Estimation with Capture-Recapture Data
   gfortran(dble) Vers. 9.0 Mar 2018    25-Mar-2020 14:19:53    Page  007
 - - - - - - - - - - - - - - - - - - - - - - - - - - - - - - - - - - - - - -
 
  INPUT ---    mlogit(2);

  INPUT ---    mlogit(2);

  INPUT ---    mlogit(2);

  INPUT ---    mlogit(2);

  INPUT ---    mlogit(2);

  INPUT ---    mlogit(2);

  INPUT ---    mlogit(2);

  INPUT ---    mlogit(2);

  INPUT ---    mlogit(2);
  INPUT ---       blabel(1)=Phi:(Intercept);
  INPUT ---       blabel(2)=Phi:sexM;
  INPUT ---       blabel(3)=p:(Intercept);
  INPUT ---       blabel(4)=p:sexM;
  INPUT ---       blabel(5)=pent:(Intercept);
  INPUT ---       blabel(6)=pent:sexM;
  INPUT ---       blabel(7)=N:(Intercept);
  INPUT ---       rlabel(1)=Phi gF a0 t1;
  INPUT ---       rlabel(2)=Phi gM a0 t1;
  INPUT ---       rlabel(3)=p gF a0 t1;
  INPUT ---       rlabel(4)=p gM a0 t1;
  INPUT ---       rlabel(5)=N gF a0 t1;
  INPUT ---       rlabel(6)=pent gF a0.00547945205479452 t1.00547945205479;
  INPUT ---       rlabel(7)=pent gF a0.00821917808219178 t1.00821917808219;
  INPUT ---       rlabel(8)=pent gF a0.010958904109589 t1.01095890410959;
  INPUT ---       rlabel(9)=pent gF a0.0164383561643836 t1.01643835616438;
  INPUT ---       rlabel(10)=pent gF a0.0246575342465753 t1.02465753424658;
  INPUT ---       rlabel(11)=pent gF a0.0273972602739726 t1.02739726027397;
  INPUT ---       rlabel(12)=pent gF a0.0301369863013699 t1.03013698630137;
  INPUT ---       rlabel(13)=pent gF a0.0356164383561644 t1.03561643835616;
  INPUT ---       rlabel(14)=pent gF a0.0410958904109589 t1.04109589041096;
  INPUT ---       rlabel(15)=pent gF a0.0493150684931507 t1.04931506849315;
  INPUT ---       rlabel(16)=pent gF a0.0520547945205479 t1.05205479452055;
  INPUT ---       rlabel(17)=pent gF a0.0657534246575342 t1.06575342465753;
  INPUT ---       rlabel(18)=pent gF a0.0712328767123288 t1.07123287671233;
  INPUT ---       rlabel(19)=pent gF a0.0986301369863014 t1.0986301369863;
  INPUT ---       rlabel(20)=pent gF a0.101369863013699 t1.1013698630137;
  INPUT ---       rlabel(21)=pent gF a0.106849315068493 t1.10684931506849;
  INPUT ---       rlabel(22)=pent gF a0.10958904109589 t1.10958904109589;

  Program  MARK  - Survival Rate Estimation with Capture-Recapture Data
   gfortran(dble) Vers. 9.0 Mar 2018    25-Mar-2020 14:19:53    Page  008
 - - - - - - - - - - - - - - - - - - - - - - - - - - - - - - - - - - - - - -
 
  INPUT ---       rlabel(23)=pent gF a0.120547945205479 t1.12054794520548;
  INPUT ---       rlabel(24)=pent gF a0.350684931506849 t1.35068493150685;
  INPUT ---       rlabel(25)=pent gF a0.358904109589041 t1.35890410958904;
  INPUT ---       rlabel(26)=pent gF a0.613698630136986 t1.61369863013699;
  INPUT ---       rlabel(27)=pent gF a0.638356164383562 t1.63835616438356;
  INPUT ---       rlabel(28)=pent gF a0.646575342465753 t1.64657534246575;
  INPUT ---       rlabel(29)=pent gF a0.649315068493151 t1.64931506849315;
  INPUT ---       rlabel(30)=pent gF a0.652054794520548 t1.65205479452055;
  INPUT ---       rlabel(31)=pent gF a0.704109589041096 t1.7041095890411;
  INPUT ---       rlabel(32)=pent gF a0.706849315068493 t1.70684931506849;
  INPUT ---       rlabel(33)=pent gF a0.70958904109589 t1.70958904109589;
  INPUT ---       rlabel(34)=pent gF a0.827397260273973 t1.82739726027397;
  INPUT ---       rlabel(35)=pent gF a1.4027397260274 t2.4027397260274;
  INPUT ---       rlabel(36)=pent gF a1.40547945205479 t2.40547945205479;
  INPUT ---       rlabel(37)=pent gF a1.40821917808219 t2.40821917808219;
  INPUT ---       rlabel(38)=pent gM a0.00547945205479452 t1.00547945205479;
  INPUT ---       rlabel(39)=pent gM a0.00821917808219178 t1.00821917808219;
  INPUT ---       rlabel(40)=pent gM a0.010958904109589 t1.01095890410959;
  INPUT ---       rlabel(41)=pent gM a0.0164383561643836 t1.01643835616438;
  INPUT ---       rlabel(42)=pent gM a0.0246575342465753 t1.02465753424658;
  INPUT ---       rlabel(43)=pent gM a0.0273972602739726 t1.02739726027397;
  INPUT ---       rlabel(44)=pent gM a0.0301369863013699 t1.03013698630137;
  INPUT ---       rlabel(45)=pent gM a0.0356164383561644 t1.03561643835616;
  INPUT ---       rlabel(46)=pent gM a0.0410958904109589 t1.04109589041096;
  INPUT ---       rlabel(47)=pent gM a0.0493150684931507 t1.04931506849315;
  INPUT ---       rlabel(48)=pent gM a0.0520547945205479 t1.05205479452055;
  INPUT ---       rlabel(49)=pent gM a0.0657534246575342 t1.06575342465753;
  INPUT ---       rlabel(50)=pent gM a0.0712328767123288 t1.07123287671233;
  INPUT ---       rlabel(51)=pent gM a0.0986301369863014 t1.0986301369863;
  INPUT ---       rlabel(52)=pent gM a0.101369863013699 t1.1013698630137;
  INPUT ---       rlabel(53)=pent gM a0.106849315068493 t1.10684931506849;
  INPUT ---       rlabel(54)=pent gM a0.10958904109589 t1.10958904109589;
  INPUT ---       rlabel(55)=pent gM a0.120547945205479 t1.12054794520548;
  INPUT ---       rlabel(56)=pent gM a0.350684931506849 t1.35068493150685;
  INPUT ---       rlabel(57)=pent gM a0.358904109589041 t1.35890410958904;
  INPUT ---       rlabel(58)=pent gM a0.613698630136986 t1.61369863013699;
  INPUT ---       rlabel(59)=pent gM a0.638356164383562 t1.63835616438356;
  INPUT ---       rlabel(60)=pent gM a0.646575342465753 t1.64657534246575;
  INPUT ---       rlabel(61)=pent gM a0.649315068493151 t1.64931506849315;
  INPUT ---       rlabel(62)=pent gM a0.652054794520548 t1.65205479452055;
  INPUT ---       rlabel(63)=pent gM a0.704109589041096 t1.7041095890411;
  INPUT ---       rlabel(64)=pent gM a0.706849315068493 t1.70684931506849;
  INPUT ---       rlabel(65)=pent gM a0.70958904109589 t1.70958904109589;
  INPUT ---       rlabel(66)=pent gM a0.827397260273973 t1.82739726027397;
  INPUT ---       rlabel(67)=pent gM a1.4027397260274 t2.4027397260274;
  INPUT ---       rlabel(68)=pent gM a1.40547945205479 t2.40547945205479;

  Program  MARK  - Survival Rate Estimation with Capture-Recapture Data
   gfortran(dble) Vers. 9.0 Mar 2018    25-Mar-2020 14:19:53    Page  009
 - - - - - - - - - - - - - - - - - - - - - - - - - - - - - - - - - - - - - -
 
  INPUT ---       rlabel(69)=pent gM a1.40821917808219 t2.40821917808219;

 Link Function Used is PARM-SPECIFIC

 Variance Estimation Procedure Used is 2ndPart 

 M(t+1):
      16     29



 Group: 1

 U(t)+UL(t):
       0    2    2    0    1    0    3    1    1    0    0    0    0    0    1
       0    0    0    2    1    1    0    0    0    1    0    0    0    0    0
       0    0    0

 U(t):
       0    2    2    0    1    0    3    1    1    0    0    0    0    0    1
       0    0    0    2    1    1    0    0    0    1    0    0    0    0    0
       0    0    0

 UL(t):
       0    0    0    0    0    0    0    0    0    0    0    0    0    0    0
       0    0    0    0    0    0    0    0    0    0    0    0    0    0    0
       0    0    0

 Not Released(t):
       0    0    0    0    0    0    0    0    0    0    0    0    0    0    0
       0    0    0    0    0    0    0    0    0    0    0    0    0    0    0
       0    0    0

 Group: 2

 U(t)+UL(t):
       3    0    1    1    1    1    1    0    1    1    2    1    3    3    1
       1    0    2    3    1    0    0    1    0    0    0    0    0    0    1
       0    0    0

 U(t):
       3    0    1    1    1    1    1    0    1    1    2    1    3    3    1
       1    0    2    3    1    0    0    1    0    0    0    0    0    0    1
       0    0    0

 UL(t):
       0    0    0    0    0    0    0    0    0    0    0    0    0    0    0
       0    0    0    0    0    0    0    0    0    0    0    0    0    0    0
       0    0    0

 Not Released(t):
       0    0    0    0    0    0    0    0    0    0    0    0    0    0    0
       0    0    0    0    0    0    0    0    0    0    0    0    0    0    0
       0    0    0
 -2logL(saturated) = 272.93564     
 Effective Sample Size = 103

 Number of function evaluations was 29 for 7 parameters.
 Time for numerical optimization was 0.30 seconds.     
 -2logL { Phi(~sex)p(~sex)pent(~sex)N(~1) } = 552.89274     
 Penalty { Phi(~sex)p(~sex)pent(~sex)N(~1) } = 0.0000000     
 Gradient { Phi(~sex)p(~sex)pent(~sex)N(~1) }:
  0.1215587E-04 -0.4399195E-05  0.8460455E-05   0.000000      0.2563662E-05
   0.000000       0.000000    
 Maximum ABS(G) { Phi(~sex)p(~sex)pent(~sex)N(~1) } = 0.1215587E-04 
 S Vector { Phi(~sex)p(~sex)pent(~sex)N(~1) }:
   125.7895      11.84340      6.081329      3.439710     0.7460410    
  0.4804339     0.7587998E-01
 Time to compute number of parameters was 0.12 seconds.     
 Ratio Threshold = 50.000000       Max Gap (1/2) = 10.621068       Next Max Gap (1/2) = 10.621068     
 Gap Method for Num. of Estimated Parameters { Phi(~sex)p(~sex)pent(~sex)N(~1) } = 7          
 Threshold { Phi(~sex)p(~sex)pent(~sex)N(~1) } = 0.2431175E-04                 
 Numerical Threshold Method for Num. of Estimated Parameters { Phi(~sex)p(~sex)pent(~sex)N(~1) } = 7          
 Number of Estimated Parameters { Phi(~sex)p(~sex)pent(~sex)N(~1) } = 7          
 DEVIANCE { Phi(~sex)p(~sex)pent(~sex)N(~1) } = 279.95710                     
 DEVIANCE Degrees of Freedom { Phi(~sex)p(~sex)pent(~sex)N(~1) } = 34            
 c-hat { Phi(~sex)p(~sex)pent(~sex)N(~1) } = 8.2340323                     
 AIC { Phi(~sex)p(~sex)pent(~sex)N(~1) } = 566.89274                  
 AICc { Phi(~sex)p(~sex)pent(~sex)N(~1) } = 568.07169                    
 BIC { Phi(~sex)p(~sex)pent(~sex)N(~1) } = 585.33584                    
 Pearson Chisquare { Phi(~sex)p(~sex)pent(~sex)N(~1) } = 20321213.                  


             PARM-SPECIFIC Link Function Parameters of { Phi(~sex)p(~sex)pent(~sex)N(~1) }
                                                              95% Confidence Interval
 Parameter                    Beta         Standard Error      Lower           Upper
 -------------------------  --------------  --------------  --------------  --------------
    1:Phi:(Intercept)       -1.5105214       1.1148425      -3.6956127       0.6745700    
    2:Phi:sexM               2.4685414       1.3903905      -0.2566241       5.1937069    
    3:p:(Intercept)         -2.6070846       0.3557807      -3.3044147      -1.9097544    
    4:p:sexM                 0.1726246       0.4058527      -0.6228467       0.9680960    
    5:pent:(Intercept)      -4.9519514       2.6394830      -10.125338       0.2214355    
    6:pent:sexM              0.5508129       2.5180222      -4.3845107       5.4861366    
    7:N:(Intercept)          1.8200892       0.6111055       0.6223225       3.0178559    


             Real Function Parameters of { Phi(~sex)p(~sex)pent(~sex)N(~1) }
                                                               95% Confidence Interval
  Parameter                  Estimate       Standard Error      Lower           Upper
 --------------------------  --------------  --------------  --------------  --------------
     1:Phi gF a0 t1           0.1808615       0.1651646       0.0242305       0.6625257                          
     2:Phi gM a0 t1           0.7227252       0.2086533       0.2529827       0.9525202                          
     3:p gF a0 t1             0.0686839       0.0227580       0.0354200       0.1290084                          
     4:p gM a0 t1             0.0805824       0.0148965       0.0558011       0.1150284                          
     5:N gF a0 t1             22.172409       3.7719928       18.046208       34.619138                          

  Program  MARK  - Survival Rate Estimation with Capture-Recapture Data
   gfortran(dble) Vers. 9.0 Mar 2018    25-Mar-2020 14:19:53    Page  010
 - - - - - - - - - - - - - - - - - - - - - - - - - - - - - - - - - - - - - -
 
     6:pent gF a0.005479452   0.0057653       0.0124100       0.8325471E-04   0.2876755                          
     7:pent gF a0.008219178   0.0057653       0.0124100       0.8325471E-04   0.2876755                          
     8:pent gF a0.010958904   0.0057653       0.0124100       0.8325471E-04   0.2876755                          
     9:pent gF a0.016438356   0.0057653       0.0124100       0.8325471E-04   0.2876755                          
    10:pent gF a0.024657534   0.0057653       0.0124100       0.8325471E-04   0.2876755                          
    11:pent gF a0.027397260   0.0057653       0.0124100       0.8325471E-04   0.2876755                          
    12:pent gF a0.030136986   0.0057653       0.0124100       0.8325471E-04   0.2876755                          
    13:pent gF a0.035616438   0.0057653       0.0124100       0.8325471E-04   0.2876755                          
    14:pent gF a0.041095890   0.0057653       0.0124100       0.8325471E-04   0.2876755                          
    15:pent gF a0.049315068   0.0057653       0.0124100       0.8325471E-04   0.2876755                          
    16:pent gF a0.052054794   0.0057653       0.0124100       0.8325471E-04   0.2876755                          
    17:pent gF a0.065753424   0.0057653       0.0124100       0.8325471E-04   0.2876755                          
    18:pent gF a0.071232876   0.0057653       0.0124100       0.8325471E-04   0.2876755                          
    19:pent gF a0.098630136   0.0057653       0.0124100       0.8325471E-04   0.2876755                          
    20:pent gF a0.101369863   0.0057653       0.0124100       0.8325471E-04   0.2876755                          
    21:pent gF a0.106849315   0.0057653       0.0124100       0.8325471E-04   0.2876755                          
    22:pent gF a0.109589041   0.0057653       0.0124100       0.8325471E-04   0.2876755                          
    23:pent gF a0.120547945   0.0057653       0.0124100       0.8325471E-04   0.2876755                          
    24:pent gF a0.350684931   0.0057653       0.0124100       0.8325471E-04   0.2876755                          
    25:pent gF a0.358904109   0.0057653       0.0124100       0.8325471E-04   0.2876755                          
    26:pent gF a0.613698630   0.0057653       0.0124100       0.8325471E-04   0.2876755                          
    27:pent gF a0.638356164   0.0057653       0.0124100       0.8325471E-04   0.2876755                          
    28:pent gF a0.646575342   0.0057653       0.0124100       0.8325471E-04   0.2876755                          
    29:pent gF a0.649315068   0.0057653       0.0124100       0.8325471E-04   0.2876755                          
    30:pent gF a0.652054794   0.0057653       0.0124100       0.8325471E-04   0.2876755                          
    31:pent gF a0.704109589   0.0057653       0.0124100       0.8325471E-04   0.2876755                          
    32:pent gF a0.706849315   0.0057653       0.0124100       0.8325471E-04   0.2876755                          
    33:pent gF a0.709589041   0.0057653       0.0124100       0.8325471E-04   0.2876755                          
    34:pent gF a0.827397260   0.0057653       0.0124100       0.8325471E-04   0.2876755                          
    35:pent gF a1.402739726   0.0057653       0.0124100       0.8325471E-04   0.2876755                          
    36:pent gF a1.405479452   0.0057653       0.0124100       0.8325471E-04   0.2876755                          
    37:pent gF a1.408219178   0.0057653       0.0124100       0.8325471E-04   0.2876755                          
    38:pent gM a0.005479452   0.0088072       0.0090701       0.0011581       0.0637515                          
    39:pent gM a0.008219178   0.0088072       0.0090701       0.0011581       0.0637515                          
    40:pent gM a0.010958904   0.0088072       0.0090701       0.0011581       0.0637515                          
    41:pent gM a0.016438356   0.0088072       0.0090701       0.0011581       0.0637515                          
    42:pent gM a0.024657534   0.0088072       0.0090701       0.0011581       0.0637515                          
    43:pent gM a0.027397260   0.0088072       0.0090701       0.0011581       0.0637515                          
    44:pent gM a0.030136986   0.0088072       0.0090701       0.0011581       0.0637515                          
    45:pent gM a0.035616438   0.0088072       0.0090701       0.0011581       0.0637515                          
    46:pent gM a0.041095890   0.0088072       0.0090701       0.0011581       0.0637515                          
    47:pent gM a0.049315068   0.0088072       0.0090701       0.0011581       0.0637515                          
    48:pent gM a0.052054794   0.0088072       0.0090701       0.0011581       0.0637515                          
    49:pent gM a0.065753424   0.0088072       0.0090701       0.0011581       0.0637515                          
    50:pent gM a0.071232876   0.0088072       0.0090701       0.0011581       0.0637515                          
    51:pent gM a0.098630136   0.0088072       0.0090701       0.0011581       0.0637515                          

  Program  MARK  - Survival Rate Estimation with Capture-Recapture Data
   gfortran(dble) Vers. 9.0 Mar 2018    25-Mar-2020 14:19:53    Page  011
 - - - - - - - - - - - - - - - - - - - - - - - - - - - - - - - - - - - - - -
 
    52:pent gM a0.101369863   0.0088072       0.0090701       0.0011581       0.0637515                          
    53:pent gM a0.106849315   0.0088072       0.0090701       0.0011581       0.0637515                          
    54:pent gM a0.109589041   0.0088072       0.0090701       0.0011581       0.0637515                          
    55:pent gM a0.120547945   0.0088072       0.0090701       0.0011581       0.0637515                          
    56:pent gM a0.350684931   0.0088072       0.0090701       0.0011581       0.0637515                          
    57:pent gM a0.358904109   0.0088072       0.0090701       0.0011581       0.0637515                          
    58:pent gM a0.613698630   0.0088072       0.0090701       0.0011581       0.0637515                          
    59:pent gM a0.638356164   0.0088072       0.0090701       0.0011581       0.0637515                          
    60:pent gM a0.646575342   0.0088072       0.0090701       0.0011581       0.0637515                          
    61:pent gM a0.649315068   0.0088072       0.0090701       0.0011581       0.0637515                          
    62:pent gM a0.652054794   0.0088072       0.0090701       0.0011581       0.0637515                          
    63:pent gM a0.704109589   0.0088072       0.0090701       0.0011581       0.0637515                          
    64:pent gM a0.706849315   0.0088072       0.0090701       0.0011581       0.0637515                          
    65:pent gM a0.709589041   0.0088072       0.0090701       0.0011581       0.0637515                          
    66:pent gM a0.827397260   0.0088072       0.0090701       0.0011581       0.0637515                          
    67:pent gM a1.402739726   0.0088072       0.0090701       0.0011581       0.0637515                          
    68:pent gM a1.405479452   0.0088072       0.0090701       0.0011581       0.0637515                          
    69:pent gM a1.408219178   0.0088072       0.0090701       0.0011581       0.0637515                          


                      Estimates of Derived Parameters
 Gross Birth+Immigration Estimates of { Phi(~sex)p(~sex)pent(~sex)N(~1) }
                                                95% Confidence Interval
 Grp. Occ.   B*-hat          Standard Error      Lower           Upper
 ---- ----   --------------  --------------  --------------  --------------
   1     1    0.1284310       0.2888537       0.0092509       1.7830268    
   1     2    0.1281309       0.2880855       0.0092329       1.7781591    
   1     3    0.1281309       0.2880855       0.0092329       1.7781591    
   1     4    0.1284310       0.2888537       0.0092509       1.7830268    
   1     5    0.1287316       0.2896232       0.0092689       1.7879035    
   1     6    0.1281309       0.2880855       0.0092329       1.7781591    
   1     7    0.1281309       0.2880855       0.0092329       1.7781591    
   1     8    0.1284310       0.2888537       0.0092509       1.7830268    
   1     9    0.1284310       0.2888537       0.0092509       1.7830268    
   1    10    0.1287316       0.2896232       0.0092689       1.7879035    
   1    11    0.1281309       0.2880855       0.0092329       1.7781591    
   1    12    0.1293342       0.2911665       0.0093049       1.7976846    
   1    13    0.1284310       0.2888537       0.0092509       1.7830268    
   1    14    0.1308490       0.2950493       0.0093955       1.8222970    
   1    15    0.1281309       0.2880855       0.0092329       1.7781591    
   1    16    0.1284310       0.2888537       0.0092509       1.7830268    
   1    17    0.1281309       0.2880855       0.0092329       1.7781591    
   1    18    0.1290327       0.2903942       0.0092869       1.7927895    
   1    19    0.1546301       0.3565998       0.0108035       2.2132171    
   1    20    0.1287316       0.2896232       0.0092689       1.7879035    

  Program  MARK  - Survival Rate Estimation with Capture-Recapture Data
   gfortran(dble) Vers. 9.0 Mar 2018    25-Mar-2020 14:19:53    Page  012
 - - - - - - - - - - - - - - - - - - - - - - - - - - - - - - - - - - - - - -
 
   1    21    0.1576954       0.3646043       0.0109833       2.2641463    
   1    22    0.1305451       0.2942700       0.0093774       1.8173562    
   1    23    0.1287316       0.2896232       0.0092689       1.7879035    
   1    24    0.1281309       0.2880855       0.0092329       1.7781591    
   1    25    0.1281309       0.2880855       0.0092329       1.7781591    
   1    26    0.1336050       0.3021266       0.0095601       1.8671752    
   1    27    0.1281309       0.2880855       0.0092329       1.7781591    
   1    28    0.1281309       0.2880855       0.0092329       1.7781591    
   1    29    0.1411393       0.3215538       0.0100079       1.9904678    
   1    30    0.2008631       0.4785628       0.0134901       2.9907901    
   1    31    0.1281309       0.2880855       0.0092329       1.7781591    
   1    32    0.1281309       0.2880855       0.0092329       1.7781591    
   2     1    0.3100456       0.3424656       0.0538576       1.7848595    
   2     2    0.3099078       0.3422571       0.0538443       1.7837127    
   2     3    0.3099078       0.3422571       0.0538443       1.7837127    
   2     4    0.3100456       0.3424656       0.0538576       1.7848595    
   2     5    0.3101835       0.3426741       0.0538709       1.7860070    
   2     6    0.3099078       0.3422571       0.0538443       1.7837127    
   2     7    0.3099078       0.3422571       0.0538443       1.7837127    
   2     8    0.3100456       0.3424656       0.0538576       1.7848595    
   2     9    0.3100456       0.3424656       0.0538576       1.7848595    
   2    10    0.3101835       0.3426741       0.0538709       1.7860070    
   2    11    0.3099078       0.3422571       0.0538443       1.7837127    
   2    12    0.3104594       0.3430916       0.0538975       1.7883040    
   2    13    0.3100456       0.3424656       0.0538576       1.7848595    
   2    14    0.3111499       0.3441373       0.0539638       1.7940586    
   2    15    0.3099078       0.3422571       0.0538443       1.7837127    
   2    16    0.3100456       0.3424656       0.0538576       1.7848595    
   2    17    0.3099078       0.3422571       0.0538443       1.7837127    
   2    18    0.3103214       0.3428828       0.0538842       1.7871551    
   2    19    0.3214889       0.3599437       0.0549400       1.8812362    
   2    20    0.3101835       0.3426741       0.0538709       1.7860070    
   2    21    0.3227616       0.3619083       0.0550580       1.8920960    
   2    22    0.3110118       0.3439279       0.0539506       1.7929063    
   2    23    0.3101835       0.3426741       0.0538709       1.7860070    
   2    24    0.3099078       0.3422571       0.0538443       1.7837127    
   2    25    0.3099078       0.3422571       0.0538443       1.7837127    
   2    26    0.3123954       0.3460267       0.0540832       1.8044601    
   2    27    0.3099078       0.3422571       0.0538443       1.7837127    
   2    28    0.3099078       0.3422571       0.0538443       1.7837127    
   2    29    0.3157329       0.3511097       0.0544005       1.8324697    
   2    30    0.3396074       0.3882775       0.0565815       2.0383550    
   2    31    0.3099078       0.3422571       0.0538443       1.7837127    
   2    32    0.3099078       0.3422571       0.0538443       1.7837127    

  Net Birth+Immigration Estimates of { Phi(~sex)p(~sex)pent(~sex)N(~1) }
                                                95% Confidence Interval
 Grp. Occ.   B-hat           Standard Error      Lower           Upper
 ---- ----   --------------  --------------  --------------  --------------
   1     1    0.1278312       0.2873187       0.0092149       1.7733006    
   1     2    0.1278312       0.2873187       0.0092149       1.7733006    
   1     3    0.1278312       0.2873187       0.0092149       1.7733006    
   1     4    0.1278312       0.2873187       0.0092149       1.7733006    
   1     5    0.1278312       0.2873187       0.0092149       1.7733006    
   1     6    0.1278312       0.2873187       0.0092149       1.7733006    
   1     7    0.1278312       0.2873187       0.0092149       1.7733006    
   1     8    0.1278312       0.2873187       0.0092149       1.7733006    
   1     9    0.1278312       0.2873187       0.0092149       1.7733006    
   1    10    0.1278312       0.2873187       0.0092149       1.7733006    
   1    11    0.1278312       0.2873187       0.0092149       1.7733006    
   1    12    0.1278312       0.2873187       0.0092149       1.7733006    
   1    13    0.1278312       0.2873187       0.0092149       1.7733006    
   1    14    0.1278312       0.2873187       0.0092149       1.7733006    
   1    15    0.1278312       0.2873187       0.0092149       1.7733006    
   1    16    0.1278312       0.2873187       0.0092149       1.7733006    
   1    17    0.1278312       0.2873187       0.0092149       1.7733006    
   1    18    0.1278312       0.2873187       0.0092149       1.7733006    
   1    19    0.1278312       0.2873187       0.0092149       1.7733006    
   1    20    0.1278312       0.2873187       0.0092149       1.7733006    
   1    21    0.1278312       0.2873187       0.0092149       1.7733006    
   1    22    0.1278312       0.2873187       0.0092149       1.7733006    
   1    23    0.1278312       0.2873187       0.0092149       1.7733006    
   1    24    0.1278312       0.2873187       0.0092149       1.7733006    
   1    25    0.1278312       0.2873187       0.0092149       1.7733006    
   1    26    0.1278312       0.2873187       0.0092149       1.7733006    
   1    27    0.1278312       0.2873187       0.0092149       1.7733006    
   1    28    0.1278312       0.2873187       0.0092149       1.7733006    
   1    29    0.1278312       0.2873187       0.0092149       1.7733006    
   1    30    0.1278312       0.2873187       0.0092149       1.7733006    
   1    31    0.1278312       0.2873187       0.0092149       1.7733006    
   1    32    0.1278312       0.2873187       0.0092149       1.7733006    
   2     1    0.3097699       0.3420488       0.0538310       1.7825666    
   2     2    0.3097699       0.3420488       0.0538310       1.7825666    
   2     3    0.3097699       0.3420488       0.0538310       1.7825666    
   2     4    0.3097699       0.3420488       0.0538310       1.7825666    
   2     5    0.3097699       0.3420488       0.0538310       1.7825666    
   2     6    0.3097699       0.3420488       0.0538310       1.7825666    
   2     7    0.3097699       0.3420488       0.0538310       1.7825666    
   2     8    0.3097699       0.3420488       0.0538310       1.7825666    
   2     9    0.3097699       0.3420488       0.0538310       1.7825666    
   2    10    0.3097699       0.3420488       0.0538310       1.7825666    
   2    11    0.3097699       0.3420488       0.0538310       1.7825666    
   2    12    0.3097699       0.3420488       0.0538310       1.7825666    
   2    13    0.3097699       0.3420488       0.0538310       1.7825666    
   2    14    0.3097699       0.3420488       0.0538310       1.7825666    
   2    15    0.3097699       0.3420488       0.0538310       1.7825666    
   2    16    0.3097699       0.3420488       0.0538310       1.7825666    
   2    17    0.3097699       0.3420488       0.0538310       1.7825666    
   2    18    0.3097699       0.3420488       0.0538310       1.7825666    
   2    19    0.3097699       0.3420488       0.0538310       1.7825666    
   2    20    0.3097699       0.3420488       0.0538310       1.7825666    
   2    21    0.3097699       0.3420488       0.0538310       1.7825666    
   2    22    0.3097699       0.3420488       0.0538310       1.7825666    
   2    23    0.3097699       0.3420488       0.0538310       1.7825666    
   2    24    0.3097699       0.3420488       0.0538310       1.7825666    
   2    25    0.3097699       0.3420488       0.0538310       1.7825666    
   2    26    0.3097699       0.3420488       0.0538310       1.7825666    
   2    27    0.3097699       0.3420488       0.0538310       1.7825666    
   2    28    0.3097699       0.3420488       0.0538310       1.7825666    
   2    29    0.3097699       0.3420488       0.0538310       1.7825666    
   2    30    0.3097699       0.3420488       0.0538310       1.7825666    
   2    31    0.3097699       0.3420488       0.0538310       1.7825666    
   2    32    0.3097699       0.3420488       0.0538310       1.7825666    

       Population Estimates of { Phi(~sex)p(~sex)pent(~sex)N(~1) }
                                                95% Confidence Interval
 Grp. Occ.   N-hat           Standard Error      Lower           Upper
 ---- ----   --------------  --------------  --------------  --------------
   1     1    18.081811       7.6273141       8.1804131       39.967652    
   1     2    18.041007       7.3390426       8.3783109       38.847681    

  Program  MARK  - Survival Rate Estimation with Capture-Recapture Data
   gfortran(dble) Vers. 9.0 Mar 2018    25-Mar-2020 14:19:53    Page  013
 - - - - - - - - - - - - - - - - - - - - - - - - - - - - - - - - - - - - - -
 
   1     3    18.084514       7.0666763       8.6383436       37.860228    
   1     4    18.127818       6.7975287       8.9042384       36.905770    
   1     5    18.086585       6.5229830       9.1137684       35.893445    
   1     6    17.961987       6.2462161       9.2630318       34.830171    
   1     7    18.005863       5.9878095       9.5440581       33.969944    
   1     8    18.049534       5.7336378       9.8296800       33.143062    
   1     9    18.009031       5.4806847       10.049729       32.272036    
   1    10    17.968906       5.2339525       10.270956       31.436373    
   1    11    17.845951       4.9933122       10.419385       30.565908    
   1    12    17.890370       4.7597504       10.715513       29.869343    
   1    13    17.603990       4.5409290       10.704515       28.950442    
   1    14    17.567642       4.3242684       10.920949       28.259637    
   1    15    16.891412       4.1585786       10.499679       27.174146    
   1    16    16.940292       3.9540992       10.786093       26.605881    
   1    17    16.910134       3.7678222       10.984400       26.032615    
   1    18    16.958927       3.5856075       11.256165       25.550905    
   1    19    16.771907       3.4444272       11.260852       24.980070    
   1    20    11.443243       4.0650879       5.8223973       22.490358    
   1    21    11.411364       3.9153828       5.9341961       21.943870    
   1    22    7.5088015       3.9904692       2.8250325       19.958036    
   1    23    7.3266064       3.8343425       2.7931505       19.218141    
   1    24    7.3521825       3.7011155       2.8964554       18.662323    
   1    25    7.4456492       3.5873872       3.0407845       18.231378    
   1    26    7.5386792       3.4937238       3.1756468       17.896097    
   1    27    7.0244555       3.4164810       2.8469402       17.331932    
   1    28    7.1194541       3.3571537       2.9582098       17.134223    
   1    29    7.2140087       3.3209486       3.0548678       17.035736    
   1    30    6.0255755       3.2198490       2.2562364       16.092090    
   1    31    2.3806085       2.2076925       0.5083066       11.149367    
   1    32    2.4973126       2.1536719       0.5790890       10.769622    
   1    33    2.6134712       2.1371951       0.6428324       10.625214    
   2     1    25.259771       8.6432598       13.157953       48.492042    
   2     2    25.524636       8.3183176       13.693775       47.576875    
   2     3    25.811707       7.9948390       14.261922       46.714899    
   2     4    26.098524       7.6731928       14.842929       45.889390    
   2     5    26.361897       7.3548079       15.414463       45.084260    
   2     6    26.601402       7.0406460       15.974000       44.299146    
   2     7    26.887516       6.7255938       16.590177       43.576299    
   2     8    27.173376       6.4133262       17.217093       42.887168    
   2     9    27.434838       6.1068716       17.828361       42.217587    
   2    10    27.695836       5.8042801       18.447454       41.580770    
   2    11    27.931785       5.5094821       19.045728       40.963759    
   2    12    28.216716       5.2124319       19.705144       40.404833    
   2    13    28.401249       4.9374047       20.251538       39.830601    
   2    14    28.660528       4.6563656       20.887669       39.325877    
   2    15    28.716448       4.4250018       21.268307       38.772920    

  Program  MARK  - Survival Rate Estimation with Capture-Recapture Data
   gfortran(dble) Vers. 9.0 Mar 2018    25-Mar-2020 14:19:53    Page  014
 - - - - - - - - - - - - - - - - - - - - - - - - - - - - - - - - - - - - - -
 
   2    16    29.000681       4.1545617       21.932283       38.347103    
   2    17    29.258895       3.9006399       22.556806       37.952313    
   2    18    29.542646       3.6530563       23.205574       37.610272    
   2    19    29.747471       3.4401142       23.732239       37.287340    
   2    20    27.915204       4.0762109       20.999071       37.109194    
   2    21    28.150568       3.9005261       21.483413       36.886804    
   2    22    26.224954       4.9894572       18.121868       37.951287    
   2    23    26.325581       4.9403856       18.281620       37.908905    
   2    24    26.565182       4.8259198       18.660846       37.817627    
   2    25    26.851328       4.7026182       19.099062       37.750222    
   2    26    27.137220       4.6006832       19.510848       37.744578    
   2    27    26.992130       4.7817697       19.125107       38.095216    
   2    28    27.277897       4.7191945       19.481887       38.193613    
   2    29    27.563409       4.6798551       19.807723       38.355823    
   2    30    26.838644       5.2386014       18.372286       39.206487    
   2    31    22.574727       7.6906736       11.791150       43.220407    
   2    32    22.864422       7.6248173       12.098908       43.209006    
   2    33    23.153859       7.5735317       12.394767       43.252221    

    Gross Population Estimates of { Phi(~sex)p(~sex)pent(~sex)N(~1) }
                                                95% Confidence Interval
 Grp. Occ.   N*-hat          Standard Error      Lower           Upper
 ---- ----   --------------  --------------  --------------  --------------
   1     0    22.340719       4.0479930       15.707462       31.775198    
   2     0    35.244508       3.8580032       28.457135       43.650752    

   CPU Time for the last procedure was 0.45 seconds.     

  Program  MARK  - Survival Rate Estimation with Capture-Recapture Data
   gfortran(dble) Vers. 9.0 Mar 2018    25-Mar-2020 14:19:53    Page  015
 - - - - - - - - - - - - - - - - - - - - - - - - - - - - - - - - - - - - - -
 


  INPUT --- proc stop;

     CPU Time in minutes for this job was 0.01

     Time Start = 14:19:52.709   Time End = 14:19:53.398

     Wall Clock Time in minutes for this job was 0.01


          E X E C U T I O N   S U C C E S S F U L 
