
   Program  MARK  - Survival Rate Estimation with Capture-Recapture Data
   gfortran(dble) Vers. 9.0 Mar 2018    25-Mar-2020 12:21:20    Page  001
 - - - - - - - - - - - - - - - - - - - - - - - - - - - - - - - - - - - - - -
 
   This version was compiled by GCC version 7.2.0 using the options: 
     -cpp -iprefix C:/Program Files/mingw-w64/x86_64-7.2.0-posix-seh-rt_v5-rev1/
     mingw64/bin/../lib/gcc/x86_64-w64-mingw32/7.2.0/ -D_MT -D_REENTRANT
     -U_REENTRANT -D IEEE -D DBLEPRECISION -m64 -mtune=core2 -march=nocona -mthreads
     -O2 -fimplicit-none -fbounds-check -funroll-loops -ftree-vectorize
     -ffpe-summary=invalid,zero,overflow,underflow -fno-unsafe-math-optimizations
     -frounding-math -fsignaling-nans -fopenmp.

   This problem will use 15 of 16 possible threads.


  INPUT --- proc title ;

   CPU Time for the last procedure was 0.01 seconds.     


  INPUT --- proc chmatrix occasions= 33 groups= 2 etype= POPAN Nodes= 
  INPUT --- 101 ICMeans NoHist hist= 41  ;

  INPUT ---    time interval 0.00547945205479452 0.00273972602739726 
  INPUT ---    0.00273972602739726 0.00547945205479452  
  INPUT ---    0.00821917808219178 0.00273972602739726 0.00273972602739726 
  INPUT ---    0.00547945205479452  0.00547945205479452 
  INPUT ---    0.00821917808219178 0.00273972602739726 0.0136986301369863 
  INPUT ---    0.00547945205479452  0.0273972602739726 0.00273972602739726 
  INPUT ---    0.00547945205479452 0.00273972602739726 0.010958904109589  
  INPUT ---    0.23013698630137 0.00821917808219178 0.254794520547945 
  INPUT ---    0.0246575342465753 0.00821917808219178  0.00273972602739726 
  INPUT ---    0.00273972602739726 0.0520547945205479 0.00273972602739726 
  INPUT ---    0.00273972602739726  0.117808219178082 0.575342465753425 
  INPUT ---    0.00273972602739726 0.00273972602739726 ;

  INPUT ---    glabel(1)=sexF;

  INPUT ---    glabel(2)=sexM;

   * *  WARNING  * *   At least a pair of the encounter histories are duplicates. 

      Number of unique encounter histories read was 38.

      Number of individual covariates read was 0.
      Time interval lengths vary and/or not equal to 1.

      Data type number is 19
      Data type is POPAN                                                                                               

   CPU Time for the last procedure was 0.02 seconds.     

  Program  MARK  - Survival Rate Estimation with Capture-Recapture Data
   gfortran(dble) Vers. 9.0 Mar 2018    25-Mar-2020 12:21:20    Page  002
 - - - - - - - - - - - - - - - - - - - - - - - - - - - - - - - - - - - - - -
 


  INPUT --- proc estimate link=Parm-Specific NOLOOP varest=2ndPart    ;


  INPUT --- model={ Phi(~1)p(~sex)pent(~sex)N(~1) };

  INPUT ---    group=1 Phi    rows=1 cols=32 Square ;
  INPUT ---        1 1 1 1 1 1 1 1 1 1 1 1 1 1 1 1 1 1 1 1 1 1 1 1 1 1 1 1 1 
  INPUT ---       1 1 1 ;

  INPUT ---    group=2 Phi    rows=1 cols=32 Square ;
  INPUT ---        1 1 1 1 1 1 1 1 1 1 1 1 1 1 1 1 1 1 1 1 1 1 1 1 1 1 1 1 1 
  INPUT ---       1 1 1 ;

  INPUT ---    group=1 p    rows=1 cols=33 Square ;
  INPUT ---        2 2 2 2 2 2 2 2 2 2 2 2 2 2 2 2 2 2 2 2 2 2 2 2 2 2 2 2 2 
  INPUT ---       2 2 2 2 ;

  INPUT ---    group=2 p    rows=1 cols=33 Square ;
  INPUT ---        3 3 3 3 3 3 3 3 3 3 3 3 3 3 3 3 3 3 3 3 3 3 3 3 3 3 3 3 3 
  INPUT ---       3 3 3 3 ;

  INPUT ---    group=1 pent    rows=1 cols=32 Square ;
  INPUT ---        5 6 7 8 9 10 11 12 13 14 15 16 17 18 19 20 21 22 23 24 25 
  INPUT ---       26 27 28 29 30 31 32 33 34 35 36 ;

  INPUT ---    group=2 pent    rows=1 cols=32 Square ;
  INPUT ---        37 38 39 40 41 42 43 44 45 46 47 48 49 50 51 52 53 54 55 
  INPUT ---       56 57 58 59 60 61 62 63 64 65 66 67 68 ;

  INPUT ---    group=1 N    rows=1 cols=1 Square ;
  INPUT ---        4 ;

  INPUT ---    group=2 N    rows=1 cols=1 Square ;
  INPUT ---        4 ;

  INPUT ---    design matrix constraints=68 covariates=6;
  INPUT ---        1 0 0 0 0 0;
  INPUT ---        0 1 0 0 0 0;
  INPUT ---        0 1 1 0 0 0;
  INPUT ---        0 0 0 0 0 1;
  INPUT ---        0 0 0 1 0 0;
  INPUT ---        0 0 0 1 0 0;
  INPUT ---        0 0 0 1 0 0;
  INPUT ---        0 0 0 1 0 0;

  Program  MARK  - Survival Rate Estimation with Capture-Recapture Data
   gfortran(dble) Vers. 9.0 Mar 2018    25-Mar-2020 12:21:20    Page  003
 - - - - - - - - - - - - - - - - - - - - - - - - - - - - - - - - - - - - - -
 
  INPUT ---        0 0 0 1 0 0;
  INPUT ---        0 0 0 1 0 0;
  INPUT ---        0 0 0 1 0 0;
  INPUT ---        0 0 0 1 0 0;
  INPUT ---        0 0 0 1 0 0;
  INPUT ---        0 0 0 1 0 0;
  INPUT ---        0 0 0 1 0 0;
  INPUT ---        0 0 0 1 0 0;
  INPUT ---        0 0 0 1 0 0;
  INPUT ---        0 0 0 1 0 0;
  INPUT ---        0 0 0 1 0 0;
  INPUT ---        0 0 0 1 0 0;
  INPUT ---        0 0 0 1 0 0;
  INPUT ---        0 0 0 1 0 0;
  INPUT ---        0 0 0 1 0 0;
  INPUT ---        0 0 0 1 0 0;
  INPUT ---        0 0 0 1 0 0;
  INPUT ---        0 0 0 1 0 0;
  INPUT ---        0 0 0 1 0 0;
  INPUT ---        0 0 0 1 0 0;
  INPUT ---        0 0 0 1 0 0;
  INPUT ---        0 0 0 1 0 0;
  INPUT ---        0 0 0 1 0 0;
  INPUT ---        0 0 0 1 0 0;
  INPUT ---        0 0 0 1 0 0;
  INPUT ---        0 0 0 1 0 0;
  INPUT ---        0 0 0 1 0 0;
  INPUT ---        0 0 0 1 0 0;
  INPUT ---        0 0 0 1 1 0;
  INPUT ---        0 0 0 1 1 0;
  INPUT ---        0 0 0 1 1 0;
  INPUT ---        0 0 0 1 1 0;
  INPUT ---        0 0 0 1 1 0;
  INPUT ---        0 0 0 1 1 0;
  INPUT ---        0 0 0 1 1 0;
  INPUT ---        0 0 0 1 1 0;
  INPUT ---        0 0 0 1 1 0;
  INPUT ---        0 0 0 1 1 0;
  INPUT ---        0 0 0 1 1 0;
  INPUT ---        0 0 0 1 1 0;
  INPUT ---        0 0 0 1 1 0;
  INPUT ---        0 0 0 1 1 0;
  INPUT ---        0 0 0 1 1 0;
  INPUT ---        0 0 0 1 1 0;
  INPUT ---        0 0 0 1 1 0;
  INPUT ---        0 0 0 1 1 0;

  Program  MARK  - Survival Rate Estimation with Capture-Recapture Data
   gfortran(dble) Vers. 9.0 Mar 2018    25-Mar-2020 12:21:20    Page  004
 - - - - - - - - - - - - - - - - - - - - - - - - - - - - - - - - - - - - - -
 
  INPUT ---        0 0 0 1 1 0;
  INPUT ---        0 0 0 1 1 0;
  INPUT ---        0 0 0 1 1 0;
  INPUT ---        0 0 0 1 1 0;
  INPUT ---        0 0 0 1 1 0;
  INPUT ---        0 0 0 1 1 0;
  INPUT ---        0 0 0 1 1 0;
  INPUT ---        0 0 0 1 1 0;
  INPUT ---        0 0 0 1 1 0;
  INPUT ---        0 0 0 1 1 0;
  INPUT ---        0 0 0 1 1 0;
  INPUT ---        0 0 0 1 1 0;
  INPUT ---        0 0 0 1 1 0;
  INPUT ---        0 0 0 1 1 0;

  INPUT ---    links=68;

  INPUT ---    Logit;

  INPUT ---    Logit;

  INPUT ---    Logit;

  INPUT ---    Log;

  INPUT ---    mlogit(1);

  INPUT ---    mlogit(1);

  INPUT ---    mlogit(1);

  INPUT ---    mlogit(1);

  INPUT ---    mlogit(1);

  INPUT ---    mlogit(1);

  INPUT ---    mlogit(1);

  INPUT ---    mlogit(1);

  INPUT ---    mlogit(1);

  INPUT ---    mlogit(1);

  INPUT ---    mlogit(1);

  Program  MARK  - Survival Rate Estimation with Capture-Recapture Data
   gfortran(dble) Vers. 9.0 Mar 2018    25-Mar-2020 12:21:20    Page  005
 - - - - - - - - - - - - - - - - - - - - - - - - - - - - - - - - - - - - - -
 

  INPUT ---    mlogit(1);

  INPUT ---    mlogit(1);

  INPUT ---    mlogit(1);

  INPUT ---    mlogit(1);

  INPUT ---    mlogit(1);

  INPUT ---    mlogit(1);

  INPUT ---    mlogit(1);

  INPUT ---    mlogit(1);

  INPUT ---    mlogit(1);

  INPUT ---    mlogit(1);

  INPUT ---    mlogit(1);

  INPUT ---    mlogit(1);

  INPUT ---    mlogit(1);

  INPUT ---    mlogit(1);

  INPUT ---    mlogit(1);

  INPUT ---    mlogit(1);

  INPUT ---    mlogit(1);

  INPUT ---    mlogit(1);

  INPUT ---    mlogit(1);

  INPUT ---    mlogit(1);

  INPUT ---    mlogit(1);

  INPUT ---    mlogit(2);

  INPUT ---    mlogit(2);

  Program  MARK  - Survival Rate Estimation with Capture-Recapture Data
   gfortran(dble) Vers. 9.0 Mar 2018    25-Mar-2020 12:21:20    Page  006
 - - - - - - - - - - - - - - - - - - - - - - - - - - - - - - - - - - - - - -
 

  INPUT ---    mlogit(2);

  INPUT ---    mlogit(2);

  INPUT ---    mlogit(2);

  INPUT ---    mlogit(2);

  INPUT ---    mlogit(2);

  INPUT ---    mlogit(2);

  INPUT ---    mlogit(2);

  INPUT ---    mlogit(2);

  INPUT ---    mlogit(2);

  INPUT ---    mlogit(2);

  INPUT ---    mlogit(2);

  INPUT ---    mlogit(2);

  INPUT ---    mlogit(2);

  INPUT ---    mlogit(2);

  INPUT ---    mlogit(2);

  INPUT ---    mlogit(2);

  INPUT ---    mlogit(2);

  INPUT ---    mlogit(2);

  INPUT ---    mlogit(2);

  INPUT ---    mlogit(2);

  INPUT ---    mlogit(2);

  INPUT ---    mlogit(2);

  INPUT ---    mlogit(2);

  Program  MARK  - Survival Rate Estimation with Capture-Recapture Data
   gfortran(dble) Vers. 9.0 Mar 2018    25-Mar-2020 12:21:20    Page  007
 - - - - - - - - - - - - - - - - - - - - - - - - - - - - - - - - - - - - - -
 

  INPUT ---    mlogit(2);

  INPUT ---    mlogit(2);

  INPUT ---    mlogit(2);

  INPUT ---    mlogit(2);

  INPUT ---    mlogit(2);

  INPUT ---    mlogit(2);

  INPUT ---    mlogit(2);
  INPUT ---       blabel(1)=Phi:(Intercept);
  INPUT ---       blabel(2)=p:(Intercept);
  INPUT ---       blabel(3)=p:sexM;
  INPUT ---       blabel(4)=pent:(Intercept);
  INPUT ---       blabel(5)=pent:sexM;
  INPUT ---       blabel(6)=N:(Intercept);
  INPUT ---       rlabel(1)=Phi gF a0 t1;
  INPUT ---       rlabel(2)=p gF a0 t1;
  INPUT ---       rlabel(3)=p gM a0 t1;
  INPUT ---       rlabel(4)=N gF a0 t1;
  INPUT ---       rlabel(5)=pent gF a0.00547945205479452 t1.00547945205479;
  INPUT ---       rlabel(6)=pent gF a0.00821917808219178 t1.00821917808219;
  INPUT ---       rlabel(7)=pent gF a0.010958904109589 t1.01095890410959;
  INPUT ---       rlabel(8)=pent gF a0.0164383561643836 t1.01643835616438;
  INPUT ---       rlabel(9)=pent gF a0.0246575342465753 t1.02465753424658;
  INPUT ---       rlabel(10)=pent gF a0.0273972602739726 t1.02739726027397;
  INPUT ---       rlabel(11)=pent gF a0.0301369863013699 t1.03013698630137;
  INPUT ---       rlabel(12)=pent gF a0.0356164383561644 t1.03561643835616;
  INPUT ---       rlabel(13)=pent gF a0.0410958904109589 t1.04109589041096;
  INPUT ---       rlabel(14)=pent gF a0.0493150684931507 t1.04931506849315;
  INPUT ---       rlabel(15)=pent gF a0.0520547945205479 t1.05205479452055;
  INPUT ---       rlabel(16)=pent gF a0.0657534246575342 t1.06575342465753;
  INPUT ---       rlabel(17)=pent gF a0.0712328767123288 t1.07123287671233;
  INPUT ---       rlabel(18)=pent gF a0.0986301369863014 t1.0986301369863;
  INPUT ---       rlabel(19)=pent gF a0.101369863013699 t1.1013698630137;
  INPUT ---       rlabel(20)=pent gF a0.106849315068493 t1.10684931506849;
  INPUT ---       rlabel(21)=pent gF a0.10958904109589 t1.10958904109589;
  INPUT ---       rlabel(22)=pent gF a0.120547945205479 t1.12054794520548;
  INPUT ---       rlabel(23)=pent gF a0.350684931506849 t1.35068493150685;
  INPUT ---       rlabel(24)=pent gF a0.358904109589041 t1.35890410958904;
  INPUT ---       rlabel(25)=pent gF a0.613698630136986 t1.61369863013699;
  INPUT ---       rlabel(26)=pent gF a0.638356164383562 t1.63835616438356;

  Program  MARK  - Survival Rate Estimation with Capture-Recapture Data
   gfortran(dble) Vers. 9.0 Mar 2018    25-Mar-2020 12:21:21    Page  008
 - - - - - - - - - - - - - - - - - - - - - - - - - - - - - - - - - - - - - -
 
  INPUT ---       rlabel(27)=pent gF a0.646575342465753 t1.64657534246575;
  INPUT ---       rlabel(28)=pent gF a0.649315068493151 t1.64931506849315;
  INPUT ---       rlabel(29)=pent gF a0.652054794520548 t1.65205479452055;
  INPUT ---       rlabel(30)=pent gF a0.704109589041096 t1.7041095890411;
  INPUT ---       rlabel(31)=pent gF a0.706849315068493 t1.70684931506849;
  INPUT ---       rlabel(32)=pent gF a0.70958904109589 t1.70958904109589;
  INPUT ---       rlabel(33)=pent gF a0.827397260273973 t1.82739726027397;
  INPUT ---       rlabel(34)=pent gF a1.4027397260274 t2.4027397260274;
  INPUT ---       rlabel(35)=pent gF a1.40547945205479 t2.40547945205479;
  INPUT ---       rlabel(36)=pent gF a1.40821917808219 t2.40821917808219;
  INPUT ---       rlabel(37)=pent gM a0.00547945205479452 t1.00547945205479;
  INPUT ---       rlabel(38)=pent gM a0.00821917808219178 t1.00821917808219;
  INPUT ---       rlabel(39)=pent gM a0.010958904109589 t1.01095890410959;
  INPUT ---       rlabel(40)=pent gM a0.0164383561643836 t1.01643835616438;
  INPUT ---       rlabel(41)=pent gM a0.0246575342465753 t1.02465753424658;
  INPUT ---       rlabel(42)=pent gM a0.0273972602739726 t1.02739726027397;
  INPUT ---       rlabel(43)=pent gM a0.0301369863013699 t1.03013698630137;
  INPUT ---       rlabel(44)=pent gM a0.0356164383561644 t1.03561643835616;
  INPUT ---       rlabel(45)=pent gM a0.0410958904109589 t1.04109589041096;
  INPUT ---       rlabel(46)=pent gM a0.0493150684931507 t1.04931506849315;
  INPUT ---       rlabel(47)=pent gM a0.0520547945205479 t1.05205479452055;
  INPUT ---       rlabel(48)=pent gM a0.0657534246575342 t1.06575342465753;
  INPUT ---       rlabel(49)=pent gM a0.0712328767123288 t1.07123287671233;
  INPUT ---       rlabel(50)=pent gM a0.0986301369863014 t1.0986301369863;
  INPUT ---       rlabel(51)=pent gM a0.101369863013699 t1.1013698630137;
  INPUT ---       rlabel(52)=pent gM a0.106849315068493 t1.10684931506849;
  INPUT ---       rlabel(53)=pent gM a0.10958904109589 t1.10958904109589;
  INPUT ---       rlabel(54)=pent gM a0.120547945205479 t1.12054794520548;
  INPUT ---       rlabel(55)=pent gM a0.350684931506849 t1.35068493150685;
  INPUT ---       rlabel(56)=pent gM a0.358904109589041 t1.35890410958904;
  INPUT ---       rlabel(57)=pent gM a0.613698630136986 t1.61369863013699;
  INPUT ---       rlabel(58)=pent gM a0.638356164383562 t1.63835616438356;
  INPUT ---       rlabel(59)=pent gM a0.646575342465753 t1.64657534246575;
  INPUT ---       rlabel(60)=pent gM a0.649315068493151 t1.64931506849315;
  INPUT ---       rlabel(61)=pent gM a0.652054794520548 t1.65205479452055;
  INPUT ---       rlabel(62)=pent gM a0.704109589041096 t1.7041095890411;
  INPUT ---       rlabel(63)=pent gM a0.706849315068493 t1.70684931506849;
  INPUT ---       rlabel(64)=pent gM a0.70958904109589 t1.70958904109589;
  INPUT ---       rlabel(65)=pent gM a0.827397260273973 t1.82739726027397;
  INPUT ---       rlabel(66)=pent gM a1.4027397260274 t2.4027397260274;
  INPUT ---       rlabel(67)=pent gM a1.40547945205479 t2.40547945205479;
  INPUT ---       rlabel(68)=pent gM a1.40821917808219 t2.40821917808219;

 Link Function Used is PARM-SPECIFIC

 Variance Estimation Procedure Used is 2ndPart 

  Program  MARK  - Survival Rate Estimation with Capture-Recapture Data
   gfortran(dble) Vers. 9.0 Mar 2018    25-Mar-2020 12:21:21    Page  009
 - - - - - - - - - - - - - - - - - - - - - - - - - - - - - - - - - - - - - -
 

 M(t+1):
      16     29



 Group: 1

 U(t)+UL(t):
       0    2    2    0    1    0    3    1    1    0    0    0    0    0    1
       0    0    0    2    1    1    0    0    0    1    0    0    0    0    0
       0    0    0

 U(t):
       0    2    2    0    1    0    3    1    1    0    0    0    0    0    1
       0    0    0    2    1    1    0    0    0    1    0    0    0    0    0
       0    0    0

 UL(t):
       0    0    0    0    0    0    0    0    0    0    0    0    0    0    0
       0    0    0    0    0    0    0    0    0    0    0    0    0    0    0
       0    0    0

 Not Released(t):
       0    0    0    0    0    0    0    0    0    0    0    0    0    0    0
       0    0    0    0    0    0    0    0    0    0    0    0    0    0    0
       0    0    0

 Group: 2

 U(t)+UL(t):
       3    0    1    1    1    1    1    0    1    1    2    1    3    3    1
       1    0    2    3    1    0    0    1    0    0    0    0    0    0    1
       0    0    0

 U(t):
       3    0    1    1    1    1    1    0    1    1    2    1    3    3    1
       1    0    2    3    1    0    0    1    0    0    0    0    0    0    1
       0    0    0

 UL(t):
       0    0    0    0    0    0    0    0    0    0    0    0    0    0    0
       0    0    0    0    0    0    0    0    0    0    0    0    0    0    0
       0    0    0

 Not Released(t):
       0    0    0    0    0    0    0    0    0    0    0    0    0    0    0
       0    0    0    0    0    0    0    0    0    0    0    0    0    0    0
       0    0    0
 -2logL(saturated) = 272.93564     
 Effective Sample Size = 103

 Number of function evaluations was 33 for 6 parameters.
 Time for numerical optimization was 0.30 seconds.     
 -2logL { Phi(~1)p(~sex)pent(~sex)N(~1) } = 556.56639     
 Penalty { Phi(~1)p(~sex)pent(~sex)N(~1) } = 0.0000000     
 Gradient { Phi(~1)p(~sex)pent(~sex)N(~1) }:
  0.2542762E-02  0.3967636E-02  0.9449121E-03 -0.1302406E-03 -0.1317586E-03
  0.2297868E-02
 Maximum ABS(G) { Phi(~1)p(~sex)pent(~sex)N(~1) } = 0.0039676     
 S Vector { Phi(~1)p(~sex)pent(~sex)N(~1) }:
   124.0322      13.28809      5.435571      3.217137     0.9563840    
  0.1302815E-05
 Time to compute number of parameters was 0.01 seconds.     
 Ratio Threshold = 50.000000       Max Gap (5/6) = 734090.44       Next Max Gap (1/2) = 9.3340929     
 Gap Method for Num. of Estimated Parameters { Phi(~1)p(~sex)pent(~sex)N(~1) } = 5          
 Threshold { Phi(~1)p(~sex)pent(~sex)N(~1) } = 0.0079353                     
 Numerical Threshold Method for Num. of Estimated Parameters { Phi(~1)p(~sex)pent(~sex)N(~1) } = 5          
 Number of Estimated Parameters { Phi(~1)p(~sex)pent(~sex)N(~1) } = 5          
 DEVIANCE { Phi(~1)p(~sex)pent(~sex)N(~1) } = 283.63075                     
 DEVIANCE Degrees of Freedom { Phi(~1)p(~sex)pent(~sex)N(~1) } = 36            
 c-hat { Phi(~1)p(~sex)pent(~sex)N(~1) } = 7.8786318                     
 AIC { Phi(~1)p(~sex)pent(~sex)N(~1) } = 566.56639                  
 AICc { Phi(~1)p(~sex)pent(~sex)N(~1) } = 567.18494                    
 BIC { Phi(~1)p(~sex)pent(~sex)N(~1) } = 579.74003                    
 Pearson Chisquare { Phi(~1)p(~sex)pent(~sex)N(~1) } = 19850672.                  


              PARM-SPECIFIC Link Function Parameters of { Phi(~1)p(~sex)pent(~sex)N(~1) }
                                                              95% Confidence Interval
 Parameter                    Beta         Standard Error      Lower           Upper
 -------------------------  --------------  --------------  --------------  --------------
    1:Phi:(Intercept)        0.2601833       0.6308309      -0.9762453       1.4966119    
    2:p:(Intercept)         -2.9150389       0.2402356      -3.3859007      -2.4441770    
    3:p:sexM                 0.5663918       0.3003046      -0.0222052       1.1549888    
    4:pent:(Intercept)      -17.803931       619.50370      -1232.0312       1196.4234    
    5:pent:sexM              13.533992       619.50356      -1200.6930       1227.7610    
    6:N:(Intercept)          1.7391700       0.5389189       0.6828890       2.7954510    


              Real Function Parameters of { Phi(~1)p(~sex)pent(~sex)N(~1) }
                                                               95% Confidence Interval
  Parameter                  Estimate       Standard Error      Lower           Upper
 --------------------------  --------------  --------------  --------------  --------------
     1:Phi gF a0 t1           0.5646814       0.1550685       0.2736374       0.8170686                          
     2:p gF a0 t1             0.0514151       0.0117167       0.0327390       0.0798654                          
     3:p gM a0 t1             0.0871734       0.0151865       0.0616467       0.1218971                          
     4:N gF a0 t1             21.692617       3.0678586       18.115859       31.315713                          
     5:pent gF a0.005479452   0.1852895E-07   0.1147874E-04  0.1030707E-315   1.0000000                          
     6:pent gF a0.008219178   0.1852895E-07   0.1147874E-04  0.1030707E-315   1.0000000                          
     7:pent gF a0.010958904   0.1852895E-07   0.1147874E-04  0.1030707E-315   1.0000000                          
     8:pent gF a0.016438356   0.1852895E-07   0.1147874E-04  0.1030707E-315   1.0000000                          
     9:pent gF a0.024657534   0.1852895E-07   0.1147874E-04  0.1030707E-315   1.0000000                          
    10:pent gF a0.027397260   0.1852895E-07   0.1147874E-04  0.1030707E-315   1.0000000                          
    11:pent gF a0.030136986   0.1852895E-07   0.1147874E-04  0.1030707E-315   1.0000000                          

  Program  MARK  - Survival Rate Estimation with Capture-Recapture Data
   gfortran(dble) Vers. 9.0 Mar 2018    25-Mar-2020 12:21:21    Page  010
 - - - - - - - - - - - - - - - - - - - - - - - - - - - - - - - - - - - - - -
 
    12:pent gF a0.035616438   0.1852895E-07   0.1147874E-04  0.1030707E-315   1.0000000                          
    13:pent gF a0.041095890   0.1852895E-07   0.1147874E-04  0.1030707E-315   1.0000000                          
    14:pent gF a0.049315068   0.1852895E-07   0.1147874E-04  0.1030707E-315   1.0000000                          
    15:pent gF a0.052054794   0.1852895E-07   0.1147874E-04  0.1030707E-315   1.0000000                          
    16:pent gF a0.065753424   0.1852895E-07   0.1147874E-04  0.1030707E-315   1.0000000                          
    17:pent gF a0.071232876   0.1852895E-07   0.1147874E-04  0.1030707E-315   1.0000000                          
    18:pent gF a0.098630136   0.1852895E-07   0.1147874E-04  0.1030707E-315   1.0000000                          
    19:pent gF a0.101369863   0.1852895E-07   0.1147874E-04  0.1030707E-315   1.0000000                          
    20:pent gF a0.106849315   0.1852895E-07   0.1147874E-04  0.1030707E-315   1.0000000                          
    21:pent gF a0.109589041   0.1852895E-07   0.1147874E-04  0.1030707E-315   1.0000000                          
    22:pent gF a0.120547945   0.1852895E-07   0.1147874E-04  0.1030707E-315   1.0000000                          
    23:pent gF a0.350684931   0.1852895E-07   0.1147874E-04  0.1030707E-315   1.0000000                          
    24:pent gF a0.358904109   0.1852895E-07   0.1147874E-04  0.1030707E-315   1.0000000                          
    25:pent gF a0.613698630   0.1852895E-07   0.1147874E-04  0.1030707E-315   1.0000000                          
    26:pent gF a0.638356164   0.1852895E-07   0.1147874E-04  0.1030707E-315   1.0000000                          
    27:pent gF a0.646575342   0.1852895E-07   0.1147874E-04  0.1030707E-315   1.0000000                          
    28:pent gF a0.649315068   0.1852895E-07   0.1147874E-04  0.1030707E-315   1.0000000                          
    29:pent gF a0.652054794   0.1852895E-07   0.1147874E-04  0.1030707E-315   1.0000000                          
    30:pent gF a0.704109589   0.1852895E-07   0.1147874E-04  0.1030707E-315   1.0000000                          
    31:pent gF a0.706849315   0.1852895E-07   0.1147874E-04  0.1030707E-315   1.0000000                          
    32:pent gF a0.709589041   0.1852895E-07   0.1147874E-04  0.1030707E-315   1.0000000                          
    33:pent gF a0.827397260   0.1852895E-07   0.1147874E-04  0.1030707E-315   1.0000000                          
    34:pent gF a1.402739726   0.1852895E-07   0.1147874E-04  0.1030707E-315   1.0000000                          
    35:pent gF a1.405479452   0.1852895E-07   0.1147874E-04  0.1030707E-315   1.0000000                          
    36:pent gF a1.408219178   0.1852895E-07   0.1147874E-04  0.1030707E-315   1.0000000                          
    37:pent gM a0.005479452   0.0096602       0.0083755       0.0017508       0.0514605                          
    38:pent gM a0.008219178   0.0096602       0.0083755       0.0017508       0.0514605                          
    39:pent gM a0.010958904   0.0096602       0.0083755       0.0017508       0.0514605                          
    40:pent gM a0.016438356   0.0096602       0.0083755       0.0017508       0.0514605                          
    41:pent gM a0.024657534   0.0096602       0.0083755       0.0017508       0.0514605                          
    42:pent gM a0.027397260   0.0096602       0.0083755       0.0017508       0.0514605                          
    43:pent gM a0.030136986   0.0096602       0.0083755       0.0017508       0.0514605                          
    44:pent gM a0.035616438   0.0096602       0.0083755       0.0017508       0.0514605                          
    45:pent gM a0.041095890   0.0096602       0.0083755       0.0017508       0.0514605                          
    46:pent gM a0.049315068   0.0096602       0.0083755       0.0017508       0.0514605                          
    47:pent gM a0.052054794   0.0096602       0.0083755       0.0017508       0.0514605                          
    48:pent gM a0.065753424   0.0096602       0.0083755       0.0017508       0.0514605                          
    49:pent gM a0.071232876   0.0096602       0.0083755       0.0017508       0.0514605                          
    50:pent gM a0.098630136   0.0096602       0.0083755       0.0017508       0.0514605                          
    51:pent gM a0.101369863   0.0096602       0.0083755       0.0017508       0.0514605                          
    52:pent gM a0.106849315   0.0096602       0.0083755       0.0017508       0.0514605                          
    53:pent gM a0.109589041   0.0096602       0.0083755       0.0017508       0.0514605                          
    54:pent gM a0.120547945   0.0096602       0.0083755       0.0017508       0.0514605                          
    55:pent gM a0.350684931   0.0096602       0.0083755       0.0017508       0.0514605                          
    56:pent gM a0.358904109   0.0096602       0.0083755       0.0017508       0.0514605                          
    57:pent gM a0.613698630   0.0096602       0.0083755       0.0017508       0.0514605                          

  Program  MARK  - Survival Rate Estimation with Capture-Recapture Data
   gfortran(dble) Vers. 9.0 Mar 2018    25-Mar-2020 12:21:21    Page  011
 - - - - - - - - - - - - - - - - - - - - - - - - - - - - - - - - - - - - - -
 
    58:pent gM a0.638356164   0.0096602       0.0083755       0.0017508       0.0514605                          
    59:pent gM a0.646575342   0.0096602       0.0083755       0.0017508       0.0514605                          
    60:pent gM a0.649315068   0.0096602       0.0083755       0.0017508       0.0514605                          
    61:pent gM a0.652054794   0.0096602       0.0083755       0.0017508       0.0514605                          
    62:pent gM a0.704109589   0.0096602       0.0083755       0.0017508       0.0514605                          
    63:pent gM a0.706849315   0.0096602       0.0083755       0.0017508       0.0514605                          
    64:pent gM a0.709589041   0.0096602       0.0083755       0.0017508       0.0514605                          
    65:pent gM a0.827397260   0.0096602       0.0083755       0.0017508       0.0514605                          
    66:pent gM a1.402739726   0.0096602       0.0083755       0.0017508       0.0514605                          
    67:pent gM a1.405479452   0.0096602       0.0083755       0.0017508       0.0514605                          
    68:pent gM a1.408219178   0.0096602       0.0083755       0.0017508       0.0514605                          


                      Estimates of Derived Parameters
  Gross Birth+Immigration Estimates of { Phi(~1)p(~sex)pent(~sex)N(~1) }
                                                95% Confidence Interval
 Grp. Occ.   B*-hat          Standard Error      Lower           Upper
 ---- ----   --------------  --------------  --------------  --------------
   1     1    0.4025710E-06   0.2494023E-03   0.3569066E-09   0.4540779E-03
   1     2    0.4022561E-06   0.2492072E-03   0.3566275E-09   0.4537227E-03
   1     3    0.4022561E-06   0.2492072E-03   0.3566275E-09   0.4537227E-03
   1     4    0.4025710E-06   0.2494023E-03   0.3569066E-09   0.4540779E-03
   1     5    0.4028861E-06   0.2495975E-03   0.3571860E-09   0.4544333E-03
   1     6    0.4022561E-06   0.2492072E-03   0.3566275E-09   0.4537227E-03
   1     7    0.4022561E-06   0.2492072E-03   0.3566275E-09   0.4537227E-03
   1     8    0.4025710E-06   0.2494023E-03   0.3569066E-09   0.4540779E-03
   1     9    0.4025710E-06   0.2494023E-03   0.3569066E-09   0.4540779E-03
   1    10    0.4028861E-06   0.2495975E-03   0.3571860E-09   0.4544333E-03
   1    11    0.4022561E-06   0.2492072E-03   0.3566275E-09   0.4537227E-03
   1    12    0.4035168E-06   0.2499882E-03   0.3577451E-09   0.4551447E-03
   1    13    0.4025710E-06   0.2494023E-03   0.3569066E-09   0.4540779E-03
   1    14    0.4050962E-06   0.2509668E-03   0.3591454E-09   0.4569262E-03
   1    15    0.4022561E-06   0.2492072E-03   0.3566275E-09   0.4537227E-03
   1    16    0.4025710E-06   0.2494023E-03   0.3569066E-09   0.4540779E-03
   1    17    0.4022561E-06   0.2492072E-03   0.3566275E-09   0.4537227E-03
   1    18    0.4032013E-06   0.2497928E-03   0.3574655E-09   0.4547889E-03
   1    19    0.4289526E-06   0.2657464E-03   0.3802957E-09   0.4838349E-03
   1    20    0.4028861E-06   0.2495975E-03   0.3571860E-09   0.4544333E-03
   1    21    0.4319154E-06   0.2675818E-03   0.3829224E-09   0.4871767E-03
   1    22    0.4047800E-06   0.2507708E-03   0.3588651E-09   0.4565696E-03
   1    23    0.4028861E-06   0.2495975E-03   0.3571860E-09   0.4544333E-03
   1    24    0.4022561E-06   0.2492072E-03   0.3566275E-09   0.4537227E-03
   1    25    0.4022561E-06   0.2492072E-03   0.3566275E-09   0.4537227E-03
   1    26    0.4079497E-06   0.2527345E-03   0.3616752E-09   0.4601448E-03
   1    27    0.4022561E-06   0.2492072E-03   0.3566275E-09   0.4537227E-03

  Program  MARK  - Survival Rate Estimation with Capture-Recapture Data
   gfortran(dble) Vers. 9.0 Mar 2018    25-Mar-2020 12:21:21    Page  012
 - - - - - - - - - - - - - - - - - - - - - - - - - - - - - - - - - - - - - -
 
   1    28    0.4022561E-06   0.2492072E-03   0.3566275E-09   0.4537227E-03
   1    29    0.4156239E-06   0.2574889E-03   0.3684789E-09   0.4688008E-03
   1    30    0.4716362E-06   0.2921898E-03   0.4181376E-09   0.5319797E-03
   1    31    0.4022561E-06   0.2492072E-03   0.3566275E-09   0.4537227E-03
   1    32    0.4022561E-06   0.2492072E-03   0.3566275E-09   0.4537227E-03
   2     1    0.3356635       0.3091066       0.0722508       1.5594298    
   2     2    0.3354009       0.3088147       0.0722077       1.5579197    
   2     3    0.3354009       0.3088147       0.0722077       1.5579197    
   2     4    0.3356635       0.3091066       0.0722508       1.5594298    
   2     5    0.3359262       0.3093988       0.0722938       1.5609412    
   2     6    0.3354009       0.3088147       0.0722077       1.5579197    
   2     7    0.3354009       0.3088147       0.0722077       1.5579197    
   2     8    0.3356635       0.3091066       0.0722508       1.5594298    
   2     9    0.3356635       0.3091066       0.0722508       1.5594298    
   2    10    0.3359262       0.3093988       0.0722938       1.5609412    
   2    11    0.3354009       0.3088147       0.0722077       1.5579197    
   2    12    0.3364521       0.3099837       0.0723800       1.5639674    
   2    13    0.3356635       0.3091066       0.0722508       1.5594298    
   2    14    0.3377690       0.3114500       0.0725956       1.5715544    
   2    15    0.3354009       0.3088147       0.0722077       1.5579197    
   2    16    0.3356635       0.3091066       0.0722508       1.5594298    
   2    17    0.3354009       0.3088147       0.0722077       1.5579197    
   2    18    0.3361891       0.3096911       0.0723369       1.5624537    
   2    19    0.3576605       0.3338001       0.0758097       1.6873967    
   2    20    0.3359262       0.3093988       0.0722938       1.5609412    
   2    21    0.3601308       0.3366013       0.0762037       1.7019410    
   2    22    0.3375054       0.3111563       0.0725525       1.5700346    
   2    23    0.3359262       0.3093988       0.0722938       1.5609412    
   2    24    0.3354009       0.3088147       0.0722077       1.5579197    
   2    25    0.3354009       0.3088147       0.0722077       1.5579197    
   2    26    0.3401482       0.3141033       0.0729841       1.5852873    
   2    27    0.3354009       0.3088147       0.0722077       1.5579197    
   2    28    0.3354009       0.3088147       0.0722077       1.5579197    
   2    29    0.3465470       0.3212667       0.0740234       1.6223899    
   2    30    0.3932500       0.3746515       0.0813914       1.9000231    
   2    31    0.3354009       0.3088147       0.0722077       1.5579197    
   2    32    0.3354009       0.3088147       0.0722077       1.5579197    

   Net Birth+Immigration Estimates of { Phi(~1)p(~sex)pent(~sex)N(~1) }
                                                95% Confidence Interval
 Grp. Occ.   B-hat           Standard Error      Lower           Upper
 ---- ----   --------------  --------------  --------------  --------------
   1     1    0.4019414E-06   0.2490122E-03   0.3563484E-09   0.4533677E-03
   1     2    0.4019414E-06   0.2490122E-03   0.3563484E-09   0.4533677E-03
   1     3    0.4019414E-06   0.2490122E-03   0.3563484E-09   0.4533677E-03
   1     4    0.4019414E-06   0.2490122E-03   0.3563484E-09   0.4533677E-03
   1     5    0.4019414E-06   0.2490122E-03   0.3563484E-09   0.4533677E-03
   1     6    0.4019414E-06   0.2490122E-03   0.3563484E-09   0.4533677E-03
   1     7    0.4019414E-06   0.2490122E-03   0.3563484E-09   0.4533677E-03
   1     8    0.4019414E-06   0.2490122E-03   0.3563484E-09   0.4533677E-03
   1     9    0.4019414E-06   0.2490122E-03   0.3563484E-09   0.4533677E-03
   1    10    0.4019414E-06   0.2490122E-03   0.3563484E-09   0.4533677E-03
   1    11    0.4019414E-06   0.2490122E-03   0.3563484E-09   0.4533677E-03
   1    12    0.4019414E-06   0.2490122E-03   0.3563484E-09   0.4533677E-03
   1    13    0.4019414E-06   0.2490122E-03   0.3563484E-09   0.4533677E-03
   1    14    0.4019414E-06   0.2490122E-03   0.3563484E-09   0.4533677E-03
   1    15    0.4019414E-06   0.2490122E-03   0.3563484E-09   0.4533677E-03
   1    16    0.4019414E-06   0.2490122E-03   0.3563484E-09   0.4533677E-03
   1    17    0.4019414E-06   0.2490122E-03   0.3563484E-09   0.4533677E-03
   1    18    0.4019414E-06   0.2490122E-03   0.3563484E-09   0.4533677E-03
   1    19    0.4019414E-06   0.2490122E-03   0.3563484E-09   0.4533677E-03
   1    20    0.4019414E-06   0.2490122E-03   0.3563484E-09   0.4533677E-03
   1    21    0.4019414E-06   0.2490122E-03   0.3563484E-09   0.4533677E-03
   1    22    0.4019414E-06   0.2490122E-03   0.3563484E-09   0.4533677E-03
   1    23    0.4019414E-06   0.2490122E-03   0.3563484E-09   0.4533677E-03
   1    24    0.4019414E-06   0.2490122E-03   0.3563484E-09   0.4533677E-03
   1    25    0.4019414E-06   0.2490122E-03   0.3563484E-09   0.4533677E-03
   1    26    0.4019414E-06   0.2490122E-03   0.3563484E-09   0.4533677E-03
   1    27    0.4019414E-06   0.2490122E-03   0.3563484E-09   0.4533677E-03
   1    28    0.4019414E-06   0.2490122E-03   0.3563484E-09   0.4533677E-03
   1    29    0.4019414E-06   0.2490122E-03   0.3563484E-09   0.4533677E-03
   1    30    0.4019414E-06   0.2490122E-03   0.3563484E-09   0.4533677E-03
   1    31    0.4019414E-06   0.2490122E-03   0.3563484E-09   0.4533677E-03
   1    32    0.4019414E-06   0.2490122E-03   0.3563484E-09   0.4533677E-03
   2     1    0.3351385       0.3085230       0.0721646       1.5564108    
   2     2    0.3351385       0.3085230       0.0721646       1.5564108    
   2     3    0.3351385       0.3085230       0.0721646       1.5564108    
   2     4    0.3351385       0.3085230       0.0721646       1.5564108    
   2     5    0.3351385       0.3085230       0.0721646       1.5564108    
   2     6    0.3351385       0.3085230       0.0721646       1.5564108    
   2     7    0.3351385       0.3085230       0.0721646       1.5564108    
   2     8    0.3351385       0.3085230       0.0721646       1.5564108    
   2     9    0.3351385       0.3085230       0.0721646       1.5564108    
   2    10    0.3351385       0.3085230       0.0721646       1.5564108    
   2    11    0.3351385       0.3085230       0.0721646       1.5564108    
   2    12    0.3351385       0.3085230       0.0721646       1.5564108    
   2    13    0.3351385       0.3085230       0.0721646       1.5564108    
   2    14    0.3351385       0.3085230       0.0721646       1.5564108    
   2    15    0.3351385       0.3085230       0.0721646       1.5564108    
   2    16    0.3351385       0.3085230       0.0721646       1.5564108    
   2    17    0.3351385       0.3085230       0.0721646       1.5564108    
   2    18    0.3351385       0.3085230       0.0721646       1.5564108    
   2    19    0.3351385       0.3085230       0.0721646       1.5564108    
   2    20    0.3351385       0.3085230       0.0721646       1.5564108    
   2    21    0.3351385       0.3085230       0.0721646       1.5564108    
   2    22    0.3351385       0.3085230       0.0721646       1.5564108    
   2    23    0.3351385       0.3085230       0.0721646       1.5564108    
   2    24    0.3351385       0.3085230       0.0721646       1.5564108    
   2    25    0.3351385       0.3085230       0.0721646       1.5564108    
   2    26    0.3351385       0.3085230       0.0721646       1.5564108    
   2    27    0.3351385       0.3085230       0.0721646       1.5564108    
   2    28    0.3351385       0.3085230       0.0721646       1.5564108    
   2    29    0.3351385       0.3085230       0.0721646       1.5564108    
   2    30    0.3351385       0.3085230       0.0721646       1.5564108    
   2    31    0.3351385       0.3085230       0.0721646       1.5564108    
   2    32    0.3351385       0.3085230       0.0721646       1.5564108    

        Population Estimates of { Phi(~1)p(~sex)pent(~sex)N(~1) }
                                                95% Confidence Interval
 Grp. Occ.   N-hat           Standard Error      Lower           Upper
 ---- ----   --------------  --------------  --------------  --------------
   1     1    21.692604       3.0678613       16.463584       28.582419    
   1     2    21.624781       3.0462343       16.429760       28.462446    
   1     3    21.590949       3.0355726       16.412709       28.402933    
   1     4    21.557170       3.0250124       16.395566       28.343735    
   1     5    21.489770       3.0041967       16.360999       28.226285    
   1     6    21.389065       2.9737343       16.308445       28.052467    
   1     7    21.355602       2.9637830       16.290739       27.995155    
   1     8    21.322192       2.9539332       16.272938       27.938155    
   1     9    21.255527       2.9345384       16.237049       27.825095    

  Program  MARK  - Survival Rate Estimation with Capture-Recapture Data
   gfortran(dble) Vers. 9.0 Mar 2018    25-Mar-2020 12:21:21    Page  013
 - - - - - - - - - - - - - - - - - - - - - - - - - - - - - - - - - - - - - -
 
   1    10    21.189070       2.9155496       16.200777       27.713281    
   1    11    21.089775       2.8878271       16.145648       27.547894    
   1    12    21.056780       2.8787889       16.127078       27.493385    
   1    13    20.892577       2.8351169       16.032771       27.225473    
   1    14    20.827255       2.8183555       15.994365       27.120461    
   1    15    20.503695       2.7405823       15.796444       26.613681    
   1    16    20.471617       2.7333552       15.776112       26.564665    
   1    17    20.407612       2.7191994       15.735151       26.467532    
   1    18    20.375684       2.7122703       15.714524       26.419414    
   1    19    20.248472       2.6855421       15.631032       26.229913    
   1    20    17.753053       2.4519380       13.560113       23.242497    
   1    21    17.669859       2.4532569       13.477676       23.166006    
   1    22    15.275449       2.6700869       10.872333       21.461755    
   1    23    15.061703       2.7012413       10.627207       21.346614    
   1    24    14.991121       2.7117778       10.546134       21.309583    
   1    25    14.967668       2.7153042       10.519184       21.297382    
   1    26    14.944251       2.7188374       10.492271       21.285253    
   1    27    14.506223       2.7868922       9.9885068       21.067264    
   1    28    14.483528       2.7905055       9.9624138       21.056402    
   1    29    14.460869       2.7941204       9.9363646       21.045598    
   1    30    13.519319       2.9483934       8.8606848       20.627298    
   1    31    9.7309851       3.4758684       4.9338529       19.192318    
   1    32    9.7157613       3.4772307       4.9199612       19.186334    
   1    33    9.7005613       3.4785823       4.9061089       19.180351    
   2     1    23.968185       8.2668598       12.423743       46.240000    
   2     2    24.228385       7.9579152       12.938030       45.371254    
   2     3    24.525618       7.6573769       13.489910       44.589321    
   2     4    24.822386       7.3584785       14.053965       43.841781    
   2     5    25.079915       7.0560716       14.601172       43.078882    
   2     6    25.297524       6.7514499       15.128638       42.301544    
   2     7    25.593085       6.4582877       15.726374       41.650159    
   2     8    25.888182       6.1674460       16.334460       41.029699    
   2     9    26.142380       5.8760692       16.918745       40.394486    
   2    10    26.395782       5.5880819       17.510572       39.789522    
   2    11    26.607225       5.3018741       18.073019       39.171343    
   2    12    26.900736       5.0232596       18.714306       38.668257    
   2    13    27.026099       4.7454134       19.206774       38.028773    
   2    14    27.276739       4.4754717       19.817745       37.543146    
   2    15    27.188122       4.2166105       20.097750       36.779936    
   2    16    27.480724       3.9588638       20.750629       36.393604    
   2    17    27.729942       3.7108978       21.357077       36.004443    
   2    18    28.021697       3.4704846       22.002508       35.687544    
   2    19    28.181885       3.2500355       22.497212       35.302982    
   2    20    25.043892       3.5448474       19.002598       33.005830    
   2    21    25.261670       3.3688526       19.473549       32.770193    
   2    22    22.173645       4.0053014       15.606710       31.503792    

  Program  MARK  - Survival Rate Estimation with Capture-Recapture Data
   gfortran(dble) Vers. 9.0 Mar 2018    25-Mar-2020 12:21:21    Page  014
 - - - - - - - - - - - - - - - - - - - - - - - - - - - - - - - - - - - - - -
 
   2    23    22.198512       3.9285902       15.734007       31.319037    
   2    24    22.429624       3.8209624       16.100897       31.245963    
   2    25    22.729671       3.7167125       16.531830       31.251106    
   2    26    23.029249       3.6353493       16.933019       31.320246    
   2    27    22.689381       3.7447080       16.454269       31.287199    
   2    28    22.989021       3.7066567       16.793968       31.469340    
   2    29    23.288193       3.6933582       17.099196       31.717277    
   2    30    22.107032       4.0474713       15.487023       31.556799    
   2    31    16.247419       5.1876553       8.8220022       29.922756    
   2    32    16.557138       5.1554920       9.1210412       30.055650    
   2    33    16.866373       5.1414567       9.4033683       30.252407    

     Gross Population Estimates of { Phi(~1)p(~sex)pent(~sex)N(~1) }
                                                95% Confidence Interval
 Grp. Occ.   N*-hat          Standard Error      Lower           Upper
 ---- ----   --------------  --------------  --------------  --------------
   1     0    21.692617       3.0678609       16.463597       28.582430    
   2     0    34.831735       3.1777612       29.139219       41.636316    

 Attempted ordering of parameters by estimatibility:
  2 3 6 1 5 4
 Beta number 4 is a singular value.

   CPU Time for the last procedure was 0.34 seconds.     


  INPUT --- proc stop;

     CPU Time in minutes for this job was 0.01

     Time Start = 12:21:20.755   Time End = 12:21:21.163

     Wall Clock Time in minutes for this job was 0.01


          E X E C U T I O N   S U C C E S S F U L 
