
   Program  MARK  - Survival Rate Estimation with Capture-Recapture Data
   gfortran(dble) Vers. 9.0 Mar 2018    25-Mar-2020 12:21:23    Page  001
 - - - - - - - - - - - - - - - - - - - - - - - - - - - - - - - - - - - - - -
 
   This version was compiled by GCC version 7.2.0 using the options: 
     -cpp -iprefix C:/Program Files/mingw-w64/x86_64-7.2.0-posix-seh-rt_v5-rev1/
     mingw64/bin/../lib/gcc/x86_64-w64-mingw32/7.2.0/ -D_MT -D_REENTRANT
     -U_REENTRANT -D IEEE -D DBLEPRECISION -m64 -mtune=core2 -march=nocona -mthreads
     -O2 -fimplicit-none -fbounds-check -funroll-loops -ftree-vectorize
     -ffpe-summary=invalid,zero,overflow,underflow -fno-unsafe-math-optimizations
     -frounding-math -fsignaling-nans -fopenmp.

   This problem will use 15 of 16 possible threads.


  INPUT --- proc title ;

   CPU Time for the last procedure was 0.01 seconds.     


  INPUT --- proc chmatrix occasions= 33 groups= 2 etype= POPAN Nodes= 
  INPUT --- 101 ICMeans NoHist hist= 41  ;

  INPUT ---    time interval 0.00547945205479452 0.00273972602739726 
  INPUT ---    0.00273972602739726 0.00547945205479452  
  INPUT ---    0.00821917808219178 0.00273972602739726 0.00273972602739726 
  INPUT ---    0.00547945205479452  0.00547945205479452 
  INPUT ---    0.00821917808219178 0.00273972602739726 0.0136986301369863 
  INPUT ---    0.00547945205479452  0.0273972602739726 0.00273972602739726 
  INPUT ---    0.00547945205479452 0.00273972602739726 0.010958904109589  
  INPUT ---    0.23013698630137 0.00821917808219178 0.254794520547945 
  INPUT ---    0.0246575342465753 0.00821917808219178  0.00273972602739726 
  INPUT ---    0.00273972602739726 0.0520547945205479 0.00273972602739726 
  INPUT ---    0.00273972602739726  0.117808219178082 0.575342465753425 
  INPUT ---    0.00273972602739726 0.00273972602739726 ;

  INPUT ---    glabel(1)=sexF;

  INPUT ---    glabel(2)=sexM;

   * *  WARNING  * *   At least a pair of the encounter histories are duplicates. 

      Number of unique encounter histories read was 38.

      Number of individual covariates read was 0.
      Time interval lengths vary and/or not equal to 1.

      Data type number is 19
      Data type is POPAN                                                                                               

   CPU Time for the last procedure was 0.02 seconds.     

  Program  MARK  - Survival Rate Estimation with Capture-Recapture Data
   gfortran(dble) Vers. 9.0 Mar 2018    25-Mar-2020 12:21:23    Page  002
 - - - - - - - - - - - - - - - - - - - - - - - - - - - - - - - - - - - - - -
 


  INPUT --- proc estimate link=Parm-Specific NOLOOP varest=2ndPart    ;


  INPUT --- model={ Phi(~1)p(~1)pent(~sex)N(~sex) };

  INPUT ---    group=1 Phi    rows=1 cols=32 Square ;
  INPUT ---        1 1 1 1 1 1 1 1 1 1 1 1 1 1 1 1 1 1 1 1 1 1 1 1 1 1 1 1 1 
  INPUT ---       1 1 1 ;

  INPUT ---    group=2 Phi    rows=1 cols=32 Square ;
  INPUT ---        1 1 1 1 1 1 1 1 1 1 1 1 1 1 1 1 1 1 1 1 1 1 1 1 1 1 1 1 1 
  INPUT ---       1 1 1 ;

  INPUT ---    group=1 p    rows=1 cols=33 Square ;
  INPUT ---        2 2 2 2 2 2 2 2 2 2 2 2 2 2 2 2 2 2 2 2 2 2 2 2 2 2 2 2 2 
  INPUT ---       2 2 2 2 ;

  INPUT ---    group=2 p    rows=1 cols=33 Square ;
  INPUT ---        2 2 2 2 2 2 2 2 2 2 2 2 2 2 2 2 2 2 2 2 2 2 2 2 2 2 2 2 2 
  INPUT ---       2 2 2 2 ;

  INPUT ---    group=1 pent    rows=1 cols=32 Square ;
  INPUT ---        5 6 7 8 9 10 11 12 13 14 15 16 17 18 19 20 21 22 23 24 25 
  INPUT ---       26 27 28 29 30 31 32 33 34 35 36 ;

  INPUT ---    group=2 pent    rows=1 cols=32 Square ;
  INPUT ---        37 38 39 40 41 42 43 44 45 46 47 48 49 50 51 52 53 54 55 
  INPUT ---       56 57 58 59 60 61 62 63 64 65 66 67 68 ;

  INPUT ---    group=1 N    rows=1 cols=1 Square ;
  INPUT ---        3 ;

  INPUT ---    group=2 N    rows=1 cols=1 Square ;
  INPUT ---        4 ;

  INPUT ---    design matrix constraints=68 covariates=6;
  INPUT ---        1 0 0 0 0 0;
  INPUT ---        0 1 0 0 0 0;
  INPUT ---        0 0 0 0 1 0;
  INPUT ---        0 0 0 0 1 1;
  INPUT ---        0 0 1 0 0 0;
  INPUT ---        0 0 1 0 0 0;
  INPUT ---        0 0 1 0 0 0;
  INPUT ---        0 0 1 0 0 0;

  Program  MARK  - Survival Rate Estimation with Capture-Recapture Data
   gfortran(dble) Vers. 9.0 Mar 2018    25-Mar-2020 12:21:23    Page  003
 - - - - - - - - - - - - - - - - - - - - - - - - - - - - - - - - - - - - - -
 
  INPUT ---        0 0 1 0 0 0;
  INPUT ---        0 0 1 0 0 0;
  INPUT ---        0 0 1 0 0 0;
  INPUT ---        0 0 1 0 0 0;
  INPUT ---        0 0 1 0 0 0;
  INPUT ---        0 0 1 0 0 0;
  INPUT ---        0 0 1 0 0 0;
  INPUT ---        0 0 1 0 0 0;
  INPUT ---        0 0 1 0 0 0;
  INPUT ---        0 0 1 0 0 0;
  INPUT ---        0 0 1 0 0 0;
  INPUT ---        0 0 1 0 0 0;
  INPUT ---        0 0 1 0 0 0;
  INPUT ---        0 0 1 0 0 0;
  INPUT ---        0 0 1 0 0 0;
  INPUT ---        0 0 1 0 0 0;
  INPUT ---        0 0 1 0 0 0;
  INPUT ---        0 0 1 0 0 0;
  INPUT ---        0 0 1 0 0 0;
  INPUT ---        0 0 1 0 0 0;
  INPUT ---        0 0 1 0 0 0;
  INPUT ---        0 0 1 0 0 0;
  INPUT ---        0 0 1 0 0 0;
  INPUT ---        0 0 1 0 0 0;
  INPUT ---        0 0 1 0 0 0;
  INPUT ---        0 0 1 0 0 0;
  INPUT ---        0 0 1 0 0 0;
  INPUT ---        0 0 1 0 0 0;
  INPUT ---        0 0 1 1 0 0;
  INPUT ---        0 0 1 1 0 0;
  INPUT ---        0 0 1 1 0 0;
  INPUT ---        0 0 1 1 0 0;
  INPUT ---        0 0 1 1 0 0;
  INPUT ---        0 0 1 1 0 0;
  INPUT ---        0 0 1 1 0 0;
  INPUT ---        0 0 1 1 0 0;
  INPUT ---        0 0 1 1 0 0;
  INPUT ---        0 0 1 1 0 0;
  INPUT ---        0 0 1 1 0 0;
  INPUT ---        0 0 1 1 0 0;
  INPUT ---        0 0 1 1 0 0;
  INPUT ---        0 0 1 1 0 0;
  INPUT ---        0 0 1 1 0 0;
  INPUT ---        0 0 1 1 0 0;
  INPUT ---        0 0 1 1 0 0;
  INPUT ---        0 0 1 1 0 0;

  Program  MARK  - Survival Rate Estimation with Capture-Recapture Data
   gfortran(dble) Vers. 9.0 Mar 2018    25-Mar-2020 12:21:23    Page  004
 - - - - - - - - - - - - - - - - - - - - - - - - - - - - - - - - - - - - - -
 
  INPUT ---        0 0 1 1 0 0;
  INPUT ---        0 0 1 1 0 0;
  INPUT ---        0 0 1 1 0 0;
  INPUT ---        0 0 1 1 0 0;
  INPUT ---        0 0 1 1 0 0;
  INPUT ---        0 0 1 1 0 0;
  INPUT ---        0 0 1 1 0 0;
  INPUT ---        0 0 1 1 0 0;
  INPUT ---        0 0 1 1 0 0;
  INPUT ---        0 0 1 1 0 0;
  INPUT ---        0 0 1 1 0 0;
  INPUT ---        0 0 1 1 0 0;
  INPUT ---        0 0 1 1 0 0;
  INPUT ---        0 0 1 1 0 0;

  INPUT ---    links=68;

  INPUT ---    Logit;

  INPUT ---    Logit;

  INPUT ---    Log;

  INPUT ---    Log;

  INPUT ---    mlogit(1);

  INPUT ---    mlogit(1);

  INPUT ---    mlogit(1);

  INPUT ---    mlogit(1);

  INPUT ---    mlogit(1);

  INPUT ---    mlogit(1);

  INPUT ---    mlogit(1);

  INPUT ---    mlogit(1);

  INPUT ---    mlogit(1);

  INPUT ---    mlogit(1);

  INPUT ---    mlogit(1);

  Program  MARK  - Survival Rate Estimation with Capture-Recapture Data
   gfortran(dble) Vers. 9.0 Mar 2018    25-Mar-2020 12:21:23    Page  005
 - - - - - - - - - - - - - - - - - - - - - - - - - - - - - - - - - - - - - -
 

  INPUT ---    mlogit(1);

  INPUT ---    mlogit(1);

  INPUT ---    mlogit(1);

  INPUT ---    mlogit(1);

  INPUT ---    mlogit(1);

  INPUT ---    mlogit(1);

  INPUT ---    mlogit(1);

  INPUT ---    mlogit(1);

  INPUT ---    mlogit(1);

  INPUT ---    mlogit(1);

  INPUT ---    mlogit(1);

  INPUT ---    mlogit(1);

  INPUT ---    mlogit(1);

  INPUT ---    mlogit(1);

  INPUT ---    mlogit(1);

  INPUT ---    mlogit(1);

  INPUT ---    mlogit(1);

  INPUT ---    mlogit(1);

  INPUT ---    mlogit(1);

  INPUT ---    mlogit(1);

  INPUT ---    mlogit(1);

  INPUT ---    mlogit(2);

  INPUT ---    mlogit(2);

  Program  MARK  - Survival Rate Estimation with Capture-Recapture Data
   gfortran(dble) Vers. 9.0 Mar 2018    25-Mar-2020 12:21:23    Page  006
 - - - - - - - - - - - - - - - - - - - - - - - - - - - - - - - - - - - - - -
 

  INPUT ---    mlogit(2);

  INPUT ---    mlogit(2);

  INPUT ---    mlogit(2);

  INPUT ---    mlogit(2);

  INPUT ---    mlogit(2);

  INPUT ---    mlogit(2);

  INPUT ---    mlogit(2);

  INPUT ---    mlogit(2);

  INPUT ---    mlogit(2);

  INPUT ---    mlogit(2);

  INPUT ---    mlogit(2);

  INPUT ---    mlogit(2);

  INPUT ---    mlogit(2);

  INPUT ---    mlogit(2);

  INPUT ---    mlogit(2);

  INPUT ---    mlogit(2);

  INPUT ---    mlogit(2);

  INPUT ---    mlogit(2);

  INPUT ---    mlogit(2);

  INPUT ---    mlogit(2);

  INPUT ---    mlogit(2);

  INPUT ---    mlogit(2);

  INPUT ---    mlogit(2);

  Program  MARK  - Survival Rate Estimation with Capture-Recapture Data
   gfortran(dble) Vers. 9.0 Mar 2018    25-Mar-2020 12:21:23    Page  007
 - - - - - - - - - - - - - - - - - - - - - - - - - - - - - - - - - - - - - -
 

  INPUT ---    mlogit(2);

  INPUT ---    mlogit(2);

  INPUT ---    mlogit(2);

  INPUT ---    mlogit(2);

  INPUT ---    mlogit(2);

  INPUT ---    mlogit(2);

  INPUT ---    mlogit(2);
  INPUT ---       blabel(1)=Phi:(Intercept);
  INPUT ---       blabel(2)=p:(Intercept);
  INPUT ---       blabel(3)=pent:(Intercept);
  INPUT ---       blabel(4)=pent:sexM;
  INPUT ---       blabel(5)=N:(Intercept);
  INPUT ---       blabel(6)=N:sexM;
  INPUT ---       rlabel(1)=Phi gF a0 t1;
  INPUT ---       rlabel(2)=p gF a0 t1;
  INPUT ---       rlabel(3)=N gF a0 t1;
  INPUT ---       rlabel(4)=N gM a0 t1;
  INPUT ---       rlabel(5)=pent gF a0.00547945205479452 t1.00547945205479;
  INPUT ---       rlabel(6)=pent gF a0.00821917808219178 t1.00821917808219;
  INPUT ---       rlabel(7)=pent gF a0.010958904109589 t1.01095890410959;
  INPUT ---       rlabel(8)=pent gF a0.0164383561643836 t1.01643835616438;
  INPUT ---       rlabel(9)=pent gF a0.0246575342465753 t1.02465753424658;
  INPUT ---       rlabel(10)=pent gF a0.0273972602739726 t1.02739726027397;
  INPUT ---       rlabel(11)=pent gF a0.0301369863013699 t1.03013698630137;
  INPUT ---       rlabel(12)=pent gF a0.0356164383561644 t1.03561643835616;
  INPUT ---       rlabel(13)=pent gF a0.0410958904109589 t1.04109589041096;
  INPUT ---       rlabel(14)=pent gF a0.0493150684931507 t1.04931506849315;
  INPUT ---       rlabel(15)=pent gF a0.0520547945205479 t1.05205479452055;
  INPUT ---       rlabel(16)=pent gF a0.0657534246575342 t1.06575342465753;
  INPUT ---       rlabel(17)=pent gF a0.0712328767123288 t1.07123287671233;
  INPUT ---       rlabel(18)=pent gF a0.0986301369863014 t1.0986301369863;
  INPUT ---       rlabel(19)=pent gF a0.101369863013699 t1.1013698630137;
  INPUT ---       rlabel(20)=pent gF a0.106849315068493 t1.10684931506849;
  INPUT ---       rlabel(21)=pent gF a0.10958904109589 t1.10958904109589;
  INPUT ---       rlabel(22)=pent gF a0.120547945205479 t1.12054794520548;
  INPUT ---       rlabel(23)=pent gF a0.350684931506849 t1.35068493150685;
  INPUT ---       rlabel(24)=pent gF a0.358904109589041 t1.35890410958904;
  INPUT ---       rlabel(25)=pent gF a0.613698630136986 t1.61369863013699;
  INPUT ---       rlabel(26)=pent gF a0.638356164383562 t1.63835616438356;

  Program  MARK  - Survival Rate Estimation with Capture-Recapture Data
   gfortran(dble) Vers. 9.0 Mar 2018    25-Mar-2020 12:21:23    Page  008
 - - - - - - - - - - - - - - - - - - - - - - - - - - - - - - - - - - - - - -
 
  INPUT ---       rlabel(27)=pent gF a0.646575342465753 t1.64657534246575;
  INPUT ---       rlabel(28)=pent gF a0.649315068493151 t1.64931506849315;
  INPUT ---       rlabel(29)=pent gF a0.652054794520548 t1.65205479452055;
  INPUT ---       rlabel(30)=pent gF a0.704109589041096 t1.7041095890411;
  INPUT ---       rlabel(31)=pent gF a0.706849315068493 t1.70684931506849;
  INPUT ---       rlabel(32)=pent gF a0.70958904109589 t1.70958904109589;
  INPUT ---       rlabel(33)=pent gF a0.827397260273973 t1.82739726027397;
  INPUT ---       rlabel(34)=pent gF a1.4027397260274 t2.4027397260274;
  INPUT ---       rlabel(35)=pent gF a1.40547945205479 t2.40547945205479;
  INPUT ---       rlabel(36)=pent gF a1.40821917808219 t2.40821917808219;
  INPUT ---       rlabel(37)=pent gM a0.00547945205479452 t1.00547945205479;
  INPUT ---       rlabel(38)=pent gM a0.00821917808219178 t1.00821917808219;
  INPUT ---       rlabel(39)=pent gM a0.010958904109589 t1.01095890410959;
  INPUT ---       rlabel(40)=pent gM a0.0164383561643836 t1.01643835616438;
  INPUT ---       rlabel(41)=pent gM a0.0246575342465753 t1.02465753424658;
  INPUT ---       rlabel(42)=pent gM a0.0273972602739726 t1.02739726027397;
  INPUT ---       rlabel(43)=pent gM a0.0301369863013699 t1.03013698630137;
  INPUT ---       rlabel(44)=pent gM a0.0356164383561644 t1.03561643835616;
  INPUT ---       rlabel(45)=pent gM a0.0410958904109589 t1.04109589041096;
  INPUT ---       rlabel(46)=pent gM a0.0493150684931507 t1.04931506849315;
  INPUT ---       rlabel(47)=pent gM a0.0520547945205479 t1.05205479452055;
  INPUT ---       rlabel(48)=pent gM a0.0657534246575342 t1.06575342465753;
  INPUT ---       rlabel(49)=pent gM a0.0712328767123288 t1.07123287671233;
  INPUT ---       rlabel(50)=pent gM a0.0986301369863014 t1.0986301369863;
  INPUT ---       rlabel(51)=pent gM a0.101369863013699 t1.1013698630137;
  INPUT ---       rlabel(52)=pent gM a0.106849315068493 t1.10684931506849;
  INPUT ---       rlabel(53)=pent gM a0.10958904109589 t1.10958904109589;
  INPUT ---       rlabel(54)=pent gM a0.120547945205479 t1.12054794520548;
  INPUT ---       rlabel(55)=pent gM a0.350684931506849 t1.35068493150685;
  INPUT ---       rlabel(56)=pent gM a0.358904109589041 t1.35890410958904;
  INPUT ---       rlabel(57)=pent gM a0.613698630136986 t1.61369863013699;
  INPUT ---       rlabel(58)=pent gM a0.638356164383562 t1.63835616438356;
  INPUT ---       rlabel(59)=pent gM a0.646575342465753 t1.64657534246575;
  INPUT ---       rlabel(60)=pent gM a0.649315068493151 t1.64931506849315;
  INPUT ---       rlabel(61)=pent gM a0.652054794520548 t1.65205479452055;
  INPUT ---       rlabel(62)=pent gM a0.704109589041096 t1.7041095890411;
  INPUT ---       rlabel(63)=pent gM a0.706849315068493 t1.70684931506849;
  INPUT ---       rlabel(64)=pent gM a0.70958904109589 t1.70958904109589;
  INPUT ---       rlabel(65)=pent gM a0.827397260273973 t1.82739726027397;
  INPUT ---       rlabel(66)=pent gM a1.4027397260274 t2.4027397260274;
  INPUT ---       rlabel(67)=pent gM a1.40547945205479 t2.40547945205479;
  INPUT ---       rlabel(68)=pent gM a1.40821917808219 t2.40821917808219;

 Link Function Used is PARM-SPECIFIC

 Variance Estimation Procedure Used is 2ndPart 

  Program  MARK  - Survival Rate Estimation with Capture-Recapture Data
   gfortran(dble) Vers. 9.0 Mar 2018    25-Mar-2020 12:21:23    Page  009
 - - - - - - - - - - - - - - - - - - - - - - - - - - - - - - - - - - - - - -
 

 M(t+1):
      16     29



 Group: 1

 U(t)+UL(t):
       0    2    2    0    1    0    3    1    1    0    0    0    0    0    1
       0    0    0    2    1    1    0    0    0    1    0    0    0    0    0
       0    0    0

 U(t):
       0    2    2    0    1    0    3    1    1    0    0    0    0    0    1
       0    0    0    2    1    1    0    0    0    1    0    0    0    0    0
       0    0    0

 UL(t):
       0    0    0    0    0    0    0    0    0    0    0    0    0    0    0
       0    0    0    0    0    0    0    0    0    0    0    0    0    0    0
       0    0    0

 Not Released(t):
       0    0    0    0    0    0    0    0    0    0    0    0    0    0    0
       0    0    0    0    0    0    0    0    0    0    0    0    0    0    0
       0    0    0

 Group: 2

 U(t)+UL(t):
       3    0    1    1    1    1    1    0    1    1    2    1    3    3    1
       1    0    2    3    1    0    0    1    0    0    0    0    0    0    1
       0    0    0

 U(t):
       3    0    1    1    1    1    1    0    1    1    2    1    3    3    1
       1    0    2    3    1    0    0    1    0    0    0    0    0    0    1
       0    0    0

 UL(t):
       0    0    0    0    0    0    0    0    0    0    0    0    0    0    0
       0    0    0    0    0    0    0    0    0    0    0    0    0    0    0
       0    0    0

 Not Released(t):
       0    0    0    0    0    0    0    0    0    0    0    0    0    0    0
       0    0    0    0    0    0    0    0    0    0    0    0    0    0    0
       0    0    0
 -2logL(saturated) = 272.93564     
 Effective Sample Size = 103

 Number of function evaluations was 48 for 6 parameters.
 Time for numerical optimization was 0.19 seconds.     
 -2logL { Phi(~1)p(~1)pent(~sex)N(~sex) } = 558.97122     
 Penalty { Phi(~1)p(~1)pent(~sex)N(~sex) } = 0.0000000     
 Gradient { Phi(~1)p(~1)pent(~sex)N(~sex) }:
  0.2527143E-04  0.1952197E-04   0.000000     -0.5182261E-06  0.4299158E-05
   0.000000    
 Maximum ABS(G) { Phi(~1)p(~1)pent(~sex)N(~sex) } = 0.2527143E-04 
 S Vector { Phi(~1)p(~1)pent(~sex)N(~sex) }:
   84.80055      10.12148      3.486143     0.9397181     0.4568282    
  0.2777235E-06
 Time to compute number of parameters was 0.01 seconds.     
 Ratio Threshold = 50.000000       Max Gap (5/6) = 1644902.8       Next Max Gap (1/2) = 8.3782724     
 Gap Method for Num. of Estimated Parameters { Phi(~1)p(~1)pent(~sex)N(~sex) } = 5          
 Threshold { Phi(~1)p(~1)pent(~sex)N(~sex) } = 0.5054286E-04                 
 Numerical Threshold Method for Num. of Estimated Parameters { Phi(~1)p(~1)pent(~sex)N(~sex) } = 5          
 Number of Estimated Parameters { Phi(~1)p(~1)pent(~sex)N(~sex) } = 5          
 DEVIANCE { Phi(~1)p(~1)pent(~sex)N(~sex) } = 286.03558                     
 DEVIANCE Degrees of Freedom { Phi(~1)p(~1)pent(~sex)N(~sex) } = 36            
 c-hat { Phi(~1)p(~1)pent(~sex)N(~sex) } = 7.9454327                     
 AIC { Phi(~1)p(~1)pent(~sex)N(~sex) } = 568.97122                  
 AICc { Phi(~1)p(~1)pent(~sex)N(~sex) } = 569.58978                    
 BIC { Phi(~1)p(~1)pent(~sex)N(~sex) } = 582.14487                    
 Pearson Chisquare { Phi(~1)p(~1)pent(~sex)N(~sex) } = 43027402.                  


              PARM-SPECIFIC Link Function Parameters of { Phi(~1)p(~1)pent(~sex)N(~sex) }
                                                              95% Confidence Interval
 Parameter                    Beta         Standard Error      Lower           Upper
 -------------------------  --------------  --------------  --------------  --------------
    1:Phi:(Intercept)        0.2075921       0.6245465      -1.0165190       1.4317033    
    2:p:(Intercept)         -2.5172970       0.1556614      -2.8223933      -2.2122006    
    3:pent:(Intercept)      -18.148443       1341.7720      -2648.0216       2611.7247    
    4:pent:sexM              13.722135       1341.7721      -2616.1512       2643.5955    
    5:N:(Intercept)          0.7746251       0.8895261      -0.9688461       2.5180963    
    6:N:sexM                 1.3022755       1.1008444      -0.8553796       3.4599306    


              Real Function Parameters of { Phi(~1)p(~1)pent(~sex)N(~sex) }
                                                               95% Confidence Interval
  Parameter                  Estimate       Standard Error      Lower           Upper
 --------------------------  --------------  --------------  --------------  --------------
     1:Phi gF a0 t1           0.5517125       0.1544665       0.2657060       0.8071666                          
     2:p gF a0 t1             0.0746545       0.0107533       0.0561260       0.0986602                          
     3:N gF a0 t1             18.169779       1.9300747       16.485869       25.689726                          
     4:N gM a0 t1             36.979698       5.6801839       31.275061       56.988521                          
     5:pent gF a0.005479452   0.1312899E-07   0.1761610E-04  -0.3451442E-04   0.3454068E-04                      
     6:pent gF a0.008219178   0.1312899E-07   0.1761610E-04  -0.3451442E-04   0.3454068E-04                      
     7:pent gF a0.010958904   0.1312899E-07   0.1761610E-04  -0.3451442E-04   0.3454068E-04                      
     8:pent gF a0.016438356   0.1312899E-07   0.1761610E-04  -0.3451442E-04   0.3454068E-04                      
     9:pent gF a0.024657534   0.1312899E-07   0.1761610E-04  -0.3451442E-04   0.3454068E-04                      
    10:pent gF a0.027397260   0.1312899E-07   0.1761610E-04  -0.3451442E-04   0.3454068E-04                      
    11:pent gF a0.030136986   0.1312899E-07   0.1761610E-04  -0.3451442E-04   0.3454068E-04                      

  Program  MARK  - Survival Rate Estimation with Capture-Recapture Data
   gfortran(dble) Vers. 9.0 Mar 2018    25-Mar-2020 12:21:23    Page  010
 - - - - - - - - - - - - - - - - - - - - - - - - - - - - - - - - - - - - - -
 
    12:pent gF a0.035616438   0.1312899E-07   0.1761610E-04  -0.3451442E-04   0.3454068E-04                      
    13:pent gF a0.041095890   0.1312899E-07   0.1761610E-04  -0.3451442E-04   0.3454068E-04                      
    14:pent gF a0.049315068   0.1312899E-07   0.1761610E-04  -0.3451442E-04   0.3454068E-04                      
    15:pent gF a0.052054794   0.1312899E-07   0.1761610E-04  -0.3451442E-04   0.3454068E-04                      
    16:pent gF a0.065753424   0.1312899E-07   0.1761610E-04  -0.3451442E-04   0.3454068E-04                      
    17:pent gF a0.071232876   0.1312899E-07   0.1761610E-04  -0.3451442E-04   0.3454068E-04                      
    18:pent gF a0.098630136   0.1312899E-07   0.1761610E-04  -0.3451442E-04   0.3454068E-04                      
    19:pent gF a0.101369863   0.1312899E-07   0.1761610E-04  -0.3451442E-04   0.3454068E-04                      
    20:pent gF a0.106849315   0.1312899E-07   0.1761610E-04  -0.3451442E-04   0.3454068E-04                      
    21:pent gF a0.109589041   0.1312899E-07   0.1761610E-04  -0.3451442E-04   0.3454068E-04                      
    22:pent gF a0.120547945   0.1312899E-07   0.1761610E-04  -0.3451442E-04   0.3454068E-04                      
    23:pent gF a0.350684931   0.1312899E-07   0.1761610E-04  -0.3451442E-04   0.3454068E-04                      
    24:pent gF a0.358904109   0.1312899E-07   0.1761610E-04  -0.3451442E-04   0.3454068E-04                      
    25:pent gF a0.613698630   0.1312899E-07   0.1761610E-04  -0.3451442E-04   0.3454068E-04                      
    26:pent gF a0.638356164   0.1312899E-07   0.1761610E-04  -0.3451442E-04   0.3454068E-04                      
    27:pent gF a0.646575342   0.1312899E-07   0.1761610E-04  -0.3451442E-04   0.3454068E-04                      
    28:pent gF a0.649315068   0.1312899E-07   0.1761610E-04  -0.3451442E-04   0.3454068E-04                      
    29:pent gF a0.652054794   0.1312899E-07   0.1761610E-04  -0.3451442E-04   0.3454068E-04                      
    30:pent gF a0.704109589   0.1312899E-07   0.1761610E-04  -0.3451442E-04   0.3454068E-04                      
    31:pent gF a0.706849315   0.1312899E-07   0.1761610E-04  -0.3451442E-04   0.3454068E-04                      
    32:pent gF a0.709589041   0.1312899E-07   0.1761610E-04  -0.3451442E-04   0.3454068E-04                      
    33:pent gF a0.827397260   0.1312899E-07   0.1761610E-04  -0.3451442E-04   0.3454068E-04                      
    34:pent gF a1.402739726   0.1312899E-07   0.1761610E-04  -0.3451442E-04   0.3454068E-04                      
    35:pent gF a1.405479452   0.1312899E-07   0.1761610E-04  -0.3451442E-04   0.3454068E-04                      
    36:pent gF a1.408219178   0.1312899E-07   0.1761610E-04  -0.3451442E-04   0.3454068E-04                      
    37:pent gM a0.005479452   0.0086489       0.0098236       0.9226998E-03   0.0761392                          
    38:pent gM a0.008219178   0.0086489       0.0098236       0.9226998E-03   0.0761392                          
    39:pent gM a0.010958904   0.0086489       0.0098236       0.9226998E-03   0.0761392                          
    40:pent gM a0.016438356   0.0086489       0.0098236       0.9226998E-03   0.0761392                          
    41:pent gM a0.024657534   0.0086489       0.0098236       0.9226998E-03   0.0761392                          
    42:pent gM a0.027397260   0.0086489       0.0098236       0.9226998E-03   0.0761392                          
    43:pent gM a0.030136986   0.0086489       0.0098236       0.9226998E-03   0.0761392                          
    44:pent gM a0.035616438   0.0086489       0.0098236       0.9226998E-03   0.0761392                          
    45:pent gM a0.041095890   0.0086489       0.0098236       0.9226998E-03   0.0761392                          
    46:pent gM a0.049315068   0.0086489       0.0098236       0.9226998E-03   0.0761392                          
    47:pent gM a0.052054794   0.0086489       0.0098236       0.9226998E-03   0.0761392                          
    48:pent gM a0.065753424   0.0086489       0.0098236       0.9226998E-03   0.0761392                          
    49:pent gM a0.071232876   0.0086489       0.0098236       0.9226998E-03   0.0761392                          
    50:pent gM a0.098630136   0.0086489       0.0098236       0.9226998E-03   0.0761392                          
    51:pent gM a0.101369863   0.0086489       0.0098236       0.9226998E-03   0.0761392                          
    52:pent gM a0.106849315   0.0086489       0.0098236       0.9226998E-03   0.0761392                          
    53:pent gM a0.109589041   0.0086489       0.0098236       0.9226998E-03   0.0761392                          
    54:pent gM a0.120547945   0.0086489       0.0098236       0.9226998E-03   0.0761392                          
    55:pent gM a0.350684931   0.0086489       0.0098236       0.9226998E-03   0.0761392                          
    56:pent gM a0.358904109   0.0086489       0.0098236       0.9226998E-03   0.0761392                          
    57:pent gM a0.613698630   0.0086489       0.0098236       0.9226998E-03   0.0761392                          

  Program  MARK  - Survival Rate Estimation with Capture-Recapture Data
   gfortran(dble) Vers. 9.0 Mar 2018    25-Mar-2020 12:21:23    Page  011
 - - - - - - - - - - - - - - - - - - - - - - - - - - - - - - - - - - - - - -
 
    58:pent gM a0.638356164   0.0086489       0.0098236       0.9226998E-03   0.0761392                          
    59:pent gM a0.646575342   0.0086489       0.0098236       0.9226998E-03   0.0761392                          
    60:pent gM a0.649315068   0.0086489       0.0098236       0.9226998E-03   0.0761392                          
    61:pent gM a0.652054794   0.0086489       0.0098236       0.9226998E-03   0.0761392                          
    62:pent gM a0.704109589   0.0086489       0.0098236       0.9226998E-03   0.0761392                          
    63:pent gM a0.706849315   0.0086489       0.0098236       0.9226998E-03   0.0761392                          
    64:pent gM a0.709589041   0.0086489       0.0098236       0.9226998E-03   0.0761392                          
    65:pent gM a0.827397260   0.0086489       0.0098236       0.9226998E-03   0.0761392                          
    66:pent gM a1.402739726   0.0086489       0.0098236       0.9226998E-03   0.0761392                          
    67:pent gM a1.405479452   0.0086489       0.0098236       0.9226998E-03   0.0761392                          
    68:pent gM a1.408219178   0.0086489       0.0098236       0.9226998E-03   0.0761392                          


                      Estimates of Derived Parameters
  Gross Birth+Immigration Estimates of { Phi(~1)p(~1)pent(~sex)N(~sex) }
                                                95% Confidence Interval
 Grp. Occ.   B*-hat          Standard Error      Lower           Upper
 ---- ----   --------------  --------------  --------------  --------------
   1     1    0.2389397E-06   0.3206134E-03   0.1405228E-09   0.4062840E-03
   1     2    0.2387452E-06   0.3203524E-03   0.1404084E-09   0.4059533E-03
   1     3    0.2387452E-06   0.3203524E-03   0.1404084E-09   0.4059533E-03
   1     4    0.2389397E-06   0.3206134E-03   0.1405228E-09   0.4062840E-03
   1     5    0.2391343E-06   0.3208745E-03   0.1406372E-09   0.4066150E-03
   1     6    0.2387452E-06   0.3203524E-03   0.1404084E-09   0.4059533E-03
   1     7    0.2387452E-06   0.3203524E-03   0.1404084E-09   0.4059533E-03
   1     8    0.2389397E-06   0.3206134E-03   0.1405228E-09   0.4062840E-03
   1     9    0.2389397E-06   0.3206134E-03   0.1405228E-09   0.4062840E-03
   1    10    0.2391343E-06   0.3208745E-03   0.1406372E-09   0.4066150E-03
   1    11    0.2387452E-06   0.3203524E-03   0.1404084E-09   0.4059533E-03
   1    12    0.2395238E-06   0.3213972E-03   0.1408663E-09   0.4072773E-03
   1    13    0.2389397E-06   0.3206134E-03   0.1405228E-09   0.4062840E-03
   1    14    0.2404995E-06   0.3227064E-03   0.1414401E-09   0.4089363E-03
   1    15    0.2387452E-06   0.3203524E-03   0.1404084E-09   0.4059533E-03
   1    16    0.2389397E-06   0.3206134E-03   0.1405228E-09   0.4062840E-03
   1    17    0.2387452E-06   0.3203524E-03   0.1404084E-09   0.4059533E-03
   1    18    0.2393290E-06   0.3211358E-03   0.1407518E-09   0.4069460E-03
   1    19    0.2552482E-06   0.3424964E-03   0.1501140E-09   0.4340144E-03
   1    20    0.2391343E-06   0.3208745E-03   0.1406372E-09   0.4066150E-03
   1    21    0.2570813E-06   0.3449561E-03   0.1511921E-09   0.4371314E-03
   1    22    0.2403042E-06   0.3224443E-03   0.1413253E-09   0.4086042E-03
   1    23    0.2391343E-06   0.3208745E-03   0.1406372E-09   0.4066150E-03
   1    24    0.2387452E-06   0.3203524E-03   0.1404084E-09   0.4059533E-03
   1    25    0.2387452E-06   0.3203524E-03   0.1404084E-09   0.4059533E-03
   1    26    0.2422624E-06   0.3250719E-03   0.1424769E-09   0.4119339E-03
   1    27    0.2387452E-06   0.3203524E-03   0.1404084E-09   0.4059533E-03

  Program  MARK  - Survival Rate Estimation with Capture-Recapture Data
   gfortran(dble) Vers. 9.0 Mar 2018    25-Mar-2020 12:21:23    Page  012
 - - - - - - - - - - - - - - - - - - - - - - - - - - - - - - - - - - - - - -
 
   1    28    0.2387452E-06   0.3203524E-03   0.1404084E-09   0.4059533E-03
   1    29    0.2470052E-06   0.3314359E-03   0.1452662E-09   0.4199984E-03
   1    30    0.2816865E-06   0.3779718E-03   0.1656626E-09   0.4789691E-03
   1    31    0.2387452E-06   0.3203524E-03   0.1404084E-09   0.4059533E-03
   1    32    0.2387452E-06   0.3203524E-03   0.1404084E-09   0.4059533E-03
   2     1    0.3203537       0.4023441       0.0475747       2.1571637    
   2     2    0.3200929       0.4019620       0.0475440       2.1550469    
   2     3    0.3200929       0.4019620       0.0475440       2.1550469    
   2     4    0.3203537       0.4023441       0.0475747       2.1571637    
   2     5    0.3206146       0.4027264       0.0476055       2.1592820    
   2     6    0.3200929       0.4019620       0.0475440       2.1550469    
   2     7    0.3200929       0.4019620       0.0475440       2.1550469    
   2     8    0.3203537       0.4023441       0.0475747       2.1571637    
   2     9    0.3203537       0.4023441       0.0475747       2.1571637    
   2    10    0.3206146       0.4027264       0.0476055       2.1592820    
   2    11    0.3200929       0.4019620       0.0475440       2.1550469    
   2    12    0.3211369       0.4034920       0.0476671       2.1635233    
   2    13    0.3203537       0.4023441       0.0475747       2.1571637    
   2    14    0.3224450       0.4054105       0.0478213       2.1741540    
   2    15    0.3200929       0.4019620       0.0475440       2.1550469    
   2    16    0.3203537       0.4023441       0.0475747       2.1571637    
   2    17    0.3200929       0.4019620       0.0475440       2.1550469    
   2    18    0.3208757       0.4031091       0.0476363       2.1614019    
   2    19    0.3422190       0.4345859       0.0501331       2.3360578    
   2    20    0.3206146       0.4027264       0.0476055       2.1592820    
   2    21    0.3446767       0.4382341       0.0504182       2.3563334    
   2    22    0.3221831       0.4050263       0.0477904       2.1720247    
   2    23    0.3206146       0.4027264       0.0476055       2.1592820    
   2    24    0.3200929       0.4019620       0.0475440       2.1550469    
   2    25    0.3200929       0.4019620       0.0475440       2.1550469    
   2    26    0.3248086       0.4088807       0.0480994       2.1933875    
   2    27    0.3200929       0.4019620       0.0475440       2.1550469    
   2    28    0.3200929       0.4019620       0.0475440       2.1550469    
   2    29    0.3311675       0.4182403       0.0488452       2.2452959    
   2    30    0.3776657       0.4876269       0.0542026       2.6314490    
   2    31    0.3200929       0.4019620       0.0475440       2.1550469    
   2    32    0.3200929       0.4019620       0.0475440       2.1550469    

   Net Birth+Immigration Estimates of { Phi(~1)p(~1)pent(~sex)N(~sex) }
                                                95% Confidence Interval
 Grp. Occ.   B-hat           Standard Error      Lower           Upper
 ---- ----   --------------  --------------  --------------  --------------
   1     1    0.2385508E-06   0.3200915E-03   0.1402941E-09   0.4056228E-03
   1     2    0.2385508E-06   0.3200915E-03   0.1402941E-09   0.4056228E-03
   1     3    0.2385508E-06   0.3200915E-03   0.1402941E-09   0.4056228E-03
   1     4    0.2385508E-06   0.3200915E-03   0.1402941E-09   0.4056228E-03
   1     5    0.2385508E-06   0.3200915E-03   0.1402941E-09   0.4056228E-03
   1     6    0.2385508E-06   0.3200915E-03   0.1402941E-09   0.4056228E-03
   1     7    0.2385508E-06   0.3200915E-03   0.1402941E-09   0.4056228E-03
   1     8    0.2385508E-06   0.3200915E-03   0.1402941E-09   0.4056228E-03
   1     9    0.2385508E-06   0.3200915E-03   0.1402941E-09   0.4056228E-03
   1    10    0.2385508E-06   0.3200915E-03   0.1402941E-09   0.4056228E-03
   1    11    0.2385508E-06   0.3200915E-03   0.1402941E-09   0.4056228E-03
   1    12    0.2385508E-06   0.3200915E-03   0.1402941E-09   0.4056228E-03
   1    13    0.2385508E-06   0.3200915E-03   0.1402941E-09   0.4056228E-03
   1    14    0.2385508E-06   0.3200915E-03   0.1402941E-09   0.4056228E-03
   1    15    0.2385508E-06   0.3200915E-03   0.1402941E-09   0.4056228E-03
   1    16    0.2385508E-06   0.3200915E-03   0.1402941E-09   0.4056228E-03
   1    17    0.2385508E-06   0.3200915E-03   0.1402941E-09   0.4056228E-03
   1    18    0.2385508E-06   0.3200915E-03   0.1402941E-09   0.4056228E-03
   1    19    0.2385508E-06   0.3200915E-03   0.1402941E-09   0.4056228E-03
   1    20    0.2385508E-06   0.3200915E-03   0.1402941E-09   0.4056228E-03
   1    21    0.2385508E-06   0.3200915E-03   0.1402941E-09   0.4056228E-03
   1    22    0.2385508E-06   0.3200915E-03   0.1402941E-09   0.4056228E-03
   1    23    0.2385508E-06   0.3200915E-03   0.1402941E-09   0.4056228E-03
   1    24    0.2385508E-06   0.3200915E-03   0.1402941E-09   0.4056228E-03
   1    25    0.2385508E-06   0.3200915E-03   0.1402941E-09   0.4056228E-03
   1    26    0.2385508E-06   0.3200915E-03   0.1402941E-09   0.4056228E-03
   1    27    0.2385508E-06   0.3200915E-03   0.1402941E-09   0.4056228E-03
   1    28    0.2385508E-06   0.3200915E-03   0.1402941E-09   0.4056228E-03
   1    29    0.2385508E-06   0.3200915E-03   0.1402941E-09   0.4056228E-03
   1    30    0.2385508E-06   0.3200915E-03   0.1402941E-09   0.4056228E-03
   1    31    0.2385508E-06   0.3200915E-03   0.1402941E-09   0.4056228E-03
   1    32    0.2385508E-06   0.3200915E-03   0.1402941E-09   0.4056228E-03
   2     1    0.3198323       0.4015801       0.0475132       2.1529317    
   2     2    0.3198323       0.4015801       0.0475132       2.1529317    
   2     3    0.3198323       0.4015801       0.0475132       2.1529317    
   2     4    0.3198323       0.4015801       0.0475132       2.1529317    
   2     5    0.3198323       0.4015801       0.0475132       2.1529317    
   2     6    0.3198323       0.4015801       0.0475132       2.1529317    
   2     7    0.3198323       0.4015801       0.0475132       2.1529317    
   2     8    0.3198323       0.4015801       0.0475132       2.1529317    
   2     9    0.3198323       0.4015801       0.0475132       2.1529317    
   2    10    0.3198323       0.4015801       0.0475132       2.1529317    
   2    11    0.3198323       0.4015801       0.0475132       2.1529317    
   2    12    0.3198323       0.4015801       0.0475132       2.1529317    
   2    13    0.3198323       0.4015801       0.0475132       2.1529317    
   2    14    0.3198323       0.4015801       0.0475132       2.1529317    
   2    15    0.3198323       0.4015801       0.0475132       2.1529317    
   2    16    0.3198323       0.4015801       0.0475132       2.1529317    
   2    17    0.3198323       0.4015801       0.0475132       2.1529317    
   2    18    0.3198323       0.4015801       0.0475132       2.1529317    
   2    19    0.3198323       0.4015801       0.0475132       2.1529317    
   2    20    0.3198323       0.4015801       0.0475132       2.1529317    
   2    21    0.3198323       0.4015801       0.0475132       2.1529317    
   2    22    0.3198323       0.4015801       0.0475132       2.1529317    
   2    23    0.3198323       0.4015801       0.0475132       2.1529317    
   2    24    0.3198323       0.4015801       0.0475132       2.1529317    
   2    25    0.3198323       0.4015801       0.0475132       2.1529317    
   2    26    0.3198323       0.4015801       0.0475132       2.1529317    
   2    27    0.3198323       0.4015801       0.0475132       2.1529317    
   2    28    0.3198323       0.4015801       0.0475132       2.1529317    
   2    29    0.3198323       0.4015801       0.0475132       2.1529317    
   2    30    0.3198323       0.4015801       0.0475132       2.1529317    
   2    31    0.3198323       0.4015801       0.0475132       2.1529317    
   2    32    0.3198323       0.4015801       0.0475132       2.1529317    

        Population Estimates of { Phi(~1)p(~1)pent(~sex)N(~sex) }
                                                95% Confidence Interval
 Grp. Occ.   N-hat           Standard Error      Lower           Upper
 ---- ----   --------------  --------------  --------------  --------------
   1     1    18.169771       1.9300826       14.763267       22.362297    
   1     2    18.110656       1.9210554       14.719576       22.282970    
   1     3    18.081171       1.9167048       14.697543       22.243768    
   1     4    18.051734       1.9124628       14.675387       22.204872    
   1     5    17.993003       1.9043041       14.630702       22.128000    
   1     6    17.905265       1.8928719       14.562752       22.014969    
   1     7    17.876114       1.8892739       14.539859       21.977893    
   1     8    17.847011       1.8857819       14.516845       21.941117    
   1     9    17.788946       1.8791147       14.470456       21.868462    

  Program  MARK  - Survival Rate Estimation with Capture-Recapture Data
   gfortran(dble) Vers. 9.0 Mar 2018    25-Mar-2020 12:21:23    Page  013
 - - - - - - - - - - - - - - - - - - - - - - - - - - - - - - - - - - - - - -
 
   1    10    17.731071       1.8728660       14.423590       21.796991    
   1    11    17.644610       1.8642693       14.352410       21.691984    
   1    12    17.615883       1.8616083       14.328452       21.657562    
   1    13    17.472951       1.8498171       14.206956       21.489756    
   1    14    17.416103       1.8457949       14.157579       21.424612    
   1    15    17.134626       1.8314213       13.904366       21.115340    
   1    16    17.106730       1.8304928       13.878491       21.085880    
   1    17    17.051074       1.8289046       13.826455       21.027742    
   1    18    17.023314       1.8282430       13.800296       20.999058    
   1    19    16.912724       1.8264632       13.694748       20.886857    
   1    20    14.749324       2.0176050       11.294599       19.260762    
   1    21    14.677403       2.0293959       11.207558       19.221508    
   1    22    12.613601       2.4241875       8.6841270       18.321118    
   1    23    12.429978       2.4610381       8.4635689       18.255225    
   1    24    12.369366       2.4731592       8.3910875       18.233778    
   1    25    12.349229       2.4771806       8.3670429       18.226684    
   1    26    12.329123       2.4811925       8.3430562       18.219617    
   1    27    11.953281       2.5554762       7.8983422       18.089989    
   1    28    11.933820       2.5592785       7.8755177       18.083391    
   1    29    11.914391       2.5630695       7.8527512       18.076814    
   1    30    11.108196       2.7147864       6.9281955       17.810122    
   1    31    7.8893265       3.1228026       3.7349876       16.664439    
   1    32    7.8764824       3.1235416       3.7240644       16.658943    
   1    33    7.8636592       3.1242707       3.7131742       16.653443    
   2     1    26.745065       8.9480407       14.124518       50.642330    
   2     2    26.977882       8.5630672       14.698728       49.514905    
   2     3    27.253793       8.1886784       15.317085       48.492858    
   2     4    27.529254       7.8180919       15.948784       47.518346    
   2     5    27.759521       7.4463865       16.558880       46.536419    
   2     6    27.943991       7.0752785       17.143665       45.548406    
   2     7    28.218328       6.7188097       17.809152       44.711509    
   2     8    28.492219       6.3685008       18.483267       43.921161    
   2     9    28.719353       6.0221850       19.124888       43.127114    
   2    10    28.945747       5.6844209       19.769696       42.380837    
   2    11    29.124433       5.3544646       20.373316       41.634488    
   2    12    29.396849       5.0394275       21.058823       41.036230    
   2    13    29.478159       4.7328577       21.562647       40.299406    
   2    14    29.702084       4.4447889       22.187612       39.761549    
   2    15    29.541875       4.1745427       22.425760       38.916066    
   2    16    29.813611       3.9240107       23.060021       38.545125    
   2    17    30.036445       3.6998911       23.615114       38.203839    
   2    18    30.307376       3.5055875       24.177805       37.990919    
   2    19    30.430320       3.3471696       24.544751       37.727187    
   2    20    26.857642       3.5670630       20.725662       34.803855    
   2    21    27.046510       3.4514981       21.082537       34.697613    
   2    22    23.563308       4.0682183       16.840345       32.970197    

  Program  MARK  - Survival Rate Estimation with Capture-Recapture Data
   gfortran(dble) Vers. 9.0 Mar 2018    25-Mar-2020 12:21:23    Page  014
 - - - - - - - - - - - - - - - - - - - - - - - - - - - - - - - - - - - - - -
 
   2    23    23.540117       4.0376426       16.860226       32.866529    
   2    24    23.745162       3.9946003       17.114905       32.943957    
   2    25    24.026335       3.9743324       17.411334       33.154542    
   2    26    24.307051       3.9932023       17.653177       33.468918    
   2    27    23.885903       4.1532316       17.030780       33.500309    
   2    28    24.166848       4.2306763       17.192066       33.971283    
   2    29    24.447335       4.3423070       17.306603       34.534344    
   2    30    23.112920       4.6274257       15.671290       34.088265    
   2    31    16.735223       5.3675869       9.0629772       30.902393    
   2    32    17.027809       5.3962781       9.2859766       31.224102    
   2    33    17.319919       5.4536524       9.4803797       31.642149    

     Gross Population Estimates of { Phi(~1)p(~1)pent(~sex)N(~sex) }
                                                95% Confidence Interval
 Grp. Occ.   N*-hat          Standard Error      Lower           Upper
 ---- ----   --------------  --------------  --------------  --------------
   1     0    18.169779       1.9300755       14.763286       22.362288    
   2     0    37.118032       5.8505883       27.304699       50.458286    

 Attempted ordering of parameters by estimatibility:
  2 5 1 6 3 4
 Beta number 4 is a singular value.

   CPU Time for the last procedure was 0.23 seconds.     


  INPUT --- proc stop;

     CPU Time in minutes for this job was 0.00

     Time Start = 12:21:23.575   Time End = 12:21:23.986

     Wall Clock Time in minutes for this job was 0.01


          E X E C U T I O N   S U C C E S S F U L 
