
   Program  MARK  - Survival Rate Estimation with Capture-Recapture Data
   gfortran(dble) Vers. 9.0 Mar 2018    25-Mar-2020 14:19:39    Page  001
 - - - - - - - - - - - - - - - - - - - - - - - - - - - - - - - - - - - - - -
 
   This version was compiled by GCC version 7.2.0 using the options: 
     -cpp -iprefix C:/Program Files/mingw-w64/x86_64-7.2.0-posix-seh-rt_v5-rev1/
     mingw64/bin/../lib/gcc/x86_64-w64-mingw32/7.2.0/ -D_MT -D_REENTRANT
     -U_REENTRANT -D IEEE -D DBLEPRECISION -m64 -mtune=core2 -march=nocona -mthreads
     -O2 -fimplicit-none -fbounds-check -funroll-loops -ftree-vectorize
     -ffpe-summary=invalid,zero,overflow,underflow -fno-unsafe-math-optimizations
     -frounding-math -fsignaling-nans -fopenmp.

   This problem will use 15 of 16 possible threads.


  INPUT --- proc title ;

   CPU Time for the last procedure was 0.01 seconds.     


  INPUT --- proc chmatrix occasions= 33 groups= 2 etype= POPAN Nodes= 
  INPUT --- 101 ICMeans NoHist hist= 41  ;

  INPUT ---    time interval 0.00547945205479452 0.00273972602739726 
  INPUT ---    0.00273972602739726 0.00547945205479452  
  INPUT ---    0.00821917808219178 0.00273972602739726 0.00273972602739726 
  INPUT ---    0.00547945205479452  0.00547945205479452 
  INPUT ---    0.00821917808219178 0.00273972602739726 0.0136986301369863 
  INPUT ---    0.00547945205479452  0.0273972602739726 0.00273972602739726 
  INPUT ---    0.00547945205479452 0.00273972602739726 0.010958904109589  
  INPUT ---    0.23013698630137 0.00821917808219178 0.254794520547945 
  INPUT ---    0.0246575342465753 0.00821917808219178  0.00273972602739726 
  INPUT ---    0.00273972602739726 0.0520547945205479 0.00273972602739726 
  INPUT ---    0.00273972602739726  0.117808219178082 0.575342465753425 
  INPUT ---    0.00273972602739726 0.00273972602739726 ;

  INPUT ---    glabel(1)=sexF;

  INPUT ---    glabel(2)=sexM;

   * *  WARNING  * *   At least a pair of the encounter histories are duplicates. 

      Number of unique encounter histories read was 38.

      Number of individual covariates read was 0.
      Time interval lengths vary and/or not equal to 1.

      Data type number is 19
      Data type is POPAN                                                                                               

   CPU Time for the last procedure was 0.01 seconds.     

  Program  MARK  - Survival Rate Estimation with Capture-Recapture Data
   gfortran(dble) Vers. 9.0 Mar 2018    25-Mar-2020 14:19:39    Page  002
 - - - - - - - - - - - - - - - - - - - - - - - - - - - - - - - - - - - - - -
 


  INPUT --- proc estimate link=Parm-Specific NOLOOP varest=2ndPart    ;


  INPUT --- model={ Phi(~1)p(~1)pent(~sex)N(~1) };

  INPUT ---    group=1 Phi    rows=1 cols=32 Square ;
  INPUT ---        1 1 1 1 1 1 1 1 1 1 1 1 1 1 1 1 1 1 1 1 1 1 1 1 1 1 1 1 1 
  INPUT ---       1 1 1 ;

  INPUT ---    group=2 Phi    rows=1 cols=32 Square ;
  INPUT ---        1 1 1 1 1 1 1 1 1 1 1 1 1 1 1 1 1 1 1 1 1 1 1 1 1 1 1 1 1 
  INPUT ---       1 1 1 ;

  INPUT ---    group=1 p    rows=1 cols=33 Square ;
  INPUT ---        2 2 2 2 2 2 2 2 2 2 2 2 2 2 2 2 2 2 2 2 2 2 2 2 2 2 2 2 2 
  INPUT ---       2 2 2 2 ;

  INPUT ---    group=2 p    rows=1 cols=33 Square ;
  INPUT ---        2 2 2 2 2 2 2 2 2 2 2 2 2 2 2 2 2 2 2 2 2 2 2 2 2 2 2 2 2 
  INPUT ---       2 2 2 2 ;

  INPUT ---    group=1 pent    rows=1 cols=32 Square ;
  INPUT ---        4 5 6 7 8 9 10 11 12 13 14 15 16 17 18 19 20 21 22 23 24 
  INPUT ---       25 26 27 28 29 30 31 32 33 34 35 ;

  INPUT ---    group=2 pent    rows=1 cols=32 Square ;
  INPUT ---        36 37 38 39 40 41 42 43 44 45 46 47 48 49 50 51 52 53 54 
  INPUT ---       55 56 57 58 59 60 61 62 63 64 65 66 67 ;

  INPUT ---    group=1 N    rows=1 cols=1 Square ;
  INPUT ---        3 ;

  INPUT ---    group=2 N    rows=1 cols=1 Square ;
  INPUT ---        3 ;

  INPUT ---    design matrix constraints=67 covariates=5;
  INPUT ---        1 0 0 0 0;
  INPUT ---        0 1 0 0 0;
  INPUT ---        0 0 0 0 1;
  INPUT ---        0 0 1 0 0;
  INPUT ---        0 0 1 0 0;
  INPUT ---        0 0 1 0 0;
  INPUT ---        0 0 1 0 0;
  INPUT ---        0 0 1 0 0;

  Program  MARK  - Survival Rate Estimation with Capture-Recapture Data
   gfortran(dble) Vers. 9.0 Mar 2018    25-Mar-2020 14:19:39    Page  003
 - - - - - - - - - - - - - - - - - - - - - - - - - - - - - - - - - - - - - -
 
  INPUT ---        0 0 1 0 0;
  INPUT ---        0 0 1 0 0;
  INPUT ---        0 0 1 0 0;
  INPUT ---        0 0 1 0 0;
  INPUT ---        0 0 1 0 0;
  INPUT ---        0 0 1 0 0;
  INPUT ---        0 0 1 0 0;
  INPUT ---        0 0 1 0 0;
  INPUT ---        0 0 1 0 0;
  INPUT ---        0 0 1 0 0;
  INPUT ---        0 0 1 0 0;
  INPUT ---        0 0 1 0 0;
  INPUT ---        0 0 1 0 0;
  INPUT ---        0 0 1 0 0;
  INPUT ---        0 0 1 0 0;
  INPUT ---        0 0 1 0 0;
  INPUT ---        0 0 1 0 0;
  INPUT ---        0 0 1 0 0;
  INPUT ---        0 0 1 0 0;
  INPUT ---        0 0 1 0 0;
  INPUT ---        0 0 1 0 0;
  INPUT ---        0 0 1 0 0;
  INPUT ---        0 0 1 0 0;
  INPUT ---        0 0 1 0 0;
  INPUT ---        0 0 1 0 0;
  INPUT ---        0 0 1 0 0;
  INPUT ---        0 0 1 0 0;
  INPUT ---        0 0 1 1 0;
  INPUT ---        0 0 1 1 0;
  INPUT ---        0 0 1 1 0;
  INPUT ---        0 0 1 1 0;
  INPUT ---        0 0 1 1 0;
  INPUT ---        0 0 1 1 0;
  INPUT ---        0 0 1 1 0;
  INPUT ---        0 0 1 1 0;
  INPUT ---        0 0 1 1 0;
  INPUT ---        0 0 1 1 0;
  INPUT ---        0 0 1 1 0;
  INPUT ---        0 0 1 1 0;
  INPUT ---        0 0 1 1 0;
  INPUT ---        0 0 1 1 0;
  INPUT ---        0 0 1 1 0;
  INPUT ---        0 0 1 1 0;
  INPUT ---        0 0 1 1 0;
  INPUT ---        0 0 1 1 0;
  INPUT ---        0 0 1 1 0;

  Program  MARK  - Survival Rate Estimation with Capture-Recapture Data
   gfortran(dble) Vers. 9.0 Mar 2018    25-Mar-2020 14:19:39    Page  004
 - - - - - - - - - - - - - - - - - - - - - - - - - - - - - - - - - - - - - -
 
  INPUT ---        0 0 1 1 0;
  INPUT ---        0 0 1 1 0;
  INPUT ---        0 0 1 1 0;
  INPUT ---        0 0 1 1 0;
  INPUT ---        0 0 1 1 0;
  INPUT ---        0 0 1 1 0;
  INPUT ---        0 0 1 1 0;
  INPUT ---        0 0 1 1 0;
  INPUT ---        0 0 1 1 0;
  INPUT ---        0 0 1 1 0;
  INPUT ---        0 0 1 1 0;
  INPUT ---        0 0 1 1 0;
  INPUT ---        0 0 1 1 0;

  INPUT ---    links=67;

  INPUT ---    Logit;

  INPUT ---    Logit;

  INPUT ---    Log;

  INPUT ---    mlogit(1);

  INPUT ---    mlogit(1);

  INPUT ---    mlogit(1);

  INPUT ---    mlogit(1);

  INPUT ---    mlogit(1);

  INPUT ---    mlogit(1);

  INPUT ---    mlogit(1);

  INPUT ---    mlogit(1);

  INPUT ---    mlogit(1);

  INPUT ---    mlogit(1);

  INPUT ---    mlogit(1);

  INPUT ---    mlogit(1);


  Program  MARK  - Survival Rate Estimation with Capture-Recapture Data
   gfortran(dble) Vers. 9.0 Mar 2018    25-Mar-2020 14:19:39    Page  005
 - - - - - - - - - - - - - - - - - - - - - - - - - - - - - - - - - - - - - -
 
  INPUT ---    mlogit(1);

  INPUT ---    mlogit(1);

  INPUT ---    mlogit(1);

  INPUT ---    mlogit(1);

  INPUT ---    mlogit(1);

  INPUT ---    mlogit(1);

  INPUT ---    mlogit(1);

  INPUT ---    mlogit(1);

  INPUT ---    mlogit(1);

  INPUT ---    mlogit(1);

  INPUT ---    mlogit(1);

  INPUT ---    mlogit(1);

  INPUT ---    mlogit(1);

  INPUT ---    mlogit(1);

  INPUT ---    mlogit(1);

  INPUT ---    mlogit(1);

  INPUT ---    mlogit(1);

  INPUT ---    mlogit(1);

  INPUT ---    mlogit(1);

  INPUT ---    mlogit(1);

  INPUT ---    mlogit(2);

  INPUT ---    mlogit(2);

  INPUT ---    mlogit(2);


  Program  MARK  - Survival Rate Estimation with Capture-Recapture Data
   gfortran(dble) Vers. 9.0 Mar 2018    25-Mar-2020 14:19:39    Page  006
 - - - - - - - - - - - - - - - - - - - - - - - - - - - - - - - - - - - - - -
 
  INPUT ---    mlogit(2);

  INPUT ---    mlogit(2);

  INPUT ---    mlogit(2);

  INPUT ---    mlogit(2);

  INPUT ---    mlogit(2);

  INPUT ---    mlogit(2);

  INPUT ---    mlogit(2);

  INPUT ---    mlogit(2);

  INPUT ---    mlogit(2);

  INPUT ---    mlogit(2);

  INPUT ---    mlogit(2);

  INPUT ---    mlogit(2);

  INPUT ---    mlogit(2);

  INPUT ---    mlogit(2);

  INPUT ---    mlogit(2);

  INPUT ---    mlogit(2);

  INPUT ---    mlogit(2);

  INPUT ---    mlogit(2);

  INPUT ---    mlogit(2);

  INPUT ---    mlogit(2);

  INPUT ---    mlogit(2);

  INPUT ---    mlogit(2);

  INPUT ---    mlogit(2);


  Program  MARK  - Survival Rate Estimation with Capture-Recapture Data
   gfortran(dble) Vers. 9.0 Mar 2018    25-Mar-2020 14:19:39    Page  007
 - - - - - - - - - - - - - - - - - - - - - - - - - - - - - - - - - - - - - -
 
  INPUT ---    mlogit(2);

  INPUT ---    mlogit(2);

  INPUT ---    mlogit(2);

  INPUT ---    mlogit(2);

  INPUT ---    mlogit(2);

  INPUT ---    mlogit(2);
  INPUT ---       blabel(1)=Phi:(Intercept);
  INPUT ---       blabel(2)=p:(Intercept);
  INPUT ---       blabel(3)=pent:(Intercept);
  INPUT ---       blabel(4)=pent:sexM;
  INPUT ---       blabel(5)=N:(Intercept);
  INPUT ---       rlabel(1)=Phi gF a0 t1;
  INPUT ---       rlabel(2)=p gF a0 t1;
  INPUT ---       rlabel(3)=N gF a0 t1;
  INPUT ---       rlabel(4)=pent gF a0.00547945205479452 t1.00547945205479;
  INPUT ---       rlabel(5)=pent gF a0.00821917808219178 t1.00821917808219;
  INPUT ---       rlabel(6)=pent gF a0.010958904109589 t1.01095890410959;
  INPUT ---       rlabel(7)=pent gF a0.0164383561643836 t1.01643835616438;
  INPUT ---       rlabel(8)=pent gF a0.0246575342465753 t1.02465753424658;
  INPUT ---       rlabel(9)=pent gF a0.0273972602739726 t1.02739726027397;
  INPUT ---       rlabel(10)=pent gF a0.0301369863013699 t1.03013698630137;
  INPUT ---       rlabel(11)=pent gF a0.0356164383561644 t1.03561643835616;
  INPUT ---       rlabel(12)=pent gF a0.0410958904109589 t1.04109589041096;
  INPUT ---       rlabel(13)=pent gF a0.0493150684931507 t1.04931506849315;
  INPUT ---       rlabel(14)=pent gF a0.0520547945205479 t1.05205479452055;
  INPUT ---       rlabel(15)=pent gF a0.0657534246575342 t1.06575342465753;
  INPUT ---       rlabel(16)=pent gF a0.0712328767123288 t1.07123287671233;
  INPUT ---       rlabel(17)=pent gF a0.0986301369863014 t1.0986301369863;
  INPUT ---       rlabel(18)=pent gF a0.101369863013699 t1.1013698630137;
  INPUT ---       rlabel(19)=pent gF a0.106849315068493 t1.10684931506849;
  INPUT ---       rlabel(20)=pent gF a0.10958904109589 t1.10958904109589;
  INPUT ---       rlabel(21)=pent gF a0.120547945205479 t1.12054794520548;
  INPUT ---       rlabel(22)=pent gF a0.350684931506849 t1.35068493150685;
  INPUT ---       rlabel(23)=pent gF a0.358904109589041 t1.35890410958904;
  INPUT ---       rlabel(24)=pent gF a0.613698630136986 t1.61369863013699;
  INPUT ---       rlabel(25)=pent gF a0.638356164383562 t1.63835616438356;
  INPUT ---       rlabel(26)=pent gF a0.646575342465753 t1.64657534246575;
  INPUT ---       rlabel(27)=pent gF a0.649315068493151 t1.64931506849315;
  INPUT ---       rlabel(28)=pent gF a0.652054794520548 t1.65205479452055;
  INPUT ---       rlabel(29)=pent gF a0.704109589041096 t1.7041095890411;
  INPUT ---       rlabel(30)=pent gF a0.706849315068493 t1.70684931506849;

  Program  MARK  - Survival Rate Estimation with Capture-Recapture Data
   gfortran(dble) Vers. 9.0 Mar 2018    25-Mar-2020 14:19:40    Page  008
 - - - - - - - - - - - - - - - - - - - - - - - - - - - - - - - - - - - - - -
 
  INPUT ---       rlabel(31)=pent gF a0.70958904109589 t1.70958904109589;
  INPUT ---       rlabel(32)=pent gF a0.827397260273973 t1.82739726027397;
  INPUT ---       rlabel(33)=pent gF a1.4027397260274 t2.4027397260274;
  INPUT ---       rlabel(34)=pent gF a1.40547945205479 t2.40547945205479;
  INPUT ---       rlabel(35)=pent gF a1.40821917808219 t2.40821917808219;
  INPUT ---       rlabel(36)=pent gM a0.00547945205479452 t1.00547945205479;
  INPUT ---       rlabel(37)=pent gM a0.00821917808219178 t1.00821917808219;
  INPUT ---       rlabel(38)=pent gM a0.010958904109589 t1.01095890410959;
  INPUT ---       rlabel(39)=pent gM a0.0164383561643836 t1.01643835616438;
  INPUT ---       rlabel(40)=pent gM a0.0246575342465753 t1.02465753424658;
  INPUT ---       rlabel(41)=pent gM a0.0273972602739726 t1.02739726027397;
  INPUT ---       rlabel(42)=pent gM a0.0301369863013699 t1.03013698630137;
  INPUT ---       rlabel(43)=pent gM a0.0356164383561644 t1.03561643835616;
  INPUT ---       rlabel(44)=pent gM a0.0410958904109589 t1.04109589041096;
  INPUT ---       rlabel(45)=pent gM a0.0493150684931507 t1.04931506849315;
  INPUT ---       rlabel(46)=pent gM a0.0520547945205479 t1.05205479452055;
  INPUT ---       rlabel(47)=pent gM a0.0657534246575342 t1.06575342465753;
  INPUT ---       rlabel(48)=pent gM a0.0712328767123288 t1.07123287671233;
  INPUT ---       rlabel(49)=pent gM a0.0986301369863014 t1.0986301369863;
  INPUT ---       rlabel(50)=pent gM a0.101369863013699 t1.1013698630137;
  INPUT ---       rlabel(51)=pent gM a0.106849315068493 t1.10684931506849;
  INPUT ---       rlabel(52)=pent gM a0.10958904109589 t1.10958904109589;
  INPUT ---       rlabel(53)=pent gM a0.120547945205479 t1.12054794520548;
  INPUT ---       rlabel(54)=pent gM a0.350684931506849 t1.35068493150685;
  INPUT ---       rlabel(55)=pent gM a0.358904109589041 t1.35890410958904;
  INPUT ---       rlabel(56)=pent gM a0.613698630136986 t1.61369863013699;
  INPUT ---       rlabel(57)=pent gM a0.638356164383562 t1.63835616438356;
  INPUT ---       rlabel(58)=pent gM a0.646575342465753 t1.64657534246575;
  INPUT ---       rlabel(59)=pent gM a0.649315068493151 t1.64931506849315;
  INPUT ---       rlabel(60)=pent gM a0.652054794520548 t1.65205479452055;
  INPUT ---       rlabel(61)=pent gM a0.704109589041096 t1.7041095890411;
  INPUT ---       rlabel(62)=pent gM a0.706849315068493 t1.70684931506849;
  INPUT ---       rlabel(63)=pent gM a0.70958904109589 t1.70958904109589;
  INPUT ---       rlabel(64)=pent gM a0.827397260273973 t1.82739726027397;
  INPUT ---       rlabel(65)=pent gM a1.4027397260274 t2.4027397260274;
  INPUT ---       rlabel(66)=pent gM a1.40547945205479 t2.40547945205479;
  INPUT ---       rlabel(67)=pent gM a1.40821917808219 t2.40821917808219;

 Link Function Used is PARM-SPECIFIC

 Variance Estimation Procedure Used is 2ndPart 

 M(t+1):
      16     29



 Group: 1

 U(t)+UL(t):
       0    2    2    0    1    0    3    1    1    0    0    0    0    0    1
       0    0    0    2    1    1    0    0    0    1    0    0    0    0    0
       0    0    0

 U(t):
       0    2    2    0    1    0    3    1    1    0    0    0    0    0    1
       0    0    0    2    1    1    0    0    0    1    0    0    0    0    0
       0    0    0

 UL(t):
       0    0    0    0    0    0    0    0    0    0    0    0    0    0    0
       0    0    0    0    0    0    0    0    0    0    0    0    0    0    0
       0    0    0

 Not Released(t):
       0    0    0    0    0    0    0    0    0    0    0    0    0    0    0
       0    0    0    0    0    0    0    0    0    0    0    0    0    0    0
       0    0    0

 Group: 2

 U(t)+UL(t):
       3    0    1    1    1    1    1    0    1    1    2    1    3    3    1
       1    0    2    3    1    0    0    1    0    0    0    0    0    0    1
       0    0    0

 U(t):
       3    0    1    1    1    1    1    0    1    1    2    1    3    3    1
       1    0    2    3    1    0    0    1    0    0    0    0    0    0    1
       0    0    0

 UL(t):
       0    0    0    0    0    0    0    0    0    0    0    0    0    0    0
       0    0    0    0    0    0    0    0    0    0    0    0    0    0    0
       0    0    0

 Not Released(t):
       0    0    0    0    0    0    0    0    0    0    0    0    0    0    0
       0    0    0    0    0    0    0    0    0    0    0    0    0    0    0
       0    0    0
 -2logL(saturated) = 272.93564     

  Program  MARK  - Survival Rate Estimation with Capture-Recapture Data
   gfortran(dble) Vers. 9.0 Mar 2018    25-Mar-2020 14:19:40    Page  009
 - - - - - - - - - - - - - - - - - - - - - - - - - - - - - - - - - - - - - -
 
 Effective Sample Size = 103

 Number of function evaluations was 38 for 5 parameters.
 Time for numerical optimization was 0.25 seconds.     
 -2logL { Phi(~1)p(~1)pent(~sex)N(~1) } = 560.08006     
 Penalty { Phi(~1)p(~1)pent(~sex)N(~1) } = 0.0000000     
 Gradient { Phi(~1)p(~1)pent(~sex)N(~1) }:
  0.1143071E-04 -0.2152752E-05  0.2423562E-05  0.4525546E-05   0.000000    
 Maximum ABS(G) { Phi(~1)p(~1)pent(~sex)N(~1) } = 0.1143071E-04 
 S Vector { Phi(~1)p(~1)pent(~sex)N(~1) }:
   85.04369      4.725930      2.765854     0.9820795E-01 0.7706904E-01
 Time to compute number of parameters was 0.01 seconds.     
 Ratio Threshold = 50.000000       Max Gap (3/4) = 28.163240       Next Max Gap (1/2) = 17.995122     
 Gap Method for Num. of Estimated Parameters { Phi(~1)p(~1)pent(~sex)N(~1) } = 5          
 Threshold { Phi(~1)p(~1)pent(~sex)N(~1) } = 0.2286142E-04                 
 Numerical Threshold Method for Num. of Estimated Parameters { Phi(~1)p(~1)pent(~sex)N(~1) } = 5          
 Number of Estimated Parameters { Phi(~1)p(~1)pent(~sex)N(~1) } = 5          
 DEVIANCE { Phi(~1)p(~1)pent(~sex)N(~1) } = 287.14442                     
 DEVIANCE Degrees of Freedom { Phi(~1)p(~1)pent(~sex)N(~1) } = 36            
 c-hat { Phi(~1)p(~1)pent(~sex)N(~1) } = 7.9762339                     
 AIC { Phi(~1)p(~1)pent(~sex)N(~1) } = 570.08006                  
 AICc { Phi(~1)p(~1)pent(~sex)N(~1) } = 570.69862                    
 BIC { Phi(~1)p(~1)pent(~sex)N(~1) } = 583.25371                    
 Pearson Chisquare { Phi(~1)p(~1)pent(~sex)N(~1) } = 45076954.                  


               PARM-SPECIFIC Link Function Parameters of { Phi(~1)p(~1)pent(~sex)N(~1) }
                                                              95% Confidence Interval
 Parameter                    Beta         Standard Error      Lower           Upper
 -------------------------  --------------  --------------  --------------  --------------
    1:Phi:(Intercept)        0.3348945       0.7815957      -1.1970331       1.8668221    
    2:p:(Intercept)         -2.5440190       0.1848721      -2.9063684      -2.1816696    
    3:pent:(Intercept)      -5.2960165       3.1499541      -11.469927       0.8778936    
    4:pent:sexM             -0.6858505       3.5298171      -7.6042922       6.2325913    
    5:N:(Intercept)          1.4206415       0.8460932      -0.2377011       3.0789841    


               Real Function Parameters of { Phi(~1)p(~1)pent(~sex)N(~1) }
                                                               95% Confidence Interval
  Parameter                  Estimate       Standard Error      Lower           Upper
 --------------------------  --------------  --------------  --------------  --------------
     1:Phi gF a0 t1           0.5829498       0.1900210       0.2320034       0.8660901                          
     2:p gF a0 t1             0.0728293       0.0124835       0.0518396       0.1014087                          
     3:N gF a0 t1             20.139775       3.5026356       16.980635       33.476165                          
     4:pent gF a0.005479452   0.0043189       0.0117242       0.2072497E-04   0.4758435                          
     5:pent gF a0.008219178   0.0043189       0.0117242       0.2072497E-04   0.4758435                          
     6:pent gF a0.010958904   0.0043189       0.0117242       0.2072497E-04   0.4758435                          
     7:pent gF a0.016438356   0.0043189       0.0117242       0.2072497E-04   0.4758435                          
     8:pent gF a0.024657534   0.0043189       0.0117242       0.2072497E-04   0.4758435                          
     9:pent gF a0.027397260   0.0043189       0.0117242       0.2072497E-04   0.4758435                          
    10:pent gF a0.030136986   0.0043189       0.0117242       0.2072497E-04   0.4758435                          
    11:pent gF a0.035616438   0.0043189       0.0117242       0.2072497E-04   0.4758435                          
    12:pent gF a0.041095890   0.0043189       0.0117242       0.2072497E-04   0.4758435                          
    13:pent gF a0.049315068   0.0043189       0.0117242       0.2072497E-04   0.4758435                          
    14:pent gF a0.052054794   0.0043189       0.0117242       0.2072497E-04   0.4758435                          
    15:pent gF a0.065753424   0.0043189       0.0117242       0.2072497E-04   0.4758435                          
    16:pent gF a0.071232876   0.0043189       0.0117242       0.2072497E-04   0.4758435                          
    17:pent gF a0.098630136   0.0043189       0.0117242       0.2072497E-04   0.4758435                          

  Program  MARK  - Survival Rate Estimation with Capture-Recapture Data
   gfortran(dble) Vers. 9.0 Mar 2018    25-Mar-2020 14:19:40    Page  010
 - - - - - - - - - - - - - - - - - - - - - - - - - - - - - - - - - - - - - -
 
    18:pent gF a0.101369863   0.0043189       0.0117242       0.2072497E-04   0.4758435                          
    19:pent gF a0.106849315   0.0043189       0.0117242       0.2072497E-04   0.4758435                          
    20:pent gF a0.109589041   0.0043189       0.0117242       0.2072497E-04   0.4758435                          
    21:pent gF a0.120547945   0.0043189       0.0117242       0.2072497E-04   0.4758435                          
    22:pent gF a0.350684931   0.0043189       0.0117242       0.2072497E-04   0.4758435                          
    23:pent gF a0.358904109   0.0043189       0.0117242       0.2072497E-04   0.4758435                          
    24:pent gF a0.613698630   0.0043189       0.0117242       0.2072497E-04   0.4758435                          
    25:pent gF a0.638356164   0.0043189       0.0117242       0.2072497E-04   0.4758435                          
    26:pent gF a0.646575342   0.0043189       0.0117242       0.2072497E-04   0.4758435                          
    27:pent gF a0.649315068   0.0043189       0.0117242       0.2072497E-04   0.4758435                          
    28:pent gF a0.652054794   0.0043189       0.0117242       0.2072497E-04   0.4758435                          
    29:pent gF a0.704109589   0.0043189       0.0117242       0.2072497E-04   0.4758435                          
    30:pent gF a0.706849315   0.0043189       0.0117242       0.2072497E-04   0.4758435                          
    31:pent gF a0.709589041   0.0043189       0.0117242       0.2072497E-04   0.4758435                          
    32:pent gF a0.827397260   0.0043189       0.0117242       0.2072497E-04   0.4758435                          
    33:pent gF a1.402739726   0.0043189       0.0117242       0.2072497E-04   0.4758435                          
    34:pent gF a1.405479452   0.0043189       0.0117242       0.2072497E-04   0.4758435                          
    35:pent gF a1.408219178   0.0043189       0.0117242       0.2072497E-04   0.4758435                          
    36:pent gM a0.005479452   0.0023355       0.0105146       0.3373937E-06   0.9420025                          
    37:pent gM a0.008219178   0.0023355       0.0105146       0.3373937E-06   0.9420025                          
    38:pent gM a0.010958904   0.0023355       0.0105146       0.3373937E-06   0.9420025                          
    39:pent gM a0.016438356   0.0023355       0.0105146       0.3373937E-06   0.9420025                          
    40:pent gM a0.024657534   0.0023355       0.0105146       0.3373937E-06   0.9420025                          
    41:pent gM a0.027397260   0.0023355       0.0105146       0.3373937E-06   0.9420025                          
    42:pent gM a0.030136986   0.0023355       0.0105146       0.3373937E-06   0.9420025                          
    43:pent gM a0.035616438   0.0023355       0.0105146       0.3373937E-06   0.9420025                          
    44:pent gM a0.041095890   0.0023355       0.0105146       0.3373937E-06   0.9420025                          
    45:pent gM a0.049315068   0.0023355       0.0105146       0.3373937E-06   0.9420025                          
    46:pent gM a0.052054794   0.0023355       0.0105146       0.3373937E-06   0.9420025                          
    47:pent gM a0.065753424   0.0023355       0.0105146       0.3373937E-06   0.9420025                          
    48:pent gM a0.071232876   0.0023355       0.0105146       0.3373937E-06   0.9420025                          
    49:pent gM a0.098630136   0.0023355       0.0105146       0.3373937E-06   0.9420025                          
    50:pent gM a0.101369863   0.0023355       0.0105146       0.3373937E-06   0.9420025                          
    51:pent gM a0.106849315   0.0023355       0.0105146       0.3373937E-06   0.9420025                          
    52:pent gM a0.109589041   0.0023355       0.0105146       0.3373937E-06   0.9420025                          
    53:pent gM a0.120547945   0.0023355       0.0105146       0.3373937E-06   0.9420025                          
    54:pent gM a0.350684931   0.0023355       0.0105146       0.3373937E-06   0.9420025                          
    55:pent gM a0.358904109   0.0023355       0.0105146       0.3373937E-06   0.9420025                          
    56:pent gM a0.613698630   0.0023355       0.0105146       0.3373937E-06   0.9420025                          
    57:pent gM a0.638356164   0.0023355       0.0105146       0.3373937E-06   0.9420025                          
    58:pent gM a0.646575342   0.0023355       0.0105146       0.3373937E-06   0.9420025                          
    59:pent gM a0.649315068   0.0023355       0.0105146       0.3373937E-06   0.9420025                          
    60:pent gM a0.652054794   0.0023355       0.0105146       0.3373937E-06   0.9420025                          
    61:pent gM a0.704109589   0.0023355       0.0105146       0.3373937E-06   0.9420025                          
    62:pent gM a0.706849315   0.0023355       0.0105146       0.3373937E-06   0.9420025                          
    63:pent gM a0.709589041   0.0023355       0.0105146       0.3373937E-06   0.9420025                          

  Program  MARK  - Survival Rate Estimation with Capture-Recapture Data
   gfortran(dble) Vers. 9.0 Mar 2018    25-Mar-2020 14:19:40    Page  011
 - - - - - - - - - - - - - - - - - - - - - - - - - - - - - - - - - - - - - -
 
    64:pent gM a0.827397260   0.0023355       0.0105146       0.3373937E-06   0.9420025                          
    65:pent gM a1.402739726   0.0023355       0.0105146       0.3373937E-06   0.9420025                          
    66:pent gM a1.405479452   0.0023355       0.0105146       0.3373937E-06   0.9420025                          
    67:pent gM a1.408219178   0.0023355       0.0105146       0.3373937E-06   0.9420025                          


                      Estimates of Derived Parameters
   Gross Birth+Immigration Estimates of { Phi(~1)p(~1)pent(~sex)N(~1) }
                                                95% Confidence Interval
 Grp. Occ.   B*-hat          Standard Error      Lower           Upper
 ---- ----   --------------  --------------  --------------  --------------
   1     1    0.0871104       0.2482842       0.0047249       1.6060111    
   1     2    0.0870460       0.2480782       0.0047219       1.6046531    
   1     3    0.0870460       0.2480782       0.0047219       1.6046531    
   1     4    0.0871104       0.2482842       0.0047249       1.6060111    
   1     5    0.0871748       0.2484904       0.0047279       1.6073698    
   1     6    0.0870460       0.2480782       0.0047219       1.6046531    
   1     7    0.0870460       0.2480782       0.0047219       1.6046531    
   1     8    0.0871104       0.2482842       0.0047249       1.6060111    
   1     9    0.0871104       0.2482842       0.0047249       1.6060111    
   1    10    0.0871748       0.2484904       0.0047279       1.6073698    
   1    11    0.0870460       0.2480782       0.0047219       1.6046531    
   1    12    0.0873036       0.2489030       0.0047338       1.6100897    
   1    13    0.0871104       0.2482842       0.0047249       1.6060111    
   1    14    0.0876263       0.2499365       0.0047488       1.6169031    
   1    15    0.0870460       0.2480782       0.0047219       1.6046531    
   1    16    0.0871104       0.2482842       0.0047249       1.6060111    
   1    17    0.0870460       0.2480782       0.0047219       1.6046531    
   1    18    0.0872392       0.2486966       0.0047309       1.6087294    
   1    19    0.0924948       0.2655742       0.0049739       1.7200326    
   1    20    0.0871748       0.2484904       0.0047279       1.6073698    
   1    21    0.0930987       0.2675196       0.0050018       1.7328681    
   1    22    0.0875617       0.2497296       0.0047458       1.6155389    
   1    23    0.0871748       0.2484904       0.0047279       1.6073698    
   1    24    0.0870460       0.2480782       0.0047219       1.6046531    
   1    25    0.0870460       0.2480782       0.0047219       1.6046531    
   1    26    0.0882092       0.2518043       0.0047758       1.6292167    
   1    27    0.0870460       0.2480782       0.0047219       1.6046531    
   1    28    0.0870460       0.2480782       0.0047219       1.6046531    
   1    29    0.0897760       0.2568312       0.0048484       1.6623631    
   1    30    0.1011827       0.2936672       0.0053729       1.9054891    
   1    31    0.0870460       0.2480782       0.0047219       1.6046531    
   1    32    0.0870460       0.2480782       0.0047219       1.6046531    
   2     1    0.0775114       0.3550757       0.0024716       2.4308437    
   2     2    0.0774542       0.3547917       0.0024699       2.4288898    

  Program  MARK  - Survival Rate Estimation with Capture-Recapture Data
   gfortran(dble) Vers. 9.0 Mar 2018    25-Mar-2020 14:19:40    Page  012
 - - - - - - - - - - - - - - - - - - - - - - - - - - - - - - - - - - - - - -
 
   2     3    0.0774542       0.3547917       0.0024699       2.4288898    
   2     4    0.0775114       0.3550757       0.0024716       2.4308437    
   2     5    0.0775687       0.3553598       0.0024732       2.4327985    
   2     6    0.0774542       0.3547917       0.0024699       2.4288898    
   2     7    0.0774542       0.3547917       0.0024699       2.4288898    
   2     8    0.0775114       0.3550757       0.0024716       2.4308437    
   2     9    0.0775114       0.3550757       0.0024716       2.4308437    
   2    10    0.0775687       0.3553598       0.0024732       2.4327985    
   2    11    0.0774542       0.3547917       0.0024699       2.4288898    
   2    12    0.0776834       0.3559286       0.0024766       2.4367114    
   2    13    0.0775114       0.3550757       0.0024716       2.4308437    
   2    14    0.0779705       0.3573532       0.0024849       2.4465121    
   2    15    0.0774542       0.3547917       0.0024699       2.4288898    
   2    16    0.0775114       0.3550757       0.0024716       2.4308437    
   2    17    0.0774542       0.3547917       0.0024699       2.4288898    
   2    18    0.0776260       0.3556441       0.0024749       2.4347545    
   2    19    0.0823025       0.3788830       0.0026107       2.5946409    
   2    20    0.0775687       0.3553598       0.0024732       2.4327985    
   2    21    0.0828399       0.3815585       0.0026262       2.6130497    
   2    22    0.0779130       0.3570680       0.0024833       2.4445499    
   2    23    0.0775687       0.3553598       0.0024732       2.4327985    
   2    24    0.0774542       0.3547917       0.0024699       2.4288898    
   2    25    0.0774542       0.3547917       0.0024699       2.4288898    
   2    26    0.0784891       0.3599271       0.0025000       2.4642197    
   2    27    0.0774542       0.3547917       0.0024699       2.4288898    
   2    28    0.0774542       0.3547917       0.0024699       2.4288898    
   2    29    0.0798833       0.3668511       0.0025405       2.5118571    
   2    30    0.0900331       0.4174601       0.0028341       2.8601012    
   2    31    0.0774542       0.3547917       0.0024699       2.4288898    
   2    32    0.0774542       0.3547917       0.0024699       2.4288898    

    Net Birth+Immigration Estimates of { Phi(~1)p(~1)pent(~sex)N(~1) }
                                                95% Confidence Interval
 Grp. Occ.   B-hat           Standard Error      Lower           Upper
 ---- ----   --------------  --------------  --------------  --------------
   1     1    0.0869817       0.2478723       0.0047189       1.6032959    
   1     2    0.0869817       0.2478723       0.0047189       1.6032959    
   1     3    0.0869817       0.2478723       0.0047189       1.6032959    
   1     4    0.0869817       0.2478723       0.0047189       1.6032959    
   1     5    0.0869817       0.2478723       0.0047189       1.6032959    
   1     6    0.0869817       0.2478723       0.0047189       1.6032959    
   1     7    0.0869817       0.2478723       0.0047189       1.6032959    
   1     8    0.0869817       0.2478723       0.0047189       1.6032959    
   1     9    0.0869817       0.2478723       0.0047189       1.6032959    
   1    10    0.0869817       0.2478723       0.0047189       1.6032959    
   1    11    0.0869817       0.2478723       0.0047189       1.6032959    
   1    12    0.0869817       0.2478723       0.0047189       1.6032959    
   1    13    0.0869817       0.2478723       0.0047189       1.6032959    
   1    14    0.0869817       0.2478723       0.0047189       1.6032959    
   1    15    0.0869817       0.2478723       0.0047189       1.6032959    
   1    16    0.0869817       0.2478723       0.0047189       1.6032959    
   1    17    0.0869817       0.2478723       0.0047189       1.6032959    
   1    18    0.0869817       0.2478723       0.0047189       1.6032959    
   1    19    0.0869817       0.2478723       0.0047189       1.6032959    
   1    20    0.0869817       0.2478723       0.0047189       1.6032959    
   1    21    0.0869817       0.2478723       0.0047189       1.6032959    
   1    22    0.0869817       0.2478723       0.0047189       1.6032959    
   1    23    0.0869817       0.2478723       0.0047189       1.6032959    
   1    24    0.0869817       0.2478723       0.0047189       1.6032959    
   1    25    0.0869817       0.2478723       0.0047189       1.6032959    
   1    26    0.0869817       0.2478723       0.0047189       1.6032959    
   1    27    0.0869817       0.2478723       0.0047189       1.6032959    
   1    28    0.0869817       0.2478723       0.0047189       1.6032959    
   1    29    0.0869817       0.2478723       0.0047189       1.6032959    
   1    30    0.0869817       0.2478723       0.0047189       1.6032959    
   1    31    0.0869817       0.2478723       0.0047189       1.6032959    
   1    32    0.0869817       0.2478723       0.0047189       1.6032959    
   2     1    0.0773970       0.3545078       0.0024683       2.4269371    
   2     2    0.0773970       0.3545078       0.0024683       2.4269371    
   2     3    0.0773970       0.3545078       0.0024683       2.4269371    
   2     4    0.0773970       0.3545078       0.0024683       2.4269371    
   2     5    0.0773970       0.3545078       0.0024683       2.4269371    
   2     6    0.0773970       0.3545078       0.0024683       2.4269371    
   2     7    0.0773970       0.3545078       0.0024683       2.4269371    
   2     8    0.0773970       0.3545078       0.0024683       2.4269371    
   2     9    0.0773970       0.3545078       0.0024683       2.4269371    
   2    10    0.0773970       0.3545078       0.0024683       2.4269371    
   2    11    0.0773970       0.3545078       0.0024683       2.4269371    
   2    12    0.0773970       0.3545078       0.0024683       2.4269371    
   2    13    0.0773970       0.3545078       0.0024683       2.4269371    
   2    14    0.0773970       0.3545078       0.0024683       2.4269371    
   2    15    0.0773970       0.3545078       0.0024683       2.4269371    
   2    16    0.0773970       0.3545078       0.0024683       2.4269371    
   2    17    0.0773970       0.3545078       0.0024683       2.4269371    
   2    18    0.0773970       0.3545078       0.0024683       2.4269371    
   2    19    0.0773970       0.3545078       0.0024683       2.4269371    
   2    20    0.0773970       0.3545078       0.0024683       2.4269371    
   2    21    0.0773970       0.3545078       0.0024683       2.4269371    
   2    22    0.0773970       0.3545078       0.0024683       2.4269371    
   2    23    0.0773970       0.3545078       0.0024683       2.4269371    
   2    24    0.0773970       0.3545078       0.0024683       2.4269371    
   2    25    0.0773970       0.3545078       0.0024683       2.4269371    
   2    26    0.0773970       0.3545078       0.0024683       2.4269371    
   2    27    0.0773970       0.3545078       0.0024683       2.4269371    
   2    28    0.0773970       0.3545078       0.0024683       2.4269371    
   2    29    0.0773970       0.3545078       0.0024683       2.4269371    
   2    30    0.0773970       0.3545078       0.0024683       2.4269371    
   2    31    0.0773970       0.3545078       0.0024683       2.4269371    
   2    32    0.0773970       0.3545078       0.0024683       2.4269371    

         Population Estimates of { Phi(~1)p(~1)pent(~sex)N(~1) }
                                                95% Confidence Interval
 Grp. Occ.   N-hat           Standard Error      Lower           Upper
 ---- ----   --------------  --------------  --------------  --------------
   1     1    17.356361       5.5992210       9.3674476       32.158520    
   1     2    17.392095       5.3678999       9.6290878       31.413669    
   1     3    17.453382       5.1400862       9.9171581       30.716515    
   1     4    17.514578       4.9144336       10.210956       30.042282    
   1     5    17.549845       4.6902938       10.488007       29.366596    
   1     6    17.559156       4.4683420       10.746826       28.689771    
   1     7    17.620196       4.2503838       11.055402       28.083221    
   1     8    17.681146       4.0358642       11.367763       27.500830    
   1     9    17.715921       3.8252003       11.658956       26.919552    
   1    10    17.750594       3.6190041       11.951711       26.363054    
   1    11    17.759017       3.4181566       12.219940       25.808858    
   1    12    17.819761       3.2224454       12.537422       25.327688    
   1    13    17.775496       3.0353646       12.749997       24.781830    
   1    14    17.809993       2.8542027       13.035055       24.334063    
   1    15    17.635590       2.6879956       13.103662       23.734895    
   1    16    17.696517       2.5233274       13.400589       23.369623    

  Program  MARK  - Survival Rate Estimation with Capture-Recapture Data
   gfortran(dble) Vers. 9.0 Mar 2018    25-Mar-2020 14:19:40    Page  013
 - - - - - - - - - - - - - - - - - - - - - - - - - - - - - - - - - - - - - -
 
   1    17    17.731247       2.3727010       13.656486       23.021818    
   1    18    17.792032       2.2370088       13.919403       22.742097    
   1    19    17.774102       2.1196950       14.080946       22.435901    
   1    20    15.785213       2.2616081       11.937470       20.873180    
   1    21    15.802335       2.1492393       12.119348       20.604556    
   1    22    13.859246       2.5917325       9.6366174       19.932171    
   1    23    13.763031       2.5306935       9.6270855       19.675843    
   1    24    13.789102       2.4500887       9.7602949       19.480900    
   1    25    13.855711       2.3780866       9.9218259       19.349335    
   1    26    13.922222       2.3292437       10.052596       19.281415    
   1    27    13.623549       2.3961516       9.6764133       19.180773    
   1    28    13.690403       2.3853601       9.7546367       19.214159    
   1    29    13.757158       2.3989173       9.7995713       19.313029    
   1    30    12.996742       2.5865745       8.8322236       19.124888    
   1    31    9.6147708       3.3027278       4.9963800       18.502159    
   1    32    9.6875475       3.2633422       5.0949851       18.419794    
   1    33    9.7602167       3.2419482       5.1770721       18.400715    
   2     1    30.663073       9.0389587       17.414051       53.992264    
   2     2    30.649933       8.6999523       17.761418       52.890955    
   2     3    30.682047       8.3607299       18.158170       51.843772    
   2     4    30.714114       8.0229879       18.562914       50.819436    
   2     5    30.700823       7.6897653       18.931151       49.787811    
   2     6    30.642348       7.3621099       19.260683       48.749751    
   2     7    30.674473       7.0293115       19.688113       47.791442    
   2     8    30.706551       6.6986050       20.123006       46.856433    
   2     9    30.693283       6.3749701       20.516800       45.917376    
   2    10    30.680054       6.0542561       20.916192       45.001771    
   2    11    30.621670       5.7424490       21.270530       44.083841    
   2    12    30.653826       5.4223820       21.730537       43.241318    
   2    13    30.505450       5.1322834       21.986976       42.324259    
   2    14    30.492775       4.8267708       22.402094       41.505466    
   2    15    30.122651       4.5884890       22.385809       40.533452    
   2    16    30.155545       4.2850702       22.856732       39.785078    
   2    17    30.143903       3.9973804       23.270796       39.047006    
   2    18    30.176765       3.7094153       23.737264       38.363190    
   2    19    30.076223       3.4593877       24.023553       37.653847    
   2    20    26.640962       4.1893497       19.611496       36.190040    
   2    21    26.600454       3.9541910       19.908810       35.541257    
   2    22    23.260585       4.9035072       15.456979       35.003917    
   2    23    23.030514       4.7672163       15.415236       34.407813    
   2    24    23.005985       4.5744312       15.639603       33.841994    
   2    25    23.049393       4.3742426       15.942077       33.325301    
   2    26    23.092736       4.1933845       16.223919       32.869646    
   2    27    22.530448       4.2548033       15.610843       32.517213    
   2    28    22.574559       4.1128487       15.841659       32.169022    
   2    29    22.618604       3.9959043       16.041311       31.892732    

  Program  MARK  - Survival Rate Estimation with Capture-Recapture Data
   gfortran(dble) Vers. 9.0 Mar 2018    25-Mar-2020 14:19:40    Page  014
 - - - - - - - - - - - - - - - - - - - - - - - - - - - - - - - - - - - - - -
 
   2    30    21.302764       4.3579866       14.324551       31.680419    
   2    31    15.694253       5.7947623       7.7881435       31.626226    
   2    32    15.748463       5.6558456       7.9571647       31.168652    
   2    33    15.802593       5.5357392       8.1120005       30.784263    

      Gross Population Estimates of { Phi(~1)p(~1)pent(~sex)N(~1) }
                                                95% Confidence Interval
 Grp. Occ.   N*-hat          Standard Error      Lower           Upper
 ---- ----   --------------  --------------  --------------  --------------
   1     0    20.173812       3.5929742       14.268141       28.523877    
   2     0    33.170062       3.6191859       26.800606       41.053288    

   CPU Time for the last procedure was 0.27 seconds.     


  INPUT --- proc stop;

     CPU Time in minutes for this job was 0.00

     Time Start = 14:19:39.827   Time End = 14:19:40.228

     Wall Clock Time in minutes for this job was 0.01


          E X E C U T I O N   S U C C E S S F U L 
