
   Program  MARK  - Survival Rate Estimation with Capture-Recapture Data
   gfortran(dble) Vers. 9.0 Mar 2018    25-Mar-2020 21:12:08    Page  001
 - - - - - - - - - - - - - - - - - - - - - - - - - - - - - - - - - - - - - -
 
   This version was compiled by GCC version 7.2.0 using the options: 
     -cpp -iprefix C:/Program Files/mingw-w64/x86_64-7.2.0-posix-seh-rt_v5-rev1/
     mingw64/bin/../lib/gcc/x86_64-w64-mingw32/7.2.0/ -D_MT -D_REENTRANT
     -U_REENTRANT -D IEEE -D DBLEPRECISION -m64 -mtune=core2 -march=nocona -mthreads
     -O2 -fimplicit-none -fbounds-check -funroll-loops -ftree-vectorize
     -ffpe-summary=invalid,zero,overflow,underflow -fno-unsafe-math-optimizations
     -frounding-math -fsignaling-nans -fopenmp.

   This problem will use 15 of 16 possible threads.


  INPUT --- proc title ;

   CPU Time for the last procedure was 0.01 seconds.     


  INPUT --- proc chmatrix occasions= 33 groups= 2 etype= POPAN Nodes= 
  INPUT --- 101 ICMeans NoHist hist= 41  ;

  INPUT ---    time interval 0.00547945205479452 0.00273972602739726 
  INPUT ---    0.00273972602739726 0.00547945205479452  
  INPUT ---    0.00821917808219178 0.00273972602739726 0.00273972602739726 
  INPUT ---    0.00547945205479452  0.00547945205479452 
  INPUT ---    0.00821917808219178 0.00273972602739726 0.0136986301369863 
  INPUT ---    0.00547945205479452  0.0273972602739726 0.00273972602739726 
  INPUT ---    0.00547945205479452 0.00273972602739726 0.010958904109589  
  INPUT ---    0.23013698630137 0.00821917808219178 0.254794520547945 
  INPUT ---    0.0246575342465753 0.00821917808219178  0.00273972602739726 
  INPUT ---    0.00273972602739726 0.0520547945205479 0.00273972602739726 
  INPUT ---    0.00273972602739726  0.117808219178082 0.575342465753425 
  INPUT ---    0.00273972602739726 0.00273972602739726 ;

  INPUT ---    glabel(1)=sexF;

  INPUT ---    glabel(2)=sexM;

   * *  WARNING  * *   At least a pair of the encounter histories are duplicates. 

      Number of unique encounter histories read was 38.

      Number of individual covariates read was 0.
      Time interval lengths vary and/or not equal to 1.

      Data type number is 19
      Data type is POPAN                                                                                               

   CPU Time for the last procedure was 0.01 seconds.     

  Program  MARK  - Survival Rate Estimation with Capture-Recapture Data
   gfortran(dble) Vers. 9.0 Mar 2018    25-Mar-2020 21:12:08    Page  002
 - - - - - - - - - - - - - - - - - - - - - - - - - - - - - - - - - - - - - -
 


  INPUT --- proc estimate link=Parm-Specific NOLOOP varest=2ndPart    ;


  INPUT --- model={ Phi(~sex)p(~sex)pent(~1)N(~1) };

  INPUT ---    group=1 Phi    rows=1 cols=32 Square ;
  INPUT ---        1 1 1 1 1 1 1 1 1 1 1 1 1 1 1 1 1 1 1 1 1 1 1 1 1 1 1 1 1 
  INPUT ---       1 1 1 ;

  INPUT ---    group=2 Phi    rows=1 cols=32 Square ;
  INPUT ---        2 2 2 2 2 2 2 2 2 2 2 2 2 2 2 2 2 2 2 2 2 2 2 2 2 2 2 2 2 
  INPUT ---       2 2 2 ;

  INPUT ---    group=1 p    rows=1 cols=33 Square ;
  INPUT ---        3 3 3 3 3 3 3 3 3 3 3 3 3 3 3 3 3 3 3 3 3 3 3 3 3 3 3 3 3 
  INPUT ---       3 3 3 3 ;

  INPUT ---    group=2 p    rows=1 cols=33 Square ;
  INPUT ---        4 4 4 4 4 4 4 4 4 4 4 4 4 4 4 4 4 4 4 4 4 4 4 4 4 4 4 4 4 
  INPUT ---       4 4 4 4 ;

  INPUT ---    group=1 pent    rows=1 cols=32 Square ;
  INPUT ---        6 7 8 9 10 11 12 13 14 15 16 17 18 19 20 21 22 23 24 25 26 
  INPUT ---       27 28 29 30 31 32 33 34 35 36 37 ;

  INPUT ---    group=2 pent    rows=1 cols=32 Square ;
  INPUT ---        38 39 40 41 42 43 44 45 46 47 48 49 50 51 52 53 54 55 56 
  INPUT ---       57 58 59 60 61 62 63 64 65 66 67 68 69 ;

  INPUT ---    group=1 N    rows=1 cols=1 Square ;
  INPUT ---        5 ;

  INPUT ---    group=2 N    rows=1 cols=1 Square ;
  INPUT ---        5 ;

  INPUT ---    design matrix constraints=69 covariates=6;
  INPUT ---        1 0 0 0 0 0;
  INPUT ---        1 1 0 0 0 0;
  INPUT ---        0 0 1 0 0 0;
  INPUT ---        0 0 1 1 0 0;
  INPUT ---        0 0 0 0 0 1;
  INPUT ---        0 0 0 0 1 0;
  INPUT ---        0 0 0 0 1 0;
  INPUT ---        0 0 0 0 1 0;

  Program  MARK  - Survival Rate Estimation with Capture-Recapture Data
   gfortran(dble) Vers. 9.0 Mar 2018    25-Mar-2020 21:12:08    Page  003
 - - - - - - - - - - - - - - - - - - - - - - - - - - - - - - - - - - - - - -
 
  INPUT ---        0 0 0 0 1 0;
  INPUT ---        0 0 0 0 1 0;
  INPUT ---        0 0 0 0 1 0;
  INPUT ---        0 0 0 0 1 0;
  INPUT ---        0 0 0 0 1 0;
  INPUT ---        0 0 0 0 1 0;
  INPUT ---        0 0 0 0 1 0;
  INPUT ---        0 0 0 0 1 0;
  INPUT ---        0 0 0 0 1 0;
  INPUT ---        0 0 0 0 1 0;
  INPUT ---        0 0 0 0 1 0;
  INPUT ---        0 0 0 0 1 0;
  INPUT ---        0 0 0 0 1 0;
  INPUT ---        0 0 0 0 1 0;
  INPUT ---        0 0 0 0 1 0;
  INPUT ---        0 0 0 0 1 0;
  INPUT ---        0 0 0 0 1 0;
  INPUT ---        0 0 0 0 1 0;
  INPUT ---        0 0 0 0 1 0;
  INPUT ---        0 0 0 0 1 0;
  INPUT ---        0 0 0 0 1 0;
  INPUT ---        0 0 0 0 1 0;
  INPUT ---        0 0 0 0 1 0;
  INPUT ---        0 0 0 0 1 0;
  INPUT ---        0 0 0 0 1 0;
  INPUT ---        0 0 0 0 1 0;
  INPUT ---        0 0 0 0 1 0;
  INPUT ---        0 0 0 0 1 0;
  INPUT ---        0 0 0 0 1 0;
  INPUT ---        0 0 0 0 1 0;
  INPUT ---        0 0 0 0 1 0;
  INPUT ---        0 0 0 0 1 0;
  INPUT ---        0 0 0 0 1 0;
  INPUT ---        0 0 0 0 1 0;
  INPUT ---        0 0 0 0 1 0;
  INPUT ---        0 0 0 0 1 0;
  INPUT ---        0 0 0 0 1 0;
  INPUT ---        0 0 0 0 1 0;
  INPUT ---        0 0 0 0 1 0;
  INPUT ---        0 0 0 0 1 0;
  INPUT ---        0 0 0 0 1 0;
  INPUT ---        0 0 0 0 1 0;
  INPUT ---        0 0 0 0 1 0;
  INPUT ---        0 0 0 0 1 0;
  INPUT ---        0 0 0 0 1 0;
  INPUT ---        0 0 0 0 1 0;

  Program  MARK  - Survival Rate Estimation with Capture-Recapture Data
   gfortran(dble) Vers. 9.0 Mar 2018    25-Mar-2020 21:12:08    Page  004
 - - - - - - - - - - - - - - - - - - - - - - - - - - - - - - - - - - - - - -
 
  INPUT ---        0 0 0 0 1 0;
  INPUT ---        0 0 0 0 1 0;
  INPUT ---        0 0 0 0 1 0;
  INPUT ---        0 0 0 0 1 0;
  INPUT ---        0 0 0 0 1 0;
  INPUT ---        0 0 0 0 1 0;
  INPUT ---        0 0 0 0 1 0;
  INPUT ---        0 0 0 0 1 0;
  INPUT ---        0 0 0 0 1 0;
  INPUT ---        0 0 0 0 1 0;
  INPUT ---        0 0 0 0 1 0;
  INPUT ---        0 0 0 0 1 0;
  INPUT ---        0 0 0 0 1 0;
  INPUT ---        0 0 0 0 1 0;
  INPUT ---        0 0 0 0 1 0;

  INPUT ---    links=69;

  INPUT ---    Logit;

  INPUT ---    Logit;

  INPUT ---    Logit;

  INPUT ---    Logit;

  INPUT ---    Log;

  INPUT ---    mlogit(1);

  INPUT ---    mlogit(1);

  INPUT ---    mlogit(1);

  INPUT ---    mlogit(1);

  INPUT ---    mlogit(1);

  INPUT ---    mlogit(1);

  INPUT ---    mlogit(1);

  INPUT ---    mlogit(1);

  INPUT ---    mlogit(1);


  Program  MARK  - Survival Rate Estimation with Capture-Recapture Data
   gfortran(dble) Vers. 9.0 Mar 2018    25-Mar-2020 21:12:08    Page  005
 - - - - - - - - - - - - - - - - - - - - - - - - - - - - - - - - - - - - - -
 
  INPUT ---    mlogit(1);

  INPUT ---    mlogit(1);

  INPUT ---    mlogit(1);

  INPUT ---    mlogit(1);

  INPUT ---    mlogit(1);

  INPUT ---    mlogit(1);

  INPUT ---    mlogit(1);

  INPUT ---    mlogit(1);

  INPUT ---    mlogit(1);

  INPUT ---    mlogit(1);

  INPUT ---    mlogit(1);

  INPUT ---    mlogit(1);

  INPUT ---    mlogit(1);

  INPUT ---    mlogit(1);

  INPUT ---    mlogit(1);

  INPUT ---    mlogit(1);

  INPUT ---    mlogit(1);

  INPUT ---    mlogit(1);

  INPUT ---    mlogit(1);

  INPUT ---    mlogit(1);

  INPUT ---    mlogit(1);

  INPUT ---    mlogit(1);

  INPUT ---    mlogit(1);


  Program  MARK  - Survival Rate Estimation with Capture-Recapture Data
   gfortran(dble) Vers. 9.0 Mar 2018    25-Mar-2020 21:12:08    Page  006
 - - - - - - - - - - - - - - - - - - - - - - - - - - - - - - - - - - - - - -
 
  INPUT ---    mlogit(2);

  INPUT ---    mlogit(2);

  INPUT ---    mlogit(2);

  INPUT ---    mlogit(2);

  INPUT ---    mlogit(2);

  INPUT ---    mlogit(2);

  INPUT ---    mlogit(2);

  INPUT ---    mlogit(2);

  INPUT ---    mlogit(2);

  INPUT ---    mlogit(2);

  INPUT ---    mlogit(2);

  INPUT ---    mlogit(2);

  INPUT ---    mlogit(2);

  INPUT ---    mlogit(2);

  INPUT ---    mlogit(2);

  INPUT ---    mlogit(2);

  INPUT ---    mlogit(2);

  INPUT ---    mlogit(2);

  INPUT ---    mlogit(2);

  INPUT ---    mlogit(2);

  INPUT ---    mlogit(2);

  INPUT ---    mlogit(2);

  INPUT ---    mlogit(2);


  Program  MARK  - Survival Rate Estimation with Capture-Recapture Data
   gfortran(dble) Vers. 9.0 Mar 2018    25-Mar-2020 21:12:08    Page  007
 - - - - - - - - - - - - - - - - - - - - - - - - - - - - - - - - - - - - - -
 
  INPUT ---    mlogit(2);

  INPUT ---    mlogit(2);

  INPUT ---    mlogit(2);

  INPUT ---    mlogit(2);

  INPUT ---    mlogit(2);

  INPUT ---    mlogit(2);

  INPUT ---    mlogit(2);

  INPUT ---    mlogit(2);

  INPUT ---    mlogit(2);
  INPUT ---       blabel(1)=Phi:(Intercept);
  INPUT ---       blabel(2)=Phi:sexM;
  INPUT ---       blabel(3)=p:(Intercept);
  INPUT ---       blabel(4)=p:sexM;
  INPUT ---       blabel(5)=pent:(Intercept);
  INPUT ---       blabel(6)=N:(Intercept);
  INPUT ---       rlabel(1)=Phi gF a0 t1;
  INPUT ---       rlabel(2)=Phi gM a0 t1;
  INPUT ---       rlabel(3)=p gF a0 t1;
  INPUT ---       rlabel(4)=p gM a0 t1;
  INPUT ---       rlabel(5)=N gF a0 t1;
  INPUT ---       rlabel(6)=pent gF a0.00547945205479452 t1.00547945205479;
  INPUT ---       rlabel(7)=pent gF a0.00821917808219178 t1.00821917808219;
  INPUT ---       rlabel(8)=pent gF a0.010958904109589 t1.01095890410959;
  INPUT ---       rlabel(9)=pent gF a0.0164383561643836 t1.01643835616438;
  INPUT ---       rlabel(10)=pent gF a0.0246575342465753 t1.02465753424658;
  INPUT ---       rlabel(11)=pent gF a0.0273972602739726 t1.02739726027397;
  INPUT ---       rlabel(12)=pent gF a0.0301369863013699 t1.03013698630137;
  INPUT ---       rlabel(13)=pent gF a0.0356164383561644 t1.03561643835616;
  INPUT ---       rlabel(14)=pent gF a0.0410958904109589 t1.04109589041096;
  INPUT ---       rlabel(15)=pent gF a0.0493150684931507 t1.04931506849315;
  INPUT ---       rlabel(16)=pent gF a0.0520547945205479 t1.05205479452055;
  INPUT ---       rlabel(17)=pent gF a0.0657534246575342 t1.06575342465753;
  INPUT ---       rlabel(18)=pent gF a0.0712328767123288 t1.07123287671233;
  INPUT ---       rlabel(19)=pent gF a0.0986301369863014 t1.0986301369863;
  INPUT ---       rlabel(20)=pent gF a0.101369863013699 t1.1013698630137;
  INPUT ---       rlabel(21)=pent gF a0.106849315068493 t1.10684931506849;
  INPUT ---       rlabel(22)=pent gF a0.10958904109589 t1.10958904109589;
  INPUT ---       rlabel(23)=pent gF a0.120547945205479 t1.12054794520548;

  Program  MARK  - Survival Rate Estimation with Capture-Recapture Data
   gfortran(dble) Vers. 9.0 Mar 2018    25-Mar-2020 21:12:08    Page  008
 - - - - - - - - - - - - - - - - - - - - - - - - - - - - - - - - - - - - - -
 
  INPUT ---       rlabel(24)=pent gF a0.350684931506849 t1.35068493150685;
  INPUT ---       rlabel(25)=pent gF a0.358904109589041 t1.35890410958904;
  INPUT ---       rlabel(26)=pent gF a0.613698630136986 t1.61369863013699;
  INPUT ---       rlabel(27)=pent gF a0.638356164383562 t1.63835616438356;
  INPUT ---       rlabel(28)=pent gF a0.646575342465753 t1.64657534246575;
  INPUT ---       rlabel(29)=pent gF a0.649315068493151 t1.64931506849315;
  INPUT ---       rlabel(30)=pent gF a0.652054794520548 t1.65205479452055;
  INPUT ---       rlabel(31)=pent gF a0.704109589041096 t1.7041095890411;
  INPUT ---       rlabel(32)=pent gF a0.706849315068493 t1.70684931506849;
  INPUT ---       rlabel(33)=pent gF a0.70958904109589 t1.70958904109589;
  INPUT ---       rlabel(34)=pent gF a0.827397260273973 t1.82739726027397;
  INPUT ---       rlabel(35)=pent gF a1.4027397260274 t2.4027397260274;
  INPUT ---       rlabel(36)=pent gF a1.40547945205479 t2.40547945205479;
  INPUT ---       rlabel(37)=pent gF a1.40821917808219 t2.40821917808219;
  INPUT ---       rlabel(38)=pent gM a0.00547945205479452 t1.00547945205479;
  INPUT ---       rlabel(39)=pent gM a0.00821917808219178 t1.00821917808219;
  INPUT ---       rlabel(40)=pent gM a0.010958904109589 t1.01095890410959;
  INPUT ---       rlabel(41)=pent gM a0.0164383561643836 t1.01643835616438;
  INPUT ---       rlabel(42)=pent gM a0.0246575342465753 t1.02465753424658;
  INPUT ---       rlabel(43)=pent gM a0.0273972602739726 t1.02739726027397;
  INPUT ---       rlabel(44)=pent gM a0.0301369863013699 t1.03013698630137;
  INPUT ---       rlabel(45)=pent gM a0.0356164383561644 t1.03561643835616;
  INPUT ---       rlabel(46)=pent gM a0.0410958904109589 t1.04109589041096;
  INPUT ---       rlabel(47)=pent gM a0.0493150684931507 t1.04931506849315;
  INPUT ---       rlabel(48)=pent gM a0.0520547945205479 t1.05205479452055;
  INPUT ---       rlabel(49)=pent gM a0.0657534246575342 t1.06575342465753;
  INPUT ---       rlabel(50)=pent gM a0.0712328767123288 t1.07123287671233;
  INPUT ---       rlabel(51)=pent gM a0.0986301369863014 t1.0986301369863;
  INPUT ---       rlabel(52)=pent gM a0.101369863013699 t1.1013698630137;
  INPUT ---       rlabel(53)=pent gM a0.106849315068493 t1.10684931506849;
  INPUT ---       rlabel(54)=pent gM a0.10958904109589 t1.10958904109589;
  INPUT ---       rlabel(55)=pent gM a0.120547945205479 t1.12054794520548;
  INPUT ---       rlabel(56)=pent gM a0.350684931506849 t1.35068493150685;
  INPUT ---       rlabel(57)=pent gM a0.358904109589041 t1.35890410958904;
  INPUT ---       rlabel(58)=pent gM a0.613698630136986 t1.61369863013699;
  INPUT ---       rlabel(59)=pent gM a0.638356164383562 t1.63835616438356;
  INPUT ---       rlabel(60)=pent gM a0.646575342465753 t1.64657534246575;
  INPUT ---       rlabel(61)=pent gM a0.649315068493151 t1.64931506849315;
  INPUT ---       rlabel(62)=pent gM a0.652054794520548 t1.65205479452055;
  INPUT ---       rlabel(63)=pent gM a0.704109589041096 t1.7041095890411;
  INPUT ---       rlabel(64)=pent gM a0.706849315068493 t1.70684931506849;
  INPUT ---       rlabel(65)=pent gM a0.70958904109589 t1.70958904109589;
  INPUT ---       rlabel(66)=pent gM a0.827397260273973 t1.82739726027397;
  INPUT ---       rlabel(67)=pent gM a1.4027397260274 t2.4027397260274;
  INPUT ---       rlabel(68)=pent gM a1.40547945205479 t2.40547945205479;
  INPUT ---       rlabel(69)=pent gM a1.40821917808219 t2.40821917808219;

  Program  MARK  - Survival Rate Estimation with Capture-Recapture Data
   gfortran(dble) Vers. 9.0 Mar 2018    25-Mar-2020 21:12:08    Page  009
 - - - - - - - - - - - - - - - - - - - - - - - - - - - - - - - - - - - - - -
 

 Link Function Used is PARM-SPECIFIC

 Variance Estimation Procedure Used is 2ndPart 

 M(t+1):
      16     29



 Group: 1

 U(t)+UL(t):
       0    2    2    0    1    0    3    1    1    0    0    0    0    0    1
       0    0    0    2    1    1    0    0    0    1    0    0    0    0    0
       0    0    0

 U(t):
       0    2    2    0    1    0    3    1    1    0    0    0    0    0    1
       0    0    0    2    1    1    0    0    0    1    0    0    0    0    0
       0    0    0

 UL(t):
       0    0    0    0    0    0    0    0    0    0    0    0    0    0    0
       0    0    0    0    0    0    0    0    0    0    0    0    0    0    0
       0    0    0

 Not Released(t):
       0    0    0    0    0    0    0    0    0    0    0    0    0    0    0
       0    0    0    0    0    0    0    0    0    0    0    0    0    0    0
       0    0    0

 Group: 2

 U(t)+UL(t):
       3    0    1    1    1    1    1    0    1    1    2    1    3    3    1
       1    0    2    3    1    0    0    1    0    0    0    0    0    0    1
       0    0    0

 U(t):
       3    0    1    1    1    1    1    0    1    1    2    1    3    3    1
       1    0    2    3    1    0    0    1    0    0    0    0    0    0    1
       0    0    0

 UL(t):
       0    0    0    0    0    0    0    0    0    0    0    0    0    0    0
       0    0    0    0    0    0    0    0    0    0    0    0    0    0    0
       0    0    0

 Not Released(t):
       0    0    0    0    0    0    0    0    0    0    0    0    0    0    0
       0    0    0    0    0    0    0    0    0    0    0    0    0    0    0
       0    0    0
 -2logL(saturated) = 272.93564     
 Effective Sample Size = 103

 Number of function evaluations was 27 for 6 parameters.
 Time for numerical optimization was 0.09 seconds.     
 -2logL { Phi(~sex)p(~sex)pent(~1)N(~1) } = 552.95464     
 Penalty { Phi(~sex)p(~sex)pent(~1)N(~1) } = 0.0000000     
 Gradient { Phi(~sex)p(~sex)pent(~1)N(~1) }:
 -0.2928246E-05   0.000000     -0.4292806E-05 -0.6917771E-05  0.1372649E-05
  0.5411542E-05
 Maximum ABS(G) { Phi(~sex)p(~sex)pent(~1)N(~1) } = 0.6917771E-05 
 S Vector { Phi(~sex)p(~sex)pent(~1)N(~1) }:
   126.0236      11.56633      5.757370      3.175833     0.5186064    
  0.3687391    
 Time to compute number of parameters was 0.02 seconds.     
 Ratio Threshold = 50.000000       Max Gap (1/2) = 10.895730       Next Max Gap (1/2) = 10.895730     
 Gap Method for Num. of Estimated Parameters { Phi(~sex)p(~sex)pent(~1)N(~1) } = 6          
 Threshold { Phi(~sex)p(~sex)pent(~1)N(~1) } = 0.1383554E-04                 
 Numerical Threshold Method for Num. of Estimated Parameters { Phi(~sex)p(~sex)pent(~1)N(~1) } = 6          
 Number of Estimated Parameters { Phi(~sex)p(~sex)pent(~1)N(~1) } = 6          
 DEVIANCE { Phi(~sex)p(~sex)pent(~1)N(~1) } = 280.01900                     
 DEVIANCE Degrees of Freedom { Phi(~sex)p(~sex)pent(~1)N(~1) } = 35            
 c-hat { Phi(~sex)p(~sex)pent(~1)N(~1) } = 8.0005427                     
 AIC { Phi(~sex)p(~sex)pent(~1)N(~1) } = 564.95464                  
 AICc { Phi(~sex)p(~sex)pent(~1)N(~1) } = 565.82964                    
 BIC { Phi(~sex)p(~sex)pent(~1)N(~1) } = 580.76301                    
 Pearson Chisquare { Phi(~sex)p(~sex)pent(~1)N(~1) } = 21651577.                  


              PARM-SPECIFIC Link Function Parameters of { Phi(~sex)p(~sex)pent(~1)N(~1) }
                                                              95% Confidence Interval
 Parameter                    Beta         Standard Error      Lower           Upper
 -------------------------  --------------  --------------  --------------  --------------
    1:Phi:(Intercept)       -1.6054490       1.0359771      -3.6359642       0.4250662    
    2:Phi:sexM               2.5957723       1.3118121       0.0246206       5.1669240    
    3:p:(Intercept)         -2.5545023       0.2764685      -3.0963806      -2.0126240    
    4:p:sexM                 0.1028689       0.2884174      -0.4624291       0.6681670    
    5:pent:(Intercept)      -4.5581545       1.3807438      -7.2644125      -1.8518966    
    6:N:(Intercept)          1.8196749       0.6024765       0.6388209       3.0005289    


              Real Function Parameters of { Phi(~sex)p(~sex)pent(~1)N(~1) }
                                                               95% Confidence Interval
  Parameter                  Estimate       Standard Error      Lower           Upper
 --------------------------  --------------  --------------  --------------  --------------
     1:Phi gF a0 t1           0.1672214       0.1442685       0.0256816       0.6046949                          
     2:Phi gM a0 t1           0.7291518       0.2072839       0.2559965       0.9546757                          
     3:p gF a0 t1             0.0721246       0.0185020       0.0432568       0.1178838                          
     4:p gM a0 t1             0.0793192       0.0137708       0.0561877       0.1108550                          
     5:N gF a0 t1             22.169852       3.7171912       18.072945       34.363761                          
     6:pent gF a0.005479452   0.0078488       0.0081153       0.0010249       0.0574902                          
     7:pent gF a0.008219178   0.0078488       0.0081153       0.0010249       0.0574902                          

  Program  MARK  - Survival Rate Estimation with Capture-Recapture Data
   gfortran(dble) Vers. 9.0 Mar 2018    25-Mar-2020 21:12:09    Page  010
 - - - - - - - - - - - - - - - - - - - - - - - - - - - - - - - - - - - - - -
 
     8:pent gF a0.010958904   0.0078488       0.0081153       0.0010249       0.0574902                          
     9:pent gF a0.016438356   0.0078488       0.0081153       0.0010249       0.0574902                          
    10:pent gF a0.024657534   0.0078488       0.0081153       0.0010249       0.0574902                          
    11:pent gF a0.027397260   0.0078488       0.0081153       0.0010249       0.0574902                          
    12:pent gF a0.030136986   0.0078488       0.0081153       0.0010249       0.0574902                          
    13:pent gF a0.035616438   0.0078488       0.0081153       0.0010249       0.0574902                          
    14:pent gF a0.041095890   0.0078488       0.0081153       0.0010249       0.0574902                          
    15:pent gF a0.049315068   0.0078488       0.0081153       0.0010249       0.0574902                          
    16:pent gF a0.052054794   0.0078488       0.0081153       0.0010249       0.0574902                          
    17:pent gF a0.065753424   0.0078488       0.0081153       0.0010249       0.0574902                          
    18:pent gF a0.071232876   0.0078488       0.0081153       0.0010249       0.0574902                          
    19:pent gF a0.098630136   0.0078488       0.0081153       0.0010249       0.0574902                          
    20:pent gF a0.101369863   0.0078488       0.0081153       0.0010249       0.0574902                          
    21:pent gF a0.106849315   0.0078488       0.0081153       0.0010249       0.0574902                          
    22:pent gF a0.109589041   0.0078488       0.0081153       0.0010249       0.0574902                          
    23:pent gF a0.120547945   0.0078488       0.0081153       0.0010249       0.0574902                          
    24:pent gF a0.350684931   0.0078488       0.0081153       0.0010249       0.0574902                          
    25:pent gF a0.358904109   0.0078488       0.0081153       0.0010249       0.0574902                          
    26:pent gF a0.613698630   0.0078488       0.0081153       0.0010249       0.0574902                          
    27:pent gF a0.638356164   0.0078488       0.0081153       0.0010249       0.0574902                          
    28:pent gF a0.646575342   0.0078488       0.0081153       0.0010249       0.0574902                          
    29:pent gF a0.649315068   0.0078488       0.0081153       0.0010249       0.0574902                          
    30:pent gF a0.652054794   0.0078488       0.0081153       0.0010249       0.0574902                          
    31:pent gF a0.704109589   0.0078488       0.0081153       0.0010249       0.0574902                          
    32:pent gF a0.706849315   0.0078488       0.0081153       0.0010249       0.0574902                          
    33:pent gF a0.709589041   0.0078488       0.0081153       0.0010249       0.0574902                          
    34:pent gF a0.827397260   0.0078488       0.0081153       0.0010249       0.0574902                          
    35:pent gF a1.402739726   0.0078488       0.0081153       0.0010249       0.0574902                          
    36:pent gF a1.405479452   0.0078488       0.0081153       0.0010249       0.0574902                          
    37:pent gF a1.408219178   0.0078488       0.0081153       0.0010249       0.0574902                          
    38:pent gM a0.005479452   0.0078488       0.0081153       0.0010249       0.0574902                          
    39:pent gM a0.008219178   0.0078488       0.0081153       0.0010249       0.0574902                          
    40:pent gM a0.010958904   0.0078488       0.0081153       0.0010249       0.0574902                          
    41:pent gM a0.016438356   0.0078488       0.0081153       0.0010249       0.0574902                          
    42:pent gM a0.024657534   0.0078488       0.0081153       0.0010249       0.0574902                          
    43:pent gM a0.027397260   0.0078488       0.0081153       0.0010249       0.0574902                          
    44:pent gM a0.030136986   0.0078488       0.0081153       0.0010249       0.0574902                          
    45:pent gM a0.035616438   0.0078488       0.0081153       0.0010249       0.0574902                          
    46:pent gM a0.041095890   0.0078488       0.0081153       0.0010249       0.0574902                          
    47:pent gM a0.049315068   0.0078488       0.0081153       0.0010249       0.0574902                          
    48:pent gM a0.052054794   0.0078488       0.0081153       0.0010249       0.0574902                          
    49:pent gM a0.065753424   0.0078488       0.0081153       0.0010249       0.0574902                          
    50:pent gM a0.071232876   0.0078488       0.0081153       0.0010249       0.0574902                          
    51:pent gM a0.098630136   0.0078488       0.0081153       0.0010249       0.0574902                          
    52:pent gM a0.101369863   0.0078488       0.0081153       0.0010249       0.0574902                          
    53:pent gM a0.106849315   0.0078488       0.0081153       0.0010249       0.0574902                          

  Program  MARK  - Survival Rate Estimation with Capture-Recapture Data
   gfortran(dble) Vers. 9.0 Mar 2018    25-Mar-2020 21:12:09    Page  011
 - - - - - - - - - - - - - - - - - - - - - - - - - - - - - - - - - - - - - -
 
    54:pent gM a0.109589041   0.0078488       0.0081153       0.0010249       0.0574902                          
    55:pent gM a0.120547945   0.0078488       0.0081153       0.0010249       0.0574902                          
    56:pent gM a0.350684931   0.0078488       0.0081153       0.0010249       0.0574902                          
    57:pent gM a0.358904109   0.0078488       0.0081153       0.0010249       0.0574902                          
    58:pent gM a0.613698630   0.0078488       0.0081153       0.0010249       0.0574902                          
    59:pent gM a0.638356164   0.0078488       0.0081153       0.0010249       0.0574902                          
    60:pent gM a0.646575342   0.0078488       0.0081153       0.0010249       0.0574902                          
    61:pent gM a0.649315068   0.0078488       0.0081153       0.0010249       0.0574902                          
    62:pent gM a0.652054794   0.0078488       0.0081153       0.0010249       0.0574902                          
    63:pent gM a0.704109589   0.0078488       0.0081153       0.0010249       0.0574902                          
    64:pent gM a0.706849315   0.0078488       0.0081153       0.0010249       0.0574902                          
    65:pent gM a0.709589041   0.0078488       0.0081153       0.0010249       0.0574902                          
    66:pent gM a0.827397260   0.0078488       0.0081153       0.0010249       0.0574902                          
    67:pent gM a1.402739726   0.0078488       0.0081153       0.0010249       0.0574902                          
    68:pent gM a1.405479452   0.0078488       0.0081153       0.0010249       0.0574902                          
    69:pent gM a1.408219178   0.0078488       0.0081153       0.0010249       0.0574902                          


                      Estimates of Derived Parameters
  Gross Birth+Immigration Estimates of { Phi(~sex)p(~sex)pent(~1)N(~1) }
                                                95% Confidence Interval
 Grp. Occ.   B*-hat          Standard Error      Lower           Upper
 ---- ----   --------------  --------------  --------------  --------------
   1     1    0.1748618       0.2034130       0.0285263       1.0718741    
   1     2    0.1744344       0.2028213       0.0284728       1.0686476    
   1     3    0.1744344       0.2028213       0.0284728       1.0686476    
   1     4    0.1748618       0.2034130       0.0285263       1.0718741    
   1     5    0.1752898       0.2040060       0.0285799       1.0751080    
   1     6    0.1744344       0.2028213       0.0284728       1.0686476    
   1     7    0.1744344       0.2028213       0.0284728       1.0686476    
   1     8    0.1748618       0.2034130       0.0285263       1.0718741    
   1     9    0.1748618       0.2034130       0.0285263       1.0718741    
   1    10    0.1752898       0.2040060       0.0285799       1.0751080    
   1    11    0.1744344       0.2028213       0.0284728       1.0686476    
   1    12    0.1761480       0.2051957       0.0286873       1.0815982    
   1    13    0.1748618       0.2034130       0.0285263       1.0718741    
   1    14    0.1783056       0.2081926       0.0289565       1.0979534    
   1    15    0.1744344       0.2028213       0.0284728       1.0686476    
   1    16    0.1748618       0.2034130       0.0285263       1.0718741    
   1    17    0.1744344       0.2028213       0.0284728       1.0686476    
   1    18    0.1757186       0.2046002       0.0286336       1.0783494    
   1    19    0.2122668       0.2562917       0.0330881       1.3617358    
   1    20    0.1752898       0.2040060       0.0285799       1.0751080    
   1    21    0.2166547       0.2626172       0.0336101       1.3965832    
   1    22    0.1778727       0.2075906       0.0289026       1.0946675    

  Program  MARK  - Survival Rate Estimation with Capture-Recapture Data
   gfortran(dble) Vers. 9.0 Mar 2018    25-Mar-2020 21:12:09    Page  012
 - - - - - - - - - - - - - - - - - - - - - - - - - - - - - - - - - - - - - -
 
   1    23    0.1752898       0.2040060       0.0285799       1.0751080    
   1    24    0.1744344       0.2028213       0.0284728       1.0686476    
   1    25    0.1744344       0.2028213       0.0284728       1.0686476    
   1    26    0.1822332       0.2136678       0.0294442       1.1278608    
   1    27    0.1744344       0.2028213       0.0284728       1.0686476    
   1    28    0.1744344       0.2028213       0.0284728       1.0686476    
   1    29    0.1929821       0.2287766       0.0307643       1.2105597    
   1    30    0.2786201       0.3538830       0.0408075       1.9023280    
   1    31    0.1744344       0.2028213       0.0284728       1.0686476    
   1    32    0.1744344       0.2028213       0.0284728       1.0686476    
   2     1    0.2762818       0.3077542       0.0475067       1.6067549    
   2     2    0.2761623       0.3075738       0.0474950       1.6057615    
   2     3    0.2761623       0.3075738       0.0474950       1.6057615    
   2     4    0.2762818       0.3077542       0.0475067       1.6067549    
   2     5    0.2764013       0.3079347       0.0475184       1.6077489    
   2     6    0.2761623       0.3075738       0.0474950       1.6057615    
   2     7    0.2761623       0.3075738       0.0474950       1.6057615    
   2     8    0.2762818       0.3077542       0.0475067       1.6067549    
   2     9    0.2762818       0.3077542       0.0475067       1.6067549    
   2    10    0.2764013       0.3079347       0.0475184       1.6077489    
   2    11    0.2761623       0.3075738       0.0474950       1.6057615    
   2    12    0.2766404       0.3082961       0.0475418       1.6097387    
   2    13    0.2762818       0.3077542       0.0475067       1.6067549    
   2    14    0.2772390       0.3092011       0.0476004       1.6147233    
   2    15    0.2761623       0.3075738       0.0474950       1.6057615    
   2    16    0.2762818       0.3077542       0.0475067       1.6067549    
   2    17    0.2761623       0.3075738       0.0474950       1.6057615    
   2    18    0.2765208       0.3081154       0.0475301       1.6087435    
   2    19    0.2861977       0.3228755       0.0484612       1.6902012    
   2    20    0.2764013       0.3079347       0.0475184       1.6077489    
   2    21    0.2873001       0.3245744       0.0485652       1.6995992    
   2    22    0.2771192       0.3090199       0.0475887       1.6137252    
   2    23    0.2764013       0.3079347       0.0475184       1.6077489    
   2    24    0.2761623       0.3075738       0.0474950       1.6057615    
   2    25    0.2761623       0.3075738       0.0474950       1.6057615    
   2    26    0.2783185       0.3108361       0.0477056       1.6237323    
   2    27    0.2761623       0.3075738       0.0474950       1.6057615    
   2    28    0.2761623       0.3075738       0.0474950       1.6057615    
   2    29    0.2812108       0.3152343       0.0479855       1.6479873    
   2    30    0.3018855       0.3473649       0.0499072       1.8260875    
   2    31    0.2761623       0.3075738       0.0474950       1.6057615    
   2    32    0.2761623       0.3075738       0.0474950       1.6057615    

   Net Birth+Immigration Estimates of { Phi(~sex)p(~sex)pent(~1)N(~1) }
                                                95% Confidence Interval
 Grp. Occ.   B-hat           Standard Error      Lower           Upper
 ---- ----   --------------  --------------  --------------  --------------
   1     1    0.1740078       0.2022309       0.0284193       1.0654285    
   1     2    0.1740078       0.2022309       0.0284193       1.0654285    
   1     3    0.1740078       0.2022309       0.0284193       1.0654285    
   1     4    0.1740078       0.2022309       0.0284193       1.0654285    
   1     5    0.1740078       0.2022309       0.0284193       1.0654285    
   1     6    0.1740078       0.2022309       0.0284193       1.0654285    
   1     7    0.1740078       0.2022309       0.0284193       1.0654285    
   1     8    0.1740078       0.2022309       0.0284193       1.0654285    
   1     9    0.1740078       0.2022309       0.0284193       1.0654285    
   1    10    0.1740078       0.2022309       0.0284193       1.0654285    
   1    11    0.1740078       0.2022309       0.0284193       1.0654285    
   1    12    0.1740078       0.2022309       0.0284193       1.0654285    
   1    13    0.1740078       0.2022309       0.0284193       1.0654285    
   1    14    0.1740078       0.2022309       0.0284193       1.0654285    
   1    15    0.1740078       0.2022309       0.0284193       1.0654285    
   1    16    0.1740078       0.2022309       0.0284193       1.0654285    
   1    17    0.1740078       0.2022309       0.0284193       1.0654285    
   1    18    0.1740078       0.2022309       0.0284193       1.0654285    
   1    19    0.1740078       0.2022309       0.0284193       1.0654285    
   1    20    0.1740078       0.2022309       0.0284193       1.0654285    
   1    21    0.1740078       0.2022309       0.0284193       1.0654285    
   1    22    0.1740078       0.2022309       0.0284193       1.0654285    
   1    23    0.1740078       0.2022309       0.0284193       1.0654285    
   1    24    0.1740078       0.2022309       0.0284193       1.0654285    
   1    25    0.1740078       0.2022309       0.0284193       1.0654285    
   1    26    0.1740078       0.2022309       0.0284193       1.0654285    
   1    27    0.1740078       0.2022309       0.0284193       1.0654285    
   1    28    0.1740078       0.2022309       0.0284193       1.0654285    
   1    29    0.1740078       0.2022309       0.0284193       1.0654285    
   1    30    0.1740078       0.2022309       0.0284193       1.0654285    
   1    31    0.1740078       0.2022309       0.0284193       1.0654285    
   1    32    0.1740078       0.2022309       0.0284193       1.0654285    
   2     1    0.2760428       0.3073935       0.0474832       1.6047686    
   2     2    0.2760428       0.3073935       0.0474832       1.6047686    
   2     3    0.2760428       0.3073935       0.0474832       1.6047686    
   2     4    0.2760428       0.3073935       0.0474832       1.6047686    
   2     5    0.2760428       0.3073935       0.0474832       1.6047686    
   2     6    0.2760428       0.3073935       0.0474832       1.6047686    
   2     7    0.2760428       0.3073935       0.0474832       1.6047686    
   2     8    0.2760428       0.3073935       0.0474832       1.6047686    
   2     9    0.2760428       0.3073935       0.0474832       1.6047686    
   2    10    0.2760428       0.3073935       0.0474832       1.6047686    
   2    11    0.2760428       0.3073935       0.0474832       1.6047686    
   2    12    0.2760428       0.3073935       0.0474832       1.6047686    
   2    13    0.2760428       0.3073935       0.0474832       1.6047686    
   2    14    0.2760428       0.3073935       0.0474832       1.6047686    
   2    15    0.2760428       0.3073935       0.0474832       1.6047686    
   2    16    0.2760428       0.3073935       0.0474832       1.6047686    
   2    17    0.2760428       0.3073935       0.0474832       1.6047686    
   2    18    0.2760428       0.3073935       0.0474832       1.6047686    
   2    19    0.2760428       0.3073935       0.0474832       1.6047686    
   2    20    0.2760428       0.3073935       0.0474832       1.6047686    
   2    21    0.2760428       0.3073935       0.0474832       1.6047686    
   2    22    0.2760428       0.3073935       0.0474832       1.6047686    
   2    23    0.2760428       0.3073935       0.0474832       1.6047686    
   2    24    0.2760428       0.3073935       0.0474832       1.6047686    
   2    25    0.2760428       0.3073935       0.0474832       1.6047686    
   2    26    0.2760428       0.3073935       0.0474832       1.6047686    
   2    27    0.2760428       0.3073935       0.0474832       1.6047686    
   2    28    0.2760428       0.3073935       0.0474832       1.6047686    
   2    29    0.2760428       0.3073935       0.0474832       1.6047686    
   2    30    0.2760428       0.3073935       0.0474832       1.6047686    
   2    31    0.2760428       0.3073935       0.0474832       1.6047686    
   2    32    0.2760428       0.3073935       0.0474832       1.6047686    

        Population Estimates of { Phi(~sex)p(~sex)pent(~1)N(~1) }
                                                95% Confidence Interval
 Grp. Occ.   N-hat           Standard Error      Lower           Upper
 ---- ----   --------------  --------------  --------------  --------------
   1     1    16.601603       4.1782946       10.214013       26.983833    
   1     2    16.613716       3.9970189       10.436388       26.447421    
   1     3    16.706518       3.8257355       10.726189       26.021148    
   1     4    16.798867       3.6586848       11.016258       25.616861    

  Program  MARK  - Survival Rate Estimation with Capture-Recapture Data
   gfortran(dble) Vers. 9.0 Mar 2018    25-Mar-2020 21:12:09    Page  013
 - - - - - - - - - - - - - - - - - - - - - - - - - - - - - - - - - - - - - -
 
   1     5    16.809056       3.4932632       11.233361       25.152255    
   1     6    16.737787       3.3326561       11.372529       24.634230    
   1     7    16.829983       3.1810020       11.657529       24.297458    
   1     8    16.921728       3.0357095       11.938409       23.985179    
   1     9    16.930719       2.8987988       12.133481       23.624650    
   1    10    16.939622       2.7707811       12.319406       23.292583    
   1    11    16.866447       2.6562141       12.410514       22.922260    
   1    12    16.958014       2.5441216       12.658472       22.717927    
   1    13    16.721613       2.4656214       12.544100       22.290348    
   1    14    16.732555       2.3823400       12.675807       22.087621    
   1    15    16.106459       2.3836875       12.069945       21.492892    
   1    16    16.201741       2.3163895       12.259617       21.411470    
   1    17    16.217753       2.2740159       12.337168       21.318954    
   1    18    16.312491       2.2361807       12.484603       21.314041    
   1    19    16.169898       2.2442929       12.334630       21.197684    
   1    20    10.888165       3.1477583       6.2487048       18.972273    
   1    21    10.903293       3.1141275       6.2978012       18.876715    
   1    22    7.0868514       3.3472175       2.9408539       17.077850    
   1    23    6.9551307       3.2856042       2.8857733       16.762870    
   1    24    7.0276494       3.2388929       2.9732678       16.610632    
   1    25    7.1673072       3.2053431       3.1037806       16.550878    
   1    26    7.3062823       3.1841150       3.2265370       16.544599    
   1    27    6.8308010       3.1563933       2.8840863       16.178380    
   1    28    6.9714209       3.1519704       2.9937345       16.234142    
   1    29    7.1113535       3.1598821       3.0947396       16.341067    
   1    30    5.9343684       3.0662074       2.2872212       15.397168    
   1    31    2.2948158       2.0365927       0.5152143       10.221337    
   1    32    2.4576068       2.0183107       0.6016735       10.038386    
   1    33    2.6196022       2.0202216       0.6866189       9.9943590    
   2     1    26.336483       7.3474867       15.399852       45.040064    
   2     2    26.566982       7.0595459       15.922030       44.328800    
   2     3    26.820043       6.7719746       16.475633       43.659307    
   2     4    27.072886       6.4862831       17.038598       43.016518    
   2     5    27.302111       6.2049014       17.586204       42.385796    
   2     6    27.507363       5.9287561       18.115984       41.767262    
   2     7    27.759611       5.6499774       18.703301       41.201071    
   2     8    28.011641       5.3741694       19.297540       40.660729    
   2     9    28.239243       5.1052291       19.870163       40.133282    
   2    10    28.466451       4.8404378       20.446664       39.631837    
   2    11    28.668685       4.5845745       20.996318       39.144648    
   2    12    28.919928       4.3255062       21.606558       38.708722    
   2    13    29.071104       4.0919195       22.092005       38.254975    
   2    14    29.296874       3.8511044       22.667665       37.864809    
   2    15    29.320473       3.6670368       22.968055       37.429819    
   2    16    29.571153       3.4385812       23.562399       37.112225    
   2    17    29.796058       3.2290378       24.109068       36.824528    

  Program  MARK  - Survival Rate Estimation with Capture-Recapture Data
   gfortran(dble) Vers. 9.0 Mar 2018    25-Mar-2020 21:12:09    Page  014
 - - - - - - - - - - - - - - - - - - - - - - - - - - - - - - - - - - - - - -
 
   2    18    30.046326       3.0271213       24.674535       36.587588    
   2    19    30.218539       2.8640810       25.105930       36.372288    
   2    20    28.375815       3.6433558       22.085208       36.458199    
   2    21    28.578284       3.5188508       22.470855       36.345671    
   2    22    26.644390       4.7417251       18.849489       37.662746    
   2    23    26.713715       4.7399085       18.917716       37.722447    
   2    24    26.920493       4.6662924       19.214406       37.717166    
   2    25    27.173249       4.5804382       19.573145       37.724414    
   2    26    27.425786       4.5131594       19.907571       37.783299    
   2    27    27.254561       4.7295132       19.445575       38.199492    
   2    28    27.507028       4.6939890       19.734550       38.340707    
   2    29    27.759276       4.6775536       19.997573       38.533548    
   2    30    27.021311       5.2585357       18.517853       39.429585    
   2    31    22.807006       7.7438986       11.936936       43.575632    
   2    32    23.063320       7.6946025       12.200844       43.596716    
   2    33    23.319412       7.6570567       12.454868       43.661240    

     Gross Population Estimates of { Phi(~sex)p(~sex)pent(~1)N(~1) }
                                                95% Confidence Interval
 Grp. Occ.   N*-hat          Standard Error      Lower           Upper
 ---- ----   --------------  --------------  --------------  --------------
   1     0    22.410383       3.9952924       15.844587       31.696961    
   2     0    35.232320       3.7960275       28.542581       43.489982    

   CPU Time for the last procedure was 0.12 seconds.     

  Program  MARK  - Survival Rate Estimation with Capture-Recapture Data
   gfortran(dble) Vers. 9.0 Mar 2018    25-Mar-2020 21:12:09    Page  015
 - - - - - - - - - - - - - - - - - - - - - - - - - - - - - - - - - - - - - -
 


  INPUT --- proc stop;

     CPU Time in minutes for this job was 0.00

     Time Start = 21:12:08.651   Time End = 21:12:09.059

     Wall Clock Time in minutes for this job was 0.01


          E X E C U T I O N   S U C C E S S F U L 
