
   Program  MARK  - Survival Rate Estimation with Capture-Recapture Data
   gfortran(dble) Vers. 9.0 Mar 2018    25-Mar-2020 14:22:18    Page  001
 - - - - - - - - - - - - - - - - - - - - - - - - - - - - - - - - - - - - - -
 
   This version was compiled by GCC version 7.2.0 using the options: 
     -cpp -iprefix C:/Program Files/mingw-w64/x86_64-7.2.0-posix-seh-rt_v5-rev1/
     mingw64/bin/../lib/gcc/x86_64-w64-mingw32/7.2.0/ -D_MT -D_REENTRANT
     -U_REENTRANT -D IEEE -D DBLEPRECISION -m64 -mtune=core2 -march=nocona -mthreads
     -O2 -fimplicit-none -fbounds-check -funroll-loops -ftree-vectorize
     -ffpe-summary=invalid,zero,overflow,underflow -fno-unsafe-math-optimizations
     -frounding-math -fsignaling-nans -fopenmp.

   This problem will use 15 of 16 possible threads.


  INPUT --- proc title ;

   CPU Time for the last procedure was 0.01 seconds.     


  INPUT --- proc chmatrix occasions= 33 groups= 2 etype= POPAN Nodes= 
  INPUT --- 101 ICMeans NoHist hist= 41  ;

  INPUT ---    time interval 0.00547945205479452 0.00273972602739726 
  INPUT ---    0.00273972602739726 0.00547945205479452  
  INPUT ---    0.00821917808219178 0.00273972602739726 0.00273972602739726 
  INPUT ---    0.00547945205479452  0.00547945205479452 
  INPUT ---    0.00821917808219178 0.00273972602739726 0.0136986301369863 
  INPUT ---    0.00547945205479452  0.0273972602739726 0.00273972602739726 
  INPUT ---    0.00547945205479452 0.00273972602739726 0.010958904109589  
  INPUT ---    0.23013698630137 0.00821917808219178 0.254794520547945 
  INPUT ---    0.0246575342465753 0.00821917808219178  0.00273972602739726 
  INPUT ---    0.00273972602739726 0.0520547945205479 0.00273972602739726 
  INPUT ---    0.00273972602739726  0.117808219178082 0.575342465753425 
  INPUT ---    0.00273972602739726 0.00273972602739726 ;

  INPUT ---    glabel(1)=sexF;

  INPUT ---    glabel(2)=sexM;

   * *  WARNING  * *   At least a pair of the encounter histories are duplicates. 

      Number of unique encounter histories read was 38.

      Number of individual covariates read was 0.
      Time interval lengths vary and/or not equal to 1.

      Data type number is 19
      Data type is POPAN                                                                                               

   CPU Time for the last procedure was 0.01 seconds.     

  Program  MARK  - Survival Rate Estimation with Capture-Recapture Data
   gfortran(dble) Vers. 9.0 Mar 2018    25-Mar-2020 14:22:18    Page  002
 - - - - - - - - - - - - - - - - - - - - - - - - - - - - - - - - - - - - - -
 


  INPUT --- proc estimate link=Parm-Specific NOLOOP varest=2ndPart    ;


  INPUT --- model={ Phi(~sex)p(~1)pent(~1)N(~sex) };

  INPUT ---    group=1 Phi    rows=1 cols=32 Square ;
  INPUT ---        1 1 1 1 1 1 1 1 1 1 1 1 1 1 1 1 1 1 1 1 1 1 1 1 1 1 1 1 1 
  INPUT ---       1 1 1 ;

  INPUT ---    group=2 Phi    rows=1 cols=32 Square ;
  INPUT ---        2 2 2 2 2 2 2 2 2 2 2 2 2 2 2 2 2 2 2 2 2 2 2 2 2 2 2 2 2 
  INPUT ---       2 2 2 ;

  INPUT ---    group=1 p    rows=1 cols=33 Square ;
  INPUT ---        3 3 3 3 3 3 3 3 3 3 3 3 3 3 3 3 3 3 3 3 3 3 3 3 3 3 3 3 3 
  INPUT ---       3 3 3 3 ;

  INPUT ---    group=2 p    rows=1 cols=33 Square ;
  INPUT ---        3 3 3 3 3 3 3 3 3 3 3 3 3 3 3 3 3 3 3 3 3 3 3 3 3 3 3 3 3 
  INPUT ---       3 3 3 3 ;

  INPUT ---    group=1 pent    rows=1 cols=32 Square ;
  INPUT ---        6 7 8 9 10 11 12 13 14 15 16 17 18 19 20 21 22 23 24 25 26 
  INPUT ---       27 28 29 30 31 32 33 34 35 36 37 ;

  INPUT ---    group=2 pent    rows=1 cols=32 Square ;
  INPUT ---        38 39 40 41 42 43 44 45 46 47 48 49 50 51 52 53 54 55 56 
  INPUT ---       57 58 59 60 61 62 63 64 65 66 67 68 69 ;

  INPUT ---    group=1 N    rows=1 cols=1 Square ;
  INPUT ---        4 ;

  INPUT ---    group=2 N    rows=1 cols=1 Square ;
  INPUT ---        5 ;

  INPUT ---    design matrix constraints=69 covariates=6;
  INPUT ---        1 0 0 0 0 0;
  INPUT ---        1 1 0 0 0 0;
  INPUT ---        0 0 1 0 0 0;
  INPUT ---        0 0 0 0 1 0;
  INPUT ---        0 0 0 0 1 1;
  INPUT ---        0 0 0 1 0 0;
  INPUT ---        0 0 0 1 0 0;
  INPUT ---        0 0 0 1 0 0;

  Program  MARK  - Survival Rate Estimation with Capture-Recapture Data
   gfortran(dble) Vers. 9.0 Mar 2018    25-Mar-2020 14:22:18    Page  003
 - - - - - - - - - - - - - - - - - - - - - - - - - - - - - - - - - - - - - -
 
  INPUT ---        0 0 0 1 0 0;
  INPUT ---        0 0 0 1 0 0;
  INPUT ---        0 0 0 1 0 0;
  INPUT ---        0 0 0 1 0 0;
  INPUT ---        0 0 0 1 0 0;
  INPUT ---        0 0 0 1 0 0;
  INPUT ---        0 0 0 1 0 0;
  INPUT ---        0 0 0 1 0 0;
  INPUT ---        0 0 0 1 0 0;
  INPUT ---        0 0 0 1 0 0;
  INPUT ---        0 0 0 1 0 0;
  INPUT ---        0 0 0 1 0 0;
  INPUT ---        0 0 0 1 0 0;
  INPUT ---        0 0 0 1 0 0;
  INPUT ---        0 0 0 1 0 0;
  INPUT ---        0 0 0 1 0 0;
  INPUT ---        0 0 0 1 0 0;
  INPUT ---        0 0 0 1 0 0;
  INPUT ---        0 0 0 1 0 0;
  INPUT ---        0 0 0 1 0 0;
  INPUT ---        0 0 0 1 0 0;
  INPUT ---        0 0 0 1 0 0;
  INPUT ---        0 0 0 1 0 0;
  INPUT ---        0 0 0 1 0 0;
  INPUT ---        0 0 0 1 0 0;
  INPUT ---        0 0 0 1 0 0;
  INPUT ---        0 0 0 1 0 0;
  INPUT ---        0 0 0 1 0 0;
  INPUT ---        0 0 0 1 0 0;
  INPUT ---        0 0 0 1 0 0;
  INPUT ---        0 0 0 1 0 0;
  INPUT ---        0 0 0 1 0 0;
  INPUT ---        0 0 0 1 0 0;
  INPUT ---        0 0 0 1 0 0;
  INPUT ---        0 0 0 1 0 0;
  INPUT ---        0 0 0 1 0 0;
  INPUT ---        0 0 0 1 0 0;
  INPUT ---        0 0 0 1 0 0;
  INPUT ---        0 0 0 1 0 0;
  INPUT ---        0 0 0 1 0 0;
  INPUT ---        0 0 0 1 0 0;
  INPUT ---        0 0 0 1 0 0;
  INPUT ---        0 0 0 1 0 0;
  INPUT ---        0 0 0 1 0 0;
  INPUT ---        0 0 0 1 0 0;
  INPUT ---        0 0 0 1 0 0;

  Program  MARK  - Survival Rate Estimation with Capture-Recapture Data
   gfortran(dble) Vers. 9.0 Mar 2018    25-Mar-2020 14:22:18    Page  004
 - - - - - - - - - - - - - - - - - - - - - - - - - - - - - - - - - - - - - -
 
  INPUT ---        0 0 0 1 0 0;
  INPUT ---        0 0 0 1 0 0;
  INPUT ---        0 0 0 1 0 0;
  INPUT ---        0 0 0 1 0 0;
  INPUT ---        0 0 0 1 0 0;
  INPUT ---        0 0 0 1 0 0;
  INPUT ---        0 0 0 1 0 0;
  INPUT ---        0 0 0 1 0 0;
  INPUT ---        0 0 0 1 0 0;
  INPUT ---        0 0 0 1 0 0;
  INPUT ---        0 0 0 1 0 0;
  INPUT ---        0 0 0 1 0 0;
  INPUT ---        0 0 0 1 0 0;
  INPUT ---        0 0 0 1 0 0;
  INPUT ---        0 0 0 1 0 0;

  INPUT ---    links=69;

  INPUT ---    Logit;

  INPUT ---    Logit;

  INPUT ---    Logit;

  INPUT ---    Log;

  INPUT ---    Log;

  INPUT ---    mlogit(1);

  INPUT ---    mlogit(1);

  INPUT ---    mlogit(1);

  INPUT ---    mlogit(1);

  INPUT ---    mlogit(1);

  INPUT ---    mlogit(1);

  INPUT ---    mlogit(1);

  INPUT ---    mlogit(1);

  INPUT ---    mlogit(1);


  Program  MARK  - Survival Rate Estimation with Capture-Recapture Data
   gfortran(dble) Vers. 9.0 Mar 2018    25-Mar-2020 14:22:18    Page  005
 - - - - - - - - - - - - - - - - - - - - - - - - - - - - - - - - - - - - - -
 
  INPUT ---    mlogit(1);

  INPUT ---    mlogit(1);

  INPUT ---    mlogit(1);

  INPUT ---    mlogit(1);

  INPUT ---    mlogit(1);

  INPUT ---    mlogit(1);

  INPUT ---    mlogit(1);

  INPUT ---    mlogit(1);

  INPUT ---    mlogit(1);

  INPUT ---    mlogit(1);

  INPUT ---    mlogit(1);

  INPUT ---    mlogit(1);

  INPUT ---    mlogit(1);

  INPUT ---    mlogit(1);

  INPUT ---    mlogit(1);

  INPUT ---    mlogit(1);

  INPUT ---    mlogit(1);

  INPUT ---    mlogit(1);

  INPUT ---    mlogit(1);

  INPUT ---    mlogit(1);

  INPUT ---    mlogit(1);

  INPUT ---    mlogit(1);

  INPUT ---    mlogit(1);


  Program  MARK  - Survival Rate Estimation with Capture-Recapture Data
   gfortran(dble) Vers. 9.0 Mar 2018    25-Mar-2020 14:22:18    Page  006
 - - - - - - - - - - - - - - - - - - - - - - - - - - - - - - - - - - - - - -
 
  INPUT ---    mlogit(2);

  INPUT ---    mlogit(2);

  INPUT ---    mlogit(2);

  INPUT ---    mlogit(2);

  INPUT ---    mlogit(2);

  INPUT ---    mlogit(2);

  INPUT ---    mlogit(2);

  INPUT ---    mlogit(2);

  INPUT ---    mlogit(2);

  INPUT ---    mlogit(2);

  INPUT ---    mlogit(2);

  INPUT ---    mlogit(2);

  INPUT ---    mlogit(2);

  INPUT ---    mlogit(2);

  INPUT ---    mlogit(2);

  INPUT ---    mlogit(2);

  INPUT ---    mlogit(2);

  INPUT ---    mlogit(2);

  INPUT ---    mlogit(2);

  INPUT ---    mlogit(2);

  INPUT ---    mlogit(2);

  INPUT ---    mlogit(2);

  INPUT ---    mlogit(2);


  Program  MARK  - Survival Rate Estimation with Capture-Recapture Data
   gfortran(dble) Vers. 9.0 Mar 2018    25-Mar-2020 14:22:18    Page  007
 - - - - - - - - - - - - - - - - - - - - - - - - - - - - - - - - - - - - - -
 
  INPUT ---    mlogit(2);

  INPUT ---    mlogit(2);

  INPUT ---    mlogit(2);

  INPUT ---    mlogit(2);

  INPUT ---    mlogit(2);

  INPUT ---    mlogit(2);

  INPUT ---    mlogit(2);

  INPUT ---    mlogit(2);

  INPUT ---    mlogit(2);
  INPUT ---       blabel(1)=Phi:(Intercept);
  INPUT ---       blabel(2)=Phi:sexM;
  INPUT ---       blabel(3)=p:(Intercept);
  INPUT ---       blabel(4)=pent:(Intercept);
  INPUT ---       blabel(5)=N:(Intercept);
  INPUT ---       blabel(6)=N:sexM;
  INPUT ---       rlabel(1)=Phi gF a0 t1;
  INPUT ---       rlabel(2)=Phi gM a0 t1;
  INPUT ---       rlabel(3)=p gF a0 t1;
  INPUT ---       rlabel(4)=N gF a0 t1;
  INPUT ---       rlabel(5)=N gM a0 t1;
  INPUT ---       rlabel(6)=pent gF a0.00547945205479452 t1.00547945205479;
  INPUT ---       rlabel(7)=pent gF a0.00821917808219178 t1.00821917808219;
  INPUT ---       rlabel(8)=pent gF a0.010958904109589 t1.01095890410959;
  INPUT ---       rlabel(9)=pent gF a0.0164383561643836 t1.01643835616438;
  INPUT ---       rlabel(10)=pent gF a0.0246575342465753 t1.02465753424658;
  INPUT ---       rlabel(11)=pent gF a0.0273972602739726 t1.02739726027397;
  INPUT ---       rlabel(12)=pent gF a0.0301369863013699 t1.03013698630137;
  INPUT ---       rlabel(13)=pent gF a0.0356164383561644 t1.03561643835616;
  INPUT ---       rlabel(14)=pent gF a0.0410958904109589 t1.04109589041096;
  INPUT ---       rlabel(15)=pent gF a0.0493150684931507 t1.04931506849315;
  INPUT ---       rlabel(16)=pent gF a0.0520547945205479 t1.05205479452055;
  INPUT ---       rlabel(17)=pent gF a0.0657534246575342 t1.06575342465753;
  INPUT ---       rlabel(18)=pent gF a0.0712328767123288 t1.07123287671233;
  INPUT ---       rlabel(19)=pent gF a0.0986301369863014 t1.0986301369863;
  INPUT ---       rlabel(20)=pent gF a0.101369863013699 t1.1013698630137;
  INPUT ---       rlabel(21)=pent gF a0.106849315068493 t1.10684931506849;
  INPUT ---       rlabel(22)=pent gF a0.10958904109589 t1.10958904109589;
  INPUT ---       rlabel(23)=pent gF a0.120547945205479 t1.12054794520548;

  Program  MARK  - Survival Rate Estimation with Capture-Recapture Data
   gfortran(dble) Vers. 9.0 Mar 2018    25-Mar-2020 14:22:19    Page  008
 - - - - - - - - - - - - - - - - - - - - - - - - - - - - - - - - - - - - - -
 
  INPUT ---       rlabel(24)=pent gF a0.350684931506849 t1.35068493150685;
  INPUT ---       rlabel(25)=pent gF a0.358904109589041 t1.35890410958904;
  INPUT ---       rlabel(26)=pent gF a0.613698630136986 t1.61369863013699;
  INPUT ---       rlabel(27)=pent gF a0.638356164383562 t1.63835616438356;
  INPUT ---       rlabel(28)=pent gF a0.646575342465753 t1.64657534246575;
  INPUT ---       rlabel(29)=pent gF a0.649315068493151 t1.64931506849315;
  INPUT ---       rlabel(30)=pent gF a0.652054794520548 t1.65205479452055;
  INPUT ---       rlabel(31)=pent gF a0.704109589041096 t1.7041095890411;
  INPUT ---       rlabel(32)=pent gF a0.706849315068493 t1.70684931506849;
  INPUT ---       rlabel(33)=pent gF a0.70958904109589 t1.70958904109589;
  INPUT ---       rlabel(34)=pent gF a0.827397260273973 t1.82739726027397;
  INPUT ---       rlabel(35)=pent gF a1.4027397260274 t2.4027397260274;
  INPUT ---       rlabel(36)=pent gF a1.40547945205479 t2.40547945205479;
  INPUT ---       rlabel(37)=pent gF a1.40821917808219 t2.40821917808219;
  INPUT ---       rlabel(38)=pent gM a0.00547945205479452 t1.00547945205479;
  INPUT ---       rlabel(39)=pent gM a0.00821917808219178 t1.00821917808219;
  INPUT ---       rlabel(40)=pent gM a0.010958904109589 t1.01095890410959;
  INPUT ---       rlabel(41)=pent gM a0.0164383561643836 t1.01643835616438;
  INPUT ---       rlabel(42)=pent gM a0.0246575342465753 t1.02465753424658;
  INPUT ---       rlabel(43)=pent gM a0.0273972602739726 t1.02739726027397;
  INPUT ---       rlabel(44)=pent gM a0.0301369863013699 t1.03013698630137;
  INPUT ---       rlabel(45)=pent gM a0.0356164383561644 t1.03561643835616;
  INPUT ---       rlabel(46)=pent gM a0.0410958904109589 t1.04109589041096;
  INPUT ---       rlabel(47)=pent gM a0.0493150684931507 t1.04931506849315;
  INPUT ---       rlabel(48)=pent gM a0.0520547945205479 t1.05205479452055;
  INPUT ---       rlabel(49)=pent gM a0.0657534246575342 t1.06575342465753;
  INPUT ---       rlabel(50)=pent gM a0.0712328767123288 t1.07123287671233;
  INPUT ---       rlabel(51)=pent gM a0.0986301369863014 t1.0986301369863;
  INPUT ---       rlabel(52)=pent gM a0.101369863013699 t1.1013698630137;
  INPUT ---       rlabel(53)=pent gM a0.106849315068493 t1.10684931506849;
  INPUT ---       rlabel(54)=pent gM a0.10958904109589 t1.10958904109589;
  INPUT ---       rlabel(55)=pent gM a0.120547945205479 t1.12054794520548;
  INPUT ---       rlabel(56)=pent gM a0.350684931506849 t1.35068493150685;
  INPUT ---       rlabel(57)=pent gM a0.358904109589041 t1.35890410958904;
  INPUT ---       rlabel(58)=pent gM a0.613698630136986 t1.61369863013699;
  INPUT ---       rlabel(59)=pent gM a0.638356164383562 t1.63835616438356;
  INPUT ---       rlabel(60)=pent gM a0.646575342465753 t1.64657534246575;
  INPUT ---       rlabel(61)=pent gM a0.649315068493151 t1.64931506849315;
  INPUT ---       rlabel(62)=pent gM a0.652054794520548 t1.65205479452055;
  INPUT ---       rlabel(63)=pent gM a0.704109589041096 t1.7041095890411;
  INPUT ---       rlabel(64)=pent gM a0.706849315068493 t1.70684931506849;
  INPUT ---       rlabel(65)=pent gM a0.70958904109589 t1.70958904109589;
  INPUT ---       rlabel(66)=pent gM a0.827397260273973 t1.82739726027397;
  INPUT ---       rlabel(67)=pent gM a1.4027397260274 t2.4027397260274;
  INPUT ---       rlabel(68)=pent gM a1.40547945205479 t2.40547945205479;
  INPUT ---       rlabel(69)=pent gM a1.40821917808219 t2.40821917808219;

  Program  MARK  - Survival Rate Estimation with Capture-Recapture Data
   gfortran(dble) Vers. 9.0 Mar 2018    25-Mar-2020 14:22:19    Page  009
 - - - - - - - - - - - - - - - - - - - - - - - - - - - - - - - - - - - - - -
 

 Link Function Used is PARM-SPECIFIC

 Variance Estimation Procedure Used is 2ndPart 

 M(t+1):
      16     29



 Group: 1

 U(t)+UL(t):
       0    2    2    0    1    0    3    1    1    0    0    0    0    0    1
       0    0    0    2    1    1    0    0    0    1    0    0    0    0    0
       0    0    0

 U(t):
       0    2    2    0    1    0    3    1    1    0    0    0    0    0    1
       0    0    0    2    1    1    0    0    0    1    0    0    0    0    0
       0    0    0

 UL(t):
       0    0    0    0    0    0    0    0    0    0    0    0    0    0    0
       0    0    0    0    0    0    0    0    0    0    0    0    0    0    0
       0    0    0

 Not Released(t):
       0    0    0    0    0    0    0    0    0    0    0    0    0    0    0
       0    0    0    0    0    0    0    0    0    0    0    0    0    0    0
       0    0    0

 Group: 2

 U(t)+UL(t):
       3    0    1    1    1    1    1    0    1    1    2    1    3    3    1
       1    0    2    3    1    0    0    1    0    0    0    0    0    0    1
       0    0    0

 U(t):
       3    0    1    1    1    1    1    0    1    1    2    1    3    3    1
       1    0    2    3    1    0    0    1    0    0    0    0    0    0    1
       0    0    0

 UL(t):
       0    0    0    0    0    0    0    0    0    0    0    0    0    0    0
       0    0    0    0    0    0    0    0    0    0    0    0    0    0    0
       0    0    0

 Not Released(t):
       0    0    0    0    0    0    0    0    0    0    0    0    0    0    0
       0    0    0    0    0    0    0    0    0    0    0    0    0    0    0
       0    0    0
 -2logL(saturated) = 272.93564     
 Effective Sample Size = 103

 Number of function evaluations was 29 for 6 parameters.
 Time for numerical optimization was 0.02 seconds.     
 -2logL { Phi(~sex)p(~1)pent(~1)N(~sex) } = 553.04940     
 Penalty { Phi(~sex)p(~1)pent(~1)N(~sex) } = 0.0000000     
 Gradient { Phi(~sex)p(~1)pent(~1)N(~sex) }:
   0.000000     -0.3904921E-05   0.000000       0.000000      0.2664959E-05
   0.000000    
 Maximum ABS(G) { Phi(~sex)p(~1)pent(~1)N(~sex) } = 0.3904921E-05 
 S Vector { Phi(~sex)p(~1)pent(~1)N(~sex) }:
   82.20866      8.396839      2.801800      1.696785     0.4487286    
  0.3801880    
 Time to compute number of parameters was 0.03 seconds.     
 Ratio Threshold = 50.000000       Max Gap (1/2) = 9.7904296       Next Max Gap (1/2) = 9.7904296     
 Gap Method for Num. of Estimated Parameters { Phi(~sex)p(~1)pent(~1)N(~sex) } = 6          
 Threshold { Phi(~sex)p(~1)pent(~1)N(~sex) } = 0.7809842E-05                 
 Numerical Threshold Method for Num. of Estimated Parameters { Phi(~sex)p(~1)pent(~1)N(~sex) } = 6          
 Number of Estimated Parameters { Phi(~sex)p(~1)pent(~1)N(~sex) } = 6          
 DEVIANCE { Phi(~sex)p(~1)pent(~1)N(~sex) } = 280.11376                     
 DEVIANCE Degrees of Freedom { Phi(~sex)p(~1)pent(~1)N(~sex) } = 35            
 c-hat { Phi(~sex)p(~1)pent(~1)N(~sex) } = 8.0032503                     
 AIC { Phi(~sex)p(~1)pent(~1)N(~sex) } = 565.04940                  
 AICc { Phi(~sex)p(~1)pent(~1)N(~sex) } = 565.92440                    
 BIC { Phi(~sex)p(~1)pent(~1)N(~sex) } = 580.85778                    
 Pearson Chisquare { Phi(~sex)p(~1)pent(~1)N(~sex) } = 23267705.                  


              PARM-SPECIFIC Link Function Parameters of { Phi(~sex)p(~1)pent(~1)N(~sex) }
                                                              95% Confidence Interval
 Parameter                    Beta         Standard Error      Lower           Upper
 -------------------------  --------------  --------------  --------------  --------------
    1:Phi:(Intercept)       -1.7598708       1.0102088      -3.7398801       0.2201384    
    2:Phi:sexM               2.9075795       1.3544990       0.2527613       5.5623976    
    3:p:(Intercept)         -2.4803223       0.1758494      -2.8249872      -2.1356574    
    4:pent:(Intercept)      -4.5743905       1.4177330      -7.3531473      -1.7956338    
    5:N:(Intercept)          1.8628566       0.6777979       0.5343726       3.1913405    
    6:N:sexM                -0.1370153       0.7621199      -1.6307703       1.3567397    


              Real Function Parameters of { Phi(~sex)p(~1)pent(~1)N(~sex) }
                                                               95% Confidence Interval
  Parameter                  Estimate       Standard Error      Lower           Upper
 --------------------------  --------------  --------------  --------------  --------------
     1:Phi gF a0 t1           0.1468065       0.1265331       0.0232057       0.5548134                          
     2:Phi gM a0 t1           0.7590921       0.2181601       0.2331669       0.9702848                          
     3:p gF a0 t1             0.0772492       0.0125349       0.0559888       0.1056791                          
     4:N gF a0 t1             22.442113       4.3664507       17.930470       37.497775                          
     5:N gM a0 t1             34.617244       4.2814231       30.490887       50.164205                          
     6:pent gF a0.005479452   0.0077538       0.0082653       0.9506622E-03   0.0603031                          
     7:pent gF a0.008219178   0.0077538       0.0082653       0.9506622E-03   0.0603031                          

  Program  MARK  - Survival Rate Estimation with Capture-Recapture Data
   gfortran(dble) Vers. 9.0 Mar 2018    25-Mar-2020 14:22:19    Page  010
 - - - - - - - - - - - - - - - - - - - - - - - - - - - - - - - - - - - - - -
 
     8:pent gF a0.010958904   0.0077538       0.0082653       0.9506622E-03   0.0603031                          
     9:pent gF a0.016438356   0.0077538       0.0082653       0.9506622E-03   0.0603031                          
    10:pent gF a0.024657534   0.0077538       0.0082653       0.9506622E-03   0.0603031                          
    11:pent gF a0.027397260   0.0077538       0.0082653       0.9506622E-03   0.0603031                          
    12:pent gF a0.030136986   0.0077538       0.0082653       0.9506622E-03   0.0603031                          
    13:pent gF a0.035616438   0.0077538       0.0082653       0.9506622E-03   0.0603031                          
    14:pent gF a0.041095890   0.0077538       0.0082653       0.9506622E-03   0.0603031                          
    15:pent gF a0.049315068   0.0077538       0.0082653       0.9506622E-03   0.0603031                          
    16:pent gF a0.052054794   0.0077538       0.0082653       0.9506622E-03   0.0603031                          
    17:pent gF a0.065753424   0.0077538       0.0082653       0.9506622E-03   0.0603031                          
    18:pent gF a0.071232876   0.0077538       0.0082653       0.9506622E-03   0.0603031                          
    19:pent gF a0.098630136   0.0077538       0.0082653       0.9506622E-03   0.0603031                          
    20:pent gF a0.101369863   0.0077538       0.0082653       0.9506622E-03   0.0603031                          
    21:pent gF a0.106849315   0.0077538       0.0082653       0.9506622E-03   0.0603031                          
    22:pent gF a0.109589041   0.0077538       0.0082653       0.9506622E-03   0.0603031                          
    23:pent gF a0.120547945   0.0077538       0.0082653       0.9506622E-03   0.0603031                          
    24:pent gF a0.350684931   0.0077538       0.0082653       0.9506622E-03   0.0603031                          
    25:pent gF a0.358904109   0.0077538       0.0082653       0.9506622E-03   0.0603031                          
    26:pent gF a0.613698630   0.0077538       0.0082653       0.9506622E-03   0.0603031                          
    27:pent gF a0.638356164   0.0077538       0.0082653       0.9506622E-03   0.0603031                          
    28:pent gF a0.646575342   0.0077538       0.0082653       0.9506622E-03   0.0603031                          
    29:pent gF a0.649315068   0.0077538       0.0082653       0.9506622E-03   0.0603031                          
    30:pent gF a0.652054794   0.0077538       0.0082653       0.9506622E-03   0.0603031                          
    31:pent gF a0.704109589   0.0077538       0.0082653       0.9506622E-03   0.0603031                          
    32:pent gF a0.706849315   0.0077538       0.0082653       0.9506622E-03   0.0603031                          
    33:pent gF a0.709589041   0.0077538       0.0082653       0.9506622E-03   0.0603031                          
    34:pent gF a0.827397260   0.0077538       0.0082653       0.9506622E-03   0.0603031                          
    35:pent gF a1.402739726   0.0077538       0.0082653       0.9506622E-03   0.0603031                          
    36:pent gF a1.405479452   0.0077538       0.0082653       0.9506622E-03   0.0603031                          
    37:pent gF a1.408219178   0.0077538       0.0082653       0.9506622E-03   0.0603031                          
    38:pent gM a0.005479452   0.0077538       0.0082653       0.9506622E-03   0.0603031                          
    39:pent gM a0.008219178   0.0077538       0.0082653       0.9506622E-03   0.0603031                          
    40:pent gM a0.010958904   0.0077538       0.0082653       0.9506622E-03   0.0603031                          
    41:pent gM a0.016438356   0.0077538       0.0082653       0.9506622E-03   0.0603031                          
    42:pent gM a0.024657534   0.0077538       0.0082653       0.9506622E-03   0.0603031                          
    43:pent gM a0.027397260   0.0077538       0.0082653       0.9506622E-03   0.0603031                          
    44:pent gM a0.030136986   0.0077538       0.0082653       0.9506622E-03   0.0603031                          
    45:pent gM a0.035616438   0.0077538       0.0082653       0.9506622E-03   0.0603031                          
    46:pent gM a0.041095890   0.0077538       0.0082653       0.9506622E-03   0.0603031                          
    47:pent gM a0.049315068   0.0077538       0.0082653       0.9506622E-03   0.0603031                          
    48:pent gM a0.052054794   0.0077538       0.0082653       0.9506622E-03   0.0603031                          
    49:pent gM a0.065753424   0.0077538       0.0082653       0.9506622E-03   0.0603031                          
    50:pent gM a0.071232876   0.0077538       0.0082653       0.9506622E-03   0.0603031                          
    51:pent gM a0.098630136   0.0077538       0.0082653       0.9506622E-03   0.0603031                          
    52:pent gM a0.101369863   0.0077538       0.0082653       0.9506622E-03   0.0603031                          
    53:pent gM a0.106849315   0.0077538       0.0082653       0.9506622E-03   0.0603031                          

  Program  MARK  - Survival Rate Estimation with Capture-Recapture Data
   gfortran(dble) Vers. 9.0 Mar 2018    25-Mar-2020 14:22:19    Page  011
 - - - - - - - - - - - - - - - - - - - - - - - - - - - - - - - - - - - - - -
 
    54:pent gM a0.109589041   0.0077538       0.0082653       0.9506622E-03   0.0603031                          
    55:pent gM a0.120547945   0.0077538       0.0082653       0.9506622E-03   0.0603031                          
    56:pent gM a0.350684931   0.0077538       0.0082653       0.9506622E-03   0.0603031                          
    57:pent gM a0.358904109   0.0077538       0.0082653       0.9506622E-03   0.0603031                          
    58:pent gM a0.613698630   0.0077538       0.0082653       0.9506622E-03   0.0603031                          
    59:pent gM a0.638356164   0.0077538       0.0082653       0.9506622E-03   0.0603031                          
    60:pent gM a0.646575342   0.0077538       0.0082653       0.9506622E-03   0.0603031                          
    61:pent gM a0.649315068   0.0077538       0.0082653       0.9506622E-03   0.0603031                          
    62:pent gM a0.652054794   0.0077538       0.0082653       0.9506622E-03   0.0603031                          
    63:pent gM a0.704109589   0.0077538       0.0082653       0.9506622E-03   0.0603031                          
    64:pent gM a0.706849315   0.0077538       0.0082653       0.9506622E-03   0.0603031                          
    65:pent gM a0.709589041   0.0077538       0.0082653       0.9506622E-03   0.0603031                          
    66:pent gM a0.827397260   0.0077538       0.0082653       0.9506622E-03   0.0603031                          
    67:pent gM a1.402739726   0.0077538       0.0082653       0.9506622E-03   0.0603031                          
    68:pent gM a1.405479452   0.0077538       0.0082653       0.9506622E-03   0.0603031                          
    69:pent gM a1.408219178   0.0077538       0.0082653       0.9506622E-03   0.0603031                          


                      Estimates of Derived Parameters
  Gross Birth+Immigration Estimates of { Phi(~sex)p(~1)pent(~1)N(~sex) }
                                                95% Confidence Interval
 Grp. Occ.   B*-hat          Standard Error      Lower           Upper
 ---- ----   --------------  --------------  --------------  --------------
   1     1    0.1749281       0.2079957       0.0277844       1.1013320    
   1     2    0.1744695       0.2073518       0.0277277       1.0978061    
   1     3    0.1744695       0.2073518       0.0277277       1.0978061    
   1     4    0.1749281       0.2079957       0.0277844       1.1013320    
   1     5    0.1753874       0.2086410       0.0278412       1.1048664    
   1     6    0.1744695       0.2073518       0.0277277       1.0978061    
   1     7    0.1744695       0.2073518       0.0277277       1.0978061    
   1     8    0.1749281       0.2079957       0.0277844       1.1013320    
   1     9    0.1749281       0.2079957       0.0277844       1.1013320    
   1    10    0.1753874       0.2086410       0.0278412       1.1048664    
   1    11    0.1744695       0.2073518       0.0277277       1.0978061    
   1    12    0.1763086       0.2099361       0.0279549       1.1119603    
   1    13    0.1749281       0.2079957       0.0277844       1.1013320    
   1    14    0.1786254       0.2131993       0.0282402       1.1298424    
   1    15    0.1744695       0.2073518       0.0277277       1.0978061    
   1    16    0.1749281       0.2079957       0.0277844       1.1013320    
   1    17    0.1744695       0.2073518       0.0277277       1.0978061    
   1    18    0.1758476       0.2092879       0.0278980       1.1084091    
   1    19    0.2152473       0.2657393       0.0326481       1.4191144    
   1    20    0.1753874       0.2086410       0.0278412       1.1048664    
   1    21    0.2199972       0.2726675       0.0332084       1.4574248    
   1    22    0.1781604       0.2125438       0.0281830       1.1262491    

  Program  MARK  - Survival Rate Estimation with Capture-Recapture Data
   gfortran(dble) Vers. 9.0 Mar 2018    25-Mar-2020 14:22:19    Page  012
 - - - - - - - - - - - - - - - - - - - - - - - - - - - - - - - - - - - - - -
 
   1    23    0.1753874       0.2086410       0.0278412       1.1048664    
   1    24    0.1744695       0.2073518       0.0277277       1.0978061    
   1    25    0.1744695       0.2073518       0.0277277       1.0978061    
   1    26    0.1828461       0.2191648       0.0287578       1.1625610    
   1    27    0.1744695       0.2073518       0.0277277       1.0978061    
   1    28    0.1744695       0.2073518       0.0277277       1.0978061    
   1    29    0.1944181       0.2356489       0.0301627       1.2531501    
   1    30    0.2873767       0.3728995       0.0409913       2.0147061    
   1    31    0.1744695       0.2073518       0.0277277       1.0978061    
   1    32    0.1744695       0.2073518       0.0277277       1.0978061    
   2     1    0.2686181       0.3101497       0.0442222       1.6316609    
   2     2    0.2685168       0.3099804       0.0442146       1.6307103    
   2     3    0.2685168       0.3099804       0.0442146       1.6307103    
   2     4    0.2686181       0.3101497       0.0442222       1.6316609    
   2     5    0.2687196       0.3103192       0.0442299       1.6326119    
   2     6    0.2685168       0.3099804       0.0442146       1.6307103    
   2     7    0.2685168       0.3099804       0.0442146       1.6307103    
   2     8    0.2686181       0.3101497       0.0442222       1.6316609    
   2     9    0.2686181       0.3101497       0.0442222       1.6316609    
   2    10    0.2687196       0.3103192       0.0442299       1.6326119    
   2    11    0.2685168       0.3099804       0.0442146       1.6307103    
   2    12    0.2689225       0.3106583       0.0442451       1.6345156    
   2    13    0.2686181       0.3101497       0.0442222       1.6316609    
   2    14    0.2694301       0.3115075       0.0442831       1.6392839    
   2    15    0.2685168       0.3099804       0.0442146       1.6307103    
   2    16    0.2686181       0.3101497       0.0442222       1.6316609    
   2    17    0.2685168       0.3099804       0.0442146       1.6307103    
   2    18    0.2688210       0.3104887       0.0442375       1.6335635    
   2    19    0.2770186       0.3243184       0.0448407       1.7113757    
   2    20    0.2687196       0.3103192       0.0442299       1.6326119    
   2    21    0.2779511       0.3259074       0.0449079       1.7203381    
   2    22    0.2693286       0.3113375       0.0442755       1.6383292    
   2    23    0.2687196       0.3103192       0.0442299       1.6326119    
   2    24    0.2685168       0.3099804       0.0442146       1.6307103    
   2    25    0.2685168       0.3099804       0.0442146       1.6307103    
   2    26    0.2703456       0.3130414       0.0443515       1.6478995    
   2    27    0.2685168       0.3099804       0.0442146       1.6307103    
   2    28    0.2685168       0.3099804       0.0442146       1.6307103    
   2    29    0.2727969       0.3171645       0.0445330       1.6710807    
   2    30    0.2902607       0.3471713       0.0457716       1.8406883    
   2    31    0.2685168       0.3099804       0.0442146       1.6307103    
   2    32    0.2685168       0.3099804       0.0442146       1.6307103    

   Net Birth+Immigration Estimates of { Phi(~sex)p(~1)pent(~1)N(~sex) }
                                                95% Confidence Interval
 Grp. Occ.   B-hat           Standard Error      Lower           Upper
 ---- ----   --------------  --------------  --------------  --------------
   1     1    0.1740118       0.2067093       0.0276710       1.0942886    
   1     2    0.1740118       0.2067093       0.0276710       1.0942886    
   1     3    0.1740118       0.2067093       0.0276710       1.0942886    
   1     4    0.1740118       0.2067093       0.0276710       1.0942886    
   1     5    0.1740118       0.2067093       0.0276710       1.0942886    
   1     6    0.1740118       0.2067093       0.0276710       1.0942886    
   1     7    0.1740118       0.2067093       0.0276710       1.0942886    
   1     8    0.1740118       0.2067093       0.0276710       1.0942886    
   1     9    0.1740118       0.2067093       0.0276710       1.0942886    
   1    10    0.1740118       0.2067093       0.0276710       1.0942886    
   1    11    0.1740118       0.2067093       0.0276710       1.0942886    
   1    12    0.1740118       0.2067093       0.0276710       1.0942886    
   1    13    0.1740118       0.2067093       0.0276710       1.0942886    
   1    14    0.1740118       0.2067093       0.0276710       1.0942886    
   1    15    0.1740118       0.2067093       0.0276710       1.0942886    
   1    16    0.1740118       0.2067093       0.0276710       1.0942886    
   1    17    0.1740118       0.2067093       0.0276710       1.0942886    
   1    18    0.1740118       0.2067093       0.0276710       1.0942886    
   1    19    0.1740118       0.2067093       0.0276710       1.0942886    
   1    20    0.1740118       0.2067093       0.0276710       1.0942886    
   1    21    0.1740118       0.2067093       0.0276710       1.0942886    
   1    22    0.1740118       0.2067093       0.0276710       1.0942886    
   1    23    0.1740118       0.2067093       0.0276710       1.0942886    
   1    24    0.1740118       0.2067093       0.0276710       1.0942886    
   1    25    0.1740118       0.2067093       0.0276710       1.0942886    
   1    26    0.1740118       0.2067093       0.0276710       1.0942886    
   1    27    0.1740118       0.2067093       0.0276710       1.0942886    
   1    28    0.1740118       0.2067093       0.0276710       1.0942886    
   1    29    0.1740118       0.2067093       0.0276710       1.0942886    
   1    30    0.1740118       0.2067093       0.0276710       1.0942886    
   1    31    0.1740118       0.2067093       0.0276710       1.0942886    
   1    32    0.1740118       0.2067093       0.0276710       1.0942886    
   2     1    0.2684154       0.3098111       0.0442070       1.6297603    
   2     2    0.2684154       0.3098111       0.0442070       1.6297603    
   2     3    0.2684154       0.3098111       0.0442070       1.6297603    
   2     4    0.2684154       0.3098111       0.0442070       1.6297603    
   2     5    0.2684154       0.3098111       0.0442070       1.6297603    
   2     6    0.2684154       0.3098111       0.0442070       1.6297603    
   2     7    0.2684154       0.3098111       0.0442070       1.6297603    
   2     8    0.2684154       0.3098111       0.0442070       1.6297603    
   2     9    0.2684154       0.3098111       0.0442070       1.6297603    
   2    10    0.2684154       0.3098111       0.0442070       1.6297603    
   2    11    0.2684154       0.3098111       0.0442070       1.6297603    
   2    12    0.2684154       0.3098111       0.0442070       1.6297603    
   2    13    0.2684154       0.3098111       0.0442070       1.6297603    
   2    14    0.2684154       0.3098111       0.0442070       1.6297603    
   2    15    0.2684154       0.3098111       0.0442070       1.6297603    
   2    16    0.2684154       0.3098111       0.0442070       1.6297603    
   2    17    0.2684154       0.3098111       0.0442070       1.6297603    
   2    18    0.2684154       0.3098111       0.0442070       1.6297603    
   2    19    0.2684154       0.3098111       0.0442070       1.6297603    
   2    20    0.2684154       0.3098111       0.0442070       1.6297603    
   2    21    0.2684154       0.3098111       0.0442070       1.6297603    
   2    22    0.2684154       0.3098111       0.0442070       1.6297603    
   2    23    0.2684154       0.3098111       0.0442070       1.6297603    
   2    24    0.2684154       0.3098111       0.0442070       1.6297603    
   2    25    0.2684154       0.3098111       0.0442070       1.6297603    
   2    26    0.2684154       0.3098111       0.0442070       1.6297603    
   2    27    0.2684154       0.3098111       0.0442070       1.6297603    
   2    28    0.2684154       0.3098111       0.0442070       1.6297603    
   2    29    0.2684154       0.3098111       0.0442070       1.6297603    
   2    30    0.2684154       0.3098111       0.0442070       1.6297603    
   2    31    0.2684154       0.3098111       0.0442070       1.6297603    
   2    32    0.2684154       0.3098111       0.0442070       1.6297603    

        Population Estimates of { Phi(~sex)p(~1)pent(~1)N(~sex) }
                                                95% Confidence Interval
 Grp. Occ.   N-hat           Standard Error      Lower           Upper
 ---- ----   --------------  --------------  --------------  --------------
   1     1    16.873736       4.8727514       9.6895702       29.384477    
   1     2    16.871281       4.6850796       9.8888304       28.784004    
   1     3    16.956841       4.5185432       10.148391       28.333010    
   1     4    17.041952       4.3566527       10.407503       27.905650    

  Program  MARK  - Survival Rate Estimation with Capture-Recapture Data
   gfortran(dble) Vers. 9.0 Mar 2018    25-Mar-2020 14:22:19    Page  013
 - - - - - - - - - - - - - - - - - - - - - - - - - - - - - - - - - - - - - -
 
   1     5    17.037739       4.1850740       10.601752       27.380809    
   1     6    16.945179       4.0062458       10.728234       26.764806    
   1     7    17.030352       3.8598453       10.982730       26.408085    
   1     8    17.115077       3.7198080       11.233240       26.076703    
   1     9    17.110099       3.5750770       11.410147       25.657470    
   1    10    17.105173       3.4382499       11.580272       25.265981    
   1    11    17.011558       3.3002027       11.671663       24.794505    
   1    12    17.096383       3.1900038       11.896880       24.568316    
   1    13    16.826908       3.0564716       11.820631       23.953445    
   1    14    16.824944       2.9572429       11.952966       23.682719    
   1    15    16.137387       2.8326619       11.469585       22.704854    
   1    16    16.226795       2.7580718       11.656820       22.588396    
   1    17    16.231106       2.6933145       11.750576       22.420077    
   1    18    16.320022       2.6441614       11.904178       22.373920    
   1    19    16.154468       2.6005243       11.807022       22.102682    
   1    20    10.561964       2.9525108       6.1695783       18.081477    
   1    21    10.570724       2.9031084       6.2311182       17.932609    
   1    22    6.6573104       2.9946744       2.8700682       15.442066    
   1    23    6.5237059       2.9202989       2.8230085       15.075668    
   1    24    6.5956481       2.8668872       2.9184444       14.906082    
   1    25    6.7350805       2.8298985       3.0557594       14.844529    
   1    26    6.8737819       2.8074266       3.1831442       14.843461    
   1    27    6.3944481       2.7697613       2.8368015       14.413757    
   1    28    6.5349353       2.7677529       2.9477294       14.487551    
   1    29    6.6746860       2.7803374       3.0474849       14.619083    
   1    30    5.4983617       2.6693817       2.2317244       13.546467    
   1    31    1.9971790       1.6725566       0.4785140       8.3356468    
   1    32    2.1607201       1.6602231       0.5685712       8.2113045    
   1    33    2.3234038       1.6733705       0.6544462       8.2485088    
   2     1    26.027952       7.3351398       15.139807       44.746560    
   2     2    26.257087       7.0554895       15.649210       44.055554    
   2     3    26.505681       6.7759317       16.187056       43.402034    
   2     4    26.754088       6.4989456       16.733006       42.776607    
   2     5    26.982127       6.2275625       17.264580       42.169297    
   2     6    27.189484       5.9624786       17.779604       41.579558    
   2     7    27.437375       5.6947809       18.345404       41.035323    
   2     8    27.685079       5.4311493       18.916088       40.519138    
   2     9    27.911713       5.1755699       19.466162       40.021433    
   2    10    28.138005       4.9252366       20.017975       39.551819    
   2    11    28.342746       4.6846384       20.544483       39.101070    
   2    12    28.589767       4.4431137       21.120883       38.699839    
   2    13    28.750437       4.2255000       21.587752       38.289657    
   2    14    28.975463       4.0043337       22.128415       37.941147    
   2    15    29.025892       3.8304930       22.435542       37.552132    
   2    16    29.272397       3.6248737       22.985329       37.279137    
   2    17    29.496635       3.4383515       23.489986       37.039252    

  Program  MARK  - Survival Rate Estimation with Capture-Recapture Data
   gfortran(dble) Vers. 9.0 Mar 2018    25-Mar-2020 14:22:19    Page  014
 - - - - - - - - - - - - - - - - - - - - - - - - - - - - - - - - - - - - - -
 
   2    18    29.742784       3.2633431       24.003045       36.855042    
   2    19    29.921494       3.1206931       24.403083       36.687814    
   2    20    28.350840       3.7323820       21.927263       36.656200    
   2    21    28.555100       3.6098024       22.310177       36.548063    
   2    22    26.886903       4.7597329       19.055158       37.937528    
   2    23    26.973204       4.7496701       19.150751       37.990873    
   2    24    27.180582       4.6676209       19.460015       37.964207    
   2    25    27.428479       4.5732392       19.826558       37.945137    
   2    26    27.676190       4.4972741       20.169124       37.977429    
   2    27    27.550343       4.7005107       19.766823       38.398756    
   2    28    27.797961       4.6551873       20.065424       38.510358    
   2    29    28.045393       4.6291106       20.337828       38.673945    
   2    30    27.417753       5.1995785       18.968303       39.631019    
   2    31    23.665416       7.8676990       12.546016       44.639822    
   2    32    23.915968       7.8021152       12.822888       44.605670    
   2    33    24.166329       7.7480041       13.090266       44.614180    

     Gross Population Estimates of { Phi(~sex)p(~1)pent(~1)N(~sex) }
                                                95% Confidence Interval
 Grp. Occ.   N*-hat          Standard Error      Lower           Upper
 ---- ----   --------------  --------------  --------------  --------------
   1     0    22.701785       4.6449826       15.264276       33.763215    
   2     0    34.670132       4.3550036       27.130021       44.305827    

   CPU Time for the last procedure was 0.06 seconds.     

  Program  MARK  - Survival Rate Estimation with Capture-Recapture Data
   gfortran(dble) Vers. 9.0 Mar 2018    25-Mar-2020 14:22:19    Page  015
 - - - - - - - - - - - - - - - - - - - - - - - - - - - - - - - - - - - - - -
 


  INPUT --- proc stop;

     CPU Time in minutes for this job was 0.00

     Time Start = 14:22:18.739   Time End = 14:22:19.130

     Wall Clock Time in minutes for this job was 0.01


          E X E C U T I O N   S U C C E S S F U L 
