
   Program  MARK  - Survival Rate Estimation with Capture-Recapture Data
   gfortran(dble) Vers. 9.0 Mar 2018    25-Mar-2020 14:32:25    Page  001
 - - - - - - - - - - - - - - - - - - - - - - - - - - - - - - - - - - - - - -
 
   This version was compiled by GCC version 7.2.0 using the options: 
     -cpp -iprefix C:/Program Files/mingw-w64/x86_64-7.2.0-posix-seh-rt_v5-rev1/
     mingw64/bin/../lib/gcc/x86_64-w64-mingw32/7.2.0/ -D_MT -D_REENTRANT
     -U_REENTRANT -D IEEE -D DBLEPRECISION -m64 -mtune=core2 -march=nocona -mthreads
     -O2 -fimplicit-none -fbounds-check -funroll-loops -ftree-vectorize
     -ffpe-summary=invalid,zero,overflow,underflow -fno-unsafe-math-optimizations
     -frounding-math -fsignaling-nans -fopenmp.

   This problem will use 15 of 16 possible threads.


  INPUT --- proc title ;

   CPU Time for the last procedure was 0.01 seconds.     


  INPUT --- proc chmatrix occasions= 30 groups= 2 etype= POPAN Nodes= 
  INPUT --- 101 ICMeans NoHist hist= 41  ;

  INPUT ---    time interval 0.00547945205479452 0.00273972602739726 
  INPUT ---    0.00273972602739726 0.00547945205479452  
  INPUT ---    0.00821917808219178 0.00273972602739726 0.00273972602739726 
  INPUT ---    0.00547945205479452  0.00547945205479452 
  INPUT ---    0.00821917808219178 0.00273972602739726 0.0136986301369863 
  INPUT ---    0.00547945205479452  0.0273972602739726 0.00273972602739726 
  INPUT ---    0.00547945205479452 0.00273972602739726 0.010958904109589  
  INPUT ---    0.23013698630137 0.00821917808219178 0.254794520547945 
  INPUT ---    0.0246575342465753 0.00821917808219178  0.00273972602739726 
  INPUT ---    0.00273972602739726 0.0520547945205479 0.00273972602739726 
  INPUT ---    0.00273972602739726  0.117808219178082 ;

  INPUT ---    glabel(1)=sexF;

  INPUT ---    glabel(2)=sexM;

   * *  WARNING  * *   At least a pair of the encounter histories are duplicates. 

      Number of unique encounter histories read was 38.

      Number of individual covariates read was 0.
      Time interval lengths vary and/or not equal to 1.

      Data type number is 19
      Data type is POPAN                                                                                               

   CPU Time for the last procedure was 0.01 seconds.     

  Program  MARK  - Survival Rate Estimation with Capture-Recapture Data
   gfortran(dble) Vers. 9.0 Mar 2018    25-Mar-2020 14:32:25    Page  002
 - - - - - - - - - - - - - - - - - - - - - - - - - - - - - - - - - - - - - -
 


  INPUT --- proc estimate link=Parm-Specific NOLOOP varest=2ndPart    ;


  INPUT --- model={ Phi(~sex)p(~sex)pent(~sex)N(~1) };

  INPUT ---    group=1 Phi    rows=1 cols=29 Square ;
  INPUT ---        1 1 1 1 1 1 1 1 1 1 1 1 1 1 1 1 1 1 1 1 1 1 1 1 1 1 1 1 1 ;

  INPUT ---    group=2 Phi    rows=1 cols=29 Square ;
  INPUT ---        2 2 2 2 2 2 2 2 2 2 2 2 2 2 2 2 2 2 2 2 2 2 2 2 2 2 2 2 2 ;

  INPUT ---    group=1 p    rows=1 cols=30 Square ;
  INPUT ---        3 3 3 3 3 3 3 3 3 3 3 3 3 3 3 3 3 3 3 3 3 3 3 3 3 3 3 3 3 
  INPUT ---       3 ;

  INPUT ---    group=2 p    rows=1 cols=30 Square ;
  INPUT ---        4 4 4 4 4 4 4 4 4 4 4 4 4 4 4 4 4 4 4 4 4 4 4 4 4 4 4 4 4 
  INPUT ---       4 ;

  INPUT ---    group=1 pent    rows=1 cols=29 Square ;
  INPUT ---        6 7 8 9 10 11 12 13 14 15 16 17 18 19 20 21 22 23 24 25 26 
  INPUT ---       27 28 29 30 31 32 33 34 ;

  INPUT ---    group=2 pent    rows=1 cols=29 Square ;
  INPUT ---        35 36 37 38 39 40 41 42 43 44 45 46 47 48 49 50 51 52 53 
  INPUT ---       54 55 56 57 58 59 60 61 62 63 ;

  INPUT ---    group=1 N    rows=1 cols=1 Square ;
  INPUT ---        5 ;

  INPUT ---    group=2 N    rows=1 cols=1 Square ;
  INPUT ---        5 ;

  INPUT ---    design matrix constraints=63 covariates=7;
  INPUT ---        1 0 0 0 0 0 0;
  INPUT ---        1 1 0 0 0 0 0;
  INPUT ---        0 0 1 0 0 0 0;
  INPUT ---        0 0 1 1 0 0 0;
  INPUT ---        0 0 0 0 0 0 1;
  INPUT ---        0 0 0 0 1 0 0;
  INPUT ---        0 0 0 0 1 0 0;
  INPUT ---        0 0 0 0 1 0 0;
  INPUT ---        0 0 0 0 1 0 0;
  INPUT ---        0 0 0 0 1 0 0;

  Program  MARK  - Survival Rate Estimation with Capture-Recapture Data
   gfortran(dble) Vers. 9.0 Mar 2018    25-Mar-2020 14:32:25    Page  003
 - - - - - - - - - - - - - - - - - - - - - - - - - - - - - - - - - - - - - -
 
  INPUT ---        0 0 0 0 1 0 0;
  INPUT ---        0 0 0 0 1 0 0;
  INPUT ---        0 0 0 0 1 0 0;
  INPUT ---        0 0 0 0 1 0 0;
  INPUT ---        0 0 0 0 1 0 0;
  INPUT ---        0 0 0 0 1 0 0;
  INPUT ---        0 0 0 0 1 0 0;
  INPUT ---        0 0 0 0 1 0 0;
  INPUT ---        0 0 0 0 1 0 0;
  INPUT ---        0 0 0 0 1 0 0;
  INPUT ---        0 0 0 0 1 0 0;
  INPUT ---        0 0 0 0 1 0 0;
  INPUT ---        0 0 0 0 1 0 0;
  INPUT ---        0 0 0 0 1 0 0;
  INPUT ---        0 0 0 0 1 0 0;
  INPUT ---        0 0 0 0 1 0 0;
  INPUT ---        0 0 0 0 1 0 0;
  INPUT ---        0 0 0 0 1 0 0;
  INPUT ---        0 0 0 0 1 0 0;
  INPUT ---        0 0 0 0 1 0 0;
  INPUT ---        0 0 0 0 1 0 0;
  INPUT ---        0 0 0 0 1 0 0;
  INPUT ---        0 0 0 0 1 0 0;
  INPUT ---        0 0 0 0 1 0 0;
  INPUT ---        0 0 0 0 1 1 0;
  INPUT ---        0 0 0 0 1 1 0;
  INPUT ---        0 0 0 0 1 1 0;
  INPUT ---        0 0 0 0 1 1 0;
  INPUT ---        0 0 0 0 1 1 0;
  INPUT ---        0 0 0 0 1 1 0;
  INPUT ---        0 0 0 0 1 1 0;
  INPUT ---        0 0 0 0 1 1 0;
  INPUT ---        0 0 0 0 1 1 0;
  INPUT ---        0 0 0 0 1 1 0;
  INPUT ---        0 0 0 0 1 1 0;
  INPUT ---        0 0 0 0 1 1 0;
  INPUT ---        0 0 0 0 1 1 0;
  INPUT ---        0 0 0 0 1 1 0;
  INPUT ---        0 0 0 0 1 1 0;
  INPUT ---        0 0 0 0 1 1 0;
  INPUT ---        0 0 0 0 1 1 0;
  INPUT ---        0 0 0 0 1 1 0;
  INPUT ---        0 0 0 0 1 1 0;
  INPUT ---        0 0 0 0 1 1 0;
  INPUT ---        0 0 0 0 1 1 0;
  INPUT ---        0 0 0 0 1 1 0;

  Program  MARK  - Survival Rate Estimation with Capture-Recapture Data
   gfortran(dble) Vers. 9.0 Mar 2018    25-Mar-2020 14:32:25    Page  004
 - - - - - - - - - - - - - - - - - - - - - - - - - - - - - - - - - - - - - -
 
  INPUT ---        0 0 0 0 1 1 0;
  INPUT ---        0 0 0 0 1 1 0;
  INPUT ---        0 0 0 0 1 1 0;
  INPUT ---        0 0 0 0 1 1 0;
  INPUT ---        0 0 0 0 1 1 0;
  INPUT ---        0 0 0 0 1 1 0;
  INPUT ---        0 0 0 0 1 1 0;

  INPUT ---    links=63;

  INPUT ---    Logit;

  INPUT ---    Logit;

  INPUT ---    Logit;

  INPUT ---    Logit;

  INPUT ---    Log;

  INPUT ---    mlogit(1);

  INPUT ---    mlogit(1);

  INPUT ---    mlogit(1);

  INPUT ---    mlogit(1);

  INPUT ---    mlogit(1);

  INPUT ---    mlogit(1);

  INPUT ---    mlogit(1);

  INPUT ---    mlogit(1);

  INPUT ---    mlogit(1);

  INPUT ---    mlogit(1);

  INPUT ---    mlogit(1);

  INPUT ---    mlogit(1);

  INPUT ---    mlogit(1);


  Program  MARK  - Survival Rate Estimation with Capture-Recapture Data
   gfortran(dble) Vers. 9.0 Mar 2018    25-Mar-2020 14:32:25    Page  005
 - - - - - - - - - - - - - - - - - - - - - - - - - - - - - - - - - - - - - -
 
  INPUT ---    mlogit(1);

  INPUT ---    mlogit(1);

  INPUT ---    mlogit(1);

  INPUT ---    mlogit(1);

  INPUT ---    mlogit(1);

  INPUT ---    mlogit(1);

  INPUT ---    mlogit(1);

  INPUT ---    mlogit(1);

  INPUT ---    mlogit(1);

  INPUT ---    mlogit(1);

  INPUT ---    mlogit(1);

  INPUT ---    mlogit(1);

  INPUT ---    mlogit(1);

  INPUT ---    mlogit(1);

  INPUT ---    mlogit(1);

  INPUT ---    mlogit(1);

  INPUT ---    mlogit(2);

  INPUT ---    mlogit(2);

  INPUT ---    mlogit(2);

  INPUT ---    mlogit(2);

  INPUT ---    mlogit(2);

  INPUT ---    mlogit(2);

  INPUT ---    mlogit(2);


  Program  MARK  - Survival Rate Estimation with Capture-Recapture Data
   gfortran(dble) Vers. 9.0 Mar 2018    25-Mar-2020 14:32:25    Page  006
 - - - - - - - - - - - - - - - - - - - - - - - - - - - - - - - - - - - - - -
 
  INPUT ---    mlogit(2);

  INPUT ---    mlogit(2);

  INPUT ---    mlogit(2);

  INPUT ---    mlogit(2);

  INPUT ---    mlogit(2);

  INPUT ---    mlogit(2);

  INPUT ---    mlogit(2);

  INPUT ---    mlogit(2);

  INPUT ---    mlogit(2);

  INPUT ---    mlogit(2);

  INPUT ---    mlogit(2);

  INPUT ---    mlogit(2);

  INPUT ---    mlogit(2);

  INPUT ---    mlogit(2);

  INPUT ---    mlogit(2);

  INPUT ---    mlogit(2);

  INPUT ---    mlogit(2);

  INPUT ---    mlogit(2);

  INPUT ---    mlogit(2);

  INPUT ---    mlogit(2);

  INPUT ---    mlogit(2);

  INPUT ---    mlogit(2);
  INPUT ---       blabel(1)=Phi:(Intercept);
  INPUT ---       blabel(2)=Phi:sexM;
  INPUT ---       blabel(3)=p:(Intercept);

  Program  MARK  - Survival Rate Estimation with Capture-Recapture Data
   gfortran(dble) Vers. 9.0 Mar 2018    25-Mar-2020 14:32:25    Page  007
 - - - - - - - - - - - - - - - - - - - - - - - - - - - - - - - - - - - - - -
 
  INPUT ---       blabel(4)=p:sexM;
  INPUT ---       blabel(5)=pent:(Intercept);
  INPUT ---       blabel(6)=pent:sexM;
  INPUT ---       blabel(7)=N:(Intercept);
  INPUT ---       rlabel(1)=Phi gF a0 t1;
  INPUT ---       rlabel(2)=Phi gM a0 t1;
  INPUT ---       rlabel(3)=p gF a0 t1;
  INPUT ---       rlabel(4)=p gM a0 t1;
  INPUT ---       rlabel(5)=N gF a0 t1;
  INPUT ---       rlabel(6)=pent gF a0.00547945205479452 t1.00547945205479;
  INPUT ---       rlabel(7)=pent gF a0.00821917808219178 t1.00821917808219;
  INPUT ---       rlabel(8)=pent gF a0.010958904109589 t1.01095890410959;
  INPUT ---       rlabel(9)=pent gF a0.0164383561643836 t1.01643835616438;
  INPUT ---       rlabel(10)=pent gF a0.0246575342465753 t1.02465753424658;
  INPUT ---       rlabel(11)=pent gF a0.0273972602739726 t1.02739726027397;
  INPUT ---       rlabel(12)=pent gF a0.0301369863013699 t1.03013698630137;
  INPUT ---       rlabel(13)=pent gF a0.0356164383561644 t1.03561643835616;
  INPUT ---       rlabel(14)=pent gF a0.0410958904109589 t1.04109589041096;
  INPUT ---       rlabel(15)=pent gF a0.0493150684931507 t1.04931506849315;
  INPUT ---       rlabel(16)=pent gF a0.0520547945205479 t1.05205479452055;
  INPUT ---       rlabel(17)=pent gF a0.0657534246575342 t1.06575342465753;
  INPUT ---       rlabel(18)=pent gF a0.0712328767123288 t1.07123287671233;
  INPUT ---       rlabel(19)=pent gF a0.0986301369863014 t1.0986301369863;
  INPUT ---       rlabel(20)=pent gF a0.101369863013699 t1.1013698630137;
  INPUT ---       rlabel(21)=pent gF a0.106849315068493 t1.10684931506849;
  INPUT ---       rlabel(22)=pent gF a0.10958904109589 t1.10958904109589;
  INPUT ---       rlabel(23)=pent gF a0.120547945205479 t1.12054794520548;
  INPUT ---       rlabel(24)=pent gF a0.350684931506849 t1.35068493150685;
  INPUT ---       rlabel(25)=pent gF a0.358904109589041 t1.35890410958904;
  INPUT ---       rlabel(26)=pent gF a0.613698630136986 t1.61369863013699;
  INPUT ---       rlabel(27)=pent gF a0.638356164383562 t1.63835616438356;
  INPUT ---       rlabel(28)=pent gF a0.646575342465753 t1.64657534246575;
  INPUT ---       rlabel(29)=pent gF a0.649315068493151 t1.64931506849315;
  INPUT ---       rlabel(30)=pent gF a0.652054794520548 t1.65205479452055;
  INPUT ---       rlabel(31)=pent gF a0.704109589041096 t1.7041095890411;
  INPUT ---       rlabel(32)=pent gF a0.706849315068493 t1.70684931506849;
  INPUT ---       rlabel(33)=pent gF a0.70958904109589 t1.70958904109589;
  INPUT ---       rlabel(34)=pent gF a0.827397260273973 t1.82739726027397;
  INPUT ---       rlabel(35)=pent gM a0.00547945205479452 t1.00547945205479;
  INPUT ---       rlabel(36)=pent gM a0.00821917808219178 t1.00821917808219;
  INPUT ---       rlabel(37)=pent gM a0.010958904109589 t1.01095890410959;
  INPUT ---       rlabel(38)=pent gM a0.0164383561643836 t1.01643835616438;
  INPUT ---       rlabel(39)=pent gM a0.0246575342465753 t1.02465753424658;
  INPUT ---       rlabel(40)=pent gM a0.0273972602739726 t1.02739726027397;
  INPUT ---       rlabel(41)=pent gM a0.0301369863013699 t1.03013698630137;
  INPUT ---       rlabel(42)=pent gM a0.0356164383561644 t1.03561643835616;

  Program  MARK  - Survival Rate Estimation with Capture-Recapture Data
   gfortran(dble) Vers. 9.0 Mar 2018    25-Mar-2020 14:32:25    Page  008
 - - - - - - - - - - - - - - - - - - - - - - - - - - - - - - - - - - - - - -
 
  INPUT ---       rlabel(43)=pent gM a0.0410958904109589 t1.04109589041096;
  INPUT ---       rlabel(44)=pent gM a0.0493150684931507 t1.04931506849315;
  INPUT ---       rlabel(45)=pent gM a0.0520547945205479 t1.05205479452055;
  INPUT ---       rlabel(46)=pent gM a0.0657534246575342 t1.06575342465753;
  INPUT ---       rlabel(47)=pent gM a0.0712328767123288 t1.07123287671233;
  INPUT ---       rlabel(48)=pent gM a0.0986301369863014 t1.0986301369863;
  INPUT ---       rlabel(49)=pent gM a0.101369863013699 t1.1013698630137;
  INPUT ---       rlabel(50)=pent gM a0.106849315068493 t1.10684931506849;
  INPUT ---       rlabel(51)=pent gM a0.10958904109589 t1.10958904109589;
  INPUT ---       rlabel(52)=pent gM a0.120547945205479 t1.12054794520548;
  INPUT ---       rlabel(53)=pent gM a0.350684931506849 t1.35068493150685;
  INPUT ---       rlabel(54)=pent gM a0.358904109589041 t1.35890410958904;
  INPUT ---       rlabel(55)=pent gM a0.613698630136986 t1.61369863013699;
  INPUT ---       rlabel(56)=pent gM a0.638356164383562 t1.63835616438356;
  INPUT ---       rlabel(57)=pent gM a0.646575342465753 t1.64657534246575;
  INPUT ---       rlabel(58)=pent gM a0.649315068493151 t1.64931506849315;
  INPUT ---       rlabel(59)=pent gM a0.652054794520548 t1.65205479452055;
  INPUT ---       rlabel(60)=pent gM a0.704109589041096 t1.7041095890411;
  INPUT ---       rlabel(61)=pent gM a0.706849315068493 t1.70684931506849;
  INPUT ---       rlabel(62)=pent gM a0.70958904109589 t1.70958904109589;
  INPUT ---       rlabel(63)=pent gM a0.827397260273973 t1.82739726027397;

 Link Function Used is PARM-SPECIFIC

 Variance Estimation Procedure Used is 2ndPart 

 M(t+1):
      16     29



 Group: 1

 U(t)+UL(t):
       0    2    2    0    1    0    3    1    1    0    0    0    0    0    1
       0    0    0    2    1    1    0    0    0    1    0    0    0    0    0

 U(t):
       0    2    2    0    1    0    3    1    1    0    0    0    0    0    1
       0    0    0    2    1    1    0    0    0    1    0    0    0    0    0

 UL(t):
       0    0    0    0    0    0    0    0    0    0    0    0    0    0    0
       0    0    0    0    0    0    0    0    0    0    0    0    0    0    0

 Not Released(t):
       0    0    0    0    0    0    0    0    0    0    0    0    0    0    0
       0    0    0    0    0    0    0    0    0    0    0    0    0    0    0

 Group: 2

 U(t)+UL(t):
       3    0    1    1    1    1    1    0    1    1    2    1    3    3    1
       1    0    2    3    1    0    0    1    0    0    0    0    0    0    1

 U(t):
       3    0    1    1    1    1    1    0    1    1    2    1    3    3    1
       1    0    2    3    1    0    0    1    0    0    0    0    0    0    1

 UL(t):
       0    0    0    0    0    0    0    0    0    0    0    0    0    0    0
       0    0    0    0    0    0    0    0    0    0    0    0    0    0    0

 Not Released(t):
       0    0    0    0    0    0    0    0    0    0    0    0    0    0    0
       0    0    0    0    0    0    0    0    0    0    0    0    0    0    0
 -2logL(saturated) = 272.93564     
 Effective Sample Size = 98

 Number of function evaluations was 26 for 7 parameters.
 Time for numerical optimization was 0.06 seconds.     
 -2logL { Phi(~sex)p(~sex)pent(~sex)N(~1) } = 511.73856     
 Penalty { Phi(~sex)p(~sex)pent(~sex)N(~1) } = 0.0000000     
 Gradient { Phi(~sex)p(~sex)pent(~sex)N(~1) }:
  0.9873494E-05  0.4359100E-05 -0.4223209E-05 -0.1282072E-04  0.2815161E-05
  0.1465378E-04 -0.2571111E-05
 Maximum ABS(G) { Phi(~sex)p(~sex)pent(~sex)N(~1) } = 0.1465378E-04 
 S Vector { Phi(~sex)p(~sex)pent(~sex)N(~1) }:
   118.2002      12.12124      6.409965      2.389579     0.8423290    
  0.2869764     0.1310432    
 Time to compute number of parameters was 0.01 seconds.     
 Ratio Threshold = 50.000000       Max Gap (1/2) = 9.7514946       Next Max Gap (1/2) = 9.7514946     
 Gap Method for Num. of Estimated Parameters { Phi(~sex)p(~sex)pent(~sex)N(~1) } = 7          
 Threshold { Phi(~sex)p(~sex)pent(~sex)N(~1) } = 0.2930756E-04                 
 Numerical Threshold Method for Num. of Estimated Parameters { Phi(~sex)p(~sex)pent(~sex)N(~1) } = 7          
 Number of Estimated Parameters { Phi(~sex)p(~sex)pent(~sex)N(~1) } = 7          
 DEVIANCE { Phi(~sex)p(~sex)pent(~sex)N(~1) } = 238.80291                     
 DEVIANCE Degrees of Freedom { Phi(~sex)p(~sex)pent(~sex)N(~1) } = 34            
 c-hat { Phi(~sex)p(~sex)pent(~sex)N(~1) } = 7.0236151                     
 AIC { Phi(~sex)p(~sex)pent(~sex)N(~1) } = 525.73856                  
 AICc { Phi(~sex)p(~sex)pent(~sex)N(~1) } = 526.98300                    
 BIC { Phi(~sex)p(~sex)pent(~sex)N(~1) } = 543.83333                    
 Pearson Chisquare { Phi(~sex)p(~sex)pent(~sex)N(~1) } = 195830.22                  
 Possible Encounter Histories { Phi(~sex)p(~sex)pent(~sex)N(~1) } = 2147483646             
 Pearson Chisquare df { Phi(~sex)p(~sex)pent(~sex)N(~1) } = 2147483637        
 Pearson chat { Phi(~sex)p(~sex)pent(~sex)N(~1) } = 0.9119055E-04              
 Sum(Observed/Expected) { Phi(~sex)p(~sex)pent(~sex)N(~1) } = 195614.61                  
 Fletcher chat { Phi(~sex)p(~sex)pent(~sex)N(~1) } = 1.0011023                  

  Program  MARK  - Survival Rate Estimation with Capture-Recapture Data
   gfortran(dble) Vers. 9.0 Mar 2018    25-Mar-2020 14:32:25    Page  009
 - - - - - - - - - - - - - - - - - - - - - - - - - - - - - - - - - - - - - -
 


             PARM-SPECIFIC Link Function Parameters of { Phi(~sex)p(~sex)pent(~sex)N(~1) }
                                                              95% Confidence Interval
 Parameter                    Beta         Standard Error      Lower           Upper
 -------------------------  --------------  --------------  --------------  --------------
    1:Phi:(Intercept)       -1.3181443       1.2404436      -3.7494137       1.1131252    
    2:Phi:sexM               2.5004451       1.9716487      -1.3639865       6.3648767    
    3:p:(Intercept)         -2.6130795       0.3490766      -3.2972696      -1.9288893    
    4:p:sexM                 0.1901660       0.4118911      -0.6171405       0.9974726    
    5:pent:(Intercept)      -4.4202183       1.8433661      -8.0332159      -0.8072206    
    6:pent:sexM              0.5619305       1.8893185      -3.1411339       4.2649950    
    7:N:(Intercept)          1.9673536       0.5321495       0.9243406       3.0103666    


             Real Function Parameters of { Phi(~sex)p(~sex)pent(~sex)N(~1) }
                                                               95% Confidence Interval
  Parameter                  Estimate       Standard Error      Lower           Upper
 --------------------------  --------------  --------------  --------------  --------------
     1:Phi gF a0 t1           0.2111272       0.2065990       0.0229905       0.7527113                          
     2:Phi gM a0 t1           0.7653612       0.3067782       0.1028527       0.9893398                          
     3:p gF a0 t1             0.0683014       0.0222139       0.0356650       0.1268736                          
     4:p gM a0 t1             0.0814420       0.0162715       0.0547214       0.1195602                          
     5:N gF a0 t1             23.151725       3.8057866       18.687579       35.030948                          
     6:pent gF a0.005479452   0.0089195       0.0121889       0.6029278E-03   0.1183644                          
     7:pent gF a0.008219178   0.0089195       0.0121889       0.6029278E-03   0.1183644                          
     8:pent gF a0.010958904   0.0089195       0.0121889       0.6029278E-03   0.1183644                          
     9:pent gF a0.016438356   0.0089195       0.0121889       0.6029278E-03   0.1183644                          
    10:pent gF a0.024657534   0.0089195       0.0121889       0.6029278E-03   0.1183644                          
    11:pent gF a0.027397260   0.0089195       0.0121889       0.6029278E-03   0.1183644                          
    12:pent gF a0.030136986   0.0089195       0.0121889       0.6029278E-03   0.1183644                          
    13:pent gF a0.035616438   0.0089195       0.0121889       0.6029278E-03   0.1183644                          
    14:pent gF a0.041095890   0.0089195       0.0121889       0.6029278E-03   0.1183644                          
    15:pent gF a0.049315068   0.0089195       0.0121889       0.6029278E-03   0.1183644                          
    16:pent gF a0.052054794   0.0089195       0.0121889       0.6029278E-03   0.1183644                          
    17:pent gF a0.065753424   0.0089195       0.0121889       0.6029278E-03   0.1183644                          
    18:pent gF a0.071232876   0.0089195       0.0121889       0.6029278E-03   0.1183644                          
    19:pent gF a0.098630136   0.0089195       0.0121889       0.6029278E-03   0.1183644                          
    20:pent gF a0.101369863   0.0089195       0.0121889       0.6029278E-03   0.1183644                          
    21:pent gF a0.106849315   0.0089195       0.0121889       0.6029278E-03   0.1183644                          
    22:pent gF a0.109589041   0.0089195       0.0121889       0.6029278E-03   0.1183644                          
    23:pent gF a0.120547945   0.0089195       0.0121889       0.6029278E-03   0.1183644                          
    24:pent gF a0.350684931   0.0089195       0.0121889       0.6029278E-03   0.1183644                          
    25:pent gF a0.358904109   0.0089195       0.0121889       0.6029278E-03   0.1183644                          
    26:pent gF a0.613698630   0.0089195       0.0121889       0.6029278E-03   0.1183644                          
    27:pent gF a0.638356164   0.0089195       0.0121889       0.6029278E-03   0.1183644                          

  Program  MARK  - Survival Rate Estimation with Capture-Recapture Data
   gfortran(dble) Vers. 9.0 Mar 2018    25-Mar-2020 14:32:25    Page  010
 - - - - - - - - - - - - - - - - - - - - - - - - - - - - - - - - - - - - - -
 
    28:pent gF a0.646575342   0.0089195       0.0121889       0.6029278E-03   0.1183644                          
    29:pent gF a0.649315068   0.0089195       0.0121889       0.6029278E-03   0.1183644                          
    30:pent gF a0.652054794   0.0089195       0.0121889       0.6029278E-03   0.1183644                          
    31:pent gF a0.704109589   0.0089195       0.0121889       0.6029278E-03   0.1183644                          
    32:pent gF a0.706849315   0.0089195       0.0121889       0.6029278E-03   0.1183644                          
    33:pent gF a0.709589041   0.0089195       0.0121889       0.6029278E-03   0.1183644                          
    34:pent gF a0.827397260   0.0089195       0.0121889       0.6029278E-03   0.1183644                          
    35:pent gM a0.005479452   0.0130917       0.0094078       0.0031735       0.0523791                          
    36:pent gM a0.008219178   0.0130917       0.0094078       0.0031735       0.0523791                          
    37:pent gM a0.010958904   0.0130917       0.0094078       0.0031735       0.0523791                          
    38:pent gM a0.016438356   0.0130917       0.0094078       0.0031735       0.0523791                          
    39:pent gM a0.024657534   0.0130917       0.0094078       0.0031735       0.0523791                          
    40:pent gM a0.027397260   0.0130917       0.0094078       0.0031735       0.0523791                          
    41:pent gM a0.030136986   0.0130917       0.0094078       0.0031735       0.0523791                          
    42:pent gM a0.035616438   0.0130917       0.0094078       0.0031735       0.0523791                          
    43:pent gM a0.041095890   0.0130917       0.0094078       0.0031735       0.0523791                          
    44:pent gM a0.049315068   0.0130917       0.0094078       0.0031735       0.0523791                          
    45:pent gM a0.052054794   0.0130917       0.0094078       0.0031735       0.0523791                          
    46:pent gM a0.065753424   0.0130917       0.0094078       0.0031735       0.0523791                          
    47:pent gM a0.071232876   0.0130917       0.0094078       0.0031735       0.0523791                          
    48:pent gM a0.098630136   0.0130917       0.0094078       0.0031735       0.0523791                          
    49:pent gM a0.101369863   0.0130917       0.0094078       0.0031735       0.0523791                          
    50:pent gM a0.106849315   0.0130917       0.0094078       0.0031735       0.0523791                          
    51:pent gM a0.109589041   0.0130917       0.0094078       0.0031735       0.0523791                          
    52:pent gM a0.120547945   0.0130917       0.0094078       0.0031735       0.0523791                          
    53:pent gM a0.350684931   0.0130917       0.0094078       0.0031735       0.0523791                          
    54:pent gM a0.358904109   0.0130917       0.0094078       0.0031735       0.0523791                          
    55:pent gM a0.613698630   0.0130917       0.0094078       0.0031735       0.0523791                          
    56:pent gM a0.638356164   0.0130917       0.0094078       0.0031735       0.0523791                          
    57:pent gM a0.646575342   0.0130917       0.0094078       0.0031735       0.0523791                          
    58:pent gM a0.649315068   0.0130917       0.0094078       0.0031735       0.0523791                          
    59:pent gM a0.652054794   0.0130917       0.0094078       0.0031735       0.0523791                          
    60:pent gM a0.704109589   0.0130917       0.0094078       0.0031735       0.0523791                          
    61:pent gM a0.706849315   0.0130917       0.0094078       0.0031735       0.0523791                          
    62:pent gM a0.709589041   0.0130917       0.0094078       0.0031735       0.0523791                          
    63:pent gM a0.827397260   0.0130917       0.0094078       0.0031735       0.0523791                          


                      Estimates of Derived Parameters
 Gross Birth+Immigration Estimates of { Phi(~sex)p(~sex)pent(~sex)N(~1) }
                                                95% Confidence Interval
 Grp. Occ.   B*-hat          Standard Error      Lower           Upper
 ---- ----   --------------  --------------  --------------  --------------
   1     1    0.2073820       0.3009203       0.0257419       1.6707100    
   1     2    0.2069411       0.3001338       0.0257029       1.6661409    

  Program  MARK  - Survival Rate Estimation with Capture-Recapture Data
   gfortran(dble) Vers. 9.0 Mar 2018    25-Mar-2020 14:32:25    Page  011
 - - - - - - - - - - - - - - - - - - - - - - - - - - - - - - - - - - - - - -
 
   1     3    0.2069411       0.3001338       0.0257029       1.6661409    
   1     4    0.2073820       0.3009203       0.0257419       1.6707100    
   1     5    0.2078235       0.3017083       0.0257810       1.6752883    
   1     6    0.2069411       0.3001338       0.0257029       1.6661409    
   1     7    0.2069411       0.3001338       0.0257029       1.6661409    
   1     8    0.2073820       0.3009203       0.0257419       1.6707100    
   1     9    0.2073820       0.3009203       0.0257419       1.6707100    
   1    10    0.2078235       0.3017083       0.0257810       1.6752883    
   1    11    0.2069411       0.3001338       0.0257029       1.6661409    
   1    12    0.2087085       0.3032889       0.0258593       1.6844730    
   1    13    0.2073820       0.3009203       0.0257419       1.6707100    
   1    14    0.2109317       0.3072667       0.0260554       1.7075983    
   1    15    0.2069411       0.3001338       0.0257029       1.6661409    
   1    16    0.2073820       0.3009203       0.0257419       1.6707100    
   1    17    0.2069411       0.3001338       0.0257029       1.6661409    
   1    18    0.2082657       0.3024979       0.0258201       1.6798760    
   1    19    0.2456573       0.3705353       0.0290528       2.0771692    
   1    20    0.2078235       0.3017083       0.0257810       1.6752883    
   1    21    0.2501123       0.3787891       0.0294300       2.1255949    
   1    22    0.2104858       0.3064681       0.0260161       1.7029546    
   1    23    0.2078235       0.3017083       0.0257810       1.6752883    
   1    24    0.2069411       0.3001338       0.0257029       1.6661409    
   1    25    0.2069411       0.3001338       0.0257029       1.6661409    
   1    26    0.2149728       0.3145216       0.0264104       1.7498127    
   1    27    0.2069411       0.3001338       0.0257029       1.6661409    
   1    28    0.2069411       0.3001338       0.0257029       1.6661409    
   1    29    0.2259965       0.3344648       0.0273698       1.8660887    
   2     1    0.4736351       0.3724346       0.1215770       1.8451697    
   2     2    0.4734617       0.3721752       0.1215759       1.8438363    
   2     3    0.4734617       0.3721752       0.1215759       1.8438363    
   2     4    0.4736351       0.3724346       0.1215770       1.8451697    
   2     5    0.4738086       0.3726942       0.1215782       1.8465045    
   2     6    0.4734617       0.3721752       0.1215759       1.8438363    
   2     7    0.4734617       0.3721752       0.1215759       1.8438363    
   2     8    0.4736351       0.3724346       0.1215770       1.8451697    
   2     9    0.4736351       0.3724346       0.1215770       1.8451697    
   2    10    0.4738086       0.3726942       0.1215782       1.8465045    
   2    11    0.4734617       0.3721752       0.1215759       1.8438363    
   2    12    0.4741557       0.3732142       0.1215803       1.8491780    
   2    13    0.4736351       0.3724346       0.1215770       1.8451697    
   2    14    0.4750241       0.3745181       0.1215851       1.8558855    
   2    15    0.4734617       0.3721752       0.1215759       1.8438363    
   2    16    0.4736351       0.3724346       0.1215770       1.8451697    
   2    17    0.4734617       0.3721752       0.1215759       1.8438363    
   2    18    0.4739821       0.3729541       0.1215793       1.8478406    
   2    19    0.4880008       0.3944929       0.1215582       1.9591018    

  Program  MARK  - Survival Rate Estimation with Capture-Recapture Data
   gfortran(dble) Vers. 9.0 Mar 2018    25-Mar-2020 14:32:25    Page  012
 - - - - - - - - - - - - - - - - - - - - - - - - - - - - - - - - - - - - - -
 
   2    20    0.4738086       0.3726942       0.1215782       1.8465045    
   2    21    0.4895949       0.3970077       0.1215436       1.9721582    
   2    22    0.4748504       0.3742569       0.1215842       1.8545413    
   2    23    0.4738086       0.3726942       0.1215782       1.8465045    
   2    24    0.4734617       0.3721752       0.1215759       1.8438363    
   2    25    0.4734617       0.3721752       0.1215759       1.8438363    
   2    26    0.4765900       0.3768799       0.1215914       1.8680442    
   2    27    0.4734617       0.3721752       0.1215759       1.8438363    
   2    28    0.4734617       0.3721752       0.1215759       1.8438363    
   2    29    0.4807824       0.3832700       0.1215947       1.9010021    

  Net Birth+Immigration Estimates of { Phi(~sex)p(~sex)pent(~sex)N(~1) }
                                                95% Confidence Interval
 Grp. Occ.   B-hat           Standard Error      Lower           Upper
 ---- ----   --------------  --------------  --------------  --------------
   1     1    0.2065009       0.2993488       0.0256639       1.6615813    
   1     2    0.2065009       0.2993488       0.0256639       1.6615813    
   1     3    0.2065009       0.2993488       0.0256639       1.6615813    
   1     4    0.2065009       0.2993488       0.0256639       1.6615813    
   1     5    0.2065009       0.2993488       0.0256639       1.6615813    
   1     6    0.2065009       0.2993488       0.0256639       1.6615813    
   1     7    0.2065009       0.2993488       0.0256639       1.6615813    
   1     8    0.2065009       0.2993488       0.0256639       1.6615813    
   1     9    0.2065009       0.2993488       0.0256639       1.6615813    
   1    10    0.2065009       0.2993488       0.0256639       1.6615813    
   1    11    0.2065009       0.2993488       0.0256639       1.6615813    
   1    12    0.2065009       0.2993488       0.0256639       1.6615813    
   1    13    0.2065009       0.2993488       0.0256639       1.6615813    
   1    14    0.2065009       0.2993488       0.0256639       1.6615813    
   1    15    0.2065009       0.2993488       0.0256639       1.6615813    
   1    16    0.2065009       0.2993488       0.0256639       1.6615813    
   1    17    0.2065009       0.2993488       0.0256639       1.6615813    
   1    18    0.2065009       0.2993488       0.0256639       1.6615813    
   1    19    0.2065009       0.2993488       0.0256639       1.6615813    
   1    20    0.2065009       0.2993488       0.0256639       1.6615813    
   1    21    0.2065009       0.2993488       0.0256639       1.6615813    
   1    22    0.2065009       0.2993488       0.0256639       1.6615813    
   1    23    0.2065009       0.2993488       0.0256639       1.6615813    
   1    24    0.2065009       0.2993488       0.0256639       1.6615813    
   1    25    0.2065009       0.2993488       0.0256639       1.6615813    
   1    26    0.2065009       0.2993488       0.0256639       1.6615813    
   1    27    0.2065009       0.2993488       0.0256639       1.6615813    
   1    28    0.2065009       0.2993488       0.0256639       1.6615813    
   1    29    0.2065009       0.2993488       0.0256639       1.6615813    
   2     1    0.4732883       0.3719161       0.1215747       1.8425043    
   2     2    0.4732883       0.3719161       0.1215747       1.8425043    
   2     3    0.4732883       0.3719161       0.1215747       1.8425043    
   2     4    0.4732883       0.3719161       0.1215747       1.8425043    
   2     5    0.4732883       0.3719161       0.1215747       1.8425043    
   2     6    0.4732883       0.3719161       0.1215747       1.8425043    
   2     7    0.4732883       0.3719161       0.1215747       1.8425043    
   2     8    0.4732883       0.3719161       0.1215747       1.8425043    
   2     9    0.4732883       0.3719161       0.1215747       1.8425043    
   2    10    0.4732883       0.3719161       0.1215747       1.8425043    
   2    11    0.4732883       0.3719161       0.1215747       1.8425043    
   2    12    0.4732883       0.3719161       0.1215747       1.8425043    
   2    13    0.4732883       0.3719161       0.1215747       1.8425043    
   2    14    0.4732883       0.3719161       0.1215747       1.8425043    
   2    15    0.4732883       0.3719161       0.1215747       1.8425043    
   2    16    0.4732883       0.3719161       0.1215747       1.8425043    
   2    17    0.4732883       0.3719161       0.1215747       1.8425043    
   2    18    0.4732883       0.3719161       0.1215747       1.8425043    
   2    19    0.4732883       0.3719161       0.1215747       1.8425043    
   2    20    0.4732883       0.3719161       0.1215747       1.8425043    
   2    21    0.4732883       0.3719161       0.1215747       1.8425043    
   2    22    0.4732883       0.3719161       0.1215747       1.8425043    
   2    23    0.4732883       0.3719161       0.1215747       1.8425043    
   2    24    0.4732883       0.3719161       0.1215747       1.8425043    
   2    25    0.4732883       0.3719161       0.1215747       1.8425043    
   2    26    0.4732883       0.3719161       0.1215747       1.8425043    
   2    27    0.4732883       0.3719161       0.1215747       1.8425043    
   2    28    0.4732883       0.3719161       0.1215747       1.8425043    
   2    29    0.4732883       0.3719161       0.1215747       1.8425043    

       Population Estimates of { Phi(~sex)p(~sex)pent(~sex)N(~1) }
                                                95% Confidence Interval
 Grp. Occ.   N-hat           Standard Error      Lower           Upper
 ---- ----   --------------  --------------  --------------  --------------
   1     1    17.163200       7.3255616       7.6979257       38.266860    
   1     2    17.224055       7.0361495       7.9750590       37.199483    
   1     3    17.357319       6.7607907       8.3093071       36.257719    
   1     4    17.490016       6.4893665       8.6514349       35.358373    
   1     5    17.548098       6.2159134       8.9449019       34.425836    
   1     6    17.531705       5.9438962       9.1842496       33.466062    
   1     7    17.663660       5.6860590       9.5453913       32.686444    
   1     8    17.795055       5.4336891       9.9117913       31.948210    
   1     9    17.850548       5.1866827       10.216800       31.188049    
   1    10    17.905570       4.9475996       10.521942       30.470558    
   1    11    17.884636       4.7194825       10.755395       29.739512    
   1    12    18.015091       4.4948532       11.128893       29.162245    
   1    13    17.841833       4.2997620       11.199281       28.424237    
   1    14    17.896929       4.1005849       11.487752       27.881876    
   1    15    17.356847       3.9849226       11.131301       27.064235    
   1    16    17.489546       3.8011517       11.479072       26.647121    
   1    17    17.547631       3.6433598       11.731254       26.247780    
   1    18    17.679520       3.4900069       12.051473       25.935867    
   1    19    17.587238       3.3930638       12.091284       25.581315    
   1    20    12.502117       4.4473201       6.3556159       24.592884    
   1    21    12.549817       4.3346926       6.4993802       24.232758    
   1    22    8.6502431       4.7640711       3.1543391       23.721833    
   1    23    8.5312899       4.6491612       3.1401364       23.178263    
   1    24    8.6294273       4.5409836       3.2743964       22.742212    
   1    25    8.7992357       4.4463330       3.4556179       22.405993    
   1    26    8.9683221       4.3701579       3.6291884       22.162200    
   1    27    8.4773573       4.3509400       3.2859003       21.870897    
   1    28    8.6478123       4.3031784       3.4398264       21.740823    
   1    29    8.8175425       4.2752159       3.5827399       21.701005    
   1    30    7.5478067       4.2685081       2.6879163       21.194628    
   2     1    22.426364       8.6685638       10.792431       46.601345    
   2     2    22.866816       8.3250210       11.452445       45.657609    
   2     3    23.323358       7.9798197       12.150062       44.771706    
   2     4    23.779565       7.6370599       12.867890       43.944091    
   2     5    24.218036       7.3021746       13.584516       43.175132    
   2     6    24.638155       6.9764617       14.295928       42.462348    

  Program  MARK  - Survival Rate Estimation with Capture-Recapture Data
   gfortran(dble) Vers. 9.0 Mar 2018    25-Mar-2020 14:32:25    Page  013
 - - - - - - - - - - - - - - - - - - - - - - - - - - - - - - - - - - - - - -
 
   2     7    25.093399       6.6426962       15.067137       41.791529    
   2     8    25.548310       6.3127934       15.854088       41.170211    
   2     9    25.984191       5.9942888       16.629603       40.600980    
   2    10    26.419434       5.6812470       17.415747       40.077898    
   2    11    26.834720       5.3824764       18.182004       39.605216    
   2    12    27.288356       5.0744084       19.012207       39.167171    
   2    13    27.661867       4.8103795       19.722254       38.797739    
   2    14    28.094653       4.5289266       20.525063       38.455889    
   2    15    28.362866       4.3451036       21.042717       38.229482    
   2    16    28.815382       4.0768909       21.866927       37.971787    
   2    17    29.246480       3.8363414       22.640863       37.779329    
   2    18    29.698350       3.6022992       23.434712       37.636135    
   2    19    30.084735       3.4283338       24.080065       37.586744    
   2    20    28.762416       4.8046571       20.778293       39.814464    
   2    21    29.172558       4.6727637       21.354625       39.852638    
   2    22    27.724407       6.6709631       17.414860       44.137174    
   2    23    28.015492       6.7133589       17.630370       44.517945    
   2    24    28.427274       6.6324248       18.103468       44.638402    
   2    25    28.879743       6.5216341       18.653326       44.712646    
   2    26    29.331882       6.4296142       19.183863       44.848072    
   2    27    29.399704       6.7939739       18.801310       45.972466    
   2    28    29.851461       6.7327887       19.291056       46.192895    
   2    29    30.302887       6.6907714       19.759243       46.472680    
   2    30    29.836430       7.6713966       18.171014       48.990804    

    Gross Population Estimates of { Phi(~sex)p(~sex)pent(~sex)N(~1) }
                                                95% Confidence Interval
 Grp. Occ.   N*-hat          Standard Error      Lower           Upper
 ---- ----   --------------  --------------  --------------  --------------
   1     0    23.290270       3.9526219       16.739312       32.404955    
   2     0    36.204469       3.8664258       29.384260       44.607676    

   CPU Time for the last procedure was 0.08 seconds.     

  Program  MARK  - Survival Rate Estimation with Capture-Recapture Data
   gfortran(dble) Vers. 9.0 Mar 2018    25-Mar-2020 14:32:25    Page  014
 - - - - - - - - - - - - - - - - - - - - - - - - - - - - - - - - - - - - - -
 


  INPUT --- proc stop;

     CPU Time in minutes for this job was 0.00

     Time Start = 14:32:25.156   Time End = 14:32:25.677

     Wall Clock Time in minutes for this job was 0.01


          E X E C U T I O N   S U C C E S S F U L 
