
   Program  MARK  - Survival Rate Estimation with Capture-Recapture Data
   gfortran(dble) Vers. 9.0 Mar 2018    25-Mar-2020 14:19:49    Page  001
 - - - - - - - - - - - - - - - - - - - - - - - - - - - - - - - - - - - - - -
 
   This version was compiled by GCC version 7.2.0 using the options: 
     -cpp -iprefix C:/Program Files/mingw-w64/x86_64-7.2.0-posix-seh-rt_v5-rev1/
     mingw64/bin/../lib/gcc/x86_64-w64-mingw32/7.2.0/ -D_MT -D_REENTRANT
     -U_REENTRANT -D IEEE -D DBLEPRECISION -m64 -mtune=core2 -march=nocona -mthreads
     -O2 -fimplicit-none -fbounds-check -funroll-loops -ftree-vectorize
     -ffpe-summary=invalid,zero,overflow,underflow -fno-unsafe-math-optimizations
     -frounding-math -fsignaling-nans -fopenmp.

   This problem will use 15 of 16 possible threads.


  INPUT --- proc title ;

   CPU Time for the last procedure was 0.01 seconds.     


  INPUT --- proc chmatrix occasions= 33 groups= 2 etype= POPAN Nodes= 
  INPUT --- 101 ICMeans NoHist hist= 41  ;

  INPUT ---    time interval 0.00547945205479452 0.00273972602739726 
  INPUT ---    0.00273972602739726 0.00547945205479452  
  INPUT ---    0.00821917808219178 0.00273972602739726 0.00273972602739726 
  INPUT ---    0.00547945205479452  0.00547945205479452 
  INPUT ---    0.00821917808219178 0.00273972602739726 0.0136986301369863 
  INPUT ---    0.00547945205479452  0.0273972602739726 0.00273972602739726 
  INPUT ---    0.00547945205479452 0.00273972602739726 0.010958904109589  
  INPUT ---    0.23013698630137 0.00821917808219178 0.254794520547945 
  INPUT ---    0.0246575342465753 0.00821917808219178  0.00273972602739726 
  INPUT ---    0.00273972602739726 0.0520547945205479 0.00273972602739726 
  INPUT ---    0.00273972602739726  0.117808219178082 0.575342465753425 
  INPUT ---    0.00273972602739726 0.00273972602739726 ;

  INPUT ---    glabel(1)=sexF;

  INPUT ---    glabel(2)=sexM;

   * *  WARNING  * *   At least a pair of the encounter histories are duplicates. 

      Number of unique encounter histories read was 38.

      Number of individual covariates read was 0.
      Time interval lengths vary and/or not equal to 1.

      Data type number is 19
      Data type is POPAN                                                                                               

   CPU Time for the last procedure was 0.01 seconds.     

  Program  MARK  - Survival Rate Estimation with Capture-Recapture Data
   gfortran(dble) Vers. 9.0 Mar 2018    25-Mar-2020 14:19:49    Page  002
 - - - - - - - - - - - - - - - - - - - - - - - - - - - - - - - - - - - - - -
 


  INPUT --- proc estimate link=Parm-Specific NOLOOP varest=2ndPart    ;


  INPUT --- model={ Phi(~1)p(~sex)pent(~1)N(~sex) };

  INPUT ---    group=1 Phi    rows=1 cols=32 Square ;
  INPUT ---        1 1 1 1 1 1 1 1 1 1 1 1 1 1 1 1 1 1 1 1 1 1 1 1 1 1 1 1 1 
  INPUT ---       1 1 1 ;

  INPUT ---    group=2 Phi    rows=1 cols=32 Square ;
  INPUT ---        1 1 1 1 1 1 1 1 1 1 1 1 1 1 1 1 1 1 1 1 1 1 1 1 1 1 1 1 1 
  INPUT ---       1 1 1 ;

  INPUT ---    group=1 p    rows=1 cols=33 Square ;
  INPUT ---        2 2 2 2 2 2 2 2 2 2 2 2 2 2 2 2 2 2 2 2 2 2 2 2 2 2 2 2 2 
  INPUT ---       2 2 2 2 ;

  INPUT ---    group=2 p    rows=1 cols=33 Square ;
  INPUT ---        3 3 3 3 3 3 3 3 3 3 3 3 3 3 3 3 3 3 3 3 3 3 3 3 3 3 3 3 3 
  INPUT ---       3 3 3 3 ;

  INPUT ---    group=1 pent    rows=1 cols=32 Square ;
  INPUT ---        6 7 8 9 10 11 12 13 14 15 16 17 18 19 20 21 22 23 24 25 26 
  INPUT ---       27 28 29 30 31 32 33 34 35 36 37 ;

  INPUT ---    group=2 pent    rows=1 cols=32 Square ;
  INPUT ---        38 39 40 41 42 43 44 45 46 47 48 49 50 51 52 53 54 55 56 
  INPUT ---       57 58 59 60 61 62 63 64 65 66 67 68 69 ;

  INPUT ---    group=1 N    rows=1 cols=1 Square ;
  INPUT ---        4 ;

  INPUT ---    group=2 N    rows=1 cols=1 Square ;
  INPUT ---        5 ;

  INPUT ---    design matrix constraints=69 covariates=6;
  INPUT ---        1 0 0 0 0 0;
  INPUT ---        0 1 0 0 0 0;
  INPUT ---        0 1 1 0 0 0;
  INPUT ---        0 0 0 0 1 0;
  INPUT ---        0 0 0 0 1 1;
  INPUT ---        0 0 0 1 0 0;
  INPUT ---        0 0 0 1 0 0;
  INPUT ---        0 0 0 1 0 0;

  Program  MARK  - Survival Rate Estimation with Capture-Recapture Data
   gfortran(dble) Vers. 9.0 Mar 2018    25-Mar-2020 14:19:49    Page  003
 - - - - - - - - - - - - - - - - - - - - - - - - - - - - - - - - - - - - - -
 
  INPUT ---        0 0 0 1 0 0;
  INPUT ---        0 0 0 1 0 0;
  INPUT ---        0 0 0 1 0 0;
  INPUT ---        0 0 0 1 0 0;
  INPUT ---        0 0 0 1 0 0;
  INPUT ---        0 0 0 1 0 0;
  INPUT ---        0 0 0 1 0 0;
  INPUT ---        0 0 0 1 0 0;
  INPUT ---        0 0 0 1 0 0;
  INPUT ---        0 0 0 1 0 0;
  INPUT ---        0 0 0 1 0 0;
  INPUT ---        0 0 0 1 0 0;
  INPUT ---        0 0 0 1 0 0;
  INPUT ---        0 0 0 1 0 0;
  INPUT ---        0 0 0 1 0 0;
  INPUT ---        0 0 0 1 0 0;
  INPUT ---        0 0 0 1 0 0;
  INPUT ---        0 0 0 1 0 0;
  INPUT ---        0 0 0 1 0 0;
  INPUT ---        0 0 0 1 0 0;
  INPUT ---        0 0 0 1 0 0;
  INPUT ---        0 0 0 1 0 0;
  INPUT ---        0 0 0 1 0 0;
  INPUT ---        0 0 0 1 0 0;
  INPUT ---        0 0 0 1 0 0;
  INPUT ---        0 0 0 1 0 0;
  INPUT ---        0 0 0 1 0 0;
  INPUT ---        0 0 0 1 0 0;
  INPUT ---        0 0 0 1 0 0;
  INPUT ---        0 0 0 1 0 0;
  INPUT ---        0 0 0 1 0 0;
  INPUT ---        0 0 0 1 0 0;
  INPUT ---        0 0 0 1 0 0;
  INPUT ---        0 0 0 1 0 0;
  INPUT ---        0 0 0 1 0 0;
  INPUT ---        0 0 0 1 0 0;
  INPUT ---        0 0 0 1 0 0;
  INPUT ---        0 0 0 1 0 0;
  INPUT ---        0 0 0 1 0 0;
  INPUT ---        0 0 0 1 0 0;
  INPUT ---        0 0 0 1 0 0;
  INPUT ---        0 0 0 1 0 0;
  INPUT ---        0 0 0 1 0 0;
  INPUT ---        0 0 0 1 0 0;
  INPUT ---        0 0 0 1 0 0;
  INPUT ---        0 0 0 1 0 0;

  Program  MARK  - Survival Rate Estimation with Capture-Recapture Data
   gfortran(dble) Vers. 9.0 Mar 2018    25-Mar-2020 14:19:49    Page  004
 - - - - - - - - - - - - - - - - - - - - - - - - - - - - - - - - - - - - - -
 
  INPUT ---        0 0 0 1 0 0;
  INPUT ---        0 0 0 1 0 0;
  INPUT ---        0 0 0 1 0 0;
  INPUT ---        0 0 0 1 0 0;
  INPUT ---        0 0 0 1 0 0;
  INPUT ---        0 0 0 1 0 0;
  INPUT ---        0 0 0 1 0 0;
  INPUT ---        0 0 0 1 0 0;
  INPUT ---        0 0 0 1 0 0;
  INPUT ---        0 0 0 1 0 0;
  INPUT ---        0 0 0 1 0 0;
  INPUT ---        0 0 0 1 0 0;
  INPUT ---        0 0 0 1 0 0;
  INPUT ---        0 0 0 1 0 0;
  INPUT ---        0 0 0 1 0 0;

  INPUT ---    links=69;

  INPUT ---    Logit;

  INPUT ---    Logit;

  INPUT ---    Logit;

  INPUT ---    Log;

  INPUT ---    Log;

  INPUT ---    mlogit(1);

  INPUT ---    mlogit(1);

  INPUT ---    mlogit(1);

  INPUT ---    mlogit(1);

  INPUT ---    mlogit(1);

  INPUT ---    mlogit(1);

  INPUT ---    mlogit(1);

  INPUT ---    mlogit(1);

  INPUT ---    mlogit(1);


  Program  MARK  - Survival Rate Estimation with Capture-Recapture Data
   gfortran(dble) Vers. 9.0 Mar 2018    25-Mar-2020 14:19:49    Page  005
 - - - - - - - - - - - - - - - - - - - - - - - - - - - - - - - - - - - - - -
 
  INPUT ---    mlogit(1);

  INPUT ---    mlogit(1);

  INPUT ---    mlogit(1);

  INPUT ---    mlogit(1);

  INPUT ---    mlogit(1);

  INPUT ---    mlogit(1);

  INPUT ---    mlogit(1);

  INPUT ---    mlogit(1);

  INPUT ---    mlogit(1);

  INPUT ---    mlogit(1);

  INPUT ---    mlogit(1);

  INPUT ---    mlogit(1);

  INPUT ---    mlogit(1);

  INPUT ---    mlogit(1);

  INPUT ---    mlogit(1);

  INPUT ---    mlogit(1);

  INPUT ---    mlogit(1);

  INPUT ---    mlogit(1);

  INPUT ---    mlogit(1);

  INPUT ---    mlogit(1);

  INPUT ---    mlogit(1);

  INPUT ---    mlogit(1);

  INPUT ---    mlogit(1);


  Program  MARK  - Survival Rate Estimation with Capture-Recapture Data
   gfortran(dble) Vers. 9.0 Mar 2018    25-Mar-2020 14:19:49    Page  006
 - - - - - - - - - - - - - - - - - - - - - - - - - - - - - - - - - - - - - -
 
  INPUT ---    mlogit(2);

  INPUT ---    mlogit(2);

  INPUT ---    mlogit(2);

  INPUT ---    mlogit(2);

  INPUT ---    mlogit(2);

  INPUT ---    mlogit(2);

  INPUT ---    mlogit(2);

  INPUT ---    mlogit(2);

  INPUT ---    mlogit(2);

  INPUT ---    mlogit(2);

  INPUT ---    mlogit(2);

  INPUT ---    mlogit(2);

  INPUT ---    mlogit(2);

  INPUT ---    mlogit(2);

  INPUT ---    mlogit(2);

  INPUT ---    mlogit(2);

  INPUT ---    mlogit(2);

  INPUT ---    mlogit(2);

  INPUT ---    mlogit(2);

  INPUT ---    mlogit(2);

  INPUT ---    mlogit(2);

  INPUT ---    mlogit(2);

  INPUT ---    mlogit(2);


  Program  MARK  - Survival Rate Estimation with Capture-Recapture Data
   gfortran(dble) Vers. 9.0 Mar 2018    25-Mar-2020 14:19:49    Page  007
 - - - - - - - - - - - - - - - - - - - - - - - - - - - - - - - - - - - - - -
 
  INPUT ---    mlogit(2);

  INPUT ---    mlogit(2);

  INPUT ---    mlogit(2);

  INPUT ---    mlogit(2);

  INPUT ---    mlogit(2);

  INPUT ---    mlogit(2);

  INPUT ---    mlogit(2);

  INPUT ---    mlogit(2);

  INPUT ---    mlogit(2);
  INPUT ---       blabel(1)=Phi:(Intercept);
  INPUT ---       blabel(2)=p:(Intercept);
  INPUT ---       blabel(3)=p:sexM;
  INPUT ---       blabel(4)=pent:(Intercept);
  INPUT ---       blabel(5)=N:(Intercept);
  INPUT ---       blabel(6)=N:sexM;
  INPUT ---       rlabel(1)=Phi gF a0 t1;
  INPUT ---       rlabel(2)=p gF a0 t1;
  INPUT ---       rlabel(3)=p gM a0 t1;
  INPUT ---       rlabel(4)=N gF a0 t1;
  INPUT ---       rlabel(5)=N gM a0 t1;
  INPUT ---       rlabel(6)=pent gF a0.00547945205479452 t1.00547945205479;
  INPUT ---       rlabel(7)=pent gF a0.00821917808219178 t1.00821917808219;
  INPUT ---       rlabel(8)=pent gF a0.010958904109589 t1.01095890410959;
  INPUT ---       rlabel(9)=pent gF a0.0164383561643836 t1.01643835616438;
  INPUT ---       rlabel(10)=pent gF a0.0246575342465753 t1.02465753424658;
  INPUT ---       rlabel(11)=pent gF a0.0273972602739726 t1.02739726027397;
  INPUT ---       rlabel(12)=pent gF a0.0301369863013699 t1.03013698630137;
  INPUT ---       rlabel(13)=pent gF a0.0356164383561644 t1.03561643835616;
  INPUT ---       rlabel(14)=pent gF a0.0410958904109589 t1.04109589041096;
  INPUT ---       rlabel(15)=pent gF a0.0493150684931507 t1.04931506849315;
  INPUT ---       rlabel(16)=pent gF a0.0520547945205479 t1.05205479452055;
  INPUT ---       rlabel(17)=pent gF a0.0657534246575342 t1.06575342465753;
  INPUT ---       rlabel(18)=pent gF a0.0712328767123288 t1.07123287671233;
  INPUT ---       rlabel(19)=pent gF a0.0986301369863014 t1.0986301369863;
  INPUT ---       rlabel(20)=pent gF a0.101369863013699 t1.1013698630137;
  INPUT ---       rlabel(21)=pent gF a0.106849315068493 t1.10684931506849;
  INPUT ---       rlabel(22)=pent gF a0.10958904109589 t1.10958904109589;
  INPUT ---       rlabel(23)=pent gF a0.120547945205479 t1.12054794520548;

  Program  MARK  - Survival Rate Estimation with Capture-Recapture Data
   gfortran(dble) Vers. 9.0 Mar 2018    25-Mar-2020 14:19:49    Page  008
 - - - - - - - - - - - - - - - - - - - - - - - - - - - - - - - - - - - - - -
 
  INPUT ---       rlabel(24)=pent gF a0.350684931506849 t1.35068493150685;
  INPUT ---       rlabel(25)=pent gF a0.358904109589041 t1.35890410958904;
  INPUT ---       rlabel(26)=pent gF a0.613698630136986 t1.61369863013699;
  INPUT ---       rlabel(27)=pent gF a0.638356164383562 t1.63835616438356;
  INPUT ---       rlabel(28)=pent gF a0.646575342465753 t1.64657534246575;
  INPUT ---       rlabel(29)=pent gF a0.649315068493151 t1.64931506849315;
  INPUT ---       rlabel(30)=pent gF a0.652054794520548 t1.65205479452055;
  INPUT ---       rlabel(31)=pent gF a0.704109589041096 t1.7041095890411;
  INPUT ---       rlabel(32)=pent gF a0.706849315068493 t1.70684931506849;
  INPUT ---       rlabel(33)=pent gF a0.70958904109589 t1.70958904109589;
  INPUT ---       rlabel(34)=pent gF a0.827397260273973 t1.82739726027397;
  INPUT ---       rlabel(35)=pent gF a1.4027397260274 t2.4027397260274;
  INPUT ---       rlabel(36)=pent gF a1.40547945205479 t2.40547945205479;
  INPUT ---       rlabel(37)=pent gF a1.40821917808219 t2.40821917808219;
  INPUT ---       rlabel(38)=pent gM a0.00547945205479452 t1.00547945205479;
  INPUT ---       rlabel(39)=pent gM a0.00821917808219178 t1.00821917808219;
  INPUT ---       rlabel(40)=pent gM a0.010958904109589 t1.01095890410959;
  INPUT ---       rlabel(41)=pent gM a0.0164383561643836 t1.01643835616438;
  INPUT ---       rlabel(42)=pent gM a0.0246575342465753 t1.02465753424658;
  INPUT ---       rlabel(43)=pent gM a0.0273972602739726 t1.02739726027397;
  INPUT ---       rlabel(44)=pent gM a0.0301369863013699 t1.03013698630137;
  INPUT ---       rlabel(45)=pent gM a0.0356164383561644 t1.03561643835616;
  INPUT ---       rlabel(46)=pent gM a0.0410958904109589 t1.04109589041096;
  INPUT ---       rlabel(47)=pent gM a0.0493150684931507 t1.04931506849315;
  INPUT ---       rlabel(48)=pent gM a0.0520547945205479 t1.05205479452055;
  INPUT ---       rlabel(49)=pent gM a0.0657534246575342 t1.06575342465753;
  INPUT ---       rlabel(50)=pent gM a0.0712328767123288 t1.07123287671233;
  INPUT ---       rlabel(51)=pent gM a0.0986301369863014 t1.0986301369863;
  INPUT ---       rlabel(52)=pent gM a0.101369863013699 t1.1013698630137;
  INPUT ---       rlabel(53)=pent gM a0.106849315068493 t1.10684931506849;
  INPUT ---       rlabel(54)=pent gM a0.10958904109589 t1.10958904109589;
  INPUT ---       rlabel(55)=pent gM a0.120547945205479 t1.12054794520548;
  INPUT ---       rlabel(56)=pent gM a0.350684931506849 t1.35068493150685;
  INPUT ---       rlabel(57)=pent gM a0.358904109589041 t1.35890410958904;
  INPUT ---       rlabel(58)=pent gM a0.613698630136986 t1.61369863013699;
  INPUT ---       rlabel(59)=pent gM a0.638356164383562 t1.63835616438356;
  INPUT ---       rlabel(60)=pent gM a0.646575342465753 t1.64657534246575;
  INPUT ---       rlabel(61)=pent gM a0.649315068493151 t1.64931506849315;
  INPUT ---       rlabel(62)=pent gM a0.652054794520548 t1.65205479452055;
  INPUT ---       rlabel(63)=pent gM a0.704109589041096 t1.7041095890411;
  INPUT ---       rlabel(64)=pent gM a0.706849315068493 t1.70684931506849;
  INPUT ---       rlabel(65)=pent gM a0.70958904109589 t1.70958904109589;
  INPUT ---       rlabel(66)=pent gM a0.827397260273973 t1.82739726027397;
  INPUT ---       rlabel(67)=pent gM a1.4027397260274 t2.4027397260274;
  INPUT ---       rlabel(68)=pent gM a1.40547945205479 t2.40547945205479;
  INPUT ---       rlabel(69)=pent gM a1.40821917808219 t2.40821917808219;

  Program  MARK  - Survival Rate Estimation with Capture-Recapture Data
   gfortran(dble) Vers. 9.0 Mar 2018    25-Mar-2020 14:19:49    Page  009
 - - - - - - - - - - - - - - - - - - - - - - - - - - - - - - - - - - - - - -
 

 Link Function Used is PARM-SPECIFIC

 Variance Estimation Procedure Used is 2ndPart 

 M(t+1):
      16     29



 Group: 1

 U(t)+UL(t):
       0    2    2    0    1    0    3    1    1    0    0    0    0    0    1
       0    0    0    2    1    1    0    0    0    1    0    0    0    0    0
       0    0    0

 U(t):
       0    2    2    0    1    0    3    1    1    0    0    0    0    0    1
       0    0    0    2    1    1    0    0    0    1    0    0    0    0    0
       0    0    0

 UL(t):
       0    0    0    0    0    0    0    0    0    0    0    0    0    0    0
       0    0    0    0    0    0    0    0    0    0    0    0    0    0    0
       0    0    0

 Not Released(t):
       0    0    0    0    0    0    0    0    0    0    0    0    0    0    0
       0    0    0    0    0    0    0    0    0    0    0    0    0    0    0
       0    0    0

 Group: 2

 U(t)+UL(t):
       3    0    1    1    1    1    1    0    1    1    2    1    3    3    1
       1    0    2    3    1    0    0    1    0    0    0    0    0    0    1
       0    0    0

 U(t):
       3    0    1    1    1    1    1    0    1    1    2    1    3    3    1
       1    0    2    3    1    0    0    1    0    0    0    0    0    0    1
       0    0    0

 UL(t):
       0    0    0    0    0    0    0    0    0    0    0    0    0    0    0
       0    0    0    0    0    0    0    0    0    0    0    0    0    0    0
       0    0    0

 Not Released(t):
       0    0    0    0    0    0    0    0    0    0    0    0    0    0    0
       0    0    0    0    0    0    0    0    0    0    0    0    0    0    0
       0    0    0
 -2logL(saturated) = 272.93564     
 Effective Sample Size = 103

 Number of function evaluations was 23 for 6 parameters.
 Time for numerical optimization was 0.16 seconds.     
 -2logL { Phi(~1)p(~sex)pent(~1)N(~sex) } = 557.52385     
 Penalty { Phi(~1)p(~sex)pent(~1)N(~sex) } = 0.0000000     
 Gradient { Phi(~1)p(~sex)pent(~1)N(~sex) }:
  0.5697786E-05  0.3982704E-05  0.5408487E-05  0.3690251E-05 -0.5700013E-05
 -0.7202885E-05
 Maximum ABS(G) { Phi(~1)p(~sex)pent(~1)N(~sex) } = 0.7202885E-05 
 S Vector { Phi(~1)p(~sex)pent(~1)N(~sex) }:
   129.5781      12.30476      6.999289      2.773341     0.8294100    
  0.1680601    
 Time to compute number of parameters was 0.03 seconds.     
 Ratio Threshold = 50.000000       Max Gap (1/2) = 10.530729       Next Max Gap (1/2) = 10.530729     
 Gap Method for Num. of Estimated Parameters { Phi(~1)p(~sex)pent(~1)N(~sex) } = 6          
 Threshold { Phi(~1)p(~sex)pent(~1)N(~sex) } = 0.1440577E-04                 
 Numerical Threshold Method for Num. of Estimated Parameters { Phi(~1)p(~sex)pent(~1)N(~sex) } = 6          
 Number of Estimated Parameters { Phi(~1)p(~sex)pent(~1)N(~sex) } = 6          
 DEVIANCE { Phi(~1)p(~sex)pent(~1)N(~sex) } = 284.58820                     
 DEVIANCE Degrees of Freedom { Phi(~1)p(~sex)pent(~1)N(~sex) } = 35            
 c-hat { Phi(~1)p(~sex)pent(~1)N(~sex) } = 8.1310916                     
 AIC { Phi(~1)p(~sex)pent(~1)N(~sex) } = 569.52385                  
 AICc { Phi(~1)p(~sex)pent(~1)N(~sex) } = 570.39885                    
 BIC { Phi(~1)p(~sex)pent(~1)N(~sex) } = 585.33222                    
 Pearson Chisquare { Phi(~1)p(~sex)pent(~1)N(~sex) } = 25765808.                  


              PARM-SPECIFIC Link Function Parameters of { Phi(~1)p(~sex)pent(~1)N(~sex) }
                                                              95% Confidence Interval
 Parameter                    Beta         Standard Error      Lower           Upper
 -------------------------  --------------  --------------  --------------  --------------
    1:Phi:(Intercept)        0.3390103       0.7538340      -1.1385043       1.8165249    
    2:p:(Intercept)         -2.8312638       0.2878313      -3.3954131      -2.2671144    
    3:p:sexM                 0.4106338       0.3061070      -0.1893360       1.0106035    
    4:pent:(Intercept)      -5.2023379       2.3385991      -9.7859923      -0.6186835    
    5:N:(Intercept)          1.6769743       0.8276674       0.0547460       3.2992025    
    6:N:sexM                -0.0592137       0.9216673      -1.8656816       1.7472543    


              Real Function Parameters of { Phi(~1)p(~sex)pent(~1)N(~sex) }
                                                               95% Confidence Interval
  Parameter                  Estimate       Standard Error      Lower           Upper
 --------------------------  --------------  --------------  --------------  --------------
     1:Phi gF a0 t1           0.5839501       0.1831458       0.2425951       0.8601486                          
     2:p gF a0 t1             0.0556579       0.0151285       0.0324391       0.0938834                          
     3:p gM a0 t1             0.0816130       0.0145551       0.0572569       0.1150652                          
     4:N gF a0 t1             21.349346       4.4274793       17.298453       38.038142                          
     5:N gM a0 t1             34.041787       4.4204123       30.147603       51.150177                          
     6:pent gF a0.005479452   0.0046795       0.0093048       0.9368634E-04   0.1908852                          
     7:pent gF a0.008219178   0.0046795       0.0093048       0.9368634E-04   0.1908852                          

  Program  MARK  - Survival Rate Estimation with Capture-Recapture Data
   gfortran(dble) Vers. 9.0 Mar 2018    25-Mar-2020 14:19:49    Page  010
 - - - - - - - - - - - - - - - - - - - - - - - - - - - - - - - - - - - - - -
 
     8:pent gF a0.010958904   0.0046795       0.0093048       0.9368634E-04   0.1908852                          
     9:pent gF a0.016438356   0.0046795       0.0093048       0.9368634E-04   0.1908852                          
    10:pent gF a0.024657534   0.0046795       0.0093048       0.9368634E-04   0.1908852                          
    11:pent gF a0.027397260   0.0046795       0.0093048       0.9368634E-04   0.1908852                          
    12:pent gF a0.030136986   0.0046795       0.0093048       0.9368634E-04   0.1908852                          
    13:pent gF a0.035616438   0.0046795       0.0093048       0.9368634E-04   0.1908852                          
    14:pent gF a0.041095890   0.0046795       0.0093048       0.9368634E-04   0.1908852                          
    15:pent gF a0.049315068   0.0046795       0.0093048       0.9368634E-04   0.1908852                          
    16:pent gF a0.052054794   0.0046795       0.0093048       0.9368634E-04   0.1908852                          
    17:pent gF a0.065753424   0.0046795       0.0093048       0.9368634E-04   0.1908852                          
    18:pent gF a0.071232876   0.0046795       0.0093048       0.9368634E-04   0.1908852                          
    19:pent gF a0.098630136   0.0046795       0.0093048       0.9368634E-04   0.1908852                          
    20:pent gF a0.101369863   0.0046795       0.0093048       0.9368634E-04   0.1908852                          
    21:pent gF a0.106849315   0.0046795       0.0093048       0.9368634E-04   0.1908852                          
    22:pent gF a0.109589041   0.0046795       0.0093048       0.9368634E-04   0.1908852                          
    23:pent gF a0.120547945   0.0046795       0.0093048       0.9368634E-04   0.1908852                          
    24:pent gF a0.350684931   0.0046795       0.0093048       0.9368634E-04   0.1908852                          
    25:pent gF a0.358904109   0.0046795       0.0093048       0.9368634E-04   0.1908852                          
    26:pent gF a0.613698630   0.0046795       0.0093048       0.9368634E-04   0.1908852                          
    27:pent gF a0.638356164   0.0046795       0.0093048       0.9368634E-04   0.1908852                          
    28:pent gF a0.646575342   0.0046795       0.0093048       0.9368634E-04   0.1908852                          
    29:pent gF a0.649315068   0.0046795       0.0093048       0.9368634E-04   0.1908852                          
    30:pent gF a0.652054794   0.0046795       0.0093048       0.9368634E-04   0.1908852                          
    31:pent gF a0.704109589   0.0046795       0.0093048       0.9368634E-04   0.1908852                          
    32:pent gF a0.706849315   0.0046795       0.0093048       0.9368634E-04   0.1908852                          
    33:pent gF a0.709589041   0.0046795       0.0093048       0.9368634E-04   0.1908852                          
    34:pent gF a0.827397260   0.0046795       0.0093048       0.9368634E-04   0.1908852                          
    35:pent gF a1.402739726   0.0046795       0.0093048       0.9368634E-04   0.1908852                          
    36:pent gF a1.405479452   0.0046795       0.0093048       0.9368634E-04   0.1908852                          
    37:pent gF a1.408219178   0.0046795       0.0093048       0.9368634E-04   0.1908852                          
    38:pent gM a0.005479452   0.0046795       0.0093048       0.9368634E-04   0.1908852                          
    39:pent gM a0.008219178   0.0046795       0.0093048       0.9368634E-04   0.1908852                          
    40:pent gM a0.010958904   0.0046795       0.0093048       0.9368634E-04   0.1908852                          
    41:pent gM a0.016438356   0.0046795       0.0093048       0.9368634E-04   0.1908852                          
    42:pent gM a0.024657534   0.0046795       0.0093048       0.9368634E-04   0.1908852                          
    43:pent gM a0.027397260   0.0046795       0.0093048       0.9368634E-04   0.1908852                          
    44:pent gM a0.030136986   0.0046795       0.0093048       0.9368634E-04   0.1908852                          
    45:pent gM a0.035616438   0.0046795       0.0093048       0.9368634E-04   0.1908852                          
    46:pent gM a0.041095890   0.0046795       0.0093048       0.9368634E-04   0.1908852                          
    47:pent gM a0.049315068   0.0046795       0.0093048       0.9368634E-04   0.1908852                          
    48:pent gM a0.052054794   0.0046795       0.0093048       0.9368634E-04   0.1908852                          
    49:pent gM a0.065753424   0.0046795       0.0093048       0.9368634E-04   0.1908852                          
    50:pent gM a0.071232876   0.0046795       0.0093048       0.9368634E-04   0.1908852                          
    51:pent gM a0.098630136   0.0046795       0.0093048       0.9368634E-04   0.1908852                          
    52:pent gM a0.101369863   0.0046795       0.0093048       0.9368634E-04   0.1908852                          
    53:pent gM a0.106849315   0.0046795       0.0093048       0.9368634E-04   0.1908852                          

  Program  MARK  - Survival Rate Estimation with Capture-Recapture Data
   gfortran(dble) Vers. 9.0 Mar 2018    25-Mar-2020 14:19:49    Page  011
 - - - - - - - - - - - - - - - - - - - - - - - - - - - - - - - - - - - - - -
 
    54:pent gM a0.109589041   0.0046795       0.0093048       0.9368634E-04   0.1908852                          
    55:pent gM a0.120547945   0.0046795       0.0093048       0.9368634E-04   0.1908852                          
    56:pent gM a0.350684931   0.0046795       0.0093048       0.9368634E-04   0.1908852                          
    57:pent gM a0.358904109   0.0046795       0.0093048       0.9368634E-04   0.1908852                          
    58:pent gM a0.613698630   0.0046795       0.0093048       0.9368634E-04   0.1908852                          
    59:pent gM a0.638356164   0.0046795       0.0093048       0.9368634E-04   0.1908852                          
    60:pent gM a0.646575342   0.0046795       0.0093048       0.9368634E-04   0.1908852                          
    61:pent gM a0.649315068   0.0046795       0.0093048       0.9368634E-04   0.1908852                          
    62:pent gM a0.652054794   0.0046795       0.0093048       0.9368634E-04   0.1908852                          
    63:pent gM a0.704109589   0.0046795       0.0093048       0.9368634E-04   0.1908852                          
    64:pent gM a0.706849315   0.0046795       0.0093048       0.9368634E-04   0.1908852                          
    65:pent gM a0.709589041   0.0046795       0.0093048       0.9368634E-04   0.1908852                          
    66:pent gM a0.827397260   0.0046795       0.0093048       0.9368634E-04   0.1908852                          
    67:pent gM a1.402739726   0.0046795       0.0093048       0.9368634E-04   0.1908852                          
    68:pent gM a1.405479452   0.0046795       0.0093048       0.9368634E-04   0.1908852                          
    69:pent gM a1.408219178   0.0046795       0.0093048       0.9368634E-04   0.1908852                          


                      Estimates of Derived Parameters
  Gross Birth+Immigration Estimates of { Phi(~1)p(~sex)pent(~1)N(~sex) }
                                                95% Confidence Interval
 Grp. Occ.   B*-hat          Standard Error      Lower           Upper
 ---- ----   --------------  --------------  --------------  --------------
   1     1    0.1000523       0.2111782       0.0077895       1.2851203    
   1     2    0.0999786       0.2109970       0.0077849       1.2839820    
   1     3    0.0999786       0.2109970       0.0077849       1.2839820    
   1     4    0.1000523       0.2111782       0.0077895       1.2851203    
   1     5    0.1001260       0.2113594       0.0077941       1.2862592    
   1     6    0.0999786       0.2109970       0.0077849       1.2839820    
   1     7    0.0999786       0.2109970       0.0077849       1.2839820    
   1     8    0.1000523       0.2111782       0.0077895       1.2851203    
   1     9    0.1000523       0.2111782       0.0077895       1.2851203    
   1    10    0.1001260       0.2113594       0.0077941       1.2862592    
   1    11    0.0999786       0.2109970       0.0077849       1.2839820    
   1    12    0.1002735       0.2117223       0.0078032       1.2885392    
   1    13    0.1000523       0.2111782       0.0077895       1.2851203    
   1    14    0.1006430       0.2126314       0.0078262       1.2942513    
   1    15    0.0999786       0.2109970       0.0077849       1.2839820    
   1    16    0.1000523       0.2111782       0.0077895       1.2851203    
   1    17    0.0999786       0.2109970       0.0077849       1.2839820    
   1    18    0.1001997       0.2115408       0.0077987       1.2873988    
   1    19    0.1062166       0.2263985       0.0081704       1.3808302    
   1    20    0.1001260       0.2113594       0.0077941       1.2862592    
   1    21    0.1069080       0.2281129       0.0082130       1.3916207    
   1    22    0.1005690       0.2124493       0.0078216       1.2931074    

  Program  MARK  - Survival Rate Estimation with Capture-Recapture Data
   gfortran(dble) Vers. 9.0 Mar 2018    25-Mar-2020 14:19:49    Page  012
 - - - - - - - - - - - - - - - - - - - - - - - - - - - - - - - - - - - - - -
 
   1    23    0.1001260       0.2113594       0.0077941       1.2862592    
   1    24    0.0999786       0.2109970       0.0077849       1.2839820    
   1    25    0.0999786       0.2109970       0.0077849       1.2839820    
   1    26    0.1013103       0.2142744       0.0078675       1.3045770    
   1    27    0.0999786       0.2109970       0.0077849       1.2839820    
   1    28    0.0999786       0.2109970       0.0077849       1.2839820    
   1    29    0.1031041       0.2186982       0.0079785       1.3323886    
   1    30    0.1161615       0.2511877       0.0087789       1.5370285    
   1    31    0.0999786       0.2109970       0.0077849       1.2839820    
   1    32    0.0999786       0.2109970       0.0077849       1.2839820    
   2     1    0.1595346       0.3328782       0.0125973       2.0203816    
   2     2    0.1594171       0.3325919       0.0125899       2.0185861    
   2     3    0.1594171       0.3325919       0.0125899       2.0185861    
   2     4    0.1595346       0.3328782       0.0125973       2.0203816    
   2     5    0.1596521       0.3331647       0.0126046       2.0221783    
   2     6    0.1594171       0.3325919       0.0125899       2.0185861    
   2     7    0.1594171       0.3325919       0.0125899       2.0185861    
   2     8    0.1595346       0.3328782       0.0125973       2.0203816    
   2     9    0.1595346       0.3328782       0.0125973       2.0203816    
   2    10    0.1596521       0.3331647       0.0126046       2.0221783    
   2    11    0.1594171       0.3325919       0.0125899       2.0185861    
   2    12    0.1598873       0.3337382       0.0126193       2.0257749    
   2    13    0.1595346       0.3328782       0.0125973       2.0203816    
   2    14    0.1604764       0.3351750       0.0126562       2.0347858    
   2    15    0.1594171       0.3325919       0.0125899       2.0185861    
   2    16    0.1595346       0.3328782       0.0125973       2.0203816    
   2    17    0.1594171       0.3325919       0.0125899       2.0185861    
   2    18    0.1597697       0.3334514       0.0126120       2.0239761    
   2    19    0.1693637       0.3569355       0.0132101       2.1713759    
   2    20    0.1596521       0.3331647       0.0126046       2.0221783    
   2    21    0.1704661       0.3596455       0.0132785       2.1884008    
   2    22    0.1603585       0.3348873       0.0126488       2.0329814    
   2    23    0.1596521       0.3331647       0.0126046       2.0221783    
   2    24    0.1594171       0.3325919       0.0125899       2.0185861    
   2    25    0.1594171       0.3325919       0.0125899       2.0185861    
   2    26    0.1615405       0.3377719       0.0127228       2.0510750    
   2    27    0.1594171       0.3325919       0.0125899       2.0185861    
   2    28    0.1594171       0.3325919       0.0125899       2.0185861    
   2    29    0.1644007       0.3447641       0.0129013       2.0949504    
   2    30    0.1852208       0.3961230       0.0141890       2.4178452    
   2    31    0.1594171       0.3325919       0.0125899       2.0185861    
   2    32    0.1594171       0.3325919       0.0125899       2.0185861    

   Net Birth+Immigration Estimates of { Phi(~1)p(~sex)pent(~1)N(~sex) }
                                                95% Confidence Interval
 Grp. Occ.   B-hat           Standard Error      Lower           Upper
 ---- ----   --------------  --------------  --------------  --------------
   1     1    0.0999050       0.2108159       0.0077804       1.2828445    
   1     2    0.0999050       0.2108159       0.0077804       1.2828445    
   1     3    0.0999050       0.2108159       0.0077804       1.2828445    
   1     4    0.0999050       0.2108159       0.0077804       1.2828445    
   1     5    0.0999050       0.2108159       0.0077804       1.2828445    
   1     6    0.0999050       0.2108159       0.0077804       1.2828445    
   1     7    0.0999050       0.2108159       0.0077804       1.2828445    
   1     8    0.0999050       0.2108159       0.0077804       1.2828445    
   1     9    0.0999050       0.2108159       0.0077804       1.2828445    
   1    10    0.0999050       0.2108159       0.0077804       1.2828445    
   1    11    0.0999050       0.2108159       0.0077804       1.2828445    
   1    12    0.0999050       0.2108159       0.0077804       1.2828445    
   1    13    0.0999050       0.2108159       0.0077804       1.2828445    
   1    14    0.0999050       0.2108159       0.0077804       1.2828445    
   1    15    0.0999050       0.2108159       0.0077804       1.2828445    
   1    16    0.0999050       0.2108159       0.0077804       1.2828445    
   1    17    0.0999050       0.2108159       0.0077804       1.2828445    
   1    18    0.0999050       0.2108159       0.0077804       1.2828445    
   1    19    0.0999050       0.2108159       0.0077804       1.2828445    
   1    20    0.0999050       0.2108159       0.0077804       1.2828445    
   1    21    0.0999050       0.2108159       0.0077804       1.2828445    
   1    22    0.0999050       0.2108159       0.0077804       1.2828445    
   1    23    0.0999050       0.2108159       0.0077804       1.2828445    
   1    24    0.0999050       0.2108159       0.0077804       1.2828445    
   1    25    0.0999050       0.2108159       0.0077804       1.2828445    
   1    26    0.0999050       0.2108159       0.0077804       1.2828445    
   1    27    0.0999050       0.2108159       0.0077804       1.2828445    
   1    28    0.0999050       0.2108159       0.0077804       1.2828445    
   1    29    0.0999050       0.2108159       0.0077804       1.2828445    
   1    30    0.0999050       0.2108159       0.0077804       1.2828445    
   1    31    0.0999050       0.2108159       0.0077804       1.2828445    
   1    32    0.0999050       0.2108159       0.0077804       1.2828445    
   2     1    0.1592997       0.3323057       0.0125826       2.0167916    
   2     2    0.1592997       0.3323057       0.0125826       2.0167916    
   2     3    0.1592997       0.3323057       0.0125826       2.0167916    
   2     4    0.1592997       0.3323057       0.0125826       2.0167916    
   2     5    0.1592997       0.3323057       0.0125826       2.0167916    
   2     6    0.1592997       0.3323057       0.0125826       2.0167916    
   2     7    0.1592997       0.3323057       0.0125826       2.0167916    
   2     8    0.1592997       0.3323057       0.0125826       2.0167916    
   2     9    0.1592997       0.3323057       0.0125826       2.0167916    
   2    10    0.1592997       0.3323057       0.0125826       2.0167916    
   2    11    0.1592997       0.3323057       0.0125826       2.0167916    
   2    12    0.1592997       0.3323057       0.0125826       2.0167916    
   2    13    0.1592997       0.3323057       0.0125826       2.0167916    
   2    14    0.1592997       0.3323057       0.0125826       2.0167916    
   2    15    0.1592997       0.3323057       0.0125826       2.0167916    
   2    16    0.1592997       0.3323057       0.0125826       2.0167916    
   2    17    0.1592997       0.3323057       0.0125826       2.0167916    
   2    18    0.1592997       0.3323057       0.0125826       2.0167916    
   2    19    0.1592997       0.3323057       0.0125826       2.0167916    
   2    20    0.1592997       0.3323057       0.0125826       2.0167916    
   2    21    0.1592997       0.3323057       0.0125826       2.0167916    
   2    22    0.1592997       0.3323057       0.0125826       2.0167916    
   2    23    0.1592997       0.3323057       0.0125826       2.0167916    
   2    24    0.1592997       0.3323057       0.0125826       2.0167916    
   2    25    0.1592997       0.3323057       0.0125826       2.0167916    
   2    26    0.1592997       0.3323057       0.0125826       2.0167916    
   2    27    0.1592997       0.3323057       0.0125826       2.0167916    
   2    28    0.1592997       0.3323057       0.0125826       2.0167916    
   2    29    0.1592997       0.3323057       0.0125826       2.0167916    
   2    30    0.1592997       0.3323057       0.0125826       2.0167916    
   2    31    0.1592997       0.3323057       0.0125826       2.0167916    
   2    32    0.1592997       0.3323057       0.0125826       2.0167916    

        Population Estimates of { Phi(~1)p(~sex)pent(~1)N(~sex) }
                                                95% Confidence Interval
 Grp. Occ.   N-hat           Standard Error      Lower           Upper
 ---- ----   --------------  --------------  --------------  --------------
   1     1    18.152387       5.3025235       10.359902       31.806203    
   1     2    18.198864       5.1432336       10.570257       31.333075    
   1     3    18.271967       4.9886508       10.803103       30.904527    
   1     4    18.344963       4.8382768       11.035228       30.496667    

  Program  MARK  - Survival Rate Estimation with Capture-Recapture Data
   gfortran(dble) Vers. 9.0 Mar 2018    25-Mar-2020 14:19:49    Page  013
 - - - - - - - - - - - - - - - - - - - - - - - - - - - - - - - - - - - - - -
 
   1     5    18.390873       4.6918322       11.242325       30.084902    
   1     6    18.409644       4.5497330       11.423177       29.669067    
   1     7    18.482437       4.4136750       11.649229       29.323869    
   1     8    18.555122       4.2834387       11.871507       29.001588    
   1     9    18.600414       4.1590379       12.064457       28.677247    
   1    10    18.645573       4.0411988       12.251748       28.376147    
   1    11    18.663220       3.9299059       12.407568       28.072849    
   1    12    18.735639       3.8270251       12.605756       27.846341    
   1    13    18.697988       3.7299381       12.695359       27.538784    
   1    14    18.742860       3.6425555       12.851034       27.335916    
   1    15    18.568557       3.5588115       12.796897       26.943351    
   1    16    18.641115       3.4881949       12.958581       26.815527    
   1    17    18.686154       3.4273124       13.082296       26.690450    
   1    18    18.758540       3.3782595       13.216711       26.624084    
   1    19    18.748184       3.3359577       13.264064       26.499752    
   1    20    16.664988       3.3437697       11.289998       24.598928    
   1    21    16.691373       3.2965234       11.375839       24.490672    
   1    22    14.653352       3.5143277       9.2179909       23.293659    
   1    23    14.560175       3.4813401       9.1719675       23.113764    
   1    24    14.595845       3.4373618       9.2568719       23.014113    
   1    25    14.674254       3.3981470       9.3757602       22.967070    
   1    26    14.752548       3.3709921       9.4805050       22.956339    
   1    27    14.445078       3.4011023       9.1621526       22.774154    
   1    28    14.523709       3.3913697       9.2458241       22.814421    
   1    29    14.602225       3.3939153       9.3147618       22.891081    
   1    30    13.805445       3.4855865       8.4810070       22.472605    
   1    31    10.230535       3.9014711       4.9686313       21.064925    
   1    32    10.315373       3.8611208       5.0728670       20.975698    
   1    33    10.400087       3.8316241       5.1683739       20.927627    
   2     1    28.944198       7.7884305       17.238654       48.598143    
   2     2    29.018307       7.4820454       17.648884       47.711920    
   2     3    29.134870       7.1769299       18.105446       46.883168    
   2     4    29.251263       6.8744350       18.568628       46.079677    
   2     5    29.324468       6.5770765       18.995532       45.269824    
   2     6    29.354398       6.2859115       19.383577       44.454162    
   2     7    29.470466       5.9926891       19.863056       43.724812    
   2     8    29.586364       5.7035129       20.346642       43.021987    
   2     9    29.658583       5.4226320       20.787180       42.316060    
   2    10    29.730589       5.1470943       21.228709       41.637385    
   2    11    29.758728       4.8819851       21.622027       40.957394    
   2    12    29.874201       4.6145631       22.109865       40.365144    
   2    13    29.814166       4.3746738       22.396850       39.687925    
   2    14    29.885714       4.1283511       22.826192       39.128555    
   2    15    29.607786       3.9383071       22.838973       38.382679    
   2    16    29.723481       3.7058488       23.301348       37.915633    
   2    17    29.795297       3.4939808       23.695689       37.465030    

  Program  MARK  - Survival Rate Estimation with Capture-Recapture Data
   gfortran(dble) Vers. 9.0 Mar 2018    25-Mar-2020 14:19:49    Page  014
 - - - - - - - - - - - - - - - - - - - - - - - - - - - - - - - - - - - - - -
 
   2    18    29.910716       3.2928333       24.121230       37.089772    
   2    19    29.894204       3.1286146       24.363760       36.680029    
   2    20    26.572523       3.7428517       20.189411       34.973729    
   2    21    26.614594       3.5836467       20.465303       34.611586    
   2    22    23.364946       4.4912640       16.085100       33.939528    
   2    23    23.216373       4.4128565       16.048429       33.585839    
   2    24    23.273250       4.2850546       16.271811       33.287268    
   2    25    23.398274       4.1548105       16.565536       33.049292    
   2    26    23.523115       4.0465091       16.831872       32.874355    
   2    27    23.032849       4.1488661       16.227132       32.692909    
   2    28    23.158228       4.0777647       16.442329       32.617248    
   2    29    23.283422       4.0313880       16.624575       32.609419    
   2    30    22.012948       4.3771653       14.964289       32.381750    
   2    31    16.312710       5.7070049       8.3807214       31.751983    
   2    32    16.447986       5.6097289       8.5851230       31.512215    
   2    33    16.583062       5.5302772       8.7749138       31.339106    

     Gross Population Estimates of { Phi(~1)p(~sex)pent(~1)N(~sex) }
                                                95% Confidence Interval
 Grp. Occ.   N*-hat          Standard Error      Lower           Upper
 ---- ----   --------------  --------------  --------------  --------------
   1     0    21.388312       4.4878462       14.239295       32.126582    
   2     0    34.103919       4.5414604       26.299616       44.224118    

   CPU Time for the last procedure was 0.22 seconds.     

  Program  MARK  - Survival Rate Estimation with Capture-Recapture Data
   gfortran(dble) Vers. 9.0 Mar 2018    25-Mar-2020 14:19:49    Page  015
 - - - - - - - - - - - - - - - - - - - - - - - - - - - - - - - - - - - - - -
 


  INPUT --- proc stop;

     CPU Time in minutes for this job was 0.00

     Time Start = 14:19:49.257   Time End = 14:19:49.600

     Wall Clock Time in minutes for this job was 0.01


          E X E C U T I O N   S U C C E S S F U L 
