
   Program  MARK  - Survival Rate Estimation with Capture-Recapture Data
   gfortran(dble) Vers. 9.0 Mar 2018    25-Mar-2020 14:19:43    Page  001
 - - - - - - - - - - - - - - - - - - - - - - - - - - - - - - - - - - - - - -
 
   This version was compiled by GCC version 7.2.0 using the options: 
     -cpp -iprefix C:/Program Files/mingw-w64/x86_64-7.2.0-posix-seh-rt_v5-rev1/
     mingw64/bin/../lib/gcc/x86_64-w64-mingw32/7.2.0/ -D_MT -D_REENTRANT
     -U_REENTRANT -D IEEE -D DBLEPRECISION -m64 -mtune=core2 -march=nocona -mthreads
     -O2 -fimplicit-none -fbounds-check -funroll-loops -ftree-vectorize
     -ffpe-summary=invalid,zero,overflow,underflow -fno-unsafe-math-optimizations
     -frounding-math -fsignaling-nans -fopenmp.

   This problem will use 15 of 16 possible threads.


  INPUT --- proc title ;

   CPU Time for the last procedure was 0.01 seconds.     


  INPUT --- proc chmatrix occasions= 33 groups= 2 etype= POPAN Nodes= 
  INPUT --- 101 ICMeans NoHist hist= 41  ;

  INPUT ---    time interval 0.00547945205479452 0.00273972602739726 
  INPUT ---    0.00273972602739726 0.00547945205479452  
  INPUT ---    0.00821917808219178 0.00273972602739726 0.00273972602739726 
  INPUT ---    0.00547945205479452  0.00547945205479452 
  INPUT ---    0.00821917808219178 0.00273972602739726 0.0136986301369863 
  INPUT ---    0.00547945205479452  0.0273972602739726 0.00273972602739726 
  INPUT ---    0.00547945205479452 0.00273972602739726 0.010958904109589  
  INPUT ---    0.23013698630137 0.00821917808219178 0.254794520547945 
  INPUT ---    0.0246575342465753 0.00821917808219178  0.00273972602739726 
  INPUT ---    0.00273972602739726 0.0520547945205479 0.00273972602739726 
  INPUT ---    0.00273972602739726  0.117808219178082 0.575342465753425 
  INPUT ---    0.00273972602739726 0.00273972602739726 ;

  INPUT ---    glabel(1)=sexF;

  INPUT ---    glabel(2)=sexM;

   * *  WARNING  * *   At least a pair of the encounter histories are duplicates. 

      Number of unique encounter histories read was 38.

      Number of individual covariates read was 0.
      Time interval lengths vary and/or not equal to 1.

      Data type number is 19
      Data type is POPAN                                                                                               

   CPU Time for the last procedure was 0.01 seconds.     

  Program  MARK  - Survival Rate Estimation with Capture-Recapture Data
   gfortran(dble) Vers. 9.0 Mar 2018    25-Mar-2020 14:19:43    Page  002
 - - - - - - - - - - - - - - - - - - - - - - - - - - - - - - - - - - - - - -
 


  INPUT --- proc estimate link=Parm-Specific NOLOOP varest=2ndPart    ;


  INPUT --- model={ Phi(~sex)p(~1)pent(~sex)N(~1) };

  INPUT ---    group=1 Phi    rows=1 cols=32 Square ;
  INPUT ---        1 1 1 1 1 1 1 1 1 1 1 1 1 1 1 1 1 1 1 1 1 1 1 1 1 1 1 1 1 
  INPUT ---       1 1 1 ;

  INPUT ---    group=2 Phi    rows=1 cols=32 Square ;
  INPUT ---        2 2 2 2 2 2 2 2 2 2 2 2 2 2 2 2 2 2 2 2 2 2 2 2 2 2 2 2 2 
  INPUT ---       2 2 2 ;

  INPUT ---    group=1 p    rows=1 cols=33 Square ;
  INPUT ---        3 3 3 3 3 3 3 3 3 3 3 3 3 3 3 3 3 3 3 3 3 3 3 3 3 3 3 3 3 
  INPUT ---       3 3 3 3 ;

  INPUT ---    group=2 p    rows=1 cols=33 Square ;
  INPUT ---        3 3 3 3 3 3 3 3 3 3 3 3 3 3 3 3 3 3 3 3 3 3 3 3 3 3 3 3 3 
  INPUT ---       3 3 3 3 ;

  INPUT ---    group=1 pent    rows=1 cols=32 Square ;
  INPUT ---        5 6 7 8 9 10 11 12 13 14 15 16 17 18 19 20 21 22 23 24 25 
  INPUT ---       26 27 28 29 30 31 32 33 34 35 36 ;

  INPUT ---    group=2 pent    rows=1 cols=32 Square ;
  INPUT ---        37 38 39 40 41 42 43 44 45 46 47 48 49 50 51 52 53 54 55 
  INPUT ---       56 57 58 59 60 61 62 63 64 65 66 67 68 ;

  INPUT ---    group=1 N    rows=1 cols=1 Square ;
  INPUT ---        4 ;

  INPUT ---    group=2 N    rows=1 cols=1 Square ;
  INPUT ---        4 ;

  INPUT ---    design matrix constraints=68 covariates=6;
  INPUT ---        1 0 0 0 0 0;
  INPUT ---        1 1 0 0 0 0;
  INPUT ---        0 0 1 0 0 0;
  INPUT ---        0 0 0 0 0 1;
  INPUT ---        0 0 0 1 0 0;
  INPUT ---        0 0 0 1 0 0;
  INPUT ---        0 0 0 1 0 0;
  INPUT ---        0 0 0 1 0 0;

  Program  MARK  - Survival Rate Estimation with Capture-Recapture Data
   gfortran(dble) Vers. 9.0 Mar 2018    25-Mar-2020 14:19:43    Page  003
 - - - - - - - - - - - - - - - - - - - - - - - - - - - - - - - - - - - - - -
 
  INPUT ---        0 0 0 1 0 0;
  INPUT ---        0 0 0 1 0 0;
  INPUT ---        0 0 0 1 0 0;
  INPUT ---        0 0 0 1 0 0;
  INPUT ---        0 0 0 1 0 0;
  INPUT ---        0 0 0 1 0 0;
  INPUT ---        0 0 0 1 0 0;
  INPUT ---        0 0 0 1 0 0;
  INPUT ---        0 0 0 1 0 0;
  INPUT ---        0 0 0 1 0 0;
  INPUT ---        0 0 0 1 0 0;
  INPUT ---        0 0 0 1 0 0;
  INPUT ---        0 0 0 1 0 0;
  INPUT ---        0 0 0 1 0 0;
  INPUT ---        0 0 0 1 0 0;
  INPUT ---        0 0 0 1 0 0;
  INPUT ---        0 0 0 1 0 0;
  INPUT ---        0 0 0 1 0 0;
  INPUT ---        0 0 0 1 0 0;
  INPUT ---        0 0 0 1 0 0;
  INPUT ---        0 0 0 1 0 0;
  INPUT ---        0 0 0 1 0 0;
  INPUT ---        0 0 0 1 0 0;
  INPUT ---        0 0 0 1 0 0;
  INPUT ---        0 0 0 1 0 0;
  INPUT ---        0 0 0 1 0 0;
  INPUT ---        0 0 0 1 0 0;
  INPUT ---        0 0 0 1 0 0;
  INPUT ---        0 0 0 1 1 0;
  INPUT ---        0 0 0 1 1 0;
  INPUT ---        0 0 0 1 1 0;
  INPUT ---        0 0 0 1 1 0;
  INPUT ---        0 0 0 1 1 0;
  INPUT ---        0 0 0 1 1 0;
  INPUT ---        0 0 0 1 1 0;
  INPUT ---        0 0 0 1 1 0;
  INPUT ---        0 0 0 1 1 0;
  INPUT ---        0 0 0 1 1 0;
  INPUT ---        0 0 0 1 1 0;
  INPUT ---        0 0 0 1 1 0;
  INPUT ---        0 0 0 1 1 0;
  INPUT ---        0 0 0 1 1 0;
  INPUT ---        0 0 0 1 1 0;
  INPUT ---        0 0 0 1 1 0;
  INPUT ---        0 0 0 1 1 0;
  INPUT ---        0 0 0 1 1 0;

  Program  MARK  - Survival Rate Estimation with Capture-Recapture Data
   gfortran(dble) Vers. 9.0 Mar 2018    25-Mar-2020 14:19:44    Page  004
 - - - - - - - - - - - - - - - - - - - - - - - - - - - - - - - - - - - - - -
 
  INPUT ---        0 0 0 1 1 0;
  INPUT ---        0 0 0 1 1 0;
  INPUT ---        0 0 0 1 1 0;
  INPUT ---        0 0 0 1 1 0;
  INPUT ---        0 0 0 1 1 0;
  INPUT ---        0 0 0 1 1 0;
  INPUT ---        0 0 0 1 1 0;
  INPUT ---        0 0 0 1 1 0;
  INPUT ---        0 0 0 1 1 0;
  INPUT ---        0 0 0 1 1 0;
  INPUT ---        0 0 0 1 1 0;
  INPUT ---        0 0 0 1 1 0;
  INPUT ---        0 0 0 1 1 0;
  INPUT ---        0 0 0 1 1 0;

  INPUT ---    links=68;

  INPUT ---    Logit;

  INPUT ---    Logit;

  INPUT ---    Logit;

  INPUT ---    Log;

  INPUT ---    mlogit(1);

  INPUT ---    mlogit(1);

  INPUT ---    mlogit(1);

  INPUT ---    mlogit(1);

  INPUT ---    mlogit(1);

  INPUT ---    mlogit(1);

  INPUT ---    mlogit(1);

  INPUT ---    mlogit(1);

  INPUT ---    mlogit(1);

  INPUT ---    mlogit(1);

  INPUT ---    mlogit(1);

  Program  MARK  - Survival Rate Estimation with Capture-Recapture Data
   gfortran(dble) Vers. 9.0 Mar 2018    25-Mar-2020 14:19:44    Page  005
 - - - - - - - - - - - - - - - - - - - - - - - - - - - - - - - - - - - - - -
 

  INPUT ---    mlogit(1);

  INPUT ---    mlogit(1);

  INPUT ---    mlogit(1);

  INPUT ---    mlogit(1);

  INPUT ---    mlogit(1);

  INPUT ---    mlogit(1);

  INPUT ---    mlogit(1);

  INPUT ---    mlogit(1);

  INPUT ---    mlogit(1);

  INPUT ---    mlogit(1);

  INPUT ---    mlogit(1);

  INPUT ---    mlogit(1);

  INPUT ---    mlogit(1);

  INPUT ---    mlogit(1);

  INPUT ---    mlogit(1);

  INPUT ---    mlogit(1);

  INPUT ---    mlogit(1);

  INPUT ---    mlogit(1);

  INPUT ---    mlogit(1);

  INPUT ---    mlogit(1);

  INPUT ---    mlogit(1);

  INPUT ---    mlogit(2);

  INPUT ---    mlogit(2);

  Program  MARK  - Survival Rate Estimation with Capture-Recapture Data
   gfortran(dble) Vers. 9.0 Mar 2018    25-Mar-2020 14:19:44    Page  006
 - - - - - - - - - - - - - - - - - - - - - - - - - - - - - - - - - - - - - -
 

  INPUT ---    mlogit(2);

  INPUT ---    mlogit(2);

  INPUT ---    mlogit(2);

  INPUT ---    mlogit(2);

  INPUT ---    mlogit(2);

  INPUT ---    mlogit(2);

  INPUT ---    mlogit(2);

  INPUT ---    mlogit(2);

  INPUT ---    mlogit(2);

  INPUT ---    mlogit(2);

  INPUT ---    mlogit(2);

  INPUT ---    mlogit(2);

  INPUT ---    mlogit(2);

  INPUT ---    mlogit(2);

  INPUT ---    mlogit(2);

  INPUT ---    mlogit(2);

  INPUT ---    mlogit(2);

  INPUT ---    mlogit(2);

  INPUT ---    mlogit(2);

  INPUT ---    mlogit(2);

  INPUT ---    mlogit(2);

  INPUT ---    mlogit(2);

  INPUT ---    mlogit(2);

  Program  MARK  - Survival Rate Estimation with Capture-Recapture Data
   gfortran(dble) Vers. 9.0 Mar 2018    25-Mar-2020 14:19:44    Page  007
 - - - - - - - - - - - - - - - - - - - - - - - - - - - - - - - - - - - - - -
 

  INPUT ---    mlogit(2);

  INPUT ---    mlogit(2);

  INPUT ---    mlogit(2);

  INPUT ---    mlogit(2);

  INPUT ---    mlogit(2);

  INPUT ---    mlogit(2);

  INPUT ---    mlogit(2);
  INPUT ---       blabel(1)=Phi:(Intercept);
  INPUT ---       blabel(2)=Phi:sexM;
  INPUT ---       blabel(3)=p:(Intercept);
  INPUT ---       blabel(4)=pent:(Intercept);
  INPUT ---       blabel(5)=pent:sexM;
  INPUT ---       blabel(6)=N:(Intercept);
  INPUT ---       rlabel(1)=Phi gF a0 t1;
  INPUT ---       rlabel(2)=Phi gM a0 t1;
  INPUT ---       rlabel(3)=p gF a0 t1;
  INPUT ---       rlabel(4)=N gF a0 t1;
  INPUT ---       rlabel(5)=pent gF a0.00547945205479452 t1.00547945205479;
  INPUT ---       rlabel(6)=pent gF a0.00821917808219178 t1.00821917808219;
  INPUT ---       rlabel(7)=pent gF a0.010958904109589 t1.01095890410959;
  INPUT ---       rlabel(8)=pent gF a0.0164383561643836 t1.01643835616438;
  INPUT ---       rlabel(9)=pent gF a0.0246575342465753 t1.02465753424658;
  INPUT ---       rlabel(10)=pent gF a0.0273972602739726 t1.02739726027397;
  INPUT ---       rlabel(11)=pent gF a0.0301369863013699 t1.03013698630137;
  INPUT ---       rlabel(12)=pent gF a0.0356164383561644 t1.03561643835616;
  INPUT ---       rlabel(13)=pent gF a0.0410958904109589 t1.04109589041096;
  INPUT ---       rlabel(14)=pent gF a0.0493150684931507 t1.04931506849315;
  INPUT ---       rlabel(15)=pent gF a0.0520547945205479 t1.05205479452055;
  INPUT ---       rlabel(16)=pent gF a0.0657534246575342 t1.06575342465753;
  INPUT ---       rlabel(17)=pent gF a0.0712328767123288 t1.07123287671233;
  INPUT ---       rlabel(18)=pent gF a0.0986301369863014 t1.0986301369863;
  INPUT ---       rlabel(19)=pent gF a0.101369863013699 t1.1013698630137;
  INPUT ---       rlabel(20)=pent gF a0.106849315068493 t1.10684931506849;
  INPUT ---       rlabel(21)=pent gF a0.10958904109589 t1.10958904109589;
  INPUT ---       rlabel(22)=pent gF a0.120547945205479 t1.12054794520548;
  INPUT ---       rlabel(23)=pent gF a0.350684931506849 t1.35068493150685;
  INPUT ---       rlabel(24)=pent gF a0.358904109589041 t1.35890410958904;
  INPUT ---       rlabel(25)=pent gF a0.613698630136986 t1.61369863013699;
  INPUT ---       rlabel(26)=pent gF a0.638356164383562 t1.63835616438356;

  Program  MARK  - Survival Rate Estimation with Capture-Recapture Data
   gfortran(dble) Vers. 9.0 Mar 2018    25-Mar-2020 14:19:44    Page  008
 - - - - - - - - - - - - - - - - - - - - - - - - - - - - - - - - - - - - - -
 
  INPUT ---       rlabel(27)=pent gF a0.646575342465753 t1.64657534246575;
  INPUT ---       rlabel(28)=pent gF a0.649315068493151 t1.64931506849315;
  INPUT ---       rlabel(29)=pent gF a0.652054794520548 t1.65205479452055;
  INPUT ---       rlabel(30)=pent gF a0.704109589041096 t1.7041095890411;
  INPUT ---       rlabel(31)=pent gF a0.706849315068493 t1.70684931506849;
  INPUT ---       rlabel(32)=pent gF a0.70958904109589 t1.70958904109589;
  INPUT ---       rlabel(33)=pent gF a0.827397260273973 t1.82739726027397;
  INPUT ---       rlabel(34)=pent gF a1.4027397260274 t2.4027397260274;
  INPUT ---       rlabel(35)=pent gF a1.40547945205479 t2.40547945205479;
  INPUT ---       rlabel(36)=pent gF a1.40821917808219 t2.40821917808219;
  INPUT ---       rlabel(37)=pent gM a0.00547945205479452 t1.00547945205479;
  INPUT ---       rlabel(38)=pent gM a0.00821917808219178 t1.00821917808219;
  INPUT ---       rlabel(39)=pent gM a0.010958904109589 t1.01095890410959;
  INPUT ---       rlabel(40)=pent gM a0.0164383561643836 t1.01643835616438;
  INPUT ---       rlabel(41)=pent gM a0.0246575342465753 t1.02465753424658;
  INPUT ---       rlabel(42)=pent gM a0.0273972602739726 t1.02739726027397;
  INPUT ---       rlabel(43)=pent gM a0.0301369863013699 t1.03013698630137;
  INPUT ---       rlabel(44)=pent gM a0.0356164383561644 t1.03561643835616;
  INPUT ---       rlabel(45)=pent gM a0.0410958904109589 t1.04109589041096;
  INPUT ---       rlabel(46)=pent gM a0.0493150684931507 t1.04931506849315;
  INPUT ---       rlabel(47)=pent gM a0.0520547945205479 t1.05205479452055;
  INPUT ---       rlabel(48)=pent gM a0.0657534246575342 t1.06575342465753;
  INPUT ---       rlabel(49)=pent gM a0.0712328767123288 t1.07123287671233;
  INPUT ---       rlabel(50)=pent gM a0.0986301369863014 t1.0986301369863;
  INPUT ---       rlabel(51)=pent gM a0.101369863013699 t1.1013698630137;
  INPUT ---       rlabel(52)=pent gM a0.106849315068493 t1.10684931506849;
  INPUT ---       rlabel(53)=pent gM a0.10958904109589 t1.10958904109589;
  INPUT ---       rlabel(54)=pent gM a0.120547945205479 t1.12054794520548;
  INPUT ---       rlabel(55)=pent gM a0.350684931506849 t1.35068493150685;
  INPUT ---       rlabel(56)=pent gM a0.358904109589041 t1.35890410958904;
  INPUT ---       rlabel(57)=pent gM a0.613698630136986 t1.61369863013699;
  INPUT ---       rlabel(58)=pent gM a0.638356164383562 t1.63835616438356;
  INPUT ---       rlabel(59)=pent gM a0.646575342465753 t1.64657534246575;
  INPUT ---       rlabel(60)=pent gM a0.649315068493151 t1.64931506849315;
  INPUT ---       rlabel(61)=pent gM a0.652054794520548 t1.65205479452055;
  INPUT ---       rlabel(62)=pent gM a0.704109589041096 t1.7041095890411;
  INPUT ---       rlabel(63)=pent gM a0.706849315068493 t1.70684931506849;
  INPUT ---       rlabel(64)=pent gM a0.70958904109589 t1.70958904109589;
  INPUT ---       rlabel(65)=pent gM a0.827397260273973 t1.82739726027397;
  INPUT ---       rlabel(66)=pent gM a1.4027397260274 t2.4027397260274;
  INPUT ---       rlabel(67)=pent gM a1.40547945205479 t2.40547945205479;
  INPUT ---       rlabel(68)=pent gM a1.40821917808219 t2.40821917808219;

 Link Function Used is PARM-SPECIFIC

 Variance Estimation Procedure Used is 2ndPart 

  Program  MARK  - Survival Rate Estimation with Capture-Recapture Data
   gfortran(dble) Vers. 9.0 Mar 2018    25-Mar-2020 14:19:44    Page  009
 - - - - - - - - - - - - - - - - - - - - - - - - - - - - - - - - - - - - - -
 

 M(t+1):
      16     29



 Group: 1

 U(t)+UL(t):
       0    2    2    0    1    0    3    1    1    0    0    0    0    0    1
       0    0    0    2    1    1    0    0    0    1    0    0    0    0    0
       0    0    0

 U(t):
       0    2    2    0    1    0    3    1    1    0    0    0    0    0    1
       0    0    0    2    1    1    0    0    0    1    0    0    0    0    0
       0    0    0

 UL(t):
       0    0    0    0    0    0    0    0    0    0    0    0    0    0    0
       0    0    0    0    0    0    0    0    0    0    0    0    0    0    0
       0    0    0

 Not Released(t):
       0    0    0    0    0    0    0    0    0    0    0    0    0    0    0
       0    0    0    0    0    0    0    0    0    0    0    0    0    0    0
       0    0    0

 Group: 2

 U(t)+UL(t):
       3    0    1    1    1    1    1    0    1    1    2    1    3    3    1
       1    0    2    3    1    0    0    1    0    0    0    0    0    0    1
       0    0    0

 U(t):
       3    0    1    1    1    1    1    0    1    1    2    1    3    3    1
       1    0    2    3    1    0    0    1    0    0    0    0    0    0    1
       0    0    0

 UL(t):
       0    0    0    0    0    0    0    0    0    0    0    0    0    0    0
       0    0    0    0    0    0    0    0    0    0    0    0    0    0    0
       0    0    0

 Not Released(t):
       0    0    0    0    0    0    0    0    0    0    0    0    0    0    0
       0    0    0    0    0    0    0    0    0    0    0    0    0    0    0
       0    0    0
 -2logL(saturated) = 272.93564     
 Effective Sample Size = 103

 Number of function evaluations was 31 for 6 parameters.
 Time for numerical optimization was 0.11 seconds.     
 -2logL { Phi(~sex)p(~1)pent(~sex)N(~1) } = 553.07772     
 Penalty { Phi(~sex)p(~1)pent(~sex)N(~1) } = 0.0000000     
 Gradient { Phi(~sex)p(~1)pent(~sex)N(~1) }:
  0.1118808E-04 -0.4006207E-05  0.4387578E-05   0.000000      0.6975082E-05
  0.2723347E-05
 Maximum ABS(G) { Phi(~sex)p(~1)pent(~sex)N(~1) } = 0.1118808E-04 
 S Vector { Phi(~sex)p(~1)pent(~sex)N(~1) }:
   81.48754      6.817855      3.071334     0.7589772     0.5055111    
  0.2900222    
 Time to compute number of parameters was 0.01 seconds.     
 Ratio Threshold = 50.000000       Max Gap (1/2) = 11.952078       Next Max Gap (1/2) = 11.952078     
 Gap Method for Num. of Estimated Parameters { Phi(~sex)p(~1)pent(~sex)N(~1) } = 6          
 Threshold { Phi(~sex)p(~1)pent(~sex)N(~1) } = 0.2237615E-04                 
 Numerical Threshold Method for Num. of Estimated Parameters { Phi(~sex)p(~1)pent(~sex)N(~1) } = 6          
 Number of Estimated Parameters { Phi(~sex)p(~1)pent(~sex)N(~1) } = 6          
 DEVIANCE { Phi(~sex)p(~1)pent(~sex)N(~1) } = 280.14208                     
 DEVIANCE Degrees of Freedom { Phi(~sex)p(~1)pent(~sex)N(~1) } = 35            
 c-hat { Phi(~sex)p(~1)pent(~sex)N(~1) } = 8.0040594                     
 AIC { Phi(~sex)p(~1)pent(~sex)N(~1) } = 565.07772                  
 AICc { Phi(~sex)p(~1)pent(~sex)N(~1) } = 565.95272                    
 BIC { Phi(~sex)p(~1)pent(~sex)N(~1) } = 580.88609                    
 Pearson Chisquare { Phi(~sex)p(~1)pent(~sex)N(~1) } = 23531832.                  


              PARM-SPECIFIC Link Function Parameters of { Phi(~sex)p(~1)pent(~sex)N(~1) }
                                                              95% Confidence Interval
 Parameter                    Beta         Standard Error      Lower           Upper
 -------------------------  --------------  --------------  --------------  --------------
    1:Phi:(Intercept)       -1.7276878       0.9863496      -3.6609330       0.2055575    
    2:Phi:sexM               2.8087866       1.2139720       0.4294015       5.1881717    
    3:p:(Intercept)         -2.4777251       0.1736533      -2.8180856      -2.1373645    
    4:pent:(Intercept)      -4.4852688       1.5425027      -7.5085742      -1.4619635    
    5:pent:sexM             -0.0938072       1.4186037      -2.8742705       2.6866561    
    6:N:(Intercept)          1.8014769       0.5998227       0.6258244       2.9771293    


              Real Function Parameters of { Phi(~sex)p(~1)pent(~sex)N(~1) }
                                                               95% Confidence Interval
  Parameter                  Estimate       Standard Error      Lower           Upper
 --------------------------  --------------  --------------  --------------  --------------
     1:Phi gF a0 t1           0.1508836       0.1263689       0.0250642       0.5512092                          
     2:Phi gM a0 t1           0.7467019       0.2048739       0.2607706       0.9609907                          
     3:p gF a0 t1             0.0774346       0.0124055       0.0563547       0.1055179                          
     4:N gF a0 t1             22.058589       3.6340788       18.043998       33.958183                          
     5:pent gF a0.005479452   0.0082849       0.0093915       0.8882863E-03   0.0727859                          
     6:pent gF a0.008219178   0.0082849       0.0093915       0.8882863E-03   0.0727859                          
     7:pent gF a0.010958904   0.0082849       0.0093915       0.8882863E-03   0.0727859                          
     8:pent gF a0.016438356   0.0082849       0.0093915       0.8882863E-03   0.0727859                          
     9:pent gF a0.024657534   0.0082849       0.0093915       0.8882863E-03   0.0727859                          
    10:pent gF a0.027397260   0.0082849       0.0093915       0.8882863E-03   0.0727859                          
    11:pent gF a0.030136986   0.0082849       0.0093915       0.8882863E-03   0.0727859                          

  Program  MARK  - Survival Rate Estimation with Capture-Recapture Data
   gfortran(dble) Vers. 9.0 Mar 2018    25-Mar-2020 14:19:44    Page  010
 - - - - - - - - - - - - - - - - - - - - - - - - - - - - - - - - - - - - - -
 
    12:pent gF a0.035616438   0.0082849       0.0093915       0.8882863E-03   0.0727859                          
    13:pent gF a0.041095890   0.0082849       0.0093915       0.8882863E-03   0.0727859                          
    14:pent gF a0.049315068   0.0082849       0.0093915       0.8882863E-03   0.0727859                          
    15:pent gF a0.052054794   0.0082849       0.0093915       0.8882863E-03   0.0727859                          
    16:pent gF a0.065753424   0.0082849       0.0093915       0.8882863E-03   0.0727859                          
    17:pent gF a0.071232876   0.0082849       0.0093915       0.8882863E-03   0.0727859                          
    18:pent gF a0.098630136   0.0082849       0.0093915       0.8882863E-03   0.0727859                          
    19:pent gF a0.101369863   0.0082849       0.0093915       0.8882863E-03   0.0727859                          
    20:pent gF a0.106849315   0.0082849       0.0093915       0.8882863E-03   0.0727859                          
    21:pent gF a0.109589041   0.0082849       0.0093915       0.8882863E-03   0.0727859                          
    22:pent gF a0.120547945   0.0082849       0.0093915       0.8882863E-03   0.0727859                          
    23:pent gF a0.350684931   0.0082849       0.0093915       0.8882863E-03   0.0727859                          
    24:pent gF a0.358904109   0.0082849       0.0093915       0.8882863E-03   0.0727859                          
    25:pent gF a0.613698630   0.0082849       0.0093915       0.8882863E-03   0.0727859                          
    26:pent gF a0.638356164   0.0082849       0.0093915       0.8882863E-03   0.0727859                          
    27:pent gF a0.646575342   0.0082849       0.0093915       0.8882863E-03   0.0727859                          
    28:pent gF a0.649315068   0.0082849       0.0093915       0.8882863E-03   0.0727859                          
    29:pent gF a0.652054794   0.0082849       0.0093915       0.8882863E-03   0.0727859                          
    30:pent gF a0.704109589   0.0082849       0.0093915       0.8882863E-03   0.0727859                          
    31:pent gF a0.706849315   0.0082849       0.0093915       0.8882863E-03   0.0727859                          
    32:pent gF a0.709589041   0.0082849       0.0093915       0.8882863E-03   0.0727859                          
    33:pent gF a0.827397260   0.0082849       0.0093915       0.8882863E-03   0.0727859                          
    34:pent gF a1.402739726   0.0082849       0.0093915       0.8882863E-03   0.0727859                          
    35:pent gF a1.405479452   0.0082849       0.0093915       0.8882863E-03   0.0727859                          
    36:pent gF a1.408219178   0.0082849       0.0093915       0.8882863E-03   0.0727859                          
    37:pent gM a0.005479452   0.0077265       0.0087505       0.8307355E-03   0.0679692                          
    38:pent gM a0.008219178   0.0077265       0.0087505       0.8307355E-03   0.0679692                          
    39:pent gM a0.010958904   0.0077265       0.0087505       0.8307355E-03   0.0679692                          
    40:pent gM a0.016438356   0.0077265       0.0087505       0.8307355E-03   0.0679692                          
    41:pent gM a0.024657534   0.0077265       0.0087505       0.8307355E-03   0.0679692                          
    42:pent gM a0.027397260   0.0077265       0.0087505       0.8307355E-03   0.0679692                          
    43:pent gM a0.030136986   0.0077265       0.0087505       0.8307355E-03   0.0679692                          
    44:pent gM a0.035616438   0.0077265       0.0087505       0.8307355E-03   0.0679692                          
    45:pent gM a0.041095890   0.0077265       0.0087505       0.8307355E-03   0.0679692                          
    46:pent gM a0.049315068   0.0077265       0.0087505       0.8307355E-03   0.0679692                          
    47:pent gM a0.052054794   0.0077265       0.0087505       0.8307355E-03   0.0679692                          
    48:pent gM a0.065753424   0.0077265       0.0087505       0.8307355E-03   0.0679692                          
    49:pent gM a0.071232876   0.0077265       0.0087505       0.8307355E-03   0.0679692                          
    50:pent gM a0.098630136   0.0077265       0.0087505       0.8307355E-03   0.0679692                          
    51:pent gM a0.101369863   0.0077265       0.0087505       0.8307355E-03   0.0679692                          
    52:pent gM a0.106849315   0.0077265       0.0087505       0.8307355E-03   0.0679692                          
    53:pent gM a0.109589041   0.0077265       0.0087505       0.8307355E-03   0.0679692                          
    54:pent gM a0.120547945   0.0077265       0.0087505       0.8307355E-03   0.0679692                          
    55:pent gM a0.350684931   0.0077265       0.0087505       0.8307355E-03   0.0679692                          
    56:pent gM a0.358904109   0.0077265       0.0087505       0.8307355E-03   0.0679692                          
    57:pent gM a0.613698630   0.0077265       0.0087505       0.8307355E-03   0.0679692                          

  Program  MARK  - Survival Rate Estimation with Capture-Recapture Data
   gfortran(dble) Vers. 9.0 Mar 2018    25-Mar-2020 14:19:44    Page  011
 - - - - - - - - - - - - - - - - - - - - - - - - - - - - - - - - - - - - - -
 
    58:pent gM a0.638356164   0.0077265       0.0087505       0.8307355E-03   0.0679692                          
    59:pent gM a0.646575342   0.0077265       0.0087505       0.8307355E-03   0.0679692                          
    60:pent gM a0.649315068   0.0077265       0.0087505       0.8307355E-03   0.0679692                          
    61:pent gM a0.652054794   0.0077265       0.0087505       0.8307355E-03   0.0679692                          
    62:pent gM a0.704109589   0.0077265       0.0087505       0.8307355E-03   0.0679692                          
    63:pent gM a0.706849315   0.0077265       0.0087505       0.8307355E-03   0.0679692                          
    64:pent gM a0.709589041   0.0077265       0.0087505       0.8307355E-03   0.0679692                          
    65:pent gM a0.827397260   0.0077265       0.0087505       0.8307355E-03   0.0679692                          
    66:pent gM a1.402739726   0.0077265       0.0087505       0.8307355E-03   0.0679692                          
    67:pent gM a1.405479452   0.0077265       0.0087505       0.8307355E-03   0.0679692                          
    68:pent gM a1.408219178   0.0077265       0.0087505       0.8307355E-03   0.0679692                          


                      Estimates of Derived Parameters
  Gross Birth+Immigration Estimates of { Phi(~sex)p(~1)pent(~sex)N(~1) }
                                                95% Confidence Interval
 Grp. Occ.   B*-hat          Standard Error      Lower           Upper
 ---- ----   --------------  --------------  --------------  --------------
   1     1    0.1837029       0.2286208       0.0275900       1.2231519    
   1     2    0.1832282       0.2279403       0.0275320       1.2194001    
   1     3    0.1832282       0.2279403       0.0275320       1.2194001    
   1     4    0.1837029       0.2286208       0.0275900       1.2231519    
   1     5    0.1841784       0.2293028       0.0276480       1.2269123    
   1     6    0.1832282       0.2279403       0.0275320       1.2194001    
   1     7    0.1832282       0.2279403       0.0275320       1.2194001    
   1     8    0.1837029       0.2286208       0.0275900       1.2231519    
   1     9    0.1837029       0.2286208       0.0275900       1.2231519    
   1    10    0.1841784       0.2293028       0.0276480       1.2269123    
   1    11    0.1832282       0.2279403       0.0275320       1.2194001    
   1    12    0.1851319       0.2306712       0.0277642       1.2344589    
   1    13    0.1837029       0.2286208       0.0275900       1.2231519    
   1    14    0.1875299       0.2341183       0.0280559       1.2534761    
   1    15    0.1832282       0.2279403       0.0275320       1.2194001    
   1    16    0.1837029       0.2286208       0.0275900       1.2231519    
   1    17    0.1832282       0.2279403       0.0275320       1.2194001    
   1    18    0.1846547       0.2299862       0.0277061       1.2306813    
   1    19    0.2254018       0.2894708       0.0325653       1.5601280    
   1    20    0.1841784       0.2293028       0.0276480       1.2269123    
   1    21    0.2303099       0.2967533       0.0331386       1.6006282    
   1    22    0.1870486       0.2334259       0.0279975       1.2496554    
   1    23    0.1841784       0.2293028       0.0276480       1.2269123    
   1    24    0.1832282       0.2279403       0.0275320       1.2194001    
   1    25    0.1832282       0.2279403       0.0275320       1.2194001    
   1    26    0.1918978       0.2404166       0.0285851       1.2882503    
   1    27    0.1832282       0.2279403       0.0275320       1.2194001    

  Program  MARK  - Survival Rate Estimation with Capture-Recapture Data
   gfortran(dble) Vers. 9.0 Mar 2018    25-Mar-2020 14:19:44    Page  012
 - - - - - - - - - - - - - - - - - - - - - - - - - - - - - - - - - - - - - -
 
   1    28    0.1832282       0.2279403       0.0275320       1.2194001    
   1    29    0.2038689       0.2578006       0.0300221       1.3843988    
   1    30    0.2998687       0.4018564       0.0410976       2.1879939    
   1    31    0.1832282       0.2279403       0.0275320       1.2194001    
   1    32    0.1832282       0.2279403       0.0275320       1.2194001    
   2     1    0.2710978       0.3265679       0.0423786       1.7342231    
   2     2    0.2709894       0.3263966       0.0423682       1.7332644    
   2     3    0.2709894       0.3263966       0.0423682       1.7332644    
   2     4    0.2710978       0.3265679       0.0423786       1.7342231    
   2     5    0.2712062       0.3267393       0.0423891       1.7351823    
   2     6    0.2709894       0.3263966       0.0423682       1.7332644    
   2     7    0.2709894       0.3263966       0.0423682       1.7332644    
   2     8    0.2710978       0.3265679       0.0423786       1.7342231    
   2     9    0.2710978       0.3265679       0.0423786       1.7342231    
   2    10    0.2712062       0.3267393       0.0423891       1.7351823    
   2    11    0.2709894       0.3263966       0.0423682       1.7332644    
   2    12    0.2714232       0.3270824       0.0424100       1.7371023    
   2    13    0.2710978       0.3265679       0.0423786       1.7342231    
   2    14    0.2719663       0.3279417       0.0424624       1.7419112    
   2    15    0.2709894       0.3263966       0.0423682       1.7332644    
   2    16    0.2710978       0.3265679       0.0423786       1.7342231    
   2    17    0.2709894       0.3263966       0.0423682       1.7332644    
   2    18    0.2713147       0.3269108       0.0423996       1.7361420    
   2    19    0.2800873       0.3409017       0.0432325       1.8145839    
   2    20    0.2712062       0.3267393       0.0423891       1.7351823    
   2    21    0.2810858       0.3425090       0.0433256       1.8236145    
   2    22    0.2718576       0.3277697       0.0424519       1.7409484    
   2    23    0.2712062       0.3267393       0.0423891       1.7351823    
   2    24    0.2709894       0.3263966       0.0423682       1.7332644    
   2    25    0.2709894       0.3263966       0.0423682       1.7332644    
   2    26    0.2729455       0.3294936       0.0425564       1.7505996    
   2    27    0.2709894       0.3263966       0.0423682       1.7332644    
   2    28    0.2709894       0.3263966       0.0423682       1.7332644    
   2    29    0.2755683       0.3336649       0.0428067       1.7739718    
   2    30    0.2942791       0.3640167       0.0445289       1.9448099    
   2    31    0.2709894       0.3263966       0.0423682       1.7332644    
   2    32    0.2709894       0.3263966       0.0423682       1.7332644    

   Net Birth+Immigration Estimates of { Phi(~sex)p(~1)pent(~sex)N(~1) }
                                                95% Confidence Interval
 Grp. Occ.   B-hat           Standard Error      Lower           Upper
 ---- ----   --------------  --------------  --------------  --------------
   1     1    0.1827543       0.2272613       0.0274741       1.2156569    
   1     2    0.1827543       0.2272613       0.0274741       1.2156569    
   1     3    0.1827543       0.2272613       0.0274741       1.2156569    
   1     4    0.1827543       0.2272613       0.0274741       1.2156569    
   1     5    0.1827543       0.2272613       0.0274741       1.2156569    
   1     6    0.1827543       0.2272613       0.0274741       1.2156569    
   1     7    0.1827543       0.2272613       0.0274741       1.2156569    
   1     8    0.1827543       0.2272613       0.0274741       1.2156569    
   1     9    0.1827543       0.2272613       0.0274741       1.2156569    
   1    10    0.1827543       0.2272613       0.0274741       1.2156569    
   1    11    0.1827543       0.2272613       0.0274741       1.2156569    
   1    12    0.1827543       0.2272613       0.0274741       1.2156569    
   1    13    0.1827543       0.2272613       0.0274741       1.2156569    
   1    14    0.1827543       0.2272613       0.0274741       1.2156569    
   1    15    0.1827543       0.2272613       0.0274741       1.2156569    
   1    16    0.1827543       0.2272613       0.0274741       1.2156569    
   1    17    0.1827543       0.2272613       0.0274741       1.2156569    
   1    18    0.1827543       0.2272613       0.0274741       1.2156569    
   1    19    0.1827543       0.2272613       0.0274741       1.2156569    
   1    20    0.1827543       0.2272613       0.0274741       1.2156569    
   1    21    0.1827543       0.2272613       0.0274741       1.2156569    
   1    22    0.1827543       0.2272613       0.0274741       1.2156569    
   1    23    0.1827543       0.2272613       0.0274741       1.2156569    
   1    24    0.1827543       0.2272613       0.0274741       1.2156569    
   1    25    0.1827543       0.2272613       0.0274741       1.2156569    
   1    26    0.1827543       0.2272613       0.0274741       1.2156569    
   1    27    0.1827543       0.2272613       0.0274741       1.2156569    
   1    28    0.1827543       0.2272613       0.0274741       1.2156569    
   1    29    0.1827543       0.2272613       0.0274741       1.2156569    
   1    30    0.1827543       0.2272613       0.0274741       1.2156569    
   1    31    0.1827543       0.2272613       0.0274741       1.2156569    
   1    32    0.1827543       0.2272613       0.0274741       1.2156569    
   2     1    0.2708810       0.3262253       0.0423577       1.7323062    
   2     2    0.2708810       0.3262253       0.0423577       1.7323062    
   2     3    0.2708810       0.3262253       0.0423577       1.7323062    
   2     4    0.2708810       0.3262253       0.0423577       1.7323062    
   2     5    0.2708810       0.3262253       0.0423577       1.7323062    
   2     6    0.2708810       0.3262253       0.0423577       1.7323062    
   2     7    0.2708810       0.3262253       0.0423577       1.7323062    
   2     8    0.2708810       0.3262253       0.0423577       1.7323062    
   2     9    0.2708810       0.3262253       0.0423577       1.7323062    
   2    10    0.2708810       0.3262253       0.0423577       1.7323062    
   2    11    0.2708810       0.3262253       0.0423577       1.7323062    
   2    12    0.2708810       0.3262253       0.0423577       1.7323062    
   2    13    0.2708810       0.3262253       0.0423577       1.7323062    
   2    14    0.2708810       0.3262253       0.0423577       1.7323062    
   2    15    0.2708810       0.3262253       0.0423577       1.7323062    
   2    16    0.2708810       0.3262253       0.0423577       1.7323062    
   2    17    0.2708810       0.3262253       0.0423577       1.7323062    
   2    18    0.2708810       0.3262253       0.0423577       1.7323062    
   2    19    0.2708810       0.3262253       0.0423577       1.7323062    
   2    20    0.2708810       0.3262253       0.0423577       1.7323062    
   2    21    0.2708810       0.3262253       0.0423577       1.7323062    
   2    22    0.2708810       0.3262253       0.0423577       1.7323062    
   2    23    0.2708810       0.3262253       0.0423577       1.7323062    
   2    24    0.2708810       0.3262253       0.0423577       1.7323062    
   2    25    0.2708810       0.3262253       0.0423577       1.7323062    
   2    26    0.2708810       0.3262253       0.0423577       1.7323062    
   2    27    0.2708810       0.3262253       0.0423577       1.7323062    
   2    28    0.2708810       0.3262253       0.0423577       1.7323062    
   2    29    0.2708810       0.3262253       0.0423577       1.7323062    
   2    30    0.2708810       0.3262253       0.0423577       1.7323062    
   2    31    0.2708810       0.3262253       0.0423577       1.7323062    
   2    32    0.2708810       0.3262253       0.0423577       1.7323062    

        Population Estimates of { Phi(~sex)p(~1)pent(~sex)N(~1) }
                                                95% Confidence Interval
 Grp. Occ.   N-hat           Standard Error      Lower           Upper
 ---- ----   --------------  --------------  --------------  --------------
   1     1    16.210451       5.3728802       8.6095800       30.521667    
   1     2    16.226084       5.1394939       8.8514592       29.744904    
   1     3    16.324980       4.9268385       9.1524007       29.118588    
   1     4    16.423366       4.7177138       9.4574757       28.519972    
   1     5    16.436804       4.4985136       9.7061182       27.834867    
   1     6    16.366032       4.2725222       9.8941124       27.071351    
   1     7    16.464205       4.0757570       10.208105       26.554393    
   1     8    16.561870       3.8840005       10.523309       26.065522    
   1     9    16.573880       3.6888430       10.770960       25.503159    

  Program  MARK  - Survival Rate Estimation with Capture-Recapture Data
   gfortran(dble) Vers. 9.0 Mar 2018    25-Mar-2020 14:19:44    Page  013
 - - - - - - - - - - - - - - - - - - - - - - - - - - - - - - - - - - - - - -
 
   1    10    16.585766       3.5010182       11.015656       24.972425    
   1    11    16.512697       3.3150993       11.184394       24.379431    
   1    12    16.610112       3.1493362       11.492160       24.007306    
   1    13    16.368066       2.9779010       11.491889       23.313278    
   1    14    16.382074       2.8283039       11.708121       22.921899    
   1    15    15.737608       2.6952806       11.277387       21.961853    
   1    16    15.839029       2.5699869       11.548066       21.724403    
   1    17    15.858491       2.4622274       11.718879       21.460391    
   1    18    15.959287       2.3671025       11.952150       21.309876    
   1    19    15.814673       2.3023984       11.906496       21.005668    
   1    20    10.416518       2.8895575       6.1088038       17.761880    
   1    21    10.438604       2.8287275       6.1950913       17.588839    
   1    22    6.6298619       2.9593257       2.8752405       15.287441    
   1    23    6.5105408       2.8867202       2.8379003       14.936093    
   1    24    6.5928746       2.8370911       2.9391156       14.788801    
   1    25    6.7415563       2.8068006       3.0791214       14.760243    
   1    26    6.8894696       2.7944071       3.2061731       14.804188    
   1    27    6.4262837       2.7717503       2.8599687       14.439711    
   1    28    6.5758263       2.7855507       2.9657997       14.580045    
   1    29    6.7245961       2.8166785       3.0579555       14.787721    
   1    30    5.5642559       2.7163747       2.2483084       13.770773    
   1    31    2.0570795       1.7126448       0.4960770       8.5300795    
   1    32    2.2292026       1.7205328       0.5837886       8.5122316    
   1    33    2.4004361       1.7575703       0.6646595       8.6692417    
   2     1    26.390398       8.2423500       14.512834       47.988773    
   2     2    26.619075       7.9322868       15.028375       47.149153    
   2     3    26.868663       7.6239233       15.573114       46.357140    
   2     4    27.118051       7.3172870       16.128625       45.595250    
   2     5    27.345565       7.0132566       16.674179       44.846579    
   2     6    27.550875       6.7126688       17.207676       44.111169    
   2     7    27.799717       6.4122867       17.792516       43.435355    
   2     8    28.048360       6.1145633       18.386168       42.788172    
   2     9    28.274386       5.8217178       18.964572       42.154441    
   2    10    28.500051       5.5325375       19.549240       41.549077    
   2    11    28.702592       5.2500368       20.114203       40.958064    
   2    12    28.950514       4.9669579       20.733529       40.424003    
   2    13    29.105788       4.7016852       21.250060       39.865624    
   2    14    29.330123       4.4332464       21.846323       39.377616    
   2    15    29.367228       4.2058832       22.211227       38.828747    
   2    16    29.614617       3.9488604       22.829857       38.415728    
   2    17    29.838138       3.7070466       23.411134       38.029533    
   2    18    30.085151       3.4724308       24.012065       37.694232    
   2    19    30.259884       3.2688633       24.500785       37.372704    
   2    20    28.563539       3.8598189       21.943514       37.180725    
   2    21    28.765929       3.7011509       22.377229       36.978603    
   2    22    26.973694       4.8005018       19.082220       38.128695    

  Program  MARK  - Survival Rate Estimation with Capture-Recapture Data
   gfortran(dble) Vers. 9.0 Mar 2018    25-Mar-2020 14:19:44    Page  014
 - - - - - - - - - - - - - - - - - - - - - - - - - - - - - - - - - - - - - -
 
   2    23    27.051003       4.7741262       19.191363       38.129482    
   2    24    27.257019       4.6817233       19.513400       38.073585    
   2    25    27.506097       4.5799821       19.891269       38.036052    
   2    26    27.754975       4.4989536       20.242126       38.056212    
   2    27    27.607043       4.7004530       19.820903       38.451771    
   2    28    27.855841       4.6574211       20.117542       38.570708    
   2    29    28.104439       4.6361737       20.384385       38.748262    
   2    30    27.424681       5.2143900       18.955281       39.678290    
   2    31    23.453250       7.7458597       12.482948       44.064503    
   2    32    23.705370       7.7022829       12.740348       44.107474    
   2    33    23.957288       7.6720547       12.985848       44.198244    

     Gross Population Estimates of { Phi(~sex)p(~1)pent(~sex)N(~1) }
                                                95% Confidence Interval
 Grp. Occ.   N*-hat          Standard Error      Lower           Upper
 ---- ----   --------------  --------------  --------------  --------------
   1     0    22.327061       3.9371910       15.844341       31.462189    
   2     0    35.115199       3.7057574       28.570219       43.159530    

   CPU Time for the last procedure was 0.12 seconds.     


  INPUT --- proc stop;

     CPU Time in minutes for this job was 0.00

     Time Start = 14:19:43.947   Time End = 14:19:44.306

     Wall Clock Time in minutes for this job was 0.01


          E X E C U T I O N   S U C C E S S F U L 
