
   Program  MARK  - Survival Rate Estimation with Capture-Recapture Data
   gfortran(dble) Vers. 9.0 Mar 2018    25-Mar-2020 14:33:42    Page  001
 - - - - - - - - - - - - - - - - - - - - - - - - - - - - - - - - - - - - - -
 
   This version was compiled by GCC version 7.2.0 using the options: 
     -cpp -iprefix C:/Program Files/mingw-w64/x86_64-7.2.0-posix-seh-rt_v5-rev1/
     mingw64/bin/../lib/gcc/x86_64-w64-mingw32/7.2.0/ -D_MT -D_REENTRANT
     -U_REENTRANT -D IEEE -D DBLEPRECISION -m64 -mtune=core2 -march=nocona -mthreads
     -O2 -fimplicit-none -fbounds-check -funroll-loops -ftree-vectorize
     -ffpe-summary=invalid,zero,overflow,underflow -fno-unsafe-math-optimizations
     -frounding-math -fsignaling-nans -fopenmp.

   This problem will use 15 of 16 possible threads.


  INPUT --- proc title ;

   CPU Time for the last procedure was 0.01 seconds.     


  INPUT --- proc chmatrix occasions= 33 groups= 2 etype= POPAN Nodes= 
  INPUT --- 101 ICMeans NoHist hist= 41  ;

  INPUT ---    time interval 0.00547945205479452 0.00273972602739726 
  INPUT ---    0.00273972602739726 0.00547945205479452  
  INPUT ---    0.00821917808219178 0.00273972602739726 0.00273972602739726 
  INPUT ---    0.00547945205479452  0.00547945205479452 
  INPUT ---    0.00821917808219178 0.00273972602739726 0.0136986301369863 
  INPUT ---    0.00547945205479452  0.0273972602739726 0.00273972602739726 
  INPUT ---    0.00547945205479452 0.00273972602739726 0.010958904109589  
  INPUT ---    0.23013698630137 0.00821917808219178 0.254794520547945 
  INPUT ---    0.0246575342465753 0.00821917808219178  0.00273972602739726 
  INPUT ---    0.00273972602739726 0.0520547945205479 0.00273972602739726 
  INPUT ---    0.00273972602739726  0.117808219178082 0.575342465753425 
  INPUT ---    0.00273972602739726 0.00273972602739726 ;

  INPUT ---    glabel(1)=sexF;

  INPUT ---    glabel(2)=sexM;

   * *  WARNING  * *   At least a pair of the encounter histories are duplicates. 

      Number of unique encounter histories read was 38.

      Number of individual covariates read was 0.
      Time interval lengths vary and/or not equal to 1.

      Data type number is 19
      Data type is POPAN                                                                                               

   CPU Time for the last procedure was 0.01 seconds.     

  Program  MARK  - Survival Rate Estimation with Capture-Recapture Data
   gfortran(dble) Vers. 9.0 Mar 2018    25-Mar-2020 14:33:42    Page  002
 - - - - - - - - - - - - - - - - - - - - - - - - - - - - - - - - - - - - - -
 


  INPUT --- proc estimate link=Parm-Specific NOLOOP varest=2ndPart    ;


  INPUT --- model={ Phi(~1)p(~1)pent(~sex)N(~1) };

  INPUT ---    group=1 Phi    rows=1 cols=32 Square ;
  INPUT ---        1 1 1 1 1 1 1 1 1 1 1 1 1 1 1 1 1 1 1 1 1 1 1 1 1 1 1 1 1 
  INPUT ---       1 1 1 ;

  INPUT ---    group=2 Phi    rows=1 cols=32 Square ;
  INPUT ---        1 1 1 1 1 1 1 1 1 1 1 1 1 1 1 1 1 1 1 1 1 1 1 1 1 1 1 1 1 
  INPUT ---       1 1 1 ;

  INPUT ---    group=1 p    rows=1 cols=33 Square ;
  INPUT ---        2 2 2 2 2 2 2 2 2 2 2 2 2 2 2 2 2 2 2 2 2 2 2 2 2 2 2 2 2 
  INPUT ---       2 2 2 2 ;

  INPUT ---    group=2 p    rows=1 cols=33 Square ;
  INPUT ---        2 2 2 2 2 2 2 2 2 2 2 2 2 2 2 2 2 2 2 2 2 2 2 2 2 2 2 2 2 
  INPUT ---       2 2 2 2 ;

  INPUT ---    group=1 pent    rows=1 cols=32 Square ;
  INPUT ---        4 5 6 7 8 9 10 11 12 13 14 15 16 17 18 19 20 21 22 23 24 
  INPUT ---       25 26 27 28 29 30 31 32 33 34 35 ;

  INPUT ---    group=2 pent    rows=1 cols=32 Square ;
  INPUT ---        36 37 38 39 40 41 42 43 44 45 46 47 48 49 50 51 52 53 54 
  INPUT ---       55 56 57 58 59 60 61 62 63 64 65 66 67 ;

  INPUT ---    group=1 N    rows=1 cols=1 Square ;
  INPUT ---        3 ;

  INPUT ---    group=2 N    rows=1 cols=1 Square ;
  INPUT ---        3 ;

  INPUT ---    design matrix constraints=67 covariates=5;
  INPUT ---        1 0 0 0 0;
  INPUT ---        0 1 0 0 0;
  INPUT ---        0 0 0 0 1;
  INPUT ---        0 0 1 0 0;
  INPUT ---        0 0 1 0 0;
  INPUT ---        0 0 1 0 0;
  INPUT ---        0 0 1 0 0;
  INPUT ---        0 0 1 0 0;

  Program  MARK  - Survival Rate Estimation with Capture-Recapture Data
   gfortran(dble) Vers. 9.0 Mar 2018    25-Mar-2020 14:33:42    Page  003
 - - - - - - - - - - - - - - - - - - - - - - - - - - - - - - - - - - - - - -
 
  INPUT ---        0 0 1 0 0;
  INPUT ---        0 0 1 0 0;
  INPUT ---        0 0 1 0 0;
  INPUT ---        0 0 1 0 0;
  INPUT ---        0 0 1 0 0;
  INPUT ---        0 0 1 0 0;
  INPUT ---        0 0 1 0 0;
  INPUT ---        0 0 1 0 0;
  INPUT ---        0 0 1 0 0;
  INPUT ---        0 0 1 0 0;
  INPUT ---        0 0 1 0 0;
  INPUT ---        0 0 1 0 0;
  INPUT ---        0 0 1 0 0;
  INPUT ---        0 0 1 0 0;
  INPUT ---        0 0 1 0 0;
  INPUT ---        0 0 1 0 0;
  INPUT ---        0 0 1 0 0;
  INPUT ---        0 0 1 0 0;
  INPUT ---        0 0 1 0 0;
  INPUT ---        0 0 1 0 0;
  INPUT ---        0 0 1 0 0;
  INPUT ---        0 0 1 0 0;
  INPUT ---        0 0 1 0 0;
  INPUT ---        0 0 1 0 0;
  INPUT ---        0 0 1 0 0;
  INPUT ---        0 0 1 0 0;
  INPUT ---        0 0 1 0 0;
  INPUT ---        0 0 1 1 0;
  INPUT ---        0 0 1 1 0;
  INPUT ---        0 0 1 1 0;
  INPUT ---        0 0 1 1 0;
  INPUT ---        0 0 1 1 0;
  INPUT ---        0 0 1 1 0;
  INPUT ---        0 0 1 1 0;
  INPUT ---        0 0 1 1 0;
  INPUT ---        0 0 1 1 0;
  INPUT ---        0 0 1 1 0;
  INPUT ---        0 0 1 1 0;
  INPUT ---        0 0 1 1 0;
  INPUT ---        0 0 1 1 0;
  INPUT ---        0 0 1 1 0;
  INPUT ---        0 0 1 1 0;
  INPUT ---        0 0 1 1 0;
  INPUT ---        0 0 1 1 0;
  INPUT ---        0 0 1 1 0;
  INPUT ---        0 0 1 1 0;

  Program  MARK  - Survival Rate Estimation with Capture-Recapture Data
   gfortran(dble) Vers. 9.0 Mar 2018    25-Mar-2020 14:33:42    Page  004
 - - - - - - - - - - - - - - - - - - - - - - - - - - - - - - - - - - - - - -
 
  INPUT ---        0 0 1 1 0;
  INPUT ---        0 0 1 1 0;
  INPUT ---        0 0 1 1 0;
  INPUT ---        0 0 1 1 0;
  INPUT ---        0 0 1 1 0;
  INPUT ---        0 0 1 1 0;
  INPUT ---        0 0 1 1 0;
  INPUT ---        0 0 1 1 0;
  INPUT ---        0 0 1 1 0;
  INPUT ---        0 0 1 1 0;
  INPUT ---        0 0 1 1 0;
  INPUT ---        0 0 1 1 0;
  INPUT ---        0 0 1 1 0;

  INPUT ---    links=67;

  INPUT ---    Logit;

  INPUT ---    Logit;

  INPUT ---    Log;

  INPUT ---    mlogit(1);

  INPUT ---    mlogit(1);

  INPUT ---    mlogit(1);

  INPUT ---    mlogit(1);

  INPUT ---    mlogit(1);

  INPUT ---    mlogit(1);

  INPUT ---    mlogit(1);

  INPUT ---    mlogit(1);

  INPUT ---    mlogit(1);

  INPUT ---    mlogit(1);

  INPUT ---    mlogit(1);

  INPUT ---    mlogit(1);


  Program  MARK  - Survival Rate Estimation with Capture-Recapture Data
   gfortran(dble) Vers. 9.0 Mar 2018    25-Mar-2020 14:33:42    Page  005
 - - - - - - - - - - - - - - - - - - - - - - - - - - - - - - - - - - - - - -
 
  INPUT ---    mlogit(1);

  INPUT ---    mlogit(1);

  INPUT ---    mlogit(1);

  INPUT ---    mlogit(1);

  INPUT ---    mlogit(1);

  INPUT ---    mlogit(1);

  INPUT ---    mlogit(1);

  INPUT ---    mlogit(1);

  INPUT ---    mlogit(1);

  INPUT ---    mlogit(1);

  INPUT ---    mlogit(1);

  INPUT ---    mlogit(1);

  INPUT ---    mlogit(1);

  INPUT ---    mlogit(1);

  INPUT ---    mlogit(1);

  INPUT ---    mlogit(1);

  INPUT ---    mlogit(1);

  INPUT ---    mlogit(1);

  INPUT ---    mlogit(1);

  INPUT ---    mlogit(1);

  INPUT ---    mlogit(2);

  INPUT ---    mlogit(2);

  INPUT ---    mlogit(2);


  Program  MARK  - Survival Rate Estimation with Capture-Recapture Data
   gfortran(dble) Vers. 9.0 Mar 2018    25-Mar-2020 14:33:42    Page  006
 - - - - - - - - - - - - - - - - - - - - - - - - - - - - - - - - - - - - - -
 
  INPUT ---    mlogit(2);

  INPUT ---    mlogit(2);

  INPUT ---    mlogit(2);

  INPUT ---    mlogit(2);

  INPUT ---    mlogit(2);

  INPUT ---    mlogit(2);

  INPUT ---    mlogit(2);

  INPUT ---    mlogit(2);

  INPUT ---    mlogit(2);

  INPUT ---    mlogit(2);

  INPUT ---    mlogit(2);

  INPUT ---    mlogit(2);

  INPUT ---    mlogit(2);

  INPUT ---    mlogit(2);

  INPUT ---    mlogit(2);

  INPUT ---    mlogit(2);

  INPUT ---    mlogit(2);

  INPUT ---    mlogit(2);

  INPUT ---    mlogit(2);

  INPUT ---    mlogit(2);

  INPUT ---    mlogit(2);

  INPUT ---    mlogit(2);

  INPUT ---    mlogit(2);


  Program  MARK  - Survival Rate Estimation with Capture-Recapture Data
   gfortran(dble) Vers. 9.0 Mar 2018    25-Mar-2020 14:33:42    Page  007
 - - - - - - - - - - - - - - - - - - - - - - - - - - - - - - - - - - - - - -
 
  INPUT ---    mlogit(2);

  INPUT ---    mlogit(2);

  INPUT ---    mlogit(2);

  INPUT ---    mlogit(2);

  INPUT ---    mlogit(2);

  INPUT ---    mlogit(2);
  INPUT ---       blabel(1)=Phi:(Intercept);
  INPUT ---       blabel(2)=p:(Intercept);
  INPUT ---       blabel(3)=pent:(Intercept);
  INPUT ---       blabel(4)=pent:sexM;
  INPUT ---       blabel(5)=N:(Intercept);
  INPUT ---       rlabel(1)=Phi gF a0 t1;
  INPUT ---       rlabel(2)=p gF a0 t1;
  INPUT ---       rlabel(3)=N gF a0 t1;
  INPUT ---       rlabel(4)=pent gF a0.00547945205479452 t1.00547945205479;
  INPUT ---       rlabel(5)=pent gF a0.00821917808219178 t1.00821917808219;
  INPUT ---       rlabel(6)=pent gF a0.010958904109589 t1.01095890410959;
  INPUT ---       rlabel(7)=pent gF a0.0164383561643836 t1.01643835616438;
  INPUT ---       rlabel(8)=pent gF a0.0246575342465753 t1.02465753424658;
  INPUT ---       rlabel(9)=pent gF a0.0273972602739726 t1.02739726027397;
  INPUT ---       rlabel(10)=pent gF a0.0301369863013699 t1.03013698630137;
  INPUT ---       rlabel(11)=pent gF a0.0356164383561644 t1.03561643835616;
  INPUT ---       rlabel(12)=pent gF a0.0410958904109589 t1.04109589041096;
  INPUT ---       rlabel(13)=pent gF a0.0493150684931507 t1.04931506849315;
  INPUT ---       rlabel(14)=pent gF a0.0520547945205479 t1.05205479452055;
  INPUT ---       rlabel(15)=pent gF a0.0657534246575342 t1.06575342465753;
  INPUT ---       rlabel(16)=pent gF a0.0712328767123288 t1.07123287671233;
  INPUT ---       rlabel(17)=pent gF a0.0986301369863014 t1.0986301369863;
  INPUT ---       rlabel(18)=pent gF a0.101369863013699 t1.1013698630137;
  INPUT ---       rlabel(19)=pent gF a0.106849315068493 t1.10684931506849;
  INPUT ---       rlabel(20)=pent gF a0.10958904109589 t1.10958904109589;
  INPUT ---       rlabel(21)=pent gF a0.120547945205479 t1.12054794520548;
  INPUT ---       rlabel(22)=pent gF a0.350684931506849 t1.35068493150685;
  INPUT ---       rlabel(23)=pent gF a0.358904109589041 t1.35890410958904;
  INPUT ---       rlabel(24)=pent gF a0.613698630136986 t1.61369863013699;
  INPUT ---       rlabel(25)=pent gF a0.638356164383562 t1.63835616438356;
  INPUT ---       rlabel(26)=pent gF a0.646575342465753 t1.64657534246575;
  INPUT ---       rlabel(27)=pent gF a0.649315068493151 t1.64931506849315;
  INPUT ---       rlabel(28)=pent gF a0.652054794520548 t1.65205479452055;
  INPUT ---       rlabel(29)=pent gF a0.704109589041096 t1.7041095890411;
  INPUT ---       rlabel(30)=pent gF a0.706849315068493 t1.70684931506849;

  Program  MARK  - Survival Rate Estimation with Capture-Recapture Data
   gfortran(dble) Vers. 9.0 Mar 2018    25-Mar-2020 14:33:42    Page  008
 - - - - - - - - - - - - - - - - - - - - - - - - - - - - - - - - - - - - - -
 
  INPUT ---       rlabel(31)=pent gF a0.70958904109589 t1.70958904109589;
  INPUT ---       rlabel(32)=pent gF a0.827397260273973 t1.82739726027397;
  INPUT ---       rlabel(33)=pent gF a1.4027397260274 t2.4027397260274;
  INPUT ---       rlabel(34)=pent gF a1.40547945205479 t2.40547945205479;
  INPUT ---       rlabel(35)=pent gF a1.40821917808219 t2.40821917808219;
  INPUT ---       rlabel(36)=pent gM a0.00547945205479452 t1.00547945205479;
  INPUT ---       rlabel(37)=pent gM a0.00821917808219178 t1.00821917808219;
  INPUT ---       rlabel(38)=pent gM a0.010958904109589 t1.01095890410959;
  INPUT ---       rlabel(39)=pent gM a0.0164383561643836 t1.01643835616438;
  INPUT ---       rlabel(40)=pent gM a0.0246575342465753 t1.02465753424658;
  INPUT ---       rlabel(41)=pent gM a0.0273972602739726 t1.02739726027397;
  INPUT ---       rlabel(42)=pent gM a0.0301369863013699 t1.03013698630137;
  INPUT ---       rlabel(43)=pent gM a0.0356164383561644 t1.03561643835616;
  INPUT ---       rlabel(44)=pent gM a0.0410958904109589 t1.04109589041096;
  INPUT ---       rlabel(45)=pent gM a0.0493150684931507 t1.04931506849315;
  INPUT ---       rlabel(46)=pent gM a0.0520547945205479 t1.05205479452055;
  INPUT ---       rlabel(47)=pent gM a0.0657534246575342 t1.06575342465753;
  INPUT ---       rlabel(48)=pent gM a0.0712328767123288 t1.07123287671233;
  INPUT ---       rlabel(49)=pent gM a0.0986301369863014 t1.0986301369863;
  INPUT ---       rlabel(50)=pent gM a0.101369863013699 t1.1013698630137;
  INPUT ---       rlabel(51)=pent gM a0.106849315068493 t1.10684931506849;
  INPUT ---       rlabel(52)=pent gM a0.10958904109589 t1.10958904109589;
  INPUT ---       rlabel(53)=pent gM a0.120547945205479 t1.12054794520548;
  INPUT ---       rlabel(54)=pent gM a0.350684931506849 t1.35068493150685;
  INPUT ---       rlabel(55)=pent gM a0.358904109589041 t1.35890410958904;
  INPUT ---       rlabel(56)=pent gM a0.613698630136986 t1.61369863013699;
  INPUT ---       rlabel(57)=pent gM a0.638356164383562 t1.63835616438356;
  INPUT ---       rlabel(58)=pent gM a0.646575342465753 t1.64657534246575;
  INPUT ---       rlabel(59)=pent gM a0.649315068493151 t1.64931506849315;
  INPUT ---       rlabel(60)=pent gM a0.652054794520548 t1.65205479452055;
  INPUT ---       rlabel(61)=pent gM a0.704109589041096 t1.7041095890411;
  INPUT ---       rlabel(62)=pent gM a0.706849315068493 t1.70684931506849;
  INPUT ---       rlabel(63)=pent gM a0.70958904109589 t1.70958904109589;
  INPUT ---       rlabel(64)=pent gM a0.827397260273973 t1.82739726027397;
  INPUT ---       rlabel(65)=pent gM a1.4027397260274 t2.4027397260274;
  INPUT ---       rlabel(66)=pent gM a1.40547945205479 t2.40547945205479;
  INPUT ---       rlabel(67)=pent gM a1.40821917808219 t2.40821917808219;

 Link Function Used is PARM-SPECIFIC

 Variance Estimation Procedure Used is 2ndPart 

 M(t+1):
      16     29



 Group: 1

 U(t)+UL(t):
       0    2    2    0    1    0    3    1    1    0    0    0    0    0    1
       0    0    0    2    1    1    0    0    0    1    0    0    0    0    0
       0    0    0

 U(t):
       0    2    2    0    1    0    3    1    1    0    0    0    0    0    1
       0    0    0    2    1    1    0    0    0    1    0    0    0    0    0
       0    0    0

 UL(t):
       0    0    0    0    0    0    0    0    0    0    0    0    0    0    0
       0    0    0    0    0    0    0    0    0    0    0    0    0    0    0
       0    0    0

 Not Released(t):
       0    0    0    0    0    0    0    0    0    0    0    0    0    0    0
       0    0    0    0    0    0    0    0    0    0    0    0    0    0    0
       0    0    0

 Group: 2

 U(t)+UL(t):
       3    0    1    1    1    1    1    0    1    1    2    1    3    3    1
       1    0    2    3    1    0    0    1    0    0    0    0    0    0    1
       0    0    0

 U(t):
       3    0    1    1    1    1    1    0    1    1    2    1    3    3    1
       1    0    2    3    1    0    0    1    0    0    0    0    0    0    1
       0    0    0

 UL(t):
       0    0    0    0    0    0    0    0    0    0    0    0    0    0    0
       0    0    0    0    0    0    0    0    0    0    0    0    0    0    0
       0    0    0

 Not Released(t):
       0    0    0    0    0    0    0    0    0    0    0    0    0    0    0
       0    0    0    0    0    0    0    0    0    0    0    0    0    0    0
       0    0    0
 -2logL(saturated) = 272.93564     

  Program  MARK  - Survival Rate Estimation with Capture-Recapture Data
   gfortran(dble) Vers. 9.0 Mar 2018    25-Mar-2020 14:33:42    Page  009
 - - - - - - - - - - - - - - - - - - - - - - - - - - - - - - - - - - - - - -
 
 Effective Sample Size = 103

 Number of function evaluations was 37 for 5 parameters.
 Time for numerical optimization was 0.01 seconds.     
 -2logL { Phi(~1)p(~1)pent(~sex)N(~1) } = 560.08006     
 Penalty { Phi(~1)p(~1)pent(~sex)N(~1) } = 0.0000000     
 Gradient { Phi(~1)p(~1)pent(~sex)N(~1) }:
 -0.1143072E-04  0.4305505E-05 -0.2423563E-05   0.000000     -0.9455418E-05
 Maximum ABS(G) { Phi(~1)p(~1)pent(~sex)N(~1) } = 0.1143072E-04 
 S Vector { Phi(~1)p(~1)pent(~sex)N(~1) }:
   85.04368      4.725927      2.765847     0.9820771E-01 0.7706902E-01
 Time to compute number of parameters was 0.03 seconds.     
 Ratio Threshold = 50.000000       Max Gap (3/4) = 28.163241       Next Max Gap (1/2) = 17.995132     
 Gap Method for Num. of Estimated Parameters { Phi(~1)p(~1)pent(~sex)N(~1) } = 5          
 Threshold { Phi(~1)p(~1)pent(~sex)N(~1) } = 0.2286144E-04                 
 Numerical Threshold Method for Num. of Estimated Parameters { Phi(~1)p(~1)pent(~sex)N(~1) } = 5          
 Number of Estimated Parameters { Phi(~1)p(~1)pent(~sex)N(~1) } = 5          
 DEVIANCE { Phi(~1)p(~1)pent(~sex)N(~1) } = 287.14442                     
 DEVIANCE Degrees of Freedom { Phi(~1)p(~1)pent(~sex)N(~1) } = 36            
 c-hat { Phi(~1)p(~1)pent(~sex)N(~1) } = 7.9762339                     
 AIC { Phi(~1)p(~1)pent(~sex)N(~1) } = 570.08006                  
 AICc { Phi(~1)p(~1)pent(~sex)N(~1) } = 570.69862                    
 BIC { Phi(~1)p(~1)pent(~sex)N(~1) } = 583.25371                    
 Pearson Chisquare { Phi(~1)p(~1)pent(~sex)N(~1) } = 45076949.                  


               PARM-SPECIFIC Link Function Parameters of { Phi(~1)p(~1)pent(~sex)N(~1) }
                                                              95% Confidence Interval
 Parameter                    Beta         Standard Error      Lower           Upper
 -------------------------  --------------  --------------  --------------  --------------
    1:Phi:(Intercept)        0.3348930       0.7815993      -1.1970416       1.8668276    
    2:p:(Intercept)         -2.5440188       0.1848726      -2.9063692      -2.1816684    
    3:pent:(Intercept)      -5.2960144       3.1499654      -11.469947       0.8779179    
    4:pent:sexM             -0.6858513       3.5298095      -7.6042781       6.2325756    
    5:N:(Intercept)          1.4206421       0.8460974      -0.2377088       3.0789930    


               Real Function Parameters of { Phi(~1)p(~1)pent(~sex)N(~1) }
                                                               95% Confidence Interval
  Parameter                  Estimate       Standard Error      Lower           Upper
 --------------------------  --------------  --------------  --------------  --------------
     1:Phi gF a0 t1           0.5829494       0.1900219       0.2320019       0.8660908                          
     2:p gF a0 t1             0.0728293       0.0124836       0.0518396       0.1014088                          
     3:N gF a0 t1             20.139778       3.5026551       16.980630       33.476272                          
     4:pent gF a0.005479452   0.0043189       0.0117242       0.2072464E-04   0.4758484                          
     5:pent gF a0.008219178   0.0043189       0.0117242       0.2072464E-04   0.4758484                          
     6:pent gF a0.010958904   0.0043189       0.0117242       0.2072464E-04   0.4758484                          
     7:pent gF a0.016438356   0.0043189       0.0117242       0.2072464E-04   0.4758484                          
     8:pent gF a0.024657534   0.0043189       0.0117242       0.2072464E-04   0.4758484                          
     9:pent gF a0.027397260   0.0043189       0.0117242       0.2072464E-04   0.4758484                          
    10:pent gF a0.030136986   0.0043189       0.0117242       0.2072464E-04   0.4758484                          
    11:pent gF a0.035616438   0.0043189       0.0117242       0.2072464E-04   0.4758484                          
    12:pent gF a0.041095890   0.0043189       0.0117242       0.2072464E-04   0.4758484                          
    13:pent gF a0.049315068   0.0043189       0.0117242       0.2072464E-04   0.4758484                          
    14:pent gF a0.052054794   0.0043189       0.0117242       0.2072464E-04   0.4758484                          
    15:pent gF a0.065753424   0.0043189       0.0117242       0.2072464E-04   0.4758484                          
    16:pent gF a0.071232876   0.0043189       0.0117242       0.2072464E-04   0.4758484                          
    17:pent gF a0.098630136   0.0043189       0.0117242       0.2072464E-04   0.4758484                          

  Program  MARK  - Survival Rate Estimation with Capture-Recapture Data
   gfortran(dble) Vers. 9.0 Mar 2018    25-Mar-2020 14:33:42    Page  010
 - - - - - - - - - - - - - - - - - - - - - - - - - - - - - - - - - - - - - -
 
    18:pent gF a0.101369863   0.0043189       0.0117242       0.2072464E-04   0.4758484                          
    19:pent gF a0.106849315   0.0043189       0.0117242       0.2072464E-04   0.4758484                          
    20:pent gF a0.109589041   0.0043189       0.0117242       0.2072464E-04   0.4758484                          
    21:pent gF a0.120547945   0.0043189       0.0117242       0.2072464E-04   0.4758484                          
    22:pent gF a0.350684931   0.0043189       0.0117242       0.2072464E-04   0.4758484                          
    23:pent gF a0.358904109   0.0043189       0.0117242       0.2072464E-04   0.4758484                          
    24:pent gF a0.613698630   0.0043189       0.0117242       0.2072464E-04   0.4758484                          
    25:pent gF a0.638356164   0.0043189       0.0117242       0.2072464E-04   0.4758484                          
    26:pent gF a0.646575342   0.0043189       0.0117242       0.2072464E-04   0.4758484                          
    27:pent gF a0.649315068   0.0043189       0.0117242       0.2072464E-04   0.4758484                          
    28:pent gF a0.652054794   0.0043189       0.0117242       0.2072464E-04   0.4758484                          
    29:pent gF a0.704109589   0.0043189       0.0117242       0.2072464E-04   0.4758484                          
    30:pent gF a0.706849315   0.0043189       0.0117242       0.2072464E-04   0.4758484                          
    31:pent gF a0.709589041   0.0043189       0.0117242       0.2072464E-04   0.4758484                          
    32:pent gF a0.827397260   0.0043189       0.0117242       0.2072464E-04   0.4758484                          
    33:pent gF a1.402739726   0.0043189       0.0117242       0.2072464E-04   0.4758484                          
    34:pent gF a1.405479452   0.0043189       0.0117242       0.2072464E-04   0.4758484                          
    35:pent gF a1.408219178   0.0043189       0.0117242       0.2072464E-04   0.4758484                          
    36:pent gM a0.005479452   0.0023355       0.0105146       0.3373864E-06   0.9420038                          
    37:pent gM a0.008219178   0.0023355       0.0105146       0.3373864E-06   0.9420038                          
    38:pent gM a0.010958904   0.0023355       0.0105146       0.3373864E-06   0.9420038                          
    39:pent gM a0.016438356   0.0023355       0.0105146       0.3373864E-06   0.9420038                          
    40:pent gM a0.024657534   0.0023355       0.0105146       0.3373864E-06   0.9420038                          
    41:pent gM a0.027397260   0.0023355       0.0105146       0.3373864E-06   0.9420038                          
    42:pent gM a0.030136986   0.0023355       0.0105146       0.3373864E-06   0.9420038                          
    43:pent gM a0.035616438   0.0023355       0.0105146       0.3373864E-06   0.9420038                          
    44:pent gM a0.041095890   0.0023355       0.0105146       0.3373864E-06   0.9420038                          
    45:pent gM a0.049315068   0.0023355       0.0105146       0.3373864E-06   0.9420038                          
    46:pent gM a0.052054794   0.0023355       0.0105146       0.3373864E-06   0.9420038                          
    47:pent gM a0.065753424   0.0023355       0.0105146       0.3373864E-06   0.9420038                          
    48:pent gM a0.071232876   0.0023355       0.0105146       0.3373864E-06   0.9420038                          
    49:pent gM a0.098630136   0.0023355       0.0105146       0.3373864E-06   0.9420038                          
    50:pent gM a0.101369863   0.0023355       0.0105146       0.3373864E-06   0.9420038                          
    51:pent gM a0.106849315   0.0023355       0.0105146       0.3373864E-06   0.9420038                          
    52:pent gM a0.109589041   0.0023355       0.0105146       0.3373864E-06   0.9420038                          
    53:pent gM a0.120547945   0.0023355       0.0105146       0.3373864E-06   0.9420038                          
    54:pent gM a0.350684931   0.0023355       0.0105146       0.3373864E-06   0.9420038                          
    55:pent gM a0.358904109   0.0023355       0.0105146       0.3373864E-06   0.9420038                          
    56:pent gM a0.613698630   0.0023355       0.0105146       0.3373864E-06   0.9420038                          
    57:pent gM a0.638356164   0.0023355       0.0105146       0.3373864E-06   0.9420038                          
    58:pent gM a0.646575342   0.0023355       0.0105146       0.3373864E-06   0.9420038                          
    59:pent gM a0.649315068   0.0023355       0.0105146       0.3373864E-06   0.9420038                          
    60:pent gM a0.652054794   0.0023355       0.0105146       0.3373864E-06   0.9420038                          
    61:pent gM a0.704109589   0.0023355       0.0105146       0.3373864E-06   0.9420038                          
    62:pent gM a0.706849315   0.0023355       0.0105146       0.3373864E-06   0.9420038                          
    63:pent gM a0.709589041   0.0023355       0.0105146       0.3373864E-06   0.9420038                          

  Program  MARK  - Survival Rate Estimation with Capture-Recapture Data
   gfortran(dble) Vers. 9.0 Mar 2018    25-Mar-2020 14:33:42    Page  011
 - - - - - - - - - - - - - - - - - - - - - - - - - - - - - - - - - - - - - -
 
    64:pent gM a0.827397260   0.0023355       0.0105146       0.3373864E-06   0.9420038                          
    65:pent gM a1.402739726   0.0023355       0.0105146       0.3373864E-06   0.9420038                          
    66:pent gM a1.405479452   0.0023355       0.0105146       0.3373864E-06   0.9420038                          
    67:pent gM a1.408219178   0.0023355       0.0105146       0.3373864E-06   0.9420038                          


                      Estimates of Derived Parameters
   Gross Birth+Immigration Estimates of { Phi(~1)p(~1)pent(~sex)N(~1) }
                                                95% Confidence Interval
 Grp. Occ.   B*-hat          Standard Error      Lower           Upper
 ---- ----   --------------  --------------  --------------  --------------
   1     1    0.0871105       0.2482856       0.0047249       1.6060209    
   1     2    0.0870462       0.2480796       0.0047219       1.6046629    
   1     3    0.0870462       0.2480796       0.0047219       1.6046629    
   1     4    0.0871105       0.2482856       0.0047249       1.6060209    
   1     5    0.0871749       0.2484917       0.0047279       1.6073796    
   1     6    0.0870462       0.2480796       0.0047219       1.6046629    
   1     7    0.0870462       0.2480796       0.0047219       1.6046629    
   1     8    0.0871105       0.2482856       0.0047249       1.6060209    
   1     9    0.0871105       0.2482856       0.0047249       1.6060209    
   1    10    0.0871749       0.2484917       0.0047279       1.6073796    
   1    11    0.0870462       0.2480796       0.0047219       1.6046629    
   1    12    0.0873038       0.2489043       0.0047338       1.6100995    
   1    13    0.0871105       0.2482856       0.0047249       1.6060209    
   1    14    0.0876265       0.2499379       0.0047488       1.6169130    
   1    15    0.0870462       0.2480796       0.0047219       1.6046629    
   1    16    0.0871105       0.2482856       0.0047249       1.6060209    
   1    17    0.0870462       0.2480796       0.0047219       1.6046629    
   1    18    0.0872393       0.2486980       0.0047308       1.6087392    
   1    19    0.0924950       0.2655757       0.0049739       1.7200434    
   1    20    0.0871749       0.2484917       0.0047279       1.6073796    
   1    21    0.0930989       0.2675211       0.0050017       1.7328789    
   1    22    0.0875619       0.2497310       0.0047458       1.6155487    
   1    23    0.0871749       0.2484917       0.0047279       1.6073796    
   1    24    0.0870462       0.2480796       0.0047219       1.6046629    
   1    25    0.0870462       0.2480796       0.0047219       1.6046629    
   1    26    0.0882093       0.2518057       0.0047758       1.6292266    
   1    27    0.0870462       0.2480796       0.0047219       1.6046629    
   1    28    0.0870462       0.2480796       0.0047219       1.6046629    
   1    29    0.0897761       0.2568326       0.0048483       1.6623734    
   1    30    0.1011829       0.2936689       0.0053728       1.9055014    
   1    31    0.0870462       0.2480796       0.0047219       1.6046629    
   1    32    0.0870462       0.2480796       0.0047219       1.6046629    
   2     1    0.0775115       0.3550771       0.0024716       2.4308536    
   2     2    0.0774543       0.3547931       0.0024699       2.4288998    

  Program  MARK  - Survival Rate Estimation with Capture-Recapture Data
   gfortran(dble) Vers. 9.0 Mar 2018    25-Mar-2020 14:33:42    Page  012
 - - - - - - - - - - - - - - - - - - - - - - - - - - - - - - - - - - - - - -
 
   2     3    0.0774543       0.3547931       0.0024699       2.4288998    
   2     4    0.0775115       0.3550771       0.0024716       2.4308536    
   2     5    0.0775688       0.3553612       0.0024732       2.4328085    
   2     6    0.0774543       0.3547931       0.0024699       2.4288998    
   2     7    0.0774543       0.3547931       0.0024699       2.4288998    
   2     8    0.0775115       0.3550771       0.0024716       2.4308536    
   2     9    0.0775115       0.3550771       0.0024716       2.4308536    
   2    10    0.0775688       0.3553612       0.0024732       2.4328085    
   2    11    0.0774543       0.3547931       0.0024699       2.4288998    
   2    12    0.0776835       0.3559300       0.0024766       2.4367214    
   2    13    0.0775115       0.3550771       0.0024716       2.4308536    
   2    14    0.0779706       0.3573546       0.0024849       2.4465221    
   2    15    0.0774543       0.3547931       0.0024699       2.4288998    
   2    16    0.0775115       0.3550771       0.0024716       2.4308536    
   2    17    0.0774543       0.3547931       0.0024699       2.4288998    
   2    18    0.0776261       0.3556455       0.0024749       2.4347644    
   2    19    0.0823027       0.3788845       0.0026106       2.5946518    
   2    20    0.0775688       0.3553612       0.0024732       2.4328085    
   2    21    0.0828400       0.3815600       0.0026262       2.6130607    
   2    22    0.0779131       0.3570694       0.0024833       2.4445599    
   2    23    0.0775688       0.3553612       0.0024732       2.4328085    
   2    24    0.0774543       0.3547931       0.0024699       2.4288998    
   2    25    0.0774543       0.3547931       0.0024699       2.4288998    
   2    26    0.0784892       0.3599285       0.0025000       2.4642298    
   2    27    0.0774543       0.3547931       0.0024699       2.4288998    
   2    28    0.0774543       0.3547931       0.0024699       2.4288998    
   2    29    0.0798834       0.3668526       0.0025405       2.5118675    
   2    30    0.0900332       0.4174619       0.0028341       2.8601137    
   2    31    0.0774543       0.3547931       0.0024699       2.4288998    
   2    32    0.0774543       0.3547931       0.0024699       2.4288998    

    Net Birth+Immigration Estimates of { Phi(~1)p(~1)pent(~sex)N(~1) }
                                                95% Confidence Interval
 Grp. Occ.   B-hat           Standard Error      Lower           Upper
 ---- ----   --------------  --------------  --------------  --------------
   1     1    0.0869819       0.2478737       0.0047189       1.6033057    
   1     2    0.0869819       0.2478737       0.0047189       1.6033057    
   1     3    0.0869819       0.2478737       0.0047189       1.6033057    
   1     4    0.0869819       0.2478737       0.0047189       1.6033057    
   1     5    0.0869819       0.2478737       0.0047189       1.6033057    
   1     6    0.0869819       0.2478737       0.0047189       1.6033057    
   1     7    0.0869819       0.2478737       0.0047189       1.6033057    
   1     8    0.0869819       0.2478737       0.0047189       1.6033057    
   1     9    0.0869819       0.2478737       0.0047189       1.6033057    
   1    10    0.0869819       0.2478737       0.0047189       1.6033057    
   1    11    0.0869819       0.2478737       0.0047189       1.6033057    
   1    12    0.0869819       0.2478737       0.0047189       1.6033057    
   1    13    0.0869819       0.2478737       0.0047189       1.6033057    
   1    14    0.0869819       0.2478737       0.0047189       1.6033057    
   1    15    0.0869819       0.2478737       0.0047189       1.6033057    
   1    16    0.0869819       0.2478737       0.0047189       1.6033057    
   1    17    0.0869819       0.2478737       0.0047189       1.6033057    
   1    18    0.0869819       0.2478737       0.0047189       1.6033057    
   1    19    0.0869819       0.2478737       0.0047189       1.6033057    
   1    20    0.0869819       0.2478737       0.0047189       1.6033057    
   1    21    0.0869819       0.2478737       0.0047189       1.6033057    
   1    22    0.0869819       0.2478737       0.0047189       1.6033057    
   1    23    0.0869819       0.2478737       0.0047189       1.6033057    
   1    24    0.0869819       0.2478737       0.0047189       1.6033057    
   1    25    0.0869819       0.2478737       0.0047189       1.6033057    
   1    26    0.0869819       0.2478737       0.0047189       1.6033057    
   1    27    0.0869819       0.2478737       0.0047189       1.6033057    
   1    28    0.0869819       0.2478737       0.0047189       1.6033057    
   1    29    0.0869819       0.2478737       0.0047189       1.6033057    
   1    30    0.0869819       0.2478737       0.0047189       1.6033057    
   1    31    0.0869819       0.2478737       0.0047189       1.6033057    
   1    32    0.0869819       0.2478737       0.0047189       1.6033057    
   2     1    0.0773971       0.3545092       0.0024682       2.4269470    
   2     2    0.0773971       0.3545092       0.0024682       2.4269470    
   2     3    0.0773971       0.3545092       0.0024682       2.4269470    
   2     4    0.0773971       0.3545092       0.0024682       2.4269470    
   2     5    0.0773971       0.3545092       0.0024682       2.4269470    
   2     6    0.0773971       0.3545092       0.0024682       2.4269470    
   2     7    0.0773971       0.3545092       0.0024682       2.4269470    
   2     8    0.0773971       0.3545092       0.0024682       2.4269470    
   2     9    0.0773971       0.3545092       0.0024682       2.4269470    
   2    10    0.0773971       0.3545092       0.0024682       2.4269470    
   2    11    0.0773971       0.3545092       0.0024682       2.4269470    
   2    12    0.0773971       0.3545092       0.0024682       2.4269470    
   2    13    0.0773971       0.3545092       0.0024682       2.4269470    
   2    14    0.0773971       0.3545092       0.0024682       2.4269470    
   2    15    0.0773971       0.3545092       0.0024682       2.4269470    
   2    16    0.0773971       0.3545092       0.0024682       2.4269470    
   2    17    0.0773971       0.3545092       0.0024682       2.4269470    
   2    18    0.0773971       0.3545092       0.0024682       2.4269470    
   2    19    0.0773971       0.3545092       0.0024682       2.4269470    
   2    20    0.0773971       0.3545092       0.0024682       2.4269470    
   2    21    0.0773971       0.3545092       0.0024682       2.4269470    
   2    22    0.0773971       0.3545092       0.0024682       2.4269470    
   2    23    0.0773971       0.3545092       0.0024682       2.4269470    
   2    24    0.0773971       0.3545092       0.0024682       2.4269470    
   2    25    0.0773971       0.3545092       0.0024682       2.4269470    
   2    26    0.0773971       0.3545092       0.0024682       2.4269470    
   2    27    0.0773971       0.3545092       0.0024682       2.4269470    
   2    28    0.0773971       0.3545092       0.0024682       2.4269470    
   2    29    0.0773971       0.3545092       0.0024682       2.4269470    
   2    30    0.0773971       0.3545092       0.0024682       2.4269470    
   2    31    0.0773971       0.3545092       0.0024682       2.4269470    
   2    32    0.0773971       0.3545092       0.0024682       2.4269470    

         Population Estimates of { Phi(~1)p(~1)pent(~sex)N(~1) }
                                                95% Confidence Interval
 Grp. Occ.   N-hat           Standard Error      Lower           Upper
 ---- ----   --------------  --------------  --------------  --------------
   1     1    17.356358       5.5992395       9.3674269       32.158581    
   1     2    17.392093       5.3679172       9.6290678       31.413724    
   1     3    17.453379       5.1401023       9.9171390       30.716565    
   1     4    17.514575       4.9144484       10.210938       30.042327    
   1     5    17.549843       4.6903074       10.487989       29.366637    
   1     6    17.559154       4.4683545       10.746810       28.689807    
   1     7    17.620194       4.2503951       11.055387       28.083253    
   1     8    17.681144       4.0358743       11.367749       27.500858    
   1     9    17.715919       3.8252092       11.658943       26.919576    
   1    10    17.750592       3.6190119       11.951699       26.363074    
   1    11    17.759015       3.4181634       12.219929       25.808875    
   1    12    17.819760       3.2224510       12.537412       25.327702    
   1    13    17.775494       3.0353695       12.749989       24.781842    
   1    14    17.809991       2.8542066       13.035048       24.334072    
   1    15    17.635589       2.6879992       13.103655       23.734903    
   1    16    17.696515       2.5233300       13.400583       23.369629    

  Program  MARK  - Survival Rate Estimation with Capture-Recapture Data
   gfortran(dble) Vers. 9.0 Mar 2018    25-Mar-2020 14:33:42    Page  013
 - - - - - - - - - - - - - - - - - - - - - - - - - - - - - - - - - - - - - -
 
   1    17    17.731246       2.3727028       13.656482       23.021821    
   1    18    17.792031       2.2370100       13.919400       22.742099    
   1    19    17.774101       2.1196958       14.080943       22.435902    
   1    20    15.785210       2.2616133       11.937460       20.873190    
   1    21    15.802332       2.1492435       12.119339       20.604564    
   1    22    13.859242       2.5917407       9.6366021       19.932190    
   1    23    13.763026       2.5307007       9.6270714       19.675859    
   1    24    13.789097       2.4500948       9.7602823       19.480912    
   1    25    13.855707       2.3780915       9.9218150       19.349344    
   1    26    13.922218       2.3292476       10.052587       19.281421    
   1    27    13.623545       2.3961552       9.6764042       19.180779    
   1    28    13.690399       2.3853630       9.7546287       19.214163    
   1    29    13.757154       2.3989197       9.7995642       19.313032    
   1    30    12.996737       2.5865772       8.8322159       19.124891    
   1    31    9.6147641       3.3027342       4.9963683       18.502177    
   1    32    9.6875410       3.2633473       5.0949747       18.419807    
   1    33    9.7602104       3.2419521       5.1770629       18.400724    
   2     1    30.663072       9.0389805       17.414028       53.992334    
   2     2    30.649932       8.6999729       17.761396       52.891020    
   2     3    30.682046       8.3607493       18.158148       51.843832    
   2     4    30.714113       8.0230061       18.562893       50.819491    
   2     5    30.700823       7.6897823       18.931131       49.787862    
   2     6    30.642347       7.3621258       19.260663       48.749798    
   2     7    30.674473       7.0293262       19.688095       47.791485    
   2     8    30.706551       6.6986185       20.122989       46.856472    
   2     9    30.693282       6.3749825       20.516784       45.917410    
   2    10    30.680053       6.0542674       20.916177       45.001801    
   2    11    30.621670       5.7424593       21.270516       44.083869    
   2    12    30.653826       5.4223911       21.730524       43.241342    
   2    13    30.505449       5.1322918       21.986964       42.324280    
   2    14    30.492774       4.8267780       22.402083       41.505484    
   2    15    30.122650       4.5884961       22.385798       40.533469    
   2    16    30.155544       4.2850761       22.856722       39.785092    
   2    17    30.143902       3.9973853       23.270787       39.047017    
   2    18    30.176764       3.7094192       23.737257       38.363198    
   2    19    30.076222       3.4593908       24.023547       37.653854    
   2    20    26.640957       4.1893611       19.611475       36.190066    
   2    21    26.600449       3.9542013       19.908791       35.541279    
   2    22    23.260577       4.9035245       15.456950       35.003960    
   2    23    23.030506       4.7672328       15.415208       34.407853    
   2    24    23.005977       4.5744464       15.639576       33.842029    
   2    25    23.049385       4.3742564       15.942051       33.325331    
   2    26    23.092728       4.1933969       16.223895       32.869672    
   2    27    22.530440       4.2548158       15.610819       32.517240    
   2    28    22.574550       4.1128597       15.841637       32.169045    
   2    29    22.618596       3.9959142       16.041290       31.892751    

  Program  MARK  - Survival Rate Estimation with Capture-Recapture Data
   gfortran(dble) Vers. 9.0 Mar 2018    25-Mar-2020 14:33:42    Page  014
 - - - - - - - - - - - - - - - - - - - - - - - - - - - - - - - - - - - - - -
 
   2    30    21.302755       4.3579979       14.324528       31.680443    
   2    31    15.694241       5.7947810       7.7881169       31.626284    
   2    32    15.748451       5.6558627       7.9571392       31.168704    
   2    33    15.802581       5.5357547       8.1119761       30.784308    

      Gross Population Estimates of { Phi(~1)p(~1)pent(~sex)N(~1) }
                                                95% Confidence Interval
 Grp. Occ.   N*-hat          Standard Error      Lower           Upper
 ---- ----   --------------  --------------  --------------  --------------
   1     0    20.173815       3.5929946       14.268116       28.523934    
   2     0    33.170064       3.6192064       26.800576       41.053340    

   CPU Time for the last procedure was 0.05 seconds.     


  INPUT --- proc stop;

     CPU Time in minutes for this job was 0.00

     Time Start = 14:33:42.509   Time End = 14:33:42.915

     Wall Clock Time in minutes for this job was 0.01


          E X E C U T I O N   S U C C E S S F U L 
