
   Program  MARK  - Survival Rate Estimation with Capture-Recapture Data
   gfortran(dble) Vers. 9.0 Mar 2018    25-Mar-2020 12:21:17    Page  001
 - - - - - - - - - - - - - - - - - - - - - - - - - - - - - - - - - - - - - -
 
   This version was compiled by GCC version 7.2.0 using the options: 
     -cpp -iprefix C:/Program Files/mingw-w64/x86_64-7.2.0-posix-seh-rt_v5-rev1/
     mingw64/bin/../lib/gcc/x86_64-w64-mingw32/7.2.0/ -D_MT -D_REENTRANT
     -U_REENTRANT -D IEEE -D DBLEPRECISION -m64 -mtune=core2 -march=nocona -mthreads
     -O2 -fimplicit-none -fbounds-check -funroll-loops -ftree-vectorize
     -ffpe-summary=invalid,zero,overflow,underflow -fno-unsafe-math-optimizations
     -frounding-math -fsignaling-nans -fopenmp.

   This problem will use 15 of 16 possible threads.


  INPUT --- proc title ;

   CPU Time for the last procedure was 0.01 seconds.     


  INPUT --- proc chmatrix occasions= 33 groups= 2 etype= POPAN Nodes= 
  INPUT --- 101 ICMeans NoHist hist= 41  ;

  INPUT ---    time interval 0.00547945205479452 0.00273972602739726 
  INPUT ---    0.00273972602739726 0.00547945205479452  
  INPUT ---    0.00821917808219178 0.00273972602739726 0.00273972602739726 
  INPUT ---    0.00547945205479452  0.00547945205479452 
  INPUT ---    0.00821917808219178 0.00273972602739726 0.0136986301369863 
  INPUT ---    0.00547945205479452  0.0273972602739726 0.00273972602739726 
  INPUT ---    0.00547945205479452 0.00273972602739726 0.010958904109589  
  INPUT ---    0.23013698630137 0.00821917808219178 0.254794520547945 
  INPUT ---    0.0246575342465753 0.00821917808219178  0.00273972602739726 
  INPUT ---    0.00273972602739726 0.0520547945205479 0.00273972602739726 
  INPUT ---    0.00273972602739726  0.117808219178082 0.575342465753425 
  INPUT ---    0.00273972602739726 0.00273972602739726 ;

  INPUT ---    glabel(1)=sexF;

  INPUT ---    glabel(2)=sexM;

   * *  WARNING  * *   At least a pair of the encounter histories are duplicates. 

      Number of unique encounter histories read was 38.

      Number of individual covariates read was 0.
      Time interval lengths vary and/or not equal to 1.

      Data type number is 19
      Data type is POPAN                                                                                               

   CPU Time for the last procedure was 0.01 seconds.     

  Program  MARK  - Survival Rate Estimation with Capture-Recapture Data
   gfortran(dble) Vers. 9.0 Mar 2018    25-Mar-2020 12:21:17    Page  002
 - - - - - - - - - - - - - - - - - - - - - - - - - - - - - - - - - - - - - -
 


  INPUT --- proc estimate link=Parm-Specific NOLOOP varest=2ndPart    ;


  INPUT --- model={ Phi(~sex)p(~1)pent(~sex)N(~1) };

  INPUT ---    group=1 Phi    rows=1 cols=32 Square ;
  INPUT ---        1 1 1 1 1 1 1 1 1 1 1 1 1 1 1 1 1 1 1 1 1 1 1 1 1 1 1 1 1 
  INPUT ---       1 1 1 ;

  INPUT ---    group=2 Phi    rows=1 cols=32 Square ;
  INPUT ---        2 2 2 2 2 2 2 2 2 2 2 2 2 2 2 2 2 2 2 2 2 2 2 2 2 2 2 2 2 
  INPUT ---       2 2 2 ;

  INPUT ---    group=1 p    rows=1 cols=33 Square ;
  INPUT ---        3 3 3 3 3 3 3 3 3 3 3 3 3 3 3 3 3 3 3 3 3 3 3 3 3 3 3 3 3 
  INPUT ---       3 3 3 3 ;

  INPUT ---    group=2 p    rows=1 cols=33 Square ;
  INPUT ---        3 3 3 3 3 3 3 3 3 3 3 3 3 3 3 3 3 3 3 3 3 3 3 3 3 3 3 3 3 
  INPUT ---       3 3 3 3 ;

  INPUT ---    group=1 pent    rows=1 cols=32 Square ;
  INPUT ---        5 6 7 8 9 10 11 12 13 14 15 16 17 18 19 20 21 22 23 24 25 
  INPUT ---       26 27 28 29 30 31 32 33 34 35 36 ;

  INPUT ---    group=2 pent    rows=1 cols=32 Square ;
  INPUT ---        37 38 39 40 41 42 43 44 45 46 47 48 49 50 51 52 53 54 55 
  INPUT ---       56 57 58 59 60 61 62 63 64 65 66 67 68 ;

  INPUT ---    group=1 N    rows=1 cols=1 Square ;
  INPUT ---        4 ;

  INPUT ---    group=2 N    rows=1 cols=1 Square ;
  INPUT ---        4 ;

  INPUT ---    design matrix constraints=68 covariates=6;
  INPUT ---        1 0 0 0 0 0;
  INPUT ---        1 1 0 0 0 0;
  INPUT ---        0 0 1 0 0 0;
  INPUT ---        0 0 0 0 0 1;
  INPUT ---        0 0 0 1 0 0;
  INPUT ---        0 0 0 1 0 0;
  INPUT ---        0 0 0 1 0 0;
  INPUT ---        0 0 0 1 0 0;

  Program  MARK  - Survival Rate Estimation with Capture-Recapture Data
   gfortran(dble) Vers. 9.0 Mar 2018    25-Mar-2020 12:21:17    Page  003
 - - - - - - - - - - - - - - - - - - - - - - - - - - - - - - - - - - - - - -
 
  INPUT ---        0 0 0 1 0 0;
  INPUT ---        0 0 0 1 0 0;
  INPUT ---        0 0 0 1 0 0;
  INPUT ---        0 0 0 1 0 0;
  INPUT ---        0 0 0 1 0 0;
  INPUT ---        0 0 0 1 0 0;
  INPUT ---        0 0 0 1 0 0;
  INPUT ---        0 0 0 1 0 0;
  INPUT ---        0 0 0 1 0 0;
  INPUT ---        0 0 0 1 0 0;
  INPUT ---        0 0 0 1 0 0;
  INPUT ---        0 0 0 1 0 0;
  INPUT ---        0 0 0 1 0 0;
  INPUT ---        0 0 0 1 0 0;
  INPUT ---        0 0 0 1 0 0;
  INPUT ---        0 0 0 1 0 0;
  INPUT ---        0 0 0 1 0 0;
  INPUT ---        0 0 0 1 0 0;
  INPUT ---        0 0 0 1 0 0;
  INPUT ---        0 0 0 1 0 0;
  INPUT ---        0 0 0 1 0 0;
  INPUT ---        0 0 0 1 0 0;
  INPUT ---        0 0 0 1 0 0;
  INPUT ---        0 0 0 1 0 0;
  INPUT ---        0 0 0 1 0 0;
  INPUT ---        0 0 0 1 0 0;
  INPUT ---        0 0 0 1 0 0;
  INPUT ---        0 0 0 1 0 0;
  INPUT ---        0 0 0 1 1 0;
  INPUT ---        0 0 0 1 1 0;
  INPUT ---        0 0 0 1 1 0;
  INPUT ---        0 0 0 1 1 0;
  INPUT ---        0 0 0 1 1 0;
  INPUT ---        0 0 0 1 1 0;
  INPUT ---        0 0 0 1 1 0;
  INPUT ---        0 0 0 1 1 0;
  INPUT ---        0 0 0 1 1 0;
  INPUT ---        0 0 0 1 1 0;
  INPUT ---        0 0 0 1 1 0;
  INPUT ---        0 0 0 1 1 0;
  INPUT ---        0 0 0 1 1 0;
  INPUT ---        0 0 0 1 1 0;
  INPUT ---        0 0 0 1 1 0;
  INPUT ---        0 0 0 1 1 0;
  INPUT ---        0 0 0 1 1 0;
  INPUT ---        0 0 0 1 1 0;

  Program  MARK  - Survival Rate Estimation with Capture-Recapture Data
   gfortran(dble) Vers. 9.0 Mar 2018    25-Mar-2020 12:21:17    Page  004
 - - - - - - - - - - - - - - - - - - - - - - - - - - - - - - - - - - - - - -
 
  INPUT ---        0 0 0 1 1 0;
  INPUT ---        0 0 0 1 1 0;
  INPUT ---        0 0 0 1 1 0;
  INPUT ---        0 0 0 1 1 0;
  INPUT ---        0 0 0 1 1 0;
  INPUT ---        0 0 0 1 1 0;
  INPUT ---        0 0 0 1 1 0;
  INPUT ---        0 0 0 1 1 0;
  INPUT ---        0 0 0 1 1 0;
  INPUT ---        0 0 0 1 1 0;
  INPUT ---        0 0 0 1 1 0;
  INPUT ---        0 0 0 1 1 0;
  INPUT ---        0 0 0 1 1 0;
  INPUT ---        0 0 0 1 1 0;

  INPUT ---    links=68;

  INPUT ---    Logit;

  INPUT ---    Logit;

  INPUT ---    Logit;

  INPUT ---    Log;

  INPUT ---    mlogit(1);

  INPUT ---    mlogit(1);

  INPUT ---    mlogit(1);

  INPUT ---    mlogit(1);

  INPUT ---    mlogit(1);

  INPUT ---    mlogit(1);

  INPUT ---    mlogit(1);

  INPUT ---    mlogit(1);

  INPUT ---    mlogit(1);

  INPUT ---    mlogit(1);

  INPUT ---    mlogit(1);

  Program  MARK  - Survival Rate Estimation with Capture-Recapture Data
   gfortran(dble) Vers. 9.0 Mar 2018    25-Mar-2020 12:21:17    Page  005
 - - - - - - - - - - - - - - - - - - - - - - - - - - - - - - - - - - - - - -
 

  INPUT ---    mlogit(1);

  INPUT ---    mlogit(1);

  INPUT ---    mlogit(1);

  INPUT ---    mlogit(1);

  INPUT ---    mlogit(1);

  INPUT ---    mlogit(1);

  INPUT ---    mlogit(1);

  INPUT ---    mlogit(1);

  INPUT ---    mlogit(1);

  INPUT ---    mlogit(1);

  INPUT ---    mlogit(1);

  INPUT ---    mlogit(1);

  INPUT ---    mlogit(1);

  INPUT ---    mlogit(1);

  INPUT ---    mlogit(1);

  INPUT ---    mlogit(1);

  INPUT ---    mlogit(1);

  INPUT ---    mlogit(1);

  INPUT ---    mlogit(1);

  INPUT ---    mlogit(1);

  INPUT ---    mlogit(1);

  INPUT ---    mlogit(2);

  INPUT ---    mlogit(2);

  Program  MARK  - Survival Rate Estimation with Capture-Recapture Data
   gfortran(dble) Vers. 9.0 Mar 2018    25-Mar-2020 12:21:17    Page  006
 - - - - - - - - - - - - - - - - - - - - - - - - - - - - - - - - - - - - - -
 

  INPUT ---    mlogit(2);

  INPUT ---    mlogit(2);

  INPUT ---    mlogit(2);

  INPUT ---    mlogit(2);

  INPUT ---    mlogit(2);

  INPUT ---    mlogit(2);

  INPUT ---    mlogit(2);

  INPUT ---    mlogit(2);

  INPUT ---    mlogit(2);

  INPUT ---    mlogit(2);

  INPUT ---    mlogit(2);

  INPUT ---    mlogit(2);

  INPUT ---    mlogit(2);

  INPUT ---    mlogit(2);

  INPUT ---    mlogit(2);

  INPUT ---    mlogit(2);

  INPUT ---    mlogit(2);

  INPUT ---    mlogit(2);

  INPUT ---    mlogit(2);

  INPUT ---    mlogit(2);

  INPUT ---    mlogit(2);

  INPUT ---    mlogit(2);

  INPUT ---    mlogit(2);

  Program  MARK  - Survival Rate Estimation with Capture-Recapture Data
   gfortran(dble) Vers. 9.0 Mar 2018    25-Mar-2020 12:21:17    Page  007
 - - - - - - - - - - - - - - - - - - - - - - - - - - - - - - - - - - - - - -
 

  INPUT ---    mlogit(2);

  INPUT ---    mlogit(2);

  INPUT ---    mlogit(2);

  INPUT ---    mlogit(2);

  INPUT ---    mlogit(2);

  INPUT ---    mlogit(2);

  INPUT ---    mlogit(2);
  INPUT ---       blabel(1)=Phi:(Intercept);
  INPUT ---       blabel(2)=Phi:sexM;
  INPUT ---       blabel(3)=p:(Intercept);
  INPUT ---       blabel(4)=pent:(Intercept);
  INPUT ---       blabel(5)=pent:sexM;
  INPUT ---       blabel(6)=N:(Intercept);
  INPUT ---       rlabel(1)=Phi gF a0 t1;
  INPUT ---       rlabel(2)=Phi gM a0 t1;
  INPUT ---       rlabel(3)=p gF a0 t1;
  INPUT ---       rlabel(4)=N gF a0 t1;
  INPUT ---       rlabel(5)=pent gF a0.00547945205479452 t1.00547945205479;
  INPUT ---       rlabel(6)=pent gF a0.00821917808219178 t1.00821917808219;
  INPUT ---       rlabel(7)=pent gF a0.010958904109589 t1.01095890410959;
  INPUT ---       rlabel(8)=pent gF a0.0164383561643836 t1.01643835616438;
  INPUT ---       rlabel(9)=pent gF a0.0246575342465753 t1.02465753424658;
  INPUT ---       rlabel(10)=pent gF a0.0273972602739726 t1.02739726027397;
  INPUT ---       rlabel(11)=pent gF a0.0301369863013699 t1.03013698630137;
  INPUT ---       rlabel(12)=pent gF a0.0356164383561644 t1.03561643835616;
  INPUT ---       rlabel(13)=pent gF a0.0410958904109589 t1.04109589041096;
  INPUT ---       rlabel(14)=pent gF a0.0493150684931507 t1.04931506849315;
  INPUT ---       rlabel(15)=pent gF a0.0520547945205479 t1.05205479452055;
  INPUT ---       rlabel(16)=pent gF a0.0657534246575342 t1.06575342465753;
  INPUT ---       rlabel(17)=pent gF a0.0712328767123288 t1.07123287671233;
  INPUT ---       rlabel(18)=pent gF a0.0986301369863014 t1.0986301369863;
  INPUT ---       rlabel(19)=pent gF a0.101369863013699 t1.1013698630137;
  INPUT ---       rlabel(20)=pent gF a0.106849315068493 t1.10684931506849;
  INPUT ---       rlabel(21)=pent gF a0.10958904109589 t1.10958904109589;
  INPUT ---       rlabel(22)=pent gF a0.120547945205479 t1.12054794520548;
  INPUT ---       rlabel(23)=pent gF a0.350684931506849 t1.35068493150685;
  INPUT ---       rlabel(24)=pent gF a0.358904109589041 t1.35890410958904;
  INPUT ---       rlabel(25)=pent gF a0.613698630136986 t1.61369863013699;
  INPUT ---       rlabel(26)=pent gF a0.638356164383562 t1.63835616438356;

  Program  MARK  - Survival Rate Estimation with Capture-Recapture Data
   gfortran(dble) Vers. 9.0 Mar 2018    25-Mar-2020 12:21:17    Page  008
 - - - - - - - - - - - - - - - - - - - - - - - - - - - - - - - - - - - - - -
 
  INPUT ---       rlabel(27)=pent gF a0.646575342465753 t1.64657534246575;
  INPUT ---       rlabel(28)=pent gF a0.649315068493151 t1.64931506849315;
  INPUT ---       rlabel(29)=pent gF a0.652054794520548 t1.65205479452055;
  INPUT ---       rlabel(30)=pent gF a0.704109589041096 t1.7041095890411;
  INPUT ---       rlabel(31)=pent gF a0.706849315068493 t1.70684931506849;
  INPUT ---       rlabel(32)=pent gF a0.70958904109589 t1.70958904109589;
  INPUT ---       rlabel(33)=pent gF a0.827397260273973 t1.82739726027397;
  INPUT ---       rlabel(34)=pent gF a1.4027397260274 t2.4027397260274;
  INPUT ---       rlabel(35)=pent gF a1.40547945205479 t2.40547945205479;
  INPUT ---       rlabel(36)=pent gF a1.40821917808219 t2.40821917808219;
  INPUT ---       rlabel(37)=pent gM a0.00547945205479452 t1.00547945205479;
  INPUT ---       rlabel(38)=pent gM a0.00821917808219178 t1.00821917808219;
  INPUT ---       rlabel(39)=pent gM a0.010958904109589 t1.01095890410959;
  INPUT ---       rlabel(40)=pent gM a0.0164383561643836 t1.01643835616438;
  INPUT ---       rlabel(41)=pent gM a0.0246575342465753 t1.02465753424658;
  INPUT ---       rlabel(42)=pent gM a0.0273972602739726 t1.02739726027397;
  INPUT ---       rlabel(43)=pent gM a0.0301369863013699 t1.03013698630137;
  INPUT ---       rlabel(44)=pent gM a0.0356164383561644 t1.03561643835616;
  INPUT ---       rlabel(45)=pent gM a0.0410958904109589 t1.04109589041096;
  INPUT ---       rlabel(46)=pent gM a0.0493150684931507 t1.04931506849315;
  INPUT ---       rlabel(47)=pent gM a0.0520547945205479 t1.05205479452055;
  INPUT ---       rlabel(48)=pent gM a0.0657534246575342 t1.06575342465753;
  INPUT ---       rlabel(49)=pent gM a0.0712328767123288 t1.07123287671233;
  INPUT ---       rlabel(50)=pent gM a0.0986301369863014 t1.0986301369863;
  INPUT ---       rlabel(51)=pent gM a0.101369863013699 t1.1013698630137;
  INPUT ---       rlabel(52)=pent gM a0.106849315068493 t1.10684931506849;
  INPUT ---       rlabel(53)=pent gM a0.10958904109589 t1.10958904109589;
  INPUT ---       rlabel(54)=pent gM a0.120547945205479 t1.12054794520548;
  INPUT ---       rlabel(55)=pent gM a0.350684931506849 t1.35068493150685;
  INPUT ---       rlabel(56)=pent gM a0.358904109589041 t1.35890410958904;
  INPUT ---       rlabel(57)=pent gM a0.613698630136986 t1.61369863013699;
  INPUT ---       rlabel(58)=pent gM a0.638356164383562 t1.63835616438356;
  INPUT ---       rlabel(59)=pent gM a0.646575342465753 t1.64657534246575;
  INPUT ---       rlabel(60)=pent gM a0.649315068493151 t1.64931506849315;
  INPUT ---       rlabel(61)=pent gM a0.652054794520548 t1.65205479452055;
  INPUT ---       rlabel(62)=pent gM a0.704109589041096 t1.7041095890411;
  INPUT ---       rlabel(63)=pent gM a0.706849315068493 t1.70684931506849;
  INPUT ---       rlabel(64)=pent gM a0.70958904109589 t1.70958904109589;
  INPUT ---       rlabel(65)=pent gM a0.827397260273973 t1.82739726027397;
  INPUT ---       rlabel(66)=pent gM a1.4027397260274 t2.4027397260274;
  INPUT ---       rlabel(67)=pent gM a1.40547945205479 t2.40547945205479;
  INPUT ---       rlabel(68)=pent gM a1.40821917808219 t2.40821917808219;

 Link Function Used is PARM-SPECIFIC

 Variance Estimation Procedure Used is 2ndPart 

  Program  MARK  - Survival Rate Estimation with Capture-Recapture Data
   gfortran(dble) Vers. 9.0 Mar 2018    25-Mar-2020 12:21:17    Page  009
 - - - - - - - - - - - - - - - - - - - - - - - - - - - - - - - - - - - - - -
 

 M(t+1):
      16     29



 Group: 1

 U(t)+UL(t):
       0    2    2    0    1    0    3    1    1    0    0    0    0    0    1
       0    0    0    2    1    1    0    0    0    1    0    0    0    0    0
       0    0    0

 U(t):
       0    2    2    0    1    0    3    1    1    0    0    0    0    0    1
       0    0    0    2    1    1    0    0    0    1    0    0    0    0    0
       0    0    0

 UL(t):
       0    0    0    0    0    0    0    0    0    0    0    0    0    0    0
       0    0    0    0    0    0    0    0    0    0    0    0    0    0    0
       0    0    0

 Not Released(t):
       0    0    0    0    0    0    0    0    0    0    0    0    0    0    0
       0    0    0    0    0    0    0    0    0    0    0    0    0    0    0
       0    0    0

 Group: 2

 U(t)+UL(t):
       3    0    1    1    1    1    1    0    1    1    2    1    3    3    1
       1    0    2    3    1    0    0    1    0    0    0    0    0    0    1
       0    0    0

 U(t):
       3    0    1    1    1    1    1    0    1    1    2    1    3    3    1
       1    0    2    3    1    0    0    1    0    0    0    0    0    0    1
       0    0    0

 UL(t):
       0    0    0    0    0    0    0    0    0    0    0    0    0    0    0
       0    0    0    0    0    0    0    0    0    0    0    0    0    0    0
       0    0    0

 Not Released(t):
       0    0    0    0    0    0    0    0    0    0    0    0    0    0    0
       0    0    0    0    0    0    0    0    0    0    0    0    0    0    0
       0    0    0
 -2logL(saturated) = 272.93564     
 Effective Sample Size = 103

 Number of function evaluations was 28 for 6 parameters.
 Time for numerical optimization was 0.11 seconds.     
 -2logL { Phi(~sex)p(~1)pent(~sex)N(~1) } = 553.07772     
 Penalty { Phi(~sex)p(~1)pent(~sex)N(~1) } = 0.0000000     
 Gradient { Phi(~sex)p(~1)pent(~sex)N(~1) }:
  0.5594030E-05  0.6009307E-05  0.1096895E-04  0.9736218E-05  0.2790050E-04
 -0.8170039E-05
 Maximum ABS(G) { Phi(~sex)p(~1)pent(~sex)N(~1) } = 0.2790050E-04 
 S Vector { Phi(~sex)p(~1)pent(~sex)N(~1) }:
   81.48751      6.817865      3.071342     0.7589971     0.5055168    
  0.2900302    
 Time to compute number of parameters was 0.01 seconds.     
 Ratio Threshold = 50.000000       Max Gap (1/2) = 11.952057       Next Max Gap (1/2) = 11.952057     
 Gap Method for Num. of Estimated Parameters { Phi(~sex)p(~1)pent(~sex)N(~1) } = 6          
 Threshold { Phi(~sex)p(~1)pent(~sex)N(~1) } = 0.5580101E-04                 
 Numerical Threshold Method for Num. of Estimated Parameters { Phi(~sex)p(~1)pent(~sex)N(~1) } = 6          
 Number of Estimated Parameters { Phi(~sex)p(~1)pent(~sex)N(~1) } = 6          
 DEVIANCE { Phi(~sex)p(~1)pent(~sex)N(~1) } = 280.14208                     
 DEVIANCE Degrees of Freedom { Phi(~sex)p(~1)pent(~sex)N(~1) } = 35            
 c-hat { Phi(~sex)p(~1)pent(~sex)N(~1) } = 8.0040594                     
 AIC { Phi(~sex)p(~1)pent(~sex)N(~1) } = 565.07772                  
 AICc { Phi(~sex)p(~1)pent(~sex)N(~1) } = 565.95272                    
 BIC { Phi(~sex)p(~1)pent(~sex)N(~1) } = 580.88609                    
 Pearson Chisquare { Phi(~sex)p(~1)pent(~sex)N(~1) } = 23531776.                  


              PARM-SPECIFIC Link Function Parameters of { Phi(~sex)p(~1)pent(~sex)N(~1) }
                                                              95% Confidence Interval
 Parameter                    Beta         Standard Error      Lower           Upper
 -------------------------  --------------  --------------  --------------  --------------
    1:Phi:(Intercept)       -1.7276914       0.9863480      -3.6609336       0.2055507    
    2:Phi:sexM               2.8087894       1.2139704       0.4294073       5.1881714    
    3:p:(Intercept)         -2.4777245       0.1736532      -2.8180847      -2.1373642    
    4:pent:(Intercept)      -4.4852676       1.5424914      -7.5085507      -1.4619845    
    5:pent:sexM             -0.0938002       1.4185651      -2.8741880       2.6865875    
    6:N:(Intercept)          1.8014779       0.5998214       0.6258279       2.9771279    


              Real Function Parameters of { Phi(~sex)p(~1)pent(~sex)N(~1) }
                                                               95% Confidence Interval
  Parameter                  Estimate       Standard Error      Lower           Upper
 --------------------------  --------------  --------------  --------------  --------------
     1:Phi gF a0 t1           0.1508831       0.1263683       0.0250641       0.5512075                          
     2:Phi gM a0 t1           0.7467017       0.2048737       0.2607710       0.9609906                          
     3:p gF a0 t1             0.0774346       0.0124055       0.0563547       0.1055179                          
     4:N gF a0 t1             22.058595       3.6340748       18.044004       33.958166                          
     5:pent gF a0.005479452   0.0082850       0.0093914       0.8883023E-03   0.0727848                          
     6:pent gF a0.008219178   0.0082850       0.0093914       0.8883023E-03   0.0727848                          
     7:pent gF a0.010958904   0.0082850       0.0093914       0.8883023E-03   0.0727848                          
     8:pent gF a0.016438356   0.0082850       0.0093914       0.8883023E-03   0.0727848                          
     9:pent gF a0.024657534   0.0082850       0.0093914       0.8883023E-03   0.0727848                          
    10:pent gF a0.027397260   0.0082850       0.0093914       0.8883023E-03   0.0727848                          
    11:pent gF a0.030136986   0.0082850       0.0093914       0.8883023E-03   0.0727848                          

  Program  MARK  - Survival Rate Estimation with Capture-Recapture Data
   gfortran(dble) Vers. 9.0 Mar 2018    25-Mar-2020 12:21:17    Page  010
 - - - - - - - - - - - - - - - - - - - - - - - - - - - - - - - - - - - - - -
 
    12:pent gF a0.035616438   0.0082850       0.0093914       0.8883023E-03   0.0727848                          
    13:pent gF a0.041095890   0.0082850       0.0093914       0.8883023E-03   0.0727848                          
    14:pent gF a0.049315068   0.0082850       0.0093914       0.8883023E-03   0.0727848                          
    15:pent gF a0.052054794   0.0082850       0.0093914       0.8883023E-03   0.0727848                          
    16:pent gF a0.065753424   0.0082850       0.0093914       0.8883023E-03   0.0727848                          
    17:pent gF a0.071232876   0.0082850       0.0093914       0.8883023E-03   0.0727848                          
    18:pent gF a0.098630136   0.0082850       0.0093914       0.8883023E-03   0.0727848                          
    19:pent gF a0.101369863   0.0082850       0.0093914       0.8883023E-03   0.0727848                          
    20:pent gF a0.106849315   0.0082850       0.0093914       0.8883023E-03   0.0727848                          
    21:pent gF a0.109589041   0.0082850       0.0093914       0.8883023E-03   0.0727848                          
    22:pent gF a0.120547945   0.0082850       0.0093914       0.8883023E-03   0.0727848                          
    23:pent gF a0.350684931   0.0082850       0.0093914       0.8883023E-03   0.0727848                          
    24:pent gF a0.358904109   0.0082850       0.0093914       0.8883023E-03   0.0727848                          
    25:pent gF a0.613698630   0.0082850       0.0093914       0.8883023E-03   0.0727848                          
    26:pent gF a0.638356164   0.0082850       0.0093914       0.8883023E-03   0.0727848                          
    27:pent gF a0.646575342   0.0082850       0.0093914       0.8883023E-03   0.0727848                          
    28:pent gF a0.649315068   0.0082850       0.0093914       0.8883023E-03   0.0727848                          
    29:pent gF a0.652054794   0.0082850       0.0093914       0.8883023E-03   0.0727848                          
    30:pent gF a0.704109589   0.0082850       0.0093914       0.8883023E-03   0.0727848                          
    31:pent gF a0.706849315   0.0082850       0.0093914       0.8883023E-03   0.0727848                          
    32:pent gF a0.709589041   0.0082850       0.0093914       0.8883023E-03   0.0727848                          
    33:pent gF a0.827397260   0.0082850       0.0093914       0.8883023E-03   0.0727848                          
    34:pent gF a1.402739726   0.0082850       0.0093914       0.8883023E-03   0.0727848                          
    35:pent gF a1.405479452   0.0082850       0.0093914       0.8883023E-03   0.0727848                          
    36:pent gF a1.408219178   0.0082850       0.0093914       0.8883023E-03   0.0727848                          
    37:pent gM a0.005479452   0.0077266       0.0087504       0.8307666E-03   0.0679676                          
    38:pent gM a0.008219178   0.0077266       0.0087504       0.8307666E-03   0.0679676                          
    39:pent gM a0.010958904   0.0077266       0.0087504       0.8307666E-03   0.0679676                          
    40:pent gM a0.016438356   0.0077266       0.0087504       0.8307666E-03   0.0679676                          
    41:pent gM a0.024657534   0.0077266       0.0087504       0.8307666E-03   0.0679676                          
    42:pent gM a0.027397260   0.0077266       0.0087504       0.8307666E-03   0.0679676                          
    43:pent gM a0.030136986   0.0077266       0.0087504       0.8307666E-03   0.0679676                          
    44:pent gM a0.035616438   0.0077266       0.0087504       0.8307666E-03   0.0679676                          
    45:pent gM a0.041095890   0.0077266       0.0087504       0.8307666E-03   0.0679676                          
    46:pent gM a0.049315068   0.0077266       0.0087504       0.8307666E-03   0.0679676                          
    47:pent gM a0.052054794   0.0077266       0.0087504       0.8307666E-03   0.0679676                          
    48:pent gM a0.065753424   0.0077266       0.0087504       0.8307666E-03   0.0679676                          
    49:pent gM a0.071232876   0.0077266       0.0087504       0.8307666E-03   0.0679676                          
    50:pent gM a0.098630136   0.0077266       0.0087504       0.8307666E-03   0.0679676                          
    51:pent gM a0.101369863   0.0077266       0.0087504       0.8307666E-03   0.0679676                          
    52:pent gM a0.106849315   0.0077266       0.0087504       0.8307666E-03   0.0679676                          
    53:pent gM a0.109589041   0.0077266       0.0087504       0.8307666E-03   0.0679676                          
    54:pent gM a0.120547945   0.0077266       0.0087504       0.8307666E-03   0.0679676                          
    55:pent gM a0.350684931   0.0077266       0.0087504       0.8307666E-03   0.0679676                          
    56:pent gM a0.358904109   0.0077266       0.0087504       0.8307666E-03   0.0679676                          
    57:pent gM a0.613698630   0.0077266       0.0087504       0.8307666E-03   0.0679676                          

  Program  MARK  - Survival Rate Estimation with Capture-Recapture Data
   gfortran(dble) Vers. 9.0 Mar 2018    25-Mar-2020 12:21:17    Page  011
 - - - - - - - - - - - - - - - - - - - - - - - - - - - - - - - - - - - - - -
 
    58:pent gM a0.638356164   0.0077266       0.0087504       0.8307666E-03   0.0679676                          
    59:pent gM a0.646575342   0.0077266       0.0087504       0.8307666E-03   0.0679676                          
    60:pent gM a0.649315068   0.0077266       0.0087504       0.8307666E-03   0.0679676                          
    61:pent gM a0.652054794   0.0077266       0.0087504       0.8307666E-03   0.0679676                          
    62:pent gM a0.704109589   0.0077266       0.0087504       0.8307666E-03   0.0679676                          
    63:pent gM a0.706849315   0.0077266       0.0087504       0.8307666E-03   0.0679676                          
    64:pent gM a0.709589041   0.0077266       0.0087504       0.8307666E-03   0.0679676                          
    65:pent gM a0.827397260   0.0077266       0.0087504       0.8307666E-03   0.0679676                          
    66:pent gM a1.402739726   0.0077266       0.0087504       0.8307666E-03   0.0679676                          
    67:pent gM a1.405479452   0.0077266       0.0087504       0.8307666E-03   0.0679676                          
    68:pent gM a1.408219178   0.0077266       0.0087504       0.8307666E-03   0.0679676                          


                      Estimates of Derived Parameters
  Gross Birth+Immigration Estimates of { Phi(~sex)p(~1)pent(~sex)N(~1) }
                                                95% Confidence Interval
 Grp. Occ.   B*-hat          Standard Error      Lower           Upper
 ---- ----   --------------  --------------  --------------  --------------
   1     1    0.1837031       0.2286195       0.0275902       1.2231433    
   1     2    0.1832284       0.2279390       0.0275323       1.2193915    
   1     3    0.1832284       0.2279390       0.0275323       1.2193915    
   1     4    0.1837031       0.2286195       0.0275902       1.2231433    
   1     5    0.1841786       0.2293015       0.0276483       1.2269037    
   1     6    0.1832284       0.2279390       0.0275323       1.2193915    
   1     7    0.1832284       0.2279390       0.0275323       1.2193915    
   1     8    0.1837031       0.2286195       0.0275902       1.2231433    
   1     9    0.1837031       0.2286195       0.0275902       1.2231433    
   1    10    0.1841786       0.2293015       0.0276483       1.2269037    
   1    11    0.1832284       0.2279390       0.0275323       1.2193915    
   1    12    0.1851321       0.2306699       0.0277645       1.2344502    
   1    13    0.1837031       0.2286195       0.0275902       1.2231433    
   1    14    0.1875301       0.2341170       0.0280562       1.2534674    
   1    15    0.1832284       0.2279390       0.0275323       1.2193915    
   1    16    0.1837031       0.2286195       0.0275902       1.2231433    
   1    17    0.1832284       0.2279390       0.0275323       1.2193915    
   1    18    0.1846549       0.2299850       0.0277063       1.2306726    
   1    19    0.2254022       0.2894694       0.0325656       1.5601181    
   1    20    0.1841786       0.2293015       0.0276483       1.2269037    
   1    21    0.2303102       0.2967519       0.0331389       1.6006181    
   1    22    0.1870489       0.2334246       0.0279977       1.2496467    
   1    23    0.1841786       0.2293015       0.0276483       1.2269037    
   1    24    0.1832284       0.2279390       0.0275323       1.2193915    
   1    25    0.1832284       0.2279390       0.0275323       1.2193915    
   1    26    0.1918981       0.2404153       0.0285854       1.2882414    
   1    27    0.1832284       0.2279390       0.0275323       1.2193915    

  Program  MARK  - Survival Rate Estimation with Capture-Recapture Data
   gfortran(dble) Vers. 9.0 Mar 2018    25-Mar-2020 12:21:17    Page  012
 - - - - - - - - - - - - - - - - - - - - - - - - - - - - - - - - - - - - - -
 
   1    28    0.1832284       0.2279390       0.0275323       1.2193915    
   1    29    0.2038692       0.2577992       0.0300224       1.3843896    
   1    30    0.2998693       0.4018547       0.0410980       2.1879818    
   1    31    0.1832284       0.2279390       0.0275323       1.2193915    
   1    32    0.1832284       0.2279390       0.0275323       1.2193915    
   2     1    0.2710995       0.3265657       0.0423796       1.7342062    
   2     2    0.2709911       0.3263943       0.0423691       1.7332475    
   2     3    0.2709911       0.3263943       0.0423691       1.7332475    
   2     4    0.2710995       0.3265657       0.0423796       1.7342062    
   2     5    0.2712080       0.3267371       0.0423901       1.7351654    
   2     6    0.2709911       0.3263943       0.0423691       1.7332475    
   2     7    0.2709911       0.3263943       0.0423691       1.7332475    
   2     8    0.2710995       0.3265657       0.0423796       1.7342062    
   2     9    0.2710995       0.3265657       0.0423796       1.7342062    
   2    10    0.2712080       0.3267371       0.0423901       1.7351654    
   2    11    0.2709911       0.3263943       0.0423691       1.7332475    
   2    12    0.2714250       0.3270802       0.0424110       1.7370854    
   2    13    0.2710995       0.3265657       0.0423796       1.7342062    
   2    14    0.2719680       0.3279395       0.0424633       1.7418942    
   2    15    0.2709911       0.3263943       0.0423691       1.7332475    
   2    16    0.2710995       0.3265657       0.0423796       1.7342062    
   2    17    0.2709911       0.3263943       0.0423691       1.7332475    
   2    18    0.2713165       0.3269086       0.0424005       1.7361251    
   2    19    0.2800891       0.3408995       0.0432334       1.8145666    
   2    20    0.2712080       0.3267371       0.0423901       1.7351654    
   2    21    0.2810876       0.3425068       0.0433266       1.8235971    
   2    22    0.2718593       0.3277675       0.0424528       1.7409314    
   2    23    0.2712080       0.3267371       0.0423901       1.7351654    
   2    24    0.2709911       0.3263943       0.0423691       1.7332475    
   2    25    0.2709911       0.3263943       0.0423691       1.7332475    
   2    26    0.2729472       0.3294913       0.0425574       1.7505826    
   2    27    0.2709911       0.3263943       0.0423691       1.7332475    
   2    28    0.2709911       0.3263943       0.0423691       1.7332475    
   2    29    0.2755700       0.3336626       0.0428077       1.7739546    
   2    30    0.2942810       0.3640144       0.0445299       1.9447919    
   2    31    0.2709911       0.3263943       0.0423691       1.7332475    
   2    32    0.2709911       0.3263943       0.0423691       1.7332475    

   Net Birth+Immigration Estimates of { Phi(~sex)p(~1)pent(~sex)N(~1) }
                                                95% Confidence Interval
 Grp. Occ.   B-hat           Standard Error      Lower           Upper
 ---- ----   --------------  --------------  --------------  --------------
   1     1    0.1827545       0.2272600       0.0274744       1.2156484    
   1     2    0.1827545       0.2272600       0.0274744       1.2156484    
   1     3    0.1827545       0.2272600       0.0274744       1.2156484    
   1     4    0.1827545       0.2272600       0.0274744       1.2156484    
   1     5    0.1827545       0.2272600       0.0274744       1.2156484    
   1     6    0.1827545       0.2272600       0.0274744       1.2156484    
   1     7    0.1827545       0.2272600       0.0274744       1.2156484    
   1     8    0.1827545       0.2272600       0.0274744       1.2156484    
   1     9    0.1827545       0.2272600       0.0274744       1.2156484    
   1    10    0.1827545       0.2272600       0.0274744       1.2156484    
   1    11    0.1827545       0.2272600       0.0274744       1.2156484    
   1    12    0.1827545       0.2272600       0.0274744       1.2156484    
   1    13    0.1827545       0.2272600       0.0274744       1.2156484    
   1    14    0.1827545       0.2272600       0.0274744       1.2156484    
   1    15    0.1827545       0.2272600       0.0274744       1.2156484    
   1    16    0.1827545       0.2272600       0.0274744       1.2156484    
   1    17    0.1827545       0.2272600       0.0274744       1.2156484    
   1    18    0.1827545       0.2272600       0.0274744       1.2156484    
   1    19    0.1827545       0.2272600       0.0274744       1.2156484    
   1    20    0.1827545       0.2272600       0.0274744       1.2156484    
   1    21    0.1827545       0.2272600       0.0274744       1.2156484    
   1    22    0.1827545       0.2272600       0.0274744       1.2156484    
   1    23    0.1827545       0.2272600       0.0274744       1.2156484    
   1    24    0.1827545       0.2272600       0.0274744       1.2156484    
   1    25    0.1827545       0.2272600       0.0274744       1.2156484    
   1    26    0.1827545       0.2272600       0.0274744       1.2156484    
   1    27    0.1827545       0.2272600       0.0274744       1.2156484    
   1    28    0.1827545       0.2272600       0.0274744       1.2156484    
   1    29    0.1827545       0.2272600       0.0274744       1.2156484    
   1    30    0.1827545       0.2272600       0.0274744       1.2156484    
   1    31    0.1827545       0.2272600       0.0274744       1.2156484    
   1    32    0.1827545       0.2272600       0.0274744       1.2156484    
   2     1    0.2708827       0.3262231       0.0423586       1.7322893    
   2     2    0.2708827       0.3262231       0.0423586       1.7322893    
   2     3    0.2708827       0.3262231       0.0423586       1.7322893    
   2     4    0.2708827       0.3262231       0.0423586       1.7322893    
   2     5    0.2708827       0.3262231       0.0423586       1.7322893    
   2     6    0.2708827       0.3262231       0.0423586       1.7322893    
   2     7    0.2708827       0.3262231       0.0423586       1.7322893    
   2     8    0.2708827       0.3262231       0.0423586       1.7322893    
   2     9    0.2708827       0.3262231       0.0423586       1.7322893    
   2    10    0.2708827       0.3262231       0.0423586       1.7322893    
   2    11    0.2708827       0.3262231       0.0423586       1.7322893    
   2    12    0.2708827       0.3262231       0.0423586       1.7322893    
   2    13    0.2708827       0.3262231       0.0423586       1.7322893    
   2    14    0.2708827       0.3262231       0.0423586       1.7322893    
   2    15    0.2708827       0.3262231       0.0423586       1.7322893    
   2    16    0.2708827       0.3262231       0.0423586       1.7322893    
   2    17    0.2708827       0.3262231       0.0423586       1.7322893    
   2    18    0.2708827       0.3262231       0.0423586       1.7322893    
   2    19    0.2708827       0.3262231       0.0423586       1.7322893    
   2    20    0.2708827       0.3262231       0.0423586       1.7322893    
   2    21    0.2708827       0.3262231       0.0423586       1.7322893    
   2    22    0.2708827       0.3262231       0.0423586       1.7322893    
   2    23    0.2708827       0.3262231       0.0423586       1.7322893    
   2    24    0.2708827       0.3262231       0.0423586       1.7322893    
   2    25    0.2708827       0.3262231       0.0423586       1.7322893    
   2    26    0.2708827       0.3262231       0.0423586       1.7322893    
   2    27    0.2708827       0.3262231       0.0423586       1.7322893    
   2    28    0.2708827       0.3262231       0.0423586       1.7322893    
   2    29    0.2708827       0.3262231       0.0423586       1.7322893    
   2    30    0.2708827       0.3262231       0.0423586       1.7322893    
   2    31    0.2708827       0.3262231       0.0423586       1.7322893    
   2    32    0.2708827       0.3262231       0.0423586       1.7322893    

        Population Estimates of { Phi(~sex)p(~1)pent(~sex)N(~1) }
                                                95% Confidence Interval
 Grp. Occ.   N-hat           Standard Error      Lower           Upper
 ---- ----   --------------  --------------  --------------  --------------
   1     1    16.210450       5.3728301       8.6096275       30.521495    
   1     2    16.226083       5.1394458       8.8515063       29.744743    
   1     3    16.324980       4.9267921       9.1524478       29.118435    
   1     4    16.423365       4.7176690       9.4575227       28.519827    
   1     5    16.436803       4.4984708       9.7061644       27.834732    
   1     6    16.366031       4.2724816       9.8941573       27.071225    
   1     7    16.464204       4.0757182       10.208149       26.554275    
   1     8    16.561870       3.8839634       10.523353       26.065412    
   1     9    16.573879       3.6888080       10.771002       25.503057    

  Program  MARK  - Survival Rate Estimation with Capture-Recapture Data
   gfortran(dble) Vers. 9.0 Mar 2018    25-Mar-2020 12:21:17    Page  013
 - - - - - - - - - - - - - - - - - - - - - - - - - - - - - - - - - - - - - -
 
   1    10    16.585765       3.5009852       11.015697       24.972331    
   1    11    16.512696       3.3150688       11.184432       24.379345    
   1    12    16.610111       3.1493075       11.492197       24.007226    
   1    13    16.368065       2.9778753       11.491922       23.313207    
   1    14    16.382073       2.8282804       11.708151       22.921835    
   1    15    15.737606       2.6952611       11.277411       21.961798    
   1    16    15.839026       2.5699694       11.548088       21.724354    
   1    17    15.858488       2.4622121       11.718899       21.460349    
   1    18    15.959285       2.3670892       11.952167       21.309840    
   1    19    15.814671       2.3023875       11.906509       21.005637    
   1    20    10.416509       2.8895514       6.1088027       17.761853    
   1    21    10.438596       2.8287221       6.1950894       17.588814    
   1    22    6.6298516       2.9593184       2.8752381       15.287406    
   1    23    6.5105307       2.8867129       2.8378980       14.936058    
   1    24    6.5928647       2.8370839       2.9391134       14.788767    
   1    25    6.7415466       2.8067933       3.0791195       14.760210    
   1    26    6.8894601       2.7943996       3.2061716       14.804154    
   1    27    6.4262743       2.7717421       2.8599676       14.439674    
   1    28    6.5758171       2.7855421       2.9657993       14.580006    
   1    29    6.7245871       2.8166693       3.0579557       14.787681    
   1    30    5.5642470       2.7163646       2.2483086       13.770727    
   1    31    2.0570733       1.7126357       0.4960767       8.5300325    
   1    32    2.2291966       1.7205232       0.5837889       8.5121821    
   1    33    2.4004304       1.7575599       0.6646604       8.6691890    
   2     1    26.390349       8.2422770       14.512865       47.988492    
   2     2    26.619028       7.9322162       15.028407       47.148885    
   2     3    26.868618       7.6238551       15.573147       46.356885    
   2     4    27.118007       7.3172211       16.128659       45.595007    
   2     5    27.345523       7.0131931       16.674214       44.846349    
   2     6    27.550835       6.7126079       17.207711       44.110951    
   2     7    27.799679       6.4122282       17.792552       43.435149    
   2     8    28.048324       6.1145072       18.386204       42.787978    
   2     9    28.274351       5.8216642       18.964608       42.154257    
   2    10    28.500017       5.5324864       19.549276       41.548904    
   2    11    28.702561       5.2499883       20.114238       40.957902    
   2    12    28.950484       4.9669119       20.733564       40.423852    
   2    13    29.105760       4.7016421       21.250094       39.865484    
   2    14    29.330097       4.4332059       21.846356       39.377486    
   2    15    29.367204       4.2058459       22.211257       38.828628    
   2    16    29.614595       3.9488258       22.829886       38.415620    
   2    17    29.838117       3.7070149       23.411162       38.029434    
   2    18    30.085132       3.4724020       24.012090       37.694143    
   2    19    30.259866       3.2688376       24.500808       37.372625    
   2    20    28.563523       3.8598001       21.943526       37.180662    
   2    21    28.765914       3.7011349       22.377239       36.978549    
   2    22    26.973680       4.8004897       19.082224       38.128650    

  Program  MARK  - Survival Rate Estimation with Capture-Recapture Data
   gfortran(dble) Vers. 9.0 Mar 2018    25-Mar-2020 12:21:17    Page  014
 - - - - - - - - - - - - - - - - - - - - - - - - - - - - - - - - - - - - - -
 
   2    23    27.050991       4.7741161       19.191366       38.129444    
   2    24    27.257009       4.6817150       19.513402       38.073553    
   2    25    27.506088       4.5799754       19.891270       38.036027    
   2    26    27.754968       4.4989484       20.242127       38.056192    
   2    27    27.607038       4.7004486       19.820904       38.451755    
   2    28    27.855837       4.6574175       20.117544       38.570696    
   2    29    28.104437       4.6361707       20.384387       38.748253    
   2    30    27.424681       5.2143868       18.955285       39.678280    
   2    31    23.453248       7.7458540       12.482952       44.064483    
   2    32    23.705370       7.7022773       12.740353       44.107455    
   2    33    23.957290       7.6720491       12.985855       44.198226    

     Gross Population Estimates of { Phi(~sex)p(~1)pent(~sex)N(~1) }
                                                95% Confidence Interval
 Grp. Occ.   N*-hat          Standard Error      Lower           Upper
 ---- ----   --------------  --------------  --------------  --------------
   1     0    22.327067       3.9371870       15.844352       31.462184    
   2     0    35.115206       3.7057533       28.570232       43.159526    

   CPU Time for the last procedure was 0.12 seconds.     


  INPUT --- proc stop;

     CPU Time in minutes for this job was 0.00

     Time Start = 12:21:17.553   Time End = 12:21:17.950

     Wall Clock Time in minutes for this job was 0.01


          E X E C U T I O N   S U C C E S S F U L 
