
   Program  MARK  - Survival Rate Estimation with Capture-Recapture Data
   gfortran(dble) Vers. 9.0 Mar 2018    25-Mar-2020 14:33:57    Page  001
 - - - - - - - - - - - - - - - - - - - - - - - - - - - - - - - - - - - - - -
 
   This version was compiled by GCC version 7.2.0 using the options: 
     -cpp -iprefix C:/Program Files/mingw-w64/x86_64-7.2.0-posix-seh-rt_v5-rev1/
     mingw64/bin/../lib/gcc/x86_64-w64-mingw32/7.2.0/ -D_MT -D_REENTRANT
     -U_REENTRANT -D IEEE -D DBLEPRECISION -m64 -mtune=core2 -march=nocona -mthreads
     -O2 -fimplicit-none -fbounds-check -funroll-loops -ftree-vectorize
     -ffpe-summary=invalid,zero,overflow,underflow -fno-unsafe-math-optimizations
     -frounding-math -fsignaling-nans -fopenmp.

   This problem will use 15 of 16 possible threads.


  INPUT --- proc title ;

   CPU Time for the last procedure was 0.01 seconds.     


  INPUT --- proc chmatrix occasions= 33 groups= 2 etype= POPAN Nodes= 
  INPUT --- 101 ICMeans NoHist hist= 41  ;

  INPUT ---    time interval 0.00547945205479452 0.00273972602739726 
  INPUT ---    0.00273972602739726 0.00547945205479452  
  INPUT ---    0.00821917808219178 0.00273972602739726 0.00273972602739726 
  INPUT ---    0.00547945205479452  0.00547945205479452 
  INPUT ---    0.00821917808219178 0.00273972602739726 0.0136986301369863 
  INPUT ---    0.00547945205479452  0.0273972602739726 0.00273972602739726 
  INPUT ---    0.00547945205479452 0.00273972602739726 0.010958904109589  
  INPUT ---    0.23013698630137 0.00821917808219178 0.254794520547945 
  INPUT ---    0.0246575342465753 0.00821917808219178  0.00273972602739726 
  INPUT ---    0.00273972602739726 0.0520547945205479 0.00273972602739726 
  INPUT ---    0.00273972602739726  0.117808219178082 0.575342465753425 
  INPUT ---    0.00273972602739726 0.00273972602739726 ;

  INPUT ---    glabel(1)=sexF;

  INPUT ---    glabel(2)=sexM;

   * *  WARNING  * *   At least a pair of the encounter histories are duplicates. 

      Number of unique encounter histories read was 38.

      Number of individual covariates read was 0.
      Time interval lengths vary and/or not equal to 1.

      Data type number is 19
      Data type is POPAN                                                                                               

   CPU Time for the last procedure was 0.01 seconds.     

  Program  MARK  - Survival Rate Estimation with Capture-Recapture Data
   gfortran(dble) Vers. 9.0 Mar 2018    25-Mar-2020 14:33:57    Page  002
 - - - - - - - - - - - - - - - - - - - - - - - - - - - - - - - - - - - - - -
 


  INPUT --- proc estimate link=Parm-Specific NOLOOP varest=2ndPart    ;


  INPUT --- model={ Phi(~sex)p(~sex)pent(~1)N(~sex) };

  INPUT ---    group=1 Phi    rows=1 cols=32 Square ;
  INPUT ---        1 1 1 1 1 1 1 1 1 1 1 1 1 1 1 1 1 1 1 1 1 1 1 1 1 1 1 1 1 
  INPUT ---       1 1 1 ;

  INPUT ---    group=2 Phi    rows=1 cols=32 Square ;
  INPUT ---        2 2 2 2 2 2 2 2 2 2 2 2 2 2 2 2 2 2 2 2 2 2 2 2 2 2 2 2 2 
  INPUT ---       2 2 2 ;

  INPUT ---    group=1 p    rows=1 cols=33 Square ;
  INPUT ---        3 3 3 3 3 3 3 3 3 3 3 3 3 3 3 3 3 3 3 3 3 3 3 3 3 3 3 3 3 
  INPUT ---       3 3 3 3 ;

  INPUT ---    group=2 p    rows=1 cols=33 Square ;
  INPUT ---        4 4 4 4 4 4 4 4 4 4 4 4 4 4 4 4 4 4 4 4 4 4 4 4 4 4 4 4 4 
  INPUT ---       4 4 4 4 ;

  INPUT ---    group=1 pent    rows=1 cols=32 Square ;
  INPUT ---        7 8 9 10 11 12 13 14 15 16 17 18 19 20 21 22 23 24 25 26 
  INPUT ---       27 28 29 30 31 32 33 34 35 36 37 38 ;

  INPUT ---    group=2 pent    rows=1 cols=32 Square ;
  INPUT ---        39 40 41 42 43 44 45 46 47 48 49 50 51 52 53 54 55 56 57 
  INPUT ---       58 59 60 61 62 63 64 65 66 67 68 69 70 ;

  INPUT ---    group=1 N    rows=1 cols=1 Square ;
  INPUT ---        5 ;

  INPUT ---    group=2 N    rows=1 cols=1 Square ;
  INPUT ---        6 ;

  INPUT ---    design matrix constraints=70 covariates=7;
  INPUT ---        1 0 0 0 0 0 0;
  INPUT ---        1 1 0 0 0 0 0;
  INPUT ---        0 0 1 0 0 0 0;
  INPUT ---        0 0 1 1 0 0 0;
  INPUT ---        0 0 0 0 0 1 0;
  INPUT ---        0 0 0 0 0 1 1;
  INPUT ---        0 0 0 0 1 0 0;
  INPUT ---        0 0 0 0 1 0 0;

  Program  MARK  - Survival Rate Estimation with Capture-Recapture Data
   gfortran(dble) Vers. 9.0 Mar 2018    25-Mar-2020 14:33:57    Page  003
 - - - - - - - - - - - - - - - - - - - - - - - - - - - - - - - - - - - - - -
 
  INPUT ---        0 0 0 0 1 0 0;
  INPUT ---        0 0 0 0 1 0 0;
  INPUT ---        0 0 0 0 1 0 0;
  INPUT ---        0 0 0 0 1 0 0;
  INPUT ---        0 0 0 0 1 0 0;
  INPUT ---        0 0 0 0 1 0 0;
  INPUT ---        0 0 0 0 1 0 0;
  INPUT ---        0 0 0 0 1 0 0;
  INPUT ---        0 0 0 0 1 0 0;
  INPUT ---        0 0 0 0 1 0 0;
  INPUT ---        0 0 0 0 1 0 0;
  INPUT ---        0 0 0 0 1 0 0;
  INPUT ---        0 0 0 0 1 0 0;
  INPUT ---        0 0 0 0 1 0 0;
  INPUT ---        0 0 0 0 1 0 0;
  INPUT ---        0 0 0 0 1 0 0;
  INPUT ---        0 0 0 0 1 0 0;
  INPUT ---        0 0 0 0 1 0 0;
  INPUT ---        0 0 0 0 1 0 0;
  INPUT ---        0 0 0 0 1 0 0;
  INPUT ---        0 0 0 0 1 0 0;
  INPUT ---        0 0 0 0 1 0 0;
  INPUT ---        0 0 0 0 1 0 0;
  INPUT ---        0 0 0 0 1 0 0;
  INPUT ---        0 0 0 0 1 0 0;
  INPUT ---        0 0 0 0 1 0 0;
  INPUT ---        0 0 0 0 1 0 0;
  INPUT ---        0 0 0 0 1 0 0;
  INPUT ---        0 0 0 0 1 0 0;
  INPUT ---        0 0 0 0 1 0 0;
  INPUT ---        0 0 0 0 1 0 0;
  INPUT ---        0 0 0 0 1 0 0;
  INPUT ---        0 0 0 0 1 0 0;
  INPUT ---        0 0 0 0 1 0 0;
  INPUT ---        0 0 0 0 1 0 0;
  INPUT ---        0 0 0 0 1 0 0;
  INPUT ---        0 0 0 0 1 0 0;
  INPUT ---        0 0 0 0 1 0 0;
  INPUT ---        0 0 0 0 1 0 0;
  INPUT ---        0 0 0 0 1 0 0;
  INPUT ---        0 0 0 0 1 0 0;
  INPUT ---        0 0 0 0 1 0 0;
  INPUT ---        0 0 0 0 1 0 0;
  INPUT ---        0 0 0 0 1 0 0;
  INPUT ---        0 0 0 0 1 0 0;
  INPUT ---        0 0 0 0 1 0 0;

  Program  MARK  - Survival Rate Estimation with Capture-Recapture Data
   gfortran(dble) Vers. 9.0 Mar 2018    25-Mar-2020 14:33:57    Page  004
 - - - - - - - - - - - - - - - - - - - - - - - - - - - - - - - - - - - - - -
 
  INPUT ---        0 0 0 0 1 0 0;
  INPUT ---        0 0 0 0 1 0 0;
  INPUT ---        0 0 0 0 1 0 0;
  INPUT ---        0 0 0 0 1 0 0;
  INPUT ---        0 0 0 0 1 0 0;
  INPUT ---        0 0 0 0 1 0 0;
  INPUT ---        0 0 0 0 1 0 0;
  INPUT ---        0 0 0 0 1 0 0;
  INPUT ---        0 0 0 0 1 0 0;
  INPUT ---        0 0 0 0 1 0 0;
  INPUT ---        0 0 0 0 1 0 0;
  INPUT ---        0 0 0 0 1 0 0;
  INPUT ---        0 0 0 0 1 0 0;
  INPUT ---        0 0 0 0 1 0 0;
  INPUT ---        0 0 0 0 1 0 0;
  INPUT ---        0 0 0 0 1 0 0;

  INPUT ---    links=70;

  INPUT ---    Logit;

  INPUT ---    Logit;

  INPUT ---    Logit;

  INPUT ---    Logit;

  INPUT ---    Log;

  INPUT ---    Log;

  INPUT ---    mlogit(1);

  INPUT ---    mlogit(1);

  INPUT ---    mlogit(1);

  INPUT ---    mlogit(1);

  INPUT ---    mlogit(1);

  INPUT ---    mlogit(1);

  INPUT ---    mlogit(1);

  INPUT ---    mlogit(1);

  Program  MARK  - Survival Rate Estimation with Capture-Recapture Data
   gfortran(dble) Vers. 9.0 Mar 2018    25-Mar-2020 14:33:57    Page  005
 - - - - - - - - - - - - - - - - - - - - - - - - - - - - - - - - - - - - - -
 

  INPUT ---    mlogit(1);

  INPUT ---    mlogit(1);

  INPUT ---    mlogit(1);

  INPUT ---    mlogit(1);

  INPUT ---    mlogit(1);

  INPUT ---    mlogit(1);

  INPUT ---    mlogit(1);

  INPUT ---    mlogit(1);

  INPUT ---    mlogit(1);

  INPUT ---    mlogit(1);

  INPUT ---    mlogit(1);

  INPUT ---    mlogit(1);

  INPUT ---    mlogit(1);

  INPUT ---    mlogit(1);

  INPUT ---    mlogit(1);

  INPUT ---    mlogit(1);

  INPUT ---    mlogit(1);

  INPUT ---    mlogit(1);

  INPUT ---    mlogit(1);

  INPUT ---    mlogit(1);

  INPUT ---    mlogit(1);

  INPUT ---    mlogit(1);

  INPUT ---    mlogit(1);

  Program  MARK  - Survival Rate Estimation with Capture-Recapture Data
   gfortran(dble) Vers. 9.0 Mar 2018    25-Mar-2020 14:33:57    Page  006
 - - - - - - - - - - - - - - - - - - - - - - - - - - - - - - - - - - - - - -
 

  INPUT ---    mlogit(1);

  INPUT ---    mlogit(2);

  INPUT ---    mlogit(2);

  INPUT ---    mlogit(2);

  INPUT ---    mlogit(2);

  INPUT ---    mlogit(2);

  INPUT ---    mlogit(2);

  INPUT ---    mlogit(2);

  INPUT ---    mlogit(2);

  INPUT ---    mlogit(2);

  INPUT ---    mlogit(2);

  INPUT ---    mlogit(2);

  INPUT ---    mlogit(2);

  INPUT ---    mlogit(2);

  INPUT ---    mlogit(2);

  INPUT ---    mlogit(2);

  INPUT ---    mlogit(2);

  INPUT ---    mlogit(2);

  INPUT ---    mlogit(2);

  INPUT ---    mlogit(2);

  INPUT ---    mlogit(2);

  INPUT ---    mlogit(2);

  INPUT ---    mlogit(2);

  Program  MARK  - Survival Rate Estimation with Capture-Recapture Data
   gfortran(dble) Vers. 9.0 Mar 2018    25-Mar-2020 14:33:57    Page  007
 - - - - - - - - - - - - - - - - - - - - - - - - - - - - - - - - - - - - - -
 

  INPUT ---    mlogit(2);

  INPUT ---    mlogit(2);

  INPUT ---    mlogit(2);

  INPUT ---    mlogit(2);

  INPUT ---    mlogit(2);

  INPUT ---    mlogit(2);

  INPUT ---    mlogit(2);

  INPUT ---    mlogit(2);

  INPUT ---    mlogit(2);

  INPUT ---    mlogit(2);
  INPUT ---       blabel(1)=Phi:(Intercept);
  INPUT ---       blabel(2)=Phi:sexM;
  INPUT ---       blabel(3)=p:(Intercept);
  INPUT ---       blabel(4)=p:sexM;
  INPUT ---       blabel(5)=pent:(Intercept);
  INPUT ---       blabel(6)=N:(Intercept);
  INPUT ---       blabel(7)=N:sexM;
  INPUT ---       rlabel(1)=Phi gF a0 t1;
  INPUT ---       rlabel(2)=Phi gM a0 t1;
  INPUT ---       rlabel(3)=p gF a0 t1;
  INPUT ---       rlabel(4)=p gM a0 t1;
  INPUT ---       rlabel(5)=N gF a0 t1;
  INPUT ---       rlabel(6)=N gM a0 t1;
  INPUT ---       rlabel(7)=pent gF a0.00547945205479452 t1.00547945205479;
  INPUT ---       rlabel(8)=pent gF a0.00821917808219178 t1.00821917808219;
  INPUT ---       rlabel(9)=pent gF a0.010958904109589 t1.01095890410959;
  INPUT ---       rlabel(10)=pent gF a0.0164383561643836 t1.01643835616438;
  INPUT ---       rlabel(11)=pent gF a0.0246575342465753 t1.02465753424658;
  INPUT ---       rlabel(12)=pent gF a0.0273972602739726 t1.02739726027397;
  INPUT ---       rlabel(13)=pent gF a0.0301369863013699 t1.03013698630137;
  INPUT ---       rlabel(14)=pent gF a0.0356164383561644 t1.03561643835616;
  INPUT ---       rlabel(15)=pent gF a0.0410958904109589 t1.04109589041096;
  INPUT ---       rlabel(16)=pent gF a0.0493150684931507 t1.04931506849315;
  INPUT ---       rlabel(17)=pent gF a0.0520547945205479 t1.05205479452055;
  INPUT ---       rlabel(18)=pent gF a0.0657534246575342 t1.06575342465753;
  INPUT ---       rlabel(19)=pent gF a0.0712328767123288 t1.07123287671233;

  Program  MARK  - Survival Rate Estimation with Capture-Recapture Data
   gfortran(dble) Vers. 9.0 Mar 2018    25-Mar-2020 14:33:57    Page  008
 - - - - - - - - - - - - - - - - - - - - - - - - - - - - - - - - - - - - - -
 
  INPUT ---       rlabel(20)=pent gF a0.0986301369863014 t1.0986301369863;
  INPUT ---       rlabel(21)=pent gF a0.101369863013699 t1.1013698630137;
  INPUT ---       rlabel(22)=pent gF a0.106849315068493 t1.10684931506849;
  INPUT ---       rlabel(23)=pent gF a0.10958904109589 t1.10958904109589;
  INPUT ---       rlabel(24)=pent gF a0.120547945205479 t1.12054794520548;
  INPUT ---       rlabel(25)=pent gF a0.350684931506849 t1.35068493150685;
  INPUT ---       rlabel(26)=pent gF a0.358904109589041 t1.35890410958904;
  INPUT ---       rlabel(27)=pent gF a0.613698630136986 t1.61369863013699;
  INPUT ---       rlabel(28)=pent gF a0.638356164383562 t1.63835616438356;
  INPUT ---       rlabel(29)=pent gF a0.646575342465753 t1.64657534246575;
  INPUT ---       rlabel(30)=pent gF a0.649315068493151 t1.64931506849315;
  INPUT ---       rlabel(31)=pent gF a0.652054794520548 t1.65205479452055;
  INPUT ---       rlabel(32)=pent gF a0.704109589041096 t1.7041095890411;
  INPUT ---       rlabel(33)=pent gF a0.706849315068493 t1.70684931506849;
  INPUT ---       rlabel(34)=pent gF a0.70958904109589 t1.70958904109589;
  INPUT ---       rlabel(35)=pent gF a0.827397260273973 t1.82739726027397;
  INPUT ---       rlabel(36)=pent gF a1.4027397260274 t2.4027397260274;
  INPUT ---       rlabel(37)=pent gF a1.40547945205479 t2.40547945205479;
  INPUT ---       rlabel(38)=pent gF a1.40821917808219 t2.40821917808219;
  INPUT ---       rlabel(39)=pent gM a0.00547945205479452 t1.00547945205479;
  INPUT ---       rlabel(40)=pent gM a0.00821917808219178 t1.00821917808219;
  INPUT ---       rlabel(41)=pent gM a0.010958904109589 t1.01095890410959;
  INPUT ---       rlabel(42)=pent gM a0.0164383561643836 t1.01643835616438;
  INPUT ---       rlabel(43)=pent gM a0.0246575342465753 t1.02465753424658;
  INPUT ---       rlabel(44)=pent gM a0.0273972602739726 t1.02739726027397;
  INPUT ---       rlabel(45)=pent gM a0.0301369863013699 t1.03013698630137;
  INPUT ---       rlabel(46)=pent gM a0.0356164383561644 t1.03561643835616;
  INPUT ---       rlabel(47)=pent gM a0.0410958904109589 t1.04109589041096;
  INPUT ---       rlabel(48)=pent gM a0.0493150684931507 t1.04931506849315;
  INPUT ---       rlabel(49)=pent gM a0.0520547945205479 t1.05205479452055;
  INPUT ---       rlabel(50)=pent gM a0.0657534246575342 t1.06575342465753;
  INPUT ---       rlabel(51)=pent gM a0.0712328767123288 t1.07123287671233;
  INPUT ---       rlabel(52)=pent gM a0.0986301369863014 t1.0986301369863;
  INPUT ---       rlabel(53)=pent gM a0.101369863013699 t1.1013698630137;
  INPUT ---       rlabel(54)=pent gM a0.106849315068493 t1.10684931506849;
  INPUT ---       rlabel(55)=pent gM a0.10958904109589 t1.10958904109589;
  INPUT ---       rlabel(56)=pent gM a0.120547945205479 t1.12054794520548;
  INPUT ---       rlabel(57)=pent gM a0.350684931506849 t1.35068493150685;
  INPUT ---       rlabel(58)=pent gM a0.358904109589041 t1.35890410958904;
  INPUT ---       rlabel(59)=pent gM a0.613698630136986 t1.61369863013699;
  INPUT ---       rlabel(60)=pent gM a0.638356164383562 t1.63835616438356;
  INPUT ---       rlabel(61)=pent gM a0.646575342465753 t1.64657534246575;
  INPUT ---       rlabel(62)=pent gM a0.649315068493151 t1.64931506849315;
  INPUT ---       rlabel(63)=pent gM a0.652054794520548 t1.65205479452055;
  INPUT ---       rlabel(64)=pent gM a0.704109589041096 t1.7041095890411;
  INPUT ---       rlabel(65)=pent gM a0.706849315068493 t1.70684931506849;

  Program  MARK  - Survival Rate Estimation with Capture-Recapture Data
   gfortran(dble) Vers. 9.0 Mar 2018    25-Mar-2020 14:33:57    Page  009
 - - - - - - - - - - - - - - - - - - - - - - - - - - - - - - - - - - - - - -
 
  INPUT ---       rlabel(66)=pent gM a0.70958904109589 t1.70958904109589;
  INPUT ---       rlabel(67)=pent gM a0.827397260273973 t1.82739726027397;
  INPUT ---       rlabel(68)=pent gM a1.4027397260274 t2.4027397260274;
  INPUT ---       rlabel(69)=pent gM a1.40547945205479 t2.40547945205479;
  INPUT ---       rlabel(70)=pent gM a1.40821917808219 t2.40821917808219;

 Link Function Used is PARM-SPECIFIC

 Variance Estimation Procedure Used is 2ndPart 

 M(t+1):
      16     29



 Group: 1

 U(t)+UL(t):
       0    2    2    0    1    0    3    1    1    0    0    0    0    0    1
       0    0    0    2    1    1    0    0    0    1    0    0    0    0    0
       0    0    0

 U(t):
       0    2    2    0    1    0    3    1    1    0    0    0    0    0    1
       0    0    0    2    1    1    0    0    0    1    0    0    0    0    0
       0    0    0

 UL(t):
       0    0    0    0    0    0    0    0    0    0    0    0    0    0    0
       0    0    0    0    0    0    0    0    0    0    0    0    0    0    0
       0    0    0

 Not Released(t):
       0    0    0    0    0    0    0    0    0    0    0    0    0    0    0
       0    0    0    0    0    0    0    0    0    0    0    0    0    0    0
       0    0    0

 Group: 2

 U(t)+UL(t):
       3    0    1    1    1    1    1    0    1    1    2    1    3    3    1
       1    0    2    3    1    0    0    1    0    0    0    0    0    0    1
       0    0    0

 U(t):
       3    0    1    1    1    1    1    0    1    1    2    1    3    3    1
       1    0    2    3    1    0    0    1    0    0    0    0    0    0    1
       0    0    0

 UL(t):
       0    0    0    0    0    0    0    0    0    0    0    0    0    0    0
       0    0    0    0    0    0    0    0    0    0    0    0    0    0    0
       0    0    0

 Not Released(t):
       0    0    0    0    0    0    0    0    0    0    0    0    0    0    0
       0    0    0    0    0    0    0    0    0    0    0    0    0    0    0
       0    0    0
 -2logL(saturated) = 272.93564     
 Effective Sample Size = 103

 Number of function evaluations was 24 for 7 parameters.
 Time for numerical optimization was 0.14 seconds.     
 -2logL { Phi(~sex)p(~sex)pent(~1)N(~sex) } = 552.79597     
 Penalty { Phi(~sex)p(~sex)pent(~1)N(~sex) } = 0.0000000     
 Gradient { Phi(~sex)p(~sex)pent(~1)N(~sex) }:
  0.2916271E-05   0.000000      0.6338167E-05 -0.1308823E-04 -0.2691483E-05
 -0.2554330E-05 -0.5673358E-05
 Maximum ABS(G) { Phi(~sex)p(~sex)pent(~1)N(~sex) } = 0.1308823E-04 
 S Vector { Phi(~sex)p(~sex)pent(~1)N(~sex) }:
   128.1568      12.39542      7.194785      2.942954      1.019400    
  0.4284488     0.3241043    
 Time to compute number of parameters was 0.09 seconds.     
 Ratio Threshold = 50.000000       Max Gap (1/2) = 10.339045       Next Max Gap (1/2) = 10.339045     
 Gap Method for Num. of Estimated Parameters { Phi(~sex)p(~sex)pent(~1)N(~sex) } = 7          
 Threshold { Phi(~sex)p(~sex)pent(~1)N(~sex) } = 0.2617646E-04                 
 Numerical Threshold Method for Num. of Estimated Parameters { Phi(~sex)p(~sex)pent(~1)N(~sex) } = 7          
 Number of Estimated Parameters { Phi(~sex)p(~sex)pent(~1)N(~sex) } = 7          
 DEVIANCE { Phi(~sex)p(~sex)pent(~1)N(~sex) } = 279.86033                     
 DEVIANCE Degrees of Freedom { Phi(~sex)p(~sex)pent(~1)N(~sex) } = 34            
 c-hat { Phi(~sex)p(~sex)pent(~1)N(~sex) } = 8.2311860                     
 AIC { Phi(~sex)p(~sex)pent(~1)N(~sex) } = 566.79597                  
 AICc { Phi(~sex)p(~sex)pent(~1)N(~sex) } = 567.97492                    
 BIC { Phi(~sex)p(~sex)pent(~1)N(~sex) } = 585.23907                    
 Pearson Chisquare { Phi(~sex)p(~sex)pent(~1)N(~sex) } = 20353119.                  


             PARM-SPECIFIC Link Function Parameters of { Phi(~sex)p(~sex)pent(~1)N(~sex) }
                                                              95% Confidence Interval
 Parameter                    Beta         Standard Error      Lower           Upper
 -------------------------  --------------  --------------  --------------  --------------
    1:Phi:(Intercept)       -1.6161471       1.0448829      -3.6641177       0.4318235    
    2:Phi:sexM               2.6997311       1.3743355       0.0060334       5.3934287    
    3:p:(Intercept)         -2.6111679       0.3161714      -3.2308639      -1.9914719    
    4:p:sexM                 0.1658407       0.3310288      -0.4829758       0.8146572    
    5:pent:(Intercept)      -4.6692879       1.5807739      -7.7676048      -1.5709709    
    6:N:(Intercept)          1.9868480       0.7075240       0.6001009       3.3735951    
    7:N:sexM                -0.3447759       0.8820995      -2.0736908       1.3841391    


             Real Function Parameters of { Phi(~sex)p(~sex)pent(~1)N(~sex) }
                                                               95% Confidence Interval
  Parameter                  Estimate       Standard Error      Lower           Upper
 --------------------------  --------------  --------------  --------------  --------------
     1:Phi gF a0 t1           0.1657369       0.1444741       0.0249864       0.6063090                          

  Program  MARK  - Survival Rate Estimation with Capture-Recapture Data
   gfortran(dble) Vers. 9.0 Mar 2018    25-Mar-2020 14:33:57    Page  010
 - - - - - - - - - - - - - - - - - - - - - - - - - - - - - - - - - - - - - -
 
     2:Phi gM a0 t1           0.7471716       0.2178801       0.2355856       0.9659145                          
     3:p gF a0 t1             0.0684231       0.0201532       0.0380206       0.1201012                          
     4:p gM a0 t1             0.0797809       0.0140350       0.0562517       0.1119842                          
     5:N gF a0 t1             23.292512       5.1596271       18.092146       41.419224                          
     6:N gM a0 t1             34.165863       4.3066724       30.243931       50.453068                          
     7:pent gF a0.005479452   0.0072139       0.0087711       0.6584820E-03   0.0741856                          
     8:pent gF a0.008219178   0.0072139       0.0087711       0.6584820E-03   0.0741856                          
     9:pent gF a0.010958904   0.0072139       0.0087711       0.6584820E-03   0.0741856                          
    10:pent gF a0.016438356   0.0072139       0.0087711       0.6584820E-03   0.0741856                          
    11:pent gF a0.024657534   0.0072139       0.0087711       0.6584820E-03   0.0741856                          
    12:pent gF a0.027397260   0.0072139       0.0087711       0.6584820E-03   0.0741856                          
    13:pent gF a0.030136986   0.0072139       0.0087711       0.6584820E-03   0.0741856                          
    14:pent gF a0.035616438   0.0072139       0.0087711       0.6584820E-03   0.0741856                          
    15:pent gF a0.041095890   0.0072139       0.0087711       0.6584820E-03   0.0741856                          
    16:pent gF a0.049315068   0.0072139       0.0087711       0.6584820E-03   0.0741856                          
    17:pent gF a0.052054794   0.0072139       0.0087711       0.6584820E-03   0.0741856                          
    18:pent gF a0.065753424   0.0072139       0.0087711       0.6584820E-03   0.0741856                          
    19:pent gF a0.071232876   0.0072139       0.0087711       0.6584820E-03   0.0741856                          
    20:pent gF a0.098630136   0.0072139       0.0087711       0.6584820E-03   0.0741856                          
    21:pent gF a0.101369863   0.0072139       0.0087711       0.6584820E-03   0.0741856                          
    22:pent gF a0.106849315   0.0072139       0.0087711       0.6584820E-03   0.0741856                          
    23:pent gF a0.109589041   0.0072139       0.0087711       0.6584820E-03   0.0741856                          
    24:pent gF a0.120547945   0.0072139       0.0087711       0.6584820E-03   0.0741856                          
    25:pent gF a0.350684931   0.0072139       0.0087711       0.6584820E-03   0.0741856                          
    26:pent gF a0.358904109   0.0072139       0.0087711       0.6584820E-03   0.0741856                          
    27:pent gF a0.613698630   0.0072139       0.0087711       0.6584820E-03   0.0741856                          
    28:pent gF a0.638356164   0.0072139       0.0087711       0.6584820E-03   0.0741856                          
    29:pent gF a0.646575342   0.0072139       0.0087711       0.6584820E-03   0.0741856                          
    30:pent gF a0.649315068   0.0072139       0.0087711       0.6584820E-03   0.0741856                          
    31:pent gF a0.652054794   0.0072139       0.0087711       0.6584820E-03   0.0741856                          
    32:pent gF a0.704109589   0.0072139       0.0087711       0.6584820E-03   0.0741856                          
    33:pent gF a0.706849315   0.0072139       0.0087711       0.6584820E-03   0.0741856                          
    34:pent gF a0.709589041   0.0072139       0.0087711       0.6584820E-03   0.0741856                          
    35:pent gF a0.827397260   0.0072139       0.0087711       0.6584820E-03   0.0741856                          
    36:pent gF a1.402739726   0.0072139       0.0087711       0.6584820E-03   0.0741856                          
    37:pent gF a1.405479452   0.0072139       0.0087711       0.6584820E-03   0.0741856                          
    38:pent gF a1.408219178   0.0072139       0.0087711       0.6584820E-03   0.0741856                          
    39:pent gM a0.005479452   0.0072139       0.0087711       0.6584820E-03   0.0741856                          
    40:pent gM a0.008219178   0.0072139       0.0087711       0.6584820E-03   0.0741856                          
    41:pent gM a0.010958904   0.0072139       0.0087711       0.6584820E-03   0.0741856                          
    42:pent gM a0.016438356   0.0072139       0.0087711       0.6584820E-03   0.0741856                          
    43:pent gM a0.024657534   0.0072139       0.0087711       0.6584820E-03   0.0741856                          
    44:pent gM a0.027397260   0.0072139       0.0087711       0.6584820E-03   0.0741856                          
    45:pent gM a0.030136986   0.0072139       0.0087711       0.6584820E-03   0.0741856                          
    46:pent gM a0.035616438   0.0072139       0.0087711       0.6584820E-03   0.0741856                          
    47:pent gM a0.041095890   0.0072139       0.0087711       0.6584820E-03   0.0741856                          

  Program  MARK  - Survival Rate Estimation with Capture-Recapture Data
   gfortran(dble) Vers. 9.0 Mar 2018    25-Mar-2020 14:33:57    Page  011
 - - - - - - - - - - - - - - - - - - - - - - - - - - - - - - - - - - - - - -
 
    48:pent gM a0.049315068   0.0072139       0.0087711       0.6584820E-03   0.0741856                          
    49:pent gM a0.052054794   0.0072139       0.0087711       0.6584820E-03   0.0741856                          
    50:pent gM a0.065753424   0.0072139       0.0087711       0.6584820E-03   0.0741856                          
    51:pent gM a0.071232876   0.0072139       0.0087711       0.6584820E-03   0.0741856                          
    52:pent gM a0.098630136   0.0072139       0.0087711       0.6584820E-03   0.0741856                          
    53:pent gM a0.101369863   0.0072139       0.0087711       0.6584820E-03   0.0741856                          
    54:pent gM a0.106849315   0.0072139       0.0087711       0.6584820E-03   0.0741856                          
    55:pent gM a0.109589041   0.0072139       0.0087711       0.6584820E-03   0.0741856                          
    56:pent gM a0.120547945   0.0072139       0.0087711       0.6584820E-03   0.0741856                          
    57:pent gM a0.350684931   0.0072139       0.0087711       0.6584820E-03   0.0741856                          
    58:pent gM a0.358904109   0.0072139       0.0087711       0.6584820E-03   0.0741856                          
    59:pent gM a0.613698630   0.0072139       0.0087711       0.6584820E-03   0.0741856                          
    60:pent gM a0.638356164   0.0072139       0.0087711       0.6584820E-03   0.0741856                          
    61:pent gM a0.646575342   0.0072139       0.0087711       0.6584820E-03   0.0741856                          
    62:pent gM a0.649315068   0.0072139       0.0087711       0.6584820E-03   0.0741856                          
    63:pent gM a0.652054794   0.0072139       0.0087711       0.6584820E-03   0.0741856                          
    64:pent gM a0.704109589   0.0072139       0.0087711       0.6584820E-03   0.0741856                          
    65:pent gM a0.706849315   0.0072139       0.0087711       0.6584820E-03   0.0741856                          
    66:pent gM a0.709589041   0.0072139       0.0087711       0.6584820E-03   0.0741856                          
    67:pent gM a0.827397260   0.0072139       0.0087711       0.6584820E-03   0.0741856                          
    68:pent gM a1.402739726   0.0072139       0.0087711       0.6584820E-03   0.0741856                          
    69:pent gM a1.405479452   0.0072139       0.0087711       0.6584820E-03   0.0741856                          
    70:pent gM a1.408219178   0.0072139       0.0087711       0.6584820E-03   0.0741856                          


                      Estimates of Derived Parameters
 Gross Birth+Immigration Estimates of { Phi(~sex)p(~sex)pent(~1)N(~sex) }
                                                95% Confidence Interval
 Grp. Occ.   B*-hat          Standard Error      Lower           Upper
 ---- ----   --------------  --------------  --------------  --------------
   1     1    0.1688580       0.2263386       0.0231359       1.2324158    
   1     2    0.1684433       0.2256872       0.0230912       1.2287435    
   1     3    0.1684433       0.2256872       0.0230912       1.2287435    
   1     4    0.1688580       0.2263386       0.0231359       1.2324158    
   1     5    0.1692734       0.2269913       0.0231806       1.2360961    
   1     6    0.1684433       0.2256872       0.0230912       1.2287435    
   1     7    0.1684433       0.2256872       0.0230912       1.2287435    
   1     8    0.1688580       0.2263386       0.0231359       1.2324158    
   1     9    0.1688580       0.2263386       0.0231359       1.2324158    
   1    10    0.1692734       0.2269913       0.0231806       1.2360961    
   1    11    0.1684433       0.2256872       0.0230912       1.2287435    
   1    12    0.1701063       0.2283008       0.0232703       1.2434811    
   1    13    0.1688580       0.2263386       0.0231359       1.2324158    
   1    14    0.1722003       0.2315985       0.0234952       1.2620852    
   1    15    0.1684433       0.2256872       0.0230912       1.2287435    

  Program  MARK  - Survival Rate Estimation with Capture-Recapture Data
   gfortran(dble) Vers. 9.0 Mar 2018    25-Mar-2020 14:33:57    Page  012
 - - - - - - - - - - - - - - - - - - - - - - - - - - - - - - - - - - - - - -
 
   1    16    0.1688580       0.2263386       0.0231359       1.2324158    
   1    17    0.1684433       0.2256872       0.0230912       1.2287435    
   1    18    0.1696895       0.2276454       0.0232254       1.2397845    
   1    19    0.2051698       0.2843774       0.0269645       1.5611110    
   1    20    0.1692734       0.2269913       0.0231806       1.2360961    
   1    21    0.2094306       0.2913010       0.0274048       1.6004912    
   1    22    0.1717801       0.2309362       0.0234501       1.2583482    
   1    23    0.1692734       0.2269913       0.0231806       1.2360961    
   1    24    0.1684433       0.2256872       0.0230912       1.2287435    
   1    25    0.1684433       0.2256872       0.0230912       1.2287435    
   1    26    0.1760123       0.2376201       0.0239030       1.2960833    
   1    27    0.1684433       0.2256872       0.0230912       1.2287435    
   1    28    0.1684433       0.2256872       0.0230912       1.2287435    
   1    29    0.1864461       0.2542169       0.0250095       1.3899575    
   1    30    0.2696215       0.3908960       0.0335036       2.1697919    
   1    31    0.1684433       0.2256872       0.0230912       1.2287435    
   1    32    0.1684433       0.2256872       0.0230912       1.2287435    
   2     1    0.2466651       0.3230001       0.0347897       1.7488985    
   2     2    0.2465666       0.3228225       0.0347823       1.7478738    
   2     3    0.2465666       0.3228225       0.0347823       1.7478738    
   2     4    0.2466651       0.3230001       0.0347897       1.7488985    
   2     5    0.2467635       0.3231778       0.0347971       1.7499238    
   2     6    0.2465666       0.3228225       0.0347823       1.7478738    
   2     7    0.2465666       0.3228225       0.0347823       1.7478738    
   2     8    0.2466651       0.3230001       0.0347897       1.7488985    
   2     9    0.2466651       0.3230001       0.0347897       1.7488985    
   2    10    0.2467635       0.3231778       0.0347971       1.7499238    
   2    11    0.2465666       0.3228225       0.0347823       1.7478738    
   2    12    0.2469606       0.3235335       0.0348118       1.7519760    
   2    13    0.2466651       0.3230001       0.0347897       1.7488985    
   2    14    0.2474536       0.3244241       0.0348487       1.7571157    
   2    15    0.2465666       0.3228225       0.0347823       1.7478738    
   2    16    0.2466651       0.3230001       0.0347897       1.7488985    
   2    17    0.2465666       0.3228225       0.0347823       1.7478738    
   2    18    0.2468620       0.3233556       0.0348045       1.7509497    
   2    19    0.2548266       0.3378475       0.0353930       1.8347292    
   2    20    0.2467635       0.3231778       0.0347971       1.7499238    
   2    21    0.2557331       0.3395110       0.0354590       1.8443664    
   2    22    0.2473549       0.3242458       0.0348414       1.7560867    
   2    23    0.2467635       0.3231778       0.0347971       1.7499238    
   2    24    0.2465666       0.3228225       0.0347823       1.7478738    
   2    25    0.2465666       0.3228225       0.0347823       1.7478738    
   2    26    0.2483426       0.3260324       0.0349151       1.7664004    
   2    27    0.2465666       0.3228225       0.0347823       1.7478738    
   2    28    0.2465666       0.3228225       0.0347823       1.7478738    
   2    29    0.2507238       0.3303542       0.0350918       1.7913691    

  Program  MARK  - Survival Rate Estimation with Capture-Recapture Data
   gfortran(dble) Vers. 9.0 Mar 2018    25-Mar-2020 14:33:57    Page  013
 - - - - - - - - - - - - - - - - - - - - - - - - - - - - - - - - - - - - - -
 
   2    30    0.2677106       0.3617452       0.0363147       1.9735534    
   2    31    0.2465666       0.3228225       0.0347823       1.7478738    
   2    32    0.2465666       0.3228225       0.0347823       1.7478738    

  Net Birth+Immigration Estimates of { Phi(~sex)p(~sex)pent(~1)N(~sex) }
                                                95% Confidence Interval
 Grp. Occ.   B-hat           Standard Error      Lower           Upper
 ---- ----   --------------  --------------  --------------  --------------
   1     1    0.1680292       0.2250372       0.0230465       1.2250794    
   1     2    0.1680292       0.2250372       0.0230465       1.2250794    
   1     3    0.1680292       0.2250372       0.0230465       1.2250794    
   1     4    0.1680292       0.2250372       0.0230465       1.2250794    
   1     5    0.1680292       0.2250372       0.0230465       1.2250794    
   1     6    0.1680292       0.2250372       0.0230465       1.2250794    
   1     7    0.1680292       0.2250372       0.0230465       1.2250794    
   1     8    0.1680292       0.2250372       0.0230465       1.2250794    
   1     9    0.1680292       0.2250372       0.0230465       1.2250794    
   1    10    0.1680292       0.2250372       0.0230465       1.2250794    
   1    11    0.1680292       0.2250372       0.0230465       1.2250794    
   1    12    0.1680292       0.2250372       0.0230465       1.2250794    
   1    13    0.1680292       0.2250372       0.0230465       1.2250794    
   1    14    0.1680292       0.2250372       0.0230465       1.2250794    
   1    15    0.1680292       0.2250372       0.0230465       1.2250794    
   1    16    0.1680292       0.2250372       0.0230465       1.2250794    
   1    17    0.1680292       0.2250372       0.0230465       1.2250794    
   1    18    0.1680292       0.2250372       0.0230465       1.2250794    
   1    19    0.1680292       0.2250372       0.0230465       1.2250794    
   1    20    0.1680292       0.2250372       0.0230465       1.2250794    
   1    21    0.1680292       0.2250372       0.0230465       1.2250794    
   1    22    0.1680292       0.2250372       0.0230465       1.2250794    
   1    23    0.1680292       0.2250372       0.0230465       1.2250794    
   1    24    0.1680292       0.2250372       0.0230465       1.2250794    
   1    25    0.1680292       0.2250372       0.0230465       1.2250794    
   1    26    0.1680292       0.2250372       0.0230465       1.2250794    
   1    27    0.1680292       0.2250372       0.0230465       1.2250794    
   1    28    0.1680292       0.2250372       0.0230465       1.2250794    
   1    29    0.1680292       0.2250372       0.0230465       1.2250794    
   1    30    0.1680292       0.2250372       0.0230465       1.2250794    
   1    31    0.1680292       0.2250372       0.0230465       1.2250794    
   1    32    0.1680292       0.2250372       0.0230465       1.2250794    
   2     1    0.2464682       0.3226449       0.0347749       1.7468495    
   2     2    0.2464682       0.3226449       0.0347749       1.7468495    
   2     3    0.2464682       0.3226449       0.0347749       1.7468495    
   2     4    0.2464682       0.3226449       0.0347749       1.7468495    
   2     5    0.2464682       0.3226449       0.0347749       1.7468495    
   2     6    0.2464682       0.3226449       0.0347749       1.7468495    
   2     7    0.2464682       0.3226449       0.0347749       1.7468495    
   2     8    0.2464682       0.3226449       0.0347749       1.7468495    
   2     9    0.2464682       0.3226449       0.0347749       1.7468495    
   2    10    0.2464682       0.3226449       0.0347749       1.7468495    
   2    11    0.2464682       0.3226449       0.0347749       1.7468495    
   2    12    0.2464682       0.3226449       0.0347749       1.7468495    
   2    13    0.2464682       0.3226449       0.0347749       1.7468495    
   2    14    0.2464682       0.3226449       0.0347749       1.7468495    
   2    15    0.2464682       0.3226449       0.0347749       1.7468495    
   2    16    0.2464682       0.3226449       0.0347749       1.7468495    
   2    17    0.2464682       0.3226449       0.0347749       1.7468495    
   2    18    0.2464682       0.3226449       0.0347749       1.7468495    
   2    19    0.2464682       0.3226449       0.0347749       1.7468495    
   2    20    0.2464682       0.3226449       0.0347749       1.7468495    
   2    21    0.2464682       0.3226449       0.0347749       1.7468495    
   2    22    0.2464682       0.3226449       0.0347749       1.7468495    
   2    23    0.2464682       0.3226449       0.0347749       1.7468495    
   2    24    0.2464682       0.3226449       0.0347749       1.7468495    
   2    25    0.2464682       0.3226449       0.0347749       1.7468495    
   2    26    0.2464682       0.3226449       0.0347749       1.7468495    
   2    27    0.2464682       0.3226449       0.0347749       1.7468495    
   2    28    0.2464682       0.3226449       0.0347749       1.7468495    
   2    29    0.2464682       0.3226449       0.0347749       1.7468495    
   2    30    0.2464682       0.3226449       0.0347749       1.7468495    
   2    31    0.2464682       0.3226449       0.0347749       1.7468495    
   2    32    0.2464682       0.3226449       0.0347749       1.7468495    

       Population Estimates of { Phi(~sex)p(~sex)pent(~1)N(~sex) }
                                                95% Confidence Interval
 Grp. Occ.   N-hat           Standard Error      Lower           Upper
 ---- ----   --------------  --------------  --------------  --------------
   1     1    17.915576       5.7306277       9.7175448       33.029730    
   1     2    17.908030       5.5416834       9.9000018       32.393684    
   1     3    17.988092       5.3739433       10.141431       31.905896    
   1     4    18.067761       5.2116008       10.381545       31.444644    
   1     5    18.058723       5.0410326       10.556399       30.892872    
   1     6    17.961936       4.8645850       10.663195       30.256518    
   1     7    18.041733       4.7200532       10.895808       29.874253    
   1     8    18.121139       4.5825542       11.123797       29.520105    
   1     9    18.111578       4.4415766       11.278440       29.084630    
   1    10    18.102110       4.3090051       11.425938       28.679168    
   1    11    18.004687       4.1760327       11.495654       28.199244    
   1    12    18.084274       4.0702713       11.697081       27.959195    
   1    13    17.812482       3.9423486       11.603169       27.344644    
   1    14    17.805946       3.8477112       11.714372       27.065191    
   1    15    17.118403       3.7243901       11.230628       26.092905    
   1    16    17.202344       3.6536389       11.396894       25.965025    
   1    17    17.201787       3.5910777       11.475287       25.785975    
   1    18    17.285319       3.5436603       11.613483       25.727186    
   1    19    17.116210       3.4980990       11.513782       25.444692    
   1    20    11.485962       3.6970600       6.2073284       21.253477    
   1    21    11.485558       3.6443944       6.2590706       21.076301    
   1    22    7.4335112       3.6481039       2.9906830       18.476411    
   1    23    7.2792933       3.5655316       2.9332665       18.064540    
   1    24    7.3405776       3.5073099       3.0181425       17.853392    
   1    25    7.4725488       3.4663852       3.1454278       17.752429    
   1    26    7.6038717       3.4394892       3.2641772       17.713151    
   1    27    7.0927427       3.3855097       2.9185846       17.236780    
   1    28    7.2259313       3.3784514       3.0228150       17.273331    
   1    29    7.3584657       3.3856245       3.1173524       17.369553    
   1    30    6.1222980       3.2467829       2.3075878       16.243167    
   1    31    2.3448026       2.1066518       0.5191511       10.590556    
   1    32    2.5013138       2.0873034       0.6016703       10.398669    
   1    33    2.6570562       2.0920481       0.6810806       10.365803    
   2     1    26.278880       7.5792119       15.100486       45.732272    
   2     2    26.483413       7.2847741       15.598631       44.963638    
   2     3    26.708742       6.9901875       16.126988       44.233737    
   2     4    26.933892       6.6980576       16.664093       43.532794    
   2     5    27.137380       6.4116885       17.186110       42.850730    
   2     6    27.318916       6.1318797       17.690741       42.187221    
   2     7    27.543578       5.8487080       18.249832       41.570175    
   2     8    27.768061       5.5694535       18.814693       40.982080    
   2     9    27.970218       5.2985816       19.358131       40.413669    
   2    10    28.172052       5.0328894       19.904110       39.874404    

  Program  MARK  - Survival Rate Estimation with Capture-Recapture Data
   gfortran(dble) Vers. 9.0 Mar 2018    25-Mar-2020 14:33:57    Page  014
 - - - - - - - - - - - - - - - - - - - - - - - - - - - - - - - - - - - - - -
 
   2    11    28.351113       4.7774782       20.423654       39.355622    
   2    12    28.574952       4.5198892       20.997800       38.886352    
   2    13    28.707559       4.2890169       21.454700       38.412279    
   2    14    28.908216       4.0526257       21.992257       37.999054    
   2    15    28.924765       3.8704309       22.277846       37.554889    
   2    16    29.148146       3.6495483       22.826897       37.219882    
   2    17    29.348100       3.4491236       23.328344       36.921223    
   2    18    29.571143       3.2599582       23.840324       36.679555    
   2    19    29.723309       3.1074083       24.229743       36.462421    
   2    20    28.041457       3.7756930       21.562610       36.466982    
   2    21    28.220830       3.6464305       21.929991       36.316260    
   2    22    26.447475       4.8098025       18.571088       37.664404    
   2    23    26.504555       4.7948558       18.645222       37.676754    
   2    24    26.687606       4.7093708       18.934395       37.615584    
   2    25    26.912772       4.6130854       19.280013       37.567262    
   2    26    27.137758       4.5367248       19.599822       37.574725    
   2    27    26.975603       4.7378006       19.169180       37.961099    
   2    28    27.200539       4.6947031       19.441854       38.055491    
   2    29    27.425295       4.6723990       19.686433       38.206354    
   2    30    26.746060       5.2314631       18.294652       39.101688    
   2    31    22.863374       7.7837046       11.946918       43.754703    
   2    32    23.091592       7.7194023       12.201087       43.702798    
   2    33    23.319629       7.6677439       12.444695       43.697743    

    Gross Population Estimates of { Phi(~sex)p(~sex)pent(~1)N(~sex) }
                                                95% Confidence Interval
 Grp. Occ.   N*-hat          Standard Error      Lower           Upper
 ---- ----   --------------  --------------  --------------  --------------
   1     0    23.526037       5.4038827       15.084598       36.691360    
   2     0    34.217259       4.3836233       26.646369       43.939224    

   CPU Time for the last procedure was 0.28 seconds.     

  Program  MARK  - Survival Rate Estimation with Capture-Recapture Data
   gfortran(dble) Vers. 9.0 Mar 2018    25-Mar-2020 14:33:57    Page  015
 - - - - - - - - - - - - - - - - - - - - - - - - - - - - - - - - - - - - - -
 


  INPUT --- proc stop;

     CPU Time in minutes for this job was 0.00

     Time Start = 14:33:57.110   Time End = 14:33:57.520

     Wall Clock Time in minutes for this job was 0.01


          E X E C U T I O N   S U C C E S S F U L 
