
   Program  MARK  - Survival Rate Estimation with Capture-Recapture Data
   gfortran(dble) Vers. 9.0 Mar 2018    25-Mar-2020 21:12:21    Page  001
 - - - - - - - - - - - - - - - - - - - - - - - - - - - - - - - - - - - - - -
 
   This version was compiled by GCC version 7.2.0 using the options: 
     -cpp -iprefix C:/Program Files/mingw-w64/x86_64-7.2.0-posix-seh-rt_v5-rev1/
     mingw64/bin/../lib/gcc/x86_64-w64-mingw32/7.2.0/ -D_MT -D_REENTRANT
     -U_REENTRANT -D IEEE -D DBLEPRECISION -m64 -mtune=core2 -march=nocona -mthreads
     -O2 -fimplicit-none -fbounds-check -funroll-loops -ftree-vectorize
     -ffpe-summary=invalid,zero,overflow,underflow -fno-unsafe-math-optimizations
     -frounding-math -fsignaling-nans -fopenmp.

   This problem will use 15 of 16 possible threads.


  INPUT --- proc title ;

   CPU Time for the last procedure was 0.01 seconds.     


  INPUT --- proc chmatrix occasions= 33 groups= 2 etype= POPAN Nodes= 
  INPUT --- 101 ICMeans NoHist hist= 41  ;

  INPUT ---    time interval 0.00547945205479452 0.00273972602739726 
  INPUT ---    0.00273972602739726 0.00547945205479452  
  INPUT ---    0.00821917808219178 0.00273972602739726 0.00273972602739726 
  INPUT ---    0.00547945205479452  0.00547945205479452 
  INPUT ---    0.00821917808219178 0.00273972602739726 0.0136986301369863 
  INPUT ---    0.00547945205479452  0.0273972602739726 0.00273972602739726 
  INPUT ---    0.00547945205479452 0.00273972602739726 0.010958904109589  
  INPUT ---    0.23013698630137 0.00821917808219178 0.254794520547945 
  INPUT ---    0.0246575342465753 0.00821917808219178  0.00273972602739726 
  INPUT ---    0.00273972602739726 0.0520547945205479 0.00273972602739726 
  INPUT ---    0.00273972602739726  0.117808219178082 0.575342465753425 
  INPUT ---    0.00273972602739726 0.00273972602739726 ;

  INPUT ---    glabel(1)=sexF;

  INPUT ---    glabel(2)=sexM;

   * *  WARNING  * *   At least a pair of the encounter histories are duplicates. 

      Number of unique encounter histories read was 38.

      Number of individual covariates read was 0.
      Time interval lengths vary and/or not equal to 1.

      Data type number is 19
      Data type is POPAN                                                                                               

   CPU Time for the last procedure was 0.02 seconds.     

  Program  MARK  - Survival Rate Estimation with Capture-Recapture Data
   gfortran(dble) Vers. 9.0 Mar 2018    25-Mar-2020 21:12:21    Page  002
 - - - - - - - - - - - - - - - - - - - - - - - - - - - - - - - - - - - - - -
 


  INPUT --- proc estimate link=Parm-Specific NOLOOP varest=2ndPart    ;


  INPUT --- model={ Phi(~sex)p(~1)pent(~sex)N(~sex) };

  INPUT ---    group=1 Phi    rows=1 cols=32 Square ;
  INPUT ---        1 1 1 1 1 1 1 1 1 1 1 1 1 1 1 1 1 1 1 1 1 1 1 1 1 1 1 1 1 
  INPUT ---       1 1 1 ;

  INPUT ---    group=2 Phi    rows=1 cols=32 Square ;
  INPUT ---        2 2 2 2 2 2 2 2 2 2 2 2 2 2 2 2 2 2 2 2 2 2 2 2 2 2 2 2 2 
  INPUT ---       2 2 2 ;

  INPUT ---    group=1 p    rows=1 cols=33 Square ;
  INPUT ---        3 3 3 3 3 3 3 3 3 3 3 3 3 3 3 3 3 3 3 3 3 3 3 3 3 3 3 3 3 
  INPUT ---       3 3 3 3 ;

  INPUT ---    group=2 p    rows=1 cols=33 Square ;
  INPUT ---        3 3 3 3 3 3 3 3 3 3 3 3 3 3 3 3 3 3 3 3 3 3 3 3 3 3 3 3 3 
  INPUT ---       3 3 3 3 ;

  INPUT ---    group=1 pent    rows=1 cols=32 Square ;
  INPUT ---        6 7 8 9 10 11 12 13 14 15 16 17 18 19 20 21 22 23 24 25 26 
  INPUT ---       27 28 29 30 31 32 33 34 35 36 37 ;

  INPUT ---    group=2 pent    rows=1 cols=32 Square ;
  INPUT ---        38 39 40 41 42 43 44 45 46 47 48 49 50 51 52 53 54 55 56 
  INPUT ---       57 58 59 60 61 62 63 64 65 66 67 68 69 ;

  INPUT ---    group=1 N    rows=1 cols=1 Square ;
  INPUT ---        4 ;

  INPUT ---    group=2 N    rows=1 cols=1 Square ;
  INPUT ---        5 ;

  INPUT ---    design matrix constraints=69 covariates=7;
  INPUT ---        1 0 0 0 0 0 0;
  INPUT ---        1 1 0 0 0 0 0;
  INPUT ---        0 0 1 0 0 0 0;
  INPUT ---        0 0 0 0 0 1 0;
  INPUT ---        0 0 0 0 0 1 1;
  INPUT ---        0 0 0 1 0 0 0;
  INPUT ---        0 0 0 1 0 0 0;
  INPUT ---        0 0 0 1 0 0 0;

  Program  MARK  - Survival Rate Estimation with Capture-Recapture Data
   gfortran(dble) Vers. 9.0 Mar 2018    25-Mar-2020 21:12:21    Page  003
 - - - - - - - - - - - - - - - - - - - - - - - - - - - - - - - - - - - - - -
 
  INPUT ---        0 0 0 1 0 0 0;
  INPUT ---        0 0 0 1 0 0 0;
  INPUT ---        0 0 0 1 0 0 0;
  INPUT ---        0 0 0 1 0 0 0;
  INPUT ---        0 0 0 1 0 0 0;
  INPUT ---        0 0 0 1 0 0 0;
  INPUT ---        0 0 0 1 0 0 0;
  INPUT ---        0 0 0 1 0 0 0;
  INPUT ---        0 0 0 1 0 0 0;
  INPUT ---        0 0 0 1 0 0 0;
  INPUT ---        0 0 0 1 0 0 0;
  INPUT ---        0 0 0 1 0 0 0;
  INPUT ---        0 0 0 1 0 0 0;
  INPUT ---        0 0 0 1 0 0 0;
  INPUT ---        0 0 0 1 0 0 0;
  INPUT ---        0 0 0 1 0 0 0;
  INPUT ---        0 0 0 1 0 0 0;
  INPUT ---        0 0 0 1 0 0 0;
  INPUT ---        0 0 0 1 0 0 0;
  INPUT ---        0 0 0 1 0 0 0;
  INPUT ---        0 0 0 1 0 0 0;
  INPUT ---        0 0 0 1 0 0 0;
  INPUT ---        0 0 0 1 0 0 0;
  INPUT ---        0 0 0 1 0 0 0;
  INPUT ---        0 0 0 1 0 0 0;
  INPUT ---        0 0 0 1 0 0 0;
  INPUT ---        0 0 0 1 0 0 0;
  INPUT ---        0 0 0 1 0 0 0;
  INPUT ---        0 0 0 1 0 0 0;
  INPUT ---        0 0 0 1 1 0 0;
  INPUT ---        0 0 0 1 1 0 0;
  INPUT ---        0 0 0 1 1 0 0;
  INPUT ---        0 0 0 1 1 0 0;
  INPUT ---        0 0 0 1 1 0 0;
  INPUT ---        0 0 0 1 1 0 0;
  INPUT ---        0 0 0 1 1 0 0;
  INPUT ---        0 0 0 1 1 0 0;
  INPUT ---        0 0 0 1 1 0 0;
  INPUT ---        0 0 0 1 1 0 0;
  INPUT ---        0 0 0 1 1 0 0;
  INPUT ---        0 0 0 1 1 0 0;
  INPUT ---        0 0 0 1 1 0 0;
  INPUT ---        0 0 0 1 1 0 0;
  INPUT ---        0 0 0 1 1 0 0;
  INPUT ---        0 0 0 1 1 0 0;
  INPUT ---        0 0 0 1 1 0 0;

  Program  MARK  - Survival Rate Estimation with Capture-Recapture Data
   gfortran(dble) Vers. 9.0 Mar 2018    25-Mar-2020 21:12:21    Page  004
 - - - - - - - - - - - - - - - - - - - - - - - - - - - - - - - - - - - - - -
 
  INPUT ---        0 0 0 1 1 0 0;
  INPUT ---        0 0 0 1 1 0 0;
  INPUT ---        0 0 0 1 1 0 0;
  INPUT ---        0 0 0 1 1 0 0;
  INPUT ---        0 0 0 1 1 0 0;
  INPUT ---        0 0 0 1 1 0 0;
  INPUT ---        0 0 0 1 1 0 0;
  INPUT ---        0 0 0 1 1 0 0;
  INPUT ---        0 0 0 1 1 0 0;
  INPUT ---        0 0 0 1 1 0 0;
  INPUT ---        0 0 0 1 1 0 0;
  INPUT ---        0 0 0 1 1 0 0;
  INPUT ---        0 0 0 1 1 0 0;
  INPUT ---        0 0 0 1 1 0 0;
  INPUT ---        0 0 0 1 1 0 0;

  INPUT ---    links=69;

  INPUT ---    Logit;

  INPUT ---    Logit;

  INPUT ---    Logit;

  INPUT ---    Log;

  INPUT ---    Log;

  INPUT ---    mlogit(1);

  INPUT ---    mlogit(1);

  INPUT ---    mlogit(1);

  INPUT ---    mlogit(1);

  INPUT ---    mlogit(1);

  INPUT ---    mlogit(1);

  INPUT ---    mlogit(1);

  INPUT ---    mlogit(1);

  INPUT ---    mlogit(1);


  Program  MARK  - Survival Rate Estimation with Capture-Recapture Data
   gfortran(dble) Vers. 9.0 Mar 2018    25-Mar-2020 21:12:21    Page  005
 - - - - - - - - - - - - - - - - - - - - - - - - - - - - - - - - - - - - - -
 
  INPUT ---    mlogit(1);

  INPUT ---    mlogit(1);

  INPUT ---    mlogit(1);

  INPUT ---    mlogit(1);

  INPUT ---    mlogit(1);

  INPUT ---    mlogit(1);

  INPUT ---    mlogit(1);

  INPUT ---    mlogit(1);

  INPUT ---    mlogit(1);

  INPUT ---    mlogit(1);

  INPUT ---    mlogit(1);

  INPUT ---    mlogit(1);

  INPUT ---    mlogit(1);

  INPUT ---    mlogit(1);

  INPUT ---    mlogit(1);

  INPUT ---    mlogit(1);

  INPUT ---    mlogit(1);

  INPUT ---    mlogit(1);

  INPUT ---    mlogit(1);

  INPUT ---    mlogit(1);

  INPUT ---    mlogit(1);

  INPUT ---    mlogit(1);

  INPUT ---    mlogit(1);


  Program  MARK  - Survival Rate Estimation with Capture-Recapture Data
   gfortran(dble) Vers. 9.0 Mar 2018    25-Mar-2020 21:12:21    Page  006
 - - - - - - - - - - - - - - - - - - - - - - - - - - - - - - - - - - - - - -
 
  INPUT ---    mlogit(2);

  INPUT ---    mlogit(2);

  INPUT ---    mlogit(2);

  INPUT ---    mlogit(2);

  INPUT ---    mlogit(2);

  INPUT ---    mlogit(2);

  INPUT ---    mlogit(2);

  INPUT ---    mlogit(2);

  INPUT ---    mlogit(2);

  INPUT ---    mlogit(2);

  INPUT ---    mlogit(2);

  INPUT ---    mlogit(2);

  INPUT ---    mlogit(2);

  INPUT ---    mlogit(2);

  INPUT ---    mlogit(2);

  INPUT ---    mlogit(2);

  INPUT ---    mlogit(2);

  INPUT ---    mlogit(2);

  INPUT ---    mlogit(2);

  INPUT ---    mlogit(2);

  INPUT ---    mlogit(2);

  INPUT ---    mlogit(2);

  INPUT ---    mlogit(2);


  Program  MARK  - Survival Rate Estimation with Capture-Recapture Data
   gfortran(dble) Vers. 9.0 Mar 2018    25-Mar-2020 21:12:21    Page  007
 - - - - - - - - - - - - - - - - - - - - - - - - - - - - - - - - - - - - - -
 
  INPUT ---    mlogit(2);

  INPUT ---    mlogit(2);

  INPUT ---    mlogit(2);

  INPUT ---    mlogit(2);

  INPUT ---    mlogit(2);

  INPUT ---    mlogit(2);

  INPUT ---    mlogit(2);

  INPUT ---    mlogit(2);

  INPUT ---    mlogit(2);
  INPUT ---       blabel(1)=Phi:(Intercept);
  INPUT ---       blabel(2)=Phi:sexM;
  INPUT ---       blabel(3)=p:(Intercept);
  INPUT ---       blabel(4)=pent:(Intercept);
  INPUT ---       blabel(5)=pent:sexM;
  INPUT ---       blabel(6)=N:(Intercept);
  INPUT ---       blabel(7)=N:sexM;
  INPUT ---       rlabel(1)=Phi gF a0 t1;
  INPUT ---       rlabel(2)=Phi gM a0 t1;
  INPUT ---       rlabel(3)=p gF a0 t1;
  INPUT ---       rlabel(4)=N gF a0 t1;
  INPUT ---       rlabel(5)=N gM a0 t1;
  INPUT ---       rlabel(6)=pent gF a0.00547945205479452 t1.00547945205479;
  INPUT ---       rlabel(7)=pent gF a0.00821917808219178 t1.00821917808219;
  INPUT ---       rlabel(8)=pent gF a0.010958904109589 t1.01095890410959;
  INPUT ---       rlabel(9)=pent gF a0.0164383561643836 t1.01643835616438;
  INPUT ---       rlabel(10)=pent gF a0.0246575342465753 t1.02465753424658;
  INPUT ---       rlabel(11)=pent gF a0.0273972602739726 t1.02739726027397;
  INPUT ---       rlabel(12)=pent gF a0.0301369863013699 t1.03013698630137;
  INPUT ---       rlabel(13)=pent gF a0.0356164383561644 t1.03561643835616;
  INPUT ---       rlabel(14)=pent gF a0.0410958904109589 t1.04109589041096;
  INPUT ---       rlabel(15)=pent gF a0.0493150684931507 t1.04931506849315;
  INPUT ---       rlabel(16)=pent gF a0.0520547945205479 t1.05205479452055;
  INPUT ---       rlabel(17)=pent gF a0.0657534246575342 t1.06575342465753;
  INPUT ---       rlabel(18)=pent gF a0.0712328767123288 t1.07123287671233;
  INPUT ---       rlabel(19)=pent gF a0.0986301369863014 t1.0986301369863;
  INPUT ---       rlabel(20)=pent gF a0.101369863013699 t1.1013698630137;
  INPUT ---       rlabel(21)=pent gF a0.106849315068493 t1.10684931506849;
  INPUT ---       rlabel(22)=pent gF a0.10958904109589 t1.10958904109589;

  Program  MARK  - Survival Rate Estimation with Capture-Recapture Data
   gfortran(dble) Vers. 9.0 Mar 2018    25-Mar-2020 21:12:21    Page  008
 - - - - - - - - - - - - - - - - - - - - - - - - - - - - - - - - - - - - - -
 
  INPUT ---       rlabel(23)=pent gF a0.120547945205479 t1.12054794520548;
  INPUT ---       rlabel(24)=pent gF a0.350684931506849 t1.35068493150685;
  INPUT ---       rlabel(25)=pent gF a0.358904109589041 t1.35890410958904;
  INPUT ---       rlabel(26)=pent gF a0.613698630136986 t1.61369863013699;
  INPUT ---       rlabel(27)=pent gF a0.638356164383562 t1.63835616438356;
  INPUT ---       rlabel(28)=pent gF a0.646575342465753 t1.64657534246575;
  INPUT ---       rlabel(29)=pent gF a0.649315068493151 t1.64931506849315;
  INPUT ---       rlabel(30)=pent gF a0.652054794520548 t1.65205479452055;
  INPUT ---       rlabel(31)=pent gF a0.704109589041096 t1.7041095890411;
  INPUT ---       rlabel(32)=pent gF a0.706849315068493 t1.70684931506849;
  INPUT ---       rlabel(33)=pent gF a0.70958904109589 t1.70958904109589;
  INPUT ---       rlabel(34)=pent gF a0.827397260273973 t1.82739726027397;
  INPUT ---       rlabel(35)=pent gF a1.4027397260274 t2.4027397260274;
  INPUT ---       rlabel(36)=pent gF a1.40547945205479 t2.40547945205479;
  INPUT ---       rlabel(37)=pent gF a1.40821917808219 t2.40821917808219;
  INPUT ---       rlabel(38)=pent gM a0.00547945205479452 t1.00547945205479;
  INPUT ---       rlabel(39)=pent gM a0.00821917808219178 t1.00821917808219;
  INPUT ---       rlabel(40)=pent gM a0.010958904109589 t1.01095890410959;
  INPUT ---       rlabel(41)=pent gM a0.0164383561643836 t1.01643835616438;
  INPUT ---       rlabel(42)=pent gM a0.0246575342465753 t1.02465753424658;
  INPUT ---       rlabel(43)=pent gM a0.0273972602739726 t1.02739726027397;
  INPUT ---       rlabel(44)=pent gM a0.0301369863013699 t1.03013698630137;
  INPUT ---       rlabel(45)=pent gM a0.0356164383561644 t1.03561643835616;
  INPUT ---       rlabel(46)=pent gM a0.0410958904109589 t1.04109589041096;
  INPUT ---       rlabel(47)=pent gM a0.0493150684931507 t1.04931506849315;
  INPUT ---       rlabel(48)=pent gM a0.0520547945205479 t1.05205479452055;
  INPUT ---       rlabel(49)=pent gM a0.0657534246575342 t1.06575342465753;
  INPUT ---       rlabel(50)=pent gM a0.0712328767123288 t1.07123287671233;
  INPUT ---       rlabel(51)=pent gM a0.0986301369863014 t1.0986301369863;
  INPUT ---       rlabel(52)=pent gM a0.101369863013699 t1.1013698630137;
  INPUT ---       rlabel(53)=pent gM a0.106849315068493 t1.10684931506849;
  INPUT ---       rlabel(54)=pent gM a0.10958904109589 t1.10958904109589;
  INPUT ---       rlabel(55)=pent gM a0.120547945205479 t1.12054794520548;
  INPUT ---       rlabel(56)=pent gM a0.350684931506849 t1.35068493150685;
  INPUT ---       rlabel(57)=pent gM a0.358904109589041 t1.35890410958904;
  INPUT ---       rlabel(58)=pent gM a0.613698630136986 t1.61369863013699;
  INPUT ---       rlabel(59)=pent gM a0.638356164383562 t1.63835616438356;
  INPUT ---       rlabel(60)=pent gM a0.646575342465753 t1.64657534246575;
  INPUT ---       rlabel(61)=pent gM a0.649315068493151 t1.64931506849315;
  INPUT ---       rlabel(62)=pent gM a0.652054794520548 t1.65205479452055;
  INPUT ---       rlabel(63)=pent gM a0.704109589041096 t1.7041095890411;
  INPUT ---       rlabel(64)=pent gM a0.706849315068493 t1.70684931506849;
  INPUT ---       rlabel(65)=pent gM a0.70958904109589 t1.70958904109589;
  INPUT ---       rlabel(66)=pent gM a0.827397260273973 t1.82739726027397;
  INPUT ---       rlabel(67)=pent gM a1.4027397260274 t2.4027397260274;
  INPUT ---       rlabel(68)=pent gM a1.40547945205479 t2.40547945205479;

  Program  MARK  - Survival Rate Estimation with Capture-Recapture Data
   gfortran(dble) Vers. 9.0 Mar 2018    25-Mar-2020 21:12:21    Page  009
 - - - - - - - - - - - - - - - - - - - - - - - - - - - - - - - - - - - - - -
 
  INPUT ---       rlabel(69)=pent gM a1.40821917808219 t2.40821917808219;

 Link Function Used is PARM-SPECIFIC

 Variance Estimation Procedure Used is 2ndPart 

 M(t+1):
      16     29



 Group: 1

 U(t)+UL(t):
       0    2    2    0    1    0    3    1    1    0    0    0    0    0    1
       0    0    0    2    1    1    0    0    0    1    0    0    0    0    0
       0    0    0

 U(t):
       0    2    2    0    1    0    3    1    1    0    0    0    0    0    1
       0    0    0    2    1    1    0    0    0    1    0    0    0    0    0
       0    0    0

 UL(t):
       0    0    0    0    0    0    0    0    0    0    0    0    0    0    0
       0    0    0    0    0    0    0    0    0    0    0    0    0    0    0
       0    0    0

 Not Released(t):
       0    0    0    0    0    0    0    0    0    0    0    0    0    0    0
       0    0    0    0    0    0    0    0    0    0    0    0    0    0    0
       0    0    0

 Group: 2

 U(t)+UL(t):
       3    0    1    1    1    1    1    0    1    1    2    1    3    3    1
       1    0    2    3    1    0    0    1    0    0    0    0    0    0    1
       0    0    0

 U(t):
       3    0    1    1    1    1    1    0    1    1    2    1    3    3    1
       1    0    2    3    1    0    0    1    0    0    0    0    0    0    1
       0    0    0

 UL(t):
       0    0    0    0    0    0    0    0    0    0    0    0    0    0    0
       0    0    0    0    0    0    0    0    0    0    0    0    0    0    0
       0    0    0

 Not Released(t):
       0    0    0    0    0    0    0    0    0    0    0    0    0    0    0
       0    0    0    0    0    0    0    0    0    0    0    0    0    0    0
       0    0    0
 -2logL(saturated) = 272.93564     
 Effective Sample Size = 103

 Number of function evaluations was 38 for 7 parameters.
 Time for numerical optimization was 0.11 seconds.     
 -2logL { Phi(~sex)p(~1)pent(~sex)N(~sex) } = 552.93657     
 Penalty { Phi(~sex)p(~1)pent(~sex)N(~sex) } = 0.0000000     
 Gradient { Phi(~sex)p(~1)pent(~sex)N(~sex) }:
  0.1348791E-04  0.5550388E-05  0.1091515E-04  0.8706497E-05  0.8217157E-05
   0.000000       0.000000    
 Maximum ABS(G) { Phi(~sex)p(~1)pent(~sex)N(~sex) } = 0.1348791E-04 
 S Vector { Phi(~sex)p(~1)pent(~sex)N(~sex) }:
   83.63702      7.624085      2.512496      1.891003     0.4703085    
  0.3808489     0.8633180E-01
 Time to compute number of parameters was 0.01 seconds.     
 Ratio Threshold = 50.000000       Max Gap (1/2) = 10.970105       Next Max Gap (1/2) = 10.970105     
 Gap Method for Num. of Estimated Parameters { Phi(~sex)p(~1)pent(~sex)N(~sex) } = 7          
 Threshold { Phi(~sex)p(~1)pent(~sex)N(~sex) } = 0.2697582E-04                 
 Numerical Threshold Method for Num. of Estimated Parameters { Phi(~sex)p(~1)pent(~sex)N(~sex) } = 7          
 Number of Estimated Parameters { Phi(~sex)p(~1)pent(~sex)N(~sex) } = 7          
 DEVIANCE { Phi(~sex)p(~1)pent(~sex)N(~sex) } = 280.00093                     
 DEVIANCE Degrees of Freedom { Phi(~sex)p(~1)pent(~sex)N(~sex) } = 34            
 c-hat { Phi(~sex)p(~1)pent(~sex)N(~sex) } = 8.2353214                     
 AIC { Phi(~sex)p(~1)pent(~sex)N(~sex) } = 566.93657                  
 AICc { Phi(~sex)p(~1)pent(~sex)N(~sex) } = 568.11552                    
 BIC { Phi(~sex)p(~1)pent(~sex)N(~sex) } = 585.37967                    
 Pearson Chisquare { Phi(~sex)p(~1)pent(~sex)N(~sex) } = 23710175.                  


             PARM-SPECIFIC Link Function Parameters of { Phi(~sex)p(~1)pent(~sex)N(~sex) }
                                                              95% Confidence Interval
 Parameter                    Beta         Standard Error      Lower           Upper
 -------------------------  --------------  --------------  --------------  --------------
    1:Phi:(Intercept)       -1.8282341       1.0319843      -3.8509234       0.1944553    
    2:Phi:sexM               3.1237087       1.6138881      -0.0395119       6.2869294    
    3:p:(Intercept)         -2.4948659       0.1834646      -2.8544565      -2.1352754    
    4:pent:(Intercept)      -4.2577249       1.4803922      -7.1592937      -1.3561560    
    5:pent:sexM             -0.8569425       3.0098684      -6.7562848       5.0423997    
    6:N:(Intercept)          1.9986067       0.7446320       0.5391279       3.4580855    
    7:N:sexM                -0.4818252       1.3771394      -3.1810185       2.2173681    


             Real Function Parameters of { Phi(~sex)p(~1)pent(~sex)N(~sex) }
                                                               95% Confidence Interval
  Parameter                  Estimate       Standard Error      Lower           Upper
 --------------------------  --------------  --------------  --------------  --------------
     1:Phi gF a0 t1           0.1384488       0.1230958       0.0208175       0.5484612                          
     2:Phi gM a0 t1           0.7850724       0.2414585       0.1810438       0.9837014                          
     3:p gF a0 t1             0.0762189       0.0129177       0.0544514       0.1057152                          
     4:N gF a0 t1             23.378768       5.4944668       18.007335       43.123632                          
     5:N gM a0 t1             33.557533       5.2338977       29.755234       56.502859                          

  Program  MARK  - Survival Rate Estimation with Capture-Recapture Data
   gfortran(dble) Vers. 9.0 Mar 2018    25-Mar-2020 21:12:21    Page  010
 - - - - - - - - - - - - - - - - - - - - - - - - - - - - - - - - - - - - - -
 
     6:pent gF a0.005479452   0.0097419       0.0099260       0.0013077       0.0688268                          
     7:pent gF a0.008219178   0.0097419       0.0099260       0.0013077       0.0688268                          
     8:pent gF a0.010958904   0.0097419       0.0099260       0.0013077       0.0688268                          
     9:pent gF a0.016438356   0.0097419       0.0099260       0.0013077       0.0688268                          
    10:pent gF a0.024657534   0.0097419       0.0099260       0.0013077       0.0688268                          
    11:pent gF a0.027397260   0.0097419       0.0099260       0.0013077       0.0688268                          
    12:pent gF a0.030136986   0.0097419       0.0099260       0.0013077       0.0688268                          
    13:pent gF a0.035616438   0.0097419       0.0099260       0.0013077       0.0688268                          
    14:pent gF a0.041095890   0.0097419       0.0099260       0.0013077       0.0688268                          
    15:pent gF a0.049315068   0.0097419       0.0099260       0.0013077       0.0688268                          
    16:pent gF a0.052054794   0.0097419       0.0099260       0.0013077       0.0688268                          
    17:pent gF a0.065753424   0.0097419       0.0099260       0.0013077       0.0688268                          
    18:pent gF a0.071232876   0.0097419       0.0099260       0.0013077       0.0688268                          
    19:pent gF a0.098630136   0.0097419       0.0099260       0.0013077       0.0688268                          
    20:pent gF a0.101369863   0.0097419       0.0099260       0.0013077       0.0688268                          
    21:pent gF a0.106849315   0.0097419       0.0099260       0.0013077       0.0688268                          
    22:pent gF a0.109589041   0.0097419       0.0099260       0.0013077       0.0688268                          
    23:pent gF a0.120547945   0.0097419       0.0099260       0.0013077       0.0688268                          
    24:pent gF a0.350684931   0.0097419       0.0099260       0.0013077       0.0688268                          
    25:pent gF a0.358904109   0.0097419       0.0099260       0.0013077       0.0688268                          
    26:pent gF a0.613698630   0.0097419       0.0099260       0.0013077       0.0688268                          
    27:pent gF a0.638356164   0.0097419       0.0099260       0.0013077       0.0688268                          
    28:pent gF a0.646575342   0.0097419       0.0099260       0.0013077       0.0688268                          
    29:pent gF a0.649315068   0.0097419       0.0099260       0.0013077       0.0688268                          
    30:pent gF a0.652054794   0.0097419       0.0099260       0.0013077       0.0688268                          
    31:pent gF a0.704109589   0.0097419       0.0099260       0.0013077       0.0688268                          
    32:pent gF a0.706849315   0.0097419       0.0099260       0.0013077       0.0688268                          
    33:pent gF a0.709589041   0.0097419       0.0099260       0.0013077       0.0688268                          
    34:pent gF a0.827397260   0.0097419       0.0099260       0.0013077       0.0688268                          
    35:pent gF a1.402739726   0.0097419       0.0099260       0.0013077       0.0688268                          
    36:pent gF a1.405479452   0.0097419       0.0099260       0.0013077       0.0688268                          
    37:pent gF a1.408219178   0.0097419       0.0099260       0.0013077       0.0688268                          
    38:pent gM a0.005479452   0.0050392       0.0123356       0.4076181E-04   0.3862269                          
    39:pent gM a0.008219178   0.0050392       0.0123356       0.4076181E-04   0.3862269                          
    40:pent gM a0.010958904   0.0050392       0.0123356       0.4076181E-04   0.3862269                          
    41:pent gM a0.016438356   0.0050392       0.0123356       0.4076181E-04   0.3862269                          
    42:pent gM a0.024657534   0.0050392       0.0123356       0.4076181E-04   0.3862269                          
    43:pent gM a0.027397260   0.0050392       0.0123356       0.4076181E-04   0.3862269                          
    44:pent gM a0.030136986   0.0050392       0.0123356       0.4076181E-04   0.3862269                          
    45:pent gM a0.035616438   0.0050392       0.0123356       0.4076181E-04   0.3862269                          
    46:pent gM a0.041095890   0.0050392       0.0123356       0.4076181E-04   0.3862269                          
    47:pent gM a0.049315068   0.0050392       0.0123356       0.4076181E-04   0.3862269                          
    48:pent gM a0.052054794   0.0050392       0.0123356       0.4076181E-04   0.3862269                          
    49:pent gM a0.065753424   0.0050392       0.0123356       0.4076181E-04   0.3862269                          
    50:pent gM a0.071232876   0.0050392       0.0123356       0.4076181E-04   0.3862269                          
    51:pent gM a0.098630136   0.0050392       0.0123356       0.4076181E-04   0.3862269                          

  Program  MARK  - Survival Rate Estimation with Capture-Recapture Data
   gfortran(dble) Vers. 9.0 Mar 2018    25-Mar-2020 21:12:21    Page  011
 - - - - - - - - - - - - - - - - - - - - - - - - - - - - - - - - - - - - - -
 
    52:pent gM a0.101369863   0.0050392       0.0123356       0.4076181E-04   0.3862269                          
    53:pent gM a0.106849315   0.0050392       0.0123356       0.4076181E-04   0.3862269                          
    54:pent gM a0.109589041   0.0050392       0.0123356       0.4076181E-04   0.3862269                          
    55:pent gM a0.120547945   0.0050392       0.0123356       0.4076181E-04   0.3862269                          
    56:pent gM a0.350684931   0.0050392       0.0123356       0.4076181E-04   0.3862269                          
    57:pent gM a0.358904109   0.0050392       0.0123356       0.4076181E-04   0.3862269                          
    58:pent gM a0.613698630   0.0050392       0.0123356       0.4076181E-04   0.3862269                          
    59:pent gM a0.638356164   0.0050392       0.0123356       0.4076181E-04   0.3862269                          
    60:pent gM a0.646575342   0.0050392       0.0123356       0.4076181E-04   0.3862269                          
    61:pent gM a0.649315068   0.0050392       0.0123356       0.4076181E-04   0.3862269                          
    62:pent gM a0.652054794   0.0050392       0.0123356       0.4076181E-04   0.3862269                          
    63:pent gM a0.704109589   0.0050392       0.0123356       0.4076181E-04   0.3862269                          
    64:pent gM a0.706849315   0.0050392       0.0123356       0.4076181E-04   0.3862269                          
    65:pent gM a0.709589041   0.0050392       0.0123356       0.4076181E-04   0.3862269                          
    66:pent gM a0.827397260   0.0050392       0.0123356       0.4076181E-04   0.3862269                          
    67:pent gM a1.402739726   0.0050392       0.0123356       0.4076181E-04   0.3862269                          
    68:pent gM a1.405479452   0.0050392       0.0123356       0.4076181E-04   0.3862269                          
    69:pent gM a1.408219178   0.0050392       0.0123356       0.4076181E-04   0.3862269                          


                      Estimates of Derived Parameters
 Gross Birth+Immigration Estimates of { Phi(~sex)p(~1)pent(~sex)N(~sex) }
                                                95% Confidence Interval
 Grp. Occ.   B*-hat          Standard Error      Lower           Upper
 ---- ----   --------------  --------------  --------------  --------------
   1     1    0.2289903       0.2734056       0.0361878       1.4490133    
   1     2    0.2283718       0.2725338       0.0361116       1.4442352    
   1     3    0.2283718       0.2725338       0.0361116       1.4442352    
   1     4    0.2289903       0.2734056       0.0361878       1.4490133    
   1     5    0.2296100       0.2742794       0.0362640       1.4538031    
   1     6    0.2283718       0.2725338       0.0361116       1.4442352    
   1     7    0.2283718       0.2725338       0.0361116       1.4442352    
   1     8    0.2289903       0.2734056       0.0361878       1.4490133    
   1     9    0.2289903       0.2734056       0.0361878       1.4490133    
   1    10    0.2296100       0.2742794       0.0362640       1.4538031    
   1    11    0.2283718       0.2725338       0.0361116       1.4442352    
   1    12    0.2308527       0.2760330       0.0364168       1.4634180    
   1    13    0.2289903       0.2734056       0.0361878       1.4490133    
   1    14    0.2339789       0.2804526       0.0368001       1.4876607    
   1    15    0.2283718       0.2725338       0.0361116       1.4442352    
   1    16    0.2289903       0.2734056       0.0361878       1.4490133    
   1    17    0.2283718       0.2725338       0.0361116       1.4442352    
   1    18    0.2302308       0.2751552       0.0363404       1.4586047    
   1    19    0.2834893       0.3517774       0.0427301       1.8807863    
   1    20    0.2296100       0.2742794       0.0362640       1.4538031    

  Program  MARK  - Survival Rate Estimation with Capture-Recapture Data
   gfortran(dble) Vers. 9.0 Mar 2018    25-Mar-2020 21:12:21    Page  012
 - - - - - - - - - - - - - - - - - - - - - - - - - - - - - - - - - - - - - -
 
   1    21    0.2899218       0.3612016       0.0434849       1.9329600    
   1    22    0.2333514       0.2795646       0.0367233       1.4827887    
   1    23    0.2296100       0.2742794       0.0362640       1.4538031    
   1    24    0.2283718       0.2725338       0.0361116       1.4442352    
   1    25    0.2283718       0.2725338       0.0361116       1.4442352    
   1    26    0.2396762       0.2885357       0.0374956       1.5320381    
   1    27    0.2283718       0.2725338       0.0361116       1.4442352    
   1    28    0.2283718       0.2725338       0.0361116       1.4442352    
   1    29    0.2553094       0.3108938       0.0393846       1.6550362    
   1    30    0.3813489       0.4978316       0.0539907       2.6935549    
   1    31    0.2283718       0.2725338       0.0361116       1.4442352    
   1    32    0.2283718       0.2725338       0.0361116       1.4442352    
   2     1    0.1692142       0.4367840       0.0103213       2.7742140    
   2     2    0.1691581       0.4365967       0.0103191       2.7729720    
   2     3    0.1691581       0.4365967       0.0103191       2.7729720    
   2     4    0.1692142       0.4367840       0.0103213       2.7742140    
   2     5    0.1692703       0.4369713       0.0103235       2.7754565    
   2     6    0.1691581       0.4365967       0.0103191       2.7729720    
   2     7    0.1691581       0.4365967       0.0103191       2.7729720    
   2     8    0.1692142       0.4367840       0.0103213       2.7742140    
   2     9    0.1692142       0.4367840       0.0103213       2.7742140    
   2    10    0.1692703       0.4369713       0.0103235       2.7754565    
   2    11    0.1691581       0.4365967       0.0103191       2.7729720    
   2    12    0.1693825       0.4373462       0.0103279       2.7779425    
   2    13    0.1692142       0.4367840       0.0103213       2.7742140    
   2    14    0.1696632       0.4382843       0.0103390       2.7841646    
   2    15    0.1691581       0.4365967       0.0103191       2.7729720    
   2    16    0.1692142       0.4367840       0.0103213       2.7742140    
   2    17    0.1691581       0.4365967       0.0103191       2.7729720    
   2    18    0.1693264       0.4371587       0.0103257       2.7766993    
   2    19    0.1738543       0.4523394       0.0105043       2.8774314    
   2    20    0.1692703       0.4369713       0.0103235       2.7754565    
   2    21    0.1743686       0.4540705       0.0105245       2.8889253    
   2    22    0.1696071       0.4380966       0.0103368       2.7829194    
   2    23    0.1692703       0.4369713       0.0103235       2.7754565    
   2    24    0.1691581       0.4365967       0.0103191       2.7729720    
   2    25    0.1691581       0.4365967       0.0103191       2.7729720    
   2    26    0.1701693       0.4399767       0.0103591       2.7953899    
   2    27    0.1691581       0.4365967       0.0103191       2.7729720    
   2    28    0.1691581       0.4365967       0.0103191       2.7729720    
   2    29    0.1715238       0.4445127       0.0104125       2.8254837    
   2    30    0.1811464       0.4770048       0.0107894       3.0413165    
   2    31    0.1691581       0.4365967       0.0103191       2.7729720    
   2    32    0.1691581       0.4365967       0.0103191       2.7729720    

  Net Birth+Immigration Estimates of { Phi(~sex)p(~1)pent(~sex)N(~sex) }
                                                95% Confidence Interval
 Grp. Occ.   B-hat           Standard Error      Lower           Upper
 ---- ----   --------------  --------------  --------------  --------------
   1     1    0.2277543       0.2716641       0.0360355       1.4394689    
   1     2    0.2277543       0.2716641       0.0360355       1.4394689    
   1     3    0.2277543       0.2716641       0.0360355       1.4394689    
   1     4    0.2277543       0.2716641       0.0360355       1.4394689    
   1     5    0.2277543       0.2716641       0.0360355       1.4394689    
   1     6    0.2277543       0.2716641       0.0360355       1.4394689    
   1     7    0.2277543       0.2716641       0.0360355       1.4394689    
   1     8    0.2277543       0.2716641       0.0360355       1.4394689    
   1     9    0.2277543       0.2716641       0.0360355       1.4394689    
   1    10    0.2277543       0.2716641       0.0360355       1.4394689    
   1    11    0.2277543       0.2716641       0.0360355       1.4394689    
   1    12    0.2277543       0.2716641       0.0360355       1.4394689    
   1    13    0.2277543       0.2716641       0.0360355       1.4394689    
   1    14    0.2277543       0.2716641       0.0360355       1.4394689    
   1    15    0.2277543       0.2716641       0.0360355       1.4394689    
   1    16    0.2277543       0.2716641       0.0360355       1.4394689    
   1    17    0.2277543       0.2716641       0.0360355       1.4394689    
   1    18    0.2277543       0.2716641       0.0360355       1.4394689    
   1    19    0.2277543       0.2716641       0.0360355       1.4394689    
   1    20    0.2277543       0.2716641       0.0360355       1.4394689    
   1    21    0.2277543       0.2716641       0.0360355       1.4394689    
   1    22    0.2277543       0.2716641       0.0360355       1.4394689    
   1    23    0.2277543       0.2716641       0.0360355       1.4394689    
   1    24    0.2277543       0.2716641       0.0360355       1.4394689    
   1    25    0.2277543       0.2716641       0.0360355       1.4394689    
   1    26    0.2277543       0.2716641       0.0360355       1.4394689    
   1    27    0.2277543       0.2716641       0.0360355       1.4394689    
   1    28    0.2277543       0.2716641       0.0360355       1.4394689    
   1    29    0.2277543       0.2716641       0.0360355       1.4394689    
   1    30    0.2277543       0.2716641       0.0360355       1.4394689    
   1    31    0.2277543       0.2716641       0.0360355       1.4394689    
   1    32    0.2277543       0.2716641       0.0360355       1.4394689    
   2     1    0.1691021       0.4364094       0.0103168       2.7717304    
   2     2    0.1691021       0.4364094       0.0103168       2.7717304    
   2     3    0.1691021       0.4364094       0.0103168       2.7717304    
   2     4    0.1691021       0.4364094       0.0103168       2.7717304    
   2     5    0.1691021       0.4364094       0.0103168       2.7717304    
   2     6    0.1691021       0.4364094       0.0103168       2.7717304    
   2     7    0.1691021       0.4364094       0.0103168       2.7717304    
   2     8    0.1691021       0.4364094       0.0103168       2.7717304    
   2     9    0.1691021       0.4364094       0.0103168       2.7717304    
   2    10    0.1691021       0.4364094       0.0103168       2.7717304    
   2    11    0.1691021       0.4364094       0.0103168       2.7717304    
   2    12    0.1691021       0.4364094       0.0103168       2.7717304    
   2    13    0.1691021       0.4364094       0.0103168       2.7717304    
   2    14    0.1691021       0.4364094       0.0103168       2.7717304    
   2    15    0.1691021       0.4364094       0.0103168       2.7717304    
   2    16    0.1691021       0.4364094       0.0103168       2.7717304    
   2    17    0.1691021       0.4364094       0.0103168       2.7717304    
   2    18    0.1691021       0.4364094       0.0103168       2.7717304    
   2    19    0.1691021       0.4364094       0.0103168       2.7717304    
   2    20    0.1691021       0.4364094       0.0103168       2.7717304    
   2    21    0.1691021       0.4364094       0.0103168       2.7717304    
   2    22    0.1691021       0.4364094       0.0103168       2.7717304    
   2    23    0.1691021       0.4364094       0.0103168       2.7717304    
   2    24    0.1691021       0.4364094       0.0103168       2.7717304    
   2    25    0.1691021       0.4364094       0.0103168       2.7717304    
   2    26    0.1691021       0.4364094       0.0103168       2.7717304    
   2    27    0.1691021       0.4364094       0.0103168       2.7717304    
   2    28    0.1691021       0.4364094       0.0103168       2.7717304    
   2    29    0.1691021       0.4364094       0.0103168       2.7717304    
   2    30    0.1691021       0.4364094       0.0103168       2.7717304    
   2    31    0.1691021       0.4364094       0.0103168       2.7717304    
   2    32    0.1691021       0.4364094       0.0103168       2.7717304    

       Population Estimates of { Phi(~sex)p(~1)pent(~sex)N(~sex) }
                                                95% Confidence Interval
 Grp. Occ.   N-hat           Standard Error      Lower           Upper
 ---- ----   --------------  --------------  --------------  --------------
   1     1    16.090630       5.5512390       8.3391364       31.047384    
   1     2    16.144995       5.2993894       8.6248715       30.221999    

  Program  MARK  - Survival Rate Estimation with Capture-Recapture Data
   gfortran(dble) Vers. 9.0 Mar 2018    25-Mar-2020 21:12:21    Page  013
 - - - - - - - - - - - - - - - - - - - - - - - - - - - - - - - - - - - - - -
 
   1     3    16.285526       5.0732739       8.9690422       29.570421    
   1     4    16.425298       4.8538396       9.3157156       28.960782    
   1     5    16.476057       4.6251350       9.6032330       28.267609    
   1     6    16.438216       4.3902852       9.8269313       27.497387    
   1     7    16.577163       4.1941738       10.173642       27.011204    
   1     8    16.715359       4.0079919       10.516166       26.568926    
   1     9    16.762992       3.8200440       10.785031       26.054436    
   1    10    16.810112       3.6446565       11.044110       25.586477    
   1    11    16.766886       3.4721770       11.220829       25.054161    
   1    12    16.904057       3.3356496       11.524529       24.794693    
   1    13    16.680099       3.1775053       11.520925       24.149597    
   1    14    16.728112       3.0642129       11.716769       23.882842    
   1    15    16.073789       2.9200507       11.291070       22.882392    
   1    16    16.214705       2.8474502       11.522882       22.816918    
   1    17    16.267733       2.7922203       11.648821       22.718105    
   1    18    16.407601       2.7646639       11.820029       22.775694    
   1    19    16.283651       2.7421078       11.733046       22.599185    
   1    20    10.558475       2.9664307       6.1514462       18.122796    
   1    21    10.616026       2.9280595       6.2441533       18.048887    
   1    22    6.6423189       2.9735139       2.8742483       15.350240    
   1    23    6.5539996       2.9051336       2.8574834       15.032427    
   1    24    6.6761030       2.8696456       2.9787302       14.962869    
   1    25    6.8677897       2.8621622       3.1345493       15.047310    
   1    26    7.0584409       2.8793541       3.2714831       15.229053    
   1    27    6.5958380       2.8593495       2.9243441       14.876867    
   1    28    6.7879584       2.9088068       3.0355201       15.179072    
   1    29    6.9790408       2.9803592       3.1289684       15.566476    
   1    30    5.7565754       2.8284618       2.3137708       14.322145    
   1    31    2.0732429       1.6916691       0.5111929       8.4084431    
   1    32    2.2897965       1.7176888       0.6180910       8.4828418    
   1    33    2.5051803       1.7842216       0.7138462       8.7917087    
   2     1    28.146266       9.8350715       14.471261       54.743835    
   2     2    28.278074       9.4273840       14.966250       53.430182    
   2     3    28.428435       9.0156127       15.496882       52.150871    
   2     4    28.578696       8.6058247       16.042031       50.912624    
   2     5    28.709931       8.2048740       16.577749       49.720872    
   2     6    28.821989       7.8135442       17.101761       48.574357    
   2     7    28.971990       7.4110089       17.687997       47.454565    
   2     8    29.121891       7.0117279       18.287361       46.375447    
   2     9    29.252406       6.6238258       18.872043       45.342373    
   2    10    29.382747       6.2403866       19.466994       44.349212    
   2    11    29.493469       5.8702215       20.042274       43.401498    
   2    12    29.643025       5.4896911       20.682824       42.484959    
   2    13    29.714029       5.1502098       21.208697       41.630257    
   2    14    29.843759       4.7934751       21.827377       40.804259    
   2    15    29.815664       4.5198315       22.189043       40.063639    

  Program  MARK  - Survival Rate Estimation with Capture-Recapture Data
   gfortran(dble) Vers. 9.0 Mar 2018    25-Mar-2020 21:12:21    Page  014
 - - - - - - - - - - - - - - - - - - - - - - - - - - - - - - - - - - - - - -
 
   2    16    29.965006       4.1748317       22.834383       39.322349    
   2    17    30.094404       3.8552277       23.436052       38.644441    
   2    18    30.243561       3.5463578       24.052478       38.028222    
   2    19    30.332569       3.2892571       24.539913       37.492582    
   2    20    28.858671       4.0908592       21.888286       38.048795    
   2    21    28.970434       3.8565115       22.342880       37.563914    
   2    22    27.407313       5.1611599       19.009269       39.515501    
   2    23    27.413373       5.0689196       19.137606       39.267869    
   2    24    27.528007       4.8989737       19.474605       38.911761    
   2    25    27.678866       4.7238657       19.857071       38.581702    
   2    26    27.829624       4.5816905       20.197811       38.345144    
   2    27    27.650377       4.7658162       19.772328       38.667341    
   2    28    27.801154       4.6820463       20.031287       38.584850    
   2    29    27.951832       4.6357487       20.239247       38.603456    
   2    30    27.335357       5.2264725       18.855245       39.629384    
   2    31    23.951839       8.1451888       12.524249       45.806389    
   2    32    24.105068       8.0303929       12.763226       45.525661    
   2    33    24.258194       7.9370245       12.983735       45.322859    

    Gross Population Estimates of { Phi(~sex)p(~1)pent(~sex)N(~sex) }
                                                95% Confidence Interval
 Grp. Occ.   N*-hat          Standard Error      Lower           Upper
 ---- ----   --------------  --------------  --------------  --------------
   1     0    23.730004       5.9170228       14.663619       38.402053    
   2     0    33.586731       5.3219893       24.667397       45.731151    

   CPU Time for the last procedure was 0.12 seconds.     

  Program  MARK  - Survival Rate Estimation with Capture-Recapture Data
   gfortran(dble) Vers. 9.0 Mar 2018    25-Mar-2020 21:12:21    Page  015
 - - - - - - - - - - - - - - - - - - - - - - - - - - - - - - - - - - - - - -
 


  INPUT --- proc stop;

     CPU Time in minutes for this job was 0.00

     Time Start = 21:12:21.365   Time End = 21:12:21.724

     Wall Clock Time in minutes for this job was 0.01


          E X E C U T I O N   S U C C E S S F U L 
