
   Program  MARK  - Survival Rate Estimation with Capture-Recapture Data
   gfortran(dble) Vers. 9.0 Mar 2018    25-Mar-2020 21:12:13    Page  001
 - - - - - - - - - - - - - - - - - - - - - - - - - - - - - - - - - - - - - -
 
   This version was compiled by GCC version 7.2.0 using the options: 
     -cpp -iprefix C:/Program Files/mingw-w64/x86_64-7.2.0-posix-seh-rt_v5-rev1/
     mingw64/bin/../lib/gcc/x86_64-w64-mingw32/7.2.0/ -D_MT -D_REENTRANT
     -U_REENTRANT -D IEEE -D DBLEPRECISION -m64 -mtune=core2 -march=nocona -mthreads
     -O2 -fimplicit-none -fbounds-check -funroll-loops -ftree-vectorize
     -ffpe-summary=invalid,zero,overflow,underflow -fno-unsafe-math-optimizations
     -frounding-math -fsignaling-nans -fopenmp.

   This problem will use 15 of 16 possible threads.


  INPUT --- proc title ;

   CPU Time for the last procedure was 0.01 seconds.     


  INPUT --- proc chmatrix occasions= 33 groups= 2 etype= POPAN Nodes= 
  INPUT --- 101 ICMeans NoHist hist= 41  ;

  INPUT ---    time interval 0.00547945205479452 0.00273972602739726 
  INPUT ---    0.00273972602739726 0.00547945205479452  
  INPUT ---    0.00821917808219178 0.00273972602739726 0.00273972602739726 
  INPUT ---    0.00547945205479452  0.00547945205479452 
  INPUT ---    0.00821917808219178 0.00273972602739726 0.0136986301369863 
  INPUT ---    0.00547945205479452  0.0273972602739726 0.00273972602739726 
  INPUT ---    0.00547945205479452 0.00273972602739726 0.010958904109589  
  INPUT ---    0.23013698630137 0.00821917808219178 0.254794520547945 
  INPUT ---    0.0246575342465753 0.00821917808219178  0.00273972602739726 
  INPUT ---    0.00273972602739726 0.0520547945205479 0.00273972602739726 
  INPUT ---    0.00273972602739726  0.117808219178082 0.575342465753425 
  INPUT ---    0.00273972602739726 0.00273972602739726 ;

  INPUT ---    glabel(1)=sexF;

  INPUT ---    glabel(2)=sexM;

   * *  WARNING  * *   At least a pair of the encounter histories are duplicates. 

      Number of unique encounter histories read was 38.

      Number of individual covariates read was 0.
      Time interval lengths vary and/or not equal to 1.

      Data type number is 19
      Data type is POPAN                                                                                               

   CPU Time for the last procedure was 0.01 seconds.     

  Program  MARK  - Survival Rate Estimation with Capture-Recapture Data
   gfortran(dble) Vers. 9.0 Mar 2018    25-Mar-2020 21:12:13    Page  002
 - - - - - - - - - - - - - - - - - - - - - - - - - - - - - - - - - - - - - -
 


  INPUT --- proc estimate link=Parm-Specific NOLOOP varest=2ndPart    ;


  INPUT --- model={ Phi(~1)p(~sex)pent(~sex)N(~1) };

  INPUT ---    group=1 Phi    rows=1 cols=32 Square ;
  INPUT ---        1 1 1 1 1 1 1 1 1 1 1 1 1 1 1 1 1 1 1 1 1 1 1 1 1 1 1 1 1 
  INPUT ---       1 1 1 ;

  INPUT ---    group=2 Phi    rows=1 cols=32 Square ;
  INPUT ---        1 1 1 1 1 1 1 1 1 1 1 1 1 1 1 1 1 1 1 1 1 1 1 1 1 1 1 1 1 
  INPUT ---       1 1 1 ;

  INPUT ---    group=1 p    rows=1 cols=33 Square ;
  INPUT ---        2 2 2 2 2 2 2 2 2 2 2 2 2 2 2 2 2 2 2 2 2 2 2 2 2 2 2 2 2 
  INPUT ---       2 2 2 2 ;

  INPUT ---    group=2 p    rows=1 cols=33 Square ;
  INPUT ---        3 3 3 3 3 3 3 3 3 3 3 3 3 3 3 3 3 3 3 3 3 3 3 3 3 3 3 3 3 
  INPUT ---       3 3 3 3 ;

  INPUT ---    group=1 pent    rows=1 cols=32 Square ;
  INPUT ---        5 6 7 8 9 10 11 12 13 14 15 16 17 18 19 20 21 22 23 24 25 
  INPUT ---       26 27 28 29 30 31 32 33 34 35 36 ;

  INPUT ---    group=2 pent    rows=1 cols=32 Square ;
  INPUT ---        37 38 39 40 41 42 43 44 45 46 47 48 49 50 51 52 53 54 55 
  INPUT ---       56 57 58 59 60 61 62 63 64 65 66 67 68 ;

  INPUT ---    group=1 N    rows=1 cols=1 Square ;
  INPUT ---        4 ;

  INPUT ---    group=2 N    rows=1 cols=1 Square ;
  INPUT ---        4 ;

  INPUT ---    design matrix constraints=68 covariates=6;
  INPUT ---        1 0 0 0 0 0;
  INPUT ---        0 1 0 0 0 0;
  INPUT ---        0 1 1 0 0 0;
  INPUT ---        0 0 0 0 0 1;
  INPUT ---        0 0 0 1 0 0;
  INPUT ---        0 0 0 1 0 0;
  INPUT ---        0 0 0 1 0 0;
  INPUT ---        0 0 0 1 0 0;

  Program  MARK  - Survival Rate Estimation with Capture-Recapture Data
   gfortran(dble) Vers. 9.0 Mar 2018    25-Mar-2020 21:12:13    Page  003
 - - - - - - - - - - - - - - - - - - - - - - - - - - - - - - - - - - - - - -
 
  INPUT ---        0 0 0 1 0 0;
  INPUT ---        0 0 0 1 0 0;
  INPUT ---        0 0 0 1 0 0;
  INPUT ---        0 0 0 1 0 0;
  INPUT ---        0 0 0 1 0 0;
  INPUT ---        0 0 0 1 0 0;
  INPUT ---        0 0 0 1 0 0;
  INPUT ---        0 0 0 1 0 0;
  INPUT ---        0 0 0 1 0 0;
  INPUT ---        0 0 0 1 0 0;
  INPUT ---        0 0 0 1 0 0;
  INPUT ---        0 0 0 1 0 0;
  INPUT ---        0 0 0 1 0 0;
  INPUT ---        0 0 0 1 0 0;
  INPUT ---        0 0 0 1 0 0;
  INPUT ---        0 0 0 1 0 0;
  INPUT ---        0 0 0 1 0 0;
  INPUT ---        0 0 0 1 0 0;
  INPUT ---        0 0 0 1 0 0;
  INPUT ---        0 0 0 1 0 0;
  INPUT ---        0 0 0 1 0 0;
  INPUT ---        0 0 0 1 0 0;
  INPUT ---        0 0 0 1 0 0;
  INPUT ---        0 0 0 1 0 0;
  INPUT ---        0 0 0 1 0 0;
  INPUT ---        0 0 0 1 0 0;
  INPUT ---        0 0 0 1 0 0;
  INPUT ---        0 0 0 1 0 0;
  INPUT ---        0 0 0 1 1 0;
  INPUT ---        0 0 0 1 1 0;
  INPUT ---        0 0 0 1 1 0;
  INPUT ---        0 0 0 1 1 0;
  INPUT ---        0 0 0 1 1 0;
  INPUT ---        0 0 0 1 1 0;
  INPUT ---        0 0 0 1 1 0;
  INPUT ---        0 0 0 1 1 0;
  INPUT ---        0 0 0 1 1 0;
  INPUT ---        0 0 0 1 1 0;
  INPUT ---        0 0 0 1 1 0;
  INPUT ---        0 0 0 1 1 0;
  INPUT ---        0 0 0 1 1 0;
  INPUT ---        0 0 0 1 1 0;
  INPUT ---        0 0 0 1 1 0;
  INPUT ---        0 0 0 1 1 0;
  INPUT ---        0 0 0 1 1 0;
  INPUT ---        0 0 0 1 1 0;

  Program  MARK  - Survival Rate Estimation with Capture-Recapture Data
   gfortran(dble) Vers. 9.0 Mar 2018    25-Mar-2020 21:12:13    Page  004
 - - - - - - - - - - - - - - - - - - - - - - - - - - - - - - - - - - - - - -
 
  INPUT ---        0 0 0 1 1 0;
  INPUT ---        0 0 0 1 1 0;
  INPUT ---        0 0 0 1 1 0;
  INPUT ---        0 0 0 1 1 0;
  INPUT ---        0 0 0 1 1 0;
  INPUT ---        0 0 0 1 1 0;
  INPUT ---        0 0 0 1 1 0;
  INPUT ---        0 0 0 1 1 0;
  INPUT ---        0 0 0 1 1 0;
  INPUT ---        0 0 0 1 1 0;
  INPUT ---        0 0 0 1 1 0;
  INPUT ---        0 0 0 1 1 0;
  INPUT ---        0 0 0 1 1 0;
  INPUT ---        0 0 0 1 1 0;

  INPUT ---    links=68;

  INPUT ---    Logit;

  INPUT ---    Logit;

  INPUT ---    Logit;

  INPUT ---    Log;

  INPUT ---    mlogit(1);

  INPUT ---    mlogit(1);

  INPUT ---    mlogit(1);

  INPUT ---    mlogit(1);

  INPUT ---    mlogit(1);

  INPUT ---    mlogit(1);

  INPUT ---    mlogit(1);

  INPUT ---    mlogit(1);

  INPUT ---    mlogit(1);

  INPUT ---    mlogit(1);

  INPUT ---    mlogit(1);

  Program  MARK  - Survival Rate Estimation with Capture-Recapture Data
   gfortran(dble) Vers. 9.0 Mar 2018    25-Mar-2020 21:12:13    Page  005
 - - - - - - - - - - - - - - - - - - - - - - - - - - - - - - - - - - - - - -
 

  INPUT ---    mlogit(1);

  INPUT ---    mlogit(1);

  INPUT ---    mlogit(1);

  INPUT ---    mlogit(1);

  INPUT ---    mlogit(1);

  INPUT ---    mlogit(1);

  INPUT ---    mlogit(1);

  INPUT ---    mlogit(1);

  INPUT ---    mlogit(1);

  INPUT ---    mlogit(1);

  INPUT ---    mlogit(1);

  INPUT ---    mlogit(1);

  INPUT ---    mlogit(1);

  INPUT ---    mlogit(1);

  INPUT ---    mlogit(1);

  INPUT ---    mlogit(1);

  INPUT ---    mlogit(1);

  INPUT ---    mlogit(1);

  INPUT ---    mlogit(1);

  INPUT ---    mlogit(1);

  INPUT ---    mlogit(1);

  INPUT ---    mlogit(2);

  INPUT ---    mlogit(2);

  Program  MARK  - Survival Rate Estimation with Capture-Recapture Data
   gfortran(dble) Vers. 9.0 Mar 2018    25-Mar-2020 21:12:13    Page  006
 - - - - - - - - - - - - - - - - - - - - - - - - - - - - - - - - - - - - - -
 

  INPUT ---    mlogit(2);

  INPUT ---    mlogit(2);

  INPUT ---    mlogit(2);

  INPUT ---    mlogit(2);

  INPUT ---    mlogit(2);

  INPUT ---    mlogit(2);

  INPUT ---    mlogit(2);

  INPUT ---    mlogit(2);

  INPUT ---    mlogit(2);

  INPUT ---    mlogit(2);

  INPUT ---    mlogit(2);

  INPUT ---    mlogit(2);

  INPUT ---    mlogit(2);

  INPUT ---    mlogit(2);

  INPUT ---    mlogit(2);

  INPUT ---    mlogit(2);

  INPUT ---    mlogit(2);

  INPUT ---    mlogit(2);

  INPUT ---    mlogit(2);

  INPUT ---    mlogit(2);

  INPUT ---    mlogit(2);

  INPUT ---    mlogit(2);

  INPUT ---    mlogit(2);

  Program  MARK  - Survival Rate Estimation with Capture-Recapture Data
   gfortran(dble) Vers. 9.0 Mar 2018    25-Mar-2020 21:12:13    Page  007
 - - - - - - - - - - - - - - - - - - - - - - - - - - - - - - - - - - - - - -
 

  INPUT ---    mlogit(2);

  INPUT ---    mlogit(2);

  INPUT ---    mlogit(2);

  INPUT ---    mlogit(2);

  INPUT ---    mlogit(2);

  INPUT ---    mlogit(2);

  INPUT ---    mlogit(2);
  INPUT ---       blabel(1)=Phi:(Intercept);
  INPUT ---       blabel(2)=p:(Intercept);
  INPUT ---       blabel(3)=p:sexM;
  INPUT ---       blabel(4)=pent:(Intercept);
  INPUT ---       blabel(5)=pent:sexM;
  INPUT ---       blabel(6)=N:(Intercept);
  INPUT ---       rlabel(1)=Phi gF a0 t1;
  INPUT ---       rlabel(2)=p gF a0 t1;
  INPUT ---       rlabel(3)=p gM a0 t1;
  INPUT ---       rlabel(4)=N gF a0 t1;
  INPUT ---       rlabel(5)=pent gF a0.00547945205479452 t1.00547945205479;
  INPUT ---       rlabel(6)=pent gF a0.00821917808219178 t1.00821917808219;
  INPUT ---       rlabel(7)=pent gF a0.010958904109589 t1.01095890410959;
  INPUT ---       rlabel(8)=pent gF a0.0164383561643836 t1.01643835616438;
  INPUT ---       rlabel(9)=pent gF a0.0246575342465753 t1.02465753424658;
  INPUT ---       rlabel(10)=pent gF a0.0273972602739726 t1.02739726027397;
  INPUT ---       rlabel(11)=pent gF a0.0301369863013699 t1.03013698630137;
  INPUT ---       rlabel(12)=pent gF a0.0356164383561644 t1.03561643835616;
  INPUT ---       rlabel(13)=pent gF a0.0410958904109589 t1.04109589041096;
  INPUT ---       rlabel(14)=pent gF a0.0493150684931507 t1.04931506849315;
  INPUT ---       rlabel(15)=pent gF a0.0520547945205479 t1.05205479452055;
  INPUT ---       rlabel(16)=pent gF a0.0657534246575342 t1.06575342465753;
  INPUT ---       rlabel(17)=pent gF a0.0712328767123288 t1.07123287671233;
  INPUT ---       rlabel(18)=pent gF a0.0986301369863014 t1.0986301369863;
  INPUT ---       rlabel(19)=pent gF a0.101369863013699 t1.1013698630137;
  INPUT ---       rlabel(20)=pent gF a0.106849315068493 t1.10684931506849;
  INPUT ---       rlabel(21)=pent gF a0.10958904109589 t1.10958904109589;
  INPUT ---       rlabel(22)=pent gF a0.120547945205479 t1.12054794520548;
  INPUT ---       rlabel(23)=pent gF a0.350684931506849 t1.35068493150685;
  INPUT ---       rlabel(24)=pent gF a0.358904109589041 t1.35890410958904;
  INPUT ---       rlabel(25)=pent gF a0.613698630136986 t1.61369863013699;
  INPUT ---       rlabel(26)=pent gF a0.638356164383562 t1.63835616438356;

  Program  MARK  - Survival Rate Estimation with Capture-Recapture Data
   gfortran(dble) Vers. 9.0 Mar 2018    25-Mar-2020 21:12:13    Page  008
 - - - - - - - - - - - - - - - - - - - - - - - - - - - - - - - - - - - - - -
 
  INPUT ---       rlabel(27)=pent gF a0.646575342465753 t1.64657534246575;
  INPUT ---       rlabel(28)=pent gF a0.649315068493151 t1.64931506849315;
  INPUT ---       rlabel(29)=pent gF a0.652054794520548 t1.65205479452055;
  INPUT ---       rlabel(30)=pent gF a0.704109589041096 t1.7041095890411;
  INPUT ---       rlabel(31)=pent gF a0.706849315068493 t1.70684931506849;
  INPUT ---       rlabel(32)=pent gF a0.70958904109589 t1.70958904109589;
  INPUT ---       rlabel(33)=pent gF a0.827397260273973 t1.82739726027397;
  INPUT ---       rlabel(34)=pent gF a1.4027397260274 t2.4027397260274;
  INPUT ---       rlabel(35)=pent gF a1.40547945205479 t2.40547945205479;
  INPUT ---       rlabel(36)=pent gF a1.40821917808219 t2.40821917808219;
  INPUT ---       rlabel(37)=pent gM a0.00547945205479452 t1.00547945205479;
  INPUT ---       rlabel(38)=pent gM a0.00821917808219178 t1.00821917808219;
  INPUT ---       rlabel(39)=pent gM a0.010958904109589 t1.01095890410959;
  INPUT ---       rlabel(40)=pent gM a0.0164383561643836 t1.01643835616438;
  INPUT ---       rlabel(41)=pent gM a0.0246575342465753 t1.02465753424658;
  INPUT ---       rlabel(42)=pent gM a0.0273972602739726 t1.02739726027397;
  INPUT ---       rlabel(43)=pent gM a0.0301369863013699 t1.03013698630137;
  INPUT ---       rlabel(44)=pent gM a0.0356164383561644 t1.03561643835616;
  INPUT ---       rlabel(45)=pent gM a0.0410958904109589 t1.04109589041096;
  INPUT ---       rlabel(46)=pent gM a0.0493150684931507 t1.04931506849315;
  INPUT ---       rlabel(47)=pent gM a0.0520547945205479 t1.05205479452055;
  INPUT ---       rlabel(48)=pent gM a0.0657534246575342 t1.06575342465753;
  INPUT ---       rlabel(49)=pent gM a0.0712328767123288 t1.07123287671233;
  INPUT ---       rlabel(50)=pent gM a0.0986301369863014 t1.0986301369863;
  INPUT ---       rlabel(51)=pent gM a0.101369863013699 t1.1013698630137;
  INPUT ---       rlabel(52)=pent gM a0.106849315068493 t1.10684931506849;
  INPUT ---       rlabel(53)=pent gM a0.10958904109589 t1.10958904109589;
  INPUT ---       rlabel(54)=pent gM a0.120547945205479 t1.12054794520548;
  INPUT ---       rlabel(55)=pent gM a0.350684931506849 t1.35068493150685;
  INPUT ---       rlabel(56)=pent gM a0.358904109589041 t1.35890410958904;
  INPUT ---       rlabel(57)=pent gM a0.613698630136986 t1.61369863013699;
  INPUT ---       rlabel(58)=pent gM a0.638356164383562 t1.63835616438356;
  INPUT ---       rlabel(59)=pent gM a0.646575342465753 t1.64657534246575;
  INPUT ---       rlabel(60)=pent gM a0.649315068493151 t1.64931506849315;
  INPUT ---       rlabel(61)=pent gM a0.652054794520548 t1.65205479452055;
  INPUT ---       rlabel(62)=pent gM a0.704109589041096 t1.7041095890411;
  INPUT ---       rlabel(63)=pent gM a0.706849315068493 t1.70684931506849;
  INPUT ---       rlabel(64)=pent gM a0.70958904109589 t1.70958904109589;
  INPUT ---       rlabel(65)=pent gM a0.827397260273973 t1.82739726027397;
  INPUT ---       rlabel(66)=pent gM a1.4027397260274 t2.4027397260274;
  INPUT ---       rlabel(67)=pent gM a1.40547945205479 t2.40547945205479;
  INPUT ---       rlabel(68)=pent gM a1.40821917808219 t2.40821917808219;

 Link Function Used is PARM-SPECIFIC

 Variance Estimation Procedure Used is 2ndPart 

  Program  MARK  - Survival Rate Estimation with Capture-Recapture Data
   gfortran(dble) Vers. 9.0 Mar 2018    25-Mar-2020 21:12:13    Page  009
 - - - - - - - - - - - - - - - - - - - - - - - - - - - - - - - - - - - - - -
 

 M(t+1):
      16     29



 Group: 1

 U(t)+UL(t):
       0    2    2    0    1    0    3    1    1    0    0    0    0    0    1
       0    0    0    2    1    1    0    0    0    1    0    0    0    0    0
       0    0    0

 U(t):
       0    2    2    0    1    0    3    1    1    0    0    0    0    0    1
       0    0    0    2    1    1    0    0    0    1    0    0    0    0    0
       0    0    0

 UL(t):
       0    0    0    0    0    0    0    0    0    0    0    0    0    0    0
       0    0    0    0    0    0    0    0    0    0    0    0    0    0    0
       0    0    0

 Not Released(t):
       0    0    0    0    0    0    0    0    0    0    0    0    0    0    0
       0    0    0    0    0    0    0    0    0    0    0    0    0    0    0
       0    0    0

 Group: 2

 U(t)+UL(t):
       3    0    1    1    1    1    1    0    1    1    2    1    3    3    1
       1    0    2    3    1    0    0    1    0    0    0    0    0    0    1
       0    0    0

 U(t):
       3    0    1    1    1    1    1    0    1    1    2    1    3    3    1
       1    0    2    3    1    0    0    1    0    0    0    0    0    0    1
       0    0    0

 UL(t):
       0    0    0    0    0    0    0    0    0    0    0    0    0    0    0
       0    0    0    0    0    0    0    0    0    0    0    0    0    0    0
       0    0    0

 Not Released(t):
       0    0    0    0    0    0    0    0    0    0    0    0    0    0    0
       0    0    0    0    0    0    0    0    0    0    0    0    0    0    0
       0    0    0
 -2logL(saturated) = 272.93564     
 Effective Sample Size = 103

 Number of function evaluations was 41 for 6 parameters.
 Time for numerical optimization was 0.22 seconds.     
 -2logL { Phi(~1)p(~sex)pent(~sex)N(~1) } = 556.56639     
 Penalty { Phi(~1)p(~sex)pent(~sex)N(~1) } = 0.0000000     
 Gradient { Phi(~1)p(~sex)pent(~sex)N(~1) }:
  0.1211158E-04  0.3897480E-05 -0.9741121E-05  0.1529501E-05  0.1945929E-05
  0.1114141E-04
 Maximum ABS(G) { Phi(~1)p(~sex)pent(~sex)N(~1) } = 0.1211158E-04 
 S Vector { Phi(~1)p(~sex)pent(~sex)N(~1) }:
   124.0293      13.28724      5.434860      3.218224     0.9564707    
  0.1209079E-05
 Time to compute number of parameters was 0.01 seconds.     
 Ratio Threshold = 50.000000       Max Gap (5/6) = 791073.77       Next Max Gap (1/2) = 9.3344686     
 Gap Method for Num. of Estimated Parameters { Phi(~1)p(~sex)pent(~sex)N(~1) } = 5          
 Threshold { Phi(~1)p(~sex)pent(~sex)N(~1) } = 0.2422316E-04                 
 Numerical Threshold Method for Num. of Estimated Parameters { Phi(~1)p(~sex)pent(~sex)N(~1) } = 5          
 Number of Estimated Parameters { Phi(~1)p(~sex)pent(~sex)N(~1) } = 5          
 DEVIANCE { Phi(~1)p(~sex)pent(~sex)N(~1) } = 283.63074                     
 DEVIANCE Degrees of Freedom { Phi(~1)p(~sex)pent(~sex)N(~1) } = 36            
 c-hat { Phi(~1)p(~sex)pent(~sex)N(~1) } = 7.8786318                     
 AIC { Phi(~1)p(~sex)pent(~sex)N(~1) } = 566.56639                  
 AICc { Phi(~1)p(~sex)pent(~sex)N(~1) } = 567.18494                    
 BIC { Phi(~1)p(~sex)pent(~sex)N(~1) } = 579.74003                    
 Pearson Chisquare { Phi(~1)p(~sex)pent(~sex)N(~1) } = 19851572.                  


              PARM-SPECIFIC Link Function Parameters of { Phi(~1)p(~sex)pent(~sex)N(~1) }
                                                              95% Confidence Interval
 Parameter                    Beta         Standard Error      Lower           Upper
 -------------------------  --------------  --------------  --------------  --------------
    1:Phi:(Intercept)        0.2598513       0.6306999      -0.9763205       1.4960232    
    2:p:(Intercept)         -2.9150400       0.2402421      -3.3859145      -2.4441655    
    3:p:sexM                 0.5664304       0.3003107      -0.0221785       1.1550393    
    4:pent:(Intercept)      -18.952637       643.06935      -1279.3686       1241.4633    
    5:pent:sexM              14.682778       643.06950      -1245.7335       1275.0990    
    6:N:(Intercept)          1.7391119       0.5389698       0.6827311       2.7954927    


              Real Function Parameters of { Phi(~1)p(~sex)pent(~sex)N(~1) }
                                                               95% Confidence Interval
  Parameter                  Estimate       Standard Error      Lower           Upper
 --------------------------  --------------  --------------  --------------  --------------
     1:Phi gF a0 t1           0.5645997       0.1550430       0.2736225       0.8169806                          
     2:p gF a0 t1             0.0514151       0.0117170       0.0327386       0.0798663                          
     3:p gM a0 t1             0.0871764       0.0151865       0.0616495       0.1218999                          
     4:N gF a0 t1             21.692286       3.0679702       18.115561       31.316088                          
     5:pent gF a0.005479452   0.5874548E-08   0.3777741E-05  -0.7398498E-05   0.7410247E-05                      
     6:pent gF a0.008219178   0.5874548E-08   0.3777741E-05  -0.7398498E-05   0.7410247E-05                      
     7:pent gF a0.010958904   0.5874548E-08   0.3777741E-05  -0.7398498E-05   0.7410247E-05                      
     8:pent gF a0.016438356   0.5874548E-08   0.3777741E-05  -0.7398498E-05   0.7410247E-05                      
     9:pent gF a0.024657534   0.5874548E-08   0.3777741E-05  -0.7398498E-05   0.7410247E-05                      
    10:pent gF a0.027397260   0.5874548E-08   0.3777741E-05  -0.7398498E-05   0.7410247E-05                      
    11:pent gF a0.030136986   0.5874548E-08   0.3777741E-05  -0.7398498E-05   0.7410247E-05                      

  Program  MARK  - Survival Rate Estimation with Capture-Recapture Data
   gfortran(dble) Vers. 9.0 Mar 2018    25-Mar-2020 21:12:13    Page  010
 - - - - - - - - - - - - - - - - - - - - - - - - - - - - - - - - - - - - - -
 
    12:pent gF a0.035616438   0.5874548E-08   0.3777741E-05  -0.7398498E-05   0.7410247E-05                      
    13:pent gF a0.041095890   0.5874548E-08   0.3777741E-05  -0.7398498E-05   0.7410247E-05                      
    14:pent gF a0.049315068   0.5874548E-08   0.3777741E-05  -0.7398498E-05   0.7410247E-05                      
    15:pent gF a0.052054794   0.5874548E-08   0.3777741E-05  -0.7398498E-05   0.7410247E-05                      
    16:pent gF a0.065753424   0.5874548E-08   0.3777741E-05  -0.7398498E-05   0.7410247E-05                      
    17:pent gF a0.071232876   0.5874548E-08   0.3777741E-05  -0.7398498E-05   0.7410247E-05                      
    18:pent gF a0.098630136   0.5874548E-08   0.3777741E-05  -0.7398498E-05   0.7410247E-05                      
    19:pent gF a0.101369863   0.5874548E-08   0.3777741E-05  -0.7398498E-05   0.7410247E-05                      
    20:pent gF a0.106849315   0.5874548E-08   0.3777741E-05  -0.7398498E-05   0.7410247E-05                      
    21:pent gF a0.109589041   0.5874548E-08   0.3777741E-05  -0.7398498E-05   0.7410247E-05                      
    22:pent gF a0.120547945   0.5874548E-08   0.3777741E-05  -0.7398498E-05   0.7410247E-05                      
    23:pent gF a0.350684931   0.5874548E-08   0.3777741E-05  -0.7398498E-05   0.7410247E-05                      
    24:pent gF a0.358904109   0.5874548E-08   0.3777741E-05  -0.7398498E-05   0.7410247E-05                      
    25:pent gF a0.613698630   0.5874548E-08   0.3777741E-05  -0.7398498E-05   0.7410247E-05                      
    26:pent gF a0.638356164   0.5874548E-08   0.3777741E-05  -0.7398498E-05   0.7410247E-05                      
    27:pent gF a0.646575342   0.5874548E-08   0.3777741E-05  -0.7398498E-05   0.7410247E-05                      
    28:pent gF a0.649315068   0.5874548E-08   0.3777741E-05  -0.7398498E-05   0.7410247E-05                      
    29:pent gF a0.652054794   0.5874548E-08   0.3777741E-05  -0.7398498E-05   0.7410247E-05                      
    30:pent gF a0.704109589   0.5874548E-08   0.3777741E-05  -0.7398498E-05   0.7410247E-05                      
    31:pent gF a0.706849315   0.5874548E-08   0.3777741E-05  -0.7398498E-05   0.7410247E-05                      
    32:pent gF a0.709589041   0.5874548E-08   0.3777741E-05  -0.7398498E-05   0.7410247E-05                      
    33:pent gF a0.827397260   0.5874548E-08   0.3777741E-05  -0.7398498E-05   0.7410247E-05                      
    34:pent gF a1.402739726   0.5874548E-08   0.3777741E-05  -0.7398498E-05   0.7410247E-05                      
    35:pent gF a1.405479452   0.5874548E-08   0.3777741E-05  -0.7398498E-05   0.7410247E-05                      
    36:pent gF a1.408219178   0.5874548E-08   0.3777741E-05  -0.7398498E-05   0.7410247E-05                      
    37:pent gM a0.005479452   0.0096608       0.0083754       0.0017511       0.0514576                          
    38:pent gM a0.008219178   0.0096608       0.0083754       0.0017511       0.0514576                          
    39:pent gM a0.010958904   0.0096608       0.0083754       0.0017511       0.0514576                          
    40:pent gM a0.016438356   0.0096608       0.0083754       0.0017511       0.0514576                          
    41:pent gM a0.024657534   0.0096608       0.0083754       0.0017511       0.0514576                          
    42:pent gM a0.027397260   0.0096608       0.0083754       0.0017511       0.0514576                          
    43:pent gM a0.030136986   0.0096608       0.0083754       0.0017511       0.0514576                          
    44:pent gM a0.035616438   0.0096608       0.0083754       0.0017511       0.0514576                          
    45:pent gM a0.041095890   0.0096608       0.0083754       0.0017511       0.0514576                          
    46:pent gM a0.049315068   0.0096608       0.0083754       0.0017511       0.0514576                          
    47:pent gM a0.052054794   0.0096608       0.0083754       0.0017511       0.0514576                          
    48:pent gM a0.065753424   0.0096608       0.0083754       0.0017511       0.0514576                          
    49:pent gM a0.071232876   0.0096608       0.0083754       0.0017511       0.0514576                          
    50:pent gM a0.098630136   0.0096608       0.0083754       0.0017511       0.0514576                          
    51:pent gM a0.101369863   0.0096608       0.0083754       0.0017511       0.0514576                          
    52:pent gM a0.106849315   0.0096608       0.0083754       0.0017511       0.0514576                          
    53:pent gM a0.109589041   0.0096608       0.0083754       0.0017511       0.0514576                          
    54:pent gM a0.120547945   0.0096608       0.0083754       0.0017511       0.0514576                          
    55:pent gM a0.350684931   0.0096608       0.0083754       0.0017511       0.0514576                          
    56:pent gM a0.358904109   0.0096608       0.0083754       0.0017511       0.0514576                          
    57:pent gM a0.613698630   0.0096608       0.0083754       0.0017511       0.0514576                          

  Program  MARK  - Survival Rate Estimation with Capture-Recapture Data
   gfortran(dble) Vers. 9.0 Mar 2018    25-Mar-2020 21:12:13    Page  011
 - - - - - - - - - - - - - - - - - - - - - - - - - - - - - - - - - - - - - -
 
    58:pent gM a0.638356164   0.0096608       0.0083754       0.0017511       0.0514576                          
    59:pent gM a0.646575342   0.0096608       0.0083754       0.0017511       0.0514576                          
    60:pent gM a0.649315068   0.0096608       0.0083754       0.0017511       0.0514576                          
    61:pent gM a0.652054794   0.0096608       0.0083754       0.0017511       0.0514576                          
    62:pent gM a0.704109589   0.0096608       0.0083754       0.0017511       0.0514576                          
    63:pent gM a0.706849315   0.0096608       0.0083754       0.0017511       0.0514576                          
    64:pent gM a0.709589041   0.0096608       0.0083754       0.0017511       0.0514576                          
    65:pent gM a0.827397260   0.0096608       0.0083754       0.0017511       0.0514576                          
    66:pent gM a1.402739726   0.0096608       0.0083754       0.0017511       0.0514576                          
    67:pent gM a1.405479452   0.0096608       0.0083754       0.0017511       0.0514576                          
    68:pent gM a1.408219178   0.0096608       0.0083754       0.0017511       0.0514576                          


                      Estimates of Derived Parameters
  Gross Birth+Immigration Estimates of { Phi(~1)p(~sex)pent(~sex)N(~1) }
                                                95% Confidence Interval
 Grp. Occ.   B*-hat          Standard Error      Lower           Upper
 ---- ----   --------------  --------------  --------------  --------------
   1     1    0.1276321E-06   0.8207928E-04   0.1108718E-09   0.1469259E-03
   1     2    0.1275322E-06   0.8201506E-04   0.1107851E-09   0.1468109E-03
   1     3    0.1275322E-06   0.8201506E-04   0.1107851E-09   0.1468109E-03
   1     4    0.1276321E-06   0.8207928E-04   0.1108718E-09   0.1469259E-03
   1     5    0.1277320E-06   0.8214354E-04   0.1109586E-09   0.1470409E-03
   1     6    0.1275322E-06   0.8201506E-04   0.1107851E-09   0.1468109E-03
   1     7    0.1275322E-06   0.8201506E-04   0.1107851E-09   0.1468109E-03
   1     8    0.1276321E-06   0.8207928E-04   0.1108718E-09   0.1469259E-03
   1     9    0.1276321E-06   0.8207928E-04   0.1108718E-09   0.1469259E-03
   1    10    0.1277320E-06   0.8214354E-04   0.1109586E-09   0.1470409E-03
   1    11    0.1275322E-06   0.8201506E-04   0.1107851E-09   0.1468109E-03
   1    12    0.1279320E-06   0.8227215E-04   0.1111323E-09   0.1472712E-03
   1    13    0.1276321E-06   0.8207928E-04   0.1108718E-09   0.1469259E-03
   1    14    0.1284329E-06   0.8259427E-04   0.1115675E-09   0.1478478E-03
   1    15    0.1275322E-06   0.8201506E-04   0.1107851E-09   0.1468109E-03
   1    16    0.1276321E-06   0.8207928E-04   0.1108718E-09   0.1469259E-03
   1    17    0.1275322E-06   0.8201506E-04   0.1107851E-09   0.1468109E-03
   1    18    0.1278319E-06   0.8220783E-04   0.1110455E-09   0.1471560E-03
   1    19    0.1359983E-06   0.8745956E-04   0.1181394E-09   0.1565569E-03
   1    20    0.1277320E-06   0.8214354E-04   0.1109586E-09   0.1470409E-03
   1    21    0.1369379E-06   0.8806378E-04   0.1189556E-09   0.1576384E-03
   1    22    0.1283326E-06   0.8252978E-04   0.1114803E-09   0.1477323E-03
   1    23    0.1277320E-06   0.8214354E-04   0.1109586E-09   0.1470409E-03
   1    24    0.1275322E-06   0.8201506E-04   0.1107851E-09   0.1468109E-03
   1    25    0.1275322E-06   0.8201506E-04   0.1107851E-09   0.1468109E-03
   1    26    0.1293377E-06   0.8317620E-04   0.1123535E-09   0.1488895E-03
   1    27    0.1275322E-06   0.8201506E-04   0.1107851E-09   0.1468109E-03

  Program  MARK  - Survival Rate Estimation with Capture-Recapture Data
   gfortran(dble) Vers. 9.0 Mar 2018    25-Mar-2020 21:12:13    Page  012
 - - - - - - - - - - - - - - - - - - - - - - - - - - - - - - - - - - - - - -
 
   1    28    0.1275322E-06   0.8201506E-04   0.1107851E-09   0.1468109E-03
   1    29    0.1317714E-06   0.8474128E-04   0.1144676E-09   0.1516910E-03
   1    30    0.1495344E-06   0.9616457E-04   0.1298980E-09   0.1721392E-03
   1    31    0.1275322E-06   0.8201506E-04   0.1107851E-09   0.1468109E-03
   1    32    0.1275322E-06   0.8201506E-04   0.1107851E-09   0.1468109E-03
   2     1    0.3356791       0.3091020       0.0722592       1.5593924    
   2     2    0.3354164       0.3088100       0.0722161       1.5578821    
   2     3    0.3354164       0.3088100       0.0722161       1.5578821    
   2     4    0.3356791       0.3091020       0.0722592       1.5593924    
   2     5    0.3359419       0.3093942       0.0723023       1.5609040    
   2     6    0.3354164       0.3088100       0.0722161       1.5578821    
   2     7    0.3354164       0.3088100       0.0722161       1.5578821    
   2     8    0.3356791       0.3091020       0.0722592       1.5593924    
   2     9    0.3356791       0.3091020       0.0722592       1.5593924    
   2    10    0.3359419       0.3093942       0.0723023       1.5609040    
   2    11    0.3354164       0.3088100       0.0722161       1.5578821    
   2    12    0.3364679       0.3099793       0.0723885       1.5639308    
   2    13    0.3356791       0.3091020       0.0722592       1.5593924    
   2    14    0.3377852       0.3114459       0.0726042       1.5715191    
   2    15    0.3354164       0.3088100       0.0722161       1.5578821    
   2    16    0.3356791       0.3091020       0.0722592       1.5593924    
   2    17    0.3354164       0.3088100       0.0722161       1.5578821    
   2    18    0.3362048       0.3096866       0.0723454       1.5624168    
   2    19    0.3576828       0.3338004       0.0758198       1.6873823    
   2    20    0.3359419       0.3093942       0.0723023       1.5609040    
   2    21    0.3601538       0.3366021       0.0762140       1.7019293    
   2    22    0.3375215       0.3111521       0.0725610       1.5699990    
   2    23    0.3359419       0.3093942       0.0723023       1.5609040    
   2    24    0.3354164       0.3088100       0.0722161       1.5578821    
   2    25    0.3354164       0.3088100       0.0722161       1.5578821    
   2    26    0.3401652       0.3140997       0.0729929       1.5852545    
   2    27    0.3354164       0.3088100       0.0722161       1.5578821    
   2    28    0.3354164       0.3088100       0.0722161       1.5578821    
   2    29    0.3465658       0.3212645       0.0740326       1.6223637    
   2    30    0.3932836       0.3746603       0.0814042       1.9000489    
   2    31    0.3354164       0.3088100       0.0722161       1.5578821    
   2    32    0.3354164       0.3088100       0.0722161       1.5578821    

   Net Birth+Immigration Estimates of { Phi(~1)p(~sex)pent(~sex)N(~1) }
                                                95% Confidence Interval
 Grp. Occ.   B-hat           Standard Error      Lower           Upper
 ---- ----   --------------  --------------  --------------  --------------
   1     1    0.1274324E-06   0.8195087E-04   0.1106984E-09   0.1466960E-03
   1     2    0.1274324E-06   0.8195087E-04   0.1106984E-09   0.1466960E-03
   1     3    0.1274324E-06   0.8195087E-04   0.1106984E-09   0.1466960E-03
   1     4    0.1274324E-06   0.8195087E-04   0.1106984E-09   0.1466960E-03
   1     5    0.1274324E-06   0.8195087E-04   0.1106984E-09   0.1466960E-03
   1     6    0.1274324E-06   0.8195087E-04   0.1106984E-09   0.1466960E-03
   1     7    0.1274324E-06   0.8195087E-04   0.1106984E-09   0.1466960E-03
   1     8    0.1274324E-06   0.8195087E-04   0.1106984E-09   0.1466960E-03
   1     9    0.1274324E-06   0.8195087E-04   0.1106984E-09   0.1466960E-03
   1    10    0.1274324E-06   0.8195087E-04   0.1106984E-09   0.1466960E-03
   1    11    0.1274324E-06   0.8195087E-04   0.1106984E-09   0.1466960E-03
   1    12    0.1274324E-06   0.8195087E-04   0.1106984E-09   0.1466960E-03
   1    13    0.1274324E-06   0.8195087E-04   0.1106984E-09   0.1466960E-03
   1    14    0.1274324E-06   0.8195087E-04   0.1106984E-09   0.1466960E-03
   1    15    0.1274324E-06   0.8195087E-04   0.1106984E-09   0.1466960E-03
   1    16    0.1274324E-06   0.8195087E-04   0.1106984E-09   0.1466960E-03
   1    17    0.1274324E-06   0.8195087E-04   0.1106984E-09   0.1466960E-03
   1    18    0.1274324E-06   0.8195087E-04   0.1106984E-09   0.1466960E-03
   1    19    0.1274324E-06   0.8195087E-04   0.1106984E-09   0.1466960E-03
   1    20    0.1274324E-06   0.8195087E-04   0.1106984E-09   0.1466960E-03
   1    21    0.1274324E-06   0.8195087E-04   0.1106984E-09   0.1466960E-03
   1    22    0.1274324E-06   0.8195087E-04   0.1106984E-09   0.1466960E-03
   1    23    0.1274324E-06   0.8195087E-04   0.1106984E-09   0.1466960E-03
   1    24    0.1274324E-06   0.8195087E-04   0.1106984E-09   0.1466960E-03
   1    25    0.1274324E-06   0.8195087E-04   0.1106984E-09   0.1466960E-03
   1    26    0.1274324E-06   0.8195087E-04   0.1106984E-09   0.1466960E-03
   1    27    0.1274324E-06   0.8195087E-04   0.1106984E-09   0.1466960E-03
   1    28    0.1274324E-06   0.8195087E-04   0.1106984E-09   0.1466960E-03
   1    29    0.1274324E-06   0.8195087E-04   0.1106984E-09   0.1466960E-03
   1    30    0.1274324E-06   0.8195087E-04   0.1106984E-09   0.1466960E-03
   1    31    0.1274324E-06   0.8195087E-04   0.1106984E-09   0.1466960E-03
   1    32    0.1274324E-06   0.8195087E-04   0.1106984E-09   0.1466960E-03
   2     1    0.3351539       0.3085183       0.0721730       1.5563729    
   2     2    0.3351539       0.3085183       0.0721730       1.5563729    
   2     3    0.3351539       0.3085183       0.0721730       1.5563729    
   2     4    0.3351539       0.3085183       0.0721730       1.5563729    
   2     5    0.3351539       0.3085183       0.0721730       1.5563729    
   2     6    0.3351539       0.3085183       0.0721730       1.5563729    
   2     7    0.3351539       0.3085183       0.0721730       1.5563729    
   2     8    0.3351539       0.3085183       0.0721730       1.5563729    
   2     9    0.3351539       0.3085183       0.0721730       1.5563729    
   2    10    0.3351539       0.3085183       0.0721730       1.5563729    
   2    11    0.3351539       0.3085183       0.0721730       1.5563729    
   2    12    0.3351539       0.3085183       0.0721730       1.5563729    
   2    13    0.3351539       0.3085183       0.0721730       1.5563729    
   2    14    0.3351539       0.3085183       0.0721730       1.5563729    
   2    15    0.3351539       0.3085183       0.0721730       1.5563729    
   2    16    0.3351539       0.3085183       0.0721730       1.5563729    
   2    17    0.3351539       0.3085183       0.0721730       1.5563729    
   2    18    0.3351539       0.3085183       0.0721730       1.5563729    
   2    19    0.3351539       0.3085183       0.0721730       1.5563729    
   2    20    0.3351539       0.3085183       0.0721730       1.5563729    
   2    21    0.3351539       0.3085183       0.0721730       1.5563729    
   2    22    0.3351539       0.3085183       0.0721730       1.5563729    
   2    23    0.3351539       0.3085183       0.0721730       1.5563729    
   2    24    0.3351539       0.3085183       0.0721730       1.5563729    
   2    25    0.3351539       0.3085183       0.0721730       1.5563729    
   2    26    0.3351539       0.3085183       0.0721730       1.5563729    
   2    27    0.3351539       0.3085183       0.0721730       1.5563729    
   2    28    0.3351539       0.3085183       0.0721730       1.5563729    
   2    29    0.3351539       0.3085183       0.0721730       1.5563729    
   2    30    0.3351539       0.3085183       0.0721730       1.5563729    
   2    31    0.3351539       0.3085183       0.0721730       1.5563729    
   2    32    0.3351539       0.3085183       0.0721730       1.5563729    

        Population Estimates of { Phi(~1)p(~sex)pent(~sex)N(~1) }
                                                95% Confidence Interval
 Grp. Occ.   N-hat           Standard Error      Lower           Upper
 ---- ----   --------------  --------------  --------------  --------------
   1     1    21.692282       3.0679714       16.463112       28.582390    
   1     2    21.624442       3.0463428       16.429273       28.462397    
   1     3    21.590602       3.0356805       16.412216       28.402874    
   1     4    21.556815       3.0251196       16.395065       28.343667    
   1     5    21.489399       3.0043022       16.360485       28.226197    
   1     6    21.388670       2.9738371       16.307912       28.052348    
   1     7    21.355199       2.9638851       16.290198       27.995026    
   1     8    21.321780       2.9540346       16.272390       27.938017    
   1     9    21.255100       2.9346380       16.236488       27.824937    

  Program  MARK  - Survival Rate Estimation with Capture-Recapture Data
   gfortran(dble) Vers. 9.0 Mar 2018    25-Mar-2020 21:12:13    Page  013
 - - - - - - - - - - - - - - - - - - - - - - - - - - - - - - - - - - - - - -
 
   1    10    21.188627       2.9156474       16.200204       27.713104    
   1    11    21.089308       2.8879221       16.145056       27.547686    
   1    12    21.056306       2.8788831       16.126480       27.493167    
   1    13    20.892065       2.8352063       16.032143       27.225206    
   1    14    20.826728       2.8184430       15.993725       27.120174    
   1    15    20.503095       2.7406597       15.795747       26.613297    
   1    16    20.471010       2.7334316       15.775408       26.564272    
   1    17    20.406990       2.7192738       15.734437       26.467120    
   1    18    20.375055       2.7123437       15.713803       26.418992    
   1    19    20.247814       2.6856111       15.630290       26.229452    
   1    20    17.751885       2.4518888       13.559056       23.241252    
   1    21    17.668676       2.4532026       13.476611       23.164733    
   1    22    15.273863       2.6698536       10.871144       21.459645    
   1    23    15.060085       2.7009896       10.626014       21.344426    
   1    24    14.989493       2.7115200       10.544939       21.307368    
   1    25    14.966036       2.7150445       10.517988       21.295159    
   1    26    14.942616       2.7185757       10.491075       21.283021    
   1    27    14.504526       2.7865913       9.9873055       21.064869    
   1    28    14.481828       2.7902026       9.9612120       21.053999    
   1    29    14.459166       2.7938154       9.9351625       21.043186    
   1    30    13.517496       2.9479994       8.8594857       20.624526    
   1    31    9.7288637       3.4750603       4.9328230       19.187956    
   1    32    9.7136390       3.4764208       4.9189322       19.181965    
   1    33    9.6984382       3.4777706       4.9050807       19.175975    
   2     1    23.967360       8.2666677       12.423230       46.238730    
   2     2    24.227560       7.9577219       12.937514       45.369973    
   2     3    24.524800       7.6571863       13.489395       44.588049    
   2     4    24.821575       7.3582908       14.053450       43.840519    
   2     5    25.079102       7.0558837       14.600654       43.077615    
   2     6    25.296701       6.7512588       15.128114       42.300257    
   2     7    25.592268       6.4581004       15.725851       41.648888    
   2     8    25.887373       6.1672628       16.333938       41.028445    
   2     9    26.141567       5.8758875       16.918218       40.393233    
   2    10    26.394967       5.5879021       17.510041       39.788273    
   2    11    26.606398       5.3016940       18.072477       39.170082    
   2    12    26.899915       5.0230853       18.713763       38.667019    
   2    13    27.025248       4.7452350       19.206208       38.027497    
   2    14    27.275884       4.4752978       19.817170       37.541880    
   2    15    27.187189       4.2164222       20.097123       36.778560    
   2    16    27.479797       3.9586841       20.749997       36.392259    
   2    17    27.729012       3.7107255       21.356433       36.003115    
   2    18    28.020773       3.4703233       22.001854       35.686251    
   2    19    28.180938       3.2498801       22.496527       35.301683    
   2    20    25.042255       3.5445093       19.001512       33.003403    
   2    21    25.260027       3.3685231       19.472447       32.767785    
   2    22    22.171436       4.0047487       15.605362       31.500236    

  Program  MARK  - Survival Rate Estimation with Capture-Recapture Data
   gfortran(dble) Vers. 9.0 Mar 2018    25-Mar-2020 21:12:13    Page  014
 - - - - - - - - - - - - - - - - - - - - - - - - - - - - - - - - - - - - - -
 
   2    23    22.196271       3.9280314       15.732639       31.315437    
   2    24    22.427383       3.8204167       16.099514       31.242403    
   2    25    22.727440       3.7161889       16.530429       31.247619    
   2    26    23.027028       3.6348515       16.931594       31.316840    
   2    27    22.687072       3.7441854       16.452792       31.283641    
   2    28    22.986723       3.7061652       16.792459       31.465876    
   2    29    23.285905       3.6929007       17.097649       31.713913    
   2    30    22.104537       4.0469079       15.485418       31.552947    
   2    31    16.244316       5.1864672       8.8205124       29.916379    
   2    32    16.554049       5.1543302       9.1195406       30.049378    
   2    33    16.863297       5.1403249       9.4018521       30.246252    

     Gross Population Estimates of { Phi(~1)p(~sex)pent(~sex)N(~1) }
                                                95% Confidence Interval
 Grp. Occ.   N*-hat          Standard Error      Lower           Upper
 ---- ----   --------------  --------------  --------------  --------------
   1     0    21.692286       3.0679724       16.463114       28.582397    
   2     0    34.831447       3.1778938       29.138719       41.636342    

 Attempted ordering of parameters by estimatibility:
  2 3 6 1 4 5
 Beta number 5 is a singular value.

   CPU Time for the last procedure was 0.23 seconds.     


  INPUT --- proc stop;

     CPU Time in minutes for this job was 0.00

     Time Start = 21:12:13.057   Time End = 21:12:13.414

     Wall Clock Time in minutes for this job was 0.01


          E X E C U T I O N   S U C C E S S F U L 
