
   Program  MARK  - Survival Rate Estimation with Capture-Recapture Data
   gfortran(dble) Vers. 9.0 Mar 2018    25-Mar-2020 14:33:37    Page  001
 - - - - - - - - - - - - - - - - - - - - - - - - - - - - - - - - - - - - - -
 
   This version was compiled by GCC version 7.2.0 using the options: 
     -cpp -iprefix C:/Program Files/mingw-w64/x86_64-7.2.0-posix-seh-rt_v5-rev1/
     mingw64/bin/../lib/gcc/x86_64-w64-mingw32/7.2.0/ -D_MT -D_REENTRANT
     -U_REENTRANT -D IEEE -D DBLEPRECISION -m64 -mtune=core2 -march=nocona -mthreads
     -O2 -fimplicit-none -fbounds-check -funroll-loops -ftree-vectorize
     -ffpe-summary=invalid,zero,overflow,underflow -fno-unsafe-math-optimizations
     -frounding-math -fsignaling-nans -fopenmp.

   This problem will use 15 of 16 possible threads.


  INPUT --- proc title ;

   CPU Time for the last procedure was 0.01 seconds.     


  INPUT --- proc chmatrix occasions= 33 groups= 2 etype= POPAN Nodes= 
  INPUT --- 101 ICMeans NoHist hist= 41  ;

  INPUT ---    time interval 0.00547945205479452 0.00273972602739726 
  INPUT ---    0.00273972602739726 0.00547945205479452  
  INPUT ---    0.00821917808219178 0.00273972602739726 0.00273972602739726 
  INPUT ---    0.00547945205479452  0.00547945205479452 
  INPUT ---    0.00821917808219178 0.00273972602739726 0.0136986301369863 
  INPUT ---    0.00547945205479452  0.0273972602739726 0.00273972602739726 
  INPUT ---    0.00547945205479452 0.00273972602739726 0.010958904109589  
  INPUT ---    0.23013698630137 0.00821917808219178 0.254794520547945 
  INPUT ---    0.0246575342465753 0.00821917808219178  0.00273972602739726 
  INPUT ---    0.00273972602739726 0.0520547945205479 0.00273972602739726 
  INPUT ---    0.00273972602739726  0.117808219178082 0.575342465753425 
  INPUT ---    0.00273972602739726 0.00273972602739726 ;

  INPUT ---    glabel(1)=sexF;

  INPUT ---    glabel(2)=sexM;

   * *  WARNING  * *   At least a pair of the encounter histories are duplicates. 

      Number of unique encounter histories read was 38.

      Number of individual covariates read was 0.
      Time interval lengths vary and/or not equal to 1.

      Data type number is 19
      Data type is POPAN                                                                                               

   CPU Time for the last procedure was 0.01 seconds.     

  Program  MARK  - Survival Rate Estimation with Capture-Recapture Data
   gfortran(dble) Vers. 9.0 Mar 2018    25-Mar-2020 14:33:37    Page  002
 - - - - - - - - - - - - - - - - - - - - - - - - - - - - - - - - - - - - - -
 


  INPUT --- proc estimate link=Parm-Specific NOLOOP varest=2ndPart    ;


  INPUT --- model={ Phi(~1)p(~1)pent(~1)N(~1) };

  INPUT ---    group=1 Phi    rows=1 cols=32 Square ;
  INPUT ---        1 1 1 1 1 1 1 1 1 1 1 1 1 1 1 1 1 1 1 1 1 1 1 1 1 1 1 1 1 
  INPUT ---       1 1 1 ;

  INPUT ---    group=2 Phi    rows=1 cols=32 Square ;
  INPUT ---        1 1 1 1 1 1 1 1 1 1 1 1 1 1 1 1 1 1 1 1 1 1 1 1 1 1 1 1 1 
  INPUT ---       1 1 1 ;

  INPUT ---    group=1 p    rows=1 cols=33 Square ;
  INPUT ---        2 2 2 2 2 2 2 2 2 2 2 2 2 2 2 2 2 2 2 2 2 2 2 2 2 2 2 2 2 
  INPUT ---       2 2 2 2 ;

  INPUT ---    group=2 p    rows=1 cols=33 Square ;
  INPUT ---        2 2 2 2 2 2 2 2 2 2 2 2 2 2 2 2 2 2 2 2 2 2 2 2 2 2 2 2 2 
  INPUT ---       2 2 2 2 ;

  INPUT ---    group=1 pent    rows=1 cols=32 Square ;
  INPUT ---        4 5 6 7 8 9 10 11 12 13 14 15 16 17 18 19 20 21 22 23 24 
  INPUT ---       25 26 27 28 29 30 31 32 33 34 35 ;

  INPUT ---    group=2 pent    rows=1 cols=32 Square ;
  INPUT ---        36 37 38 39 40 41 42 43 44 45 46 47 48 49 50 51 52 53 54 
  INPUT ---       55 56 57 58 59 60 61 62 63 64 65 66 67 ;

  INPUT ---    group=1 N    rows=1 cols=1 Square ;
  INPUT ---        3 ;

  INPUT ---    group=2 N    rows=1 cols=1 Square ;
  INPUT ---        3 ;

  INPUT ---    design matrix constraints=67 covariates=4;
  INPUT ---        1 0 0 0;
  INPUT ---        0 1 0 0;
  INPUT ---        0 0 0 1;
  INPUT ---        0 0 1 0;
  INPUT ---        0 0 1 0;
  INPUT ---        0 0 1 0;
  INPUT ---        0 0 1 0;
  INPUT ---        0 0 1 0;

  Program  MARK  - Survival Rate Estimation with Capture-Recapture Data
   gfortran(dble) Vers. 9.0 Mar 2018    25-Mar-2020 14:33:37    Page  003
 - - - - - - - - - - - - - - - - - - - - - - - - - - - - - - - - - - - - - -
 
  INPUT ---        0 0 1 0;
  INPUT ---        0 0 1 0;
  INPUT ---        0 0 1 0;
  INPUT ---        0 0 1 0;
  INPUT ---        0 0 1 0;
  INPUT ---        0 0 1 0;
  INPUT ---        0 0 1 0;
  INPUT ---        0 0 1 0;
  INPUT ---        0 0 1 0;
  INPUT ---        0 0 1 0;
  INPUT ---        0 0 1 0;
  INPUT ---        0 0 1 0;
  INPUT ---        0 0 1 0;
  INPUT ---        0 0 1 0;
  INPUT ---        0 0 1 0;
  INPUT ---        0 0 1 0;
  INPUT ---        0 0 1 0;
  INPUT ---        0 0 1 0;
  INPUT ---        0 0 1 0;
  INPUT ---        0 0 1 0;
  INPUT ---        0 0 1 0;
  INPUT ---        0 0 1 0;
  INPUT ---        0 0 1 0;
  INPUT ---        0 0 1 0;
  INPUT ---        0 0 1 0;
  INPUT ---        0 0 1 0;
  INPUT ---        0 0 1 0;
  INPUT ---        0 0 1 0;
  INPUT ---        0 0 1 0;
  INPUT ---        0 0 1 0;
  INPUT ---        0 0 1 0;
  INPUT ---        0 0 1 0;
  INPUT ---        0 0 1 0;
  INPUT ---        0 0 1 0;
  INPUT ---        0 0 1 0;
  INPUT ---        0 0 1 0;
  INPUT ---        0 0 1 0;
  INPUT ---        0 0 1 0;
  INPUT ---        0 0 1 0;
  INPUT ---        0 0 1 0;
  INPUT ---        0 0 1 0;
  INPUT ---        0 0 1 0;
  INPUT ---        0 0 1 0;
  INPUT ---        0 0 1 0;
  INPUT ---        0 0 1 0;
  INPUT ---        0 0 1 0;

  Program  MARK  - Survival Rate Estimation with Capture-Recapture Data
   gfortran(dble) Vers. 9.0 Mar 2018    25-Mar-2020 14:33:38    Page  004
 - - - - - - - - - - - - - - - - - - - - - - - - - - - - - - - - - - - - - -
 
  INPUT ---        0 0 1 0;
  INPUT ---        0 0 1 0;
  INPUT ---        0 0 1 0;
  INPUT ---        0 0 1 0;
  INPUT ---        0 0 1 0;
  INPUT ---        0 0 1 0;
  INPUT ---        0 0 1 0;
  INPUT ---        0 0 1 0;
  INPUT ---        0 0 1 0;
  INPUT ---        0 0 1 0;
  INPUT ---        0 0 1 0;
  INPUT ---        0 0 1 0;
  INPUT ---        0 0 1 0;

  INPUT ---    links=67;

  INPUT ---    Logit;

  INPUT ---    Logit;

  INPUT ---    Log;

  INPUT ---    mlogit(1);

  INPUT ---    mlogit(1);

  INPUT ---    mlogit(1);

  INPUT ---    mlogit(1);

  INPUT ---    mlogit(1);

  INPUT ---    mlogit(1);

  INPUT ---    mlogit(1);

  INPUT ---    mlogit(1);

  INPUT ---    mlogit(1);

  INPUT ---    mlogit(1);

  INPUT ---    mlogit(1);

  INPUT ---    mlogit(1);


  Program  MARK  - Survival Rate Estimation with Capture-Recapture Data
   gfortran(dble) Vers. 9.0 Mar 2018    25-Mar-2020 14:33:38    Page  005
 - - - - - - - - - - - - - - - - - - - - - - - - - - - - - - - - - - - - - -
 
  INPUT ---    mlogit(1);

  INPUT ---    mlogit(1);

  INPUT ---    mlogit(1);

  INPUT ---    mlogit(1);

  INPUT ---    mlogit(1);

  INPUT ---    mlogit(1);

  INPUT ---    mlogit(1);

  INPUT ---    mlogit(1);

  INPUT ---    mlogit(1);

  INPUT ---    mlogit(1);

  INPUT ---    mlogit(1);

  INPUT ---    mlogit(1);

  INPUT ---    mlogit(1);

  INPUT ---    mlogit(1);

  INPUT ---    mlogit(1);

  INPUT ---    mlogit(1);

  INPUT ---    mlogit(1);

  INPUT ---    mlogit(1);

  INPUT ---    mlogit(1);

  INPUT ---    mlogit(1);

  INPUT ---    mlogit(2);

  INPUT ---    mlogit(2);

  INPUT ---    mlogit(2);


  Program  MARK  - Survival Rate Estimation with Capture-Recapture Data
   gfortran(dble) Vers. 9.0 Mar 2018    25-Mar-2020 14:33:38    Page  006
 - - - - - - - - - - - - - - - - - - - - - - - - - - - - - - - - - - - - - -
 
  INPUT ---    mlogit(2);

  INPUT ---    mlogit(2);

  INPUT ---    mlogit(2);

  INPUT ---    mlogit(2);

  INPUT ---    mlogit(2);

  INPUT ---    mlogit(2);

  INPUT ---    mlogit(2);

  INPUT ---    mlogit(2);

  INPUT ---    mlogit(2);

  INPUT ---    mlogit(2);

  INPUT ---    mlogit(2);

  INPUT ---    mlogit(2);

  INPUT ---    mlogit(2);

  INPUT ---    mlogit(2);

  INPUT ---    mlogit(2);

  INPUT ---    mlogit(2);

  INPUT ---    mlogit(2);

  INPUT ---    mlogit(2);

  INPUT ---    mlogit(2);

  INPUT ---    mlogit(2);

  INPUT ---    mlogit(2);

  INPUT ---    mlogit(2);

  INPUT ---    mlogit(2);


  Program  MARK  - Survival Rate Estimation with Capture-Recapture Data
   gfortran(dble) Vers. 9.0 Mar 2018    25-Mar-2020 14:33:38    Page  007
 - - - - - - - - - - - - - - - - - - - - - - - - - - - - - - - - - - - - - -
 
  INPUT ---    mlogit(2);

  INPUT ---    mlogit(2);

  INPUT ---    mlogit(2);

  INPUT ---    mlogit(2);

  INPUT ---    mlogit(2);

  INPUT ---    mlogit(2);
  INPUT ---       blabel(1)=Phi:(Intercept);
  INPUT ---       blabel(2)=p:(Intercept);
  INPUT ---       blabel(3)=pent:(Intercept);
  INPUT ---       blabel(4)=N:(Intercept);
  INPUT ---       rlabel(1)=Phi gF a0 t1;
  INPUT ---       rlabel(2)=p gF a0 t1;
  INPUT ---       rlabel(3)=N gF a0 t1;
  INPUT ---       rlabel(4)=pent gF a0.00547945205479452 t1.00547945205479;
  INPUT ---       rlabel(5)=pent gF a0.00821917808219178 t1.00821917808219;
  INPUT ---       rlabel(6)=pent gF a0.010958904109589 t1.01095890410959;
  INPUT ---       rlabel(7)=pent gF a0.0164383561643836 t1.01643835616438;
  INPUT ---       rlabel(8)=pent gF a0.0246575342465753 t1.02465753424658;
  INPUT ---       rlabel(9)=pent gF a0.0273972602739726 t1.02739726027397;
  INPUT ---       rlabel(10)=pent gF a0.0301369863013699 t1.03013698630137;
  INPUT ---       rlabel(11)=pent gF a0.0356164383561644 t1.03561643835616;
  INPUT ---       rlabel(12)=pent gF a0.0410958904109589 t1.04109589041096;
  INPUT ---       rlabel(13)=pent gF a0.0493150684931507 t1.04931506849315;
  INPUT ---       rlabel(14)=pent gF a0.0520547945205479 t1.05205479452055;
  INPUT ---       rlabel(15)=pent gF a0.0657534246575342 t1.06575342465753;
  INPUT ---       rlabel(16)=pent gF a0.0712328767123288 t1.07123287671233;
  INPUT ---       rlabel(17)=pent gF a0.0986301369863014 t1.0986301369863;
  INPUT ---       rlabel(18)=pent gF a0.101369863013699 t1.1013698630137;
  INPUT ---       rlabel(19)=pent gF a0.106849315068493 t1.10684931506849;
  INPUT ---       rlabel(20)=pent gF a0.10958904109589 t1.10958904109589;
  INPUT ---       rlabel(21)=pent gF a0.120547945205479 t1.12054794520548;
  INPUT ---       rlabel(22)=pent gF a0.350684931506849 t1.35068493150685;
  INPUT ---       rlabel(23)=pent gF a0.358904109589041 t1.35890410958904;
  INPUT ---       rlabel(24)=pent gF a0.613698630136986 t1.61369863013699;
  INPUT ---       rlabel(25)=pent gF a0.638356164383562 t1.63835616438356;
  INPUT ---       rlabel(26)=pent gF a0.646575342465753 t1.64657534246575;
  INPUT ---       rlabel(27)=pent gF a0.649315068493151 t1.64931506849315;
  INPUT ---       rlabel(28)=pent gF a0.652054794520548 t1.65205479452055;
  INPUT ---       rlabel(29)=pent gF a0.704109589041096 t1.7041095890411;
  INPUT ---       rlabel(30)=pent gF a0.706849315068493 t1.70684931506849;
  INPUT ---       rlabel(31)=pent gF a0.70958904109589 t1.70958904109589;

  Program  MARK  - Survival Rate Estimation with Capture-Recapture Data
   gfortran(dble) Vers. 9.0 Mar 2018    25-Mar-2020 14:33:38    Page  008
 - - - - - - - - - - - - - - - - - - - - - - - - - - - - - - - - - - - - - -
 
  INPUT ---       rlabel(32)=pent gF a0.827397260273973 t1.82739726027397;
  INPUT ---       rlabel(33)=pent gF a1.4027397260274 t2.4027397260274;
  INPUT ---       rlabel(34)=pent gF a1.40547945205479 t2.40547945205479;
  INPUT ---       rlabel(35)=pent gF a1.40821917808219 t2.40821917808219;
  INPUT ---       rlabel(36)=pent gM a0.00547945205479452 t1.00547945205479;
  INPUT ---       rlabel(37)=pent gM a0.00821917808219178 t1.00821917808219;
  INPUT ---       rlabel(38)=pent gM a0.010958904109589 t1.01095890410959;
  INPUT ---       rlabel(39)=pent gM a0.0164383561643836 t1.01643835616438;
  INPUT ---       rlabel(40)=pent gM a0.0246575342465753 t1.02465753424658;
  INPUT ---       rlabel(41)=pent gM a0.0273972602739726 t1.02739726027397;
  INPUT ---       rlabel(42)=pent gM a0.0301369863013699 t1.03013698630137;
  INPUT ---       rlabel(43)=pent gM a0.0356164383561644 t1.03561643835616;
  INPUT ---       rlabel(44)=pent gM a0.0410958904109589 t1.04109589041096;
  INPUT ---       rlabel(45)=pent gM a0.0493150684931507 t1.04931506849315;
  INPUT ---       rlabel(46)=pent gM a0.0520547945205479 t1.05205479452055;
  INPUT ---       rlabel(47)=pent gM a0.0657534246575342 t1.06575342465753;
  INPUT ---       rlabel(48)=pent gM a0.0712328767123288 t1.07123287671233;
  INPUT ---       rlabel(49)=pent gM a0.0986301369863014 t1.0986301369863;
  INPUT ---       rlabel(50)=pent gM a0.101369863013699 t1.1013698630137;
  INPUT ---       rlabel(51)=pent gM a0.106849315068493 t1.10684931506849;
  INPUT ---       rlabel(52)=pent gM a0.10958904109589 t1.10958904109589;
  INPUT ---       rlabel(53)=pent gM a0.120547945205479 t1.12054794520548;
  INPUT ---       rlabel(54)=pent gM a0.350684931506849 t1.35068493150685;
  INPUT ---       rlabel(55)=pent gM a0.358904109589041 t1.35890410958904;
  INPUT ---       rlabel(56)=pent gM a0.613698630136986 t1.61369863013699;
  INPUT ---       rlabel(57)=pent gM a0.638356164383562 t1.63835616438356;
  INPUT ---       rlabel(58)=pent gM a0.646575342465753 t1.64657534246575;
  INPUT ---       rlabel(59)=pent gM a0.649315068493151 t1.64931506849315;
  INPUT ---       rlabel(60)=pent gM a0.652054794520548 t1.65205479452055;
  INPUT ---       rlabel(61)=pent gM a0.704109589041096 t1.7041095890411;
  INPUT ---       rlabel(62)=pent gM a0.706849315068493 t1.70684931506849;
  INPUT ---       rlabel(63)=pent gM a0.70958904109589 t1.70958904109589;
  INPUT ---       rlabel(64)=pent gM a0.827397260273973 t1.82739726027397;
  INPUT ---       rlabel(65)=pent gM a1.4027397260274 t2.4027397260274;
  INPUT ---       rlabel(66)=pent gM a1.40547945205479 t2.40547945205479;
  INPUT ---       rlabel(67)=pent gM a1.40821917808219 t2.40821917808219;

 Link Function Used is PARM-SPECIFIC

 Variance Estimation Procedure Used is 2ndPart 

 M(t+1):
      16     29



 Group: 1

 U(t)+UL(t):
       0    2    2    0    1    0    3    1    1    0    0    0    0    0    1
       0    0    0    2    1    1    0    0    0    1    0    0    0    0    0
       0    0    0

 U(t):
       0    2    2    0    1    0    3    1    1    0    0    0    0    0    1
       0    0    0    2    1    1    0    0    0    1    0    0    0    0    0
       0    0    0

 UL(t):
       0    0    0    0    0    0    0    0    0    0    0    0    0    0    0
       0    0    0    0    0    0    0    0    0    0    0    0    0    0    0
       0    0    0

 Not Released(t):
       0    0    0    0    0    0    0    0    0    0    0    0    0    0    0
       0    0    0    0    0    0    0    0    0    0    0    0    0    0    0
       0    0    0

 Group: 2

 U(t)+UL(t):
       3    0    1    1    1    1    1    0    1    1    2    1    3    3    1
       1    0    2    3    1    0    0    1    0    0    0    0    0    0    1
       0    0    0

 U(t):
       3    0    1    1    1    1    1    0    1    1    2    1    3    3    1
       1    0    2    3    1    0    0    1    0    0    0    0    0    0    1
       0    0    0

 UL(t):
       0    0    0    0    0    0    0    0    0    0    0    0    0    0    0
       0    0    0    0    0    0    0    0    0    0    0    0    0    0    0
       0    0    0

 Not Released(t):
       0    0    0    0    0    0    0    0    0    0    0    0    0    0    0
       0    0    0    0    0    0    0    0    0    0    0    0    0    0    0
       0    0    0
 -2logL(saturated) = 272.93564     
 Effective Sample Size = 103

 Number of function evaluations was 28 for 4 parameters.

  Program  MARK  - Survival Rate Estimation with Capture-Recapture Data
   gfortran(dble) Vers. 9.0 Mar 2018    25-Mar-2020 14:33:38    Page  009
 - - - - - - - - - - - - - - - - - - - - - - - - - - - - - - - - - - - - - -
 
 Time for numerical optimization was 0.05 seconds.     
 -2logL { Phi(~1)p(~1)pent(~1)N(~1) } = 560.13045     
 Penalty { Phi(~1)p(~1)pent(~1)N(~1) } = 0.0000000     
 Gradient { Phi(~1)p(~1)pent(~1)N(~1) }:
  0.2849648E-04  0.4307482E-05  0.3407339E-05  0.3189716E-05
 Maximum ABS(G) { Phi(~1)p(~1)pent(~1)N(~1) } = 0.2849648E-04 
 S Vector { Phi(~1)p(~1)pent(~1)N(~1) }:
   85.03122      4.593001      2.717134     0.6173180E-01
 Time to compute number of parameters was 0.01 seconds.     
 Ratio Threshold = 50.000000       Max Gap (3/4) = 44.015141       Next Max Gap (1/2) = 18.513217     
 Gap Method for Num. of Estimated Parameters { Phi(~1)p(~1)pent(~1)N(~1) } = 4          
 Threshold { Phi(~1)p(~1)pent(~1)N(~1) } = 0.5699295E-04                 
 Numerical Threshold Method for Num. of Estimated Parameters { Phi(~1)p(~1)pent(~1)N(~1) } = 4          
 Number of Estimated Parameters { Phi(~1)p(~1)pent(~1)N(~1) } = 4          
 DEVIANCE { Phi(~1)p(~1)pent(~1)N(~1) } = 287.19481                     
 DEVIANCE Degrees of Freedom { Phi(~1)p(~1)pent(~1)N(~1) } = 37            
 c-hat { Phi(~1)p(~1)pent(~1)N(~1) } = 7.7620218                     
 AIC { Phi(~1)p(~1)pent(~1)N(~1) } = 568.13045                  
 AICc { Phi(~1)p(~1)pent(~1)N(~1) } = 568.53861                    
 BIC { Phi(~1)p(~1)pent(~1)N(~1) } = 578.66936                    
 Pearson Chisquare { Phi(~1)p(~1)pent(~1)N(~1) } = 44638442.                  


                PARM-SPECIFIC Link Function Parameters of { Phi(~1)p(~1)pent(~1)N(~1) }
                                                              95% Confidence Interval
 Parameter                    Beta         Standard Error      Lower           Upper
 -------------------------  --------------  --------------  --------------  --------------
    1:Phi:(Intercept)        0.3386558       0.7948621      -1.2192739       1.8965855    
    2:p:(Intercept)         -2.5423917       0.1875962      -2.9100803      -2.1747032    
    3:pent:(Intercept)      -5.7173198       3.9190953      -13.398747       1.9641071    
    4:N:(Intercept)          1.3918724       0.8776783      -0.3283771       3.1121220    


                Real Function Parameters of { Phi(~1)p(~1)pent(~1)N(~1) }
                                                               95% Confidence Interval
  Parameter                  Estimate       Standard Error      Lower           Upper
 --------------------------  --------------  --------------  --------------  --------------
     1:Phi gF a0 t1           0.5838640       0.1931251       0.2280643       0.8695046                          
     2:p gF a0 t1             0.0729393       0.0126851       0.0516575       0.1020453                          
     3:N gF a0 t1             20.022375       3.5303511       16.914480       33.692571                          
     4:pent gF a0.005479452   0.0029754       0.0105506       0.2801950E-05   0.7606781                          
     5:pent gF a0.008219178   0.0029754       0.0105506       0.2801950E-05   0.7606781                          
     6:pent gF a0.010958904   0.0029754       0.0105506       0.2801950E-05   0.7606781                          
     7:pent gF a0.016438356   0.0029754       0.0105506       0.2801950E-05   0.7606781                          
     8:pent gF a0.024657534   0.0029754       0.0105506       0.2801950E-05   0.7606781                          
     9:pent gF a0.027397260   0.0029754       0.0105506       0.2801950E-05   0.7606781                          
    10:pent gF a0.030136986   0.0029754       0.0105506       0.2801950E-05   0.7606781                          
    11:pent gF a0.035616438   0.0029754       0.0105506       0.2801950E-05   0.7606781                          
    12:pent gF a0.041095890   0.0029754       0.0105506       0.2801950E-05   0.7606781                          
    13:pent gF a0.049315068   0.0029754       0.0105506       0.2801950E-05   0.7606781                          
    14:pent gF a0.052054794   0.0029754       0.0105506       0.2801950E-05   0.7606781                          
    15:pent gF a0.065753424   0.0029754       0.0105506       0.2801950E-05   0.7606781                          
    16:pent gF a0.071232876   0.0029754       0.0105506       0.2801950E-05   0.7606781                          
    17:pent gF a0.098630136   0.0029754       0.0105506       0.2801950E-05   0.7606781                          
    18:pent gF a0.101369863   0.0029754       0.0105506       0.2801950E-05   0.7606781                          
    19:pent gF a0.106849315   0.0029754       0.0105506       0.2801950E-05   0.7606781                          
    20:pent gF a0.109589041   0.0029754       0.0105506       0.2801950E-05   0.7606781                          
    21:pent gF a0.120547945   0.0029754       0.0105506       0.2801950E-05   0.7606781                          

  Program  MARK  - Survival Rate Estimation with Capture-Recapture Data
   gfortran(dble) Vers. 9.0 Mar 2018    25-Mar-2020 14:33:38    Page  010
 - - - - - - - - - - - - - - - - - - - - - - - - - - - - - - - - - - - - - -
 
    22:pent gF a0.350684931   0.0029754       0.0105506       0.2801950E-05   0.7606781                          
    23:pent gF a0.358904109   0.0029754       0.0105506       0.2801950E-05   0.7606781                          
    24:pent gF a0.613698630   0.0029754       0.0105506       0.2801950E-05   0.7606781                          
    25:pent gF a0.638356164   0.0029754       0.0105506       0.2801950E-05   0.7606781                          
    26:pent gF a0.646575342   0.0029754       0.0105506       0.2801950E-05   0.7606781                          
    27:pent gF a0.649315068   0.0029754       0.0105506       0.2801950E-05   0.7606781                          
    28:pent gF a0.652054794   0.0029754       0.0105506       0.2801950E-05   0.7606781                          
    29:pent gF a0.704109589   0.0029754       0.0105506       0.2801950E-05   0.7606781                          
    30:pent gF a0.706849315   0.0029754       0.0105506       0.2801950E-05   0.7606781                          
    31:pent gF a0.709589041   0.0029754       0.0105506       0.2801950E-05   0.7606781                          
    32:pent gF a0.827397260   0.0029754       0.0105506       0.2801950E-05   0.7606781                          
    33:pent gF a1.402739726   0.0029754       0.0105506       0.2801950E-05   0.7606781                          
    34:pent gF a1.405479452   0.0029754       0.0105506       0.2801950E-05   0.7606781                          
    35:pent gF a1.408219178   0.0029754       0.0105506       0.2801950E-05   0.7606781                          
    36:pent gM a0.005479452   0.0029754       0.0105506       0.2801950E-05   0.7606781                          
    37:pent gM a0.008219178   0.0029754       0.0105506       0.2801950E-05   0.7606781                          
    38:pent gM a0.010958904   0.0029754       0.0105506       0.2801950E-05   0.7606781                          
    39:pent gM a0.016438356   0.0029754       0.0105506       0.2801950E-05   0.7606781                          
    40:pent gM a0.024657534   0.0029754       0.0105506       0.2801950E-05   0.7606781                          
    41:pent gM a0.027397260   0.0029754       0.0105506       0.2801950E-05   0.7606781                          
    42:pent gM a0.030136986   0.0029754       0.0105506       0.2801950E-05   0.7606781                          
    43:pent gM a0.035616438   0.0029754       0.0105506       0.2801950E-05   0.7606781                          
    44:pent gM a0.041095890   0.0029754       0.0105506       0.2801950E-05   0.7606781                          
    45:pent gM a0.049315068   0.0029754       0.0105506       0.2801950E-05   0.7606781                          
    46:pent gM a0.052054794   0.0029754       0.0105506       0.2801950E-05   0.7606781                          
    47:pent gM a0.065753424   0.0029754       0.0105506       0.2801950E-05   0.7606781                          
    48:pent gM a0.071232876   0.0029754       0.0105506       0.2801950E-05   0.7606781                          
    49:pent gM a0.098630136   0.0029754       0.0105506       0.2801950E-05   0.7606781                          
    50:pent gM a0.101369863   0.0029754       0.0105506       0.2801950E-05   0.7606781                          
    51:pent gM a0.106849315   0.0029754       0.0105506       0.2801950E-05   0.7606781                          
    52:pent gM a0.109589041   0.0029754       0.0105506       0.2801950E-05   0.7606781                          
    53:pent gM a0.120547945   0.0029754       0.0105506       0.2801950E-05   0.7606781                          
    54:pent gM a0.350684931   0.0029754       0.0105506       0.2801950E-05   0.7606781                          
    55:pent gM a0.358904109   0.0029754       0.0105506       0.2801950E-05   0.7606781                          
    56:pent gM a0.613698630   0.0029754       0.0105506       0.2801950E-05   0.7606781                          
    57:pent gM a0.638356164   0.0029754       0.0105506       0.2801950E-05   0.7606781                          
    58:pent gM a0.646575342   0.0029754       0.0105506       0.2801950E-05   0.7606781                          
    59:pent gM a0.649315068   0.0029754       0.0105506       0.2801950E-05   0.7606781                          
    60:pent gM a0.652054794   0.0029754       0.0105506       0.2801950E-05   0.7606781                          
    61:pent gM a0.704109589   0.0029754       0.0105506       0.2801950E-05   0.7606781                          
    62:pent gM a0.706849315   0.0029754       0.0105506       0.2801950E-05   0.7606781                          
    63:pent gM a0.709589041   0.0029754       0.0105506       0.2801950E-05   0.7606781                          
    64:pent gM a0.827397260   0.0029754       0.0105506       0.2801950E-05   0.7606781                          
    65:pent gM a1.402739726   0.0029754       0.0105506       0.2801950E-05   0.7606781                          
    66:pent gM a1.405479452   0.0029754       0.0105506       0.2801950E-05   0.7606781                          
    67:pent gM a1.408219178   0.0029754       0.0105506       0.2801950E-05   0.7606781                          

  Program  MARK  - Survival Rate Estimation with Capture-Recapture Data
   gfortran(dble) Vers. 9.0 Mar 2018    25-Mar-2020 14:33:38    Page  011
 - - - - - - - - - - - - - - - - - - - - - - - - - - - - - - - - - - - - - -
 


                      Estimates of Derived Parameters
    Gross Birth+Immigration Estimates of { Phi(~1)p(~1)pent(~1)N(~1) }
                                                95% Confidence Interval
 Grp. Occ.   B*-hat          Standard Error      Lower           Upper
 ---- ----   --------------  --------------  --------------  --------------
   1     1    0.0596625       0.2203592       0.0024055       1.4798095    
   1     2    0.0596186       0.2201788       0.0024039       1.4785839    
   1     3    0.0596186       0.2201788       0.0024039       1.4785839    
   1     4    0.0596625       0.2203592       0.0024055       1.4798095    
   1     5    0.0597065       0.2205398       0.0024070       1.4810357    
   1     6    0.0596186       0.2201788       0.0024039       1.4785839    
   1     7    0.0596186       0.2201788       0.0024039       1.4785839    
   1     8    0.0596625       0.2203592       0.0024055       1.4798095    
   1     9    0.0596625       0.2203592       0.0024055       1.4798095    
   1    10    0.0597065       0.2205398       0.0024070       1.4810357    
   1    11    0.0596186       0.2201788       0.0024039       1.4785839    
   1    12    0.0597945       0.2209011       0.0024101       1.4834903    
   1    13    0.0596625       0.2203592       0.0024055       1.4798095    
   1    14    0.0600149       0.2218062       0.0024179       1.4896387    
   1    15    0.0596186       0.2201788       0.0024039       1.4785839    
   1    16    0.0596625       0.2203592       0.0024055       1.4798095    
   1    17    0.0596186       0.2201788       0.0024039       1.4785839    
   1    18    0.0597505       0.2207204       0.0024086       1.4822627    
   1    19    0.0633394       0.2354921       0.0025350       1.5826250    
   1    20    0.0597065       0.2205398       0.0024070       1.4810357    
   1    21    0.0637518       0.2371936       0.0025494       1.5941884    
   1    22    0.0599707       0.2216250       0.0024163       1.4884077    
   1    23    0.0597065       0.2205398       0.0024070       1.4810357    
   1    24    0.0596186       0.2201788       0.0024039       1.4785839    
   1    25    0.0596186       0.2201788       0.0024039       1.4785839    
   1    26    0.0604129       0.2234417       0.0024319       1.5007487    
   1    27    0.0596186       0.2201788       0.0024039       1.4785839    
   1    28    0.0596186       0.2201788       0.0024039       1.4785839    
   1    29    0.0614829       0.2278422       0.0024696       1.5306450    
   1    30    0.0692714       0.2600435       0.0027428       1.7495125    
   1    31    0.0596186       0.2201788       0.0024039       1.4785839    
   1    32    0.0596186       0.2201788       0.0024039       1.4785839    
   2     1    0.0983998       0.3577126       0.0040382       2.3977603    
   2     2    0.0983273       0.3574193       0.0040356       2.3957707    
   2     3    0.0983273       0.3574193       0.0040356       2.3957707    
   2     4    0.0983998       0.3577126       0.0040382       2.3977603    
   2     5    0.0984723       0.3580060       0.0040408       2.3997510    
   2     6    0.0983273       0.3574193       0.0040356       2.3957707    

  Program  MARK  - Survival Rate Estimation with Capture-Recapture Data
   gfortran(dble) Vers. 9.0 Mar 2018    25-Mar-2020 14:33:38    Page  012
 - - - - - - - - - - - - - - - - - - - - - - - - - - - - - - - - - - - - - -
 
   2     7    0.0983273       0.3574193       0.0040356       2.3957707    
   2     8    0.0983998       0.3577126       0.0040382       2.3977603    
   2     9    0.0983998       0.3577126       0.0040382       2.3977603    
   2    10    0.0984723       0.3580060       0.0040408       2.3997510    
   2    11    0.0983273       0.3574193       0.0040356       2.3957707    
   2    12    0.0986175       0.3585934       0.0040460       2.4037357    
   2    13    0.0983998       0.3577126       0.0040382       2.3977603    
   2    14    0.0989809       0.3600647       0.0040590       2.4137168    
   2    15    0.0983273       0.3574193       0.0040356       2.3957707    
   2    16    0.0983998       0.3577126       0.0040382       2.3977603    
   2    17    0.0983273       0.3574193       0.0040356       2.3957707    
   2    18    0.0985449       0.3582996       0.0040434       2.4017428    
   2    19    0.1044641       0.3823124       0.0042550       2.5646757    
   2    20    0.0984723       0.3580060       0.0040408       2.3997510    
   2    21    0.1051442       0.3850786       0.0042793       2.5834491    
   2    22    0.0989082       0.3597701       0.0040564       2.4117184    
   2    23    0.0984723       0.3580060       0.0040408       2.3997510    
   2    24    0.0983273       0.3574193       0.0040356       2.3957707    
   2    25    0.0983273       0.3574193       0.0040356       2.3957707    
   2    26    0.0996374       0.3627232       0.0040825       2.4317527    
   2    27    0.0983273       0.3574193       0.0040356       2.3957707    
   2    28    0.0983273       0.3574193       0.0040356       2.3957707    
   2    29    0.1014021       0.3698766       0.0041456       2.4802870    
   2    30    0.1142475       0.4222267       0.0046030       2.8356404    
   2    31    0.0983273       0.3574193       0.0040356       2.3957707    
   2    32    0.0983273       0.3574193       0.0040356       2.3957707    

     Net Birth+Immigration Estimates of { Phi(~1)p(~1)pent(~1)N(~1) }
                                                95% Confidence Interval
 Grp. Occ.   B-hat           Standard Error      Lower           Upper
 ---- ----   --------------  --------------  --------------  --------------
   1     1    0.0595747       0.2199985       0.0024024       1.4773590    
   1     2    0.0595747       0.2199985       0.0024024       1.4773590    
   1     3    0.0595747       0.2199985       0.0024024       1.4773590    
   1     4    0.0595747       0.2199985       0.0024024       1.4773590    
   1     5    0.0595747       0.2199985       0.0024024       1.4773590    
   1     6    0.0595747       0.2199985       0.0024024       1.4773590    
   1     7    0.0595747       0.2199985       0.0024024       1.4773590    
   1     8    0.0595747       0.2199985       0.0024024       1.4773590    
   1     9    0.0595747       0.2199985       0.0024024       1.4773590    
   1    10    0.0595747       0.2199985       0.0024024       1.4773590    
   1    11    0.0595747       0.2199985       0.0024024       1.4773590    
   1    12    0.0595747       0.2199985       0.0024024       1.4773590    
   1    13    0.0595747       0.2199985       0.0024024       1.4773590    
   1    14    0.0595747       0.2199985       0.0024024       1.4773590    
   1    15    0.0595747       0.2199985       0.0024024       1.4773590    
   1    16    0.0595747       0.2199985       0.0024024       1.4773590    
   1    17    0.0595747       0.2199985       0.0024024       1.4773590    
   1    18    0.0595747       0.2199985       0.0024024       1.4773590    
   1    19    0.0595747       0.2199985       0.0024024       1.4773590    
   1    20    0.0595747       0.2199985       0.0024024       1.4773590    
   1    21    0.0595747       0.2199985       0.0024024       1.4773590    
   1    22    0.0595747       0.2199985       0.0024024       1.4773590    
   1    23    0.0595747       0.2199985       0.0024024       1.4773590    
   1    24    0.0595747       0.2199985       0.0024024       1.4773590    
   1    25    0.0595747       0.2199985       0.0024024       1.4773590    
   1    26    0.0595747       0.2199985       0.0024024       1.4773590    
   1    27    0.0595747       0.2199985       0.0024024       1.4773590    
   1    28    0.0595747       0.2199985       0.0024024       1.4773590    
   1    29    0.0595747       0.2199985       0.0024024       1.4773590    
   1    30    0.0595747       0.2199985       0.0024024       1.4773590    
   1    31    0.0595747       0.2199985       0.0024024       1.4773590    
   1    32    0.0595747       0.2199985       0.0024024       1.4773590    
   2     1    0.0982549       0.3571262       0.0040330       2.3937823    
   2     2    0.0982549       0.3571262       0.0040330       2.3937823    
   2     3    0.0982549       0.3571262       0.0040330       2.3937823    
   2     4    0.0982549       0.3571262       0.0040330       2.3937823    
   2     5    0.0982549       0.3571262       0.0040330       2.3937823    
   2     6    0.0982549       0.3571262       0.0040330       2.3937823    
   2     7    0.0982549       0.3571262       0.0040330       2.3937823    
   2     8    0.0982549       0.3571262       0.0040330       2.3937823    
   2     9    0.0982549       0.3571262       0.0040330       2.3937823    
   2    10    0.0982549       0.3571262       0.0040330       2.3937823    
   2    11    0.0982549       0.3571262       0.0040330       2.3937823    
   2    12    0.0982549       0.3571262       0.0040330       2.3937823    
   2    13    0.0982549       0.3571262       0.0040330       2.3937823    
   2    14    0.0982549       0.3571262       0.0040330       2.3937823    
   2    15    0.0982549       0.3571262       0.0040330       2.3937823    
   2    16    0.0982549       0.3571262       0.0040330       2.3937823    
   2    17    0.0982549       0.3571262       0.0040330       2.3937823    
   2    18    0.0982549       0.3571262       0.0040330       2.3937823    
   2    19    0.0982549       0.3571262       0.0040330       2.3937823    
   2    20    0.0982549       0.3571262       0.0040330       2.3937823    
   2    21    0.0982549       0.3571262       0.0040330       2.3937823    
   2    22    0.0982549       0.3571262       0.0040330       2.3937823    
   2    23    0.0982549       0.3571262       0.0040330       2.3937823    
   2    24    0.0982549       0.3571262       0.0040330       2.3937823    
   2    25    0.0982549       0.3571262       0.0040330       2.3937823    
   2    26    0.0982549       0.3571262       0.0040330       2.3937823    
   2    27    0.0982549       0.3571262       0.0040330       2.3937823    
   2    28    0.0982549       0.3571262       0.0040330       2.3937823    
   2    29    0.0982549       0.3571262       0.0040330       2.3937823    
   2    30    0.0982549       0.3571262       0.0040330       2.3937823    
   2    31    0.0982549       0.3571262       0.0040330       2.3937823    
   2    32    0.0982549       0.3571262       0.0040330       2.3937823    

          Population Estimates of { Phi(~1)p(~1)pent(~1)N(~1) }
                                                95% Confidence Interval
 Grp. Occ.   N-hat           Standard Error      Lower           Upper
 ---- ----   --------------  --------------  --------------  --------------
   1     1    18.115986       4.5008285       11.213465       29.267397    
   1     2    18.122225       4.3070729       11.446616       28.691017    
   1     3    18.155104       4.1132488       11.709919       28.147742    
   1     4    18.187934       3.9219375       11.976048       27.621877    
   1     5    18.193962       3.7361748       12.216016       27.097233    
   1     6    18.173249       3.5565156       12.428296       26.573793    
   1     7    18.206052       3.3743593       12.699280       26.100717    
   1     8    18.238807       3.1964005       12.970152       25.647662    
   1     9    18.244685       3.0264167       13.209735       25.198729    
   1    10    18.250546       2.8618168       13.446480       24.770974    
   1    11    18.229583       2.7065966       13.648423       24.348432    
   1    12    18.262303       2.5520520       13.905209       23.984661    
   1    13    18.187760       2.4183136       14.031163       23.575710    
   1    14    18.193789       2.2841207       14.238868       23.247209    
   1    15    17.987116       2.1845465       14.189231       22.801540    
   1    16    18.020193       2.0674052       14.401934       22.547483    
   1    17    18.026715       1.9684543       14.562702       22.314709    
   1    18    18.059734       1.8847775       14.727051       22.146592    
   1    19    18.013126       1.8243947       14.777348       21.957440    
   1    20    15.974653       2.1197651       12.330231       20.696248    

  Program  MARK  - Survival Rate Estimation with Capture-Recapture Data
   gfortran(dble) Vers. 9.0 Mar 2018    25-Mar-2020 14:33:38    Page  013
 - - - - - - - - - - - - - - - - - - - - - - - - - - - - - - - - - - - - - -
 
   1    21    15.963733       2.0434577       12.434140       20.495247    
   1    22    13.978059       2.5819268       9.7618706       20.015236    
   1    23    13.853399       2.5402251       9.6997768       19.785679    
   1    24    13.851841       2.4711321       9.7913009       19.596323    
   1    25    13.891010       2.4048267       9.9187458       19.454088    
   1    26    13.930121       2.3560683       10.023016       19.360269    
   1    27    13.604927       2.4203769       9.6258481       19.228855    
   1    28    13.644460       2.3978551       9.6939525       19.204889    
   1    29    13.683934       2.3940592       9.7366196       19.231527    
   1    30    12.902991       2.5702098       8.7655475       18.993359    
   1    31    9.5271678       3.3039564       4.9216168       18.442502    
   1    32    9.5727077       3.2424276       5.0177193       18.262627    
   1    33    9.6181806       3.1944146       5.1020737       18.131725    
   2     1    29.878218       8.7016905       17.079521       52.267735    
   2     2    29.888509       8.3616579       17.451718       51.188253    
   2     3    29.942734       8.0189706       17.875689       50.155679    
   2     4    29.996880       7.6776245       18.308636       49.146904    
   2     5    30.006821       7.3431198       18.704053       48.139798    
   2     6    29.972660       7.0165943       19.059322       47.134957    
   2     7    30.026761       6.6797894       19.517660       46.194390    
   2     8    30.080783       6.3448850       19.984521       45.277719    
   2     9    30.090478       6.0195276       20.408581       44.365497    
   2    10    30.100144       5.6969707       20.838983       43.477106    
   2    11    30.065571       5.3859873       21.221878       42.594653    
   2    12    30.119535       5.0610234       21.717589       41.771966    
   2    13    29.996594       4.7774707       21.996275       40.906727    
   2    14    30.006536       4.4698410       22.444592       40.116220    
   2    15    29.665676       4.2531989       22.430275       39.235021    
   2    16    29.720229       3.9451644       22.937800       38.508142    
   2    17    29.730986       3.6560279       23.384462       37.799950    
   2    18    29.785443       3.3638805       23.887711       37.139290    
   2    19    29.708575       3.1200380       24.195287       36.478154    
   2    20    26.346573       4.0455258       19.533505       35.535964    
   2    21    26.328564       3.8140841       19.849766       34.921987    
   2    22    23.053645       4.8575331       15.322427       34.685794    
   2    23    22.848046       4.7241764       15.299805       34.120253    
   2    24    22.845476       4.5304316       15.546137       33.572054    
   2    25    22.910076       4.3283096       15.871478       33.070115    
   2    26    22.974582       4.1458388       16.176016       32.630495    
   2    27    22.438247       4.2133142       15.578846       32.317857    
   2    28    22.503448       4.0692192       15.832988       31.984180    
   2    29    22.568552       3.9505680       16.055475       31.723731    
   2    30    21.280564       4.3203704       14.351967       31.554030    
   2    31    15.712907       5.7959368       7.8024526       31.643311    
   2    32    15.788015       5.6453048       7.9995696       31.159352    
   2    33    15.863012       5.5132489       8.1834230       30.749375    

       Gross Population Estimates of { Phi(~1)p(~1)pent(~1)N(~1) }
                                                95% Confidence Interval
 Grp. Occ.   N*-hat          Standard Error      Lower           Upper
 ---- ----   --------------  --------------  --------------  --------------

  Program  MARK  - Survival Rate Estimation with Capture-Recapture Data
   gfortran(dble) Vers. 9.0 Mar 2018    25-Mar-2020 14:33:38    Page  014
 - - - - - - - - - - - - - - - - - - - - - - - - - - - - - - - - - - - - - -
 
   1     0    20.045617       3.6123149       14.120496       28.456987    
   2     0    33.060708       3.6632443       26.624523       41.052770    

   CPU Time for the last procedure was 0.08 seconds.     


  INPUT --- proc stop;

     CPU Time in minutes for this job was 0.00

     Time Start = 14:33:37.890   Time End = 14:33:38.242

     Wall Clock Time in minutes for this job was 0.01


          E X E C U T I O N   S U C C E S S F U L 
