
   Program  MARK  - Survival Rate Estimation with Capture-Recapture Data
   gfortran(dble) Vers. 9.0 Mar 2018    25-Mar-2020 14:33:55    Page  001
 - - - - - - - - - - - - - - - - - - - - - - - - - - - - - - - - - - - - - -
 
   This version was compiled by GCC version 7.2.0 using the options: 
     -cpp -iprefix C:/Program Files/mingw-w64/x86_64-7.2.0-posix-seh-rt_v5-rev1/
     mingw64/bin/../lib/gcc/x86_64-w64-mingw32/7.2.0/ -D_MT -D_REENTRANT
     -U_REENTRANT -D IEEE -D DBLEPRECISION -m64 -mtune=core2 -march=nocona -mthreads
     -O2 -fimplicit-none -fbounds-check -funroll-loops -ftree-vectorize
     -ffpe-summary=invalid,zero,overflow,underflow -fno-unsafe-math-optimizations
     -frounding-math -fsignaling-nans -fopenmp.

   This problem will use 15 of 16 possible threads.


  INPUT --- proc title ;

   CPU Time for the last procedure was 0.01 seconds.     


  INPUT --- proc chmatrix occasions= 33 groups= 2 etype= POPAN Nodes= 
  INPUT --- 101 ICMeans NoHist hist= 41  ;

  INPUT ---    time interval 0.00547945205479452 0.00273972602739726 
  INPUT ---    0.00273972602739726 0.00547945205479452  
  INPUT ---    0.00821917808219178 0.00273972602739726 0.00273972602739726 
  INPUT ---    0.00547945205479452  0.00547945205479452 
  INPUT ---    0.00821917808219178 0.00273972602739726 0.0136986301369863 
  INPUT ---    0.00547945205479452  0.0273972602739726 0.00273972602739726 
  INPUT ---    0.00547945205479452 0.00273972602739726 0.010958904109589  
  INPUT ---    0.23013698630137 0.00821917808219178 0.254794520547945 
  INPUT ---    0.0246575342465753 0.00821917808219178  0.00273972602739726 
  INPUT ---    0.00273972602739726 0.0520547945205479 0.00273972602739726 
  INPUT ---    0.00273972602739726  0.117808219178082 0.575342465753425 
  INPUT ---    0.00273972602739726 0.00273972602739726 ;

  INPUT ---    glabel(1)=sexF;

  INPUT ---    glabel(2)=sexM;

   * *  WARNING  * *   At least a pair of the encounter histories are duplicates. 

      Number of unique encounter histories read was 38.

      Number of individual covariates read was 0.
      Time interval lengths vary and/or not equal to 1.

      Data type number is 19
      Data type is POPAN                                                                                               

   CPU Time for the last procedure was 0.01 seconds.     

  Program  MARK  - Survival Rate Estimation with Capture-Recapture Data
   gfortran(dble) Vers. 9.0 Mar 2018    25-Mar-2020 14:33:55    Page  002
 - - - - - - - - - - - - - - - - - - - - - - - - - - - - - - - - - - - - - -
 


  INPUT --- proc estimate link=Parm-Specific NOLOOP varest=2ndPart    ;


  INPUT --- model={ Phi(~sex)p(~sex)pent(~sex)N(~1) };

  INPUT ---    group=1 Phi    rows=1 cols=32 Square ;
  INPUT ---        1 1 1 1 1 1 1 1 1 1 1 1 1 1 1 1 1 1 1 1 1 1 1 1 1 1 1 1 1 
  INPUT ---       1 1 1 ;

  INPUT ---    group=2 Phi    rows=1 cols=32 Square ;
  INPUT ---        2 2 2 2 2 2 2 2 2 2 2 2 2 2 2 2 2 2 2 2 2 2 2 2 2 2 2 2 2 
  INPUT ---       2 2 2 ;

  INPUT ---    group=1 p    rows=1 cols=33 Square ;
  INPUT ---        3 3 3 3 3 3 3 3 3 3 3 3 3 3 3 3 3 3 3 3 3 3 3 3 3 3 3 3 3 
  INPUT ---       3 3 3 3 ;

  INPUT ---    group=2 p    rows=1 cols=33 Square ;
  INPUT ---        4 4 4 4 4 4 4 4 4 4 4 4 4 4 4 4 4 4 4 4 4 4 4 4 4 4 4 4 4 
  INPUT ---       4 4 4 4 ;

  INPUT ---    group=1 pent    rows=1 cols=32 Square ;
  INPUT ---        6 7 8 9 10 11 12 13 14 15 16 17 18 19 20 21 22 23 24 25 26 
  INPUT ---       27 28 29 30 31 32 33 34 35 36 37 ;

  INPUT ---    group=2 pent    rows=1 cols=32 Square ;
  INPUT ---        38 39 40 41 42 43 44 45 46 47 48 49 50 51 52 53 54 55 56 
  INPUT ---       57 58 59 60 61 62 63 64 65 66 67 68 69 ;

  INPUT ---    group=1 N    rows=1 cols=1 Square ;
  INPUT ---        5 ;

  INPUT ---    group=2 N    rows=1 cols=1 Square ;
  INPUT ---        5 ;

  INPUT ---    design matrix constraints=69 covariates=7;
  INPUT ---        1 0 0 0 0 0 0;
  INPUT ---        1 1 0 0 0 0 0;
  INPUT ---        0 0 1 0 0 0 0;
  INPUT ---        0 0 1 1 0 0 0;
  INPUT ---        0 0 0 0 0 0 1;
  INPUT ---        0 0 0 0 1 0 0;
  INPUT ---        0 0 0 0 1 0 0;
  INPUT ---        0 0 0 0 1 0 0;

  Program  MARK  - Survival Rate Estimation with Capture-Recapture Data
   gfortran(dble) Vers. 9.0 Mar 2018    25-Mar-2020 14:33:55    Page  003
 - - - - - - - - - - - - - - - - - - - - - - - - - - - - - - - - - - - - - -
 
  INPUT ---        0 0 0 0 1 0 0;
  INPUT ---        0 0 0 0 1 0 0;
  INPUT ---        0 0 0 0 1 0 0;
  INPUT ---        0 0 0 0 1 0 0;
  INPUT ---        0 0 0 0 1 0 0;
  INPUT ---        0 0 0 0 1 0 0;
  INPUT ---        0 0 0 0 1 0 0;
  INPUT ---        0 0 0 0 1 0 0;
  INPUT ---        0 0 0 0 1 0 0;
  INPUT ---        0 0 0 0 1 0 0;
  INPUT ---        0 0 0 0 1 0 0;
  INPUT ---        0 0 0 0 1 0 0;
  INPUT ---        0 0 0 0 1 0 0;
  INPUT ---        0 0 0 0 1 0 0;
  INPUT ---        0 0 0 0 1 0 0;
  INPUT ---        0 0 0 0 1 0 0;
  INPUT ---        0 0 0 0 1 0 0;
  INPUT ---        0 0 0 0 1 0 0;
  INPUT ---        0 0 0 0 1 0 0;
  INPUT ---        0 0 0 0 1 0 0;
  INPUT ---        0 0 0 0 1 0 0;
  INPUT ---        0 0 0 0 1 0 0;
  INPUT ---        0 0 0 0 1 0 0;
  INPUT ---        0 0 0 0 1 0 0;
  INPUT ---        0 0 0 0 1 0 0;
  INPUT ---        0 0 0 0 1 0 0;
  INPUT ---        0 0 0 0 1 0 0;
  INPUT ---        0 0 0 0 1 0 0;
  INPUT ---        0 0 0 0 1 0 0;
  INPUT ---        0 0 0 0 1 1 0;
  INPUT ---        0 0 0 0 1 1 0;
  INPUT ---        0 0 0 0 1 1 0;
  INPUT ---        0 0 0 0 1 1 0;
  INPUT ---        0 0 0 0 1 1 0;
  INPUT ---        0 0 0 0 1 1 0;
  INPUT ---        0 0 0 0 1 1 0;
  INPUT ---        0 0 0 0 1 1 0;
  INPUT ---        0 0 0 0 1 1 0;
  INPUT ---        0 0 0 0 1 1 0;
  INPUT ---        0 0 0 0 1 1 0;
  INPUT ---        0 0 0 0 1 1 0;
  INPUT ---        0 0 0 0 1 1 0;
  INPUT ---        0 0 0 0 1 1 0;
  INPUT ---        0 0 0 0 1 1 0;
  INPUT ---        0 0 0 0 1 1 0;
  INPUT ---        0 0 0 0 1 1 0;

  Program  MARK  - Survival Rate Estimation with Capture-Recapture Data
   gfortran(dble) Vers. 9.0 Mar 2018    25-Mar-2020 14:33:55    Page  004
 - - - - - - - - - - - - - - - - - - - - - - - - - - - - - - - - - - - - - -
 
  INPUT ---        0 0 0 0 1 1 0;
  INPUT ---        0 0 0 0 1 1 0;
  INPUT ---        0 0 0 0 1 1 0;
  INPUT ---        0 0 0 0 1 1 0;
  INPUT ---        0 0 0 0 1 1 0;
  INPUT ---        0 0 0 0 1 1 0;
  INPUT ---        0 0 0 0 1 1 0;
  INPUT ---        0 0 0 0 1 1 0;
  INPUT ---        0 0 0 0 1 1 0;
  INPUT ---        0 0 0 0 1 1 0;
  INPUT ---        0 0 0 0 1 1 0;
  INPUT ---        0 0 0 0 1 1 0;
  INPUT ---        0 0 0 0 1 1 0;
  INPUT ---        0 0 0 0 1 1 0;
  INPUT ---        0 0 0 0 1 1 0;

  INPUT ---    links=69;

  INPUT ---    Logit;

  INPUT ---    Logit;

  INPUT ---    Logit;

  INPUT ---    Logit;

  INPUT ---    Log;

  INPUT ---    mlogit(1);

  INPUT ---    mlogit(1);

  INPUT ---    mlogit(1);

  INPUT ---    mlogit(1);

  INPUT ---    mlogit(1);

  INPUT ---    mlogit(1);

  INPUT ---    mlogit(1);

  INPUT ---    mlogit(1);

  INPUT ---    mlogit(1);


  Program  MARK  - Survival Rate Estimation with Capture-Recapture Data
   gfortran(dble) Vers. 9.0 Mar 2018    25-Mar-2020 14:33:55    Page  005
 - - - - - - - - - - - - - - - - - - - - - - - - - - - - - - - - - - - - - -
 
  INPUT ---    mlogit(1);

  INPUT ---    mlogit(1);

  INPUT ---    mlogit(1);

  INPUT ---    mlogit(1);

  INPUT ---    mlogit(1);

  INPUT ---    mlogit(1);

  INPUT ---    mlogit(1);

  INPUT ---    mlogit(1);

  INPUT ---    mlogit(1);

  INPUT ---    mlogit(1);

  INPUT ---    mlogit(1);

  INPUT ---    mlogit(1);

  INPUT ---    mlogit(1);

  INPUT ---    mlogit(1);

  INPUT ---    mlogit(1);

  INPUT ---    mlogit(1);

  INPUT ---    mlogit(1);

  INPUT ---    mlogit(1);

  INPUT ---    mlogit(1);

  INPUT ---    mlogit(1);

  INPUT ---    mlogit(1);

  INPUT ---    mlogit(1);

  INPUT ---    mlogit(1);


  Program  MARK  - Survival Rate Estimation with Capture-Recapture Data
   gfortran(dble) Vers. 9.0 Mar 2018    25-Mar-2020 14:33:55    Page  006
 - - - - - - - - - - - - - - - - - - - - - - - - - - - - - - - - - - - - - -
 
  INPUT ---    mlogit(2);

  INPUT ---    mlogit(2);

  INPUT ---    mlogit(2);

  INPUT ---    mlogit(2);

  INPUT ---    mlogit(2);

  INPUT ---    mlogit(2);

  INPUT ---    mlogit(2);

  INPUT ---    mlogit(2);

  INPUT ---    mlogit(2);

  INPUT ---    mlogit(2);

  INPUT ---    mlogit(2);

  INPUT ---    mlogit(2);

  INPUT ---    mlogit(2);

  INPUT ---    mlogit(2);

  INPUT ---    mlogit(2);

  INPUT ---    mlogit(2);

  INPUT ---    mlogit(2);

  INPUT ---    mlogit(2);

  INPUT ---    mlogit(2);

  INPUT ---    mlogit(2);

  INPUT ---    mlogit(2);

  INPUT ---    mlogit(2);

  INPUT ---    mlogit(2);


  Program  MARK  - Survival Rate Estimation with Capture-Recapture Data
   gfortran(dble) Vers. 9.0 Mar 2018    25-Mar-2020 14:33:55    Page  007
 - - - - - - - - - - - - - - - - - - - - - - - - - - - - - - - - - - - - - -
 
  INPUT ---    mlogit(2);

  INPUT ---    mlogit(2);

  INPUT ---    mlogit(2);

  INPUT ---    mlogit(2);

  INPUT ---    mlogit(2);

  INPUT ---    mlogit(2);

  INPUT ---    mlogit(2);

  INPUT ---    mlogit(2);

  INPUT ---    mlogit(2);
  INPUT ---       blabel(1)=Phi:(Intercept);
  INPUT ---       blabel(2)=Phi:sexM;
  INPUT ---       blabel(3)=p:(Intercept);
  INPUT ---       blabel(4)=p:sexM;
  INPUT ---       blabel(5)=pent:(Intercept);
  INPUT ---       blabel(6)=pent:sexM;
  INPUT ---       blabel(7)=N:(Intercept);
  INPUT ---       rlabel(1)=Phi gF a0 t1;
  INPUT ---       rlabel(2)=Phi gM a0 t1;
  INPUT ---       rlabel(3)=p gF a0 t1;
  INPUT ---       rlabel(4)=p gM a0 t1;
  INPUT ---       rlabel(5)=N gF a0 t1;
  INPUT ---       rlabel(6)=pent gF a0.00547945205479452 t1.00547945205479;
  INPUT ---       rlabel(7)=pent gF a0.00821917808219178 t1.00821917808219;
  INPUT ---       rlabel(8)=pent gF a0.010958904109589 t1.01095890410959;
  INPUT ---       rlabel(9)=pent gF a0.0164383561643836 t1.01643835616438;
  INPUT ---       rlabel(10)=pent gF a0.0246575342465753 t1.02465753424658;
  INPUT ---       rlabel(11)=pent gF a0.0273972602739726 t1.02739726027397;
  INPUT ---       rlabel(12)=pent gF a0.0301369863013699 t1.03013698630137;
  INPUT ---       rlabel(13)=pent gF a0.0356164383561644 t1.03561643835616;
  INPUT ---       rlabel(14)=pent gF a0.0410958904109589 t1.04109589041096;
  INPUT ---       rlabel(15)=pent gF a0.0493150684931507 t1.04931506849315;
  INPUT ---       rlabel(16)=pent gF a0.0520547945205479 t1.05205479452055;
  INPUT ---       rlabel(17)=pent gF a0.0657534246575342 t1.06575342465753;
  INPUT ---       rlabel(18)=pent gF a0.0712328767123288 t1.07123287671233;
  INPUT ---       rlabel(19)=pent gF a0.0986301369863014 t1.0986301369863;
  INPUT ---       rlabel(20)=pent gF a0.101369863013699 t1.1013698630137;
  INPUT ---       rlabel(21)=pent gF a0.106849315068493 t1.10684931506849;
  INPUT ---       rlabel(22)=pent gF a0.10958904109589 t1.10958904109589;

  Program  MARK  - Survival Rate Estimation with Capture-Recapture Data
   gfortran(dble) Vers. 9.0 Mar 2018    25-Mar-2020 14:33:55    Page  008
 - - - - - - - - - - - - - - - - - - - - - - - - - - - - - - - - - - - - - -
 
  INPUT ---       rlabel(23)=pent gF a0.120547945205479 t1.12054794520548;
  INPUT ---       rlabel(24)=pent gF a0.350684931506849 t1.35068493150685;
  INPUT ---       rlabel(25)=pent gF a0.358904109589041 t1.35890410958904;
  INPUT ---       rlabel(26)=pent gF a0.613698630136986 t1.61369863013699;
  INPUT ---       rlabel(27)=pent gF a0.638356164383562 t1.63835616438356;
  INPUT ---       rlabel(28)=pent gF a0.646575342465753 t1.64657534246575;
  INPUT ---       rlabel(29)=pent gF a0.649315068493151 t1.64931506849315;
  INPUT ---       rlabel(30)=pent gF a0.652054794520548 t1.65205479452055;
  INPUT ---       rlabel(31)=pent gF a0.704109589041096 t1.7041095890411;
  INPUT ---       rlabel(32)=pent gF a0.706849315068493 t1.70684931506849;
  INPUT ---       rlabel(33)=pent gF a0.70958904109589 t1.70958904109589;
  INPUT ---       rlabel(34)=pent gF a0.827397260273973 t1.82739726027397;
  INPUT ---       rlabel(35)=pent gF a1.4027397260274 t2.4027397260274;
  INPUT ---       rlabel(36)=pent gF a1.40547945205479 t2.40547945205479;
  INPUT ---       rlabel(37)=pent gF a1.40821917808219 t2.40821917808219;
  INPUT ---       rlabel(38)=pent gM a0.00547945205479452 t1.00547945205479;
  INPUT ---       rlabel(39)=pent gM a0.00821917808219178 t1.00821917808219;
  INPUT ---       rlabel(40)=pent gM a0.010958904109589 t1.01095890410959;
  INPUT ---       rlabel(41)=pent gM a0.0164383561643836 t1.01643835616438;
  INPUT ---       rlabel(42)=pent gM a0.0246575342465753 t1.02465753424658;
  INPUT ---       rlabel(43)=pent gM a0.0273972602739726 t1.02739726027397;
  INPUT ---       rlabel(44)=pent gM a0.0301369863013699 t1.03013698630137;
  INPUT ---       rlabel(45)=pent gM a0.0356164383561644 t1.03561643835616;
  INPUT ---       rlabel(46)=pent gM a0.0410958904109589 t1.04109589041096;
  INPUT ---       rlabel(47)=pent gM a0.0493150684931507 t1.04931506849315;
  INPUT ---       rlabel(48)=pent gM a0.0520547945205479 t1.05205479452055;
  INPUT ---       rlabel(49)=pent gM a0.0657534246575342 t1.06575342465753;
  INPUT ---       rlabel(50)=pent gM a0.0712328767123288 t1.07123287671233;
  INPUT ---       rlabel(51)=pent gM a0.0986301369863014 t1.0986301369863;
  INPUT ---       rlabel(52)=pent gM a0.101369863013699 t1.1013698630137;
  INPUT ---       rlabel(53)=pent gM a0.106849315068493 t1.10684931506849;
  INPUT ---       rlabel(54)=pent gM a0.10958904109589 t1.10958904109589;
  INPUT ---       rlabel(55)=pent gM a0.120547945205479 t1.12054794520548;
  INPUT ---       rlabel(56)=pent gM a0.350684931506849 t1.35068493150685;
  INPUT ---       rlabel(57)=pent gM a0.358904109589041 t1.35890410958904;
  INPUT ---       rlabel(58)=pent gM a0.613698630136986 t1.61369863013699;
  INPUT ---       rlabel(59)=pent gM a0.638356164383562 t1.63835616438356;
  INPUT ---       rlabel(60)=pent gM a0.646575342465753 t1.64657534246575;
  INPUT ---       rlabel(61)=pent gM a0.649315068493151 t1.64931506849315;
  INPUT ---       rlabel(62)=pent gM a0.652054794520548 t1.65205479452055;
  INPUT ---       rlabel(63)=pent gM a0.704109589041096 t1.7041095890411;
  INPUT ---       rlabel(64)=pent gM a0.706849315068493 t1.70684931506849;
  INPUT ---       rlabel(65)=pent gM a0.70958904109589 t1.70958904109589;
  INPUT ---       rlabel(66)=pent gM a0.827397260273973 t1.82739726027397;
  INPUT ---       rlabel(67)=pent gM a1.4027397260274 t2.4027397260274;
  INPUT ---       rlabel(68)=pent gM a1.40547945205479 t2.40547945205479;

  Program  MARK  - Survival Rate Estimation with Capture-Recapture Data
   gfortran(dble) Vers. 9.0 Mar 2018    25-Mar-2020 14:33:55    Page  009
 - - - - - - - - - - - - - - - - - - - - - - - - - - - - - - - - - - - - - -
 
  INPUT ---       rlabel(69)=pent gM a1.40821917808219 t2.40821917808219;

 Link Function Used is PARM-SPECIFIC

 Variance Estimation Procedure Used is 2ndPart 

 M(t+1):
      16     29



 Group: 1

 U(t)+UL(t):
       0    2    2    0    1    0    3    1    1    0    0    0    0    0    1
       0    0    0    2    1    1    0    0    0    1    0    0    0    0    0
       0    0    0

 U(t):
       0    2    2    0    1    0    3    1    1    0    0    0    0    0    1
       0    0    0    2    1    1    0    0    0    1    0    0    0    0    0
       0    0    0

 UL(t):
       0    0    0    0    0    0    0    0    0    0    0    0    0    0    0
       0    0    0    0    0    0    0    0    0    0    0    0    0    0    0
       0    0    0

 Not Released(t):
       0    0    0    0    0    0    0    0    0    0    0    0    0    0    0
       0    0    0    0    0    0    0    0    0    0    0    0    0    0    0
       0    0    0

 Group: 2

 U(t)+UL(t):
       3    0    1    1    1    1    1    0    1    1    2    1    3    3    1
       1    0    2    3    1    0    0    1    0    0    0    0    0    0    1
       0    0    0

 U(t):
       3    0    1    1    1    1    1    0    1    1    2    1    3    3    1
       1    0    2    3    1    0    0    1    0    0    0    0    0    0    1
       0    0    0

 UL(t):
       0    0    0    0    0    0    0    0    0    0    0    0    0    0    0
       0    0    0    0    0    0    0    0    0    0    0    0    0    0    0
       0    0    0

 Not Released(t):
       0    0    0    0    0    0    0    0    0    0    0    0    0    0    0
       0    0    0    0    0    0    0    0    0    0    0    0    0    0    0
       0    0    0
 -2logL(saturated) = 272.93564     
 Effective Sample Size = 103

 Number of function evaluations was 32 for 7 parameters.
 Time for numerical optimization was 0.03 seconds.     
 -2logL { Phi(~sex)p(~sex)pent(~sex)N(~1) } = 552.89274     
 Penalty { Phi(~sex)p(~sex)pent(~sex)N(~1) } = 0.0000000     
 Gradient { Phi(~sex)p(~sex)pent(~sex)N(~1) }:
 -0.6077923E-05   0.000000      0.8460457E-05   0.000000     -0.2563663E-05
   0.000000      0.5410746E-05
 Maximum ABS(G) { Phi(~sex)p(~sex)pent(~sex)N(~1) } = 0.8460457E-05 
 S Vector { Phi(~sex)p(~sex)pent(~sex)N(~1) }:
   125.7895      11.84339      6.081326      3.439690     0.7460317    
  0.4804284     0.7587337E-01
 Time to compute number of parameters was 0.02 seconds.     
 Ratio Threshold = 50.000000       Max Gap (1/2) = 10.621080       Next Max Gap (1/2) = 10.621080     
 Gap Method for Num. of Estimated Parameters { Phi(~sex)p(~sex)pent(~sex)N(~1) } = 7          
 Threshold { Phi(~sex)p(~sex)pent(~sex)N(~1) } = 0.1692091E-04                 
 Numerical Threshold Method for Num. of Estimated Parameters { Phi(~sex)p(~sex)pent(~sex)N(~1) } = 7          
 Number of Estimated Parameters { Phi(~sex)p(~sex)pent(~sex)N(~1) } = 7          
 DEVIANCE { Phi(~sex)p(~sex)pent(~sex)N(~1) } = 279.95710                     
 DEVIANCE Degrees of Freedom { Phi(~sex)p(~sex)pent(~sex)N(~1) } = 34            
 c-hat { Phi(~sex)p(~sex)pent(~sex)N(~1) } = 8.2340323                     
 AIC { Phi(~sex)p(~sex)pent(~sex)N(~1) } = 566.89274                  
 AICc { Phi(~sex)p(~sex)pent(~sex)N(~1) } = 568.07169                    
 BIC { Phi(~sex)p(~sex)pent(~sex)N(~1) } = 585.33584                    
 Pearson Chisquare { Phi(~sex)p(~sex)pent(~sex)N(~1) } = 20321225.                  


             PARM-SPECIFIC Link Function Parameters of { Phi(~sex)p(~sex)pent(~sex)N(~1) }
                                                              95% Confidence Interval
 Parameter                    Beta         Standard Error      Lower           Upper
 -------------------------  --------------  --------------  --------------  --------------
    1:Phi:(Intercept)       -1.5105269       1.1148635      -3.6956594       0.6746057    
    2:Phi:sexM               2.4685496       1.3904091      -0.2566524       5.1937516    
    3:p:(Intercept)         -2.6070838       0.3557897      -3.3044316      -1.9097359    
    4:p:sexM                 0.1726235       0.4058631      -0.6228682       0.9681152    
    5:pent:(Intercept)      -4.9519488       2.6395769      -10.125520       0.2216220    
    6:pent:sexM              0.5508095       2.5181371      -4.3847393       5.4863583    
    7:N:(Intercept)          1.8200897       0.6111078       0.6223184       3.0178611    


             Real Function Parameters of { Phi(~sex)p(~sex)pent(~sex)N(~1) }
                                                               95% Confidence Interval
  Parameter                  Estimate       Standard Error      Lower           Upper
 --------------------------  --------------  --------------  --------------  --------------
     1:Phi gF a0 t1           0.1808607       0.1651672       0.0242294       0.6625337                          
     2:Phi gM a0 t1           0.7227257       0.2086539       0.2529816       0.9525207                          
     3:p gF a0 t1             0.0686839       0.0227586       0.0354195       0.1290105                          
     4:p gM a0 t1             0.0805824       0.0148966       0.0558010       0.1150285                          
     5:N gF a0 t1             22.172412       3.7720093       18.046202       34.619216                          

  Program  MARK  - Survival Rate Estimation with Capture-Recapture Data
   gfortran(dble) Vers. 9.0 Mar 2018    25-Mar-2020 14:33:55    Page  010
 - - - - - - - - - - - - - - - - - - - - - - - - - - - - - - - - - - - - - -
 
     6:pent gF a0.005479452   0.0057653       0.0124105       0.8324248E-04   0.2877065                          
     7:pent gF a0.008219178   0.0057653       0.0124105       0.8324248E-04   0.2877065                          
     8:pent gF a0.010958904   0.0057653       0.0124105       0.8324248E-04   0.2877065                          
     9:pent gF a0.016438356   0.0057653       0.0124105       0.8324248E-04   0.2877065                          
    10:pent gF a0.024657534   0.0057653       0.0124105       0.8324248E-04   0.2877065                          
    11:pent gF a0.027397260   0.0057653       0.0124105       0.8324248E-04   0.2877065                          
    12:pent gF a0.030136986   0.0057653       0.0124105       0.8324248E-04   0.2877065                          
    13:pent gF a0.035616438   0.0057653       0.0124105       0.8324248E-04   0.2877065                          
    14:pent gF a0.041095890   0.0057653       0.0124105       0.8324248E-04   0.2877065                          
    15:pent gF a0.049315068   0.0057653       0.0124105       0.8324248E-04   0.2877065                          
    16:pent gF a0.052054794   0.0057653       0.0124105       0.8324248E-04   0.2877065                          
    17:pent gF a0.065753424   0.0057653       0.0124105       0.8324248E-04   0.2877065                          
    18:pent gF a0.071232876   0.0057653       0.0124105       0.8324248E-04   0.2877065                          
    19:pent gF a0.098630136   0.0057653       0.0124105       0.8324248E-04   0.2877065                          
    20:pent gF a0.101369863   0.0057653       0.0124105       0.8324248E-04   0.2877065                          
    21:pent gF a0.106849315   0.0057653       0.0124105       0.8324248E-04   0.2877065                          
    22:pent gF a0.109589041   0.0057653       0.0124105       0.8324248E-04   0.2877065                          
    23:pent gF a0.120547945   0.0057653       0.0124105       0.8324248E-04   0.2877065                          
    24:pent gF a0.350684931   0.0057653       0.0124105       0.8324248E-04   0.2877065                          
    25:pent gF a0.358904109   0.0057653       0.0124105       0.8324248E-04   0.2877065                          
    26:pent gF a0.613698630   0.0057653       0.0124105       0.8324248E-04   0.2877065                          
    27:pent gF a0.638356164   0.0057653       0.0124105       0.8324248E-04   0.2877065                          
    28:pent gF a0.646575342   0.0057653       0.0124105       0.8324248E-04   0.2877065                          
    29:pent gF a0.649315068   0.0057653       0.0124105       0.8324248E-04   0.2877065                          
    30:pent gF a0.652054794   0.0057653       0.0124105       0.8324248E-04   0.2877065                          
    31:pent gF a0.704109589   0.0057653       0.0124105       0.8324248E-04   0.2877065                          
    32:pent gF a0.706849315   0.0057653       0.0124105       0.8324248E-04   0.2877065                          
    33:pent gF a0.709589041   0.0057653       0.0124105       0.8324248E-04   0.2877065                          
    34:pent gF a0.827397260   0.0057653       0.0124105       0.8324248E-04   0.2877065                          
    35:pent gF a1.402739726   0.0057653       0.0124105       0.8324248E-04   0.2877065                          
    36:pent gF a1.405479452   0.0057653       0.0124105       0.8324248E-04   0.2877065                          
    37:pent gF a1.408219178   0.0057653       0.0124105       0.8324248E-04   0.2877065                          
    38:pent gM a0.005479452   0.0088072       0.0090702       0.0011581       0.0637519                          
    39:pent gM a0.008219178   0.0088072       0.0090702       0.0011581       0.0637519                          
    40:pent gM a0.010958904   0.0088072       0.0090702       0.0011581       0.0637519                          
    41:pent gM a0.016438356   0.0088072       0.0090702       0.0011581       0.0637519                          
    42:pent gM a0.024657534   0.0088072       0.0090702       0.0011581       0.0637519                          
    43:pent gM a0.027397260   0.0088072       0.0090702       0.0011581       0.0637519                          
    44:pent gM a0.030136986   0.0088072       0.0090702       0.0011581       0.0637519                          
    45:pent gM a0.035616438   0.0088072       0.0090702       0.0011581       0.0637519                          
    46:pent gM a0.041095890   0.0088072       0.0090702       0.0011581       0.0637519                          
    47:pent gM a0.049315068   0.0088072       0.0090702       0.0011581       0.0637519                          
    48:pent gM a0.052054794   0.0088072       0.0090702       0.0011581       0.0637519                          
    49:pent gM a0.065753424   0.0088072       0.0090702       0.0011581       0.0637519                          
    50:pent gM a0.071232876   0.0088072       0.0090702       0.0011581       0.0637519                          
    51:pent gM a0.098630136   0.0088072       0.0090702       0.0011581       0.0637519                          

  Program  MARK  - Survival Rate Estimation with Capture-Recapture Data
   gfortran(dble) Vers. 9.0 Mar 2018    25-Mar-2020 14:33:55    Page  011
 - - - - - - - - - - - - - - - - - - - - - - - - - - - - - - - - - - - - - -
 
    52:pent gM a0.101369863   0.0088072       0.0090702       0.0011581       0.0637519                          
    53:pent gM a0.106849315   0.0088072       0.0090702       0.0011581       0.0637519                          
    54:pent gM a0.109589041   0.0088072       0.0090702       0.0011581       0.0637519                          
    55:pent gM a0.120547945   0.0088072       0.0090702       0.0011581       0.0637519                          
    56:pent gM a0.350684931   0.0088072       0.0090702       0.0011581       0.0637519                          
    57:pent gM a0.358904109   0.0088072       0.0090702       0.0011581       0.0637519                          
    58:pent gM a0.613698630   0.0088072       0.0090702       0.0011581       0.0637519                          
    59:pent gM a0.638356164   0.0088072       0.0090702       0.0011581       0.0637519                          
    60:pent gM a0.646575342   0.0088072       0.0090702       0.0011581       0.0637519                          
    61:pent gM a0.649315068   0.0088072       0.0090702       0.0011581       0.0637519                          
    62:pent gM a0.652054794   0.0088072       0.0090702       0.0011581       0.0637519                          
    63:pent gM a0.704109589   0.0088072       0.0090702       0.0011581       0.0637519                          
    64:pent gM a0.706849315   0.0088072       0.0090702       0.0011581       0.0637519                          
    65:pent gM a0.709589041   0.0088072       0.0090702       0.0011581       0.0637519                          
    66:pent gM a0.827397260   0.0088072       0.0090702       0.0011581       0.0637519                          
    67:pent gM a1.402739726   0.0088072       0.0090702       0.0011581       0.0637519                          
    68:pent gM a1.405479452   0.0088072       0.0090702       0.0011581       0.0637519                          
    69:pent gM a1.408219178   0.0088072       0.0090702       0.0011581       0.0637519                          


                      Estimates of Derived Parameters
 Gross Birth+Immigration Estimates of { Phi(~sex)p(~sex)pent(~sex)N(~1) }
                                                95% Confidence Interval
 Grp. Occ.   B*-hat          Standard Error      Lower           Upper
 ---- ----   --------------  --------------  --------------  --------------
   1     1    0.1284313       0.2888640       0.0092505       1.7831039    
   1     2    0.1281311       0.2880958       0.0092325       1.7782360    
   1     3    0.1281311       0.2880958       0.0092325       1.7782360    
   1     4    0.1284313       0.2888640       0.0092505       1.7831039    
   1     5    0.1287319       0.2896336       0.0092685       1.7879809    
   1     6    0.1281311       0.2880958       0.0092325       1.7782360    
   1     7    0.1281311       0.2880958       0.0092325       1.7782360    
   1     8    0.1284313       0.2888640       0.0092505       1.7831039    
   1     9    0.1284313       0.2888640       0.0092505       1.7831039    
   1    10    0.1287319       0.2896336       0.0092685       1.7879809    
   1    11    0.1281311       0.2880958       0.0092325       1.7782360    
   1    12    0.1293345       0.2911770       0.0093046       1.7977624    
   1    13    0.1284313       0.2888640       0.0092505       1.7831039    
   1    14    0.1308493       0.2950599       0.0093952       1.8223759    
   1    15    0.1281311       0.2880958       0.0092325       1.7782360    
   1    16    0.1284313       0.2888640       0.0092505       1.7831039    
   1    17    0.1281311       0.2880958       0.0092325       1.7782360    
   1    18    0.1290330       0.2904046       0.0092865       1.7928671    
   1    19    0.1546305       0.3566128       0.0108031       2.2133141    
   1    20    0.1287319       0.2896336       0.0092685       1.7879809    

  Program  MARK  - Survival Rate Estimation with Capture-Recapture Data
   gfortran(dble) Vers. 9.0 Mar 2018    25-Mar-2020 14:33:55    Page  012
 - - - - - - - - - - - - - - - - - - - - - - - - - - - - - - - - - - - - - -
 
   1    21    0.1576958       0.3646177       0.0109829       2.2642457    
   1    22    0.1305454       0.2942806       0.0093770       1.8174349    
   1    23    0.1287319       0.2896336       0.0092685       1.7879809    
   1    24    0.1281311       0.2880958       0.0092325       1.7782360    
   1    25    0.1281311       0.2880958       0.0092325       1.7782360    
   1    26    0.1336053       0.3021375       0.0095597       1.8672562    
   1    27    0.1281311       0.2880958       0.0092325       1.7782360    
   1    28    0.1281311       0.2880958       0.0092325       1.7782360    
   1    29    0.1411397       0.3215655       0.0100075       1.9905546    
   1    30    0.2008638       0.4785806       0.0134896       2.9909230    
   1    31    0.1281311       0.2880958       0.0092325       1.7782360    
   1    32    0.1281311       0.2880958       0.0092325       1.7782360    
   2     1    0.3100454       0.3424666       0.0538574       1.7848661    
   2     2    0.3099076       0.3422581       0.0538441       1.7837193    
   2     3    0.3099076       0.3422581       0.0538441       1.7837193    
   2     4    0.3100454       0.3424666       0.0538574       1.7848661    
   2     5    0.3101833       0.3426752       0.0538706       1.7860136    
   2     6    0.3099076       0.3422581       0.0538441       1.7837193    
   2     7    0.3099076       0.3422581       0.0538441       1.7837193    
   2     8    0.3100454       0.3424666       0.0538574       1.7848661    
   2     9    0.3100454       0.3424666       0.0538574       1.7848661    
   2    10    0.3101833       0.3426752       0.0538706       1.7860136    
   2    11    0.3099076       0.3422581       0.0538441       1.7837193    
   2    12    0.3104593       0.3430926       0.0538972       1.7883107    
   2    13    0.3100454       0.3424666       0.0538574       1.7848661    
   2    14    0.3111498       0.3441383       0.0539636       1.7940652    
   2    15    0.3099076       0.3422581       0.0538441       1.7837193    
   2    16    0.3100454       0.3424666       0.0538574       1.7848661    
   2    17    0.3099076       0.3422581       0.0538441       1.7837193    
   2    18    0.3103213       0.3428838       0.0538839       1.7871618    
   2    19    0.3214887       0.3599448       0.0549397       1.8812431    
   2    20    0.3101833       0.3426752       0.0538706       1.7860136    
   2    21    0.3227614       0.3619094       0.0550577       1.8921029    
   2    22    0.3110116       0.3439290       0.0539503       1.7929130    
   2    23    0.3101833       0.3426752       0.0538706       1.7860136    
   2    24    0.3099076       0.3422581       0.0538441       1.7837193    
   2    25    0.3099076       0.3422581       0.0538441       1.7837193    
   2    26    0.3123952       0.3460277       0.0540829       1.8044668    
   2    27    0.3099076       0.3422581       0.0538441       1.7837193    
   2    28    0.3099076       0.3422581       0.0538441       1.7837193    
   2    29    0.3157327       0.3511107       0.0544002       1.8324764    
   2    30    0.3396072       0.3882786       0.0565812       2.0383623    
   2    31    0.3099076       0.3422581       0.0538441       1.7837193    
   2    32    0.3099076       0.3422581       0.0538441       1.7837193    

  Net Birth+Immigration Estimates of { Phi(~sex)p(~sex)pent(~sex)N(~1) }
                                                95% Confidence Interval
 Grp. Occ.   B-hat           Standard Error      Lower           Upper
 ---- ----   --------------  --------------  --------------  --------------
   1     1    0.1278315       0.2873290       0.0092146       1.7733772    
   1     2    0.1278315       0.2873290       0.0092146       1.7733772    
   1     3    0.1278315       0.2873290       0.0092146       1.7733772    
   1     4    0.1278315       0.2873290       0.0092146       1.7733772    
   1     5    0.1278315       0.2873290       0.0092146       1.7733772    
   1     6    0.1278315       0.2873290       0.0092146       1.7733772    
   1     7    0.1278315       0.2873290       0.0092146       1.7733772    
   1     8    0.1278315       0.2873290       0.0092146       1.7733772    
   1     9    0.1278315       0.2873290       0.0092146       1.7733772    
   1    10    0.1278315       0.2873290       0.0092146       1.7733772    
   1    11    0.1278315       0.2873290       0.0092146       1.7733772    
   1    12    0.1278315       0.2873290       0.0092146       1.7733772    
   1    13    0.1278315       0.2873290       0.0092146       1.7733772    
   1    14    0.1278315       0.2873290       0.0092146       1.7733772    
   1    15    0.1278315       0.2873290       0.0092146       1.7733772    
   1    16    0.1278315       0.2873290       0.0092146       1.7733772    
   1    17    0.1278315       0.2873290       0.0092146       1.7733772    
   1    18    0.1278315       0.2873290       0.0092146       1.7733772    
   1    19    0.1278315       0.2873290       0.0092146       1.7733772    
   1    20    0.1278315       0.2873290       0.0092146       1.7733772    
   1    21    0.1278315       0.2873290       0.0092146       1.7733772    
   1    22    0.1278315       0.2873290       0.0092146       1.7733772    
   1    23    0.1278315       0.2873290       0.0092146       1.7733772    
   1    24    0.1278315       0.2873290       0.0092146       1.7733772    
   1    25    0.1278315       0.2873290       0.0092146       1.7733772    
   1    26    0.1278315       0.2873290       0.0092146       1.7733772    
   1    27    0.1278315       0.2873290       0.0092146       1.7733772    
   1    28    0.1278315       0.2873290       0.0092146       1.7733772    
   1    29    0.1278315       0.2873290       0.0092146       1.7733772    
   1    30    0.1278315       0.2873290       0.0092146       1.7733772    
   1    31    0.1278315       0.2873290       0.0092146       1.7733772    
   1    32    0.1278315       0.2873290       0.0092146       1.7733772    
   2     1    0.3097698       0.3420498       0.0538308       1.7825732    
   2     2    0.3097698       0.3420498       0.0538308       1.7825732    
   2     3    0.3097698       0.3420498       0.0538308       1.7825732    
   2     4    0.3097698       0.3420498       0.0538308       1.7825732    
   2     5    0.3097698       0.3420498       0.0538308       1.7825732    
   2     6    0.3097698       0.3420498       0.0538308       1.7825732    
   2     7    0.3097698       0.3420498       0.0538308       1.7825732    
   2     8    0.3097698       0.3420498       0.0538308       1.7825732    
   2     9    0.3097698       0.3420498       0.0538308       1.7825732    
   2    10    0.3097698       0.3420498       0.0538308       1.7825732    
   2    11    0.3097698       0.3420498       0.0538308       1.7825732    
   2    12    0.3097698       0.3420498       0.0538308       1.7825732    
   2    13    0.3097698       0.3420498       0.0538308       1.7825732    
   2    14    0.3097698       0.3420498       0.0538308       1.7825732    
   2    15    0.3097698       0.3420498       0.0538308       1.7825732    
   2    16    0.3097698       0.3420498       0.0538308       1.7825732    
   2    17    0.3097698       0.3420498       0.0538308       1.7825732    
   2    18    0.3097698       0.3420498       0.0538308       1.7825732    
   2    19    0.3097698       0.3420498       0.0538308       1.7825732    
   2    20    0.3097698       0.3420498       0.0538308       1.7825732    
   2    21    0.3097698       0.3420498       0.0538308       1.7825732    
   2    22    0.3097698       0.3420498       0.0538308       1.7825732    
   2    23    0.3097698       0.3420498       0.0538308       1.7825732    
   2    24    0.3097698       0.3420498       0.0538308       1.7825732    
   2    25    0.3097698       0.3420498       0.0538308       1.7825732    
   2    26    0.3097698       0.3420498       0.0538308       1.7825732    
   2    27    0.3097698       0.3420498       0.0538308       1.7825732    
   2    28    0.3097698       0.3420498       0.0538308       1.7825732    
   2    29    0.3097698       0.3420498       0.0538308       1.7825732    
   2    30    0.3097698       0.3420498       0.0538308       1.7825732    
   2    31    0.3097698       0.3420498       0.0538308       1.7825732    
   2    32    0.3097698       0.3420498       0.0538308       1.7825732    

       Population Estimates of { Phi(~sex)p(~sex)pent(~sex)N(~1) }
                                                95% Confidence Interval
 Grp. Occ.   N-hat           Standard Error      Lower           Upper
 ---- ----   --------------  --------------  --------------  --------------
   1     1    18.081806       7.6276245       8.1801650       39.968838    
   1     2    18.041001       7.3393412       8.3780638       38.848801    

  Program  MARK  - Survival Rate Estimation with Capture-Recapture Data
   gfortran(dble) Vers. 9.0 Mar 2018    25-Mar-2020 14:33:55    Page  013
 - - - - - - - - - - - - - - - - - - - - - - - - - - - - - - - - - - - - - -
 
   1     3    18.084508       7.0669634       8.6380971       37.861283    
   1     4    18.127812       6.7978044       8.9039931       36.906763    
   1     5    18.086579       6.5232470       9.1135255       35.894378    
   1     6    17.961981       6.2464684       9.2627925       34.831047    
   1     7    18.005857       5.9880502       9.5438217       33.970762    
   1     8    18.049528       5.7338668       9.8294473       33.143824    
   1     9    18.009025       5.4809021       10.049501       32.272746    
   1    10    17.968900       5.2341583       10.270733       31.437032    
   1    11    17.845945       4.9935065       10.419169       30.566520    
   1    12    17.890363       4.7599328       10.715304       29.869905    
   1    13    17.603983       4.5411003       10.704314       28.950963    
   1    14    17.567635       4.3244278       10.920757       28.260111    
   1    15    16.891404       4.1587283       10.499497       27.174590    
   1    16    16.940284       3.9542365       10.785920       26.606280    
   1    17    16.910126       3.7679472       10.984238       26.032971    
   1    18    16.958918       3.5857198       11.256016       25.551219    
   1    19    16.771899       3.4445283       11.260715       24.980348    
   1    20    11.443225       4.0651913       5.8222885       22.490710    
   1    21    11.411347       3.9154743       5.9340958       21.944175    
   1    22    7.5087822       3.9905452       2.8249723       19.958358    
   1    23    7.3265873       3.8344070       2.7930967       19.218411    
   1    24    7.3521637       3.7011697       2.8964064       18.662544    
   1    25    7.4456308       3.5874319       3.0407402       18.231553    
   1    26    7.5386610       3.4937598       3.1756074       17.896233    
   1    27    7.0244375       3.4165108       2.8469068       17.332047    
   1    28    7.1194364       3.3571769       2.9581804       17.134308    
   1    29    7.2139913       3.3209666       3.0548417       17.035799    
   1    30    6.0255584       3.2198655       2.2562144       16.092156    
   1    31    2.3805966       2.2077033       0.5082983       11.149438    
   1    32    2.4973010       2.1536777       0.5790816       10.769661    
   1    33    2.6134599       2.1371983       0.6428255       10.625236    
   2     1    25.259780       8.6432984       13.157924       48.492182    
   2     2    25.524644       8.3183554       13.693745       47.577010    
   2     3    25.811716       7.9948761       14.261892       46.715028    
   2     4    26.098532       7.6732291       14.842898       45.889514    
   2     5    26.361906       7.3548434       15.414431       45.084379    
   2     6    26.601410       7.0406807       15.973969       44.299261    
   2     7    26.887524       6.7256278       16.590145       43.576409    
   2     8    27.173384       6.4133595       17.217060       42.887274    
   2     9    27.434846       6.1069042       17.828328       42.217689    
   2    10    27.695844       5.8043120       18.447421       41.580868    
   2    11    27.931793       5.5095134       19.045695       40.963854    
   2    12    28.216724       5.2124625       19.705111       40.404925    
   2    13    28.401256       4.9374347       20.251504       39.830689    
   2    14    28.660536       4.6563950       20.887635       39.325962    
   2    15    28.716456       4.4250306       21.268274       38.773002    

  Program  MARK  - Survival Rate Estimation with Capture-Recapture Data
   gfortran(dble) Vers. 9.0 Mar 2018    25-Mar-2020 14:33:55    Page  014
 - - - - - - - - - - - - - - - - - - - - - - - - - - - - - - - - - - - - - -
 
   2    16    29.000689       4.1545899       21.932249       38.347182    
   2    17    29.258903       3.9006676       22.556772       37.952390    
   2    18    29.542654       3.6530834       23.205541       37.610346    
   2    19    29.747479       3.4401407       23.732206       37.287412    
   2    20    27.915215       4.0762343       20.999048       37.109265    
   2    21    28.150579       3.9005486       21.483392       36.886872    
   2    22    26.224970       4.9894790       18.121854       37.951362    
   2    23    26.325597       4.9404064       18.281608       37.908977    
   2    24    26.565198       4.8259396       18.660834       37.817695    
   2    25    26.851344       4.7026369       19.099052       37.750287    
   2    26    27.137236       4.6007008       19.510839       37.744640    
   2    27    26.992146       4.7817868       19.125099       38.095277    
   2    28    27.277913       4.7192106       19.481880       38.193671    
   2    29    27.563425       4.6798703       19.807718       38.355878    
   2    30    26.838661       5.2386173       18.372282       39.206547    
   2    31    22.574751       7.6906986       11.791147       43.220511    
   2    32    22.864446       7.6248415       12.098905       43.209106    
   2    33    23.153883       7.5735551       12.394764       43.252319    

    Gross Population Estimates of { Phi(~sex)p(~sex)pent(~sex)N(~1) }
                                                95% Confidence Interval
 Grp. Occ.   N*-hat          Standard Error      Lower           Upper
 ---- ----   --------------  --------------  --------------  --------------
   1     0    22.340723       4.0480197       15.707430       31.775275    
   2     0    35.244511       3.8580196       28.457113       43.650794    

   CPU Time for the last procedure was 0.09 seconds.     

  Program  MARK  - Survival Rate Estimation with Capture-Recapture Data
   gfortran(dble) Vers. 9.0 Mar 2018    25-Mar-2020 14:33:55    Page  015
 - - - - - - - - - - - - - - - - - - - - - - - - - - - - - - - - - - - - - -
 


  INPUT --- proc stop;

     CPU Time in minutes for this job was 0.00

     Time Start = 14:33:55.637   Time End = 14:33:55.994

     Wall Clock Time in minutes for this job was 0.01


          E X E C U T I O N   S U C C E S S F U L 
