
   Program  MARK  - Survival Rate Estimation with Capture-Recapture Data
   gfortran(dble) Vers. 9.0 Mar 2018    25-Mar-2020 21:12:05    Page  001
 - - - - - - - - - - - - - - - - - - - - - - - - - - - - - - - - - - - - - -
 
   This version was compiled by GCC version 7.2.0 using the options: 
     -cpp -iprefix C:/Program Files/mingw-w64/x86_64-7.2.0-posix-seh-rt_v5-rev1/
     mingw64/bin/../lib/gcc/x86_64-w64-mingw32/7.2.0/ -D_MT -D_REENTRANT
     -U_REENTRANT -D IEEE -D DBLEPRECISION -m64 -mtune=core2 -march=nocona -mthreads
     -O2 -fimplicit-none -fbounds-check -funroll-loops -ftree-vectorize
     -ffpe-summary=invalid,zero,overflow,underflow -fno-unsafe-math-optimizations
     -frounding-math -fsignaling-nans -fopenmp.

   This problem will use 15 of 16 possible threads.


  INPUT --- proc title ;

   CPU Time for the last procedure was 0.01 seconds.     


  INPUT --- proc chmatrix occasions= 33 groups= 2 etype= POPAN Nodes= 
  INPUT --- 101 ICMeans NoHist hist= 41  ;

  INPUT ---    time interval 0.00547945205479452 0.00273972602739726 
  INPUT ---    0.00273972602739726 0.00547945205479452  
  INPUT ---    0.00821917808219178 0.00273972602739726 0.00273972602739726 
  INPUT ---    0.00547945205479452  0.00547945205479452 
  INPUT ---    0.00821917808219178 0.00273972602739726 0.0136986301369863 
  INPUT ---    0.00547945205479452  0.0273972602739726 0.00273972602739726 
  INPUT ---    0.00547945205479452 0.00273972602739726 0.010958904109589  
  INPUT ---    0.23013698630137 0.00821917808219178 0.254794520547945 
  INPUT ---    0.0246575342465753 0.00821917808219178  0.00273972602739726 
  INPUT ---    0.00273972602739726 0.0520547945205479 0.00273972602739726 
  INPUT ---    0.00273972602739726  0.117808219178082 0.575342465753425 
  INPUT ---    0.00273972602739726 0.00273972602739726 ;

  INPUT ---    glabel(1)=sexF;

  INPUT ---    glabel(2)=sexM;

   * *  WARNING  * *   At least a pair of the encounter histories are duplicates. 

      Number of unique encounter histories read was 38.

      Number of individual covariates read was 0.
      Time interval lengths vary and/or not equal to 1.

      Data type number is 19
      Data type is POPAN                                                                                               

   CPU Time for the last procedure was 0.02 seconds.     

  Program  MARK  - Survival Rate Estimation with Capture-Recapture Data
   gfortran(dble) Vers. 9.0 Mar 2018    25-Mar-2020 21:12:05    Page  002
 - - - - - - - - - - - - - - - - - - - - - - - - - - - - - - - - - - - - - -
 


  INPUT --- proc estimate link=Parm-Specific NOLOOP varest=2ndPart    ;


  INPUT --- model={ Phi(~1)p(~1)pent(~sex)N(~1) };

  INPUT ---    group=1 Phi    rows=1 cols=32 Square ;
  INPUT ---        1 1 1 1 1 1 1 1 1 1 1 1 1 1 1 1 1 1 1 1 1 1 1 1 1 1 1 1 1 
  INPUT ---       1 1 1 ;

  INPUT ---    group=2 Phi    rows=1 cols=32 Square ;
  INPUT ---        1 1 1 1 1 1 1 1 1 1 1 1 1 1 1 1 1 1 1 1 1 1 1 1 1 1 1 1 1 
  INPUT ---       1 1 1 ;

  INPUT ---    group=1 p    rows=1 cols=33 Square ;
  INPUT ---        2 2 2 2 2 2 2 2 2 2 2 2 2 2 2 2 2 2 2 2 2 2 2 2 2 2 2 2 2 
  INPUT ---       2 2 2 2 ;

  INPUT ---    group=2 p    rows=1 cols=33 Square ;
  INPUT ---        2 2 2 2 2 2 2 2 2 2 2 2 2 2 2 2 2 2 2 2 2 2 2 2 2 2 2 2 2 
  INPUT ---       2 2 2 2 ;

  INPUT ---    group=1 pent    rows=1 cols=32 Square ;
  INPUT ---        4 5 6 7 8 9 10 11 12 13 14 15 16 17 18 19 20 21 22 23 24 
  INPUT ---       25 26 27 28 29 30 31 32 33 34 35 ;

  INPUT ---    group=2 pent    rows=1 cols=32 Square ;
  INPUT ---        36 37 38 39 40 41 42 43 44 45 46 47 48 49 50 51 52 53 54 
  INPUT ---       55 56 57 58 59 60 61 62 63 64 65 66 67 ;

  INPUT ---    group=1 N    rows=1 cols=1 Square ;
  INPUT ---        3 ;

  INPUT ---    group=2 N    rows=1 cols=1 Square ;
  INPUT ---        3 ;

  INPUT ---    design matrix constraints=67 covariates=5;
  INPUT ---        1 0 0 0 0;
  INPUT ---        0 1 0 0 0;
  INPUT ---        0 0 0 0 1;
  INPUT ---        0 0 1 0 0;
  INPUT ---        0 0 1 0 0;
  INPUT ---        0 0 1 0 0;
  INPUT ---        0 0 1 0 0;
  INPUT ---        0 0 1 0 0;

  Program  MARK  - Survival Rate Estimation with Capture-Recapture Data
   gfortran(dble) Vers. 9.0 Mar 2018    25-Mar-2020 21:12:05    Page  003
 - - - - - - - - - - - - - - - - - - - - - - - - - - - - - - - - - - - - - -
 
  INPUT ---        0 0 1 0 0;
  INPUT ---        0 0 1 0 0;
  INPUT ---        0 0 1 0 0;
  INPUT ---        0 0 1 0 0;
  INPUT ---        0 0 1 0 0;
  INPUT ---        0 0 1 0 0;
  INPUT ---        0 0 1 0 0;
  INPUT ---        0 0 1 0 0;
  INPUT ---        0 0 1 0 0;
  INPUT ---        0 0 1 0 0;
  INPUT ---        0 0 1 0 0;
  INPUT ---        0 0 1 0 0;
  INPUT ---        0 0 1 0 0;
  INPUT ---        0 0 1 0 0;
  INPUT ---        0 0 1 0 0;
  INPUT ---        0 0 1 0 0;
  INPUT ---        0 0 1 0 0;
  INPUT ---        0 0 1 0 0;
  INPUT ---        0 0 1 0 0;
  INPUT ---        0 0 1 0 0;
  INPUT ---        0 0 1 0 0;
  INPUT ---        0 0 1 0 0;
  INPUT ---        0 0 1 0 0;
  INPUT ---        0 0 1 0 0;
  INPUT ---        0 0 1 0 0;
  INPUT ---        0 0 1 0 0;
  INPUT ---        0 0 1 0 0;
  INPUT ---        0 0 1 1 0;
  INPUT ---        0 0 1 1 0;
  INPUT ---        0 0 1 1 0;
  INPUT ---        0 0 1 1 0;
  INPUT ---        0 0 1 1 0;
  INPUT ---        0 0 1 1 0;
  INPUT ---        0 0 1 1 0;
  INPUT ---        0 0 1 1 0;
  INPUT ---        0 0 1 1 0;
  INPUT ---        0 0 1 1 0;
  INPUT ---        0 0 1 1 0;
  INPUT ---        0 0 1 1 0;
  INPUT ---        0 0 1 1 0;
  INPUT ---        0 0 1 1 0;
  INPUT ---        0 0 1 1 0;
  INPUT ---        0 0 1 1 0;
  INPUT ---        0 0 1 1 0;
  INPUT ---        0 0 1 1 0;
  INPUT ---        0 0 1 1 0;

  Program  MARK  - Survival Rate Estimation with Capture-Recapture Data
   gfortran(dble) Vers. 9.0 Mar 2018    25-Mar-2020 21:12:06    Page  004
 - - - - - - - - - - - - - - - - - - - - - - - - - - - - - - - - - - - - - -
 
  INPUT ---        0 0 1 1 0;
  INPUT ---        0 0 1 1 0;
  INPUT ---        0 0 1 1 0;
  INPUT ---        0 0 1 1 0;
  INPUT ---        0 0 1 1 0;
  INPUT ---        0 0 1 1 0;
  INPUT ---        0 0 1 1 0;
  INPUT ---        0 0 1 1 0;
  INPUT ---        0 0 1 1 0;
  INPUT ---        0 0 1 1 0;
  INPUT ---        0 0 1 1 0;
  INPUT ---        0 0 1 1 0;
  INPUT ---        0 0 1 1 0;

  INPUT ---    links=67;

  INPUT ---    Logit;

  INPUT ---    Logit;

  INPUT ---    Log;

  INPUT ---    mlogit(1);

  INPUT ---    mlogit(1);

  INPUT ---    mlogit(1);

  INPUT ---    mlogit(1);

  INPUT ---    mlogit(1);

  INPUT ---    mlogit(1);

  INPUT ---    mlogit(1);

  INPUT ---    mlogit(1);

  INPUT ---    mlogit(1);

  INPUT ---    mlogit(1);

  INPUT ---    mlogit(1);

  INPUT ---    mlogit(1);


  Program  MARK  - Survival Rate Estimation with Capture-Recapture Data
   gfortran(dble) Vers. 9.0 Mar 2018    25-Mar-2020 21:12:06    Page  005
 - - - - - - - - - - - - - - - - - - - - - - - - - - - - - - - - - - - - - -
 
  INPUT ---    mlogit(1);

  INPUT ---    mlogit(1);

  INPUT ---    mlogit(1);

  INPUT ---    mlogit(1);

  INPUT ---    mlogit(1);

  INPUT ---    mlogit(1);

  INPUT ---    mlogit(1);

  INPUT ---    mlogit(1);

  INPUT ---    mlogit(1);

  INPUT ---    mlogit(1);

  INPUT ---    mlogit(1);

  INPUT ---    mlogit(1);

  INPUT ---    mlogit(1);

  INPUT ---    mlogit(1);

  INPUT ---    mlogit(1);

  INPUT ---    mlogit(1);

  INPUT ---    mlogit(1);

  INPUT ---    mlogit(1);

  INPUT ---    mlogit(1);

  INPUT ---    mlogit(1);

  INPUT ---    mlogit(2);

  INPUT ---    mlogit(2);

  INPUT ---    mlogit(2);


  Program  MARK  - Survival Rate Estimation with Capture-Recapture Data
   gfortran(dble) Vers. 9.0 Mar 2018    25-Mar-2020 21:12:06    Page  006
 - - - - - - - - - - - - - - - - - - - - - - - - - - - - - - - - - - - - - -
 
  INPUT ---    mlogit(2);

  INPUT ---    mlogit(2);

  INPUT ---    mlogit(2);

  INPUT ---    mlogit(2);

  INPUT ---    mlogit(2);

  INPUT ---    mlogit(2);

  INPUT ---    mlogit(2);

  INPUT ---    mlogit(2);

  INPUT ---    mlogit(2);

  INPUT ---    mlogit(2);

  INPUT ---    mlogit(2);

  INPUT ---    mlogit(2);

  INPUT ---    mlogit(2);

  INPUT ---    mlogit(2);

  INPUT ---    mlogit(2);

  INPUT ---    mlogit(2);

  INPUT ---    mlogit(2);

  INPUT ---    mlogit(2);

  INPUT ---    mlogit(2);

  INPUT ---    mlogit(2);

  INPUT ---    mlogit(2);

  INPUT ---    mlogit(2);

  INPUT ---    mlogit(2);


  Program  MARK  - Survival Rate Estimation with Capture-Recapture Data
   gfortran(dble) Vers. 9.0 Mar 2018    25-Mar-2020 21:12:06    Page  007
 - - - - - - - - - - - - - - - - - - - - - - - - - - - - - - - - - - - - - -
 
  INPUT ---    mlogit(2);

  INPUT ---    mlogit(2);

  INPUT ---    mlogit(2);

  INPUT ---    mlogit(2);

  INPUT ---    mlogit(2);

  INPUT ---    mlogit(2);
  INPUT ---       blabel(1)=Phi:(Intercept);
  INPUT ---       blabel(2)=p:(Intercept);
  INPUT ---       blabel(3)=pent:(Intercept);
  INPUT ---       blabel(4)=pent:sexM;
  INPUT ---       blabel(5)=N:(Intercept);
  INPUT ---       rlabel(1)=Phi gF a0 t1;
  INPUT ---       rlabel(2)=p gF a0 t1;
  INPUT ---       rlabel(3)=N gF a0 t1;
  INPUT ---       rlabel(4)=pent gF a0.00547945205479452 t1.00547945205479;
  INPUT ---       rlabel(5)=pent gF a0.00821917808219178 t1.00821917808219;
  INPUT ---       rlabel(6)=pent gF a0.010958904109589 t1.01095890410959;
  INPUT ---       rlabel(7)=pent gF a0.0164383561643836 t1.01643835616438;
  INPUT ---       rlabel(8)=pent gF a0.0246575342465753 t1.02465753424658;
  INPUT ---       rlabel(9)=pent gF a0.0273972602739726 t1.02739726027397;
  INPUT ---       rlabel(10)=pent gF a0.0301369863013699 t1.03013698630137;
  INPUT ---       rlabel(11)=pent gF a0.0356164383561644 t1.03561643835616;
  INPUT ---       rlabel(12)=pent gF a0.0410958904109589 t1.04109589041096;
  INPUT ---       rlabel(13)=pent gF a0.0493150684931507 t1.04931506849315;
  INPUT ---       rlabel(14)=pent gF a0.0520547945205479 t1.05205479452055;
  INPUT ---       rlabel(15)=pent gF a0.0657534246575342 t1.06575342465753;
  INPUT ---       rlabel(16)=pent gF a0.0712328767123288 t1.07123287671233;
  INPUT ---       rlabel(17)=pent gF a0.0986301369863014 t1.0986301369863;
  INPUT ---       rlabel(18)=pent gF a0.101369863013699 t1.1013698630137;
  INPUT ---       rlabel(19)=pent gF a0.106849315068493 t1.10684931506849;
  INPUT ---       rlabel(20)=pent gF a0.10958904109589 t1.10958904109589;
  INPUT ---       rlabel(21)=pent gF a0.120547945205479 t1.12054794520548;
  INPUT ---       rlabel(22)=pent gF a0.350684931506849 t1.35068493150685;
  INPUT ---       rlabel(23)=pent gF a0.358904109589041 t1.35890410958904;
  INPUT ---       rlabel(24)=pent gF a0.613698630136986 t1.61369863013699;
  INPUT ---       rlabel(25)=pent gF a0.638356164383562 t1.63835616438356;
  INPUT ---       rlabel(26)=pent gF a0.646575342465753 t1.64657534246575;
  INPUT ---       rlabel(27)=pent gF a0.649315068493151 t1.64931506849315;
  INPUT ---       rlabel(28)=pent gF a0.652054794520548 t1.65205479452055;
  INPUT ---       rlabel(29)=pent gF a0.704109589041096 t1.7041095890411;
  INPUT ---       rlabel(30)=pent gF a0.706849315068493 t1.70684931506849;

  Program  MARK  - Survival Rate Estimation with Capture-Recapture Data
   gfortran(dble) Vers. 9.0 Mar 2018    25-Mar-2020 21:12:06    Page  008
 - - - - - - - - - - - - - - - - - - - - - - - - - - - - - - - - - - - - - -
 
  INPUT ---       rlabel(31)=pent gF a0.70958904109589 t1.70958904109589;
  INPUT ---       rlabel(32)=pent gF a0.827397260273973 t1.82739726027397;
  INPUT ---       rlabel(33)=pent gF a1.4027397260274 t2.4027397260274;
  INPUT ---       rlabel(34)=pent gF a1.40547945205479 t2.40547945205479;
  INPUT ---       rlabel(35)=pent gF a1.40821917808219 t2.40821917808219;
  INPUT ---       rlabel(36)=pent gM a0.00547945205479452 t1.00547945205479;
  INPUT ---       rlabel(37)=pent gM a0.00821917808219178 t1.00821917808219;
  INPUT ---       rlabel(38)=pent gM a0.010958904109589 t1.01095890410959;
  INPUT ---       rlabel(39)=pent gM a0.0164383561643836 t1.01643835616438;
  INPUT ---       rlabel(40)=pent gM a0.0246575342465753 t1.02465753424658;
  INPUT ---       rlabel(41)=pent gM a0.0273972602739726 t1.02739726027397;
  INPUT ---       rlabel(42)=pent gM a0.0301369863013699 t1.03013698630137;
  INPUT ---       rlabel(43)=pent gM a0.0356164383561644 t1.03561643835616;
  INPUT ---       rlabel(44)=pent gM a0.0410958904109589 t1.04109589041096;
  INPUT ---       rlabel(45)=pent gM a0.0493150684931507 t1.04931506849315;
  INPUT ---       rlabel(46)=pent gM a0.0520547945205479 t1.05205479452055;
  INPUT ---       rlabel(47)=pent gM a0.0657534246575342 t1.06575342465753;
  INPUT ---       rlabel(48)=pent gM a0.0712328767123288 t1.07123287671233;
  INPUT ---       rlabel(49)=pent gM a0.0986301369863014 t1.0986301369863;
  INPUT ---       rlabel(50)=pent gM a0.101369863013699 t1.1013698630137;
  INPUT ---       rlabel(51)=pent gM a0.106849315068493 t1.10684931506849;
  INPUT ---       rlabel(52)=pent gM a0.10958904109589 t1.10958904109589;
  INPUT ---       rlabel(53)=pent gM a0.120547945205479 t1.12054794520548;
  INPUT ---       rlabel(54)=pent gM a0.350684931506849 t1.35068493150685;
  INPUT ---       rlabel(55)=pent gM a0.358904109589041 t1.35890410958904;
  INPUT ---       rlabel(56)=pent gM a0.613698630136986 t1.61369863013699;
  INPUT ---       rlabel(57)=pent gM a0.638356164383562 t1.63835616438356;
  INPUT ---       rlabel(58)=pent gM a0.646575342465753 t1.64657534246575;
  INPUT ---       rlabel(59)=pent gM a0.649315068493151 t1.64931506849315;
  INPUT ---       rlabel(60)=pent gM a0.652054794520548 t1.65205479452055;
  INPUT ---       rlabel(61)=pent gM a0.704109589041096 t1.7041095890411;
  INPUT ---       rlabel(62)=pent gM a0.706849315068493 t1.70684931506849;
  INPUT ---       rlabel(63)=pent gM a0.70958904109589 t1.70958904109589;
  INPUT ---       rlabel(64)=pent gM a0.827397260273973 t1.82739726027397;
  INPUT ---       rlabel(65)=pent gM a1.4027397260274 t2.4027397260274;
  INPUT ---       rlabel(66)=pent gM a1.40547945205479 t2.40547945205479;
  INPUT ---       rlabel(67)=pent gM a1.40821917808219 t2.40821917808219;

 Link Function Used is PARM-SPECIFIC

 Variance Estimation Procedure Used is 2ndPart 

 M(t+1):
      16     29



 Group: 1

 U(t)+UL(t):
       0    2    2    0    1    0    3    1    1    0    0    0    0    0    1
       0    0    0    2    1    1    0    0    0    1    0    0    0    0    0
       0    0    0

 U(t):
       0    2    2    0    1    0    3    1    1    0    0    0    0    0    1
       0    0    0    2    1    1    0    0    0    1    0    0    0    0    0
       0    0    0

 UL(t):
       0    0    0    0    0    0    0    0    0    0    0    0    0    0    0
       0    0    0    0    0    0    0    0    0    0    0    0    0    0    0
       0    0    0

 Not Released(t):
       0    0    0    0    0    0    0    0    0    0    0    0    0    0    0
       0    0    0    0    0    0    0    0    0    0    0    0    0    0    0
       0    0    0

 Group: 2

 U(t)+UL(t):
       3    0    1    1    1    1    1    0    1    1    2    1    3    3    1
       1    0    2    3    1    0    0    1    0    0    0    0    0    0    1
       0    0    0

 U(t):
       3    0    1    1    1    1    1    0    1    1    2    1    3    3    1
       1    0    2    3    1    0    0    1    0    0    0    0    0    0    1
       0    0    0

 UL(t):
       0    0    0    0    0    0    0    0    0    0    0    0    0    0    0
       0    0    0    0    0    0    0    0    0    0    0    0    0    0    0
       0    0    0

 Not Released(t):
       0    0    0    0    0    0    0    0    0    0    0    0    0    0    0
       0    0    0    0    0    0    0    0    0    0    0    0    0    0    0
       0    0    0
 -2logL(saturated) = 272.93564     

  Program  MARK  - Survival Rate Estimation with Capture-Recapture Data
   gfortran(dble) Vers. 9.0 Mar 2018    25-Mar-2020 21:12:06    Page  009
 - - - - - - - - - - - - - - - - - - - - - - - - - - - - - - - - - - - - - -
 
 Effective Sample Size = 103

 Number of function evaluations was 35 for 5 parameters.
 Time for numerical optimization was 0.05 seconds.     
 -2logL { Phi(~1)p(~1)pent(~sex)N(~1) } = 560.08006     
 Penalty { Phi(~1)p(~1)pent(~sex)N(~1) } = 0.0000000     
 Gradient { Phi(~1)p(~1)pent(~sex)N(~1) }:
   0.000000      0.4305505E-05 -0.2423566E-05   0.000000       0.000000    
 Maximum ABS(G) { Phi(~1)p(~1)pent(~sex)N(~1) } = 0.4305505E-05 
 S Vector { Phi(~1)p(~1)pent(~sex)N(~1) }:
   85.04366      4.725936      2.765845     0.9820921E-01 0.7706826E-01
 Time to compute number of parameters was 0.02 seconds.     
 Ratio Threshold = 50.000000       Max Gap (3/4) = 28.162789       Next Max Gap (1/2) = 17.995093     
 Gap Method for Num. of Estimated Parameters { Phi(~1)p(~1)pent(~sex)N(~1) } = 5          
 Threshold { Phi(~1)p(~1)pent(~sex)N(~1) } = 0.8611009E-05                 
 Numerical Threshold Method for Num. of Estimated Parameters { Phi(~1)p(~1)pent(~sex)N(~1) } = 5          
 Number of Estimated Parameters { Phi(~1)p(~1)pent(~sex)N(~1) } = 5          
 DEVIANCE { Phi(~1)p(~1)pent(~sex)N(~1) } = 287.14442                     
 DEVIANCE Degrees of Freedom { Phi(~1)p(~1)pent(~sex)N(~1) } = 36            
 c-hat { Phi(~1)p(~1)pent(~sex)N(~1) } = 7.9762339                     
 AIC { Phi(~1)p(~1)pent(~sex)N(~1) } = 570.08006                  
 AICc { Phi(~1)p(~1)pent(~sex)N(~1) } = 570.69862                    
 BIC { Phi(~1)p(~1)pent(~sex)N(~1) } = 583.25371                    
 Pearson Chisquare { Phi(~1)p(~1)pent(~sex)N(~1) } = 45076911.                  


               PARM-SPECIFIC Link Function Parameters of { Phi(~1)p(~1)pent(~sex)N(~1) }
                                                              95% Confidence Interval
 Parameter                    Beta         Standard Error      Lower           Upper
 -------------------------  --------------  --------------  --------------  --------------
    1:Phi:(Intercept)        0.3348946       0.7815983      -1.1970381       1.8668273    
    2:p:(Intercept)         -2.5440188       0.1848725      -2.9063690      -2.1816686    
    3:pent:(Intercept)      -5.2960064       3.1499247      -11.469859       0.8778461    
    4:pent:sexM             -0.6858514       3.5298432      -7.6043442       6.2326413    
    5:N:(Intercept)          1.4206436       0.8460928      -0.2376984       3.0789856    


               Real Function Parameters of { Phi(~1)p(~1)pent(~sex)N(~1) }
                                                               95% Confidence Interval
  Parameter                  Estimate       Standard Error      Lower           Upper
 --------------------------  --------------  --------------  --------------  --------------
     1:Phi gF a0 t1           0.5829498       0.1900216       0.2320025       0.8660907                          
     2:p gF a0 t1             0.0728293       0.0124836       0.0518396       0.1014088                          
     3:N gF a0 t1             20.139784       3.5026414       16.980637       33.476194                          
     4:pent gF a0.005479452   0.0043189       0.0117241       0.2072633E-04   0.4758315                          
     5:pent gF a0.008219178   0.0043189       0.0117241       0.2072633E-04   0.4758315                          
     6:pent gF a0.010958904   0.0043189       0.0117241       0.2072633E-04   0.4758315                          
     7:pent gF a0.016438356   0.0043189       0.0117241       0.2072633E-04   0.4758315                          
     8:pent gF a0.024657534   0.0043189       0.0117241       0.2072633E-04   0.4758315                          
     9:pent gF a0.027397260   0.0043189       0.0117241       0.2072633E-04   0.4758315                          
    10:pent gF a0.030136986   0.0043189       0.0117241       0.2072633E-04   0.4758315                          
    11:pent gF a0.035616438   0.0043189       0.0117241       0.2072633E-04   0.4758315                          
    12:pent gF a0.041095890   0.0043189       0.0117241       0.2072633E-04   0.4758315                          
    13:pent gF a0.049315068   0.0043189       0.0117241       0.2072633E-04   0.4758315                          
    14:pent gF a0.052054794   0.0043189       0.0117241       0.2072633E-04   0.4758315                          
    15:pent gF a0.065753424   0.0043189       0.0117241       0.2072633E-04   0.4758315                          
    16:pent gF a0.071232876   0.0043189       0.0117241       0.2072633E-04   0.4758315                          
    17:pent gF a0.098630136   0.0043189       0.0117241       0.2072633E-04   0.4758315                          

  Program  MARK  - Survival Rate Estimation with Capture-Recapture Data
   gfortran(dble) Vers. 9.0 Mar 2018    25-Mar-2020 21:12:06    Page  010
 - - - - - - - - - - - - - - - - - - - - - - - - - - - - - - - - - - - - - -
 
    18:pent gF a0.101369863   0.0043189       0.0117241       0.2072633E-04   0.4758315                          
    19:pent gF a0.106849315   0.0043189       0.0117241       0.2072633E-04   0.4758315                          
    20:pent gF a0.109589041   0.0043189       0.0117241       0.2072633E-04   0.4758315                          
    21:pent gF a0.120547945   0.0043189       0.0117241       0.2072633E-04   0.4758315                          
    22:pent gF a0.350684931   0.0043189       0.0117241       0.2072633E-04   0.4758315                          
    23:pent gF a0.358904109   0.0043189       0.0117241       0.2072633E-04   0.4758315                          
    24:pent gF a0.613698630   0.0043189       0.0117241       0.2072633E-04   0.4758315                          
    25:pent gF a0.638356164   0.0043189       0.0117241       0.2072633E-04   0.4758315                          
    26:pent gF a0.646575342   0.0043189       0.0117241       0.2072633E-04   0.4758315                          
    27:pent gF a0.649315068   0.0043189       0.0117241       0.2072633E-04   0.4758315                          
    28:pent gF a0.652054794   0.0043189       0.0117241       0.2072633E-04   0.4758315                          
    29:pent gF a0.704109589   0.0043189       0.0117241       0.2072633E-04   0.4758315                          
    30:pent gF a0.706849315   0.0043189       0.0117241       0.2072633E-04   0.4758315                          
    31:pent gF a0.709589041   0.0043189       0.0117241       0.2072633E-04   0.4758315                          
    32:pent gF a0.827397260   0.0043189       0.0117241       0.2072633E-04   0.4758315                          
    33:pent gF a1.402739726   0.0043189       0.0117241       0.2072633E-04   0.4758315                          
    34:pent gF a1.405479452   0.0043189       0.0117241       0.2072633E-04   0.4758315                          
    35:pent gF a1.408219178   0.0043189       0.0117241       0.2072633E-04   0.4758315                          
    36:pent gM a0.005479452   0.0023355       0.0105146       0.3374000E-06   0.9420024                          
    37:pent gM a0.008219178   0.0023355       0.0105146       0.3374000E-06   0.9420024                          
    38:pent gM a0.010958904   0.0023355       0.0105146       0.3374000E-06   0.9420024                          
    39:pent gM a0.016438356   0.0023355       0.0105146       0.3374000E-06   0.9420024                          
    40:pent gM a0.024657534   0.0023355       0.0105146       0.3374000E-06   0.9420024                          
    41:pent gM a0.027397260   0.0023355       0.0105146       0.3374000E-06   0.9420024                          
    42:pent gM a0.030136986   0.0023355       0.0105146       0.3374000E-06   0.9420024                          
    43:pent gM a0.035616438   0.0023355       0.0105146       0.3374000E-06   0.9420024                          
    44:pent gM a0.041095890   0.0023355       0.0105146       0.3374000E-06   0.9420024                          
    45:pent gM a0.049315068   0.0023355       0.0105146       0.3374000E-06   0.9420024                          
    46:pent gM a0.052054794   0.0023355       0.0105146       0.3374000E-06   0.9420024                          
    47:pent gM a0.065753424   0.0023355       0.0105146       0.3374000E-06   0.9420024                          
    48:pent gM a0.071232876   0.0023355       0.0105146       0.3374000E-06   0.9420024                          
    49:pent gM a0.098630136   0.0023355       0.0105146       0.3374000E-06   0.9420024                          
    50:pent gM a0.101369863   0.0023355       0.0105146       0.3374000E-06   0.9420024                          
    51:pent gM a0.106849315   0.0023355       0.0105146       0.3374000E-06   0.9420024                          
    52:pent gM a0.109589041   0.0023355       0.0105146       0.3374000E-06   0.9420024                          
    53:pent gM a0.120547945   0.0023355       0.0105146       0.3374000E-06   0.9420024                          
    54:pent gM a0.350684931   0.0023355       0.0105146       0.3374000E-06   0.9420024                          
    55:pent gM a0.358904109   0.0023355       0.0105146       0.3374000E-06   0.9420024                          
    56:pent gM a0.613698630   0.0023355       0.0105146       0.3374000E-06   0.9420024                          
    57:pent gM a0.638356164   0.0023355       0.0105146       0.3374000E-06   0.9420024                          
    58:pent gM a0.646575342   0.0023355       0.0105146       0.3374000E-06   0.9420024                          
    59:pent gM a0.649315068   0.0023355       0.0105146       0.3374000E-06   0.9420024                          
    60:pent gM a0.652054794   0.0023355       0.0105146       0.3374000E-06   0.9420024                          
    61:pent gM a0.704109589   0.0023355       0.0105146       0.3374000E-06   0.9420024                          
    62:pent gM a0.706849315   0.0023355       0.0105146       0.3374000E-06   0.9420024                          
    63:pent gM a0.709589041   0.0023355       0.0105146       0.3374000E-06   0.9420024                          

  Program  MARK  - Survival Rate Estimation with Capture-Recapture Data
   gfortran(dble) Vers. 9.0 Mar 2018    25-Mar-2020 21:12:06    Page  011
 - - - - - - - - - - - - - - - - - - - - - - - - - - - - - - - - - - - - - -
 
    64:pent gM a0.827397260   0.0023355       0.0105146       0.3374000E-06   0.9420024                          
    65:pent gM a1.402739726   0.0023355       0.0105146       0.3374000E-06   0.9420024                          
    66:pent gM a1.405479452   0.0023355       0.0105146       0.3374000E-06   0.9420024                          
    67:pent gM a1.408219178   0.0023355       0.0105146       0.3374000E-06   0.9420024                          


                      Estimates of Derived Parameters
   Gross Birth+Immigration Estimates of { Phi(~1)p(~1)pent(~sex)N(~1) }
                                                95% Confidence Interval
 Grp. Occ.   B*-hat          Standard Error      Lower           Upper
 ---- ----   --------------  --------------  --------------  --------------
   1     1    0.0871112       0.2482840       0.0047250       1.6060065    
   1     2    0.0870468       0.2480779       0.0047220       1.6046485    
   1     3    0.0870468       0.2480779       0.0047220       1.6046485    
   1     4    0.0871112       0.2482840       0.0047250       1.6060065    
   1     5    0.0871756       0.2484901       0.0047280       1.6073652    
   1     6    0.0870468       0.2480779       0.0047220       1.6046485    
   1     7    0.0870468       0.2480779       0.0047220       1.6046485    
   1     8    0.0871112       0.2482840       0.0047250       1.6060065    
   1     9    0.0871112       0.2482840       0.0047250       1.6060065    
   1    10    0.0871756       0.2484901       0.0047280       1.6073652    
   1    11    0.0870468       0.2480779       0.0047220       1.6046485    
   1    12    0.0873044       0.2489027       0.0047339       1.6100851    
   1    13    0.0871112       0.2482840       0.0047250       1.6060065    
   1    14    0.0876271       0.2499363       0.0047489       1.6168985    
   1    15    0.0870468       0.2480779       0.0047220       1.6046485    
   1    16    0.0871112       0.2482840       0.0047250       1.6060065    
   1    17    0.0870468       0.2480779       0.0047220       1.6046485    
   1    18    0.0872400       0.2486963       0.0047310       1.6087248    
   1    19    0.0924956       0.2655739       0.0049740       1.7200280    
   1    20    0.0871756       0.2484901       0.0047280       1.6073652    
   1    21    0.0930996       0.2675193       0.0050019       1.7328634    
   1    22    0.0875625       0.2497293       0.0047459       1.6155343    
   1    23    0.0871756       0.2484901       0.0047280       1.6073652    
   1    24    0.0870468       0.2480779       0.0047220       1.6046485    
   1    25    0.0870468       0.2480779       0.0047220       1.6046485    
   1    26    0.0882100       0.2518040       0.0047759       1.6292120    
   1    27    0.0870468       0.2480779       0.0047220       1.6046485    
   1    28    0.0870468       0.2480779       0.0047220       1.6046485    
   1    29    0.0897768       0.2568309       0.0048485       1.6623585    
   1    30    0.1011836       0.2936670       0.0053730       1.9054843    
   1    31    0.0870468       0.2480779       0.0047220       1.6046485    
   1    32    0.0870468       0.2480779       0.0047220       1.6046485    
   2     1    0.0775121       0.3550784       0.0024716       2.4308619    
   2     2    0.0774549       0.3547944       0.0024699       2.4289081    

  Program  MARK  - Survival Rate Estimation with Capture-Recapture Data
   gfortran(dble) Vers. 9.0 Mar 2018    25-Mar-2020 21:12:06    Page  012
 - - - - - - - - - - - - - - - - - - - - - - - - - - - - - - - - - - - - - -
 
   2     3    0.0774549       0.3547944       0.0024699       2.4289081    
   2     4    0.0775121       0.3550784       0.0024716       2.4308619    
   2     5    0.0775694       0.3553625       0.0024733       2.4328168    
   2     6    0.0774549       0.3547944       0.0024699       2.4289081    
   2     7    0.0774549       0.3547944       0.0024699       2.4289081    
   2     8    0.0775121       0.3550784       0.0024716       2.4308619    
   2     9    0.0775121       0.3550784       0.0024716       2.4308619    
   2    10    0.0775694       0.3553625       0.0024733       2.4328168    
   2    11    0.0774549       0.3547944       0.0024699       2.4289081    
   2    12    0.0776841       0.3559313       0.0024766       2.4367298    
   2    13    0.0775121       0.3550784       0.0024716       2.4308619    
   2    14    0.0779712       0.3573559       0.0024850       2.4465305    
   2    15    0.0774549       0.3547944       0.0024699       2.4289081    
   2    16    0.0775121       0.3550784       0.0024716       2.4308619    
   2    17    0.0774549       0.3547944       0.0024699       2.4289081    
   2    18    0.0776267       0.3556468       0.0024749       2.4347728    
   2    19    0.0823033       0.3788859       0.0026107       2.5946605    
   2    20    0.0775694       0.3553625       0.0024733       2.4328168    
   2    21    0.0828407       0.3815614       0.0026263       2.6130694    
   2    22    0.0779137       0.3570707       0.0024833       2.4445683    
   2    23    0.0775694       0.3553625       0.0024733       2.4328168    
   2    24    0.0774549       0.3547944       0.0024699       2.4289081    
   2    25    0.0774549       0.3547944       0.0024699       2.4289081    
   2    26    0.0784898       0.3599298       0.0025000       2.4642382    
   2    27    0.0774549       0.3547944       0.0024699       2.4289081    
   2    28    0.0774549       0.3547944       0.0024699       2.4289081    
   2    29    0.0798840       0.3668539       0.0025405       2.5118760    
   2    30    0.0900338       0.4174633       0.0028342       2.8601229    
   2    31    0.0774549       0.3547944       0.0024699       2.4289081    
   2    32    0.0774549       0.3547944       0.0024699       2.4289081    

    Net Birth+Immigration Estimates of { Phi(~1)p(~1)pent(~sex)N(~1) }
                                                95% Confidence Interval
 Grp. Occ.   B-hat           Standard Error      Lower           Upper
 ---- ----   --------------  --------------  --------------  --------------
   1     1    0.0869825       0.2478720       0.0047190       1.6032913    
   1     2    0.0869825       0.2478720       0.0047190       1.6032913    
   1     3    0.0869825       0.2478720       0.0047190       1.6032913    
   1     4    0.0869825       0.2478720       0.0047190       1.6032913    
   1     5    0.0869825       0.2478720       0.0047190       1.6032913    
   1     6    0.0869825       0.2478720       0.0047190       1.6032913    
   1     7    0.0869825       0.2478720       0.0047190       1.6032913    
   1     8    0.0869825       0.2478720       0.0047190       1.6032913    
   1     9    0.0869825       0.2478720       0.0047190       1.6032913    
   1    10    0.0869825       0.2478720       0.0047190       1.6032913    
   1    11    0.0869825       0.2478720       0.0047190       1.6032913    
   1    12    0.0869825       0.2478720       0.0047190       1.6032913    
   1    13    0.0869825       0.2478720       0.0047190       1.6032913    
   1    14    0.0869825       0.2478720       0.0047190       1.6032913    
   1    15    0.0869825       0.2478720       0.0047190       1.6032913    
   1    16    0.0869825       0.2478720       0.0047190       1.6032913    
   1    17    0.0869825       0.2478720       0.0047190       1.6032913    
   1    18    0.0869825       0.2478720       0.0047190       1.6032913    
   1    19    0.0869825       0.2478720       0.0047190       1.6032913    
   1    20    0.0869825       0.2478720       0.0047190       1.6032913    
   1    21    0.0869825       0.2478720       0.0047190       1.6032913    
   1    22    0.0869825       0.2478720       0.0047190       1.6032913    
   1    23    0.0869825       0.2478720       0.0047190       1.6032913    
   1    24    0.0869825       0.2478720       0.0047190       1.6032913    
   1    25    0.0869825       0.2478720       0.0047190       1.6032913    
   1    26    0.0869825       0.2478720       0.0047190       1.6032913    
   1    27    0.0869825       0.2478720       0.0047190       1.6032913    
   1    28    0.0869825       0.2478720       0.0047190       1.6032913    
   1    29    0.0869825       0.2478720       0.0047190       1.6032913    
   1    30    0.0869825       0.2478720       0.0047190       1.6032913    
   1    31    0.0869825       0.2478720       0.0047190       1.6032913    
   1    32    0.0869825       0.2478720       0.0047190       1.6032913    
   2     1    0.0773976       0.3545105       0.0024683       2.4269553    
   2     2    0.0773976       0.3545105       0.0024683       2.4269553    
   2     3    0.0773976       0.3545105       0.0024683       2.4269553    
   2     4    0.0773976       0.3545105       0.0024683       2.4269553    
   2     5    0.0773976       0.3545105       0.0024683       2.4269553    
   2     6    0.0773976       0.3545105       0.0024683       2.4269553    
   2     7    0.0773976       0.3545105       0.0024683       2.4269553    
   2     8    0.0773976       0.3545105       0.0024683       2.4269553    
   2     9    0.0773976       0.3545105       0.0024683       2.4269553    
   2    10    0.0773976       0.3545105       0.0024683       2.4269553    
   2    11    0.0773976       0.3545105       0.0024683       2.4269553    
   2    12    0.0773976       0.3545105       0.0024683       2.4269553    
   2    13    0.0773976       0.3545105       0.0024683       2.4269553    
   2    14    0.0773976       0.3545105       0.0024683       2.4269553    
   2    15    0.0773976       0.3545105       0.0024683       2.4269553    
   2    16    0.0773976       0.3545105       0.0024683       2.4269553    
   2    17    0.0773976       0.3545105       0.0024683       2.4269553    
   2    18    0.0773976       0.3545105       0.0024683       2.4269553    
   2    19    0.0773976       0.3545105       0.0024683       2.4269553    
   2    20    0.0773976       0.3545105       0.0024683       2.4269553    
   2    21    0.0773976       0.3545105       0.0024683       2.4269553    
   2    22    0.0773976       0.3545105       0.0024683       2.4269553    
   2    23    0.0773976       0.3545105       0.0024683       2.4269553    
   2    24    0.0773976       0.3545105       0.0024683       2.4269553    
   2    25    0.0773976       0.3545105       0.0024683       2.4269553    
   2    26    0.0773976       0.3545105       0.0024683       2.4269553    
   2    27    0.0773976       0.3545105       0.0024683       2.4269553    
   2    28    0.0773976       0.3545105       0.0024683       2.4269553    
   2    29    0.0773976       0.3545105       0.0024683       2.4269553    
   2    30    0.0773976       0.3545105       0.0024683       2.4269553    
   2    31    0.0773976       0.3545105       0.0024683       2.4269553    
   2    32    0.0773976       0.3545105       0.0024683       2.4269553    

         Population Estimates of { Phi(~1)p(~1)pent(~sex)N(~1) }
                                                95% Confidence Interval
 Grp. Occ.   N-hat           Standard Error      Lower           Upper
 ---- ----   --------------  --------------  --------------  --------------
   1     1    17.356344       5.5992146       9.3674393       32.158486    
   1     2    17.392079       5.3678939       9.6290798       31.413637    
   1     3    17.453366       5.1400808       9.9171504       30.716485    
   1     4    17.514563       4.9144286       10.210949       30.042254    
   1     5    17.549831       4.6902893       10.487999       29.366571    
   1     6    17.559144       4.4683380       10.746819       28.689747    
   1     7    17.620184       4.2503803       11.055396       28.083200    
   1     8    17.681134       4.0358612       11.367756       27.500811    
   1     9    17.715911       3.8251978       11.658949       26.919535    
   1    10    17.750585       3.6190023       11.951704       26.363040    
   1    11    17.759008       3.4181553       12.219934       25.808846    
   1    12    17.819754       3.2224447       12.537415       25.327679    
   1    13    17.775489       3.0353644       12.749990       24.781823    
   1    14    17.809987       2.8542032       13.035048       24.334059    
   1    15    17.635585       2.6879965       13.103655       23.734893    
   1    16    17.696512       2.5233290       13.400582       23.369623    

  Program  MARK  - Survival Rate Estimation with Capture-Recapture Data
   gfortran(dble) Vers. 9.0 Mar 2018    25-Mar-2020 21:12:06    Page  013
 - - - - - - - - - - - - - - - - - - - - - - - - - - - - - - - - - - - - - -
 
   1    17    17.731243       2.3727032       13.656479       23.021820    
   1    18    17.792029       2.2370118       13.919396       22.742102    
   1    19    17.774100       2.1196985       14.080938       22.435908    
   1    20    15.785212       2.2616107       11.937466       20.873185    
   1    21    15.802335       2.1492422       12.119343       20.604563    
   1    22    13.859247       2.5917370       9.6366122       19.932185    
   1    23    13.763033       2.5306982       9.6270806       19.675858    
   1    24    13.789104       2.4500935       9.7602907       19.480915    
   1    25    13.855715       2.3780912       9.9218226       19.349351    
   1    26    13.922226       2.3292481       10.052594       19.281430    
   1    27    13.623554       2.3961561       9.6764116       19.180790    
   1    28    13.690409       2.3853642       9.7546364       19.214175    
   1    29    13.757165       2.3989208       9.7995725       19.313045    
   1    30    12.996748       2.5865789       8.8322243       19.124907    
   1    31    9.6147767       3.3027378       4.9963756       18.502198    
   1    32    9.6875543       3.2633517       5.0949818       18.419832    
   1    33    9.7602243       3.2419570       5.1770701       18.400751    
   2     1    30.663060       9.0390428       17.413952       53.992525    
   2     2    30.649920       8.7000334       17.761320       52.891203    
   2     3    30.682035       8.3608082       18.158073       51.844008    
   2     4    30.714103       8.0230633       18.562819       50.819659    
   2     5    30.700813       7.6898378       18.931058       49.788022    
   2     6    30.642338       7.3621794       19.260592       48.749950    
   2     7    30.674464       7.0293781       19.688024       47.791630    
   2     8    30.706543       6.6986688       20.122920       46.856610    
   2     9    30.693275       6.3750309       20.516716       45.917542    
   2    10    30.680047       6.0543140       20.916111       45.001926    
   2    11    30.621664       5.7425038       21.270452       44.083986    
   2    12    30.653821       5.4224339       21.730461       43.241454    
   2    13    30.505445       5.1323323       21.986904       42.324384    
   2    14    30.492771       4.8268166       22.402025       41.505582    
   2    15    30.122648       4.5885315       22.385745       40.533559    
   2    16    30.155542       4.2851096       22.856672       39.785176    
   2    17    30.143901       3.9974167       23.270740       39.047095    
   2    18    30.176764       3.7094485       23.737212       38.363270    
   2    19    30.076222       3.4594177       24.023506       37.653919    
   2    20    26.640962       4.1893766       19.611458       36.190111    
   2    21    26.600455       3.9542150       19.908777       35.541320    
   2    22    23.260587       4.9035304       15.456951       35.003985    
   2    23    23.030517       4.7672372       15.415212       34.407875    
   2    24    23.005988       4.5744498       15.639582       33.842049    
   2    25    23.049397       4.3742590       15.942059       33.325349    
   2    26    23.092741       4.1933988       16.223904       32.869689    
   2    27    22.530454       4.2548167       15.610830       32.517255    
   2    28    22.574564       4.1128604       15.841649       32.169060    
   2    29    22.618610       3.9959148       16.041303       31.892767    

  Program  MARK  - Survival Rate Estimation with Capture-Recapture Data
   gfortran(dble) Vers. 9.0 Mar 2018    25-Mar-2020 21:12:06    Page  014
 - - - - - - - - - - - - - - - - - - - - - - - - - - - - - - - - - - - - - -
 
   2    30    21.302771       4.3579983       14.324542       31.680458    
   2    31    15.694259       5.7947804       7.7881325       31.626294    
   2    32    15.748470       5.6558627       7.9571549       31.168717    
   2    33    15.802601       5.5357555       8.1119916       30.784325    

      Gross Population Estimates of { Phi(~1)p(~1)pent(~sex)N(~1) }
                                                95% Confidence Interval
 Grp. Occ.   N*-hat          Standard Error      Lower           Upper
 ---- ----   --------------  --------------  --------------  --------------
   1     0    20.173821       3.5929801       14.268142       28.523901    
   2     0    33.170070       3.6191926       26.800604       41.053313    

   CPU Time for the last procedure was 0.08 seconds.     


  INPUT --- proc stop;

     CPU Time in minutes for this job was 0.00

     Time Start = 21:12:05.869   Time End = 21:12:06.278

     Wall Clock Time in minutes for this job was 0.01


          E X E C U T I O N   S U C C E S S F U L 
