
   Program  MARK  - Survival Rate Estimation with Capture-Recapture Data
   gfortran(dble) Vers. 9.0 Mar 2018    25-Mar-2020 12:21:24    Page  001
 - - - - - - - - - - - - - - - - - - - - - - - - - - - - - - - - - - - - - -
 
   This version was compiled by GCC version 7.2.0 using the options: 
     -cpp -iprefix C:/Program Files/mingw-w64/x86_64-7.2.0-posix-seh-rt_v5-rev1/
     mingw64/bin/../lib/gcc/x86_64-w64-mingw32/7.2.0/ -D_MT -D_REENTRANT
     -U_REENTRANT -D IEEE -D DBLEPRECISION -m64 -mtune=core2 -march=nocona -mthreads
     -O2 -fimplicit-none -fbounds-check -funroll-loops -ftree-vectorize
     -ffpe-summary=invalid,zero,overflow,underflow -fno-unsafe-math-optimizations
     -frounding-math -fsignaling-nans -fopenmp.

   This problem will use 15 of 16 possible threads.


  INPUT --- proc title ;

   CPU Time for the last procedure was 0.02 seconds.     


  INPUT --- proc chmatrix occasions= 33 groups= 2 etype= POPAN Nodes= 
  INPUT --- 101 ICMeans NoHist hist= 41  ;

  INPUT ---    time interval 0.00547945205479452 0.00273972602739726 
  INPUT ---    0.00273972602739726 0.00547945205479452  
  INPUT ---    0.00821917808219178 0.00273972602739726 0.00273972602739726 
  INPUT ---    0.00547945205479452  0.00547945205479452 
  INPUT ---    0.00821917808219178 0.00273972602739726 0.0136986301369863 
  INPUT ---    0.00547945205479452  0.0273972602739726 0.00273972602739726 
  INPUT ---    0.00547945205479452 0.00273972602739726 0.010958904109589  
  INPUT ---    0.23013698630137 0.00821917808219178 0.254794520547945 
  INPUT ---    0.0246575342465753 0.00821917808219178  0.00273972602739726 
  INPUT ---    0.00273972602739726 0.0520547945205479 0.00273972602739726 
  INPUT ---    0.00273972602739726  0.117808219178082 0.575342465753425 
  INPUT ---    0.00273972602739726 0.00273972602739726 ;

  INPUT ---    glabel(1)=sexF;

  INPUT ---    glabel(2)=sexM;

   * *  WARNING  * *   At least a pair of the encounter histories are duplicates. 

      Number of unique encounter histories read was 38.

      Number of individual covariates read was 0.
      Time interval lengths vary and/or not equal to 1.

      Data type number is 19
      Data type is POPAN                                                                                               

   CPU Time for the last procedure was 0.01 seconds.     

  Program  MARK  - Survival Rate Estimation with Capture-Recapture Data
   gfortran(dble) Vers. 9.0 Mar 2018    25-Mar-2020 12:21:24    Page  002
 - - - - - - - - - - - - - - - - - - - - - - - - - - - - - - - - - - - - - -
 


  INPUT --- proc estimate link=Parm-Specific NOLOOP varest=2ndPart    ;


  INPUT --- model={ Phi(~sex)p(~sex)pent(~sex)N(~1) };

  INPUT ---    group=1 Phi    rows=1 cols=32 Square ;
  INPUT ---        1 1 1 1 1 1 1 1 1 1 1 1 1 1 1 1 1 1 1 1 1 1 1 1 1 1 1 1 1 
  INPUT ---       1 1 1 ;

  INPUT ---    group=2 Phi    rows=1 cols=32 Square ;
  INPUT ---        2 2 2 2 2 2 2 2 2 2 2 2 2 2 2 2 2 2 2 2 2 2 2 2 2 2 2 2 2 
  INPUT ---       2 2 2 ;

  INPUT ---    group=1 p    rows=1 cols=33 Square ;
  INPUT ---        3 3 3 3 3 3 3 3 3 3 3 3 3 3 3 3 3 3 3 3 3 3 3 3 3 3 3 3 3 
  INPUT ---       3 3 3 3 ;

  INPUT ---    group=2 p    rows=1 cols=33 Square ;
  INPUT ---        4 4 4 4 4 4 4 4 4 4 4 4 4 4 4 4 4 4 4 4 4 4 4 4 4 4 4 4 4 
  INPUT ---       4 4 4 4 ;

  INPUT ---    group=1 pent    rows=1 cols=32 Square ;
  INPUT ---        6 7 8 9 10 11 12 13 14 15 16 17 18 19 20 21 22 23 24 25 26 
  INPUT ---       27 28 29 30 31 32 33 34 35 36 37 ;

  INPUT ---    group=2 pent    rows=1 cols=32 Square ;
  INPUT ---        38 39 40 41 42 43 44 45 46 47 48 49 50 51 52 53 54 55 56 
  INPUT ---       57 58 59 60 61 62 63 64 65 66 67 68 69 ;

  INPUT ---    group=1 N    rows=1 cols=1 Square ;
  INPUT ---        5 ;

  INPUT ---    group=2 N    rows=1 cols=1 Square ;
  INPUT ---        5 ;

  INPUT ---    design matrix constraints=69 covariates=7;
  INPUT ---        1 0 0 0 0 0 0;
  INPUT ---        1 1 0 0 0 0 0;
  INPUT ---        0 0 1 0 0 0 0;
  INPUT ---        0 0 1 1 0 0 0;
  INPUT ---        0 0 0 0 0 0 1;
  INPUT ---        0 0 0 0 1 0 0;
  INPUT ---        0 0 0 0 1 0 0;
  INPUT ---        0 0 0 0 1 0 0;

  Program  MARK  - Survival Rate Estimation with Capture-Recapture Data
   gfortran(dble) Vers. 9.0 Mar 2018    25-Mar-2020 12:21:24    Page  003
 - - - - - - - - - - - - - - - - - - - - - - - - - - - - - - - - - - - - - -
 
  INPUT ---        0 0 0 0 1 0 0;
  INPUT ---        0 0 0 0 1 0 0;
  INPUT ---        0 0 0 0 1 0 0;
  INPUT ---        0 0 0 0 1 0 0;
  INPUT ---        0 0 0 0 1 0 0;
  INPUT ---        0 0 0 0 1 0 0;
  INPUT ---        0 0 0 0 1 0 0;
  INPUT ---        0 0 0 0 1 0 0;
  INPUT ---        0 0 0 0 1 0 0;
  INPUT ---        0 0 0 0 1 0 0;
  INPUT ---        0 0 0 0 1 0 0;
  INPUT ---        0 0 0 0 1 0 0;
  INPUT ---        0 0 0 0 1 0 0;
  INPUT ---        0 0 0 0 1 0 0;
  INPUT ---        0 0 0 0 1 0 0;
  INPUT ---        0 0 0 0 1 0 0;
  INPUT ---        0 0 0 0 1 0 0;
  INPUT ---        0 0 0 0 1 0 0;
  INPUT ---        0 0 0 0 1 0 0;
  INPUT ---        0 0 0 0 1 0 0;
  INPUT ---        0 0 0 0 1 0 0;
  INPUT ---        0 0 0 0 1 0 0;
  INPUT ---        0 0 0 0 1 0 0;
  INPUT ---        0 0 0 0 1 0 0;
  INPUT ---        0 0 0 0 1 0 0;
  INPUT ---        0 0 0 0 1 0 0;
  INPUT ---        0 0 0 0 1 0 0;
  INPUT ---        0 0 0 0 1 0 0;
  INPUT ---        0 0 0 0 1 0 0;
  INPUT ---        0 0 0 0 1 1 0;
  INPUT ---        0 0 0 0 1 1 0;
  INPUT ---        0 0 0 0 1 1 0;
  INPUT ---        0 0 0 0 1 1 0;
  INPUT ---        0 0 0 0 1 1 0;
  INPUT ---        0 0 0 0 1 1 0;
  INPUT ---        0 0 0 0 1 1 0;
  INPUT ---        0 0 0 0 1 1 0;
  INPUT ---        0 0 0 0 1 1 0;
  INPUT ---        0 0 0 0 1 1 0;
  INPUT ---        0 0 0 0 1 1 0;
  INPUT ---        0 0 0 0 1 1 0;
  INPUT ---        0 0 0 0 1 1 0;
  INPUT ---        0 0 0 0 1 1 0;
  INPUT ---        0 0 0 0 1 1 0;
  INPUT ---        0 0 0 0 1 1 0;
  INPUT ---        0 0 0 0 1 1 0;

  Program  MARK  - Survival Rate Estimation with Capture-Recapture Data
   gfortran(dble) Vers. 9.0 Mar 2018    25-Mar-2020 12:21:25    Page  004
 - - - - - - - - - - - - - - - - - - - - - - - - - - - - - - - - - - - - - -
 
  INPUT ---        0 0 0 0 1 1 0;
  INPUT ---        0 0 0 0 1 1 0;
  INPUT ---        0 0 0 0 1 1 0;
  INPUT ---        0 0 0 0 1 1 0;
  INPUT ---        0 0 0 0 1 1 0;
  INPUT ---        0 0 0 0 1 1 0;
  INPUT ---        0 0 0 0 1 1 0;
  INPUT ---        0 0 0 0 1 1 0;
  INPUT ---        0 0 0 0 1 1 0;
  INPUT ---        0 0 0 0 1 1 0;
  INPUT ---        0 0 0 0 1 1 0;
  INPUT ---        0 0 0 0 1 1 0;
  INPUT ---        0 0 0 0 1 1 0;
  INPUT ---        0 0 0 0 1 1 0;
  INPUT ---        0 0 0 0 1 1 0;

  INPUT ---    links=69;

  INPUT ---    Logit;

  INPUT ---    Logit;

  INPUT ---    Logit;

  INPUT ---    Logit;

  INPUT ---    Log;

  INPUT ---    mlogit(1);

  INPUT ---    mlogit(1);

  INPUT ---    mlogit(1);

  INPUT ---    mlogit(1);

  INPUT ---    mlogit(1);

  INPUT ---    mlogit(1);

  INPUT ---    mlogit(1);

  INPUT ---    mlogit(1);

  INPUT ---    mlogit(1);


  Program  MARK  - Survival Rate Estimation with Capture-Recapture Data
   gfortran(dble) Vers. 9.0 Mar 2018    25-Mar-2020 12:21:25    Page  005
 - - - - - - - - - - - - - - - - - - - - - - - - - - - - - - - - - - - - - -
 
  INPUT ---    mlogit(1);

  INPUT ---    mlogit(1);

  INPUT ---    mlogit(1);

  INPUT ---    mlogit(1);

  INPUT ---    mlogit(1);

  INPUT ---    mlogit(1);

  INPUT ---    mlogit(1);

  INPUT ---    mlogit(1);

  INPUT ---    mlogit(1);

  INPUT ---    mlogit(1);

  INPUT ---    mlogit(1);

  INPUT ---    mlogit(1);

  INPUT ---    mlogit(1);

  INPUT ---    mlogit(1);

  INPUT ---    mlogit(1);

  INPUT ---    mlogit(1);

  INPUT ---    mlogit(1);

  INPUT ---    mlogit(1);

  INPUT ---    mlogit(1);

  INPUT ---    mlogit(1);

  INPUT ---    mlogit(1);

  INPUT ---    mlogit(1);

  INPUT ---    mlogit(1);


  Program  MARK  - Survival Rate Estimation with Capture-Recapture Data
   gfortran(dble) Vers. 9.0 Mar 2018    25-Mar-2020 12:21:25    Page  006
 - - - - - - - - - - - - - - - - - - - - - - - - - - - - - - - - - - - - - -
 
  INPUT ---    mlogit(2);

  INPUT ---    mlogit(2);

  INPUT ---    mlogit(2);

  INPUT ---    mlogit(2);

  INPUT ---    mlogit(2);

  INPUT ---    mlogit(2);

  INPUT ---    mlogit(2);

  INPUT ---    mlogit(2);

  INPUT ---    mlogit(2);

  INPUT ---    mlogit(2);

  INPUT ---    mlogit(2);

  INPUT ---    mlogit(2);

  INPUT ---    mlogit(2);

  INPUT ---    mlogit(2);

  INPUT ---    mlogit(2);

  INPUT ---    mlogit(2);

  INPUT ---    mlogit(2);

  INPUT ---    mlogit(2);

  INPUT ---    mlogit(2);

  INPUT ---    mlogit(2);

  INPUT ---    mlogit(2);

  INPUT ---    mlogit(2);

  INPUT ---    mlogit(2);


  Program  MARK  - Survival Rate Estimation with Capture-Recapture Data
   gfortran(dble) Vers. 9.0 Mar 2018    25-Mar-2020 12:21:25    Page  007
 - - - - - - - - - - - - - - - - - - - - - - - - - - - - - - - - - - - - - -
 
  INPUT ---    mlogit(2);

  INPUT ---    mlogit(2);

  INPUT ---    mlogit(2);

  INPUT ---    mlogit(2);

  INPUT ---    mlogit(2);

  INPUT ---    mlogit(2);

  INPUT ---    mlogit(2);

  INPUT ---    mlogit(2);

  INPUT ---    mlogit(2);
  INPUT ---       blabel(1)=Phi:(Intercept);
  INPUT ---       blabel(2)=Phi:sexM;
  INPUT ---       blabel(3)=p:(Intercept);
  INPUT ---       blabel(4)=p:sexM;
  INPUT ---       blabel(5)=pent:(Intercept);
  INPUT ---       blabel(6)=pent:sexM;
  INPUT ---       blabel(7)=N:(Intercept);
  INPUT ---       rlabel(1)=Phi gF a0 t1;
  INPUT ---       rlabel(2)=Phi gM a0 t1;
  INPUT ---       rlabel(3)=p gF a0 t1;
  INPUT ---       rlabel(4)=p gM a0 t1;
  INPUT ---       rlabel(5)=N gF a0 t1;
  INPUT ---       rlabel(6)=pent gF a0.00547945205479452 t1.00547945205479;
  INPUT ---       rlabel(7)=pent gF a0.00821917808219178 t1.00821917808219;
  INPUT ---       rlabel(8)=pent gF a0.010958904109589 t1.01095890410959;
  INPUT ---       rlabel(9)=pent gF a0.0164383561643836 t1.01643835616438;
  INPUT ---       rlabel(10)=pent gF a0.0246575342465753 t1.02465753424658;
  INPUT ---       rlabel(11)=pent gF a0.0273972602739726 t1.02739726027397;
  INPUT ---       rlabel(12)=pent gF a0.0301369863013699 t1.03013698630137;
  INPUT ---       rlabel(13)=pent gF a0.0356164383561644 t1.03561643835616;
  INPUT ---       rlabel(14)=pent gF a0.0410958904109589 t1.04109589041096;
  INPUT ---       rlabel(15)=pent gF a0.0493150684931507 t1.04931506849315;
  INPUT ---       rlabel(16)=pent gF a0.0520547945205479 t1.05205479452055;
  INPUT ---       rlabel(17)=pent gF a0.0657534246575342 t1.06575342465753;
  INPUT ---       rlabel(18)=pent gF a0.0712328767123288 t1.07123287671233;
  INPUT ---       rlabel(19)=pent gF a0.0986301369863014 t1.0986301369863;
  INPUT ---       rlabel(20)=pent gF a0.101369863013699 t1.1013698630137;
  INPUT ---       rlabel(21)=pent gF a0.106849315068493 t1.10684931506849;
  INPUT ---       rlabel(22)=pent gF a0.10958904109589 t1.10958904109589;

  Program  MARK  - Survival Rate Estimation with Capture-Recapture Data
   gfortran(dble) Vers. 9.0 Mar 2018    25-Mar-2020 12:21:25    Page  008
 - - - - - - - - - - - - - - - - - - - - - - - - - - - - - - - - - - - - - -
 
  INPUT ---       rlabel(23)=pent gF a0.120547945205479 t1.12054794520548;
  INPUT ---       rlabel(24)=pent gF a0.350684931506849 t1.35068493150685;
  INPUT ---       rlabel(25)=pent gF a0.358904109589041 t1.35890410958904;
  INPUT ---       rlabel(26)=pent gF a0.613698630136986 t1.61369863013699;
  INPUT ---       rlabel(27)=pent gF a0.638356164383562 t1.63835616438356;
  INPUT ---       rlabel(28)=pent gF a0.646575342465753 t1.64657534246575;
  INPUT ---       rlabel(29)=pent gF a0.649315068493151 t1.64931506849315;
  INPUT ---       rlabel(30)=pent gF a0.652054794520548 t1.65205479452055;
  INPUT ---       rlabel(31)=pent gF a0.704109589041096 t1.7041095890411;
  INPUT ---       rlabel(32)=pent gF a0.706849315068493 t1.70684931506849;
  INPUT ---       rlabel(33)=pent gF a0.70958904109589 t1.70958904109589;
  INPUT ---       rlabel(34)=pent gF a0.827397260273973 t1.82739726027397;
  INPUT ---       rlabel(35)=pent gF a1.4027397260274 t2.4027397260274;
  INPUT ---       rlabel(36)=pent gF a1.40547945205479 t2.40547945205479;
  INPUT ---       rlabel(37)=pent gF a1.40821917808219 t2.40821917808219;
  INPUT ---       rlabel(38)=pent gM a0.00547945205479452 t1.00547945205479;
  INPUT ---       rlabel(39)=pent gM a0.00821917808219178 t1.00821917808219;
  INPUT ---       rlabel(40)=pent gM a0.010958904109589 t1.01095890410959;
  INPUT ---       rlabel(41)=pent gM a0.0164383561643836 t1.01643835616438;
  INPUT ---       rlabel(42)=pent gM a0.0246575342465753 t1.02465753424658;
  INPUT ---       rlabel(43)=pent gM a0.0273972602739726 t1.02739726027397;
  INPUT ---       rlabel(44)=pent gM a0.0301369863013699 t1.03013698630137;
  INPUT ---       rlabel(45)=pent gM a0.0356164383561644 t1.03561643835616;
  INPUT ---       rlabel(46)=pent gM a0.0410958904109589 t1.04109589041096;
  INPUT ---       rlabel(47)=pent gM a0.0493150684931507 t1.04931506849315;
  INPUT ---       rlabel(48)=pent gM a0.0520547945205479 t1.05205479452055;
  INPUT ---       rlabel(49)=pent gM a0.0657534246575342 t1.06575342465753;
  INPUT ---       rlabel(50)=pent gM a0.0712328767123288 t1.07123287671233;
  INPUT ---       rlabel(51)=pent gM a0.0986301369863014 t1.0986301369863;
  INPUT ---       rlabel(52)=pent gM a0.101369863013699 t1.1013698630137;
  INPUT ---       rlabel(53)=pent gM a0.106849315068493 t1.10684931506849;
  INPUT ---       rlabel(54)=pent gM a0.10958904109589 t1.10958904109589;
  INPUT ---       rlabel(55)=pent gM a0.120547945205479 t1.12054794520548;
  INPUT ---       rlabel(56)=pent gM a0.350684931506849 t1.35068493150685;
  INPUT ---       rlabel(57)=pent gM a0.358904109589041 t1.35890410958904;
  INPUT ---       rlabel(58)=pent gM a0.613698630136986 t1.61369863013699;
  INPUT ---       rlabel(59)=pent gM a0.638356164383562 t1.63835616438356;
  INPUT ---       rlabel(60)=pent gM a0.646575342465753 t1.64657534246575;
  INPUT ---       rlabel(61)=pent gM a0.649315068493151 t1.64931506849315;
  INPUT ---       rlabel(62)=pent gM a0.652054794520548 t1.65205479452055;
  INPUT ---       rlabel(63)=pent gM a0.704109589041096 t1.7041095890411;
  INPUT ---       rlabel(64)=pent gM a0.706849315068493 t1.70684931506849;
  INPUT ---       rlabel(65)=pent gM a0.70958904109589 t1.70958904109589;
  INPUT ---       rlabel(66)=pent gM a0.827397260273973 t1.82739726027397;
  INPUT ---       rlabel(67)=pent gM a1.4027397260274 t2.4027397260274;
  INPUT ---       rlabel(68)=pent gM a1.40547945205479 t2.40547945205479;

  Program  MARK  - Survival Rate Estimation with Capture-Recapture Data
   gfortran(dble) Vers. 9.0 Mar 2018    25-Mar-2020 12:21:25    Page  009
 - - - - - - - - - - - - - - - - - - - - - - - - - - - - - - - - - - - - - -
 
  INPUT ---       rlabel(69)=pent gM a1.40821917808219 t2.40821917808219;

 Link Function Used is PARM-SPECIFIC

 Variance Estimation Procedure Used is 2ndPart 

 M(t+1):
      16     29



 Group: 1

 U(t)+UL(t):
       0    2    2    0    1    0    3    1    1    0    0    0    0    0    1
       0    0    0    2    1    1    0    0    0    1    0    0    0    0    0
       0    0    0

 U(t):
       0    2    2    0    1    0    3    1    1    0    0    0    0    0    1
       0    0    0    2    1    1    0    0    0    1    0    0    0    0    0
       0    0    0

 UL(t):
       0    0    0    0    0    0    0    0    0    0    0    0    0    0    0
       0    0    0    0    0    0    0    0    0    0    0    0    0    0    0
       0    0    0

 Not Released(t):
       0    0    0    0    0    0    0    0    0    0    0    0    0    0    0
       0    0    0    0    0    0    0    0    0    0    0    0    0    0    0
       0    0    0

 Group: 2

 U(t)+UL(t):
       3    0    1    1    1    1    1    0    1    1    2    1    3    3    1
       1    0    2    3    1    0    0    1    0    0    0    0    0    0    1
       0    0    0

 U(t):
       3    0    1    1    1    1    1    0    1    1    2    1    3    3    1
       1    0    2    3    1    0    0    1    0    0    0    0    0    0    1
       0    0    0

 UL(t):
       0    0    0    0    0    0    0    0    0    0    0    0    0    0    0
       0    0    0    0    0    0    0    0    0    0    0    0    0    0    0
       0    0    0

 Not Released(t):
       0    0    0    0    0    0    0    0    0    0    0    0    0    0    0
       0    0    0    0    0    0    0    0    0    0    0    0    0    0    0
       0    0    0
 -2logL(saturated) = 272.93564     
 Effective Sample Size = 103

 Number of function evaluations was 28 for 7 parameters.
 Time for numerical optimization was 0.12 seconds.     
 -2logL { Phi(~sex)p(~sex)pent(~sex)N(~1) } = 552.89274     
 Penalty { Phi(~sex)p(~sex)pent(~sex)N(~1) } = 0.0000000     
 Gradient { Phi(~sex)p(~sex)pent(~sex)N(~1) }:
  0.3038960E-05 -0.6598778E-05 -0.6345344E-05 -0.6506265E-05 -0.2563666E-05
 -0.4919640E-05  0.5410745E-05
 Maximum ABS(G) { Phi(~sex)p(~sex)pent(~sex)N(~1) } = 0.6598778E-05 
 S Vector { Phi(~sex)p(~sex)pent(~sex)N(~1) }:
   125.7895      11.84340      6.081332      3.439701     0.7460398    
  0.4804310     0.7588087E-01
 Time to compute number of parameters was 0.01 seconds.     
 Ratio Threshold = 50.000000       Max Gap (1/2) = 10.621068       Next Max Gap (1/2) = 10.621068     
 Gap Method for Num. of Estimated Parameters { Phi(~sex)p(~sex)pent(~sex)N(~1) } = 7          
 Threshold { Phi(~sex)p(~sex)pent(~sex)N(~1) } = 0.1319756E-04                 
 Numerical Threshold Method for Num. of Estimated Parameters { Phi(~sex)p(~sex)pent(~sex)N(~1) } = 7          
 Number of Estimated Parameters { Phi(~sex)p(~sex)pent(~sex)N(~1) } = 7          
 DEVIANCE { Phi(~sex)p(~sex)pent(~sex)N(~1) } = 279.95710                     
 DEVIANCE Degrees of Freedom { Phi(~sex)p(~sex)pent(~sex)N(~1) } = 34            
 c-hat { Phi(~sex)p(~sex)pent(~sex)N(~1) } = 8.2340323                     
 AIC { Phi(~sex)p(~sex)pent(~sex)N(~1) } = 566.89274                  
 AICc { Phi(~sex)p(~sex)pent(~sex)N(~1) } = 568.07169                    
 BIC { Phi(~sex)p(~sex)pent(~sex)N(~1) } = 585.33584                    
 Pearson Chisquare { Phi(~sex)p(~sex)pent(~sex)N(~1) } = 20321243.                  


             PARM-SPECIFIC Link Function Parameters of { Phi(~sex)p(~sex)pent(~sex)N(~1) }
                                                              95% Confidence Interval
 Parameter                    Beta         Standard Error      Lower           Upper
 -------------------------  --------------  --------------  --------------  --------------
    1:Phi:(Intercept)       -1.5105280       1.1148495      -3.6956331       0.6745771    
    2:Phi:sexM               2.4685487       1.3903966      -0.2566288       5.1937261    
    3:p:(Intercept)         -2.6070831       0.3557812      -3.3044142      -1.9097519    
    4:p:sexM                 0.1726227       0.4058529      -0.6228490       0.9680945    
    5:pent:(Intercept)      -4.9519423       2.6394677      -10.125299       0.2214146    
    6:pent:sexM              0.5508036       2.5180039      -4.3844841       5.4860913    
    7:N:(Intercept)          1.8200902       0.6111058       0.6223228       3.0178575    


             Real Function Parameters of { Phi(~sex)p(~sex)pent(~sex)N(~1) }
                                                               95% Confidence Interval
  Parameter                  Estimate       Standard Error      Lower           Upper
 --------------------------  --------------  --------------  --------------  --------------
     1:Phi gF a0 t1           0.1808606       0.1651650       0.0242301       0.6625273                          
     2:Phi gM a0 t1           0.7227253       0.2086535       0.2529823       0.9525204                          
     3:p gF a0 t1             0.0686840       0.0227581       0.0354201       0.1290087                          
     4:p gM a0 t1             0.0805824       0.0148965       0.0558011       0.1150283                          
     5:N gF a0 t1             22.172415       3.7719985       18.046209       34.619166                          

  Program  MARK  - Survival Rate Estimation with Capture-Recapture Data
   gfortran(dble) Vers. 9.0 Mar 2018    25-Mar-2020 12:21:25    Page  010
 - - - - - - - - - - - - - - - - - - - - - - - - - - - - - - - - - - - - - -
 
     6:pent gF a0.005479452   0.0057654       0.0124100       0.8325796E-04   0.2876706                          
     7:pent gF a0.008219178   0.0057654       0.0124100       0.8325796E-04   0.2876706                          
     8:pent gF a0.010958904   0.0057654       0.0124100       0.8325796E-04   0.2876706                          
     9:pent gF a0.016438356   0.0057654       0.0124100       0.8325796E-04   0.2876706                          
    10:pent gF a0.024657534   0.0057654       0.0124100       0.8325796E-04   0.2876706                          
    11:pent gF a0.027397260   0.0057654       0.0124100       0.8325796E-04   0.2876706                          
    12:pent gF a0.030136986   0.0057654       0.0124100       0.8325796E-04   0.2876706                          
    13:pent gF a0.035616438   0.0057654       0.0124100       0.8325796E-04   0.2876706                          
    14:pent gF a0.041095890   0.0057654       0.0124100       0.8325796E-04   0.2876706                          
    15:pent gF a0.049315068   0.0057654       0.0124100       0.8325796E-04   0.2876706                          
    16:pent gF a0.052054794   0.0057654       0.0124100       0.8325796E-04   0.2876706                          
    17:pent gF a0.065753424   0.0057654       0.0124100       0.8325796E-04   0.2876706                          
    18:pent gF a0.071232876   0.0057654       0.0124100       0.8325796E-04   0.2876706                          
    19:pent gF a0.098630136   0.0057654       0.0124100       0.8325796E-04   0.2876706                          
    20:pent gF a0.101369863   0.0057654       0.0124100       0.8325796E-04   0.2876706                          
    21:pent gF a0.106849315   0.0057654       0.0124100       0.8325796E-04   0.2876706                          
    22:pent gF a0.109589041   0.0057654       0.0124100       0.8325796E-04   0.2876706                          
    23:pent gF a0.120547945   0.0057654       0.0124100       0.8325796E-04   0.2876706                          
    24:pent gF a0.350684931   0.0057654       0.0124100       0.8325796E-04   0.2876706                          
    25:pent gF a0.358904109   0.0057654       0.0124100       0.8325796E-04   0.2876706                          
    26:pent gF a0.613698630   0.0057654       0.0124100       0.8325796E-04   0.2876706                          
    27:pent gF a0.638356164   0.0057654       0.0124100       0.8325796E-04   0.2876706                          
    28:pent gF a0.646575342   0.0057654       0.0124100       0.8325796E-04   0.2876706                          
    29:pent gF a0.649315068   0.0057654       0.0124100       0.8325796E-04   0.2876706                          
    30:pent gF a0.652054794   0.0057654       0.0124100       0.8325796E-04   0.2876706                          
    31:pent gF a0.704109589   0.0057654       0.0124100       0.8325796E-04   0.2876706                          
    32:pent gF a0.706849315   0.0057654       0.0124100       0.8325796E-04   0.2876706                          
    33:pent gF a0.709589041   0.0057654       0.0124100       0.8325796E-04   0.2876706                          
    34:pent gF a0.827397260   0.0057654       0.0124100       0.8325796E-04   0.2876706                          
    35:pent gF a1.402739726   0.0057654       0.0124100       0.8325796E-04   0.2876706                          
    36:pent gF a1.405479452   0.0057654       0.0124100       0.8325796E-04   0.2876706                          
    37:pent gF a1.408219178   0.0057654       0.0124100       0.8325796E-04   0.2876706                          
    38:pent gM a0.005479452   0.0088072       0.0090701       0.0011581       0.0637515                          
    39:pent gM a0.008219178   0.0088072       0.0090701       0.0011581       0.0637515                          
    40:pent gM a0.010958904   0.0088072       0.0090701       0.0011581       0.0637515                          
    41:pent gM a0.016438356   0.0088072       0.0090701       0.0011581       0.0637515                          
    42:pent gM a0.024657534   0.0088072       0.0090701       0.0011581       0.0637515                          
    43:pent gM a0.027397260   0.0088072       0.0090701       0.0011581       0.0637515                          
    44:pent gM a0.030136986   0.0088072       0.0090701       0.0011581       0.0637515                          
    45:pent gM a0.035616438   0.0088072       0.0090701       0.0011581       0.0637515                          
    46:pent gM a0.041095890   0.0088072       0.0090701       0.0011581       0.0637515                          
    47:pent gM a0.049315068   0.0088072       0.0090701       0.0011581       0.0637515                          
    48:pent gM a0.052054794   0.0088072       0.0090701       0.0011581       0.0637515                          
    49:pent gM a0.065753424   0.0088072       0.0090701       0.0011581       0.0637515                          
    50:pent gM a0.071232876   0.0088072       0.0090701       0.0011581       0.0637515                          
    51:pent gM a0.098630136   0.0088072       0.0090701       0.0011581       0.0637515                          

  Program  MARK  - Survival Rate Estimation with Capture-Recapture Data
   gfortran(dble) Vers. 9.0 Mar 2018    25-Mar-2020 12:21:25    Page  011
 - - - - - - - - - - - - - - - - - - - - - - - - - - - - - - - - - - - - - -
 
    52:pent gM a0.101369863   0.0088072       0.0090701       0.0011581       0.0637515                          
    53:pent gM a0.106849315   0.0088072       0.0090701       0.0011581       0.0637515                          
    54:pent gM a0.109589041   0.0088072       0.0090701       0.0011581       0.0637515                          
    55:pent gM a0.120547945   0.0088072       0.0090701       0.0011581       0.0637515                          
    56:pent gM a0.350684931   0.0088072       0.0090701       0.0011581       0.0637515                          
    57:pent gM a0.358904109   0.0088072       0.0090701       0.0011581       0.0637515                          
    58:pent gM a0.613698630   0.0088072       0.0090701       0.0011581       0.0637515                          
    59:pent gM a0.638356164   0.0088072       0.0090701       0.0011581       0.0637515                          
    60:pent gM a0.646575342   0.0088072       0.0090701       0.0011581       0.0637515                          
    61:pent gM a0.649315068   0.0088072       0.0090701       0.0011581       0.0637515                          
    62:pent gM a0.652054794   0.0088072       0.0090701       0.0011581       0.0637515                          
    63:pent gM a0.704109589   0.0088072       0.0090701       0.0011581       0.0637515                          
    64:pent gM a0.706849315   0.0088072       0.0090701       0.0011581       0.0637515                          
    65:pent gM a0.709589041   0.0088072       0.0090701       0.0011581       0.0637515                          
    66:pent gM a0.827397260   0.0088072       0.0090701       0.0011581       0.0637515                          
    67:pent gM a1.402739726   0.0088072       0.0090701       0.0011581       0.0637515                          
    68:pent gM a1.405479452   0.0088072       0.0090701       0.0011581       0.0637515                          
    69:pent gM a1.408219178   0.0088072       0.0090701       0.0011581       0.0637515                          


                      Estimates of Derived Parameters
 Gross Birth+Immigration Estimates of { Phi(~sex)p(~sex)pent(~sex)N(~1) }
                                                95% Confidence Interval
 Grp. Occ.   B*-hat          Standard Error      Lower           Upper
 ---- ----   --------------  --------------  --------------  --------------
   1     1    0.1284320       0.2888539       0.0092510       1.7830254    
   1     2    0.1281318       0.2880857       0.0092330       1.7781577    
   1     3    0.1281318       0.2880857       0.0092330       1.7781577    
   1     4    0.1284320       0.2888539       0.0092510       1.7830254    
   1     5    0.1287326       0.2896234       0.0092690       1.7879022    
   1     6    0.1281318       0.2880857       0.0092330       1.7781577    
   1     7    0.1281318       0.2880857       0.0092330       1.7781577    
   1     8    0.1284320       0.2888539       0.0092510       1.7830254    
   1     9    0.1284320       0.2888539       0.0092510       1.7830254    
   1    10    0.1287326       0.2896234       0.0092690       1.7879022    
   1    11    0.1281318       0.2880857       0.0092330       1.7781577    
   1    12    0.1293352       0.2911668       0.0093051       1.7976832    
   1    13    0.1284320       0.2888539       0.0092510       1.7830254    
   1    14    0.1308500       0.2950496       0.0093957       1.8222958    
   1    15    0.1281318       0.2880857       0.0092330       1.7781577    
   1    16    0.1284320       0.2888539       0.0092510       1.7830254    
   1    17    0.1281318       0.2880857       0.0092330       1.7781577    
   1    18    0.1290337       0.2903944       0.0092870       1.7927881    
   1    19    0.1546313       0.3566004       0.0108037       2.2132179    
   1    20    0.1287326       0.2896234       0.0092690       1.7879022    

  Program  MARK  - Survival Rate Estimation with Capture-Recapture Data
   gfortran(dble) Vers. 9.0 Mar 2018    25-Mar-2020 12:21:25    Page  012
 - - - - - - - - - - - - - - - - - - - - - - - - - - - - - - - - - - - - - -
 
   1    21    0.1576967       0.3646050       0.0109835       2.2641473    
   1    22    0.1305461       0.2942702       0.0093775       1.8173550    
   1    23    0.1287326       0.2896234       0.0092690       1.7879022    
   1    24    0.1281318       0.2880857       0.0092330       1.7781577    
   1    25    0.1281318       0.2880857       0.0092330       1.7781577    
   1    26    0.1336061       0.3021269       0.0095602       1.8671742    
   1    27    0.1281318       0.2880857       0.0092330       1.7781577    
   1    28    0.1281318       0.2880857       0.0092330       1.7781577    
   1    29    0.1411404       0.3215542       0.0100080       1.9904675    
   1    30    0.2008650       0.4785642       0.0134903       2.9907953    
   1    31    0.1281318       0.2880857       0.0092330       1.7781577    
   1    32    0.1281318       0.2880857       0.0092330       1.7781577    
   2     1    0.3100456       0.3424657       0.0538576       1.7848605    
   2     2    0.3099078       0.3422573       0.0538443       1.7837137    
   2     3    0.3099078       0.3422573       0.0538443       1.7837137    
   2     4    0.3100456       0.3424657       0.0538576       1.7848605    
   2     5    0.3101835       0.3426743       0.0538709       1.7860080    
   2     6    0.3099078       0.3422573       0.0538443       1.7837137    
   2     7    0.3099078       0.3422573       0.0538443       1.7837137    
   2     8    0.3100456       0.3424657       0.0538576       1.7848605    
   2     9    0.3100456       0.3424657       0.0538576       1.7848605    
   2    10    0.3101835       0.3426743       0.0538709       1.7860080    
   2    11    0.3099078       0.3422573       0.0538443       1.7837137    
   2    12    0.3104594       0.3430918       0.0538974       1.7883050    
   2    13    0.3100456       0.3424657       0.0538576       1.7848605    
   2    14    0.3111499       0.3441375       0.0539638       1.7940596    
   2    15    0.3099078       0.3422573       0.0538443       1.7837137    
   2    16    0.3100456       0.3424657       0.0538576       1.7848605    
   2    17    0.3099078       0.3422573       0.0538443       1.7837137    
   2    18    0.3103214       0.3428830       0.0538842       1.7871562    
   2    19    0.3214889       0.3599439       0.0549400       1.8812373    
   2    20    0.3101835       0.3426743       0.0538709       1.7860080    
   2    21    0.3227616       0.3619085       0.0550580       1.8920971    
   2    22    0.3110117       0.3439281       0.0539505       1.7929073    
   2    23    0.3101835       0.3426743       0.0538709       1.7860080    
   2    24    0.3099078       0.3422573       0.0538443       1.7837137    
   2    25    0.3099078       0.3422573       0.0538443       1.7837137    
   2    26    0.3123954       0.3460268       0.0540831       1.8044611    
   2    27    0.3099078       0.3422573       0.0538443       1.7837137    
   2    28    0.3099078       0.3422573       0.0538443       1.7837137    
   2    29    0.3157329       0.3511099       0.0544005       1.8324707    
   2    30    0.3396074       0.3882777       0.0565815       2.0383562    
   2    31    0.3099078       0.3422573       0.0538443       1.7837137    
   2    32    0.3099078       0.3422573       0.0538443       1.7837137    

  Net Birth+Immigration Estimates of { Phi(~sex)p(~sex)pent(~sex)N(~1) }
                                                95% Confidence Interval
 Grp. Occ.   B-hat           Standard Error      Lower           Upper
 ---- ----   --------------  --------------  --------------  --------------
   1     1    0.1278322       0.2873190       0.0092151       1.7732992    
   1     2    0.1278322       0.2873190       0.0092151       1.7732992    
   1     3    0.1278322       0.2873190       0.0092151       1.7732992    
   1     4    0.1278322       0.2873190       0.0092151       1.7732992    
   1     5    0.1278322       0.2873190       0.0092151       1.7732992    
   1     6    0.1278322       0.2873190       0.0092151       1.7732992    
   1     7    0.1278322       0.2873190       0.0092151       1.7732992    
   1     8    0.1278322       0.2873190       0.0092151       1.7732992    
   1     9    0.1278322       0.2873190       0.0092151       1.7732992    
   1    10    0.1278322       0.2873190       0.0092151       1.7732992    
   1    11    0.1278322       0.2873190       0.0092151       1.7732992    
   1    12    0.1278322       0.2873190       0.0092151       1.7732992    
   1    13    0.1278322       0.2873190       0.0092151       1.7732992    
   1    14    0.1278322       0.2873190       0.0092151       1.7732992    
   1    15    0.1278322       0.2873190       0.0092151       1.7732992    
   1    16    0.1278322       0.2873190       0.0092151       1.7732992    
   1    17    0.1278322       0.2873190       0.0092151       1.7732992    
   1    18    0.1278322       0.2873190       0.0092151       1.7732992    
   1    19    0.1278322       0.2873190       0.0092151       1.7732992    
   1    20    0.1278322       0.2873190       0.0092151       1.7732992    
   1    21    0.1278322       0.2873190       0.0092151       1.7732992    
   1    22    0.1278322       0.2873190       0.0092151       1.7732992    
   1    23    0.1278322       0.2873190       0.0092151       1.7732992    
   1    24    0.1278322       0.2873190       0.0092151       1.7732992    
   1    25    0.1278322       0.2873190       0.0092151       1.7732992    
   1    26    0.1278322       0.2873190       0.0092151       1.7732992    
   1    27    0.1278322       0.2873190       0.0092151       1.7732992    
   1    28    0.1278322       0.2873190       0.0092151       1.7732992    
   1    29    0.1278322       0.2873190       0.0092151       1.7732992    
   1    30    0.1278322       0.2873190       0.0092151       1.7732992    
   1    31    0.1278322       0.2873190       0.0092151       1.7732992    
   1    32    0.1278322       0.2873190       0.0092151       1.7732992    
   2     1    0.3097699       0.3420489       0.0538310       1.7825676    
   2     2    0.3097699       0.3420489       0.0538310       1.7825676    
   2     3    0.3097699       0.3420489       0.0538310       1.7825676    
   2     4    0.3097699       0.3420489       0.0538310       1.7825676    
   2     5    0.3097699       0.3420489       0.0538310       1.7825676    
   2     6    0.3097699       0.3420489       0.0538310       1.7825676    
   2     7    0.3097699       0.3420489       0.0538310       1.7825676    
   2     8    0.3097699       0.3420489       0.0538310       1.7825676    
   2     9    0.3097699       0.3420489       0.0538310       1.7825676    
   2    10    0.3097699       0.3420489       0.0538310       1.7825676    
   2    11    0.3097699       0.3420489       0.0538310       1.7825676    
   2    12    0.3097699       0.3420489       0.0538310       1.7825676    
   2    13    0.3097699       0.3420489       0.0538310       1.7825676    
   2    14    0.3097699       0.3420489       0.0538310       1.7825676    
   2    15    0.3097699       0.3420489       0.0538310       1.7825676    
   2    16    0.3097699       0.3420489       0.0538310       1.7825676    
   2    17    0.3097699       0.3420489       0.0538310       1.7825676    
   2    18    0.3097699       0.3420489       0.0538310       1.7825676    
   2    19    0.3097699       0.3420489       0.0538310       1.7825676    
   2    20    0.3097699       0.3420489       0.0538310       1.7825676    
   2    21    0.3097699       0.3420489       0.0538310       1.7825676    
   2    22    0.3097699       0.3420489       0.0538310       1.7825676    
   2    23    0.3097699       0.3420489       0.0538310       1.7825676    
   2    24    0.3097699       0.3420489       0.0538310       1.7825676    
   2    25    0.3097699       0.3420489       0.0538310       1.7825676    
   2    26    0.3097699       0.3420489       0.0538310       1.7825676    
   2    27    0.3097699       0.3420489       0.0538310       1.7825676    
   2    28    0.3097699       0.3420489       0.0538310       1.7825676    
   2    29    0.3097699       0.3420489       0.0538310       1.7825676    
   2    30    0.3097699       0.3420489       0.0538310       1.7825676    
   2    31    0.3097699       0.3420489       0.0538310       1.7825676    
   2    32    0.3097699       0.3420489       0.0538310       1.7825676    

       Population Estimates of { Phi(~sex)p(~sex)pent(~sex)N(~1) }
                                                95% Confidence Interval
 Grp. Occ.   N-hat           Standard Error      Lower           Upper
 ---- ----   --------------  --------------  --------------  --------------
   1     1    18.081786       7.6273096       8.1803967       39.967619    
   1     2    18.040983       7.3390382       8.3782948       38.847649    

  Program  MARK  - Survival Rate Estimation with Capture-Recapture Data
   gfortran(dble) Vers. 9.0 Mar 2018    25-Mar-2020 12:21:25    Page  013
 - - - - - - - - - - - - - - - - - - - - - - - - - - - - - - - - - - - - - -
 
   1     3    18.084490       7.0666719       8.6383280       37.860196    
   1     4    18.127795       6.7975243       8.9042233       36.905738    
   1     5    18.086562       6.5229787       9.1137536       35.893414    
   1     6    17.961965       6.2462121       9.2630171       34.830141    
   1     7    18.005842       5.9878056       9.5440440       33.969914    
   1     8    18.049514       5.7336338       9.8296665       33.143033    
   1     9    18.009012       5.4806810       10.049716       32.272008    
   1    10    17.968887       5.2339490       10.270943       31.436346    
   1    11    17.845933       4.9933091       10.419372       30.565883    
   1    12    17.890352       4.7597474       10.715500       29.869319    
   1    13    17.603972       4.5409269       10.704502       28.950421    
   1    14    17.567625       4.3242666       10.920936       28.259616    
   1    15    16.891394       4.1585788       10.499663       27.174131    
   1    16    16.940275       3.9540995       10.786077       26.605867    
   1    17    16.910118       3.7678228       10.984384       26.032602    
   1    18    16.958911       3.5856082       11.256149       25.550893    
   1    19    16.771892       3.4444288       11.260836       24.980061    
   1    20    11.443219       4.0651007       5.8223661       22.490387    
   1    21    11.411342       3.9153955       5.9341652       21.943898    
   1    22    7.5087777       3.9904814       2.8250082       19.958081    
   1    23    7.3265836       3.8343539       2.7931272       19.218182    
   1    24    7.3521606       3.7011263       2.8964325       18.662360    
   1    25    7.4456284       3.5873974       3.0407621       18.231411    
   1    26    7.5386593       3.4937334       3.1756250       17.896126    
   1    27    7.0244364       3.4164897       2.8469203       17.331959    
   1    28    7.1194359       3.3571616       2.9581907       17.134246    
   1    29    7.2139915       3.3209557       3.0548497       17.035755    
   1    30    6.0255586       3.2198551       2.2562209       16.092111    
   1    31    2.3805962       2.2076925       0.5083010       11.149375    
   1    32    2.4973013       2.1536709       0.5790838       10.769623    
   1    33    2.6134609       2.1371933       0.6428277       10.625208    
   2     1    25.259777       8.6432581       13.157960       48.492040    
   2     2    25.524642       8.3183158       13.693782       47.576874    
   2     3    25.811713       7.9948371       14.261929       46.714897    
   2     4    26.098530       7.6731908       14.842936       45.889388    
   2     5    26.361904       7.3548058       15.414470       45.084258    
   2     6    26.601408       7.0406438       15.974008       44.299144    
   2     7    26.887522       6.7255915       16.590185       43.576297    
   2     8    27.173382       6.4133238       17.217101       42.887166    
   2     9    27.434845       6.1068692       17.828369       42.217585    
   2    10    27.695843       5.8042776       18.447463       41.580769    
   2    11    27.931791       5.5094796       19.045737       40.963758    
   2    12    28.216723       5.2124293       19.705154       40.404832    
   2    13    28.401255       4.9374022       20.251547       39.830600    
   2    14    28.660535       4.6563632       20.887678       39.325876    
   2    15    28.716454       4.4249996       21.268317       38.772920    

  Program  MARK  - Survival Rate Estimation with Capture-Recapture Data
   gfortran(dble) Vers. 9.0 Mar 2018    25-Mar-2020 12:21:25    Page  014
 - - - - - - - - - - - - - - - - - - - - - - - - - - - - - - - - - - - - - -
 
   2    16    29.000688       4.1545595       21.932292       38.347103    
   2    17    29.258902       3.9006379       22.556815       37.952314    
   2    18    29.542653       3.6530544       23.205584       37.610273    
   2    19    29.747478       3.4401125       23.732248       37.287342    
   2    20    27.915211       4.0762117       20.999077       37.109203    
   2    21    28.150575       3.9005272       21.483419       36.886814    
   2    22    26.224962       4.9894609       18.121871       37.951305    
   2    23    26.325589       4.9403897       18.281622       37.908923    
   2    24    26.565190       4.8259241       18.660847       37.817646    
   2    25    26.851336       4.7026227       19.099064       37.750241    
   2    26    27.137228       4.6006878       19.510849       37.744598    
   2    27    26.992138       4.7817750       19.125108       38.095237    
   2    28    27.277905       4.7191999       19.481887       38.193635    
   2    29    27.563417       4.6798607       19.807723       38.355846    
   2    30    26.838652       5.2386078       18.372286       39.206513    
   2    31    22.574736       7.6906835       11.791148       43.220448    
   2    32    22.864431       7.6248272       12.098907       43.209047    
   2    33    23.153869       7.5735415       12.394765       43.252262    

    Gross Population Estimates of { Phi(~sex)p(~sex)pent(~sex)N(~1) }
                                                95% Confidence Interval
 Grp. Occ.   N*-hat          Standard Error      Lower           Upper
 ---- ----   --------------  --------------  --------------  --------------
   1     0    22.340727       4.0480012       15.707459       31.775228    
   2     0    35.244514       3.8580089       28.457132       43.650772    

   CPU Time for the last procedure was 0.12 seconds.     

  Program  MARK  - Survival Rate Estimation with Capture-Recapture Data
   gfortran(dble) Vers. 9.0 Mar 2018    25-Mar-2020 12:21:25    Page  015
 - - - - - - - - - - - - - - - - - - - - - - - - - - - - - - - - - - - - - -
 


  INPUT --- proc stop;

     CPU Time in minutes for this job was 0.00

     Time Start = 12:21:24.920   Time End = 12:21:25.366

     Wall Clock Time in minutes for this job was 0.01


          E X E C U T I O N   S U C C E S S F U L 
