
   Program  MARK  - Survival Rate Estimation with Capture-Recapture Data
   gfortran(dble) Vers. 9.0 Mar 2018    25-Mar-2020 14:22:01    Page  001
 - - - - - - - - - - - - - - - - - - - - - - - - - - - - - - - - - - - - - -
 
   This version was compiled by GCC version 7.2.0 using the options: 
     -cpp -iprefix C:/Program Files/mingw-w64/x86_64-7.2.0-posix-seh-rt_v5-rev1/
     mingw64/bin/../lib/gcc/x86_64-w64-mingw32/7.2.0/ -D_MT -D_REENTRANT
     -U_REENTRANT -D IEEE -D DBLEPRECISION -m64 -mtune=core2 -march=nocona -mthreads
     -O2 -fimplicit-none -fbounds-check -funroll-loops -ftree-vectorize
     -ffpe-summary=invalid,zero,overflow,underflow -fno-unsafe-math-optimizations
     -frounding-math -fsignaling-nans -fopenmp.

   This problem will use 15 of 16 possible threads.


  INPUT --- proc title ;

   CPU Time for the last procedure was 0.01 seconds.     


  INPUT --- proc chmatrix occasions= 33 groups= 2 etype= POPAN Nodes= 
  INPUT --- 101 ICMeans NoHist hist= 41  ;

  INPUT ---    time interval 0.00547945205479452 0.00273972602739726 
  INPUT ---    0.00273972602739726 0.00547945205479452  
  INPUT ---    0.00821917808219178 0.00273972602739726 0.00273972602739726 
  INPUT ---    0.00547945205479452  0.00547945205479452 
  INPUT ---    0.00821917808219178 0.00273972602739726 0.0136986301369863 
  INPUT ---    0.00547945205479452  0.0273972602739726 0.00273972602739726 
  INPUT ---    0.00547945205479452 0.00273972602739726 0.010958904109589  
  INPUT ---    0.23013698630137 0.00821917808219178 0.254794520547945 
  INPUT ---    0.0246575342465753 0.00821917808219178  0.00273972602739726 
  INPUT ---    0.00273972602739726 0.0520547945205479 0.00273972602739726 
  INPUT ---    0.00273972602739726  0.117808219178082 0.575342465753425 
  INPUT ---    0.00273972602739726 0.00273972602739726 ;

  INPUT ---    glabel(1)=sexF;

  INPUT ---    glabel(2)=sexM;

   * *  WARNING  * *   At least a pair of the encounter histories are duplicates. 

      Number of unique encounter histories read was 38.

      Number of individual covariates read was 0.
      Time interval lengths vary and/or not equal to 1.

      Data type number is 19
      Data type is POPAN                                                                                               

   CPU Time for the last procedure was 0.02 seconds.     

  Program  MARK  - Survival Rate Estimation with Capture-Recapture Data
   gfortran(dble) Vers. 9.0 Mar 2018    25-Mar-2020 14:22:01    Page  002
 - - - - - - - - - - - - - - - - - - - - - - - - - - - - - - - - - - - - - -
 


  INPUT --- proc estimate link=Parm-Specific NOLOOP varest=2ndPart    ;


  INPUT --- model={ Phi(~1)p(~1)pent(~sex)N(~1) };

  INPUT ---    group=1 Phi    rows=1 cols=32 Square ;
  INPUT ---        1 1 1 1 1 1 1 1 1 1 1 1 1 1 1 1 1 1 1 1 1 1 1 1 1 1 1 1 1 
  INPUT ---       1 1 1 ;

  INPUT ---    group=2 Phi    rows=1 cols=32 Square ;
  INPUT ---        1 1 1 1 1 1 1 1 1 1 1 1 1 1 1 1 1 1 1 1 1 1 1 1 1 1 1 1 1 
  INPUT ---       1 1 1 ;

  INPUT ---    group=1 p    rows=1 cols=33 Square ;
  INPUT ---        2 2 2 2 2 2 2 2 2 2 2 2 2 2 2 2 2 2 2 2 2 2 2 2 2 2 2 2 2 
  INPUT ---       2 2 2 2 ;

  INPUT ---    group=2 p    rows=1 cols=33 Square ;
  INPUT ---        2 2 2 2 2 2 2 2 2 2 2 2 2 2 2 2 2 2 2 2 2 2 2 2 2 2 2 2 2 
  INPUT ---       2 2 2 2 ;

  INPUT ---    group=1 pent    rows=1 cols=32 Square ;
  INPUT ---        4 5 6 7 8 9 10 11 12 13 14 15 16 17 18 19 20 21 22 23 24 
  INPUT ---       25 26 27 28 29 30 31 32 33 34 35 ;

  INPUT ---    group=2 pent    rows=1 cols=32 Square ;
  INPUT ---        36 37 38 39 40 41 42 43 44 45 46 47 48 49 50 51 52 53 54 
  INPUT ---       55 56 57 58 59 60 61 62 63 64 65 66 67 ;

  INPUT ---    group=1 N    rows=1 cols=1 Square ;
  INPUT ---        3 ;

  INPUT ---    group=2 N    rows=1 cols=1 Square ;
  INPUT ---        3 ;

  INPUT ---    design matrix constraints=67 covariates=5;
  INPUT ---        1 0 0 0 0;
  INPUT ---        0 1 0 0 0;
  INPUT ---        0 0 0 0 1;
  INPUT ---        0 0 1 0 0;
  INPUT ---        0 0 1 0 0;
  INPUT ---        0 0 1 0 0;
  INPUT ---        0 0 1 0 0;
  INPUT ---        0 0 1 0 0;

  Program  MARK  - Survival Rate Estimation with Capture-Recapture Data
   gfortran(dble) Vers. 9.0 Mar 2018    25-Mar-2020 14:22:01    Page  003
 - - - - - - - - - - - - - - - - - - - - - - - - - - - - - - - - - - - - - -
 
  INPUT ---        0 0 1 0 0;
  INPUT ---        0 0 1 0 0;
  INPUT ---        0 0 1 0 0;
  INPUT ---        0 0 1 0 0;
  INPUT ---        0 0 1 0 0;
  INPUT ---        0 0 1 0 0;
  INPUT ---        0 0 1 0 0;
  INPUT ---        0 0 1 0 0;
  INPUT ---        0 0 1 0 0;
  INPUT ---        0 0 1 0 0;
  INPUT ---        0 0 1 0 0;
  INPUT ---        0 0 1 0 0;
  INPUT ---        0 0 1 0 0;
  INPUT ---        0 0 1 0 0;
  INPUT ---        0 0 1 0 0;
  INPUT ---        0 0 1 0 0;
  INPUT ---        0 0 1 0 0;
  INPUT ---        0 0 1 0 0;
  INPUT ---        0 0 1 0 0;
  INPUT ---        0 0 1 0 0;
  INPUT ---        0 0 1 0 0;
  INPUT ---        0 0 1 0 0;
  INPUT ---        0 0 1 0 0;
  INPUT ---        0 0 1 0 0;
  INPUT ---        0 0 1 0 0;
  INPUT ---        0 0 1 0 0;
  INPUT ---        0 0 1 0 0;
  INPUT ---        0 0 1 1 0;
  INPUT ---        0 0 1 1 0;
  INPUT ---        0 0 1 1 0;
  INPUT ---        0 0 1 1 0;
  INPUT ---        0 0 1 1 0;
  INPUT ---        0 0 1 1 0;
  INPUT ---        0 0 1 1 0;
  INPUT ---        0 0 1 1 0;
  INPUT ---        0 0 1 1 0;
  INPUT ---        0 0 1 1 0;
  INPUT ---        0 0 1 1 0;
  INPUT ---        0 0 1 1 0;
  INPUT ---        0 0 1 1 0;
  INPUT ---        0 0 1 1 0;
  INPUT ---        0 0 1 1 0;
  INPUT ---        0 0 1 1 0;
  INPUT ---        0 0 1 1 0;
  INPUT ---        0 0 1 1 0;
  INPUT ---        0 0 1 1 0;

  Program  MARK  - Survival Rate Estimation with Capture-Recapture Data
   gfortran(dble) Vers. 9.0 Mar 2018    25-Mar-2020 14:22:02    Page  004
 - - - - - - - - - - - - - - - - - - - - - - - - - - - - - - - - - - - - - -
 
  INPUT ---        0 0 1 1 0;
  INPUT ---        0 0 1 1 0;
  INPUT ---        0 0 1 1 0;
  INPUT ---        0 0 1 1 0;
  INPUT ---        0 0 1 1 0;
  INPUT ---        0 0 1 1 0;
  INPUT ---        0 0 1 1 0;
  INPUT ---        0 0 1 1 0;
  INPUT ---        0 0 1 1 0;
  INPUT ---        0 0 1 1 0;
  INPUT ---        0 0 1 1 0;
  INPUT ---        0 0 1 1 0;
  INPUT ---        0 0 1 1 0;

  INPUT ---    links=67;

  INPUT ---    Logit;

  INPUT ---    Logit;

  INPUT ---    Log;

  INPUT ---    mlogit(1);

  INPUT ---    mlogit(1);

  INPUT ---    mlogit(1);

  INPUT ---    mlogit(1);

  INPUT ---    mlogit(1);

  INPUT ---    mlogit(1);

  INPUT ---    mlogit(1);

  INPUT ---    mlogit(1);

  INPUT ---    mlogit(1);

  INPUT ---    mlogit(1);

  INPUT ---    mlogit(1);

  INPUT ---    mlogit(1);


  Program  MARK  - Survival Rate Estimation with Capture-Recapture Data
   gfortran(dble) Vers. 9.0 Mar 2018    25-Mar-2020 14:22:02    Page  005
 - - - - - - - - - - - - - - - - - - - - - - - - - - - - - - - - - - - - - -
 
  INPUT ---    mlogit(1);

  INPUT ---    mlogit(1);

  INPUT ---    mlogit(1);

  INPUT ---    mlogit(1);

  INPUT ---    mlogit(1);

  INPUT ---    mlogit(1);

  INPUT ---    mlogit(1);

  INPUT ---    mlogit(1);

  INPUT ---    mlogit(1);

  INPUT ---    mlogit(1);

  INPUT ---    mlogit(1);

  INPUT ---    mlogit(1);

  INPUT ---    mlogit(1);

  INPUT ---    mlogit(1);

  INPUT ---    mlogit(1);

  INPUT ---    mlogit(1);

  INPUT ---    mlogit(1);

  INPUT ---    mlogit(1);

  INPUT ---    mlogit(1);

  INPUT ---    mlogit(1);

  INPUT ---    mlogit(2);

  INPUT ---    mlogit(2);

  INPUT ---    mlogit(2);


  Program  MARK  - Survival Rate Estimation with Capture-Recapture Data
   gfortran(dble) Vers. 9.0 Mar 2018    25-Mar-2020 14:22:02    Page  006
 - - - - - - - - - - - - - - - - - - - - - - - - - - - - - - - - - - - - - -
 
  INPUT ---    mlogit(2);

  INPUT ---    mlogit(2);

  INPUT ---    mlogit(2);

  INPUT ---    mlogit(2);

  INPUT ---    mlogit(2);

  INPUT ---    mlogit(2);

  INPUT ---    mlogit(2);

  INPUT ---    mlogit(2);

  INPUT ---    mlogit(2);

  INPUT ---    mlogit(2);

  INPUT ---    mlogit(2);

  INPUT ---    mlogit(2);

  INPUT ---    mlogit(2);

  INPUT ---    mlogit(2);

  INPUT ---    mlogit(2);

  INPUT ---    mlogit(2);

  INPUT ---    mlogit(2);

  INPUT ---    mlogit(2);

  INPUT ---    mlogit(2);

  INPUT ---    mlogit(2);

  INPUT ---    mlogit(2);

  INPUT ---    mlogit(2);

  INPUT ---    mlogit(2);


  Program  MARK  - Survival Rate Estimation with Capture-Recapture Data
   gfortran(dble) Vers. 9.0 Mar 2018    25-Mar-2020 14:22:02    Page  007
 - - - - - - - - - - - - - - - - - - - - - - - - - - - - - - - - - - - - - -
 
  INPUT ---    mlogit(2);

  INPUT ---    mlogit(2);

  INPUT ---    mlogit(2);

  INPUT ---    mlogit(2);

  INPUT ---    mlogit(2);

  INPUT ---    mlogit(2);
  INPUT ---       blabel(1)=Phi:(Intercept);
  INPUT ---       blabel(2)=p:(Intercept);
  INPUT ---       blabel(3)=pent:(Intercept);
  INPUT ---       blabel(4)=pent:sexM;
  INPUT ---       blabel(5)=N:(Intercept);
  INPUT ---       rlabel(1)=Phi gF a0 t1;
  INPUT ---       rlabel(2)=p gF a0 t1;
  INPUT ---       rlabel(3)=N gF a0 t1;
  INPUT ---       rlabel(4)=pent gF a0.00547945205479452 t1.00547945205479;
  INPUT ---       rlabel(5)=pent gF a0.00821917808219178 t1.00821917808219;
  INPUT ---       rlabel(6)=pent gF a0.010958904109589 t1.01095890410959;
  INPUT ---       rlabel(7)=pent gF a0.0164383561643836 t1.01643835616438;
  INPUT ---       rlabel(8)=pent gF a0.0246575342465753 t1.02465753424658;
  INPUT ---       rlabel(9)=pent gF a0.0273972602739726 t1.02739726027397;
  INPUT ---       rlabel(10)=pent gF a0.0301369863013699 t1.03013698630137;
  INPUT ---       rlabel(11)=pent gF a0.0356164383561644 t1.03561643835616;
  INPUT ---       rlabel(12)=pent gF a0.0410958904109589 t1.04109589041096;
  INPUT ---       rlabel(13)=pent gF a0.0493150684931507 t1.04931506849315;
  INPUT ---       rlabel(14)=pent gF a0.0520547945205479 t1.05205479452055;
  INPUT ---       rlabel(15)=pent gF a0.0657534246575342 t1.06575342465753;
  INPUT ---       rlabel(16)=pent gF a0.0712328767123288 t1.07123287671233;
  INPUT ---       rlabel(17)=pent gF a0.0986301369863014 t1.0986301369863;
  INPUT ---       rlabel(18)=pent gF a0.101369863013699 t1.1013698630137;
  INPUT ---       rlabel(19)=pent gF a0.106849315068493 t1.10684931506849;
  INPUT ---       rlabel(20)=pent gF a0.10958904109589 t1.10958904109589;
  INPUT ---       rlabel(21)=pent gF a0.120547945205479 t1.12054794520548;
  INPUT ---       rlabel(22)=pent gF a0.350684931506849 t1.35068493150685;
  INPUT ---       rlabel(23)=pent gF a0.358904109589041 t1.35890410958904;
  INPUT ---       rlabel(24)=pent gF a0.613698630136986 t1.61369863013699;
  INPUT ---       rlabel(25)=pent gF a0.638356164383562 t1.63835616438356;
  INPUT ---       rlabel(26)=pent gF a0.646575342465753 t1.64657534246575;
  INPUT ---       rlabel(27)=pent gF a0.649315068493151 t1.64931506849315;
  INPUT ---       rlabel(28)=pent gF a0.652054794520548 t1.65205479452055;
  INPUT ---       rlabel(29)=pent gF a0.704109589041096 t1.7041095890411;
  INPUT ---       rlabel(30)=pent gF a0.706849315068493 t1.70684931506849;

  Program  MARK  - Survival Rate Estimation with Capture-Recapture Data
   gfortran(dble) Vers. 9.0 Mar 2018    25-Mar-2020 14:22:02    Page  008
 - - - - - - - - - - - - - - - - - - - - - - - - - - - - - - - - - - - - - -
 
  INPUT ---       rlabel(31)=pent gF a0.70958904109589 t1.70958904109589;
  INPUT ---       rlabel(32)=pent gF a0.827397260273973 t1.82739726027397;
  INPUT ---       rlabel(33)=pent gF a1.4027397260274 t2.4027397260274;
  INPUT ---       rlabel(34)=pent gF a1.40547945205479 t2.40547945205479;
  INPUT ---       rlabel(35)=pent gF a1.40821917808219 t2.40821917808219;
  INPUT ---       rlabel(36)=pent gM a0.00547945205479452 t1.00547945205479;
  INPUT ---       rlabel(37)=pent gM a0.00821917808219178 t1.00821917808219;
  INPUT ---       rlabel(38)=pent gM a0.010958904109589 t1.01095890410959;
  INPUT ---       rlabel(39)=pent gM a0.0164383561643836 t1.01643835616438;
  INPUT ---       rlabel(40)=pent gM a0.0246575342465753 t1.02465753424658;
  INPUT ---       rlabel(41)=pent gM a0.0273972602739726 t1.02739726027397;
  INPUT ---       rlabel(42)=pent gM a0.0301369863013699 t1.03013698630137;
  INPUT ---       rlabel(43)=pent gM a0.0356164383561644 t1.03561643835616;
  INPUT ---       rlabel(44)=pent gM a0.0410958904109589 t1.04109589041096;
  INPUT ---       rlabel(45)=pent gM a0.0493150684931507 t1.04931506849315;
  INPUT ---       rlabel(46)=pent gM a0.0520547945205479 t1.05205479452055;
  INPUT ---       rlabel(47)=pent gM a0.0657534246575342 t1.06575342465753;
  INPUT ---       rlabel(48)=pent gM a0.0712328767123288 t1.07123287671233;
  INPUT ---       rlabel(49)=pent gM a0.0986301369863014 t1.0986301369863;
  INPUT ---       rlabel(50)=pent gM a0.101369863013699 t1.1013698630137;
  INPUT ---       rlabel(51)=pent gM a0.106849315068493 t1.10684931506849;
  INPUT ---       rlabel(52)=pent gM a0.10958904109589 t1.10958904109589;
  INPUT ---       rlabel(53)=pent gM a0.120547945205479 t1.12054794520548;
  INPUT ---       rlabel(54)=pent gM a0.350684931506849 t1.35068493150685;
  INPUT ---       rlabel(55)=pent gM a0.358904109589041 t1.35890410958904;
  INPUT ---       rlabel(56)=pent gM a0.613698630136986 t1.61369863013699;
  INPUT ---       rlabel(57)=pent gM a0.638356164383562 t1.63835616438356;
  INPUT ---       rlabel(58)=pent gM a0.646575342465753 t1.64657534246575;
  INPUT ---       rlabel(59)=pent gM a0.649315068493151 t1.64931506849315;
  INPUT ---       rlabel(60)=pent gM a0.652054794520548 t1.65205479452055;
  INPUT ---       rlabel(61)=pent gM a0.704109589041096 t1.7041095890411;
  INPUT ---       rlabel(62)=pent gM a0.706849315068493 t1.70684931506849;
  INPUT ---       rlabel(63)=pent gM a0.70958904109589 t1.70958904109589;
  INPUT ---       rlabel(64)=pent gM a0.827397260273973 t1.82739726027397;
  INPUT ---       rlabel(65)=pent gM a1.4027397260274 t2.4027397260274;
  INPUT ---       rlabel(66)=pent gM a1.40547945205479 t2.40547945205479;
  INPUT ---       rlabel(67)=pent gM a1.40821917808219 t2.40821917808219;

 Link Function Used is PARM-SPECIFIC

 Variance Estimation Procedure Used is 2ndPart 

 M(t+1):
      16     29



 Group: 1

 U(t)+UL(t):
       0    2    2    0    1    0    3    1    1    0    0    0    0    0    1
       0    0    0    2    1    1    0    0    0    1    0    0    0    0    0
       0    0    0

 U(t):
       0    2    2    0    1    0    3    1    1    0    0    0    0    0    1
       0    0    0    2    1    1    0    0    0    1    0    0    0    0    0
       0    0    0

 UL(t):
       0    0    0    0    0    0    0    0    0    0    0    0    0    0    0
       0    0    0    0    0    0    0    0    0    0    0    0    0    0    0
       0    0    0

 Not Released(t):
       0    0    0    0    0    0    0    0    0    0    0    0    0    0    0
       0    0    0    0    0    0    0    0    0    0    0    0    0    0    0
       0    0    0

 Group: 2

 U(t)+UL(t):
       3    0    1    1    1    1    1    0    1    1    2    1    3    3    1
       1    0    2    3    1    0    0    1    0    0    0    0    0    0    1
       0    0    0

 U(t):
       3    0    1    1    1    1    1    0    1    1    2    1    3    3    1
       1    0    2    3    1    0    0    1    0    0    0    0    0    0    1
       0    0    0

 UL(t):
       0    0    0    0    0    0    0    0    0    0    0    0    0    0    0
       0    0    0    0    0    0    0    0    0    0    0    0    0    0    0
       0    0    0

 Not Released(t):
       0    0    0    0    0    0    0    0    0    0    0    0    0    0    0
       0    0    0    0    0    0    0    0    0    0    0    0    0    0    0
       0    0    0
 -2logL(saturated) = 272.93564     

  Program  MARK  - Survival Rate Estimation with Capture-Recapture Data
   gfortran(dble) Vers. 9.0 Mar 2018    25-Mar-2020 14:22:02    Page  009
 - - - - - - - - - - - - - - - - - - - - - - - - - - - - - - - - - - - - - -
 
 Effective Sample Size = 103

 Number of function evaluations was 32 for 5 parameters.
 Time for numerical optimization was 0.14 seconds.     
 -2logL { Phi(~1)p(~1)pent(~sex)N(~1) } = 560.08006     
 Penalty { Phi(~1)p(~1)pent(~sex)N(~1) } = 0.0000000     
 Gradient { Phi(~1)p(~1)pent(~sex)N(~1) }:
  0.5715357E-05  0.6458257E-05 -0.2423557E-05  0.4525595E-05  0.3151809E-05
 Maximum ABS(G) { Phi(~1)p(~1)pent(~sex)N(~1) } = 0.6458257E-05 
 S Vector { Phi(~1)p(~1)pent(~sex)N(~1) }:
   85.04365      4.725933      2.765869     0.9821009E-01 0.7707301E-01
 Time to compute number of parameters was 0.01 seconds.     
 Ratio Threshold = 50.000000       Max Gap (3/4) = 28.162777       Next Max Gap (1/2) = 17.995103     
 Gap Method for Num. of Estimated Parameters { Phi(~1)p(~1)pent(~sex)N(~1) } = 5          
 Threshold { Phi(~1)p(~1)pent(~sex)N(~1) } = 0.1291651E-04                 
 Numerical Threshold Method for Num. of Estimated Parameters { Phi(~1)p(~1)pent(~sex)N(~1) } = 5          
 Number of Estimated Parameters { Phi(~1)p(~1)pent(~sex)N(~1) } = 5          
 DEVIANCE { Phi(~1)p(~1)pent(~sex)N(~1) } = 287.14442                     
 DEVIANCE Degrees of Freedom { Phi(~1)p(~1)pent(~sex)N(~1) } = 36            
 c-hat { Phi(~1)p(~1)pent(~sex)N(~1) } = 7.9762339                     
 AIC { Phi(~1)p(~1)pent(~sex)N(~1) } = 570.08006                  
 AICc { Phi(~1)p(~1)pent(~sex)N(~1) } = 570.69862                    
 BIC { Phi(~1)p(~1)pent(~sex)N(~1) } = 583.25371                    
 Pearson Chisquare { Phi(~1)p(~1)pent(~sex)N(~1) } = 45076942.                  


               PARM-SPECIFIC Link Function Parameters of { Phi(~1)p(~1)pent(~sex)N(~1) }
                                                              95% Confidence Interval
 Parameter                    Beta         Standard Error      Lower           Upper
 -------------------------  --------------  --------------  --------------  --------------
    1:Phi:(Intercept)        0.3348915       0.7815916      -1.1970280       1.8668110    
    2:p:(Intercept)         -2.5440186       0.1848714      -2.9063664      -2.1816707    
    3:pent:(Intercept)      -5.2960103       3.1499278      -11.469869       0.8778482    
    4:pent:sexM             -0.6858461       3.5297157      -7.6040890       6.2323968    
    5:N:(Intercept)          1.4206432       0.8460907      -0.2376947       3.0789810    


               Real Function Parameters of { Phi(~1)p(~1)pent(~sex)N(~1) }
                                                               95% Confidence Interval
  Parameter                  Estimate       Standard Error      Lower           Upper
 --------------------------  --------------  --------------  --------------  --------------
     1:Phi gF a0 t1           0.5829491       0.1900201       0.2320043       0.8660889                          
     2:p gF a0 t1             0.0728294       0.0124835       0.0518397       0.1014086                          
     3:N gF a0 t1             20.139782       3.5026313       16.980640       33.476138                          
     4:pent gF a0.005479452   0.0043189       0.0117241       0.2072609E-04   0.4758327                          
     5:pent gF a0.008219178   0.0043189       0.0117241       0.2072609E-04   0.4758327                          
     6:pent gF a0.010958904   0.0043189       0.0117241       0.2072609E-04   0.4758327                          
     7:pent gF a0.016438356   0.0043189       0.0117241       0.2072609E-04   0.4758327                          
     8:pent gF a0.024657534   0.0043189       0.0117241       0.2072609E-04   0.4758327                          
     9:pent gF a0.027397260   0.0043189       0.0117241       0.2072609E-04   0.4758327                          
    10:pent gF a0.030136986   0.0043189       0.0117241       0.2072609E-04   0.4758327                          
    11:pent gF a0.035616438   0.0043189       0.0117241       0.2072609E-04   0.4758327                          
    12:pent gF a0.041095890   0.0043189       0.0117241       0.2072609E-04   0.4758327                          
    13:pent gF a0.049315068   0.0043189       0.0117241       0.2072609E-04   0.4758327                          
    14:pent gF a0.052054794   0.0043189       0.0117241       0.2072609E-04   0.4758327                          
    15:pent gF a0.065753424   0.0043189       0.0117241       0.2072609E-04   0.4758327                          
    16:pent gF a0.071232876   0.0043189       0.0117241       0.2072609E-04   0.4758327                          
    17:pent gF a0.098630136   0.0043189       0.0117241       0.2072609E-04   0.4758327                          

  Program  MARK  - Survival Rate Estimation with Capture-Recapture Data
   gfortran(dble) Vers. 9.0 Mar 2018    25-Mar-2020 14:22:02    Page  010
 - - - - - - - - - - - - - - - - - - - - - - - - - - - - - - - - - - - - - -
 
    18:pent gF a0.101369863   0.0043189       0.0117241       0.2072609E-04   0.4758327                          
    19:pent gF a0.106849315   0.0043189       0.0117241       0.2072609E-04   0.4758327                          
    20:pent gF a0.109589041   0.0043189       0.0117241       0.2072609E-04   0.4758327                          
    21:pent gF a0.120547945   0.0043189       0.0117241       0.2072609E-04   0.4758327                          
    22:pent gF a0.350684931   0.0043189       0.0117241       0.2072609E-04   0.4758327                          
    23:pent gF a0.358904109   0.0043189       0.0117241       0.2072609E-04   0.4758327                          
    24:pent gF a0.613698630   0.0043189       0.0117241       0.2072609E-04   0.4758327                          
    25:pent gF a0.638356164   0.0043189       0.0117241       0.2072609E-04   0.4758327                          
    26:pent gF a0.646575342   0.0043189       0.0117241       0.2072609E-04   0.4758327                          
    27:pent gF a0.649315068   0.0043189       0.0117241       0.2072609E-04   0.4758327                          
    28:pent gF a0.652054794   0.0043189       0.0117241       0.2072609E-04   0.4758327                          
    29:pent gF a0.704109589   0.0043189       0.0117241       0.2072609E-04   0.4758327                          
    30:pent gF a0.706849315   0.0043189       0.0117241       0.2072609E-04   0.4758327                          
    31:pent gF a0.709589041   0.0043189       0.0117241       0.2072609E-04   0.4758327                          
    32:pent gF a0.827397260   0.0043189       0.0117241       0.2072609E-04   0.4758327                          
    33:pent gF a1.402739726   0.0043189       0.0117241       0.2072609E-04   0.4758327                          
    34:pent gF a1.405479452   0.0043189       0.0117241       0.2072609E-04   0.4758327                          
    35:pent gF a1.408219178   0.0043189       0.0117241       0.2072609E-04   0.4758327                          
    36:pent gM a0.005479452   0.0023355       0.0105145       0.3374577E-06   0.9419932                          
    37:pent gM a0.008219178   0.0023355       0.0105145       0.3374577E-06   0.9419932                          
    38:pent gM a0.010958904   0.0023355       0.0105145       0.3374577E-06   0.9419932                          
    39:pent gM a0.016438356   0.0023355       0.0105145       0.3374577E-06   0.9419932                          
    40:pent gM a0.024657534   0.0023355       0.0105145       0.3374577E-06   0.9419932                          
    41:pent gM a0.027397260   0.0023355       0.0105145       0.3374577E-06   0.9419932                          
    42:pent gM a0.030136986   0.0023355       0.0105145       0.3374577E-06   0.9419932                          
    43:pent gM a0.035616438   0.0023355       0.0105145       0.3374577E-06   0.9419932                          
    44:pent gM a0.041095890   0.0023355       0.0105145       0.3374577E-06   0.9419932                          
    45:pent gM a0.049315068   0.0023355       0.0105145       0.3374577E-06   0.9419932                          
    46:pent gM a0.052054794   0.0023355       0.0105145       0.3374577E-06   0.9419932                          
    47:pent gM a0.065753424   0.0023355       0.0105145       0.3374577E-06   0.9419932                          
    48:pent gM a0.071232876   0.0023355       0.0105145       0.3374577E-06   0.9419932                          
    49:pent gM a0.098630136   0.0023355       0.0105145       0.3374577E-06   0.9419932                          
    50:pent gM a0.101369863   0.0023355       0.0105145       0.3374577E-06   0.9419932                          
    51:pent gM a0.106849315   0.0023355       0.0105145       0.3374577E-06   0.9419932                          
    52:pent gM a0.109589041   0.0023355       0.0105145       0.3374577E-06   0.9419932                          
    53:pent gM a0.120547945   0.0023355       0.0105145       0.3374577E-06   0.9419932                          
    54:pent gM a0.350684931   0.0023355       0.0105145       0.3374577E-06   0.9419932                          
    55:pent gM a0.358904109   0.0023355       0.0105145       0.3374577E-06   0.9419932                          
    56:pent gM a0.613698630   0.0023355       0.0105145       0.3374577E-06   0.9419932                          
    57:pent gM a0.638356164   0.0023355       0.0105145       0.3374577E-06   0.9419932                          
    58:pent gM a0.646575342   0.0023355       0.0105145       0.3374577E-06   0.9419932                          
    59:pent gM a0.649315068   0.0023355       0.0105145       0.3374577E-06   0.9419932                          
    60:pent gM a0.652054794   0.0023355       0.0105145       0.3374577E-06   0.9419932                          
    61:pent gM a0.704109589   0.0023355       0.0105145       0.3374577E-06   0.9419932                          
    62:pent gM a0.706849315   0.0023355       0.0105145       0.3374577E-06   0.9419932                          
    63:pent gM a0.709589041   0.0023355       0.0105145       0.3374577E-06   0.9419932                          

  Program  MARK  - Survival Rate Estimation with Capture-Recapture Data
   gfortran(dble) Vers. 9.0 Mar 2018    25-Mar-2020 14:22:02    Page  011
 - - - - - - - - - - - - - - - - - - - - - - - - - - - - - - - - - - - - - -
 
    64:pent gM a0.827397260   0.0023355       0.0105145       0.3374577E-06   0.9419932                          
    65:pent gM a1.402739726   0.0023355       0.0105145       0.3374577E-06   0.9419932                          
    66:pent gM a1.405479452   0.0023355       0.0105145       0.3374577E-06   0.9419932                          
    67:pent gM a1.408219178   0.0023355       0.0105145       0.3374577E-06   0.9419932                          


                      Estimates of Derived Parameters
   Gross Birth+Immigration Estimates of { Phi(~1)p(~1)pent(~sex)N(~1) }
                                                95% Confidence Interval
 Grp. Occ.   B*-hat          Standard Error      Lower           Upper
 ---- ----   --------------  --------------  --------------  --------------
   1     1    0.0871109       0.2482834       0.0047250       1.6060035    
   1     2    0.0870465       0.2480774       0.0047220       1.6046456    
   1     3    0.0870465       0.2480774       0.0047220       1.6046456    
   1     4    0.0871109       0.2482834       0.0047250       1.6060035    
   1     5    0.0871752       0.2484896       0.0047279       1.6073623    
   1     6    0.0870465       0.2480774       0.0047220       1.6046456    
   1     7    0.0870465       0.2480774       0.0047220       1.6046456    
   1     8    0.0871109       0.2482834       0.0047250       1.6060035    
   1     9    0.0871109       0.2482834       0.0047250       1.6060035    
   1    10    0.0871752       0.2484896       0.0047279       1.6073623    
   1    11    0.0870465       0.2480774       0.0047220       1.6046456    
   1    12    0.0873041       0.2489022       0.0047339       1.6100822    
   1    13    0.0871109       0.2482834       0.0047250       1.6060035    
   1    14    0.0876268       0.2499357       0.0047489       1.6168956    
   1    15    0.0870465       0.2480774       0.0047220       1.6046456    
   1    16    0.0871109       0.2482834       0.0047250       1.6060035    
   1    17    0.0870465       0.2480774       0.0047220       1.6046456    
   1    18    0.0872397       0.2486958       0.0047309       1.6087218    
   1    19    0.0924953       0.2655734       0.0049740       1.7200249    
   1    20    0.0871752       0.2484896       0.0047279       1.6073623    
   1    21    0.0930993       0.2675188       0.0050018       1.7328603    
   1    22    0.0875622       0.2497288       0.0047459       1.6155313    
   1    23    0.0871752       0.2484896       0.0047279       1.6073623    
   1    24    0.0870465       0.2480774       0.0047220       1.6046456    
   1    25    0.0870465       0.2480774       0.0047220       1.6046456    
   1    26    0.0882097       0.2518035       0.0047759       1.6292091    
   1    27    0.0870465       0.2480774       0.0047220       1.6046456    
   1    28    0.0870465       0.2480774       0.0047220       1.6046456    
   1    29    0.0897765       0.2568304       0.0048484       1.6623555    
   1    30    0.1011833       0.2936664       0.0053729       1.9054811    
   1    31    0.0870465       0.2480774       0.0047220       1.6046456    
   1    32    0.0870465       0.2480774       0.0047220       1.6046456    
   2     1    0.0775122       0.3550721       0.0024717       2.4308159    
   2     2    0.0774550       0.3547881       0.0024700       2.4288621    

  Program  MARK  - Survival Rate Estimation with Capture-Recapture Data
   gfortran(dble) Vers. 9.0 Mar 2018    25-Mar-2020 14:22:02    Page  012
 - - - - - - - - - - - - - - - - - - - - - - - - - - - - - - - - - - - - - -
 
   2     3    0.0774550       0.3547881       0.0024700       2.4288621    
   2     4    0.0775122       0.3550721       0.0024717       2.4308159    
   2     5    0.0775695       0.3553562       0.0024733       2.4327708    
   2     6    0.0774550       0.3547881       0.0024700       2.4288621    
   2     7    0.0774550       0.3547881       0.0024700       2.4288621    
   2     8    0.0775122       0.3550721       0.0024717       2.4308159    
   2     9    0.0775122       0.3550721       0.0024717       2.4308159    
   2    10    0.0775695       0.3553562       0.0024733       2.4327708    
   2    11    0.0774550       0.3547881       0.0024700       2.4288621    
   2    12    0.0776842       0.3559250       0.0024767       2.4366837    
   2    13    0.0775122       0.3550721       0.0024717       2.4308159    
   2    14    0.0779713       0.3573496       0.0024850       2.4464843    
   2    15    0.0774550       0.3547881       0.0024700       2.4288621    
   2    16    0.0775122       0.3550721       0.0024717       2.4308159    
   2    17    0.0774550       0.3547881       0.0024700       2.4288621    
   2    18    0.0776268       0.3556405       0.0024750       2.4347267    
   2    19    0.0823034       0.3788793       0.0026107       2.5946119    
   2    20    0.0775695       0.3553562       0.0024733       2.4327708    
   2    21    0.0828408       0.3815547       0.0026263       2.6130206    
   2    22    0.0779138       0.3570644       0.0024833       2.4445220    
   2    23    0.0775695       0.3553562       0.0024733       2.4327708    
   2    24    0.0774550       0.3547881       0.0024700       2.4288621    
   2    25    0.0774550       0.3547881       0.0024700       2.4288621    
   2    26    0.0784899       0.3599234       0.0025001       2.4641917    
   2    27    0.0774550       0.3547881       0.0024700       2.4288621    
   2    28    0.0774550       0.3547881       0.0024700       2.4288621    
   2    29    0.0798841       0.3668475       0.0025406       2.5118288    
   2    30    0.0900340       0.4174561       0.0028342       2.8600703    
   2    31    0.0774550       0.3547881       0.0024700       2.4288621    
   2    32    0.0774550       0.3547881       0.0024700       2.4288621    

    Net Birth+Immigration Estimates of { Phi(~1)p(~1)pent(~sex)N(~1) }
                                                95% Confidence Interval
 Grp. Occ.   B-hat           Standard Error      Lower           Upper
 ---- ----   --------------  --------------  --------------  --------------
   1     1    0.0869822       0.2478715       0.0047190       1.6032884    
   1     2    0.0869822       0.2478715       0.0047190       1.6032884    
   1     3    0.0869822       0.2478715       0.0047190       1.6032884    
   1     4    0.0869822       0.2478715       0.0047190       1.6032884    
   1     5    0.0869822       0.2478715       0.0047190       1.6032884    
   1     6    0.0869822       0.2478715       0.0047190       1.6032884    
   1     7    0.0869822       0.2478715       0.0047190       1.6032884    
   1     8    0.0869822       0.2478715       0.0047190       1.6032884    
   1     9    0.0869822       0.2478715       0.0047190       1.6032884    
   1    10    0.0869822       0.2478715       0.0047190       1.6032884    
   1    11    0.0869822       0.2478715       0.0047190       1.6032884    
   1    12    0.0869822       0.2478715       0.0047190       1.6032884    
   1    13    0.0869822       0.2478715       0.0047190       1.6032884    
   1    14    0.0869822       0.2478715       0.0047190       1.6032884    
   1    15    0.0869822       0.2478715       0.0047190       1.6032884    
   1    16    0.0869822       0.2478715       0.0047190       1.6032884    
   1    17    0.0869822       0.2478715       0.0047190       1.6032884    
   1    18    0.0869822       0.2478715       0.0047190       1.6032884    
   1    19    0.0869822       0.2478715       0.0047190       1.6032884    
   1    20    0.0869822       0.2478715       0.0047190       1.6032884    
   1    21    0.0869822       0.2478715       0.0047190       1.6032884    
   1    22    0.0869822       0.2478715       0.0047190       1.6032884    
   1    23    0.0869822       0.2478715       0.0047190       1.6032884    
   1    24    0.0869822       0.2478715       0.0047190       1.6032884    
   1    25    0.0869822       0.2478715       0.0047190       1.6032884    
   1    26    0.0869822       0.2478715       0.0047190       1.6032884    
   1    27    0.0869822       0.2478715       0.0047190       1.6032884    
   1    28    0.0869822       0.2478715       0.0047190       1.6032884    
   1    29    0.0869822       0.2478715       0.0047190       1.6032884    
   1    30    0.0869822       0.2478715       0.0047190       1.6032884    
   1    31    0.0869822       0.2478715       0.0047190       1.6032884    
   1    32    0.0869822       0.2478715       0.0047190       1.6032884    
   2     1    0.0773977       0.3545042       0.0024683       2.4269094    
   2     2    0.0773977       0.3545042       0.0024683       2.4269094    
   2     3    0.0773977       0.3545042       0.0024683       2.4269094    
   2     4    0.0773977       0.3545042       0.0024683       2.4269094    
   2     5    0.0773977       0.3545042       0.0024683       2.4269094    
   2     6    0.0773977       0.3545042       0.0024683       2.4269094    
   2     7    0.0773977       0.3545042       0.0024683       2.4269094    
   2     8    0.0773977       0.3545042       0.0024683       2.4269094    
   2     9    0.0773977       0.3545042       0.0024683       2.4269094    
   2    10    0.0773977       0.3545042       0.0024683       2.4269094    
   2    11    0.0773977       0.3545042       0.0024683       2.4269094    
   2    12    0.0773977       0.3545042       0.0024683       2.4269094    
   2    13    0.0773977       0.3545042       0.0024683       2.4269094    
   2    14    0.0773977       0.3545042       0.0024683       2.4269094    
   2    15    0.0773977       0.3545042       0.0024683       2.4269094    
   2    16    0.0773977       0.3545042       0.0024683       2.4269094    
   2    17    0.0773977       0.3545042       0.0024683       2.4269094    
   2    18    0.0773977       0.3545042       0.0024683       2.4269094    
   2    19    0.0773977       0.3545042       0.0024683       2.4269094    
   2    20    0.0773977       0.3545042       0.0024683       2.4269094    
   2    21    0.0773977       0.3545042       0.0024683       2.4269094    
   2    22    0.0773977       0.3545042       0.0024683       2.4269094    
   2    23    0.0773977       0.3545042       0.0024683       2.4269094    
   2    24    0.0773977       0.3545042       0.0024683       2.4269094    
   2    25    0.0773977       0.3545042       0.0024683       2.4269094    
   2    26    0.0773977       0.3545042       0.0024683       2.4269094    
   2    27    0.0773977       0.3545042       0.0024683       2.4269094    
   2    28    0.0773977       0.3545042       0.0024683       2.4269094    
   2    29    0.0773977       0.3545042       0.0024683       2.4269094    
   2    30    0.0773977       0.3545042       0.0024683       2.4269094    
   2    31    0.0773977       0.3545042       0.0024683       2.4269094    
   2    32    0.0773977       0.3545042       0.0024683       2.4269094    

         Population Estimates of { Phi(~1)p(~1)pent(~sex)N(~1) }
                                                95% Confidence Interval
 Grp. Occ.   N-hat           Standard Error      Lower           Upper
 ---- ----   --------------  --------------  --------------  --------------
   1     1    17.356352       5.5991971       9.3674636       32.158433    
   1     2    17.392087       5.3678768       9.6291039       31.413586    
   1     3    17.453374       5.1400640       9.9171744       30.716436    
   1     4    17.514570       4.9144121       10.210973       30.042207    
   1     5    17.549838       4.6902732       10.488023       29.366526    
   1     6    17.559150       4.4683222       10.746843       28.689704    
   1     7    17.620190       4.2503649       11.055419       28.083159    
   1     8    17.681140       4.0358462       11.367779       27.500772    
   1     9    17.715916       3.8251831       11.658972       26.919497    
   1    10    17.750589       3.6189879       11.951727       26.363003    
   1    11    17.759012       3.4181413       12.219956       25.808811    
   1    12    17.819757       3.2224310       12.537437       25.327645    
   1    13    17.775492       3.0353512       12.750011       24.781790    
   1    14    17.809989       2.8541903       13.035069       24.334027    
   1    15    17.635586       2.6879843       13.103674       23.734862    
   1    16    17.696513       2.5233172       13.400600       23.369594    

  Program  MARK  - Survival Rate Estimation with Capture-Recapture Data
   gfortran(dble) Vers. 9.0 Mar 2018    25-Mar-2020 14:22:02    Page  013
 - - - - - - - - - - - - - - - - - - - - - - - - - - - - - - - - - - - - - -
 
   1    17    17.731244       2.3726919       13.656496       23.021792    
   1    18    17.792030       2.2370010       13.919412       22.742075    
   1    19    17.774100       2.1196884       14.080954       22.435883    
   1    20    15.785207       2.2616017       11.937474       20.873157    
   1    21    15.802329       2.1492341       12.119350       20.604537    
   1    22    13.859238       2.5917246       9.6366195       19.932142    
   1    23    13.763022       2.5306863       9.6270868       19.675815    
   1    24    13.789093       2.4500825       9.7602954       19.480875    
   1    25    13.855703       2.3780813       9.9218256       19.349314    
   1    26    13.922215       2.3292394       10.052595       19.281397    
   1    27    13.623541       2.3961472       9.6764121       19.180754    
   1    28    13.690396       2.3853565       9.7546349       19.214142    
   1    29    13.757152       2.3989143       9.7995690       19.313015    
   1    30    12.996734       2.5865698       8.8322225       19.124868    
   1    31    9.6147588       3.3027145       4.9963824       18.502104    
   1    32    9.6875360       3.2633295       5.0949875       18.419742    
   1    33    9.7602057       3.2419360       5.1770745       18.400665    
   2     1    30.663055       9.0388474       17.414152       53.991888    
   2     2    30.649916       8.6998448       17.761519       52.890598    
   2     3    30.682031       8.3606261       18.158269       51.843433    
   2     4    30.714098       8.0228879       18.563012       50.819114    
   2     5    30.700808       7.6896690       18.931248       49.787505    
   2     6    30.642333       7.3620174       19.260779       48.749462    
   2     7    30.674459       7.0292228       19.688208       47.791169    
   2     8    30.706538       6.6985201       20.123099       46.856176    
   2     9    30.693270       6.3748890       20.516891       45.917134    
   2    10    30.680042       6.0541789       20.916281       45.001544    
   2    11    30.621659       5.7423756       21.270617       44.083629    
   2    12    30.653815       5.4223125       21.730621       43.241121    
   2    13    30.505439       5.1322178       21.987057       42.324074    
   2    14    30.492765       4.8267091       22.402171       41.505295    
   2    15    30.122641       4.5884311       22.385883       40.533292    
   2    16    30.155535       4.2850164       22.856802       39.784932    
   2    17    30.143894       3.9973308       23.270861       39.046873    
   2    18    30.176757       3.7093701       23.737325       38.363071    
   2    19    30.076215       3.4593467       24.023609       37.653740    
   2    20    26.640948       4.1893097       19.611540       36.189923    
   2    21    26.600441       3.9541552       19.908849       35.541153    
   2    22    23.260567       4.9034716       15.457007       35.003799    
   2    23    23.030496       4.7671842       15.415261       34.407706    
   2    24    23.005968       4.5744028       15.639623       33.841899    
   2    25    23.049376       4.3742179       15.942094       33.325217    
   2    26    23.092720       4.1933634       16.223932       32.869573    
   2    27    22.530432       4.2547841       15.610853       32.517146    
   2    28    22.574543       4.1128325       15.841667       32.168964    
   2    29    22.618589       3.9958910       16.041315       31.892683    

  Program  MARK  - Survival Rate Estimation with Capture-Recapture Data
   gfortran(dble) Vers. 9.0 Mar 2018    25-Mar-2020 14:22:02    Page  014
 - - - - - - - - - - - - - - - - - - - - - - - - - - - - - - - - - - - - - -
 
   2    30    21.302748       4.3579722       14.324554       31.680364    
   2    31    15.694231       5.7947370       7.7881476       31.626119    
   2    32    15.748442       5.6558225       7.9571678       31.168555    
   2    33    15.802573       5.5357181       8.1120026       30.784174    

      Gross Population Estimates of { Phi(~1)p(~1)pent(~sex)N(~1) }
                                                95% Confidence Interval
 Grp. Occ.   N*-hat          Standard Error      Lower           Upper
 ---- ----   --------------  --------------  --------------  --------------
   1     0    20.173820       3.5929700       14.268154       28.523872    
   2     0    33.170069       3.6191810       26.800621       41.053283    

   CPU Time for the last procedure was 0.20 seconds.     


  INPUT --- proc stop;

     CPU Time in minutes for this job was 0.00

     Time Start = 14:22:01.941   Time End = 14:22:02.390

     Wall Clock Time in minutes for this job was 0.01


          E X E C U T I O N   S U C C E S S F U L 
