
   Program  MARK  - Survival Rate Estimation with Capture-Recapture Data
   gfortran(dble) Vers. 9.0 Mar 2018    25-Mar-2020 14:33:50    Page  001
 - - - - - - - - - - - - - - - - - - - - - - - - - - - - - - - - - - - - - -
 
   This version was compiled by GCC version 7.2.0 using the options: 
     -cpp -iprefix C:/Program Files/mingw-w64/x86_64-7.2.0-posix-seh-rt_v5-rev1/
     mingw64/bin/../lib/gcc/x86_64-w64-mingw32/7.2.0/ -D_MT -D_REENTRANT
     -U_REENTRANT -D IEEE -D DBLEPRECISION -m64 -mtune=core2 -march=nocona -mthreads
     -O2 -fimplicit-none -fbounds-check -funroll-loops -ftree-vectorize
     -ffpe-summary=invalid,zero,overflow,underflow -fno-unsafe-math-optimizations
     -frounding-math -fsignaling-nans -fopenmp.

   This problem will use 15 of 16 possible threads.


  INPUT --- proc title ;

   CPU Time for the last procedure was 0.02 seconds.     


  INPUT --- proc chmatrix occasions= 33 groups= 2 etype= POPAN Nodes= 
  INPUT --- 101 ICMeans NoHist hist= 41  ;

  INPUT ---    time interval 0.00547945205479452 0.00273972602739726 
  INPUT ---    0.00273972602739726 0.00547945205479452  
  INPUT ---    0.00821917808219178 0.00273972602739726 0.00273972602739726 
  INPUT ---    0.00547945205479452  0.00547945205479452 
  INPUT ---    0.00821917808219178 0.00273972602739726 0.0136986301369863 
  INPUT ---    0.00547945205479452  0.0273972602739726 0.00273972602739726 
  INPUT ---    0.00547945205479452 0.00273972602739726 0.010958904109589  
  INPUT ---    0.23013698630137 0.00821917808219178 0.254794520547945 
  INPUT ---    0.0246575342465753 0.00821917808219178  0.00273972602739726 
  INPUT ---    0.00273972602739726 0.0520547945205479 0.00273972602739726 
  INPUT ---    0.00273972602739726  0.117808219178082 0.575342465753425 
  INPUT ---    0.00273972602739726 0.00273972602739726 ;

  INPUT ---    glabel(1)=sexF;

  INPUT ---    glabel(2)=sexM;

   * *  WARNING  * *   At least a pair of the encounter histories are duplicates. 

      Number of unique encounter histories read was 38.

      Number of individual covariates read was 0.
      Time interval lengths vary and/or not equal to 1.

      Data type number is 19
      Data type is POPAN                                                                                               

   CPU Time for the last procedure was 0.01 seconds.     

  Program  MARK  - Survival Rate Estimation with Capture-Recapture Data
   gfortran(dble) Vers. 9.0 Mar 2018    25-Mar-2020 14:33:50    Page  002
 - - - - - - - - - - - - - - - - - - - - - - - - - - - - - - - - - - - - - -
 


  INPUT --- proc estimate link=Parm-Specific NOLOOP varest=2ndPart    ;


  INPUT --- model={ Phi(~1)p(~sex)pent(~sex)N(~1) };

  INPUT ---    group=1 Phi    rows=1 cols=32 Square ;
  INPUT ---        1 1 1 1 1 1 1 1 1 1 1 1 1 1 1 1 1 1 1 1 1 1 1 1 1 1 1 1 1 
  INPUT ---       1 1 1 ;

  INPUT ---    group=2 Phi    rows=1 cols=32 Square ;
  INPUT ---        1 1 1 1 1 1 1 1 1 1 1 1 1 1 1 1 1 1 1 1 1 1 1 1 1 1 1 1 1 
  INPUT ---       1 1 1 ;

  INPUT ---    group=1 p    rows=1 cols=33 Square ;
  INPUT ---        2 2 2 2 2 2 2 2 2 2 2 2 2 2 2 2 2 2 2 2 2 2 2 2 2 2 2 2 2 
  INPUT ---       2 2 2 2 ;

  INPUT ---    group=2 p    rows=1 cols=33 Square ;
  INPUT ---        3 3 3 3 3 3 3 3 3 3 3 3 3 3 3 3 3 3 3 3 3 3 3 3 3 3 3 3 3 
  INPUT ---       3 3 3 3 ;

  INPUT ---    group=1 pent    rows=1 cols=32 Square ;
  INPUT ---        5 6 7 8 9 10 11 12 13 14 15 16 17 18 19 20 21 22 23 24 25 
  INPUT ---       26 27 28 29 30 31 32 33 34 35 36 ;

  INPUT ---    group=2 pent    rows=1 cols=32 Square ;
  INPUT ---        37 38 39 40 41 42 43 44 45 46 47 48 49 50 51 52 53 54 55 
  INPUT ---       56 57 58 59 60 61 62 63 64 65 66 67 68 ;

  INPUT ---    group=1 N    rows=1 cols=1 Square ;
  INPUT ---        4 ;

  INPUT ---    group=2 N    rows=1 cols=1 Square ;
  INPUT ---        4 ;

  INPUT ---    design matrix constraints=68 covariates=6;
  INPUT ---        1 0 0 0 0 0;
  INPUT ---        0 1 0 0 0 0;
  INPUT ---        0 1 1 0 0 0;
  INPUT ---        0 0 0 0 0 1;
  INPUT ---        0 0 0 1 0 0;
  INPUT ---        0 0 0 1 0 0;
  INPUT ---        0 0 0 1 0 0;
  INPUT ---        0 0 0 1 0 0;

  Program  MARK  - Survival Rate Estimation with Capture-Recapture Data
   gfortran(dble) Vers. 9.0 Mar 2018    25-Mar-2020 14:33:50    Page  003
 - - - - - - - - - - - - - - - - - - - - - - - - - - - - - - - - - - - - - -
 
  INPUT ---        0 0 0 1 0 0;
  INPUT ---        0 0 0 1 0 0;
  INPUT ---        0 0 0 1 0 0;
  INPUT ---        0 0 0 1 0 0;
  INPUT ---        0 0 0 1 0 0;
  INPUT ---        0 0 0 1 0 0;
  INPUT ---        0 0 0 1 0 0;
  INPUT ---        0 0 0 1 0 0;
  INPUT ---        0 0 0 1 0 0;
  INPUT ---        0 0 0 1 0 0;
  INPUT ---        0 0 0 1 0 0;
  INPUT ---        0 0 0 1 0 0;
  INPUT ---        0 0 0 1 0 0;
  INPUT ---        0 0 0 1 0 0;
  INPUT ---        0 0 0 1 0 0;
  INPUT ---        0 0 0 1 0 0;
  INPUT ---        0 0 0 1 0 0;
  INPUT ---        0 0 0 1 0 0;
  INPUT ---        0 0 0 1 0 0;
  INPUT ---        0 0 0 1 0 0;
  INPUT ---        0 0 0 1 0 0;
  INPUT ---        0 0 0 1 0 0;
  INPUT ---        0 0 0 1 0 0;
  INPUT ---        0 0 0 1 0 0;
  INPUT ---        0 0 0 1 0 0;
  INPUT ---        0 0 0 1 0 0;
  INPUT ---        0 0 0 1 0 0;
  INPUT ---        0 0 0 1 0 0;
  INPUT ---        0 0 0 1 1 0;
  INPUT ---        0 0 0 1 1 0;
  INPUT ---        0 0 0 1 1 0;
  INPUT ---        0 0 0 1 1 0;
  INPUT ---        0 0 0 1 1 0;
  INPUT ---        0 0 0 1 1 0;
  INPUT ---        0 0 0 1 1 0;
  INPUT ---        0 0 0 1 1 0;
  INPUT ---        0 0 0 1 1 0;
  INPUT ---        0 0 0 1 1 0;
  INPUT ---        0 0 0 1 1 0;
  INPUT ---        0 0 0 1 1 0;
  INPUT ---        0 0 0 1 1 0;
  INPUT ---        0 0 0 1 1 0;
  INPUT ---        0 0 0 1 1 0;
  INPUT ---        0 0 0 1 1 0;
  INPUT ---        0 0 0 1 1 0;
  INPUT ---        0 0 0 1 1 0;

  Program  MARK  - Survival Rate Estimation with Capture-Recapture Data
   gfortran(dble) Vers. 9.0 Mar 2018    25-Mar-2020 14:33:50    Page  004
 - - - - - - - - - - - - - - - - - - - - - - - - - - - - - - - - - - - - - -
 
  INPUT ---        0 0 0 1 1 0;
  INPUT ---        0 0 0 1 1 0;
  INPUT ---        0 0 0 1 1 0;
  INPUT ---        0 0 0 1 1 0;
  INPUT ---        0 0 0 1 1 0;
  INPUT ---        0 0 0 1 1 0;
  INPUT ---        0 0 0 1 1 0;
  INPUT ---        0 0 0 1 1 0;
  INPUT ---        0 0 0 1 1 0;
  INPUT ---        0 0 0 1 1 0;
  INPUT ---        0 0 0 1 1 0;
  INPUT ---        0 0 0 1 1 0;
  INPUT ---        0 0 0 1 1 0;
  INPUT ---        0 0 0 1 1 0;

  INPUT ---    links=68;

  INPUT ---    Logit;

  INPUT ---    Logit;

  INPUT ---    Logit;

  INPUT ---    Log;

  INPUT ---    mlogit(1);

  INPUT ---    mlogit(1);

  INPUT ---    mlogit(1);

  INPUT ---    mlogit(1);

  INPUT ---    mlogit(1);

  INPUT ---    mlogit(1);

  INPUT ---    mlogit(1);

  INPUT ---    mlogit(1);

  INPUT ---    mlogit(1);

  INPUT ---    mlogit(1);

  INPUT ---    mlogit(1);

  Program  MARK  - Survival Rate Estimation with Capture-Recapture Data
   gfortran(dble) Vers. 9.0 Mar 2018    25-Mar-2020 14:33:50    Page  005
 - - - - - - - - - - - - - - - - - - - - - - - - - - - - - - - - - - - - - -
 

  INPUT ---    mlogit(1);

  INPUT ---    mlogit(1);

  INPUT ---    mlogit(1);

  INPUT ---    mlogit(1);

  INPUT ---    mlogit(1);

  INPUT ---    mlogit(1);

  INPUT ---    mlogit(1);

  INPUT ---    mlogit(1);

  INPUT ---    mlogit(1);

  INPUT ---    mlogit(1);

  INPUT ---    mlogit(1);

  INPUT ---    mlogit(1);

  INPUT ---    mlogit(1);

  INPUT ---    mlogit(1);

  INPUT ---    mlogit(1);

  INPUT ---    mlogit(1);

  INPUT ---    mlogit(1);

  INPUT ---    mlogit(1);

  INPUT ---    mlogit(1);

  INPUT ---    mlogit(1);

  INPUT ---    mlogit(1);

  INPUT ---    mlogit(2);

  INPUT ---    mlogit(2);

  Program  MARK  - Survival Rate Estimation with Capture-Recapture Data
   gfortran(dble) Vers. 9.0 Mar 2018    25-Mar-2020 14:33:50    Page  006
 - - - - - - - - - - - - - - - - - - - - - - - - - - - - - - - - - - - - - -
 

  INPUT ---    mlogit(2);

  INPUT ---    mlogit(2);

  INPUT ---    mlogit(2);

  INPUT ---    mlogit(2);

  INPUT ---    mlogit(2);

  INPUT ---    mlogit(2);

  INPUT ---    mlogit(2);

  INPUT ---    mlogit(2);

  INPUT ---    mlogit(2);

  INPUT ---    mlogit(2);

  INPUT ---    mlogit(2);

  INPUT ---    mlogit(2);

  INPUT ---    mlogit(2);

  INPUT ---    mlogit(2);

  INPUT ---    mlogit(2);

  INPUT ---    mlogit(2);

  INPUT ---    mlogit(2);

  INPUT ---    mlogit(2);

  INPUT ---    mlogit(2);

  INPUT ---    mlogit(2);

  INPUT ---    mlogit(2);

  INPUT ---    mlogit(2);

  INPUT ---    mlogit(2);

  Program  MARK  - Survival Rate Estimation with Capture-Recapture Data
   gfortran(dble) Vers. 9.0 Mar 2018    25-Mar-2020 14:33:50    Page  007
 - - - - - - - - - - - - - - - - - - - - - - - - - - - - - - - - - - - - - -
 

  INPUT ---    mlogit(2);

  INPUT ---    mlogit(2);

  INPUT ---    mlogit(2);

  INPUT ---    mlogit(2);

  INPUT ---    mlogit(2);

  INPUT ---    mlogit(2);

  INPUT ---    mlogit(2);
  INPUT ---       blabel(1)=Phi:(Intercept);
  INPUT ---       blabel(2)=p:(Intercept);
  INPUT ---       blabel(3)=p:sexM;
  INPUT ---       blabel(4)=pent:(Intercept);
  INPUT ---       blabel(5)=pent:sexM;
  INPUT ---       blabel(6)=N:(Intercept);
  INPUT ---       rlabel(1)=Phi gF a0 t1;
  INPUT ---       rlabel(2)=p gF a0 t1;
  INPUT ---       rlabel(3)=p gM a0 t1;
  INPUT ---       rlabel(4)=N gF a0 t1;
  INPUT ---       rlabel(5)=pent gF a0.00547945205479452 t1.00547945205479;
  INPUT ---       rlabel(6)=pent gF a0.00821917808219178 t1.00821917808219;
  INPUT ---       rlabel(7)=pent gF a0.010958904109589 t1.01095890410959;
  INPUT ---       rlabel(8)=pent gF a0.0164383561643836 t1.01643835616438;
  INPUT ---       rlabel(9)=pent gF a0.0246575342465753 t1.02465753424658;
  INPUT ---       rlabel(10)=pent gF a0.0273972602739726 t1.02739726027397;
  INPUT ---       rlabel(11)=pent gF a0.0301369863013699 t1.03013698630137;
  INPUT ---       rlabel(12)=pent gF a0.0356164383561644 t1.03561643835616;
  INPUT ---       rlabel(13)=pent gF a0.0410958904109589 t1.04109589041096;
  INPUT ---       rlabel(14)=pent gF a0.0493150684931507 t1.04931506849315;
  INPUT ---       rlabel(15)=pent gF a0.0520547945205479 t1.05205479452055;
  INPUT ---       rlabel(16)=pent gF a0.0657534246575342 t1.06575342465753;
  INPUT ---       rlabel(17)=pent gF a0.0712328767123288 t1.07123287671233;
  INPUT ---       rlabel(18)=pent gF a0.0986301369863014 t1.0986301369863;
  INPUT ---       rlabel(19)=pent gF a0.101369863013699 t1.1013698630137;
  INPUT ---       rlabel(20)=pent gF a0.106849315068493 t1.10684931506849;
  INPUT ---       rlabel(21)=pent gF a0.10958904109589 t1.10958904109589;
  INPUT ---       rlabel(22)=pent gF a0.120547945205479 t1.12054794520548;
  INPUT ---       rlabel(23)=pent gF a0.350684931506849 t1.35068493150685;
  INPUT ---       rlabel(24)=pent gF a0.358904109589041 t1.35890410958904;
  INPUT ---       rlabel(25)=pent gF a0.613698630136986 t1.61369863013699;
  INPUT ---       rlabel(26)=pent gF a0.638356164383562 t1.63835616438356;

  Program  MARK  - Survival Rate Estimation with Capture-Recapture Data
   gfortran(dble) Vers. 9.0 Mar 2018    25-Mar-2020 14:33:50    Page  008
 - - - - - - - - - - - - - - - - - - - - - - - - - - - - - - - - - - - - - -
 
  INPUT ---       rlabel(27)=pent gF a0.646575342465753 t1.64657534246575;
  INPUT ---       rlabel(28)=pent gF a0.649315068493151 t1.64931506849315;
  INPUT ---       rlabel(29)=pent gF a0.652054794520548 t1.65205479452055;
  INPUT ---       rlabel(30)=pent gF a0.704109589041096 t1.7041095890411;
  INPUT ---       rlabel(31)=pent gF a0.706849315068493 t1.70684931506849;
  INPUT ---       rlabel(32)=pent gF a0.70958904109589 t1.70958904109589;
  INPUT ---       rlabel(33)=pent gF a0.827397260273973 t1.82739726027397;
  INPUT ---       rlabel(34)=pent gF a1.4027397260274 t2.4027397260274;
  INPUT ---       rlabel(35)=pent gF a1.40547945205479 t2.40547945205479;
  INPUT ---       rlabel(36)=pent gF a1.40821917808219 t2.40821917808219;
  INPUT ---       rlabel(37)=pent gM a0.00547945205479452 t1.00547945205479;
  INPUT ---       rlabel(38)=pent gM a0.00821917808219178 t1.00821917808219;
  INPUT ---       rlabel(39)=pent gM a0.010958904109589 t1.01095890410959;
  INPUT ---       rlabel(40)=pent gM a0.0164383561643836 t1.01643835616438;
  INPUT ---       rlabel(41)=pent gM a0.0246575342465753 t1.02465753424658;
  INPUT ---       rlabel(42)=pent gM a0.0273972602739726 t1.02739726027397;
  INPUT ---       rlabel(43)=pent gM a0.0301369863013699 t1.03013698630137;
  INPUT ---       rlabel(44)=pent gM a0.0356164383561644 t1.03561643835616;
  INPUT ---       rlabel(45)=pent gM a0.0410958904109589 t1.04109589041096;
  INPUT ---       rlabel(46)=pent gM a0.0493150684931507 t1.04931506849315;
  INPUT ---       rlabel(47)=pent gM a0.0520547945205479 t1.05205479452055;
  INPUT ---       rlabel(48)=pent gM a0.0657534246575342 t1.06575342465753;
  INPUT ---       rlabel(49)=pent gM a0.0712328767123288 t1.07123287671233;
  INPUT ---       rlabel(50)=pent gM a0.0986301369863014 t1.0986301369863;
  INPUT ---       rlabel(51)=pent gM a0.101369863013699 t1.1013698630137;
  INPUT ---       rlabel(52)=pent gM a0.106849315068493 t1.10684931506849;
  INPUT ---       rlabel(53)=pent gM a0.10958904109589 t1.10958904109589;
  INPUT ---       rlabel(54)=pent gM a0.120547945205479 t1.12054794520548;
  INPUT ---       rlabel(55)=pent gM a0.350684931506849 t1.35068493150685;
  INPUT ---       rlabel(56)=pent gM a0.358904109589041 t1.35890410958904;
  INPUT ---       rlabel(57)=pent gM a0.613698630136986 t1.61369863013699;
  INPUT ---       rlabel(58)=pent gM a0.638356164383562 t1.63835616438356;
  INPUT ---       rlabel(59)=pent gM a0.646575342465753 t1.64657534246575;
  INPUT ---       rlabel(60)=pent gM a0.649315068493151 t1.64931506849315;
  INPUT ---       rlabel(61)=pent gM a0.652054794520548 t1.65205479452055;
  INPUT ---       rlabel(62)=pent gM a0.704109589041096 t1.7041095890411;
  INPUT ---       rlabel(63)=pent gM a0.706849315068493 t1.70684931506849;
  INPUT ---       rlabel(64)=pent gM a0.70958904109589 t1.70958904109589;
  INPUT ---       rlabel(65)=pent gM a0.827397260273973 t1.82739726027397;
  INPUT ---       rlabel(66)=pent gM a1.4027397260274 t2.4027397260274;
  INPUT ---       rlabel(67)=pent gM a1.40547945205479 t2.40547945205479;
  INPUT ---       rlabel(68)=pent gM a1.40821917808219 t2.40821917808219;

 Link Function Used is PARM-SPECIFIC

 Variance Estimation Procedure Used is 2ndPart 

  Program  MARK  - Survival Rate Estimation with Capture-Recapture Data
   gfortran(dble) Vers. 9.0 Mar 2018    25-Mar-2020 14:33:50    Page  009
 - - - - - - - - - - - - - - - - - - - - - - - - - - - - - - - - - - - - - -
 

 M(t+1):
      16     29



 Group: 1

 U(t)+UL(t):
       0    2    2    0    1    0    3    1    1    0    0    0    0    0    1
       0    0    0    2    1    1    0    0    0    1    0    0    0    0    0
       0    0    0

 U(t):
       0    2    2    0    1    0    3    1    1    0    0    0    0    0    1
       0    0    0    2    1    1    0    0    0    1    0    0    0    0    0
       0    0    0

 UL(t):
       0    0    0    0    0    0    0    0    0    0    0    0    0    0    0
       0    0    0    0    0    0    0    0    0    0    0    0    0    0    0
       0    0    0

 Not Released(t):
       0    0    0    0    0    0    0    0    0    0    0    0    0    0    0
       0    0    0    0    0    0    0    0    0    0    0    0    0    0    0
       0    0    0

 Group: 2

 U(t)+UL(t):
       3    0    1    1    1    1    1    0    1    1    2    1    3    3    1
       1    0    2    3    1    0    0    1    0    0    0    0    0    0    1
       0    0    0

 U(t):
       3    0    1    1    1    1    1    0    1    1    2    1    3    3    1
       1    0    2    3    1    0    0    1    0    0    0    0    0    0    1
       0    0    0

 UL(t):
       0    0    0    0    0    0    0    0    0    0    0    0    0    0    0
       0    0    0    0    0    0    0    0    0    0    0    0    0    0    0
       0    0    0

 Not Released(t):
       0    0    0    0    0    0    0    0    0    0    0    0    0    0    0
       0    0    0    0    0    0    0    0    0    0    0    0    0    0    0
       0    0    0
 -2logL(saturated) = 272.93564     
 Effective Sample Size = 103

 Number of function evaluations was 36 for 6 parameters.
 Time for numerical optimization was 0.14 seconds.     
 -2logL { Phi(~1)p(~sex)pent(~sex)N(~1) } = 556.56639     
 Penalty { Phi(~1)p(~sex)pent(~sex)N(~1) } = 0.0000000     
 Gradient { Phi(~1)p(~sex)pent(~sex)N(~1) }:
 -0.6055831E-04  0.7989839E-04 -0.9741140E-05 -0.1740433E-04 -0.1622196E-04
  0.2506818E-04
 Maximum ABS(G) { Phi(~1)p(~sex)pent(~sex)N(~1) } = 0.7989839E-04 
 S Vector { Phi(~1)p(~sex)pent(~sex)N(~1) }:
   124.0293      13.28725      5.434861      3.218253     0.9564647    
  0.1247473E-05
 Time to compute number of parameters was 0.01 seconds.     
 Ratio Threshold = 50.000000       Max Gap (5/6) = 766721.97       Next Max Gap (1/2) = 9.3344629     
 Gap Method for Num. of Estimated Parameters { Phi(~1)p(~sex)pent(~sex)N(~1) } = 5          
 Threshold { Phi(~1)p(~sex)pent(~sex)N(~1) } = 0.1597968E-03                 
 Numerical Threshold Method for Num. of Estimated Parameters { Phi(~1)p(~sex)pent(~sex)N(~1) } = 5          
 Number of Estimated Parameters { Phi(~1)p(~sex)pent(~sex)N(~1) } = 5          
 DEVIANCE { Phi(~1)p(~sex)pent(~sex)N(~1) } = 283.63074                     
 DEVIANCE Degrees of Freedom { Phi(~1)p(~sex)pent(~sex)N(~1) } = 36            
 c-hat { Phi(~1)p(~sex)pent(~sex)N(~1) } = 7.8786318                     
 AIC { Phi(~1)p(~sex)pent(~sex)N(~1) } = 566.56639                  
 AICc { Phi(~1)p(~sex)pent(~sex)N(~1) } = 567.18494                    
 BIC { Phi(~1)p(~sex)pent(~sex)N(~1) } = 579.74003                    
 Pearson Chisquare { Phi(~1)p(~sex)pent(~sex)N(~1) } = 19851671.                  


              PARM-SPECIFIC Link Function Parameters of { Phi(~1)p(~sex)pent(~sex)N(~1) }
                                                              95% Confidence Interval
 Parameter                    Beta         Standard Error      Lower           Upper
 -------------------------  --------------  --------------  --------------  --------------
    1:Phi:(Intercept)        0.2598427       0.6306961      -0.9763218       1.4960072    
    2:p:(Intercept)         -2.9150371       0.2402420      -3.3859113      -2.4441628    
    3:p:sexM                 0.5664275       0.3003108      -0.0221817       1.1550367    
    4:pent:(Intercept)      -17.849560       633.09628      -1258.7183       1223.0192    
    5:pent:sexM              13.579695       633.09610      -1227.2887       1254.4481    
    6:N:(Intercept)          1.7391117       0.5389698       0.6827309       2.7954926    


              Real Function Parameters of { Phi(~1)p(~sex)pent(~sex)N(~1) }
                                                               95% Confidence Interval
  Parameter                  Estimate       Standard Error      Lower           Upper
 --------------------------  --------------  --------------  --------------  --------------
     1:Phi gF a0 t1           0.5645976       0.1550422       0.2736222       0.8169782                          
     2:p gF a0 t1             0.0514152       0.0117170       0.0327387       0.0798665                          
     3:p gM a0 t1             0.0871764       0.0151865       0.0616495       0.1218999                          
     4:N gF a0 t1             21.692285       3.0679699       18.115561       31.316086                          
     5:pent gF a0.005479452   0.1770249E-07   0.1120738E-04  0.9847338E-316   1.0000000                          
     6:pent gF a0.008219178   0.1770249E-07   0.1120738E-04  0.9847338E-316   1.0000000                          
     7:pent gF a0.010958904   0.1770249E-07   0.1120738E-04  0.9847338E-316   1.0000000                          
     8:pent gF a0.016438356   0.1770249E-07   0.1120738E-04  0.9847338E-316   1.0000000                          
     9:pent gF a0.024657534   0.1770249E-07   0.1120738E-04  0.9847338E-316   1.0000000                          
    10:pent gF a0.027397260   0.1770249E-07   0.1120738E-04  0.9847338E-316   1.0000000                          
    11:pent gF a0.030136986   0.1770249E-07   0.1120738E-04  0.9847338E-316   1.0000000                          

  Program  MARK  - Survival Rate Estimation with Capture-Recapture Data
   gfortran(dble) Vers. 9.0 Mar 2018    25-Mar-2020 14:33:51    Page  010
 - - - - - - - - - - - - - - - - - - - - - - - - - - - - - - - - - - - - - -
 
    12:pent gF a0.035616438   0.1770249E-07   0.1120738E-04  0.9847338E-316   1.0000000                          
    13:pent gF a0.041095890   0.1770249E-07   0.1120738E-04  0.9847338E-316   1.0000000                          
    14:pent gF a0.049315068   0.1770249E-07   0.1120738E-04  0.9847338E-316   1.0000000                          
    15:pent gF a0.052054794   0.1770249E-07   0.1120738E-04  0.9847338E-316   1.0000000                          
    16:pent gF a0.065753424   0.1770249E-07   0.1120738E-04  0.9847338E-316   1.0000000                          
    17:pent gF a0.071232876   0.1770249E-07   0.1120738E-04  0.9847338E-316   1.0000000                          
    18:pent gF a0.098630136   0.1770249E-07   0.1120738E-04  0.9847338E-316   1.0000000                          
    19:pent gF a0.101369863   0.1770249E-07   0.1120738E-04  0.9847338E-316   1.0000000                          
    20:pent gF a0.106849315   0.1770249E-07   0.1120738E-04  0.9847338E-316   1.0000000                          
    21:pent gF a0.109589041   0.1770249E-07   0.1120738E-04  0.9847338E-316   1.0000000                          
    22:pent gF a0.120547945   0.1770249E-07   0.1120738E-04  0.9847338E-316   1.0000000                          
    23:pent gF a0.350684931   0.1770249E-07   0.1120738E-04  0.9847338E-316   1.0000000                          
    24:pent gF a0.358904109   0.1770249E-07   0.1120738E-04  0.9847338E-316   1.0000000                          
    25:pent gF a0.613698630   0.1770249E-07   0.1120738E-04  0.9847338E-316   1.0000000                          
    26:pent gF a0.638356164   0.1770249E-07   0.1120738E-04  0.9847338E-316   1.0000000                          
    27:pent gF a0.646575342   0.1770249E-07   0.1120738E-04  0.9847338E-316   1.0000000                          
    28:pent gF a0.649315068   0.1770249E-07   0.1120738E-04  0.9847338E-316   1.0000000                          
    29:pent gF a0.652054794   0.1770249E-07   0.1120738E-04  0.9847338E-316   1.0000000                          
    30:pent gF a0.704109589   0.1770249E-07   0.1120738E-04  0.9847338E-316   1.0000000                          
    31:pent gF a0.706849315   0.1770249E-07   0.1120738E-04  0.9847338E-316   1.0000000                          
    32:pent gF a0.709589041   0.1770249E-07   0.1120738E-04  0.9847338E-316   1.0000000                          
    33:pent gF a0.827397260   0.1770249E-07   0.1120738E-04  0.9847338E-316   1.0000000                          
    34:pent gF a1.402739726   0.1770249E-07   0.1120738E-04  0.9847338E-316   1.0000000                          
    35:pent gF a1.405479452   0.1770249E-07   0.1120738E-04  0.9847338E-316   1.0000000                          
    36:pent gF a1.408219178   0.1770249E-07   0.1120738E-04  0.9847338E-316   1.0000000                          
    37:pent gM a0.005479452   0.0096607       0.0083755       0.0017510       0.0514580                          
    38:pent gM a0.008219178   0.0096607       0.0083755       0.0017510       0.0514580                          
    39:pent gM a0.010958904   0.0096607       0.0083755       0.0017510       0.0514580                          
    40:pent gM a0.016438356   0.0096607       0.0083755       0.0017510       0.0514580                          
    41:pent gM a0.024657534   0.0096607       0.0083755       0.0017510       0.0514580                          
    42:pent gM a0.027397260   0.0096607       0.0083755       0.0017510       0.0514580                          
    43:pent gM a0.030136986   0.0096607       0.0083755       0.0017510       0.0514580                          
    44:pent gM a0.035616438   0.0096607       0.0083755       0.0017510       0.0514580                          
    45:pent gM a0.041095890   0.0096607       0.0083755       0.0017510       0.0514580                          
    46:pent gM a0.049315068   0.0096607       0.0083755       0.0017510       0.0514580                          
    47:pent gM a0.052054794   0.0096607       0.0083755       0.0017510       0.0514580                          
    48:pent gM a0.065753424   0.0096607       0.0083755       0.0017510       0.0514580                          
    49:pent gM a0.071232876   0.0096607       0.0083755       0.0017510       0.0514580                          
    50:pent gM a0.098630136   0.0096607       0.0083755       0.0017510       0.0514580                          
    51:pent gM a0.101369863   0.0096607       0.0083755       0.0017510       0.0514580                          
    52:pent gM a0.106849315   0.0096607       0.0083755       0.0017510       0.0514580                          
    53:pent gM a0.109589041   0.0096607       0.0083755       0.0017510       0.0514580                          
    54:pent gM a0.120547945   0.0096607       0.0083755       0.0017510       0.0514580                          
    55:pent gM a0.350684931   0.0096607       0.0083755       0.0017510       0.0514580                          
    56:pent gM a0.358904109   0.0096607       0.0083755       0.0017510       0.0514580                          
    57:pent gM a0.613698630   0.0096607       0.0083755       0.0017510       0.0514580                          

  Program  MARK  - Survival Rate Estimation with Capture-Recapture Data
   gfortran(dble) Vers. 9.0 Mar 2018    25-Mar-2020 14:33:51    Page  011
 - - - - - - - - - - - - - - - - - - - - - - - - - - - - - - - - - - - - - -
 
    58:pent gM a0.638356164   0.0096607       0.0083755       0.0017510       0.0514580                          
    59:pent gM a0.646575342   0.0096607       0.0083755       0.0017510       0.0514580                          
    60:pent gM a0.649315068   0.0096607       0.0083755       0.0017510       0.0514580                          
    61:pent gM a0.652054794   0.0096607       0.0083755       0.0017510       0.0514580                          
    62:pent gM a0.704109589   0.0096607       0.0083755       0.0017510       0.0514580                          
    63:pent gM a0.706849315   0.0096607       0.0083755       0.0017510       0.0514580                          
    64:pent gM a0.709589041   0.0096607       0.0083755       0.0017510       0.0514580                          
    65:pent gM a0.827397260   0.0096607       0.0083755       0.0017510       0.0514580                          
    66:pent gM a1.402739726   0.0096607       0.0083755       0.0017510       0.0514580                          
    67:pent gM a1.405479452   0.0096607       0.0083755       0.0017510       0.0514580                          
    68:pent gM a1.408219178   0.0096607       0.0083755       0.0017510       0.0514580                          


                      Estimates of Derived Parameters
  Gross Birth+Immigration Estimates of { Phi(~1)p(~sex)pent(~sex)N(~1) }
                                                95% Confidence Interval
 Grp. Occ.   B*-hat          Standard Error      Lower           Upper
 ---- ----   --------------  --------------  --------------  --------------
   1     1    0.3846092E-06   0.2435026E-03   0.3369644E-09   0.4389909E-03
   1     2    0.3843083E-06   0.2433121E-03   0.3367007E-09   0.4386474E-03
   1     3    0.3843083E-06   0.2433121E-03   0.3367007E-09   0.4386474E-03
   1     4    0.3846092E-06   0.2435026E-03   0.3369644E-09   0.4389909E-03
   1     5    0.3849103E-06   0.2436932E-03   0.3372282E-09   0.4393345E-03
   1     6    0.3843083E-06   0.2433121E-03   0.3367007E-09   0.4386474E-03
   1     7    0.3843083E-06   0.2433121E-03   0.3367007E-09   0.4386474E-03
   1     8    0.3846092E-06   0.2435026E-03   0.3369644E-09   0.4389909E-03
   1     9    0.3846092E-06   0.2435026E-03   0.3369644E-09   0.4389909E-03
   1    10    0.3849103E-06   0.2436932E-03   0.3372282E-09   0.4393345E-03
   1    11    0.3843083E-06   0.2433121E-03   0.3367007E-09   0.4386474E-03
   1    12    0.3855130E-06   0.2440748E-03   0.3377562E-09   0.4400224E-03
   1    13    0.3846092E-06   0.2435026E-03   0.3369644E-09   0.4389909E-03
   1    14    0.3870224E-06   0.2450304E-03   0.3390786E-09   0.4417452E-03
   1    15    0.3843083E-06   0.2433121E-03   0.3367007E-09   0.4386474E-03
   1    16    0.3846092E-06   0.2435026E-03   0.3369644E-09   0.4389909E-03
   1    17    0.3843083E-06   0.2433121E-03   0.3367007E-09   0.4386474E-03
   1    18    0.3852116E-06   0.2438840E-03   0.3374921E-09   0.4396784E-03
   1    19    0.4098204E-06   0.2594643E-03   0.3590524E-09   0.4677668E-03
   1    20    0.3849103E-06   0.2436932E-03   0.3372282E-09   0.4393345E-03
   1    21    0.4126517E-06   0.2612568E-03   0.3615330E-09   0.4709984E-03
   1    22    0.3867202E-06   0.2448391E-03   0.3388138E-09   0.4414003E-03
   1    23    0.3849103E-06   0.2436932E-03   0.3372282E-09   0.4393345E-03
   1    24    0.3843083E-06   0.2433121E-03   0.3367007E-09   0.4386474E-03
   1    25    0.3843083E-06   0.2433121E-03   0.3367007E-09   0.4386474E-03
   1    26    0.3897493E-06   0.2467568E-03   0.3414676E-09   0.4448576E-03
   1    27    0.3843083E-06   0.2433121E-03   0.3367007E-09   0.4386474E-03

  Program  MARK  - Survival Rate Estimation with Capture-Recapture Data
   gfortran(dble) Vers. 9.0 Mar 2018    25-Mar-2020 14:33:51    Page  012
 - - - - - - - - - - - - - - - - - - - - - - - - - - - - - - - - - - - - - -
 
   1    28    0.3843083E-06   0.2433121E-03   0.3367007E-09   0.4386474E-03
   1    29    0.3970830E-06   0.2513999E-03   0.3478928E-09   0.4532283E-03
   1    30    0.4506109E-06   0.2852894E-03   0.3947897E-09   0.5143248E-03
   1    31    0.3843083E-06   0.2433121E-03   0.3367007E-09   0.4386474E-03
   1    32    0.3843083E-06   0.2433121E-03   0.3367007E-09   0.4386474E-03
   2     1    0.3356776       0.3091028       0.0722583       1.5593983    
   2     2    0.3354149       0.3088109       0.0722152       1.5578879    
   2     3    0.3354149       0.3088109       0.0722152       1.5578879    
   2     4    0.3356776       0.3091028       0.0722583       1.5593983    
   2     5    0.3359404       0.3093950       0.0723014       1.5609099    
   2     6    0.3354149       0.3088109       0.0722152       1.5578879    
   2     7    0.3354149       0.3088109       0.0722152       1.5578879    
   2     8    0.3356776       0.3091028       0.0722583       1.5593983    
   2     9    0.3356776       0.3091028       0.0722583       1.5593983    
   2    10    0.3359404       0.3093950       0.0723014       1.5609099    
   2    11    0.3354149       0.3088109       0.0722152       1.5578879    
   2    12    0.3364664       0.3099801       0.0723876       1.5639367    
   2    13    0.3356776       0.3091028       0.0722583       1.5593983    
   2    14    0.3377837       0.3114467       0.0726033       1.5715251    
   2    15    0.3354149       0.3088109       0.0722152       1.5578879    
   2    16    0.3356776       0.3091028       0.0722583       1.5593983    
   2    17    0.3354149       0.3088109       0.0722152       1.5578879    
   2    18    0.3362033       0.3096875       0.0723445       1.5624227    
   2    19    0.3576813       0.3338014       0.0758189       1.6873891    
   2    20    0.3359404       0.3093950       0.0723014       1.5609099    
   2    21    0.3601524       0.3366032       0.0762130       1.7019362    
   2    22    0.3375200       0.3111530       0.0725601       1.5700050    
   2    23    0.3359404       0.3093950       0.0723014       1.5609099    
   2    24    0.3354149       0.3088109       0.0722152       1.5578879    
   2    25    0.3354149       0.3088109       0.0722152       1.5578879    
   2    26    0.3401637       0.3141006       0.0729920       1.5852605    
   2    27    0.3354149       0.3088109       0.0722152       1.5578879    
   2    28    0.3354149       0.3088109       0.0722152       1.5578879    
   2    29    0.3465643       0.3212654       0.0740317       1.6223700    
   2    30    0.3932822       0.3746616       0.0814033       1.9000574    
   2    31    0.3354149       0.3088109       0.0722152       1.5578879    
   2    32    0.3354149       0.3088109       0.0722152       1.5578879    

   Net Birth+Immigration Estimates of { Phi(~1)p(~sex)pent(~sex)N(~1) }
                                                95% Confidence Interval
 Grp. Occ.   B-hat           Standard Error      Lower           Upper
 ---- ----   --------------  --------------  --------------  --------------
   1     1    0.3840075E-06   0.2431216E-03   0.3364372E-09   0.4383041E-03
   1     2    0.3840075E-06   0.2431216E-03   0.3364372E-09   0.4383041E-03
   1     3    0.3840075E-06   0.2431216E-03   0.3364372E-09   0.4383041E-03
   1     4    0.3840075E-06   0.2431216E-03   0.3364372E-09   0.4383041E-03
   1     5    0.3840075E-06   0.2431216E-03   0.3364372E-09   0.4383041E-03
   1     6    0.3840075E-06   0.2431216E-03   0.3364372E-09   0.4383041E-03
   1     7    0.3840075E-06   0.2431216E-03   0.3364372E-09   0.4383041E-03
   1     8    0.3840075E-06   0.2431216E-03   0.3364372E-09   0.4383041E-03
   1     9    0.3840075E-06   0.2431216E-03   0.3364372E-09   0.4383041E-03
   1    10    0.3840075E-06   0.2431216E-03   0.3364372E-09   0.4383041E-03
   1    11    0.3840075E-06   0.2431216E-03   0.3364372E-09   0.4383041E-03
   1    12    0.3840075E-06   0.2431216E-03   0.3364372E-09   0.4383041E-03
   1    13    0.3840075E-06   0.2431216E-03   0.3364372E-09   0.4383041E-03
   1    14    0.3840075E-06   0.2431216E-03   0.3364372E-09   0.4383041E-03
   1    15    0.3840075E-06   0.2431216E-03   0.3364372E-09   0.4383041E-03
   1    16    0.3840075E-06   0.2431216E-03   0.3364372E-09   0.4383041E-03
   1    17    0.3840075E-06   0.2431216E-03   0.3364372E-09   0.4383041E-03
   1    18    0.3840075E-06   0.2431216E-03   0.3364372E-09   0.4383041E-03
   1    19    0.3840075E-06   0.2431216E-03   0.3364372E-09   0.4383041E-03
   1    20    0.3840075E-06   0.2431216E-03   0.3364372E-09   0.4383041E-03
   1    21    0.3840075E-06   0.2431216E-03   0.3364372E-09   0.4383041E-03
   1    22    0.3840075E-06   0.2431216E-03   0.3364372E-09   0.4383041E-03
   1    23    0.3840075E-06   0.2431216E-03   0.3364372E-09   0.4383041E-03
   1    24    0.3840075E-06   0.2431216E-03   0.3364372E-09   0.4383041E-03
   1    25    0.3840075E-06   0.2431216E-03   0.3364372E-09   0.4383041E-03
   1    26    0.3840075E-06   0.2431216E-03   0.3364372E-09   0.4383041E-03
   1    27    0.3840075E-06   0.2431216E-03   0.3364372E-09   0.4383041E-03
   1    28    0.3840075E-06   0.2431216E-03   0.3364372E-09   0.4383041E-03
   1    29    0.3840075E-06   0.2431216E-03   0.3364372E-09   0.4383041E-03
   1    30    0.3840075E-06   0.2431216E-03   0.3364372E-09   0.4383041E-03
   1    31    0.3840075E-06   0.2431216E-03   0.3364372E-09   0.4383041E-03
   1    32    0.3840075E-06   0.2431216E-03   0.3364372E-09   0.4383041E-03
   2     1    0.3351524       0.3085191       0.0721721       1.5563787    
   2     2    0.3351524       0.3085191       0.0721721       1.5563787    
   2     3    0.3351524       0.3085191       0.0721721       1.5563787    
   2     4    0.3351524       0.3085191       0.0721721       1.5563787    
   2     5    0.3351524       0.3085191       0.0721721       1.5563787    
   2     6    0.3351524       0.3085191       0.0721721       1.5563787    
   2     7    0.3351524       0.3085191       0.0721721       1.5563787    
   2     8    0.3351524       0.3085191       0.0721721       1.5563787    
   2     9    0.3351524       0.3085191       0.0721721       1.5563787    
   2    10    0.3351524       0.3085191       0.0721721       1.5563787    
   2    11    0.3351524       0.3085191       0.0721721       1.5563787    
   2    12    0.3351524       0.3085191       0.0721721       1.5563787    
   2    13    0.3351524       0.3085191       0.0721721       1.5563787    
   2    14    0.3351524       0.3085191       0.0721721       1.5563787    
   2    15    0.3351524       0.3085191       0.0721721       1.5563787    
   2    16    0.3351524       0.3085191       0.0721721       1.5563787    
   2    17    0.3351524       0.3085191       0.0721721       1.5563787    
   2    18    0.3351524       0.3085191       0.0721721       1.5563787    
   2    19    0.3351524       0.3085191       0.0721721       1.5563787    
   2    20    0.3351524       0.3085191       0.0721721       1.5563787    
   2    21    0.3351524       0.3085191       0.0721721       1.5563787    
   2    22    0.3351524       0.3085191       0.0721721       1.5563787    
   2    23    0.3351524       0.3085191       0.0721721       1.5563787    
   2    24    0.3351524       0.3085191       0.0721721       1.5563787    
   2    25    0.3351524       0.3085191       0.0721721       1.5563787    
   2    26    0.3351524       0.3085191       0.0721721       1.5563787    
   2    27    0.3351524       0.3085191       0.0721721       1.5563787    
   2    28    0.3351524       0.3085191       0.0721721       1.5563787    
   2    29    0.3351524       0.3085191       0.0721721       1.5563787    
   2    30    0.3351524       0.3085191       0.0721721       1.5563787    
   2    31    0.3351524       0.3085191       0.0721721       1.5563787    
   2    32    0.3351524       0.3085191       0.0721721       1.5563787    

        Population Estimates of { Phi(~1)p(~sex)pent(~sex)N(~1) }
                                                95% Confidence Interval
 Grp. Occ.   N-hat           Standard Error      Lower           Upper
 ---- ----   --------------  --------------  --------------  --------------
   1     1    21.692273       3.0679721       16.463102       28.582384    
   1     2    21.624433       3.0463432       16.429264       28.462389    
   1     3    21.590593       3.0356806       16.412207       28.402866    
   1     4    21.556806       3.0251194       16.395057       28.343658    
   1     5    21.489390       3.0043018       16.360477       28.226187    
   1     6    21.388661       2.9738365       16.307903       28.052337    
   1     7    21.355190       2.9638842       16.290190       27.995015    
   1     8    21.321771       2.9540335       16.272383       27.938005    
   1     9    21.255090       2.9346367       16.236481       27.824924    

  Program  MARK  - Survival Rate Estimation with Capture-Recapture Data
   gfortran(dble) Vers. 9.0 Mar 2018    25-Mar-2020 14:33:51    Page  013
 - - - - - - - - - - - - - - - - - - - - - - - - - - - - - - - - - - - - - -
 
   1    10    21.188617       2.9156459       16.200197       27.713090    
   1    11    21.089298       2.8879205       16.145048       27.547672    
   1    12    21.056296       2.8788813       16.126473       27.493153    
   1    13    20.892054       2.8352043       16.032135       27.225190    
   1    14    20.826717       2.8184409       15.993717       27.120158    
   1    15    20.503082       2.7406573       15.795738       26.613279    
   1    16    20.470997       2.7334291       15.775400       26.564253    
   1    17    20.406977       2.7192712       15.734428       26.467101    
   1    18    20.375042       2.7123410       15.713795       26.418973    
   1    19    20.247800       2.6856083       15.630282       26.229432    
   1    20    17.751859       2.4518838       13.559037       23.241214    
   1    21    17.668649       2.4531975       13.476593       23.164694    
   1    22    15.273825       2.6698447       10.871120       21.459586    
   1    23    15.060047       2.7009802       10.625991       21.344365    
   1    24    14.989455       2.7115105       10.544916       21.307307    
   1    25    14.965998       2.7150348       10.517965       21.295098    
   1    26    14.942578       2.7185659       10.491052       21.282959    
   1    27    14.504487       2.7865806       9.9872824       21.064803    
   1    28    14.481789       2.7901918       9.9611891       21.053933    
   1    29    14.459126       2.7938046       9.9351398       21.043120    
   1    30    13.517454       2.9479865       8.8594625       20.624451    
   1    31    9.7288124       3.4750373       4.9328013       19.187838    
   1    32    9.7135880       3.4763977       4.9189108       19.181847    
   1    33    9.6983875       3.4777475       4.9050595       19.175857    
   2     1    23.967408       8.2666935       12.423245       46.238854    
   2     2    24.227605       7.9577465       12.937528       45.370091    
   2     3    24.524843       7.6572099       13.489409       44.588161    
   2     4    24.821616       7.3583133       14.053463       43.840626    
   2     5    25.079142       7.0559051       14.600666       43.077716    
   2     6    25.296738       6.7512791       15.128124       42.300351    
   2     7    25.592303       6.4581196       15.725860       41.648976    
   2     8    25.887406       6.1672810       16.333946       41.028528    
   2     9    26.141598       5.8759046       16.918226       40.393311    
   2    10    26.394996       5.5879181       17.510048       39.788345    
   2    11    26.606424       5.3017088       18.072482       39.170148    
   2    12    26.899940       5.0230990       18.713768       38.667080    
   2    13    27.025269       4.7452475       19.206211       38.027551    
   2    14    27.275903       4.4753091       19.817173       37.541928    
   2    15    27.187204       4.2164318       20.097124       36.778599    
   2    16    27.479811       3.9586926       20.749997       36.392293    
   2    17    27.729023       3.7107329       21.356432       36.003145    
   2    18    28.020782       3.4703296       22.001854       35.686276    
   2    19    28.180945       3.2498851       22.496526       35.301702    
   2    20    25.042238       3.5445080       19.001497       33.003383    
   2    21    25.260007       3.3685207       19.472432       32.767760    
   2    22    22.171397       4.0047391       15.605337       31.500173    

  Program  MARK  - Survival Rate Estimation with Capture-Recapture Data
   gfortran(dble) Vers. 9.0 Mar 2018    25-Mar-2020 14:33:51    Page  014
 - - - - - - - - - - - - - - - - - - - - - - - - - - - - - - - - - - - - - -
 
   2    23    22.196229       3.9280206       15.732613       31.315369    
   2    24    22.427339       3.8204053       16.099488       31.242331    
   2    25    22.727394       3.7161772       16.530401       31.247545    
   2    26    23.026980       3.6348398       16.931565       31.316764    
   2    27    22.687020       3.7441725       16.452760       31.283557    
   2    28    22.986669       3.7061526       16.792425       31.465792    
   2    29    23.285849       3.6928887       17.097613       31.713829    
   2    30    22.104474       4.0468929       15.485378       31.552847    
   2    31    16.244234       5.1864351       8.8204744       29.916208    
   2    32    16.553966       5.1542986       9.1195009       30.049209    
   2    33    16.863213       5.1402941       9.4018103       30.246084    

     Gross Population Estimates of { Phi(~1)p(~sex)pent(~sex)N(~1) }
                                                95% Confidence Interval
 Grp. Occ.   N*-hat          Standard Error      Lower           Upper
 ---- ----   --------------  --------------  --------------  --------------
   1     0    21.692285       3.0679721       16.463114       28.582395    
   2     0    34.831446       3.1778942       29.138718       41.636342    

 Attempted ordering of parameters by estimatibility:
  2 3 6 1 5 4
 Beta number 4 is a singular value.

   CPU Time for the last procedure was 0.16 seconds.     


  INPUT --- proc stop;

     CPU Time in minutes for this job was 0.00

     Time Start = 14:33:50.663   Time End = 14:33:51.056

     Wall Clock Time in minutes for this job was 0.01


          E X E C U T I O N   S U C C E S S F U L 
