
   Program  MARK  - Survival Rate Estimation with Capture-Recapture Data
   gfortran(dble) Vers. 9.0 Mar 2018    25-Mar-2020 14:22:42    Page  001
 - - - - - - - - - - - - - - - - - - - - - - - - - - - - - - - - - - - - - -
 
   This version was compiled by GCC version 7.2.0 using the options: 
     -cpp -iprefix C:/Program Files/mingw-w64/x86_64-7.2.0-posix-seh-rt_v5-rev1/
     mingw64/bin/../lib/gcc/x86_64-w64-mingw32/7.2.0/ -D_MT -D_REENTRANT
     -U_REENTRANT -D IEEE -D DBLEPRECISION -m64 -mtune=core2 -march=nocona -mthreads
     -O2 -fimplicit-none -fbounds-check -funroll-loops -ftree-vectorize
     -ffpe-summary=invalid,zero,overflow,underflow -fno-unsafe-math-optimizations
     -frounding-math -fsignaling-nans -fopenmp.

   This problem will use 15 of 16 possible threads.


  INPUT --- proc title ;

   CPU Time for the last procedure was 0.01 seconds.     


  INPUT --- proc chmatrix occasions= 33 groups= 2 etype= POPAN Nodes= 
  INPUT --- 101 ICMeans NoHist hist= 41  ;

  INPUT ---    time interval 0.00547945205479452 0.00273972602739726 
  INPUT ---    0.00273972602739726 0.00547945205479452  
  INPUT ---    0.00821917808219178 0.00273972602739726 0.00273972602739726 
  INPUT ---    0.00547945205479452  0.00547945205479452 
  INPUT ---    0.00821917808219178 0.00273972602739726 0.0136986301369863 
  INPUT ---    0.00547945205479452  0.0273972602739726 0.00273972602739726 
  INPUT ---    0.00547945205479452 0.00273972602739726 0.010958904109589  
  INPUT ---    0.23013698630137 0.00821917808219178 0.254794520547945 
  INPUT ---    0.0246575342465753 0.00821917808219178  0.00273972602739726 
  INPUT ---    0.00273972602739726 0.0520547945205479 0.00273972602739726 
  INPUT ---    0.00273972602739726  0.117808219178082 0.575342465753425 
  INPUT ---    0.00273972602739726 0.00273972602739726 ;

  INPUT ---    glabel(1)=sexF;

  INPUT ---    glabel(2)=sexM;

   * *  WARNING  * *   At least a pair of the encounter histories are duplicates. 

      Number of unique encounter histories read was 38.

      Number of individual covariates read was 0.
      Time interval lengths vary and/or not equal to 1.

      Data type number is 19
      Data type is POPAN                                                                                               

   CPU Time for the last procedure was 0.02 seconds.     

  Program  MARK  - Survival Rate Estimation with Capture-Recapture Data
   gfortran(dble) Vers. 9.0 Mar 2018    25-Mar-2020 14:22:42    Page  002
 - - - - - - - - - - - - - - - - - - - - - - - - - - - - - - - - - - - - - -
 


  INPUT --- proc estimate link=Parm-Specific NOLOOP varest=2ndPart    ;


  INPUT --- model={ Phi(~sex)p(~sex)pent(~sex)N(~1) };

  INPUT ---    group=1 Phi    rows=1 cols=32 Square ;
  INPUT ---        1 1 1 1 1 1 1 1 1 1 1 1 1 1 1 1 1 1 1 1 1 1 1 1 1 1 1 1 1 
  INPUT ---       1 1 1 ;

  INPUT ---    group=2 Phi    rows=1 cols=32 Square ;
  INPUT ---        2 2 2 2 2 2 2 2 2 2 2 2 2 2 2 2 2 2 2 2 2 2 2 2 2 2 2 2 2 
  INPUT ---       2 2 2 ;

  INPUT ---    group=1 p    rows=1 cols=33 Square ;
  INPUT ---        3 3 3 3 3 3 3 3 3 3 3 3 3 3 3 3 3 3 3 3 3 3 3 3 3 3 3 3 3 
  INPUT ---       3 3 3 3 ;

  INPUT ---    group=2 p    rows=1 cols=33 Square ;
  INPUT ---        4 4 4 4 4 4 4 4 4 4 4 4 4 4 4 4 4 4 4 4 4 4 4 4 4 4 4 4 4 
  INPUT ---       4 4 4 4 ;

  INPUT ---    group=1 pent    rows=1 cols=32 Square ;
  INPUT ---        6 7 8 9 10 11 12 13 14 15 16 17 18 19 20 21 22 23 24 25 26 
  INPUT ---       27 28 29 30 31 32 33 34 35 36 37 ;

  INPUT ---    group=2 pent    rows=1 cols=32 Square ;
  INPUT ---        38 39 40 41 42 43 44 45 46 47 48 49 50 51 52 53 54 55 56 
  INPUT ---       57 58 59 60 61 62 63 64 65 66 67 68 69 ;

  INPUT ---    group=1 N    rows=1 cols=1 Square ;
  INPUT ---        5 ;

  INPUT ---    group=2 N    rows=1 cols=1 Square ;
  INPUT ---        5 ;

  INPUT ---    design matrix constraints=69 covariates=7;
  INPUT ---        1 0 0 0 0 0 0;
  INPUT ---        1 1 0 0 0 0 0;
  INPUT ---        0 0 1 0 0 0 0;
  INPUT ---        0 0 1 1 0 0 0;
  INPUT ---        0 0 0 0 0 0 1;
  INPUT ---        0 0 0 0 1 0 0;
  INPUT ---        0 0 0 0 1 0 0;
  INPUT ---        0 0 0 0 1 0 0;

  Program  MARK  - Survival Rate Estimation with Capture-Recapture Data
   gfortran(dble) Vers. 9.0 Mar 2018    25-Mar-2020 14:22:42    Page  003
 - - - - - - - - - - - - - - - - - - - - - - - - - - - - - - - - - - - - - -
 
  INPUT ---        0 0 0 0 1 0 0;
  INPUT ---        0 0 0 0 1 0 0;
  INPUT ---        0 0 0 0 1 0 0;
  INPUT ---        0 0 0 0 1 0 0;
  INPUT ---        0 0 0 0 1 0 0;
  INPUT ---        0 0 0 0 1 0 0;
  INPUT ---        0 0 0 0 1 0 0;
  INPUT ---        0 0 0 0 1 0 0;
  INPUT ---        0 0 0 0 1 0 0;
  INPUT ---        0 0 0 0 1 0 0;
  INPUT ---        0 0 0 0 1 0 0;
  INPUT ---        0 0 0 0 1 0 0;
  INPUT ---        0 0 0 0 1 0 0;
  INPUT ---        0 0 0 0 1 0 0;
  INPUT ---        0 0 0 0 1 0 0;
  INPUT ---        0 0 0 0 1 0 0;
  INPUT ---        0 0 0 0 1 0 0;
  INPUT ---        0 0 0 0 1 0 0;
  INPUT ---        0 0 0 0 1 0 0;
  INPUT ---        0 0 0 0 1 0 0;
  INPUT ---        0 0 0 0 1 0 0;
  INPUT ---        0 0 0 0 1 0 0;
  INPUT ---        0 0 0 0 1 0 0;
  INPUT ---        0 0 0 0 1 0 0;
  INPUT ---        0 0 0 0 1 0 0;
  INPUT ---        0 0 0 0 1 0 0;
  INPUT ---        0 0 0 0 1 0 0;
  INPUT ---        0 0 0 0 1 0 0;
  INPUT ---        0 0 0 0 1 0 0;
  INPUT ---        0 0 0 0 1 1 0;
  INPUT ---        0 0 0 0 1 1 0;
  INPUT ---        0 0 0 0 1 1 0;
  INPUT ---        0 0 0 0 1 1 0;
  INPUT ---        0 0 0 0 1 1 0;
  INPUT ---        0 0 0 0 1 1 0;
  INPUT ---        0 0 0 0 1 1 0;
  INPUT ---        0 0 0 0 1 1 0;
  INPUT ---        0 0 0 0 1 1 0;
  INPUT ---        0 0 0 0 1 1 0;
  INPUT ---        0 0 0 0 1 1 0;
  INPUT ---        0 0 0 0 1 1 0;
  INPUT ---        0 0 0 0 1 1 0;
  INPUT ---        0 0 0 0 1 1 0;
  INPUT ---        0 0 0 0 1 1 0;
  INPUT ---        0 0 0 0 1 1 0;
  INPUT ---        0 0 0 0 1 1 0;

  Program  MARK  - Survival Rate Estimation with Capture-Recapture Data
   gfortran(dble) Vers. 9.0 Mar 2018    25-Mar-2020 14:22:42    Page  004
 - - - - - - - - - - - - - - - - - - - - - - - - - - - - - - - - - - - - - -
 
  INPUT ---        0 0 0 0 1 1 0;
  INPUT ---        0 0 0 0 1 1 0;
  INPUT ---        0 0 0 0 1 1 0;
  INPUT ---        0 0 0 0 1 1 0;
  INPUT ---        0 0 0 0 1 1 0;
  INPUT ---        0 0 0 0 1 1 0;
  INPUT ---        0 0 0 0 1 1 0;
  INPUT ---        0 0 0 0 1 1 0;
  INPUT ---        0 0 0 0 1 1 0;
  INPUT ---        0 0 0 0 1 1 0;
  INPUT ---        0 0 0 0 1 1 0;
  INPUT ---        0 0 0 0 1 1 0;
  INPUT ---        0 0 0 0 1 1 0;
  INPUT ---        0 0 0 0 1 1 0;
  INPUT ---        0 0 0 0 1 1 0;

  INPUT ---    links=69;

  INPUT ---    Logit;

  INPUT ---    Logit;

  INPUT ---    Logit;

  INPUT ---    Logit;

  INPUT ---    Log;

  INPUT ---    mlogit(1);

  INPUT ---    mlogit(1);

  INPUT ---    mlogit(1);

  INPUT ---    mlogit(1);

  INPUT ---    mlogit(1);

  INPUT ---    mlogit(1);

  INPUT ---    mlogit(1);

  INPUT ---    mlogit(1);

  INPUT ---    mlogit(1);


  Program  MARK  - Survival Rate Estimation with Capture-Recapture Data
   gfortran(dble) Vers. 9.0 Mar 2018    25-Mar-2020 14:22:43    Page  005
 - - - - - - - - - - - - - - - - - - - - - - - - - - - - - - - - - - - - - -
 
  INPUT ---    mlogit(1);

  INPUT ---    mlogit(1);

  INPUT ---    mlogit(1);

  INPUT ---    mlogit(1);

  INPUT ---    mlogit(1);

  INPUT ---    mlogit(1);

  INPUT ---    mlogit(1);

  INPUT ---    mlogit(1);

  INPUT ---    mlogit(1);

  INPUT ---    mlogit(1);

  INPUT ---    mlogit(1);

  INPUT ---    mlogit(1);

  INPUT ---    mlogit(1);

  INPUT ---    mlogit(1);

  INPUT ---    mlogit(1);

  INPUT ---    mlogit(1);

  INPUT ---    mlogit(1);

  INPUT ---    mlogit(1);

  INPUT ---    mlogit(1);

  INPUT ---    mlogit(1);

  INPUT ---    mlogit(1);

  INPUT ---    mlogit(1);

  INPUT ---    mlogit(1);


  Program  MARK  - Survival Rate Estimation with Capture-Recapture Data
   gfortran(dble) Vers. 9.0 Mar 2018    25-Mar-2020 14:22:43    Page  006
 - - - - - - - - - - - - - - - - - - - - - - - - - - - - - - - - - - - - - -
 
  INPUT ---    mlogit(2);

  INPUT ---    mlogit(2);

  INPUT ---    mlogit(2);

  INPUT ---    mlogit(2);

  INPUT ---    mlogit(2);

  INPUT ---    mlogit(2);

  INPUT ---    mlogit(2);

  INPUT ---    mlogit(2);

  INPUT ---    mlogit(2);

  INPUT ---    mlogit(2);

  INPUT ---    mlogit(2);

  INPUT ---    mlogit(2);

  INPUT ---    mlogit(2);

  INPUT ---    mlogit(2);

  INPUT ---    mlogit(2);

  INPUT ---    mlogit(2);

  INPUT ---    mlogit(2);

  INPUT ---    mlogit(2);

  INPUT ---    mlogit(2);

  INPUT ---    mlogit(2);

  INPUT ---    mlogit(2);

  INPUT ---    mlogit(2);

  INPUT ---    mlogit(2);


  Program  MARK  - Survival Rate Estimation with Capture-Recapture Data
   gfortran(dble) Vers. 9.0 Mar 2018    25-Mar-2020 14:22:43    Page  007
 - - - - - - - - - - - - - - - - - - - - - - - - - - - - - - - - - - - - - -
 
  INPUT ---    mlogit(2);

  INPUT ---    mlogit(2);

  INPUT ---    mlogit(2);

  INPUT ---    mlogit(2);

  INPUT ---    mlogit(2);

  INPUT ---    mlogit(2);

  INPUT ---    mlogit(2);

  INPUT ---    mlogit(2);

  INPUT ---    mlogit(2);
  INPUT ---       blabel(1)=Phi:(Intercept);
  INPUT ---       blabel(2)=Phi:sexM;
  INPUT ---       blabel(3)=p:(Intercept);
  INPUT ---       blabel(4)=p:sexM;
  INPUT ---       blabel(5)=pent:(Intercept);
  INPUT ---       blabel(6)=pent:sexM;
  INPUT ---       blabel(7)=N:(Intercept);
  INPUT ---       rlabel(1)=Phi gF a0 t1;
  INPUT ---       rlabel(2)=Phi gM a0 t1;
  INPUT ---       rlabel(3)=p gF a0 t1;
  INPUT ---       rlabel(4)=p gM a0 t1;
  INPUT ---       rlabel(5)=N gF a0 t1;
  INPUT ---       rlabel(6)=pent gF a0.00547945205479452 t1.00547945205479;
  INPUT ---       rlabel(7)=pent gF a0.00821917808219178 t1.00821917808219;
  INPUT ---       rlabel(8)=pent gF a0.010958904109589 t1.01095890410959;
  INPUT ---       rlabel(9)=pent gF a0.0164383561643836 t1.01643835616438;
  INPUT ---       rlabel(10)=pent gF a0.0246575342465753 t1.02465753424658;
  INPUT ---       rlabel(11)=pent gF a0.0273972602739726 t1.02739726027397;
  INPUT ---       rlabel(12)=pent gF a0.0301369863013699 t1.03013698630137;
  INPUT ---       rlabel(13)=pent gF a0.0356164383561644 t1.03561643835616;
  INPUT ---       rlabel(14)=pent gF a0.0410958904109589 t1.04109589041096;
  INPUT ---       rlabel(15)=pent gF a0.0493150684931507 t1.04931506849315;
  INPUT ---       rlabel(16)=pent gF a0.0520547945205479 t1.05205479452055;
  INPUT ---       rlabel(17)=pent gF a0.0657534246575342 t1.06575342465753;
  INPUT ---       rlabel(18)=pent gF a0.0712328767123288 t1.07123287671233;
  INPUT ---       rlabel(19)=pent gF a0.0986301369863014 t1.0986301369863;
  INPUT ---       rlabel(20)=pent gF a0.101369863013699 t1.1013698630137;
  INPUT ---       rlabel(21)=pent gF a0.106849315068493 t1.10684931506849;
  INPUT ---       rlabel(22)=pent gF a0.10958904109589 t1.10958904109589;

  Program  MARK  - Survival Rate Estimation with Capture-Recapture Data
   gfortran(dble) Vers. 9.0 Mar 2018    25-Mar-2020 14:22:43    Page  008
 - - - - - - - - - - - - - - - - - - - - - - - - - - - - - - - - - - - - - -
 
  INPUT ---       rlabel(23)=pent gF a0.120547945205479 t1.12054794520548;
  INPUT ---       rlabel(24)=pent gF a0.350684931506849 t1.35068493150685;
  INPUT ---       rlabel(25)=pent gF a0.358904109589041 t1.35890410958904;
  INPUT ---       rlabel(26)=pent gF a0.613698630136986 t1.61369863013699;
  INPUT ---       rlabel(27)=pent gF a0.638356164383562 t1.63835616438356;
  INPUT ---       rlabel(28)=pent gF a0.646575342465753 t1.64657534246575;
  INPUT ---       rlabel(29)=pent gF a0.649315068493151 t1.64931506849315;
  INPUT ---       rlabel(30)=pent gF a0.652054794520548 t1.65205479452055;
  INPUT ---       rlabel(31)=pent gF a0.704109589041096 t1.7041095890411;
  INPUT ---       rlabel(32)=pent gF a0.706849315068493 t1.70684931506849;
  INPUT ---       rlabel(33)=pent gF a0.70958904109589 t1.70958904109589;
  INPUT ---       rlabel(34)=pent gF a0.827397260273973 t1.82739726027397;
  INPUT ---       rlabel(35)=pent gF a1.4027397260274 t2.4027397260274;
  INPUT ---       rlabel(36)=pent gF a1.40547945205479 t2.40547945205479;
  INPUT ---       rlabel(37)=pent gF a1.40821917808219 t2.40821917808219;
  INPUT ---       rlabel(38)=pent gM a0.00547945205479452 t1.00547945205479;
  INPUT ---       rlabel(39)=pent gM a0.00821917808219178 t1.00821917808219;
  INPUT ---       rlabel(40)=pent gM a0.010958904109589 t1.01095890410959;
  INPUT ---       rlabel(41)=pent gM a0.0164383561643836 t1.01643835616438;
  INPUT ---       rlabel(42)=pent gM a0.0246575342465753 t1.02465753424658;
  INPUT ---       rlabel(43)=pent gM a0.0273972602739726 t1.02739726027397;
  INPUT ---       rlabel(44)=pent gM a0.0301369863013699 t1.03013698630137;
  INPUT ---       rlabel(45)=pent gM a0.0356164383561644 t1.03561643835616;
  INPUT ---       rlabel(46)=pent gM a0.0410958904109589 t1.04109589041096;
  INPUT ---       rlabel(47)=pent gM a0.0493150684931507 t1.04931506849315;
  INPUT ---       rlabel(48)=pent gM a0.0520547945205479 t1.05205479452055;
  INPUT ---       rlabel(49)=pent gM a0.0657534246575342 t1.06575342465753;
  INPUT ---       rlabel(50)=pent gM a0.0712328767123288 t1.07123287671233;
  INPUT ---       rlabel(51)=pent gM a0.0986301369863014 t1.0986301369863;
  INPUT ---       rlabel(52)=pent gM a0.101369863013699 t1.1013698630137;
  INPUT ---       rlabel(53)=pent gM a0.106849315068493 t1.10684931506849;
  INPUT ---       rlabel(54)=pent gM a0.10958904109589 t1.10958904109589;
  INPUT ---       rlabel(55)=pent gM a0.120547945205479 t1.12054794520548;
  INPUT ---       rlabel(56)=pent gM a0.350684931506849 t1.35068493150685;
  INPUT ---       rlabel(57)=pent gM a0.358904109589041 t1.35890410958904;
  INPUT ---       rlabel(58)=pent gM a0.613698630136986 t1.61369863013699;
  INPUT ---       rlabel(59)=pent gM a0.638356164383562 t1.63835616438356;
  INPUT ---       rlabel(60)=pent gM a0.646575342465753 t1.64657534246575;
  INPUT ---       rlabel(61)=pent gM a0.649315068493151 t1.64931506849315;
  INPUT ---       rlabel(62)=pent gM a0.652054794520548 t1.65205479452055;
  INPUT ---       rlabel(63)=pent gM a0.704109589041096 t1.7041095890411;
  INPUT ---       rlabel(64)=pent gM a0.706849315068493 t1.70684931506849;
  INPUT ---       rlabel(65)=pent gM a0.70958904109589 t1.70958904109589;
  INPUT ---       rlabel(66)=pent gM a0.827397260273973 t1.82739726027397;
  INPUT ---       rlabel(67)=pent gM a1.4027397260274 t2.4027397260274;
  INPUT ---       rlabel(68)=pent gM a1.40547945205479 t2.40547945205479;

  Program  MARK  - Survival Rate Estimation with Capture-Recapture Data
   gfortran(dble) Vers. 9.0 Mar 2018    25-Mar-2020 14:22:43    Page  009
 - - - - - - - - - - - - - - - - - - - - - - - - - - - - - - - - - - - - - -
 
  INPUT ---       rlabel(69)=pent gM a1.40821917808219 t2.40821917808219;

 Link Function Used is PARM-SPECIFIC

 Variance Estimation Procedure Used is 2ndPart 

 M(t+1):
      16     29



 Group: 1

 U(t)+UL(t):
       0    2    2    0    1    0    3    1    1    0    0    0    0    0    1
       0    0    0    2    1    1    0    0    0    1    0    0    0    0    0
       0    0    0

 U(t):
       0    2    2    0    1    0    3    1    1    0    0    0    0    0    1
       0    0    0    2    1    1    0    0    0    1    0    0    0    0    0
       0    0    0

 UL(t):
       0    0    0    0    0    0    0    0    0    0    0    0    0    0    0
       0    0    0    0    0    0    0    0    0    0    0    0    0    0    0
       0    0    0

 Not Released(t):
       0    0    0    0    0    0    0    0    0    0    0    0    0    0    0
       0    0    0    0    0    0    0    0    0    0    0    0    0    0    0
       0    0    0

 Group: 2

 U(t)+UL(t):
       3    0    1    1    1    1    1    0    1    1    2    1    3    3    1
       1    0    2    3    1    0    0    1    0    0    0    0    0    0    1
       0    0    0

 U(t):
       3    0    1    1    1    1    1    0    1    1    2    1    3    3    1
       1    0    2    3    1    0    0    1    0    0    0    0    0    0    1
       0    0    0

 UL(t):
       0    0    0    0    0    0    0    0    0    0    0    0    0    0    0
       0    0    0    0    0    0    0    0    0    0    0    0    0    0    0
       0    0    0

 Not Released(t):
       0    0    0    0    0    0    0    0    0    0    0    0    0    0    0
       0    0    0    0    0    0    0    0    0    0    0    0    0    0    0
       0    0    0
 -2logL(saturated) = 272.93564     
 Effective Sample Size = 103

 Number of function evaluations was 29 for 7 parameters.
 Time for numerical optimization was 0.06 seconds.     
 -2logL { Phi(~sex)p(~sex)pent(~sex)N(~1) } = 552.89274     
 Penalty { Phi(~sex)p(~sex)pent(~sex)N(~1) } = 0.0000000     
 Gradient { Phi(~sex)p(~sex)pent(~sex)N(~1) }:
  0.9116878E-05  0.6598777E-05  0.8460458E-05  0.1301252E-04  0.3845496E-05
  0.1967847E-04  0.5410744E-05
 Maximum ABS(G) { Phi(~sex)p(~sex)pent(~sex)N(~1) } = 0.1967847E-04 
 S Vector { Phi(~sex)p(~sex)pent(~sex)N(~1) }:
   125.7895      11.84342      6.081341      3.439708     0.7460512    
  0.4804353     0.7588635E-01
 Time to compute number of parameters was 0.03 seconds.     
 Ratio Threshold = 50.000000       Max Gap (1/2) = 10.621051       Next Max Gap (1/2) = 10.621051     
 Gap Method for Num. of Estimated Parameters { Phi(~sex)p(~sex)pent(~sex)N(~1) } = 7          
 Threshold { Phi(~sex)p(~sex)pent(~sex)N(~1) } = 0.3935695E-04                 
 Numerical Threshold Method for Num. of Estimated Parameters { Phi(~sex)p(~sex)pent(~sex)N(~1) } = 7          
 Number of Estimated Parameters { Phi(~sex)p(~sex)pent(~sex)N(~1) } = 7          
 DEVIANCE { Phi(~sex)p(~sex)pent(~sex)N(~1) } = 279.95710                     
 DEVIANCE Degrees of Freedom { Phi(~sex)p(~sex)pent(~sex)N(~1) } = 34            
 c-hat { Phi(~sex)p(~sex)pent(~sex)N(~1) } = 8.2340323                     
 AIC { Phi(~sex)p(~sex)pent(~sex)N(~1) } = 566.89274                  
 AICc { Phi(~sex)p(~sex)pent(~sex)N(~1) } = 568.07169                    
 BIC { Phi(~sex)p(~sex)pent(~sex)N(~1) } = 585.33584                    
 Pearson Chisquare { Phi(~sex)p(~sex)pent(~sex)N(~1) } = 20321215.                  


             PARM-SPECIFIC Link Function Parameters of { Phi(~sex)p(~sex)pent(~sex)N(~1) }
                                                              95% Confidence Interval
 Parameter                    Beta         Standard Error      Lower           Upper
 -------------------------  --------------  --------------  --------------  --------------
    1:Phi:(Intercept)       -1.5105287       1.1148322      -3.6955999       0.6745424    
    2:Phi:sexM               2.4685493       1.3903792      -0.2565941       5.1936927    
    3:p:(Intercept)         -2.6070834       0.3557735      -3.3043994      -1.9097674    
    4:p:sexM                 0.1726234       0.4058435      -0.6228298       0.9680766    
    5:pent:(Intercept)      -4.9519458       2.6393927      -10.125156       0.2212641    
    6:pent:sexM              0.5508102       2.5179062      -4.3842860       5.4859064    
    7:N:(Intercept)          1.8200907       0.6111034       0.6223281       3.0178533    


             Real Function Parameters of { Phi(~sex)p(~sex)pent(~sex)N(~1) }
                                                               95% Confidence Interval
  Parameter                  Estimate       Standard Error      Lower           Upper
 --------------------------  --------------  --------------  --------------  --------------
     1:Phi gF a0 t1           0.1808604       0.1651623       0.0242308       0.6625195                          
     2:Phi gM a0 t1           0.7227253       0.2086532       0.2529829       0.9525202                          
     3:p gF a0 t1             0.0686839       0.0227576       0.0354206       0.1290070                          
     4:p gM a0 t1             0.0805824       0.0148965       0.0558012       0.1150282                          
     5:N gF a0 t1             22.172419       3.7719857       18.046218       34.619107                          

  Program  MARK  - Survival Rate Estimation with Capture-Recapture Data
   gfortran(dble) Vers. 9.0 Mar 2018    25-Mar-2020 14:22:43    Page  010
 - - - - - - - - - - - - - - - - - - - - - - - - - - - - - - - - - - - - - -
 
     6:pent gF a0.005479452   0.0057654       0.0124096       0.8326754E-04   0.2876458                          
     7:pent gF a0.008219178   0.0057654       0.0124096       0.8326754E-04   0.2876458                          
     8:pent gF a0.010958904   0.0057654       0.0124096       0.8326754E-04   0.2876458                          
     9:pent gF a0.016438356   0.0057654       0.0124096       0.8326754E-04   0.2876458                          
    10:pent gF a0.024657534   0.0057654       0.0124096       0.8326754E-04   0.2876458                          
    11:pent gF a0.027397260   0.0057654       0.0124096       0.8326754E-04   0.2876458                          
    12:pent gF a0.030136986   0.0057654       0.0124096       0.8326754E-04   0.2876458                          
    13:pent gF a0.035616438   0.0057654       0.0124096       0.8326754E-04   0.2876458                          
    14:pent gF a0.041095890   0.0057654       0.0124096       0.8326754E-04   0.2876458                          
    15:pent gF a0.049315068   0.0057654       0.0124096       0.8326754E-04   0.2876458                          
    16:pent gF a0.052054794   0.0057654       0.0124096       0.8326754E-04   0.2876458                          
    17:pent gF a0.065753424   0.0057654       0.0124096       0.8326754E-04   0.2876458                          
    18:pent gF a0.071232876   0.0057654       0.0124096       0.8326754E-04   0.2876458                          
    19:pent gF a0.098630136   0.0057654       0.0124096       0.8326754E-04   0.2876458                          
    20:pent gF a0.101369863   0.0057654       0.0124096       0.8326754E-04   0.2876458                          
    21:pent gF a0.106849315   0.0057654       0.0124096       0.8326754E-04   0.2876458                          
    22:pent gF a0.109589041   0.0057654       0.0124096       0.8326754E-04   0.2876458                          
    23:pent gF a0.120547945   0.0057654       0.0124096       0.8326754E-04   0.2876458                          
    24:pent gF a0.350684931   0.0057654       0.0124096       0.8326754E-04   0.2876458                          
    25:pent gF a0.358904109   0.0057654       0.0124096       0.8326754E-04   0.2876458                          
    26:pent gF a0.613698630   0.0057654       0.0124096       0.8326754E-04   0.2876458                          
    27:pent gF a0.638356164   0.0057654       0.0124096       0.8326754E-04   0.2876458                          
    28:pent gF a0.646575342   0.0057654       0.0124096       0.8326754E-04   0.2876458                          
    29:pent gF a0.649315068   0.0057654       0.0124096       0.8326754E-04   0.2876458                          
    30:pent gF a0.652054794   0.0057654       0.0124096       0.8326754E-04   0.2876458                          
    31:pent gF a0.704109589   0.0057654       0.0124096       0.8326754E-04   0.2876458                          
    32:pent gF a0.706849315   0.0057654       0.0124096       0.8326754E-04   0.2876458                          
    33:pent gF a0.709589041   0.0057654       0.0124096       0.8326754E-04   0.2876458                          
    34:pent gF a0.827397260   0.0057654       0.0124096       0.8326754E-04   0.2876458                          
    35:pent gF a1.402739726   0.0057654       0.0124096       0.8326754E-04   0.2876458                          
    36:pent gF a1.405479452   0.0057654       0.0124096       0.8326754E-04   0.2876458                          
    37:pent gF a1.408219178   0.0057654       0.0124096       0.8326754E-04   0.2876458                          
    38:pent gM a0.005479452   0.0088072       0.0090701       0.0011581       0.0637509                          
    39:pent gM a0.008219178   0.0088072       0.0090701       0.0011581       0.0637509                          
    40:pent gM a0.010958904   0.0088072       0.0090701       0.0011581       0.0637509                          
    41:pent gM a0.016438356   0.0088072       0.0090701       0.0011581       0.0637509                          
    42:pent gM a0.024657534   0.0088072       0.0090701       0.0011581       0.0637509                          
    43:pent gM a0.027397260   0.0088072       0.0090701       0.0011581       0.0637509                          
    44:pent gM a0.030136986   0.0088072       0.0090701       0.0011581       0.0637509                          
    45:pent gM a0.035616438   0.0088072       0.0090701       0.0011581       0.0637509                          
    46:pent gM a0.041095890   0.0088072       0.0090701       0.0011581       0.0637509                          
    47:pent gM a0.049315068   0.0088072       0.0090701       0.0011581       0.0637509                          
    48:pent gM a0.052054794   0.0088072       0.0090701       0.0011581       0.0637509                          
    49:pent gM a0.065753424   0.0088072       0.0090701       0.0011581       0.0637509                          
    50:pent gM a0.071232876   0.0088072       0.0090701       0.0011581       0.0637509                          
    51:pent gM a0.098630136   0.0088072       0.0090701       0.0011581       0.0637509                          

  Program  MARK  - Survival Rate Estimation with Capture-Recapture Data
   gfortran(dble) Vers. 9.0 Mar 2018    25-Mar-2020 14:22:43    Page  011
 - - - - - - - - - - - - - - - - - - - - - - - - - - - - - - - - - - - - - -
 
    52:pent gM a0.101369863   0.0088072       0.0090701       0.0011581       0.0637509                          
    53:pent gM a0.106849315   0.0088072       0.0090701       0.0011581       0.0637509                          
    54:pent gM a0.109589041   0.0088072       0.0090701       0.0011581       0.0637509                          
    55:pent gM a0.120547945   0.0088072       0.0090701       0.0011581       0.0637509                          
    56:pent gM a0.350684931   0.0088072       0.0090701       0.0011581       0.0637509                          
    57:pent gM a0.358904109   0.0088072       0.0090701       0.0011581       0.0637509                          
    58:pent gM a0.613698630   0.0088072       0.0090701       0.0011581       0.0637509                          
    59:pent gM a0.638356164   0.0088072       0.0090701       0.0011581       0.0637509                          
    60:pent gM a0.646575342   0.0088072       0.0090701       0.0011581       0.0637509                          
    61:pent gM a0.649315068   0.0088072       0.0090701       0.0011581       0.0637509                          
    62:pent gM a0.652054794   0.0088072       0.0090701       0.0011581       0.0637509                          
    63:pent gM a0.704109589   0.0088072       0.0090701       0.0011581       0.0637509                          
    64:pent gM a0.706849315   0.0088072       0.0090701       0.0011581       0.0637509                          
    65:pent gM a0.709589041   0.0088072       0.0090701       0.0011581       0.0637509                          
    66:pent gM a0.827397260   0.0088072       0.0090701       0.0011581       0.0637509                          
    67:pent gM a1.402739726   0.0088072       0.0090701       0.0011581       0.0637509                          
    68:pent gM a1.405479452   0.0088072       0.0090701       0.0011581       0.0637509                          
    69:pent gM a1.408219178   0.0088072       0.0090701       0.0011581       0.0637509                          


                      Estimates of Derived Parameters
 Gross Birth+Immigration Estimates of { Phi(~sex)p(~sex)pent(~sex)N(~1) }
                                                95% Confidence Interval
 Grp. Occ.   B*-hat          Standard Error      Lower           Upper
 ---- ----   --------------  --------------  --------------  --------------
   1     1    0.1284316       0.2888454       0.0092513       1.7829629    
   1     2    0.1281315       0.2880773       0.0092333       1.7780954    
   1     3    0.1281315       0.2880773       0.0092333       1.7780954    
   1     4    0.1284316       0.2888454       0.0092513       1.7829629    
   1     5    0.1287323       0.2896150       0.0092693       1.7878396    
   1     6    0.1281315       0.2880773       0.0092333       1.7780954    
   1     7    0.1281315       0.2880773       0.0092333       1.7780954    
   1     8    0.1284316       0.2888454       0.0092513       1.7829629    
   1     9    0.1284316       0.2888454       0.0092513       1.7829629    
   1    10    0.1287323       0.2896150       0.0092693       1.7878396    
   1    11    0.1281315       0.2880773       0.0092333       1.7780954    
   1    12    0.1293349       0.2911583       0.0093054       1.7976203    
   1    13    0.1284316       0.2888454       0.0092513       1.7829629    
   1    14    0.1308497       0.2950410       0.0093960       1.8222319    
   1    15    0.1281315       0.2880773       0.0092333       1.7780954    
   1    16    0.1284316       0.2888454       0.0092513       1.7829629    
   1    17    0.1281315       0.2880773       0.0092333       1.7780954    
   1    18    0.1290333       0.2903859       0.0092873       1.7927253    
   1    19    0.1546309       0.3565899       0.0108040       2.2131402    
   1    20    0.1287323       0.2896150       0.0092693       1.7878396    

  Program  MARK  - Survival Rate Estimation with Capture-Recapture Data
   gfortran(dble) Vers. 9.0 Mar 2018    25-Mar-2020 14:22:43    Page  012
 - - - - - - - - - - - - - - - - - - - - - - - - - - - - - - - - - - - - - -
 
   1    21    0.1576963       0.3645943       0.0109838       2.2640679    
   1    22    0.1305458       0.2942616       0.0093778       1.8172913    
   1    23    0.1287323       0.2896150       0.0092693       1.7878396    
   1    24    0.1281315       0.2880773       0.0092333       1.7780954    
   1    25    0.1281315       0.2880773       0.0092333       1.7780954    
   1    26    0.1336057       0.3021181       0.0095605       1.8671088    
   1    27    0.1281315       0.2880773       0.0092333       1.7780954    
   1    28    0.1281315       0.2880773       0.0092333       1.7780954    
   1    29    0.1411401       0.3215448       0.0100083       1.9903977    
   1    30    0.2008644       0.4785501       0.0134907       2.9906905    
   1    31    0.1281315       0.2880773       0.0092333       1.7780954    
   1    32    0.1281315       0.2880773       0.0092333       1.7780954    
   2     1    0.3100463       0.3424645       0.0538581       1.7848521    
   2     2    0.3099085       0.3422561       0.0538448       1.7837053    
   2     3    0.3099085       0.3422561       0.0538448       1.7837053    
   2     4    0.3100463       0.3424645       0.0538581       1.7848521    
   2     5    0.3101842       0.3426731       0.0538714       1.7859996    
   2     6    0.3099085       0.3422561       0.0538448       1.7837053    
   2     7    0.3099085       0.3422561       0.0538448       1.7837053    
   2     8    0.3100463       0.3424645       0.0538581       1.7848521    
   2     9    0.3100463       0.3424645       0.0538581       1.7848521    
   2    10    0.3101842       0.3426731       0.0538714       1.7859996    
   2    11    0.3099085       0.3422561       0.0538448       1.7837053    
   2    12    0.3104602       0.3430906       0.0538979       1.7882966    
   2    13    0.3100463       0.3424645       0.0538581       1.7848521    
   2    14    0.3111507       0.3441363       0.0539643       1.7940512    
   2    15    0.3099085       0.3422561       0.0538448       1.7837053    
   2    16    0.3100463       0.3424645       0.0538581       1.7848521    
   2    17    0.3099085       0.3422561       0.0538448       1.7837053    
   2    18    0.3103222       0.3428818       0.0538847       1.7871478    
   2    19    0.3214896       0.3599427       0.0549405       1.8812285    
   2    20    0.3101842       0.3426731       0.0538714       1.7859996    
   2    21    0.3227623       0.3619072       0.0550585       1.8920882    
   2    22    0.3110125       0.3439269       0.0539510       1.7928989    
   2    23    0.3101842       0.3426731       0.0538714       1.7859996    
   2    24    0.3099085       0.3422561       0.0538448       1.7837053    
   2    25    0.3099085       0.3422561       0.0538448       1.7837053    
   2    26    0.3123962       0.3460256       0.0540836       1.8044526    
   2    27    0.3099085       0.3422561       0.0538448       1.7837053    
   2    28    0.3099085       0.3422561       0.0538448       1.7837053    
   2    29    0.3157336       0.3511086       0.0544010       1.8324621    
   2    30    0.3396082       0.3882764       0.0565820       2.0383467    
   2    31    0.3099085       0.3422561       0.0538448       1.7837053    
   2    32    0.3099085       0.3422561       0.0538448       1.7837053    

  Net Birth+Immigration Estimates of { Phi(~sex)p(~sex)pent(~sex)N(~1) }
                                                95% Confidence Interval
 Grp. Occ.   B-hat           Standard Error      Lower           Upper
 ---- ----   --------------  --------------  --------------  --------------
   1     1    0.1278318       0.2873106       0.0092153       1.7732370    
   1     2    0.1278318       0.2873106       0.0092153       1.7732370    
   1     3    0.1278318       0.2873106       0.0092153       1.7732370    
   1     4    0.1278318       0.2873106       0.0092153       1.7732370    
   1     5    0.1278318       0.2873106       0.0092153       1.7732370    
   1     6    0.1278318       0.2873106       0.0092153       1.7732370    
   1     7    0.1278318       0.2873106       0.0092153       1.7732370    
   1     8    0.1278318       0.2873106       0.0092153       1.7732370    
   1     9    0.1278318       0.2873106       0.0092153       1.7732370    
   1    10    0.1278318       0.2873106       0.0092153       1.7732370    
   1    11    0.1278318       0.2873106       0.0092153       1.7732370    
   1    12    0.1278318       0.2873106       0.0092153       1.7732370    
   1    13    0.1278318       0.2873106       0.0092153       1.7732370    
   1    14    0.1278318       0.2873106       0.0092153       1.7732370    
   1    15    0.1278318       0.2873106       0.0092153       1.7732370    
   1    16    0.1278318       0.2873106       0.0092153       1.7732370    
   1    17    0.1278318       0.2873106       0.0092153       1.7732370    
   1    18    0.1278318       0.2873106       0.0092153       1.7732370    
   1    19    0.1278318       0.2873106       0.0092153       1.7732370    
   1    20    0.1278318       0.2873106       0.0092153       1.7732370    
   1    21    0.1278318       0.2873106       0.0092153       1.7732370    
   1    22    0.1278318       0.2873106       0.0092153       1.7732370    
   1    23    0.1278318       0.2873106       0.0092153       1.7732370    
   1    24    0.1278318       0.2873106       0.0092153       1.7732370    
   1    25    0.1278318       0.2873106       0.0092153       1.7732370    
   1    26    0.1278318       0.2873106       0.0092153       1.7732370    
   1    27    0.1278318       0.2873106       0.0092153       1.7732370    
   1    28    0.1278318       0.2873106       0.0092153       1.7732370    
   1    29    0.1278318       0.2873106       0.0092153       1.7732370    
   1    30    0.1278318       0.2873106       0.0092153       1.7732370    
   1    31    0.1278318       0.2873106       0.0092153       1.7732370    
   1    32    0.1278318       0.2873106       0.0092153       1.7732370    
   2     1    0.3097707       0.3420477       0.0538315       1.7825592    
   2     2    0.3097707       0.3420477       0.0538315       1.7825592    
   2     3    0.3097707       0.3420477       0.0538315       1.7825592    
   2     4    0.3097707       0.3420477       0.0538315       1.7825592    
   2     5    0.3097707       0.3420477       0.0538315       1.7825592    
   2     6    0.3097707       0.3420477       0.0538315       1.7825592    
   2     7    0.3097707       0.3420477       0.0538315       1.7825592    
   2     8    0.3097707       0.3420477       0.0538315       1.7825592    
   2     9    0.3097707       0.3420477       0.0538315       1.7825592    
   2    10    0.3097707       0.3420477       0.0538315       1.7825592    
   2    11    0.3097707       0.3420477       0.0538315       1.7825592    
   2    12    0.3097707       0.3420477       0.0538315       1.7825592    
   2    13    0.3097707       0.3420477       0.0538315       1.7825592    
   2    14    0.3097707       0.3420477       0.0538315       1.7825592    
   2    15    0.3097707       0.3420477       0.0538315       1.7825592    
   2    16    0.3097707       0.3420477       0.0538315       1.7825592    
   2    17    0.3097707       0.3420477       0.0538315       1.7825592    
   2    18    0.3097707       0.3420477       0.0538315       1.7825592    
   2    19    0.3097707       0.3420477       0.0538315       1.7825592    
   2    20    0.3097707       0.3420477       0.0538315       1.7825592    
   2    21    0.3097707       0.3420477       0.0538315       1.7825592    
   2    22    0.3097707       0.3420477       0.0538315       1.7825592    
   2    23    0.3097707       0.3420477       0.0538315       1.7825592    
   2    24    0.3097707       0.3420477       0.0538315       1.7825592    
   2    25    0.3097707       0.3420477       0.0538315       1.7825592    
   2    26    0.3097707       0.3420477       0.0538315       1.7825592    
   2    27    0.3097707       0.3420477       0.0538315       1.7825592    
   2    28    0.3097707       0.3420477       0.0538315       1.7825592    
   2    29    0.3097707       0.3420477       0.0538315       1.7825592    
   2    30    0.3097707       0.3420477       0.0538315       1.7825592    
   2    31    0.3097707       0.3420477       0.0538315       1.7825592    
   2    32    0.3097707       0.3420477       0.0538315       1.7825592    

       Population Estimates of { Phi(~sex)p(~sex)pent(~sex)N(~1) }
                                                95% Confidence Interval
 Grp. Occ.   N-hat           Standard Error      Lower           Upper
 ---- ----   --------------  --------------  --------------  --------------
   1     1    18.081800       7.6270510       8.1806110       39.966637    
   1     2    18.040997       7.3387891       8.3785082       38.846720    

  Program  MARK  - Survival Rate Estimation with Capture-Recapture Data
   gfortran(dble) Vers. 9.0 Mar 2018    25-Mar-2020 14:22:43    Page  013
 - - - - - - - - - - - - - - - - - - - - - - - - - - - - - - - - - - - - - -
 
   1     3    18.084504       7.0664321       8.6385408       37.859320    
   1     4    18.127808       6.7972938       8.9044352       36.904914    
   1     5    18.086575       6.5227577       9.1139633       35.892638    
   1     6    17.961977       6.2460005       9.2632235       34.829412    
   1     7    18.005854       5.9876034       9.5442480       33.969232    
   1     8    18.049525       5.7334411       9.8298675       33.142396    
   1     9    18.009022       5.4804976       10.049913       32.271414    
   1    10    17.968897       5.2337751       10.271135       31.435793    
   1    11    17.845942       4.9931446       10.419559       30.565369    
   1    12    17.890361       4.7595926       10.715681       29.868845    
   1    13    17.603980       4.5407810       10.704675       28.949980    
   1    14    17.567633       4.3241304       10.921102       28.259212    
   1    15    16.891401       4.1584506       10.499818       27.173750    
   1    16    16.940282       3.9539815       10.786224       26.605524    
   1    17    16.910124       3.7677149       10.984522       26.032293    
   1    18    16.958917       3.5855107       11.256277       25.550620    
   1    19    16.771897       3.4443406       11.260953       24.979815    
   1    20    11.443221       4.0650104       5.8224498       22.490069    
   1    21    11.411343       3.9153150       5.9342416       21.943620    
   1    22    7.5087769       3.9904110       2.8250509       19.957775    
   1    23    7.3265824       3.8342928       2.7931645       19.217919    
   1    24    7.3521591       3.7010737       2.8964657       18.662138    
   1    25    7.4456265       3.5873529       3.0407912       18.231227    
   1    26    7.5386571       3.4936962       3.1756499       17.895975    
   1    27    7.0244337       3.4164573       2.8469403       17.331825    
   1    28    7.1194330       3.3571351       2.9582071       17.134137    
   1    29    7.2139882       3.3209340       3.0548629       17.035667    
   1    30    6.0255551       3.2198335       2.2562316       16.092016    
   1    31    2.3805937       2.2076726       0.5083051       11.149261    
   1    32    2.4972985       2.1536558       0.5790870       10.769539    
   1    33    2.6134578       2.1371809       0.6428301       10.625142    
   2     1    25.259757       8.6432142       13.157985       48.491874    
   2     2    25.524623       8.3182730       13.693807       47.576714    
   2     3    25.811695       7.9947954       14.261955       46.714744    
   2     4    26.098512       7.6731501       14.842963       45.889242    
   2     5    26.361887       7.3547661       15.414498       45.084118    
   2     6    26.601392       7.0406051       15.974037       44.299011    
   2     7    26.887507       6.7255538       16.590215       43.576169    
   2     8    27.173367       6.4132871       17.217132       42.887044    
   2     9    27.434831       6.1068335       17.828400       42.217469    
   2    10    27.695829       5.8042428       18.447495       41.580658    
   2    11    27.931779       5.5094457       19.045770       40.963652    
   2    12    28.216711       5.2123964       19.705187       40.404731    
   2    13    28.401244       4.9373701       20.251581       39.830504    
   2    14    28.660525       4.6563320       20.887712       39.325785    
   2    15    28.716445       4.4249693       21.268351       38.772833    

  Program  MARK  - Survival Rate Estimation with Capture-Recapture Data
   gfortran(dble) Vers. 9.0 Mar 2018    25-Mar-2020 14:22:43    Page  014
 - - - - - - - - - - - - - - - - - - - - - - - - - - - - - - - - - - - - - -
 
   2    16    29.000679       4.1545301       21.932327       38.347020    
   2    17    29.258894       3.9006093       22.556850       37.952235    
   2    18    29.542646       3.6530267       23.205619       37.610198    
   2    19    29.747472       3.4400857       23.732283       37.287270    
   2    20    27.915205       4.0761876       20.999107       37.109135    
   2    21    28.150570       3.9005042       21.483448       36.886751    
   2    22    26.224958       4.9894405       18.121894       37.951245    
   2    23    26.325586       4.9403705       18.281645       37.908868    
   2    24    26.565188       4.8259061       18.660869       37.817595    
   2    25    26.851335       4.7026059       19.099085       37.750194    
   2    26    27.137227       4.6006722       19.510870       37.744555    
   2    27    26.992138       4.7817603       19.125127       38.095198    
   2    28    27.277905       4.7191863       19.481907       38.193599    
   2    29    27.563419       4.6798480       19.807742       38.355813    
   2    30    26.838654       5.2385957       18.372304       39.206481    
   2    31    22.574738       7.6906700       11.791163       43.220402    
   2    32    22.864434       7.6248144       12.098921       43.209005    
   2    33    23.153872       7.5735294       12.394780       43.252223    

    Gross Population Estimates of { Phi(~sex)p(~sex)pent(~sex)N(~1) }
                                                95% Confidence Interval
 Grp. Occ.   N*-hat          Standard Error      Lower           Upper
 ---- ----   --------------  --------------  --------------  --------------
   1     0    22.340730       4.0479812       15.707488       31.775176    
   2     0    35.244518       3.8579962       28.457156       43.650745    

   CPU Time for the last procedure was 0.11 seconds.     

  Program  MARK  - Survival Rate Estimation with Capture-Recapture Data
   gfortran(dble) Vers. 9.0 Mar 2018    25-Mar-2020 14:22:43    Page  015
 - - - - - - - - - - - - - - - - - - - - - - - - - - - - - - - - - - - - - -
 


  INPUT --- proc stop;

     CPU Time in minutes for this job was 0.00

     Time Start = 14:22:42.845   Time End = 14:22:43.198

     Wall Clock Time in minutes for this job was 0.01


          E X E C U T I O N   S U C C E S S F U L 
