
   Program  MARK  - Survival Rate Estimation with Capture-Recapture Data
   gfortran(dble) Vers. 9.0 Mar 2018    25-Mar-2020 14:19:41    Page  001
 - - - - - - - - - - - - - - - - - - - - - - - - - - - - - - - - - - - - - -
 
   This version was compiled by GCC version 7.2.0 using the options: 
     -cpp -iprefix C:/Program Files/mingw-w64/x86_64-7.2.0-posix-seh-rt_v5-rev1/
     mingw64/bin/../lib/gcc/x86_64-w64-mingw32/7.2.0/ -D_MT -D_REENTRANT
     -U_REENTRANT -D IEEE -D DBLEPRECISION -m64 -mtune=core2 -march=nocona -mthreads
     -O2 -fimplicit-none -fbounds-check -funroll-loops -ftree-vectorize
     -ffpe-summary=invalid,zero,overflow,underflow -fno-unsafe-math-optimizations
     -frounding-math -fsignaling-nans -fopenmp.

   This problem will use 15 of 16 possible threads.


  INPUT --- proc title ;

   CPU Time for the last procedure was 0.01 seconds.     


  INPUT --- proc chmatrix occasions= 33 groups= 2 etype= POPAN Nodes= 
  INPUT --- 101 ICMeans NoHist hist= 41  ;

  INPUT ---    time interval 0.00547945205479452 0.00273972602739726 
  INPUT ---    0.00273972602739726 0.00547945205479452  
  INPUT ---    0.00821917808219178 0.00273972602739726 0.00273972602739726 
  INPUT ---    0.00547945205479452  0.00547945205479452 
  INPUT ---    0.00821917808219178 0.00273972602739726 0.0136986301369863 
  INPUT ---    0.00547945205479452  0.0273972602739726 0.00273972602739726 
  INPUT ---    0.00547945205479452 0.00273972602739726 0.010958904109589  
  INPUT ---    0.23013698630137 0.00821917808219178 0.254794520547945 
  INPUT ---    0.0246575342465753 0.00821917808219178  0.00273972602739726 
  INPUT ---    0.00273972602739726 0.0520547945205479 0.00273972602739726 
  INPUT ---    0.00273972602739726  0.117808219178082 0.575342465753425 
  INPUT ---    0.00273972602739726 0.00273972602739726 ;

  INPUT ---    glabel(1)=sexF;

  INPUT ---    glabel(2)=sexM;

   * *  WARNING  * *   At least a pair of the encounter histories are duplicates. 

      Number of unique encounter histories read was 38.

      Number of individual covariates read was 0.
      Time interval lengths vary and/or not equal to 1.

      Data type number is 19
      Data type is POPAN                                                                                               

   CPU Time for the last procedure was 0.01 seconds.     

  Program  MARK  - Survival Rate Estimation with Capture-Recapture Data
   gfortran(dble) Vers. 9.0 Mar 2018    25-Mar-2020 14:19:41    Page  002
 - - - - - - - - - - - - - - - - - - - - - - - - - - - - - - - - - - - - - -
 


  INPUT --- proc estimate link=Parm-Specific NOLOOP varest=2ndPart    ;


  INPUT --- model={ Phi(~1)p(~1)pent(~1)N(~sex) };

  INPUT ---    group=1 Phi    rows=1 cols=32 Square ;
  INPUT ---        1 1 1 1 1 1 1 1 1 1 1 1 1 1 1 1 1 1 1 1 1 1 1 1 1 1 1 1 1 
  INPUT ---       1 1 1 ;

  INPUT ---    group=2 Phi    rows=1 cols=32 Square ;
  INPUT ---        1 1 1 1 1 1 1 1 1 1 1 1 1 1 1 1 1 1 1 1 1 1 1 1 1 1 1 1 1 
  INPUT ---       1 1 1 ;

  INPUT ---    group=1 p    rows=1 cols=33 Square ;
  INPUT ---        2 2 2 2 2 2 2 2 2 2 2 2 2 2 2 2 2 2 2 2 2 2 2 2 2 2 2 2 2 
  INPUT ---       2 2 2 2 ;

  INPUT ---    group=2 p    rows=1 cols=33 Square ;
  INPUT ---        2 2 2 2 2 2 2 2 2 2 2 2 2 2 2 2 2 2 2 2 2 2 2 2 2 2 2 2 2 
  INPUT ---       2 2 2 2 ;

  INPUT ---    group=1 pent    rows=1 cols=32 Square ;
  INPUT ---        5 6 7 8 9 10 11 12 13 14 15 16 17 18 19 20 21 22 23 24 25 
  INPUT ---       26 27 28 29 30 31 32 33 34 35 36 ;

  INPUT ---    group=2 pent    rows=1 cols=32 Square ;
  INPUT ---        37 38 39 40 41 42 43 44 45 46 47 48 49 50 51 52 53 54 55 
  INPUT ---       56 57 58 59 60 61 62 63 64 65 66 67 68 ;

  INPUT ---    group=1 N    rows=1 cols=1 Square ;
  INPUT ---        3 ;

  INPUT ---    group=2 N    rows=1 cols=1 Square ;
  INPUT ---        4 ;

  INPUT ---    design matrix constraints=68 covariates=5;
  INPUT ---        1 0 0 0 0;
  INPUT ---        0 1 0 0 0;
  INPUT ---        0 0 0 1 0;
  INPUT ---        0 0 0 1 1;
  INPUT ---        0 0 1 0 0;
  INPUT ---        0 0 1 0 0;
  INPUT ---        0 0 1 0 0;
  INPUT ---        0 0 1 0 0;

  Program  MARK  - Survival Rate Estimation with Capture-Recapture Data
   gfortran(dble) Vers. 9.0 Mar 2018    25-Mar-2020 14:19:41    Page  003
 - - - - - - - - - - - - - - - - - - - - - - - - - - - - - - - - - - - - - -
 
  INPUT ---        0 0 1 0 0;
  INPUT ---        0 0 1 0 0;
  INPUT ---        0 0 1 0 0;
  INPUT ---        0 0 1 0 0;
  INPUT ---        0 0 1 0 0;
  INPUT ---        0 0 1 0 0;
  INPUT ---        0 0 1 0 0;
  INPUT ---        0 0 1 0 0;
  INPUT ---        0 0 1 0 0;
  INPUT ---        0 0 1 0 0;
  INPUT ---        0 0 1 0 0;
  INPUT ---        0 0 1 0 0;
  INPUT ---        0 0 1 0 0;
  INPUT ---        0 0 1 0 0;
  INPUT ---        0 0 1 0 0;
  INPUT ---        0 0 1 0 0;
  INPUT ---        0 0 1 0 0;
  INPUT ---        0 0 1 0 0;
  INPUT ---        0 0 1 0 0;
  INPUT ---        0 0 1 0 0;
  INPUT ---        0 0 1 0 0;
  INPUT ---        0 0 1 0 0;
  INPUT ---        0 0 1 0 0;
  INPUT ---        0 0 1 0 0;
  INPUT ---        0 0 1 0 0;
  INPUT ---        0 0 1 0 0;
  INPUT ---        0 0 1 0 0;
  INPUT ---        0 0 1 0 0;
  INPUT ---        0 0 1 0 0;
  INPUT ---        0 0 1 0 0;
  INPUT ---        0 0 1 0 0;
  INPUT ---        0 0 1 0 0;
  INPUT ---        0 0 1 0 0;
  INPUT ---        0 0 1 0 0;
  INPUT ---        0 0 1 0 0;
  INPUT ---        0 0 1 0 0;
  INPUT ---        0 0 1 0 0;
  INPUT ---        0 0 1 0 0;
  INPUT ---        0 0 1 0 0;
  INPUT ---        0 0 1 0 0;
  INPUT ---        0 0 1 0 0;
  INPUT ---        0 0 1 0 0;
  INPUT ---        0 0 1 0 0;
  INPUT ---        0 0 1 0 0;
  INPUT ---        0 0 1 0 0;
  INPUT ---        0 0 1 0 0;

  Program  MARK  - Survival Rate Estimation with Capture-Recapture Data
   gfortran(dble) Vers. 9.0 Mar 2018    25-Mar-2020 14:19:41    Page  004
 - - - - - - - - - - - - - - - - - - - - - - - - - - - - - - - - - - - - - -
 
  INPUT ---        0 0 1 0 0;
  INPUT ---        0 0 1 0 0;
  INPUT ---        0 0 1 0 0;
  INPUT ---        0 0 1 0 0;
  INPUT ---        0 0 1 0 0;
  INPUT ---        0 0 1 0 0;
  INPUT ---        0 0 1 0 0;
  INPUT ---        0 0 1 0 0;
  INPUT ---        0 0 1 0 0;
  INPUT ---        0 0 1 0 0;
  INPUT ---        0 0 1 0 0;
  INPUT ---        0 0 1 0 0;
  INPUT ---        0 0 1 0 0;
  INPUT ---        0 0 1 0 0;

  INPUT ---    links=68;

  INPUT ---    Logit;

  INPUT ---    Logit;

  INPUT ---    Log;

  INPUT ---    Log;

  INPUT ---    mlogit(1);

  INPUT ---    mlogit(1);

  INPUT ---    mlogit(1);

  INPUT ---    mlogit(1);

  INPUT ---    mlogit(1);

  INPUT ---    mlogit(1);

  INPUT ---    mlogit(1);

  INPUT ---    mlogit(1);

  INPUT ---    mlogit(1);

  INPUT ---    mlogit(1);

  INPUT ---    mlogit(1);

  Program  MARK  - Survival Rate Estimation with Capture-Recapture Data
   gfortran(dble) Vers. 9.0 Mar 2018    25-Mar-2020 14:19:41    Page  005
 - - - - - - - - - - - - - - - - - - - - - - - - - - - - - - - - - - - - - -
 

  INPUT ---    mlogit(1);

  INPUT ---    mlogit(1);

  INPUT ---    mlogit(1);

  INPUT ---    mlogit(1);

  INPUT ---    mlogit(1);

  INPUT ---    mlogit(1);

  INPUT ---    mlogit(1);

  INPUT ---    mlogit(1);

  INPUT ---    mlogit(1);

  INPUT ---    mlogit(1);

  INPUT ---    mlogit(1);

  INPUT ---    mlogit(1);

  INPUT ---    mlogit(1);

  INPUT ---    mlogit(1);

  INPUT ---    mlogit(1);

  INPUT ---    mlogit(1);

  INPUT ---    mlogit(1);

  INPUT ---    mlogit(1);

  INPUT ---    mlogit(1);

  INPUT ---    mlogit(1);

  INPUT ---    mlogit(1);

  INPUT ---    mlogit(2);

  INPUT ---    mlogit(2);

  Program  MARK  - Survival Rate Estimation with Capture-Recapture Data
   gfortran(dble) Vers. 9.0 Mar 2018    25-Mar-2020 14:19:41    Page  006
 - - - - - - - - - - - - - - - - - - - - - - - - - - - - - - - - - - - - - -
 

  INPUT ---    mlogit(2);

  INPUT ---    mlogit(2);

  INPUT ---    mlogit(2);

  INPUT ---    mlogit(2);

  INPUT ---    mlogit(2);

  INPUT ---    mlogit(2);

  INPUT ---    mlogit(2);

  INPUT ---    mlogit(2);

  INPUT ---    mlogit(2);

  INPUT ---    mlogit(2);

  INPUT ---    mlogit(2);

  INPUT ---    mlogit(2);

  INPUT ---    mlogit(2);

  INPUT ---    mlogit(2);

  INPUT ---    mlogit(2);

  INPUT ---    mlogit(2);

  INPUT ---    mlogit(2);

  INPUT ---    mlogit(2);

  INPUT ---    mlogit(2);

  INPUT ---    mlogit(2);

  INPUT ---    mlogit(2);

  INPUT ---    mlogit(2);

  INPUT ---    mlogit(2);

  Program  MARK  - Survival Rate Estimation with Capture-Recapture Data
   gfortran(dble) Vers. 9.0 Mar 2018    25-Mar-2020 14:19:41    Page  007
 - - - - - - - - - - - - - - - - - - - - - - - - - - - - - - - - - - - - - -
 

  INPUT ---    mlogit(2);

  INPUT ---    mlogit(2);

  INPUT ---    mlogit(2);

  INPUT ---    mlogit(2);

  INPUT ---    mlogit(2);

  INPUT ---    mlogit(2);

  INPUT ---    mlogit(2);
  INPUT ---       blabel(1)=Phi:(Intercept);
  INPUT ---       blabel(2)=p:(Intercept);
  INPUT ---       blabel(3)=pent:(Intercept);
  INPUT ---       blabel(4)=N:(Intercept);
  INPUT ---       blabel(5)=N:sexM;
  INPUT ---       rlabel(1)=Phi gF a0 t1;
  INPUT ---       rlabel(2)=p gF a0 t1;
  INPUT ---       rlabel(3)=N gF a0 t1;
  INPUT ---       rlabel(4)=N gM a0 t1;
  INPUT ---       rlabel(5)=pent gF a0.00547945205479452 t1.00547945205479;
  INPUT ---       rlabel(6)=pent gF a0.00821917808219178 t1.00821917808219;
  INPUT ---       rlabel(7)=pent gF a0.010958904109589 t1.01095890410959;
  INPUT ---       rlabel(8)=pent gF a0.0164383561643836 t1.01643835616438;
  INPUT ---       rlabel(9)=pent gF a0.0246575342465753 t1.02465753424658;
  INPUT ---       rlabel(10)=pent gF a0.0273972602739726 t1.02739726027397;
  INPUT ---       rlabel(11)=pent gF a0.0301369863013699 t1.03013698630137;
  INPUT ---       rlabel(12)=pent gF a0.0356164383561644 t1.03561643835616;
  INPUT ---       rlabel(13)=pent gF a0.0410958904109589 t1.04109589041096;
  INPUT ---       rlabel(14)=pent gF a0.0493150684931507 t1.04931506849315;
  INPUT ---       rlabel(15)=pent gF a0.0520547945205479 t1.05205479452055;
  INPUT ---       rlabel(16)=pent gF a0.0657534246575342 t1.06575342465753;
  INPUT ---       rlabel(17)=pent gF a0.0712328767123288 t1.07123287671233;
  INPUT ---       rlabel(18)=pent gF a0.0986301369863014 t1.0986301369863;
  INPUT ---       rlabel(19)=pent gF a0.101369863013699 t1.1013698630137;
  INPUT ---       rlabel(20)=pent gF a0.106849315068493 t1.10684931506849;
  INPUT ---       rlabel(21)=pent gF a0.10958904109589 t1.10958904109589;
  INPUT ---       rlabel(22)=pent gF a0.120547945205479 t1.12054794520548;
  INPUT ---       rlabel(23)=pent gF a0.350684931506849 t1.35068493150685;
  INPUT ---       rlabel(24)=pent gF a0.358904109589041 t1.35890410958904;
  INPUT ---       rlabel(25)=pent gF a0.613698630136986 t1.61369863013699;
  INPUT ---       rlabel(26)=pent gF a0.638356164383562 t1.63835616438356;
  INPUT ---       rlabel(27)=pent gF a0.646575342465753 t1.64657534246575;

  Program  MARK  - Survival Rate Estimation with Capture-Recapture Data
   gfortran(dble) Vers. 9.0 Mar 2018    25-Mar-2020 14:19:41    Page  008
 - - - - - - - - - - - - - - - - - - - - - - - - - - - - - - - - - - - - - -
 
  INPUT ---       rlabel(28)=pent gF a0.649315068493151 t1.64931506849315;
  INPUT ---       rlabel(29)=pent gF a0.652054794520548 t1.65205479452055;
  INPUT ---       rlabel(30)=pent gF a0.704109589041096 t1.7041095890411;
  INPUT ---       rlabel(31)=pent gF a0.706849315068493 t1.70684931506849;
  INPUT ---       rlabel(32)=pent gF a0.70958904109589 t1.70958904109589;
  INPUT ---       rlabel(33)=pent gF a0.827397260273973 t1.82739726027397;
  INPUT ---       rlabel(34)=pent gF a1.4027397260274 t2.4027397260274;
  INPUT ---       rlabel(35)=pent gF a1.40547945205479 t2.40547945205479;
  INPUT ---       rlabel(36)=pent gF a1.40821917808219 t2.40821917808219;
  INPUT ---       rlabel(37)=pent gM a0.00547945205479452 t1.00547945205479;
  INPUT ---       rlabel(38)=pent gM a0.00821917808219178 t1.00821917808219;
  INPUT ---       rlabel(39)=pent gM a0.010958904109589 t1.01095890410959;
  INPUT ---       rlabel(40)=pent gM a0.0164383561643836 t1.01643835616438;
  INPUT ---       rlabel(41)=pent gM a0.0246575342465753 t1.02465753424658;
  INPUT ---       rlabel(42)=pent gM a0.0273972602739726 t1.02739726027397;
  INPUT ---       rlabel(43)=pent gM a0.0301369863013699 t1.03013698630137;
  INPUT ---       rlabel(44)=pent gM a0.0356164383561644 t1.03561643835616;
  INPUT ---       rlabel(45)=pent gM a0.0410958904109589 t1.04109589041096;
  INPUT ---       rlabel(46)=pent gM a0.0493150684931507 t1.04931506849315;
  INPUT ---       rlabel(47)=pent gM a0.0520547945205479 t1.05205479452055;
  INPUT ---       rlabel(48)=pent gM a0.0657534246575342 t1.06575342465753;
  INPUT ---       rlabel(49)=pent gM a0.0712328767123288 t1.07123287671233;
  INPUT ---       rlabel(50)=pent gM a0.0986301369863014 t1.0986301369863;
  INPUT ---       rlabel(51)=pent gM a0.101369863013699 t1.1013698630137;
  INPUT ---       rlabel(52)=pent gM a0.106849315068493 t1.10684931506849;
  INPUT ---       rlabel(53)=pent gM a0.10958904109589 t1.10958904109589;
  INPUT ---       rlabel(54)=pent gM a0.120547945205479 t1.12054794520548;
  INPUT ---       rlabel(55)=pent gM a0.350684931506849 t1.35068493150685;
  INPUT ---       rlabel(56)=pent gM a0.358904109589041 t1.35890410958904;
  INPUT ---       rlabel(57)=pent gM a0.613698630136986 t1.61369863013699;
  INPUT ---       rlabel(58)=pent gM a0.638356164383562 t1.63835616438356;
  INPUT ---       rlabel(59)=pent gM a0.646575342465753 t1.64657534246575;
  INPUT ---       rlabel(60)=pent gM a0.649315068493151 t1.64931506849315;
  INPUT ---       rlabel(61)=pent gM a0.652054794520548 t1.65205479452055;
  INPUT ---       rlabel(62)=pent gM a0.704109589041096 t1.7041095890411;
  INPUT ---       rlabel(63)=pent gM a0.706849315068493 t1.70684931506849;
  INPUT ---       rlabel(64)=pent gM a0.70958904109589 t1.70958904109589;
  INPUT ---       rlabel(65)=pent gM a0.827397260273973 t1.82739726027397;
  INPUT ---       rlabel(66)=pent gM a1.4027397260274 t2.4027397260274;
  INPUT ---       rlabel(67)=pent gM a1.40547945205479 t2.40547945205479;
  INPUT ---       rlabel(68)=pent gM a1.40821917808219 t2.40821917808219;

 Link Function Used is PARM-SPECIFIC

 Variance Estimation Procedure Used is 2ndPart 

  Program  MARK  - Survival Rate Estimation with Capture-Recapture Data
   gfortran(dble) Vers. 9.0 Mar 2018    25-Mar-2020 14:19:41    Page  009
 - - - - - - - - - - - - - - - - - - - - - - - - - - - - - - - - - - - - - -
 

 M(t+1):
      16     29



 Group: 1

 U(t)+UL(t):
       0    2    2    0    1    0    3    1    1    0    0    0    0    0    1
       0    0    0    2    1    1    0    0    0    1    0    0    0    0    0
       0    0    0

 U(t):
       0    2    2    0    1    0    3    1    1    0    0    0    0    0    1
       0    0    0    2    1    1    0    0    0    1    0    0    0    0    0
       0    0    0

 UL(t):
       0    0    0    0    0    0    0    0    0    0    0    0    0    0    0
       0    0    0    0    0    0    0    0    0    0    0    0    0    0    0
       0    0    0

 Not Released(t):
       0    0    0    0    0    0    0    0    0    0    0    0    0    0    0
       0    0    0    0    0    0    0    0    0    0    0    0    0    0    0
       0    0    0

 Group: 2

 U(t)+UL(t):
       3    0    1    1    1    1    1    0    1    1    2    1    3    3    1
       1    0    2    3    1    0    0    1    0    0    0    0    0    0    1
       0    0    0

 U(t):
       3    0    1    1    1    1    1    0    1    1    2    1    3    3    1
       1    0    2    3    1    0    0    1    0    0    0    0    0    0    1
       0    0    0

 UL(t):
       0    0    0    0    0    0    0    0    0    0    0    0    0    0    0
       0    0    0    0    0    0    0    0    0    0    0    0    0    0    0
       0    0    0

 Not Released(t):
       0    0    0    0    0    0    0    0    0    0    0    0    0    0    0
       0    0    0    0    0    0    0    0    0    0    0    0    0    0    0
       0    0    0
 -2logL(saturated) = 272.93564     
 Effective Sample Size = 103

 Number of function evaluations was 24 for 5 parameters.
 Time for numerical optimization was 0.08 seconds.     
 -2logL { Phi(~1)p(~1)pent(~1)N(~sex) } = 559.43303     
 Penalty { Phi(~1)p(~1)pent(~1)N(~sex) } = 0.0000000     
 Gradient { Phi(~1)p(~1)pent(~1)N(~sex) }:
 -0.1228759E-04 -0.2162075E-05   0.000000      0.3512480E-05  0.4583698E-05
 Maximum ABS(G) { Phi(~1)p(~1)pent(~1)N(~sex) } = 0.1228759E-04 
 S Vector { Phi(~1)p(~1)pent(~1)N(~sex) }:
   84.22763      7.997909      3.121191     0.9966463     0.1508953    
 Time to compute number of parameters was 0.01 seconds.     
 Ratio Threshold = 50.000000       Max Gap (1/2) = 10.531206       Next Max Gap (1/2) = 10.531206     
 Gap Method for Num. of Estimated Parameters { Phi(~1)p(~1)pent(~1)N(~sex) } = 5          
 Threshold { Phi(~1)p(~1)pent(~1)N(~sex) } = 0.2457517E-04                 
 Numerical Threshold Method for Num. of Estimated Parameters { Phi(~1)p(~1)pent(~1)N(~sex) } = 5          
 Number of Estimated Parameters { Phi(~1)p(~1)pent(~1)N(~sex) } = 5          
 DEVIANCE { Phi(~1)p(~1)pent(~1)N(~sex) } = 286.49739                     
 DEVIANCE Degrees of Freedom { Phi(~1)p(~1)pent(~1)N(~sex) } = 36            
 c-hat { Phi(~1)p(~1)pent(~1)N(~sex) } = 7.9582607                     
 AIC { Phi(~1)p(~1)pent(~1)N(~sex) } = 569.43303                  
 AICc { Phi(~1)p(~1)pent(~1)N(~sex) } = 570.05159                    
 BIC { Phi(~1)p(~1)pent(~1)N(~sex) } = 582.60667                    
 Pearson Chisquare { Phi(~1)p(~1)pent(~1)N(~sex) } = 44403609.                  


               PARM-SPECIFIC Link Function Parameters of { Phi(~1)p(~1)pent(~1)N(~sex) }
                                                              95% Confidence Interval
 Parameter                    Beta         Standard Error      Lower           Upper
 -------------------------  --------------  --------------  --------------  --------------
    1:Phi:(Intercept)        0.2418053       0.7296235      -1.1882569       1.6718674    
    2:p:(Intercept)         -2.5287368       0.1808603      -2.8832229      -2.1742507    
    3:pent:(Intercept)      -5.2088351       2.4395226      -9.9902994      -0.4273707    
    4:N:(Intercept)          1.1720818       0.9551115      -0.6999367       3.0441003    
    5:N:sexM                 0.6644627       0.8119133      -0.9268874       2.2558128    


               Real Function Parameters of { Phi(~1)p(~1)pent(~1)N(~sex) }
                                                               95% Confidence Interval
  Parameter                  Estimate       Standard Error      Lower           Upper
 --------------------------  --------------  --------------  --------------  --------------
     1:Phi gF a0 t1           0.5601585       0.1797653       0.2335708       0.8418246                          
     2:p gF a0 t1             0.0738680       0.0123729       0.0529892       0.1020867                          
     3:N gF a0 t1             19.228707       3.0837752       16.666296       31.645529                          
     4:N gM a0 t1             35.274818       4.9333007       30.610957       53.440965                          
     5:pent gF a0.005479452   0.0046537       0.0096622       0.7838059E-04   0.2180643                          
     6:pent gF a0.008219178   0.0046537       0.0096622       0.7838059E-04   0.2180643                          
     7:pent gF a0.010958904   0.0046537       0.0096622       0.7838059E-04   0.2180643                          
     8:pent gF a0.016438356   0.0046537       0.0096622       0.7838059E-04   0.2180643                          
     9:pent gF a0.024657534   0.0046537       0.0096622       0.7838059E-04   0.2180643                          
    10:pent gF a0.027397260   0.0046537       0.0096622       0.7838059E-04   0.2180643                          
    11:pent gF a0.030136986   0.0046537       0.0096622       0.7838059E-04   0.2180643                          
    12:pent gF a0.035616438   0.0046537       0.0096622       0.7838059E-04   0.2180643                          

  Program  MARK  - Survival Rate Estimation with Capture-Recapture Data
   gfortran(dble) Vers. 9.0 Mar 2018    25-Mar-2020 14:19:41    Page  010
 - - - - - - - - - - - - - - - - - - - - - - - - - - - - - - - - - - - - - -
 
    13:pent gF a0.041095890   0.0046537       0.0096622       0.7838059E-04   0.2180643                          
    14:pent gF a0.049315068   0.0046537       0.0096622       0.7838059E-04   0.2180643                          
    15:pent gF a0.052054794   0.0046537       0.0096622       0.7838059E-04   0.2180643                          
    16:pent gF a0.065753424   0.0046537       0.0096622       0.7838059E-04   0.2180643                          
    17:pent gF a0.071232876   0.0046537       0.0096622       0.7838059E-04   0.2180643                          
    18:pent gF a0.098630136   0.0046537       0.0096622       0.7838059E-04   0.2180643                          
    19:pent gF a0.101369863   0.0046537       0.0096622       0.7838059E-04   0.2180643                          
    20:pent gF a0.106849315   0.0046537       0.0096622       0.7838059E-04   0.2180643                          
    21:pent gF a0.109589041   0.0046537       0.0096622       0.7838059E-04   0.2180643                          
    22:pent gF a0.120547945   0.0046537       0.0096622       0.7838059E-04   0.2180643                          
    23:pent gF a0.350684931   0.0046537       0.0096622       0.7838059E-04   0.2180643                          
    24:pent gF a0.358904109   0.0046537       0.0096622       0.7838059E-04   0.2180643                          
    25:pent gF a0.613698630   0.0046537       0.0096622       0.7838059E-04   0.2180643                          
    26:pent gF a0.638356164   0.0046537       0.0096622       0.7838059E-04   0.2180643                          
    27:pent gF a0.646575342   0.0046537       0.0096622       0.7838059E-04   0.2180643                          
    28:pent gF a0.649315068   0.0046537       0.0096622       0.7838059E-04   0.2180643                          
    29:pent gF a0.652054794   0.0046537       0.0096622       0.7838059E-04   0.2180643                          
    30:pent gF a0.704109589   0.0046537       0.0096622       0.7838059E-04   0.2180643                          
    31:pent gF a0.706849315   0.0046537       0.0096622       0.7838059E-04   0.2180643                          
    32:pent gF a0.709589041   0.0046537       0.0096622       0.7838059E-04   0.2180643                          
    33:pent gF a0.827397260   0.0046537       0.0096622       0.7838059E-04   0.2180643                          
    34:pent gF a1.402739726   0.0046537       0.0096622       0.7838059E-04   0.2180643                          
    35:pent gF a1.405479452   0.0046537       0.0096622       0.7838059E-04   0.2180643                          
    36:pent gF a1.408219178   0.0046537       0.0096622       0.7838059E-04   0.2180643                          
    37:pent gM a0.005479452   0.0046537       0.0096622       0.7838059E-04   0.2180643                          
    38:pent gM a0.008219178   0.0046537       0.0096622       0.7838059E-04   0.2180643                          
    39:pent gM a0.010958904   0.0046537       0.0096622       0.7838059E-04   0.2180643                          
    40:pent gM a0.016438356   0.0046537       0.0096622       0.7838059E-04   0.2180643                          
    41:pent gM a0.024657534   0.0046537       0.0096622       0.7838059E-04   0.2180643                          
    42:pent gM a0.027397260   0.0046537       0.0096622       0.7838059E-04   0.2180643                          
    43:pent gM a0.030136986   0.0046537       0.0096622       0.7838059E-04   0.2180643                          
    44:pent gM a0.035616438   0.0046537       0.0096622       0.7838059E-04   0.2180643                          
    45:pent gM a0.041095890   0.0046537       0.0096622       0.7838059E-04   0.2180643                          
    46:pent gM a0.049315068   0.0046537       0.0096622       0.7838059E-04   0.2180643                          
    47:pent gM a0.052054794   0.0046537       0.0096622       0.7838059E-04   0.2180643                          
    48:pent gM a0.065753424   0.0046537       0.0096622       0.7838059E-04   0.2180643                          
    49:pent gM a0.071232876   0.0046537       0.0096622       0.7838059E-04   0.2180643                          
    50:pent gM a0.098630136   0.0046537       0.0096622       0.7838059E-04   0.2180643                          
    51:pent gM a0.101369863   0.0046537       0.0096622       0.7838059E-04   0.2180643                          
    52:pent gM a0.106849315   0.0046537       0.0096622       0.7838059E-04   0.2180643                          
    53:pent gM a0.109589041   0.0046537       0.0096622       0.7838059E-04   0.2180643                          
    54:pent gM a0.120547945   0.0046537       0.0096622       0.7838059E-04   0.2180643                          
    55:pent gM a0.350684931   0.0046537       0.0096622       0.7838059E-04   0.2180643                          
    56:pent gM a0.358904109   0.0046537       0.0096622       0.7838059E-04   0.2180643                          
    57:pent gM a0.613698630   0.0046537       0.0096622       0.7838059E-04   0.2180643                          
    58:pent gM a0.638356164   0.0046537       0.0096622       0.7838059E-04   0.2180643                          

  Program  MARK  - Survival Rate Estimation with Capture-Recapture Data
   gfortran(dble) Vers. 9.0 Mar 2018    25-Mar-2020 14:19:41    Page  011
 - - - - - - - - - - - - - - - - - - - - - - - - - - - - - - - - - - - - - -
 
    59:pent gM a0.646575342   0.0046537       0.0096622       0.7838059E-04   0.2180643                          
    60:pent gM a0.649315068   0.0046537       0.0096622       0.7838059E-04   0.2180643                          
    61:pent gM a0.652054794   0.0046537       0.0096622       0.7838059E-04   0.2180643                          
    62:pent gM a0.704109589   0.0046537       0.0096622       0.7838059E-04   0.2180643                          
    63:pent gM a0.706849315   0.0046537       0.0096622       0.7838059E-04   0.2180643                          
    64:pent gM a0.709589041   0.0046537       0.0096622       0.7838059E-04   0.2180643                          
    65:pent gM a0.827397260   0.0046537       0.0096622       0.7838059E-04   0.2180643                          
    66:pent gM a1.402739726   0.0046537       0.0096622       0.7838059E-04   0.2180643                          
    67:pent gM a1.405479452   0.0046537       0.0096622       0.7838059E-04   0.2180643                          
    68:pent gM a1.408219178   0.0046537       0.0096622       0.7838059E-04   0.2180643                          


                      Estimates of Derived Parameters
   Gross Birth+Immigration Estimates of { Phi(~1)p(~1)pent(~1)N(~sex) }
                                                95% Confidence Interval
 Grp. Occ.   B*-hat          Standard Error      Lower           Upper
 ---- ----   --------------  --------------  --------------  --------------
   1     1    0.0896276       0.1959284       0.0066841       1.2018242    
   1     2    0.0895565       0.1957484       0.0066798       1.2006858    
   1     3    0.0895565       0.1957484       0.0066798       1.2006858    
   1     4    0.0896276       0.1959284       0.0066841       1.2018242    
   1     5    0.0896987       0.1961086       0.0066884       1.2029633    
   1     6    0.0895565       0.1957484       0.0066798       1.2006858    
   1     7    0.0895565       0.1957484       0.0066798       1.2006858    
   1     8    0.0896276       0.1959284       0.0066841       1.2018242    
   1     9    0.0896276       0.1959284       0.0066841       1.2018242    
   1    10    0.0896987       0.1961086       0.0066884       1.2029633    
   1    11    0.0895565       0.1957484       0.0066798       1.2006858    
   1    12    0.0898411       0.1964693       0.0066969       1.2052437    
   1    13    0.0896276       0.1959284       0.0066841       1.2018242    
   1    14    0.0901977       0.1973730       0.0067183       1.2109576    
   1    15    0.0895565       0.1957484       0.0066798       1.2006858    
   1    16    0.0896276       0.1959284       0.0066841       1.2018242    
   1    17    0.0895565       0.1957484       0.0066798       1.2006858    
   1    18    0.0897699       0.1962889       0.0066926       1.2041031    
   1    19    0.0955855       0.2110787       0.0070407       1.2976822    
   1    20    0.0896987       0.1961086       0.0066884       1.2029633    
   1    21    0.0962548       0.2127879       0.0070806       1.3085055    
   1    22    0.0901263       0.1971921       0.0067141       1.2098134    
   1    23    0.0896987       0.1961086       0.0066884       1.2029633    
   1    24    0.0895565       0.1957484       0.0066798       1.2006858    
   1    25    0.0895565       0.1957484       0.0066798       1.2006858    
   1    26    0.0908420       0.1990069       0.0067570       1.2212892    
   1    27    0.0895565       0.1957484       0.0066798       1.2006858    
   1    28    0.0895565       0.1957484       0.0066798       1.2006858    

  Program  MARK  - Survival Rate Estimation with Capture-Recapture Data
   gfortran(dble) Vers. 9.0 Mar 2018    25-Mar-2020 14:19:41    Page  012
 - - - - - - - - - - - - - - - - - - - - - - - - - - - - - - - - - - - - - -
 
   1    29    0.0925749       0.2034086       0.0068609       1.2491326    
   1    30    0.1052316       0.2358369       0.0076127       1.4546320    
   1    31    0.0895565       0.1957484       0.0066798       1.2006858    
   1    32    0.0895565       0.1957484       0.0066798       1.2006858    
   2     1    0.1644206       0.3589641       0.0122813       2.2012470    
   2     2    0.1642902       0.3586341       0.0122734       2.1991614    
   2     3    0.1642902       0.3586341       0.0122734       2.1991614    
   2     4    0.1644206       0.3589641       0.0122813       2.2012470    
   2     5    0.1645511       0.3592942       0.0122891       2.2033340    
   2     6    0.1642902       0.3586341       0.0122734       2.1991614    
   2     7    0.1642902       0.3586341       0.0122734       2.1991614    
   2     8    0.1644206       0.3589641       0.0122813       2.2012470    
   2     9    0.1644206       0.3589641       0.0122813       2.2012470    
   2    10    0.1645511       0.3592942       0.0122891       2.2033340    
   2    11    0.1642902       0.3586341       0.0122734       2.1991614    
   2    12    0.1648123       0.3599552       0.0123049       2.2075121    
   2    13    0.1644206       0.3589641       0.0122813       2.2012470    
   2    14    0.1654666       0.3616114       0.0123442       2.2179810    
   2    15    0.1642902       0.3586341       0.0122734       2.1991614    
   2    16    0.1644206       0.3589641       0.0122813       2.2012470    
   2    17    0.1642902       0.3586341       0.0122734       2.1991614    
   2    18    0.1646817       0.3596246       0.0122970       2.2054224    
   2    19    0.1753503       0.3867281       0.0129362       2.3768761    
   2    20    0.1645511       0.3592942       0.0122891       2.2033340    
   2    21    0.1765782       0.3898602       0.0130095       2.3967065    
   2    22    0.1653356       0.3612797       0.0123363       2.2158845    
   2    23    0.1645511       0.3592942       0.0122891       2.2033340    
   2    24    0.1642902       0.3586341       0.0122734       2.1991614    
   2    25    0.1642902       0.3586341       0.0122734       2.1991614    
   2    26    0.1666485       0.3646055       0.0124152       2.2369103    
   2    27    0.1642902       0.3586341       0.0122734       2.1991614    
   2    28    0.1642902       0.3586341       0.0122734       2.1991614    
   2    29    0.1698276       0.3726719       0.0126059       2.2879242    
   2    30    0.1930460       0.4320999       0.0139867       2.6644420    
   2    31    0.1642902       0.3586341       0.0122734       2.1991614    
   2    32    0.1642902       0.3586341       0.0122734       2.1991614    

    Net Birth+Immigration Estimates of { Phi(~1)p(~1)pent(~1)N(~sex) }
                                                95% Confidence Interval
 Grp. Occ.   B-hat           Standard Error      Lower           Upper
 ---- ----   --------------  --------------  --------------  --------------
   1     1    0.0894854       0.1955684       0.0066755       1.1995482    
   1     2    0.0894854       0.1955684       0.0066755       1.1995482    
   1     3    0.0894854       0.1955684       0.0066755       1.1995482    
   1     4    0.0894854       0.1955684       0.0066755       1.1995482    
   1     5    0.0894854       0.1955684       0.0066755       1.1995482    
   1     6    0.0894854       0.1955684       0.0066755       1.1995482    
   1     7    0.0894854       0.1955684       0.0066755       1.1995482    
   1     8    0.0894854       0.1955684       0.0066755       1.1995482    
   1     9    0.0894854       0.1955684       0.0066755       1.1995482    
   1    10    0.0894854       0.1955684       0.0066755       1.1995482    
   1    11    0.0894854       0.1955684       0.0066755       1.1995482    
   1    12    0.0894854       0.1955684       0.0066755       1.1995482    
   1    13    0.0894854       0.1955684       0.0066755       1.1995482    
   1    14    0.0894854       0.1955684       0.0066755       1.1995482    
   1    15    0.0894854       0.1955684       0.0066755       1.1995482    
   1    16    0.0894854       0.1955684       0.0066755       1.1995482    
   1    17    0.0894854       0.1955684       0.0066755       1.1995482    
   1    18    0.0894854       0.1955684       0.0066755       1.1995482    
   1    19    0.0894854       0.1955684       0.0066755       1.1995482    
   1    20    0.0894854       0.1955684       0.0066755       1.1995482    
   1    21    0.0894854       0.1955684       0.0066755       1.1995482    
   1    22    0.0894854       0.1955684       0.0066755       1.1995482    
   1    23    0.0894854       0.1955684       0.0066755       1.1995482    
   1    24    0.0894854       0.1955684       0.0066755       1.1995482    
   1    25    0.0894854       0.1955684       0.0066755       1.1995482    
   1    26    0.0894854       0.1955684       0.0066755       1.1995482    
   1    27    0.0894854       0.1955684       0.0066755       1.1995482    
   1    28    0.0894854       0.1955684       0.0066755       1.1995482    
   1    29    0.0894854       0.1955684       0.0066755       1.1995482    
   1    30    0.0894854       0.1955684       0.0066755       1.1995482    
   1    31    0.0894854       0.1955684       0.0066755       1.1995482    
   1    32    0.0894854       0.1955684       0.0066755       1.1995482    
   2     1    0.1641599       0.3583043       0.0122656       2.1970771    
   2     2    0.1641599       0.3583043       0.0122656       2.1970771    
   2     3    0.1641599       0.3583043       0.0122656       2.1970771    
   2     4    0.1641599       0.3583043       0.0122656       2.1970771    
   2     5    0.1641599       0.3583043       0.0122656       2.1970771    
   2     6    0.1641599       0.3583043       0.0122656       2.1970771    
   2     7    0.1641599       0.3583043       0.0122656       2.1970771    
   2     8    0.1641599       0.3583043       0.0122656       2.1970771    
   2     9    0.1641599       0.3583043       0.0122656       2.1970771    
   2    10    0.1641599       0.3583043       0.0122656       2.1970771    
   2    11    0.1641599       0.3583043       0.0122656       2.1970771    
   2    12    0.1641599       0.3583043       0.0122656       2.1970771    
   2    13    0.1641599       0.3583043       0.0122656       2.1970771    
   2    14    0.1641599       0.3583043       0.0122656       2.1970771    
   2    15    0.1641599       0.3583043       0.0122656       2.1970771    
   2    16    0.1641599       0.3583043       0.0122656       2.1970771    
   2    17    0.1641599       0.3583043       0.0122656       2.1970771    
   2    18    0.1641599       0.3583043       0.0122656       2.1970771    
   2    19    0.1641599       0.3583043       0.0122656       2.1970771    
   2    20    0.1641599       0.3583043       0.0122656       2.1970771    
   2    21    0.1641599       0.3583043       0.0122656       2.1970771    
   2    22    0.1641599       0.3583043       0.0122656       2.1970771    
   2    23    0.1641599       0.3583043       0.0122656       2.1970771    
   2    24    0.1641599       0.3583043       0.0122656       2.1970771    
   2    25    0.1641599       0.3583043       0.0122656       2.1970771    
   2    26    0.1641599       0.3583043       0.0122656       2.1970771    
   2    27    0.1641599       0.3583043       0.0122656       2.1970771    
   2    28    0.1641599       0.3583043       0.0122656       2.1970771    
   2    29    0.1641599       0.3583043       0.0122656       2.1970771    
   2    30    0.1641599       0.3583043       0.0122656       2.1970771    
   2    31    0.1641599       0.3583043       0.0122656       2.1970771    
   2    32    0.1641599       0.3583043       0.0122656       2.1970771    

         Population Estimates of { Phi(~1)p(~1)pent(~1)N(~sex) }
                                                95% Confidence Interval
 Grp. Occ.   N-hat           Standard Error      Lower           Upper
 ---- ----   --------------  --------------  --------------  --------------
   1     1    16.365174       4.6500318       9.4783655       28.255811    
   1     2    16.402773       4.4785344       9.6977262       27.743717    
   1     3    16.466236       4.3091692       9.9428706       27.269480    
   1     4    16.529597       4.1421752       10.190464       26.812085    
   1     5    16.566675       3.9783677       10.415500       26.350606    
   1     6    16.577436       3.8183336       10.616518       25.885266    
   1     7    16.640622       3.6596978       10.868543       25.478142    
   1     8    16.703706       3.5046527       11.120812       25.089337    
   1     9    16.740233       3.3548483       11.346156       24.698709    
   1    10    16.776643       3.2094999       11.569694       24.326985    

  Program  MARK  - Survival Rate Estimation with Capture-Recapture Data
   gfortran(dble) Vers. 9.0 Mar 2018    25-Mar-2020 14:19:41    Page  013
 - - - - - - - - - - - - - - - - - - - - - - - - - - - - - - - - - - - - - -
 
   1    11    16.786406       3.0705700       11.763388       23.954275    
   1    12    16.849260       2.9340665       12.007668       23.643022    
   1    13    16.805511       2.8101847       12.136490       23.270750    
   1    14    16.841715       2.6878799       12.342079       22.981815    
   1    15    16.665905       2.5874662       12.315704       22.552700    
   1    16    16.728949       2.4773847       12.534160       22.327604    
   1    17    16.765396       2.3790875       12.712287       22.110773    
   1    18    16.828283       2.2900977       12.904223       21.945614    
   1    19    16.811229       2.2170232       12.996505       21.745648    
   1    20    14.801647       2.4131068       10.775700       20.331743    
   1    21    14.820796       2.3351874       10.903698       20.145091    
   1    22    12.875716       2.7043401       8.5686555       19.347733    
   1    23    12.782517       2.6557771       8.5433315       19.125178    
   1    24    12.811260       2.5879976       8.6567388       18.959609    
   1    25    12.880420       2.5224465       8.8063757       18.839217    
   1    26    12.949471       2.4699606       8.9400625       18.757004    
   1    27    12.654135       2.5070574       8.6140741       18.589014    
   1    28    12.723545       2.4753818       8.7204412       18.564266    
   1    29    12.792844       2.4580185       8.8083426       18.579757    
   1    30    12.038059       2.5944308       7.9283220       18.278126    
   1    31    8.7142859       3.1362317       4.3970554       17.270371    
   1    32    8.7899460       3.0824479       4.5091491       17.134752    
   1    33    8.8654861       3.0400179       4.6120035       17.041800    
   2     1    30.021702       8.2576517       17.683104       50.969706    
   2     2    30.090678       7.9288667       18.108830       50.000409    
   2     3    30.207099       7.6018591       18.585465       49.095831    
   2     4    30.323335       7.2779443       19.069048       48.219746    
   2     5    30.391355       6.9597709       19.512041       47.336639    
   2     6    30.411096       6.6485342       19.911552       46.447144    
   2     7    30.527008       6.3356124       20.411777       45.654929    
   2     8    30.642736       6.0274970       20.915954       44.892875    
   2     9    30.709744       5.7287886       21.371785       44.127729    
   2    10    30.776538       5.4364093       21.827957       43.393677    
   2    11    30.794449       5.1558567       22.229957       42.658565    
   2    12    30.909753       4.8736696       22.735458       42.023030    
   2    13    30.829496       4.6216254       23.018099       41.291762    
   2    14    30.895911       4.3638226       23.456651       40.694528    
   2    15    30.573390       4.1657891       23.436547       39.883526    
   2    16    30.689044       3.9250265       23.908747       39.392170    
   2    17    30.755905       3.7075550       24.304465       38.919831    
   2    18    30.871270       3.5036477       24.731869       38.534707    
   2    19    30.839985       3.3393981       24.958105       38.108049    
   2    20    27.153434       3.9382244       20.464898       36.027980    
   2    21    27.188561       3.7719929       20.742227       35.638307    
   2    22    23.620337       4.6448852       16.124319       34.601170    
   2    23    23.449364       4.5525694       16.084146       34.187247    

  Program  MARK  - Survival Rate Estimation with Capture-Recapture Data
   gfortran(dble) Vers. 9.0 Mar 2018    25-Mar-2020 14:19:41    Page  014
 - - - - - - - - - - - - - - - - - - - - - - - - - - - - - - - - - - - - - -
 
   2    24    23.502093       4.4150873       16.314807       33.855648    
   2    25    23.628967       4.2787011       16.616863       33.600088    
   2    26    23.755639       4.1673457       16.887741       33.416570    
   2    27    23.213850       4.2573616       16.252695       33.156522    
   2    28    23.341181       4.1876049       16.467026       33.084949    
   2    29    23.468310       4.1460149       16.643933       33.090830    
   2    30    22.083666       4.4593407       14.924505       32.677018    
   2    31    15.986246       5.6336796       8.1753403       31.259869    
   2    32    16.125044       5.5291017       8.3888089       30.995704    
   2    33    16.263621       5.4455939       8.5849735       30.810273    

      Gross Population Estimates of { Phi(~1)p(~1)pent(~1)N(~sex) }
                                                95% Confidence Interval
 Grp. Occ.   N*-hat          Standard Error      Lower           Upper
 ---- ----   --------------  --------------  --------------  --------------
   1     0    19.266392       3.1529305       14.009373       26.496108    
   2     0    35.343950       5.0735247       26.714545       46.760850    

   CPU Time for the last procedure was 0.11 seconds.     


  INPUT --- proc stop;

     CPU Time in minutes for this job was 0.00

     Time Start = 14:19:41.135   Time End = 14:19:41.463

     Wall Clock Time in minutes for this job was 0.01


          E X E C U T I O N   S U C C E S S F U L 
