
   Program  MARK  - Survival Rate Estimation with Capture-Recapture Data
   gfortran(dble) Vers. 9.0 Mar 2018    25-Mar-2020 21:12:02    Page  001
 - - - - - - - - - - - - - - - - - - - - - - - - - - - - - - - - - - - - - -
 
   This version was compiled by GCC version 7.2.0 using the options: 
     -cpp -iprefix C:/Program Files/mingw-w64/x86_64-7.2.0-posix-seh-rt_v5-rev1/
     mingw64/bin/../lib/gcc/x86_64-w64-mingw32/7.2.0/ -D_MT -D_REENTRANT
     -U_REENTRANT -D IEEE -D DBLEPRECISION -m64 -mtune=core2 -march=nocona -mthreads
     -O2 -fimplicit-none -fbounds-check -funroll-loops -ftree-vectorize
     -ffpe-summary=invalid,zero,overflow,underflow -fno-unsafe-math-optimizations
     -frounding-math -fsignaling-nans -fopenmp.

   This problem will use 15 of 16 possible threads.


  INPUT --- proc title ;

   CPU Time for the last procedure was 0.01 seconds.     


  INPUT --- proc chmatrix occasions= 33 groups= 2 etype= POPAN Nodes= 
  INPUT --- 101 ICMeans NoHist hist= 41  ;

  INPUT ---    time interval 0.00547945205479452 0.00273972602739726 
  INPUT ---    0.00273972602739726 0.00547945205479452  
  INPUT ---    0.00821917808219178 0.00273972602739726 0.00273972602739726 
  INPUT ---    0.00547945205479452  0.00547945205479452 
  INPUT ---    0.00821917808219178 0.00273972602739726 0.0136986301369863 
  INPUT ---    0.00547945205479452  0.0273972602739726 0.00273972602739726 
  INPUT ---    0.00547945205479452 0.00273972602739726 0.010958904109589  
  INPUT ---    0.23013698630137 0.00821917808219178 0.254794520547945 
  INPUT ---    0.0246575342465753 0.00821917808219178  0.00273972602739726 
  INPUT ---    0.00273972602739726 0.0520547945205479 0.00273972602739726 
  INPUT ---    0.00273972602739726  0.117808219178082 0.575342465753425 
  INPUT ---    0.00273972602739726 0.00273972602739726 ;

  INPUT ---    glabel(1)=sexF;

  INPUT ---    glabel(2)=sexM;

   * *  WARNING  * *   At least a pair of the encounter histories are duplicates. 

      Number of unique encounter histories read was 38.

      Number of individual covariates read was 0.
      Time interval lengths vary and/or not equal to 1.

      Data type number is 19
      Data type is POPAN                                                                                               

   CPU Time for the last procedure was 0.01 seconds.     

  Program  MARK  - Survival Rate Estimation with Capture-Recapture Data
   gfortran(dble) Vers. 9.0 Mar 2018    25-Mar-2020 21:12:02    Page  002
 - - - - - - - - - - - - - - - - - - - - - - - - - - - - - - - - - - - - - -
 


  INPUT --- proc estimate link=Parm-Specific NOLOOP varest=2ndPart    ;


  INPUT --- model={ Phi(~sex)p(~1)pent(~1)N(~1) };

  INPUT ---    group=1 Phi    rows=1 cols=32 Square ;
  INPUT ---        1 1 1 1 1 1 1 1 1 1 1 1 1 1 1 1 1 1 1 1 1 1 1 1 1 1 1 1 1 
  INPUT ---       1 1 1 ;

  INPUT ---    group=2 Phi    rows=1 cols=32 Square ;
  INPUT ---        2 2 2 2 2 2 2 2 2 2 2 2 2 2 2 2 2 2 2 2 2 2 2 2 2 2 2 2 2 
  INPUT ---       2 2 2 ;

  INPUT ---    group=1 p    rows=1 cols=33 Square ;
  INPUT ---        3 3 3 3 3 3 3 3 3 3 3 3 3 3 3 3 3 3 3 3 3 3 3 3 3 3 3 3 3 
  INPUT ---       3 3 3 3 ;

  INPUT ---    group=2 p    rows=1 cols=33 Square ;
  INPUT ---        3 3 3 3 3 3 3 3 3 3 3 3 3 3 3 3 3 3 3 3 3 3 3 3 3 3 3 3 3 
  INPUT ---       3 3 3 3 ;

  INPUT ---    group=1 pent    rows=1 cols=32 Square ;
  INPUT ---        5 6 7 8 9 10 11 12 13 14 15 16 17 18 19 20 21 22 23 24 25 
  INPUT ---       26 27 28 29 30 31 32 33 34 35 36 ;

  INPUT ---    group=2 pent    rows=1 cols=32 Square ;
  INPUT ---        37 38 39 40 41 42 43 44 45 46 47 48 49 50 51 52 53 54 55 
  INPUT ---       56 57 58 59 60 61 62 63 64 65 66 67 68 ;

  INPUT ---    group=1 N    rows=1 cols=1 Square ;
  INPUT ---        4 ;

  INPUT ---    group=2 N    rows=1 cols=1 Square ;
  INPUT ---        4 ;

  INPUT ---    design matrix constraints=68 covariates=5;
  INPUT ---        1 0 0 0 0;
  INPUT ---        1 1 0 0 0;
  INPUT ---        0 0 1 0 0;
  INPUT ---        0 0 0 0 1;
  INPUT ---        0 0 0 1 0;
  INPUT ---        0 0 0 1 0;
  INPUT ---        0 0 0 1 0;
  INPUT ---        0 0 0 1 0;

  Program  MARK  - Survival Rate Estimation with Capture-Recapture Data
   gfortran(dble) Vers. 9.0 Mar 2018    25-Mar-2020 21:12:02    Page  003
 - - - - - - - - - - - - - - - - - - - - - - - - - - - - - - - - - - - - - -
 
  INPUT ---        0 0 0 1 0;
  INPUT ---        0 0 0 1 0;
  INPUT ---        0 0 0 1 0;
  INPUT ---        0 0 0 1 0;
  INPUT ---        0 0 0 1 0;
  INPUT ---        0 0 0 1 0;
  INPUT ---        0 0 0 1 0;
  INPUT ---        0 0 0 1 0;
  INPUT ---        0 0 0 1 0;
  INPUT ---        0 0 0 1 0;
  INPUT ---        0 0 0 1 0;
  INPUT ---        0 0 0 1 0;
  INPUT ---        0 0 0 1 0;
  INPUT ---        0 0 0 1 0;
  INPUT ---        0 0 0 1 0;
  INPUT ---        0 0 0 1 0;
  INPUT ---        0 0 0 1 0;
  INPUT ---        0 0 0 1 0;
  INPUT ---        0 0 0 1 0;
  INPUT ---        0 0 0 1 0;
  INPUT ---        0 0 0 1 0;
  INPUT ---        0 0 0 1 0;
  INPUT ---        0 0 0 1 0;
  INPUT ---        0 0 0 1 0;
  INPUT ---        0 0 0 1 0;
  INPUT ---        0 0 0 1 0;
  INPUT ---        0 0 0 1 0;
  INPUT ---        0 0 0 1 0;
  INPUT ---        0 0 0 1 0;
  INPUT ---        0 0 0 1 0;
  INPUT ---        0 0 0 1 0;
  INPUT ---        0 0 0 1 0;
  INPUT ---        0 0 0 1 0;
  INPUT ---        0 0 0 1 0;
  INPUT ---        0 0 0 1 0;
  INPUT ---        0 0 0 1 0;
  INPUT ---        0 0 0 1 0;
  INPUT ---        0 0 0 1 0;
  INPUT ---        0 0 0 1 0;
  INPUT ---        0 0 0 1 0;
  INPUT ---        0 0 0 1 0;
  INPUT ---        0 0 0 1 0;
  INPUT ---        0 0 0 1 0;
  INPUT ---        0 0 0 1 0;
  INPUT ---        0 0 0 1 0;
  INPUT ---        0 0 0 1 0;

  Program  MARK  - Survival Rate Estimation with Capture-Recapture Data
   gfortran(dble) Vers. 9.0 Mar 2018    25-Mar-2020 21:12:02    Page  004
 - - - - - - - - - - - - - - - - - - - - - - - - - - - - - - - - - - - - - -
 
  INPUT ---        0 0 0 1 0;
  INPUT ---        0 0 0 1 0;
  INPUT ---        0 0 0 1 0;
  INPUT ---        0 0 0 1 0;
  INPUT ---        0 0 0 1 0;
  INPUT ---        0 0 0 1 0;
  INPUT ---        0 0 0 1 0;
  INPUT ---        0 0 0 1 0;
  INPUT ---        0 0 0 1 0;
  INPUT ---        0 0 0 1 0;
  INPUT ---        0 0 0 1 0;
  INPUT ---        0 0 0 1 0;
  INPUT ---        0 0 0 1 0;
  INPUT ---        0 0 0 1 0;

  INPUT ---    links=68;

  INPUT ---    Logit;

  INPUT ---    Logit;

  INPUT ---    Logit;

  INPUT ---    Log;

  INPUT ---    mlogit(1);

  INPUT ---    mlogit(1);

  INPUT ---    mlogit(1);

  INPUT ---    mlogit(1);

  INPUT ---    mlogit(1);

  INPUT ---    mlogit(1);

  INPUT ---    mlogit(1);

  INPUT ---    mlogit(1);

  INPUT ---    mlogit(1);

  INPUT ---    mlogit(1);

  INPUT ---    mlogit(1);

  Program  MARK  - Survival Rate Estimation with Capture-Recapture Data
   gfortran(dble) Vers. 9.0 Mar 2018    25-Mar-2020 21:12:02    Page  005
 - - - - - - - - - - - - - - - - - - - - - - - - - - - - - - - - - - - - - -
 

  INPUT ---    mlogit(1);

  INPUT ---    mlogit(1);

  INPUT ---    mlogit(1);

  INPUT ---    mlogit(1);

  INPUT ---    mlogit(1);

  INPUT ---    mlogit(1);

  INPUT ---    mlogit(1);

  INPUT ---    mlogit(1);

  INPUT ---    mlogit(1);

  INPUT ---    mlogit(1);

  INPUT ---    mlogit(1);

  INPUT ---    mlogit(1);

  INPUT ---    mlogit(1);

  INPUT ---    mlogit(1);

  INPUT ---    mlogit(1);

  INPUT ---    mlogit(1);

  INPUT ---    mlogit(1);

  INPUT ---    mlogit(1);

  INPUT ---    mlogit(1);

  INPUT ---    mlogit(1);

  INPUT ---    mlogit(1);

  INPUT ---    mlogit(2);

  INPUT ---    mlogit(2);

  Program  MARK  - Survival Rate Estimation with Capture-Recapture Data
   gfortran(dble) Vers. 9.0 Mar 2018    25-Mar-2020 21:12:02    Page  006
 - - - - - - - - - - - - - - - - - - - - - - - - - - - - - - - - - - - - - -
 

  INPUT ---    mlogit(2);

  INPUT ---    mlogit(2);

  INPUT ---    mlogit(2);

  INPUT ---    mlogit(2);

  INPUT ---    mlogit(2);

  INPUT ---    mlogit(2);

  INPUT ---    mlogit(2);

  INPUT ---    mlogit(2);

  INPUT ---    mlogit(2);

  INPUT ---    mlogit(2);

  INPUT ---    mlogit(2);

  INPUT ---    mlogit(2);

  INPUT ---    mlogit(2);

  INPUT ---    mlogit(2);

  INPUT ---    mlogit(2);

  INPUT ---    mlogit(2);

  INPUT ---    mlogit(2);

  INPUT ---    mlogit(2);

  INPUT ---    mlogit(2);

  INPUT ---    mlogit(2);

  INPUT ---    mlogit(2);

  INPUT ---    mlogit(2);

  INPUT ---    mlogit(2);

  Program  MARK  - Survival Rate Estimation with Capture-Recapture Data
   gfortran(dble) Vers. 9.0 Mar 2018    25-Mar-2020 21:12:02    Page  007
 - - - - - - - - - - - - - - - - - - - - - - - - - - - - - - - - - - - - - -
 

  INPUT ---    mlogit(2);

  INPUT ---    mlogit(2);

  INPUT ---    mlogit(2);

  INPUT ---    mlogit(2);

  INPUT ---    mlogit(2);

  INPUT ---    mlogit(2);

  INPUT ---    mlogit(2);
  INPUT ---       blabel(1)=Phi:(Intercept);
  INPUT ---       blabel(2)=Phi:sexM;
  INPUT ---       blabel(3)=p:(Intercept);
  INPUT ---       blabel(4)=pent:(Intercept);
  INPUT ---       blabel(5)=N:(Intercept);
  INPUT ---       rlabel(1)=Phi gF a0 t1;
  INPUT ---       rlabel(2)=Phi gM a0 t1;
  INPUT ---       rlabel(3)=p gF a0 t1;
  INPUT ---       rlabel(4)=N gF a0 t1;
  INPUT ---       rlabel(5)=pent gF a0.00547945205479452 t1.00547945205479;
  INPUT ---       rlabel(6)=pent gF a0.00821917808219178 t1.00821917808219;
  INPUT ---       rlabel(7)=pent gF a0.010958904109589 t1.01095890410959;
  INPUT ---       rlabel(8)=pent gF a0.0164383561643836 t1.01643835616438;
  INPUT ---       rlabel(9)=pent gF a0.0246575342465753 t1.02465753424658;
  INPUT ---       rlabel(10)=pent gF a0.0273972602739726 t1.02739726027397;
  INPUT ---       rlabel(11)=pent gF a0.0301369863013699 t1.03013698630137;
  INPUT ---       rlabel(12)=pent gF a0.0356164383561644 t1.03561643835616;
  INPUT ---       rlabel(13)=pent gF a0.0410958904109589 t1.04109589041096;
  INPUT ---       rlabel(14)=pent gF a0.0493150684931507 t1.04931506849315;
  INPUT ---       rlabel(15)=pent gF a0.0520547945205479 t1.05205479452055;
  INPUT ---       rlabel(16)=pent gF a0.0657534246575342 t1.06575342465753;
  INPUT ---       rlabel(17)=pent gF a0.0712328767123288 t1.07123287671233;
  INPUT ---       rlabel(18)=pent gF a0.0986301369863014 t1.0986301369863;
  INPUT ---       rlabel(19)=pent gF a0.101369863013699 t1.1013698630137;
  INPUT ---       rlabel(20)=pent gF a0.106849315068493 t1.10684931506849;
  INPUT ---       rlabel(21)=pent gF a0.10958904109589 t1.10958904109589;
  INPUT ---       rlabel(22)=pent gF a0.120547945205479 t1.12054794520548;
  INPUT ---       rlabel(23)=pent gF a0.350684931506849 t1.35068493150685;
  INPUT ---       rlabel(24)=pent gF a0.358904109589041 t1.35890410958904;
  INPUT ---       rlabel(25)=pent gF a0.613698630136986 t1.61369863013699;
  INPUT ---       rlabel(26)=pent gF a0.638356164383562 t1.63835616438356;
  INPUT ---       rlabel(27)=pent gF a0.646575342465753 t1.64657534246575;

  Program  MARK  - Survival Rate Estimation with Capture-Recapture Data
   gfortran(dble) Vers. 9.0 Mar 2018    25-Mar-2020 21:12:02    Page  008
 - - - - - - - - - - - - - - - - - - - - - - - - - - - - - - - - - - - - - -
 
  INPUT ---       rlabel(28)=pent gF a0.649315068493151 t1.64931506849315;
  INPUT ---       rlabel(29)=pent gF a0.652054794520548 t1.65205479452055;
  INPUT ---       rlabel(30)=pent gF a0.704109589041096 t1.7041095890411;
  INPUT ---       rlabel(31)=pent gF a0.706849315068493 t1.70684931506849;
  INPUT ---       rlabel(32)=pent gF a0.70958904109589 t1.70958904109589;
  INPUT ---       rlabel(33)=pent gF a0.827397260273973 t1.82739726027397;
  INPUT ---       rlabel(34)=pent gF a1.4027397260274 t2.4027397260274;
  INPUT ---       rlabel(35)=pent gF a1.40547945205479 t2.40547945205479;
  INPUT ---       rlabel(36)=pent gF a1.40821917808219 t2.40821917808219;
  INPUT ---       rlabel(37)=pent gM a0.00547945205479452 t1.00547945205479;
  INPUT ---       rlabel(38)=pent gM a0.00821917808219178 t1.00821917808219;
  INPUT ---       rlabel(39)=pent gM a0.010958904109589 t1.01095890410959;
  INPUT ---       rlabel(40)=pent gM a0.0164383561643836 t1.01643835616438;
  INPUT ---       rlabel(41)=pent gM a0.0246575342465753 t1.02465753424658;
  INPUT ---       rlabel(42)=pent gM a0.0273972602739726 t1.02739726027397;
  INPUT ---       rlabel(43)=pent gM a0.0301369863013699 t1.03013698630137;
  INPUT ---       rlabel(44)=pent gM a0.0356164383561644 t1.03561643835616;
  INPUT ---       rlabel(45)=pent gM a0.0410958904109589 t1.04109589041096;
  INPUT ---       rlabel(46)=pent gM a0.0493150684931507 t1.04931506849315;
  INPUT ---       rlabel(47)=pent gM a0.0520547945205479 t1.05205479452055;
  INPUT ---       rlabel(48)=pent gM a0.0657534246575342 t1.06575342465753;
  INPUT ---       rlabel(49)=pent gM a0.0712328767123288 t1.07123287671233;
  INPUT ---       rlabel(50)=pent gM a0.0986301369863014 t1.0986301369863;
  INPUT ---       rlabel(51)=pent gM a0.101369863013699 t1.1013698630137;
  INPUT ---       rlabel(52)=pent gM a0.106849315068493 t1.10684931506849;
  INPUT ---       rlabel(53)=pent gM a0.10958904109589 t1.10958904109589;
  INPUT ---       rlabel(54)=pent gM a0.120547945205479 t1.12054794520548;
  INPUT ---       rlabel(55)=pent gM a0.350684931506849 t1.35068493150685;
  INPUT ---       rlabel(56)=pent gM a0.358904109589041 t1.35890410958904;
  INPUT ---       rlabel(57)=pent gM a0.613698630136986 t1.61369863013699;
  INPUT ---       rlabel(58)=pent gM a0.638356164383562 t1.63835616438356;
  INPUT ---       rlabel(59)=pent gM a0.646575342465753 t1.64657534246575;
  INPUT ---       rlabel(60)=pent gM a0.649315068493151 t1.64931506849315;
  INPUT ---       rlabel(61)=pent gM a0.652054794520548 t1.65205479452055;
  INPUT ---       rlabel(62)=pent gM a0.704109589041096 t1.7041095890411;
  INPUT ---       rlabel(63)=pent gM a0.706849315068493 t1.70684931506849;
  INPUT ---       rlabel(64)=pent gM a0.70958904109589 t1.70958904109589;
  INPUT ---       rlabel(65)=pent gM a0.827397260273973 t1.82739726027397;
  INPUT ---       rlabel(66)=pent gM a1.4027397260274 t2.4027397260274;
  INPUT ---       rlabel(67)=pent gM a1.40547945205479 t2.40547945205479;
  INPUT ---       rlabel(68)=pent gM a1.40821917808219 t2.40821917808219;

 Link Function Used is PARM-SPECIFIC

 Variance Estimation Procedure Used is 2ndPart 

  Program  MARK  - Survival Rate Estimation with Capture-Recapture Data
   gfortran(dble) Vers. 9.0 Mar 2018    25-Mar-2020 21:12:02    Page  009
 - - - - - - - - - - - - - - - - - - - - - - - - - - - - - - - - - - - - - -
 

 M(t+1):
      16     29



 Group: 1

 U(t)+UL(t):
       0    2    2    0    1    0    3    1    1    0    0    0    0    0    1
       0    0    0    2    1    1    0    0    0    1    0    0    0    0    0
       0    0    0

 U(t):
       0    2    2    0    1    0    3    1    1    0    0    0    0    0    1
       0    0    0    2    1    1    0    0    0    1    0    0    0    0    0
       0    0    0

 UL(t):
       0    0    0    0    0    0    0    0    0    0    0    0    0    0    0
       0    0    0    0    0    0    0    0    0    0    0    0    0    0    0
       0    0    0

 Not Released(t):
       0    0    0    0    0    0    0    0    0    0    0    0    0    0    0
       0    0    0    0    0    0    0    0    0    0    0    0    0    0    0
       0    0    0

 Group: 2

 U(t)+UL(t):
       3    0    1    1    1    1    1    0    1    1    2    1    3    3    1
       1    0    2    3    1    0    0    1    0    0    0    0    0    0    1
       0    0    0

 U(t):
       3    0    1    1    1    1    1    0    1    1    2    1    3    3    1
       1    0    2    3    1    0    0    1    0    0    0    0    0    0    1
       0    0    0

 UL(t):
       0    0    0    0    0    0    0    0    0    0    0    0    0    0    0
       0    0    0    0    0    0    0    0    0    0    0    0    0    0    0
       0    0    0

 Not Released(t):
       0    0    0    0    0    0    0    0    0    0    0    0    0    0    0
       0    0    0    0    0    0    0    0    0    0    0    0    0    0    0
       0    0    0
 -2logL(saturated) = 272.93564     
 Effective Sample Size = 103

 Number of function evaluations was 27 for 5 parameters.
 Time for numerical optimization was 0.14 seconds.     
 -2logL { Phi(~sex)p(~1)pent(~1)N(~1) } = 553.08207     
 Penalty { Phi(~sex)p(~1)pent(~1)N(~1) } = 0.0000000     
 Gradient { Phi(~sex)p(~1)pent(~1)N(~1) }:
 -0.1119051E-04 -0.2001362E-05  0.2194041E-05  0.2754483E-05 -0.5447408E-05
 Maximum ABS(G) { Phi(~sex)p(~1)pent(~1)N(~1) } = 0.1119051E-04 
 S Vector { Phi(~sex)p(~1)pent(~1)N(~1) }:
   81.11707      6.637778      2.943993     0.5869749     0.4052073    
 Time to compute number of parameters was 0.02 seconds.     
 Ratio Threshold = 50.000000       Max Gap (1/2) = 12.220516       Next Max Gap (1/2) = 12.220516     
 Gap Method for Num. of Estimated Parameters { Phi(~sex)p(~1)pent(~1)N(~1) } = 5          
 Threshold { Phi(~sex)p(~1)pent(~1)N(~1) } = 0.2238103E-04                 
 Numerical Threshold Method for Num. of Estimated Parameters { Phi(~sex)p(~1)pent(~1)N(~1) } = 5          
 Number of Estimated Parameters { Phi(~sex)p(~1)pent(~1)N(~1) } = 5          
 DEVIANCE { Phi(~sex)p(~1)pent(~1)N(~1) } = 280.14643                     
 DEVIANCE Degrees of Freedom { Phi(~sex)p(~1)pent(~1)N(~1) } = 36            
 c-hat { Phi(~sex)p(~1)pent(~1)N(~1) } = 7.7818453                     
 AIC { Phi(~sex)p(~1)pent(~1)N(~1) } = 563.08207                  
 AICc { Phi(~sex)p(~1)pent(~1)N(~1) } = 563.70063                    
 BIC { Phi(~sex)p(~1)pent(~1)N(~1) } = 576.25572                    
 Pearson Chisquare { Phi(~sex)p(~1)pent(~1)N(~1) } = 23457025.                  


               PARM-SPECIFIC Link Function Parameters of { Phi(~sex)p(~1)pent(~1)N(~1) }
                                                              95% Confidence Interval
 Parameter                    Beta         Standard Error      Lower           Upper
 -------------------------  --------------  --------------  --------------  --------------
    1:Phi:(Intercept)       -1.7270934       0.9870628      -3.6617366       0.2075498    
    2:Phi:sexM               2.8121004       1.2142616       0.4321476       5.1920533    
    3:p:(Intercept)         -2.4773254       0.1740129      -2.8183907      -2.1362601    
    4:pent:(Intercept)      -4.5396191       1.3545262      -7.1944905      -1.8847477    
    5:N:(Intercept)          1.8011102       0.6003603       0.6244040       2.9778164    


               Real Function Parameters of { Phi(~sex)p(~1)pent(~1)N(~1) }
                                                               95% Confidence Interval
  Parameter                  Estimate       Standard Error      Lower           Upper
 --------------------------  --------------  --------------  --------------  --------------
     1:Phi gF a0 t1           0.1509597       0.1265127       0.0250445       0.5517020                          
     2:Phi gM a0 t1           0.7474403       0.2051907       0.2600994       0.9614122                          
     3:p gF a0 t1             0.0774631       0.0124354       0.0563384       0.1056222                          
     4:N gF a0 t1             22.056368       3.6360026       18.041537       33.966655                          
     5:pent gF a0.005479452   0.0079583       0.0080345       0.0010903       0.0556766                          
     6:pent gF a0.008219178   0.0079583       0.0080345       0.0010903       0.0556766                          
     7:pent gF a0.010958904   0.0079583       0.0080345       0.0010903       0.0556766                          
     8:pent gF a0.016438356   0.0079583       0.0080345       0.0010903       0.0556766                          
     9:pent gF a0.024657534   0.0079583       0.0080345       0.0010903       0.0556766                          
    10:pent gF a0.027397260   0.0079583       0.0080345       0.0010903       0.0556766                          
    11:pent gF a0.030136986   0.0079583       0.0080345       0.0010903       0.0556766                          
    12:pent gF a0.035616438   0.0079583       0.0080345       0.0010903       0.0556766                          

  Program  MARK  - Survival Rate Estimation with Capture-Recapture Data
   gfortran(dble) Vers. 9.0 Mar 2018    25-Mar-2020 21:12:02    Page  010
 - - - - - - - - - - - - - - - - - - - - - - - - - - - - - - - - - - - - - -
 
    13:pent gF a0.041095890   0.0079583       0.0080345       0.0010903       0.0556766                          
    14:pent gF a0.049315068   0.0079583       0.0080345       0.0010903       0.0556766                          
    15:pent gF a0.052054794   0.0079583       0.0080345       0.0010903       0.0556766                          
    16:pent gF a0.065753424   0.0079583       0.0080345       0.0010903       0.0556766                          
    17:pent gF a0.071232876   0.0079583       0.0080345       0.0010903       0.0556766                          
    18:pent gF a0.098630136   0.0079583       0.0080345       0.0010903       0.0556766                          
    19:pent gF a0.101369863   0.0079583       0.0080345       0.0010903       0.0556766                          
    20:pent gF a0.106849315   0.0079583       0.0080345       0.0010903       0.0556766                          
    21:pent gF a0.109589041   0.0079583       0.0080345       0.0010903       0.0556766                          
    22:pent gF a0.120547945   0.0079583       0.0080345       0.0010903       0.0556766                          
    23:pent gF a0.350684931   0.0079583       0.0080345       0.0010903       0.0556766                          
    24:pent gF a0.358904109   0.0079583       0.0080345       0.0010903       0.0556766                          
    25:pent gF a0.613698630   0.0079583       0.0080345       0.0010903       0.0556766                          
    26:pent gF a0.638356164   0.0079583       0.0080345       0.0010903       0.0556766                          
    27:pent gF a0.646575342   0.0079583       0.0080345       0.0010903       0.0556766                          
    28:pent gF a0.649315068   0.0079583       0.0080345       0.0010903       0.0556766                          
    29:pent gF a0.652054794   0.0079583       0.0080345       0.0010903       0.0556766                          
    30:pent gF a0.704109589   0.0079583       0.0080345       0.0010903       0.0556766                          
    31:pent gF a0.706849315   0.0079583       0.0080345       0.0010903       0.0556766                          
    32:pent gF a0.709589041   0.0079583       0.0080345       0.0010903       0.0556766                          
    33:pent gF a0.827397260   0.0079583       0.0080345       0.0010903       0.0556766                          
    34:pent gF a1.402739726   0.0079583       0.0080345       0.0010903       0.0556766                          
    35:pent gF a1.405479452   0.0079583       0.0080345       0.0010903       0.0556766                          
    36:pent gF a1.408219178   0.0079583       0.0080345       0.0010903       0.0556766                          
    37:pent gM a0.005479452   0.0079583       0.0080345       0.0010903       0.0556766                          
    38:pent gM a0.008219178   0.0079583       0.0080345       0.0010903       0.0556766                          
    39:pent gM a0.010958904   0.0079583       0.0080345       0.0010903       0.0556766                          
    40:pent gM a0.016438356   0.0079583       0.0080345       0.0010903       0.0556766                          
    41:pent gM a0.024657534   0.0079583       0.0080345       0.0010903       0.0556766                          
    42:pent gM a0.027397260   0.0079583       0.0080345       0.0010903       0.0556766                          
    43:pent gM a0.030136986   0.0079583       0.0080345       0.0010903       0.0556766                          
    44:pent gM a0.035616438   0.0079583       0.0080345       0.0010903       0.0556766                          
    45:pent gM a0.041095890   0.0079583       0.0080345       0.0010903       0.0556766                          
    46:pent gM a0.049315068   0.0079583       0.0080345       0.0010903       0.0556766                          
    47:pent gM a0.052054794   0.0079583       0.0080345       0.0010903       0.0556766                          
    48:pent gM a0.065753424   0.0079583       0.0080345       0.0010903       0.0556766                          
    49:pent gM a0.071232876   0.0079583       0.0080345       0.0010903       0.0556766                          
    50:pent gM a0.098630136   0.0079583       0.0080345       0.0010903       0.0556766                          
    51:pent gM a0.101369863   0.0079583       0.0080345       0.0010903       0.0556766                          
    52:pent gM a0.106849315   0.0079583       0.0080345       0.0010903       0.0556766                          
    53:pent gM a0.109589041   0.0079583       0.0080345       0.0010903       0.0556766                          
    54:pent gM a0.120547945   0.0079583       0.0080345       0.0010903       0.0556766                          
    55:pent gM a0.350684931   0.0079583       0.0080345       0.0010903       0.0556766                          
    56:pent gM a0.358904109   0.0079583       0.0080345       0.0010903       0.0556766                          
    57:pent gM a0.613698630   0.0079583       0.0080345       0.0010903       0.0556766                          
    58:pent gM a0.638356164   0.0079583       0.0080345       0.0010903       0.0556766                          

  Program  MARK  - Survival Rate Estimation with Capture-Recapture Data
   gfortran(dble) Vers. 9.0 Mar 2018    25-Mar-2020 21:12:02    Page  011
 - - - - - - - - - - - - - - - - - - - - - - - - - - - - - - - - - - - - - -
 
    59:pent gM a0.646575342   0.0079583       0.0080345       0.0010903       0.0556766                          
    60:pent gM a0.649315068   0.0079583       0.0080345       0.0010903       0.0556766                          
    61:pent gM a0.652054794   0.0079583       0.0080345       0.0010903       0.0556766                          
    62:pent gM a0.704109589   0.0079583       0.0080345       0.0010903       0.0556766                          
    63:pent gM a0.706849315   0.0079583       0.0080345       0.0010903       0.0556766                          
    64:pent gM a0.709589041   0.0079583       0.0080345       0.0010903       0.0556766                          
    65:pent gM a0.827397260   0.0079583       0.0080345       0.0010903       0.0556766                          
    66:pent gM a1.402739726   0.0079583       0.0080345       0.0010903       0.0556766                          
    67:pent gM a1.405479452   0.0079583       0.0080345       0.0010903       0.0556766                          
    68:pent gM a1.408219178   0.0079583       0.0080345       0.0010903       0.0556766                          


                      Estimates of Derived Parameters
   Gross Birth+Immigration Estimates of { Phi(~sex)p(~1)pent(~1)N(~1) }
                                                95% Confidence Interval
 Grp. Occ.   B*-hat          Standard Error      Lower           Upper
 ---- ----   --------------  --------------  --------------  --------------
   1     1    0.1764418       0.2006559       0.0295875       1.0521908    
   1     2    0.1759860       0.2000393       0.0295287       1.0488478    
   1     3    0.1759860       0.2000393       0.0295287       1.0488478    
   1     4    0.1764418       0.2006559       0.0295875       1.0521908    
   1     5    0.1768984       0.2012739       0.0296464       1.0555418    
   1     6    0.1759860       0.2000393       0.0295287       1.0488478    
   1     7    0.1759860       0.2000393       0.0295287       1.0488478    
   1     8    0.1764418       0.2006559       0.0295875       1.0521908    
   1     9    0.1764418       0.2006559       0.0295875       1.0521908    
   1    10    0.1768984       0.2012739       0.0296464       1.0555418    
   1    11    0.1759860       0.2000393       0.0295287       1.0488478    
   1    12    0.1778140       0.2025140       0.0297645       1.0622675    
   1    13    0.1764418       0.2006559       0.0295875       1.0521908    
   1    14    0.1801166       0.2056386       0.0300606       1.0792211    
   1    15    0.1759860       0.2000393       0.0295287       1.0488478    
   1    16    0.1764418       0.2006559       0.0295875       1.0521908    
   1    17    0.1759860       0.2000393       0.0295287       1.0488478    
   1    18    0.1773558       0.2018933       0.0297054       1.0589007    
   1    19    0.2164812       0.2559261       0.0346272       1.3533890    
   1    20    0.1768984       0.2012739       0.0296464       1.0555418    
   1    21    0.2211938       0.2625551       0.0352069       1.3896902    
   1    22    0.1796545       0.2050109       0.0300012       1.0758145    
   1    23    0.1768984       0.2012739       0.0296464       1.0555418    
   1    24    0.1759860       0.2000393       0.0295287       1.0488478    
   1    25    0.1759860       0.2000393       0.0295287       1.0488478    
   1    26    0.1843107       0.2113501       0.0305974       1.1102390    
   1    27    0.1759860       0.2000393       0.0295287       1.0488478    
   1    28    0.1759860       0.2000393       0.0295287       1.0488478    

  Program  MARK  - Survival Rate Estimation with Capture-Recapture Data
   gfortran(dble) Vers. 9.0 Mar 2018    25-Mar-2020 21:12:02    Page  012
 - - - - - - - - - - - - - - - - - - - - - - - - - - - - - - - - - - - - - -
 
   1    29    0.1958055       0.2271299       0.0320538       1.1961075    
   1    30    0.2879821       0.3584267       0.0432472       1.9176668    
   1    31    0.1759860       0.2000393       0.0295287       1.0488478    
   1    32    0.1759860       0.2000393       0.0295287       1.0488478    
   2     1    0.2792113       0.3038770       0.0493735       1.5789651    
   2     2    0.2791000       0.3037079       0.0493632       1.5780358    
   2     3    0.2791000       0.3037079       0.0493632       1.5780358    
   2     4    0.2792113       0.3038770       0.0493735       1.5789651    
   2     5    0.2793227       0.3040462       0.0493838       1.5798950    
   2     6    0.2791000       0.3037079       0.0493632       1.5780358    
   2     7    0.2791000       0.3037079       0.0493632       1.5780358    
   2     8    0.2792113       0.3038770       0.0493735       1.5789651    
   2     9    0.2792113       0.3038770       0.0493735       1.5789651    
   2    10    0.2793227       0.3040462       0.0493838       1.5798950    
   2    11    0.2791000       0.3037079       0.0493632       1.5780358    
   2    12    0.2795454       0.3043850       0.0494043       1.5817563    
   2    13    0.2792113       0.3038770       0.0493735       1.5789651    
   2    14    0.2801028       0.3052333       0.0494558       1.5864189    
   2    15    0.2791000       0.3037079       0.0493632       1.5780358    
   2    16    0.2792113       0.3038770       0.0493735       1.5789651    
   2    17    0.2791000       0.3037079       0.0493632       1.5780358    
   2    18    0.2794340       0.3042156       0.0493940       1.5808254    
   2    19    0.2884383       0.3180407       0.0502103       1.6569639    
   2    20    0.2793227       0.3040462       0.0493838       1.5798950    
   2    21    0.2894631       0.3196306       0.0503013       1.6657406    
   2    22    0.2799912       0.3050635       0.0494455       1.5854854    
   2    23    0.2793227       0.3040462       0.0493838       1.5798950    
   2    24    0.2791000       0.3037079       0.0493632       1.5780358    
   2    25    0.2791000       0.3037079       0.0493632       1.5780358    
   2    26    0.2811079       0.3067657       0.0495482       1.5948447    
   2    27    0.2791000       0.3037079       0.0493632       1.5780358    
   2    28    0.2791000       0.3037079       0.0493632       1.5780358    
   2    29    0.2837999       0.3108864       0.0497937       1.6175218    
   2    30    0.3030035       0.3409318       0.0514715       1.7837265    
   2    31    0.2791000       0.3037079       0.0493632       1.5780358    
   2    32    0.2791000       0.3037079       0.0493632       1.5780358    

    Net Birth+Immigration Estimates of { Phi(~sex)p(~1)pent(~1)N(~1) }
                                                95% Confidence Interval
 Grp. Occ.   B-hat           Standard Error      Lower           Upper
 ---- ----   --------------  --------------  --------------  --------------
   1     1    0.1755310       0.1994241       0.0294699       1.0455127    
   1     2    0.1755310       0.1994241       0.0294699       1.0455127    
   1     3    0.1755310       0.1994241       0.0294699       1.0455127    
   1     4    0.1755310       0.1994241       0.0294699       1.0455127    
   1     5    0.1755310       0.1994241       0.0294699       1.0455127    
   1     6    0.1755310       0.1994241       0.0294699       1.0455127    
   1     7    0.1755310       0.1994241       0.0294699       1.0455127    
   1     8    0.1755310       0.1994241       0.0294699       1.0455127    
   1     9    0.1755310       0.1994241       0.0294699       1.0455127    
   1    10    0.1755310       0.1994241       0.0294699       1.0455127    
   1    11    0.1755310       0.1994241       0.0294699       1.0455127    
   1    12    0.1755310       0.1994241       0.0294699       1.0455127    
   1    13    0.1755310       0.1994241       0.0294699       1.0455127    
   1    14    0.1755310       0.1994241       0.0294699       1.0455127    
   1    15    0.1755310       0.1994241       0.0294699       1.0455127    
   1    16    0.1755310       0.1994241       0.0294699       1.0455127    
   1    17    0.1755310       0.1994241       0.0294699       1.0455127    
   1    18    0.1755310       0.1994241       0.0294699       1.0455127    
   1    19    0.1755310       0.1994241       0.0294699       1.0455127    
   1    20    0.1755310       0.1994241       0.0294699       1.0455127    
   1    21    0.1755310       0.1994241       0.0294699       1.0455127    
   1    22    0.1755310       0.1994241       0.0294699       1.0455127    
   1    23    0.1755310       0.1994241       0.0294699       1.0455127    
   1    24    0.1755310       0.1994241       0.0294699       1.0455127    
   1    25    0.1755310       0.1994241       0.0294699       1.0455127    
   1    26    0.1755310       0.1994241       0.0294699       1.0455127    
   1    27    0.1755310       0.1994241       0.0294699       1.0455127    
   1    28    0.1755310       0.1994241       0.0294699       1.0455127    
   1    29    0.1755310       0.1994241       0.0294699       1.0455127    
   1    30    0.1755310       0.1994241       0.0294699       1.0455127    
   1    31    0.1755310       0.1994241       0.0294699       1.0455127    
   1    32    0.1755310       0.1994241       0.0294699       1.0455127    
   2     1    0.2789888       0.3035388       0.0493529       1.5771069    
   2     2    0.2789888       0.3035388       0.0493529       1.5771069    
   2     3    0.2789888       0.3035388       0.0493529       1.5771069    
   2     4    0.2789888       0.3035388       0.0493529       1.5771069    
   2     5    0.2789888       0.3035388       0.0493529       1.5771069    
   2     6    0.2789888       0.3035388       0.0493529       1.5771069    
   2     7    0.2789888       0.3035388       0.0493529       1.5771069    
   2     8    0.2789888       0.3035388       0.0493529       1.5771069    
   2     9    0.2789888       0.3035388       0.0493529       1.5771069    
   2    10    0.2789888       0.3035388       0.0493529       1.5771069    
   2    11    0.2789888       0.3035388       0.0493529       1.5771069    
   2    12    0.2789888       0.3035388       0.0493529       1.5771069    
   2    13    0.2789888       0.3035388       0.0493529       1.5771069    
   2    14    0.2789888       0.3035388       0.0493529       1.5771069    
   2    15    0.2789888       0.3035388       0.0493529       1.5771069    
   2    16    0.2789888       0.3035388       0.0493529       1.5771069    
   2    17    0.2789888       0.3035388       0.0493529       1.5771069    
   2    18    0.2789888       0.3035388       0.0493529       1.5771069    
   2    19    0.2789888       0.3035388       0.0493529       1.5771069    
   2    20    0.2789888       0.3035388       0.0493529       1.5771069    
   2    21    0.2789888       0.3035388       0.0493529       1.5771069    
   2    22    0.2789888       0.3035388       0.0493529       1.5771069    
   2    23    0.2789888       0.3035388       0.0493529       1.5771069    
   2    24    0.2789888       0.3035388       0.0493529       1.5771069    
   2    25    0.2789888       0.3035388       0.0493529       1.5771069    
   2    26    0.2789888       0.3035388       0.0493529       1.5771069    
   2    27    0.2789888       0.3035388       0.0493529       1.5771069    
   2    28    0.2789888       0.3035388       0.0493529       1.5771069    
   2    29    0.2789888       0.3035388       0.0493529       1.5771069    
   2    30    0.2789888       0.3035388       0.0493529       1.5771069    
   2    31    0.2789888       0.3035388       0.0493529       1.5771069    
   2    32    0.2789888       0.3035388       0.0493529       1.5771069    

         Population Estimates of { Phi(~sex)p(~1)pent(~1)N(~1) }
                                                95% Confidence Interval
 Grp. Occ.   N-hat           Standard Error      Lower           Upper
 ---- ----   --------------  --------------  --------------  --------------
   1     1    16.439376       4.1156754       10.139336       26.653923    
   1     2    16.445471       3.9325103       10.359113       26.107785    
   1     3    16.536032       3.7607518       10.648206       25.679477    
   1     4    16.626126       3.5929996       10.937883       25.272538    
   1     5    16.630296       3.4248472       11.153656       24.796061    
   1     6    16.549384       3.2592687       11.291033       24.256604    
   1     7    16.639409       3.1058176       11.577449       23.914589    
   1     8    16.728969       2.9583686       11.860319       23.596195    
   1     9    16.732079       2.8169185       12.057129       23.219662    
   1    10    16.735156       2.6837957       12.245790       22.870345    

  Program  MARK  - Survival Rate Estimation with Capture-Recapture Data
   gfortran(dble) Vers. 9.0 Mar 2018    25-Mar-2020 21:12:02    Page  013
 - - - - - - - - - - - - - - - - - - - - - - - - - - - - - - - - - - - - - -
 
   1    11    16.652627       2.5614210       12.340069       22.472322    
   1    12    16.742119       2.4451594       12.593513       22.257375    
   1    13    16.489587       2.3531747       12.483809       21.780731    
   1    14    16.495164       2.2623933       12.622678       21.555681    
   1    15    15.837980       2.2382934       12.022541       20.864276    
   1    16    15.931681       2.1647708       12.221603       20.768016    
   1    17    15.943008       2.1141559       12.307912       20.651716    
   1    18    16.036166       2.0705550       12.463706       20.632596    
   1    19    15.882839       2.0667776       12.320459       20.475257    
   1    20    10.454598       2.8468656       6.1893784       17.659063    
   1    21    10.468917       2.8053462       6.2480532       17.541180    
   1    22    6.6421919       2.9665770       2.8792910       15.322770    
   1    23    6.5151646       2.8974706       2.8334244       14.980943    
   1    24    6.5902304       2.8469051       2.9295230       14.825327    
   1    25    6.7317115       2.8114293       3.0677012       14.771953    
   1    26    6.8724616       2.7895574       3.1965907       14.775344    
   1    27    6.4038106       2.7556194       2.8549171       14.364267    
   1    28    6.5462549       2.7526648       2.9684298       14.436404    
   1    29    6.6879632       2.7633825       3.0714711       14.562680    
   1    30    5.5280346       2.6591960       2.2605602       13.518404    
   1    31    2.0381957       1.6830322       0.4960032       8.3754342    
   1    32    2.2031959       1.6684444       0.5887845       8.2442249    
   1    33    2.3673436       1.6775018       0.6781066       8.2646531    
   2     1    26.128727       7.2607675       15.309570       44.593701    
   2     2    26.366072       6.9777003       15.833425       43.905204    
   2     3    26.624041       6.6940831       16.387917       43.253793    
   2     4    26.881805       6.4122849       16.951761       42.628694    
   2     5    27.117949       6.1355769       17.501014       42.019460    
   2     6    27.332133       5.8648627       18.033209       41.426097    
   2     7    27.589332       5.5897951       18.621305       40.876365    
   2     8    27.846326       5.3176100       19.216333       40.352022    
   2     9    28.080933       5.0530088       19.790572       39.844165    
   2    10    28.315167       4.7924523       20.368704       39.361791    
   2    11    28.526489       4.5415002       20.920842       38.897124    
   2    12    28.782736       4.2856314       21.531956       38.475181    
   2    13    28.947177       4.0581922       22.021743       38.050532    
   2    14    29.180030       3.8210391       22.599289       37.677032    
   2    15    29.227223       3.6460445       22.909172       37.287710    
   2    16    29.482911       3.4201432       23.504734       36.981573    
   2    17    29.714910       3.2134585       24.054078       36.707949    
   2    18    29.970209       3.0133171       24.621830       36.480369    
   2    19    30.153741       2.8534641       25.059335       36.283808    
   2    20    28.478819       3.6474311       22.179169       36.567786    
   2    21    28.689750       3.5220892       22.574486       36.461595    
   2    22    26.917795       4.7293722       19.125754       37.884399    
   2    23    27.004264       4.7239111       19.215330       37.950443    

  Program  MARK  - Survival Rate Estimation with Capture-Recapture Data
   gfortran(dble) Vers. 9.0 Mar 2018    25-Mar-2020 21:12:02    Page  014
 - - - - - - - - - - - - - - - - - - - - - - - - - - - - - - - - - - - - - -
 
   2    24    27.218720       4.6466655       19.525126       37.943863    
   2    25    27.476009       4.5567913       19.894776       37.946197    
   2    26    27.733094       4.4849048       20.240897       37.998538    
   2    27    27.595006       4.6945243       19.817605       38.424641    
   2    28    27.851995       4.6535530       20.119237       38.556811    
   2    29    28.108780       4.6312539       20.395387       38.739323    
   2    30    27.440146       5.2059498       18.980989       39.669250    
   2    31    23.487625       7.7375862       12.520212       44.062237    
   2    32    23.747889       7.6834010       12.795202       44.076074    
   2    33    24.007946       7.6406018       13.060496       44.131669    

      Gross Population Estimates of { Phi(~sex)p(~1)pent(~1)N(~1) }
                                                95% Confidence Interval
 Grp. Occ.   N*-hat          Standard Error      Lower           Upper
 ---- ----   --------------  --------------  --------------  --------------
   1     0    22.314153       3.9323882       15.838616       31.437180    
   2     0    35.114472       3.7087129       28.564833       43.165881    

   CPU Time for the last procedure was 0.17 seconds.     


  INPUT --- proc stop;

     CPU Time in minutes for this job was 0.00

     Time Start = 21:12:02.414   Time End = 21:12:02.976

     Wall Clock Time in minutes for this job was 0.01


          E X E C U T I O N   S U C C E S S F U L 
