
   Program  MARK  - Survival Rate Estimation with Capture-Recapture Data
   gfortran(dble) Vers. 9.0 Mar 2018    25-Mar-2020 21:12:19    Page  001
 - - - - - - - - - - - - - - - - - - - - - - - - - - - - - - - - - - - - - -
 
   This version was compiled by GCC version 7.2.0 using the options: 
     -cpp -iprefix C:/Program Files/mingw-w64/x86_64-7.2.0-posix-seh-rt_v5-rev1/
     mingw64/bin/../lib/gcc/x86_64-w64-mingw32/7.2.0/ -D_MT -D_REENTRANT
     -U_REENTRANT -D IEEE -D DBLEPRECISION -m64 -mtune=core2 -march=nocona -mthreads
     -O2 -fimplicit-none -fbounds-check -funroll-loops -ftree-vectorize
     -ffpe-summary=invalid,zero,overflow,underflow -fno-unsafe-math-optimizations
     -frounding-math -fsignaling-nans -fopenmp.

   This problem will use 15 of 16 possible threads.


  INPUT --- proc title ;

   CPU Time for the last procedure was 0.01 seconds.     


  INPUT --- proc chmatrix occasions= 33 groups= 2 etype= POPAN Nodes= 
  INPUT --- 101 ICMeans NoHist hist= 41  ;

  INPUT ---    time interval 0.00547945205479452 0.00273972602739726 
  INPUT ---    0.00273972602739726 0.00547945205479452  
  INPUT ---    0.00821917808219178 0.00273972602739726 0.00273972602739726 
  INPUT ---    0.00547945205479452  0.00547945205479452 
  INPUT ---    0.00821917808219178 0.00273972602739726 0.0136986301369863 
  INPUT ---    0.00547945205479452  0.0273972602739726 0.00273972602739726 
  INPUT ---    0.00547945205479452 0.00273972602739726 0.010958904109589  
  INPUT ---    0.23013698630137 0.00821917808219178 0.254794520547945 
  INPUT ---    0.0246575342465753 0.00821917808219178  0.00273972602739726 
  INPUT ---    0.00273972602739726 0.0520547945205479 0.00273972602739726 
  INPUT ---    0.00273972602739726  0.117808219178082 0.575342465753425 
  INPUT ---    0.00273972602739726 0.00273972602739726 ;

  INPUT ---    glabel(1)=sexF;

  INPUT ---    glabel(2)=sexM;

   * *  WARNING  * *   At least a pair of the encounter histories are duplicates. 

      Number of unique encounter histories read was 38.

      Number of individual covariates read was 0.
      Time interval lengths vary and/or not equal to 1.

      Data type number is 19
      Data type is POPAN                                                                                               

   CPU Time for the last procedure was 0.01 seconds.     

  Program  MARK  - Survival Rate Estimation with Capture-Recapture Data
   gfortran(dble) Vers. 9.0 Mar 2018    25-Mar-2020 21:12:19    Page  002
 - - - - - - - - - - - - - - - - - - - - - - - - - - - - - - - - - - - - - -
 


  INPUT --- proc estimate link=Parm-Specific NOLOOP varest=2ndPart    ;


  INPUT --- model={ Phi(~sex)p(~sex)pent(~1)N(~sex) };

  INPUT ---    group=1 Phi    rows=1 cols=32 Square ;
  INPUT ---        1 1 1 1 1 1 1 1 1 1 1 1 1 1 1 1 1 1 1 1 1 1 1 1 1 1 1 1 1 
  INPUT ---       1 1 1 ;

  INPUT ---    group=2 Phi    rows=1 cols=32 Square ;
  INPUT ---        2 2 2 2 2 2 2 2 2 2 2 2 2 2 2 2 2 2 2 2 2 2 2 2 2 2 2 2 2 
  INPUT ---       2 2 2 ;

  INPUT ---    group=1 p    rows=1 cols=33 Square ;
  INPUT ---        3 3 3 3 3 3 3 3 3 3 3 3 3 3 3 3 3 3 3 3 3 3 3 3 3 3 3 3 3 
  INPUT ---       3 3 3 3 ;

  INPUT ---    group=2 p    rows=1 cols=33 Square ;
  INPUT ---        4 4 4 4 4 4 4 4 4 4 4 4 4 4 4 4 4 4 4 4 4 4 4 4 4 4 4 4 4 
  INPUT ---       4 4 4 4 ;

  INPUT ---    group=1 pent    rows=1 cols=32 Square ;
  INPUT ---        7 8 9 10 11 12 13 14 15 16 17 18 19 20 21 22 23 24 25 26 
  INPUT ---       27 28 29 30 31 32 33 34 35 36 37 38 ;

  INPUT ---    group=2 pent    rows=1 cols=32 Square ;
  INPUT ---        39 40 41 42 43 44 45 46 47 48 49 50 51 52 53 54 55 56 57 
  INPUT ---       58 59 60 61 62 63 64 65 66 67 68 69 70 ;

  INPUT ---    group=1 N    rows=1 cols=1 Square ;
  INPUT ---        5 ;

  INPUT ---    group=2 N    rows=1 cols=1 Square ;
  INPUT ---        6 ;

  INPUT ---    design matrix constraints=70 covariates=7;
  INPUT ---        1 0 0 0 0 0 0;
  INPUT ---        1 1 0 0 0 0 0;
  INPUT ---        0 0 1 0 0 0 0;
  INPUT ---        0 0 1 1 0 0 0;
  INPUT ---        0 0 0 0 0 1 0;
  INPUT ---        0 0 0 0 0 1 1;
  INPUT ---        0 0 0 0 1 0 0;
  INPUT ---        0 0 0 0 1 0 0;

  Program  MARK  - Survival Rate Estimation with Capture-Recapture Data
   gfortran(dble) Vers. 9.0 Mar 2018    25-Mar-2020 21:12:19    Page  003
 - - - - - - - - - - - - - - - - - - - - - - - - - - - - - - - - - - - - - -
 
  INPUT ---        0 0 0 0 1 0 0;
  INPUT ---        0 0 0 0 1 0 0;
  INPUT ---        0 0 0 0 1 0 0;
  INPUT ---        0 0 0 0 1 0 0;
  INPUT ---        0 0 0 0 1 0 0;
  INPUT ---        0 0 0 0 1 0 0;
  INPUT ---        0 0 0 0 1 0 0;
  INPUT ---        0 0 0 0 1 0 0;
  INPUT ---        0 0 0 0 1 0 0;
  INPUT ---        0 0 0 0 1 0 0;
  INPUT ---        0 0 0 0 1 0 0;
  INPUT ---        0 0 0 0 1 0 0;
  INPUT ---        0 0 0 0 1 0 0;
  INPUT ---        0 0 0 0 1 0 0;
  INPUT ---        0 0 0 0 1 0 0;
  INPUT ---        0 0 0 0 1 0 0;
  INPUT ---        0 0 0 0 1 0 0;
  INPUT ---        0 0 0 0 1 0 0;
  INPUT ---        0 0 0 0 1 0 0;
  INPUT ---        0 0 0 0 1 0 0;
  INPUT ---        0 0 0 0 1 0 0;
  INPUT ---        0 0 0 0 1 0 0;
  INPUT ---        0 0 0 0 1 0 0;
  INPUT ---        0 0 0 0 1 0 0;
  INPUT ---        0 0 0 0 1 0 0;
  INPUT ---        0 0 0 0 1 0 0;
  INPUT ---        0 0 0 0 1 0 0;
  INPUT ---        0 0 0 0 1 0 0;
  INPUT ---        0 0 0 0 1 0 0;
  INPUT ---        0 0 0 0 1 0 0;
  INPUT ---        0 0 0 0 1 0 0;
  INPUT ---        0 0 0 0 1 0 0;
  INPUT ---        0 0 0 0 1 0 0;
  INPUT ---        0 0 0 0 1 0 0;
  INPUT ---        0 0 0 0 1 0 0;
  INPUT ---        0 0 0 0 1 0 0;
  INPUT ---        0 0 0 0 1 0 0;
  INPUT ---        0 0 0 0 1 0 0;
  INPUT ---        0 0 0 0 1 0 0;
  INPUT ---        0 0 0 0 1 0 0;
  INPUT ---        0 0 0 0 1 0 0;
  INPUT ---        0 0 0 0 1 0 0;
  INPUT ---        0 0 0 0 1 0 0;
  INPUT ---        0 0 0 0 1 0 0;
  INPUT ---        0 0 0 0 1 0 0;
  INPUT ---        0 0 0 0 1 0 0;

  Program  MARK  - Survival Rate Estimation with Capture-Recapture Data
   gfortran(dble) Vers. 9.0 Mar 2018    25-Mar-2020 21:12:20    Page  004
 - - - - - - - - - - - - - - - - - - - - - - - - - - - - - - - - - - - - - -
 
  INPUT ---        0 0 0 0 1 0 0;
  INPUT ---        0 0 0 0 1 0 0;
  INPUT ---        0 0 0 0 1 0 0;
  INPUT ---        0 0 0 0 1 0 0;
  INPUT ---        0 0 0 0 1 0 0;
  INPUT ---        0 0 0 0 1 0 0;
  INPUT ---        0 0 0 0 1 0 0;
  INPUT ---        0 0 0 0 1 0 0;
  INPUT ---        0 0 0 0 1 0 0;
  INPUT ---        0 0 0 0 1 0 0;
  INPUT ---        0 0 0 0 1 0 0;
  INPUT ---        0 0 0 0 1 0 0;
  INPUT ---        0 0 0 0 1 0 0;
  INPUT ---        0 0 0 0 1 0 0;
  INPUT ---        0 0 0 0 1 0 0;
  INPUT ---        0 0 0 0 1 0 0;

  INPUT ---    links=70;

  INPUT ---    Logit;

  INPUT ---    Logit;

  INPUT ---    Logit;

  INPUT ---    Logit;

  INPUT ---    Log;

  INPUT ---    Log;

  INPUT ---    mlogit(1);

  INPUT ---    mlogit(1);

  INPUT ---    mlogit(1);

  INPUT ---    mlogit(1);

  INPUT ---    mlogit(1);

  INPUT ---    mlogit(1);

  INPUT ---    mlogit(1);

  INPUT ---    mlogit(1);

  Program  MARK  - Survival Rate Estimation with Capture-Recapture Data
   gfortran(dble) Vers. 9.0 Mar 2018    25-Mar-2020 21:12:20    Page  005
 - - - - - - - - - - - - - - - - - - - - - - - - - - - - - - - - - - - - - -
 

  INPUT ---    mlogit(1);

  INPUT ---    mlogit(1);

  INPUT ---    mlogit(1);

  INPUT ---    mlogit(1);

  INPUT ---    mlogit(1);

  INPUT ---    mlogit(1);

  INPUT ---    mlogit(1);

  INPUT ---    mlogit(1);

  INPUT ---    mlogit(1);

  INPUT ---    mlogit(1);

  INPUT ---    mlogit(1);

  INPUT ---    mlogit(1);

  INPUT ---    mlogit(1);

  INPUT ---    mlogit(1);

  INPUT ---    mlogit(1);

  INPUT ---    mlogit(1);

  INPUT ---    mlogit(1);

  INPUT ---    mlogit(1);

  INPUT ---    mlogit(1);

  INPUT ---    mlogit(1);

  INPUT ---    mlogit(1);

  INPUT ---    mlogit(1);

  INPUT ---    mlogit(1);

  Program  MARK  - Survival Rate Estimation with Capture-Recapture Data
   gfortran(dble) Vers. 9.0 Mar 2018    25-Mar-2020 21:12:20    Page  006
 - - - - - - - - - - - - - - - - - - - - - - - - - - - - - - - - - - - - - -
 

  INPUT ---    mlogit(1);

  INPUT ---    mlogit(2);

  INPUT ---    mlogit(2);

  INPUT ---    mlogit(2);

  INPUT ---    mlogit(2);

  INPUT ---    mlogit(2);

  INPUT ---    mlogit(2);

  INPUT ---    mlogit(2);

  INPUT ---    mlogit(2);

  INPUT ---    mlogit(2);

  INPUT ---    mlogit(2);

  INPUT ---    mlogit(2);

  INPUT ---    mlogit(2);

  INPUT ---    mlogit(2);

  INPUT ---    mlogit(2);

  INPUT ---    mlogit(2);

  INPUT ---    mlogit(2);

  INPUT ---    mlogit(2);

  INPUT ---    mlogit(2);

  INPUT ---    mlogit(2);

  INPUT ---    mlogit(2);

  INPUT ---    mlogit(2);

  INPUT ---    mlogit(2);

  Program  MARK  - Survival Rate Estimation with Capture-Recapture Data
   gfortran(dble) Vers. 9.0 Mar 2018    25-Mar-2020 21:12:20    Page  007
 - - - - - - - - - - - - - - - - - - - - - - - - - - - - - - - - - - - - - -
 

  INPUT ---    mlogit(2);

  INPUT ---    mlogit(2);

  INPUT ---    mlogit(2);

  INPUT ---    mlogit(2);

  INPUT ---    mlogit(2);

  INPUT ---    mlogit(2);

  INPUT ---    mlogit(2);

  INPUT ---    mlogit(2);

  INPUT ---    mlogit(2);

  INPUT ---    mlogit(2);
  INPUT ---       blabel(1)=Phi:(Intercept);
  INPUT ---       blabel(2)=Phi:sexM;
  INPUT ---       blabel(3)=p:(Intercept);
  INPUT ---       blabel(4)=p:sexM;
  INPUT ---       blabel(5)=pent:(Intercept);
  INPUT ---       blabel(6)=N:(Intercept);
  INPUT ---       blabel(7)=N:sexM;
  INPUT ---       rlabel(1)=Phi gF a0 t1;
  INPUT ---       rlabel(2)=Phi gM a0 t1;
  INPUT ---       rlabel(3)=p gF a0 t1;
  INPUT ---       rlabel(4)=p gM a0 t1;
  INPUT ---       rlabel(5)=N gF a0 t1;
  INPUT ---       rlabel(6)=N gM a0 t1;
  INPUT ---       rlabel(7)=pent gF a0.00547945205479452 t1.00547945205479;
  INPUT ---       rlabel(8)=pent gF a0.00821917808219178 t1.00821917808219;
  INPUT ---       rlabel(9)=pent gF a0.010958904109589 t1.01095890410959;
  INPUT ---       rlabel(10)=pent gF a0.0164383561643836 t1.01643835616438;
  INPUT ---       rlabel(11)=pent gF a0.0246575342465753 t1.02465753424658;
  INPUT ---       rlabel(12)=pent gF a0.0273972602739726 t1.02739726027397;
  INPUT ---       rlabel(13)=pent gF a0.0301369863013699 t1.03013698630137;
  INPUT ---       rlabel(14)=pent gF a0.0356164383561644 t1.03561643835616;
  INPUT ---       rlabel(15)=pent gF a0.0410958904109589 t1.04109589041096;
  INPUT ---       rlabel(16)=pent gF a0.0493150684931507 t1.04931506849315;
  INPUT ---       rlabel(17)=pent gF a0.0520547945205479 t1.05205479452055;
  INPUT ---       rlabel(18)=pent gF a0.0657534246575342 t1.06575342465753;
  INPUT ---       rlabel(19)=pent gF a0.0712328767123288 t1.07123287671233;

  Program  MARK  - Survival Rate Estimation with Capture-Recapture Data
   gfortran(dble) Vers. 9.0 Mar 2018    25-Mar-2020 21:12:20    Page  008
 - - - - - - - - - - - - - - - - - - - - - - - - - - - - - - - - - - - - - -
 
  INPUT ---       rlabel(20)=pent gF a0.0986301369863014 t1.0986301369863;
  INPUT ---       rlabel(21)=pent gF a0.101369863013699 t1.1013698630137;
  INPUT ---       rlabel(22)=pent gF a0.106849315068493 t1.10684931506849;
  INPUT ---       rlabel(23)=pent gF a0.10958904109589 t1.10958904109589;
  INPUT ---       rlabel(24)=pent gF a0.120547945205479 t1.12054794520548;
  INPUT ---       rlabel(25)=pent gF a0.350684931506849 t1.35068493150685;
  INPUT ---       rlabel(26)=pent gF a0.358904109589041 t1.35890410958904;
  INPUT ---       rlabel(27)=pent gF a0.613698630136986 t1.61369863013699;
  INPUT ---       rlabel(28)=pent gF a0.638356164383562 t1.63835616438356;
  INPUT ---       rlabel(29)=pent gF a0.646575342465753 t1.64657534246575;
  INPUT ---       rlabel(30)=pent gF a0.649315068493151 t1.64931506849315;
  INPUT ---       rlabel(31)=pent gF a0.652054794520548 t1.65205479452055;
  INPUT ---       rlabel(32)=pent gF a0.704109589041096 t1.7041095890411;
  INPUT ---       rlabel(33)=pent gF a0.706849315068493 t1.70684931506849;
  INPUT ---       rlabel(34)=pent gF a0.70958904109589 t1.70958904109589;
  INPUT ---       rlabel(35)=pent gF a0.827397260273973 t1.82739726027397;
  INPUT ---       rlabel(36)=pent gF a1.4027397260274 t2.4027397260274;
  INPUT ---       rlabel(37)=pent gF a1.40547945205479 t2.40547945205479;
  INPUT ---       rlabel(38)=pent gF a1.40821917808219 t2.40821917808219;
  INPUT ---       rlabel(39)=pent gM a0.00547945205479452 t1.00547945205479;
  INPUT ---       rlabel(40)=pent gM a0.00821917808219178 t1.00821917808219;
  INPUT ---       rlabel(41)=pent gM a0.010958904109589 t1.01095890410959;
  INPUT ---       rlabel(42)=pent gM a0.0164383561643836 t1.01643835616438;
  INPUT ---       rlabel(43)=pent gM a0.0246575342465753 t1.02465753424658;
  INPUT ---       rlabel(44)=pent gM a0.0273972602739726 t1.02739726027397;
  INPUT ---       rlabel(45)=pent gM a0.0301369863013699 t1.03013698630137;
  INPUT ---       rlabel(46)=pent gM a0.0356164383561644 t1.03561643835616;
  INPUT ---       rlabel(47)=pent gM a0.0410958904109589 t1.04109589041096;
  INPUT ---       rlabel(48)=pent gM a0.0493150684931507 t1.04931506849315;
  INPUT ---       rlabel(49)=pent gM a0.0520547945205479 t1.05205479452055;
  INPUT ---       rlabel(50)=pent gM a0.0657534246575342 t1.06575342465753;
  INPUT ---       rlabel(51)=pent gM a0.0712328767123288 t1.07123287671233;
  INPUT ---       rlabel(52)=pent gM a0.0986301369863014 t1.0986301369863;
  INPUT ---       rlabel(53)=pent gM a0.101369863013699 t1.1013698630137;
  INPUT ---       rlabel(54)=pent gM a0.106849315068493 t1.10684931506849;
  INPUT ---       rlabel(55)=pent gM a0.10958904109589 t1.10958904109589;
  INPUT ---       rlabel(56)=pent gM a0.120547945205479 t1.12054794520548;
  INPUT ---       rlabel(57)=pent gM a0.350684931506849 t1.35068493150685;
  INPUT ---       rlabel(58)=pent gM a0.358904109589041 t1.35890410958904;
  INPUT ---       rlabel(59)=pent gM a0.613698630136986 t1.61369863013699;
  INPUT ---       rlabel(60)=pent gM a0.638356164383562 t1.63835616438356;
  INPUT ---       rlabel(61)=pent gM a0.646575342465753 t1.64657534246575;
  INPUT ---       rlabel(62)=pent gM a0.649315068493151 t1.64931506849315;
  INPUT ---       rlabel(63)=pent gM a0.652054794520548 t1.65205479452055;
  INPUT ---       rlabel(64)=pent gM a0.704109589041096 t1.7041095890411;
  INPUT ---       rlabel(65)=pent gM a0.706849315068493 t1.70684931506849;

  Program  MARK  - Survival Rate Estimation with Capture-Recapture Data
   gfortran(dble) Vers. 9.0 Mar 2018    25-Mar-2020 21:12:20    Page  009
 - - - - - - - - - - - - - - - - - - - - - - - - - - - - - - - - - - - - - -
 
  INPUT ---       rlabel(66)=pent gM a0.70958904109589 t1.70958904109589;
  INPUT ---       rlabel(67)=pent gM a0.827397260273973 t1.82739726027397;
  INPUT ---       rlabel(68)=pent gM a1.4027397260274 t2.4027397260274;
  INPUT ---       rlabel(69)=pent gM a1.40547945205479 t2.40547945205479;
  INPUT ---       rlabel(70)=pent gM a1.40821917808219 t2.40821917808219;

 Link Function Used is PARM-SPECIFIC

 Variance Estimation Procedure Used is 2ndPart 

 M(t+1):
      16     29



 Group: 1

 U(t)+UL(t):
       0    2    2    0    1    0    3    1    1    0    0    0    0    0    1
       0    0    0    2    1    1    0    0    0    1    0    0    0    0    0
       0    0    0

 U(t):
       0    2    2    0    1    0    3    1    1    0    0    0    0    0    1
       0    0    0    2    1    1    0    0    0    1    0    0    0    0    0
       0    0    0

 UL(t):
       0    0    0    0    0    0    0    0    0    0    0    0    0    0    0
       0    0    0    0    0    0    0    0    0    0    0    0    0    0    0
       0    0    0

 Not Released(t):
       0    0    0    0    0    0    0    0    0    0    0    0    0    0    0
       0    0    0    0    0    0    0    0    0    0    0    0    0    0    0
       0    0    0

 Group: 2

 U(t)+UL(t):
       3    0    1    1    1    1    1    0    1    1    2    1    3    3    1
       1    0    2    3    1    0    0    1    0    0    0    0    0    0    1
       0    0    0

 U(t):
       3    0    1    1    1    1    1    0    1    1    2    1    3    3    1
       1    0    2    3    1    0    0    1    0    0    0    0    0    0    1
       0    0    0

 UL(t):
       0    0    0    0    0    0    0    0    0    0    0    0    0    0    0
       0    0    0    0    0    0    0    0    0    0    0    0    0    0    0
       0    0    0

 Not Released(t):
       0    0    0    0    0    0    0    0    0    0    0    0    0    0    0
       0    0    0    0    0    0    0    0    0    0    0    0    0    0    0
       0    0    0
 -2logL(saturated) = 272.93564     
 Effective Sample Size = 103

 Number of function evaluations was 28 for 7 parameters.
 Time for numerical optimization was 0.22 seconds.     
 -2logL { Phi(~sex)p(~sex)pent(~1)N(~sex) } = 552.79597     
 Penalty { Phi(~sex)p(~sex)pent(~1)N(~sex) } = 0.0000000     
 Gradient { Phi(~sex)p(~sex)pent(~1)N(~sex) }:
   0.000000      0.2062148E-05  0.1056361E-04  0.1308822E-04  0.2691484E-05
   0.000000       0.000000    
 Maximum ABS(G) { Phi(~sex)p(~sex)pent(~1)N(~sex) } = 0.1308822E-04 
 S Vector { Phi(~sex)p(~sex)pent(~1)N(~sex) }:
   128.1568      12.39543      7.194802      2.942956      1.019406    
  0.4284496     0.3241076    
 Time to compute number of parameters was 0.02 seconds.     
 Ratio Threshold = 50.000000       Max Gap (1/2) = 10.339038       Next Max Gap (1/2) = 10.339038     
 Gap Method for Num. of Estimated Parameters { Phi(~sex)p(~sex)pent(~1)N(~sex) } = 7          
 Threshold { Phi(~sex)p(~sex)pent(~1)N(~sex) } = 0.2617645E-04                 
 Numerical Threshold Method for Num. of Estimated Parameters { Phi(~sex)p(~sex)pent(~1)N(~sex) } = 7          
 Number of Estimated Parameters { Phi(~sex)p(~sex)pent(~1)N(~sex) } = 7          
 DEVIANCE { Phi(~sex)p(~sex)pent(~1)N(~sex) } = 279.86033                     
 DEVIANCE Degrees of Freedom { Phi(~sex)p(~sex)pent(~1)N(~sex) } = 34            
 c-hat { Phi(~sex)p(~sex)pent(~1)N(~sex) } = 8.2311860                     
 AIC { Phi(~sex)p(~sex)pent(~1)N(~sex) } = 566.79597                  
 AICc { Phi(~sex)p(~sex)pent(~1)N(~sex) } = 567.97492                    
 BIC { Phi(~sex)p(~sex)pent(~1)N(~sex) } = 585.23907                    
 Pearson Chisquare { Phi(~sex)p(~sex)pent(~1)N(~sex) } = 20353104.                  


             PARM-SPECIFIC Link Function Parameters of { Phi(~sex)p(~sex)pent(~1)N(~sex) }
                                                              95% Confidence Interval
 Parameter                    Beta         Standard Error      Lower           Upper
 -------------------------  --------------  --------------  --------------  --------------
    1:Phi:(Intercept)       -1.6161491       1.0448807      -3.6641153       0.4318170    
    2:Phi:sexM               2.6997326       1.3743347       0.0060364       5.3934287    
    3:p:(Intercept)         -2.6111681       0.3161710      -3.2308633      -1.9914728    
    4:p:sexM                 0.1658410       0.3310286      -0.4829751       0.8146572    
    5:pent:(Intercept)      -4.6692840       1.5807657      -7.7675848      -1.5709833    
    6:N:(Intercept)          1.9868496       0.7075221       0.6001062       3.3735931    
    7:N:sexM                -0.3447753       0.8820959      -2.0736832       1.3841327    


             Real Function Parameters of { Phi(~sex)p(~sex)pent(~1)N(~sex) }
                                                               95% Confidence Interval
  Parameter                  Estimate       Standard Error      Lower           Upper
 --------------------------  --------------  --------------  --------------  --------------
     1:Phi gF a0 t1           0.1657366       0.1444736       0.0249865       0.6063075                          

  Program  MARK  - Survival Rate Estimation with Capture-Recapture Data
   gfortran(dble) Vers. 9.0 Mar 2018    25-Mar-2020 21:12:20    Page  010
 - - - - - - - - - - - - - - - - - - - - - - - - - - - - - - - - - - - - - -
 
     2:Phi gM a0 t1           0.7471715       0.2178801       0.2355857       0.9659145                          
     3:p gF a0 t1             0.0684231       0.0201532       0.0380207       0.1201011                          
     4:p gM a0 t1             0.0797809       0.0140350       0.0562518       0.1119842                          
     5:N gF a0 t1             23.292524       5.1596218       18.092155       41.419196                          
     6:N gM a0 t1             34.165874       4.3066636       30.243940       50.453014                          
     7:pent gF a0.005479452   0.0072139       0.0087710       0.6584936E-03   0.0741848                          
     8:pent gF a0.008219178   0.0072139       0.0087710       0.6584936E-03   0.0741848                          
     9:pent gF a0.010958904   0.0072139       0.0087710       0.6584936E-03   0.0741848                          
    10:pent gF a0.016438356   0.0072139       0.0087710       0.6584936E-03   0.0741848                          
    11:pent gF a0.024657534   0.0072139       0.0087710       0.6584936E-03   0.0741848                          
    12:pent gF a0.027397260   0.0072139       0.0087710       0.6584936E-03   0.0741848                          
    13:pent gF a0.030136986   0.0072139       0.0087710       0.6584936E-03   0.0741848                          
    14:pent gF a0.035616438   0.0072139       0.0087710       0.6584936E-03   0.0741848                          
    15:pent gF a0.041095890   0.0072139       0.0087710       0.6584936E-03   0.0741848                          
    16:pent gF a0.049315068   0.0072139       0.0087710       0.6584936E-03   0.0741848                          
    17:pent gF a0.052054794   0.0072139       0.0087710       0.6584936E-03   0.0741848                          
    18:pent gF a0.065753424   0.0072139       0.0087710       0.6584936E-03   0.0741848                          
    19:pent gF a0.071232876   0.0072139       0.0087710       0.6584936E-03   0.0741848                          
    20:pent gF a0.098630136   0.0072139       0.0087710       0.6584936E-03   0.0741848                          
    21:pent gF a0.101369863   0.0072139       0.0087710       0.6584936E-03   0.0741848                          
    22:pent gF a0.106849315   0.0072139       0.0087710       0.6584936E-03   0.0741848                          
    23:pent gF a0.109589041   0.0072139       0.0087710       0.6584936E-03   0.0741848                          
    24:pent gF a0.120547945   0.0072139       0.0087710       0.6584936E-03   0.0741848                          
    25:pent gF a0.350684931   0.0072139       0.0087710       0.6584936E-03   0.0741848                          
    26:pent gF a0.358904109   0.0072139       0.0087710       0.6584936E-03   0.0741848                          
    27:pent gF a0.613698630   0.0072139       0.0087710       0.6584936E-03   0.0741848                          
    28:pent gF a0.638356164   0.0072139       0.0087710       0.6584936E-03   0.0741848                          
    29:pent gF a0.646575342   0.0072139       0.0087710       0.6584936E-03   0.0741848                          
    30:pent gF a0.649315068   0.0072139       0.0087710       0.6584936E-03   0.0741848                          
    31:pent gF a0.652054794   0.0072139       0.0087710       0.6584936E-03   0.0741848                          
    32:pent gF a0.704109589   0.0072139       0.0087710       0.6584936E-03   0.0741848                          
    33:pent gF a0.706849315   0.0072139       0.0087710       0.6584936E-03   0.0741848                          
    34:pent gF a0.709589041   0.0072139       0.0087710       0.6584936E-03   0.0741848                          
    35:pent gF a0.827397260   0.0072139       0.0087710       0.6584936E-03   0.0741848                          
    36:pent gF a1.402739726   0.0072139       0.0087710       0.6584936E-03   0.0741848                          
    37:pent gF a1.405479452   0.0072139       0.0087710       0.6584936E-03   0.0741848                          
    38:pent gF a1.408219178   0.0072139       0.0087710       0.6584936E-03   0.0741848                          
    39:pent gM a0.005479452   0.0072139       0.0087710       0.6584936E-03   0.0741848                          
    40:pent gM a0.008219178   0.0072139       0.0087710       0.6584936E-03   0.0741848                          
    41:pent gM a0.010958904   0.0072139       0.0087710       0.6584936E-03   0.0741848                          
    42:pent gM a0.016438356   0.0072139       0.0087710       0.6584936E-03   0.0741848                          
    43:pent gM a0.024657534   0.0072139       0.0087710       0.6584936E-03   0.0741848                          
    44:pent gM a0.027397260   0.0072139       0.0087710       0.6584936E-03   0.0741848                          
    45:pent gM a0.030136986   0.0072139       0.0087710       0.6584936E-03   0.0741848                          
    46:pent gM a0.035616438   0.0072139       0.0087710       0.6584936E-03   0.0741848                          
    47:pent gM a0.041095890   0.0072139       0.0087710       0.6584936E-03   0.0741848                          

  Program  MARK  - Survival Rate Estimation with Capture-Recapture Data
   gfortran(dble) Vers. 9.0 Mar 2018    25-Mar-2020 21:12:20    Page  011
 - - - - - - - - - - - - - - - - - - - - - - - - - - - - - - - - - - - - - -
 
    48:pent gM a0.049315068   0.0072139       0.0087710       0.6584936E-03   0.0741848                          
    49:pent gM a0.052054794   0.0072139       0.0087710       0.6584936E-03   0.0741848                          
    50:pent gM a0.065753424   0.0072139       0.0087710       0.6584936E-03   0.0741848                          
    51:pent gM a0.071232876   0.0072139       0.0087710       0.6584936E-03   0.0741848                          
    52:pent gM a0.098630136   0.0072139       0.0087710       0.6584936E-03   0.0741848                          
    53:pent gM a0.101369863   0.0072139       0.0087710       0.6584936E-03   0.0741848                          
    54:pent gM a0.106849315   0.0072139       0.0087710       0.6584936E-03   0.0741848                          
    55:pent gM a0.109589041   0.0072139       0.0087710       0.6584936E-03   0.0741848                          
    56:pent gM a0.120547945   0.0072139       0.0087710       0.6584936E-03   0.0741848                          
    57:pent gM a0.350684931   0.0072139       0.0087710       0.6584936E-03   0.0741848                          
    58:pent gM a0.358904109   0.0072139       0.0087710       0.6584936E-03   0.0741848                          
    59:pent gM a0.613698630   0.0072139       0.0087710       0.6584936E-03   0.0741848                          
    60:pent gM a0.638356164   0.0072139       0.0087710       0.6584936E-03   0.0741848                          
    61:pent gM a0.646575342   0.0072139       0.0087710       0.6584936E-03   0.0741848                          
    62:pent gM a0.649315068   0.0072139       0.0087710       0.6584936E-03   0.0741848                          
    63:pent gM a0.652054794   0.0072139       0.0087710       0.6584936E-03   0.0741848                          
    64:pent gM a0.704109589   0.0072139       0.0087710       0.6584936E-03   0.0741848                          
    65:pent gM a0.706849315   0.0072139       0.0087710       0.6584936E-03   0.0741848                          
    66:pent gM a0.709589041   0.0072139       0.0087710       0.6584936E-03   0.0741848                          
    67:pent gM a0.827397260   0.0072139       0.0087710       0.6584936E-03   0.0741848                          
    68:pent gM a1.402739726   0.0072139       0.0087710       0.6584936E-03   0.0741848                          
    69:pent gM a1.405479452   0.0072139       0.0087710       0.6584936E-03   0.0741848                          
    70:pent gM a1.408219178   0.0072139       0.0087710       0.6584936E-03   0.0741848                          


                      Estimates of Derived Parameters
 Gross Birth+Immigration Estimates of { Phi(~sex)p(~sex)pent(~1)N(~sex) }
                                                95% Confidence Interval
 Grp. Occ.   B*-hat          Standard Error      Lower           Upper
 ---- ----   --------------  --------------  --------------  --------------
   1     1    0.1688586       0.2263380       0.0231361       1.2324112    
   1     2    0.1684439       0.2256867       0.0230914       1.2287390    
   1     3    0.1684439       0.2256867       0.0230914       1.2287390    
   1     4    0.1688586       0.2263380       0.0231361       1.2324112    
   1     5    0.1692740       0.2269908       0.0231809       1.2360916    
   1     6    0.1684439       0.2256867       0.0230914       1.2287390    
   1     7    0.1684439       0.2256867       0.0230914       1.2287390    
   1     8    0.1688586       0.2263380       0.0231361       1.2324112    
   1     9    0.1688586       0.2263380       0.0231361       1.2324112    
   1    10    0.1692740       0.2269908       0.0231809       1.2360916    
   1    11    0.1684439       0.2256867       0.0230914       1.2287390    
   1    12    0.1701069       0.2283003       0.0232705       1.2434765    
   1    13    0.1688586       0.2263380       0.0231361       1.2324112    
   1    14    0.1722009       0.2315979       0.0234954       1.2620806    
   1    15    0.1684439       0.2256867       0.0230914       1.2287390    

  Program  MARK  - Survival Rate Estimation with Capture-Recapture Data
   gfortran(dble) Vers. 9.0 Mar 2018    25-Mar-2020 21:12:20    Page  012
 - - - - - - - - - - - - - - - - - - - - - - - - - - - - - - - - - - - - - -
 
   1    16    0.1688586       0.2263380       0.0231361       1.2324112    
   1    17    0.1684439       0.2256867       0.0230914       1.2287390    
   1    18    0.1696901       0.2276448       0.0232257       1.2397800    
   1    19    0.2051705       0.2843768       0.0269648       1.5611055    
   1    20    0.1692740       0.2269908       0.0231809       1.2360916    
   1    21    0.2094314       0.2913003       0.0274051       1.6004856    
   1    22    0.1717807       0.2309357       0.0234504       1.2583436    
   1    23    0.1692740       0.2269908       0.0231809       1.2360916    
   1    24    0.1684439       0.2256867       0.0230914       1.2287390    
   1    25    0.1684439       0.2256867       0.0230914       1.2287390    
   1    26    0.1760129       0.2376195       0.0239033       1.2960786    
   1    27    0.1684439       0.2256867       0.0230914       1.2287390    
   1    28    0.1684439       0.2256867       0.0230914       1.2287390    
   1    29    0.1864467       0.2542163       0.0250098       1.3899525    
   1    30    0.2696225       0.3908953       0.0335039       2.1697848    
   1    31    0.1684439       0.2256867       0.0230914       1.2287390    
   1    32    0.1684439       0.2256867       0.0230914       1.2287390    
   2     1    0.2466659       0.3229992       0.0347901       1.7488914    
   2     2    0.2465674       0.3228216       0.0347827       1.7478666    
   2     3    0.2465674       0.3228216       0.0347827       1.7478666    
   2     4    0.2466659       0.3229992       0.0347901       1.7488914    
   2     5    0.2467643       0.3231769       0.0347975       1.7499167    
   2     6    0.2465674       0.3228216       0.0347827       1.7478666    
   2     7    0.2465674       0.3228216       0.0347827       1.7478666    
   2     8    0.2466659       0.3229992       0.0347901       1.7488914    
   2     9    0.2466659       0.3229992       0.0347901       1.7488914    
   2    10    0.2467643       0.3231769       0.0347975       1.7499167    
   2    11    0.2465674       0.3228216       0.0347827       1.7478666    
   2    12    0.2469614       0.3235326       0.0348122       1.7519688    
   2    13    0.2466659       0.3229992       0.0347901       1.7488914    
   2    14    0.2474544       0.3244232       0.0348491       1.7571085    
   2    15    0.2465674       0.3228216       0.0347827       1.7478666    
   2    16    0.2466659       0.3229992       0.0347901       1.7488914    
   2    17    0.2465674       0.3228216       0.0347827       1.7478666    
   2    18    0.2468628       0.3233547       0.0348048       1.7509425    
   2    19    0.2548275       0.3378466       0.0353934       1.8347219    
   2    20    0.2467643       0.3231769       0.0347975       1.7499167    
   2    21    0.2557340       0.3395101       0.0354594       1.8443590    
   2    22    0.2473557       0.3242449       0.0348417       1.7560795    
   2    23    0.2467643       0.3231769       0.0347975       1.7499167    
   2    24    0.2465674       0.3228216       0.0347827       1.7478666    
   2    25    0.2465674       0.3228216       0.0347827       1.7478666    
   2    26    0.2483434       0.3260316       0.0349155       1.7663932    
   2    27    0.2465674       0.3228216       0.0347827       1.7478666    
   2    28    0.2465674       0.3228216       0.0347827       1.7478666    
   2    29    0.2507247       0.3303533       0.0350922       1.7913618    

  Program  MARK  - Survival Rate Estimation with Capture-Recapture Data
   gfortran(dble) Vers. 9.0 Mar 2018    25-Mar-2020 21:12:20    Page  013
 - - - - - - - - - - - - - - - - - - - - - - - - - - - - - - - - - - - - - -
 
   2    30    0.2677114       0.3617443       0.0363151       1.9735457    
   2    31    0.2465674       0.3228216       0.0347827       1.7478666    
   2    32    0.2465674       0.3228216       0.0347827       1.7478666    

  Net Birth+Immigration Estimates of { Phi(~sex)p(~sex)pent(~1)N(~sex) }
                                                95% Confidence Interval
 Grp. Occ.   B-hat           Standard Error      Lower           Upper
 ---- ----   --------------  --------------  --------------  --------------
   1     1    0.1680298       0.2250367       0.0230468       1.2250749    
   1     2    0.1680298       0.2250367       0.0230468       1.2250749    
   1     3    0.1680298       0.2250367       0.0230468       1.2250749    
   1     4    0.1680298       0.2250367       0.0230468       1.2250749    
   1     5    0.1680298       0.2250367       0.0230468       1.2250749    
   1     6    0.1680298       0.2250367       0.0230468       1.2250749    
   1     7    0.1680298       0.2250367       0.0230468       1.2250749    
   1     8    0.1680298       0.2250367       0.0230468       1.2250749    
   1     9    0.1680298       0.2250367       0.0230468       1.2250749    
   1    10    0.1680298       0.2250367       0.0230468       1.2250749    
   1    11    0.1680298       0.2250367       0.0230468       1.2250749    
   1    12    0.1680298       0.2250367       0.0230468       1.2250749    
   1    13    0.1680298       0.2250367       0.0230468       1.2250749    
   1    14    0.1680298       0.2250367       0.0230468       1.2250749    
   1    15    0.1680298       0.2250367       0.0230468       1.2250749    
   1    16    0.1680298       0.2250367       0.0230468       1.2250749    
   1    17    0.1680298       0.2250367       0.0230468       1.2250749    
   1    18    0.1680298       0.2250367       0.0230468       1.2250749    
   1    19    0.1680298       0.2250367       0.0230468       1.2250749    
   1    20    0.1680298       0.2250367       0.0230468       1.2250749    
   1    21    0.1680298       0.2250367       0.0230468       1.2250749    
   1    22    0.1680298       0.2250367       0.0230468       1.2250749    
   1    23    0.1680298       0.2250367       0.0230468       1.2250749    
   1    24    0.1680298       0.2250367       0.0230468       1.2250749    
   1    25    0.1680298       0.2250367       0.0230468       1.2250749    
   1    26    0.1680298       0.2250367       0.0230468       1.2250749    
   1    27    0.1680298       0.2250367       0.0230468       1.2250749    
   1    28    0.1680298       0.2250367       0.0230468       1.2250749    
   1    29    0.1680298       0.2250367       0.0230468       1.2250749    
   1    30    0.1680298       0.2250367       0.0230468       1.2250749    
   1    31    0.1680298       0.2250367       0.0230468       1.2250749    
   1    32    0.1680298       0.2250367       0.0230468       1.2250749    
   2     1    0.2464690       0.3226441       0.0347753       1.7468424    
   2     2    0.2464690       0.3226441       0.0347753       1.7468424    
   2     3    0.2464690       0.3226441       0.0347753       1.7468424    
   2     4    0.2464690       0.3226441       0.0347753       1.7468424    
   2     5    0.2464690       0.3226441       0.0347753       1.7468424    
   2     6    0.2464690       0.3226441       0.0347753       1.7468424    
   2     7    0.2464690       0.3226441       0.0347753       1.7468424    
   2     8    0.2464690       0.3226441       0.0347753       1.7468424    
   2     9    0.2464690       0.3226441       0.0347753       1.7468424    
   2    10    0.2464690       0.3226441       0.0347753       1.7468424    
   2    11    0.2464690       0.3226441       0.0347753       1.7468424    
   2    12    0.2464690       0.3226441       0.0347753       1.7468424    
   2    13    0.2464690       0.3226441       0.0347753       1.7468424    
   2    14    0.2464690       0.3226441       0.0347753       1.7468424    
   2    15    0.2464690       0.3226441       0.0347753       1.7468424    
   2    16    0.2464690       0.3226441       0.0347753       1.7468424    
   2    17    0.2464690       0.3226441       0.0347753       1.7468424    
   2    18    0.2464690       0.3226441       0.0347753       1.7468424    
   2    19    0.2464690       0.3226441       0.0347753       1.7468424    
   2    20    0.2464690       0.3226441       0.0347753       1.7468424    
   2    21    0.2464690       0.3226441       0.0347753       1.7468424    
   2    22    0.2464690       0.3226441       0.0347753       1.7468424    
   2    23    0.2464690       0.3226441       0.0347753       1.7468424    
   2    24    0.2464690       0.3226441       0.0347753       1.7468424    
   2    25    0.2464690       0.3226441       0.0347753       1.7468424    
   2    26    0.2464690       0.3226441       0.0347753       1.7468424    
   2    27    0.2464690       0.3226441       0.0347753       1.7468424    
   2    28    0.2464690       0.3226441       0.0347753       1.7468424    
   2    29    0.2464690       0.3226441       0.0347753       1.7468424    
   2    30    0.2464690       0.3226441       0.0347753       1.7468424    
   2    31    0.2464690       0.3226441       0.0347753       1.7468424    
   2    32    0.2464690       0.3226441       0.0347753       1.7468424    

       Population Estimates of { Phi(~sex)p(~sex)pent(~1)N(~sex) }
                                                95% Confidence Interval
 Grp. Occ.   N-hat           Standard Error      Lower           Upper
 ---- ----   --------------  --------------  --------------  --------------
   1     1    17.915570       5.7306149       9.7175517       33.029682    
   1     2    17.908024       5.5416710       9.9000090       32.393638    
   1     3    17.988086       5.3739314       10.141439       31.905853    
   1     4    18.067756       5.2115895       10.381553       31.444603    
   1     5    18.058718       5.0410217       10.556406       30.892834    
   1     6    17.961932       4.8645745       10.663202       30.256481    
   1     7    18.041729       4.7200432       10.895816       29.874219    
   1     8    18.121135       4.5825447       11.123805       29.520074    
   1     9    18.111575       4.4415676       11.278448       29.084601    
   1    10    18.102108       4.3089966       11.425946       28.679140    
   1    11    18.004685       4.1760246       11.495661       28.199219    
   1    12    18.084273       4.0702637       11.697089       27.959172    
   1    13    17.812481       3.9423414       11.603176       27.344622    
   1    14    17.805945       3.8477045       11.714379       27.065171    
   1    15    17.118402       3.7243837       11.230635       26.092886    
   1    16    17.202343       3.6536331       11.396901       25.965008    
   1    17    17.201787       3.5910724       11.475294       25.785960    
   1    18    17.285319       3.5436555       11.613490       25.727173    
   1    19    17.116210       3.4980946       11.513788       25.444681    
   1    20    11.485958       3.6970533       6.2073320       21.253452    
   1    21    11.485556       3.6443884       6.2590740       21.076278    
   1    22    7.4335068       3.6480962       2.9906850       18.476377    
   1    23    7.2792893       3.5655244       2.9332684       18.064509    
   1    24    7.3405742       3.5073034       3.0181444       17.853364    
   1    25    7.4725459       3.4663795       3.1454298       17.752405    
   1    26    7.6038694       3.4394842       3.2641792       17.713130    
   1    27    7.0927406       3.3855048       2.9185864       17.236759    
   1    28    7.2259298       3.3784472       3.0228168       17.273313    
   1    29    7.3584647       3.3856209       3.1173543       17.369537    
   1    30    6.1222966       3.2467789       2.3075893       16.243149    
   1    31    2.3448005       2.1066468       0.5191515       10.590529    
   1    32    2.5013123       2.0872991       0.6016710       10.398645    
   1    33    2.6570553       2.0920444       0.6810815       10.365783    
   2     1    26.278866       7.5791950       15.100492       45.732206    
   2     2    26.483400       7.2847580       15.598636       44.963576    
   2     3    26.708730       6.9901722       16.126993       44.233679    
   2     4    26.933880       6.6980432       16.664099       43.532740    
   2     5    27.137369       6.4116750       17.186116       42.850680    
   2     6    27.318906       6.1318671       17.690747       42.187175    
   2     7    27.543569       5.8486962       18.249838       41.570132    
   2     8    27.768053       5.5694426       18.814699       40.982041    
   2     9    27.970210       5.2985715       19.358137       40.413634    
   2    10    28.172045       5.0328802       19.904116       39.874373    

  Program  MARK  - Survival Rate Estimation with Capture-Recapture Data
   gfortran(dble) Vers. 9.0 Mar 2018    25-Mar-2020 21:12:20    Page  014
 - - - - - - - - - - - - - - - - - - - - - - - - - - - - - - - - - - - - - -
 
   2    11    28.351107       4.7774698       20.423660       39.355594    
   2    12    28.574946       4.5198816       20.997806       38.886327    
   2    13    28.707554       4.2890101       21.454705       38.412257    
   2    14    28.908212       4.0526197       21.992262       37.999035    
   2    15    28.924762       3.8704257       22.277851       37.554873    
   2    16    29.148143       3.6495438       22.826901       37.219868    
   2    17    29.348099       3.4491198       23.328348       36.921212    
   2    18    29.571142       3.2599551       23.840328       36.679547    
   2    19    29.723309       3.1074059       24.229747       36.462415    
   2    20    28.041457       3.7756912       21.562612       36.466977    
   2    21    28.220831       3.6464294       21.929993       36.316258    
   2    22    26.447476       4.8098021       18.571089       37.664403    
   2    23    26.504556       4.7948559       18.645223       37.676755    
   2    24    26.687608       4.7093715       18.934396       37.615587    
   2    25    26.912775       4.6130865       19.280014       37.567268    
   2    26    27.137762       4.5367262       19.599824       37.574732    
   2    27    26.975607       4.7378023       19.169182       37.961107    
   2    28    27.200544       4.6947048       19.441857       38.055500    
   2    29    27.425301       4.6724007       19.686436       38.206364    
   2    30    26.746067       5.2314654       18.294654       39.101700    
   2    31    22.863378       7.7837078       11.946919       43.754717    
   2    32    23.091597       7.7194058       12.201088       43.702814    
   2    33    23.319634       7.6677475       12.444696       43.697759    

    Gross Population Estimates of { Phi(~sex)p(~sex)pent(~1)N(~sex) }
                                                95% Confidence Interval
 Grp. Occ.   N*-hat          Standard Error      Lower           Upper
 ---- ----   --------------  --------------  --------------  --------------
   1     0    23.526050       5.4038771       15.084617       36.691355    
   2     0    34.217270       4.3836144       26.646394       43.939213    

   CPU Time for the last procedure was 0.25 seconds.     

  Program  MARK  - Survival Rate Estimation with Capture-Recapture Data
   gfortran(dble) Vers. 9.0 Mar 2018    25-Mar-2020 21:12:20    Page  015
 - - - - - - - - - - - - - - - - - - - - - - - - - - - - - - - - - - - - - -
 


  INPUT --- proc stop;

     CPU Time in minutes for this job was 0.00

     Time Start = 21:12:19.922   Time End = 21:12:20.346

     Wall Clock Time in minutes for this job was 0.01


          E X E C U T I O N   S U C C E S S F U L 
