
   Program  MARK  - Survival Rate Estimation with Capture-Recapture Data
   gfortran(dble) Vers. 9.0 Mar 2018    25-Mar-2020 14:32:22    Page  001
 - - - - - - - - - - - - - - - - - - - - - - - - - - - - - - - - - - - - - -
 
   This version was compiled by GCC version 7.2.0 using the options: 
     -cpp -iprefix C:/Program Files/mingw-w64/x86_64-7.2.0-posix-seh-rt_v5-rev1/
     mingw64/bin/../lib/gcc/x86_64-w64-mingw32/7.2.0/ -D_MT -D_REENTRANT
     -U_REENTRANT -D IEEE -D DBLEPRECISION -m64 -mtune=core2 -march=nocona -mthreads
     -O2 -fimplicit-none -fbounds-check -funroll-loops -ftree-vectorize
     -ffpe-summary=invalid,zero,overflow,underflow -fno-unsafe-math-optimizations
     -frounding-math -fsignaling-nans -fopenmp.

   This problem will use 15 of 16 possible threads.


  INPUT --- proc title ;

   CPU Time for the last procedure was 0.01 seconds.     


  INPUT --- proc chmatrix occasions= 30 groups= 2 etype= POPAN Nodes= 
  INPUT --- 101 ICMeans NoHist hist= 41  ;

  INPUT ---    time interval 0.00547945205479452 0.00273972602739726 
  INPUT ---    0.00273972602739726 0.00547945205479452  
  INPUT ---    0.00821917808219178 0.00273972602739726 0.00273972602739726 
  INPUT ---    0.00547945205479452  0.00547945205479452 
  INPUT ---    0.00821917808219178 0.00273972602739726 0.0136986301369863 
  INPUT ---    0.00547945205479452  0.0273972602739726 0.00273972602739726 
  INPUT ---    0.00547945205479452 0.00273972602739726 0.010958904109589  
  INPUT ---    0.23013698630137 0.00821917808219178 0.254794520547945 
  INPUT ---    0.0246575342465753 0.00821917808219178  0.00273972602739726 
  INPUT ---    0.00273972602739726 0.0520547945205479 0.00273972602739726 
  INPUT ---    0.00273972602739726  0.117808219178082 ;

  INPUT ---    glabel(1)=sexF;

  INPUT ---    glabel(2)=sexM;

   * *  WARNING  * *   At least a pair of the encounter histories are duplicates. 

      Number of unique encounter histories read was 38.

      Number of individual covariates read was 0.
      Time interval lengths vary and/or not equal to 1.

      Data type number is 19
      Data type is POPAN                                                                                               

   CPU Time for the last procedure was 0.01 seconds.     

  Program  MARK  - Survival Rate Estimation with Capture-Recapture Data
   gfortran(dble) Vers. 9.0 Mar 2018    25-Mar-2020 14:32:22    Page  002
 - - - - - - - - - - - - - - - - - - - - - - - - - - - - - - - - - - - - - -
 


  INPUT --- proc estimate link=Parm-Specific NOLOOP varest=2ndPart    ;


  INPUT --- model={ Phi(~1)p(~sex)pent(~1)N(~sex) };

  INPUT ---    group=1 Phi    rows=1 cols=29 Square ;
  INPUT ---        1 1 1 1 1 1 1 1 1 1 1 1 1 1 1 1 1 1 1 1 1 1 1 1 1 1 1 1 1 ;

  INPUT ---    group=2 Phi    rows=1 cols=29 Square ;
  INPUT ---        1 1 1 1 1 1 1 1 1 1 1 1 1 1 1 1 1 1 1 1 1 1 1 1 1 1 1 1 1 ;

  INPUT ---    group=1 p    rows=1 cols=30 Square ;
  INPUT ---        2 2 2 2 2 2 2 2 2 2 2 2 2 2 2 2 2 2 2 2 2 2 2 2 2 2 2 2 2 
  INPUT ---       2 ;

  INPUT ---    group=2 p    rows=1 cols=30 Square ;
  INPUT ---        3 3 3 3 3 3 3 3 3 3 3 3 3 3 3 3 3 3 3 3 3 3 3 3 3 3 3 3 3 
  INPUT ---       3 ;

  INPUT ---    group=1 pent    rows=1 cols=29 Square ;
  INPUT ---        6 7 8 9 10 11 12 13 14 15 16 17 18 19 20 21 22 23 24 25 26 
  INPUT ---       27 28 29 30 31 32 33 34 ;

  INPUT ---    group=2 pent    rows=1 cols=29 Square ;
  INPUT ---        35 36 37 38 39 40 41 42 43 44 45 46 47 48 49 50 51 52 53 
  INPUT ---       54 55 56 57 58 59 60 61 62 63 ;

  INPUT ---    group=1 N    rows=1 cols=1 Square ;
  INPUT ---        4 ;

  INPUT ---    group=2 N    rows=1 cols=1 Square ;
  INPUT ---        5 ;

  INPUT ---    design matrix constraints=63 covariates=6;
  INPUT ---        1 0 0 0 0 0;
  INPUT ---        0 1 0 0 0 0;
  INPUT ---        0 1 1 0 0 0;
  INPUT ---        0 0 0 0 1 0;
  INPUT ---        0 0 0 0 1 1;
  INPUT ---        0 0 0 1 0 0;
  INPUT ---        0 0 0 1 0 0;
  INPUT ---        0 0 0 1 0 0;
  INPUT ---        0 0 0 1 0 0;
  INPUT ---        0 0 0 1 0 0;

  Program  MARK  - Survival Rate Estimation with Capture-Recapture Data
   gfortran(dble) Vers. 9.0 Mar 2018    25-Mar-2020 14:32:22    Page  003
 - - - - - - - - - - - - - - - - - - - - - - - - - - - - - - - - - - - - - -
 
  INPUT ---        0 0 0 1 0 0;
  INPUT ---        0 0 0 1 0 0;
  INPUT ---        0 0 0 1 0 0;
  INPUT ---        0 0 0 1 0 0;
  INPUT ---        0 0 0 1 0 0;
  INPUT ---        0 0 0 1 0 0;
  INPUT ---        0 0 0 1 0 0;
  INPUT ---        0 0 0 1 0 0;
  INPUT ---        0 0 0 1 0 0;
  INPUT ---        0 0 0 1 0 0;
  INPUT ---        0 0 0 1 0 0;
  INPUT ---        0 0 0 1 0 0;
  INPUT ---        0 0 0 1 0 0;
  INPUT ---        0 0 0 1 0 0;
  INPUT ---        0 0 0 1 0 0;
  INPUT ---        0 0 0 1 0 0;
  INPUT ---        0 0 0 1 0 0;
  INPUT ---        0 0 0 1 0 0;
  INPUT ---        0 0 0 1 0 0;
  INPUT ---        0 0 0 1 0 0;
  INPUT ---        0 0 0 1 0 0;
  INPUT ---        0 0 0 1 0 0;
  INPUT ---        0 0 0 1 0 0;
  INPUT ---        0 0 0 1 0 0;
  INPUT ---        0 0 0 1 0 0;
  INPUT ---        0 0 0 1 0 0;
  INPUT ---        0 0 0 1 0 0;
  INPUT ---        0 0 0 1 0 0;
  INPUT ---        0 0 0 1 0 0;
  INPUT ---        0 0 0 1 0 0;
  INPUT ---        0 0 0 1 0 0;
  INPUT ---        0 0 0 1 0 0;
  INPUT ---        0 0 0 1 0 0;
  INPUT ---        0 0 0 1 0 0;
  INPUT ---        0 0 0 1 0 0;
  INPUT ---        0 0 0 1 0 0;
  INPUT ---        0 0 0 1 0 0;
  INPUT ---        0 0 0 1 0 0;
  INPUT ---        0 0 0 1 0 0;
  INPUT ---        0 0 0 1 0 0;
  INPUT ---        0 0 0 1 0 0;
  INPUT ---        0 0 0 1 0 0;
  INPUT ---        0 0 0 1 0 0;
  INPUT ---        0 0 0 1 0 0;
  INPUT ---        0 0 0 1 0 0;
  INPUT ---        0 0 0 1 0 0;

  Program  MARK  - Survival Rate Estimation with Capture-Recapture Data
   gfortran(dble) Vers. 9.0 Mar 2018    25-Mar-2020 14:32:22    Page  004
 - - - - - - - - - - - - - - - - - - - - - - - - - - - - - - - - - - - - - -
 
  INPUT ---        0 0 0 1 0 0;
  INPUT ---        0 0 0 1 0 0;
  INPUT ---        0 0 0 1 0 0;
  INPUT ---        0 0 0 1 0 0;
  INPUT ---        0 0 0 1 0 0;
  INPUT ---        0 0 0 1 0 0;
  INPUT ---        0 0 0 1 0 0;

  INPUT ---    links=63;

  INPUT ---    Logit;

  INPUT ---    Logit;

  INPUT ---    Logit;

  INPUT ---    Log;

  INPUT ---    Log;

  INPUT ---    mlogit(1);

  INPUT ---    mlogit(1);

  INPUT ---    mlogit(1);

  INPUT ---    mlogit(1);

  INPUT ---    mlogit(1);

  INPUT ---    mlogit(1);

  INPUT ---    mlogit(1);

  INPUT ---    mlogit(1);

  INPUT ---    mlogit(1);

  INPUT ---    mlogit(1);

  INPUT ---    mlogit(1);

  INPUT ---    mlogit(1);

  INPUT ---    mlogit(1);


  Program  MARK  - Survival Rate Estimation with Capture-Recapture Data
   gfortran(dble) Vers. 9.0 Mar 2018    25-Mar-2020 14:32:22    Page  005
 - - - - - - - - - - - - - - - - - - - - - - - - - - - - - - - - - - - - - -
 
  INPUT ---    mlogit(1);

  INPUT ---    mlogit(1);

  INPUT ---    mlogit(1);

  INPUT ---    mlogit(1);

  INPUT ---    mlogit(1);

  INPUT ---    mlogit(1);

  INPUT ---    mlogit(1);

  INPUT ---    mlogit(1);

  INPUT ---    mlogit(1);

  INPUT ---    mlogit(1);

  INPUT ---    mlogit(1);

  INPUT ---    mlogit(1);

  INPUT ---    mlogit(1);

  INPUT ---    mlogit(1);

  INPUT ---    mlogit(1);

  INPUT ---    mlogit(1);

  INPUT ---    mlogit(2);

  INPUT ---    mlogit(2);

  INPUT ---    mlogit(2);

  INPUT ---    mlogit(2);

  INPUT ---    mlogit(2);

  INPUT ---    mlogit(2);

  INPUT ---    mlogit(2);


  Program  MARK  - Survival Rate Estimation with Capture-Recapture Data
   gfortran(dble) Vers. 9.0 Mar 2018    25-Mar-2020 14:32:22    Page  006
 - - - - - - - - - - - - - - - - - - - - - - - - - - - - - - - - - - - - - -
 
  INPUT ---    mlogit(2);

  INPUT ---    mlogit(2);

  INPUT ---    mlogit(2);

  INPUT ---    mlogit(2);

  INPUT ---    mlogit(2);

  INPUT ---    mlogit(2);

  INPUT ---    mlogit(2);

  INPUT ---    mlogit(2);

  INPUT ---    mlogit(2);

  INPUT ---    mlogit(2);

  INPUT ---    mlogit(2);

  INPUT ---    mlogit(2);

  INPUT ---    mlogit(2);

  INPUT ---    mlogit(2);

  INPUT ---    mlogit(2);

  INPUT ---    mlogit(2);

  INPUT ---    mlogit(2);

  INPUT ---    mlogit(2);

  INPUT ---    mlogit(2);

  INPUT ---    mlogit(2);

  INPUT ---    mlogit(2);

  INPUT ---    mlogit(2);
  INPUT ---       blabel(1)=Phi:(Intercept);
  INPUT ---       blabel(2)=p:(Intercept);
  INPUT ---       blabel(3)=p:sexM;

  Program  MARK  - Survival Rate Estimation with Capture-Recapture Data
   gfortran(dble) Vers. 9.0 Mar 2018    25-Mar-2020 14:32:22    Page  007
 - - - - - - - - - - - - - - - - - - - - - - - - - - - - - - - - - - - - - -
 
  INPUT ---       blabel(4)=pent:(Intercept);
  INPUT ---       blabel(5)=N:(Intercept);
  INPUT ---       blabel(6)=N:sexM;
  INPUT ---       rlabel(1)=Phi gF a0 t1;
  INPUT ---       rlabel(2)=p gF a0 t1;
  INPUT ---       rlabel(3)=p gM a0 t1;
  INPUT ---       rlabel(4)=N gF a0 t1;
  INPUT ---       rlabel(5)=N gM a0 t1;
  INPUT ---       rlabel(6)=pent gF a0.00547945205479452 t1.00547945205479;
  INPUT ---       rlabel(7)=pent gF a0.00821917808219178 t1.00821917808219;
  INPUT ---       rlabel(8)=pent gF a0.010958904109589 t1.01095890410959;
  INPUT ---       rlabel(9)=pent gF a0.0164383561643836 t1.01643835616438;
  INPUT ---       rlabel(10)=pent gF a0.0246575342465753 t1.02465753424658;
  INPUT ---       rlabel(11)=pent gF a0.0273972602739726 t1.02739726027397;
  INPUT ---       rlabel(12)=pent gF a0.0301369863013699 t1.03013698630137;
  INPUT ---       rlabel(13)=pent gF a0.0356164383561644 t1.03561643835616;
  INPUT ---       rlabel(14)=pent gF a0.0410958904109589 t1.04109589041096;
  INPUT ---       rlabel(15)=pent gF a0.0493150684931507 t1.04931506849315;
  INPUT ---       rlabel(16)=pent gF a0.0520547945205479 t1.05205479452055;
  INPUT ---       rlabel(17)=pent gF a0.0657534246575342 t1.06575342465753;
  INPUT ---       rlabel(18)=pent gF a0.0712328767123288 t1.07123287671233;
  INPUT ---       rlabel(19)=pent gF a0.0986301369863014 t1.0986301369863;
  INPUT ---       rlabel(20)=pent gF a0.101369863013699 t1.1013698630137;
  INPUT ---       rlabel(21)=pent gF a0.106849315068493 t1.10684931506849;
  INPUT ---       rlabel(22)=pent gF a0.10958904109589 t1.10958904109589;
  INPUT ---       rlabel(23)=pent gF a0.120547945205479 t1.12054794520548;
  INPUT ---       rlabel(24)=pent gF a0.350684931506849 t1.35068493150685;
  INPUT ---       rlabel(25)=pent gF a0.358904109589041 t1.35890410958904;
  INPUT ---       rlabel(26)=pent gF a0.613698630136986 t1.61369863013699;
  INPUT ---       rlabel(27)=pent gF a0.638356164383562 t1.63835616438356;
  INPUT ---       rlabel(28)=pent gF a0.646575342465753 t1.64657534246575;
  INPUT ---       rlabel(29)=pent gF a0.649315068493151 t1.64931506849315;
  INPUT ---       rlabel(30)=pent gF a0.652054794520548 t1.65205479452055;
  INPUT ---       rlabel(31)=pent gF a0.704109589041096 t1.7041095890411;
  INPUT ---       rlabel(32)=pent gF a0.706849315068493 t1.70684931506849;
  INPUT ---       rlabel(33)=pent gF a0.70958904109589 t1.70958904109589;
  INPUT ---       rlabel(34)=pent gF a0.827397260273973 t1.82739726027397;
  INPUT ---       rlabel(35)=pent gM a0.00547945205479452 t1.00547945205479;
  INPUT ---       rlabel(36)=pent gM a0.00821917808219178 t1.00821917808219;
  INPUT ---       rlabel(37)=pent gM a0.010958904109589 t1.01095890410959;
  INPUT ---       rlabel(38)=pent gM a0.0164383561643836 t1.01643835616438;
  INPUT ---       rlabel(39)=pent gM a0.0246575342465753 t1.02465753424658;
  INPUT ---       rlabel(40)=pent gM a0.0273972602739726 t1.02739726027397;
  INPUT ---       rlabel(41)=pent gM a0.0301369863013699 t1.03013698630137;
  INPUT ---       rlabel(42)=pent gM a0.0356164383561644 t1.03561643835616;
  INPUT ---       rlabel(43)=pent gM a0.0410958904109589 t1.04109589041096;

  Program  MARK  - Survival Rate Estimation with Capture-Recapture Data
   gfortran(dble) Vers. 9.0 Mar 2018    25-Mar-2020 14:32:22    Page  008
 - - - - - - - - - - - - - - - - - - - - - - - - - - - - - - - - - - - - - -
 
  INPUT ---       rlabel(44)=pent gM a0.0493150684931507 t1.04931506849315;
  INPUT ---       rlabel(45)=pent gM a0.0520547945205479 t1.05205479452055;
  INPUT ---       rlabel(46)=pent gM a0.0657534246575342 t1.06575342465753;
  INPUT ---       rlabel(47)=pent gM a0.0712328767123288 t1.07123287671233;
  INPUT ---       rlabel(48)=pent gM a0.0986301369863014 t1.0986301369863;
  INPUT ---       rlabel(49)=pent gM a0.101369863013699 t1.1013698630137;
  INPUT ---       rlabel(50)=pent gM a0.106849315068493 t1.10684931506849;
  INPUT ---       rlabel(51)=pent gM a0.10958904109589 t1.10958904109589;
  INPUT ---       rlabel(52)=pent gM a0.120547945205479 t1.12054794520548;
  INPUT ---       rlabel(53)=pent gM a0.350684931506849 t1.35068493150685;
  INPUT ---       rlabel(54)=pent gM a0.358904109589041 t1.35890410958904;
  INPUT ---       rlabel(55)=pent gM a0.613698630136986 t1.61369863013699;
  INPUT ---       rlabel(56)=pent gM a0.638356164383562 t1.63835616438356;
  INPUT ---       rlabel(57)=pent gM a0.646575342465753 t1.64657534246575;
  INPUT ---       rlabel(58)=pent gM a0.649315068493151 t1.64931506849315;
  INPUT ---       rlabel(59)=pent gM a0.652054794520548 t1.65205479452055;
  INPUT ---       rlabel(60)=pent gM a0.704109589041096 t1.7041095890411;
  INPUT ---       rlabel(61)=pent gM a0.706849315068493 t1.70684931506849;
  INPUT ---       rlabel(62)=pent gM a0.70958904109589 t1.70958904109589;
  INPUT ---       rlabel(63)=pent gM a0.827397260273973 t1.82739726027397;

 Link Function Used is PARM-SPECIFIC

 Variance Estimation Procedure Used is 2ndPart 

 M(t+1):
      16     29



 Group: 1

 U(t)+UL(t):
       0    2    2    0    1    0    3    1    1    0    0    0    0    0    1
       0    0    0    2    1    1    0    0    0    1    0    0    0    0    0

 U(t):
       0    2    2    0    1    0    3    1    1    0    0    0    0    0    1
       0    0    0    2    1    1    0    0    0    1    0    0    0    0    0

 UL(t):
       0    0    0    0    0    0    0    0    0    0    0    0    0    0    0
       0    0    0    0    0    0    0    0    0    0    0    0    0    0    0

 Not Released(t):
       0    0    0    0    0    0    0    0    0    0    0    0    0    0    0
       0    0    0    0    0    0    0    0    0    0    0    0    0    0    0

 Group: 2

 U(t)+UL(t):
       3    0    1    1    1    1    1    0    1    1    2    1    3    3    1
       1    0    2    3    1    0    0    1    0    0    0    0    0    0    1

 U(t):
       3    0    1    1    1    1    1    0    1    1    2    1    3    3    1
       1    0    2    3    1    0    0    1    0    0    0    0    0    0    1

 UL(t):
       0    0    0    0    0    0    0    0    0    0    0    0    0    0    0
       0    0    0    0    0    0    0    0    0    0    0    0    0    0    0

 Not Released(t):
       0    0    0    0    0    0    0    0    0    0    0    0    0    0    0
       0    0    0    0    0    0    0    0    0    0    0    0    0    0    0
 -2logL(saturated) = 272.93564     
 Effective Sample Size = 98

 Number of function evaluations was 28 for 6 parameters.
 Time for numerical optimization was 0.02 seconds.     
 -2logL { Phi(~1)p(~sex)pent(~1)N(~sex) } = 514.66560     
 Penalty { Phi(~1)p(~sex)pent(~1)N(~sex) } = 0.0000000     
 Gradient { Phi(~1)p(~sex)pent(~1)N(~sex) }:
   0.000000     -0.8114180E-05 -0.2817409E-04 -0.4339063E-05   0.000000    
   0.000000    
 Maximum ABS(G) { Phi(~1)p(~sex)pent(~1)N(~sex) } = 0.2817409E-04 
 S Vector { Phi(~1)p(~sex)pent(~1)N(~sex) }:
   118.7261      12.05556      8.626435      1.874755     0.9616784    
  0.4452573    
 Time to compute number of parameters was 0.01 seconds.     
 Ratio Threshold = 50.000000       Max Gap (1/2) = 9.8482504       Next Max Gap (1/2) = 9.8482504     
 Gap Method for Num. of Estimated Parameters { Phi(~1)p(~sex)pent(~1)N(~sex) } = 6          
 Threshold { Phi(~1)p(~sex)pent(~1)N(~sex) } = 0.5634817E-04                 
 Numerical Threshold Method for Num. of Estimated Parameters { Phi(~1)p(~sex)pent(~1)N(~sex) } = 6          
 Number of Estimated Parameters { Phi(~1)p(~sex)pent(~1)N(~sex) } = 6          
 DEVIANCE { Phi(~1)p(~sex)pent(~1)N(~sex) } = 241.72995                     
 DEVIANCE Degrees of Freedom { Phi(~1)p(~sex)pent(~1)N(~sex) } = 35            
 c-hat { Phi(~1)p(~sex)pent(~1)N(~sex) } = 6.9065701                     
 AIC { Phi(~1)p(~sex)pent(~1)N(~sex) } = 526.66560                  
 AICc { Phi(~1)p(~sex)pent(~1)N(~sex) } = 527.58867                    
 BIC { Phi(~1)p(~sex)pent(~1)N(~sex) } = 542.17540                    
 Pearson Chisquare { Phi(~1)p(~sex)pent(~1)N(~sex) } = 196094.99                  
 Possible Encounter Histories { Phi(~1)p(~sex)pent(~1)N(~sex) } = 2147483646             
 Pearson Chisquare df { Phi(~1)p(~sex)pent(~1)N(~sex) } = 2147483638        
 Pearson chat { Phi(~1)p(~sex)pent(~1)N(~sex) } = 0.9131385E-04              
 Sum(Observed/Expected) { Phi(~1)p(~sex)pent(~1)N(~sex) } = 195879.78                  
 Fletcher chat { Phi(~1)p(~sex)pent(~1)N(~sex) } = 1.0010987                  

  Program  MARK  - Survival Rate Estimation with Capture-Recapture Data
   gfortran(dble) Vers. 9.0 Mar 2018    25-Mar-2020 14:32:22    Page  009
 - - - - - - - - - - - - - - - - - - - - - - - - - - - - - - - - - - - - - -
 


              PARM-SPECIFIC Link Function Parameters of { Phi(~1)p(~sex)pent(~1)N(~sex) }
                                                              95% Confidence Interval
 Parameter                    Beta         Standard Error      Lower           Upper
 -------------------------  --------------  --------------  --------------  --------------
    1:Phi:(Intercept)        0.3823807       1.0088623      -1.5949894       2.3597508    
    2:p:(Intercept)         -2.7610182       0.2927578      -3.3348234      -2.1872130    
    3:p:sexM                 0.3539738       0.3134612      -0.2604102       0.9683578    
    4:pent:(Intercept)      -4.2749134       1.2660555      -6.7563822      -1.7934445    
    5:N:(Intercept)          1.8362477       0.7339939       0.3976197       3.2748758    
    6:N:sexM                 0.0927196       0.8264545      -1.5271313       1.7125705    


              Real Function Parameters of { Phi(~1)p(~sex)pent(~1)N(~sex) }
                                                               95% Confidence Interval
  Parameter                  Estimate       Standard Error      Lower           Upper
 --------------------------  --------------  --------------  --------------  --------------
     1:Phi gF a0 t1           0.5944472       0.2432162       0.1686831       0.9137062                          
     2:p gF a0 t1             0.0594674       0.0163742       0.0343957       0.1009047                          
     3:p gM a0 t1             0.0826371       0.0154142       0.0570236       0.1183119                          
     4:N gF a0 t1             22.272956       4.6043115       17.732461       38.713336                          
     5:N gM a0 t1             35.882400       4.7174646       31.039269       52.227651                          
     6:pent gF a0.005479452   0.0099134       0.0089427       0.0016760       0.0563524                          
     7:pent gF a0.008219178   0.0099134       0.0089427       0.0016760       0.0563524                          
     8:pent gF a0.010958904   0.0099134       0.0089427       0.0016760       0.0563524                          
     9:pent gF a0.016438356   0.0099134       0.0089427       0.0016760       0.0563524                          
    10:pent gF a0.024657534   0.0099134       0.0089427       0.0016760       0.0563524                          
    11:pent gF a0.027397260   0.0099134       0.0089427       0.0016760       0.0563524                          
    12:pent gF a0.030136986   0.0099134       0.0089427       0.0016760       0.0563524                          
    13:pent gF a0.035616438   0.0099134       0.0089427       0.0016760       0.0563524                          
    14:pent gF a0.041095890   0.0099134       0.0089427       0.0016760       0.0563524                          
    15:pent gF a0.049315068   0.0099134       0.0089427       0.0016760       0.0563524                          
    16:pent gF a0.052054794   0.0099134       0.0089427       0.0016760       0.0563524                          
    17:pent gF a0.065753424   0.0099134       0.0089427       0.0016760       0.0563524                          
    18:pent gF a0.071232876   0.0099134       0.0089427       0.0016760       0.0563524                          
    19:pent gF a0.098630136   0.0099134       0.0089427       0.0016760       0.0563524                          
    20:pent gF a0.101369863   0.0099134       0.0089427       0.0016760       0.0563524                          
    21:pent gF a0.106849315   0.0099134       0.0089427       0.0016760       0.0563524                          
    22:pent gF a0.109589041   0.0099134       0.0089427       0.0016760       0.0563524                          
    23:pent gF a0.120547945   0.0099134       0.0089427       0.0016760       0.0563524                          
    24:pent gF a0.350684931   0.0099134       0.0089427       0.0016760       0.0563524                          
    25:pent gF a0.358904109   0.0099134       0.0089427       0.0016760       0.0563524                          
    26:pent gF a0.613698630   0.0099134       0.0089427       0.0016760       0.0563524                          
    27:pent gF a0.638356164   0.0099134       0.0089427       0.0016760       0.0563524                          
    28:pent gF a0.646575342   0.0099134       0.0089427       0.0016760       0.0563524                          

  Program  MARK  - Survival Rate Estimation with Capture-Recapture Data
   gfortran(dble) Vers. 9.0 Mar 2018    25-Mar-2020 14:32:22    Page  010
 - - - - - - - - - - - - - - - - - - - - - - - - - - - - - - - - - - - - - -
 
    29:pent gF a0.649315068   0.0099134       0.0089427       0.0016760       0.0563524                          
    30:pent gF a0.652054794   0.0099134       0.0089427       0.0016760       0.0563524                          
    31:pent gF a0.704109589   0.0099134       0.0089427       0.0016760       0.0563524                          
    32:pent gF a0.706849315   0.0099134       0.0089427       0.0016760       0.0563524                          
    33:pent gF a0.709589041   0.0099134       0.0089427       0.0016760       0.0563524                          
    34:pent gF a0.827397260   0.0099134       0.0089427       0.0016760       0.0563524                          
    35:pent gM a0.005479452   0.0099134       0.0089427       0.0016760       0.0563524                          
    36:pent gM a0.008219178   0.0099134       0.0089427       0.0016760       0.0563524                          
    37:pent gM a0.010958904   0.0099134       0.0089427       0.0016760       0.0563524                          
    38:pent gM a0.016438356   0.0099134       0.0089427       0.0016760       0.0563524                          
    39:pent gM a0.024657534   0.0099134       0.0089427       0.0016760       0.0563524                          
    40:pent gM a0.027397260   0.0099134       0.0089427       0.0016760       0.0563524                          
    41:pent gM a0.030136986   0.0099134       0.0089427       0.0016760       0.0563524                          
    42:pent gM a0.035616438   0.0099134       0.0089427       0.0016760       0.0563524                          
    43:pent gM a0.041095890   0.0099134       0.0089427       0.0016760       0.0563524                          
    44:pent gM a0.049315068   0.0099134       0.0089427       0.0016760       0.0563524                          
    45:pent gM a0.052054794   0.0099134       0.0089427       0.0016760       0.0563524                          
    46:pent gM a0.065753424   0.0099134       0.0089427       0.0016760       0.0563524                          
    47:pent gM a0.071232876   0.0099134       0.0089427       0.0016760       0.0563524                          
    48:pent gM a0.098630136   0.0099134       0.0089427       0.0016760       0.0563524                          
    49:pent gM a0.101369863   0.0099134       0.0089427       0.0016760       0.0563524                          
    50:pent gM a0.106849315   0.0099134       0.0089427       0.0016760       0.0563524                          
    51:pent gM a0.109589041   0.0099134       0.0089427       0.0016760       0.0563524                          
    52:pent gM a0.120547945   0.0099134       0.0089427       0.0016760       0.0563524                          
    53:pent gM a0.350684931   0.0099134       0.0089427       0.0016760       0.0563524                          
    54:pent gM a0.358904109   0.0099134       0.0089427       0.0016760       0.0563524                          
    55:pent gM a0.613698630   0.0099134       0.0089427       0.0016760       0.0563524                          
    56:pent gM a0.638356164   0.0099134       0.0089427       0.0016760       0.0563524                          
    57:pent gM a0.646575342   0.0099134       0.0089427       0.0016760       0.0563524                          
    58:pent gM a0.649315068   0.0099134       0.0089427       0.0016760       0.0563524                          
    59:pent gM a0.652054794   0.0099134       0.0089427       0.0016760       0.0563524                          
    60:pent gM a0.704109589   0.0099134       0.0089427       0.0016760       0.0563524                          
    61:pent gM a0.706849315   0.0099134       0.0089427       0.0016760       0.0563524                          
    62:pent gM a0.709589041   0.0099134       0.0089427       0.0016760       0.0563524                          
    63:pent gM a0.827397260   0.0099134       0.0089427       0.0016760       0.0563524                          


                      Estimates of Derived Parameters
  Gross Birth+Immigration Estimates of { Phi(~1)p(~sex)pent(~1)N(~sex) }
                                                95% Confidence Interval
 Grp. Occ.   B*-hat          Standard Error      Lower           Upper
 ---- ----   --------------  --------------  --------------  --------------
   1     1    0.2211148       0.2253267       0.0422923       1.1560426    
   1     2    0.2209573       0.2250967       0.0422777       1.1547972    
   1     3    0.2209573       0.2250967       0.0422777       1.1547972    

  Program  MARK  - Survival Rate Estimation with Capture-Recapture Data
   gfortran(dble) Vers. 9.0 Mar 2018    25-Mar-2020 14:32:22    Page  011
 - - - - - - - - - - - - - - - - - - - - - - - - - - - - - - - - - - - - - -
 
   1     4    0.2211148       0.2253267       0.0422923       1.1560426    
   1     5    0.2212723       0.2255569       0.0423070       1.1572891    
   1     6    0.2209573       0.2250967       0.0422777       1.1547972    
   1     7    0.2209573       0.2250967       0.0422777       1.1547972    
   1     8    0.2211148       0.2253267       0.0422923       1.1560426    
   1     9    0.2211148       0.2253267       0.0422923       1.1560426    
   1    10    0.2212723       0.2255569       0.0423070       1.1572891    
   1    11    0.2209573       0.2250967       0.0422777       1.1547972    
   1    12    0.2215875       0.2260179       0.0423363       1.1597856    
   1    13    0.2211148       0.2253267       0.0422923       1.1560426    
   1    14    0.2223769       0.2271736       0.0424095       1.1660467    
   1    15    0.2209573       0.2250967       0.0422777       1.1547972    
   1    16    0.2211148       0.2253267       0.0422923       1.1560426    
   1    17    0.2209573       0.2250967       0.0422777       1.1547972    
   1    18    0.2214298       0.2257873       0.0423216       1.1585368    
   1    19    0.2342784       0.2448285       0.0434907       1.2620262    
   1    20    0.2212723       0.2255569       0.0423070       1.1572891    
   1    21    0.2357537       0.2470459       0.0436220       1.2741234    
   1    22    0.2222189       0.2269421       0.0423949       1.1647922    
   1    23    0.2212723       0.2255569       0.0423070       1.1572891    
   1    24    0.2209573       0.2250967       0.0422777       1.1547972    
   1    25    0.2209573       0.2250967       0.0422777       1.1547972    
   1    26    0.2238025       0.2292657       0.0425413       1.1773880    
   1    27    0.2209573       0.2250967       0.0422777       1.1547972    
   1    28    0.2209573       0.2250967       0.0422777       1.1547972    
   1    29    0.2276338       0.2349194       0.0428921       1.2080806    
   2     1    0.3562225       0.3536999       0.0702532       1.8062455    
   2     2    0.3559689       0.3533333       0.0702299       1.8042709    
   2     3    0.3559689       0.3533333       0.0702299       1.8042709    
   2     4    0.3562225       0.3536999       0.0702532       1.8062455    
   2     5    0.3564762       0.3540668       0.0702764       1.8082219    
   2     6    0.3559689       0.3533333       0.0702299       1.8042709    
   2     7    0.3559689       0.3533333       0.0702299       1.8042709    
   2     8    0.3562225       0.3536999       0.0702532       1.8062455    
   2     9    0.3562225       0.3536999       0.0702532       1.8062455    
   2    10    0.3564762       0.3540668       0.0702764       1.8082219    
   2    11    0.3559689       0.3533333       0.0702299       1.8042709    
   2    12    0.3569841       0.3548016       0.0703228       1.8121802    
   2    13    0.3562225       0.3536999       0.0702532       1.8062455    
   2    14    0.3582558       0.3566438       0.0704389       1.8221077    
   2    15    0.3559689       0.3533333       0.0702299       1.8042709    
   2    16    0.3562225       0.3536999       0.0702532       1.8062455    
   2    17    0.3559689       0.3533333       0.0702299       1.8042709    
   2    18    0.3567301       0.3544341       0.0702996       1.8102001    
   2    19    0.3774295       0.3847939       0.0721516       1.9743559    
   2    20    0.3564762       0.3540668       0.0702764       1.8082219    

  Program  MARK  - Survival Rate Estimation with Capture-Recapture Data
   gfortran(dble) Vers. 9.0 Mar 2018    25-Mar-2020 14:32:22    Page  012
 - - - - - - - - - - - - - - - - - - - - - - - - - - - - - - - - - - - - - -
 
   2    21    0.3798063       0.3883304       0.0723597       1.9935529    
   2    22    0.3580012       0.3562747       0.0704157       1.8201186    
   2    23    0.3564762       0.3540668       0.0702764       1.8082219    
   2    24    0.3559689       0.3533333       0.0702299       1.8042709    
   2    25    0.3559689       0.3533333       0.0702299       1.8042709    
   2    26    0.3605526       0.3599789       0.0706476       1.8400918    
   2    27    0.3559689       0.3533333       0.0702299       1.8042709    
   2    28    0.3559689       0.3533333       0.0702299       1.8042709    
   2    29    0.3667248       0.3689925       0.0712035       1.8887702    

   Net Birth+Immigration Estimates of { Phi(~1)p(~sex)pent(~1)N(~sex) }
                                                95% Confidence Interval
 Grp. Occ.   B-hat           Standard Error      Lower           Upper
 ---- ----   --------------  --------------  --------------  --------------
   1     1    0.2208000       0.2248669       0.0422630       1.1535529    
   1     2    0.2208000       0.2248669       0.0422630       1.1535529    
   1     3    0.2208000       0.2248669       0.0422630       1.1535529    
   1     4    0.2208000       0.2248669       0.0422630       1.1535529    
   1     5    0.2208000       0.2248669       0.0422630       1.1535529    
   1     6    0.2208000       0.2248669       0.0422630       1.1535529    
   1     7    0.2208000       0.2248669       0.0422630       1.1535529    
   1     8    0.2208000       0.2248669       0.0422630       1.1535529    
   1     9    0.2208000       0.2248669       0.0422630       1.1535529    
   1    10    0.2208000       0.2248669       0.0422630       1.1535529    
   1    11    0.2208000       0.2248669       0.0422630       1.1535529    
   1    12    0.2208000       0.2248669       0.0422630       1.1535529    
   1    13    0.2208000       0.2248669       0.0422630       1.1535529    
   1    14    0.2208000       0.2248669       0.0422630       1.1535529    
   1    15    0.2208000       0.2248669       0.0422630       1.1535529    
   1    16    0.2208000       0.2248669       0.0422630       1.1535529    
   1    17    0.2208000       0.2248669       0.0422630       1.1535529    
   1    18    0.2208000       0.2248669       0.0422630       1.1535529    
   1    19    0.2208000       0.2248669       0.0422630       1.1535529    
   1    20    0.2208000       0.2248669       0.0422630       1.1535529    
   1    21    0.2208000       0.2248669       0.0422630       1.1535529    
   1    22    0.2208000       0.2248669       0.0422630       1.1535529    
   1    23    0.2208000       0.2248669       0.0422630       1.1535529    
   1    24    0.2208000       0.2248669       0.0422630       1.1535529    
   1    25    0.2208000       0.2248669       0.0422630       1.1535529    
   1    26    0.2208000       0.2248669       0.0422630       1.1535529    
   1    27    0.2208000       0.2248669       0.0422630       1.1535529    
   1    28    0.2208000       0.2248669       0.0422630       1.1535529    
   1    29    0.2208000       0.2248669       0.0422630       1.1535529    
   2     1    0.3557154       0.3529670       0.0702067       1.8022981    
   2     2    0.3557154       0.3529670       0.0702067       1.8022981    
   2     3    0.3557154       0.3529670       0.0702067       1.8022981    
   2     4    0.3557154       0.3529670       0.0702067       1.8022981    
   2     5    0.3557154       0.3529670       0.0702067       1.8022981    
   2     6    0.3557154       0.3529670       0.0702067       1.8022981    
   2     7    0.3557154       0.3529670       0.0702067       1.8022981    
   2     8    0.3557154       0.3529670       0.0702067       1.8022981    
   2     9    0.3557154       0.3529670       0.0702067       1.8022981    
   2    10    0.3557154       0.3529670       0.0702067       1.8022981    
   2    11    0.3557154       0.3529670       0.0702067       1.8022981    
   2    12    0.3557154       0.3529670       0.0702067       1.8022981    
   2    13    0.3557154       0.3529670       0.0702067       1.8022981    
   2    14    0.3557154       0.3529670       0.0702067       1.8022981    
   2    15    0.3557154       0.3529670       0.0702067       1.8022981    
   2    16    0.3557154       0.3529670       0.0702067       1.8022981    
   2    17    0.3557154       0.3529670       0.0702067       1.8022981    
   2    18    0.3557154       0.3529670       0.0702067       1.8022981    
   2    19    0.3557154       0.3529670       0.0702067       1.8022981    
   2    20    0.3557154       0.3529670       0.0702067       1.8022981    
   2    21    0.3557154       0.3529670       0.0702067       1.8022981    
   2    22    0.3557154       0.3529670       0.0702067       1.8022981    
   2    23    0.3557154       0.3529670       0.0702067       1.8022981    
   2    24    0.3557154       0.3529670       0.0702067       1.8022981    
   2    25    0.3557154       0.3529670       0.0702067       1.8022981    
   2    26    0.3557154       0.3529670       0.0702067       1.8022981    
   2    27    0.3557154       0.3529670       0.0702067       1.8022981    
   2    28    0.3557154       0.3529670       0.0702067       1.8022981    
   2    29    0.3557154       0.3529670       0.0702067       1.8022981    

        Population Estimates of { Phi(~1)p(~sex)pent(~1)N(~sex) }
                                                95% Confidence Interval
 Grp. Occ.   N-hat           Standard Error      Lower           Upper
 ---- ----   --------------  --------------  --------------  --------------
   1     1    15.869757       5.0759444       8.6081639       29.257017    
   1     2    16.045393       4.9190134       8.9172650       28.871480    
   1     3    16.243345       4.7669753       9.2471544       28.532696    
   1     4    16.441014       4.6207211       9.5769569       28.224723    
   1     5    16.615024       4.4813890       9.8839407       27.930057    
   1     6    16.764947       4.3495253       10.165940       27.647560    
   1     7    16.961874       4.2230175       10.488747       27.429889    
   1     8    17.158520       4.1044943       10.806520       27.244185    
   1     9    17.330488       3.9953238       11.094517       27.071555    
   1    10    17.501967       3.8950204       11.374576       26.930134    
   1    11    17.648106       3.8047907       11.621518       26.799911    
   1    12    17.843775       3.7231081       11.906080       26.742665    
   1    13    17.937891       3.6539111       12.082018       26.631968    
   1    14    18.107640       3.5934464       12.318762       26.616849    
   1    15    18.072237       3.5472979       12.345476       26.455501    
   1    16    18.267303       3.5061734       12.582579       26.520345    
   1    17    18.436115       3.4779001       12.778868       26.597843    
   1    18    18.630662       3.4623050       12.983139       26.734796    
   1    19    18.745570       3.4571305       13.098594       26.827031    
   1    20    16.851623       3.6673514       11.054360       25.689160    
   1    21    17.000537       3.6512002       11.212540       25.776340    
   1    22    15.111254       4.1828098       8.8719229       25.738500    
   1    23    15.139490       4.1924280       8.8865383       25.792288    
   1    24    15.295707       4.1713136       9.0486415       25.855665    
   1    25    15.494726       4.1479872       9.2521311       25.949323    
   1    26    15.693462       4.1360312       9.4435432       26.079697    
   1    27    15.495063       4.2388234       9.1521477       26.233949    
   1    28    15.693798       4.2409089       9.3270858       26.406459    
   1    29    15.892251       4.2540518       9.4898922       26.613962    
   1    30    15.168490       4.4934029       8.5914719       26.780405    
   2     1    25.566654       7.5755514       14.479067       45.144746    
   2     2    25.849609       7.2636587       15.058939       44.372467    
   2     3    26.168515       6.9528277       15.684155       43.661337    
   2     4    26.486966       6.6461188       16.319108       42.990057    
   2     5    26.767302       6.3479264       16.923551       42.336767    
   2     6    27.008831       6.0596338       17.493178       41.700655    
   2     7    27.326087       5.7678379       18.149370       41.142751    

  Program  MARK  - Survival Rate Estimation with Capture-Recapture Data
   gfortran(dble) Vers. 9.0 Mar 2018    25-Mar-2020 14:32:22    Page  013
 - - - - - - - - - - - - - - - - - - - - - - - - - - - - - - - - - - - - - -
 
   2     8    27.642890       5.4826385       18.809642       40.624346    
   2     9    27.919936       5.2104625       19.427484       40.124744    
   2    10    28.196193       4.9468972       20.043734       39.664529    
   2    11    28.431627       4.6993042       20.608943       39.223623    
   2    12    28.746856       4.4500426       21.261818       38.866938    
   2    13    28.898479       4.2402262       21.709099       38.468759    
   2    14    29.171951       4.0238785       22.289705       38.179184    
   2    15    29.114915       3.8851382       22.440300       37.774820    
   2    16    29.429172       3.6917825       23.036288       37.596168    
   2    17    29.701133       3.5284453       23.550705       37.457788    
   2    18    30.014555       3.3819588       24.083600       37.406097    
   2    19    30.199674       3.2835131       24.418779       37.349138    
   2    20    27.148470       4.2933593       19.950839       36.942778    
   2    21    27.388374       4.1887533       20.329824       36.897664    
   2    22    24.344682       5.6419423       15.549155       38.115483    
   2    23    24.390172       5.6344962       15.599881       38.133654    
   2    24    24.641842       5.5452859       15.939694       38.094858    
   2    25    24.962468       5.4419466       16.363177       38.080917    
   2    26    25.282637       5.3586855       16.764253       38.129448    
   2    27    24.963011       5.5792748       16.194299       38.479708    
   2    28    25.283179       5.5250980       16.556994       38.608406    
   2    29    25.602892       5.4916840       16.894943       38.799068    
   2    30    24.436892       6.0767803       15.119551       39.495995    

     Gross Population Estimates of { Phi(~1)p(~sex)pent(~1)N(~sex) }
                                                95% Confidence Interval
 Grp. Occ.   N*-hat          Standard Error      Lower           Upper
 ---- ----   --------------  --------------  --------------  --------------
   1     0    22.321147       4.6481594       14.905161       33.426918    
   2     0    35.960036       4.8045836       27.707196       46.671060    

   CPU Time for the last procedure was 0.03 seconds.     

  Program  MARK  - Survival Rate Estimation with Capture-Recapture Data
   gfortran(dble) Vers. 9.0 Mar 2018    25-Mar-2020 14:32:22    Page  014
 - - - - - - - - - - - - - - - - - - - - - - - - - - - - - - - - - - - - - -
 


  INPUT --- proc stop;

     CPU Time in minutes for this job was 0.00

     Time Start = 14:32:22.625   Time End = 14:32:22.958

     Wall Clock Time in minutes for this job was 0.01


          E X E C U T I O N   S U C C E S S F U L 
