
   Program  MARK  - Survival Rate Estimation with Capture-Recapture Data
   gfortran(dble) Vers. 9.0 Mar 2018    25-Mar-2020 14:19:42    Page  001
 - - - - - - - - - - - - - - - - - - - - - - - - - - - - - - - - - - - - - -
 
   This version was compiled by GCC version 7.2.0 using the options: 
     -cpp -iprefix C:/Program Files/mingw-w64/x86_64-7.2.0-posix-seh-rt_v5-rev1/
     mingw64/bin/../lib/gcc/x86_64-w64-mingw32/7.2.0/ -D_MT -D_REENTRANT
     -U_REENTRANT -D IEEE -D DBLEPRECISION -m64 -mtune=core2 -march=nocona -mthreads
     -O2 -fimplicit-none -fbounds-check -funroll-loops -ftree-vectorize
     -ffpe-summary=invalid,zero,overflow,underflow -fno-unsafe-math-optimizations
     -frounding-math -fsignaling-nans -fopenmp.

   This problem will use 15 of 16 possible threads.


  INPUT --- proc title ;

   CPU Time for the last procedure was 0.01 seconds.     


  INPUT --- proc chmatrix occasions= 33 groups= 2 etype= POPAN Nodes= 
  INPUT --- 101 ICMeans NoHist hist= 41  ;

  INPUT ---    time interval 0.00547945205479452 0.00273972602739726 
  INPUT ---    0.00273972602739726 0.00547945205479452  
  INPUT ---    0.00821917808219178 0.00273972602739726 0.00273972602739726 
  INPUT ---    0.00547945205479452  0.00547945205479452 
  INPUT ---    0.00821917808219178 0.00273972602739726 0.0136986301369863 
  INPUT ---    0.00547945205479452  0.0273972602739726 0.00273972602739726 
  INPUT ---    0.00547945205479452 0.00273972602739726 0.010958904109589  
  INPUT ---    0.23013698630137 0.00821917808219178 0.254794520547945 
  INPUT ---    0.0246575342465753 0.00821917808219178  0.00273972602739726 
  INPUT ---    0.00273972602739726 0.0520547945205479 0.00273972602739726 
  INPUT ---    0.00273972602739726  0.117808219178082 0.575342465753425 
  INPUT ---    0.00273972602739726 0.00273972602739726 ;

  INPUT ---    glabel(1)=sexF;

  INPUT ---    glabel(2)=sexM;

   * *  WARNING  * *   At least a pair of the encounter histories are duplicates. 

      Number of unique encounter histories read was 38.

      Number of individual covariates read was 0.
      Time interval lengths vary and/or not equal to 1.

      Data type number is 19
      Data type is POPAN                                                                                               

   CPU Time for the last procedure was 0.01 seconds.     

  Program  MARK  - Survival Rate Estimation with Capture-Recapture Data
   gfortran(dble) Vers. 9.0 Mar 2018    25-Mar-2020 14:19:42    Page  002
 - - - - - - - - - - - - - - - - - - - - - - - - - - - - - - - - - - - - - -
 


  INPUT --- proc estimate link=Parm-Specific NOLOOP varest=2ndPart    ;


  INPUT --- model={ Phi(~sex)p(~sex)pent(~1)N(~1) };

  INPUT ---    group=1 Phi    rows=1 cols=32 Square ;
  INPUT ---        1 1 1 1 1 1 1 1 1 1 1 1 1 1 1 1 1 1 1 1 1 1 1 1 1 1 1 1 1 
  INPUT ---       1 1 1 ;

  INPUT ---    group=2 Phi    rows=1 cols=32 Square ;
  INPUT ---        2 2 2 2 2 2 2 2 2 2 2 2 2 2 2 2 2 2 2 2 2 2 2 2 2 2 2 2 2 
  INPUT ---       2 2 2 ;

  INPUT ---    group=1 p    rows=1 cols=33 Square ;
  INPUT ---        3 3 3 3 3 3 3 3 3 3 3 3 3 3 3 3 3 3 3 3 3 3 3 3 3 3 3 3 3 
  INPUT ---       3 3 3 3 ;

  INPUT ---    group=2 p    rows=1 cols=33 Square ;
  INPUT ---        4 4 4 4 4 4 4 4 4 4 4 4 4 4 4 4 4 4 4 4 4 4 4 4 4 4 4 4 4 
  INPUT ---       4 4 4 4 ;

  INPUT ---    group=1 pent    rows=1 cols=32 Square ;
  INPUT ---        6 7 8 9 10 11 12 13 14 15 16 17 18 19 20 21 22 23 24 25 26 
  INPUT ---       27 28 29 30 31 32 33 34 35 36 37 ;

  INPUT ---    group=2 pent    rows=1 cols=32 Square ;
  INPUT ---        38 39 40 41 42 43 44 45 46 47 48 49 50 51 52 53 54 55 56 
  INPUT ---       57 58 59 60 61 62 63 64 65 66 67 68 69 ;

  INPUT ---    group=1 N    rows=1 cols=1 Square ;
  INPUT ---        5 ;

  INPUT ---    group=2 N    rows=1 cols=1 Square ;
  INPUT ---        5 ;

  INPUT ---    design matrix constraints=69 covariates=6;
  INPUT ---        1 0 0 0 0 0;
  INPUT ---        1 1 0 0 0 0;
  INPUT ---        0 0 1 0 0 0;
  INPUT ---        0 0 1 1 0 0;
  INPUT ---        0 0 0 0 0 1;
  INPUT ---        0 0 0 0 1 0;
  INPUT ---        0 0 0 0 1 0;
  INPUT ---        0 0 0 0 1 0;

  Program  MARK  - Survival Rate Estimation with Capture-Recapture Data
   gfortran(dble) Vers. 9.0 Mar 2018    25-Mar-2020 14:19:42    Page  003
 - - - - - - - - - - - - - - - - - - - - - - - - - - - - - - - - - - - - - -
 
  INPUT ---        0 0 0 0 1 0;
  INPUT ---        0 0 0 0 1 0;
  INPUT ---        0 0 0 0 1 0;
  INPUT ---        0 0 0 0 1 0;
  INPUT ---        0 0 0 0 1 0;
  INPUT ---        0 0 0 0 1 0;
  INPUT ---        0 0 0 0 1 0;
  INPUT ---        0 0 0 0 1 0;
  INPUT ---        0 0 0 0 1 0;
  INPUT ---        0 0 0 0 1 0;
  INPUT ---        0 0 0 0 1 0;
  INPUT ---        0 0 0 0 1 0;
  INPUT ---        0 0 0 0 1 0;
  INPUT ---        0 0 0 0 1 0;
  INPUT ---        0 0 0 0 1 0;
  INPUT ---        0 0 0 0 1 0;
  INPUT ---        0 0 0 0 1 0;
  INPUT ---        0 0 0 0 1 0;
  INPUT ---        0 0 0 0 1 0;
  INPUT ---        0 0 0 0 1 0;
  INPUT ---        0 0 0 0 1 0;
  INPUT ---        0 0 0 0 1 0;
  INPUT ---        0 0 0 0 1 0;
  INPUT ---        0 0 0 0 1 0;
  INPUT ---        0 0 0 0 1 0;
  INPUT ---        0 0 0 0 1 0;
  INPUT ---        0 0 0 0 1 0;
  INPUT ---        0 0 0 0 1 0;
  INPUT ---        0 0 0 0 1 0;
  INPUT ---        0 0 0 0 1 0;
  INPUT ---        0 0 0 0 1 0;
  INPUT ---        0 0 0 0 1 0;
  INPUT ---        0 0 0 0 1 0;
  INPUT ---        0 0 0 0 1 0;
  INPUT ---        0 0 0 0 1 0;
  INPUT ---        0 0 0 0 1 0;
  INPUT ---        0 0 0 0 1 0;
  INPUT ---        0 0 0 0 1 0;
  INPUT ---        0 0 0 0 1 0;
  INPUT ---        0 0 0 0 1 0;
  INPUT ---        0 0 0 0 1 0;
  INPUT ---        0 0 0 0 1 0;
  INPUT ---        0 0 0 0 1 0;
  INPUT ---        0 0 0 0 1 0;
  INPUT ---        0 0 0 0 1 0;
  INPUT ---        0 0 0 0 1 0;

  Program  MARK  - Survival Rate Estimation with Capture-Recapture Data
   gfortran(dble) Vers. 9.0 Mar 2018    25-Mar-2020 14:19:42    Page  004
 - - - - - - - - - - - - - - - - - - - - - - - - - - - - - - - - - - - - - -
 
  INPUT ---        0 0 0 0 1 0;
  INPUT ---        0 0 0 0 1 0;
  INPUT ---        0 0 0 0 1 0;
  INPUT ---        0 0 0 0 1 0;
  INPUT ---        0 0 0 0 1 0;
  INPUT ---        0 0 0 0 1 0;
  INPUT ---        0 0 0 0 1 0;
  INPUT ---        0 0 0 0 1 0;
  INPUT ---        0 0 0 0 1 0;
  INPUT ---        0 0 0 0 1 0;
  INPUT ---        0 0 0 0 1 0;
  INPUT ---        0 0 0 0 1 0;
  INPUT ---        0 0 0 0 1 0;
  INPUT ---        0 0 0 0 1 0;
  INPUT ---        0 0 0 0 1 0;

  INPUT ---    links=69;

  INPUT ---    Logit;

  INPUT ---    Logit;

  INPUT ---    Logit;

  INPUT ---    Logit;

  INPUT ---    Log;

  INPUT ---    mlogit(1);

  INPUT ---    mlogit(1);

  INPUT ---    mlogit(1);

  INPUT ---    mlogit(1);

  INPUT ---    mlogit(1);

  INPUT ---    mlogit(1);

  INPUT ---    mlogit(1);

  INPUT ---    mlogit(1);

  INPUT ---    mlogit(1);


  Program  MARK  - Survival Rate Estimation with Capture-Recapture Data
   gfortran(dble) Vers. 9.0 Mar 2018    25-Mar-2020 14:19:42    Page  005
 - - - - - - - - - - - - - - - - - - - - - - - - - - - - - - - - - - - - - -
 
  INPUT ---    mlogit(1);

  INPUT ---    mlogit(1);

  INPUT ---    mlogit(1);

  INPUT ---    mlogit(1);

  INPUT ---    mlogit(1);

  INPUT ---    mlogit(1);

  INPUT ---    mlogit(1);

  INPUT ---    mlogit(1);

  INPUT ---    mlogit(1);

  INPUT ---    mlogit(1);

  INPUT ---    mlogit(1);

  INPUT ---    mlogit(1);

  INPUT ---    mlogit(1);

  INPUT ---    mlogit(1);

  INPUT ---    mlogit(1);

  INPUT ---    mlogit(1);

  INPUT ---    mlogit(1);

  INPUT ---    mlogit(1);

  INPUT ---    mlogit(1);

  INPUT ---    mlogit(1);

  INPUT ---    mlogit(1);

  INPUT ---    mlogit(1);

  INPUT ---    mlogit(1);


  Program  MARK  - Survival Rate Estimation with Capture-Recapture Data
   gfortran(dble) Vers. 9.0 Mar 2018    25-Mar-2020 14:19:42    Page  006
 - - - - - - - - - - - - - - - - - - - - - - - - - - - - - - - - - - - - - -
 
  INPUT ---    mlogit(2);

  INPUT ---    mlogit(2);

  INPUT ---    mlogit(2);

  INPUT ---    mlogit(2);

  INPUT ---    mlogit(2);

  INPUT ---    mlogit(2);

  INPUT ---    mlogit(2);

  INPUT ---    mlogit(2);

  INPUT ---    mlogit(2);

  INPUT ---    mlogit(2);

  INPUT ---    mlogit(2);

  INPUT ---    mlogit(2);

  INPUT ---    mlogit(2);

  INPUT ---    mlogit(2);

  INPUT ---    mlogit(2);

  INPUT ---    mlogit(2);

  INPUT ---    mlogit(2);

  INPUT ---    mlogit(2);

  INPUT ---    mlogit(2);

  INPUT ---    mlogit(2);

  INPUT ---    mlogit(2);

  INPUT ---    mlogit(2);

  INPUT ---    mlogit(2);


  Program  MARK  - Survival Rate Estimation with Capture-Recapture Data
   gfortran(dble) Vers. 9.0 Mar 2018    25-Mar-2020 14:19:42    Page  007
 - - - - - - - - - - - - - - - - - - - - - - - - - - - - - - - - - - - - - -
 
  INPUT ---    mlogit(2);

  INPUT ---    mlogit(2);

  INPUT ---    mlogit(2);

  INPUT ---    mlogit(2);

  INPUT ---    mlogit(2);

  INPUT ---    mlogit(2);

  INPUT ---    mlogit(2);

  INPUT ---    mlogit(2);

  INPUT ---    mlogit(2);
  INPUT ---       blabel(1)=Phi:(Intercept);
  INPUT ---       blabel(2)=Phi:sexM;
  INPUT ---       blabel(3)=p:(Intercept);
  INPUT ---       blabel(4)=p:sexM;
  INPUT ---       blabel(5)=pent:(Intercept);
  INPUT ---       blabel(6)=N:(Intercept);
  INPUT ---       rlabel(1)=Phi gF a0 t1;
  INPUT ---       rlabel(2)=Phi gM a0 t1;
  INPUT ---       rlabel(3)=p gF a0 t1;
  INPUT ---       rlabel(4)=p gM a0 t1;
  INPUT ---       rlabel(5)=N gF a0 t1;
  INPUT ---       rlabel(6)=pent gF a0.00547945205479452 t1.00547945205479;
  INPUT ---       rlabel(7)=pent gF a0.00821917808219178 t1.00821917808219;
  INPUT ---       rlabel(8)=pent gF a0.010958904109589 t1.01095890410959;
  INPUT ---       rlabel(9)=pent gF a0.0164383561643836 t1.01643835616438;
  INPUT ---       rlabel(10)=pent gF a0.0246575342465753 t1.02465753424658;
  INPUT ---       rlabel(11)=pent gF a0.0273972602739726 t1.02739726027397;
  INPUT ---       rlabel(12)=pent gF a0.0301369863013699 t1.03013698630137;
  INPUT ---       rlabel(13)=pent gF a0.0356164383561644 t1.03561643835616;
  INPUT ---       rlabel(14)=pent gF a0.0410958904109589 t1.04109589041096;
  INPUT ---       rlabel(15)=pent gF a0.0493150684931507 t1.04931506849315;
  INPUT ---       rlabel(16)=pent gF a0.0520547945205479 t1.05205479452055;
  INPUT ---       rlabel(17)=pent gF a0.0657534246575342 t1.06575342465753;
  INPUT ---       rlabel(18)=pent gF a0.0712328767123288 t1.07123287671233;
  INPUT ---       rlabel(19)=pent gF a0.0986301369863014 t1.0986301369863;
  INPUT ---       rlabel(20)=pent gF a0.101369863013699 t1.1013698630137;
  INPUT ---       rlabel(21)=pent gF a0.106849315068493 t1.10684931506849;
  INPUT ---       rlabel(22)=pent gF a0.10958904109589 t1.10958904109589;
  INPUT ---       rlabel(23)=pent gF a0.120547945205479 t1.12054794520548;

  Program  MARK  - Survival Rate Estimation with Capture-Recapture Data
   gfortran(dble) Vers. 9.0 Mar 2018    25-Mar-2020 14:19:42    Page  008
 - - - - - - - - - - - - - - - - - - - - - - - - - - - - - - - - - - - - - -
 
  INPUT ---       rlabel(24)=pent gF a0.350684931506849 t1.35068493150685;
  INPUT ---       rlabel(25)=pent gF a0.358904109589041 t1.35890410958904;
  INPUT ---       rlabel(26)=pent gF a0.613698630136986 t1.61369863013699;
  INPUT ---       rlabel(27)=pent gF a0.638356164383562 t1.63835616438356;
  INPUT ---       rlabel(28)=pent gF a0.646575342465753 t1.64657534246575;
  INPUT ---       rlabel(29)=pent gF a0.649315068493151 t1.64931506849315;
  INPUT ---       rlabel(30)=pent gF a0.652054794520548 t1.65205479452055;
  INPUT ---       rlabel(31)=pent gF a0.704109589041096 t1.7041095890411;
  INPUT ---       rlabel(32)=pent gF a0.706849315068493 t1.70684931506849;
  INPUT ---       rlabel(33)=pent gF a0.70958904109589 t1.70958904109589;
  INPUT ---       rlabel(34)=pent gF a0.827397260273973 t1.82739726027397;
  INPUT ---       rlabel(35)=pent gF a1.4027397260274 t2.4027397260274;
  INPUT ---       rlabel(36)=pent gF a1.40547945205479 t2.40547945205479;
  INPUT ---       rlabel(37)=pent gF a1.40821917808219 t2.40821917808219;
  INPUT ---       rlabel(38)=pent gM a0.00547945205479452 t1.00547945205479;
  INPUT ---       rlabel(39)=pent gM a0.00821917808219178 t1.00821917808219;
  INPUT ---       rlabel(40)=pent gM a0.010958904109589 t1.01095890410959;
  INPUT ---       rlabel(41)=pent gM a0.0164383561643836 t1.01643835616438;
  INPUT ---       rlabel(42)=pent gM a0.0246575342465753 t1.02465753424658;
  INPUT ---       rlabel(43)=pent gM a0.0273972602739726 t1.02739726027397;
  INPUT ---       rlabel(44)=pent gM a0.0301369863013699 t1.03013698630137;
  INPUT ---       rlabel(45)=pent gM a0.0356164383561644 t1.03561643835616;
  INPUT ---       rlabel(46)=pent gM a0.0410958904109589 t1.04109589041096;
  INPUT ---       rlabel(47)=pent gM a0.0493150684931507 t1.04931506849315;
  INPUT ---       rlabel(48)=pent gM a0.0520547945205479 t1.05205479452055;
  INPUT ---       rlabel(49)=pent gM a0.0657534246575342 t1.06575342465753;
  INPUT ---       rlabel(50)=pent gM a0.0712328767123288 t1.07123287671233;
  INPUT ---       rlabel(51)=pent gM a0.0986301369863014 t1.0986301369863;
  INPUT ---       rlabel(52)=pent gM a0.101369863013699 t1.1013698630137;
  INPUT ---       rlabel(53)=pent gM a0.106849315068493 t1.10684931506849;
  INPUT ---       rlabel(54)=pent gM a0.10958904109589 t1.10958904109589;
  INPUT ---       rlabel(55)=pent gM a0.120547945205479 t1.12054794520548;
  INPUT ---       rlabel(56)=pent gM a0.350684931506849 t1.35068493150685;
  INPUT ---       rlabel(57)=pent gM a0.358904109589041 t1.35890410958904;
  INPUT ---       rlabel(58)=pent gM a0.613698630136986 t1.61369863013699;
  INPUT ---       rlabel(59)=pent gM a0.638356164383562 t1.63835616438356;
  INPUT ---       rlabel(60)=pent gM a0.646575342465753 t1.64657534246575;
  INPUT ---       rlabel(61)=pent gM a0.649315068493151 t1.64931506849315;
  INPUT ---       rlabel(62)=pent gM a0.652054794520548 t1.65205479452055;
  INPUT ---       rlabel(63)=pent gM a0.704109589041096 t1.7041095890411;
  INPUT ---       rlabel(64)=pent gM a0.706849315068493 t1.70684931506849;
  INPUT ---       rlabel(65)=pent gM a0.70958904109589 t1.70958904109589;
  INPUT ---       rlabel(66)=pent gM a0.827397260273973 t1.82739726027397;
  INPUT ---       rlabel(67)=pent gM a1.4027397260274 t2.4027397260274;
  INPUT ---       rlabel(68)=pent gM a1.40547945205479 t2.40547945205479;
  INPUT ---       rlabel(69)=pent gM a1.40821917808219 t2.40821917808219;

  Program  MARK  - Survival Rate Estimation with Capture-Recapture Data
   gfortran(dble) Vers. 9.0 Mar 2018    25-Mar-2020 14:19:42    Page  009
 - - - - - - - - - - - - - - - - - - - - - - - - - - - - - - - - - - - - - -
 

 Link Function Used is PARM-SPECIFIC

 Variance Estimation Procedure Used is 2ndPart 

 M(t+1):
      16     29



 Group: 1

 U(t)+UL(t):
       0    2    2    0    1    0    3    1    1    0    0    0    0    0    1
       0    0    0    2    1    1    0    0    0    1    0    0    0    0    0
       0    0    0

 U(t):
       0    2    2    0    1    0    3    1    1    0    0    0    0    0    1
       0    0    0    2    1    1    0    0    0    1    0    0    0    0    0
       0    0    0

 UL(t):
       0    0    0    0    0    0    0    0    0    0    0    0    0    0    0
       0    0    0    0    0    0    0    0    0    0    0    0    0    0    0
       0    0    0

 Not Released(t):
       0    0    0    0    0    0    0    0    0    0    0    0    0    0    0
       0    0    0    0    0    0    0    0    0    0    0    0    0    0    0
       0    0    0

 Group: 2

 U(t)+UL(t):
       3    0    1    1    1    1    1    0    1    1    2    1    3    3    1
       1    0    2    3    1    0    0    1    0    0    0    0    0    0    1
       0    0    0

 U(t):
       3    0    1    1    1    1    1    0    1    1    2    1    3    3    1
       1    0    2    3    1    0    0    1    0    0    0    0    0    0    1
       0    0    0

 UL(t):
       0    0    0    0    0    0    0    0    0    0    0    0    0    0    0
       0    0    0    0    0    0    0    0    0    0    0    0    0    0    0
       0    0    0

 Not Released(t):
       0    0    0    0    0    0    0    0    0    0    0    0    0    0    0
       0    0    0    0    0    0    0    0    0    0    0    0    0    0    0
       0    0    0
 -2logL(saturated) = 272.93564     
 Effective Sample Size = 103

 Number of function evaluations was 22 for 6 parameters.
 Time for numerical optimization was 0.03 seconds.     
 -2logL { Phi(~sex)p(~sex)pent(~1)N(~1) } = 552.95464     
 Penalty { Phi(~sex)p(~sex)pent(~1)N(~1) } = 0.0000000     
 Gradient { Phi(~sex)p(~sex)pent(~1)N(~1) }:
 -0.1171298E-04  0.4243535E-05 -0.4292806E-05   0.000000      0.2745297E-05
   0.000000    
 Maximum ABS(G) { Phi(~sex)p(~sex)pent(~1)N(~1) } = 0.1171298E-04 
 S Vector { Phi(~sex)p(~sex)pent(~1)N(~1) }:
   126.0236      11.56634      5.757369      3.175834     0.5186077    
  0.3687390    
 Time to compute number of parameters was 0.05 seconds.     
 Ratio Threshold = 50.000000       Max Gap (1/2) = 10.895725       Next Max Gap (1/2) = 10.895725     
 Gap Method for Num. of Estimated Parameters { Phi(~sex)p(~sex)pent(~1)N(~1) } = 6          
 Threshold { Phi(~sex)p(~sex)pent(~1)N(~1) } = 0.2342595E-04                 
 Numerical Threshold Method for Num. of Estimated Parameters { Phi(~sex)p(~sex)pent(~1)N(~1) } = 6          
 Number of Estimated Parameters { Phi(~sex)p(~sex)pent(~1)N(~1) } = 6          
 DEVIANCE { Phi(~sex)p(~sex)pent(~1)N(~1) } = 280.01900                     
 DEVIANCE Degrees of Freedom { Phi(~sex)p(~sex)pent(~1)N(~1) } = 35            
 c-hat { Phi(~sex)p(~sex)pent(~1)N(~1) } = 8.0005427                     
 AIC { Phi(~sex)p(~sex)pent(~1)N(~1) } = 564.95464                  
 AICc { Phi(~sex)p(~sex)pent(~1)N(~1) } = 565.82964                    
 BIC { Phi(~sex)p(~sex)pent(~1)N(~1) } = 580.76301                    
 Pearson Chisquare { Phi(~sex)p(~sex)pent(~1)N(~1) } = 21651578.                  


              PARM-SPECIFIC Link Function Parameters of { Phi(~sex)p(~sex)pent(~1)N(~1) }
                                                              95% Confidence Interval
 Parameter                    Beta         Standard Error      Lower           Upper
 -------------------------  --------------  --------------  --------------  --------------
    1:Phi:(Intercept)       -1.6054505       1.0359772      -3.6359660       0.4250649    
    2:Phi:sexM               2.5957735       1.3118100       0.0246260       5.1669211    
    3:p:(Intercept)         -2.5545021       0.2764683      -3.0963799      -2.0126243    
    4:p:sexM                 0.1028687       0.2884170      -0.4624286       0.6681661    
    5:pent:(Intercept)      -4.5581552       1.3807443      -7.2644140      -1.8518964    
    6:N:(Intercept)          1.8196744       0.6024768       0.6388198       3.0005291    


              Real Function Parameters of { Phi(~sex)p(~sex)pent(~1)N(~1) }
                                                               95% Confidence Interval
  Parameter                  Estimate       Standard Error      Lower           Upper
 --------------------------  --------------  --------------  --------------  --------------
     1:Phi gF a0 t1           0.1672212       0.1442684       0.0256815       0.6046946                          
     2:Phi gM a0 t1           0.7291517       0.2072836       0.2559969       0.9546756                          
     3:p gF a0 t1             0.0721246       0.0185020       0.0432568       0.1178838                          
     4:p gM a0 t1             0.0793192       0.0137708       0.0561877       0.1108550                          
     5:N gF a0 t1             22.169849       3.7171914       18.072944       34.363762                          
     6:pent gF a0.005479452   0.0078488       0.0081153       0.0010249       0.0574903                          
     7:pent gF a0.008219178   0.0078488       0.0081153       0.0010249       0.0574903                          

  Program  MARK  - Survival Rate Estimation with Capture-Recapture Data
   gfortran(dble) Vers. 9.0 Mar 2018    25-Mar-2020 14:19:42    Page  010
 - - - - - - - - - - - - - - - - - - - - - - - - - - - - - - - - - - - - - -
 
     8:pent gF a0.010958904   0.0078488       0.0081153       0.0010249       0.0574903                          
     9:pent gF a0.016438356   0.0078488       0.0081153       0.0010249       0.0574903                          
    10:pent gF a0.024657534   0.0078488       0.0081153       0.0010249       0.0574903                          
    11:pent gF a0.027397260   0.0078488       0.0081153       0.0010249       0.0574903                          
    12:pent gF a0.030136986   0.0078488       0.0081153       0.0010249       0.0574903                          
    13:pent gF a0.035616438   0.0078488       0.0081153       0.0010249       0.0574903                          
    14:pent gF a0.041095890   0.0078488       0.0081153       0.0010249       0.0574903                          
    15:pent gF a0.049315068   0.0078488       0.0081153       0.0010249       0.0574903                          
    16:pent gF a0.052054794   0.0078488       0.0081153       0.0010249       0.0574903                          
    17:pent gF a0.065753424   0.0078488       0.0081153       0.0010249       0.0574903                          
    18:pent gF a0.071232876   0.0078488       0.0081153       0.0010249       0.0574903                          
    19:pent gF a0.098630136   0.0078488       0.0081153       0.0010249       0.0574903                          
    20:pent gF a0.101369863   0.0078488       0.0081153       0.0010249       0.0574903                          
    21:pent gF a0.106849315   0.0078488       0.0081153       0.0010249       0.0574903                          
    22:pent gF a0.109589041   0.0078488       0.0081153       0.0010249       0.0574903                          
    23:pent gF a0.120547945   0.0078488       0.0081153       0.0010249       0.0574903                          
    24:pent gF a0.350684931   0.0078488       0.0081153       0.0010249       0.0574903                          
    25:pent gF a0.358904109   0.0078488       0.0081153       0.0010249       0.0574903                          
    26:pent gF a0.613698630   0.0078488       0.0081153       0.0010249       0.0574903                          
    27:pent gF a0.638356164   0.0078488       0.0081153       0.0010249       0.0574903                          
    28:pent gF a0.646575342   0.0078488       0.0081153       0.0010249       0.0574903                          
    29:pent gF a0.649315068   0.0078488       0.0081153       0.0010249       0.0574903                          
    30:pent gF a0.652054794   0.0078488       0.0081153       0.0010249       0.0574903                          
    31:pent gF a0.704109589   0.0078488       0.0081153       0.0010249       0.0574903                          
    32:pent gF a0.706849315   0.0078488       0.0081153       0.0010249       0.0574903                          
    33:pent gF a0.709589041   0.0078488       0.0081153       0.0010249       0.0574903                          
    34:pent gF a0.827397260   0.0078488       0.0081153       0.0010249       0.0574903                          
    35:pent gF a1.402739726   0.0078488       0.0081153       0.0010249       0.0574903                          
    36:pent gF a1.405479452   0.0078488       0.0081153       0.0010249       0.0574903                          
    37:pent gF a1.408219178   0.0078488       0.0081153       0.0010249       0.0574903                          
    38:pent gM a0.005479452   0.0078488       0.0081153       0.0010249       0.0574903                          
    39:pent gM a0.008219178   0.0078488       0.0081153       0.0010249       0.0574903                          
    40:pent gM a0.010958904   0.0078488       0.0081153       0.0010249       0.0574903                          
    41:pent gM a0.016438356   0.0078488       0.0081153       0.0010249       0.0574903                          
    42:pent gM a0.024657534   0.0078488       0.0081153       0.0010249       0.0574903                          
    43:pent gM a0.027397260   0.0078488       0.0081153       0.0010249       0.0574903                          
    44:pent gM a0.030136986   0.0078488       0.0081153       0.0010249       0.0574903                          
    45:pent gM a0.035616438   0.0078488       0.0081153       0.0010249       0.0574903                          
    46:pent gM a0.041095890   0.0078488       0.0081153       0.0010249       0.0574903                          
    47:pent gM a0.049315068   0.0078488       0.0081153       0.0010249       0.0574903                          
    48:pent gM a0.052054794   0.0078488       0.0081153       0.0010249       0.0574903                          
    49:pent gM a0.065753424   0.0078488       0.0081153       0.0010249       0.0574903                          
    50:pent gM a0.071232876   0.0078488       0.0081153       0.0010249       0.0574903                          
    51:pent gM a0.098630136   0.0078488       0.0081153       0.0010249       0.0574903                          
    52:pent gM a0.101369863   0.0078488       0.0081153       0.0010249       0.0574903                          
    53:pent gM a0.106849315   0.0078488       0.0081153       0.0010249       0.0574903                          

  Program  MARK  - Survival Rate Estimation with Capture-Recapture Data
   gfortran(dble) Vers. 9.0 Mar 2018    25-Mar-2020 14:19:42    Page  011
 - - - - - - - - - - - - - - - - - - - - - - - - - - - - - - - - - - - - - -
 
    54:pent gM a0.109589041   0.0078488       0.0081153       0.0010249       0.0574903                          
    55:pent gM a0.120547945   0.0078488       0.0081153       0.0010249       0.0574903                          
    56:pent gM a0.350684931   0.0078488       0.0081153       0.0010249       0.0574903                          
    57:pent gM a0.358904109   0.0078488       0.0081153       0.0010249       0.0574903                          
    58:pent gM a0.613698630   0.0078488       0.0081153       0.0010249       0.0574903                          
    59:pent gM a0.638356164   0.0078488       0.0081153       0.0010249       0.0574903                          
    60:pent gM a0.646575342   0.0078488       0.0081153       0.0010249       0.0574903                          
    61:pent gM a0.649315068   0.0078488       0.0081153       0.0010249       0.0574903                          
    62:pent gM a0.652054794   0.0078488       0.0081153       0.0010249       0.0574903                          
    63:pent gM a0.704109589   0.0078488       0.0081153       0.0010249       0.0574903                          
    64:pent gM a0.706849315   0.0078488       0.0081153       0.0010249       0.0574903                          
    65:pent gM a0.709589041   0.0078488       0.0081153       0.0010249       0.0574903                          
    66:pent gM a0.827397260   0.0078488       0.0081153       0.0010249       0.0574903                          
    67:pent gM a1.402739726   0.0078488       0.0081153       0.0010249       0.0574903                          
    68:pent gM a1.405479452   0.0078488       0.0081153       0.0010249       0.0574903                          
    69:pent gM a1.408219178   0.0078488       0.0081153       0.0010249       0.0574903                          


                      Estimates of Derived Parameters
  Gross Birth+Immigration Estimates of { Phi(~sex)p(~sex)pent(~1)N(~1) }
                                                95% Confidence Interval
 Grp. Occ.   B*-hat          Standard Error      Lower           Upper
 ---- ----   --------------  --------------  --------------  --------------
   1     1    0.1748617       0.2034130       0.0285263       1.0718740    
   1     2    0.1744343       0.2028213       0.0284727       1.0686475    
   1     3    0.1744343       0.2028213       0.0284727       1.0686475    
   1     4    0.1748617       0.2034130       0.0285263       1.0718740    
   1     5    0.1752897       0.2040059       0.0285799       1.0751080    
   1     6    0.1744343       0.2028213       0.0284727       1.0686475    
   1     7    0.1744343       0.2028213       0.0284727       1.0686475    
   1     8    0.1748617       0.2034130       0.0285263       1.0718740    
   1     9    0.1748617       0.2034130       0.0285263       1.0718740    
   1    10    0.1752897       0.2040059       0.0285799       1.0751080    
   1    11    0.1744343       0.2028213       0.0284727       1.0686475    
   1    12    0.1761479       0.2051957       0.0286873       1.0815981    
   1    13    0.1748617       0.2034130       0.0285263       1.0718740    
   1    14    0.1783055       0.2081925       0.0289565       1.0979533    
   1    15    0.1744343       0.2028213       0.0284727       1.0686475    
   1    16    0.1748617       0.2034130       0.0285263       1.0718740    
   1    17    0.1744343       0.2028213       0.0284727       1.0686475    
   1    18    0.1757185       0.2046002       0.0286336       1.0783493    
   1    19    0.2122667       0.2562917       0.0330880       1.3617360    
   1    20    0.1752897       0.2040059       0.0285799       1.0751080    
   1    21    0.2166546       0.2626173       0.0336100       1.3965834    
   1    22    0.1778726       0.2075906       0.0289025       1.0946674    

  Program  MARK  - Survival Rate Estimation with Capture-Recapture Data
   gfortran(dble) Vers. 9.0 Mar 2018    25-Mar-2020 14:19:42    Page  012
 - - - - - - - - - - - - - - - - - - - - - - - - - - - - - - - - - - - - - -
 
   1    23    0.1752897       0.2040059       0.0285799       1.0751080    
   1    24    0.1744343       0.2028213       0.0284727       1.0686475    
   1    25    0.1744343       0.2028213       0.0284727       1.0686475    
   1    26    0.1822331       0.2136678       0.0294442       1.1278608    
   1    27    0.1744343       0.2028213       0.0284727       1.0686475    
   1    28    0.1744343       0.2028213       0.0284727       1.0686475    
   1    29    0.1929820       0.2287766       0.0307643       1.2105598    
   1    30    0.2786200       0.3538831       0.0408074       1.9023286    
   1    31    0.1744343       0.2028213       0.0284727       1.0686475    
   1    32    0.1744343       0.2028213       0.0284727       1.0686475    
   2     1    0.2762816       0.3077542       0.0475066       1.6067549    
   2     2    0.2761621       0.3075738       0.0474949       1.6057615    
   2     3    0.2761621       0.3075738       0.0474949       1.6057615    
   2     4    0.2762816       0.3077542       0.0475066       1.6067549    
   2     5    0.2764011       0.3079347       0.0475184       1.6077489    
   2     6    0.2761621       0.3075738       0.0474949       1.6057615    
   2     7    0.2761621       0.3075738       0.0474949       1.6057615    
   2     8    0.2762816       0.3077542       0.0475066       1.6067549    
   2     9    0.2762816       0.3077542       0.0475066       1.6067549    
   2    10    0.2764011       0.3079347       0.0475184       1.6077489    
   2    11    0.2761621       0.3075738       0.0474949       1.6057615    
   2    12    0.2766403       0.3082960       0.0475418       1.6097386    
   2    13    0.2762816       0.3077542       0.0475066       1.6067549    
   2    14    0.2772388       0.3092010       0.0476003       1.6147232    
   2    15    0.2761621       0.3075738       0.0474949       1.6057615    
   2    16    0.2762816       0.3077542       0.0475066       1.6067549    
   2    17    0.2761621       0.3075738       0.0474949       1.6057615    
   2    18    0.2765207       0.3081153       0.0475301       1.6087435    
   2    19    0.2861975       0.3228755       0.0484611       1.6902011    
   2    20    0.2764011       0.3079347       0.0475184       1.6077489    
   2    21    0.2873000       0.3245744       0.0485651       1.6995991    
   2    22    0.2771190       0.3090198       0.0475886       1.6137251    
   2    23    0.2764011       0.3079347       0.0475184       1.6077489    
   2    24    0.2761621       0.3075738       0.0474949       1.6057615    
   2    25    0.2761621       0.3075738       0.0474949       1.6057615    
   2    26    0.2783183       0.3108361       0.0477056       1.6237322    
   2    27    0.2761621       0.3075738       0.0474949       1.6057615    
   2    28    0.2761621       0.3075738       0.0474949       1.6057615    
   2    29    0.2812106       0.3152342       0.0479854       1.6479873    
   2    30    0.3018853       0.3473649       0.0499071       1.8260875    
   2    31    0.2761621       0.3075738       0.0474949       1.6057615    
   2    32    0.2761621       0.3075738       0.0474949       1.6057615    

   Net Birth+Immigration Estimates of { Phi(~sex)p(~sex)pent(~1)N(~1) }
                                                95% Confidence Interval
 Grp. Occ.   B-hat           Standard Error      Lower           Upper
 ---- ----   --------------  --------------  --------------  --------------
   1     1    0.1740077       0.2022309       0.0284192       1.0654284    
   1     2    0.1740077       0.2022309       0.0284192       1.0654284    
   1     3    0.1740077       0.2022309       0.0284192       1.0654284    
   1     4    0.1740077       0.2022309       0.0284192       1.0654284    
   1     5    0.1740077       0.2022309       0.0284192       1.0654284    
   1     6    0.1740077       0.2022309       0.0284192       1.0654284    
   1     7    0.1740077       0.2022309       0.0284192       1.0654284    
   1     8    0.1740077       0.2022309       0.0284192       1.0654284    
   1     9    0.1740077       0.2022309       0.0284192       1.0654284    
   1    10    0.1740077       0.2022309       0.0284192       1.0654284    
   1    11    0.1740077       0.2022309       0.0284192       1.0654284    
   1    12    0.1740077       0.2022309       0.0284192       1.0654284    
   1    13    0.1740077       0.2022309       0.0284192       1.0654284    
   1    14    0.1740077       0.2022309       0.0284192       1.0654284    
   1    15    0.1740077       0.2022309       0.0284192       1.0654284    
   1    16    0.1740077       0.2022309       0.0284192       1.0654284    
   1    17    0.1740077       0.2022309       0.0284192       1.0654284    
   1    18    0.1740077       0.2022309       0.0284192       1.0654284    
   1    19    0.1740077       0.2022309       0.0284192       1.0654284    
   1    20    0.1740077       0.2022309       0.0284192       1.0654284    
   1    21    0.1740077       0.2022309       0.0284192       1.0654284    
   1    22    0.1740077       0.2022309       0.0284192       1.0654284    
   1    23    0.1740077       0.2022309       0.0284192       1.0654284    
   1    24    0.1740077       0.2022309       0.0284192       1.0654284    
   1    25    0.1740077       0.2022309       0.0284192       1.0654284    
   1    26    0.1740077       0.2022309       0.0284192       1.0654284    
   1    27    0.1740077       0.2022309       0.0284192       1.0654284    
   1    28    0.1740077       0.2022309       0.0284192       1.0654284    
   1    29    0.1740077       0.2022309       0.0284192       1.0654284    
   1    30    0.1740077       0.2022309       0.0284192       1.0654284    
   1    31    0.1740077       0.2022309       0.0284192       1.0654284    
   1    32    0.1740077       0.2022309       0.0284192       1.0654284    
   2     1    0.2760426       0.3073934       0.0474832       1.6047686    
   2     2    0.2760426       0.3073934       0.0474832       1.6047686    
   2     3    0.2760426       0.3073934       0.0474832       1.6047686    
   2     4    0.2760426       0.3073934       0.0474832       1.6047686    
   2     5    0.2760426       0.3073934       0.0474832       1.6047686    
   2     6    0.2760426       0.3073934       0.0474832       1.6047686    
   2     7    0.2760426       0.3073934       0.0474832       1.6047686    
   2     8    0.2760426       0.3073934       0.0474832       1.6047686    
   2     9    0.2760426       0.3073934       0.0474832       1.6047686    
   2    10    0.2760426       0.3073934       0.0474832       1.6047686    
   2    11    0.2760426       0.3073934       0.0474832       1.6047686    
   2    12    0.2760426       0.3073934       0.0474832       1.6047686    
   2    13    0.2760426       0.3073934       0.0474832       1.6047686    
   2    14    0.2760426       0.3073934       0.0474832       1.6047686    
   2    15    0.2760426       0.3073934       0.0474832       1.6047686    
   2    16    0.2760426       0.3073934       0.0474832       1.6047686    
   2    17    0.2760426       0.3073934       0.0474832       1.6047686    
   2    18    0.2760426       0.3073934       0.0474832       1.6047686    
   2    19    0.2760426       0.3073934       0.0474832       1.6047686    
   2    20    0.2760426       0.3073934       0.0474832       1.6047686    
   2    21    0.2760426       0.3073934       0.0474832       1.6047686    
   2    22    0.2760426       0.3073934       0.0474832       1.6047686    
   2    23    0.2760426       0.3073934       0.0474832       1.6047686    
   2    24    0.2760426       0.3073934       0.0474832       1.6047686    
   2    25    0.2760426       0.3073934       0.0474832       1.6047686    
   2    26    0.2760426       0.3073934       0.0474832       1.6047686    
   2    27    0.2760426       0.3073934       0.0474832       1.6047686    
   2    28    0.2760426       0.3073934       0.0474832       1.6047686    
   2    29    0.2760426       0.3073934       0.0474832       1.6047686    
   2    30    0.2760426       0.3073934       0.0474832       1.6047686    
   2    31    0.2760426       0.3073934       0.0474832       1.6047686    
   2    32    0.2760426       0.3073934       0.0474832       1.6047686    

        Population Estimates of { Phi(~sex)p(~sex)pent(~1)N(~1) }
                                                95% Confidence Interval
 Grp. Occ.   N-hat           Standard Error      Lower           Upper
 ---- ----   --------------  --------------  --------------  --------------
   1     1    16.601604       4.1782934       10.214015       26.983830    
   1     2    16.613716       3.9970178       10.436390       26.447418    
   1     3    16.706518       3.8257344       10.726191       26.021145    
   1     4    16.798867       3.6586838       11.016259       25.616858    

  Program  MARK  - Survival Rate Estimation with Capture-Recapture Data
   gfortran(dble) Vers. 9.0 Mar 2018    25-Mar-2020 14:19:42    Page  013
 - - - - - - - - - - - - - - - - - - - - - - - - - - - - - - - - - - - - - -
 
   1     5    16.809056       3.4932623       11.233362       25.152252    
   1     6    16.737786       3.3326552       11.372530       24.634227    
   1     7    16.829982       3.1810012       11.657530       24.297455    
   1     8    16.921727       3.0357087       11.938410       23.985176    
   1     9    16.930718       2.8987980       12.133481       23.624647    
   1    10    16.939620       2.7707804       12.319406       23.292580    
   1    11    16.866446       2.6562134       12.410514       22.922257    
   1    12    16.958013       2.5441210       12.658472       22.717923    
   1    13    16.721611       2.4656208       12.544099       22.290344    
   1    14    16.732553       2.3823393       12.675806       22.087617    
   1    15    16.106456       2.3836868       12.069943       21.492888    
   1    16    16.201738       2.3163888       12.259615       21.411465    
   1    17    16.217750       2.2740151       12.337166       21.318949    
   1    18    16.312488       2.2361799       12.484601       21.314036    
   1    19    16.169894       2.2442920       12.334628       21.197679    
   1    20    10.888159       3.1477568       6.2487014       18.972264    
   1    21    10.903287       3.1141259       6.2977978       18.876705    
   1    22    7.0868453       3.3472150       2.9408511       17.077837    
   1    23    6.9551246       3.2856015       2.8857706       16.762856    
   1    24    7.0276433       3.2388901       2.9732652       16.610617    
   1    25    7.1673009       3.2053402       3.1037779       16.550863    
   1    26    7.3062759       3.1841119       3.2265344       16.544584    
   1    27    6.8307946       3.1563900       2.8840838       16.178363    
   1    28    6.9714144       3.1519670       2.9937320       16.234125    
   1    29    7.1113469       3.1598786       3.0947372       16.341050    
   1    30    5.9343620       3.0662037       2.2872191       15.397149    
   1    31    2.2948118       2.0365890       0.5152135       10.221319    
   1    32    2.4576028       2.0183069       0.6016727       10.038367    
   1    33    2.6195981       2.0202178       0.6866181       9.9943395    
   2     1    26.336485       7.3474853       15.399856       45.040062    
   2     2    26.566984       7.0595445       15.922034       44.328798    
   2     3    26.820045       6.7719733       16.475636       43.659305    
   2     4    27.072887       6.4862818       17.038601       43.016515    
   2     5    27.302112       6.2049001       17.586207       42.385794    
   2     6    27.507365       5.9287549       18.115987       41.767260    
   2     7    27.759613       5.6499762       18.703304       41.201069    
   2     8    28.011642       5.3741683       19.297543       40.660727    
   2     9    28.239244       5.1052280       19.870165       40.133280    
   2    10    28.466452       4.8404367       20.446666       39.631835    
   2    11    28.668685       4.5845735       20.996320       39.144646    
   2    12    28.919929       4.3255052       21.606560       38.708720    
   2    13    29.071104       4.0919184       22.092006       38.254972    
   2    14    29.296874       3.8511034       22.667666       37.864806    
   2    15    29.320473       3.6670358       22.968057       37.429816    
   2    16    29.571152       3.4385802       23.562401       37.112223    
   2    17    29.796057       3.2290368       24.109069       36.824525    

  Program  MARK  - Survival Rate Estimation with Capture-Recapture Data
   gfortran(dble) Vers. 9.0 Mar 2018    25-Mar-2020 14:19:42    Page  014
 - - - - - - - - - - - - - - - - - - - - - - - - - - - - - - - - - - - - - -
 
   2    18    30.046325       3.0271204       24.674536       36.587585    
   2    19    30.218539       2.8640801       25.105931       36.372285    
   2    20    28.375814       3.6433533       22.085210       36.458191    
   2    21    28.578282       3.5188482       22.470857       36.345663    
   2    22    26.644388       4.7417204       18.849493       37.662731    
   2    23    26.713712       4.7399037       18.917720       37.722432    
   2    24    26.920490       4.6662876       19.214410       37.717151    
   2    25    27.173246       4.5804334       19.573149       37.724399    
   2    26    27.425783       4.5131547       19.907575       37.783284    
   2    27    27.254558       4.7295081       19.445579       38.199475    
   2    28    27.507024       4.6939840       19.734553       38.340690    
   2    29    27.759273       4.6775487       19.997576       38.533531    
   2    30    27.021307       5.2585299       18.517857       39.429565    
   2    31    22.807001       7.7438889       11.936941       43.575594    
   2    32    23.063315       7.6945927       12.200849       43.596679    
   2    33    23.319407       7.6570470       12.454873       43.661203    

     Gross Population Estimates of { Phi(~sex)p(~sex)pent(~1)N(~1) }
                                                95% Confidence Interval
 Grp. Occ.   N*-hat          Standard Error      Lower           Upper
 ---- ----   --------------  --------------  --------------  --------------
   1     0    22.410380       3.9952928       15.844584       31.696960    
   2     0    35.232317       3.7960277       28.542578       43.489980    

   CPU Time for the last procedure was 0.11 seconds.     

  Program  MARK  - Survival Rate Estimation with Capture-Recapture Data
   gfortran(dble) Vers. 9.0 Mar 2018    25-Mar-2020 14:19:42    Page  015
 - - - - - - - - - - - - - - - - - - - - - - - - - - - - - - - - - - - - - -
 


  INPUT --- proc stop;

     CPU Time in minutes for this job was 0.00

     Time Start = 14:19:42.579   Time End = 14:19:42.970

     Wall Clock Time in minutes for this job was 0.01


          E X E C U T I O N   S U C C E S S F U L 
