
   Program  MARK  - Survival Rate Estimation with Capture-Recapture Data
   gfortran(dble) Vers. 9.0 Mar 2018    25-Mar-2020 14:19:46    Page  001
 - - - - - - - - - - - - - - - - - - - - - - - - - - - - - - - - - - - - - -
 
   This version was compiled by GCC version 7.2.0 using the options: 
     -cpp -iprefix C:/Program Files/mingw-w64/x86_64-7.2.0-posix-seh-rt_v5-rev1/
     mingw64/bin/../lib/gcc/x86_64-w64-mingw32/7.2.0/ -D_MT -D_REENTRANT
     -U_REENTRANT -D IEEE -D DBLEPRECISION -m64 -mtune=core2 -march=nocona -mthreads
     -O2 -fimplicit-none -fbounds-check -funroll-loops -ftree-vectorize
     -ffpe-summary=invalid,zero,overflow,underflow -fno-unsafe-math-optimizations
     -frounding-math -fsignaling-nans -fopenmp.

   This problem will use 15 of 16 possible threads.


  INPUT --- proc title ;

   CPU Time for the last procedure was 0.01 seconds.     


  INPUT --- proc chmatrix occasions= 33 groups= 2 etype= POPAN Nodes= 
  INPUT --- 101 ICMeans NoHist hist= 41  ;

  INPUT ---    time interval 0.00547945205479452 0.00273972602739726 
  INPUT ---    0.00273972602739726 0.00547945205479452  
  INPUT ---    0.00821917808219178 0.00273972602739726 0.00273972602739726 
  INPUT ---    0.00547945205479452  0.00547945205479452 
  INPUT ---    0.00821917808219178 0.00273972602739726 0.0136986301369863 
  INPUT ---    0.00547945205479452  0.0273972602739726 0.00273972602739726 
  INPUT ---    0.00547945205479452 0.00273972602739726 0.010958904109589  
  INPUT ---    0.23013698630137 0.00821917808219178 0.254794520547945 
  INPUT ---    0.0246575342465753 0.00821917808219178  0.00273972602739726 
  INPUT ---    0.00273972602739726 0.0520547945205479 0.00273972602739726 
  INPUT ---    0.00273972602739726  0.117808219178082 0.575342465753425 
  INPUT ---    0.00273972602739726 0.00273972602739726 ;

  INPUT ---    glabel(1)=sexF;

  INPUT ---    glabel(2)=sexM;

   * *  WARNING  * *   At least a pair of the encounter histories are duplicates. 

      Number of unique encounter histories read was 38.

      Number of individual covariates read was 0.
      Time interval lengths vary and/or not equal to 1.

      Data type number is 19
      Data type is POPAN                                                                                               

   CPU Time for the last procedure was 0.01 seconds.     

  Program  MARK  - Survival Rate Estimation with Capture-Recapture Data
   gfortran(dble) Vers. 9.0 Mar 2018    25-Mar-2020 14:19:46    Page  002
 - - - - - - - - - - - - - - - - - - - - - - - - - - - - - - - - - - - - - -
 


  INPUT --- proc estimate link=Parm-Specific NOLOOP varest=2ndPart    ;


  INPUT --- model={ Phi(~sex)p(~1)pent(~1)N(~sex) };

  INPUT ---    group=1 Phi    rows=1 cols=32 Square ;
  INPUT ---        1 1 1 1 1 1 1 1 1 1 1 1 1 1 1 1 1 1 1 1 1 1 1 1 1 1 1 1 1 
  INPUT ---       1 1 1 ;

  INPUT ---    group=2 Phi    rows=1 cols=32 Square ;
  INPUT ---        2 2 2 2 2 2 2 2 2 2 2 2 2 2 2 2 2 2 2 2 2 2 2 2 2 2 2 2 2 
  INPUT ---       2 2 2 ;

  INPUT ---    group=1 p    rows=1 cols=33 Square ;
  INPUT ---        3 3 3 3 3 3 3 3 3 3 3 3 3 3 3 3 3 3 3 3 3 3 3 3 3 3 3 3 3 
  INPUT ---       3 3 3 3 ;

  INPUT ---    group=2 p    rows=1 cols=33 Square ;
  INPUT ---        3 3 3 3 3 3 3 3 3 3 3 3 3 3 3 3 3 3 3 3 3 3 3 3 3 3 3 3 3 
  INPUT ---       3 3 3 3 ;

  INPUT ---    group=1 pent    rows=1 cols=32 Square ;
  INPUT ---        6 7 8 9 10 11 12 13 14 15 16 17 18 19 20 21 22 23 24 25 26 
  INPUT ---       27 28 29 30 31 32 33 34 35 36 37 ;

  INPUT ---    group=2 pent    rows=1 cols=32 Square ;
  INPUT ---        38 39 40 41 42 43 44 45 46 47 48 49 50 51 52 53 54 55 56 
  INPUT ---       57 58 59 60 61 62 63 64 65 66 67 68 69 ;

  INPUT ---    group=1 N    rows=1 cols=1 Square ;
  INPUT ---        4 ;

  INPUT ---    group=2 N    rows=1 cols=1 Square ;
  INPUT ---        5 ;

  INPUT ---    design matrix constraints=69 covariates=6;
  INPUT ---        1 0 0 0 0 0;
  INPUT ---        1 1 0 0 0 0;
  INPUT ---        0 0 1 0 0 0;
  INPUT ---        0 0 0 0 1 0;
  INPUT ---        0 0 0 0 1 1;
  INPUT ---        0 0 0 1 0 0;
  INPUT ---        0 0 0 1 0 0;
  INPUT ---        0 0 0 1 0 0;

  Program  MARK  - Survival Rate Estimation with Capture-Recapture Data
   gfortran(dble) Vers. 9.0 Mar 2018    25-Mar-2020 14:19:46    Page  003
 - - - - - - - - - - - - - - - - - - - - - - - - - - - - - - - - - - - - - -
 
  INPUT ---        0 0 0 1 0 0;
  INPUT ---        0 0 0 1 0 0;
  INPUT ---        0 0 0 1 0 0;
  INPUT ---        0 0 0 1 0 0;
  INPUT ---        0 0 0 1 0 0;
  INPUT ---        0 0 0 1 0 0;
  INPUT ---        0 0 0 1 0 0;
  INPUT ---        0 0 0 1 0 0;
  INPUT ---        0 0 0 1 0 0;
  INPUT ---        0 0 0 1 0 0;
  INPUT ---        0 0 0 1 0 0;
  INPUT ---        0 0 0 1 0 0;
  INPUT ---        0 0 0 1 0 0;
  INPUT ---        0 0 0 1 0 0;
  INPUT ---        0 0 0 1 0 0;
  INPUT ---        0 0 0 1 0 0;
  INPUT ---        0 0 0 1 0 0;
  INPUT ---        0 0 0 1 0 0;
  INPUT ---        0 0 0 1 0 0;
  INPUT ---        0 0 0 1 0 0;
  INPUT ---        0 0 0 1 0 0;
  INPUT ---        0 0 0 1 0 0;
  INPUT ---        0 0 0 1 0 0;
  INPUT ---        0 0 0 1 0 0;
  INPUT ---        0 0 0 1 0 0;
  INPUT ---        0 0 0 1 0 0;
  INPUT ---        0 0 0 1 0 0;
  INPUT ---        0 0 0 1 0 0;
  INPUT ---        0 0 0 1 0 0;
  INPUT ---        0 0 0 1 0 0;
  INPUT ---        0 0 0 1 0 0;
  INPUT ---        0 0 0 1 0 0;
  INPUT ---        0 0 0 1 0 0;
  INPUT ---        0 0 0 1 0 0;
  INPUT ---        0 0 0 1 0 0;
  INPUT ---        0 0 0 1 0 0;
  INPUT ---        0 0 0 1 0 0;
  INPUT ---        0 0 0 1 0 0;
  INPUT ---        0 0 0 1 0 0;
  INPUT ---        0 0 0 1 0 0;
  INPUT ---        0 0 0 1 0 0;
  INPUT ---        0 0 0 1 0 0;
  INPUT ---        0 0 0 1 0 0;
  INPUT ---        0 0 0 1 0 0;
  INPUT ---        0 0 0 1 0 0;
  INPUT ---        0 0 0 1 0 0;

  Program  MARK  - Survival Rate Estimation with Capture-Recapture Data
   gfortran(dble) Vers. 9.0 Mar 2018    25-Mar-2020 14:19:46    Page  004
 - - - - - - - - - - - - - - - - - - - - - - - - - - - - - - - - - - - - - -
 
  INPUT ---        0 0 0 1 0 0;
  INPUT ---        0 0 0 1 0 0;
  INPUT ---        0 0 0 1 0 0;
  INPUT ---        0 0 0 1 0 0;
  INPUT ---        0 0 0 1 0 0;
  INPUT ---        0 0 0 1 0 0;
  INPUT ---        0 0 0 1 0 0;
  INPUT ---        0 0 0 1 0 0;
  INPUT ---        0 0 0 1 0 0;
  INPUT ---        0 0 0 1 0 0;
  INPUT ---        0 0 0 1 0 0;
  INPUT ---        0 0 0 1 0 0;
  INPUT ---        0 0 0 1 0 0;
  INPUT ---        0 0 0 1 0 0;
  INPUT ---        0 0 0 1 0 0;

  INPUT ---    links=69;

  INPUT ---    Logit;

  INPUT ---    Logit;

  INPUT ---    Logit;

  INPUT ---    Log;

  INPUT ---    Log;

  INPUT ---    mlogit(1);

  INPUT ---    mlogit(1);

  INPUT ---    mlogit(1);

  INPUT ---    mlogit(1);

  INPUT ---    mlogit(1);

  INPUT ---    mlogit(1);

  INPUT ---    mlogit(1);

  INPUT ---    mlogit(1);

  INPUT ---    mlogit(1);


  Program  MARK  - Survival Rate Estimation with Capture-Recapture Data
   gfortran(dble) Vers. 9.0 Mar 2018    25-Mar-2020 14:19:46    Page  005
 - - - - - - - - - - - - - - - - - - - - - - - - - - - - - - - - - - - - - -
 
  INPUT ---    mlogit(1);

  INPUT ---    mlogit(1);

  INPUT ---    mlogit(1);

  INPUT ---    mlogit(1);

  INPUT ---    mlogit(1);

  INPUT ---    mlogit(1);

  INPUT ---    mlogit(1);

  INPUT ---    mlogit(1);

  INPUT ---    mlogit(1);

  INPUT ---    mlogit(1);

  INPUT ---    mlogit(1);

  INPUT ---    mlogit(1);

  INPUT ---    mlogit(1);

  INPUT ---    mlogit(1);

  INPUT ---    mlogit(1);

  INPUT ---    mlogit(1);

  INPUT ---    mlogit(1);

  INPUT ---    mlogit(1);

  INPUT ---    mlogit(1);

  INPUT ---    mlogit(1);

  INPUT ---    mlogit(1);

  INPUT ---    mlogit(1);

  INPUT ---    mlogit(1);


  Program  MARK  - Survival Rate Estimation with Capture-Recapture Data
   gfortran(dble) Vers. 9.0 Mar 2018    25-Mar-2020 14:19:46    Page  006
 - - - - - - - - - - - - - - - - - - - - - - - - - - - - - - - - - - - - - -
 
  INPUT ---    mlogit(2);

  INPUT ---    mlogit(2);

  INPUT ---    mlogit(2);

  INPUT ---    mlogit(2);

  INPUT ---    mlogit(2);

  INPUT ---    mlogit(2);

  INPUT ---    mlogit(2);

  INPUT ---    mlogit(2);

  INPUT ---    mlogit(2);

  INPUT ---    mlogit(2);

  INPUT ---    mlogit(2);

  INPUT ---    mlogit(2);

  INPUT ---    mlogit(2);

  INPUT ---    mlogit(2);

  INPUT ---    mlogit(2);

  INPUT ---    mlogit(2);

  INPUT ---    mlogit(2);

  INPUT ---    mlogit(2);

  INPUT ---    mlogit(2);

  INPUT ---    mlogit(2);

  INPUT ---    mlogit(2);

  INPUT ---    mlogit(2);

  INPUT ---    mlogit(2);


  Program  MARK  - Survival Rate Estimation with Capture-Recapture Data
   gfortran(dble) Vers. 9.0 Mar 2018    25-Mar-2020 14:19:46    Page  007
 - - - - - - - - - - - - - - - - - - - - - - - - - - - - - - - - - - - - - -
 
  INPUT ---    mlogit(2);

  INPUT ---    mlogit(2);

  INPUT ---    mlogit(2);

  INPUT ---    mlogit(2);

  INPUT ---    mlogit(2);

  INPUT ---    mlogit(2);

  INPUT ---    mlogit(2);

  INPUT ---    mlogit(2);

  INPUT ---    mlogit(2);
  INPUT ---       blabel(1)=Phi:(Intercept);
  INPUT ---       blabel(2)=Phi:sexM;
  INPUT ---       blabel(3)=p:(Intercept);
  INPUT ---       blabel(4)=pent:(Intercept);
  INPUT ---       blabel(5)=N:(Intercept);
  INPUT ---       blabel(6)=N:sexM;
  INPUT ---       rlabel(1)=Phi gF a0 t1;
  INPUT ---       rlabel(2)=Phi gM a0 t1;
  INPUT ---       rlabel(3)=p gF a0 t1;
  INPUT ---       rlabel(4)=N gF a0 t1;
  INPUT ---       rlabel(5)=N gM a0 t1;
  INPUT ---       rlabel(6)=pent gF a0.00547945205479452 t1.00547945205479;
  INPUT ---       rlabel(7)=pent gF a0.00821917808219178 t1.00821917808219;
  INPUT ---       rlabel(8)=pent gF a0.010958904109589 t1.01095890410959;
  INPUT ---       rlabel(9)=pent gF a0.0164383561643836 t1.01643835616438;
  INPUT ---       rlabel(10)=pent gF a0.0246575342465753 t1.02465753424658;
  INPUT ---       rlabel(11)=pent gF a0.0273972602739726 t1.02739726027397;
  INPUT ---       rlabel(12)=pent gF a0.0301369863013699 t1.03013698630137;
  INPUT ---       rlabel(13)=pent gF a0.0356164383561644 t1.03561643835616;
  INPUT ---       rlabel(14)=pent gF a0.0410958904109589 t1.04109589041096;
  INPUT ---       rlabel(15)=pent gF a0.0493150684931507 t1.04931506849315;
  INPUT ---       rlabel(16)=pent gF a0.0520547945205479 t1.05205479452055;
  INPUT ---       rlabel(17)=pent gF a0.0657534246575342 t1.06575342465753;
  INPUT ---       rlabel(18)=pent gF a0.0712328767123288 t1.07123287671233;
  INPUT ---       rlabel(19)=pent gF a0.0986301369863014 t1.0986301369863;
  INPUT ---       rlabel(20)=pent gF a0.101369863013699 t1.1013698630137;
  INPUT ---       rlabel(21)=pent gF a0.106849315068493 t1.10684931506849;
  INPUT ---       rlabel(22)=pent gF a0.10958904109589 t1.10958904109589;
  INPUT ---       rlabel(23)=pent gF a0.120547945205479 t1.12054794520548;

  Program  MARK  - Survival Rate Estimation with Capture-Recapture Data
   gfortran(dble) Vers. 9.0 Mar 2018    25-Mar-2020 14:19:46    Page  008
 - - - - - - - - - - - - - - - - - - - - - - - - - - - - - - - - - - - - - -
 
  INPUT ---       rlabel(24)=pent gF a0.350684931506849 t1.35068493150685;
  INPUT ---       rlabel(25)=pent gF a0.358904109589041 t1.35890410958904;
  INPUT ---       rlabel(26)=pent gF a0.613698630136986 t1.61369863013699;
  INPUT ---       rlabel(27)=pent gF a0.638356164383562 t1.63835616438356;
  INPUT ---       rlabel(28)=pent gF a0.646575342465753 t1.64657534246575;
  INPUT ---       rlabel(29)=pent gF a0.649315068493151 t1.64931506849315;
  INPUT ---       rlabel(30)=pent gF a0.652054794520548 t1.65205479452055;
  INPUT ---       rlabel(31)=pent gF a0.704109589041096 t1.7041095890411;
  INPUT ---       rlabel(32)=pent gF a0.706849315068493 t1.70684931506849;
  INPUT ---       rlabel(33)=pent gF a0.70958904109589 t1.70958904109589;
  INPUT ---       rlabel(34)=pent gF a0.827397260273973 t1.82739726027397;
  INPUT ---       rlabel(35)=pent gF a1.4027397260274 t2.4027397260274;
  INPUT ---       rlabel(36)=pent gF a1.40547945205479 t2.40547945205479;
  INPUT ---       rlabel(37)=pent gF a1.40821917808219 t2.40821917808219;
  INPUT ---       rlabel(38)=pent gM a0.00547945205479452 t1.00547945205479;
  INPUT ---       rlabel(39)=pent gM a0.00821917808219178 t1.00821917808219;
  INPUT ---       rlabel(40)=pent gM a0.010958904109589 t1.01095890410959;
  INPUT ---       rlabel(41)=pent gM a0.0164383561643836 t1.01643835616438;
  INPUT ---       rlabel(42)=pent gM a0.0246575342465753 t1.02465753424658;
  INPUT ---       rlabel(43)=pent gM a0.0273972602739726 t1.02739726027397;
  INPUT ---       rlabel(44)=pent gM a0.0301369863013699 t1.03013698630137;
  INPUT ---       rlabel(45)=pent gM a0.0356164383561644 t1.03561643835616;
  INPUT ---       rlabel(46)=pent gM a0.0410958904109589 t1.04109589041096;
  INPUT ---       rlabel(47)=pent gM a0.0493150684931507 t1.04931506849315;
  INPUT ---       rlabel(48)=pent gM a0.0520547945205479 t1.05205479452055;
  INPUT ---       rlabel(49)=pent gM a0.0657534246575342 t1.06575342465753;
  INPUT ---       rlabel(50)=pent gM a0.0712328767123288 t1.07123287671233;
  INPUT ---       rlabel(51)=pent gM a0.0986301369863014 t1.0986301369863;
  INPUT ---       rlabel(52)=pent gM a0.101369863013699 t1.1013698630137;
  INPUT ---       rlabel(53)=pent gM a0.106849315068493 t1.10684931506849;
  INPUT ---       rlabel(54)=pent gM a0.10958904109589 t1.10958904109589;
  INPUT ---       rlabel(55)=pent gM a0.120547945205479 t1.12054794520548;
  INPUT ---       rlabel(56)=pent gM a0.350684931506849 t1.35068493150685;
  INPUT ---       rlabel(57)=pent gM a0.358904109589041 t1.35890410958904;
  INPUT ---       rlabel(58)=pent gM a0.613698630136986 t1.61369863013699;
  INPUT ---       rlabel(59)=pent gM a0.638356164383562 t1.63835616438356;
  INPUT ---       rlabel(60)=pent gM a0.646575342465753 t1.64657534246575;
  INPUT ---       rlabel(61)=pent gM a0.649315068493151 t1.64931506849315;
  INPUT ---       rlabel(62)=pent gM a0.652054794520548 t1.65205479452055;
  INPUT ---       rlabel(63)=pent gM a0.704109589041096 t1.7041095890411;
  INPUT ---       rlabel(64)=pent gM a0.706849315068493 t1.70684931506849;
  INPUT ---       rlabel(65)=pent gM a0.70958904109589 t1.70958904109589;
  INPUT ---       rlabel(66)=pent gM a0.827397260273973 t1.82739726027397;
  INPUT ---       rlabel(67)=pent gM a1.4027397260274 t2.4027397260274;
  INPUT ---       rlabel(68)=pent gM a1.40547945205479 t2.40547945205479;
  INPUT ---       rlabel(69)=pent gM a1.40821917808219 t2.40821917808219;

  Program  MARK  - Survival Rate Estimation with Capture-Recapture Data
   gfortran(dble) Vers. 9.0 Mar 2018    25-Mar-2020 14:19:46    Page  009
 - - - - - - - - - - - - - - - - - - - - - - - - - - - - - - - - - - - - - -
 

 Link Function Used is PARM-SPECIFIC

 Variance Estimation Procedure Used is 2ndPart 

 M(t+1):
      16     29



 Group: 1

 U(t)+UL(t):
       0    2    2    0    1    0    3    1    1    0    0    0    0    0    1
       0    0    0    2    1    1    0    0    0    1    0    0    0    0    0
       0    0    0

 U(t):
       0    2    2    0    1    0    3    1    1    0    0    0    0    0    1
       0    0    0    2    1    1    0    0    0    1    0    0    0    0    0
       0    0    0

 UL(t):
       0    0    0    0    0    0    0    0    0    0    0    0    0    0    0
       0    0    0    0    0    0    0    0    0    0    0    0    0    0    0
       0    0    0

 Not Released(t):
       0    0    0    0    0    0    0    0    0    0    0    0    0    0    0
       0    0    0    0    0    0    0    0    0    0    0    0    0    0    0
       0    0    0

 Group: 2

 U(t)+UL(t):
       3    0    1    1    1    1    1    0    1    1    2    1    3    3    1
       1    0    2    3    1    0    0    1    0    0    0    0    0    0    1
       0    0    0

 U(t):
       3    0    1    1    1    1    1    0    1    1    2    1    3    3    1
       1    0    2    3    1    0    0    1    0    0    0    0    0    0    1
       0    0    0

 UL(t):
       0    0    0    0    0    0    0    0    0    0    0    0    0    0    0
       0    0    0    0    0    0    0    0    0    0    0    0    0    0    0
       0    0    0

 Not Released(t):
       0    0    0    0    0    0    0    0    0    0    0    0    0    0    0
       0    0    0    0    0    0    0    0    0    0    0    0    0    0    0
       0    0    0
 -2logL(saturated) = 272.93564     
 Effective Sample Size = 103

 Number of function evaluations was 25 for 6 parameters.
 Time for numerical optimization was 0.11 seconds.     
 -2logL { Phi(~sex)p(~1)pent(~1)N(~sex) } = 553.04940     
 Penalty { Phi(~sex)p(~1)pent(~1)N(~sex) } = 0.0000000     
 Gradient { Phi(~sex)p(~1)pent(~1)N(~sex) }:
 -0.5528804E-05  0.3904921E-05  0.8768607E-05   0.000000      0.5329917E-05
  0.6710023E-05
 Maximum ABS(G) { Phi(~sex)p(~1)pent(~1)N(~sex) } = 0.8768607E-05 
 S Vector { Phi(~sex)p(~1)pent(~1)N(~sex) }:
   82.20865      8.396839      2.801802      1.696771     0.4487267    
  0.3801885    
 Time to compute number of parameters was 0.02 seconds.     
 Ratio Threshold = 50.000000       Max Gap (1/2) = 9.7904291       Next Max Gap (1/2) = 9.7904291     
 Gap Method for Num. of Estimated Parameters { Phi(~sex)p(~1)pent(~1)N(~sex) } = 6          
 Threshold { Phi(~sex)p(~1)pent(~1)N(~sex) } = 0.1753721E-04                 
 Numerical Threshold Method for Num. of Estimated Parameters { Phi(~sex)p(~1)pent(~1)N(~sex) } = 6          
 Number of Estimated Parameters { Phi(~sex)p(~1)pent(~1)N(~sex) } = 6          
 DEVIANCE { Phi(~sex)p(~1)pent(~1)N(~sex) } = 280.11376                     
 DEVIANCE Degrees of Freedom { Phi(~sex)p(~1)pent(~1)N(~sex) } = 35            
 c-hat { Phi(~sex)p(~1)pent(~1)N(~sex) } = 8.0032503                     
 AIC { Phi(~sex)p(~1)pent(~1)N(~sex) } = 565.04940                  
 AICc { Phi(~sex)p(~1)pent(~1)N(~sex) } = 565.92440                    
 BIC { Phi(~sex)p(~1)pent(~1)N(~sex) } = 580.85778                    
 Pearson Chisquare { Phi(~sex)p(~1)pent(~1)N(~sex) } = 23267691.                  


              PARM-SPECIFIC Link Function Parameters of { Phi(~sex)p(~1)pent(~1)N(~sex) }
                                                              95% Confidence Interval
 Parameter                    Beta         Standard Error      Lower           Upper
 -------------------------  --------------  --------------  --------------  --------------
    1:Phi:(Intercept)       -1.7598716       1.0102089      -3.7398811       0.2201380    
    2:Phi:sexM               2.9075790       1.3545016       0.2527558       5.5624023    
    3:p:(Intercept)         -2.4803221       0.1758494      -2.8249869      -2.1356572    
    4:pent:(Intercept)      -4.5743890       1.4177310      -7.3531418      -1.7956361    
    5:N:(Intercept)          1.8628567       0.6777989       0.5343708       3.1913426    
    6:N:sexM                -0.1370146       0.7621246      -1.6307790       1.3567497    


              Real Function Parameters of { Phi(~sex)p(~1)pent(~1)N(~sex) }
                                                               95% Confidence Interval
  Parameter                  Estimate       Standard Error      Lower           Upper
 --------------------------  --------------  --------------  --------------  --------------
     1:Phi gF a0 t1           0.1468064       0.1265330       0.0232056       0.5548133                          
     2:Phi gM a0 t1           0.7590919       0.2181604       0.2331664       0.9702848                          
     3:p gF a0 t1             0.0772492       0.0125349       0.0559888       0.1056791                          
     4:N gF a0 t1             22.442114       4.3664575       17.930468       37.497808                          
     5:N gM a0 t1             34.617249       4.2814323       30.490886       50.164253                          
     6:pent gF a0.005479452   0.0077538       0.0082653       0.9506669E-03   0.0603029                          
     7:pent gF a0.008219178   0.0077538       0.0082653       0.9506669E-03   0.0603029                          

  Program  MARK  - Survival Rate Estimation with Capture-Recapture Data
   gfortran(dble) Vers. 9.0 Mar 2018    25-Mar-2020 14:19:46    Page  010
 - - - - - - - - - - - - - - - - - - - - - - - - - - - - - - - - - - - - - -
 
     8:pent gF a0.010958904   0.0077538       0.0082653       0.9506669E-03   0.0603029                          
     9:pent gF a0.016438356   0.0077538       0.0082653       0.9506669E-03   0.0603029                          
    10:pent gF a0.024657534   0.0077538       0.0082653       0.9506669E-03   0.0603029                          
    11:pent gF a0.027397260   0.0077538       0.0082653       0.9506669E-03   0.0603029                          
    12:pent gF a0.030136986   0.0077538       0.0082653       0.9506669E-03   0.0603029                          
    13:pent gF a0.035616438   0.0077538       0.0082653       0.9506669E-03   0.0603029                          
    14:pent gF a0.041095890   0.0077538       0.0082653       0.9506669E-03   0.0603029                          
    15:pent gF a0.049315068   0.0077538       0.0082653       0.9506669E-03   0.0603029                          
    16:pent gF a0.052054794   0.0077538       0.0082653       0.9506669E-03   0.0603029                          
    17:pent gF a0.065753424   0.0077538       0.0082653       0.9506669E-03   0.0603029                          
    18:pent gF a0.071232876   0.0077538       0.0082653       0.9506669E-03   0.0603029                          
    19:pent gF a0.098630136   0.0077538       0.0082653       0.9506669E-03   0.0603029                          
    20:pent gF a0.101369863   0.0077538       0.0082653       0.9506669E-03   0.0603029                          
    21:pent gF a0.106849315   0.0077538       0.0082653       0.9506669E-03   0.0603029                          
    22:pent gF a0.109589041   0.0077538       0.0082653       0.9506669E-03   0.0603029                          
    23:pent gF a0.120547945   0.0077538       0.0082653       0.9506669E-03   0.0603029                          
    24:pent gF a0.350684931   0.0077538       0.0082653       0.9506669E-03   0.0603029                          
    25:pent gF a0.358904109   0.0077538       0.0082653       0.9506669E-03   0.0603029                          
    26:pent gF a0.613698630   0.0077538       0.0082653       0.9506669E-03   0.0603029                          
    27:pent gF a0.638356164   0.0077538       0.0082653       0.9506669E-03   0.0603029                          
    28:pent gF a0.646575342   0.0077538       0.0082653       0.9506669E-03   0.0603029                          
    29:pent gF a0.649315068   0.0077538       0.0082653       0.9506669E-03   0.0603029                          
    30:pent gF a0.652054794   0.0077538       0.0082653       0.9506669E-03   0.0603029                          
    31:pent gF a0.704109589   0.0077538       0.0082653       0.9506669E-03   0.0603029                          
    32:pent gF a0.706849315   0.0077538       0.0082653       0.9506669E-03   0.0603029                          
    33:pent gF a0.709589041   0.0077538       0.0082653       0.9506669E-03   0.0603029                          
    34:pent gF a0.827397260   0.0077538       0.0082653       0.9506669E-03   0.0603029                          
    35:pent gF a1.402739726   0.0077538       0.0082653       0.9506669E-03   0.0603029                          
    36:pent gF a1.405479452   0.0077538       0.0082653       0.9506669E-03   0.0603029                          
    37:pent gF a1.408219178   0.0077538       0.0082653       0.9506669E-03   0.0603029                          
    38:pent gM a0.005479452   0.0077538       0.0082653       0.9506669E-03   0.0603029                          
    39:pent gM a0.008219178   0.0077538       0.0082653       0.9506669E-03   0.0603029                          
    40:pent gM a0.010958904   0.0077538       0.0082653       0.9506669E-03   0.0603029                          
    41:pent gM a0.016438356   0.0077538       0.0082653       0.9506669E-03   0.0603029                          
    42:pent gM a0.024657534   0.0077538       0.0082653       0.9506669E-03   0.0603029                          
    43:pent gM a0.027397260   0.0077538       0.0082653       0.9506669E-03   0.0603029                          
    44:pent gM a0.030136986   0.0077538       0.0082653       0.9506669E-03   0.0603029                          
    45:pent gM a0.035616438   0.0077538       0.0082653       0.9506669E-03   0.0603029                          
    46:pent gM a0.041095890   0.0077538       0.0082653       0.9506669E-03   0.0603029                          
    47:pent gM a0.049315068   0.0077538       0.0082653       0.9506669E-03   0.0603029                          
    48:pent gM a0.052054794   0.0077538       0.0082653       0.9506669E-03   0.0603029                          
    49:pent gM a0.065753424   0.0077538       0.0082653       0.9506669E-03   0.0603029                          
    50:pent gM a0.071232876   0.0077538       0.0082653       0.9506669E-03   0.0603029                          
    51:pent gM a0.098630136   0.0077538       0.0082653       0.9506669E-03   0.0603029                          
    52:pent gM a0.101369863   0.0077538       0.0082653       0.9506669E-03   0.0603029                          
    53:pent gM a0.106849315   0.0077538       0.0082653       0.9506669E-03   0.0603029                          

  Program  MARK  - Survival Rate Estimation with Capture-Recapture Data
   gfortran(dble) Vers. 9.0 Mar 2018    25-Mar-2020 14:19:46    Page  011
 - - - - - - - - - - - - - - - - - - - - - - - - - - - - - - - - - - - - - -
 
    54:pent gM a0.109589041   0.0077538       0.0082653       0.9506669E-03   0.0603029                          
    55:pent gM a0.120547945   0.0077538       0.0082653       0.9506669E-03   0.0603029                          
    56:pent gM a0.350684931   0.0077538       0.0082653       0.9506669E-03   0.0603029                          
    57:pent gM a0.358904109   0.0077538       0.0082653       0.9506669E-03   0.0603029                          
    58:pent gM a0.613698630   0.0077538       0.0082653       0.9506669E-03   0.0603029                          
    59:pent gM a0.638356164   0.0077538       0.0082653       0.9506669E-03   0.0603029                          
    60:pent gM a0.646575342   0.0077538       0.0082653       0.9506669E-03   0.0603029                          
    61:pent gM a0.649315068   0.0077538       0.0082653       0.9506669E-03   0.0603029                          
    62:pent gM a0.652054794   0.0077538       0.0082653       0.9506669E-03   0.0603029                          
    63:pent gM a0.704109589   0.0077538       0.0082653       0.9506669E-03   0.0603029                          
    64:pent gM a0.706849315   0.0077538       0.0082653       0.9506669E-03   0.0603029                          
    65:pent gM a0.709589041   0.0077538       0.0082653       0.9506669E-03   0.0603029                          
    66:pent gM a0.827397260   0.0077538       0.0082653       0.9506669E-03   0.0603029                          
    67:pent gM a1.402739726   0.0077538       0.0082653       0.9506669E-03   0.0603029                          
    68:pent gM a1.405479452   0.0077538       0.0082653       0.9506669E-03   0.0603029                          
    69:pent gM a1.408219178   0.0077538       0.0082653       0.9506669E-03   0.0603029                          


                      Estimates of Derived Parameters
  Gross Birth+Immigration Estimates of { Phi(~sex)p(~1)pent(~1)N(~sex) }
                                                95% Confidence Interval
 Grp. Occ.   B*-hat          Standard Error      Lower           Upper
 ---- ----   --------------  --------------  --------------  --------------
   1     1    0.1749283       0.2079956       0.0277845       1.1013310    
   1     2    0.1744698       0.2073516       0.0277278       1.0978051    
   1     3    0.1744698       0.2073516       0.0277278       1.0978051    
   1     4    0.1749283       0.2079956       0.0277845       1.1013310    
   1     5    0.1753877       0.2086409       0.0278412       1.1048654    
   1     6    0.1744698       0.2073516       0.0277278       1.0978051    
   1     7    0.1744698       0.2073516       0.0277278       1.0978051    
   1     8    0.1749283       0.2079956       0.0277845       1.1013310    
   1     9    0.1749283       0.2079956       0.0277845       1.1013310    
   1    10    0.1753877       0.2086409       0.0278412       1.1048654    
   1    11    0.1744698       0.2073516       0.0277278       1.0978051    
   1    12    0.1763088       0.2099360       0.0279550       1.1119593    
   1    13    0.1749283       0.2079956       0.0277845       1.1013310    
   1    14    0.1786256       0.2131992       0.0282403       1.1298413    
   1    15    0.1744698       0.2073516       0.0277278       1.0978051    
   1    16    0.1749283       0.2079956       0.0277845       1.1013310    
   1    17    0.1744698       0.2073516       0.0277278       1.0978051    
   1    18    0.1758478       0.2092877       0.0278981       1.1084081    
   1    19    0.2152476       0.2657391       0.0326482       1.4191131    
   1    20    0.1753877       0.2086409       0.0278412       1.1048654    
   1    21    0.2199974       0.2726674       0.0332085       1.4574235    
   1    22    0.1781606       0.2125437       0.0281831       1.1262481    

  Program  MARK  - Survival Rate Estimation with Capture-Recapture Data
   gfortran(dble) Vers. 9.0 Mar 2018    25-Mar-2020 14:19:46    Page  012
 - - - - - - - - - - - - - - - - - - - - - - - - - - - - - - - - - - - - - -
 
   1    23    0.1753877       0.2086409       0.0278412       1.1048654    
   1    24    0.1744698       0.2073516       0.0277278       1.0978051    
   1    25    0.1744698       0.2073516       0.0277278       1.0978051    
   1    26    0.1828463       0.2191647       0.0287579       1.1625599    
   1    27    0.1744698       0.2073516       0.0277278       1.0978051    
   1    28    0.1744698       0.2073516       0.0277278       1.0978051    
   1    29    0.1944183       0.2356488       0.0301628       1.2531490    
   1    30    0.2873771       0.3728994       0.0409914       2.0147044    
   1    31    0.1744698       0.2073516       0.0277278       1.0978051    
   1    32    0.1744698       0.2073516       0.0277278       1.0978051    
   2     1    0.2686185       0.3101497       0.0442224       1.6316599    
   2     2    0.2685171       0.3099803       0.0442148       1.6307094    
   2     3    0.2685171       0.3099803       0.0442148       1.6307094    
   2     4    0.2686185       0.3101497       0.0442224       1.6316599    
   2     5    0.2687199       0.3103191       0.0442300       1.6326110    
   2     6    0.2685171       0.3099803       0.0442148       1.6307094    
   2     7    0.2685171       0.3099803       0.0442148       1.6307094    
   2     8    0.2686185       0.3101497       0.0442224       1.6316599    
   2     9    0.2686185       0.3101497       0.0442224       1.6316599    
   2    10    0.2687199       0.3103191       0.0442300       1.6326110    
   2    11    0.2685171       0.3099803       0.0442148       1.6307094    
   2    12    0.2689228       0.3106582       0.0442452       1.6345147    
   2    13    0.2686185       0.3101497       0.0442224       1.6316599    
   2    14    0.2694305       0.3115074       0.0442833       1.6392829    
   2    15    0.2685171       0.3099803       0.0442148       1.6307094    
   2    16    0.2686185       0.3101497       0.0442224       1.6316599    
   2    17    0.2685171       0.3099803       0.0442148       1.6307094    
   2    18    0.2688213       0.3104886       0.0442376       1.6335626    
   2    19    0.2770190       0.3243183       0.0448409       1.7113748    
   2    20    0.2687199       0.3103191       0.0442300       1.6326110    
   2    21    0.2779514       0.3259073       0.0449081       1.7203372    
   2    22    0.2693289       0.3113374       0.0442757       1.6383282    
   2    23    0.2687199       0.3103191       0.0442300       1.6326110    
   2    24    0.2685171       0.3099803       0.0442148       1.6307094    
   2    25    0.2685171       0.3099803       0.0442148       1.6307094    
   2    26    0.2703460       0.3130413       0.0443516       1.6478986    
   2    27    0.2685171       0.3099803       0.0442148       1.6307094    
   2    28    0.2685171       0.3099803       0.0442148       1.6307094    
   2    29    0.2727973       0.3171644       0.0445331       1.6710798    
   2    30    0.2902611       0.3471713       0.0457718       1.8406876    
   2    31    0.2685171       0.3099803       0.0442148       1.6307094    
   2    32    0.2685171       0.3099803       0.0442148       1.6307094    

   Net Birth+Immigration Estimates of { Phi(~sex)p(~1)pent(~1)N(~sex) }
                                                95% Confidence Interval
 Grp. Occ.   B-hat           Standard Error      Lower           Upper
 ---- ----   --------------  --------------  --------------  --------------
   1     1    0.1740120       0.2067092       0.0276711       1.0942876    
   1     2    0.1740120       0.2067092       0.0276711       1.0942876    
   1     3    0.1740120       0.2067092       0.0276711       1.0942876    
   1     4    0.1740120       0.2067092       0.0276711       1.0942876    
   1     5    0.1740120       0.2067092       0.0276711       1.0942876    
   1     6    0.1740120       0.2067092       0.0276711       1.0942876    
   1     7    0.1740120       0.2067092       0.0276711       1.0942876    
   1     8    0.1740120       0.2067092       0.0276711       1.0942876    
   1     9    0.1740120       0.2067092       0.0276711       1.0942876    
   1    10    0.1740120       0.2067092       0.0276711       1.0942876    
   1    11    0.1740120       0.2067092       0.0276711       1.0942876    
   1    12    0.1740120       0.2067092       0.0276711       1.0942876    
   1    13    0.1740120       0.2067092       0.0276711       1.0942876    
   1    14    0.1740120       0.2067092       0.0276711       1.0942876    
   1    15    0.1740120       0.2067092       0.0276711       1.0942876    
   1    16    0.1740120       0.2067092       0.0276711       1.0942876    
   1    17    0.1740120       0.2067092       0.0276711       1.0942876    
   1    18    0.1740120       0.2067092       0.0276711       1.0942876    
   1    19    0.1740120       0.2067092       0.0276711       1.0942876    
   1    20    0.1740120       0.2067092       0.0276711       1.0942876    
   1    21    0.1740120       0.2067092       0.0276711       1.0942876    
   1    22    0.1740120       0.2067092       0.0276711       1.0942876    
   1    23    0.1740120       0.2067092       0.0276711       1.0942876    
   1    24    0.1740120       0.2067092       0.0276711       1.0942876    
   1    25    0.1740120       0.2067092       0.0276711       1.0942876    
   1    26    0.1740120       0.2067092       0.0276711       1.0942876    
   1    27    0.1740120       0.2067092       0.0276711       1.0942876    
   1    28    0.1740120       0.2067092       0.0276711       1.0942876    
   1    29    0.1740120       0.2067092       0.0276711       1.0942876    
   1    30    0.1740120       0.2067092       0.0276711       1.0942876    
   1    31    0.1740120       0.2067092       0.0276711       1.0942876    
   1    32    0.1740120       0.2067092       0.0276711       1.0942876    
   2     1    0.2684157       0.3098110       0.0442071       1.6297594    
   2     2    0.2684157       0.3098110       0.0442071       1.6297594    
   2     3    0.2684157       0.3098110       0.0442071       1.6297594    
   2     4    0.2684157       0.3098110       0.0442071       1.6297594    
   2     5    0.2684157       0.3098110       0.0442071       1.6297594    
   2     6    0.2684157       0.3098110       0.0442071       1.6297594    
   2     7    0.2684157       0.3098110       0.0442071       1.6297594    
   2     8    0.2684157       0.3098110       0.0442071       1.6297594    
   2     9    0.2684157       0.3098110       0.0442071       1.6297594    
   2    10    0.2684157       0.3098110       0.0442071       1.6297594    
   2    11    0.2684157       0.3098110       0.0442071       1.6297594    
   2    12    0.2684157       0.3098110       0.0442071       1.6297594    
   2    13    0.2684157       0.3098110       0.0442071       1.6297594    
   2    14    0.2684157       0.3098110       0.0442071       1.6297594    
   2    15    0.2684157       0.3098110       0.0442071       1.6297594    
   2    16    0.2684157       0.3098110       0.0442071       1.6297594    
   2    17    0.2684157       0.3098110       0.0442071       1.6297594    
   2    18    0.2684157       0.3098110       0.0442071       1.6297594    
   2    19    0.2684157       0.3098110       0.0442071       1.6297594    
   2    20    0.2684157       0.3098110       0.0442071       1.6297594    
   2    21    0.2684157       0.3098110       0.0442071       1.6297594    
   2    22    0.2684157       0.3098110       0.0442071       1.6297594    
   2    23    0.2684157       0.3098110       0.0442071       1.6297594    
   2    24    0.2684157       0.3098110       0.0442071       1.6297594    
   2    25    0.2684157       0.3098110       0.0442071       1.6297594    
   2    26    0.2684157       0.3098110       0.0442071       1.6297594    
   2    27    0.2684157       0.3098110       0.0442071       1.6297594    
   2    28    0.2684157       0.3098110       0.0442071       1.6297594    
   2    29    0.2684157       0.3098110       0.0442071       1.6297594    
   2    30    0.2684157       0.3098110       0.0442071       1.6297594    
   2    31    0.2684157       0.3098110       0.0442071       1.6297594    
   2    32    0.2684157       0.3098110       0.0442071       1.6297594    

        Population Estimates of { Phi(~sex)p(~1)pent(~1)N(~sex) }
                                                95% Confidence Interval
 Grp. Occ.   N-hat           Standard Error      Lower           Upper
 ---- ----   --------------  --------------  --------------  --------------
   1     1    16.873730       4.8727573       9.6895586       29.384491    
   1     2    16.871276       4.6850856       9.8888187       28.784018    
   1     3    16.956836       4.5185493       10.148379       28.333025    
   1     4    17.041947       4.3566590       10.407491       27.905665    

  Program  MARK  - Survival Rate Estimation with Capture-Recapture Data
   gfortran(dble) Vers. 9.0 Mar 2018    25-Mar-2020 14:19:46    Page  013
 - - - - - - - - - - - - - - - - - - - - - - - - - - - - - - - - - - - - - -
 
   1     5    17.037734       4.1850803       10.601740       27.380824    
   1     6    16.945174       4.0062520       10.728222       26.764820    
   1     7    17.030347       3.8598518       10.982718       26.408100    
   1     8    17.115073       3.7198147       11.233228       26.076718    
   1     9    17.110095       3.5750837       11.410134       25.657485    
   1    10    17.105169       3.4382566       11.580260       25.265996    
   1    11    17.011554       3.3002093       11.671651       24.794519    
   1    12    17.096379       3.1900105       11.896867       24.568331    
   1    13    16.826905       3.0564779       11.820619       23.953459    
   1    14    16.824940       2.9572492       11.952954       23.682733    
   1    15    16.137384       2.8326669       11.469575       22.704865    
   1    16    16.226791       2.7580770       11.656810       22.588407    
   1    17    16.231103       2.6933197       11.750565       22.420088    
   1    18    16.320019       2.6441667       11.904168       22.373932    
   1    19    16.154466       2.6005293       11.807013       22.102692    
   1    20    10.561961       2.9525102       6.1695763       18.081473    
   1    21    10.570721       2.9031080       6.2311161       17.932606    
   1    22    6.6573078       2.9946732       2.8700671       15.442060    
   1    23    6.5237035       2.9202981       2.8230074       15.075663    
   1    24    6.5956459       2.8668866       2.9184432       14.906079    
   1    25    6.7350785       2.8298982       3.0557581       14.844527    
   1    26    6.8737801       2.8074266       3.1831428       14.843460    
   1    27    6.3944465       2.7697615       2.8368001       14.413756    
   1    28    6.5349340       2.7677534       2.9477280       14.487552    
   1    29    6.6746849       2.7803381       3.0474834       14.619085    
   1    30    5.4983606       2.6693824       2.2317231       13.546470    
   1    31    1.9971782       1.6725565       0.4785136       8.3356470    
   1    32    2.1607195       1.6602234       0.5685708       8.2113061    
   1    33    2.3234033       1.6733711       0.6544457       8.2485117    
   2     1    26.027945       7.3351361       15.139805       44.746542    
   2     2    26.257080       7.0554860       15.649208       44.055537    
   2     3    26.505675       6.7759285       16.187054       43.402018    
   2     4    26.754083       6.4989426       16.733004       42.776593    
   2     5    26.982122       6.2275598       17.264578       42.169284    
   2     6    27.189479       5.9624762       17.779602       41.579546    
   2     7    27.437371       5.6947788       18.345402       41.035313    
   2     8    27.685075       5.4311476       18.916086       40.519129    
   2     9    27.911709       5.1755685       19.466160       40.021425    
   2    10    28.138001       4.9252355       20.017972       39.551812    
   2    11    28.342743       4.6846377       20.544481       39.101065    
   2    12    28.589763       4.4431134       21.120880       38.699835    
   2    13    28.750434       4.2255001       21.587749       38.289654    
   2    14    28.975460       4.0043343       22.128412       37.941146    
   2    15    29.025890       3.8304938       22.435538       37.552132    
   2    16    29.272395       3.6248750       22.985324       37.279139    
   2    17    29.496633       3.4383534       23.489981       37.039254    

  Program  MARK  - Survival Rate Estimation with Capture-Recapture Data
   gfortran(dble) Vers. 9.0 Mar 2018    25-Mar-2020 14:19:46    Page  014
 - - - - - - - - - - - - - - - - - - - - - - - - - - - - - - - - - - - - - -
 
   2    18    29.742783       3.2633455       24.003040       36.855046    
   2    19    29.921492       3.1206961       24.403077       36.687820    
   2    20    28.350837       3.7323832       21.927259       36.656200    
   2    21    28.555098       3.6098039       22.310172       36.548064    
   2    22    26.886900       4.7597347       19.055152       37.937529    
   2    23    26.973200       4.7496719       19.150745       37.990875    
   2    24    27.180578       4.6676229       19.460009       37.964209    
   2    25    27.428476       4.5732412       19.826553       37.945140    
   2    26    27.676187       4.4972761       20.169119       37.977432    
   2    27    27.550340       4.7005129       19.766817       38.398759    
   2    28    27.797959       4.6551894       20.065419       38.510362    
   2    29    28.045391       4.6291127       20.337824       38.673949    
   2    30    27.417750       5.1995808       18.968297       39.631024    
   2    31    23.665411       7.8677038       12.546007       44.639834    
   2    32    23.915962       7.8021197       12.822879       44.605681    
   2    33    24.166325       7.7480084       13.090258       44.614191    

     Gross Population Estimates of { Phi(~sex)p(~1)pent(~1)N(~sex) }
                                                95% Confidence Interval
 Grp. Occ.   N*-hat          Standard Error      Lower           Upper
 ---- ----   --------------  --------------  --------------  --------------
   1     0    22.701786       4.6449890       15.264269       33.763235    
   2     0    34.670137       4.3550130       27.130012       44.305855    

   CPU Time for the last procedure was 0.14 seconds.     

  Program  MARK  - Survival Rate Estimation with Capture-Recapture Data
   gfortran(dble) Vers. 9.0 Mar 2018    25-Mar-2020 14:19:46    Page  015
 - - - - - - - - - - - - - - - - - - - - - - - - - - - - - - - - - - - - - -
 


  INPUT --- proc stop;

     CPU Time in minutes for this job was 0.00

     Time Start = 14:19:46.219   Time End = 14:19:46.782

     Wall Clock Time in minutes for this job was 0.01


          E X E C U T I O N   S U C C E S S F U L 
