
   Program  MARK  - Survival Rate Estimation with Capture-Recapture Data
   gfortran(dble) Vers. 9.0 Mar 2018    25-Mar-2020 14:33:43    Page  001
 - - - - - - - - - - - - - - - - - - - - - - - - - - - - - - - - - - - - - -
 
   This version was compiled by GCC version 7.2.0 using the options: 
     -cpp -iprefix C:/Program Files/mingw-w64/x86_64-7.2.0-posix-seh-rt_v5-rev1/
     mingw64/bin/../lib/gcc/x86_64-w64-mingw32/7.2.0/ -D_MT -D_REENTRANT
     -U_REENTRANT -D IEEE -D DBLEPRECISION -m64 -mtune=core2 -march=nocona -mthreads
     -O2 -fimplicit-none -fbounds-check -funroll-loops -ftree-vectorize
     -ffpe-summary=invalid,zero,overflow,underflow -fno-unsafe-math-optimizations
     -frounding-math -fsignaling-nans -fopenmp.

   This problem will use 15 of 16 possible threads.


  INPUT --- proc title ;

   CPU Time for the last procedure was 0.01 seconds.     


  INPUT --- proc chmatrix occasions= 33 groups= 2 etype= POPAN Nodes= 
  INPUT --- 101 ICMeans NoHist hist= 41  ;

  INPUT ---    time interval 0.00547945205479452 0.00273972602739726 
  INPUT ---    0.00273972602739726 0.00547945205479452  
  INPUT ---    0.00821917808219178 0.00273972602739726 0.00273972602739726 
  INPUT ---    0.00547945205479452  0.00547945205479452 
  INPUT ---    0.00821917808219178 0.00273972602739726 0.0136986301369863 
  INPUT ---    0.00547945205479452  0.0273972602739726 0.00273972602739726 
  INPUT ---    0.00547945205479452 0.00273972602739726 0.010958904109589  
  INPUT ---    0.23013698630137 0.00821917808219178 0.254794520547945 
  INPUT ---    0.0246575342465753 0.00821917808219178  0.00273972602739726 
  INPUT ---    0.00273972602739726 0.0520547945205479 0.00273972602739726 
  INPUT ---    0.00273972602739726  0.117808219178082 0.575342465753425 
  INPUT ---    0.00273972602739726 0.00273972602739726 ;

  INPUT ---    glabel(1)=sexF;

  INPUT ---    glabel(2)=sexM;

   * *  WARNING  * *   At least a pair of the encounter histories are duplicates. 

      Number of unique encounter histories read was 38.

      Number of individual covariates read was 0.
      Time interval lengths vary and/or not equal to 1.

      Data type number is 19
      Data type is POPAN                                                                                               

   CPU Time for the last procedure was 0.02 seconds.     

  Program  MARK  - Survival Rate Estimation with Capture-Recapture Data
   gfortran(dble) Vers. 9.0 Mar 2018    25-Mar-2020 14:33:43    Page  002
 - - - - - - - - - - - - - - - - - - - - - - - - - - - - - - - - - - - - - -
 


  INPUT --- proc estimate link=Parm-Specific NOLOOP varest=2ndPart    ;


  INPUT --- model={ Phi(~1)p(~1)pent(~1)N(~sex) };

  INPUT ---    group=1 Phi    rows=1 cols=32 Square ;
  INPUT ---        1 1 1 1 1 1 1 1 1 1 1 1 1 1 1 1 1 1 1 1 1 1 1 1 1 1 1 1 1 
  INPUT ---       1 1 1 ;

  INPUT ---    group=2 Phi    rows=1 cols=32 Square ;
  INPUT ---        1 1 1 1 1 1 1 1 1 1 1 1 1 1 1 1 1 1 1 1 1 1 1 1 1 1 1 1 1 
  INPUT ---       1 1 1 ;

  INPUT ---    group=1 p    rows=1 cols=33 Square ;
  INPUT ---        2 2 2 2 2 2 2 2 2 2 2 2 2 2 2 2 2 2 2 2 2 2 2 2 2 2 2 2 2 
  INPUT ---       2 2 2 2 ;

  INPUT ---    group=2 p    rows=1 cols=33 Square ;
  INPUT ---        2 2 2 2 2 2 2 2 2 2 2 2 2 2 2 2 2 2 2 2 2 2 2 2 2 2 2 2 2 
  INPUT ---       2 2 2 2 ;

  INPUT ---    group=1 pent    rows=1 cols=32 Square ;
  INPUT ---        5 6 7 8 9 10 11 12 13 14 15 16 17 18 19 20 21 22 23 24 25 
  INPUT ---       26 27 28 29 30 31 32 33 34 35 36 ;

  INPUT ---    group=2 pent    rows=1 cols=32 Square ;
  INPUT ---        37 38 39 40 41 42 43 44 45 46 47 48 49 50 51 52 53 54 55 
  INPUT ---       56 57 58 59 60 61 62 63 64 65 66 67 68 ;

  INPUT ---    group=1 N    rows=1 cols=1 Square ;
  INPUT ---        3 ;

  INPUT ---    group=2 N    rows=1 cols=1 Square ;
  INPUT ---        4 ;

  INPUT ---    design matrix constraints=68 covariates=5;
  INPUT ---        1 0 0 0 0;
  INPUT ---        0 1 0 0 0;
  INPUT ---        0 0 0 1 0;
  INPUT ---        0 0 0 1 1;
  INPUT ---        0 0 1 0 0;
  INPUT ---        0 0 1 0 0;
  INPUT ---        0 0 1 0 0;
  INPUT ---        0 0 1 0 0;

  Program  MARK  - Survival Rate Estimation with Capture-Recapture Data
   gfortran(dble) Vers. 9.0 Mar 2018    25-Mar-2020 14:33:43    Page  003
 - - - - - - - - - - - - - - - - - - - - - - - - - - - - - - - - - - - - - -
 
  INPUT ---        0 0 1 0 0;
  INPUT ---        0 0 1 0 0;
  INPUT ---        0 0 1 0 0;
  INPUT ---        0 0 1 0 0;
  INPUT ---        0 0 1 0 0;
  INPUT ---        0 0 1 0 0;
  INPUT ---        0 0 1 0 0;
  INPUT ---        0 0 1 0 0;
  INPUT ---        0 0 1 0 0;
  INPUT ---        0 0 1 0 0;
  INPUT ---        0 0 1 0 0;
  INPUT ---        0 0 1 0 0;
  INPUT ---        0 0 1 0 0;
  INPUT ---        0 0 1 0 0;
  INPUT ---        0 0 1 0 0;
  INPUT ---        0 0 1 0 0;
  INPUT ---        0 0 1 0 0;
  INPUT ---        0 0 1 0 0;
  INPUT ---        0 0 1 0 0;
  INPUT ---        0 0 1 0 0;
  INPUT ---        0 0 1 0 0;
  INPUT ---        0 0 1 0 0;
  INPUT ---        0 0 1 0 0;
  INPUT ---        0 0 1 0 0;
  INPUT ---        0 0 1 0 0;
  INPUT ---        0 0 1 0 0;
  INPUT ---        0 0 1 0 0;
  INPUT ---        0 0 1 0 0;
  INPUT ---        0 0 1 0 0;
  INPUT ---        0 0 1 0 0;
  INPUT ---        0 0 1 0 0;
  INPUT ---        0 0 1 0 0;
  INPUT ---        0 0 1 0 0;
  INPUT ---        0 0 1 0 0;
  INPUT ---        0 0 1 0 0;
  INPUT ---        0 0 1 0 0;
  INPUT ---        0 0 1 0 0;
  INPUT ---        0 0 1 0 0;
  INPUT ---        0 0 1 0 0;
  INPUT ---        0 0 1 0 0;
  INPUT ---        0 0 1 0 0;
  INPUT ---        0 0 1 0 0;
  INPUT ---        0 0 1 0 0;
  INPUT ---        0 0 1 0 0;
  INPUT ---        0 0 1 0 0;
  INPUT ---        0 0 1 0 0;

  Program  MARK  - Survival Rate Estimation with Capture-Recapture Data
   gfortran(dble) Vers. 9.0 Mar 2018    25-Mar-2020 14:33:43    Page  004
 - - - - - - - - - - - - - - - - - - - - - - - - - - - - - - - - - - - - - -
 
  INPUT ---        0 0 1 0 0;
  INPUT ---        0 0 1 0 0;
  INPUT ---        0 0 1 0 0;
  INPUT ---        0 0 1 0 0;
  INPUT ---        0 0 1 0 0;
  INPUT ---        0 0 1 0 0;
  INPUT ---        0 0 1 0 0;
  INPUT ---        0 0 1 0 0;
  INPUT ---        0 0 1 0 0;
  INPUT ---        0 0 1 0 0;
  INPUT ---        0 0 1 0 0;
  INPUT ---        0 0 1 0 0;
  INPUT ---        0 0 1 0 0;
  INPUT ---        0 0 1 0 0;

  INPUT ---    links=68;

  INPUT ---    Logit;

  INPUT ---    Logit;

  INPUT ---    Log;

  INPUT ---    Log;

  INPUT ---    mlogit(1);

  INPUT ---    mlogit(1);

  INPUT ---    mlogit(1);

  INPUT ---    mlogit(1);

  INPUT ---    mlogit(1);

  INPUT ---    mlogit(1);

  INPUT ---    mlogit(1);

  INPUT ---    mlogit(1);

  INPUT ---    mlogit(1);

  INPUT ---    mlogit(1);

  INPUT ---    mlogit(1);

  Program  MARK  - Survival Rate Estimation with Capture-Recapture Data
   gfortran(dble) Vers. 9.0 Mar 2018    25-Mar-2020 14:33:43    Page  005
 - - - - - - - - - - - - - - - - - - - - - - - - - - - - - - - - - - - - - -
 

  INPUT ---    mlogit(1);

  INPUT ---    mlogit(1);

  INPUT ---    mlogit(1);

  INPUT ---    mlogit(1);

  INPUT ---    mlogit(1);

  INPUT ---    mlogit(1);

  INPUT ---    mlogit(1);

  INPUT ---    mlogit(1);

  INPUT ---    mlogit(1);

  INPUT ---    mlogit(1);

  INPUT ---    mlogit(1);

  INPUT ---    mlogit(1);

  INPUT ---    mlogit(1);

  INPUT ---    mlogit(1);

  INPUT ---    mlogit(1);

  INPUT ---    mlogit(1);

  INPUT ---    mlogit(1);

  INPUT ---    mlogit(1);

  INPUT ---    mlogit(1);

  INPUT ---    mlogit(1);

  INPUT ---    mlogit(1);

  INPUT ---    mlogit(2);

  INPUT ---    mlogit(2);

  Program  MARK  - Survival Rate Estimation with Capture-Recapture Data
   gfortran(dble) Vers. 9.0 Mar 2018    25-Mar-2020 14:33:44    Page  006
 - - - - - - - - - - - - - - - - - - - - - - - - - - - - - - - - - - - - - -
 

  INPUT ---    mlogit(2);

  INPUT ---    mlogit(2);

  INPUT ---    mlogit(2);

  INPUT ---    mlogit(2);

  INPUT ---    mlogit(2);

  INPUT ---    mlogit(2);

  INPUT ---    mlogit(2);

  INPUT ---    mlogit(2);

  INPUT ---    mlogit(2);

  INPUT ---    mlogit(2);

  INPUT ---    mlogit(2);

  INPUT ---    mlogit(2);

  INPUT ---    mlogit(2);

  INPUT ---    mlogit(2);

  INPUT ---    mlogit(2);

  INPUT ---    mlogit(2);

  INPUT ---    mlogit(2);

  INPUT ---    mlogit(2);

  INPUT ---    mlogit(2);

  INPUT ---    mlogit(2);

  INPUT ---    mlogit(2);

  INPUT ---    mlogit(2);

  INPUT ---    mlogit(2);

  Program  MARK  - Survival Rate Estimation with Capture-Recapture Data
   gfortran(dble) Vers. 9.0 Mar 2018    25-Mar-2020 14:33:44    Page  007
 - - - - - - - - - - - - - - - - - - - - - - - - - - - - - - - - - - - - - -
 

  INPUT ---    mlogit(2);

  INPUT ---    mlogit(2);

  INPUT ---    mlogit(2);

  INPUT ---    mlogit(2);

  INPUT ---    mlogit(2);

  INPUT ---    mlogit(2);

  INPUT ---    mlogit(2);
  INPUT ---       blabel(1)=Phi:(Intercept);
  INPUT ---       blabel(2)=p:(Intercept);
  INPUT ---       blabel(3)=pent:(Intercept);
  INPUT ---       blabel(4)=N:(Intercept);
  INPUT ---       blabel(5)=N:sexM;
  INPUT ---       rlabel(1)=Phi gF a0 t1;
  INPUT ---       rlabel(2)=p gF a0 t1;
  INPUT ---       rlabel(3)=N gF a0 t1;
  INPUT ---       rlabel(4)=N gM a0 t1;
  INPUT ---       rlabel(5)=pent gF a0.00547945205479452 t1.00547945205479;
  INPUT ---       rlabel(6)=pent gF a0.00821917808219178 t1.00821917808219;
  INPUT ---       rlabel(7)=pent gF a0.010958904109589 t1.01095890410959;
  INPUT ---       rlabel(8)=pent gF a0.0164383561643836 t1.01643835616438;
  INPUT ---       rlabel(9)=pent gF a0.0246575342465753 t1.02465753424658;
  INPUT ---       rlabel(10)=pent gF a0.0273972602739726 t1.02739726027397;
  INPUT ---       rlabel(11)=pent gF a0.0301369863013699 t1.03013698630137;
  INPUT ---       rlabel(12)=pent gF a0.0356164383561644 t1.03561643835616;
  INPUT ---       rlabel(13)=pent gF a0.0410958904109589 t1.04109589041096;
  INPUT ---       rlabel(14)=pent gF a0.0493150684931507 t1.04931506849315;
  INPUT ---       rlabel(15)=pent gF a0.0520547945205479 t1.05205479452055;
  INPUT ---       rlabel(16)=pent gF a0.0657534246575342 t1.06575342465753;
  INPUT ---       rlabel(17)=pent gF a0.0712328767123288 t1.07123287671233;
  INPUT ---       rlabel(18)=pent gF a0.0986301369863014 t1.0986301369863;
  INPUT ---       rlabel(19)=pent gF a0.101369863013699 t1.1013698630137;
  INPUT ---       rlabel(20)=pent gF a0.106849315068493 t1.10684931506849;
  INPUT ---       rlabel(21)=pent gF a0.10958904109589 t1.10958904109589;
  INPUT ---       rlabel(22)=pent gF a0.120547945205479 t1.12054794520548;
  INPUT ---       rlabel(23)=pent gF a0.350684931506849 t1.35068493150685;
  INPUT ---       rlabel(24)=pent gF a0.358904109589041 t1.35890410958904;
  INPUT ---       rlabel(25)=pent gF a0.613698630136986 t1.61369863013699;
  INPUT ---       rlabel(26)=pent gF a0.638356164383562 t1.63835616438356;
  INPUT ---       rlabel(27)=pent gF a0.646575342465753 t1.64657534246575;

  Program  MARK  - Survival Rate Estimation with Capture-Recapture Data
   gfortran(dble) Vers. 9.0 Mar 2018    25-Mar-2020 14:33:44    Page  008
 - - - - - - - - - - - - - - - - - - - - - - - - - - - - - - - - - - - - - -
 
  INPUT ---       rlabel(28)=pent gF a0.649315068493151 t1.64931506849315;
  INPUT ---       rlabel(29)=pent gF a0.652054794520548 t1.65205479452055;
  INPUT ---       rlabel(30)=pent gF a0.704109589041096 t1.7041095890411;
  INPUT ---       rlabel(31)=pent gF a0.706849315068493 t1.70684931506849;
  INPUT ---       rlabel(32)=pent gF a0.70958904109589 t1.70958904109589;
  INPUT ---       rlabel(33)=pent gF a0.827397260273973 t1.82739726027397;
  INPUT ---       rlabel(34)=pent gF a1.4027397260274 t2.4027397260274;
  INPUT ---       rlabel(35)=pent gF a1.40547945205479 t2.40547945205479;
  INPUT ---       rlabel(36)=pent gF a1.40821917808219 t2.40821917808219;
  INPUT ---       rlabel(37)=pent gM a0.00547945205479452 t1.00547945205479;
  INPUT ---       rlabel(38)=pent gM a0.00821917808219178 t1.00821917808219;
  INPUT ---       rlabel(39)=pent gM a0.010958904109589 t1.01095890410959;
  INPUT ---       rlabel(40)=pent gM a0.0164383561643836 t1.01643835616438;
  INPUT ---       rlabel(41)=pent gM a0.0246575342465753 t1.02465753424658;
  INPUT ---       rlabel(42)=pent gM a0.0273972602739726 t1.02739726027397;
  INPUT ---       rlabel(43)=pent gM a0.0301369863013699 t1.03013698630137;
  INPUT ---       rlabel(44)=pent gM a0.0356164383561644 t1.03561643835616;
  INPUT ---       rlabel(45)=pent gM a0.0410958904109589 t1.04109589041096;
  INPUT ---       rlabel(46)=pent gM a0.0493150684931507 t1.04931506849315;
  INPUT ---       rlabel(47)=pent gM a0.0520547945205479 t1.05205479452055;
  INPUT ---       rlabel(48)=pent gM a0.0657534246575342 t1.06575342465753;
  INPUT ---       rlabel(49)=pent gM a0.0712328767123288 t1.07123287671233;
  INPUT ---       rlabel(50)=pent gM a0.0986301369863014 t1.0986301369863;
  INPUT ---       rlabel(51)=pent gM a0.101369863013699 t1.1013698630137;
  INPUT ---       rlabel(52)=pent gM a0.106849315068493 t1.10684931506849;
  INPUT ---       rlabel(53)=pent gM a0.10958904109589 t1.10958904109589;
  INPUT ---       rlabel(54)=pent gM a0.120547945205479 t1.12054794520548;
  INPUT ---       rlabel(55)=pent gM a0.350684931506849 t1.35068493150685;
  INPUT ---       rlabel(56)=pent gM a0.358904109589041 t1.35890410958904;
  INPUT ---       rlabel(57)=pent gM a0.613698630136986 t1.61369863013699;
  INPUT ---       rlabel(58)=pent gM a0.638356164383562 t1.63835616438356;
  INPUT ---       rlabel(59)=pent gM a0.646575342465753 t1.64657534246575;
  INPUT ---       rlabel(60)=pent gM a0.649315068493151 t1.64931506849315;
  INPUT ---       rlabel(61)=pent gM a0.652054794520548 t1.65205479452055;
  INPUT ---       rlabel(62)=pent gM a0.704109589041096 t1.7041095890411;
  INPUT ---       rlabel(63)=pent gM a0.706849315068493 t1.70684931506849;
  INPUT ---       rlabel(64)=pent gM a0.70958904109589 t1.70958904109589;
  INPUT ---       rlabel(65)=pent gM a0.827397260273973 t1.82739726027397;
  INPUT ---       rlabel(66)=pent gM a1.4027397260274 t2.4027397260274;
  INPUT ---       rlabel(67)=pent gM a1.40547945205479 t2.40547945205479;
  INPUT ---       rlabel(68)=pent gM a1.40821917808219 t2.40821917808219;

 Link Function Used is PARM-SPECIFIC

 Variance Estimation Procedure Used is 2ndPart 

  Program  MARK  - Survival Rate Estimation with Capture-Recapture Data
   gfortran(dble) Vers. 9.0 Mar 2018    25-Mar-2020 14:33:44    Page  009
 - - - - - - - - - - - - - - - - - - - - - - - - - - - - - - - - - - - - - -
 

 M(t+1):
      16     29



 Group: 1

 U(t)+UL(t):
       0    2    2    0    1    0    3    1    1    0    0    0    0    0    1
       0    0    0    2    1    1    0    0    0    1    0    0    0    0    0
       0    0    0

 U(t):
       0    2    2    0    1    0    3    1    1    0    0    0    0    0    1
       0    0    0    2    1    1    0    0    0    1    0    0    0    0    0
       0    0    0

 UL(t):
       0    0    0    0    0    0    0    0    0    0    0    0    0    0    0
       0    0    0    0    0    0    0    0    0    0    0    0    0    0    0
       0    0    0

 Not Released(t):
       0    0    0    0    0    0    0    0    0    0    0    0    0    0    0
       0    0    0    0    0    0    0    0    0    0    0    0    0    0    0
       0    0    0

 Group: 2

 U(t)+UL(t):
       3    0    1    1    1    1    1    0    1    1    2    1    3    3    1
       1    0    2    3    1    0    0    1    0    0    0    0    0    0    1
       0    0    0

 U(t):
       3    0    1    1    1    1    1    0    1    1    2    1    3    3    1
       1    0    2    3    1    0    0    1    0    0    0    0    0    0    1
       0    0    0

 UL(t):
       0    0    0    0    0    0    0    0    0    0    0    0    0    0    0
       0    0    0    0    0    0    0    0    0    0    0    0    0    0    0
       0    0    0

 Not Released(t):
       0    0    0    0    0    0    0    0    0    0    0    0    0    0    0
       0    0    0    0    0    0    0    0    0    0    0    0    0    0    0
       0    0    0
 -2logL(saturated) = 272.93564     
 Effective Sample Size = 103

 Number of function evaluations was 26 for 5 parameters.
 Time for numerical optimization was 0.08 seconds.     
 -2logL { Phi(~1)p(~1)pent(~1)N(~sex) } = 559.43303     
 Penalty { Phi(~1)p(~1)pent(~1)N(~sex) } = 0.0000000     
 Gradient { Phi(~1)p(~1)pent(~1)N(~sex) }:
 -0.6143794E-05 -0.4324150E-05 -0.3686388E-05   0.000000      0.4583694E-05
 Maximum ABS(G) { Phi(~1)p(~1)pent(~1)N(~sex) } = 0.6143794E-05 
 S Vector { Phi(~1)p(~1)pent(~1)N(~sex) }:
   84.22763      7.997900      3.121182     0.9966434     0.1508933    
 Time to compute number of parameters was 0.01 seconds.     
 Ratio Threshold = 50.000000       Max Gap (1/2) = 10.531218       Next Max Gap (1/2) = 10.531218     
 Gap Method for Num. of Estimated Parameters { Phi(~1)p(~1)pent(~1)N(~sex) } = 5          
 Threshold { Phi(~1)p(~1)pent(~1)N(~sex) } = 0.1228759E-04                 
 Numerical Threshold Method for Num. of Estimated Parameters { Phi(~1)p(~1)pent(~1)N(~sex) } = 5          
 Number of Estimated Parameters { Phi(~1)p(~1)pent(~1)N(~sex) } = 5          
 DEVIANCE { Phi(~1)p(~1)pent(~1)N(~sex) } = 286.49739                     
 DEVIANCE Degrees of Freedom { Phi(~1)p(~1)pent(~1)N(~sex) } = 36            
 c-hat { Phi(~1)p(~1)pent(~1)N(~sex) } = 7.9582607                     
 AIC { Phi(~1)p(~1)pent(~1)N(~sex) } = 569.43303                  
 AICc { Phi(~1)p(~1)pent(~1)N(~sex) } = 570.05159                    
 BIC { Phi(~1)p(~1)pent(~1)N(~sex) } = 582.60667                    
 Pearson Chisquare { Phi(~1)p(~1)pent(~1)N(~sex) } = 44403619.                  


               PARM-SPECIFIC Link Function Parameters of { Phi(~1)p(~1)pent(~1)N(~sex) }
                                                              95% Confidence Interval
 Parameter                    Beta         Standard Error      Lower           Upper
 -------------------------  --------------  --------------  --------------  --------------
    1:Phi:(Intercept)        0.2418049       0.7296273      -1.1882646       1.6718744    
    2:p:(Intercept)         -2.5287368       0.1808608      -2.8832240      -2.1742496    
    3:pent:(Intercept)      -5.2088360       2.4395386      -9.9903318      -0.4273402    
    4:N:(Intercept)          1.1720821       0.9551154      -0.6999441       3.0441083    
    5:N:sexM                 0.6644618       0.8119145      -0.9268907       2.2558144    


               Real Function Parameters of { Phi(~1)p(~1)pent(~1)N(~sex) }
                                                               95% Confidence Interval
  Parameter                  Estimate       Standard Error      Lower           Upper
 --------------------------  --------------  --------------  --------------  --------------
     1:Phi gF a0 t1           0.5601584       0.1797663       0.2335694       0.8418256                          
     2:p gF a0 t1             0.0738680       0.0123730       0.0529891       0.1020868                          
     3:N gF a0 t1             19.228708       3.0837887       16.666293       31.645608                          
     4:N gM a0 t1             35.274814       4.9333202       30.610948       53.441071                          
     5:pent gF a0.005479452   0.0046537       0.0096623       0.7837838E-04   0.2180688                          
     6:pent gF a0.008219178   0.0046537       0.0096623       0.7837838E-04   0.2180688                          
     7:pent gF a0.010958904   0.0046537       0.0096623       0.7837838E-04   0.2180688                          
     8:pent gF a0.016438356   0.0046537       0.0096623       0.7837838E-04   0.2180688                          
     9:pent gF a0.024657534   0.0046537       0.0096623       0.7837838E-04   0.2180688                          
    10:pent gF a0.027397260   0.0046537       0.0096623       0.7837838E-04   0.2180688                          
    11:pent gF a0.030136986   0.0046537       0.0096623       0.7837838E-04   0.2180688                          
    12:pent gF a0.035616438   0.0046537       0.0096623       0.7837838E-04   0.2180688                          

  Program  MARK  - Survival Rate Estimation with Capture-Recapture Data
   gfortran(dble) Vers. 9.0 Mar 2018    25-Mar-2020 14:33:44    Page  010
 - - - - - - - - - - - - - - - - - - - - - - - - - - - - - - - - - - - - - -
 
    13:pent gF a0.041095890   0.0046537       0.0096623       0.7837838E-04   0.2180688                          
    14:pent gF a0.049315068   0.0046537       0.0096623       0.7837838E-04   0.2180688                          
    15:pent gF a0.052054794   0.0046537       0.0096623       0.7837838E-04   0.2180688                          
    16:pent gF a0.065753424   0.0046537       0.0096623       0.7837838E-04   0.2180688                          
    17:pent gF a0.071232876   0.0046537       0.0096623       0.7837838E-04   0.2180688                          
    18:pent gF a0.098630136   0.0046537       0.0096623       0.7837838E-04   0.2180688                          
    19:pent gF a0.101369863   0.0046537       0.0096623       0.7837838E-04   0.2180688                          
    20:pent gF a0.106849315   0.0046537       0.0096623       0.7837838E-04   0.2180688                          
    21:pent gF a0.109589041   0.0046537       0.0096623       0.7837838E-04   0.2180688                          
    22:pent gF a0.120547945   0.0046537       0.0096623       0.7837838E-04   0.2180688                          
    23:pent gF a0.350684931   0.0046537       0.0096623       0.7837838E-04   0.2180688                          
    24:pent gF a0.358904109   0.0046537       0.0096623       0.7837838E-04   0.2180688                          
    25:pent gF a0.613698630   0.0046537       0.0096623       0.7837838E-04   0.2180688                          
    26:pent gF a0.638356164   0.0046537       0.0096623       0.7837838E-04   0.2180688                          
    27:pent gF a0.646575342   0.0046537       0.0096623       0.7837838E-04   0.2180688                          
    28:pent gF a0.649315068   0.0046537       0.0096623       0.7837838E-04   0.2180688                          
    29:pent gF a0.652054794   0.0046537       0.0096623       0.7837838E-04   0.2180688                          
    30:pent gF a0.704109589   0.0046537       0.0096623       0.7837838E-04   0.2180688                          
    31:pent gF a0.706849315   0.0046537       0.0096623       0.7837838E-04   0.2180688                          
    32:pent gF a0.709589041   0.0046537       0.0096623       0.7837838E-04   0.2180688                          
    33:pent gF a0.827397260   0.0046537       0.0096623       0.7837838E-04   0.2180688                          
    34:pent gF a1.402739726   0.0046537       0.0096623       0.7837838E-04   0.2180688                          
    35:pent gF a1.405479452   0.0046537       0.0096623       0.7837838E-04   0.2180688                          
    36:pent gF a1.408219178   0.0046537       0.0096623       0.7837838E-04   0.2180688                          
    37:pent gM a0.005479452   0.0046537       0.0096623       0.7837838E-04   0.2180688                          
    38:pent gM a0.008219178   0.0046537       0.0096623       0.7837838E-04   0.2180688                          
    39:pent gM a0.010958904   0.0046537       0.0096623       0.7837838E-04   0.2180688                          
    40:pent gM a0.016438356   0.0046537       0.0096623       0.7837838E-04   0.2180688                          
    41:pent gM a0.024657534   0.0046537       0.0096623       0.7837838E-04   0.2180688                          
    42:pent gM a0.027397260   0.0046537       0.0096623       0.7837838E-04   0.2180688                          
    43:pent gM a0.030136986   0.0046537       0.0096623       0.7837838E-04   0.2180688                          
    44:pent gM a0.035616438   0.0046537       0.0096623       0.7837838E-04   0.2180688                          
    45:pent gM a0.041095890   0.0046537       0.0096623       0.7837838E-04   0.2180688                          
    46:pent gM a0.049315068   0.0046537       0.0096623       0.7837838E-04   0.2180688                          
    47:pent gM a0.052054794   0.0046537       0.0096623       0.7837838E-04   0.2180688                          
    48:pent gM a0.065753424   0.0046537       0.0096623       0.7837838E-04   0.2180688                          
    49:pent gM a0.071232876   0.0046537       0.0096623       0.7837838E-04   0.2180688                          
    50:pent gM a0.098630136   0.0046537       0.0096623       0.7837838E-04   0.2180688                          
    51:pent gM a0.101369863   0.0046537       0.0096623       0.7837838E-04   0.2180688                          
    52:pent gM a0.106849315   0.0046537       0.0096623       0.7837838E-04   0.2180688                          
    53:pent gM a0.109589041   0.0046537       0.0096623       0.7837838E-04   0.2180688                          
    54:pent gM a0.120547945   0.0046537       0.0096623       0.7837838E-04   0.2180688                          
    55:pent gM a0.350684931   0.0046537       0.0096623       0.7837838E-04   0.2180688                          
    56:pent gM a0.358904109   0.0046537       0.0096623       0.7837838E-04   0.2180688                          
    57:pent gM a0.613698630   0.0046537       0.0096623       0.7837838E-04   0.2180688                          
    58:pent gM a0.638356164   0.0046537       0.0096623       0.7837838E-04   0.2180688                          

  Program  MARK  - Survival Rate Estimation with Capture-Recapture Data
   gfortran(dble) Vers. 9.0 Mar 2018    25-Mar-2020 14:33:44    Page  011
 - - - - - - - - - - - - - - - - - - - - - - - - - - - - - - - - - - - - - -
 
    59:pent gM a0.646575342   0.0046537       0.0096623       0.7837838E-04   0.2180688                          
    60:pent gM a0.649315068   0.0046537       0.0096623       0.7837838E-04   0.2180688                          
    61:pent gM a0.652054794   0.0046537       0.0096623       0.7837838E-04   0.2180688                          
    62:pent gM a0.704109589   0.0046537       0.0096623       0.7837838E-04   0.2180688                          
    63:pent gM a0.706849315   0.0046537       0.0096623       0.7837838E-04   0.2180688                          
    64:pent gM a0.709589041   0.0046537       0.0096623       0.7837838E-04   0.2180688                          
    65:pent gM a0.827397260   0.0046537       0.0096623       0.7837838E-04   0.2180688                          
    66:pent gM a1.402739726   0.0046537       0.0096623       0.7837838E-04   0.2180688                          
    67:pent gM a1.405479452   0.0046537       0.0096623       0.7837838E-04   0.2180688                          
    68:pent gM a1.408219178   0.0046537       0.0096623       0.7837838E-04   0.2180688                          


                      Estimates of Derived Parameters
   Gross Birth+Immigration Estimates of { Phi(~1)p(~1)pent(~1)N(~sex) }
                                                95% Confidence Interval
 Grp. Occ.   B*-hat          Standard Error      Lower           Upper
 ---- ----   --------------  --------------  --------------  --------------
   1     1    0.0896275       0.1959296       0.0066840       1.2018332    
   1     2    0.0895564       0.1957495       0.0066798       1.2006949    
   1     3    0.0895564       0.1957495       0.0066798       1.2006949    
   1     4    0.0896275       0.1959296       0.0066840       1.2018332    
   1     5    0.0896986       0.1961098       0.0066883       1.2029723    
   1     6    0.0895564       0.1957495       0.0066798       1.2006949    
   1     7    0.0895564       0.1957495       0.0066798       1.2006949    
   1     8    0.0896275       0.1959296       0.0066840       1.2018332    
   1     9    0.0896275       0.1959296       0.0066840       1.2018332    
   1    10    0.0896986       0.1961098       0.0066883       1.2029723    
   1    11    0.0895564       0.1957495       0.0066798       1.2006949    
   1    12    0.0898410       0.1964705       0.0066969       1.2052528    
   1    13    0.0896275       0.1959296       0.0066840       1.2018332    
   1    14    0.0901976       0.1973742       0.0067183       1.2109668    
   1    15    0.0895564       0.1957495       0.0066798       1.2006949    
   1    16    0.0896275       0.1959296       0.0066840       1.2018332    
   1    17    0.0895564       0.1957495       0.0066798       1.2006949    
   1    18    0.0897698       0.1962901       0.0066926       1.2041122    
   1    19    0.0955854       0.2110800       0.0070406       1.2976921    
   1    20    0.0896986       0.1961098       0.0066883       1.2029723    
   1    21    0.0962547       0.2127892       0.0070805       1.3085154    
   1    22    0.0901262       0.1971933       0.0067140       1.2098225    
   1    23    0.0896986       0.1961098       0.0066883       1.2029723    
   1    24    0.0895564       0.1957495       0.0066798       1.2006949    
   1    25    0.0895564       0.1957495       0.0066798       1.2006949    
   1    26    0.0908419       0.1990081       0.0067570       1.2212984    
   1    27    0.0895564       0.1957495       0.0066798       1.2006949    
   1    28    0.0895564       0.1957495       0.0066798       1.2006949    

  Program  MARK  - Survival Rate Estimation with Capture-Recapture Data
   gfortran(dble) Vers. 9.0 Mar 2018    25-Mar-2020 14:33:44    Page  012
 - - - - - - - - - - - - - - - - - - - - - - - - - - - - - - - - - - - - - -
 
   1    29    0.0925749       0.2034098       0.0068608       1.2491421    
   1    30    0.1052315       0.2358384       0.0076126       1.4546431    
   1    31    0.0895564       0.1957495       0.0066798       1.2006949    
   1    32    0.0895564       0.1957495       0.0066798       1.2006949    
   2     1    0.1644205       0.3589661       0.0122812       2.2012632    
   2     2    0.1642901       0.3586362       0.0122733       2.1991775    
   2     3    0.1642901       0.3586362       0.0122733       2.1991775    
   2     4    0.1644205       0.3589661       0.0122812       2.2012632    
   2     5    0.1645510       0.3592963       0.0122890       2.2033502    
   2     6    0.1642901       0.3586362       0.0122733       2.1991775    
   2     7    0.1642901       0.3586362       0.0122733       2.1991775    
   2     8    0.1644205       0.3589661       0.0122812       2.2012632    
   2     9    0.1644205       0.3589661       0.0122812       2.2012632    
   2    10    0.1645510       0.3592963       0.0122890       2.2033502    
   2    11    0.1642901       0.3586362       0.0122733       2.1991775    
   2    12    0.1648122       0.3599573       0.0123047       2.2075283    
   2    13    0.1644205       0.3589661       0.0122812       2.2012632    
   2    14    0.1654664       0.3616135       0.0123441       2.2179973    
   2    15    0.1642901       0.3586362       0.0122733       2.1991775    
   2    16    0.1644205       0.3589661       0.0122812       2.2012632    
   2    17    0.1642901       0.3586362       0.0122733       2.1991775    
   2    18    0.1646816       0.3596267       0.0122969       2.2054386    
   2    19    0.1753502       0.3867304       0.0129361       2.3768937    
   2    20    0.1645510       0.3592963       0.0122890       2.2033502    
   2    21    0.1765780       0.3898625       0.0130093       2.3967242    
   2    22    0.1653354       0.3612819       0.0123362       2.2159008    
   2    23    0.1645510       0.3592963       0.0122890       2.2033502    
   2    24    0.1642901       0.3586362       0.0122733       2.1991775    
   2    25    0.1642901       0.3586362       0.0122733       2.1991775    
   2    26    0.1666483       0.3646076       0.0124151       2.2369267    
   2    27    0.1642901       0.3586362       0.0122733       2.1991775    
   2    28    0.1642901       0.3586362       0.0122733       2.1991775    
   2    29    0.1698274       0.3726741       0.0126058       2.2879411    
   2    30    0.1930458       0.4321025       0.0139866       2.6644619    
   2    31    0.1642901       0.3586362       0.0122733       2.1991775    
   2    32    0.1642901       0.3586362       0.0122733       2.1991775    

    Net Birth+Immigration Estimates of { Phi(~1)p(~1)pent(~1)N(~sex) }
                                                95% Confidence Interval
 Grp. Occ.   B-hat           Standard Error      Lower           Upper
 ---- ----   --------------  --------------  --------------  --------------
   1     1    0.0894854       0.1955696       0.0066755       1.1995572    
   1     2    0.0894854       0.1955696       0.0066755       1.1995572    
   1     3    0.0894854       0.1955696       0.0066755       1.1995572    
   1     4    0.0894854       0.1955696       0.0066755       1.1995572    
   1     5    0.0894854       0.1955696       0.0066755       1.1995572    
   1     6    0.0894854       0.1955696       0.0066755       1.1995572    
   1     7    0.0894854       0.1955696       0.0066755       1.1995572    
   1     8    0.0894854       0.1955696       0.0066755       1.1995572    
   1     9    0.0894854       0.1955696       0.0066755       1.1995572    
   1    10    0.0894854       0.1955696       0.0066755       1.1995572    
   1    11    0.0894854       0.1955696       0.0066755       1.1995572    
   1    12    0.0894854       0.1955696       0.0066755       1.1995572    
   1    13    0.0894854       0.1955696       0.0066755       1.1995572    
   1    14    0.0894854       0.1955696       0.0066755       1.1995572    
   1    15    0.0894854       0.1955696       0.0066755       1.1995572    
   1    16    0.0894854       0.1955696       0.0066755       1.1995572    
   1    17    0.0894854       0.1955696       0.0066755       1.1995572    
   1    18    0.0894854       0.1955696       0.0066755       1.1995572    
   1    19    0.0894854       0.1955696       0.0066755       1.1995572    
   1    20    0.0894854       0.1955696       0.0066755       1.1995572    
   1    21    0.0894854       0.1955696       0.0066755       1.1995572    
   1    22    0.0894854       0.1955696       0.0066755       1.1995572    
   1    23    0.0894854       0.1955696       0.0066755       1.1995572    
   1    24    0.0894854       0.1955696       0.0066755       1.1995572    
   1    25    0.0894854       0.1955696       0.0066755       1.1995572    
   1    26    0.0894854       0.1955696       0.0066755       1.1995572    
   1    27    0.0894854       0.1955696       0.0066755       1.1995572    
   1    28    0.0894854       0.1955696       0.0066755       1.1995572    
   1    29    0.0894854       0.1955696       0.0066755       1.1995572    
   1    30    0.0894854       0.1955696       0.0066755       1.1995572    
   1    31    0.0894854       0.1955696       0.0066755       1.1995572    
   1    32    0.0894854       0.1955696       0.0066755       1.1995572    
   2     1    0.1641597       0.3583064       0.0122655       2.1970932    
   2     2    0.1641597       0.3583064       0.0122655       2.1970932    
   2     3    0.1641597       0.3583064       0.0122655       2.1970932    
   2     4    0.1641597       0.3583064       0.0122655       2.1970932    
   2     5    0.1641597       0.3583064       0.0122655       2.1970932    
   2     6    0.1641597       0.3583064       0.0122655       2.1970932    
   2     7    0.1641597       0.3583064       0.0122655       2.1970932    
   2     8    0.1641597       0.3583064       0.0122655       2.1970932    
   2     9    0.1641597       0.3583064       0.0122655       2.1970932    
   2    10    0.1641597       0.3583064       0.0122655       2.1970932    
   2    11    0.1641597       0.3583064       0.0122655       2.1970932    
   2    12    0.1641597       0.3583064       0.0122655       2.1970932    
   2    13    0.1641597       0.3583064       0.0122655       2.1970932    
   2    14    0.1641597       0.3583064       0.0122655       2.1970932    
   2    15    0.1641597       0.3583064       0.0122655       2.1970932    
   2    16    0.1641597       0.3583064       0.0122655       2.1970932    
   2    17    0.1641597       0.3583064       0.0122655       2.1970932    
   2    18    0.1641597       0.3583064       0.0122655       2.1970932    
   2    19    0.1641597       0.3583064       0.0122655       2.1970932    
   2    20    0.1641597       0.3583064       0.0122655       2.1970932    
   2    21    0.1641597       0.3583064       0.0122655       2.1970932    
   2    22    0.1641597       0.3583064       0.0122655       2.1970932    
   2    23    0.1641597       0.3583064       0.0122655       2.1970932    
   2    24    0.1641597       0.3583064       0.0122655       2.1970932    
   2    25    0.1641597       0.3583064       0.0122655       2.1970932    
   2    26    0.1641597       0.3583064       0.0122655       2.1970932    
   2    27    0.1641597       0.3583064       0.0122655       2.1970932    
   2    28    0.1641597       0.3583064       0.0122655       2.1970932    
   2    29    0.1641597       0.3583064       0.0122655       2.1970932    
   2    30    0.1641597       0.3583064       0.0122655       2.1970932    
   2    31    0.1641597       0.3583064       0.0122655       2.1970932    
   2    32    0.1641597       0.3583064       0.0122655       2.1970932    

         Population Estimates of { Phi(~1)p(~1)pent(~1)N(~sex) }
                                                95% Confidence Interval
 Grp. Occ.   N-hat           Standard Error      Lower           Upper
 ---- ----   --------------  --------------  --------------  --------------
   1     1    16.365177       4.6500525       9.4783460       28.255880    
   1     2    16.402776       4.4785540       9.6977072       27.743781    
   1     3    16.466238       4.3091877       9.9428524       27.269540    
   1     4    16.529600       4.1421926       10.190446       26.812140    
   1     5    16.566678       3.9783840       10.415483       26.350657    
   1     6    16.577439       3.8183490       10.616502       25.885314    
   1     7    16.640624       3.6597121       10.868528       25.478186    
   1     8    16.703709       3.5046659       11.120798       25.089377    
   1     9    16.740235       3.3548606       11.346142       24.698745    
   1    10    16.776646       3.2095112       11.569681       24.327018    

  Program  MARK  - Survival Rate Estimation with Capture-Recapture Data
   gfortran(dble) Vers. 9.0 Mar 2018    25-Mar-2020 14:33:44    Page  013
 - - - - - - - - - - - - - - - - - - - - - - - - - - - - - - - - - - - - - -
 
   1    11    16.786409       3.0705804       11.763376       23.954306    
   1    12    16.849262       2.9340759       12.007658       23.643049    
   1    13    16.805513       2.8101933       12.136479       23.270775    
   1    14    16.841717       2.6878877       12.342069       22.981837    
   1    15    16.665906       2.5874736       12.315695       22.552721    
   1    16    16.728951       2.4773913       12.534152       22.327622    
   1    17    16.765397       2.3790933       12.712280       22.110790    
   1    18    16.828284       2.2901027       12.904217       21.945628    
   1    19    16.811231       2.2170278       12.996500       21.745660    
   1    20    14.801648       2.4131149       10.775690       20.331765    
   1    21    14.820796       2.3351947       10.903688       20.145110    
   1    22    12.875716       2.7043506       8.5686419       19.347763    
   1    23    12.782516       2.6557868       8.5433187       19.125205    
   1    24    12.811259       2.5880064       8.6567271       18.959633    
   1    25    12.880420       2.5224543       8.8063651       18.839238    
   1    26    12.949470       2.4699674       8.9400530       18.757023    
   1    27    12.654135       2.5070640       8.6140649       18.589031    
   1    28    12.723544       2.4753876       8.7204328       18.564282    
   1    29    12.792843       2.4580236       8.8083350       18.579770    
   1    30    12.038058       2.5944365       7.9283138       18.278142    
   1    31    8.7142841       3.1362416       4.3970450       17.270405    
   1    32    8.7899442       3.0824567       4.5091394       17.134781    
   1    33    8.8654842       3.0400257       4.6119946       17.041826    
   2     1    30.021703       8.2576909       17.683062       50.969831    
   2     2    30.090679       7.9289040       18.108789       50.000526    
   2     3    30.207100       7.6018944       18.585425       49.095939    
   2     4    30.323336       7.2779775       19.069009       48.219845    
   2     5    30.391355       6.9598021       19.512004       47.336732    
   2     6    30.411096       6.6485636       19.911516       46.447229    
   2     7    30.527008       6.3356397       20.411742       45.655006    
   2     8    30.642736       6.0275222       20.915921       44.892945    
   2     9    30.709743       5.7288118       21.371754       44.127792    
   2    10    30.776538       5.4364305       21.827927       43.393734    
   2    11    30.794448       5.1558762       22.229929       42.658616    
   2    12    30.909752       4.8736869       22.735432       42.023074    
   2    13    30.829495       4.6216413       23.018075       41.291802    
   2    14    30.895910       4.3638365       23.456630       40.694562    
   2    15    30.573388       4.1658022       23.436527       39.883558    
   2    16    30.689043       3.9250375       23.908729       39.392196    
   2    17    30.755903       3.7075641       24.304450       38.919851    
   2    18    30.871268       3.5036549       24.731856       38.534722    
   2    19    30.839983       3.3394039       24.958094       38.108061    
   2    20    27.153430       3.9382385       20.464875       36.028013    
   2    21    27.188558       3.7720050       20.742206       35.638335    
   2    22    23.620333       4.6449040       16.124291       34.601219    
   2    23    23.449360       4.5525865       16.084120       34.187291    

  Program  MARK  - Survival Rate Estimation with Capture-Recapture Data
   gfortran(dble) Vers. 9.0 Mar 2018    25-Mar-2020 14:33:44    Page  014
 - - - - - - - - - - - - - - - - - - - - - - - - - - - - - - - - - - - - - -
 
   2    24    23.502089       4.4151022       16.314783       33.855685    
   2    25    23.628962       4.2787139       16.616841       33.600119    
   2    26    23.755634       4.1673564       16.887722       33.416595    
   2    27    23.213845       4.2573719       16.252676       33.156545    
   2    28    23.341176       4.1876134       16.467010       33.084967    
   2    29    23.468305       4.1460217       16.643919       33.090844    
   2    30    22.083661       4.4593489       14.924489       32.677036    
   2    31    15.986241       5.6336967       8.1753199       31.259925    
   2    32    16.125038       5.5291167       8.3887900       30.995752    
   2    33    16.263615       5.4456069       8.5849561       30.810313    

      Gross Population Estimates of { Phi(~1)p(~1)pent(~1)N(~sex) }
                                                95% Confidence Interval
 Grp. Occ.   N*-hat          Standard Error      Lower           Upper
 ---- ----   --------------  --------------  --------------  --------------
   1     0    19.266393       3.1529447       14.009354       26.496146    
   2     0    35.343947       5.0735455       26.714511       46.760900    

   CPU Time for the last procedure was 0.08 seconds.     


  INPUT --- proc stop;

     CPU Time in minutes for this job was 0.00

     Time Start = 14:33:43.895   Time End = 14:33:44.216

     Wall Clock Time in minutes for this job was 0.01


          E X E C U T I O N   S U C C E S S F U L 
