
   Program  MARK  - Survival Rate Estimation with Capture-Recapture Data
   gfortran(dble) Vers. 9.0 Mar 2018    25-Mar-2020 14:23:28    Page  001
 - - - - - - - - - - - - - - - - - - - - - - - - - - - - - - - - - - - - - -
 
   This version was compiled by GCC version 7.2.0 using the options: 
     -cpp -iprefix C:/Program Files/mingw-w64/x86_64-7.2.0-posix-seh-rt_v5-rev1/
     mingw64/bin/../lib/gcc/x86_64-w64-mingw32/7.2.0/ -D_MT -D_REENTRANT
     -U_REENTRANT -D IEEE -D DBLEPRECISION -m64 -mtune=core2 -march=nocona -mthreads
     -O2 -fimplicit-none -fbounds-check -funroll-loops -ftree-vectorize
     -ffpe-summary=invalid,zero,overflow,underflow -fno-unsafe-math-optimizations
     -frounding-math -fsignaling-nans -fopenmp.

   This problem will use 15 of 16 possible threads.


  INPUT --- proc title ;

   CPU Time for the last procedure was 0.01 seconds.     


  INPUT --- proc chmatrix occasions= 33 groups= 2 etype= POPAN Nodes= 
  INPUT --- 101 ICMeans NoHist hist= 41  ;

  INPUT ---    time interval 0.00547945205479452 0.00273972602739726 
  INPUT ---    0.00273972602739726 0.00547945205479452  
  INPUT ---    0.00821917808219178 0.00273972602739726 0.00273972602739726 
  INPUT ---    0.00547945205479452  0.00547945205479452 
  INPUT ---    0.00821917808219178 0.00273972602739726 0.0136986301369863 
  INPUT ---    0.00547945205479452  0.0273972602739726 0.00273972602739726 
  INPUT ---    0.00547945205479452 0.00273972602739726 0.010958904109589  
  INPUT ---    0.23013698630137 0.00821917808219178 0.254794520547945 
  INPUT ---    0.0246575342465753 0.00821917808219178  0.00273972602739726 
  INPUT ---    0.00273972602739726 0.0520547945205479 0.00273972602739726 
  INPUT ---    0.00273972602739726  0.117808219178082 0.575342465753425 
  INPUT ---    0.00273972602739726 0.00273972602739726 ;

  INPUT ---    glabel(1)=sexF;

  INPUT ---    glabel(2)=sexM;

   * *  WARNING  * *   At least a pair of the encounter histories are duplicates. 

      Number of unique encounter histories read was 38.

      Number of individual covariates read was 0.
      Time interval lengths vary and/or not equal to 1.

      Data type number is 19
      Data type is POPAN                                                                                               

   CPU Time for the last procedure was 0.02 seconds.     

  Program  MARK  - Survival Rate Estimation with Capture-Recapture Data
   gfortran(dble) Vers. 9.0 Mar 2018    25-Mar-2020 14:23:28    Page  002
 - - - - - - - - - - - - - - - - - - - - - - - - - - - - - - - - - - - - - -
 


  INPUT --- proc estimate link=Parm-Specific NOLOOP varest=2ndPart    ;


  INPUT --- model={ Phi(~sex)p(~1)pent(~sex)N(~sex) };

  INPUT ---    group=1 Phi    rows=1 cols=32 Square ;
  INPUT ---        1 1 1 1 1 1 1 1 1 1 1 1 1 1 1 1 1 1 1 1 1 1 1 1 1 1 1 1 1 
  INPUT ---       1 1 1 ;

  INPUT ---    group=2 Phi    rows=1 cols=32 Square ;
  INPUT ---        2 2 2 2 2 2 2 2 2 2 2 2 2 2 2 2 2 2 2 2 2 2 2 2 2 2 2 2 2 
  INPUT ---       2 2 2 ;

  INPUT ---    group=1 p    rows=1 cols=33 Square ;
  INPUT ---        3 3 3 3 3 3 3 3 3 3 3 3 3 3 3 3 3 3 3 3 3 3 3 3 3 3 3 3 3 
  INPUT ---       3 3 3 3 ;

  INPUT ---    group=2 p    rows=1 cols=33 Square ;
  INPUT ---        3 3 3 3 3 3 3 3 3 3 3 3 3 3 3 3 3 3 3 3 3 3 3 3 3 3 3 3 3 
  INPUT ---       3 3 3 3 ;

  INPUT ---    group=1 pent    rows=1 cols=32 Square ;
  INPUT ---        6 7 8 9 10 11 12 13 14 15 16 17 18 19 20 21 22 23 24 25 26 
  INPUT ---       27 28 29 30 31 32 33 34 35 36 37 ;

  INPUT ---    group=2 pent    rows=1 cols=32 Square ;
  INPUT ---        38 39 40 41 42 43 44 45 46 47 48 49 50 51 52 53 54 55 56 
  INPUT ---       57 58 59 60 61 62 63 64 65 66 67 68 69 ;

  INPUT ---    group=1 N    rows=1 cols=1 Square ;
  INPUT ---        4 ;

  INPUT ---    group=2 N    rows=1 cols=1 Square ;
  INPUT ---        5 ;

  INPUT ---    design matrix constraints=69 covariates=7;
  INPUT ---        1 0 0 0 0 0 0;
  INPUT ---        1 1 0 0 0 0 0;
  INPUT ---        0 0 1 0 0 0 0;
  INPUT ---        0 0 0 0 0 1 0;
  INPUT ---        0 0 0 0 0 1 1;
  INPUT ---        0 0 0 1 0 0 0;
  INPUT ---        0 0 0 1 0 0 0;
  INPUT ---        0 0 0 1 0 0 0;

  Program  MARK  - Survival Rate Estimation with Capture-Recapture Data
   gfortran(dble) Vers. 9.0 Mar 2018    25-Mar-2020 14:23:28    Page  003
 - - - - - - - - - - - - - - - - - - - - - - - - - - - - - - - - - - - - - -
 
  INPUT ---        0 0 0 1 0 0 0;
  INPUT ---        0 0 0 1 0 0 0;
  INPUT ---        0 0 0 1 0 0 0;
  INPUT ---        0 0 0 1 0 0 0;
  INPUT ---        0 0 0 1 0 0 0;
  INPUT ---        0 0 0 1 0 0 0;
  INPUT ---        0 0 0 1 0 0 0;
  INPUT ---        0 0 0 1 0 0 0;
  INPUT ---        0 0 0 1 0 0 0;
  INPUT ---        0 0 0 1 0 0 0;
  INPUT ---        0 0 0 1 0 0 0;
  INPUT ---        0 0 0 1 0 0 0;
  INPUT ---        0 0 0 1 0 0 0;
  INPUT ---        0 0 0 1 0 0 0;
  INPUT ---        0 0 0 1 0 0 0;
  INPUT ---        0 0 0 1 0 0 0;
  INPUT ---        0 0 0 1 0 0 0;
  INPUT ---        0 0 0 1 0 0 0;
  INPUT ---        0 0 0 1 0 0 0;
  INPUT ---        0 0 0 1 0 0 0;
  INPUT ---        0 0 0 1 0 0 0;
  INPUT ---        0 0 0 1 0 0 0;
  INPUT ---        0 0 0 1 0 0 0;
  INPUT ---        0 0 0 1 0 0 0;
  INPUT ---        0 0 0 1 0 0 0;
  INPUT ---        0 0 0 1 0 0 0;
  INPUT ---        0 0 0 1 0 0 0;
  INPUT ---        0 0 0 1 0 0 0;
  INPUT ---        0 0 0 1 0 0 0;
  INPUT ---        0 0 0 1 1 0 0;
  INPUT ---        0 0 0 1 1 0 0;
  INPUT ---        0 0 0 1 1 0 0;
  INPUT ---        0 0 0 1 1 0 0;
  INPUT ---        0 0 0 1 1 0 0;
  INPUT ---        0 0 0 1 1 0 0;
  INPUT ---        0 0 0 1 1 0 0;
  INPUT ---        0 0 0 1 1 0 0;
  INPUT ---        0 0 0 1 1 0 0;
  INPUT ---        0 0 0 1 1 0 0;
  INPUT ---        0 0 0 1 1 0 0;
  INPUT ---        0 0 0 1 1 0 0;
  INPUT ---        0 0 0 1 1 0 0;
  INPUT ---        0 0 0 1 1 0 0;
  INPUT ---        0 0 0 1 1 0 0;
  INPUT ---        0 0 0 1 1 0 0;
  INPUT ---        0 0 0 1 1 0 0;

  Program  MARK  - Survival Rate Estimation with Capture-Recapture Data
   gfortran(dble) Vers. 9.0 Mar 2018    25-Mar-2020 14:23:28    Page  004
 - - - - - - - - - - - - - - - - - - - - - - - - - - - - - - - - - - - - - -
 
  INPUT ---        0 0 0 1 1 0 0;
  INPUT ---        0 0 0 1 1 0 0;
  INPUT ---        0 0 0 1 1 0 0;
  INPUT ---        0 0 0 1 1 0 0;
  INPUT ---        0 0 0 1 1 0 0;
  INPUT ---        0 0 0 1 1 0 0;
  INPUT ---        0 0 0 1 1 0 0;
  INPUT ---        0 0 0 1 1 0 0;
  INPUT ---        0 0 0 1 1 0 0;
  INPUT ---        0 0 0 1 1 0 0;
  INPUT ---        0 0 0 1 1 0 0;
  INPUT ---        0 0 0 1 1 0 0;
  INPUT ---        0 0 0 1 1 0 0;
  INPUT ---        0 0 0 1 1 0 0;
  INPUT ---        0 0 0 1 1 0 0;

  INPUT ---    links=69;

  INPUT ---    Logit;

  INPUT ---    Logit;

  INPUT ---    Logit;

  INPUT ---    Log;

  INPUT ---    Log;

  INPUT ---    mlogit(1);

  INPUT ---    mlogit(1);

  INPUT ---    mlogit(1);

  INPUT ---    mlogit(1);

  INPUT ---    mlogit(1);

  INPUT ---    mlogit(1);

  INPUT ---    mlogit(1);

  INPUT ---    mlogit(1);

  INPUT ---    mlogit(1);


  Program  MARK  - Survival Rate Estimation with Capture-Recapture Data
   gfortran(dble) Vers. 9.0 Mar 2018    25-Mar-2020 14:23:28    Page  005
 - - - - - - - - - - - - - - - - - - - - - - - - - - - - - - - - - - - - - -
 
  INPUT ---    mlogit(1);

  INPUT ---    mlogit(1);

  INPUT ---    mlogit(1);

  INPUT ---    mlogit(1);

  INPUT ---    mlogit(1);

  INPUT ---    mlogit(1);

  INPUT ---    mlogit(1);

  INPUT ---    mlogit(1);

  INPUT ---    mlogit(1);

  INPUT ---    mlogit(1);

  INPUT ---    mlogit(1);

  INPUT ---    mlogit(1);

  INPUT ---    mlogit(1);

  INPUT ---    mlogit(1);

  INPUT ---    mlogit(1);

  INPUT ---    mlogit(1);

  INPUT ---    mlogit(1);

  INPUT ---    mlogit(1);

  INPUT ---    mlogit(1);

  INPUT ---    mlogit(1);

  INPUT ---    mlogit(1);

  INPUT ---    mlogit(1);

  INPUT ---    mlogit(1);


  Program  MARK  - Survival Rate Estimation with Capture-Recapture Data
   gfortran(dble) Vers. 9.0 Mar 2018    25-Mar-2020 14:23:28    Page  006
 - - - - - - - - - - - - - - - - - - - - - - - - - - - - - - - - - - - - - -
 
  INPUT ---    mlogit(2);

  INPUT ---    mlogit(2);

  INPUT ---    mlogit(2);

  INPUT ---    mlogit(2);

  INPUT ---    mlogit(2);

  INPUT ---    mlogit(2);

  INPUT ---    mlogit(2);

  INPUT ---    mlogit(2);

  INPUT ---    mlogit(2);

  INPUT ---    mlogit(2);

  INPUT ---    mlogit(2);

  INPUT ---    mlogit(2);

  INPUT ---    mlogit(2);

  INPUT ---    mlogit(2);

  INPUT ---    mlogit(2);

  INPUT ---    mlogit(2);

  INPUT ---    mlogit(2);

  INPUT ---    mlogit(2);

  INPUT ---    mlogit(2);

  INPUT ---    mlogit(2);

  INPUT ---    mlogit(2);

  INPUT ---    mlogit(2);

  INPUT ---    mlogit(2);


  Program  MARK  - Survival Rate Estimation with Capture-Recapture Data
   gfortran(dble) Vers. 9.0 Mar 2018    25-Mar-2020 14:23:28    Page  007
 - - - - - - - - - - - - - - - - - - - - - - - - - - - - - - - - - - - - - -
 
  INPUT ---    mlogit(2);

  INPUT ---    mlogit(2);

  INPUT ---    mlogit(2);

  INPUT ---    mlogit(2);

  INPUT ---    mlogit(2);

  INPUT ---    mlogit(2);

  INPUT ---    mlogit(2);

  INPUT ---    mlogit(2);

  INPUT ---    mlogit(2);
  INPUT ---       blabel(1)=Phi:(Intercept);
  INPUT ---       blabel(2)=Phi:sexM;
  INPUT ---       blabel(3)=p:(Intercept);
  INPUT ---       blabel(4)=pent:(Intercept);
  INPUT ---       blabel(5)=pent:sexM;
  INPUT ---       blabel(6)=N:(Intercept);
  INPUT ---       blabel(7)=N:sexM;
  INPUT ---       rlabel(1)=Phi gF a0 t1;
  INPUT ---       rlabel(2)=Phi gM a0 t1;
  INPUT ---       rlabel(3)=p gF a0 t1;
  INPUT ---       rlabel(4)=N gF a0 t1;
  INPUT ---       rlabel(5)=N gM a0 t1;
  INPUT ---       rlabel(6)=pent gF a0.00547945205479452 t1.00547945205479;
  INPUT ---       rlabel(7)=pent gF a0.00821917808219178 t1.00821917808219;
  INPUT ---       rlabel(8)=pent gF a0.010958904109589 t1.01095890410959;
  INPUT ---       rlabel(9)=pent gF a0.0164383561643836 t1.01643835616438;
  INPUT ---       rlabel(10)=pent gF a0.0246575342465753 t1.02465753424658;
  INPUT ---       rlabel(11)=pent gF a0.0273972602739726 t1.02739726027397;
  INPUT ---       rlabel(12)=pent gF a0.0301369863013699 t1.03013698630137;
  INPUT ---       rlabel(13)=pent gF a0.0356164383561644 t1.03561643835616;
  INPUT ---       rlabel(14)=pent gF a0.0410958904109589 t1.04109589041096;
  INPUT ---       rlabel(15)=pent gF a0.0493150684931507 t1.04931506849315;
  INPUT ---       rlabel(16)=pent gF a0.0520547945205479 t1.05205479452055;
  INPUT ---       rlabel(17)=pent gF a0.0657534246575342 t1.06575342465753;
  INPUT ---       rlabel(18)=pent gF a0.0712328767123288 t1.07123287671233;
  INPUT ---       rlabel(19)=pent gF a0.0986301369863014 t1.0986301369863;
  INPUT ---       rlabel(20)=pent gF a0.101369863013699 t1.1013698630137;
  INPUT ---       rlabel(21)=pent gF a0.106849315068493 t1.10684931506849;
  INPUT ---       rlabel(22)=pent gF a0.10958904109589 t1.10958904109589;

  Program  MARK  - Survival Rate Estimation with Capture-Recapture Data
   gfortran(dble) Vers. 9.0 Mar 2018    25-Mar-2020 14:23:28    Page  008
 - - - - - - - - - - - - - - - - - - - - - - - - - - - - - - - - - - - - - -
 
  INPUT ---       rlabel(23)=pent gF a0.120547945205479 t1.12054794520548;
  INPUT ---       rlabel(24)=pent gF a0.350684931506849 t1.35068493150685;
  INPUT ---       rlabel(25)=pent gF a0.358904109589041 t1.35890410958904;
  INPUT ---       rlabel(26)=pent gF a0.613698630136986 t1.61369863013699;
  INPUT ---       rlabel(27)=pent gF a0.638356164383562 t1.63835616438356;
  INPUT ---       rlabel(28)=pent gF a0.646575342465753 t1.64657534246575;
  INPUT ---       rlabel(29)=pent gF a0.649315068493151 t1.64931506849315;
  INPUT ---       rlabel(30)=pent gF a0.652054794520548 t1.65205479452055;
  INPUT ---       rlabel(31)=pent gF a0.704109589041096 t1.7041095890411;
  INPUT ---       rlabel(32)=pent gF a0.706849315068493 t1.70684931506849;
  INPUT ---       rlabel(33)=pent gF a0.70958904109589 t1.70958904109589;
  INPUT ---       rlabel(34)=pent gF a0.827397260273973 t1.82739726027397;
  INPUT ---       rlabel(35)=pent gF a1.4027397260274 t2.4027397260274;
  INPUT ---       rlabel(36)=pent gF a1.40547945205479 t2.40547945205479;
  INPUT ---       rlabel(37)=pent gF a1.40821917808219 t2.40821917808219;
  INPUT ---       rlabel(38)=pent gM a0.00547945205479452 t1.00547945205479;
  INPUT ---       rlabel(39)=pent gM a0.00821917808219178 t1.00821917808219;
  INPUT ---       rlabel(40)=pent gM a0.010958904109589 t1.01095890410959;
  INPUT ---       rlabel(41)=pent gM a0.0164383561643836 t1.01643835616438;
  INPUT ---       rlabel(42)=pent gM a0.0246575342465753 t1.02465753424658;
  INPUT ---       rlabel(43)=pent gM a0.0273972602739726 t1.02739726027397;
  INPUT ---       rlabel(44)=pent gM a0.0301369863013699 t1.03013698630137;
  INPUT ---       rlabel(45)=pent gM a0.0356164383561644 t1.03561643835616;
  INPUT ---       rlabel(46)=pent gM a0.0410958904109589 t1.04109589041096;
  INPUT ---       rlabel(47)=pent gM a0.0493150684931507 t1.04931506849315;
  INPUT ---       rlabel(48)=pent gM a0.0520547945205479 t1.05205479452055;
  INPUT ---       rlabel(49)=pent gM a0.0657534246575342 t1.06575342465753;
  INPUT ---       rlabel(50)=pent gM a0.0712328767123288 t1.07123287671233;
  INPUT ---       rlabel(51)=pent gM a0.0986301369863014 t1.0986301369863;
  INPUT ---       rlabel(52)=pent gM a0.101369863013699 t1.1013698630137;
  INPUT ---       rlabel(53)=pent gM a0.106849315068493 t1.10684931506849;
  INPUT ---       rlabel(54)=pent gM a0.10958904109589 t1.10958904109589;
  INPUT ---       rlabel(55)=pent gM a0.120547945205479 t1.12054794520548;
  INPUT ---       rlabel(56)=pent gM a0.350684931506849 t1.35068493150685;
  INPUT ---       rlabel(57)=pent gM a0.358904109589041 t1.35890410958904;
  INPUT ---       rlabel(58)=pent gM a0.613698630136986 t1.61369863013699;
  INPUT ---       rlabel(59)=pent gM a0.638356164383562 t1.63835616438356;
  INPUT ---       rlabel(60)=pent gM a0.646575342465753 t1.64657534246575;
  INPUT ---       rlabel(61)=pent gM a0.649315068493151 t1.64931506849315;
  INPUT ---       rlabel(62)=pent gM a0.652054794520548 t1.65205479452055;
  INPUT ---       rlabel(63)=pent gM a0.704109589041096 t1.7041095890411;
  INPUT ---       rlabel(64)=pent gM a0.706849315068493 t1.70684931506849;
  INPUT ---       rlabel(65)=pent gM a0.70958904109589 t1.70958904109589;
  INPUT ---       rlabel(66)=pent gM a0.827397260273973 t1.82739726027397;
  INPUT ---       rlabel(67)=pent gM a1.4027397260274 t2.4027397260274;
  INPUT ---       rlabel(68)=pent gM a1.40547945205479 t2.40547945205479;

  Program  MARK  - Survival Rate Estimation with Capture-Recapture Data
   gfortran(dble) Vers. 9.0 Mar 2018    25-Mar-2020 14:23:28    Page  009
 - - - - - - - - - - - - - - - - - - - - - - - - - - - - - - - - - - - - - -
 
  INPUT ---       rlabel(69)=pent gM a1.40821917808219 t2.40821917808219;

 Link Function Used is PARM-SPECIFIC

 Variance Estimation Procedure Used is 2ndPart 

 M(t+1):
      16     29



 Group: 1

 U(t)+UL(t):
       0    2    2    0    1    0    3    1    1    0    0    0    0    0    1
       0    0    0    2    1    1    0    0    0    1    0    0    0    0    0
       0    0    0

 U(t):
       0    2    2    0    1    0    3    1    1    0    0    0    0    0    1
       0    0    0    2    1    1    0    0    0    1    0    0    0    0    0
       0    0    0

 UL(t):
       0    0    0    0    0    0    0    0    0    0    0    0    0    0    0
       0    0    0    0    0    0    0    0    0    0    0    0    0    0    0
       0    0    0

 Not Released(t):
       0    0    0    0    0    0    0    0    0    0    0    0    0    0    0
       0    0    0    0    0    0    0    0    0    0    0    0    0    0    0
       0    0    0

 Group: 2

 U(t)+UL(t):
       3    0    1    1    1    1    1    0    1    1    2    1    3    3    1
       1    0    2    3    1    0    0    1    0    0    0    0    0    0    1
       0    0    0

 U(t):
       3    0    1    1    1    1    1    0    1    1    2    1    3    3    1
       1    0    2    3    1    0    0    1    0    0    0    0    0    0    1
       0    0    0

 UL(t):
       0    0    0    0    0    0    0    0    0    0    0    0    0    0    0
       0    0    0    0    0    0    0    0    0    0    0    0    0    0    0
       0    0    0

 Not Released(t):
       0    0    0    0    0    0    0    0    0    0    0    0    0    0    0
       0    0    0    0    0    0    0    0    0    0    0    0    0    0    0
       0    0    0
 -2logL(saturated) = 272.93564     
 Effective Sample Size = 103

 Number of function evaluations was 30 for 7 parameters.
 Time for numerical optimization was 0.09 seconds.     
 -2logL { Phi(~sex)p(~1)pent(~sex)N(~sex) } = 552.93657     
 Penalty { Phi(~sex)p(~1)pent(~sex)N(~sex) } = 0.0000000     
 Gradient { Phi(~sex)p(~1)pent(~sex)N(~sex) }:
   0.000000     -0.1850133E-05  0.1746424E-04 -0.1451082E-05 -0.4108642E-05
 -0.7632946E-05 -0.5148679E-05
 Maximum ABS(G) { Phi(~sex)p(~1)pent(~sex)N(~sex) } = 0.1746424E-04 
 S Vector { Phi(~sex)p(~1)pent(~sex)N(~sex) }:
   83.63695      7.624113      2.512513      1.891005     0.4703076    
  0.3808516     0.8632790E-01
 Time to compute number of parameters was 0.11 seconds.     
 Ratio Threshold = 50.000000       Max Gap (1/2) = 10.970056       Next Max Gap (1/2) = 10.970056     
 Gap Method for Num. of Estimated Parameters { Phi(~sex)p(~1)pent(~sex)N(~sex) } = 7          
 Threshold { Phi(~sex)p(~1)pent(~sex)N(~sex) } = 0.3492848E-04                 
 Numerical Threshold Method for Num. of Estimated Parameters { Phi(~sex)p(~1)pent(~sex)N(~sex) } = 7          
 Number of Estimated Parameters { Phi(~sex)p(~1)pent(~sex)N(~sex) } = 7          
 DEVIANCE { Phi(~sex)p(~1)pent(~sex)N(~sex) } = 280.00093                     
 DEVIANCE Degrees of Freedom { Phi(~sex)p(~1)pent(~sex)N(~sex) } = 34            
 c-hat { Phi(~sex)p(~1)pent(~sex)N(~sex) } = 8.2353214                     
 AIC { Phi(~sex)p(~1)pent(~sex)N(~sex) } = 566.93657                  
 AICc { Phi(~sex)p(~1)pent(~sex)N(~sex) } = 568.11552                    
 BIC { Phi(~sex)p(~1)pent(~sex)N(~sex) } = 585.37967                    
 Pearson Chisquare { Phi(~sex)p(~1)pent(~sex)N(~sex) } = 23710119.                  


             PARM-SPECIFIC Link Function Parameters of { Phi(~sex)p(~1)pent(~sex)N(~sex) }
                                                              95% Confidence Interval
 Parameter                    Beta         Standard Error      Lower           Upper
 -------------------------  --------------  --------------  --------------  --------------
    1:Phi:(Intercept)       -1.8282340       1.0319875      -3.8509296       0.1944615    
    2:Phi:sexM               3.1237010       1.6138975      -0.0395381       6.2869401    
    3:p:(Intercept)         -2.4948649       0.1834652      -2.8544566      -2.1352732    
    4:pent:(Intercept)      -4.2577294       1.4804065      -7.1593263      -1.3561325    
    5:pent:sexM             -0.8569137       3.0099249      -6.7563666       5.0425391    
    6:N:(Intercept)          1.9986041       0.7446386       0.5391125       3.4580957    
    7:N:sexM                -0.4818160       1.3771672      -3.1810638       2.2174317    


             Real Function Parameters of { Phi(~sex)p(~1)pent(~sex)N(~sex) }
                                                               95% Confidence Interval
  Parameter                  Estimate       Standard Error      Lower           Upper
 --------------------------  --------------  --------------  --------------  --------------
     1:Phi gF a0 t1           0.1384488       0.1230962       0.0208174       0.5484627                          
     2:Phi gM a0 t1           0.7850711       0.2414596       0.1810426       0.9837013                          
     3:p gF a0 t1             0.0762190       0.0129177       0.0544514       0.1057154                          
     4:N gF a0 t1             23.378749       5.4945011       18.007311       43.123814                          
     5:N gM a0 t1             33.557563       5.2339888       29.755230       56.503402                          

  Program  MARK  - Survival Rate Estimation with Capture-Recapture Data
   gfortran(dble) Vers. 9.0 Mar 2018    25-Mar-2020 14:23:28    Page  010
 - - - - - - - - - - - - - - - - - - - - - - - - - - - - - - - - - - - - - -
 
     6:pent gF a0.005479452   0.0097419       0.0099261       0.0013076       0.0688281                          
     7:pent gF a0.008219178   0.0097419       0.0099261       0.0013076       0.0688281                          
     8:pent gF a0.010958904   0.0097419       0.0099261       0.0013076       0.0688281                          
     9:pent gF a0.016438356   0.0097419       0.0099261       0.0013076       0.0688281                          
    10:pent gF a0.024657534   0.0097419       0.0099261       0.0013076       0.0688281                          
    11:pent gF a0.027397260   0.0097419       0.0099261       0.0013076       0.0688281                          
    12:pent gF a0.030136986   0.0097419       0.0099261       0.0013076       0.0688281                          
    13:pent gF a0.035616438   0.0097419       0.0099261       0.0013076       0.0688281                          
    14:pent gF a0.041095890   0.0097419       0.0099261       0.0013076       0.0688281                          
    15:pent gF a0.049315068   0.0097419       0.0099261       0.0013076       0.0688281                          
    16:pent gF a0.052054794   0.0097419       0.0099261       0.0013076       0.0688281                          
    17:pent gF a0.065753424   0.0097419       0.0099261       0.0013076       0.0688281                          
    18:pent gF a0.071232876   0.0097419       0.0099261       0.0013076       0.0688281                          
    19:pent gF a0.098630136   0.0097419       0.0099261       0.0013076       0.0688281                          
    20:pent gF a0.101369863   0.0097419       0.0099261       0.0013076       0.0688281                          
    21:pent gF a0.106849315   0.0097419       0.0099261       0.0013076       0.0688281                          
    22:pent gF a0.109589041   0.0097419       0.0099261       0.0013076       0.0688281                          
    23:pent gF a0.120547945   0.0097419       0.0099261       0.0013076       0.0688281                          
    24:pent gF a0.350684931   0.0097419       0.0099261       0.0013076       0.0688281                          
    25:pent gF a0.358904109   0.0097419       0.0099261       0.0013076       0.0688281                          
    26:pent gF a0.613698630   0.0097419       0.0099261       0.0013076       0.0688281                          
    27:pent gF a0.638356164   0.0097419       0.0099261       0.0013076       0.0688281                          
    28:pent gF a0.646575342   0.0097419       0.0099261       0.0013076       0.0688281                          
    29:pent gF a0.649315068   0.0097419       0.0099261       0.0013076       0.0688281                          
    30:pent gF a0.652054794   0.0097419       0.0099261       0.0013076       0.0688281                          
    31:pent gF a0.704109589   0.0097419       0.0099261       0.0013076       0.0688281                          
    32:pent gF a0.706849315   0.0097419       0.0099261       0.0013076       0.0688281                          
    33:pent gF a0.709589041   0.0097419       0.0099261       0.0013076       0.0688281                          
    34:pent gF a0.827397260   0.0097419       0.0099261       0.0013076       0.0688281                          
    35:pent gF a1.402739726   0.0097419       0.0099261       0.0013076       0.0688281                          
    36:pent gF a1.405479452   0.0097419       0.0099261       0.0013076       0.0688281                          
    37:pent gF a1.408219178   0.0097419       0.0099261       0.0013076       0.0688281                          
    38:pent gM a0.005479452   0.0050393       0.0123358       0.4076295E-04   0.3862300                          
    39:pent gM a0.008219178   0.0050393       0.0123358       0.4076295E-04   0.3862300                          
    40:pent gM a0.010958904   0.0050393       0.0123358       0.4076295E-04   0.3862300                          
    41:pent gM a0.016438356   0.0050393       0.0123358       0.4076295E-04   0.3862300                          
    42:pent gM a0.024657534   0.0050393       0.0123358       0.4076295E-04   0.3862300                          
    43:pent gM a0.027397260   0.0050393       0.0123358       0.4076295E-04   0.3862300                          
    44:pent gM a0.030136986   0.0050393       0.0123358       0.4076295E-04   0.3862300                          
    45:pent gM a0.035616438   0.0050393       0.0123358       0.4076295E-04   0.3862300                          
    46:pent gM a0.041095890   0.0050393       0.0123358       0.4076295E-04   0.3862300                          
    47:pent gM a0.049315068   0.0050393       0.0123358       0.4076295E-04   0.3862300                          
    48:pent gM a0.052054794   0.0050393       0.0123358       0.4076295E-04   0.3862300                          
    49:pent gM a0.065753424   0.0050393       0.0123358       0.4076295E-04   0.3862300                          
    50:pent gM a0.071232876   0.0050393       0.0123358       0.4076295E-04   0.3862300                          
    51:pent gM a0.098630136   0.0050393       0.0123358       0.4076295E-04   0.3862300                          

  Program  MARK  - Survival Rate Estimation with Capture-Recapture Data
   gfortran(dble) Vers. 9.0 Mar 2018    25-Mar-2020 14:23:28    Page  011
 - - - - - - - - - - - - - - - - - - - - - - - - - - - - - - - - - - - - - -
 
    52:pent gM a0.101369863   0.0050393       0.0123358       0.4076295E-04   0.3862300                          
    53:pent gM a0.106849315   0.0050393       0.0123358       0.4076295E-04   0.3862300                          
    54:pent gM a0.109589041   0.0050393       0.0123358       0.4076295E-04   0.3862300                          
    55:pent gM a0.120547945   0.0050393       0.0123358       0.4076295E-04   0.3862300                          
    56:pent gM a0.350684931   0.0050393       0.0123358       0.4076295E-04   0.3862300                          
    57:pent gM a0.358904109   0.0050393       0.0123358       0.4076295E-04   0.3862300                          
    58:pent gM a0.613698630   0.0050393       0.0123358       0.4076295E-04   0.3862300                          
    59:pent gM a0.638356164   0.0050393       0.0123358       0.4076295E-04   0.3862300                          
    60:pent gM a0.646575342   0.0050393       0.0123358       0.4076295E-04   0.3862300                          
    61:pent gM a0.649315068   0.0050393       0.0123358       0.4076295E-04   0.3862300                          
    62:pent gM a0.652054794   0.0050393       0.0123358       0.4076295E-04   0.3862300                          
    63:pent gM a0.704109589   0.0050393       0.0123358       0.4076295E-04   0.3862300                          
    64:pent gM a0.706849315   0.0050393       0.0123358       0.4076295E-04   0.3862300                          
    65:pent gM a0.709589041   0.0050393       0.0123358       0.4076295E-04   0.3862300                          
    66:pent gM a0.827397260   0.0050393       0.0123358       0.4076295E-04   0.3862300                          
    67:pent gM a1.402739726   0.0050393       0.0123358       0.4076295E-04   0.3862300                          
    68:pent gM a1.405479452   0.0050393       0.0123358       0.4076295E-04   0.3862300                          
    69:pent gM a1.408219178   0.0050393       0.0123358       0.4076295E-04   0.3862300                          


                      Estimates of Derived Parameters
 Gross Birth+Immigration Estimates of { Phi(~sex)p(~1)pent(~sex)N(~sex) }
                                                95% Confidence Interval
 Grp. Occ.   B*-hat          Standard Error      Lower           Upper
 ---- ----   --------------  --------------  --------------  --------------
   1     1    0.2289894       0.2734076       0.0361871       1.4490277    
   1     2    0.2283709       0.2725358       0.0361110       1.4442495    
   1     3    0.2283709       0.2725358       0.0361110       1.4442495    
   1     4    0.2289894       0.2734076       0.0361871       1.4490277    
   1     5    0.2296091       0.2742814       0.0362634       1.4538175    
   1     6    0.2283709       0.2725358       0.0361110       1.4442495    
   1     7    0.2283709       0.2725358       0.0361110       1.4442495    
   1     8    0.2289894       0.2734076       0.0361871       1.4490277    
   1     9    0.2289894       0.2734076       0.0361871       1.4490277    
   1    10    0.2296091       0.2742814       0.0362634       1.4538175    
   1    11    0.2283709       0.2725358       0.0361110       1.4442495    
   1    12    0.2308518       0.2760350       0.0364161       1.4634325    
   1    13    0.2289894       0.2734076       0.0361871       1.4490277    
   1    14    0.2339780       0.2804547       0.0367995       1.4876754    
   1    15    0.2283709       0.2725358       0.0361110       1.4442495    
   1    16    0.2289894       0.2734076       0.0361871       1.4490277    
   1    17    0.2283709       0.2725358       0.0361110       1.4442495    
   1    18    0.2302299       0.2751572       0.0363397       1.4586192    
   1    19    0.2834882       0.3517799       0.0427294       1.8808046    
   1    20    0.2296091       0.2742814       0.0362634       1.4538175    

  Program  MARK  - Survival Rate Estimation with Capture-Recapture Data
   gfortran(dble) Vers. 9.0 Mar 2018    25-Mar-2020 14:23:28    Page  012
 - - - - - - - - - - - - - - - - - - - - - - - - - - - - - - - - - - - - - -
 
   1    21    0.2899207       0.3612042       0.0434842       1.9329787    
   1    22    0.2333505       0.2795667       0.0367226       1.4828034    
   1    23    0.2296091       0.2742814       0.0362634       1.4538175    
   1    24    0.2283709       0.2725358       0.0361110       1.4442495    
   1    25    0.2283709       0.2725358       0.0361110       1.4442495    
   1    26    0.2396753       0.2885379       0.0374949       1.5320532    
   1    27    0.2283709       0.2725358       0.0361110       1.4442495    
   1    28    0.2283709       0.2725358       0.0361110       1.4442495    
   1    29    0.2553084       0.3108960       0.0393839       1.6550524    
   1    30    0.3813474       0.4978349       0.0539898       2.6935801    
   1    31    0.2283709       0.2725358       0.0361110       1.4442495    
   1    32    0.2283709       0.2725358       0.0361110       1.4442495    
   2     1    0.1692178       0.4367930       0.0103215       2.7742714    
   2     2    0.1691617       0.4366057       0.0103193       2.7730294    
   2     3    0.1691617       0.4366057       0.0103193       2.7730294    
   2     4    0.1692178       0.4367930       0.0103215       2.7742714    
   2     5    0.1692739       0.4369804       0.0103237       2.7755139    
   2     6    0.1691617       0.4366057       0.0103193       2.7730294    
   2     7    0.1691617       0.4366057       0.0103193       2.7730294    
   2     8    0.1692178       0.4367930       0.0103215       2.7742714    
   2     9    0.1692178       0.4367930       0.0103215       2.7742714    
   2    10    0.1692739       0.4369804       0.0103237       2.7755139    
   2    11    0.1691617       0.4366057       0.0103193       2.7730294    
   2    12    0.1693861       0.4373552       0.0103282       2.7780000    
   2    13    0.1692178       0.4367930       0.0103215       2.7742714    
   2    14    0.1696668       0.4382934       0.0103393       2.7842223    
   2    15    0.1691617       0.4366057       0.0103193       2.7730294    
   2    16    0.1692178       0.4367930       0.0103215       2.7742714    
   2    17    0.1691617       0.4366057       0.0103193       2.7730294    
   2    18    0.1693300       0.4371678       0.0103259       2.7767567    
   2    19    0.1738580       0.4523489       0.0105045       2.8774919    
   2    20    0.1692739       0.4369804       0.0103237       2.7755139    
   2    21    0.1743724       0.4540801       0.0105247       2.8889861    
   2    22    0.1696107       0.4381057       0.0103371       2.7829771    
   2    23    0.1692739       0.4369804       0.0103237       2.7755139    
   2    24    0.1691617       0.4366057       0.0103193       2.7730294    
   2    25    0.1691617       0.4366057       0.0103193       2.7730294    
   2    26    0.1701730       0.4399858       0.0103593       2.7954480    
   2    27    0.1691617       0.4366057       0.0103193       2.7730294    
   2    28    0.1691617       0.4366057       0.0103193       2.7730294    
   2    29    0.1715275       0.4445220       0.0104128       2.8255427    
   2    30    0.1811503       0.4770151       0.0107897       3.0413819    
   2    31    0.1691617       0.4366057       0.0103193       2.7730294    
   2    32    0.1691617       0.4366057       0.0103193       2.7730294    

  Net Birth+Immigration Estimates of { Phi(~sex)p(~1)pent(~sex)N(~sex) }
                                                95% Confidence Interval
 Grp. Occ.   B-hat           Standard Error      Lower           Upper
 ---- ----   --------------  --------------  --------------  --------------
   1     1    0.2277534       0.2716661       0.0360349       1.4394831    
   1     2    0.2277534       0.2716661       0.0360349       1.4394831    
   1     3    0.2277534       0.2716661       0.0360349       1.4394831    
   1     4    0.2277534       0.2716661       0.0360349       1.4394831    
   1     5    0.2277534       0.2716661       0.0360349       1.4394831    
   1     6    0.2277534       0.2716661       0.0360349       1.4394831    
   1     7    0.2277534       0.2716661       0.0360349       1.4394831    
   1     8    0.2277534       0.2716661       0.0360349       1.4394831    
   1     9    0.2277534       0.2716661       0.0360349       1.4394831    
   1    10    0.2277534       0.2716661       0.0360349       1.4394831    
   1    11    0.2277534       0.2716661       0.0360349       1.4394831    
   1    12    0.2277534       0.2716661       0.0360349       1.4394831    
   1    13    0.2277534       0.2716661       0.0360349       1.4394831    
   1    14    0.2277534       0.2716661       0.0360349       1.4394831    
   1    15    0.2277534       0.2716661       0.0360349       1.4394831    
   1    16    0.2277534       0.2716661       0.0360349       1.4394831    
   1    17    0.2277534       0.2716661       0.0360349       1.4394831    
   1    18    0.2277534       0.2716661       0.0360349       1.4394831    
   1    19    0.2277534       0.2716661       0.0360349       1.4394831    
   1    20    0.2277534       0.2716661       0.0360349       1.4394831    
   1    21    0.2277534       0.2716661       0.0360349       1.4394831    
   1    22    0.2277534       0.2716661       0.0360349       1.4394831    
   1    23    0.2277534       0.2716661       0.0360349       1.4394831    
   1    24    0.2277534       0.2716661       0.0360349       1.4394831    
   1    25    0.2277534       0.2716661       0.0360349       1.4394831    
   1    26    0.2277534       0.2716661       0.0360349       1.4394831    
   1    27    0.2277534       0.2716661       0.0360349       1.4394831    
   1    28    0.2277534       0.2716661       0.0360349       1.4394831    
   1    29    0.2277534       0.2716661       0.0360349       1.4394831    
   1    30    0.2277534       0.2716661       0.0360349       1.4394831    
   1    31    0.2277534       0.2716661       0.0360349       1.4394831    
   1    32    0.2277534       0.2716661       0.0360349       1.4394831    
   2     1    0.1691057       0.4364185       0.0103171       2.7717878    
   2     2    0.1691057       0.4364185       0.0103171       2.7717878    
   2     3    0.1691057       0.4364185       0.0103171       2.7717878    
   2     4    0.1691057       0.4364185       0.0103171       2.7717878    
   2     5    0.1691057       0.4364185       0.0103171       2.7717878    
   2     6    0.1691057       0.4364185       0.0103171       2.7717878    
   2     7    0.1691057       0.4364185       0.0103171       2.7717878    
   2     8    0.1691057       0.4364185       0.0103171       2.7717878    
   2     9    0.1691057       0.4364185       0.0103171       2.7717878    
   2    10    0.1691057       0.4364185       0.0103171       2.7717878    
   2    11    0.1691057       0.4364185       0.0103171       2.7717878    
   2    12    0.1691057       0.4364185       0.0103171       2.7717878    
   2    13    0.1691057       0.4364185       0.0103171       2.7717878    
   2    14    0.1691057       0.4364185       0.0103171       2.7717878    
   2    15    0.1691057       0.4364185       0.0103171       2.7717878    
   2    16    0.1691057       0.4364185       0.0103171       2.7717878    
   2    17    0.1691057       0.4364185       0.0103171       2.7717878    
   2    18    0.1691057       0.4364185       0.0103171       2.7717878    
   2    19    0.1691057       0.4364185       0.0103171       2.7717878    
   2    20    0.1691057       0.4364185       0.0103171       2.7717878    
   2    21    0.1691057       0.4364185       0.0103171       2.7717878    
   2    22    0.1691057       0.4364185       0.0103171       2.7717878    
   2    23    0.1691057       0.4364185       0.0103171       2.7717878    
   2    24    0.1691057       0.4364185       0.0103171       2.7717878    
   2    25    0.1691057       0.4364185       0.0103171       2.7717878    
   2    26    0.1691057       0.4364185       0.0103171       2.7717878    
   2    27    0.1691057       0.4364185       0.0103171       2.7717878    
   2    28    0.1691057       0.4364185       0.0103171       2.7717878    
   2    29    0.1691057       0.4364185       0.0103171       2.7717878    
   2    30    0.1691057       0.4364185       0.0103171       2.7717878    
   2    31    0.1691057       0.4364185       0.0103171       2.7717878    
   2    32    0.1691057       0.4364185       0.0103171       2.7717878    

       Population Estimates of { Phi(~sex)p(~1)pent(~sex)N(~sex) }
                                                95% Confidence Interval
 Grp. Occ.   N-hat           Standard Error      Lower           Upper
 ---- ----   --------------  --------------  --------------  --------------
   1     1    16.090640       5.5512524       8.3391321       31.047437    
   1     2    16.145004       5.2994009       8.6248678       30.222045    

  Program  MARK  - Survival Rate Estimation with Capture-Recapture Data
   gfortran(dble) Vers. 9.0 Mar 2018    25-Mar-2020 14:23:28    Page  013
 - - - - - - - - - - - - - - - - - - - - - - - - - - - - - - - - - - - - - -
 
   1     3    16.285534       5.0732835       8.9690392       29.570459    
   1     4    16.425305       4.8538474       9.3157134       28.960813    
   1     5    16.476062       4.6251411       9.6032317       28.267634    
   1     6    16.438221       4.3902898       9.8269306       27.497406    
   1     7    16.577167       4.1941767       10.173642       27.011216    
   1     8    16.715362       4.0079933       10.516167       26.568933    
   1     9    16.762994       3.8200441       10.785033       26.054438    
   1    10    16.810113       3.6446555       11.044112       25.586475    
   1    11    16.766886       3.4721750       11.220832       25.054156    
   1    12    16.904057       3.3356468       11.524532       24.794684    
   1    13    16.680098       3.1775021       11.520928       24.149587    
   1    14    16.728110       3.0642094       11.716771       23.882830    
   1    15    16.073786       2.9200476       11.291071       22.882380    
   1    16    16.214701       2.8474473       11.522882       22.816906    
   1    17    16.267728       2.7922179       11.648820       22.718094    
   1    18    16.407595       2.7646623       11.820026       22.775684    
   1    19    16.283644       2.7421074       11.733040       22.599178    
   1    20    10.558471       2.9664332       6.1514391       18.122800    
   1    21    10.616021       2.9280623       6.2441452       18.048891    
   1    22    6.6423145       2.9735181       2.8742419       15.350254    
   1    23    6.5539946       2.9051377       2.8574764       15.032441    
   1    24    6.6760972       2.8696500       2.9787223       14.962883    
   1    25    6.8677831       2.8621672       3.1345401       15.047325    
   1    26    7.0584334       2.8793600       3.2714724       15.229070    
   1    27    6.5958303       2.8593555       2.9243335       14.876887    
   1    28    6.7879499       2.9088141       3.0355078       15.179096    
   1    29    6.9790315       2.9803680       3.1289543       15.566504    
   1    30    5.7565671       2.8284689       2.3137600       14.322170    
   1    31    2.0732394       1.6916713       0.5111903       8.4084563    
   1    32    2.2897921       1.7176919       0.6180874       8.4828588    
   1    33    2.5051750       1.7842261       0.7138413       8.7917319    
   2     1    28.146182       9.8352554       14.471020       54.744417    
   2     2    28.277992       9.4275587       14.966013       53.430719    
   2     3    28.428357       9.0157781       15.496651       52.151364    
   2     4    28.578622       8.6059810       16.041805       50.913076    
   2     5    28.709860       8.2050211       16.577529       49.721285    
   2     6    28.821921       7.8136823       17.101548       48.574733    
   2     7    28.971926       7.4111378       17.687792       47.454904    
   2     8    29.121830       7.0118475       18.287164       46.375752    
   2     9    29.252348       6.6239363       18.871856       45.342646    
   2    10    29.382693       6.2404880       19.466816       44.349454    
   2    11    29.493418       5.8703140       20.042107       43.401711    
   2    12    29.642977       5.4897744       20.682668       42.485143    
   2    13    29.713985       5.1502846       21.208553       41.630417    
   2    14    29.843718       4.7935410       21.827245       40.804394    
   2    15    29.815626       4.5198898       22.188923       40.063754    

  Program  MARK  - Survival Rate Estimation with Capture-Recapture Data
   gfortran(dble) Vers. 9.0 Mar 2018    25-Mar-2020 14:23:28    Page  014
 - - - - - - - - - - - - - - - - - - - - - - - - - - - - - - - - - - - - - -
 
   2    16    29.964972       4.1748810       22.834277       39.322441    
   2    17    30.094372       3.8552685       23.435960       38.644512    
   2    18    30.243533       3.5463902       24.052401       38.028274    
   2    19    30.332544       3.2892821       24.539850       37.492618    
   2    20    28.858640       4.0908871       21.888215       38.048837    
   2    21    28.970407       3.8565321       22.342823       37.563940    
   2    22    27.407279       5.1611814       19.009209       39.515529    
   2    23    27.413342       5.0689350       19.137556       39.267882    
   2    24    27.527980       4.8989834       19.474566       38.911761    
   2    25    27.678841       4.7238706       19.857041       38.581692    
   2    26    27.829603       4.5816919       20.197789       38.345128    
   2    27    27.650358       4.7658158       19.772311       38.667322    
   2    28    27.801139       4.6820447       20.031274       38.584831    
   2    29    27.951819       4.6357475       20.239237       38.603441    
   2    30    27.335343       5.2264704       18.855235       39.629366    
   2    31    23.951808       8.1451859       12.524225       45.806356    
   2    32    24.105040       8.0303873       12.763208       45.525621    
   2    33    24.258170       7.9370170       12.983722       45.322816    

    Gross Population Estimates of { Phi(~sex)p(~1)pent(~sex)N(~sex) }
                                                95% Confidence Interval
 Grp. Occ.   N*-hat          Standard Error      Lower           Upper
 ---- ----   --------------  --------------  --------------  --------------
   1     0    23.729984       5.9170611       14.663557       38.402152    
   2     0    33.586761       5.3220832       24.667294       45.731426    

   CPU Time for the last procedure was 0.22 seconds.     

  Program  MARK  - Survival Rate Estimation with Capture-Recapture Data
   gfortran(dble) Vers. 9.0 Mar 2018    25-Mar-2020 14:23:28    Page  015
 - - - - - - - - - - - - - - - - - - - - - - - - - - - - - - - - - - - - - -
 


  INPUT --- proc stop;

     CPU Time in minutes for this job was 0.00

     Time Start = 14:23:28.523   Time End = 14:23:28.943

     Wall Clock Time in minutes for this job was 0.01


          E X E C U T I O N   S U C C E S S F U L 
