
   Program  MARK  - Survival Rate Estimation with Capture-Recapture Data
   gfortran(dble) Vers. 9.0 Mar 2018    25-Mar-2020 12:09:03    Page  001
 - - - - - - - - - - - - - - - - - - - - - - - - - - - - - - - - - - - - - -
 
   This version was compiled by GCC version 7.2.0 using the options: 
     -cpp -iprefix C:/Program Files/mingw-w64/x86_64-7.2.0-posix-seh-rt_v5-rev1/
     mingw64/bin/../lib/gcc/x86_64-w64-mingw32/7.2.0/ -D_MT -D_REENTRANT
     -U_REENTRANT -D IEEE -D DBLEPRECISION -m64 -mtune=core2 -march=nocona -mthreads
     -O2 -fimplicit-none -fbounds-check -funroll-loops -ftree-vectorize
     -ffpe-summary=invalid,zero,overflow,underflow -fno-unsafe-math-optimizations
     -frounding-math -fsignaling-nans -fopenmp.

   This problem will use 15 of 16 possible threads.


  INPUT --- proc title ;

   CPU Time for the last procedure was 0.01 seconds.     


  INPUT --- proc chmatrix occasions= 33 groups= 2 etype= POPAN Nodes= 
  INPUT --- 101 ICMeans NoHist hist= 41  ;

  INPUT ---    time interval 0.00547945205479452 0.00273972602739726 
  INPUT ---    0.00273972602739726 0.00547945205479452  
  INPUT ---    0.00821917808219178 0.00273972602739726 0.00273972602739726 
  INPUT ---    0.00547945205479452  0.00547945205479452 
  INPUT ---    0.00821917808219178 0.00273972602739726 0.0136986301369863 
  INPUT ---    0.00547945205479452  0.0273972602739726 0.00273972602739726 
  INPUT ---    0.00547945205479452 0.00273972602739726 0.010958904109589  
  INPUT ---    0.23013698630137 0.00821917808219178 0.254794520547945 
  INPUT ---    0.0246575342465753 0.00821917808219178  0.00273972602739726 
  INPUT ---    0.00273972602739726 0.0520547945205479 0.00273972602739726 
  INPUT ---    0.00273972602739726  0.117808219178082 0.575342465753425 
  INPUT ---    0.00273972602739726 0.00273972602739726 ;

  INPUT ---    glabel(1)=sexF;

  INPUT ---    glabel(2)=sexM;

   * *  WARNING  * *   At least a pair of the encounter histories are duplicates. 

      Number of unique encounter histories read was 38.

      Number of individual covariates read was 0.
      Time interval lengths vary and/or not equal to 1.

      Data type number is 19
      Data type is POPAN                                                                                               

   CPU Time for the last procedure was 0.02 seconds.     

  Program  MARK  - Survival Rate Estimation with Capture-Recapture Data
   gfortran(dble) Vers. 9.0 Mar 2018    25-Mar-2020 12:09:03    Page  002
 - - - - - - - - - - - - - - - - - - - - - - - - - - - - - - - - - - - - - -
 


  INPUT --- proc estimate link=Parm-Specific NOLOOP varest=2ndPart    ;


  INPUT --- model={ Phi(~sex)p(~1)pent(~sex)N(~1) };

  INPUT ---    group=1 Phi    rows=1 cols=32 Square ;
  INPUT ---        1 1 1 1 1 1 1 1 1 1 1 1 1 1 1 1 1 1 1 1 1 1 1 1 1 1 1 1 1 
  INPUT ---       1 1 1 ;

  INPUT ---    group=2 Phi    rows=1 cols=32 Square ;
  INPUT ---        2 2 2 2 2 2 2 2 2 2 2 2 2 2 2 2 2 2 2 2 2 2 2 2 2 2 2 2 2 
  INPUT ---       2 2 2 ;

  INPUT ---    group=1 p    rows=1 cols=33 Square ;
  INPUT ---        3 3 3 3 3 3 3 3 3 3 3 3 3 3 3 3 3 3 3 3 3 3 3 3 3 3 3 3 3 
  INPUT ---       3 3 3 3 ;

  INPUT ---    group=2 p    rows=1 cols=33 Square ;
  INPUT ---        3 3 3 3 3 3 3 3 3 3 3 3 3 3 3 3 3 3 3 3 3 3 3 3 3 3 3 3 3 
  INPUT ---       3 3 3 3 ;

  INPUT ---    group=1 pent    rows=1 cols=32 Square ;
  INPUT ---        5 6 7 8 9 10 11 12 13 14 15 16 17 18 19 20 21 22 23 24 25 
  INPUT ---       26 27 28 29 30 31 32 33 34 35 36 ;

  INPUT ---    group=2 pent    rows=1 cols=32 Square ;
  INPUT ---        37 38 39 40 41 42 43 44 45 46 47 48 49 50 51 52 53 54 55 
  INPUT ---       56 57 58 59 60 61 62 63 64 65 66 67 68 ;

  INPUT ---    group=1 N    rows=1 cols=1 Square ;
  INPUT ---        4 ;

  INPUT ---    group=2 N    rows=1 cols=1 Square ;
  INPUT ---        4 ;

  INPUT ---    design matrix constraints=68 covariates=6;
  INPUT ---        1 0 0 0 0 0;
  INPUT ---        1 1 0 0 0 0;
  INPUT ---        0 0 1 0 0 0;
  INPUT ---        0 0 0 0 0 1;
  INPUT ---        0 0 0 1 0 0;
  INPUT ---        0 0 0 1 0 0;
  INPUT ---        0 0 0 1 0 0;
  INPUT ---        0 0 0 1 0 0;

  Program  MARK  - Survival Rate Estimation with Capture-Recapture Data
   gfortran(dble) Vers. 9.0 Mar 2018    25-Mar-2020 12:09:03    Page  003
 - - - - - - - - - - - - - - - - - - - - - - - - - - - - - - - - - - - - - -
 
  INPUT ---        0 0 0 1 0 0;
  INPUT ---        0 0 0 1 0 0;
  INPUT ---        0 0 0 1 0 0;
  INPUT ---        0 0 0 1 0 0;
  INPUT ---        0 0 0 1 0 0;
  INPUT ---        0 0 0 1 0 0;
  INPUT ---        0 0 0 1 0 0;
  INPUT ---        0 0 0 1 0 0;
  INPUT ---        0 0 0 1 0 0;
  INPUT ---        0 0 0 1 0 0;
  INPUT ---        0 0 0 1 0 0;
  INPUT ---        0 0 0 1 0 0;
  INPUT ---        0 0 0 1 0 0;
  INPUT ---        0 0 0 1 0 0;
  INPUT ---        0 0 0 1 0 0;
  INPUT ---        0 0 0 1 0 0;
  INPUT ---        0 0 0 1 0 0;
  INPUT ---        0 0 0 1 0 0;
  INPUT ---        0 0 0 1 0 0;
  INPUT ---        0 0 0 1 0 0;
  INPUT ---        0 0 0 1 0 0;
  INPUT ---        0 0 0 1 0 0;
  INPUT ---        0 0 0 1 0 0;
  INPUT ---        0 0 0 1 0 0;
  INPUT ---        0 0 0 1 0 0;
  INPUT ---        0 0 0 1 0 0;
  INPUT ---        0 0 0 1 0 0;
  INPUT ---        0 0 0 1 0 0;
  INPUT ---        0 0 0 1 1 0;
  INPUT ---        0 0 0 1 1 0;
  INPUT ---        0 0 0 1 1 0;
  INPUT ---        0 0 0 1 1 0;
  INPUT ---        0 0 0 1 1 0;
  INPUT ---        0 0 0 1 1 0;
  INPUT ---        0 0 0 1 1 0;
  INPUT ---        0 0 0 1 1 0;
  INPUT ---        0 0 0 1 1 0;
  INPUT ---        0 0 0 1 1 0;
  INPUT ---        0 0 0 1 1 0;
  INPUT ---        0 0 0 1 1 0;
  INPUT ---        0 0 0 1 1 0;
  INPUT ---        0 0 0 1 1 0;
  INPUT ---        0 0 0 1 1 0;
  INPUT ---        0 0 0 1 1 0;
  INPUT ---        0 0 0 1 1 0;
  INPUT ---        0 0 0 1 1 0;

  Program  MARK  - Survival Rate Estimation with Capture-Recapture Data
   gfortran(dble) Vers. 9.0 Mar 2018    25-Mar-2020 12:09:04    Page  004
 - - - - - - - - - - - - - - - - - - - - - - - - - - - - - - - - - - - - - -
 
  INPUT ---        0 0 0 1 1 0;
  INPUT ---        0 0 0 1 1 0;
  INPUT ---        0 0 0 1 1 0;
  INPUT ---        0 0 0 1 1 0;
  INPUT ---        0 0 0 1 1 0;
  INPUT ---        0 0 0 1 1 0;
  INPUT ---        0 0 0 1 1 0;
  INPUT ---        0 0 0 1 1 0;
  INPUT ---        0 0 0 1 1 0;
  INPUT ---        0 0 0 1 1 0;
  INPUT ---        0 0 0 1 1 0;
  INPUT ---        0 0 0 1 1 0;
  INPUT ---        0 0 0 1 1 0;
  INPUT ---        0 0 0 1 1 0;

  INPUT ---    links=68;

  INPUT ---    Logit;

  INPUT ---    Logit;

  INPUT ---    Logit;

  INPUT ---    Log;

  INPUT ---    mlogit(1);

  INPUT ---    mlogit(1);

  INPUT ---    mlogit(1);

  INPUT ---    mlogit(1);

  INPUT ---    mlogit(1);

  INPUT ---    mlogit(1);

  INPUT ---    mlogit(1);

  INPUT ---    mlogit(1);

  INPUT ---    mlogit(1);

  INPUT ---    mlogit(1);

  INPUT ---    mlogit(1);

  Program  MARK  - Survival Rate Estimation with Capture-Recapture Data
   gfortran(dble) Vers. 9.0 Mar 2018    25-Mar-2020 12:09:04    Page  005
 - - - - - - - - - - - - - - - - - - - - - - - - - - - - - - - - - - - - - -
 

  INPUT ---    mlogit(1);

  INPUT ---    mlogit(1);

  INPUT ---    mlogit(1);

  INPUT ---    mlogit(1);

  INPUT ---    mlogit(1);

  INPUT ---    mlogit(1);

  INPUT ---    mlogit(1);

  INPUT ---    mlogit(1);

  INPUT ---    mlogit(1);

  INPUT ---    mlogit(1);

  INPUT ---    mlogit(1);

  INPUT ---    mlogit(1);

  INPUT ---    mlogit(1);

  INPUT ---    mlogit(1);

  INPUT ---    mlogit(1);

  INPUT ---    mlogit(1);

  INPUT ---    mlogit(1);

  INPUT ---    mlogit(1);

  INPUT ---    mlogit(1);

  INPUT ---    mlogit(1);

  INPUT ---    mlogit(1);

  INPUT ---    mlogit(2);

  INPUT ---    mlogit(2);

  Program  MARK  - Survival Rate Estimation with Capture-Recapture Data
   gfortran(dble) Vers. 9.0 Mar 2018    25-Mar-2020 12:09:04    Page  006
 - - - - - - - - - - - - - - - - - - - - - - - - - - - - - - - - - - - - - -
 

  INPUT ---    mlogit(2);

  INPUT ---    mlogit(2);

  INPUT ---    mlogit(2);

  INPUT ---    mlogit(2);

  INPUT ---    mlogit(2);

  INPUT ---    mlogit(2);

  INPUT ---    mlogit(2);

  INPUT ---    mlogit(2);

  INPUT ---    mlogit(2);

  INPUT ---    mlogit(2);

  INPUT ---    mlogit(2);

  INPUT ---    mlogit(2);

  INPUT ---    mlogit(2);

  INPUT ---    mlogit(2);

  INPUT ---    mlogit(2);

  INPUT ---    mlogit(2);

  INPUT ---    mlogit(2);

  INPUT ---    mlogit(2);

  INPUT ---    mlogit(2);

  INPUT ---    mlogit(2);

  INPUT ---    mlogit(2);

  INPUT ---    mlogit(2);

  INPUT ---    mlogit(2);

  Program  MARK  - Survival Rate Estimation with Capture-Recapture Data
   gfortran(dble) Vers. 9.0 Mar 2018    25-Mar-2020 12:09:04    Page  007
 - - - - - - - - - - - - - - - - - - - - - - - - - - - - - - - - - - - - - -
 

  INPUT ---    mlogit(2);

  INPUT ---    mlogit(2);

  INPUT ---    mlogit(2);

  INPUT ---    mlogit(2);

  INPUT ---    mlogit(2);

  INPUT ---    mlogit(2);

  INPUT ---    mlogit(2);
  INPUT ---       blabel(1)=Phi:(Intercept);
  INPUT ---       blabel(2)=Phi:sexM;
  INPUT ---       blabel(3)=p:(Intercept);
  INPUT ---       blabel(4)=pent:(Intercept);
  INPUT ---       blabel(5)=pent:sexM;
  INPUT ---       blabel(6)=N:(Intercept);
  INPUT ---       rlabel(1)=Phi gF a0 t1;
  INPUT ---       rlabel(2)=Phi gM a0 t1;
  INPUT ---       rlabel(3)=p gF a0 t1;
  INPUT ---       rlabel(4)=N gF a0 t1;
  INPUT ---       rlabel(5)=pent gF a0.00547945205479452 t1.00547945205479;
  INPUT ---       rlabel(6)=pent gF a0.00821917808219178 t1.00821917808219;
  INPUT ---       rlabel(7)=pent gF a0.010958904109589 t1.01095890410959;
  INPUT ---       rlabel(8)=pent gF a0.0164383561643836 t1.01643835616438;
  INPUT ---       rlabel(9)=pent gF a0.0246575342465753 t1.02465753424658;
  INPUT ---       rlabel(10)=pent gF a0.0273972602739726 t1.02739726027397;
  INPUT ---       rlabel(11)=pent gF a0.0301369863013699 t1.03013698630137;
  INPUT ---       rlabel(12)=pent gF a0.0356164383561644 t1.03561643835616;
  INPUT ---       rlabel(13)=pent gF a0.0410958904109589 t1.04109589041096;
  INPUT ---       rlabel(14)=pent gF a0.0493150684931507 t1.04931506849315;
  INPUT ---       rlabel(15)=pent gF a0.0520547945205479 t1.05205479452055;
  INPUT ---       rlabel(16)=pent gF a0.0657534246575342 t1.06575342465753;
  INPUT ---       rlabel(17)=pent gF a0.0712328767123288 t1.07123287671233;
  INPUT ---       rlabel(18)=pent gF a0.0986301369863014 t1.0986301369863;
  INPUT ---       rlabel(19)=pent gF a0.101369863013699 t1.1013698630137;
  INPUT ---       rlabel(20)=pent gF a0.106849315068493 t1.10684931506849;
  INPUT ---       rlabel(21)=pent gF a0.10958904109589 t1.10958904109589;
  INPUT ---       rlabel(22)=pent gF a0.120547945205479 t1.12054794520548;
  INPUT ---       rlabel(23)=pent gF a0.350684931506849 t1.35068493150685;
  INPUT ---       rlabel(24)=pent gF a0.358904109589041 t1.35890410958904;
  INPUT ---       rlabel(25)=pent gF a0.613698630136986 t1.61369863013699;
  INPUT ---       rlabel(26)=pent gF a0.638356164383562 t1.63835616438356;

  Program  MARK  - Survival Rate Estimation with Capture-Recapture Data
   gfortran(dble) Vers. 9.0 Mar 2018    25-Mar-2020 12:09:04    Page  008
 - - - - - - - - - - - - - - - - - - - - - - - - - - - - - - - - - - - - - -
 
  INPUT ---       rlabel(27)=pent gF a0.646575342465753 t1.64657534246575;
  INPUT ---       rlabel(28)=pent gF a0.649315068493151 t1.64931506849315;
  INPUT ---       rlabel(29)=pent gF a0.652054794520548 t1.65205479452055;
  INPUT ---       rlabel(30)=pent gF a0.704109589041096 t1.7041095890411;
  INPUT ---       rlabel(31)=pent gF a0.706849315068493 t1.70684931506849;
  INPUT ---       rlabel(32)=pent gF a0.70958904109589 t1.70958904109589;
  INPUT ---       rlabel(33)=pent gF a0.827397260273973 t1.82739726027397;
  INPUT ---       rlabel(34)=pent gF a1.4027397260274 t2.4027397260274;
  INPUT ---       rlabel(35)=pent gF a1.40547945205479 t2.40547945205479;
  INPUT ---       rlabel(36)=pent gF a1.40821917808219 t2.40821917808219;
  INPUT ---       rlabel(37)=pent gM a0.00547945205479452 t1.00547945205479;
  INPUT ---       rlabel(38)=pent gM a0.00821917808219178 t1.00821917808219;
  INPUT ---       rlabel(39)=pent gM a0.010958904109589 t1.01095890410959;
  INPUT ---       rlabel(40)=pent gM a0.0164383561643836 t1.01643835616438;
  INPUT ---       rlabel(41)=pent gM a0.0246575342465753 t1.02465753424658;
  INPUT ---       rlabel(42)=pent gM a0.0273972602739726 t1.02739726027397;
  INPUT ---       rlabel(43)=pent gM a0.0301369863013699 t1.03013698630137;
  INPUT ---       rlabel(44)=pent gM a0.0356164383561644 t1.03561643835616;
  INPUT ---       rlabel(45)=pent gM a0.0410958904109589 t1.04109589041096;
  INPUT ---       rlabel(46)=pent gM a0.0493150684931507 t1.04931506849315;
  INPUT ---       rlabel(47)=pent gM a0.0520547945205479 t1.05205479452055;
  INPUT ---       rlabel(48)=pent gM a0.0657534246575342 t1.06575342465753;
  INPUT ---       rlabel(49)=pent gM a0.0712328767123288 t1.07123287671233;
  INPUT ---       rlabel(50)=pent gM a0.0986301369863014 t1.0986301369863;
  INPUT ---       rlabel(51)=pent gM a0.101369863013699 t1.1013698630137;
  INPUT ---       rlabel(52)=pent gM a0.106849315068493 t1.10684931506849;
  INPUT ---       rlabel(53)=pent gM a0.10958904109589 t1.10958904109589;
  INPUT ---       rlabel(54)=pent gM a0.120547945205479 t1.12054794520548;
  INPUT ---       rlabel(55)=pent gM a0.350684931506849 t1.35068493150685;
  INPUT ---       rlabel(56)=pent gM a0.358904109589041 t1.35890410958904;
  INPUT ---       rlabel(57)=pent gM a0.613698630136986 t1.61369863013699;
  INPUT ---       rlabel(58)=pent gM a0.638356164383562 t1.63835616438356;
  INPUT ---       rlabel(59)=pent gM a0.646575342465753 t1.64657534246575;
  INPUT ---       rlabel(60)=pent gM a0.649315068493151 t1.64931506849315;
  INPUT ---       rlabel(61)=pent gM a0.652054794520548 t1.65205479452055;
  INPUT ---       rlabel(62)=pent gM a0.704109589041096 t1.7041095890411;
  INPUT ---       rlabel(63)=pent gM a0.706849315068493 t1.70684931506849;
  INPUT ---       rlabel(64)=pent gM a0.70958904109589 t1.70958904109589;
  INPUT ---       rlabel(65)=pent gM a0.827397260273973 t1.82739726027397;
  INPUT ---       rlabel(66)=pent gM a1.4027397260274 t2.4027397260274;
  INPUT ---       rlabel(67)=pent gM a1.40547945205479 t2.40547945205479;
  INPUT ---       rlabel(68)=pent gM a1.40821917808219 t2.40821917808219;

 Link Function Used is PARM-SPECIFIC

 Variance Estimation Procedure Used is 2ndPart 

  Program  MARK  - Survival Rate Estimation with Capture-Recapture Data
   gfortran(dble) Vers. 9.0 Mar 2018    25-Mar-2020 12:09:04    Page  009
 - - - - - - - - - - - - - - - - - - - - - - - - - - - - - - - - - - - - - -
 

 M(t+1):
      16     29



 Group: 1

 U(t)+UL(t):
       0    2    2    0    1    0    3    1    1    0    0    0    0    0    1
       0    0    0    2    1    1    0    0    0    1    0    0    0    0    0
       0    0    0

 U(t):
       0    2    2    0    1    0    3    1    1    0    0    0    0    0    1
       0    0    0    2    1    1    0    0    0    1    0    0    0    0    0
       0    0    0

 UL(t):
       0    0    0    0    0    0    0    0    0    0    0    0    0    0    0
       0    0    0    0    0    0    0    0    0    0    0    0    0    0    0
       0    0    0

 Not Released(t):
       0    0    0    0    0    0    0    0    0    0    0    0    0    0    0
       0    0    0    0    0    0    0    0    0    0    0    0    0    0    0
       0    0    0

 Group: 2

 U(t)+UL(t):
       3    0    1    1    1    1    1    0    1    1    2    1    3    3    1
       1    0    2    3    1    0    0    1    0    0    0    0    0    0    1
       0    0    0

 U(t):
       3    0    1    1    1    1    1    0    1    1    2    1    3    3    1
       1    0    2    3    1    0    0    1    0    0    0    0    0    0    1
       0    0    0

 UL(t):
       0    0    0    0    0    0    0    0    0    0    0    0    0    0    0
       0    0    0    0    0    0    0    0    0    0    0    0    0    0    0
       0    0    0

 Not Released(t):
       0    0    0    0    0    0    0    0    0    0    0    0    0    0    0
       0    0    0    0    0    0    0    0    0    0    0    0    0    0    0
       0    0    0
 -2logL(saturated) = 272.93564     
 Effective Sample Size = 103

 Number of function evaluations was 29 for 6 parameters.
 Time for numerical optimization was 0.14 seconds.     
 -2logL { Phi(~sex)p(~1)pent(~sex)N(~1) } = 553.07772     
 Penalty { Phi(~sex)p(~1)pent(~sex)N(~1) } = 0.0000000     
 Gradient { Phi(~sex)p(~1)pent(~sex)N(~1) }:
  0.8391058E-05   0.000000     -0.2193789E-05  0.1390889E-05  0.6975001E-05
   0.000000    
 Maximum ABS(G) { Phi(~sex)p(~1)pent(~sex)N(~1) } = 0.8391058E-05 
 S Vector { Phi(~sex)p(~1)pent(~sex)N(~1) }:
   81.48754      6.817848      3.071335     0.7589736     0.5055086    
  0.2900287    
 Time to compute number of parameters was 0.01 seconds.     
 Ratio Threshold = 50.000000       Max Gap (1/2) = 11.952091       Next Max Gap (1/2) = 11.952091     
 Gap Method for Num. of Estimated Parameters { Phi(~sex)p(~1)pent(~sex)N(~1) } = 6          
 Threshold { Phi(~sex)p(~1)pent(~sex)N(~1) } = 0.1678212E-04                 
 Numerical Threshold Method for Num. of Estimated Parameters { Phi(~sex)p(~1)pent(~sex)N(~1) } = 6          
 Number of Estimated Parameters { Phi(~sex)p(~1)pent(~sex)N(~1) } = 6          
 DEVIANCE { Phi(~sex)p(~1)pent(~sex)N(~1) } = 280.14208                     
 DEVIANCE Degrees of Freedom { Phi(~sex)p(~1)pent(~sex)N(~1) } = 35            
 c-hat { Phi(~sex)p(~1)pent(~sex)N(~1) } = 8.0040594                     
 AIC { Phi(~sex)p(~1)pent(~sex)N(~1) } = 565.07772                  
 AICc { Phi(~sex)p(~1)pent(~sex)N(~1) } = 565.95272                    
 BIC { Phi(~sex)p(~1)pent(~sex)N(~1) } = 580.88609                    
 Pearson Chisquare { Phi(~sex)p(~1)pent(~sex)N(~1) } = 23531855.                  


              PARM-SPECIFIC Link Function Parameters of { Phi(~sex)p(~1)pent(~sex)N(~1) }
                                                              95% Confidence Interval
 Parameter                    Beta         Standard Error      Lower           Upper
 -------------------------  --------------  --------------  --------------  --------------
    1:Phi:(Intercept)       -1.7276876       0.9863507      -3.6609350       0.2055599    
    2:Phi:sexM               2.8087852       1.2139726       0.4293989       5.1881716    
    3:p:(Intercept)         -2.4777252       0.1736534      -2.8180858      -2.1373646    
    4:pent:(Intercept)      -4.4852634       1.5424915      -7.5085469      -1.4619799    
    5:pent:sexM             -0.0938198       1.4185928      -2.8742617       2.6866221    
    6:N:(Intercept)          1.8014761       0.5998234       0.6258223       2.9771300    


              Real Function Parameters of { Phi(~sex)p(~1)pent(~sex)N(~1) }
                                                               95% Confidence Interval
  Parameter                  Estimate       Standard Error      Lower           Upper
 --------------------------  --------------  --------------  --------------  --------------
     1:Phi gF a0 t1           0.1508836       0.1263690       0.0250641       0.5512098                          
     2:Phi gM a0 t1           0.7467017       0.2048738       0.2607709       0.9609906                          
     3:p gF a0 t1             0.0774346       0.0124055       0.0563546       0.1055179                          
     4:N gF a0 t1             22.058584       3.6340803       18.043995       33.958189                          
     5:pent gF a0.005479452   0.0082850       0.0093914       0.8883071E-03   0.0727848                          
     6:pent gF a0.008219178   0.0082850       0.0093914       0.8883071E-03   0.0727848                          
     7:pent gF a0.010958904   0.0082850       0.0093914       0.8883071E-03   0.0727848                          
     8:pent gF a0.016438356   0.0082850       0.0093914       0.8883071E-03   0.0727848                          
     9:pent gF a0.024657534   0.0082850       0.0093914       0.8883071E-03   0.0727848                          
    10:pent gF a0.027397260   0.0082850       0.0093914       0.8883071E-03   0.0727848                          
    11:pent gF a0.030136986   0.0082850       0.0093914       0.8883071E-03   0.0727848                          

  Program  MARK  - Survival Rate Estimation with Capture-Recapture Data
   gfortran(dble) Vers. 9.0 Mar 2018    25-Mar-2020 12:09:04    Page  010
 - - - - - - - - - - - - - - - - - - - - - - - - - - - - - - - - - - - - - -
 
    12:pent gF a0.035616438   0.0082850       0.0093914       0.8883071E-03   0.0727848                          
    13:pent gF a0.041095890   0.0082850       0.0093914       0.8883071E-03   0.0727848                          
    14:pent gF a0.049315068   0.0082850       0.0093914       0.8883071E-03   0.0727848                          
    15:pent gF a0.052054794   0.0082850       0.0093914       0.8883071E-03   0.0727848                          
    16:pent gF a0.065753424   0.0082850       0.0093914       0.8883071E-03   0.0727848                          
    17:pent gF a0.071232876   0.0082850       0.0093914       0.8883071E-03   0.0727848                          
    18:pent gF a0.098630136   0.0082850       0.0093914       0.8883071E-03   0.0727848                          
    19:pent gF a0.101369863   0.0082850       0.0093914       0.8883071E-03   0.0727848                          
    20:pent gF a0.106849315   0.0082850       0.0093914       0.8883071E-03   0.0727848                          
    21:pent gF a0.109589041   0.0082850       0.0093914       0.8883071E-03   0.0727848                          
    22:pent gF a0.120547945   0.0082850       0.0093914       0.8883071E-03   0.0727848                          
    23:pent gF a0.350684931   0.0082850       0.0093914       0.8883071E-03   0.0727848                          
    24:pent gF a0.358904109   0.0082850       0.0093914       0.8883071E-03   0.0727848                          
    25:pent gF a0.613698630   0.0082850       0.0093914       0.8883071E-03   0.0727848                          
    26:pent gF a0.638356164   0.0082850       0.0093914       0.8883071E-03   0.0727848                          
    27:pent gF a0.646575342   0.0082850       0.0093914       0.8883071E-03   0.0727848                          
    28:pent gF a0.649315068   0.0082850       0.0093914       0.8883071E-03   0.0727848                          
    29:pent gF a0.652054794   0.0082850       0.0093914       0.8883071E-03   0.0727848                          
    30:pent gF a0.704109589   0.0082850       0.0093914       0.8883071E-03   0.0727848                          
    31:pent gF a0.706849315   0.0082850       0.0093914       0.8883071E-03   0.0727848                          
    32:pent gF a0.709589041   0.0082850       0.0093914       0.8883071E-03   0.0727848                          
    33:pent gF a0.827397260   0.0082850       0.0093914       0.8883071E-03   0.0727848                          
    34:pent gF a1.402739726   0.0082850       0.0093914       0.8883071E-03   0.0727848                          
    35:pent gF a1.405479452   0.0082850       0.0093914       0.8883071E-03   0.0727848                          
    36:pent gF a1.408219178   0.0082850       0.0093914       0.8883071E-03   0.0727848                          
    37:pent gM a0.005479452   0.0077265       0.0087505       0.8307176E-03   0.0679698                          
    38:pent gM a0.008219178   0.0077265       0.0087505       0.8307176E-03   0.0679698                          
    39:pent gM a0.010958904   0.0077265       0.0087505       0.8307176E-03   0.0679698                          
    40:pent gM a0.016438356   0.0077265       0.0087505       0.8307176E-03   0.0679698                          
    41:pent gM a0.024657534   0.0077265       0.0087505       0.8307176E-03   0.0679698                          
    42:pent gM a0.027397260   0.0077265       0.0087505       0.8307176E-03   0.0679698                          
    43:pent gM a0.030136986   0.0077265       0.0087505       0.8307176E-03   0.0679698                          
    44:pent gM a0.035616438   0.0077265       0.0087505       0.8307176E-03   0.0679698                          
    45:pent gM a0.041095890   0.0077265       0.0087505       0.8307176E-03   0.0679698                          
    46:pent gM a0.049315068   0.0077265       0.0087505       0.8307176E-03   0.0679698                          
    47:pent gM a0.052054794   0.0077265       0.0087505       0.8307176E-03   0.0679698                          
    48:pent gM a0.065753424   0.0077265       0.0087505       0.8307176E-03   0.0679698                          
    49:pent gM a0.071232876   0.0077265       0.0087505       0.8307176E-03   0.0679698                          
    50:pent gM a0.098630136   0.0077265       0.0087505       0.8307176E-03   0.0679698                          
    51:pent gM a0.101369863   0.0077265       0.0087505       0.8307176E-03   0.0679698                          
    52:pent gM a0.106849315   0.0077265       0.0087505       0.8307176E-03   0.0679698                          
    53:pent gM a0.109589041   0.0077265       0.0087505       0.8307176E-03   0.0679698                          
    54:pent gM a0.120547945   0.0077265       0.0087505       0.8307176E-03   0.0679698                          
    55:pent gM a0.350684931   0.0077265       0.0087505       0.8307176E-03   0.0679698                          
    56:pent gM a0.358904109   0.0077265       0.0087505       0.8307176E-03   0.0679698                          
    57:pent gM a0.613698630   0.0077265       0.0087505       0.8307176E-03   0.0679698                          

  Program  MARK  - Survival Rate Estimation with Capture-Recapture Data
   gfortran(dble) Vers. 9.0 Mar 2018    25-Mar-2020 12:09:04    Page  011
 - - - - - - - - - - - - - - - - - - - - - - - - - - - - - - - - - - - - - -
 
    58:pent gM a0.638356164   0.0077265       0.0087505       0.8307176E-03   0.0679698                          
    59:pent gM a0.646575342   0.0077265       0.0087505       0.8307176E-03   0.0679698                          
    60:pent gM a0.649315068   0.0077265       0.0087505       0.8307176E-03   0.0679698                          
    61:pent gM a0.652054794   0.0077265       0.0087505       0.8307176E-03   0.0679698                          
    62:pent gM a0.704109589   0.0077265       0.0087505       0.8307176E-03   0.0679698                          
    63:pent gM a0.706849315   0.0077265       0.0087505       0.8307176E-03   0.0679698                          
    64:pent gM a0.709589041   0.0077265       0.0087505       0.8307176E-03   0.0679698                          
    65:pent gM a0.827397260   0.0077265       0.0087505       0.8307176E-03   0.0679698                          
    66:pent gM a1.402739726   0.0077265       0.0087505       0.8307176E-03   0.0679698                          
    67:pent gM a1.405479452   0.0077265       0.0087505       0.8307176E-03   0.0679698                          
    68:pent gM a1.408219178   0.0077265       0.0087505       0.8307176E-03   0.0679698                          


                      Estimates of Derived Parameters
  Gross Birth+Immigration Estimates of { Phi(~sex)p(~1)pent(~sex)N(~1) }
                                                95% Confidence Interval
 Grp. Occ.   B*-hat          Standard Error      Lower           Upper
 ---- ----   --------------  --------------  --------------  --------------
   1     1    0.1837036       0.2286199       0.0275904       1.2231449    
   1     2    0.1832289       0.2279394       0.0275324       1.2193932    
   1     3    0.1832289       0.2279394       0.0275324       1.2193932    
   1     4    0.1837036       0.2286199       0.0275904       1.2231449    
   1     5    0.1841791       0.2293019       0.0276484       1.2269053    
   1     6    0.1832289       0.2279394       0.0275324       1.2193932    
   1     7    0.1832289       0.2279394       0.0275324       1.2193932    
   1     8    0.1837036       0.2286199       0.0275904       1.2231449    
   1     9    0.1837036       0.2286199       0.0275904       1.2231449    
   1    10    0.1841791       0.2293019       0.0276484       1.2269053    
   1    11    0.1832289       0.2279394       0.0275324       1.2193932    
   1    12    0.1851326       0.2306703       0.0277646       1.2344519    
   1    13    0.1837036       0.2286199       0.0275904       1.2231449    
   1    14    0.1875306       0.2341173       0.0280563       1.2534690    
   1    15    0.1832289       0.2279394       0.0275324       1.2193932    
   1    16    0.1837036       0.2286199       0.0275904       1.2231449    
   1    17    0.1832289       0.2279394       0.0275324       1.2193932    
   1    18    0.1846554       0.2299853       0.0277065       1.2306743    
   1    19    0.2254027       0.2894697       0.0325657       1.5601197    
   1    20    0.1841791       0.2293019       0.0276484       1.2269053    
   1    21    0.2303107       0.2967522       0.0331391       1.6006196    
   1    22    0.1870494       0.2334250       0.0279978       1.2496484    
   1    23    0.1841791       0.2293019       0.0276484       1.2269053    
   1    24    0.1832289       0.2279394       0.0275324       1.2193932    
   1    25    0.1832289       0.2279394       0.0275324       1.2193932    
   1    26    0.1918985       0.2404157       0.0285855       1.2882430    
   1    27    0.1832289       0.2279394       0.0275324       1.2193932    

  Program  MARK  - Survival Rate Estimation with Capture-Recapture Data
   gfortran(dble) Vers. 9.0 Mar 2018    25-Mar-2020 12:09:04    Page  012
 - - - - - - - - - - - - - - - - - - - - - - - - - - - - - - - - - - - - - -
 
   1    28    0.1832289       0.2279394       0.0275324       1.2193932    
   1    29    0.2038697       0.2577996       0.0300225       1.3843912    
   1    30    0.2998698       0.4018551       0.0410981       2.1879831    
   1    31    0.1832289       0.2279394       0.0275324       1.2193932    
   1    32    0.1832289       0.2279394       0.0275324       1.2193932    
   2     1    0.2710963       0.3265684       0.0423780       1.7342286    
   2     2    0.2709879       0.3263971       0.0423676       1.7332698    
   2     3    0.2709879       0.3263971       0.0423676       1.7332698    
   2     4    0.2710963       0.3265684       0.0423780       1.7342286    
   2     5    0.2712048       0.3267398       0.0423885       1.7351878    
   2     6    0.2709879       0.3263971       0.0423676       1.7332698    
   2     7    0.2709879       0.3263971       0.0423676       1.7332698    
   2     8    0.2710963       0.3265684       0.0423780       1.7342286    
   2     9    0.2710963       0.3265684       0.0423780       1.7342286    
   2    10    0.2712048       0.3267398       0.0423885       1.7351878    
   2    11    0.2709879       0.3263971       0.0423676       1.7332698    
   2    12    0.2714218       0.3270830       0.0424094       1.7371078    
   2    13    0.2710963       0.3265684       0.0423780       1.7342286    
   2    14    0.2719648       0.3279422       0.0424618       1.7419167    
   2    15    0.2709879       0.3263971       0.0423676       1.7332698    
   2    16    0.2710963       0.3265684       0.0423780       1.7342286    
   2    17    0.2709879       0.3263971       0.0423676       1.7332698    
   2    18    0.2713132       0.3269114       0.0423990       1.7361475    
   2    19    0.2800858       0.3409023       0.0432318       1.8145896    
   2    20    0.2712048       0.3267398       0.0423885       1.7351878    
   2    21    0.2810843       0.3425096       0.0433250       1.8236202    
   2    22    0.2718561       0.3277702       0.0424513       1.7409539    
   2    23    0.2712048       0.3267398       0.0423885       1.7351878    
   2    24    0.2709879       0.3263971       0.0423676       1.7332698    
   2    25    0.2709879       0.3263971       0.0423676       1.7332698    
   2    26    0.2729440       0.3294941       0.0425558       1.7506051    
   2    27    0.2709879       0.3263971       0.0423676       1.7332698    
   2    28    0.2709879       0.3263971       0.0423676       1.7332698    
   2    29    0.2755668       0.3336654       0.0428061       1.7739773    
   2    30    0.2942775       0.3640172       0.0445283       1.9448158    
   2    31    0.2709879       0.3263971       0.0423676       1.7332698    
   2    32    0.2709879       0.3263971       0.0423676       1.7332698    

   Net Birth+Immigration Estimates of { Phi(~sex)p(~1)pent(~sex)N(~1) }
                                                95% Confidence Interval
 Grp. Occ.   B-hat           Standard Error      Lower           Upper
 ---- ----   --------------  --------------  --------------  --------------
   1     1    0.1827550       0.2272604       0.0274745       1.2156500    
   1     2    0.1827550       0.2272604       0.0274745       1.2156500    
   1     3    0.1827550       0.2272604       0.0274745       1.2156500    
   1     4    0.1827550       0.2272604       0.0274745       1.2156500    
   1     5    0.1827550       0.2272604       0.0274745       1.2156500    
   1     6    0.1827550       0.2272604       0.0274745       1.2156500    
   1     7    0.1827550       0.2272604       0.0274745       1.2156500    
   1     8    0.1827550       0.2272604       0.0274745       1.2156500    
   1     9    0.1827550       0.2272604       0.0274745       1.2156500    
   1    10    0.1827550       0.2272604       0.0274745       1.2156500    
   1    11    0.1827550       0.2272604       0.0274745       1.2156500    
   1    12    0.1827550       0.2272604       0.0274745       1.2156500    
   1    13    0.1827550       0.2272604       0.0274745       1.2156500    
   1    14    0.1827550       0.2272604       0.0274745       1.2156500    
   1    15    0.1827550       0.2272604       0.0274745       1.2156500    
   1    16    0.1827550       0.2272604       0.0274745       1.2156500    
   1    17    0.1827550       0.2272604       0.0274745       1.2156500    
   1    18    0.1827550       0.2272604       0.0274745       1.2156500    
   1    19    0.1827550       0.2272604       0.0274745       1.2156500    
   1    20    0.1827550       0.2272604       0.0274745       1.2156500    
   1    21    0.1827550       0.2272604       0.0274745       1.2156500    
   1    22    0.1827550       0.2272604       0.0274745       1.2156500    
   1    23    0.1827550       0.2272604       0.0274745       1.2156500    
   1    24    0.1827550       0.2272604       0.0274745       1.2156500    
   1    25    0.1827550       0.2272604       0.0274745       1.2156500    
   1    26    0.1827550       0.2272604       0.0274745       1.2156500    
   1    27    0.1827550       0.2272604       0.0274745       1.2156500    
   1    28    0.1827550       0.2272604       0.0274745       1.2156500    
   1    29    0.1827550       0.2272604       0.0274745       1.2156500    
   1    30    0.1827550       0.2272604       0.0274745       1.2156500    
   1    31    0.1827550       0.2272604       0.0274745       1.2156500    
   1    32    0.1827550       0.2272604       0.0274745       1.2156500    
   2     1    0.2708795       0.3262258       0.0423571       1.7323117    
   2     2    0.2708795       0.3262258       0.0423571       1.7323117    
   2     3    0.2708795       0.3262258       0.0423571       1.7323117    
   2     4    0.2708795       0.3262258       0.0423571       1.7323117    
   2     5    0.2708795       0.3262258       0.0423571       1.7323117    
   2     6    0.2708795       0.3262258       0.0423571       1.7323117    
   2     7    0.2708795       0.3262258       0.0423571       1.7323117    
   2     8    0.2708795       0.3262258       0.0423571       1.7323117    
   2     9    0.2708795       0.3262258       0.0423571       1.7323117    
   2    10    0.2708795       0.3262258       0.0423571       1.7323117    
   2    11    0.2708795       0.3262258       0.0423571       1.7323117    
   2    12    0.2708795       0.3262258       0.0423571       1.7323117    
   2    13    0.2708795       0.3262258       0.0423571       1.7323117    
   2    14    0.2708795       0.3262258       0.0423571       1.7323117    
   2    15    0.2708795       0.3262258       0.0423571       1.7323117    
   2    16    0.2708795       0.3262258       0.0423571       1.7323117    
   2    17    0.2708795       0.3262258       0.0423571       1.7323117    
   2    18    0.2708795       0.3262258       0.0423571       1.7323117    
   2    19    0.2708795       0.3262258       0.0423571       1.7323117    
   2    20    0.2708795       0.3262258       0.0423571       1.7323117    
   2    21    0.2708795       0.3262258       0.0423571       1.7323117    
   2    22    0.2708795       0.3262258       0.0423571       1.7323117    
   2    23    0.2708795       0.3262258       0.0423571       1.7323117    
   2    24    0.2708795       0.3262258       0.0423571       1.7323117    
   2    25    0.2708795       0.3262258       0.0423571       1.7323117    
   2    26    0.2708795       0.3262258       0.0423571       1.7323117    
   2    27    0.2708795       0.3262258       0.0423571       1.7323117    
   2    28    0.2708795       0.3262258       0.0423571       1.7323117    
   2    29    0.2708795       0.3262258       0.0423571       1.7323117    
   2    30    0.2708795       0.3262258       0.0423571       1.7323117    
   2    31    0.2708795       0.3262258       0.0423571       1.7323117    
   2    32    0.2708795       0.3262258       0.0423571       1.7323117    

        Population Estimates of { Phi(~sex)p(~1)pent(~sex)N(~1) }
                                                95% Confidence Interval
 Grp. Occ.   N-hat           Standard Error      Lower           Upper
 ---- ----   --------------  --------------  --------------  --------------
   1     1    16.210424       5.3728480       8.6095881       30.521536    
   1     2    16.226058       5.1394631       8.8514676       29.744781    
   1     3    16.324955       4.9268089       9.1524093       29.118471    
   1     4    16.423341       4.7176853       9.4574846       28.519861    
   1     5    16.436780       4.4984864       9.7061272       27.834762    
   1     6    16.366009       4.2724964       9.8941215       27.071253    
   1     7    16.464183       4.0757325       10.208114       26.554300    
   1     8    16.561850       3.8839772       10.523318       26.065435    
   1     9    16.573861       3.6888211       10.770969       25.503078    

  Program  MARK  - Survival Rate Estimation with Capture-Recapture Data
   gfortran(dble) Vers. 9.0 Mar 2018    25-Mar-2020 12:09:04    Page  013
 - - - - - - - - - - - - - - - - - - - - - - - - - - - - - - - - - - - - - -
 
   1    10    16.585748       3.5009977       11.015664       24.972350    
   1    11    16.512679       3.3150803       11.184401       24.379362    
   1    12    16.610095       3.1493185       11.492168       24.007242    
   1    13    16.368051       2.9778849       11.491895       23.313220    
   1    14    16.382059       2.8282893       11.708126       22.921846    
   1    15    15.737595       2.6952680       11.277392       21.961806    
   1    16    15.839016       2.5699757       11.548070       21.724361    
   1    17    15.858479       2.4622177       11.718882       21.460355    
   1    18    15.959276       2.3670942       11.952152       21.309844    
   1    19    15.814663       2.3023915       11.906496       21.005640    
   1    20    10.416512       2.8895549       6.1088019       17.761867    
   1    21    10.438600       2.8287257       6.1950892       17.588829    
   1    22    6.6298601       2.9593262       2.8752387       15.287442    
   1    23    6.5105398       2.8867212       2.8378988       14.936096    
   1    24    6.5928743       2.8370924       2.9391144       14.788806    
   1    25    6.7415567       2.8068020       3.0791206       14.760249    
   1    26    6.8894706       2.7944084       3.2061729       14.804194    
   1    27    6.4262854       2.7717518       2.8599689       14.439718    
   1    28    6.5758288       2.7855519       2.9658007       14.580051    
   1    29    6.7245992       2.8166793       3.0579573       14.787726    
   1    30    5.5642592       2.7163760       2.2483099       13.770780    
   1    31    2.0570815       1.7126471       0.4960772       8.5300912    
   1    32    2.2292053       1.7205346       0.5837895       8.5122401    
   1    33    2.4004395       1.7575712       0.6646610       8.6692461    
   2     1    26.390441       8.2423579       14.512863       47.988833    
   2     2    26.619116       7.9322942       15.028404       47.149210    
   2     3    26.868703       7.6239301       15.573142       46.357194    
   2     4    27.118089       7.3172932       16.128652       45.595301    
   2     5    27.345601       7.0132622       16.674206       44.846628    
   2     6    27.550910       6.7126738       17.207702       44.111214    
   2     7    27.799750       6.4122912       17.792542       43.435398    
   2     8    28.048392       6.1145671       18.386193       42.788212    
   2     9    28.274416       5.8217210       18.964596       42.154477    
   2    10    28.500079       5.5325401       19.549264       41.549110    
   2    11    28.702620       5.2500388       20.114226       40.958094    
   2    12    28.950539       4.9669592       20.733551       40.424031    
   2    13    29.105812       4.7016861       21.250082       39.865649    
   2    14    29.330145       4.4332466       21.846345       39.377637    
   2    15    29.367248       4.2058829       22.211247       38.828765    
   2    16    29.614636       3.9488595       22.829876       38.415744    
   2    17    29.838156       3.7070451       23.411153       38.029546    
   2    18    30.085167       3.4724288       24.012083       37.694242    
   2    19    30.259898       3.2688608       24.500803       37.372712    
   2    20    28.563549       3.8598179       21.943525       37.180732    
   2    21    28.765937       3.7011497       22.377238       36.978608    
   2    22    26.973698       4.8005014       19.082225       38.128698    

  Program  MARK  - Survival Rate Estimation with Capture-Recapture Data
   gfortran(dble) Vers. 9.0 Mar 2018    25-Mar-2020 12:09:04    Page  014
 - - - - - - - - - - - - - - - - - - - - - - - - - - - - - - - - - - - - - -
 
   2    23    27.051005       4.7741257       19.191366       38.129483    
   2    24    27.257020       4.6817228       19.513402       38.073584    
   2    25    27.506096       4.5799817       19.891269       38.036051    
   2    26    27.754973       4.4989533       20.242124       38.056209    
   2    27    27.607039       4.7004528       19.820900       38.451767    
   2    28    27.855835       4.6574211       20.117537       38.570704    
   2    29    28.104432       4.6361741       20.384378       38.748257    
   2    30    27.424672       5.2143902       18.955273       39.678282    
   2    31    23.453237       7.7458566       12.482940       44.064483    
   2    32    23.705355       7.7022800       12.740338       44.107454    
   2    33    23.957272       7.6720521       12.985837       44.198223    

     Gross Population Estimates of { Phi(~sex)p(~1)pent(~sex)N(~1) }
                                                95% Confidence Interval
 Grp. Occ.   N*-hat          Standard Error      Lower           Upper
 ---- ----   --------------  --------------  --------------  --------------
   1     0    22.327057       3.9371923       15.844335       31.462189    
   2     0    35.115194       3.7057590       28.570212       43.159528    

   CPU Time for the last procedure was 0.14 seconds.     


  INPUT --- proc stop;

     CPU Time in minutes for this job was 0.00

     Time Start = 12:09:03.813   Time End = 12:09:04.203

     Wall Clock Time in minutes for this job was 0.01


          E X E C U T I O N   S U C C E S S F U L 
