
   Program  MARK  - Survival Rate Estimation with Capture-Recapture Data
   gfortran(dble) Vers. 9.0 Mar 2018    25-Mar-2020 12:10:33    Page  001
 - - - - - - - - - - - - - - - - - - - - - - - - - - - - - - - - - - - - - -
 
   This version was compiled by GCC version 7.2.0 using the options: 
     -cpp -iprefix C:/Program Files/mingw-w64/x86_64-7.2.0-posix-seh-rt_v5-rev1/
     mingw64/bin/../lib/gcc/x86_64-w64-mingw32/7.2.0/ -D_MT -D_REENTRANT
     -U_REENTRANT -D IEEE -D DBLEPRECISION -m64 -mtune=core2 -march=nocona -mthreads
     -O2 -fimplicit-none -fbounds-check -funroll-loops -ftree-vectorize
     -ffpe-summary=invalid,zero,overflow,underflow -fno-unsafe-math-optimizations
     -frounding-math -fsignaling-nans -fopenmp.

   This problem will use 15 of 16 possible threads.


  INPUT --- proc title ;

   CPU Time for the last procedure was 0.02 seconds.     


  INPUT --- proc chmatrix occasions= 33 groups= 2 etype= POPAN Nodes= 
  INPUT --- 101 ICMeans NoHist hist= 41  ;

  INPUT ---    time interval 0.00547945205479452 0.00273972602739726 
  INPUT ---    0.00273972602739726 0.00547945205479452  
  INPUT ---    0.00821917808219178 0.00273972602739726 0.00273972602739726 
  INPUT ---    0.00547945205479452  0.00547945205479452 
  INPUT ---    0.00821917808219178 0.00273972602739726 0.0136986301369863 
  INPUT ---    0.00547945205479452  0.0273972602739726 0.00273972602739726 
  INPUT ---    0.00547945205479452 0.00273972602739726 0.010958904109589  
  INPUT ---    0.23013698630137 0.00821917808219178 0.254794520547945 
  INPUT ---    0.0246575342465753 0.00821917808219178  0.00273972602739726 
  INPUT ---    0.00273972602739726 0.0520547945205479 0.00273972602739726 
  INPUT ---    0.00273972602739726  0.117808219178082 0.575342465753425 
  INPUT ---    0.00273972602739726 0.00273972602739726 ;

  INPUT ---    glabel(1)=sexF;

  INPUT ---    glabel(2)=sexM;

   * *  WARNING  * *   At least a pair of the encounter histories are duplicates. 

      Number of unique encounter histories read was 38.

      Number of individual covariates read was 0.
      Time interval lengths vary and/or not equal to 1.

      Data type number is 19
      Data type is POPAN                                                                                               

   CPU Time for the last procedure was 0.01 seconds.     

  Program  MARK  - Survival Rate Estimation with Capture-Recapture Data
   gfortran(dble) Vers. 9.0 Mar 2018    25-Mar-2020 12:10:33    Page  002
 - - - - - - - - - - - - - - - - - - - - - - - - - - - - - - - - - - - - - -
 


  INPUT --- proc estimate link=Parm-Specific NOLOOP varest=2ndPart    ;


  INPUT --- model={ Phi(~sex)p(~sex)pent(~1)N(~sex) };

  INPUT ---    group=1 Phi    rows=1 cols=32 Square ;
  INPUT ---        1 1 1 1 1 1 1 1 1 1 1 1 1 1 1 1 1 1 1 1 1 1 1 1 1 1 1 1 1 
  INPUT ---       1 1 1 ;

  INPUT ---    group=2 Phi    rows=1 cols=32 Square ;
  INPUT ---        2 2 2 2 2 2 2 2 2 2 2 2 2 2 2 2 2 2 2 2 2 2 2 2 2 2 2 2 2 
  INPUT ---       2 2 2 ;

  INPUT ---    group=1 p    rows=1 cols=33 Square ;
  INPUT ---        3 3 3 3 3 3 3 3 3 3 3 3 3 3 3 3 3 3 3 3 3 3 3 3 3 3 3 3 3 
  INPUT ---       3 3 3 3 ;

  INPUT ---    group=2 p    rows=1 cols=33 Square ;
  INPUT ---        4 4 4 4 4 4 4 4 4 4 4 4 4 4 4 4 4 4 4 4 4 4 4 4 4 4 4 4 4 
  INPUT ---       4 4 4 4 ;

  INPUT ---    group=1 pent    rows=1 cols=32 Square ;
  INPUT ---        7 8 9 10 11 12 13 14 15 16 17 18 19 20 21 22 23 24 25 26 
  INPUT ---       27 28 29 30 31 32 33 34 35 36 37 38 ;

  INPUT ---    group=2 pent    rows=1 cols=32 Square ;
  INPUT ---        39 40 41 42 43 44 45 46 47 48 49 50 51 52 53 54 55 56 57 
  INPUT ---       58 59 60 61 62 63 64 65 66 67 68 69 70 ;

  INPUT ---    group=1 N    rows=1 cols=1 Square ;
  INPUT ---        5 ;

  INPUT ---    group=2 N    rows=1 cols=1 Square ;
  INPUT ---        6 ;

  INPUT ---    design matrix constraints=70 covariates=7;
  INPUT ---        1 0 0 0 0 0 0;
  INPUT ---        1 1 0 0 0 0 0;
  INPUT ---        0 0 1 0 0 0 0;
  INPUT ---        0 0 1 1 0 0 0;
  INPUT ---        0 0 0 0 0 1 0;
  INPUT ---        0 0 0 0 0 1 1;
  INPUT ---        0 0 0 0 1 0 0;
  INPUT ---        0 0 0 0 1 0 0;

  Program  MARK  - Survival Rate Estimation with Capture-Recapture Data
   gfortran(dble) Vers. 9.0 Mar 2018    25-Mar-2020 12:10:33    Page  003
 - - - - - - - - - - - - - - - - - - - - - - - - - - - - - - - - - - - - - -
 
  INPUT ---        0 0 0 0 1 0 0;
  INPUT ---        0 0 0 0 1 0 0;
  INPUT ---        0 0 0 0 1 0 0;
  INPUT ---        0 0 0 0 1 0 0;
  INPUT ---        0 0 0 0 1 0 0;
  INPUT ---        0 0 0 0 1 0 0;
  INPUT ---        0 0 0 0 1 0 0;
  INPUT ---        0 0 0 0 1 0 0;
  INPUT ---        0 0 0 0 1 0 0;
  INPUT ---        0 0 0 0 1 0 0;
  INPUT ---        0 0 0 0 1 0 0;
  INPUT ---        0 0 0 0 1 0 0;
  INPUT ---        0 0 0 0 1 0 0;
  INPUT ---        0 0 0 0 1 0 0;
  INPUT ---        0 0 0 0 1 0 0;
  INPUT ---        0 0 0 0 1 0 0;
  INPUT ---        0 0 0 0 1 0 0;
  INPUT ---        0 0 0 0 1 0 0;
  INPUT ---        0 0 0 0 1 0 0;
  INPUT ---        0 0 0 0 1 0 0;
  INPUT ---        0 0 0 0 1 0 0;
  INPUT ---        0 0 0 0 1 0 0;
  INPUT ---        0 0 0 0 1 0 0;
  INPUT ---        0 0 0 0 1 0 0;
  INPUT ---        0 0 0 0 1 0 0;
  INPUT ---        0 0 0 0 1 0 0;
  INPUT ---        0 0 0 0 1 0 0;
  INPUT ---        0 0 0 0 1 0 0;
  INPUT ---        0 0 0 0 1 0 0;
  INPUT ---        0 0 0 0 1 0 0;
  INPUT ---        0 0 0 0 1 0 0;
  INPUT ---        0 0 0 0 1 0 0;
  INPUT ---        0 0 0 0 1 0 0;
  INPUT ---        0 0 0 0 1 0 0;
  INPUT ---        0 0 0 0 1 0 0;
  INPUT ---        0 0 0 0 1 0 0;
  INPUT ---        0 0 0 0 1 0 0;
  INPUT ---        0 0 0 0 1 0 0;
  INPUT ---        0 0 0 0 1 0 0;
  INPUT ---        0 0 0 0 1 0 0;
  INPUT ---        0 0 0 0 1 0 0;
  INPUT ---        0 0 0 0 1 0 0;
  INPUT ---        0 0 0 0 1 0 0;
  INPUT ---        0 0 0 0 1 0 0;
  INPUT ---        0 0 0 0 1 0 0;
  INPUT ---        0 0 0 0 1 0 0;

  Program  MARK  - Survival Rate Estimation with Capture-Recapture Data
   gfortran(dble) Vers. 9.0 Mar 2018    25-Mar-2020 12:10:33    Page  004
 - - - - - - - - - - - - - - - - - - - - - - - - - - - - - - - - - - - - - -
 
  INPUT ---        0 0 0 0 1 0 0;
  INPUT ---        0 0 0 0 1 0 0;
  INPUT ---        0 0 0 0 1 0 0;
  INPUT ---        0 0 0 0 1 0 0;
  INPUT ---        0 0 0 0 1 0 0;
  INPUT ---        0 0 0 0 1 0 0;
  INPUT ---        0 0 0 0 1 0 0;
  INPUT ---        0 0 0 0 1 0 0;
  INPUT ---        0 0 0 0 1 0 0;
  INPUT ---        0 0 0 0 1 0 0;
  INPUT ---        0 0 0 0 1 0 0;
  INPUT ---        0 0 0 0 1 0 0;
  INPUT ---        0 0 0 0 1 0 0;
  INPUT ---        0 0 0 0 1 0 0;
  INPUT ---        0 0 0 0 1 0 0;
  INPUT ---        0 0 0 0 1 0 0;

  INPUT ---    links=70;

  INPUT ---    Logit;

  INPUT ---    Logit;

  INPUT ---    Logit;

  INPUT ---    Logit;

  INPUT ---    Log;

  INPUT ---    Log;

  INPUT ---    mlogit(1);

  INPUT ---    mlogit(1);

  INPUT ---    mlogit(1);

  INPUT ---    mlogit(1);

  INPUT ---    mlogit(1);

  INPUT ---    mlogit(1);

  INPUT ---    mlogit(1);

  INPUT ---    mlogit(1);

  Program  MARK  - Survival Rate Estimation with Capture-Recapture Data
   gfortran(dble) Vers. 9.0 Mar 2018    25-Mar-2020 12:10:33    Page  005
 - - - - - - - - - - - - - - - - - - - - - - - - - - - - - - - - - - - - - -
 

  INPUT ---    mlogit(1);

  INPUT ---    mlogit(1);

  INPUT ---    mlogit(1);

  INPUT ---    mlogit(1);

  INPUT ---    mlogit(1);

  INPUT ---    mlogit(1);

  INPUT ---    mlogit(1);

  INPUT ---    mlogit(1);

  INPUT ---    mlogit(1);

  INPUT ---    mlogit(1);

  INPUT ---    mlogit(1);

  INPUT ---    mlogit(1);

  INPUT ---    mlogit(1);

  INPUT ---    mlogit(1);

  INPUT ---    mlogit(1);

  INPUT ---    mlogit(1);

  INPUT ---    mlogit(1);

  INPUT ---    mlogit(1);

  INPUT ---    mlogit(1);

  INPUT ---    mlogit(1);

  INPUT ---    mlogit(1);

  INPUT ---    mlogit(1);

  INPUT ---    mlogit(1);

  Program  MARK  - Survival Rate Estimation with Capture-Recapture Data
   gfortran(dble) Vers. 9.0 Mar 2018    25-Mar-2020 12:10:33    Page  006
 - - - - - - - - - - - - - - - - - - - - - - - - - - - - - - - - - - - - - -
 

  INPUT ---    mlogit(1);

  INPUT ---    mlogit(2);

  INPUT ---    mlogit(2);

  INPUT ---    mlogit(2);

  INPUT ---    mlogit(2);

  INPUT ---    mlogit(2);

  INPUT ---    mlogit(2);

  INPUT ---    mlogit(2);

  INPUT ---    mlogit(2);

  INPUT ---    mlogit(2);

  INPUT ---    mlogit(2);

  INPUT ---    mlogit(2);

  INPUT ---    mlogit(2);

  INPUT ---    mlogit(2);

  INPUT ---    mlogit(2);

  INPUT ---    mlogit(2);

  INPUT ---    mlogit(2);

  INPUT ---    mlogit(2);

  INPUT ---    mlogit(2);

  INPUT ---    mlogit(2);

  INPUT ---    mlogit(2);

  INPUT ---    mlogit(2);

  INPUT ---    mlogit(2);

  Program  MARK  - Survival Rate Estimation with Capture-Recapture Data
   gfortran(dble) Vers. 9.0 Mar 2018    25-Mar-2020 12:10:33    Page  007
 - - - - - - - - - - - - - - - - - - - - - - - - - - - - - - - - - - - - - -
 

  INPUT ---    mlogit(2);

  INPUT ---    mlogit(2);

  INPUT ---    mlogit(2);

  INPUT ---    mlogit(2);

  INPUT ---    mlogit(2);

  INPUT ---    mlogit(2);

  INPUT ---    mlogit(2);

  INPUT ---    mlogit(2);

  INPUT ---    mlogit(2);

  INPUT ---    mlogit(2);
  INPUT ---       blabel(1)=Phi:(Intercept);
  INPUT ---       blabel(2)=Phi:sexM;
  INPUT ---       blabel(3)=p:(Intercept);
  INPUT ---       blabel(4)=p:sexM;
  INPUT ---       blabel(5)=pent:(Intercept);
  INPUT ---       blabel(6)=N:(Intercept);
  INPUT ---       blabel(7)=N:sexM;
  INPUT ---       rlabel(1)=Phi gF a0 t1;
  INPUT ---       rlabel(2)=Phi gM a0 t1;
  INPUT ---       rlabel(3)=p gF a0 t1;
  INPUT ---       rlabel(4)=p gM a0 t1;
  INPUT ---       rlabel(5)=N gF a0 t1;
  INPUT ---       rlabel(6)=N gM a0 t1;
  INPUT ---       rlabel(7)=pent gF a0.00547945205479452 t1.00547945205479;
  INPUT ---       rlabel(8)=pent gF a0.00821917808219178 t1.00821917808219;
  INPUT ---       rlabel(9)=pent gF a0.010958904109589 t1.01095890410959;
  INPUT ---       rlabel(10)=pent gF a0.0164383561643836 t1.01643835616438;
  INPUT ---       rlabel(11)=pent gF a0.0246575342465753 t1.02465753424658;
  INPUT ---       rlabel(12)=pent gF a0.0273972602739726 t1.02739726027397;
  INPUT ---       rlabel(13)=pent gF a0.0301369863013699 t1.03013698630137;
  INPUT ---       rlabel(14)=pent gF a0.0356164383561644 t1.03561643835616;
  INPUT ---       rlabel(15)=pent gF a0.0410958904109589 t1.04109589041096;
  INPUT ---       rlabel(16)=pent gF a0.0493150684931507 t1.04931506849315;
  INPUT ---       rlabel(17)=pent gF a0.0520547945205479 t1.05205479452055;
  INPUT ---       rlabel(18)=pent gF a0.0657534246575342 t1.06575342465753;
  INPUT ---       rlabel(19)=pent gF a0.0712328767123288 t1.07123287671233;

  Program  MARK  - Survival Rate Estimation with Capture-Recapture Data
   gfortran(dble) Vers. 9.0 Mar 2018    25-Mar-2020 12:10:33    Page  008
 - - - - - - - - - - - - - - - - - - - - - - - - - - - - - - - - - - - - - -
 
  INPUT ---       rlabel(20)=pent gF a0.0986301369863014 t1.0986301369863;
  INPUT ---       rlabel(21)=pent gF a0.101369863013699 t1.1013698630137;
  INPUT ---       rlabel(22)=pent gF a0.106849315068493 t1.10684931506849;
  INPUT ---       rlabel(23)=pent gF a0.10958904109589 t1.10958904109589;
  INPUT ---       rlabel(24)=pent gF a0.120547945205479 t1.12054794520548;
  INPUT ---       rlabel(25)=pent gF a0.350684931506849 t1.35068493150685;
  INPUT ---       rlabel(26)=pent gF a0.358904109589041 t1.35890410958904;
  INPUT ---       rlabel(27)=pent gF a0.613698630136986 t1.61369863013699;
  INPUT ---       rlabel(28)=pent gF a0.638356164383562 t1.63835616438356;
  INPUT ---       rlabel(29)=pent gF a0.646575342465753 t1.64657534246575;
  INPUT ---       rlabel(30)=pent gF a0.649315068493151 t1.64931506849315;
  INPUT ---       rlabel(31)=pent gF a0.652054794520548 t1.65205479452055;
  INPUT ---       rlabel(32)=pent gF a0.704109589041096 t1.7041095890411;
  INPUT ---       rlabel(33)=pent gF a0.706849315068493 t1.70684931506849;
  INPUT ---       rlabel(34)=pent gF a0.70958904109589 t1.70958904109589;
  INPUT ---       rlabel(35)=pent gF a0.827397260273973 t1.82739726027397;
  INPUT ---       rlabel(36)=pent gF a1.4027397260274 t2.4027397260274;
  INPUT ---       rlabel(37)=pent gF a1.40547945205479 t2.40547945205479;
  INPUT ---       rlabel(38)=pent gF a1.40821917808219 t2.40821917808219;
  INPUT ---       rlabel(39)=pent gM a0.00547945205479452 t1.00547945205479;
  INPUT ---       rlabel(40)=pent gM a0.00821917808219178 t1.00821917808219;
  INPUT ---       rlabel(41)=pent gM a0.010958904109589 t1.01095890410959;
  INPUT ---       rlabel(42)=pent gM a0.0164383561643836 t1.01643835616438;
  INPUT ---       rlabel(43)=pent gM a0.0246575342465753 t1.02465753424658;
  INPUT ---       rlabel(44)=pent gM a0.0273972602739726 t1.02739726027397;
  INPUT ---       rlabel(45)=pent gM a0.0301369863013699 t1.03013698630137;
  INPUT ---       rlabel(46)=pent gM a0.0356164383561644 t1.03561643835616;
  INPUT ---       rlabel(47)=pent gM a0.0410958904109589 t1.04109589041096;
  INPUT ---       rlabel(48)=pent gM a0.0493150684931507 t1.04931506849315;
  INPUT ---       rlabel(49)=pent gM a0.0520547945205479 t1.05205479452055;
  INPUT ---       rlabel(50)=pent gM a0.0657534246575342 t1.06575342465753;
  INPUT ---       rlabel(51)=pent gM a0.0712328767123288 t1.07123287671233;
  INPUT ---       rlabel(52)=pent gM a0.0986301369863014 t1.0986301369863;
  INPUT ---       rlabel(53)=pent gM a0.101369863013699 t1.1013698630137;
  INPUT ---       rlabel(54)=pent gM a0.106849315068493 t1.10684931506849;
  INPUT ---       rlabel(55)=pent gM a0.10958904109589 t1.10958904109589;
  INPUT ---       rlabel(56)=pent gM a0.120547945205479 t1.12054794520548;
  INPUT ---       rlabel(57)=pent gM a0.350684931506849 t1.35068493150685;
  INPUT ---       rlabel(58)=pent gM a0.358904109589041 t1.35890410958904;
  INPUT ---       rlabel(59)=pent gM a0.613698630136986 t1.61369863013699;
  INPUT ---       rlabel(60)=pent gM a0.638356164383562 t1.63835616438356;
  INPUT ---       rlabel(61)=pent gM a0.646575342465753 t1.64657534246575;
  INPUT ---       rlabel(62)=pent gM a0.649315068493151 t1.64931506849315;
  INPUT ---       rlabel(63)=pent gM a0.652054794520548 t1.65205479452055;
  INPUT ---       rlabel(64)=pent gM a0.704109589041096 t1.7041095890411;
  INPUT ---       rlabel(65)=pent gM a0.706849315068493 t1.70684931506849;

  Program  MARK  - Survival Rate Estimation with Capture-Recapture Data
   gfortran(dble) Vers. 9.0 Mar 2018    25-Mar-2020 12:10:33    Page  009
 - - - - - - - - - - - - - - - - - - - - - - - - - - - - - - - - - - - - - -
 
  INPUT ---       rlabel(66)=pent gM a0.70958904109589 t1.70958904109589;
  INPUT ---       rlabel(67)=pent gM a0.827397260273973 t1.82739726027397;
  INPUT ---       rlabel(68)=pent gM a1.4027397260274 t2.4027397260274;
  INPUT ---       rlabel(69)=pent gM a1.40547945205479 t2.40547945205479;
  INPUT ---       rlabel(70)=pent gM a1.40821917808219 t2.40821917808219;

 Link Function Used is PARM-SPECIFIC

 Variance Estimation Procedure Used is 2ndPart 

 M(t+1):
      16     29



 Group: 1

 U(t)+UL(t):
       0    2    2    0    1    0    3    1    1    0    0    0    0    0    1
       0    0    0    2    1    1    0    0    0    1    0    0    0    0    0
       0    0    0

 U(t):
       0    2    2    0    1    0    3    1    1    0    0    0    0    0    1
       0    0    0    2    1    1    0    0    0    1    0    0    0    0    0
       0    0    0

 UL(t):
       0    0    0    0    0    0    0    0    0    0    0    0    0    0    0
       0    0    0    0    0    0    0    0    0    0    0    0    0    0    0
       0    0    0

 Not Released(t):
       0    0    0    0    0    0    0    0    0    0    0    0    0    0    0
       0    0    0    0    0    0    0    0    0    0    0    0    0    0    0
       0    0    0

 Group: 2

 U(t)+UL(t):
       3    0    1    1    1    1    1    0    1    1    2    1    3    3    1
       1    0    2    3    1    0    0    1    0    0    0    0    0    0    1
       0    0    0

 U(t):
       3    0    1    1    1    1    1    0    1    1    2    1    3    3    1
       1    0    2    3    1    0    0    1    0    0    0    0    0    0    1
       0    0    0

 UL(t):
       0    0    0    0    0    0    0    0    0    0    0    0    0    0    0
       0    0    0    0    0    0    0    0    0    0    0    0    0    0    0
       0    0    0

 Not Released(t):
       0    0    0    0    0    0    0    0    0    0    0    0    0    0    0
       0    0    0    0    0    0    0    0    0    0    0    0    0    0    0
       0    0    0
 -2logL(saturated) = 272.93564     
 Effective Sample Size = 103

 Number of function evaluations was 23 for 7 parameters.
 Time for numerical optimization was 0.03 seconds.     
 -2logL { Phi(~sex)p(~sex)pent(~1)N(~sex) } = 552.79597     
 Penalty { Phi(~sex)p(~sex)pent(~1)N(~sex) } = 0.0000000     
 Gradient { Phi(~sex)p(~sex)pent(~1)N(~sex) }:
  0.5832542E-05  0.2062148E-05  0.6338166E-05  0.1963234E-04  0.1345741E-05
 -0.1021732E-04   0.000000    
 Maximum ABS(G) { Phi(~sex)p(~sex)pent(~1)N(~sex) } = 0.1963234E-04 
 S Vector { Phi(~sex)p(~sex)pent(~1)N(~sex) }:
   128.1568      12.39543      7.194783      2.942954      1.019400    
  0.4284493     0.3241054    
 Time to compute number of parameters was 0.11 seconds.     
 Ratio Threshold = 50.000000       Max Gap (1/2) = 10.339041       Next Max Gap (1/2) = 10.339041     
 Gap Method for Num. of Estimated Parameters { Phi(~sex)p(~sex)pent(~1)N(~sex) } = 7          
 Threshold { Phi(~sex)p(~sex)pent(~1)N(~sex) } = 0.3926469E-04                 
 Numerical Threshold Method for Num. of Estimated Parameters { Phi(~sex)p(~sex)pent(~1)N(~sex) } = 7          
 Number of Estimated Parameters { Phi(~sex)p(~sex)pent(~1)N(~sex) } = 7          
 DEVIANCE { Phi(~sex)p(~sex)pent(~1)N(~sex) } = 279.86033                     
 DEVIANCE Degrees of Freedom { Phi(~sex)p(~sex)pent(~1)N(~sex) } = 34            
 c-hat { Phi(~sex)p(~sex)pent(~1)N(~sex) } = 8.2311860                     
 AIC { Phi(~sex)p(~sex)pent(~1)N(~sex) } = 566.79597                  
 AICc { Phi(~sex)p(~sex)pent(~1)N(~sex) } = 567.97492                    
 BIC { Phi(~sex)p(~sex)pent(~1)N(~sex) } = 585.23907                    
 Pearson Chisquare { Phi(~sex)p(~sex)pent(~1)N(~sex) } = 20353123.                  


             PARM-SPECIFIC Link Function Parameters of { Phi(~sex)p(~sex)pent(~1)N(~sex) }
                                                              95% Confidence Interval
 Parameter                    Beta         Standard Error      Lower           Upper
 -------------------------  --------------  --------------  --------------  --------------
    1:Phi:(Intercept)       -1.6161471       1.0448806      -3.6641131       0.4318189    
    2:Phi:sexM               2.6997312       1.3743338       0.0060369       5.3934255    
    3:p:(Intercept)         -2.6111679       0.3161711      -3.2308632      -1.9914727    
    4:p:sexM                 0.1658406       0.3310285      -0.4829752       0.8146565    
    5:pent:(Intercept)      -4.6692887       1.5807729      -7.7676036      -1.5709738    
    6:N:(Intercept)          1.9868478       0.7075239       0.6001008       3.3735947    
    7:N:sexM                -0.3447759       0.8820997      -2.0736913       1.3841394    


             Real Function Parameters of { Phi(~sex)p(~sex)pent(~1)N(~sex) }
                                                               95% Confidence Interval
  Parameter                  Estimate       Standard Error      Lower           Upper
 --------------------------  --------------  --------------  --------------  --------------
     1:Phi gF a0 t1           0.1657369       0.1444738       0.0249866       0.6063079                          

  Program  MARK  - Survival Rate Estimation with Capture-Recapture Data
   gfortran(dble) Vers. 9.0 Mar 2018    25-Mar-2020 12:10:33    Page  010
 - - - - - - - - - - - - - - - - - - - - - - - - - - - - - - - - - - - - - -
 
     2:Phi gM a0 t1           0.7471716       0.2178801       0.2355857       0.9659145                          
     3:p gF a0 t1             0.0684231       0.0201532       0.0380207       0.1201012                          
     4:p gM a0 t1             0.0797809       0.0140350       0.0562517       0.1119841                          
     5:N gF a0 t1             23.292510       5.1596251       18.092146       41.419215                          
     6:N gM a0 t1             34.165861       4.3066697       30.243931       50.453054                          
     7:pent gF a0.005479452   0.0072139       0.0087711       0.6584823E-03   0.0741855                          
     8:pent gF a0.008219178   0.0072139       0.0087711       0.6584823E-03   0.0741855                          
     9:pent gF a0.010958904   0.0072139       0.0087711       0.6584823E-03   0.0741855                          
    10:pent gF a0.016438356   0.0072139       0.0087711       0.6584823E-03   0.0741855                          
    11:pent gF a0.024657534   0.0072139       0.0087711       0.6584823E-03   0.0741855                          
    12:pent gF a0.027397260   0.0072139       0.0087711       0.6584823E-03   0.0741855                          
    13:pent gF a0.030136986   0.0072139       0.0087711       0.6584823E-03   0.0741855                          
    14:pent gF a0.035616438   0.0072139       0.0087711       0.6584823E-03   0.0741855                          
    15:pent gF a0.041095890   0.0072139       0.0087711       0.6584823E-03   0.0741855                          
    16:pent gF a0.049315068   0.0072139       0.0087711       0.6584823E-03   0.0741855                          
    17:pent gF a0.052054794   0.0072139       0.0087711       0.6584823E-03   0.0741855                          
    18:pent gF a0.065753424   0.0072139       0.0087711       0.6584823E-03   0.0741855                          
    19:pent gF a0.071232876   0.0072139       0.0087711       0.6584823E-03   0.0741855                          
    20:pent gF a0.098630136   0.0072139       0.0087711       0.6584823E-03   0.0741855                          
    21:pent gF a0.101369863   0.0072139       0.0087711       0.6584823E-03   0.0741855                          
    22:pent gF a0.106849315   0.0072139       0.0087711       0.6584823E-03   0.0741855                          
    23:pent gF a0.109589041   0.0072139       0.0087711       0.6584823E-03   0.0741855                          
    24:pent gF a0.120547945   0.0072139       0.0087711       0.6584823E-03   0.0741855                          
    25:pent gF a0.350684931   0.0072139       0.0087711       0.6584823E-03   0.0741855                          
    26:pent gF a0.358904109   0.0072139       0.0087711       0.6584823E-03   0.0741855                          
    27:pent gF a0.613698630   0.0072139       0.0087711       0.6584823E-03   0.0741855                          
    28:pent gF a0.638356164   0.0072139       0.0087711       0.6584823E-03   0.0741855                          
    29:pent gF a0.646575342   0.0072139       0.0087711       0.6584823E-03   0.0741855                          
    30:pent gF a0.649315068   0.0072139       0.0087711       0.6584823E-03   0.0741855                          
    31:pent gF a0.652054794   0.0072139       0.0087711       0.6584823E-03   0.0741855                          
    32:pent gF a0.704109589   0.0072139       0.0087711       0.6584823E-03   0.0741855                          
    33:pent gF a0.706849315   0.0072139       0.0087711       0.6584823E-03   0.0741855                          
    34:pent gF a0.709589041   0.0072139       0.0087711       0.6584823E-03   0.0741855                          
    35:pent gF a0.827397260   0.0072139       0.0087711       0.6584823E-03   0.0741855                          
    36:pent gF a1.402739726   0.0072139       0.0087711       0.6584823E-03   0.0741855                          
    37:pent gF a1.405479452   0.0072139       0.0087711       0.6584823E-03   0.0741855                          
    38:pent gF a1.408219178   0.0072139       0.0087711       0.6584823E-03   0.0741855                          
    39:pent gM a0.005479452   0.0072139       0.0087711       0.6584823E-03   0.0741855                          
    40:pent gM a0.008219178   0.0072139       0.0087711       0.6584823E-03   0.0741855                          
    41:pent gM a0.010958904   0.0072139       0.0087711       0.6584823E-03   0.0741855                          
    42:pent gM a0.016438356   0.0072139       0.0087711       0.6584823E-03   0.0741855                          
    43:pent gM a0.024657534   0.0072139       0.0087711       0.6584823E-03   0.0741855                          
    44:pent gM a0.027397260   0.0072139       0.0087711       0.6584823E-03   0.0741855                          
    45:pent gM a0.030136986   0.0072139       0.0087711       0.6584823E-03   0.0741855                          
    46:pent gM a0.035616438   0.0072139       0.0087711       0.6584823E-03   0.0741855                          
    47:pent gM a0.041095890   0.0072139       0.0087711       0.6584823E-03   0.0741855                          

  Program  MARK  - Survival Rate Estimation with Capture-Recapture Data
   gfortran(dble) Vers. 9.0 Mar 2018    25-Mar-2020 12:10:33    Page  011
 - - - - - - - - - - - - - - - - - - - - - - - - - - - - - - - - - - - - - -
 
    48:pent gM a0.049315068   0.0072139       0.0087711       0.6584823E-03   0.0741855                          
    49:pent gM a0.052054794   0.0072139       0.0087711       0.6584823E-03   0.0741855                          
    50:pent gM a0.065753424   0.0072139       0.0087711       0.6584823E-03   0.0741855                          
    51:pent gM a0.071232876   0.0072139       0.0087711       0.6584823E-03   0.0741855                          
    52:pent gM a0.098630136   0.0072139       0.0087711       0.6584823E-03   0.0741855                          
    53:pent gM a0.101369863   0.0072139       0.0087711       0.6584823E-03   0.0741855                          
    54:pent gM a0.106849315   0.0072139       0.0087711       0.6584823E-03   0.0741855                          
    55:pent gM a0.109589041   0.0072139       0.0087711       0.6584823E-03   0.0741855                          
    56:pent gM a0.120547945   0.0072139       0.0087711       0.6584823E-03   0.0741855                          
    57:pent gM a0.350684931   0.0072139       0.0087711       0.6584823E-03   0.0741855                          
    58:pent gM a0.358904109   0.0072139       0.0087711       0.6584823E-03   0.0741855                          
    59:pent gM a0.613698630   0.0072139       0.0087711       0.6584823E-03   0.0741855                          
    60:pent gM a0.638356164   0.0072139       0.0087711       0.6584823E-03   0.0741855                          
    61:pent gM a0.646575342   0.0072139       0.0087711       0.6584823E-03   0.0741855                          
    62:pent gM a0.649315068   0.0072139       0.0087711       0.6584823E-03   0.0741855                          
    63:pent gM a0.652054794   0.0072139       0.0087711       0.6584823E-03   0.0741855                          
    64:pent gM a0.704109589   0.0072139       0.0087711       0.6584823E-03   0.0741855                          
    65:pent gM a0.706849315   0.0072139       0.0087711       0.6584823E-03   0.0741855                          
    66:pent gM a0.709589041   0.0072139       0.0087711       0.6584823E-03   0.0741855                          
    67:pent gM a0.827397260   0.0072139       0.0087711       0.6584823E-03   0.0741855                          
    68:pent gM a1.402739726   0.0072139       0.0087711       0.6584823E-03   0.0741855                          
    69:pent gM a1.405479452   0.0072139       0.0087711       0.6584823E-03   0.0741855                          
    70:pent gM a1.408219178   0.0072139       0.0087711       0.6584823E-03   0.0741855                          


                      Estimates of Derived Parameters
 Gross Birth+Immigration Estimates of { Phi(~sex)p(~sex)pent(~1)N(~sex) }
                                                95% Confidence Interval
 Grp. Occ.   B*-hat          Standard Error      Lower           Upper
 ---- ----   --------------  --------------  --------------  --------------
   1     1    0.1688579       0.2263383       0.0231359       1.2324140    
   1     2    0.1684432       0.2256869       0.0230912       1.2287418    
   1     3    0.1684432       0.2256869       0.0230912       1.2287418    
   1     4    0.1688579       0.2263383       0.0231359       1.2324140    
   1     5    0.1692733       0.2269910       0.0231806       1.2360943    
   1     6    0.1684432       0.2256869       0.0230912       1.2287418    
   1     7    0.1684432       0.2256869       0.0230912       1.2287418    
   1     8    0.1688579       0.2263383       0.0231359       1.2324140    
   1     9    0.1688579       0.2263383       0.0231359       1.2324140    
   1    10    0.1692733       0.2269910       0.0231806       1.2360943    
   1    11    0.1684432       0.2256869       0.0230912       1.2287418    
   1    12    0.1701061       0.2283005       0.0232703       1.2434793    
   1    13    0.1688579       0.2263383       0.0231359       1.2324140    
   1    14    0.1722001       0.2315982       0.0234952       1.2620834    
   1    15    0.1684432       0.2256869       0.0230912       1.2287418    

  Program  MARK  - Survival Rate Estimation with Capture-Recapture Data
   gfortran(dble) Vers. 9.0 Mar 2018    25-Mar-2020 12:10:33    Page  012
 - - - - - - - - - - - - - - - - - - - - - - - - - - - - - - - - - - - - - -
 
   1    16    0.1688579       0.2263383       0.0231359       1.2324140    
   1    17    0.1684432       0.2256869       0.0230912       1.2287418    
   1    18    0.1696894       0.2276451       0.0232254       1.2397828    
   1    19    0.2051696       0.2843770       0.0269645       1.5611085    
   1    20    0.1692733       0.2269910       0.0231806       1.2360943    
   1    21    0.2094305       0.2913005       0.0274048       1.6004887    
   1    22    0.1717800       0.2309359       0.0234501       1.2583464    
   1    23    0.1692733       0.2269910       0.0231806       1.2360943    
   1    24    0.1684432       0.2256869       0.0230912       1.2287418    
   1    25    0.1684432       0.2256869       0.0230912       1.2287418    
   1    26    0.1760121       0.2376197       0.0239030       1.2960814    
   1    27    0.1684432       0.2256869       0.0230912       1.2287418    
   1    28    0.1684432       0.2256869       0.0230912       1.2287418    
   1    29    0.1864459       0.2542165       0.0250095       1.3899554    
   1    30    0.2696213       0.3908954       0.0335036       2.1697879    
   1    31    0.1684432       0.2256869       0.0230912       1.2287418    
   1    32    0.1684432       0.2256869       0.0230912       1.2287418    
   2     1    0.2466649       0.3229997       0.0347897       1.7488962    
   2     2    0.2465665       0.3228221       0.0347823       1.7478714    
   2     3    0.2465665       0.3228221       0.0347823       1.7478714    
   2     4    0.2466649       0.3229997       0.0347897       1.7488962    
   2     5    0.2467634       0.3231774       0.0347971       1.7499215    
   2     6    0.2465665       0.3228221       0.0347823       1.7478714    
   2     7    0.2465665       0.3228221       0.0347823       1.7478714    
   2     8    0.2466649       0.3229997       0.0347897       1.7488962    
   2     9    0.2466649       0.3229997       0.0347897       1.7488962    
   2    10    0.2467634       0.3231774       0.0347971       1.7499215    
   2    11    0.2465665       0.3228221       0.0347823       1.7478714    
   2    12    0.2469604       0.3235331       0.0348118       1.7519736    
   2    13    0.2466649       0.3229997       0.0347897       1.7488962    
   2    14    0.2474534       0.3244237       0.0348487       1.7571133    
   2    15    0.2465665       0.3228221       0.0347823       1.7478714    
   2    16    0.2466649       0.3229997       0.0347897       1.7488962    
   2    17    0.2465665       0.3228221       0.0347823       1.7478714    
   2    18    0.2468619       0.3233552       0.0348045       1.7509473    
   2    19    0.2548265       0.3378471       0.0353930       1.8347268    
   2    20    0.2467634       0.3231774       0.0347971       1.7499215    
   2    21    0.2557330       0.3395106       0.0354590       1.8443639    
   2    22    0.2473547       0.3242454       0.0348414       1.7560843    
   2    23    0.2467634       0.3231774       0.0347971       1.7499215    
   2    24    0.2465665       0.3228221       0.0347823       1.7478714    
   2    25    0.2465665       0.3228221       0.0347823       1.7478714    
   2    26    0.2483425       0.3260320       0.0349151       1.7663980    
   2    27    0.2465665       0.3228221       0.0347823       1.7478714    
   2    28    0.2465665       0.3228221       0.0347823       1.7478714    
   2    29    0.2507237       0.3303538       0.0350918       1.7913667    

  Program  MARK  - Survival Rate Estimation with Capture-Recapture Data
   gfortran(dble) Vers. 9.0 Mar 2018    25-Mar-2020 12:10:33    Page  013
 - - - - - - - - - - - - - - - - - - - - - - - - - - - - - - - - - - - - - -
 
   2    30    0.2677104       0.3617448       0.0363147       1.9735508    
   2    31    0.2465665       0.3228221       0.0347823       1.7478714    
   2    32    0.2465665       0.3228221       0.0347823       1.7478714    

  Net Birth+Immigration Estimates of { Phi(~sex)p(~sex)pent(~1)N(~sex) }
                                                95% Confidence Interval
 Grp. Occ.   B-hat           Standard Error      Lower           Upper
 ---- ----   --------------  --------------  --------------  --------------
   1     1    0.1680291       0.2250369       0.0230465       1.2250777    
   1     2    0.1680291       0.2250369       0.0230465       1.2250777    
   1     3    0.1680291       0.2250369       0.0230465       1.2250777    
   1     4    0.1680291       0.2250369       0.0230465       1.2250777    
   1     5    0.1680291       0.2250369       0.0230465       1.2250777    
   1     6    0.1680291       0.2250369       0.0230465       1.2250777    
   1     7    0.1680291       0.2250369       0.0230465       1.2250777    
   1     8    0.1680291       0.2250369       0.0230465       1.2250777    
   1     9    0.1680291       0.2250369       0.0230465       1.2250777    
   1    10    0.1680291       0.2250369       0.0230465       1.2250777    
   1    11    0.1680291       0.2250369       0.0230465       1.2250777    
   1    12    0.1680291       0.2250369       0.0230465       1.2250777    
   1    13    0.1680291       0.2250369       0.0230465       1.2250777    
   1    14    0.1680291       0.2250369       0.0230465       1.2250777    
   1    15    0.1680291       0.2250369       0.0230465       1.2250777    
   1    16    0.1680291       0.2250369       0.0230465       1.2250777    
   1    17    0.1680291       0.2250369       0.0230465       1.2250777    
   1    18    0.1680291       0.2250369       0.0230465       1.2250777    
   1    19    0.1680291       0.2250369       0.0230465       1.2250777    
   1    20    0.1680291       0.2250369       0.0230465       1.2250777    
   1    21    0.1680291       0.2250369       0.0230465       1.2250777    
   1    22    0.1680291       0.2250369       0.0230465       1.2250777    
   1    23    0.1680291       0.2250369       0.0230465       1.2250777    
   1    24    0.1680291       0.2250369       0.0230465       1.2250777    
   1    25    0.1680291       0.2250369       0.0230465       1.2250777    
   1    26    0.1680291       0.2250369       0.0230465       1.2250777    
   1    27    0.1680291       0.2250369       0.0230465       1.2250777    
   1    28    0.1680291       0.2250369       0.0230465       1.2250777    
   1    29    0.1680291       0.2250369       0.0230465       1.2250777    
   1    30    0.1680291       0.2250369       0.0230465       1.2250777    
   1    31    0.1680291       0.2250369       0.0230465       1.2250777    
   1    32    0.1680291       0.2250369       0.0230465       1.2250777    
   2     1    0.2464680       0.3226445       0.0347749       1.7468472    
   2     2    0.2464680       0.3226445       0.0347749       1.7468472    
   2     3    0.2464680       0.3226445       0.0347749       1.7468472    
   2     4    0.2464680       0.3226445       0.0347749       1.7468472    
   2     5    0.2464680       0.3226445       0.0347749       1.7468472    
   2     6    0.2464680       0.3226445       0.0347749       1.7468472    
   2     7    0.2464680       0.3226445       0.0347749       1.7468472    
   2     8    0.2464680       0.3226445       0.0347749       1.7468472    
   2     9    0.2464680       0.3226445       0.0347749       1.7468472    
   2    10    0.2464680       0.3226445       0.0347749       1.7468472    
   2    11    0.2464680       0.3226445       0.0347749       1.7468472    
   2    12    0.2464680       0.3226445       0.0347749       1.7468472    
   2    13    0.2464680       0.3226445       0.0347749       1.7468472    
   2    14    0.2464680       0.3226445       0.0347749       1.7468472    
   2    15    0.2464680       0.3226445       0.0347749       1.7468472    
   2    16    0.2464680       0.3226445       0.0347749       1.7468472    
   2    17    0.2464680       0.3226445       0.0347749       1.7468472    
   2    18    0.2464680       0.3226445       0.0347749       1.7468472    
   2    19    0.2464680       0.3226445       0.0347749       1.7468472    
   2    20    0.2464680       0.3226445       0.0347749       1.7468472    
   2    21    0.2464680       0.3226445       0.0347749       1.7468472    
   2    22    0.2464680       0.3226445       0.0347749       1.7468472    
   2    23    0.2464680       0.3226445       0.0347749       1.7468472    
   2    24    0.2464680       0.3226445       0.0347749       1.7468472    
   2    25    0.2464680       0.3226445       0.0347749       1.7468472    
   2    26    0.2464680       0.3226445       0.0347749       1.7468472    
   2    27    0.2464680       0.3226445       0.0347749       1.7468472    
   2    28    0.2464680       0.3226445       0.0347749       1.7468472    
   2    29    0.2464680       0.3226445       0.0347749       1.7468472    
   2    30    0.2464680       0.3226445       0.0347749       1.7468472    
   2    31    0.2464680       0.3226445       0.0347749       1.7468472    
   2    32    0.2464680       0.3226445       0.0347749       1.7468472    

       Population Estimates of { Phi(~sex)p(~sex)pent(~1)N(~sex) }
                                                95% Confidence Interval
 Grp. Occ.   N-hat           Standard Error      Lower           Upper
 ---- ----   --------------  --------------  --------------  --------------
   1     1    17.915578       5.7306234       9.7175507       33.029717    
   1     2    17.908032       5.5416793       9.9000075       32.393672    
   1     3    17.988094       5.3739395       10.141437       31.905885    
   1     4    18.067763       5.2115973       10.381550       31.444634    
   1     5    18.058724       5.0410292       10.556404       30.892863    
   1     6    17.961937       4.8645817       10.663199       30.256509    
   1     7    18.041734       4.7200502       10.895813       29.874245    
   1     8    18.121140       4.5825514       11.123802       29.520098    
   1     9    18.111579       4.4415740       11.278443       29.084623    
   1    10    18.102111       4.3090026       11.425942       28.679161    
   1    11    18.004687       4.1760303       11.495657       28.199238    
   1    12    18.084275       4.0702691       11.697084       27.959190    
   1    13    17.812483       3.9423464       11.603172       27.344638    
   1    14    17.805946       3.8477091       11.714374       27.065186    
   1    15    17.118403       3.7243876       11.230631       26.092898    
   1    16    17.202344       3.6536367       11.396897       25.965019    
   1    17    17.201787       3.5910756       11.475290       25.785969    
   1    18    17.285318       3.5436584       11.613485       25.727180    
   1    19    17.116209       3.4980971       11.513784       25.444687    
   1    20    11.485961       3.6970535       6.2073345       21.253455    
   1    21    11.485558       3.6443881       6.2590764       21.076280    
   1    22    7.4335109       3.6480964       2.9906878       18.476380    
   1    23    7.2792928       3.5655245       2.9332709       18.064511    
   1    24    7.3405770       3.5073033       3.0181466       17.853364    
   1    25    7.4725481       3.4663791       3.1454317       17.752404    
   1    26    7.6038709       3.4394836       3.2641808       17.713128    
   1    27    7.0927419       3.3855042       2.9185878       17.236757    
   1    28    7.2259303       3.3784463       3.0228179       17.273310    
   1    29    7.3584646       3.3856199       3.1173549       17.369533    
   1    30    6.1222971       3.2467782       2.3075900       16.243146    
   1    31    2.3448021       2.1066480       0.5191520       10.590535    
   1    32    2.5013132       2.0873000       0.6016711       10.398650    
   1    33    2.6570555       2.0920452       0.6810813       10.365787    
   2     1    26.278884       7.5792032       15.100499       45.732247    
   2     2    26.483417       7.2847659       15.598643       44.963615    
   2     3    26.708746       6.9901796       16.127000       44.233715    
   2     4    26.933895       6.6980502       16.664104       43.532775    
   2     5    27.137383       6.4116815       17.186121       42.850712    
   2     6    27.318919       6.1318732       17.690752       42.187205    
   2     7    27.543581       5.8487019       18.249843       41.570160    
   2     8    27.768064       5.5694479       18.814702       40.982066    
   2     9    27.970221       5.2985764       19.358140       40.413657    
   2    10    28.172055       5.0328846       19.904119       39.874394    

  Program  MARK  - Survival Rate Estimation with Capture-Recapture Data
   gfortran(dble) Vers. 9.0 Mar 2018    25-Mar-2020 12:10:33    Page  014
 - - - - - - - - - - - - - - - - - - - - - - - - - - - - - - - - - - - - - -
 
   2    11    28.351116       4.7774739       20.423662       39.355613    
   2    12    28.574954       4.5198853       20.997808       38.886344    
   2    13    28.707561       4.2890134       21.454707       38.412272    
   2    14    28.908218       4.0526226       21.992263       37.999048    
   2    15    28.924767       3.8704283       22.277852       37.554884    
   2    16    29.148147       3.6495460       22.826901       37.219877    
   2    17    29.348101       3.4491218       23.328348       36.921219    
   2    18    29.571144       3.2599567       23.840327       36.679553    
   2    19    29.723310       3.1074072       24.229745       36.462419    
   2    20    28.041457       3.7756918       21.562612       36.466980    
   2    21    28.220831       3.6464296       21.929993       36.316258    
   2    22    26.447476       4.8098013       18.571090       37.664401    
   2    23    26.504556       4.7948547       18.645224       37.676751    
   2    24    26.687606       4.7093698       18.934397       37.615581    
   2    25    26.912772       4.6130845       19.280014       37.567260    
   2    26    27.137758       4.5367239       19.599823       37.574723    
   2    27    26.975603       4.7377996       19.169181       37.961096    
   2    28    27.200539       4.6947020       19.441856       38.055488    
   2    29    27.425295       4.6723978       19.686434       38.206350    
   2    30    26.746060       5.2314617       18.294653       39.101684    
   2    31    22.863374       7.7837026       11.946920       43.754696    
   2    32    23.091592       7.7194003       12.201088       43.702791    
   2    33    23.319628       7.6677418       12.444697       43.697736    

    Gross Population Estimates of { Phi(~sex)p(~sex)pent(~1)N(~sex) }
                                                95% Confidence Interval
 Grp. Occ.   N*-hat          Standard Error      Lower           Upper
 ---- ----   --------------  --------------  --------------  --------------
   1     0    23.526035       5.4038802       15.084599       36.691351    
   2     0    34.217257       4.3836205       26.646372       43.939216    

   CPU Time for the last procedure was 0.16 seconds.     

  Program  MARK  - Survival Rate Estimation with Capture-Recapture Data
   gfortran(dble) Vers. 9.0 Mar 2018    25-Mar-2020 12:10:33    Page  015
 - - - - - - - - - - - - - - - - - - - - - - - - - - - - - - - - - - - - - -
 


  INPUT --- proc stop;

     CPU Time in minutes for this job was 0.00

     Time Start = 12:10:33.210   Time End = 12:10:33.583

     Wall Clock Time in minutes for this job was 0.01


          E X E C U T I O N   S U C C E S S F U L 
