
   Program  MARK  - Survival Rate Estimation with Capture-Recapture Data
   gfortran(dble) Vers. 9.0 Mar 2018    25-Mar-2020 14:22:20    Page  001
 - - - - - - - - - - - - - - - - - - - - - - - - - - - - - - - - - - - - - -
 
   This version was compiled by GCC version 7.2.0 using the options: 
     -cpp -iprefix C:/Program Files/mingw-w64/x86_64-7.2.0-posix-seh-rt_v5-rev1/
     mingw64/bin/../lib/gcc/x86_64-w64-mingw32/7.2.0/ -D_MT -D_REENTRANT
     -U_REENTRANT -D IEEE -D DBLEPRECISION -m64 -mtune=core2 -march=nocona -mthreads
     -O2 -fimplicit-none -fbounds-check -funroll-loops -ftree-vectorize
     -ffpe-summary=invalid,zero,overflow,underflow -fno-unsafe-math-optimizations
     -frounding-math -fsignaling-nans -fopenmp.

   This problem will use 15 of 16 possible threads.


  INPUT --- proc title ;

   CPU Time for the last procedure was 0.01 seconds.     


  INPUT --- proc chmatrix occasions= 33 groups= 2 etype= POPAN Nodes= 
  INPUT --- 101 ICMeans NoHist hist= 41  ;

  INPUT ---    time interval 0.00547945205479452 0.00273972602739726 
  INPUT ---    0.00273972602739726 0.00547945205479452  
  INPUT ---    0.00821917808219178 0.00273972602739726 0.00273972602739726 
  INPUT ---    0.00547945205479452  0.00547945205479452 
  INPUT ---    0.00821917808219178 0.00273972602739726 0.0136986301369863 
  INPUT ---    0.00547945205479452  0.0273972602739726 0.00273972602739726 
  INPUT ---    0.00547945205479452 0.00273972602739726 0.010958904109589  
  INPUT ---    0.23013698630137 0.00821917808219178 0.254794520547945 
  INPUT ---    0.0246575342465753 0.00821917808219178  0.00273972602739726 
  INPUT ---    0.00273972602739726 0.0520547945205479 0.00273972602739726 
  INPUT ---    0.00273972602739726  0.117808219178082 0.575342465753425 
  INPUT ---    0.00273972602739726 0.00273972602739726 ;

  INPUT ---    glabel(1)=sexF;

  INPUT ---    glabel(2)=sexM;

   * *  WARNING  * *   At least a pair of the encounter histories are duplicates. 

      Number of unique encounter histories read was 38.

      Number of individual covariates read was 0.
      Time interval lengths vary and/or not equal to 1.

      Data type number is 19
      Data type is POPAN                                                                                               

   CPU Time for the last procedure was 0.01 seconds.     

  Program  MARK  - Survival Rate Estimation with Capture-Recapture Data
   gfortran(dble) Vers. 9.0 Mar 2018    25-Mar-2020 14:22:20    Page  002
 - - - - - - - - - - - - - - - - - - - - - - - - - - - - - - - - - - - - - -
 


  INPUT --- proc estimate link=Parm-Specific NOLOOP varest=2ndPart    ;


  INPUT --- model={ Phi(~1)p(~sex)pent(~sex)N(~1) };

  INPUT ---    group=1 Phi    rows=1 cols=32 Square ;
  INPUT ---        1 1 1 1 1 1 1 1 1 1 1 1 1 1 1 1 1 1 1 1 1 1 1 1 1 1 1 1 1 
  INPUT ---       1 1 1 ;

  INPUT ---    group=2 Phi    rows=1 cols=32 Square ;
  INPUT ---        1 1 1 1 1 1 1 1 1 1 1 1 1 1 1 1 1 1 1 1 1 1 1 1 1 1 1 1 1 
  INPUT ---       1 1 1 ;

  INPUT ---    group=1 p    rows=1 cols=33 Square ;
  INPUT ---        2 2 2 2 2 2 2 2 2 2 2 2 2 2 2 2 2 2 2 2 2 2 2 2 2 2 2 2 2 
  INPUT ---       2 2 2 2 ;

  INPUT ---    group=2 p    rows=1 cols=33 Square ;
  INPUT ---        3 3 3 3 3 3 3 3 3 3 3 3 3 3 3 3 3 3 3 3 3 3 3 3 3 3 3 3 3 
  INPUT ---       3 3 3 3 ;

  INPUT ---    group=1 pent    rows=1 cols=32 Square ;
  INPUT ---        5 6 7 8 9 10 11 12 13 14 15 16 17 18 19 20 21 22 23 24 25 
  INPUT ---       26 27 28 29 30 31 32 33 34 35 36 ;

  INPUT ---    group=2 pent    rows=1 cols=32 Square ;
  INPUT ---        37 38 39 40 41 42 43 44 45 46 47 48 49 50 51 52 53 54 55 
  INPUT ---       56 57 58 59 60 61 62 63 64 65 66 67 68 ;

  INPUT ---    group=1 N    rows=1 cols=1 Square ;
  INPUT ---        4 ;

  INPUT ---    group=2 N    rows=1 cols=1 Square ;
  INPUT ---        4 ;

  INPUT ---    design matrix constraints=68 covariates=6;
  INPUT ---        1 0 0 0 0 0;
  INPUT ---        0 1 0 0 0 0;
  INPUT ---        0 1 1 0 0 0;
  INPUT ---        0 0 0 0 0 1;
  INPUT ---        0 0 0 1 0 0;
  INPUT ---        0 0 0 1 0 0;
  INPUT ---        0 0 0 1 0 0;
  INPUT ---        0 0 0 1 0 0;

  Program  MARK  - Survival Rate Estimation with Capture-Recapture Data
   gfortran(dble) Vers. 9.0 Mar 2018    25-Mar-2020 14:22:20    Page  003
 - - - - - - - - - - - - - - - - - - - - - - - - - - - - - - - - - - - - - -
 
  INPUT ---        0 0 0 1 0 0;
  INPUT ---        0 0 0 1 0 0;
  INPUT ---        0 0 0 1 0 0;
  INPUT ---        0 0 0 1 0 0;
  INPUT ---        0 0 0 1 0 0;
  INPUT ---        0 0 0 1 0 0;
  INPUT ---        0 0 0 1 0 0;
  INPUT ---        0 0 0 1 0 0;
  INPUT ---        0 0 0 1 0 0;
  INPUT ---        0 0 0 1 0 0;
  INPUT ---        0 0 0 1 0 0;
  INPUT ---        0 0 0 1 0 0;
  INPUT ---        0 0 0 1 0 0;
  INPUT ---        0 0 0 1 0 0;
  INPUT ---        0 0 0 1 0 0;
  INPUT ---        0 0 0 1 0 0;
  INPUT ---        0 0 0 1 0 0;
  INPUT ---        0 0 0 1 0 0;
  INPUT ---        0 0 0 1 0 0;
  INPUT ---        0 0 0 1 0 0;
  INPUT ---        0 0 0 1 0 0;
  INPUT ---        0 0 0 1 0 0;
  INPUT ---        0 0 0 1 0 0;
  INPUT ---        0 0 0 1 0 0;
  INPUT ---        0 0 0 1 0 0;
  INPUT ---        0 0 0 1 0 0;
  INPUT ---        0 0 0 1 0 0;
  INPUT ---        0 0 0 1 0 0;
  INPUT ---        0 0 0 1 1 0;
  INPUT ---        0 0 0 1 1 0;
  INPUT ---        0 0 0 1 1 0;
  INPUT ---        0 0 0 1 1 0;
  INPUT ---        0 0 0 1 1 0;
  INPUT ---        0 0 0 1 1 0;
  INPUT ---        0 0 0 1 1 0;
  INPUT ---        0 0 0 1 1 0;
  INPUT ---        0 0 0 1 1 0;
  INPUT ---        0 0 0 1 1 0;
  INPUT ---        0 0 0 1 1 0;
  INPUT ---        0 0 0 1 1 0;
  INPUT ---        0 0 0 1 1 0;
  INPUT ---        0 0 0 1 1 0;
  INPUT ---        0 0 0 1 1 0;
  INPUT ---        0 0 0 1 1 0;
  INPUT ---        0 0 0 1 1 0;
  INPUT ---        0 0 0 1 1 0;

  Program  MARK  - Survival Rate Estimation with Capture-Recapture Data
   gfortran(dble) Vers. 9.0 Mar 2018    25-Mar-2020 14:22:20    Page  004
 - - - - - - - - - - - - - - - - - - - - - - - - - - - - - - - - - - - - - -
 
  INPUT ---        0 0 0 1 1 0;
  INPUT ---        0 0 0 1 1 0;
  INPUT ---        0 0 0 1 1 0;
  INPUT ---        0 0 0 1 1 0;
  INPUT ---        0 0 0 1 1 0;
  INPUT ---        0 0 0 1 1 0;
  INPUT ---        0 0 0 1 1 0;
  INPUT ---        0 0 0 1 1 0;
  INPUT ---        0 0 0 1 1 0;
  INPUT ---        0 0 0 1 1 0;
  INPUT ---        0 0 0 1 1 0;
  INPUT ---        0 0 0 1 1 0;
  INPUT ---        0 0 0 1 1 0;
  INPUT ---        0 0 0 1 1 0;

  INPUT ---    links=68;

  INPUT ---    Logit;

  INPUT ---    Logit;

  INPUT ---    Logit;

  INPUT ---    Log;

  INPUT ---    mlogit(1);

  INPUT ---    mlogit(1);

  INPUT ---    mlogit(1);

  INPUT ---    mlogit(1);

  INPUT ---    mlogit(1);

  INPUT ---    mlogit(1);

  INPUT ---    mlogit(1);

  INPUT ---    mlogit(1);

  INPUT ---    mlogit(1);

  INPUT ---    mlogit(1);

  INPUT ---    mlogit(1);

  Program  MARK  - Survival Rate Estimation with Capture-Recapture Data
   gfortran(dble) Vers. 9.0 Mar 2018    25-Mar-2020 14:22:20    Page  005
 - - - - - - - - - - - - - - - - - - - - - - - - - - - - - - - - - - - - - -
 

  INPUT ---    mlogit(1);

  INPUT ---    mlogit(1);

  INPUT ---    mlogit(1);

  INPUT ---    mlogit(1);

  INPUT ---    mlogit(1);

  INPUT ---    mlogit(1);

  INPUT ---    mlogit(1);

  INPUT ---    mlogit(1);

  INPUT ---    mlogit(1);

  INPUT ---    mlogit(1);

  INPUT ---    mlogit(1);

  INPUT ---    mlogit(1);

  INPUT ---    mlogit(1);

  INPUT ---    mlogit(1);

  INPUT ---    mlogit(1);

  INPUT ---    mlogit(1);

  INPUT ---    mlogit(1);

  INPUT ---    mlogit(1);

  INPUT ---    mlogit(1);

  INPUT ---    mlogit(1);

  INPUT ---    mlogit(1);

  INPUT ---    mlogit(2);

  INPUT ---    mlogit(2);

  Program  MARK  - Survival Rate Estimation with Capture-Recapture Data
   gfortran(dble) Vers. 9.0 Mar 2018    25-Mar-2020 14:22:20    Page  006
 - - - - - - - - - - - - - - - - - - - - - - - - - - - - - - - - - - - - - -
 

  INPUT ---    mlogit(2);

  INPUT ---    mlogit(2);

  INPUT ---    mlogit(2);

  INPUT ---    mlogit(2);

  INPUT ---    mlogit(2);

  INPUT ---    mlogit(2);

  INPUT ---    mlogit(2);

  INPUT ---    mlogit(2);

  INPUT ---    mlogit(2);

  INPUT ---    mlogit(2);

  INPUT ---    mlogit(2);

  INPUT ---    mlogit(2);

  INPUT ---    mlogit(2);

  INPUT ---    mlogit(2);

  INPUT ---    mlogit(2);

  INPUT ---    mlogit(2);

  INPUT ---    mlogit(2);

  INPUT ---    mlogit(2);

  INPUT ---    mlogit(2);

  INPUT ---    mlogit(2);

  INPUT ---    mlogit(2);

  INPUT ---    mlogit(2);

  INPUT ---    mlogit(2);

  Program  MARK  - Survival Rate Estimation with Capture-Recapture Data
   gfortran(dble) Vers. 9.0 Mar 2018    25-Mar-2020 14:22:20    Page  007
 - - - - - - - - - - - - - - - - - - - - - - - - - - - - - - - - - - - - - -
 

  INPUT ---    mlogit(2);

  INPUT ---    mlogit(2);

  INPUT ---    mlogit(2);

  INPUT ---    mlogit(2);

  INPUT ---    mlogit(2);

  INPUT ---    mlogit(2);

  INPUT ---    mlogit(2);
  INPUT ---       blabel(1)=Phi:(Intercept);
  INPUT ---       blabel(2)=p:(Intercept);
  INPUT ---       blabel(3)=p:sexM;
  INPUT ---       blabel(4)=pent:(Intercept);
  INPUT ---       blabel(5)=pent:sexM;
  INPUT ---       blabel(6)=N:(Intercept);
  INPUT ---       rlabel(1)=Phi gF a0 t1;
  INPUT ---       rlabel(2)=p gF a0 t1;
  INPUT ---       rlabel(3)=p gM a0 t1;
  INPUT ---       rlabel(4)=N gF a0 t1;
  INPUT ---       rlabel(5)=pent gF a0.00547945205479452 t1.00547945205479;
  INPUT ---       rlabel(6)=pent gF a0.00821917808219178 t1.00821917808219;
  INPUT ---       rlabel(7)=pent gF a0.010958904109589 t1.01095890410959;
  INPUT ---       rlabel(8)=pent gF a0.0164383561643836 t1.01643835616438;
  INPUT ---       rlabel(9)=pent gF a0.0246575342465753 t1.02465753424658;
  INPUT ---       rlabel(10)=pent gF a0.0273972602739726 t1.02739726027397;
  INPUT ---       rlabel(11)=pent gF a0.0301369863013699 t1.03013698630137;
  INPUT ---       rlabel(12)=pent gF a0.0356164383561644 t1.03561643835616;
  INPUT ---       rlabel(13)=pent gF a0.0410958904109589 t1.04109589041096;
  INPUT ---       rlabel(14)=pent gF a0.0493150684931507 t1.04931506849315;
  INPUT ---       rlabel(15)=pent gF a0.0520547945205479 t1.05205479452055;
  INPUT ---       rlabel(16)=pent gF a0.0657534246575342 t1.06575342465753;
  INPUT ---       rlabel(17)=pent gF a0.0712328767123288 t1.07123287671233;
  INPUT ---       rlabel(18)=pent gF a0.0986301369863014 t1.0986301369863;
  INPUT ---       rlabel(19)=pent gF a0.101369863013699 t1.1013698630137;
  INPUT ---       rlabel(20)=pent gF a0.106849315068493 t1.10684931506849;
  INPUT ---       rlabel(21)=pent gF a0.10958904109589 t1.10958904109589;
  INPUT ---       rlabel(22)=pent gF a0.120547945205479 t1.12054794520548;
  INPUT ---       rlabel(23)=pent gF a0.350684931506849 t1.35068493150685;
  INPUT ---       rlabel(24)=pent gF a0.358904109589041 t1.35890410958904;
  INPUT ---       rlabel(25)=pent gF a0.613698630136986 t1.61369863013699;
  INPUT ---       rlabel(26)=pent gF a0.638356164383562 t1.63835616438356;

  Program  MARK  - Survival Rate Estimation with Capture-Recapture Data
   gfortran(dble) Vers. 9.0 Mar 2018    25-Mar-2020 14:22:20    Page  008
 - - - - - - - - - - - - - - - - - - - - - - - - - - - - - - - - - - - - - -
 
  INPUT ---       rlabel(27)=pent gF a0.646575342465753 t1.64657534246575;
  INPUT ---       rlabel(28)=pent gF a0.649315068493151 t1.64931506849315;
  INPUT ---       rlabel(29)=pent gF a0.652054794520548 t1.65205479452055;
  INPUT ---       rlabel(30)=pent gF a0.704109589041096 t1.7041095890411;
  INPUT ---       rlabel(31)=pent gF a0.706849315068493 t1.70684931506849;
  INPUT ---       rlabel(32)=pent gF a0.70958904109589 t1.70958904109589;
  INPUT ---       rlabel(33)=pent gF a0.827397260273973 t1.82739726027397;
  INPUT ---       rlabel(34)=pent gF a1.4027397260274 t2.4027397260274;
  INPUT ---       rlabel(35)=pent gF a1.40547945205479 t2.40547945205479;
  INPUT ---       rlabel(36)=pent gF a1.40821917808219 t2.40821917808219;
  INPUT ---       rlabel(37)=pent gM a0.00547945205479452 t1.00547945205479;
  INPUT ---       rlabel(38)=pent gM a0.00821917808219178 t1.00821917808219;
  INPUT ---       rlabel(39)=pent gM a0.010958904109589 t1.01095890410959;
  INPUT ---       rlabel(40)=pent gM a0.0164383561643836 t1.01643835616438;
  INPUT ---       rlabel(41)=pent gM a0.0246575342465753 t1.02465753424658;
  INPUT ---       rlabel(42)=pent gM a0.0273972602739726 t1.02739726027397;
  INPUT ---       rlabel(43)=pent gM a0.0301369863013699 t1.03013698630137;
  INPUT ---       rlabel(44)=pent gM a0.0356164383561644 t1.03561643835616;
  INPUT ---       rlabel(45)=pent gM a0.0410958904109589 t1.04109589041096;
  INPUT ---       rlabel(46)=pent gM a0.0493150684931507 t1.04931506849315;
  INPUT ---       rlabel(47)=pent gM a0.0520547945205479 t1.05205479452055;
  INPUT ---       rlabel(48)=pent gM a0.0657534246575342 t1.06575342465753;
  INPUT ---       rlabel(49)=pent gM a0.0712328767123288 t1.07123287671233;
  INPUT ---       rlabel(50)=pent gM a0.0986301369863014 t1.0986301369863;
  INPUT ---       rlabel(51)=pent gM a0.101369863013699 t1.1013698630137;
  INPUT ---       rlabel(52)=pent gM a0.106849315068493 t1.10684931506849;
  INPUT ---       rlabel(53)=pent gM a0.10958904109589 t1.10958904109589;
  INPUT ---       rlabel(54)=pent gM a0.120547945205479 t1.12054794520548;
  INPUT ---       rlabel(55)=pent gM a0.350684931506849 t1.35068493150685;
  INPUT ---       rlabel(56)=pent gM a0.358904109589041 t1.35890410958904;
  INPUT ---       rlabel(57)=pent gM a0.613698630136986 t1.61369863013699;
  INPUT ---       rlabel(58)=pent gM a0.638356164383562 t1.63835616438356;
  INPUT ---       rlabel(59)=pent gM a0.646575342465753 t1.64657534246575;
  INPUT ---       rlabel(60)=pent gM a0.649315068493151 t1.64931506849315;
  INPUT ---       rlabel(61)=pent gM a0.652054794520548 t1.65205479452055;
  INPUT ---       rlabel(62)=pent gM a0.704109589041096 t1.7041095890411;
  INPUT ---       rlabel(63)=pent gM a0.706849315068493 t1.70684931506849;
  INPUT ---       rlabel(64)=pent gM a0.70958904109589 t1.70958904109589;
  INPUT ---       rlabel(65)=pent gM a0.827397260273973 t1.82739726027397;
  INPUT ---       rlabel(66)=pent gM a1.4027397260274 t2.4027397260274;
  INPUT ---       rlabel(67)=pent gM a1.40547945205479 t2.40547945205479;
  INPUT ---       rlabel(68)=pent gM a1.40821917808219 t2.40821917808219;

 Link Function Used is PARM-SPECIFIC

 Variance Estimation Procedure Used is 2ndPart 

  Program  MARK  - Survival Rate Estimation with Capture-Recapture Data
   gfortran(dble) Vers. 9.0 Mar 2018    25-Mar-2020 14:22:20    Page  009
 - - - - - - - - - - - - - - - - - - - - - - - - - - - - - - - - - - - - - -
 

 M(t+1):
      16     29



 Group: 1

 U(t)+UL(t):
       0    2    2    0    1    0    3    1    1    0    0    0    0    0    1
       0    0    0    2    1    1    0    0    0    1    0    0    0    0    0
       0    0    0

 U(t):
       0    2    2    0    1    0    3    1    1    0    0    0    0    0    1
       0    0    0    2    1    1    0    0    0    1    0    0    0    0    0
       0    0    0

 UL(t):
       0    0    0    0    0    0    0    0    0    0    0    0    0    0    0
       0    0    0    0    0    0    0    0    0    0    0    0    0    0    0
       0    0    0

 Not Released(t):
       0    0    0    0    0    0    0    0    0    0    0    0    0    0    0
       0    0    0    0    0    0    0    0    0    0    0    0    0    0    0
       0    0    0

 Group: 2

 U(t)+UL(t):
       3    0    1    1    1    1    1    0    1    1    2    1    3    3    1
       1    0    2    3    1    0    0    1    0    0    0    0    0    0    1
       0    0    0

 U(t):
       3    0    1    1    1    1    1    0    1    1    2    1    3    3    1
       1    0    2    3    1    0    0    1    0    0    0    0    0    0    1
       0    0    0

 UL(t):
       0    0    0    0    0    0    0    0    0    0    0    0    0    0    0
       0    0    0    0    0    0    0    0    0    0    0    0    0    0    0
       0    0    0

 Not Released(t):
       0    0    0    0    0    0    0    0    0    0    0    0    0    0    0
       0    0    0    0    0    0    0    0    0    0    0    0    0    0    0
       0    0    0
 -2logL(saturated) = 272.93564     
 Effective Sample Size = 103

 Number of function evaluations was 44 for 6 parameters.
 Time for numerical optimization was 0.20 seconds.     
 -2logL { Phi(~1)p(~sex)pent(~sex)N(~1) } = 556.56639     
 Penalty { Phi(~1)p(~sex)pent(~sex)N(~1) } = 0.0000000     
 Gradient { Phi(~1)p(~sex)pent(~sex)N(~1) }:
  0.1816732E-04  0.1948740E-05  0.4870562E-05 -0.1044275E-05 -0.8646231E-06
 -0.8356066E-05
 Maximum ABS(G) { Phi(~1)p(~sex)pent(~sex)N(~1) } = 0.1816732E-04 
 S Vector { Phi(~1)p(~sex)pent(~sex)N(~1) }:
   124.0293      13.28724      5.434853      3.218232     0.9564680    
  0.1448035E-05
 Time to compute number of parameters was 0.02 seconds.     
 Ratio Threshold = 50.000000       Max Gap (5/6) = 660528.34       Next Max Gap (1/2) = 9.3344713     
 Gap Method for Num. of Estimated Parameters { Phi(~1)p(~sex)pent(~sex)N(~1) } = 5          
 Threshold { Phi(~1)p(~sex)pent(~sex)N(~1) } = 0.3633465E-04                 
 Numerical Threshold Method for Num. of Estimated Parameters { Phi(~1)p(~sex)pent(~sex)N(~1) } = 5          
 Number of Estimated Parameters { Phi(~1)p(~sex)pent(~sex)N(~1) } = 5          
 DEVIANCE { Phi(~1)p(~sex)pent(~sex)N(~1) } = 283.63074                     
 DEVIANCE Degrees of Freedom { Phi(~1)p(~sex)pent(~sex)N(~1) } = 36            
 c-hat { Phi(~1)p(~sex)pent(~sex)N(~1) } = 7.8786318                     
 AIC { Phi(~1)p(~sex)pent(~sex)N(~1) } = 566.56639                  
 AICc { Phi(~1)p(~sex)pent(~sex)N(~1) } = 567.18494                    
 BIC { Phi(~1)p(~sex)pent(~sex)N(~1) } = 579.74003                    
 Pearson Chisquare { Phi(~1)p(~sex)pent(~sex)N(~1) } = 19851573.                  


              PARM-SPECIFIC Link Function Parameters of { Phi(~1)p(~sex)pent(~sex)N(~1) }
                                                              95% Confidence Interval
 Parameter                    Beta         Standard Error      Lower           Upper
 -------------------------  --------------  --------------  --------------  --------------
    1:Phi:(Intercept)        0.2598534       0.6306988      -0.9763164       1.4960231    
    2:p:(Intercept)         -2.9150401       0.2402420      -3.3859144      -2.4441658    
    3:p:sexM                 0.5664302       0.3003106      -0.0221787       1.1550391    
    4:pent:(Intercept)      -20.917624       587.61882      -1172.6505       1130.8153    
    5:pent:sexM              16.647762       587.61897      -1135.0854       1168.3810    
    6:N:(Intercept)          1.7391104       0.5389703       0.6827285       2.7954923    


              Real Function Parameters of { Phi(~1)p(~sex)pent(~sex)N(~1) }
                                                               95% Confidence Interval
  Parameter                  Estimate       Standard Error      Lower           Upper
 --------------------------  --------------  --------------  --------------  --------------
     1:Phi gF a0 t1           0.5646002       0.1550427       0.2736233       0.8169806                          
     2:p gF a0 t1             0.0514151       0.0117170       0.0327386       0.0798662                          
     3:p gM a0 t1             0.0871763       0.0151865       0.0616495       0.1218999                          
     4:N gF a0 t1             21.692277       3.0679685       18.115556       31.316077                          
     5:pent gF a0.005479452   0.8233633E-09   0.4838238E-06  -0.9474712E-06   0.9491179E-06                      
     6:pent gF a0.008219178   0.8233633E-09   0.4838238E-06  -0.9474712E-06   0.9491179E-06                      
     7:pent gF a0.010958904   0.8233633E-09   0.4838238E-06  -0.9474712E-06   0.9491179E-06                      
     8:pent gF a0.016438356   0.8233633E-09   0.4838238E-06  -0.9474712E-06   0.9491179E-06                      
     9:pent gF a0.024657534   0.8233633E-09   0.4838238E-06  -0.9474712E-06   0.9491179E-06                      
    10:pent gF a0.027397260   0.8233633E-09   0.4838238E-06  -0.9474712E-06   0.9491179E-06                      
    11:pent gF a0.030136986   0.8233633E-09   0.4838238E-06  -0.9474712E-06   0.9491179E-06                      

  Program  MARK  - Survival Rate Estimation with Capture-Recapture Data
   gfortran(dble) Vers. 9.0 Mar 2018    25-Mar-2020 14:22:20    Page  010
 - - - - - - - - - - - - - - - - - - - - - - - - - - - - - - - - - - - - - -
 
    12:pent gF a0.035616438   0.8233633E-09   0.4838238E-06  -0.9474712E-06   0.9491179E-06                      
    13:pent gF a0.041095890   0.8233633E-09   0.4838238E-06  -0.9474712E-06   0.9491179E-06                      
    14:pent gF a0.049315068   0.8233633E-09   0.4838238E-06  -0.9474712E-06   0.9491179E-06                      
    15:pent gF a0.052054794   0.8233633E-09   0.4838238E-06  -0.9474712E-06   0.9491179E-06                      
    16:pent gF a0.065753424   0.8233633E-09   0.4838238E-06  -0.9474712E-06   0.9491179E-06                      
    17:pent gF a0.071232876   0.8233633E-09   0.4838238E-06  -0.9474712E-06   0.9491179E-06                      
    18:pent gF a0.098630136   0.8233633E-09   0.4838238E-06  -0.9474712E-06   0.9491179E-06                      
    19:pent gF a0.101369863   0.8233633E-09   0.4838238E-06  -0.9474712E-06   0.9491179E-06                      
    20:pent gF a0.106849315   0.8233633E-09   0.4838238E-06  -0.9474712E-06   0.9491179E-06                      
    21:pent gF a0.109589041   0.8233633E-09   0.4838238E-06  -0.9474712E-06   0.9491179E-06                      
    22:pent gF a0.120547945   0.8233633E-09   0.4838238E-06  -0.9474712E-06   0.9491179E-06                      
    23:pent gF a0.350684931   0.8233633E-09   0.4838238E-06  -0.9474712E-06   0.9491179E-06                      
    24:pent gF a0.358904109   0.8233633E-09   0.4838238E-06  -0.9474712E-06   0.9491179E-06                      
    25:pent gF a0.613698630   0.8233633E-09   0.4838238E-06  -0.9474712E-06   0.9491179E-06                      
    26:pent gF a0.638356164   0.8233633E-09   0.4838238E-06  -0.9474712E-06   0.9491179E-06                      
    27:pent gF a0.646575342   0.8233633E-09   0.4838238E-06  -0.9474712E-06   0.9491179E-06                      
    28:pent gF a0.649315068   0.8233633E-09   0.4838238E-06  -0.9474712E-06   0.9491179E-06                      
    29:pent gF a0.652054794   0.8233633E-09   0.4838238E-06  -0.9474712E-06   0.9491179E-06                      
    30:pent gF a0.704109589   0.8233633E-09   0.4838238E-06  -0.9474712E-06   0.9491179E-06                      
    31:pent gF a0.706849315   0.8233633E-09   0.4838238E-06  -0.9474712E-06   0.9491179E-06                      
    32:pent gF a0.709589041   0.8233633E-09   0.4838238E-06  -0.9474712E-06   0.9491179E-06                      
    33:pent gF a0.827397260   0.8233633E-09   0.4838238E-06  -0.9474712E-06   0.9491179E-06                      
    34:pent gF a1.402739726   0.8233633E-09   0.4838238E-06  -0.9474712E-06   0.9491179E-06                      
    35:pent gF a1.405479452   0.8233633E-09   0.4838238E-06  -0.9474712E-06   0.9491179E-06                      
    36:pent gF a1.408219178   0.8233633E-09   0.4838238E-06  -0.9474712E-06   0.9491179E-06                      
    37:pent gM a0.005479452   0.0096607       0.0083755       0.0017510       0.0514578                          
    38:pent gM a0.008219178   0.0096607       0.0083755       0.0017510       0.0514578                          
    39:pent gM a0.010958904   0.0096607       0.0083755       0.0017510       0.0514578                          
    40:pent gM a0.016438356   0.0096607       0.0083755       0.0017510       0.0514578                          
    41:pent gM a0.024657534   0.0096607       0.0083755       0.0017510       0.0514578                          
    42:pent gM a0.027397260   0.0096607       0.0083755       0.0017510       0.0514578                          
    43:pent gM a0.030136986   0.0096607       0.0083755       0.0017510       0.0514578                          
    44:pent gM a0.035616438   0.0096607       0.0083755       0.0017510       0.0514578                          
    45:pent gM a0.041095890   0.0096607       0.0083755       0.0017510       0.0514578                          
    46:pent gM a0.049315068   0.0096607       0.0083755       0.0017510       0.0514578                          
    47:pent gM a0.052054794   0.0096607       0.0083755       0.0017510       0.0514578                          
    48:pent gM a0.065753424   0.0096607       0.0083755       0.0017510       0.0514578                          
    49:pent gM a0.071232876   0.0096607       0.0083755       0.0017510       0.0514578                          
    50:pent gM a0.098630136   0.0096607       0.0083755       0.0017510       0.0514578                          
    51:pent gM a0.101369863   0.0096607       0.0083755       0.0017510       0.0514578                          
    52:pent gM a0.106849315   0.0096607       0.0083755       0.0017510       0.0514578                          
    53:pent gM a0.109589041   0.0096607       0.0083755       0.0017510       0.0514578                          
    54:pent gM a0.120547945   0.0096607       0.0083755       0.0017510       0.0514578                          
    55:pent gM a0.350684931   0.0096607       0.0083755       0.0017510       0.0514578                          
    56:pent gM a0.358904109   0.0096607       0.0083755       0.0017510       0.0514578                          
    57:pent gM a0.613698630   0.0096607       0.0083755       0.0017510       0.0514578                          

  Program  MARK  - Survival Rate Estimation with Capture-Recapture Data
   gfortran(dble) Vers. 9.0 Mar 2018    25-Mar-2020 14:22:20    Page  011
 - - - - - - - - - - - - - - - - - - - - - - - - - - - - - - - - - - - - - -
 
    58:pent gM a0.638356164   0.0096607       0.0083755       0.0017510       0.0514578                          
    59:pent gM a0.646575342   0.0096607       0.0083755       0.0017510       0.0514578                          
    60:pent gM a0.649315068   0.0096607       0.0083755       0.0017510       0.0514578                          
    61:pent gM a0.652054794   0.0096607       0.0083755       0.0017510       0.0514578                          
    62:pent gM a0.704109589   0.0096607       0.0083755       0.0017510       0.0514578                          
    63:pent gM a0.706849315   0.0096607       0.0083755       0.0017510       0.0514578                          
    64:pent gM a0.709589041   0.0096607       0.0083755       0.0017510       0.0514578                          
    65:pent gM a0.827397260   0.0096607       0.0083755       0.0017510       0.0514578                          
    66:pent gM a1.402739726   0.0096607       0.0083755       0.0017510       0.0514578                          
    67:pent gM a1.405479452   0.0096607       0.0083755       0.0017510       0.0514578                          
    68:pent gM a1.408219178   0.0096607       0.0083755       0.0017510       0.0514578                          


                      Estimates of Derived Parameters
  Gross Birth+Immigration Estimates of { Phi(~1)p(~sex)pent(~sex)N(~1) }
                                                95% Confidence Interval
 Grp. Occ.   B*-hat          Standard Error      Lower           Upper
 ---- ----   --------------  --------------  --------------  --------------
   1     1    0.1788861E-07   0.1051215E-04   0.1632508E-10   0.1960189E-04
   1     2    0.1787461E-07   0.1050393E-04   0.1631230E-10   0.1958656E-04
   1     3    0.1787461E-07   0.1050393E-04   0.1631230E-10   0.1958656E-04
   1     4    0.1788861E-07   0.1051215E-04   0.1632508E-10   0.1960189E-04
   1     5    0.1790262E-07   0.1052038E-04   0.1633786E-10   0.1961724E-04
   1     6    0.1787461E-07   0.1050393E-04   0.1631230E-10   0.1958656E-04
   1     7    0.1787461E-07   0.1050393E-04   0.1631230E-10   0.1958656E-04
   1     8    0.1788861E-07   0.1051215E-04   0.1632508E-10   0.1960189E-04
   1     9    0.1788861E-07   0.1051215E-04   0.1632508E-10   0.1960189E-04
   1    10    0.1790262E-07   0.1052038E-04   0.1633786E-10   0.1961724E-04
   1    11    0.1787461E-07   0.1050393E-04   0.1631230E-10   0.1958656E-04
   1    12    0.1793065E-07   0.1053685E-04   0.1636344E-10   0.1964795E-04
   1    13    0.1788861E-07   0.1051215E-04   0.1632508E-10   0.1960189E-04
   1    14    0.1800085E-07   0.1057811E-04   0.1642750E-10   0.1972488E-04
   1    15    0.1787461E-07   0.1050393E-04   0.1631230E-10   0.1958656E-04
   1    16    0.1788861E-07   0.1051215E-04   0.1632508E-10   0.1960189E-04
   1    17    0.1787461E-07   0.1050393E-04   0.1631230E-10   0.1958656E-04
   1    18    0.1791663E-07   0.1052862E-04   0.1635064E-10   0.1963259E-04
   1    19    0.1906120E-07   0.1120122E-04   0.1739518E-10   0.2088679E-04
   1    20    0.1790262E-07   0.1052038E-04   0.1633786E-10   0.1961724E-04
   1    21    0.1919289E-07   0.1127861E-04   0.1751535E-10   0.2103109E-04
   1    22    0.1798679E-07   0.1056985E-04   0.1641468E-10   0.1970948E-04
   1    23    0.1790262E-07   0.1052038E-04   0.1633786E-10   0.1961724E-04
   1    24    0.1787461E-07   0.1050393E-04   0.1631230E-10   0.1958656E-04
   1    25    0.1787461E-07   0.1050393E-04   0.1631230E-10   0.1958656E-04
   1    26    0.1812768E-07   0.1065264E-04   0.1654325E-10   0.1986386E-04
   1    27    0.1787461E-07   0.1050393E-04   0.1631230E-10   0.1958656E-04

  Program  MARK  - Survival Rate Estimation with Capture-Recapture Data
   gfortran(dble) Vers. 9.0 Mar 2018    25-Mar-2020 14:22:20    Page  012
 - - - - - - - - - - - - - - - - - - - - - - - - - - - - - - - - - - - - - -
 
   1    28    0.1787461E-07   0.1050393E-04   0.1631230E-10   0.1958656E-04
   1    29    0.1846877E-07   0.1085308E-04   0.1685453E-10   0.2023762E-04
   1    30    0.2095840E-07   0.1231610E-04   0.1912655E-10   0.2296569E-04
   1    31    0.1787461E-07   0.1050393E-04   0.1631230E-10   0.1958656E-04
   1    32    0.1787461E-07   0.1050393E-04   0.1631230E-10   0.1958656E-04
   2     1    0.3356782       0.3091016       0.0722589       1.5593904    
   2     2    0.3354155       0.3088096       0.0722158       1.5578801    
   2     3    0.3354155       0.3088096       0.0722158       1.5578801    
   2     4    0.3356782       0.3091016       0.0722589       1.5593904    
   2     5    0.3359410       0.3093938       0.0723020       1.5609020    
   2     6    0.3354155       0.3088096       0.0722158       1.5578801    
   2     7    0.3354155       0.3088096       0.0722158       1.5578801    
   2     8    0.3356782       0.3091016       0.0722589       1.5593904    
   2     9    0.3356782       0.3091016       0.0722589       1.5593904    
   2    10    0.3359410       0.3093938       0.0723020       1.5609020    
   2    11    0.3354155       0.3088096       0.0722158       1.5578801    
   2    12    0.3364670       0.3099788       0.0723882       1.5639288    
   2    13    0.3356782       0.3091016       0.0722589       1.5593904    
   2    14    0.3377843       0.3114454       0.0726039       1.5715171    
   2    15    0.3354155       0.3088096       0.0722158       1.5578801    
   2    16    0.3356782       0.3091016       0.0722589       1.5593904    
   2    17    0.3354155       0.3088096       0.0722158       1.5578801    
   2    18    0.3362039       0.3096862       0.0723451       1.5624148    
   2    19    0.3576818       0.3337998       0.0758195       1.6873799    
   2    20    0.3359410       0.3093938       0.0723020       1.5609020    
   2    21    0.3601528       0.3366016       0.0762137       1.7019268    
   2    22    0.3375206       0.3111516       0.0725607       1.5699970    
   2    23    0.3359410       0.3093938       0.0723020       1.5609020    
   2    24    0.3354155       0.3088096       0.0722158       1.5578801    
   2    25    0.3354155       0.3088096       0.0722158       1.5578801    
   2    26    0.3401642       0.3140992       0.0729926       1.5852524    
   2    27    0.3354155       0.3088096       0.0722158       1.5578801    
   2    28    0.3354155       0.3088096       0.0722158       1.5578801    
   2    29    0.3465649       0.3212640       0.0740323       1.6223615    
   2    30    0.3932824       0.3746596       0.0814039       1.9000458    
   2    31    0.3354155       0.3088096       0.0722158       1.5578801    
   2    32    0.3354155       0.3088096       0.0722158       1.5578801    

   Net Birth+Immigration Estimates of { Phi(~1)p(~sex)pent(~sex)N(~1) }
                                                95% Confidence Interval
 Grp. Occ.   B-hat           Standard Error      Lower           Upper
 ---- ----   --------------  --------------  --------------  --------------
   1     1    0.1786062E-07   0.1049571E-04   0.1629954E-10   0.1957123E-04
   1     2    0.1786062E-07   0.1049571E-04   0.1629954E-10   0.1957123E-04
   1     3    0.1786062E-07   0.1049571E-04   0.1629954E-10   0.1957123E-04
   1     4    0.1786062E-07   0.1049571E-04   0.1629954E-10   0.1957123E-04
   1     5    0.1786062E-07   0.1049571E-04   0.1629954E-10   0.1957123E-04
   1     6    0.1786062E-07   0.1049571E-04   0.1629954E-10   0.1957123E-04
   1     7    0.1786062E-07   0.1049571E-04   0.1629954E-10   0.1957123E-04
   1     8    0.1786062E-07   0.1049571E-04   0.1629954E-10   0.1957123E-04
   1     9    0.1786062E-07   0.1049571E-04   0.1629954E-10   0.1957123E-04
   1    10    0.1786062E-07   0.1049571E-04   0.1629954E-10   0.1957123E-04
   1    11    0.1786062E-07   0.1049571E-04   0.1629954E-10   0.1957123E-04
   1    12    0.1786062E-07   0.1049571E-04   0.1629954E-10   0.1957123E-04
   1    13    0.1786062E-07   0.1049571E-04   0.1629954E-10   0.1957123E-04
   1    14    0.1786062E-07   0.1049571E-04   0.1629954E-10   0.1957123E-04
   1    15    0.1786062E-07   0.1049571E-04   0.1629954E-10   0.1957123E-04
   1    16    0.1786062E-07   0.1049571E-04   0.1629954E-10   0.1957123E-04
   1    17    0.1786062E-07   0.1049571E-04   0.1629954E-10   0.1957123E-04
   1    18    0.1786062E-07   0.1049571E-04   0.1629954E-10   0.1957123E-04
   1    19    0.1786062E-07   0.1049571E-04   0.1629954E-10   0.1957123E-04
   1    20    0.1786062E-07   0.1049571E-04   0.1629954E-10   0.1957123E-04
   1    21    0.1786062E-07   0.1049571E-04   0.1629954E-10   0.1957123E-04
   1    22    0.1786062E-07   0.1049571E-04   0.1629954E-10   0.1957123E-04
   1    23    0.1786062E-07   0.1049571E-04   0.1629954E-10   0.1957123E-04
   1    24    0.1786062E-07   0.1049571E-04   0.1629954E-10   0.1957123E-04
   1    25    0.1786062E-07   0.1049571E-04   0.1629954E-10   0.1957123E-04
   1    26    0.1786062E-07   0.1049571E-04   0.1629954E-10   0.1957123E-04
   1    27    0.1786062E-07   0.1049571E-04   0.1629954E-10   0.1957123E-04
   1    28    0.1786062E-07   0.1049571E-04   0.1629954E-10   0.1957123E-04
   1    29    0.1786062E-07   0.1049571E-04   0.1629954E-10   0.1957123E-04
   1    30    0.1786062E-07   0.1049571E-04   0.1629954E-10   0.1957123E-04
   1    31    0.1786062E-07   0.1049571E-04   0.1629954E-10   0.1957123E-04
   1    32    0.1786062E-07   0.1049571E-04   0.1629954E-10   0.1957123E-04
   2     1    0.3351530       0.3085178       0.0721727       1.5563709    
   2     2    0.3351530       0.3085178       0.0721727       1.5563709    
   2     3    0.3351530       0.3085178       0.0721727       1.5563709    
   2     4    0.3351530       0.3085178       0.0721727       1.5563709    
   2     5    0.3351530       0.3085178       0.0721727       1.5563709    
   2     6    0.3351530       0.3085178       0.0721727       1.5563709    
   2     7    0.3351530       0.3085178       0.0721727       1.5563709    
   2     8    0.3351530       0.3085178       0.0721727       1.5563709    
   2     9    0.3351530       0.3085178       0.0721727       1.5563709    
   2    10    0.3351530       0.3085178       0.0721727       1.5563709    
   2    11    0.3351530       0.3085178       0.0721727       1.5563709    
   2    12    0.3351530       0.3085178       0.0721727       1.5563709    
   2    13    0.3351530       0.3085178       0.0721727       1.5563709    
   2    14    0.3351530       0.3085178       0.0721727       1.5563709    
   2    15    0.3351530       0.3085178       0.0721727       1.5563709    
   2    16    0.3351530       0.3085178       0.0721727       1.5563709    
   2    17    0.3351530       0.3085178       0.0721727       1.5563709    
   2    18    0.3351530       0.3085178       0.0721727       1.5563709    
   2    19    0.3351530       0.3085178       0.0721727       1.5563709    
   2    20    0.3351530       0.3085178       0.0721727       1.5563709    
   2    21    0.3351530       0.3085178       0.0721727       1.5563709    
   2    22    0.3351530       0.3085178       0.0721727       1.5563709    
   2    23    0.3351530       0.3085178       0.0721727       1.5563709    
   2    24    0.3351530       0.3085178       0.0721727       1.5563709    
   2    25    0.3351530       0.3085178       0.0721727       1.5563709    
   2    26    0.3351530       0.3085178       0.0721727       1.5563709    
   2    27    0.3351530       0.3085178       0.0721727       1.5563709    
   2    28    0.3351530       0.3085178       0.0721727       1.5563709    
   2    29    0.3351530       0.3085178       0.0721727       1.5563709    
   2    30    0.3351530       0.3085178       0.0721727       1.5563709    
   2    31    0.3351530       0.3085178       0.0721727       1.5563709    
   2    32    0.3351530       0.3085178       0.0721727       1.5563709    

        Population Estimates of { Phi(~1)p(~sex)pent(~sex)N(~1) }
                                                95% Confidence Interval
 Grp. Occ.   N-hat           Standard Error      Lower           Upper
 ---- ----   --------------  --------------  --------------  --------------
   1     1    21.692277       3.0679704       16.463108       28.582383    
   1     2    21.624437       3.0463418       16.429270       28.462390    
   1     3    21.590597       3.0356796       16.412212       28.402867    
   1     4    21.556810       3.0251187       16.395062       28.343660    
   1     5    21.489394       3.0043013       16.360481       28.226189    
   1     6    21.388665       2.9738363       16.307908       28.052341    
   1     7    21.355194       2.9638843       16.290195       27.995019    
   1     8    21.321775       2.9540338       16.272386       27.938010    
   1     9    21.255094       2.9346373       16.236484       27.824930    

  Program  MARK  - Survival Rate Estimation with Capture-Recapture Data
   gfortran(dble) Vers. 9.0 Mar 2018    25-Mar-2020 14:22:20    Page  013
 - - - - - - - - - - - - - - - - - - - - - - - - - - - - - - - - - - - - - -
 
   1    10    21.188622       2.9156467       16.200200       27.713097    
   1    11    21.089303       2.8879215       16.145052       27.547680    
   1    12    21.056301       2.8788825       16.126476       27.493161    
   1    13    20.892060       2.8352057       16.032139       27.225199    
   1    14    20.826723       2.8184424       15.993721       27.120168    
   1    15    20.503090       2.7406591       15.795743       26.613291    
   1    16    20.471005       2.7334311       15.775405       26.564266    
   1    17    20.406985       2.7192732       15.734433       26.467114    
   1    18    20.375050       2.7123431       15.713800       26.418986    
   1    19    20.247809       2.6856105       15.630287       26.229446    
   1    20    17.751885       2.4518867       13.559058       23.241246    
   1    21    17.668675       2.4532004       13.476614       23.164727    
   1    22    15.273866       2.6698488       10.871153       21.459635    
   1    23    15.060088       2.7009847       10.626024       21.344415    
   1    24    14.989496       2.7115150       10.544949       21.307357    
   1    25    14.966039       2.7150394       10.517998       21.295148    
   1    26    14.942619       2.7185706       10.491085       21.283010    
   1    27    14.504530       2.7865858       9.9873158       21.064857    
   1    28    14.481831       2.7901970       9.9612223       21.053987    
   1    29    14.459169       2.7938099       9.9351727       21.043173    
   1    30    13.517500       2.9479931       8.8594974       20.624512    
   1    31    9.7288716       3.4750532       4.9328360       19.187936    
   1    32    9.7136468       3.4764137       4.9189451       19.181945    
   1    33    9.6984459       3.4777636       4.9050935       19.175955    
   2     1    23.967380       8.2666536       12.423260       46.238696    
   2     2    24.227579       7.9577082       12.937543       45.369941    
   2     3    24.524818       7.6571731       13.489424       44.588019    
   2     4    24.821592       7.3582781       14.053479       43.840492    
   2     5    25.079119       7.0558715       14.600682       43.077590    
   2     6    25.296717       6.7512472       15.128141       42.300234    
   2     7    25.592283       6.4580892       15.725877       41.648866    
   2     8    25.887387       6.1672521       16.333963       41.028425    
   2     9    26.141581       5.8758773       16.918243       40.393215    
   2    10    26.394979       5.5878924       17.510065       39.788257    
   2    11    26.606409       5.3016847       18.072500       39.170067    
   2    12    26.899926       5.0230765       18.713785       38.667005    
   2    13    27.025258       4.7452268       19.206229       38.027484    
   2    14    27.275893       4.4752900       19.817190       37.541869    
   2    15    27.187198       4.2164149       20.097142       36.778550    
   2    16    27.479806       3.9586773       20.750015       36.392249    
   2    17    27.729019       3.7107191       21.356449       36.003107    
   2    18    28.020779       3.4703174       22.001870       35.686243    
   2    19    28.180944       3.2498746       22.496542       35.301676    
   2    20    25.042265       3.5445026       19.001531       33.003395    
   2    21    25.260035       3.3685167       19.472465       32.767777    
   2    22    22.171447       4.0047407       15.605383       31.500225    

  Program  MARK  - Survival Rate Estimation with Capture-Recapture Data
   gfortran(dble) Vers. 9.0 Mar 2018    25-Mar-2020 14:22:20    Page  014
 - - - - - - - - - - - - - - - - - - - - - - - - - - - - - - - - - - - - - -
 
   2    23    22.196282       3.9280234       15.732660       31.315426    
   2    24    22.427393       3.8204090       16.099535       31.242391    
   2    25    22.727449       3.7161813       16.530448       31.247607    
   2    26    23.027036       3.6348442       16.931612       31.316828    
   2    27    22.687080       3.7441778       16.452811       31.283628    
   2    28    22.986730       3.7061578       16.792476       31.465863    
   2    29    23.285911       3.6928934       17.097666       31.713900    
   2    30    22.104545       4.0468997       15.485436       31.552931    
   2    31    16.244328       5.1864577       8.8205325       29.916356    
   2    32    16.554060       5.1543208       9.1195601       30.049356    
   2    33    16.863308       5.1403157       9.4018709       30.246230    

     Gross Population Estimates of { Phi(~1)p(~sex)pent(~sex)N(~1) }
                                                95% Confidence Interval
 Grp. Occ.   N*-hat          Standard Error      Lower           Upper
 ---- ----   --------------  --------------  --------------  --------------
   1     0    21.692277       3.0679707       16.463108       28.582384    
   2     0    34.831437       3.1778918       29.138713       41.636328    

 Attempted ordering of parameters by estimatibility:
  2 3 6 1 4 5
 Beta number 5 is a singular value.

   CPU Time for the last procedure was 0.23 seconds.     


  INPUT --- proc stop;

     CPU Time in minutes for this job was 0.00

     Time Start = 14:22:20.152   Time End = 14:22:20.590

     Wall Clock Time in minutes for this job was 0.01


          E X E C U T I O N   S U C C E S S F U L 
