
   Program  MARK  - Survival Rate Estimation with Capture-Recapture Data
   gfortran(dble) Vers. 9.0 Mar 2018    25-Mar-2020 12:21:29    Page  001
 - - - - - - - - - - - - - - - - - - - - - - - - - - - - - - - - - - - - - -
 
   This version was compiled by GCC version 7.2.0 using the options: 
     -cpp -iprefix C:/Program Files/mingw-w64/x86_64-7.2.0-posix-seh-rt_v5-rev1/
     mingw64/bin/../lib/gcc/x86_64-w64-mingw32/7.2.0/ -D_MT -D_REENTRANT
     -U_REENTRANT -D IEEE -D DBLEPRECISION -m64 -mtune=core2 -march=nocona -mthreads
     -O2 -fimplicit-none -fbounds-check -funroll-loops -ftree-vectorize
     -ffpe-summary=invalid,zero,overflow,underflow -fno-unsafe-math-optimizations
     -frounding-math -fsignaling-nans -fopenmp.

   This problem will use 15 of 16 possible threads.


  INPUT --- proc title ;

   CPU Time for the last procedure was 0.01 seconds.     


  INPUT --- proc chmatrix occasions= 33 groups= 2 etype= POPAN Nodes= 
  INPUT --- 101 ICMeans NoHist hist= 41  ;

  INPUT ---    time interval 0.00547945205479452 0.00273972602739726 
  INPUT ---    0.00273972602739726 0.00547945205479452  
  INPUT ---    0.00821917808219178 0.00273972602739726 0.00273972602739726 
  INPUT ---    0.00547945205479452  0.00547945205479452 
  INPUT ---    0.00821917808219178 0.00273972602739726 0.0136986301369863 
  INPUT ---    0.00547945205479452  0.0273972602739726 0.00273972602739726 
  INPUT ---    0.00547945205479452 0.00273972602739726 0.010958904109589  
  INPUT ---    0.23013698630137 0.00821917808219178 0.254794520547945 
  INPUT ---    0.0246575342465753 0.00821917808219178  0.00273972602739726 
  INPUT ---    0.00273972602739726 0.0520547945205479 0.00273972602739726 
  INPUT ---    0.00273972602739726  0.117808219178082 0.575342465753425 
  INPUT ---    0.00273972602739726 0.00273972602739726 ;

  INPUT ---    glabel(1)=sexF;

  INPUT ---    glabel(2)=sexM;

   * *  WARNING  * *   At least a pair of the encounter histories are duplicates. 

      Number of unique encounter histories read was 38.

      Number of individual covariates read was 0.
      Time interval lengths vary and/or not equal to 1.

      Data type number is 19
      Data type is POPAN                                                                                               

   CPU Time for the last procedure was 0.01 seconds.     

  Program  MARK  - Survival Rate Estimation with Capture-Recapture Data
   gfortran(dble) Vers. 9.0 Mar 2018    25-Mar-2020 12:21:29    Page  002
 - - - - - - - - - - - - - - - - - - - - - - - - - - - - - - - - - - - - - -
 


  INPUT --- proc estimate link=Parm-Specific NOLOOP varest=2ndPart    ;


  INPUT --- model={ Phi(~sex)p(~1)pent(~sex)N(~sex) };

  INPUT ---    group=1 Phi    rows=1 cols=32 Square ;
  INPUT ---        1 1 1 1 1 1 1 1 1 1 1 1 1 1 1 1 1 1 1 1 1 1 1 1 1 1 1 1 1 
  INPUT ---       1 1 1 ;

  INPUT ---    group=2 Phi    rows=1 cols=32 Square ;
  INPUT ---        2 2 2 2 2 2 2 2 2 2 2 2 2 2 2 2 2 2 2 2 2 2 2 2 2 2 2 2 2 
  INPUT ---       2 2 2 ;

  INPUT ---    group=1 p    rows=1 cols=33 Square ;
  INPUT ---        3 3 3 3 3 3 3 3 3 3 3 3 3 3 3 3 3 3 3 3 3 3 3 3 3 3 3 3 3 
  INPUT ---       3 3 3 3 ;

  INPUT ---    group=2 p    rows=1 cols=33 Square ;
  INPUT ---        3 3 3 3 3 3 3 3 3 3 3 3 3 3 3 3 3 3 3 3 3 3 3 3 3 3 3 3 3 
  INPUT ---       3 3 3 3 ;

  INPUT ---    group=1 pent    rows=1 cols=32 Square ;
  INPUT ---        6 7 8 9 10 11 12 13 14 15 16 17 18 19 20 21 22 23 24 25 26 
  INPUT ---       27 28 29 30 31 32 33 34 35 36 37 ;

  INPUT ---    group=2 pent    rows=1 cols=32 Square ;
  INPUT ---        38 39 40 41 42 43 44 45 46 47 48 49 50 51 52 53 54 55 56 
  INPUT ---       57 58 59 60 61 62 63 64 65 66 67 68 69 ;

  INPUT ---    group=1 N    rows=1 cols=1 Square ;
  INPUT ---        4 ;

  INPUT ---    group=2 N    rows=1 cols=1 Square ;
  INPUT ---        5 ;

  INPUT ---    design matrix constraints=69 covariates=7;
  INPUT ---        1 0 0 0 0 0 0;
  INPUT ---        1 1 0 0 0 0 0;
  INPUT ---        0 0 1 0 0 0 0;
  INPUT ---        0 0 0 0 0 1 0;
  INPUT ---        0 0 0 0 0 1 1;
  INPUT ---        0 0 0 1 0 0 0;
  INPUT ---        0 0 0 1 0 0 0;
  INPUT ---        0 0 0 1 0 0 0;

  Program  MARK  - Survival Rate Estimation with Capture-Recapture Data
   gfortran(dble) Vers. 9.0 Mar 2018    25-Mar-2020 12:21:29    Page  003
 - - - - - - - - - - - - - - - - - - - - - - - - - - - - - - - - - - - - - -
 
  INPUT ---        0 0 0 1 0 0 0;
  INPUT ---        0 0 0 1 0 0 0;
  INPUT ---        0 0 0 1 0 0 0;
  INPUT ---        0 0 0 1 0 0 0;
  INPUT ---        0 0 0 1 0 0 0;
  INPUT ---        0 0 0 1 0 0 0;
  INPUT ---        0 0 0 1 0 0 0;
  INPUT ---        0 0 0 1 0 0 0;
  INPUT ---        0 0 0 1 0 0 0;
  INPUT ---        0 0 0 1 0 0 0;
  INPUT ---        0 0 0 1 0 0 0;
  INPUT ---        0 0 0 1 0 0 0;
  INPUT ---        0 0 0 1 0 0 0;
  INPUT ---        0 0 0 1 0 0 0;
  INPUT ---        0 0 0 1 0 0 0;
  INPUT ---        0 0 0 1 0 0 0;
  INPUT ---        0 0 0 1 0 0 0;
  INPUT ---        0 0 0 1 0 0 0;
  INPUT ---        0 0 0 1 0 0 0;
  INPUT ---        0 0 0 1 0 0 0;
  INPUT ---        0 0 0 1 0 0 0;
  INPUT ---        0 0 0 1 0 0 0;
  INPUT ---        0 0 0 1 0 0 0;
  INPUT ---        0 0 0 1 0 0 0;
  INPUT ---        0 0 0 1 0 0 0;
  INPUT ---        0 0 0 1 0 0 0;
  INPUT ---        0 0 0 1 0 0 0;
  INPUT ---        0 0 0 1 0 0 0;
  INPUT ---        0 0 0 1 0 0 0;
  INPUT ---        0 0 0 1 1 0 0;
  INPUT ---        0 0 0 1 1 0 0;
  INPUT ---        0 0 0 1 1 0 0;
  INPUT ---        0 0 0 1 1 0 0;
  INPUT ---        0 0 0 1 1 0 0;
  INPUT ---        0 0 0 1 1 0 0;
  INPUT ---        0 0 0 1 1 0 0;
  INPUT ---        0 0 0 1 1 0 0;
  INPUT ---        0 0 0 1 1 0 0;
  INPUT ---        0 0 0 1 1 0 0;
  INPUT ---        0 0 0 1 1 0 0;
  INPUT ---        0 0 0 1 1 0 0;
  INPUT ---        0 0 0 1 1 0 0;
  INPUT ---        0 0 0 1 1 0 0;
  INPUT ---        0 0 0 1 1 0 0;
  INPUT ---        0 0 0 1 1 0 0;
  INPUT ---        0 0 0 1 1 0 0;

  Program  MARK  - Survival Rate Estimation with Capture-Recapture Data
   gfortran(dble) Vers. 9.0 Mar 2018    25-Mar-2020 12:21:29    Page  004
 - - - - - - - - - - - - - - - - - - - - - - - - - - - - - - - - - - - - - -
 
  INPUT ---        0 0 0 1 1 0 0;
  INPUT ---        0 0 0 1 1 0 0;
  INPUT ---        0 0 0 1 1 0 0;
  INPUT ---        0 0 0 1 1 0 0;
  INPUT ---        0 0 0 1 1 0 0;
  INPUT ---        0 0 0 1 1 0 0;
  INPUT ---        0 0 0 1 1 0 0;
  INPUT ---        0 0 0 1 1 0 0;
  INPUT ---        0 0 0 1 1 0 0;
  INPUT ---        0 0 0 1 1 0 0;
  INPUT ---        0 0 0 1 1 0 0;
  INPUT ---        0 0 0 1 1 0 0;
  INPUT ---        0 0 0 1 1 0 0;
  INPUT ---        0 0 0 1 1 0 0;
  INPUT ---        0 0 0 1 1 0 0;

  INPUT ---    links=69;

  INPUT ---    Logit;

  INPUT ---    Logit;

  INPUT ---    Logit;

  INPUT ---    Log;

  INPUT ---    Log;

  INPUT ---    mlogit(1);

  INPUT ---    mlogit(1);

  INPUT ---    mlogit(1);

  INPUT ---    mlogit(1);

  INPUT ---    mlogit(1);

  INPUT ---    mlogit(1);

  INPUT ---    mlogit(1);

  INPUT ---    mlogit(1);

  INPUT ---    mlogit(1);


  Program  MARK  - Survival Rate Estimation with Capture-Recapture Data
   gfortran(dble) Vers. 9.0 Mar 2018    25-Mar-2020 12:21:29    Page  005
 - - - - - - - - - - - - - - - - - - - - - - - - - - - - - - - - - - - - - -
 
  INPUT ---    mlogit(1);

  INPUT ---    mlogit(1);

  INPUT ---    mlogit(1);

  INPUT ---    mlogit(1);

  INPUT ---    mlogit(1);

  INPUT ---    mlogit(1);

  INPUT ---    mlogit(1);

  INPUT ---    mlogit(1);

  INPUT ---    mlogit(1);

  INPUT ---    mlogit(1);

  INPUT ---    mlogit(1);

  INPUT ---    mlogit(1);

  INPUT ---    mlogit(1);

  INPUT ---    mlogit(1);

  INPUT ---    mlogit(1);

  INPUT ---    mlogit(1);

  INPUT ---    mlogit(1);

  INPUT ---    mlogit(1);

  INPUT ---    mlogit(1);

  INPUT ---    mlogit(1);

  INPUT ---    mlogit(1);

  INPUT ---    mlogit(1);

  INPUT ---    mlogit(1);


  Program  MARK  - Survival Rate Estimation with Capture-Recapture Data
   gfortran(dble) Vers. 9.0 Mar 2018    25-Mar-2020 12:21:29    Page  006
 - - - - - - - - - - - - - - - - - - - - - - - - - - - - - - - - - - - - - -
 
  INPUT ---    mlogit(2);

  INPUT ---    mlogit(2);

  INPUT ---    mlogit(2);

  INPUT ---    mlogit(2);

  INPUT ---    mlogit(2);

  INPUT ---    mlogit(2);

  INPUT ---    mlogit(2);

  INPUT ---    mlogit(2);

  INPUT ---    mlogit(2);

  INPUT ---    mlogit(2);

  INPUT ---    mlogit(2);

  INPUT ---    mlogit(2);

  INPUT ---    mlogit(2);

  INPUT ---    mlogit(2);

  INPUT ---    mlogit(2);

  INPUT ---    mlogit(2);

  INPUT ---    mlogit(2);

  INPUT ---    mlogit(2);

  INPUT ---    mlogit(2);

  INPUT ---    mlogit(2);

  INPUT ---    mlogit(2);

  INPUT ---    mlogit(2);

  INPUT ---    mlogit(2);


  Program  MARK  - Survival Rate Estimation with Capture-Recapture Data
   gfortran(dble) Vers. 9.0 Mar 2018    25-Mar-2020 12:21:29    Page  007
 - - - - - - - - - - - - - - - - - - - - - - - - - - - - - - - - - - - - - -
 
  INPUT ---    mlogit(2);

  INPUT ---    mlogit(2);

  INPUT ---    mlogit(2);

  INPUT ---    mlogit(2);

  INPUT ---    mlogit(2);

  INPUT ---    mlogit(2);

  INPUT ---    mlogit(2);

  INPUT ---    mlogit(2);

  INPUT ---    mlogit(2);
  INPUT ---       blabel(1)=Phi:(Intercept);
  INPUT ---       blabel(2)=Phi:sexM;
  INPUT ---       blabel(3)=p:(Intercept);
  INPUT ---       blabel(4)=pent:(Intercept);
  INPUT ---       blabel(5)=pent:sexM;
  INPUT ---       blabel(6)=N:(Intercept);
  INPUT ---       blabel(7)=N:sexM;
  INPUT ---       rlabel(1)=Phi gF a0 t1;
  INPUT ---       rlabel(2)=Phi gM a0 t1;
  INPUT ---       rlabel(3)=p gF a0 t1;
  INPUT ---       rlabel(4)=N gF a0 t1;
  INPUT ---       rlabel(5)=N gM a0 t1;
  INPUT ---       rlabel(6)=pent gF a0.00547945205479452 t1.00547945205479;
  INPUT ---       rlabel(7)=pent gF a0.00821917808219178 t1.00821917808219;
  INPUT ---       rlabel(8)=pent gF a0.010958904109589 t1.01095890410959;
  INPUT ---       rlabel(9)=pent gF a0.0164383561643836 t1.01643835616438;
  INPUT ---       rlabel(10)=pent gF a0.0246575342465753 t1.02465753424658;
  INPUT ---       rlabel(11)=pent gF a0.0273972602739726 t1.02739726027397;
  INPUT ---       rlabel(12)=pent gF a0.0301369863013699 t1.03013698630137;
  INPUT ---       rlabel(13)=pent gF a0.0356164383561644 t1.03561643835616;
  INPUT ---       rlabel(14)=pent gF a0.0410958904109589 t1.04109589041096;
  INPUT ---       rlabel(15)=pent gF a0.0493150684931507 t1.04931506849315;
  INPUT ---       rlabel(16)=pent gF a0.0520547945205479 t1.05205479452055;
  INPUT ---       rlabel(17)=pent gF a0.0657534246575342 t1.06575342465753;
  INPUT ---       rlabel(18)=pent gF a0.0712328767123288 t1.07123287671233;
  INPUT ---       rlabel(19)=pent gF a0.0986301369863014 t1.0986301369863;
  INPUT ---       rlabel(20)=pent gF a0.101369863013699 t1.1013698630137;
  INPUT ---       rlabel(21)=pent gF a0.106849315068493 t1.10684931506849;
  INPUT ---       rlabel(22)=pent gF a0.10958904109589 t1.10958904109589;

  Program  MARK  - Survival Rate Estimation with Capture-Recapture Data
   gfortran(dble) Vers. 9.0 Mar 2018    25-Mar-2020 12:21:29    Page  008
 - - - - - - - - - - - - - - - - - - - - - - - - - - - - - - - - - - - - - -
 
  INPUT ---       rlabel(23)=pent gF a0.120547945205479 t1.12054794520548;
  INPUT ---       rlabel(24)=pent gF a0.350684931506849 t1.35068493150685;
  INPUT ---       rlabel(25)=pent gF a0.358904109589041 t1.35890410958904;
  INPUT ---       rlabel(26)=pent gF a0.613698630136986 t1.61369863013699;
  INPUT ---       rlabel(27)=pent gF a0.638356164383562 t1.63835616438356;
  INPUT ---       rlabel(28)=pent gF a0.646575342465753 t1.64657534246575;
  INPUT ---       rlabel(29)=pent gF a0.649315068493151 t1.64931506849315;
  INPUT ---       rlabel(30)=pent gF a0.652054794520548 t1.65205479452055;
  INPUT ---       rlabel(31)=pent gF a0.704109589041096 t1.7041095890411;
  INPUT ---       rlabel(32)=pent gF a0.706849315068493 t1.70684931506849;
  INPUT ---       rlabel(33)=pent gF a0.70958904109589 t1.70958904109589;
  INPUT ---       rlabel(34)=pent gF a0.827397260273973 t1.82739726027397;
  INPUT ---       rlabel(35)=pent gF a1.4027397260274 t2.4027397260274;
  INPUT ---       rlabel(36)=pent gF a1.40547945205479 t2.40547945205479;
  INPUT ---       rlabel(37)=pent gF a1.40821917808219 t2.40821917808219;
  INPUT ---       rlabel(38)=pent gM a0.00547945205479452 t1.00547945205479;
  INPUT ---       rlabel(39)=pent gM a0.00821917808219178 t1.00821917808219;
  INPUT ---       rlabel(40)=pent gM a0.010958904109589 t1.01095890410959;
  INPUT ---       rlabel(41)=pent gM a0.0164383561643836 t1.01643835616438;
  INPUT ---       rlabel(42)=pent gM a0.0246575342465753 t1.02465753424658;
  INPUT ---       rlabel(43)=pent gM a0.0273972602739726 t1.02739726027397;
  INPUT ---       rlabel(44)=pent gM a0.0301369863013699 t1.03013698630137;
  INPUT ---       rlabel(45)=pent gM a0.0356164383561644 t1.03561643835616;
  INPUT ---       rlabel(46)=pent gM a0.0410958904109589 t1.04109589041096;
  INPUT ---       rlabel(47)=pent gM a0.0493150684931507 t1.04931506849315;
  INPUT ---       rlabel(48)=pent gM a0.0520547945205479 t1.05205479452055;
  INPUT ---       rlabel(49)=pent gM a0.0657534246575342 t1.06575342465753;
  INPUT ---       rlabel(50)=pent gM a0.0712328767123288 t1.07123287671233;
  INPUT ---       rlabel(51)=pent gM a0.0986301369863014 t1.0986301369863;
  INPUT ---       rlabel(52)=pent gM a0.101369863013699 t1.1013698630137;
  INPUT ---       rlabel(53)=pent gM a0.106849315068493 t1.10684931506849;
  INPUT ---       rlabel(54)=pent gM a0.10958904109589 t1.10958904109589;
  INPUT ---       rlabel(55)=pent gM a0.120547945205479 t1.12054794520548;
  INPUT ---       rlabel(56)=pent gM a0.350684931506849 t1.35068493150685;
  INPUT ---       rlabel(57)=pent gM a0.358904109589041 t1.35890410958904;
  INPUT ---       rlabel(58)=pent gM a0.613698630136986 t1.61369863013699;
  INPUT ---       rlabel(59)=pent gM a0.638356164383562 t1.63835616438356;
  INPUT ---       rlabel(60)=pent gM a0.646575342465753 t1.64657534246575;
  INPUT ---       rlabel(61)=pent gM a0.649315068493151 t1.64931506849315;
  INPUT ---       rlabel(62)=pent gM a0.652054794520548 t1.65205479452055;
  INPUT ---       rlabel(63)=pent gM a0.704109589041096 t1.7041095890411;
  INPUT ---       rlabel(64)=pent gM a0.706849315068493 t1.70684931506849;
  INPUT ---       rlabel(65)=pent gM a0.70958904109589 t1.70958904109589;
  INPUT ---       rlabel(66)=pent gM a0.827397260273973 t1.82739726027397;
  INPUT ---       rlabel(67)=pent gM a1.4027397260274 t2.4027397260274;
  INPUT ---       rlabel(68)=pent gM a1.40547945205479 t2.40547945205479;

  Program  MARK  - Survival Rate Estimation with Capture-Recapture Data
   gfortran(dble) Vers. 9.0 Mar 2018    25-Mar-2020 12:21:29    Page  009
 - - - - - - - - - - - - - - - - - - - - - - - - - - - - - - - - - - - - - -
 
  INPUT ---       rlabel(69)=pent gM a1.40821917808219 t2.40821917808219;

 Link Function Used is PARM-SPECIFIC

 Variance Estimation Procedure Used is 2ndPart 

 M(t+1):
      16     29



 Group: 1

 U(t)+UL(t):
       0    2    2    0    1    0    3    1    1    0    0    0    0    0    1
       0    0    0    2    1    1    0    0    0    1    0    0    0    0    0
       0    0    0

 U(t):
       0    2    2    0    1    0    3    1    1    0    0    0    0    0    1
       0    0    0    2    1    1    0    0    0    1    0    0    0    0    0
       0    0    0

 UL(t):
       0    0    0    0    0    0    0    0    0    0    0    0    0    0    0
       0    0    0    0    0    0    0    0    0    0    0    0    0    0    0
       0    0    0

 Not Released(t):
       0    0    0    0    0    0    0    0    0    0    0    0    0    0    0
       0    0    0    0    0    0    0    0    0    0    0    0    0    0    0
       0    0    0

 Group: 2

 U(t)+UL(t):
       3    0    1    1    1    1    1    0    1    1    2    1    3    3    1
       1    0    2    3    1    0    0    1    0    0    0    0    0    0    1
       0    0    0

 U(t):
       3    0    1    1    1    1    1    0    1    1    2    1    3    3    1
       1    0    2    3    1    0    0    1    0    0    0    0    0    0    1
       0    0    0

 UL(t):
       0    0    0    0    0    0    0    0    0    0    0    0    0    0    0
       0    0    0    0    0    0    0    0    0    0    0    0    0    0    0
       0    0    0

 Not Released(t):
       0    0    0    0    0    0    0    0    0    0    0    0    0    0    0
       0    0    0    0    0    0    0    0    0    0    0    0    0    0    0
       0    0    0
 -2logL(saturated) = 272.93564     
 Effective Sample Size = 103

 Number of function evaluations was 32 for 7 parameters.
 Time for numerical optimization was 0.19 seconds.     
 -2logL { Phi(~sex)p(~1)pent(~sex)N(~sex) } = 552.93657     
 Penalty { Phi(~sex)p(~1)pent(~sex)N(~sex) } = 0.0000000     
 Gradient { Phi(~sex)p(~1)pent(~sex)N(~sex) }:
  0.1079033E-04  0.3700259E-05  0.2183029E-04 -0.5804328E-05   0.000000    
  0.1017725E-04   0.000000    
 Maximum ABS(G) { Phi(~sex)p(~1)pent(~sex)N(~sex) } = 0.2183029E-04 
 S Vector { Phi(~sex)p(~1)pent(~sex)N(~sex) }:
   83.63703      7.624086      2.512495      1.891001     0.4703071    
  0.3808451     0.8632667E-01
 Time to compute number of parameters was 0.02 seconds.     
 Ratio Threshold = 50.000000       Max Gap (1/2) = 10.970106       Next Max Gap (1/2) = 10.970106     
 Gap Method for Num. of Estimated Parameters { Phi(~sex)p(~1)pent(~sex)N(~sex) } = 7          
 Threshold { Phi(~sex)p(~1)pent(~sex)N(~sex) } = 0.4366058E-04                 
 Numerical Threshold Method for Num. of Estimated Parameters { Phi(~sex)p(~1)pent(~sex)N(~sex) } = 7          
 Number of Estimated Parameters { Phi(~sex)p(~1)pent(~sex)N(~sex) } = 7          
 DEVIANCE { Phi(~sex)p(~1)pent(~sex)N(~sex) } = 280.00093                     
 DEVIANCE Degrees of Freedom { Phi(~sex)p(~1)pent(~sex)N(~sex) } = 34            
 c-hat { Phi(~sex)p(~1)pent(~sex)N(~sex) } = 8.2353214                     
 AIC { Phi(~sex)p(~1)pent(~sex)N(~sex) } = 566.93657                  
 AICc { Phi(~sex)p(~1)pent(~sex)N(~sex) } = 568.11552                    
 BIC { Phi(~sex)p(~1)pent(~sex)N(~sex) } = 585.37967                    
 Pearson Chisquare { Phi(~sex)p(~1)pent(~sex)N(~sex) } = 23710190.                  


             PARM-SPECIFIC Link Function Parameters of { Phi(~sex)p(~1)pent(~sex)N(~sex) }
                                                              95% Confidence Interval
 Parameter                    Beta         Standard Error      Lower           Upper
 -------------------------  --------------  --------------  --------------  --------------
    1:Phi:(Intercept)       -1.8282351       1.0319872      -3.8509299       0.1944598    
    2:Phi:sexM               3.1237087       1.6138999      -0.0395352       6.2869526    
    3:p:(Intercept)         -2.4948660       0.1834659      -2.8544591      -2.1352729    
    4:pent:(Intercept)      -4.2577277       1.4804022      -7.1593160      -1.3561394    
    5:pent:sexM             -0.8569427       3.0099623      -6.7564688       5.0425835    
    6:N:(Intercept)          1.9986064       0.7446358       0.5391202       3.4580926    
    7:N:sexM                -0.4818248       1.3771673      -3.1810728       2.2174232    


             Real Function Parameters of { Phi(~sex)p(~1)pent(~sex)N(~sex) }
                                                               95% Confidence Interval
  Parameter                  Estimate       Standard Error      Lower           Upper
 --------------------------  --------------  --------------  --------------  --------------
     1:Phi gF a0 t1           0.1384487       0.1230961       0.0208174       0.5484623                          
     2:Phi gM a0 t1           0.7850722       0.2414604       0.1810406       0.9837017                          
     3:p gF a0 t1             0.0762189       0.0129178       0.0544513       0.1057155                          
     4:N gF a0 t1             23.378766       5.4944931       18.007324       43.123769                          
     5:N gM a0 t1             33.557534       5.2339911       29.755218       56.503455                          

  Program  MARK  - Survival Rate Estimation with Capture-Recapture Data
   gfortran(dble) Vers. 9.0 Mar 2018    25-Mar-2020 12:21:29    Page  010
 - - - - - - - - - - - - - - - - - - - - - - - - - - - - - - - - - - - - - -
 
     6:pent gF a0.005479452   0.0097419       0.0099260       0.0013076       0.0688277                          
     7:pent gF a0.008219178   0.0097419       0.0099260       0.0013076       0.0688277                          
     8:pent gF a0.010958904   0.0097419       0.0099260       0.0013076       0.0688277                          
     9:pent gF a0.016438356   0.0097419       0.0099260       0.0013076       0.0688277                          
    10:pent gF a0.024657534   0.0097419       0.0099260       0.0013076       0.0688277                          
    11:pent gF a0.027397260   0.0097419       0.0099260       0.0013076       0.0688277                          
    12:pent gF a0.030136986   0.0097419       0.0099260       0.0013076       0.0688277                          
    13:pent gF a0.035616438   0.0097419       0.0099260       0.0013076       0.0688277                          
    14:pent gF a0.041095890   0.0097419       0.0099260       0.0013076       0.0688277                          
    15:pent gF a0.049315068   0.0097419       0.0099260       0.0013076       0.0688277                          
    16:pent gF a0.052054794   0.0097419       0.0099260       0.0013076       0.0688277                          
    17:pent gF a0.065753424   0.0097419       0.0099260       0.0013076       0.0688277                          
    18:pent gF a0.071232876   0.0097419       0.0099260       0.0013076       0.0688277                          
    19:pent gF a0.098630136   0.0097419       0.0099260       0.0013076       0.0688277                          
    20:pent gF a0.101369863   0.0097419       0.0099260       0.0013076       0.0688277                          
    21:pent gF a0.106849315   0.0097419       0.0099260       0.0013076       0.0688277                          
    22:pent gF a0.109589041   0.0097419       0.0099260       0.0013076       0.0688277                          
    23:pent gF a0.120547945   0.0097419       0.0099260       0.0013076       0.0688277                          
    24:pent gF a0.350684931   0.0097419       0.0099260       0.0013076       0.0688277                          
    25:pent gF a0.358904109   0.0097419       0.0099260       0.0013076       0.0688277                          
    26:pent gF a0.613698630   0.0097419       0.0099260       0.0013076       0.0688277                          
    27:pent gF a0.638356164   0.0097419       0.0099260       0.0013076       0.0688277                          
    28:pent gF a0.646575342   0.0097419       0.0099260       0.0013076       0.0688277                          
    29:pent gF a0.649315068   0.0097419       0.0099260       0.0013076       0.0688277                          
    30:pent gF a0.652054794   0.0097419       0.0099260       0.0013076       0.0688277                          
    31:pent gF a0.704109589   0.0097419       0.0099260       0.0013076       0.0688277                          
    32:pent gF a0.706849315   0.0097419       0.0099260       0.0013076       0.0688277                          
    33:pent gF a0.709589041   0.0097419       0.0099260       0.0013076       0.0688277                          
    34:pent gF a0.827397260   0.0097419       0.0099260       0.0013076       0.0688277                          
    35:pent gF a1.402739726   0.0097419       0.0099260       0.0013076       0.0688277                          
    36:pent gF a1.405479452   0.0097419       0.0099260       0.0013076       0.0688277                          
    37:pent gF a1.408219178   0.0097419       0.0099260       0.0013076       0.0688277                          
    38:pent gM a0.005479452   0.0050392       0.0123359       0.4075652E-04   0.3862565                          
    39:pent gM a0.008219178   0.0050392       0.0123359       0.4075652E-04   0.3862565                          
    40:pent gM a0.010958904   0.0050392       0.0123359       0.4075652E-04   0.3862565                          
    41:pent gM a0.016438356   0.0050392       0.0123359       0.4075652E-04   0.3862565                          
    42:pent gM a0.024657534   0.0050392       0.0123359       0.4075652E-04   0.3862565                          
    43:pent gM a0.027397260   0.0050392       0.0123359       0.4075652E-04   0.3862565                          
    44:pent gM a0.030136986   0.0050392       0.0123359       0.4075652E-04   0.3862565                          
    45:pent gM a0.035616438   0.0050392       0.0123359       0.4075652E-04   0.3862565                          
    46:pent gM a0.041095890   0.0050392       0.0123359       0.4075652E-04   0.3862565                          
    47:pent gM a0.049315068   0.0050392       0.0123359       0.4075652E-04   0.3862565                          
    48:pent gM a0.052054794   0.0050392       0.0123359       0.4075652E-04   0.3862565                          
    49:pent gM a0.065753424   0.0050392       0.0123359       0.4075652E-04   0.3862565                          
    50:pent gM a0.071232876   0.0050392       0.0123359       0.4075652E-04   0.3862565                          
    51:pent gM a0.098630136   0.0050392       0.0123359       0.4075652E-04   0.3862565                          

  Program  MARK  - Survival Rate Estimation with Capture-Recapture Data
   gfortran(dble) Vers. 9.0 Mar 2018    25-Mar-2020 12:21:29    Page  011
 - - - - - - - - - - - - - - - - - - - - - - - - - - - - - - - - - - - - - -
 
    52:pent gM a0.101369863   0.0050392       0.0123359       0.4075652E-04   0.3862565                          
    53:pent gM a0.106849315   0.0050392       0.0123359       0.4075652E-04   0.3862565                          
    54:pent gM a0.109589041   0.0050392       0.0123359       0.4075652E-04   0.3862565                          
    55:pent gM a0.120547945   0.0050392       0.0123359       0.4075652E-04   0.3862565                          
    56:pent gM a0.350684931   0.0050392       0.0123359       0.4075652E-04   0.3862565                          
    57:pent gM a0.358904109   0.0050392       0.0123359       0.4075652E-04   0.3862565                          
    58:pent gM a0.613698630   0.0050392       0.0123359       0.4075652E-04   0.3862565                          
    59:pent gM a0.638356164   0.0050392       0.0123359       0.4075652E-04   0.3862565                          
    60:pent gM a0.646575342   0.0050392       0.0123359       0.4075652E-04   0.3862565                          
    61:pent gM a0.649315068   0.0050392       0.0123359       0.4075652E-04   0.3862565                          
    62:pent gM a0.652054794   0.0050392       0.0123359       0.4075652E-04   0.3862565                          
    63:pent gM a0.704109589   0.0050392       0.0123359       0.4075652E-04   0.3862565                          
    64:pent gM a0.706849315   0.0050392       0.0123359       0.4075652E-04   0.3862565                          
    65:pent gM a0.709589041   0.0050392       0.0123359       0.4075652E-04   0.3862565                          
    66:pent gM a0.827397260   0.0050392       0.0123359       0.4075652E-04   0.3862565                          
    67:pent gM a1.402739726   0.0050392       0.0123359       0.4075652E-04   0.3862565                          
    68:pent gM a1.405479452   0.0050392       0.0123359       0.4075652E-04   0.3862565                          
    69:pent gM a1.408219178   0.0050392       0.0123359       0.4075652E-04   0.3862565                          


                      Estimates of Derived Parameters
 Gross Birth+Immigration Estimates of { Phi(~sex)p(~1)pent(~sex)N(~sex) }
                                                95% Confidence Interval
 Grp. Occ.   B*-hat          Standard Error      Lower           Upper
 ---- ----   --------------  --------------  --------------  --------------
   1     1    0.2289899       0.2734071       0.0361874       1.4490239    
   1     2    0.2283713       0.2725353       0.0361112       1.4442458    
   1     3    0.2283713       0.2725353       0.0361112       1.4442458    
   1     4    0.2289899       0.2734071       0.0361874       1.4490239    
   1     5    0.2296095       0.2742809       0.0362636       1.4538138    
   1     6    0.2283713       0.2725353       0.0361112       1.4442458    
   1     7    0.2283713       0.2725353       0.0361112       1.4442458    
   1     8    0.2289899       0.2734071       0.0361874       1.4490239    
   1     9    0.2289899       0.2734071       0.0361874       1.4490239    
   1    10    0.2296095       0.2742809       0.0362636       1.4538138    
   1    11    0.2283713       0.2725353       0.0361112       1.4442458    
   1    12    0.2308522       0.2760346       0.0364164       1.4634287    
   1    13    0.2289899       0.2734071       0.0361874       1.4490239    
   1    14    0.2339784       0.2804542       0.0367997       1.4876716    
   1    15    0.2283713       0.2725353       0.0361112       1.4442458    
   1    16    0.2289899       0.2734071       0.0361874       1.4490239    
   1    17    0.2283713       0.2725353       0.0361112       1.4442458    
   1    18    0.2302303       0.2751567       0.0363399       1.4586154    
   1    19    0.2834888       0.3517793       0.0427296       1.8808001    
   1    20    0.2296095       0.2742809       0.0362636       1.4538138    

  Program  MARK  - Survival Rate Estimation with Capture-Recapture Data
   gfortran(dble) Vers. 9.0 Mar 2018    25-Mar-2020 12:21:29    Page  012
 - - - - - - - - - - - - - - - - - - - - - - - - - - - - - - - - - - - - - -
 
   1    21    0.2899213       0.3612036       0.0434845       1.9329741    
   1    22    0.2333510       0.2795662       0.0367229       1.4827995    
   1    23    0.2296095       0.2742809       0.0362636       1.4538138    
   1    24    0.2283713       0.2725353       0.0361112       1.4442458    
   1    25    0.2283713       0.2725353       0.0361112       1.4442458    
   1    26    0.2396757       0.2885374       0.0374952       1.5320493    
   1    27    0.2283713       0.2725353       0.0361112       1.4442458    
   1    28    0.2283713       0.2725353       0.0361112       1.4442458    
   1    29    0.2553089       0.3108955       0.0393841       1.6550483    
   1    30    0.3813482       0.4978343       0.0539901       2.6935746    
   1    31    0.2283713       0.2725353       0.0361112       1.4442458    
   1    32    0.2283713       0.2725353       0.0361112       1.4442458    
   2     1    0.1692138       0.4367944       0.0103209       2.7742943    
   2     2    0.1691577       0.4366071       0.0103187       2.7730523    
   2     3    0.1691577       0.4366071       0.0103187       2.7730523    
   2     4    0.1692138       0.4367944       0.0103209       2.7742943    
   2     5    0.1692699       0.4369817       0.0103232       2.7755368    
   2     6    0.1691577       0.4366071       0.0103187       2.7730523    
   2     7    0.1691577       0.4366071       0.0103187       2.7730523    
   2     8    0.1692138       0.4367944       0.0103209       2.7742943    
   2     9    0.1692138       0.4367944       0.0103209       2.7742943    
   2    10    0.1692699       0.4369817       0.0103232       2.7755368    
   2    11    0.1691577       0.4366071       0.0103187       2.7730523    
   2    12    0.1693821       0.4373566       0.0103276       2.7780229    
   2    13    0.1692138       0.4367944       0.0103209       2.7742943    
   2    14    0.1696628       0.4382948       0.0103387       2.7842452    
   2    15    0.1691577       0.4366071       0.0103187       2.7730523    
   2    16    0.1692138       0.4367944       0.0103209       2.7742943    
   2    17    0.1691577       0.4366071       0.0103187       2.7730523    
   2    18    0.1693260       0.4371691       0.0103254       2.7767796    
   2    19    0.1738539       0.4523502       0.0105039       2.8775146    
   2    20    0.1692699       0.4369817       0.0103232       2.7755368    
   2    21    0.1743682       0.4540814       0.0105241       2.8890087    
   2    22    0.1696067       0.4381070       0.0103365       2.7830000    
   2    23    0.1692699       0.4369817       0.0103232       2.7755368    
   2    24    0.1691577       0.4366071       0.0103187       2.7730523    
   2    25    0.1691577       0.4366071       0.0103187       2.7730523    
   2    26    0.1701689       0.4399872       0.0103587       2.7954708    
   2    27    0.1691577       0.4366071       0.0103187       2.7730523    
   2    28    0.1691577       0.4366071       0.0103187       2.7730523    
   2    29    0.1715234       0.4445233       0.0104122       2.8255655    
   2    30    0.1811460       0.4770161       0.0107891       3.0414040    
   2    31    0.1691577       0.4366071       0.0103187       2.7730523    
   2    32    0.1691577       0.4366071       0.0103187       2.7730523    

  Net Birth+Immigration Estimates of { Phi(~sex)p(~1)pent(~sex)N(~sex) }
                                                95% Confidence Interval
 Grp. Occ.   B-hat           Standard Error      Lower           Upper
 ---- ----   --------------  --------------  --------------  --------------
   1     1    0.2277539       0.2716656       0.0360351       1.4394794    
   1     2    0.2277539       0.2716656       0.0360351       1.4394794    
   1     3    0.2277539       0.2716656       0.0360351       1.4394794    
   1     4    0.2277539       0.2716656       0.0360351       1.4394794    
   1     5    0.2277539       0.2716656       0.0360351       1.4394794    
   1     6    0.2277539       0.2716656       0.0360351       1.4394794    
   1     7    0.2277539       0.2716656       0.0360351       1.4394794    
   1     8    0.2277539       0.2716656       0.0360351       1.4394794    
   1     9    0.2277539       0.2716656       0.0360351       1.4394794    
   1    10    0.2277539       0.2716656       0.0360351       1.4394794    
   1    11    0.2277539       0.2716656       0.0360351       1.4394794    
   1    12    0.2277539       0.2716656       0.0360351       1.4394794    
   1    13    0.2277539       0.2716656       0.0360351       1.4394794    
   1    14    0.2277539       0.2716656       0.0360351       1.4394794    
   1    15    0.2277539       0.2716656       0.0360351       1.4394794    
   1    16    0.2277539       0.2716656       0.0360351       1.4394794    
   1    17    0.2277539       0.2716656       0.0360351       1.4394794    
   1    18    0.2277539       0.2716656       0.0360351       1.4394794    
   1    19    0.2277539       0.2716656       0.0360351       1.4394794    
   1    20    0.2277539       0.2716656       0.0360351       1.4394794    
   1    21    0.2277539       0.2716656       0.0360351       1.4394794    
   1    22    0.2277539       0.2716656       0.0360351       1.4394794    
   1    23    0.2277539       0.2716656       0.0360351       1.4394794    
   1    24    0.2277539       0.2716656       0.0360351       1.4394794    
   1    25    0.2277539       0.2716656       0.0360351       1.4394794    
   1    26    0.2277539       0.2716656       0.0360351       1.4394794    
   1    27    0.2277539       0.2716656       0.0360351       1.4394794    
   1    28    0.2277539       0.2716656       0.0360351       1.4394794    
   1    29    0.2277539       0.2716656       0.0360351       1.4394794    
   1    30    0.2277539       0.2716656       0.0360351       1.4394794    
   1    31    0.2277539       0.2716656       0.0360351       1.4394794    
   1    32    0.2277539       0.2716656       0.0360351       1.4394794    
   2     1    0.1691017       0.4364199       0.0103165       2.7718107    
   2     2    0.1691017       0.4364199       0.0103165       2.7718107    
   2     3    0.1691017       0.4364199       0.0103165       2.7718107    
   2     4    0.1691017       0.4364199       0.0103165       2.7718107    
   2     5    0.1691017       0.4364199       0.0103165       2.7718107    
   2     6    0.1691017       0.4364199       0.0103165       2.7718107    
   2     7    0.1691017       0.4364199       0.0103165       2.7718107    
   2     8    0.1691017       0.4364199       0.0103165       2.7718107    
   2     9    0.1691017       0.4364199       0.0103165       2.7718107    
   2    10    0.1691017       0.4364199       0.0103165       2.7718107    
   2    11    0.1691017       0.4364199       0.0103165       2.7718107    
   2    12    0.1691017       0.4364199       0.0103165       2.7718107    
   2    13    0.1691017       0.4364199       0.0103165       2.7718107    
   2    14    0.1691017       0.4364199       0.0103165       2.7718107    
   2    15    0.1691017       0.4364199       0.0103165       2.7718107    
   2    16    0.1691017       0.4364199       0.0103165       2.7718107    
   2    17    0.1691017       0.4364199       0.0103165       2.7718107    
   2    18    0.1691017       0.4364199       0.0103165       2.7718107    
   2    19    0.1691017       0.4364199       0.0103165       2.7718107    
   2    20    0.1691017       0.4364199       0.0103165       2.7718107    
   2    21    0.1691017       0.4364199       0.0103165       2.7718107    
   2    22    0.1691017       0.4364199       0.0103165       2.7718107    
   2    23    0.1691017       0.4364199       0.0103165       2.7718107    
   2    24    0.1691017       0.4364199       0.0103165       2.7718107    
   2    25    0.1691017       0.4364199       0.0103165       2.7718107    
   2    26    0.1691017       0.4364199       0.0103165       2.7718107    
   2    27    0.1691017       0.4364199       0.0103165       2.7718107    
   2    28    0.1691017       0.4364199       0.0103165       2.7718107    
   2    29    0.1691017       0.4364199       0.0103165       2.7718107    
   2    30    0.1691017       0.4364199       0.0103165       2.7718107    
   2    31    0.1691017       0.4364199       0.0103165       2.7718107    
   2    32    0.1691017       0.4364199       0.0103165       2.7718107    

       Population Estimates of { Phi(~sex)p(~1)pent(~sex)N(~sex) }
                                                95% Confidence Interval
 Grp. Occ.   N-hat           Standard Error      Lower           Upper
 ---- ----   --------------  --------------  --------------  --------------
   1     1    16.090642       5.5512561       8.3391311       31.047452    
   1     2    16.145007       5.2994050       8.6248665       30.222061    

  Program  MARK  - Survival Rate Estimation with Capture-Recapture Data
   gfortran(dble) Vers. 9.0 Mar 2018    25-Mar-2020 12:21:29    Page  013
 - - - - - - - - - - - - - - - - - - - - - - - - - - - - - - - - - - - - - -
 
   1     3    16.285537       5.0732882       8.9690376       29.570478    
   1     4    16.425309       4.8538525       9.3157115       28.960833    
   1     5    16.476067       4.6251467       9.6032294       28.267655    
   1     6    16.438225       4.3902957       9.8269280       27.497428    
   1     7    16.577172       4.1941831       10.173640       27.011240    
   1     8    16.715367       4.0080001       10.516164       26.568958    
   1     9    16.763000       3.8200512       10.785029       26.054464    
   1    10    16.810119       3.6446628       11.044109       25.586502    
   1    11    16.766892       3.4721826       11.220828       25.054183    
   1    12    16.904063       3.3356544       11.524528       24.794712    
   1    13    16.680104       3.1775098       11.520924       24.149614    
   1    14    16.728116       3.0642170       11.716767       23.882857    
   1    15    16.073792       2.9200549       11.291068       22.882406    
   1    16    16.214708       2.8474543       11.522879       22.816931    
   1    17    16.267735       2.7922244       11.648817       22.718118    
   1    18    16.407603       2.7646683       11.820025       22.775707    
   1    19    16.283652       2.7421127       11.733040       22.599200    
   1    20    10.558474       2.9664371       6.1514377       18.122815    
   1    21    10.616024       2.9280658       6.2441444       18.048905    
   1    22    6.6423156       2.9735197       2.8742414       15.350261    
   1    23    6.5539959       2.9051390       2.8574765       15.032447    
   1    24    6.6760988       2.8696509       2.9787229       14.962887    
   1    25    6.8677851       2.8621676       3.1345414       15.047328    
   1    26    7.0584358       2.8793599       3.2714744       15.229071    
   1    27    6.5958327       2.8593550       2.9243357       14.876886    
   1    28    6.7879526       2.9088130       3.0355108       15.179093    
   1    29    6.9790346       2.9803662       3.1289581       15.566499    
   1    30    5.7565695       2.8284674       2.3137627       14.322165    
   1    31    2.0732396       1.6916705       0.5111907       8.4084518    
   1    32    2.2897928       1.7176906       0.6180882       8.4828520    
   1    33    2.5051761       1.7842243       0.7138427       8.7917226    
   2     1    28.146280       9.8352880       14.471072       54.744602    
   2     2    28.278087       9.4275902       14.966063       53.430898    
   2     3    28.428448       9.0158083       15.496699       52.151535    
   2     4    28.578709       8.6060098       16.041851       50.913239    
   2     5    28.709943       8.2050487       16.577573       49.721440    
   2     6    28.822001       7.8137088       17.101590       48.574882    
   2     7    28.972001       7.4111629       17.687831       47.455045    
   2     8    29.121902       7.0118711       18.287202       46.375885    
   2     9    29.252416       6.6239586       18.871891       45.342771    
   2    10    29.382757       6.2405089       19.466849       44.349571    
   2    11    29.493478       5.8703336       20.042137       43.401821    
   2    12    29.643033       5.4897924       20.682697       42.485244    
   2    13    29.714037       5.1503014       21.208579       41.630511    
   2    14    29.843767       4.7935562       21.827270       40.804480    
   2    15    29.815671       4.5199044       22.188945       40.063835    

  Program  MARK  - Survival Rate Estimation with Capture-Recapture Data
   gfortran(dble) Vers. 9.0 Mar 2018    25-Mar-2020 12:21:29    Page  014
 - - - - - - - - - - - - - - - - - - - - - - - - - - - - - - - - - - - - - -
 
   2    16    29.965013       4.1748937       22.834299       39.322513    
   2    17    30.094410       3.8552792       23.435980       38.644575    
   2    18    30.243567       3.5463986       24.052421       38.028327    
   2    19    30.332574       3.2892884       24.539869       37.492662    
   2    20    28.858674       4.0909021       21.888226       38.048907    
   2    21    28.970437       3.8565446       22.342834       37.564000    
   2    22    27.407313       5.1612011       19.009215       39.515615    
   2    23    27.413373       5.0689527       19.137562       39.267959    
   2    24    27.528007       4.8989984       19.474571       38.911827    
   2    25    27.678864       4.7238826       19.857047       38.581746    
   2    26    27.829622       4.5817009       20.197795       38.345170    
   2    27    27.650375       4.7658237       19.772316       38.667359    
   2    28    27.801152       4.6820496       20.031280       38.584856    
   2    29    27.951829       4.6357496       20.239243       38.603455    
   2    30    27.335353       5.2264738       18.855239       39.629384    
   2    31    23.951832       8.1452051       12.524227       45.806440    
   2    32    24.105060       8.0304039       12.763209       45.525693    
   2    33    24.258187       7.9370310       12.983722       45.322875    

    Gross Population Estimates of { Phi(~sex)p(~1)pent(~sex)N(~sex) }
                                                95% Confidence Interval
 Grp. Occ.   N*-hat          Standard Error      Lower           Upper
 ---- ----   --------------  --------------  --------------  --------------
   1     0    23.730001       5.9170520       14.663583       38.402140    
   2     0    33.586731       5.3220849       24.667262       45.731402    

   CPU Time for the last procedure was 0.23 seconds.     

  Program  MARK  - Survival Rate Estimation with Capture-Recapture Data
   gfortran(dble) Vers. 9.0 Mar 2018    25-Mar-2020 12:21:29    Page  015
 - - - - - - - - - - - - - - - - - - - - - - - - - - - - - - - - - - - - - -
 


  INPUT --- proc stop;

     CPU Time in minutes for this job was 0.00

     Time Start = 12:21:29.428   Time End = 12:21:29.800

     Wall Clock Time in minutes for this job was 0.01


          E X E C U T I O N   S U C C E S S F U L 
