
   Program  MARK  - Survival Rate Estimation with Capture-Recapture Data
   gfortran(dble) Vers. 9.0 Mar 2018    25-Mar-2020 14:19:51    Page  001
 - - - - - - - - - - - - - - - - - - - - - - - - - - - - - - - - - - - - - -
 
   This version was compiled by GCC version 7.2.0 using the options: 
     -cpp -iprefix C:/Program Files/mingw-w64/x86_64-7.2.0-posix-seh-rt_v5-rev1/
     mingw64/bin/../lib/gcc/x86_64-w64-mingw32/7.2.0/ -D_MT -D_REENTRANT
     -U_REENTRANT -D IEEE -D DBLEPRECISION -m64 -mtune=core2 -march=nocona -mthreads
     -O2 -fimplicit-none -fbounds-check -funroll-loops -ftree-vectorize
     -ffpe-summary=invalid,zero,overflow,underflow -fno-unsafe-math-optimizations
     -frounding-math -fsignaling-nans -fopenmp.

   This problem will use 15 of 16 possible threads.


  INPUT --- proc title ;

   CPU Time for the last procedure was 0.01 seconds.     


  INPUT --- proc chmatrix occasions= 33 groups= 2 etype= POPAN Nodes= 
  INPUT --- 101 ICMeans NoHist hist= 41  ;

  INPUT ---    time interval 0.00547945205479452 0.00273972602739726 
  INPUT ---    0.00273972602739726 0.00547945205479452  
  INPUT ---    0.00821917808219178 0.00273972602739726 0.00273972602739726 
  INPUT ---    0.00547945205479452  0.00547945205479452 
  INPUT ---    0.00821917808219178 0.00273972602739726 0.0136986301369863 
  INPUT ---    0.00547945205479452  0.0273972602739726 0.00273972602739726 
  INPUT ---    0.00547945205479452 0.00273972602739726 0.010958904109589  
  INPUT ---    0.23013698630137 0.00821917808219178 0.254794520547945 
  INPUT ---    0.0246575342465753 0.00821917808219178  0.00273972602739726 
  INPUT ---    0.00273972602739726 0.0520547945205479 0.00273972602739726 
  INPUT ---    0.00273972602739726  0.117808219178082 0.575342465753425 
  INPUT ---    0.00273972602739726 0.00273972602739726 ;

  INPUT ---    glabel(1)=sexF;

  INPUT ---    glabel(2)=sexM;

   * *  WARNING  * *   At least a pair of the encounter histories are duplicates. 

      Number of unique encounter histories read was 38.

      Number of individual covariates read was 0.
      Time interval lengths vary and/or not equal to 1.

      Data type number is 19
      Data type is POPAN                                                                                               

   CPU Time for the last procedure was 0.01 seconds.     

  Program  MARK  - Survival Rate Estimation with Capture-Recapture Data
   gfortran(dble) Vers. 9.0 Mar 2018    25-Mar-2020 14:19:51    Page  002
 - - - - - - - - - - - - - - - - - - - - - - - - - - - - - - - - - - - - - -
 


  INPUT --- proc estimate link=Parm-Specific NOLOOP varest=2ndPart    ;


  INPUT --- model={ Phi(~1)p(~1)pent(~sex)N(~sex) };

  INPUT ---    group=1 Phi    rows=1 cols=32 Square ;
  INPUT ---        1 1 1 1 1 1 1 1 1 1 1 1 1 1 1 1 1 1 1 1 1 1 1 1 1 1 1 1 1 
  INPUT ---       1 1 1 ;

  INPUT ---    group=2 Phi    rows=1 cols=32 Square ;
  INPUT ---        1 1 1 1 1 1 1 1 1 1 1 1 1 1 1 1 1 1 1 1 1 1 1 1 1 1 1 1 1 
  INPUT ---       1 1 1 ;

  INPUT ---    group=1 p    rows=1 cols=33 Square ;
  INPUT ---        2 2 2 2 2 2 2 2 2 2 2 2 2 2 2 2 2 2 2 2 2 2 2 2 2 2 2 2 2 
  INPUT ---       2 2 2 2 ;

  INPUT ---    group=2 p    rows=1 cols=33 Square ;
  INPUT ---        2 2 2 2 2 2 2 2 2 2 2 2 2 2 2 2 2 2 2 2 2 2 2 2 2 2 2 2 2 
  INPUT ---       2 2 2 2 ;

  INPUT ---    group=1 pent    rows=1 cols=32 Square ;
  INPUT ---        5 6 7 8 9 10 11 12 13 14 15 16 17 18 19 20 21 22 23 24 25 
  INPUT ---       26 27 28 29 30 31 32 33 34 35 36 ;

  INPUT ---    group=2 pent    rows=1 cols=32 Square ;
  INPUT ---        37 38 39 40 41 42 43 44 45 46 47 48 49 50 51 52 53 54 55 
  INPUT ---       56 57 58 59 60 61 62 63 64 65 66 67 68 ;

  INPUT ---    group=1 N    rows=1 cols=1 Square ;
  INPUT ---        3 ;

  INPUT ---    group=2 N    rows=1 cols=1 Square ;
  INPUT ---        4 ;

  INPUT ---    design matrix constraints=68 covariates=6;
  INPUT ---        1 0 0 0 0 0;
  INPUT ---        0 1 0 0 0 0;
  INPUT ---        0 0 0 0 1 0;
  INPUT ---        0 0 0 0 1 1;
  INPUT ---        0 0 1 0 0 0;
  INPUT ---        0 0 1 0 0 0;
  INPUT ---        0 0 1 0 0 0;
  INPUT ---        0 0 1 0 0 0;

  Program  MARK  - Survival Rate Estimation with Capture-Recapture Data
   gfortran(dble) Vers. 9.0 Mar 2018    25-Mar-2020 14:19:51    Page  003
 - - - - - - - - - - - - - - - - - - - - - - - - - - - - - - - - - - - - - -
 
  INPUT ---        0 0 1 0 0 0;
  INPUT ---        0 0 1 0 0 0;
  INPUT ---        0 0 1 0 0 0;
  INPUT ---        0 0 1 0 0 0;
  INPUT ---        0 0 1 0 0 0;
  INPUT ---        0 0 1 0 0 0;
  INPUT ---        0 0 1 0 0 0;
  INPUT ---        0 0 1 0 0 0;
  INPUT ---        0 0 1 0 0 0;
  INPUT ---        0 0 1 0 0 0;
  INPUT ---        0 0 1 0 0 0;
  INPUT ---        0 0 1 0 0 0;
  INPUT ---        0 0 1 0 0 0;
  INPUT ---        0 0 1 0 0 0;
  INPUT ---        0 0 1 0 0 0;
  INPUT ---        0 0 1 0 0 0;
  INPUT ---        0 0 1 0 0 0;
  INPUT ---        0 0 1 0 0 0;
  INPUT ---        0 0 1 0 0 0;
  INPUT ---        0 0 1 0 0 0;
  INPUT ---        0 0 1 0 0 0;
  INPUT ---        0 0 1 0 0 0;
  INPUT ---        0 0 1 0 0 0;
  INPUT ---        0 0 1 0 0 0;
  INPUT ---        0 0 1 0 0 0;
  INPUT ---        0 0 1 0 0 0;
  INPUT ---        0 0 1 0 0 0;
  INPUT ---        0 0 1 0 0 0;
  INPUT ---        0 0 1 1 0 0;
  INPUT ---        0 0 1 1 0 0;
  INPUT ---        0 0 1 1 0 0;
  INPUT ---        0 0 1 1 0 0;
  INPUT ---        0 0 1 1 0 0;
  INPUT ---        0 0 1 1 0 0;
  INPUT ---        0 0 1 1 0 0;
  INPUT ---        0 0 1 1 0 0;
  INPUT ---        0 0 1 1 0 0;
  INPUT ---        0 0 1 1 0 0;
  INPUT ---        0 0 1 1 0 0;
  INPUT ---        0 0 1 1 0 0;
  INPUT ---        0 0 1 1 0 0;
  INPUT ---        0 0 1 1 0 0;
  INPUT ---        0 0 1 1 0 0;
  INPUT ---        0 0 1 1 0 0;
  INPUT ---        0 0 1 1 0 0;
  INPUT ---        0 0 1 1 0 0;

  Program  MARK  - Survival Rate Estimation with Capture-Recapture Data
   gfortran(dble) Vers. 9.0 Mar 2018    25-Mar-2020 14:19:51    Page  004
 - - - - - - - - - - - - - - - - - - - - - - - - - - - - - - - - - - - - - -
 
  INPUT ---        0 0 1 1 0 0;
  INPUT ---        0 0 1 1 0 0;
  INPUT ---        0 0 1 1 0 0;
  INPUT ---        0 0 1 1 0 0;
  INPUT ---        0 0 1 1 0 0;
  INPUT ---        0 0 1 1 0 0;
  INPUT ---        0 0 1 1 0 0;
  INPUT ---        0 0 1 1 0 0;
  INPUT ---        0 0 1 1 0 0;
  INPUT ---        0 0 1 1 0 0;
  INPUT ---        0 0 1 1 0 0;
  INPUT ---        0 0 1 1 0 0;
  INPUT ---        0 0 1 1 0 0;
  INPUT ---        0 0 1 1 0 0;

  INPUT ---    links=68;

  INPUT ---    Logit;

  INPUT ---    Logit;

  INPUT ---    Log;

  INPUT ---    Log;

  INPUT ---    mlogit(1);

  INPUT ---    mlogit(1);

  INPUT ---    mlogit(1);

  INPUT ---    mlogit(1);

  INPUT ---    mlogit(1);

  INPUT ---    mlogit(1);

  INPUT ---    mlogit(1);

  INPUT ---    mlogit(1);

  INPUT ---    mlogit(1);

  INPUT ---    mlogit(1);

  INPUT ---    mlogit(1);

  Program  MARK  - Survival Rate Estimation with Capture-Recapture Data
   gfortran(dble) Vers. 9.0 Mar 2018    25-Mar-2020 14:19:51    Page  005
 - - - - - - - - - - - - - - - - - - - - - - - - - - - - - - - - - - - - - -
 

  INPUT ---    mlogit(1);

  INPUT ---    mlogit(1);

  INPUT ---    mlogit(1);

  INPUT ---    mlogit(1);

  INPUT ---    mlogit(1);

  INPUT ---    mlogit(1);

  INPUT ---    mlogit(1);

  INPUT ---    mlogit(1);

  INPUT ---    mlogit(1);

  INPUT ---    mlogit(1);

  INPUT ---    mlogit(1);

  INPUT ---    mlogit(1);

  INPUT ---    mlogit(1);

  INPUT ---    mlogit(1);

  INPUT ---    mlogit(1);

  INPUT ---    mlogit(1);

  INPUT ---    mlogit(1);

  INPUT ---    mlogit(1);

  INPUT ---    mlogit(1);

  INPUT ---    mlogit(1);

  INPUT ---    mlogit(1);

  INPUT ---    mlogit(2);

  INPUT ---    mlogit(2);

  Program  MARK  - Survival Rate Estimation with Capture-Recapture Data
   gfortran(dble) Vers. 9.0 Mar 2018    25-Mar-2020 14:19:51    Page  006
 - - - - - - - - - - - - - - - - - - - - - - - - - - - - - - - - - - - - - -
 

  INPUT ---    mlogit(2);

  INPUT ---    mlogit(2);

  INPUT ---    mlogit(2);

  INPUT ---    mlogit(2);

  INPUT ---    mlogit(2);

  INPUT ---    mlogit(2);

  INPUT ---    mlogit(2);

  INPUT ---    mlogit(2);

  INPUT ---    mlogit(2);

  INPUT ---    mlogit(2);

  INPUT ---    mlogit(2);

  INPUT ---    mlogit(2);

  INPUT ---    mlogit(2);

  INPUT ---    mlogit(2);

  INPUT ---    mlogit(2);

  INPUT ---    mlogit(2);

  INPUT ---    mlogit(2);

  INPUT ---    mlogit(2);

  INPUT ---    mlogit(2);

  INPUT ---    mlogit(2);

  INPUT ---    mlogit(2);

  INPUT ---    mlogit(2);

  INPUT ---    mlogit(2);

  Program  MARK  - Survival Rate Estimation with Capture-Recapture Data
   gfortran(dble) Vers. 9.0 Mar 2018    25-Mar-2020 14:19:51    Page  007
 - - - - - - - - - - - - - - - - - - - - - - - - - - - - - - - - - - - - - -
 

  INPUT ---    mlogit(2);

  INPUT ---    mlogit(2);

  INPUT ---    mlogit(2);

  INPUT ---    mlogit(2);

  INPUT ---    mlogit(2);

  INPUT ---    mlogit(2);

  INPUT ---    mlogit(2);
  INPUT ---       blabel(1)=Phi:(Intercept);
  INPUT ---       blabel(2)=p:(Intercept);
  INPUT ---       blabel(3)=pent:(Intercept);
  INPUT ---       blabel(4)=pent:sexM;
  INPUT ---       blabel(5)=N:(Intercept);
  INPUT ---       blabel(6)=N:sexM;
  INPUT ---       rlabel(1)=Phi gF a0 t1;
  INPUT ---       rlabel(2)=p gF a0 t1;
  INPUT ---       rlabel(3)=N gF a0 t1;
  INPUT ---       rlabel(4)=N gM a0 t1;
  INPUT ---       rlabel(5)=pent gF a0.00547945205479452 t1.00547945205479;
  INPUT ---       rlabel(6)=pent gF a0.00821917808219178 t1.00821917808219;
  INPUT ---       rlabel(7)=pent gF a0.010958904109589 t1.01095890410959;
  INPUT ---       rlabel(8)=pent gF a0.0164383561643836 t1.01643835616438;
  INPUT ---       rlabel(9)=pent gF a0.0246575342465753 t1.02465753424658;
  INPUT ---       rlabel(10)=pent gF a0.0273972602739726 t1.02739726027397;
  INPUT ---       rlabel(11)=pent gF a0.0301369863013699 t1.03013698630137;
  INPUT ---       rlabel(12)=pent gF a0.0356164383561644 t1.03561643835616;
  INPUT ---       rlabel(13)=pent gF a0.0410958904109589 t1.04109589041096;
  INPUT ---       rlabel(14)=pent gF a0.0493150684931507 t1.04931506849315;
  INPUT ---       rlabel(15)=pent gF a0.0520547945205479 t1.05205479452055;
  INPUT ---       rlabel(16)=pent gF a0.0657534246575342 t1.06575342465753;
  INPUT ---       rlabel(17)=pent gF a0.0712328767123288 t1.07123287671233;
  INPUT ---       rlabel(18)=pent gF a0.0986301369863014 t1.0986301369863;
  INPUT ---       rlabel(19)=pent gF a0.101369863013699 t1.1013698630137;
  INPUT ---       rlabel(20)=pent gF a0.106849315068493 t1.10684931506849;
  INPUT ---       rlabel(21)=pent gF a0.10958904109589 t1.10958904109589;
  INPUT ---       rlabel(22)=pent gF a0.120547945205479 t1.12054794520548;
  INPUT ---       rlabel(23)=pent gF a0.350684931506849 t1.35068493150685;
  INPUT ---       rlabel(24)=pent gF a0.358904109589041 t1.35890410958904;
  INPUT ---       rlabel(25)=pent gF a0.613698630136986 t1.61369863013699;
  INPUT ---       rlabel(26)=pent gF a0.638356164383562 t1.63835616438356;

  Program  MARK  - Survival Rate Estimation with Capture-Recapture Data
   gfortran(dble) Vers. 9.0 Mar 2018    25-Mar-2020 14:19:51    Page  008
 - - - - - - - - - - - - - - - - - - - - - - - - - - - - - - - - - - - - - -
 
  INPUT ---       rlabel(27)=pent gF a0.646575342465753 t1.64657534246575;
  INPUT ---       rlabel(28)=pent gF a0.649315068493151 t1.64931506849315;
  INPUT ---       rlabel(29)=pent gF a0.652054794520548 t1.65205479452055;
  INPUT ---       rlabel(30)=pent gF a0.704109589041096 t1.7041095890411;
  INPUT ---       rlabel(31)=pent gF a0.706849315068493 t1.70684931506849;
  INPUT ---       rlabel(32)=pent gF a0.70958904109589 t1.70958904109589;
  INPUT ---       rlabel(33)=pent gF a0.827397260273973 t1.82739726027397;
  INPUT ---       rlabel(34)=pent gF a1.4027397260274 t2.4027397260274;
  INPUT ---       rlabel(35)=pent gF a1.40547945205479 t2.40547945205479;
  INPUT ---       rlabel(36)=pent gF a1.40821917808219 t2.40821917808219;
  INPUT ---       rlabel(37)=pent gM a0.00547945205479452 t1.00547945205479;
  INPUT ---       rlabel(38)=pent gM a0.00821917808219178 t1.00821917808219;
  INPUT ---       rlabel(39)=pent gM a0.010958904109589 t1.01095890410959;
  INPUT ---       rlabel(40)=pent gM a0.0164383561643836 t1.01643835616438;
  INPUT ---       rlabel(41)=pent gM a0.0246575342465753 t1.02465753424658;
  INPUT ---       rlabel(42)=pent gM a0.0273972602739726 t1.02739726027397;
  INPUT ---       rlabel(43)=pent gM a0.0301369863013699 t1.03013698630137;
  INPUT ---       rlabel(44)=pent gM a0.0356164383561644 t1.03561643835616;
  INPUT ---       rlabel(45)=pent gM a0.0410958904109589 t1.04109589041096;
  INPUT ---       rlabel(46)=pent gM a0.0493150684931507 t1.04931506849315;
  INPUT ---       rlabel(47)=pent gM a0.0520547945205479 t1.05205479452055;
  INPUT ---       rlabel(48)=pent gM a0.0657534246575342 t1.06575342465753;
  INPUT ---       rlabel(49)=pent gM a0.0712328767123288 t1.07123287671233;
  INPUT ---       rlabel(50)=pent gM a0.0986301369863014 t1.0986301369863;
  INPUT ---       rlabel(51)=pent gM a0.101369863013699 t1.1013698630137;
  INPUT ---       rlabel(52)=pent gM a0.106849315068493 t1.10684931506849;
  INPUT ---       rlabel(53)=pent gM a0.10958904109589 t1.10958904109589;
  INPUT ---       rlabel(54)=pent gM a0.120547945205479 t1.12054794520548;
  INPUT ---       rlabel(55)=pent gM a0.350684931506849 t1.35068493150685;
  INPUT ---       rlabel(56)=pent gM a0.358904109589041 t1.35890410958904;
  INPUT ---       rlabel(57)=pent gM a0.613698630136986 t1.61369863013699;
  INPUT ---       rlabel(58)=pent gM a0.638356164383562 t1.63835616438356;
  INPUT ---       rlabel(59)=pent gM a0.646575342465753 t1.64657534246575;
  INPUT ---       rlabel(60)=pent gM a0.649315068493151 t1.64931506849315;
  INPUT ---       rlabel(61)=pent gM a0.652054794520548 t1.65205479452055;
  INPUT ---       rlabel(62)=pent gM a0.704109589041096 t1.7041095890411;
  INPUT ---       rlabel(63)=pent gM a0.706849315068493 t1.70684931506849;
  INPUT ---       rlabel(64)=pent gM a0.70958904109589 t1.70958904109589;
  INPUT ---       rlabel(65)=pent gM a0.827397260273973 t1.82739726027397;
  INPUT ---       rlabel(66)=pent gM a1.4027397260274 t2.4027397260274;
  INPUT ---       rlabel(67)=pent gM a1.40547945205479 t2.40547945205479;
  INPUT ---       rlabel(68)=pent gM a1.40821917808219 t2.40821917808219;

 Link Function Used is PARM-SPECIFIC

 Variance Estimation Procedure Used is 2ndPart 

  Program  MARK  - Survival Rate Estimation with Capture-Recapture Data
   gfortran(dble) Vers. 9.0 Mar 2018    25-Mar-2020 14:19:51    Page  009
 - - - - - - - - - - - - - - - - - - - - - - - - - - - - - - - - - - - - - -
 

 M(t+1):
      16     29



 Group: 1

 U(t)+UL(t):
       0    2    2    0    1    0    3    1    1    0    0    0    0    0    1
       0    0    0    2    1    1    0    0    0    1    0    0    0    0    0
       0    0    0

 U(t):
       0    2    2    0    1    0    3    1    1    0    0    0    0    0    1
       0    0    0    2    1    1    0    0    0    1    0    0    0    0    0
       0    0    0

 UL(t):
       0    0    0    0    0    0    0    0    0    0    0    0    0    0    0
       0    0    0    0    0    0    0    0    0    0    0    0    0    0    0
       0    0    0

 Not Released(t):
       0    0    0    0    0    0    0    0    0    0    0    0    0    0    0
       0    0    0    0    0    0    0    0    0    0    0    0    0    0    0
       0    0    0

 Group: 2

 U(t)+UL(t):
       3    0    1    1    1    1    1    0    1    1    2    1    3    3    1
       1    0    2    3    1    0    0    1    0    0    0    0    0    0    1
       0    0    0

 U(t):
       3    0    1    1    1    1    1    0    1    1    2    1    3    3    1
       1    0    2    3    1    0    0    1    0    0    0    0    0    0    1
       0    0    0

 UL(t):
       0    0    0    0    0    0    0    0    0    0    0    0    0    0    0
       0    0    0    0    0    0    0    0    0    0    0    0    0    0    0
       0    0    0

 Not Released(t):
       0    0    0    0    0    0    0    0    0    0    0    0    0    0    0
       0    0    0    0    0    0    0    0    0    0    0    0    0    0    0
       0    0    0
 -2logL(saturated) = 272.93564     
 Effective Sample Size = 103

 Number of function evaluations was 39 for 6 parameters.
 Time for numerical optimization was 0.22 seconds.     
 -2logL { Phi(~1)p(~1)pent(~sex)N(~sex) } = 558.97122     
 Penalty { Phi(~1)p(~1)pent(~sex)N(~sex) } = 0.0000000     
 Gradient { Phi(~1)p(~1)pent(~sex)N(~sex) }:
  0.1263567E-04  0.2234181E-03 -0.3954750E-04 -0.3898371E-04  0.2579493E-04
  0.9941613E-05
 Maximum ABS(G) { Phi(~1)p(~1)pent(~sex)N(~sex) } = 0.2234181E-03 
 S Vector { Phi(~1)p(~1)pent(~sex)N(~sex) }:
   84.80066      10.12137      3.486122     0.9396937     0.4568135    
  0.2659270E-06
 Time to compute number of parameters was 0.01 seconds.     
 Ratio Threshold = 50.000000       Max Gap (5/6) = 1717815.4       Next Max Gap (1/2) = 8.3783787     
 Gap Method for Num. of Estimated Parameters { Phi(~1)p(~1)pent(~sex)N(~sex) } = 5          
 Threshold { Phi(~1)p(~1)pent(~sex)N(~sex) } = 0.4468361E-03                 
 Numerical Threshold Method for Num. of Estimated Parameters { Phi(~1)p(~1)pent(~sex)N(~sex) } = 5          
 Number of Estimated Parameters { Phi(~1)p(~1)pent(~sex)N(~sex) } = 5          
 DEVIANCE { Phi(~1)p(~1)pent(~sex)N(~sex) } = 286.03558                     
 DEVIANCE Degrees of Freedom { Phi(~1)p(~1)pent(~sex)N(~sex) } = 36            
 c-hat { Phi(~1)p(~1)pent(~sex)N(~sex) } = 7.9454327                     
 AIC { Phi(~1)p(~1)pent(~sex)N(~sex) } = 568.97122                  
 AICc { Phi(~1)p(~1)pent(~sex)N(~sex) } = 569.58978                    
 BIC { Phi(~1)p(~1)pent(~sex)N(~sex) } = 582.14487                    
 Pearson Chisquare { Phi(~1)p(~1)pent(~sex)N(~sex) } = 43027263.                  


              PARM-SPECIFIC Link Function Parameters of { Phi(~1)p(~1)pent(~sex)N(~sex) }
                                                              95% Confidence Interval
 Parameter                    Beta         Standard Error      Lower           Upper
 -------------------------  --------------  --------------  --------------  --------------
    1:Phi:(Intercept)        0.2075967       0.6245497      -1.0165208       1.4317142    
    2:p:(Intercept)         -2.5172969       0.1556621      -2.8223946      -2.2121992    
    3:pent:(Intercept)      -17.712971       1371.2098      -2705.2843       2669.8583    
    4:pent:sexM              13.286628       1371.2094      -2674.2839       2700.8572    
    5:N:(Intercept)          0.7746267       0.8895267      -0.9688456       2.5180991    
    6:N:sexM                 1.3022606       1.1008535      -0.8554123       3.4599334    


              Real Function Parameters of { Phi(~1)p(~1)pent(~sex)N(~sex) }
                                                               95% Confidence Interval
  Parameter                  Estimate       Standard Error      Lower           Upper
 --------------------------  --------------  --------------  --------------  --------------
     1:Phi gF a0 t1           0.5517136       0.1544672       0.2657057       0.8071683                          
     2:p gF a0 t1             0.0746545       0.0107533       0.0561259       0.0986603                          
     3:N gF a0 t1             18.169782       1.9300790       16.485870       25.689748                          
     4:N gM a0 t1             36.979592       5.6802017       31.274992       56.988622                          
     5:pent gF a0.005479452   0.2029337E-07   0.2782645E-04  0.1128856E-315   1.0000000                          
     6:pent gF a0.008219178   0.2029337E-07   0.2782645E-04  0.1128856E-315   1.0000000                          
     7:pent gF a0.010958904   0.2029337E-07   0.2782645E-04  0.1128856E-315   1.0000000                          
     8:pent gF a0.016438356   0.2029337E-07   0.2782645E-04  0.1128856E-315   1.0000000                          
     9:pent gF a0.024657534   0.2029337E-07   0.2782645E-04  0.1128856E-315   1.0000000                          
    10:pent gF a0.027397260   0.2029337E-07   0.2782645E-04  0.1128856E-315   1.0000000                          
    11:pent gF a0.030136986   0.2029337E-07   0.2782645E-04  0.1128856E-315   1.0000000                          

  Program  MARK  - Survival Rate Estimation with Capture-Recapture Data
   gfortran(dble) Vers. 9.0 Mar 2018    25-Mar-2020 14:19:51    Page  010
 - - - - - - - - - - - - - - - - - - - - - - - - - - - - - - - - - - - - - -
 
    12:pent gF a0.035616438   0.2029337E-07   0.2782645E-04  0.1128856E-315   1.0000000                          
    13:pent gF a0.041095890   0.2029337E-07   0.2782645E-04  0.1128856E-315   1.0000000                          
    14:pent gF a0.049315068   0.2029337E-07   0.2782645E-04  0.1128856E-315   1.0000000                          
    15:pent gF a0.052054794   0.2029337E-07   0.2782645E-04  0.1128856E-315   1.0000000                          
    16:pent gF a0.065753424   0.2029337E-07   0.2782645E-04  0.1128856E-315   1.0000000                          
    17:pent gF a0.071232876   0.2029337E-07   0.2782645E-04  0.1128856E-315   1.0000000                          
    18:pent gF a0.098630136   0.2029337E-07   0.2782645E-04  0.1128856E-315   1.0000000                          
    19:pent gF a0.101369863   0.2029337E-07   0.2782645E-04  0.1128856E-315   1.0000000                          
    20:pent gF a0.106849315   0.2029337E-07   0.2782645E-04  0.1128856E-315   1.0000000                          
    21:pent gF a0.109589041   0.2029337E-07   0.2782645E-04  0.1128856E-315   1.0000000                          
    22:pent gF a0.120547945   0.2029337E-07   0.2782645E-04  0.1128856E-315   1.0000000                          
    23:pent gF a0.350684931   0.2029337E-07   0.2782645E-04  0.1128856E-315   1.0000000                          
    24:pent gF a0.358904109   0.2029337E-07   0.2782645E-04  0.1128856E-315   1.0000000                          
    25:pent gF a0.613698630   0.2029337E-07   0.2782645E-04  0.1128856E-315   1.0000000                          
    26:pent gF a0.638356164   0.2029337E-07   0.2782645E-04  0.1128856E-315   1.0000000                          
    27:pent gF a0.646575342   0.2029337E-07   0.2782645E-04  0.1128856E-315   1.0000000                          
    28:pent gF a0.649315068   0.2029337E-07   0.2782645E-04  0.1128856E-315   1.0000000                          
    29:pent gF a0.652054794   0.2029337E-07   0.2782645E-04  0.1128856E-315   1.0000000                          
    30:pent gF a0.704109589   0.2029337E-07   0.2782645E-04  0.1128856E-315   1.0000000                          
    31:pent gF a0.706849315   0.2029337E-07   0.2782645E-04  0.1128856E-315   1.0000000                          
    32:pent gF a0.709589041   0.2029337E-07   0.2782645E-04  0.1128856E-315   1.0000000                          
    33:pent gF a0.827397260   0.2029337E-07   0.2782645E-04  0.1128856E-315   1.0000000                          
    34:pent gF a1.402739726   0.2029337E-07   0.2782645E-04  0.1128856E-315   1.0000000                          
    35:pent gF a1.405479452   0.2029337E-07   0.2782645E-04  0.1128856E-315   1.0000000                          
    36:pent gF a1.408219178   0.2029337E-07   0.2782645E-04  0.1128856E-315   1.0000000                          
    37:pent gM a0.005479452   0.0086486       0.0098238       0.9225871E-03   0.0761442                          
    38:pent gM a0.008219178   0.0086486       0.0098238       0.9225871E-03   0.0761442                          
    39:pent gM a0.010958904   0.0086486       0.0098238       0.9225871E-03   0.0761442                          
    40:pent gM a0.016438356   0.0086486       0.0098238       0.9225871E-03   0.0761442                          
    41:pent gM a0.024657534   0.0086486       0.0098238       0.9225871E-03   0.0761442                          
    42:pent gM a0.027397260   0.0086486       0.0098238       0.9225871E-03   0.0761442                          
    43:pent gM a0.030136986   0.0086486       0.0098238       0.9225871E-03   0.0761442                          
    44:pent gM a0.035616438   0.0086486       0.0098238       0.9225871E-03   0.0761442                          
    45:pent gM a0.041095890   0.0086486       0.0098238       0.9225871E-03   0.0761442                          
    46:pent gM a0.049315068   0.0086486       0.0098238       0.9225871E-03   0.0761442                          
    47:pent gM a0.052054794   0.0086486       0.0098238       0.9225871E-03   0.0761442                          
    48:pent gM a0.065753424   0.0086486       0.0098238       0.9225871E-03   0.0761442                          
    49:pent gM a0.071232876   0.0086486       0.0098238       0.9225871E-03   0.0761442                          
    50:pent gM a0.098630136   0.0086486       0.0098238       0.9225871E-03   0.0761442                          
    51:pent gM a0.101369863   0.0086486       0.0098238       0.9225871E-03   0.0761442                          
    52:pent gM a0.106849315   0.0086486       0.0098238       0.9225871E-03   0.0761442                          
    53:pent gM a0.109589041   0.0086486       0.0098238       0.9225871E-03   0.0761442                          
    54:pent gM a0.120547945   0.0086486       0.0098238       0.9225871E-03   0.0761442                          
    55:pent gM a0.350684931   0.0086486       0.0098238       0.9225871E-03   0.0761442                          
    56:pent gM a0.358904109   0.0086486       0.0098238       0.9225871E-03   0.0761442                          
    57:pent gM a0.613698630   0.0086486       0.0098238       0.9225871E-03   0.0761442                          

  Program  MARK  - Survival Rate Estimation with Capture-Recapture Data
   gfortran(dble) Vers. 9.0 Mar 2018    25-Mar-2020 14:19:51    Page  011
 - - - - - - - - - - - - - - - - - - - - - - - - - - - - - - - - - - - - - -
 
    58:pent gM a0.638356164   0.0086486       0.0098238       0.9225871E-03   0.0761442                          
    59:pent gM a0.646575342   0.0086486       0.0098238       0.9225871E-03   0.0761442                          
    60:pent gM a0.649315068   0.0086486       0.0098238       0.9225871E-03   0.0761442                          
    61:pent gM a0.652054794   0.0086486       0.0098238       0.9225871E-03   0.0761442                          
    62:pent gM a0.704109589   0.0086486       0.0098238       0.9225871E-03   0.0761442                          
    63:pent gM a0.706849315   0.0086486       0.0098238       0.9225871E-03   0.0761442                          
    64:pent gM a0.709589041   0.0086486       0.0098238       0.9225871E-03   0.0761442                          
    65:pent gM a0.827397260   0.0086486       0.0098238       0.9225871E-03   0.0761442                          
    66:pent gM a1.402739726   0.0086486       0.0098238       0.9225871E-03   0.0761442                          
    67:pent gM a1.405479452   0.0086486       0.0098238       0.9225871E-03   0.0761442                          
    68:pent gM a1.408219178   0.0086486       0.0098238       0.9225871E-03   0.0761442                          


                      Estimates of Derived Parameters
  Gross Birth+Immigration Estimates of { Phi(~1)p(~1)pent(~sex)N(~sex) }
                                                95% Confidence Interval
 Grp. Occ.   B*-hat          Standard Error      Lower           Upper
 ---- ----   --------------  --------------  --------------  --------------
   1     1    0.3693272E-06   0.5064413E-03   0.2147862E-09   0.6350623E-03
   1     2    0.3690266E-06   0.5060291E-03   0.2146113E-09   0.6345454E-03
   1     3    0.3690266E-06   0.5060291E-03   0.2146113E-09   0.6345454E-03
   1     4    0.3693272E-06   0.5064413E-03   0.2147862E-09   0.6350623E-03
   1     5    0.3696281E-06   0.5068538E-03   0.2149611E-09   0.6355796E-03
   1     6    0.3690266E-06   0.5060291E-03   0.2146113E-09   0.6345454E-03
   1     7    0.3690266E-06   0.5060291E-03   0.2146113E-09   0.6345454E-03
   1     8    0.3693272E-06   0.5064413E-03   0.2147862E-09   0.6350623E-03
   1     9    0.3693272E-06   0.5064413E-03   0.2147862E-09   0.6350623E-03
   1    10    0.3696281E-06   0.5068538E-03   0.2149611E-09   0.6355796E-03
   1    11    0.3690266E-06   0.5060291E-03   0.2146113E-09   0.6345454E-03
   1    12    0.3702302E-06   0.5076795E-03   0.2153113E-09   0.6366149E-03
   1    13    0.3693272E-06   0.5064413E-03   0.2147862E-09   0.6350623E-03
   1    14    0.3717383E-06   0.5097475E-03   0.2161883E-09   0.6392081E-03
   1    15    0.3690266E-06   0.5060291E-03   0.2146113E-09   0.6345454E-03
   1    16    0.3693272E-06   0.5064413E-03   0.2147862E-09   0.6350623E-03
   1    17    0.3690266E-06   0.5060291E-03   0.2146113E-09   0.6345454E-03
   1    18    0.3699290E-06   0.5072665E-03   0.2151361E-09   0.6360971E-03
   1    19    0.3945350E-06   0.5410076E-03   0.2294460E-09   0.6784075E-03
   1    20    0.3696281E-06   0.5068538E-03   0.2149611E-09   0.6355796E-03
   1    21    0.3973685E-06   0.5448930E-03   0.2310939E-09   0.6832796E-03
   1    22    0.3714363E-06   0.5093334E-03   0.2160127E-09   0.6386889E-03
   1    23    0.3696281E-06   0.5068538E-03   0.2149611E-09   0.6355796E-03
   1    24    0.3690266E-06   0.5060291E-03   0.2146113E-09   0.6345454E-03
   1    25    0.3690266E-06   0.5060291E-03   0.2146113E-09   0.6345454E-03
   1    26    0.3744631E-06   0.5134840E-03   0.2177730E-09   0.6438936E-03
   1    27    0.3690266E-06   0.5060291E-03   0.2146113E-09   0.6345454E-03

  Program  MARK  - Survival Rate Estimation with Capture-Recapture Data
   gfortran(dble) Vers. 9.0 Mar 2018    25-Mar-2020 14:19:51    Page  012
 - - - - - - - - - - - - - - - - - - - - - - - - - - - - - - - - - - - - - -
 
   1    28    0.3690266E-06   0.5060291E-03   0.2146113E-09   0.6345454E-03
   1    29    0.3817941E-06   0.5235366E-03   0.2220364E-09   0.6564992E-03
   1    30    0.4354004E-06   0.5970445E-03   0.2532117E-09   0.7486760E-03
   1    31    0.3690266E-06   0.5060291E-03   0.2146113E-09   0.6345454E-03
   1    32    0.3690266E-06   0.5060291E-03   0.2146113E-09   0.6345454E-03
   2     1    0.3203447       0.4023489       0.0475711       2.1572096    
   2     2    0.3200840       0.4019668       0.0475403       2.1550928    
   2     3    0.3200840       0.4019668       0.0475403       2.1550928    
   2     4    0.3203447       0.4023489       0.0475711       2.1572096    
   2     5    0.3206057       0.4027312       0.0476018       2.1593279    
   2     6    0.3200840       0.4019668       0.0475403       2.1550928    
   2     7    0.3200840       0.4019668       0.0475403       2.1550928    
   2     8    0.3203447       0.4023489       0.0475711       2.1572096    
   2     9    0.3203447       0.4023489       0.0475711       2.1572096    
   2    10    0.3206057       0.4027312       0.0476018       2.1593279    
   2    11    0.3200840       0.4019668       0.0475403       2.1550928    
   2    12    0.3211279       0.4034968       0.0476634       2.1635693    
   2    13    0.3203447       0.4023489       0.0475711       2.1572096    
   2    14    0.3224360       0.4054153       0.0478176       2.1742001    
   2    15    0.3200840       0.4019668       0.0475403       2.1550928    
   2    16    0.3203447       0.4023489       0.0475711       2.1572096    
   2    17    0.3200840       0.4019668       0.0475403       2.1550928    
   2    18    0.3208667       0.4031139       0.0476326       2.1614478    
   2    19    0.3422093       0.4345909       0.0501292       2.3361063    
   2    20    0.3206057       0.4027312       0.0476018       2.1593279    
   2    21    0.3446670       0.4382391       0.0504143       2.3563822    
   2    22    0.3221741       0.4050311       0.0477867       2.1720708    
   2    23    0.3206057       0.4027312       0.0476018       2.1593279    
   2    24    0.3200840       0.4019668       0.0475403       2.1550928    
   2    25    0.3200840       0.4019668       0.0475403       2.1550928    
   2    26    0.3247995       0.4088855       0.0480957       2.1934339    
   2    27    0.3200840       0.4019668       0.0475403       2.1550928    
   2    28    0.3200840       0.4019668       0.0475403       2.1550928    
   2    29    0.3311582       0.4182452       0.0488414       2.2453431    
   2    30    0.3776549       0.4876321       0.0541984       2.6315017    
   2    31    0.3200840       0.4019668       0.0475403       2.1550928    
   2    32    0.3200840       0.4019668       0.0475403       2.1550928    

   Net Birth+Immigration Estimates of { Phi(~1)p(~1)pent(~sex)N(~sex) }
                                                95% Confidence Interval
 Grp. Occ.   B-hat           Standard Error      Lower           Upper
 ---- ----   --------------  --------------  --------------  --------------
   1     1    0.3687261E-06   0.5056170E-03   0.2144366E-09   0.6340287E-03
   1     2    0.3687261E-06   0.5056170E-03   0.2144366E-09   0.6340287E-03
   1     3    0.3687261E-06   0.5056170E-03   0.2144366E-09   0.6340287E-03
   1     4    0.3687261E-06   0.5056170E-03   0.2144366E-09   0.6340287E-03
   1     5    0.3687261E-06   0.5056170E-03   0.2144366E-09   0.6340287E-03
   1     6    0.3687261E-06   0.5056170E-03   0.2144366E-09   0.6340287E-03
   1     7    0.3687261E-06   0.5056170E-03   0.2144366E-09   0.6340287E-03
   1     8    0.3687261E-06   0.5056170E-03   0.2144366E-09   0.6340287E-03
   1     9    0.3687261E-06   0.5056170E-03   0.2144366E-09   0.6340287E-03
   1    10    0.3687261E-06   0.5056170E-03   0.2144366E-09   0.6340287E-03
   1    11    0.3687261E-06   0.5056170E-03   0.2144366E-09   0.6340287E-03
   1    12    0.3687261E-06   0.5056170E-03   0.2144366E-09   0.6340287E-03
   1    13    0.3687261E-06   0.5056170E-03   0.2144366E-09   0.6340287E-03
   1    14    0.3687261E-06   0.5056170E-03   0.2144366E-09   0.6340287E-03
   1    15    0.3687261E-06   0.5056170E-03   0.2144366E-09   0.6340287E-03
   1    16    0.3687261E-06   0.5056170E-03   0.2144366E-09   0.6340287E-03
   1    17    0.3687261E-06   0.5056170E-03   0.2144366E-09   0.6340287E-03
   1    18    0.3687261E-06   0.5056170E-03   0.2144366E-09   0.6340287E-03
   1    19    0.3687261E-06   0.5056170E-03   0.2144366E-09   0.6340287E-03
   1    20    0.3687261E-06   0.5056170E-03   0.2144366E-09   0.6340287E-03
   1    21    0.3687261E-06   0.5056170E-03   0.2144366E-09   0.6340287E-03
   1    22    0.3687261E-06   0.5056170E-03   0.2144366E-09   0.6340287E-03
   1    23    0.3687261E-06   0.5056170E-03   0.2144366E-09   0.6340287E-03
   1    24    0.3687261E-06   0.5056170E-03   0.2144366E-09   0.6340287E-03
   1    25    0.3687261E-06   0.5056170E-03   0.2144366E-09   0.6340287E-03
   1    26    0.3687261E-06   0.5056170E-03   0.2144366E-09   0.6340287E-03
   1    27    0.3687261E-06   0.5056170E-03   0.2144366E-09   0.6340287E-03
   1    28    0.3687261E-06   0.5056170E-03   0.2144366E-09   0.6340287E-03
   1    29    0.3687261E-06   0.5056170E-03   0.2144366E-09   0.6340287E-03
   1    30    0.3687261E-06   0.5056170E-03   0.2144366E-09   0.6340287E-03
   1    31    0.3687261E-06   0.5056170E-03   0.2144366E-09   0.6340287E-03
   1    32    0.3687261E-06   0.5056170E-03   0.2144366E-09   0.6340287E-03
   2     1    0.3198233       0.4015849       0.0475095       2.1529776    
   2     2    0.3198233       0.4015849       0.0475095       2.1529776    
   2     3    0.3198233       0.4015849       0.0475095       2.1529776    
   2     4    0.3198233       0.4015849       0.0475095       2.1529776    
   2     5    0.3198233       0.4015849       0.0475095       2.1529776    
   2     6    0.3198233       0.4015849       0.0475095       2.1529776    
   2     7    0.3198233       0.4015849       0.0475095       2.1529776    
   2     8    0.3198233       0.4015849       0.0475095       2.1529776    
   2     9    0.3198233       0.4015849       0.0475095       2.1529776    
   2    10    0.3198233       0.4015849       0.0475095       2.1529776    
   2    11    0.3198233       0.4015849       0.0475095       2.1529776    
   2    12    0.3198233       0.4015849       0.0475095       2.1529776    
   2    13    0.3198233       0.4015849       0.0475095       2.1529776    
   2    14    0.3198233       0.4015849       0.0475095       2.1529776    
   2    15    0.3198233       0.4015849       0.0475095       2.1529776    
   2    16    0.3198233       0.4015849       0.0475095       2.1529776    
   2    17    0.3198233       0.4015849       0.0475095       2.1529776    
   2    18    0.3198233       0.4015849       0.0475095       2.1529776    
   2    19    0.3198233       0.4015849       0.0475095       2.1529776    
   2    20    0.3198233       0.4015849       0.0475095       2.1529776    
   2    21    0.3198233       0.4015849       0.0475095       2.1529776    
   2    22    0.3198233       0.4015849       0.0475095       2.1529776    
   2    23    0.3198233       0.4015849       0.0475095       2.1529776    
   2    24    0.3198233       0.4015849       0.0475095       2.1529776    
   2    25    0.3198233       0.4015849       0.0475095       2.1529776    
   2    26    0.3198233       0.4015849       0.0475095       2.1529776    
   2    27    0.3198233       0.4015849       0.0475095       2.1529776    
   2    28    0.3198233       0.4015849       0.0475095       2.1529776    
   2    29    0.3198233       0.4015849       0.0475095       2.1529776    
   2    30    0.3198233       0.4015849       0.0475095       2.1529776    
   2    31    0.3198233       0.4015849       0.0475095       2.1529776    
   2    32    0.3198233       0.4015849       0.0475095       2.1529776    

        Population Estimates of { Phi(~1)p(~1)pent(~sex)N(~sex) }
                                                95% Confidence Interval
 Grp. Occ.   N-hat           Standard Error      Lower           Upper
 ---- ----   --------------  --------------  --------------  --------------
   1     1    18.169770       1.9300996       14.763240       22.362337    
   1     2    18.110656       1.9210709       14.719551       22.283007    
   1     3    18.081171       1.9167188       14.697521       22.243801    
   1     4    18.051734       1.9124754       14.675367       22.204903    
   1     5    17.993004       1.9043154       14.630684       22.128027    
   1     6    17.905266       1.8928821       14.562736       22.014994    
   1     7    17.876115       1.8892829       14.539846       21.977916    
   1     8    17.847012       1.8857898       14.516834       21.941138    
   1     9    17.788948       1.8791217       14.470447       21.868480    

  Program  MARK  - Survival Rate Estimation with Capture-Recapture Data
   gfortran(dble) Vers. 9.0 Mar 2018    25-Mar-2020 14:19:51    Page  013
 - - - - - - - - - - - - - - - - - - - - - - - - - - - - - - - - - - - - - -
 
   1    10    17.731073       1.8728721       14.423583       21.797007    
   1    11    17.644612       1.8642746       14.352404       21.691999    
   1    12    17.615886       1.8616128       14.328448       21.657575    
   1    13    17.472954       1.8498211       14.206952       21.489769    
   1    14    17.416107       1.8457984       14.157577       21.424624    
   1    15    17.134631       1.8314247       13.904365       21.115352    
   1    16    17.106735       1.8304957       13.878492       21.085892    
   1    17    17.051079       1.8289072       13.826456       21.027753    
   1    18    17.023319       1.8282452       13.800297       20.999069    
   1    19    16.912730       1.8264653       13.694750       20.886868    
   1    20    14.749337       2.0176116       11.294601       19.260790    
   1    21    14.677416       2.0294025       11.207561       19.221536    
   1    22    12.613618       2.4241980       8.6841295       18.321164    
   1    23    12.429996       2.4610488       8.4635717       18.255271    
   1    24    12.369385       2.4731699       8.3910906       18.233825    
   1    25    12.349247       2.4771913       8.3670462       18.226731    
   1    26    12.329142       2.4812032       8.3430597       18.219663    
   1    27    11.953300       2.5554877       7.8983458       18.090039    
   1    28    11.933840       2.5592900       7.8755213       18.083442    
   1    29    11.914411       2.5630813       7.8527547       18.076866    
   1    30    11.108217       2.7147996       6.9281992       17.810180    
   1    31    7.8893508       3.1228210       3.7349918       16.664523    
   1    32    7.8765069       3.1235600       3.7240686       16.659027    
   1    33    7.8636838       3.1242893       3.7131785       16.653528    
   2     1    26.745245       8.9481442       14.124571       50.642819    
   2     2    26.978053       8.5631654       14.698778       49.515366    
   2     3    27.253955       8.1887712       15.317130       48.493290    
   2     4    27.529407       7.8181792       15.948826       47.518750    
   2     5    27.759664       7.4464682       16.558918       46.536795    
   2     6    27.944125       7.0753549       17.143699       45.548754    
   2     7    28.218454       6.7188803       17.809182       44.711829    
   2     8    28.492336       6.3685655       18.483295       43.921453    
   2     9    28.719460       6.0222440       19.124913       43.127379    
   2    10    28.945845       5.6844739       19.769719       42.381075    
   2    11    29.124522       5.3545118       20.373337       41.634700    
   2    12    29.396929       5.0394684       21.058843       41.036415    
   2    13    29.478230       4.7328928       21.562666       40.299566    
   2    14    29.702147       4.4448176       22.187631       39.761683    
   2    15    29.541929       4.1745665       22.425778       38.916178    
   2    16    29.813656       3.9240277       23.060040       38.545211    
   2    17    30.036482       3.6999015       23.615134       38.203901    
   2    18    30.307404       3.5055912       24.177827       37.990956    
   2    19    30.430340       3.3471677       24.544773       37.727201    
   2    20    26.857663       3.5670696       20.725672       34.803892    
   2    21    27.046522       3.4514991       21.082547       34.697627    
   2    22    23.563321       4.0682256       16.840347       32.970229    

  Program  MARK  - Survival Rate Estimation with Capture-Recapture Data
   gfortran(dble) Vers. 9.0 Mar 2018    25-Mar-2020 14:19:51    Page  014
 - - - - - - - - - - - - - - - - - - - - - - - - - - - - - - - - - - - - - -
 
   2    23    23.540122       4.0376459       16.860226       32.866543    
   2    24    23.745158       3.9945996       17.114903       32.943952    
   2    25    24.026323       3.9743284       17.411328       33.154520    
   2    26    24.307030       3.9931961       17.653166       33.468882    
   2    27    23.885877       4.1532249       17.030763       33.500267    
   2    28    24.166813       4.2306690       17.192042       33.971230    
   2    29    24.447291       4.3423000       17.306571       34.534284    
   2    30    23.112876       4.6274194       15.671256       34.088206    
   2    31    16.735201       5.3675845       9.0629611       30.902368    
   2    32    17.027779       5.3962747       9.2859538       31.224068    
   2    33    17.319880       5.4536488       9.4803497       31.642107    

     Gross Population Estimates of { Phi(~1)p(~1)pent(~sex)N(~sex) }
                                                95% Confidence Interval
 Grp. Occ.   N*-hat          Standard Error      Lower           Upper
 ---- ----   --------------  --------------  --------------  --------------
   1     0    18.169782       1.9300802       14.763282       22.362303    
   2     0    37.117921       5.8506076       27.304565       50.458232    

 Attempted ordering of parameters by estimatibility:
  2 5 1 6 4 3
 Beta number 3 is a singular value.

   CPU Time for the last procedure was 0.25 seconds.     


  INPUT --- proc stop;

     CPU Time in minutes for this job was 0.00

     Time Start = 14:19:51.139   Time End = 14:19:51.514

     Wall Clock Time in minutes for this job was 0.01


          E X E C U T I O N   S U C C E S S F U L 
