
   Program  MARK  - Survival Rate Estimation with Capture-Recapture Data
   gfortran(dble) Vers. 9.0 Mar 2018    25-Mar-2020 14:24:13    Page  001
 - - - - - - - - - - - - - - - - - - - - - - - - - - - - - - - - - - - - - -
 
   This version was compiled by GCC version 7.2.0 using the options: 
     -cpp -iprefix C:/Program Files/mingw-w64/x86_64-7.2.0-posix-seh-rt_v5-rev1/
     mingw64/bin/../lib/gcc/x86_64-w64-mingw32/7.2.0/ -D_MT -D_REENTRANT
     -U_REENTRANT -D IEEE -D DBLEPRECISION -m64 -mtune=core2 -march=nocona -mthreads
     -O2 -fimplicit-none -fbounds-check -funroll-loops -ftree-vectorize
     -ffpe-summary=invalid,zero,overflow,underflow -fno-unsafe-math-optimizations
     -frounding-math -fsignaling-nans -fopenmp.

   This problem will use 15 of 16 possible threads.


  INPUT --- proc title ;

   CPU Time for the last procedure was 0.01 seconds.     


  INPUT --- proc chmatrix occasions= 33 groups= 2 etype= POPAN Nodes= 
  INPUT --- 101 ICMeans NoHist hist= 41  ;

  INPUT ---    time interval 0.00547945205479452 0.00273972602739726 
  INPUT ---    0.00273972602739726 0.00547945205479452  
  INPUT ---    0.00821917808219178 0.00273972602739726 0.00273972602739726 
  INPUT ---    0.00547945205479452  0.00547945205479452 
  INPUT ---    0.00821917808219178 0.00273972602739726 0.0136986301369863 
  INPUT ---    0.00547945205479452  0.0273972602739726 0.00273972602739726 
  INPUT ---    0.00547945205479452 0.00273972602739726 0.010958904109589  
  INPUT ---    0.23013698630137 0.00821917808219178 0.254794520547945 
  INPUT ---    0.0246575342465753 0.00821917808219178  0.00273972602739726 
  INPUT ---    0.00273972602739726 0.0520547945205479 0.00273972602739726 
  INPUT ---    0.00273972602739726  0.117808219178082 0.575342465753425 
  INPUT ---    0.00273972602739726 0.00273972602739726 ;

  INPUT ---    glabel(1)=sexF;

  INPUT ---    glabel(2)=sexM;

   * *  WARNING  * *   At least a pair of the encounter histories are duplicates. 

      Number of unique encounter histories read was 38.

      Number of individual covariates read was 0.
      Time interval lengths vary and/or not equal to 1.

      Data type number is 19
      Data type is POPAN                                                                                               

   CPU Time for the last procedure was 0.01 seconds.     

  Program  MARK  - Survival Rate Estimation with Capture-Recapture Data
   gfortran(dble) Vers. 9.0 Mar 2018    25-Mar-2020 14:24:13    Page  002
 - - - - - - - - - - - - - - - - - - - - - - - - - - - - - - - - - - - - - -
 


  INPUT --- proc estimate link=Parm-Specific NOLOOP varest=2ndPart    ;


  INPUT --- model={ Phi(~sex)p(~sex)pent(~sex)N(~sex) };

  INPUT ---    group=1 Phi    rows=1 cols=32 Square ;
  INPUT ---        1 1 1 1 1 1 1 1 1 1 1 1 1 1 1 1 1 1 1 1 1 1 1 1 1 1 1 1 1 
  INPUT ---       1 1 1 ;

  INPUT ---    group=2 Phi    rows=1 cols=32 Square ;
  INPUT ---        2 2 2 2 2 2 2 2 2 2 2 2 2 2 2 2 2 2 2 2 2 2 2 2 2 2 2 2 2 
  INPUT ---       2 2 2 ;

  INPUT ---    group=1 p    rows=1 cols=33 Square ;
  INPUT ---        3 3 3 3 3 3 3 3 3 3 3 3 3 3 3 3 3 3 3 3 3 3 3 3 3 3 3 3 3 
  INPUT ---       3 3 3 3 ;

  INPUT ---    group=2 p    rows=1 cols=33 Square ;
  INPUT ---        4 4 4 4 4 4 4 4 4 4 4 4 4 4 4 4 4 4 4 4 4 4 4 4 4 4 4 4 4 
  INPUT ---       4 4 4 4 ;

  INPUT ---    group=1 pent    rows=1 cols=32 Square ;
  INPUT ---        7 8 9 10 11 12 13 14 15 16 17 18 19 20 21 22 23 24 25 26 
  INPUT ---       27 28 29 30 31 32 33 34 35 36 37 38 ;

  INPUT ---    group=2 pent    rows=1 cols=32 Square ;
  INPUT ---        39 40 41 42 43 44 45 46 47 48 49 50 51 52 53 54 55 56 57 
  INPUT ---       58 59 60 61 62 63 64 65 66 67 68 69 70 ;

  INPUT ---    group=1 N    rows=1 cols=1 Square ;
  INPUT ---        5 ;

  INPUT ---    group=2 N    rows=1 cols=1 Square ;
  INPUT ---        6 ;

  INPUT ---    design matrix constraints=70 covariates=8;
  INPUT ---        1 0 0 0 0 0 0 0;
  INPUT ---        1 1 0 0 0 0 0 0;
  INPUT ---        0 0 1 0 0 0 0 0;
  INPUT ---        0 0 1 1 0 0 0 0;
  INPUT ---        0 0 0 0 0 0 1 0;
  INPUT ---        0 0 0 0 0 0 1 1;
  INPUT ---        0 0 0 0 1 0 0 0;
  INPUT ---        0 0 0 0 1 0 0 0;

  Program  MARK  - Survival Rate Estimation with Capture-Recapture Data
   gfortran(dble) Vers. 9.0 Mar 2018    25-Mar-2020 14:24:13    Page  003
 - - - - - - - - - - - - - - - - - - - - - - - - - - - - - - - - - - - - - -
 
  INPUT ---        0 0 0 0 1 0 0 0;
  INPUT ---        0 0 0 0 1 0 0 0;
  INPUT ---        0 0 0 0 1 0 0 0;
  INPUT ---        0 0 0 0 1 0 0 0;
  INPUT ---        0 0 0 0 1 0 0 0;
  INPUT ---        0 0 0 0 1 0 0 0;
  INPUT ---        0 0 0 0 1 0 0 0;
  INPUT ---        0 0 0 0 1 0 0 0;
  INPUT ---        0 0 0 0 1 0 0 0;
  INPUT ---        0 0 0 0 1 0 0 0;
  INPUT ---        0 0 0 0 1 0 0 0;
  INPUT ---        0 0 0 0 1 0 0 0;
  INPUT ---        0 0 0 0 1 0 0 0;
  INPUT ---        0 0 0 0 1 0 0 0;
  INPUT ---        0 0 0 0 1 0 0 0;
  INPUT ---        0 0 0 0 1 0 0 0;
  INPUT ---        0 0 0 0 1 0 0 0;
  INPUT ---        0 0 0 0 1 0 0 0;
  INPUT ---        0 0 0 0 1 0 0 0;
  INPUT ---        0 0 0 0 1 0 0 0;
  INPUT ---        0 0 0 0 1 0 0 0;
  INPUT ---        0 0 0 0 1 0 0 0;
  INPUT ---        0 0 0 0 1 0 0 0;
  INPUT ---        0 0 0 0 1 0 0 0;
  INPUT ---        0 0 0 0 1 0 0 0;
  INPUT ---        0 0 0 0 1 0 0 0;
  INPUT ---        0 0 0 0 1 0 0 0;
  INPUT ---        0 0 0 0 1 0 0 0;
  INPUT ---        0 0 0 0 1 0 0 0;
  INPUT ---        0 0 0 0 1 0 0 0;
  INPUT ---        0 0 0 0 1 1 0 0;
  INPUT ---        0 0 0 0 1 1 0 0;
  INPUT ---        0 0 0 0 1 1 0 0;
  INPUT ---        0 0 0 0 1 1 0 0;
  INPUT ---        0 0 0 0 1 1 0 0;
  INPUT ---        0 0 0 0 1 1 0 0;
  INPUT ---        0 0 0 0 1 1 0 0;
  INPUT ---        0 0 0 0 1 1 0 0;
  INPUT ---        0 0 0 0 1 1 0 0;
  INPUT ---        0 0 0 0 1 1 0 0;
  INPUT ---        0 0 0 0 1 1 0 0;
  INPUT ---        0 0 0 0 1 1 0 0;
  INPUT ---        0 0 0 0 1 1 0 0;
  INPUT ---        0 0 0 0 1 1 0 0;
  INPUT ---        0 0 0 0 1 1 0 0;
  INPUT ---        0 0 0 0 1 1 0 0;

  Program  MARK  - Survival Rate Estimation with Capture-Recapture Data
   gfortran(dble) Vers. 9.0 Mar 2018    25-Mar-2020 14:24:13    Page  004
 - - - - - - - - - - - - - - - - - - - - - - - - - - - - - - - - - - - - - -
 
  INPUT ---        0 0 0 0 1 1 0 0;
  INPUT ---        0 0 0 0 1 1 0 0;
  INPUT ---        0 0 0 0 1 1 0 0;
  INPUT ---        0 0 0 0 1 1 0 0;
  INPUT ---        0 0 0 0 1 1 0 0;
  INPUT ---        0 0 0 0 1 1 0 0;
  INPUT ---        0 0 0 0 1 1 0 0;
  INPUT ---        0 0 0 0 1 1 0 0;
  INPUT ---        0 0 0 0 1 1 0 0;
  INPUT ---        0 0 0 0 1 1 0 0;
  INPUT ---        0 0 0 0 1 1 0 0;
  INPUT ---        0 0 0 0 1 1 0 0;
  INPUT ---        0 0 0 0 1 1 0 0;
  INPUT ---        0 0 0 0 1 1 0 0;
  INPUT ---        0 0 0 0 1 1 0 0;
  INPUT ---        0 0 0 0 1 1 0 0;

  INPUT ---    links=70;

  INPUT ---    Logit;

  INPUT ---    Logit;

  INPUT ---    Logit;

  INPUT ---    Logit;

  INPUT ---    Log;

  INPUT ---    Log;

  INPUT ---    mlogit(1);

  INPUT ---    mlogit(1);

  INPUT ---    mlogit(1);

  INPUT ---    mlogit(1);

  INPUT ---    mlogit(1);

  INPUT ---    mlogit(1);

  INPUT ---    mlogit(1);

  INPUT ---    mlogit(1);

  Program  MARK  - Survival Rate Estimation with Capture-Recapture Data
   gfortran(dble) Vers. 9.0 Mar 2018    25-Mar-2020 14:24:13    Page  005
 - - - - - - - - - - - - - - - - - - - - - - - - - - - - - - - - - - - - - -
 

  INPUT ---    mlogit(1);

  INPUT ---    mlogit(1);

  INPUT ---    mlogit(1);

  INPUT ---    mlogit(1);

  INPUT ---    mlogit(1);

  INPUT ---    mlogit(1);

  INPUT ---    mlogit(1);

  INPUT ---    mlogit(1);

  INPUT ---    mlogit(1);

  INPUT ---    mlogit(1);

  INPUT ---    mlogit(1);

  INPUT ---    mlogit(1);

  INPUT ---    mlogit(1);

  INPUT ---    mlogit(1);

  INPUT ---    mlogit(1);

  INPUT ---    mlogit(1);

  INPUT ---    mlogit(1);

  INPUT ---    mlogit(1);

  INPUT ---    mlogit(1);

  INPUT ---    mlogit(1);

  INPUT ---    mlogit(1);

  INPUT ---    mlogit(1);

  INPUT ---    mlogit(1);

  Program  MARK  - Survival Rate Estimation with Capture-Recapture Data
   gfortran(dble) Vers. 9.0 Mar 2018    25-Mar-2020 14:24:13    Page  006
 - - - - - - - - - - - - - - - - - - - - - - - - - - - - - - - - - - - - - -
 

  INPUT ---    mlogit(1);

  INPUT ---    mlogit(2);

  INPUT ---    mlogit(2);

  INPUT ---    mlogit(2);

  INPUT ---    mlogit(2);

  INPUT ---    mlogit(2);

  INPUT ---    mlogit(2);

  INPUT ---    mlogit(2);

  INPUT ---    mlogit(2);

  INPUT ---    mlogit(2);

  INPUT ---    mlogit(2);

  INPUT ---    mlogit(2);

  INPUT ---    mlogit(2);

  INPUT ---    mlogit(2);

  INPUT ---    mlogit(2);

  INPUT ---    mlogit(2);

  INPUT ---    mlogit(2);

  INPUT ---    mlogit(2);

  INPUT ---    mlogit(2);

  INPUT ---    mlogit(2);

  INPUT ---    mlogit(2);

  INPUT ---    mlogit(2);

  INPUT ---    mlogit(2);

  Program  MARK  - Survival Rate Estimation with Capture-Recapture Data
   gfortran(dble) Vers. 9.0 Mar 2018    25-Mar-2020 14:24:13    Page  007
 - - - - - - - - - - - - - - - - - - - - - - - - - - - - - - - - - - - - - -
 

  INPUT ---    mlogit(2);

  INPUT ---    mlogit(2);

  INPUT ---    mlogit(2);

  INPUT ---    mlogit(2);

  INPUT ---    mlogit(2);

  INPUT ---    mlogit(2);

  INPUT ---    mlogit(2);

  INPUT ---    mlogit(2);

  INPUT ---    mlogit(2);

  INPUT ---    mlogit(2);
  INPUT ---       blabel(1)=Phi:(Intercept);
  INPUT ---       blabel(2)=Phi:sexM;
  INPUT ---       blabel(3)=p:(Intercept);
  INPUT ---       blabel(4)=p:sexM;
  INPUT ---       blabel(5)=pent:(Intercept);
  INPUT ---       blabel(6)=pent:sexM;
  INPUT ---       blabel(7)=N:(Intercept);
  INPUT ---       blabel(8)=N:sexM;
  INPUT ---       rlabel(1)=Phi gF a0 t1;
  INPUT ---       rlabel(2)=Phi gM a0 t1;
  INPUT ---       rlabel(3)=p gF a0 t1;
  INPUT ---       rlabel(4)=p gM a0 t1;
  INPUT ---       rlabel(5)=N gF a0 t1;
  INPUT ---       rlabel(6)=N gM a0 t1;
  INPUT ---       rlabel(7)=pent gF a0.00547945205479452 t1.00547945205479;
  INPUT ---       rlabel(8)=pent gF a0.00821917808219178 t1.00821917808219;
  INPUT ---       rlabel(9)=pent gF a0.010958904109589 t1.01095890410959;
  INPUT ---       rlabel(10)=pent gF a0.0164383561643836 t1.01643835616438;
  INPUT ---       rlabel(11)=pent gF a0.0246575342465753 t1.02465753424658;
  INPUT ---       rlabel(12)=pent gF a0.0273972602739726 t1.02739726027397;
  INPUT ---       rlabel(13)=pent gF a0.0301369863013699 t1.03013698630137;
  INPUT ---       rlabel(14)=pent gF a0.0356164383561644 t1.03561643835616;
  INPUT ---       rlabel(15)=pent gF a0.0410958904109589 t1.04109589041096;
  INPUT ---       rlabel(16)=pent gF a0.0493150684931507 t1.04931506849315;
  INPUT ---       rlabel(17)=pent gF a0.0520547945205479 t1.05205479452055;
  INPUT ---       rlabel(18)=pent gF a0.0657534246575342 t1.06575342465753;

  Program  MARK  - Survival Rate Estimation with Capture-Recapture Data
   gfortran(dble) Vers. 9.0 Mar 2018    25-Mar-2020 14:24:13    Page  008
 - - - - - - - - - - - - - - - - - - - - - - - - - - - - - - - - - - - - - -
 
  INPUT ---       rlabel(19)=pent gF a0.0712328767123288 t1.07123287671233;
  INPUT ---       rlabel(20)=pent gF a0.0986301369863014 t1.0986301369863;
  INPUT ---       rlabel(21)=pent gF a0.101369863013699 t1.1013698630137;
  INPUT ---       rlabel(22)=pent gF a0.106849315068493 t1.10684931506849;
  INPUT ---       rlabel(23)=pent gF a0.10958904109589 t1.10958904109589;
  INPUT ---       rlabel(24)=pent gF a0.120547945205479 t1.12054794520548;
  INPUT ---       rlabel(25)=pent gF a0.350684931506849 t1.35068493150685;
  INPUT ---       rlabel(26)=pent gF a0.358904109589041 t1.35890410958904;
  INPUT ---       rlabel(27)=pent gF a0.613698630136986 t1.61369863013699;
  INPUT ---       rlabel(28)=pent gF a0.638356164383562 t1.63835616438356;
  INPUT ---       rlabel(29)=pent gF a0.646575342465753 t1.64657534246575;
  INPUT ---       rlabel(30)=pent gF a0.649315068493151 t1.64931506849315;
  INPUT ---       rlabel(31)=pent gF a0.652054794520548 t1.65205479452055;
  INPUT ---       rlabel(32)=pent gF a0.704109589041096 t1.7041095890411;
  INPUT ---       rlabel(33)=pent gF a0.706849315068493 t1.70684931506849;
  INPUT ---       rlabel(34)=pent gF a0.70958904109589 t1.70958904109589;
  INPUT ---       rlabel(35)=pent gF a0.827397260273973 t1.82739726027397;
  INPUT ---       rlabel(36)=pent gF a1.4027397260274 t2.4027397260274;
  INPUT ---       rlabel(37)=pent gF a1.40547945205479 t2.40547945205479;
  INPUT ---       rlabel(38)=pent gF a1.40821917808219 t2.40821917808219;
  INPUT ---       rlabel(39)=pent gM a0.00547945205479452 t1.00547945205479;
  INPUT ---       rlabel(40)=pent gM a0.00821917808219178 t1.00821917808219;
  INPUT ---       rlabel(41)=pent gM a0.010958904109589 t1.01095890410959;
  INPUT ---       rlabel(42)=pent gM a0.0164383561643836 t1.01643835616438;
  INPUT ---       rlabel(43)=pent gM a0.0246575342465753 t1.02465753424658;
  INPUT ---       rlabel(44)=pent gM a0.0273972602739726 t1.02739726027397;
  INPUT ---       rlabel(45)=pent gM a0.0301369863013699 t1.03013698630137;
  INPUT ---       rlabel(46)=pent gM a0.0356164383561644 t1.03561643835616;
  INPUT ---       rlabel(47)=pent gM a0.0410958904109589 t1.04109589041096;
  INPUT ---       rlabel(48)=pent gM a0.0493150684931507 t1.04931506849315;
  INPUT ---       rlabel(49)=pent gM a0.0520547945205479 t1.05205479452055;
  INPUT ---       rlabel(50)=pent gM a0.0657534246575342 t1.06575342465753;
  INPUT ---       rlabel(51)=pent gM a0.0712328767123288 t1.07123287671233;
  INPUT ---       rlabel(52)=pent gM a0.0986301369863014 t1.0986301369863;
  INPUT ---       rlabel(53)=pent gM a0.101369863013699 t1.1013698630137;
  INPUT ---       rlabel(54)=pent gM a0.106849315068493 t1.10684931506849;
  INPUT ---       rlabel(55)=pent gM a0.10958904109589 t1.10958904109589;
  INPUT ---       rlabel(56)=pent gM a0.120547945205479 t1.12054794520548;
  INPUT ---       rlabel(57)=pent gM a0.350684931506849 t1.35068493150685;
  INPUT ---       rlabel(58)=pent gM a0.358904109589041 t1.35890410958904;
  INPUT ---       rlabel(59)=pent gM a0.613698630136986 t1.61369863013699;
  INPUT ---       rlabel(60)=pent gM a0.638356164383562 t1.63835616438356;
  INPUT ---       rlabel(61)=pent gM a0.646575342465753 t1.64657534246575;
  INPUT ---       rlabel(62)=pent gM a0.649315068493151 t1.64931506849315;
  INPUT ---       rlabel(63)=pent gM a0.652054794520548 t1.65205479452055;
  INPUT ---       rlabel(64)=pent gM a0.704109589041096 t1.7041095890411;

  Program  MARK  - Survival Rate Estimation with Capture-Recapture Data
   gfortran(dble) Vers. 9.0 Mar 2018    25-Mar-2020 14:24:13    Page  009
 - - - - - - - - - - - - - - - - - - - - - - - - - - - - - - - - - - - - - -
 
  INPUT ---       rlabel(65)=pent gM a0.706849315068493 t1.70684931506849;
  INPUT ---       rlabel(66)=pent gM a0.70958904109589 t1.70958904109589;
  INPUT ---       rlabel(67)=pent gM a0.827397260273973 t1.82739726027397;
  INPUT ---       rlabel(68)=pent gM a1.4027397260274 t2.4027397260274;
  INPUT ---       rlabel(69)=pent gM a1.40547945205479 t2.40547945205479;
  INPUT ---       rlabel(70)=pent gM a1.40821917808219 t2.40821917808219;

 Link Function Used is PARM-SPECIFIC

 Variance Estimation Procedure Used is 2ndPart 

 M(t+1):
      16     29



 Group: 1

 U(t)+UL(t):
       0    2    2    0    1    0    3    1    1    0    0    0    0    0    1
       0    0    0    2    1    1    0    0    0    1    0    0    0    0    0
       0    0    0

 U(t):
       0    2    2    0    1    0    3    1    1    0    0    0    0    0    1
       0    0    0    2    1    1    0    0    0    1    0    0    0    0    0
       0    0    0

 UL(t):
       0    0    0    0    0    0    0    0    0    0    0    0    0    0    0
       0    0    0    0    0    0    0    0    0    0    0    0    0    0    0
       0    0    0

 Not Released(t):
       0    0    0    0    0    0    0    0    0    0    0    0    0    0    0
       0    0    0    0    0    0    0    0    0    0    0    0    0    0    0
       0    0    0

 Group: 2

 U(t)+UL(t):
       3    0    1    1    1    1    1    0    1    1    2    1    3    3    1
       1    0    2    3    1    0    0    1    0    0    0    0    0    0    1
       0    0    0

 U(t):
       3    0    1    1    1    1    1    0    1    1    2    1    3    3    1
       1    0    2    3    1    0    0    1    0    0    0    0    0    0    1
       0    0    0

 UL(t):
       0    0    0    0    0    0    0    0    0    0    0    0    0    0    0
       0    0    0    0    0    0    0    0    0    0    0    0    0    0    0
       0    0    0

 Not Released(t):
       0    0    0    0    0    0    0    0    0    0    0    0    0    0    0
       0    0    0    0    0    0    0    0    0    0    0    0    0    0    0
       0    0    0
 -2logL(saturated) = 272.93564     
 Effective Sample Size = 103

 Number of function evaluations was 28 for 8 parameters.
 Time for numerical optimization was 0.11 seconds.     
 -2logL { Phi(~sex)p(~sex)pent(~sex)N(~sex) } = 552.79294     
 Penalty { Phi(~sex)p(~sex)pent(~sex)N(~sex) } = 0.0000000     
 Gradient { Phi(~sex)p(~sex)pent(~sex)N(~sex) }:
 -0.2885011E-05  0.6092543E-05  0.1058668E-04  0.1323598E-04   0.000000    
  0.1300014E-04  0.2536760E-05 -0.5464294E-05
 Maximum ABS(G) { Phi(~sex)p(~sex)pent(~sex)N(~sex) } = 0.1323598E-04 
 S Vector { Phi(~sex)p(~sex)pent(~sex)N(~sex) }:
   129.0223      12.41395      7.307333      2.973842      1.090703    
  0.4683843     0.3970324     0.6446678E-01
 Time to compute number of parameters was 0.02 seconds.     
 Ratio Threshold = 50.000000       Max Gap (1/2) = 10.393333       Next Max Gap (1/2) = 10.393333     
 Gap Method for Num. of Estimated Parameters { Phi(~sex)p(~sex)pent(~sex)N(~sex) } = 8          
 Threshold { Phi(~sex)p(~sex)pent(~sex)N(~sex) } = 0.2647196E-04                 
 Numerical Threshold Method for Num. of Estimated Parameters { Phi(~sex)p(~sex)pent(~sex)N(~sex) } = 8          
 Number of Estimated Parameters { Phi(~sex)p(~sex)pent(~sex)N(~sex) } = 8          
 DEVIANCE { Phi(~sex)p(~sex)pent(~sex)N(~sex) } = 279.85729                     
 DEVIANCE Degrees of Freedom { Phi(~sex)p(~sex)pent(~sex)N(~sex) } = 33            
 c-hat { Phi(~sex)p(~sex)pent(~sex)N(~sex) } = 8.4805241                     
 AIC { Phi(~sex)p(~sex)pent(~sex)N(~sex) } = 568.79294                  
 AICc { Phi(~sex)p(~sex)pent(~sex)N(~sex) } = 570.32485                    
 BIC { Phi(~sex)p(~sex)pent(~sex)N(~sex) } = 589.87077                    
 Pearson Chisquare { Phi(~sex)p(~sex)pent(~sex)N(~sex) } = 20614593.                  


            PARM-SPECIFIC Link Function Parameters of { Phi(~sex)p(~sex)pent(~sex)N(~sex) }
                                                              95% Confidence Interval
 Parameter                    Beta         Standard Error      Lower           Upper
 -------------------------  --------------  --------------  --------------  --------------
    1:Phi:(Intercept)       -1.6444944       1.1604029      -3.9188842       0.6298954    
    2:Phi:sexM               2.7567539       1.7380501      -0.6498244       6.1633322    
    3:p:(Intercept)         -2.6032990       0.3454901      -3.2804595      -1.9261384    
    4:p:sexM                 0.1528264       0.4061588      -0.6432449       0.9488976    
    5:pent:(Intercept)      -4.5779136       2.1774074      -8.8456321      -0.3101950    
    6:pent:sexM             -0.1737406       3.1529224      -6.3534686       6.0059874    
    7:N:(Intercept)          2.0075351       0.7910207       0.4571345       3.5579357    
    8:N:sexM                -0.3962269       1.2978412      -2.9399958       2.1475420    

  Program  MARK  - Survival Rate Estimation with Capture-Recapture Data
   gfortran(dble) Vers. 9.0 Mar 2018    25-Mar-2020 14:24:13    Page  010
 - - - - - - - - - - - - - - - - - - - - - - - - - - - - - - - - - - - - - -
 


            Real Function Parameters of { Phi(~sex)p(~sex)pent(~sex)N(~sex) }
                                                               95% Confidence Interval
  Parameter                  Estimate       Standard Error      Lower           Upper
 --------------------------  --------------  --------------  --------------  --------------
     1:Phi gF a0 t1           0.1618544       0.1574175       0.0194764       0.6524658                          
     2:Phi gM a0 t1           0.7525501       0.2409648       0.1940414       0.9746297                          
     3:p gF a0 t1             0.0689264       0.0221720       0.0362477       0.1271786                          
     4:p gM a0 t1             0.0794040       0.0156111       0.0537048       0.1158948                          
     5:N gF a0 t1             23.444944       5.8891047       17.898798       45.190669                          
     6:N gM a0 t1             34.009360       5.1544489       29.947206       55.492317                          
     7:pent gF a0.005479452   0.0077333       0.0126716       0.3061604E-03   0.1655056                          
     8:pent gF a0.008219178   0.0077333       0.0126716       0.3061604E-03   0.1655056                          
     9:pent gF a0.010958904   0.0077333       0.0126716       0.3061604E-03   0.1655056                          
    10:pent gF a0.016438356   0.0077333       0.0126716       0.3061604E-03   0.1655056                          
    11:pent gF a0.024657534   0.0077333       0.0126716       0.3061604E-03   0.1655056                          
    12:pent gF a0.027397260   0.0077333       0.0126716       0.3061604E-03   0.1655056                          
    13:pent gF a0.030136986   0.0077333       0.0126716       0.3061604E-03   0.1655056                          
    14:pent gF a0.035616438   0.0077333       0.0126716       0.3061604E-03   0.1655056                          
    15:pent gF a0.041095890   0.0077333       0.0126716       0.3061604E-03   0.1655056                          
    16:pent gF a0.049315068   0.0077333       0.0126716       0.3061604E-03   0.1655056                          
    17:pent gF a0.052054794   0.0077333       0.0126716       0.3061604E-03   0.1655056                          
    18:pent gF a0.065753424   0.0077333       0.0126716       0.3061604E-03   0.1655056                          
    19:pent gF a0.071232876   0.0077333       0.0126716       0.3061604E-03   0.1655056                          
    20:pent gF a0.098630136   0.0077333       0.0126716       0.3061604E-03   0.1655056                          
    21:pent gF a0.101369863   0.0077333       0.0126716       0.3061604E-03   0.1655056                          
    22:pent gF a0.106849315   0.0077333       0.0126716       0.3061604E-03   0.1655056                          
    23:pent gF a0.109589041   0.0077333       0.0126716       0.3061604E-03   0.1655056                          
    24:pent gF a0.120547945   0.0077333       0.0126716       0.3061604E-03   0.1655056                          
    25:pent gF a0.350684931   0.0077333       0.0126716       0.3061604E-03   0.1655056                          
    26:pent gF a0.358904109   0.0077333       0.0126716       0.3061604E-03   0.1655056                          
    27:pent gF a0.613698630   0.0077333       0.0126716       0.3061604E-03   0.1655056                          
    28:pent gF a0.638356164   0.0077333       0.0126716       0.3061604E-03   0.1655056                          
    29:pent gF a0.646575342   0.0077333       0.0126716       0.3061604E-03   0.1655056                          
    30:pent gF a0.649315068   0.0077333       0.0126716       0.3061604E-03   0.1655056                          
    31:pent gF a0.652054794   0.0077333       0.0126716       0.3061604E-03   0.1655056                          
    32:pent gF a0.704109589   0.0077333       0.0126716       0.3061604E-03   0.1655056                          
    33:pent gF a0.706849315   0.0077333       0.0126716       0.3061604E-03   0.1655056                          
    34:pent gF a0.709589041   0.0077333       0.0126716       0.3061604E-03   0.1655056                          
    35:pent gF a0.827397260   0.0077333       0.0126716       0.3061604E-03   0.1655056                          
    36:pent gF a1.402739726   0.0077333       0.0126716       0.3061604E-03   0.1655056                          
    37:pent gF a1.405479452   0.0077333       0.0126716       0.3061604E-03   0.1655056                          
    38:pent gF a1.408219178   0.0077333       0.0126716       0.3061604E-03   0.1655056                          
    39:pent gM a0.005479452   0.0067670       0.0120907       0.2004533E-03   0.1879965                          
    40:pent gM a0.008219178   0.0067670       0.0120907       0.2004533E-03   0.1879965                          

  Program  MARK  - Survival Rate Estimation with Capture-Recapture Data
   gfortran(dble) Vers. 9.0 Mar 2018    25-Mar-2020 14:24:13    Page  011
 - - - - - - - - - - - - - - - - - - - - - - - - - - - - - - - - - - - - - -
 
    41:pent gM a0.010958904   0.0067670       0.0120907       0.2004533E-03   0.1879965                          
    42:pent gM a0.016438356   0.0067670       0.0120907       0.2004533E-03   0.1879965                          
    43:pent gM a0.024657534   0.0067670       0.0120907       0.2004533E-03   0.1879965                          
    44:pent gM a0.027397260   0.0067670       0.0120907       0.2004533E-03   0.1879965                          
    45:pent gM a0.030136986   0.0067670       0.0120907       0.2004533E-03   0.1879965                          
    46:pent gM a0.035616438   0.0067670       0.0120907       0.2004533E-03   0.1879965                          
    47:pent gM a0.041095890   0.0067670       0.0120907       0.2004533E-03   0.1879965                          
    48:pent gM a0.049315068   0.0067670       0.0120907       0.2004533E-03   0.1879965                          
    49:pent gM a0.052054794   0.0067670       0.0120907       0.2004533E-03   0.1879965                          
    50:pent gM a0.065753424   0.0067670       0.0120907       0.2004533E-03   0.1879965                          
    51:pent gM a0.071232876   0.0067670       0.0120907       0.2004533E-03   0.1879965                          
    52:pent gM a0.098630136   0.0067670       0.0120907       0.2004533E-03   0.1879965                          
    53:pent gM a0.101369863   0.0067670       0.0120907       0.2004533E-03   0.1879965                          
    54:pent gM a0.106849315   0.0067670       0.0120907       0.2004533E-03   0.1879965                          
    55:pent gM a0.109589041   0.0067670       0.0120907       0.2004533E-03   0.1879965                          
    56:pent gM a0.120547945   0.0067670       0.0120907       0.2004533E-03   0.1879965                          
    57:pent gM a0.350684931   0.0067670       0.0120907       0.2004533E-03   0.1879965                          
    58:pent gM a0.358904109   0.0067670       0.0120907       0.2004533E-03   0.1879965                          
    59:pent gM a0.613698630   0.0067670       0.0120907       0.2004533E-03   0.1879965                          
    60:pent gM a0.638356164   0.0067670       0.0120907       0.2004533E-03   0.1879965                          
    61:pent gM a0.646575342   0.0067670       0.0120907       0.2004533E-03   0.1879965                          
    62:pent gM a0.649315068   0.0067670       0.0120907       0.2004533E-03   0.1879965                          
    63:pent gM a0.652054794   0.0067670       0.0120907       0.2004533E-03   0.1879965                          
    64:pent gM a0.704109589   0.0067670       0.0120907       0.2004533E-03   0.1879965                          
    65:pent gM a0.706849315   0.0067670       0.0120907       0.2004533E-03   0.1879965                          
    66:pent gM a0.709589041   0.0067670       0.0120907       0.2004533E-03   0.1879965                          
    67:pent gM a0.827397260   0.0067670       0.0120907       0.2004533E-03   0.1879965                          
    68:pent gM a1.402739726   0.0067670       0.0120907       0.2004533E-03   0.1879965                          
    69:pent gM a1.405479452   0.0067670       0.0120907       0.2004533E-03   0.1879965                          
    70:pent gM a1.408219178   0.0067670       0.0120907       0.2004533E-03   0.1879965                          


                      Estimates of Derived Parameters
 Gross Birth+Immigration Estimates of { Phi(~sex)p(~sex)pent(~sex)N(~sex) }
                                                95% Confidence Interval
 Grp. Occ.   B*-hat          Standard Error      Lower           Upper
 ---- ----   --------------  --------------  --------------  --------------
   1     1    0.1822125       0.3299228       0.0171518       1.9357424    
   1     2    0.1817591       0.3289553       0.0171186       1.9298550    
   1     3    0.1817591       0.3289553       0.0171186       1.9298550    
   1     4    0.1822125       0.3299228       0.0171518       1.9357424    
   1     5    0.1826667       0.3308922       0.0171850       1.9416423    
   1     6    0.1817591       0.3289553       0.0171186       1.9298550    
   1     7    0.1817591       0.3289553       0.0171186       1.9298550    
   1     8    0.1822125       0.3299228       0.0171518       1.9357424    

  Program  MARK  - Survival Rate Estimation with Capture-Recapture Data
   gfortran(dble) Vers. 9.0 Mar 2018    25-Mar-2020 14:24:13    Page  012
 - - - - - - - - - - - - - - - - - - - - - - - - - - - - - - - - - - - - - -
 
   1     9    0.1822125       0.3299228       0.0171518       1.9357424    
   1    10    0.1826667       0.3308922       0.0171850       1.9416423    
   1    11    0.1817591       0.3289553       0.0171186       1.9298550    
   1    12    0.1835773       0.3328369       0.0172516       1.9534794    
   1    13    0.1822125       0.3299228       0.0171518       1.9357424    
   1    14    0.1858669       0.3377330       0.0174188       1.9832903    
   1    15    0.1817591       0.3289553       0.0171186       1.9298550    
   1    16    0.1822125       0.3299228       0.0171518       1.9357424    
   1    17    0.1817591       0.3289553       0.0171186       1.9298550    
   1    18    0.1831216       0.3318636       0.0172183       1.9475547    
   1    19    0.2219445       0.4159093       0.0200175       2.4608173    
   1    20    0.1826667       0.3308922       0.0171850       1.9416423    
   1    21    0.2266103       0.4261418       0.0203496       2.5235036    
   1    22    0.1854075       0.3367498       0.0173853       1.9773032    
   1    23    0.1826667       0.3308922       0.0171850       1.9416423    
   1    24    0.1817591       0.3289553       0.0171186       1.9298550    
   1    25    0.1817591       0.3289553       0.0171186       1.9298550    
   1    26    0.1900356       0.3466694       0.0177224       2.0377346    
   1    27    0.1817591       0.3289553       0.0171186       1.9298550    
   1    28    0.1817591       0.3289553       0.0171186       1.9298550    
   1    29    0.2014496       0.3712758       0.0185488       2.1878506    
   1    30    0.2925766       0.5729068       0.0249873       3.4257849    
   1    31    0.1817591       0.3289553       0.0171186       1.9298550    
   1    32    0.1817591       0.3289553       0.0171186       1.9298550    
   2     1    0.2303211       0.4406706       0.0202437       2.6204638    
   2     2    0.2302315       0.4404371       0.0202393       2.6189861    
   2     3    0.2302315       0.4404371       0.0202393       2.6189861    
   2     4    0.2303211       0.4406706       0.0202437       2.6204638    
   2     5    0.2304108       0.4409043       0.0202480       2.6219422    
   2     6    0.2302315       0.4404371       0.0202393       2.6189861    
   2     7    0.2302315       0.4404371       0.0202393       2.6189861    
   2     8    0.2303211       0.4406706       0.0202437       2.6204638    
   2     9    0.2303211       0.4406706       0.0202437       2.6204638    
   2    10    0.2304108       0.4409043       0.0202480       2.6219422    
   2    11    0.2302315       0.4404371       0.0202393       2.6189861    
   2    12    0.2305903       0.4413719       0.0202567       2.6249007    
   2    13    0.2303211       0.4406706       0.0202437       2.6204638    
   2    14    0.2310393       0.4425424       0.0202785       2.6323077    
   2    15    0.2302315       0.4404371       0.0202393       2.6189861    
   2    16    0.2303211       0.4406706       0.0202437       2.6204638    
   2    17    0.2302315       0.4404371       0.0202393       2.6189861    
   2    18    0.2305005       0.4411380       0.0202524       2.6234211    
   2    19    0.2377525       0.4601326       0.0206019       2.7437412    
   2    20    0.2304108       0.4409043       0.0202480       2.6219422    
   2    21    0.2385776       0.4623060       0.0206414       2.7575250    
   2    22    0.2309494       0.4423081       0.0202741       2.6308251    

  Program  MARK  - Survival Rate Estimation with Capture-Recapture Data
   gfortran(dble) Vers. 9.0 Mar 2018    25-Mar-2020 14:24:13    Page  013
 - - - - - - - - - - - - - - - - - - - - - - - - - - - - - - - - - - - - - -
 
   2    23    0.2304108       0.4409043       0.0202480       2.6219422    
   2    24    0.2302315       0.4404371       0.0202393       2.6189861    
   2    25    0.2302315       0.4404371       0.0202393       2.6189861    
   2    26    0.2318489       0.4446551       0.0203176       2.6456795    
   2    27    0.2302315       0.4404371       0.0202393       2.6189861    
   2    28    0.2302315       0.4404371       0.0202393       2.6189861    
   2    29    0.2340173       0.4503251       0.0204223       2.6815824    
   2    30    0.2494760       0.4912297       0.0211603       2.9412698    
   2    31    0.2302315       0.4404371       0.0202393       2.6189861    
   2    32    0.2302315       0.4404371       0.0202393       2.6189861    

 Net Birth+Immigration Estimates of { Phi(~sex)p(~sex)pent(~sex)N(~sex) }
                                                95% Confidence Interval
 Grp. Occ.   B-hat           Standard Error      Lower           Upper
 ---- ----   --------------  --------------  --------------  --------------
   1     1    0.1813064       0.3279898       0.0170854       1.9239800    
   1     2    0.1813064       0.3279898       0.0170854       1.9239800    
   1     3    0.1813064       0.3279898       0.0170854       1.9239800    
   1     4    0.1813064       0.3279898       0.0170854       1.9239800    
   1     5    0.1813064       0.3279898       0.0170854       1.9239800    
   1     6    0.1813064       0.3279898       0.0170854       1.9239800    
   1     7    0.1813064       0.3279898       0.0170854       1.9239800    
   1     8    0.1813064       0.3279898       0.0170854       1.9239800    
   1     9    0.1813064       0.3279898       0.0170854       1.9239800    
   1    10    0.1813064       0.3279898       0.0170854       1.9239800    
   1    11    0.1813064       0.3279898       0.0170854       1.9239800    
   1    12    0.1813064       0.3279898       0.0170854       1.9239800    
   1    13    0.1813064       0.3279898       0.0170854       1.9239800    
   1    14    0.1813064       0.3279898       0.0170854       1.9239800    
   1    15    0.1813064       0.3279898       0.0170854       1.9239800    
   1    16    0.1813064       0.3279898       0.0170854       1.9239800    
   1    17    0.1813064       0.3279898       0.0170854       1.9239800    
   1    18    0.1813064       0.3279898       0.0170854       1.9239800    
   1    19    0.1813064       0.3279898       0.0170854       1.9239800    
   1    20    0.1813064       0.3279898       0.0170854       1.9239800    
   1    21    0.1813064       0.3279898       0.0170854       1.9239800    
   1    22    0.1813064       0.3279898       0.0170854       1.9239800    
   1    23    0.1813064       0.3279898       0.0170854       1.9239800    
   1    24    0.1813064       0.3279898       0.0170854       1.9239800    
   1    25    0.1813064       0.3279898       0.0170854       1.9239800    
   1    26    0.1813064       0.3279898       0.0170854       1.9239800    
   1    27    0.1813064       0.3279898       0.0170854       1.9239800    
   1    28    0.1813064       0.3279898       0.0170854       1.9239800    
   1    29    0.1813064       0.3279898       0.0170854       1.9239800    
   1    30    0.1813064       0.3279898       0.0170854       1.9239800    
   1    31    0.1813064       0.3279898       0.0170854       1.9239800    
   1    32    0.1813064       0.3279898       0.0170854       1.9239800    
   2     1    0.2301419       0.4402036       0.0202350       2.6175091    
   2     2    0.2301419       0.4402036       0.0202350       2.6175091    
   2     3    0.2301419       0.4402036       0.0202350       2.6175091    
   2     4    0.2301419       0.4402036       0.0202350       2.6175091    
   2     5    0.2301419       0.4402036       0.0202350       2.6175091    
   2     6    0.2301419       0.4402036       0.0202350       2.6175091    
   2     7    0.2301419       0.4402036       0.0202350       2.6175091    
   2     8    0.2301419       0.4402036       0.0202350       2.6175091    
   2     9    0.2301419       0.4402036       0.0202350       2.6175091    
   2    10    0.2301419       0.4402036       0.0202350       2.6175091    
   2    11    0.2301419       0.4402036       0.0202350       2.6175091    
   2    12    0.2301419       0.4402036       0.0202350       2.6175091    
   2    13    0.2301419       0.4402036       0.0202350       2.6175091    
   2    14    0.2301419       0.4402036       0.0202350       2.6175091    
   2    15    0.2301419       0.4402036       0.0202350       2.6175091    
   2    16    0.2301419       0.4402036       0.0202350       2.6175091    
   2    17    0.2301419       0.4402036       0.0202350       2.6175091    
   2    18    0.2301419       0.4402036       0.0202350       2.6175091    
   2    19    0.2301419       0.4402036       0.0202350       2.6175091    
   2    20    0.2301419       0.4402036       0.0202350       2.6175091    
   2    21    0.2301419       0.4402036       0.0202350       2.6175091    
   2    22    0.2301419       0.4402036       0.0202350       2.6175091    
   2    23    0.2301419       0.4402036       0.0202350       2.6175091    
   2    24    0.2301419       0.4402036       0.0202350       2.6175091    
   2    25    0.2301419       0.4402036       0.0202350       2.6175091    
   2    26    0.2301419       0.4402036       0.0202350       2.6175091    
   2    27    0.2301419       0.4402036       0.0202350       2.6175091    
   2    28    0.2301419       0.4402036       0.0202350       2.6175091    
   2    29    0.2301419       0.4402036       0.0202350       2.6175091    
   2    30    0.2301419       0.4402036       0.0202350       2.6175091    
   2    31    0.2301419       0.4402036       0.0202350       2.6175091    
   2    32    0.2301419       0.4402036       0.0202350       2.6175091    

      Population Estimates of { Phi(~sex)p(~sex)pent(~sex)N(~sex) }
                                                95% Confidence Interval
 Grp. Occ.   N-hat           Standard Error      Lower           Upper
 ---- ----   --------------  --------------  --------------  --------------
   1     1    17.643138       7.5046487       7.9332022       39.237663    
   1     2    17.649270       7.2013913       8.1787879       38.085926    
   1     3    17.742740       6.9189739       8.4870147       37.092525    
   1     4    17.835744       6.6426388       8.8004772       36.147333    
   1     5    17.839964       6.3613886       9.0552841       35.146805    
   1     6    17.756237       6.0783362       9.2468805       34.096250    
   1     7    17.849175       5.8224575       9.5705632       33.288849    
   1     8    17.941650       5.5751562       9.8952782       32.530950    
   1     9    17.944817       5.3304198       10.148808       31.729487    
   1    10    17.947954       5.0965345       10.398541       30.978294    
   1    11    17.862623       4.8696863       10.568997       30.189552    
   1    12    17.955031       4.6639048       10.881223       29.627474    
   1    13    17.693972       4.4594611       10.878903       28.778329    
   1    14    17.699599       4.2775652       11.095764       28.233820    
   1    15    17.019504       4.1078078       10.675772       27.132793    
   1    16    17.116108       3.9536825       10.947889       26.759603    
   1    17    17.127473       3.8201772       11.120755       26.378634    
   1    18    17.223539       3.7069433       11.349815       26.137017    
   1    19    17.064526       3.6163354       11.315683       25.734024    
   1    20    11.403676       3.9554835       5.8902842       22.077682    
   1    21    11.415568       3.8327197       6.0159221       21.661714    
   1    22    7.3590312       3.8454655       2.8091629       19.278106    
   1    23    7.2172057       3.6980088       2.8013945       18.593618    
   1    24    7.2912923       3.5833708       2.9300684       18.143925    
   1    25    7.4363116       3.4978006       3.0960220       17.861220    
   1    26    7.5806092       3.4408219       3.2455253       17.706112    
   1    27    7.0763220       3.3761933       2.9128510       17.190832    
   1    28    7.2224112       3.3623810       3.0315710       17.206664    
   1    29    7.3677733       3.3786962       3.1293758       17.346617    
   1    30    6.1264812       3.2332826       2.3188473       16.186393    
   1    31    2.3300615       2.0934228       0.5158832       10.524062    
   1    32    2.4997717       2.0620030       0.6090362       10.260242    
   1    33    2.6686373       2.0818505       0.6908920       10.307871    
   2     1    26.644821       10.122537       12.973769       54.721683    
   2     2    26.833489       9.7096237       13.492461       53.365814    
   2     3    27.042740       9.2936278       14.048917       52.054529    

  Program  MARK  - Survival Rate Estimation with Capture-Recapture Data
   gfortran(dble) Vers. 9.0 Mar 2018    25-Mar-2020 14:24:13    Page  014
 - - - - - - - - - - - - - - - - - - - - - - - - - - - - - - - - - - - - - -
 
   2     4    27.251827       8.8797210       14.621840       50.791285    
   2     5    27.439550       8.4741522       15.186561       49.578633    
   2     6    27.605652       8.0778871       15.740381       48.415094    
   2     7    27.814301       7.6715600       16.359910       47.288481    
   2     8    28.022787       7.2685704       16.994410       46.207935    
   2     9    28.209311       6.8768014       17.614575       45.176521    
   2    10    28.395544       6.4896506       18.246515       44.189639    
   2    11    28.559414       6.1158585       18.858395       43.250770    
   2    12    28.767320       5.7317876       19.540937       42.350003    
   2    13    28.885650       5.3892648       20.101344       41.508706    
   2    14    29.070831       5.0290444       20.762861       40.703119    
   2    15    29.075428       4.7540754       21.147645       39.975161    
   2    16    29.282933       4.4048731       21.841686       39.259339    
   2    17    29.467495       4.0808027       22.491679       38.606866    
   2    18    29.674694       3.7658732       23.162932       38.017099    
   2    19    29.812529       3.5031762       23.698327       37.504203    
   2    20    28.154619       4.3198582       20.878705       37.966080    
   2    21    28.319051       4.0763431       21.388444       37.495420    
   2    22    26.570435       5.3417702       17.987081       39.249728    
   2    23    26.614974       5.2337902       18.168574       38.988027    
   2    24    26.783000       5.0501214       18.567612       38.633350    
   2    25    26.992289       4.8609395       19.018169       38.309874    
   2    26    27.201416       4.7034763       19.430669       38.079852    
   2    27    27.031980       4.8683370       19.045798       38.366885    
   2    28    27.241076       4.7678154       19.380458       38.289921    
   2    29    27.450009       4.7042429       19.666161       38.314697    
   2    30    26.776035       5.2755297       18.265435       39.252067    
   2    31    22.966027       8.0673369       11.768763       44.816806    
   2    32    23.178288       7.9373750       12.067735       44.518134    
   2    33    23.390384       7.8291609       12.349519       44.302134    

   Gross Population Estimates of { Phi(~sex)p(~sex)pent(~sex)N(~sex) }
                                                95% Confidence Interval
 Grp. Occ.   N*-hat          Standard Error      Lower           Upper
 ---- ----   --------------  --------------  --------------  --------------
   1     0    23.700538       6.3038663       14.197417       39.564625    
   2     0    34.056152       5.2625331       25.202074       46.020875    

   CPU Time for the last procedure was 0.16 seconds.     

  Program  MARK  - Survival Rate Estimation with Capture-Recapture Data
   gfortran(dble) Vers. 9.0 Mar 2018    25-Mar-2020 14:24:13    Page  015
 - - - - - - - - - - - - - - - - - - - - - - - - - - - - - - - - - - - - - -
 


  INPUT --- proc stop;

     CPU Time in minutes for this job was 0.00

     Time Start = 14:24:13.497   Time End = 14:24:13.933

     Wall Clock Time in minutes for this job was 0.01


          E X E C U T I O N   S U C C E S S F U L 
