
   Program  MARK  - Survival Rate Estimation with Capture-Recapture Data
   gfortran(dble) Vers. 9.0 Mar 2018    25-Mar-2020 12:08:00    Page  001
 - - - - - - - - - - - - - - - - - - - - - - - - - - - - - - - - - - - - - -
 
   This version was compiled by GCC version 7.2.0 using the options: 
     -cpp -iprefix C:/Program Files/mingw-w64/x86_64-7.2.0-posix-seh-rt_v5-rev1/
     mingw64/bin/../lib/gcc/x86_64-w64-mingw32/7.2.0/ -D_MT -D_REENTRANT
     -U_REENTRANT -D IEEE -D DBLEPRECISION -m64 -mtune=core2 -march=nocona -mthreads
     -O2 -fimplicit-none -fbounds-check -funroll-loops -ftree-vectorize
     -ffpe-summary=invalid,zero,overflow,underflow -fno-unsafe-math-optimizations
     -frounding-math -fsignaling-nans -fopenmp.

   This problem will use 15 of 16 possible threads.


  INPUT --- proc title ;

   CPU Time for the last procedure was 0.02 seconds.     


  INPUT --- proc chmatrix occasions= 33 groups= 2 etype= POPAN Nodes= 
  INPUT --- 101 ICMeans NoHist hist= 41  ;

  INPUT ---    time interval 0.00547945205479452 0.00273972602739726 
  INPUT ---    0.00273972602739726 0.00547945205479452  
  INPUT ---    0.00821917808219178 0.00273972602739726 0.00273972602739726 
  INPUT ---    0.00547945205479452  0.00547945205479452 
  INPUT ---    0.00821917808219178 0.00273972602739726 0.0136986301369863 
  INPUT ---    0.00547945205479452  0.0273972602739726 0.00273972602739726 
  INPUT ---    0.00547945205479452 0.00273972602739726 0.010958904109589  
  INPUT ---    0.23013698630137 0.00821917808219178 0.254794520547945 
  INPUT ---    0.0246575342465753 0.00821917808219178  0.00273972602739726 
  INPUT ---    0.00273972602739726 0.0520547945205479 0.00273972602739726 
  INPUT ---    0.00273972602739726  0.117808219178082 0.575342465753425 
  INPUT ---    0.00273972602739726 0.00273972602739726 ;

  INPUT ---    glabel(1)=sexF;

  INPUT ---    glabel(2)=sexM;

   * *  WARNING  * *   At least a pair of the encounter histories are duplicates. 

      Number of unique encounter histories read was 38.

      Number of individual covariates read was 0.
      Time interval lengths vary and/or not equal to 1.

      Data type number is 19
      Data type is POPAN                                                                                               

   CPU Time for the last procedure was 0.01 seconds.     

  Program  MARK  - Survival Rate Estimation with Capture-Recapture Data
   gfortran(dble) Vers. 9.0 Mar 2018    25-Mar-2020 12:08:00    Page  002
 - - - - - - - - - - - - - - - - - - - - - - - - - - - - - - - - - - - - - -
 


  INPUT --- proc estimate link=Parm-Specific NOLOOP varest=2ndPart    ;


  INPUT --- model={ Phi(~sex)p(~sex)pent(~1)N(~1) };

  INPUT ---    group=1 Phi    rows=1 cols=32 Square ;
  INPUT ---        1 1 1 1 1 1 1 1 1 1 1 1 1 1 1 1 1 1 1 1 1 1 1 1 1 1 1 1 1 
  INPUT ---       1 1 1 ;

  INPUT ---    group=2 Phi    rows=1 cols=32 Square ;
  INPUT ---        2 2 2 2 2 2 2 2 2 2 2 2 2 2 2 2 2 2 2 2 2 2 2 2 2 2 2 2 2 
  INPUT ---       2 2 2 ;

  INPUT ---    group=1 p    rows=1 cols=33 Square ;
  INPUT ---        3 3 3 3 3 3 3 3 3 3 3 3 3 3 3 3 3 3 3 3 3 3 3 3 3 3 3 3 3 
  INPUT ---       3 3 3 3 ;

  INPUT ---    group=2 p    rows=1 cols=33 Square ;
  INPUT ---        4 4 4 4 4 4 4 4 4 4 4 4 4 4 4 4 4 4 4 4 4 4 4 4 4 4 4 4 4 
  INPUT ---       4 4 4 4 ;

  INPUT ---    group=1 pent    rows=1 cols=32 Square ;
  INPUT ---        6 7 8 9 10 11 12 13 14 15 16 17 18 19 20 21 22 23 24 25 26 
  INPUT ---       27 28 29 30 31 32 33 34 35 36 37 ;

  INPUT ---    group=2 pent    rows=1 cols=32 Square ;
  INPUT ---        38 39 40 41 42 43 44 45 46 47 48 49 50 51 52 53 54 55 56 
  INPUT ---       57 58 59 60 61 62 63 64 65 66 67 68 69 ;

  INPUT ---    group=1 N    rows=1 cols=1 Square ;
  INPUT ---        5 ;

  INPUT ---    group=2 N    rows=1 cols=1 Square ;
  INPUT ---        5 ;

  INPUT ---    design matrix constraints=69 covariates=6;
  INPUT ---        1 0 0 0 0 0;
  INPUT ---        1 1 0 0 0 0;
  INPUT ---        0 0 1 0 0 0;
  INPUT ---        0 0 1 1 0 0;
  INPUT ---        0 0 0 0 0 1;
  INPUT ---        0 0 0 0 1 0;
  INPUT ---        0 0 0 0 1 0;
  INPUT ---        0 0 0 0 1 0;

  Program  MARK  - Survival Rate Estimation with Capture-Recapture Data
   gfortran(dble) Vers. 9.0 Mar 2018    25-Mar-2020 12:08:00    Page  003
 - - - - - - - - - - - - - - - - - - - - - - - - - - - - - - - - - - - - - -
 
  INPUT ---        0 0 0 0 1 0;
  INPUT ---        0 0 0 0 1 0;
  INPUT ---        0 0 0 0 1 0;
  INPUT ---        0 0 0 0 1 0;
  INPUT ---        0 0 0 0 1 0;
  INPUT ---        0 0 0 0 1 0;
  INPUT ---        0 0 0 0 1 0;
  INPUT ---        0 0 0 0 1 0;
  INPUT ---        0 0 0 0 1 0;
  INPUT ---        0 0 0 0 1 0;
  INPUT ---        0 0 0 0 1 0;
  INPUT ---        0 0 0 0 1 0;
  INPUT ---        0 0 0 0 1 0;
  INPUT ---        0 0 0 0 1 0;
  INPUT ---        0 0 0 0 1 0;
  INPUT ---        0 0 0 0 1 0;
  INPUT ---        0 0 0 0 1 0;
  INPUT ---        0 0 0 0 1 0;
  INPUT ---        0 0 0 0 1 0;
  INPUT ---        0 0 0 0 1 0;
  INPUT ---        0 0 0 0 1 0;
  INPUT ---        0 0 0 0 1 0;
  INPUT ---        0 0 0 0 1 0;
  INPUT ---        0 0 0 0 1 0;
  INPUT ---        0 0 0 0 1 0;
  INPUT ---        0 0 0 0 1 0;
  INPUT ---        0 0 0 0 1 0;
  INPUT ---        0 0 0 0 1 0;
  INPUT ---        0 0 0 0 1 0;
  INPUT ---        0 0 0 0 1 0;
  INPUT ---        0 0 0 0 1 0;
  INPUT ---        0 0 0 0 1 0;
  INPUT ---        0 0 0 0 1 0;
  INPUT ---        0 0 0 0 1 0;
  INPUT ---        0 0 0 0 1 0;
  INPUT ---        0 0 0 0 1 0;
  INPUT ---        0 0 0 0 1 0;
  INPUT ---        0 0 0 0 1 0;
  INPUT ---        0 0 0 0 1 0;
  INPUT ---        0 0 0 0 1 0;
  INPUT ---        0 0 0 0 1 0;
  INPUT ---        0 0 0 0 1 0;
  INPUT ---        0 0 0 0 1 0;
  INPUT ---        0 0 0 0 1 0;
  INPUT ---        0 0 0 0 1 0;
  INPUT ---        0 0 0 0 1 0;

  Program  MARK  - Survival Rate Estimation with Capture-Recapture Data
   gfortran(dble) Vers. 9.0 Mar 2018    25-Mar-2020 12:08:00    Page  004
 - - - - - - - - - - - - - - - - - - - - - - - - - - - - - - - - - - - - - -
 
  INPUT ---        0 0 0 0 1 0;
  INPUT ---        0 0 0 0 1 0;
  INPUT ---        0 0 0 0 1 0;
  INPUT ---        0 0 0 0 1 0;
  INPUT ---        0 0 0 0 1 0;
  INPUT ---        0 0 0 0 1 0;
  INPUT ---        0 0 0 0 1 0;
  INPUT ---        0 0 0 0 1 0;
  INPUT ---        0 0 0 0 1 0;
  INPUT ---        0 0 0 0 1 0;
  INPUT ---        0 0 0 0 1 0;
  INPUT ---        0 0 0 0 1 0;
  INPUT ---        0 0 0 0 1 0;
  INPUT ---        0 0 0 0 1 0;
  INPUT ---        0 0 0 0 1 0;

  INPUT ---    links=69;

  INPUT ---    Logit;

  INPUT ---    Logit;

  INPUT ---    Logit;

  INPUT ---    Logit;

  INPUT ---    Log;

  INPUT ---    mlogit(1);

  INPUT ---    mlogit(1);

  INPUT ---    mlogit(1);

  INPUT ---    mlogit(1);

  INPUT ---    mlogit(1);

  INPUT ---    mlogit(1);

  INPUT ---    mlogit(1);

  INPUT ---    mlogit(1);

  INPUT ---    mlogit(1);


  Program  MARK  - Survival Rate Estimation with Capture-Recapture Data
   gfortran(dble) Vers. 9.0 Mar 2018    25-Mar-2020 12:08:00    Page  005
 - - - - - - - - - - - - - - - - - - - - - - - - - - - - - - - - - - - - - -
 
  INPUT ---    mlogit(1);

  INPUT ---    mlogit(1);

  INPUT ---    mlogit(1);

  INPUT ---    mlogit(1);

  INPUT ---    mlogit(1);

  INPUT ---    mlogit(1);

  INPUT ---    mlogit(1);

  INPUT ---    mlogit(1);

  INPUT ---    mlogit(1);

  INPUT ---    mlogit(1);

  INPUT ---    mlogit(1);

  INPUT ---    mlogit(1);

  INPUT ---    mlogit(1);

  INPUT ---    mlogit(1);

  INPUT ---    mlogit(1);

  INPUT ---    mlogit(1);

  INPUT ---    mlogit(1);

  INPUT ---    mlogit(1);

  INPUT ---    mlogit(1);

  INPUT ---    mlogit(1);

  INPUT ---    mlogit(1);

  INPUT ---    mlogit(1);

  INPUT ---    mlogit(1);


  Program  MARK  - Survival Rate Estimation with Capture-Recapture Data
   gfortran(dble) Vers. 9.0 Mar 2018    25-Mar-2020 12:08:00    Page  006
 - - - - - - - - - - - - - - - - - - - - - - - - - - - - - - - - - - - - - -
 
  INPUT ---    mlogit(2);

  INPUT ---    mlogit(2);

  INPUT ---    mlogit(2);

  INPUT ---    mlogit(2);

  INPUT ---    mlogit(2);

  INPUT ---    mlogit(2);

  INPUT ---    mlogit(2);

  INPUT ---    mlogit(2);

  INPUT ---    mlogit(2);

  INPUT ---    mlogit(2);

  INPUT ---    mlogit(2);

  INPUT ---    mlogit(2);

  INPUT ---    mlogit(2);

  INPUT ---    mlogit(2);

  INPUT ---    mlogit(2);

  INPUT ---    mlogit(2);

  INPUT ---    mlogit(2);

  INPUT ---    mlogit(2);

  INPUT ---    mlogit(2);

  INPUT ---    mlogit(2);

  INPUT ---    mlogit(2);

  INPUT ---    mlogit(2);

  INPUT ---    mlogit(2);


  Program  MARK  - Survival Rate Estimation with Capture-Recapture Data
   gfortran(dble) Vers. 9.0 Mar 2018    25-Mar-2020 12:08:00    Page  007
 - - - - - - - - - - - - - - - - - - - - - - - - - - - - - - - - - - - - - -
 
  INPUT ---    mlogit(2);

  INPUT ---    mlogit(2);

  INPUT ---    mlogit(2);

  INPUT ---    mlogit(2);

  INPUT ---    mlogit(2);

  INPUT ---    mlogit(2);

  INPUT ---    mlogit(2);

  INPUT ---    mlogit(2);

  INPUT ---    mlogit(2);
  INPUT ---       blabel(1)=Phi:(Intercept);
  INPUT ---       blabel(2)=Phi:sexM;
  INPUT ---       blabel(3)=p:(Intercept);
  INPUT ---       blabel(4)=p:sexM;
  INPUT ---       blabel(5)=pent:(Intercept);
  INPUT ---       blabel(6)=N:(Intercept);
  INPUT ---       rlabel(1)=Phi gF a0 t1;
  INPUT ---       rlabel(2)=Phi gM a0 t1;
  INPUT ---       rlabel(3)=p gF a0 t1;
  INPUT ---       rlabel(4)=p gM a0 t1;
  INPUT ---       rlabel(5)=N gF a0 t1;
  INPUT ---       rlabel(6)=pent gF a0.00547945205479452 t1.00547945205479;
  INPUT ---       rlabel(7)=pent gF a0.00821917808219178 t1.00821917808219;
  INPUT ---       rlabel(8)=pent gF a0.010958904109589 t1.01095890410959;
  INPUT ---       rlabel(9)=pent gF a0.0164383561643836 t1.01643835616438;
  INPUT ---       rlabel(10)=pent gF a0.0246575342465753 t1.02465753424658;
  INPUT ---       rlabel(11)=pent gF a0.0273972602739726 t1.02739726027397;
  INPUT ---       rlabel(12)=pent gF a0.0301369863013699 t1.03013698630137;
  INPUT ---       rlabel(13)=pent gF a0.0356164383561644 t1.03561643835616;
  INPUT ---       rlabel(14)=pent gF a0.0410958904109589 t1.04109589041096;
  INPUT ---       rlabel(15)=pent gF a0.0493150684931507 t1.04931506849315;
  INPUT ---       rlabel(16)=pent gF a0.0520547945205479 t1.05205479452055;
  INPUT ---       rlabel(17)=pent gF a0.0657534246575342 t1.06575342465753;
  INPUT ---       rlabel(18)=pent gF a0.0712328767123288 t1.07123287671233;
  INPUT ---       rlabel(19)=pent gF a0.0986301369863014 t1.0986301369863;
  INPUT ---       rlabel(20)=pent gF a0.101369863013699 t1.1013698630137;
  INPUT ---       rlabel(21)=pent gF a0.106849315068493 t1.10684931506849;
  INPUT ---       rlabel(22)=pent gF a0.10958904109589 t1.10958904109589;
  INPUT ---       rlabel(23)=pent gF a0.120547945205479 t1.12054794520548;

  Program  MARK  - Survival Rate Estimation with Capture-Recapture Data
   gfortran(dble) Vers. 9.0 Mar 2018    25-Mar-2020 12:08:00    Page  008
 - - - - - - - - - - - - - - - - - - - - - - - - - - - - - - - - - - - - - -
 
  INPUT ---       rlabel(24)=pent gF a0.350684931506849 t1.35068493150685;
  INPUT ---       rlabel(25)=pent gF a0.358904109589041 t1.35890410958904;
  INPUT ---       rlabel(26)=pent gF a0.613698630136986 t1.61369863013699;
  INPUT ---       rlabel(27)=pent gF a0.638356164383562 t1.63835616438356;
  INPUT ---       rlabel(28)=pent gF a0.646575342465753 t1.64657534246575;
  INPUT ---       rlabel(29)=pent gF a0.649315068493151 t1.64931506849315;
  INPUT ---       rlabel(30)=pent gF a0.652054794520548 t1.65205479452055;
  INPUT ---       rlabel(31)=pent gF a0.704109589041096 t1.7041095890411;
  INPUT ---       rlabel(32)=pent gF a0.706849315068493 t1.70684931506849;
  INPUT ---       rlabel(33)=pent gF a0.70958904109589 t1.70958904109589;
  INPUT ---       rlabel(34)=pent gF a0.827397260273973 t1.82739726027397;
  INPUT ---       rlabel(35)=pent gF a1.4027397260274 t2.4027397260274;
  INPUT ---       rlabel(36)=pent gF a1.40547945205479 t2.40547945205479;
  INPUT ---       rlabel(37)=pent gF a1.40821917808219 t2.40821917808219;
  INPUT ---       rlabel(38)=pent gM a0.00547945205479452 t1.00547945205479;
  INPUT ---       rlabel(39)=pent gM a0.00821917808219178 t1.00821917808219;
  INPUT ---       rlabel(40)=pent gM a0.010958904109589 t1.01095890410959;
  INPUT ---       rlabel(41)=pent gM a0.0164383561643836 t1.01643835616438;
  INPUT ---       rlabel(42)=pent gM a0.0246575342465753 t1.02465753424658;
  INPUT ---       rlabel(43)=pent gM a0.0273972602739726 t1.02739726027397;
  INPUT ---       rlabel(44)=pent gM a0.0301369863013699 t1.03013698630137;
  INPUT ---       rlabel(45)=pent gM a0.0356164383561644 t1.03561643835616;
  INPUT ---       rlabel(46)=pent gM a0.0410958904109589 t1.04109589041096;
  INPUT ---       rlabel(47)=pent gM a0.0493150684931507 t1.04931506849315;
  INPUT ---       rlabel(48)=pent gM a0.0520547945205479 t1.05205479452055;
  INPUT ---       rlabel(49)=pent gM a0.0657534246575342 t1.06575342465753;
  INPUT ---       rlabel(50)=pent gM a0.0712328767123288 t1.07123287671233;
  INPUT ---       rlabel(51)=pent gM a0.0986301369863014 t1.0986301369863;
  INPUT ---       rlabel(52)=pent gM a0.101369863013699 t1.1013698630137;
  INPUT ---       rlabel(53)=pent gM a0.106849315068493 t1.10684931506849;
  INPUT ---       rlabel(54)=pent gM a0.10958904109589 t1.10958904109589;
  INPUT ---       rlabel(55)=pent gM a0.120547945205479 t1.12054794520548;
  INPUT ---       rlabel(56)=pent gM a0.350684931506849 t1.35068493150685;
  INPUT ---       rlabel(57)=pent gM a0.358904109589041 t1.35890410958904;
  INPUT ---       rlabel(58)=pent gM a0.613698630136986 t1.61369863013699;
  INPUT ---       rlabel(59)=pent gM a0.638356164383562 t1.63835616438356;
  INPUT ---       rlabel(60)=pent gM a0.646575342465753 t1.64657534246575;
  INPUT ---       rlabel(61)=pent gM a0.649315068493151 t1.64931506849315;
  INPUT ---       rlabel(62)=pent gM a0.652054794520548 t1.65205479452055;
  INPUT ---       rlabel(63)=pent gM a0.704109589041096 t1.7041095890411;
  INPUT ---       rlabel(64)=pent gM a0.706849315068493 t1.70684931506849;
  INPUT ---       rlabel(65)=pent gM a0.70958904109589 t1.70958904109589;
  INPUT ---       rlabel(66)=pent gM a0.827397260273973 t1.82739726027397;
  INPUT ---       rlabel(67)=pent gM a1.4027397260274 t2.4027397260274;
  INPUT ---       rlabel(68)=pent gM a1.40547945205479 t2.40547945205479;
  INPUT ---       rlabel(69)=pent gM a1.40821917808219 t2.40821917808219;

  Program  MARK  - Survival Rate Estimation with Capture-Recapture Data
   gfortran(dble) Vers. 9.0 Mar 2018    25-Mar-2020 12:08:00    Page  009
 - - - - - - - - - - - - - - - - - - - - - - - - - - - - - - - - - - - - - -
 

 Link Function Used is PARM-SPECIFIC

 Variance Estimation Procedure Used is 2ndPart 

 M(t+1):
      16     29



 Group: 1

 U(t)+UL(t):
       0    2    2    0    1    0    3    1    1    0    0    0    0    0    1
       0    0    0    2    1    1    0    0    0    1    0    0    0    0    0
       0    0    0

 U(t):
       0    2    2    0    1    0    3    1    1    0    0    0    0    0    1
       0    0    0    2    1    1    0    0    0    1    0    0    0    0    0
       0    0    0

 UL(t):
       0    0    0    0    0    0    0    0    0    0    0    0    0    0    0
       0    0    0    0    0    0    0    0    0    0    0    0    0    0    0
       0    0    0

 Not Released(t):
       0    0    0    0    0    0    0    0    0    0    0    0    0    0    0
       0    0    0    0    0    0    0    0    0    0    0    0    0    0    0
       0    0    0

 Group: 2

 U(t)+UL(t):
       3    0    1    1    1    1    1    0    1    1    2    1    3    3    1
       1    0    2    3    1    0    0    1    0    0    0    0    0    0    1
       0    0    0

 U(t):
       3    0    1    1    1    1    1    0    1    1    2    1    3    3    1
       1    0    2    3    1    0    0    1    0    0    0    0    0    0    1
       0    0    0

 UL(t):
       0    0    0    0    0    0    0    0    0    0    0    0    0    0    0
       0    0    0    0    0    0    0    0    0    0    0    0    0    0    0
       0    0    0

 Not Released(t):
       0    0    0    0    0    0    0    0    0    0    0    0    0    0    0
       0    0    0    0    0    0    0    0    0    0    0    0    0    0    0
       0    0    0
 -2logL(saturated) = 272.93564     
 Effective Sample Size = 103

 Number of function evaluations was 21 for 6 parameters.
 Time for numerical optimization was 0.03 seconds.     
 -2logL { Phi(~sex)p(~sex)pent(~1)N(~1) } = 552.95464     
 Penalty { Phi(~sex)p(~sex)pent(~1)N(~1) } = 0.0000000     
 Gradient { Phi(~sex)p(~sex)pent(~1)N(~1) }:
  0.1171301E-04   0.000000      0.8585610E-05  0.2767106E-04  0.2745298E-05
   0.000000    
 Maximum ABS(G) { Phi(~sex)p(~sex)pent(~1)N(~1) } = 0.2767106E-04 
 S Vector { Phi(~sex)p(~sex)pent(~1)N(~1) }:
   126.0236      11.56633      5.757369      3.175837     0.5186084    
  0.3687396    
 Time to compute number of parameters was 0.02 seconds.     
 Ratio Threshold = 50.000000       Max Gap (1/2) = 10.895730       Next Max Gap (1/2) = 10.895730     
 Gap Method for Num. of Estimated Parameters { Phi(~sex)p(~sex)pent(~1)N(~1) } = 6          
 Threshold { Phi(~sex)p(~sex)pent(~1)N(~1) } = 0.5534211E-04                 
 Numerical Threshold Method for Num. of Estimated Parameters { Phi(~sex)p(~sex)pent(~1)N(~1) } = 6          
 Number of Estimated Parameters { Phi(~sex)p(~sex)pent(~1)N(~1) } = 6          
 DEVIANCE { Phi(~sex)p(~sex)pent(~1)N(~1) } = 280.01900                     
 DEVIANCE Degrees of Freedom { Phi(~sex)p(~sex)pent(~1)N(~1) } = 35            
 c-hat { Phi(~sex)p(~sex)pent(~1)N(~1) } = 8.0005427                     
 AIC { Phi(~sex)p(~sex)pent(~1)N(~1) } = 564.95464                  
 AICc { Phi(~sex)p(~sex)pent(~1)N(~1) } = 565.82964                    
 BIC { Phi(~sex)p(~sex)pent(~1)N(~1) } = 580.76301                    
 Pearson Chisquare { Phi(~sex)p(~sex)pent(~1)N(~1) } = 21651555.                  


              PARM-SPECIFIC Link Function Parameters of { Phi(~sex)p(~sex)pent(~1)N(~1) }
                                                              95% Confidence Interval
 Parameter                    Beta         Standard Error      Lower           Upper
 -------------------------  --------------  --------------  --------------  --------------
    1:Phi:(Intercept)       -1.6054440       1.0359771      -3.6359591       0.4250712    
    2:Phi:sexM               2.5957657       1.3118087       0.0246207       5.1669108    
    3:p:(Intercept)         -2.5545030       0.2764684      -3.0963811      -2.0126250    
    4:p:sexM                 0.1028700       0.2884172      -0.4624277       0.6681678    
    5:pent:(Intercept)      -4.5581546       1.3807429      -7.2644108      -1.8518983    
    6:N:(Intercept)          1.8196745       0.6024766       0.6388203       3.0005287    


              Real Function Parameters of { Phi(~sex)p(~sex)pent(~1)N(~1) }
                                                               95% Confidence Interval
  Parameter                  Estimate       Standard Error      Lower           Upper
 --------------------------  --------------  --------------  --------------  --------------
     1:Phi gF a0 t1           0.1672221       0.1442690       0.0256817       0.6046961                          
     2:Phi gM a0 t1           0.7291515       0.2072835       0.2559972       0.9546754                          
     3:p gF a0 t1             0.0721246       0.0185020       0.0432568       0.1178837                          
     4:p gM a0 t1             0.0793192       0.0137708       0.0561877       0.1108551                          
     5:N gF a0 t1             22.169850       3.7171904       18.072944       34.363757                          
     6:pent gF a0.005479452   0.0078488       0.0081153       0.0010250       0.0574902                          
     7:pent gF a0.008219178   0.0078488       0.0081153       0.0010250       0.0574902                          

  Program  MARK  - Survival Rate Estimation with Capture-Recapture Data
   gfortran(dble) Vers. 9.0 Mar 2018    25-Mar-2020 12:08:01    Page  010
 - - - - - - - - - - - - - - - - - - - - - - - - - - - - - - - - - - - - - -
 
     8:pent gF a0.010958904   0.0078488       0.0081153       0.0010250       0.0574902                          
     9:pent gF a0.016438356   0.0078488       0.0081153       0.0010250       0.0574902                          
    10:pent gF a0.024657534   0.0078488       0.0081153       0.0010250       0.0574902                          
    11:pent gF a0.027397260   0.0078488       0.0081153       0.0010250       0.0574902                          
    12:pent gF a0.030136986   0.0078488       0.0081153       0.0010250       0.0574902                          
    13:pent gF a0.035616438   0.0078488       0.0081153       0.0010250       0.0574902                          
    14:pent gF a0.041095890   0.0078488       0.0081153       0.0010250       0.0574902                          
    15:pent gF a0.049315068   0.0078488       0.0081153       0.0010250       0.0574902                          
    16:pent gF a0.052054794   0.0078488       0.0081153       0.0010250       0.0574902                          
    17:pent gF a0.065753424   0.0078488       0.0081153       0.0010250       0.0574902                          
    18:pent gF a0.071232876   0.0078488       0.0081153       0.0010250       0.0574902                          
    19:pent gF a0.098630136   0.0078488       0.0081153       0.0010250       0.0574902                          
    20:pent gF a0.101369863   0.0078488       0.0081153       0.0010250       0.0574902                          
    21:pent gF a0.106849315   0.0078488       0.0081153       0.0010250       0.0574902                          
    22:pent gF a0.109589041   0.0078488       0.0081153       0.0010250       0.0574902                          
    23:pent gF a0.120547945   0.0078488       0.0081153       0.0010250       0.0574902                          
    24:pent gF a0.350684931   0.0078488       0.0081153       0.0010250       0.0574902                          
    25:pent gF a0.358904109   0.0078488       0.0081153       0.0010250       0.0574902                          
    26:pent gF a0.613698630   0.0078488       0.0081153       0.0010250       0.0574902                          
    27:pent gF a0.638356164   0.0078488       0.0081153       0.0010250       0.0574902                          
    28:pent gF a0.646575342   0.0078488       0.0081153       0.0010250       0.0574902                          
    29:pent gF a0.649315068   0.0078488       0.0081153       0.0010250       0.0574902                          
    30:pent gF a0.652054794   0.0078488       0.0081153       0.0010250       0.0574902                          
    31:pent gF a0.704109589   0.0078488       0.0081153       0.0010250       0.0574902                          
    32:pent gF a0.706849315   0.0078488       0.0081153       0.0010250       0.0574902                          
    33:pent gF a0.709589041   0.0078488       0.0081153       0.0010250       0.0574902                          
    34:pent gF a0.827397260   0.0078488       0.0081153       0.0010250       0.0574902                          
    35:pent gF a1.402739726   0.0078488       0.0081153       0.0010250       0.0574902                          
    36:pent gF a1.405479452   0.0078488       0.0081153       0.0010250       0.0574902                          
    37:pent gF a1.408219178   0.0078488       0.0081153       0.0010250       0.0574902                          
    38:pent gM a0.005479452   0.0078488       0.0081153       0.0010250       0.0574902                          
    39:pent gM a0.008219178   0.0078488       0.0081153       0.0010250       0.0574902                          
    40:pent gM a0.010958904   0.0078488       0.0081153       0.0010250       0.0574902                          
    41:pent gM a0.016438356   0.0078488       0.0081153       0.0010250       0.0574902                          
    42:pent gM a0.024657534   0.0078488       0.0081153       0.0010250       0.0574902                          
    43:pent gM a0.027397260   0.0078488       0.0081153       0.0010250       0.0574902                          
    44:pent gM a0.030136986   0.0078488       0.0081153       0.0010250       0.0574902                          
    45:pent gM a0.035616438   0.0078488       0.0081153       0.0010250       0.0574902                          
    46:pent gM a0.041095890   0.0078488       0.0081153       0.0010250       0.0574902                          
    47:pent gM a0.049315068   0.0078488       0.0081153       0.0010250       0.0574902                          
    48:pent gM a0.052054794   0.0078488       0.0081153       0.0010250       0.0574902                          
    49:pent gM a0.065753424   0.0078488       0.0081153       0.0010250       0.0574902                          
    50:pent gM a0.071232876   0.0078488       0.0081153       0.0010250       0.0574902                          
    51:pent gM a0.098630136   0.0078488       0.0081153       0.0010250       0.0574902                          
    52:pent gM a0.101369863   0.0078488       0.0081153       0.0010250       0.0574902                          
    53:pent gM a0.106849315   0.0078488       0.0081153       0.0010250       0.0574902                          

  Program  MARK  - Survival Rate Estimation with Capture-Recapture Data
   gfortran(dble) Vers. 9.0 Mar 2018    25-Mar-2020 12:08:01    Page  011
 - - - - - - - - - - - - - - - - - - - - - - - - - - - - - - - - - - - - - -
 
    54:pent gM a0.109589041   0.0078488       0.0081153       0.0010250       0.0574902                          
    55:pent gM a0.120547945   0.0078488       0.0081153       0.0010250       0.0574902                          
    56:pent gM a0.350684931   0.0078488       0.0081153       0.0010250       0.0574902                          
    57:pent gM a0.358904109   0.0078488       0.0081153       0.0010250       0.0574902                          
    58:pent gM a0.613698630   0.0078488       0.0081153       0.0010250       0.0574902                          
    59:pent gM a0.638356164   0.0078488       0.0081153       0.0010250       0.0574902                          
    60:pent gM a0.646575342   0.0078488       0.0081153       0.0010250       0.0574902                          
    61:pent gM a0.649315068   0.0078488       0.0081153       0.0010250       0.0574902                          
    62:pent gM a0.652054794   0.0078488       0.0081153       0.0010250       0.0574902                          
    63:pent gM a0.704109589   0.0078488       0.0081153       0.0010250       0.0574902                          
    64:pent gM a0.706849315   0.0078488       0.0081153       0.0010250       0.0574902                          
    65:pent gM a0.709589041   0.0078488       0.0081153       0.0010250       0.0574902                          
    66:pent gM a0.827397260   0.0078488       0.0081153       0.0010250       0.0574902                          
    67:pent gM a1.402739726   0.0078488       0.0081153       0.0010250       0.0574902                          
    68:pent gM a1.405479452   0.0078488       0.0081153       0.0010250       0.0574902                          
    69:pent gM a1.408219178   0.0078488       0.0081153       0.0010250       0.0574902                          


                      Estimates of Derived Parameters
  Gross Birth+Immigration Estimates of { Phi(~sex)p(~sex)pent(~1)N(~1) }
                                                95% Confidence Interval
 Grp. Occ.   B*-hat          Standard Error      Lower           Upper
 ---- ----   --------------  --------------  --------------  --------------
   1     1    0.1748618       0.2034129       0.0285264       1.0718732    
   1     2    0.1744344       0.2028212       0.0284728       1.0686467    
   1     3    0.1744344       0.2028212       0.0284728       1.0686467    
   1     4    0.1748618       0.2034129       0.0285264       1.0718732    
   1     5    0.1752898       0.2040058       0.0285800       1.0751071    
   1     6    0.1744344       0.2028212       0.0284728       1.0686467    
   1     7    0.1744344       0.2028212       0.0284728       1.0686467    
   1     8    0.1748618       0.2034129       0.0285264       1.0718732    
   1     9    0.1748618       0.2034129       0.0285264       1.0718732    
   1    10    0.1752898       0.2040058       0.0285800       1.0751071    
   1    11    0.1744344       0.2028212       0.0284728       1.0686467    
   1    12    0.1761480       0.2051956       0.0286873       1.0815973    
   1    13    0.1748618       0.2034129       0.0285264       1.0718732    
   1    14    0.1783056       0.2081924       0.0289565       1.0979524    
   1    15    0.1744344       0.2028212       0.0284728       1.0686467    
   1    16    0.1748618       0.2034129       0.0285264       1.0718732    
   1    17    0.1744344       0.2028212       0.0284728       1.0686467    
   1    18    0.1757185       0.2046001       0.0286336       1.0783485    
   1    19    0.2122667       0.2562914       0.0330881       1.3617340    
   1    20    0.1752898       0.2040058       0.0285800       1.0751071    
   1    21    0.2166546       0.2626169       0.0336101       1.3965814    
   1    22    0.1778727       0.2075905       0.0289026       1.0946665    

  Program  MARK  - Survival Rate Estimation with Capture-Recapture Data
   gfortran(dble) Vers. 9.0 Mar 2018    25-Mar-2020 12:08:01    Page  012
 - - - - - - - - - - - - - - - - - - - - - - - - - - - - - - - - - - - - - -
 
   1    23    0.1752898       0.2040058       0.0285800       1.0751071    
   1    24    0.1744344       0.2028212       0.0284728       1.0686467    
   1    25    0.1744344       0.2028212       0.0284728       1.0686467    
   1    26    0.1822332       0.2136676       0.0294442       1.1278598    
   1    27    0.1744344       0.2028212       0.0284728       1.0686467    
   1    28    0.1744344       0.2028212       0.0284728       1.0686467    
   1    29    0.1929820       0.2287764       0.0307644       1.2105584    
   1    30    0.2786198       0.3538824       0.0408074       1.9023245    
   1    31    0.1744344       0.2028212       0.0284728       1.0686467    
   1    32    0.1744344       0.2028212       0.0284728       1.0686467    
   2     1    0.2762817       0.3077540       0.0475067       1.6067536    
   2     2    0.2761622       0.3075736       0.0474950       1.6057602    
   2     3    0.2761622       0.3075736       0.0474950       1.6057602    
   2     4    0.2762817       0.3077540       0.0475067       1.6067536    
   2     5    0.2764013       0.3079345       0.0475184       1.6077476    
   2     6    0.2761622       0.3075736       0.0474950       1.6057602    
   2     7    0.2761622       0.3075736       0.0474950       1.6057602    
   2     8    0.2762817       0.3077540       0.0475067       1.6067536    
   2     9    0.2762817       0.3077540       0.0475067       1.6067536    
   2    10    0.2764013       0.3079345       0.0475184       1.6077476    
   2    11    0.2761622       0.3075736       0.0474950       1.6057602    
   2    12    0.2766404       0.3082959       0.0475419       1.6097374    
   2    13    0.2762817       0.3077540       0.0475067       1.6067536    
   2    14    0.2772389       0.3092009       0.0476004       1.6147220    
   2    15    0.2761622       0.3075736       0.0474950       1.6057602    
   2    16    0.2762817       0.3077540       0.0475067       1.6067536    
   2    17    0.2761622       0.3075736       0.0474950       1.6057602    
   2    18    0.2765208       0.3081151       0.0475302       1.6087422    
   2    19    0.2861977       0.3228753       0.0484612       1.6901999    
   2    20    0.2764013       0.3079345       0.0475184       1.6077476    
   2    21    0.2873001       0.3245742       0.0485652       1.6995979    
   2    22    0.2771192       0.3090197       0.0475887       1.6137239    
   2    23    0.2764013       0.3079345       0.0475184       1.6077476    
   2    24    0.2761622       0.3075736       0.0474950       1.6057602    
   2    25    0.2761622       0.3075736       0.0474950       1.6057602    
   2    26    0.2783184       0.3108359       0.0477057       1.6237310    
   2    27    0.2761622       0.3075736       0.0474950       1.6057602    
   2    28    0.2761622       0.3075736       0.0474950       1.6057602    
   2    29    0.2812108       0.3152341       0.0479855       1.6479860    
   2    30    0.3018855       0.3473647       0.0499072       1.8260862    
   2    31    0.2761622       0.3075736       0.0474950       1.6057602    
   2    32    0.2761622       0.3075736       0.0474950       1.6057602    

   Net Birth+Immigration Estimates of { Phi(~sex)p(~sex)pent(~1)N(~1) }
                                                95% Confidence Interval
 Grp. Occ.   B-hat           Standard Error      Lower           Upper
 ---- ----   --------------  --------------  --------------  --------------
   1     1    0.1740078       0.2022308       0.0284193       1.0654276    
   1     2    0.1740078       0.2022308       0.0284193       1.0654276    
   1     3    0.1740078       0.2022308       0.0284193       1.0654276    
   1     4    0.1740078       0.2022308       0.0284193       1.0654276    
   1     5    0.1740078       0.2022308       0.0284193       1.0654276    
   1     6    0.1740078       0.2022308       0.0284193       1.0654276    
   1     7    0.1740078       0.2022308       0.0284193       1.0654276    
   1     8    0.1740078       0.2022308       0.0284193       1.0654276    
   1     9    0.1740078       0.2022308       0.0284193       1.0654276    
   1    10    0.1740078       0.2022308       0.0284193       1.0654276    
   1    11    0.1740078       0.2022308       0.0284193       1.0654276    
   1    12    0.1740078       0.2022308       0.0284193       1.0654276    
   1    13    0.1740078       0.2022308       0.0284193       1.0654276    
   1    14    0.1740078       0.2022308       0.0284193       1.0654276    
   1    15    0.1740078       0.2022308       0.0284193       1.0654276    
   1    16    0.1740078       0.2022308       0.0284193       1.0654276    
   1    17    0.1740078       0.2022308       0.0284193       1.0654276    
   1    18    0.1740078       0.2022308       0.0284193       1.0654276    
   1    19    0.1740078       0.2022308       0.0284193       1.0654276    
   1    20    0.1740078       0.2022308       0.0284193       1.0654276    
   1    21    0.1740078       0.2022308       0.0284193       1.0654276    
   1    22    0.1740078       0.2022308       0.0284193       1.0654276    
   1    23    0.1740078       0.2022308       0.0284193       1.0654276    
   1    24    0.1740078       0.2022308       0.0284193       1.0654276    
   1    25    0.1740078       0.2022308       0.0284193       1.0654276    
   1    26    0.1740078       0.2022308       0.0284193       1.0654276    
   1    27    0.1740078       0.2022308       0.0284193       1.0654276    
   1    28    0.1740078       0.2022308       0.0284193       1.0654276    
   1    29    0.1740078       0.2022308       0.0284193       1.0654276    
   1    30    0.1740078       0.2022308       0.0284193       1.0654276    
   1    31    0.1740078       0.2022308       0.0284193       1.0654276    
   1    32    0.1740078       0.2022308       0.0284193       1.0654276    
   2     1    0.2760428       0.3073933       0.0474833       1.6047673    
   2     2    0.2760428       0.3073933       0.0474833       1.6047673    
   2     3    0.2760428       0.3073933       0.0474833       1.6047673    
   2     4    0.2760428       0.3073933       0.0474833       1.6047673    
   2     5    0.2760428       0.3073933       0.0474833       1.6047673    
   2     6    0.2760428       0.3073933       0.0474833       1.6047673    
   2     7    0.2760428       0.3073933       0.0474833       1.6047673    
   2     8    0.2760428       0.3073933       0.0474833       1.6047673    
   2     9    0.2760428       0.3073933       0.0474833       1.6047673    
   2    10    0.2760428       0.3073933       0.0474833       1.6047673    
   2    11    0.2760428       0.3073933       0.0474833       1.6047673    
   2    12    0.2760428       0.3073933       0.0474833       1.6047673    
   2    13    0.2760428       0.3073933       0.0474833       1.6047673    
   2    14    0.2760428       0.3073933       0.0474833       1.6047673    
   2    15    0.2760428       0.3073933       0.0474833       1.6047673    
   2    16    0.2760428       0.3073933       0.0474833       1.6047673    
   2    17    0.2760428       0.3073933       0.0474833       1.6047673    
   2    18    0.2760428       0.3073933       0.0474833       1.6047673    
   2    19    0.2760428       0.3073933       0.0474833       1.6047673    
   2    20    0.2760428       0.3073933       0.0474833       1.6047673    
   2    21    0.2760428       0.3073933       0.0474833       1.6047673    
   2    22    0.2760428       0.3073933       0.0474833       1.6047673    
   2    23    0.2760428       0.3073933       0.0474833       1.6047673    
   2    24    0.2760428       0.3073933       0.0474833       1.6047673    
   2    25    0.2760428       0.3073933       0.0474833       1.6047673    
   2    26    0.2760428       0.3073933       0.0474833       1.6047673    
   2    27    0.2760428       0.3073933       0.0474833       1.6047673    
   2    28    0.2760428       0.3073933       0.0474833       1.6047673    
   2    29    0.2760428       0.3073933       0.0474833       1.6047673    
   2    30    0.2760428       0.3073933       0.0474833       1.6047673    
   2    31    0.2760428       0.3073933       0.0474833       1.6047673    
   2    32    0.2760428       0.3073933       0.0474833       1.6047673    

        Population Estimates of { Phi(~sex)p(~sex)pent(~1)N(~1) }
                                                95% Confidence Interval
 Grp. Occ.   N-hat           Standard Error      Lower           Upper
 ---- ----   --------------  --------------  --------------  --------------
   1     1    16.601602       4.1782913       10.214016       26.983821    
   1     2    16.613714       3.9970159       10.436390       26.447411    
   1     3    16.706517       3.8257326       10.726192       26.021138    
   1     4    16.798866       3.6586822       11.016260       25.616852    

  Program  MARK  - Survival Rate Estimation with Capture-Recapture Data
   gfortran(dble) Vers. 9.0 Mar 2018    25-Mar-2020 12:08:01    Page  013
 - - - - - - - - - - - - - - - - - - - - - - - - - - - - - - - - - - - - - -
 
   1     5    16.809055       3.4932608       11.233364       25.152247    
   1     6    16.737787       3.3326539       11.372532       24.634223    
   1     7    16.829983       3.1810000       11.657532       24.297452    
   1     8    16.921729       3.0357076       11.938412       23.985174    
   1     9    16.930719       2.8987970       12.133484       23.624646    
   1    10    16.939623       2.7707796       12.319409       23.292580    
   1    11    16.866449       2.6562127       12.410518       22.922258    
   1    12    16.958016       2.5441204       12.658476       22.717925    
   1    13    16.721616       2.4656203       12.544104       22.290347    
   1    14    16.732558       2.3823390       12.675811       22.087621    
   1    15    16.106464       2.3836865       12.069951       21.492894    
   1    16    16.201746       2.3163886       12.259622       21.411472    
   1    17    16.217758       2.2740151       12.337174       21.318957    
   1    18    16.312496       2.2361800       12.484610       21.314045    
   1    19    16.169904       2.2442922       12.334637       21.197688    
   1    20    10.888179       3.1477593       6.2487162       18.972288    
   1    21    10.903307       3.1141287       6.2978126       18.876730    
   1    22    7.0868678       3.3472224       2.9408627       17.077878    
   1    23    6.9551471       3.2856094       2.8857819       16.762899    
   1    24    7.0276658       3.2388982       2.9732763       16.610661    
   1    25    7.1673235       3.2053483       3.1037892       16.550907    
   1    26    7.3062986       3.1841201       3.2265457       16.544628    
   1    27    6.8308173       3.1563989       2.8840945       16.178411    
   1    28    6.9714372       3.1519759       2.9937428       16.234172    
   1    29    7.1113697       3.1598874       3.0947481       16.341097    
   1    30    5.9343843       3.0662140       2.2872284       15.397202    
   1    31    2.2948265       2.0366019       0.5152168       10.221383    
   1    32    2.4576176       2.0183197       0.6016761       10.038431    
   1    33    2.6196129       2.0202302       0.6866216       9.9944016    
   2     1    26.336481       7.3474811       15.399857       45.040045    
   2     2    26.566980       7.0595405       15.922035       44.328782    
   2     3    26.820041       6.7719694       16.475637       43.659290    
   2     4    27.072884       6.4862781       17.038602       43.016501    
   2     5    27.302109       6.2048966       17.586208       42.385781    
   2     6    27.507361       5.9287515       18.115988       41.767247    
   2     7    27.759609       5.6499730       18.703305       41.201057    
   2     8    28.011639       5.3741653       19.297544       40.660715    
   2     9    28.239241       5.1052252       19.870166       40.133270    
   2    10    28.466449       4.8404341       20.446667       39.631825    
   2    11    28.668682       4.5845710       20.996321       39.144637    
   2    12    28.919926       4.3255029       21.606560       38.708712    
   2    13    29.071101       4.0919163       22.092007       38.254964    
   2    14    29.296871       3.8511014       22.667667       37.864799    
   2    15    29.320470       3.6670339       22.968057       37.429809    
   2    16    29.571150       3.4385785       23.562401       37.112216    
   2    17    29.796055       3.2290353       24.109069       36.824519    

  Program  MARK  - Survival Rate Estimation with Capture-Recapture Data
   gfortran(dble) Vers. 9.0 Mar 2018    25-Mar-2020 12:08:01    Page  014
 - - - - - - - - - - - - - - - - - - - - - - - - - - - - - - - - - - - - - -
 
   2    18    30.046323       3.0271192       24.674535       36.587579    
   2    19    30.218536       2.8640790       25.105930       36.372280    
   2    20    28.375809       3.6433513       22.085209       36.458182    
   2    21    28.578278       3.5188463       22.470856       36.345654    
   2    22    26.644382       4.7417173       18.849492       37.662717    
   2    23    26.713706       4.7399005       18.917719       37.722418    
   2    24    26.920484       4.6662844       19.214408       37.717137    
   2    25    27.173240       4.5804303       19.573148       37.724385    
   2    26    27.425777       4.5131516       19.907574       37.783270    
   2    27    27.254552       4.7295048       19.445578       38.199460    
   2    28    27.507018       4.6939807       19.734552       38.340676    
   2    29    27.759267       4.6775454       19.997575       38.533517    
   2    30    27.021301       5.2585259       18.517856       39.429548    
   2    31    22.806992       7.7438816       11.936940       43.575562    
   2    32    23.063306       7.6945854       12.200848       43.596647    
   2    33    23.319398       7.6570398       12.454872       43.661171    

     Gross Population Estimates of { Phi(~sex)p(~sex)pent(~1)N(~1) }
                                                95% Confidence Interval
 Grp. Occ.   N*-hat          Standard Error      Lower           Upper
 ---- ----   --------------  --------------  --------------  --------------
   1     0    22.410380       3.9952908       15.844586       31.696954    
   2     0    35.232318       3.7960267       28.542580       43.489978    

   CPU Time for the last procedure was 0.11 seconds.     

  Program  MARK  - Survival Rate Estimation with Capture-Recapture Data
   gfortran(dble) Vers. 9.0 Mar 2018    25-Mar-2020 12:08:01    Page  015
 - - - - - - - - - - - - - - - - - - - - - - - - - - - - - - - - - - - - - -
 


  INPUT --- proc stop;

     CPU Time in minutes for this job was 0.00

     Time Start = 12:08:00.653   Time End = 12:08:01.040

     Wall Clock Time in minutes for this job was 0.01


          E X E C U T I O N   S U C C E S S F U L 
