
   Program  MARK  - Survival Rate Estimation with Capture-Recapture Data
   gfortran(dble) Vers. 9.0 Mar 2018    25-Mar-2020 14:34:01    Page  001
 - - - - - - - - - - - - - - - - - - - - - - - - - - - - - - - - - - - - - -
 
   This version was compiled by GCC version 7.2.0 using the options: 
     -cpp -iprefix C:/Program Files/mingw-w64/x86_64-7.2.0-posix-seh-rt_v5-rev1/
     mingw64/bin/../lib/gcc/x86_64-w64-mingw32/7.2.0/ -D_MT -D_REENTRANT
     -U_REENTRANT -D IEEE -D DBLEPRECISION -m64 -mtune=core2 -march=nocona -mthreads
     -O2 -fimplicit-none -fbounds-check -funroll-loops -ftree-vectorize
     -ffpe-summary=invalid,zero,overflow,underflow -fno-unsafe-math-optimizations
     -frounding-math -fsignaling-nans -fopenmp.

   This problem will use 15 of 16 possible threads.


  INPUT --- proc title ;

   CPU Time for the last procedure was 0.02 seconds.     


  INPUT --- proc chmatrix occasions= 33 groups= 2 etype= POPAN Nodes= 
  INPUT --- 101 ICMeans NoHist hist= 41  ;

  INPUT ---    time interval 0.00547945205479452 0.00273972602739726 
  INPUT ---    0.00273972602739726 0.00547945205479452  
  INPUT ---    0.00821917808219178 0.00273972602739726 0.00273972602739726 
  INPUT ---    0.00547945205479452  0.00547945205479452 
  INPUT ---    0.00821917808219178 0.00273972602739726 0.0136986301369863 
  INPUT ---    0.00547945205479452  0.0273972602739726 0.00273972602739726 
  INPUT ---    0.00547945205479452 0.00273972602739726 0.010958904109589  
  INPUT ---    0.23013698630137 0.00821917808219178 0.254794520547945 
  INPUT ---    0.0246575342465753 0.00821917808219178  0.00273972602739726 
  INPUT ---    0.00273972602739726 0.0520547945205479 0.00273972602739726 
  INPUT ---    0.00273972602739726  0.117808219178082 0.575342465753425 
  INPUT ---    0.00273972602739726 0.00273972602739726 ;

  INPUT ---    glabel(1)=sexF;

  INPUT ---    glabel(2)=sexM;

   * *  WARNING  * *   At least a pair of the encounter histories are duplicates. 

      Number of unique encounter histories read was 38.

      Number of individual covariates read was 0.
      Time interval lengths vary and/or not equal to 1.

      Data type number is 19
      Data type is POPAN                                                                                               

   CPU Time for the last procedure was 0.01 seconds.     

  Program  MARK  - Survival Rate Estimation with Capture-Recapture Data
   gfortran(dble) Vers. 9.0 Mar 2018    25-Mar-2020 14:34:01    Page  002
 - - - - - - - - - - - - - - - - - - - - - - - - - - - - - - - - - - - - - -
 


  INPUT --- proc estimate link=Parm-Specific NOLOOP varest=2ndPart    ;


  INPUT --- model={ Phi(~sex)p(~sex)pent(~sex)N(~sex) };

  INPUT ---    group=1 Phi    rows=1 cols=32 Square ;
  INPUT ---        1 1 1 1 1 1 1 1 1 1 1 1 1 1 1 1 1 1 1 1 1 1 1 1 1 1 1 1 1 
  INPUT ---       1 1 1 ;

  INPUT ---    group=2 Phi    rows=1 cols=32 Square ;
  INPUT ---        2 2 2 2 2 2 2 2 2 2 2 2 2 2 2 2 2 2 2 2 2 2 2 2 2 2 2 2 2 
  INPUT ---       2 2 2 ;

  INPUT ---    group=1 p    rows=1 cols=33 Square ;
  INPUT ---        3 3 3 3 3 3 3 3 3 3 3 3 3 3 3 3 3 3 3 3 3 3 3 3 3 3 3 3 3 
  INPUT ---       3 3 3 3 ;

  INPUT ---    group=2 p    rows=1 cols=33 Square ;
  INPUT ---        4 4 4 4 4 4 4 4 4 4 4 4 4 4 4 4 4 4 4 4 4 4 4 4 4 4 4 4 4 
  INPUT ---       4 4 4 4 ;

  INPUT ---    group=1 pent    rows=1 cols=32 Square ;
  INPUT ---        7 8 9 10 11 12 13 14 15 16 17 18 19 20 21 22 23 24 25 26 
  INPUT ---       27 28 29 30 31 32 33 34 35 36 37 38 ;

  INPUT ---    group=2 pent    rows=1 cols=32 Square ;
  INPUT ---        39 40 41 42 43 44 45 46 47 48 49 50 51 52 53 54 55 56 57 
  INPUT ---       58 59 60 61 62 63 64 65 66 67 68 69 70 ;

  INPUT ---    group=1 N    rows=1 cols=1 Square ;
  INPUT ---        5 ;

  INPUT ---    group=2 N    rows=1 cols=1 Square ;
  INPUT ---        6 ;

  INPUT ---    design matrix constraints=70 covariates=8;
  INPUT ---        1 0 0 0 0 0 0 0;
  INPUT ---        1 1 0 0 0 0 0 0;
  INPUT ---        0 0 1 0 0 0 0 0;
  INPUT ---        0 0 1 1 0 0 0 0;
  INPUT ---        0 0 0 0 0 0 1 0;
  INPUT ---        0 0 0 0 0 0 1 1;
  INPUT ---        0 0 0 0 1 0 0 0;
  INPUT ---        0 0 0 0 1 0 0 0;

  Program  MARK  - Survival Rate Estimation with Capture-Recapture Data
   gfortran(dble) Vers. 9.0 Mar 2018    25-Mar-2020 14:34:01    Page  003
 - - - - - - - - - - - - - - - - - - - - - - - - - - - - - - - - - - - - - -
 
  INPUT ---        0 0 0 0 1 0 0 0;
  INPUT ---        0 0 0 0 1 0 0 0;
  INPUT ---        0 0 0 0 1 0 0 0;
  INPUT ---        0 0 0 0 1 0 0 0;
  INPUT ---        0 0 0 0 1 0 0 0;
  INPUT ---        0 0 0 0 1 0 0 0;
  INPUT ---        0 0 0 0 1 0 0 0;
  INPUT ---        0 0 0 0 1 0 0 0;
  INPUT ---        0 0 0 0 1 0 0 0;
  INPUT ---        0 0 0 0 1 0 0 0;
  INPUT ---        0 0 0 0 1 0 0 0;
  INPUT ---        0 0 0 0 1 0 0 0;
  INPUT ---        0 0 0 0 1 0 0 0;
  INPUT ---        0 0 0 0 1 0 0 0;
  INPUT ---        0 0 0 0 1 0 0 0;
  INPUT ---        0 0 0 0 1 0 0 0;
  INPUT ---        0 0 0 0 1 0 0 0;
  INPUT ---        0 0 0 0 1 0 0 0;
  INPUT ---        0 0 0 0 1 0 0 0;
  INPUT ---        0 0 0 0 1 0 0 0;
  INPUT ---        0 0 0 0 1 0 0 0;
  INPUT ---        0 0 0 0 1 0 0 0;
  INPUT ---        0 0 0 0 1 0 0 0;
  INPUT ---        0 0 0 0 1 0 0 0;
  INPUT ---        0 0 0 0 1 0 0 0;
  INPUT ---        0 0 0 0 1 0 0 0;
  INPUT ---        0 0 0 0 1 0 0 0;
  INPUT ---        0 0 0 0 1 0 0 0;
  INPUT ---        0 0 0 0 1 0 0 0;
  INPUT ---        0 0 0 0 1 0 0 0;
  INPUT ---        0 0 0 0 1 1 0 0;
  INPUT ---        0 0 0 0 1 1 0 0;
  INPUT ---        0 0 0 0 1 1 0 0;
  INPUT ---        0 0 0 0 1 1 0 0;
  INPUT ---        0 0 0 0 1 1 0 0;
  INPUT ---        0 0 0 0 1 1 0 0;
  INPUT ---        0 0 0 0 1 1 0 0;
  INPUT ---        0 0 0 0 1 1 0 0;
  INPUT ---        0 0 0 0 1 1 0 0;
  INPUT ---        0 0 0 0 1 1 0 0;
  INPUT ---        0 0 0 0 1 1 0 0;
  INPUT ---        0 0 0 0 1 1 0 0;
  INPUT ---        0 0 0 0 1 1 0 0;
  INPUT ---        0 0 0 0 1 1 0 0;
  INPUT ---        0 0 0 0 1 1 0 0;
  INPUT ---        0 0 0 0 1 1 0 0;

  Program  MARK  - Survival Rate Estimation with Capture-Recapture Data
   gfortran(dble) Vers. 9.0 Mar 2018    25-Mar-2020 14:34:01    Page  004
 - - - - - - - - - - - - - - - - - - - - - - - - - - - - - - - - - - - - - -
 
  INPUT ---        0 0 0 0 1 1 0 0;
  INPUT ---        0 0 0 0 1 1 0 0;
  INPUT ---        0 0 0 0 1 1 0 0;
  INPUT ---        0 0 0 0 1 1 0 0;
  INPUT ---        0 0 0 0 1 1 0 0;
  INPUT ---        0 0 0 0 1 1 0 0;
  INPUT ---        0 0 0 0 1 1 0 0;
  INPUT ---        0 0 0 0 1 1 0 0;
  INPUT ---        0 0 0 0 1 1 0 0;
  INPUT ---        0 0 0 0 1 1 0 0;
  INPUT ---        0 0 0 0 1 1 0 0;
  INPUT ---        0 0 0 0 1 1 0 0;
  INPUT ---        0 0 0 0 1 1 0 0;
  INPUT ---        0 0 0 0 1 1 0 0;
  INPUT ---        0 0 0 0 1 1 0 0;
  INPUT ---        0 0 0 0 1 1 0 0;

  INPUT ---    links=70;

  INPUT ---    Logit;

  INPUT ---    Logit;

  INPUT ---    Logit;

  INPUT ---    Logit;

  INPUT ---    Log;

  INPUT ---    Log;

  INPUT ---    mlogit(1);

  INPUT ---    mlogit(1);

  INPUT ---    mlogit(1);

  INPUT ---    mlogit(1);

  INPUT ---    mlogit(1);

  INPUT ---    mlogit(1);

  INPUT ---    mlogit(1);

  INPUT ---    mlogit(1);

  Program  MARK  - Survival Rate Estimation with Capture-Recapture Data
   gfortran(dble) Vers. 9.0 Mar 2018    25-Mar-2020 14:34:01    Page  005
 - - - - - - - - - - - - - - - - - - - - - - - - - - - - - - - - - - - - - -
 

  INPUT ---    mlogit(1);

  INPUT ---    mlogit(1);

  INPUT ---    mlogit(1);

  INPUT ---    mlogit(1);

  INPUT ---    mlogit(1);

  INPUT ---    mlogit(1);

  INPUT ---    mlogit(1);

  INPUT ---    mlogit(1);

  INPUT ---    mlogit(1);

  INPUT ---    mlogit(1);

  INPUT ---    mlogit(1);

  INPUT ---    mlogit(1);

  INPUT ---    mlogit(1);

  INPUT ---    mlogit(1);

  INPUT ---    mlogit(1);

  INPUT ---    mlogit(1);

  INPUT ---    mlogit(1);

  INPUT ---    mlogit(1);

  INPUT ---    mlogit(1);

  INPUT ---    mlogit(1);

  INPUT ---    mlogit(1);

  INPUT ---    mlogit(1);

  INPUT ---    mlogit(1);

  Program  MARK  - Survival Rate Estimation with Capture-Recapture Data
   gfortran(dble) Vers. 9.0 Mar 2018    25-Mar-2020 14:34:01    Page  006
 - - - - - - - - - - - - - - - - - - - - - - - - - - - - - - - - - - - - - -
 

  INPUT ---    mlogit(1);

  INPUT ---    mlogit(2);

  INPUT ---    mlogit(2);

  INPUT ---    mlogit(2);

  INPUT ---    mlogit(2);

  INPUT ---    mlogit(2);

  INPUT ---    mlogit(2);

  INPUT ---    mlogit(2);

  INPUT ---    mlogit(2);

  INPUT ---    mlogit(2);

  INPUT ---    mlogit(2);

  INPUT ---    mlogit(2);

  INPUT ---    mlogit(2);

  INPUT ---    mlogit(2);

  INPUT ---    mlogit(2);

  INPUT ---    mlogit(2);

  INPUT ---    mlogit(2);

  INPUT ---    mlogit(2);

  INPUT ---    mlogit(2);

  INPUT ---    mlogit(2);

  INPUT ---    mlogit(2);

  INPUT ---    mlogit(2);

  INPUT ---    mlogit(2);

  Program  MARK  - Survival Rate Estimation with Capture-Recapture Data
   gfortran(dble) Vers. 9.0 Mar 2018    25-Mar-2020 14:34:01    Page  007
 - - - - - - - - - - - - - - - - - - - - - - - - - - - - - - - - - - - - - -
 

  INPUT ---    mlogit(2);

  INPUT ---    mlogit(2);

  INPUT ---    mlogit(2);

  INPUT ---    mlogit(2);

  INPUT ---    mlogit(2);

  INPUT ---    mlogit(2);

  INPUT ---    mlogit(2);

  INPUT ---    mlogit(2);

  INPUT ---    mlogit(2);

  INPUT ---    mlogit(2);
  INPUT ---       blabel(1)=Phi:(Intercept);
  INPUT ---       blabel(2)=Phi:sexM;
  INPUT ---       blabel(3)=p:(Intercept);
  INPUT ---       blabel(4)=p:sexM;
  INPUT ---       blabel(5)=pent:(Intercept);
  INPUT ---       blabel(6)=pent:sexM;
  INPUT ---       blabel(7)=N:(Intercept);
  INPUT ---       blabel(8)=N:sexM;
  INPUT ---       rlabel(1)=Phi gF a0 t1;
  INPUT ---       rlabel(2)=Phi gM a0 t1;
  INPUT ---       rlabel(3)=p gF a0 t1;
  INPUT ---       rlabel(4)=p gM a0 t1;
  INPUT ---       rlabel(5)=N gF a0 t1;
  INPUT ---       rlabel(6)=N gM a0 t1;
  INPUT ---       rlabel(7)=pent gF a0.00547945205479452 t1.00547945205479;
  INPUT ---       rlabel(8)=pent gF a0.00821917808219178 t1.00821917808219;
  INPUT ---       rlabel(9)=pent gF a0.010958904109589 t1.01095890410959;
  INPUT ---       rlabel(10)=pent gF a0.0164383561643836 t1.01643835616438;
  INPUT ---       rlabel(11)=pent gF a0.0246575342465753 t1.02465753424658;
  INPUT ---       rlabel(12)=pent gF a0.0273972602739726 t1.02739726027397;
  INPUT ---       rlabel(13)=pent gF a0.0301369863013699 t1.03013698630137;
  INPUT ---       rlabel(14)=pent gF a0.0356164383561644 t1.03561643835616;
  INPUT ---       rlabel(15)=pent gF a0.0410958904109589 t1.04109589041096;
  INPUT ---       rlabel(16)=pent gF a0.0493150684931507 t1.04931506849315;
  INPUT ---       rlabel(17)=pent gF a0.0520547945205479 t1.05205479452055;
  INPUT ---       rlabel(18)=pent gF a0.0657534246575342 t1.06575342465753;

  Program  MARK  - Survival Rate Estimation with Capture-Recapture Data
   gfortran(dble) Vers. 9.0 Mar 2018    25-Mar-2020 14:34:01    Page  008
 - - - - - - - - - - - - - - - - - - - - - - - - - - - - - - - - - - - - - -
 
  INPUT ---       rlabel(19)=pent gF a0.0712328767123288 t1.07123287671233;
  INPUT ---       rlabel(20)=pent gF a0.0986301369863014 t1.0986301369863;
  INPUT ---       rlabel(21)=pent gF a0.101369863013699 t1.1013698630137;
  INPUT ---       rlabel(22)=pent gF a0.106849315068493 t1.10684931506849;
  INPUT ---       rlabel(23)=pent gF a0.10958904109589 t1.10958904109589;
  INPUT ---       rlabel(24)=pent gF a0.120547945205479 t1.12054794520548;
  INPUT ---       rlabel(25)=pent gF a0.350684931506849 t1.35068493150685;
  INPUT ---       rlabel(26)=pent gF a0.358904109589041 t1.35890410958904;
  INPUT ---       rlabel(27)=pent gF a0.613698630136986 t1.61369863013699;
  INPUT ---       rlabel(28)=pent gF a0.638356164383562 t1.63835616438356;
  INPUT ---       rlabel(29)=pent gF a0.646575342465753 t1.64657534246575;
  INPUT ---       rlabel(30)=pent gF a0.649315068493151 t1.64931506849315;
  INPUT ---       rlabel(31)=pent gF a0.652054794520548 t1.65205479452055;
  INPUT ---       rlabel(32)=pent gF a0.704109589041096 t1.7041095890411;
  INPUT ---       rlabel(33)=pent gF a0.706849315068493 t1.70684931506849;
  INPUT ---       rlabel(34)=pent gF a0.70958904109589 t1.70958904109589;
  INPUT ---       rlabel(35)=pent gF a0.827397260273973 t1.82739726027397;
  INPUT ---       rlabel(36)=pent gF a1.4027397260274 t2.4027397260274;
  INPUT ---       rlabel(37)=pent gF a1.40547945205479 t2.40547945205479;
  INPUT ---       rlabel(38)=pent gF a1.40821917808219 t2.40821917808219;
  INPUT ---       rlabel(39)=pent gM a0.00547945205479452 t1.00547945205479;
  INPUT ---       rlabel(40)=pent gM a0.00821917808219178 t1.00821917808219;
  INPUT ---       rlabel(41)=pent gM a0.010958904109589 t1.01095890410959;
  INPUT ---       rlabel(42)=pent gM a0.0164383561643836 t1.01643835616438;
  INPUT ---       rlabel(43)=pent gM a0.0246575342465753 t1.02465753424658;
  INPUT ---       rlabel(44)=pent gM a0.0273972602739726 t1.02739726027397;
  INPUT ---       rlabel(45)=pent gM a0.0301369863013699 t1.03013698630137;
  INPUT ---       rlabel(46)=pent gM a0.0356164383561644 t1.03561643835616;
  INPUT ---       rlabel(47)=pent gM a0.0410958904109589 t1.04109589041096;
  INPUT ---       rlabel(48)=pent gM a0.0493150684931507 t1.04931506849315;
  INPUT ---       rlabel(49)=pent gM a0.0520547945205479 t1.05205479452055;
  INPUT ---       rlabel(50)=pent gM a0.0657534246575342 t1.06575342465753;
  INPUT ---       rlabel(51)=pent gM a0.0712328767123288 t1.07123287671233;
  INPUT ---       rlabel(52)=pent gM a0.0986301369863014 t1.0986301369863;
  INPUT ---       rlabel(53)=pent gM a0.101369863013699 t1.1013698630137;
  INPUT ---       rlabel(54)=pent gM a0.106849315068493 t1.10684931506849;
  INPUT ---       rlabel(55)=pent gM a0.10958904109589 t1.10958904109589;
  INPUT ---       rlabel(56)=pent gM a0.120547945205479 t1.12054794520548;
  INPUT ---       rlabel(57)=pent gM a0.350684931506849 t1.35068493150685;
  INPUT ---       rlabel(58)=pent gM a0.358904109589041 t1.35890410958904;
  INPUT ---       rlabel(59)=pent gM a0.613698630136986 t1.61369863013699;
  INPUT ---       rlabel(60)=pent gM a0.638356164383562 t1.63835616438356;
  INPUT ---       rlabel(61)=pent gM a0.646575342465753 t1.64657534246575;
  INPUT ---       rlabel(62)=pent gM a0.649315068493151 t1.64931506849315;
  INPUT ---       rlabel(63)=pent gM a0.652054794520548 t1.65205479452055;
  INPUT ---       rlabel(64)=pent gM a0.704109589041096 t1.7041095890411;

  Program  MARK  - Survival Rate Estimation with Capture-Recapture Data
   gfortran(dble) Vers. 9.0 Mar 2018    25-Mar-2020 14:34:01    Page  009
 - - - - - - - - - - - - - - - - - - - - - - - - - - - - - - - - - - - - - -
 
  INPUT ---       rlabel(65)=pent gM a0.706849315068493 t1.70684931506849;
  INPUT ---       rlabel(66)=pent gM a0.70958904109589 t1.70958904109589;
  INPUT ---       rlabel(67)=pent gM a0.827397260273973 t1.82739726027397;
  INPUT ---       rlabel(68)=pent gM a1.4027397260274 t2.4027397260274;
  INPUT ---       rlabel(69)=pent gM a1.40547945205479 t2.40547945205479;
  INPUT ---       rlabel(70)=pent gM a1.40821917808219 t2.40821917808219;

 Link Function Used is PARM-SPECIFIC

 Variance Estimation Procedure Used is 2ndPart 

 M(t+1):
      16     29



 Group: 1

 U(t)+UL(t):
       0    2    2    0    1    0    3    1    1    0    0    0    0    0    1
       0    0    0    2    1    1    0    0    0    1    0    0    0    0    0
       0    0    0

 U(t):
       0    2    2    0    1    0    3    1    1    0    0    0    0    0    1
       0    0    0    2    1    1    0    0    0    1    0    0    0    0    0
       0    0    0

 UL(t):
       0    0    0    0    0    0    0    0    0    0    0    0    0    0    0
       0    0    0    0    0    0    0    0    0    0    0    0    0    0    0
       0    0    0

 Not Released(t):
       0    0    0    0    0    0    0    0    0    0    0    0    0    0    0
       0    0    0    0    0    0    0    0    0    0    0    0    0    0    0
       0    0    0

 Group: 2

 U(t)+UL(t):
       3    0    1    1    1    1    1    0    1    1    2    1    3    3    1
       1    0    2    3    1    0    0    1    0    0    0    0    0    0    1
       0    0    0

 U(t):
       3    0    1    1    1    1    1    0    1    1    2    1    3    3    1
       1    0    2    3    1    0    0    1    0    0    0    0    0    0    1
       0    0    0

 UL(t):
       0    0    0    0    0    0    0    0    0    0    0    0    0    0    0
       0    0    0    0    0    0    0    0    0    0    0    0    0    0    0
       0    0    0

 Not Released(t):
       0    0    0    0    0    0    0    0    0    0    0    0    0    0    0
       0    0    0    0    0    0    0    0    0    0    0    0    0    0    0
       0    0    0
 -2logL(saturated) = 272.93564     
 Effective Sample Size = 103

 Number of function evaluations was 30 for 8 parameters.
 Time for numerical optimization was 0.25 seconds.     
 -2logL { Phi(~sex)p(~sex)pent(~sex)N(~sex) } = 552.79294     
 Penalty { Phi(~sex)p(~sex)pent(~sex)N(~sex) } = 0.0000000     
 Gradient { Phi(~sex)p(~sex)pent(~sex)N(~sex) }:
  0.1154007E-04 -0.4061704E-05  0.4234670E-05 -0.1323596E-04 -0.2735567E-05
   0.000000      0.5073526E-05  0.1092864E-04
 Maximum ABS(G) { Phi(~sex)p(~sex)pent(~sex)N(~sex) } = 0.1323596E-04 
 S Vector { Phi(~sex)p(~sex)pent(~sex)N(~sex) }:
   129.0222      12.41393      7.307352      2.973845      1.090705    
  0.4683831     0.3970317     0.6446038E-01
 Time to compute number of parameters was 0.02 seconds.     
 Ratio Threshold = 50.000000       Max Gap (1/2) = 10.393344       Next Max Gap (1/2) = 10.393344     
 Gap Method for Num. of Estimated Parameters { Phi(~sex)p(~sex)pent(~sex)N(~sex) } = 8          
 Threshold { Phi(~sex)p(~sex)pent(~sex)N(~sex) } = 0.2647192E-04                 
 Numerical Threshold Method for Num. of Estimated Parameters { Phi(~sex)p(~sex)pent(~sex)N(~sex) } = 8          
 Number of Estimated Parameters { Phi(~sex)p(~sex)pent(~sex)N(~sex) } = 8          
 DEVIANCE { Phi(~sex)p(~sex)pent(~sex)N(~sex) } = 279.85729                     
 DEVIANCE Degrees of Freedom { Phi(~sex)p(~sex)pent(~sex)N(~sex) } = 33            
 c-hat { Phi(~sex)p(~sex)pent(~sex)N(~sex) } = 8.4805241                     
 AIC { Phi(~sex)p(~sex)pent(~sex)N(~sex) } = 568.79294                  
 AICc { Phi(~sex)p(~sex)pent(~sex)N(~sex) } = 570.32485                    
 BIC { Phi(~sex)p(~sex)pent(~sex)N(~sex) } = 589.87077                    
 Pearson Chisquare { Phi(~sex)p(~sex)pent(~sex)N(~sex) } = 20614564.                  


            PARM-SPECIFIC Link Function Parameters of { Phi(~sex)p(~sex)pent(~sex)N(~sex) }
                                                              95% Confidence Interval
 Parameter                    Beta         Standard Error      Lower           Upper
 -------------------------  --------------  --------------  --------------  --------------
    1:Phi:(Intercept)       -1.6444878       1.1604159      -3.9189030       0.6299274    
    2:Phi:sexM               2.7567459       1.7380816      -0.6498941       6.1633859    
    3:p:(Intercept)         -2.6033003       0.3454948      -3.2804701      -1.9261304    
    4:p:sexM                 0.1528281       0.4061683      -0.6432619       0.9489180    
    5:pent:(Intercept)      -4.5779258       2.1774904      -8.8458071      -0.3100446    
    6:pent:sexM             -0.1737217       3.1530769      -6.3537525       6.0063091    
    7:N:(Intercept)          2.0075316       0.7910278       0.4571170       3.5579462    
    8:N:sexM                -0.3962212       1.2978610      -2.9400288       2.1475864    

  Program  MARK  - Survival Rate Estimation with Capture-Recapture Data
   gfortran(dble) Vers. 9.0 Mar 2018    25-Mar-2020 14:34:01    Page  010
 - - - - - - - - - - - - - - - - - - - - - - - - - - - - - - - - - - - - - -
 


            Real Function Parameters of { Phi(~sex)p(~sex)pent(~sex)N(~sex) }
                                                               95% Confidence Interval
  Parameter                  Estimate       Standard Error      Lower           Upper
 --------------------------  --------------  --------------  --------------  --------------
     1:Phi gF a0 t1           0.1618553       0.1574199       0.0194760       0.6524730                          
     2:Phi gM a0 t1           0.7525498       0.2409668       0.1940382       0.9746302                          
     3:p gF a0 t1             0.0689263       0.0221723       0.0362473       0.1271795                          
     4:p gM a0 t1             0.0794040       0.0156113       0.0537046       0.1158953                          
     5:N gF a0 t1             23.444918       5.8891373       17.898773       45.190852                          
     6:N gM a0 t1             34.009372       5.1544980       29.947200       55.492605                          
     7:pent gF a0.005479452   0.0077332       0.0126720       0.3061169E-03   0.1655226                          
     8:pent gF a0.008219178   0.0077332       0.0126720       0.3061169E-03   0.1655226                          
     9:pent gF a0.010958904   0.0077332       0.0126720       0.3061169E-03   0.1655226                          
    10:pent gF a0.016438356   0.0077332       0.0126720       0.3061169E-03   0.1655226                          
    11:pent gF a0.024657534   0.0077332       0.0126720       0.3061169E-03   0.1655226                          
    12:pent gF a0.027397260   0.0077332       0.0126720       0.3061169E-03   0.1655226                          
    13:pent gF a0.030136986   0.0077332       0.0126720       0.3061169E-03   0.1655226                          
    14:pent gF a0.035616438   0.0077332       0.0126720       0.3061169E-03   0.1655226                          
    15:pent gF a0.041095890   0.0077332       0.0126720       0.3061169E-03   0.1655226                          
    16:pent gF a0.049315068   0.0077332       0.0126720       0.3061169E-03   0.1655226                          
    17:pent gF a0.052054794   0.0077332       0.0126720       0.3061169E-03   0.1655226                          
    18:pent gF a0.065753424   0.0077332       0.0126720       0.3061169E-03   0.1655226                          
    19:pent gF a0.071232876   0.0077332       0.0126720       0.3061169E-03   0.1655226                          
    20:pent gF a0.098630136   0.0077332       0.0126720       0.3061169E-03   0.1655226                          
    21:pent gF a0.101369863   0.0077332       0.0126720       0.3061169E-03   0.1655226                          
    22:pent gF a0.106849315   0.0077332       0.0126720       0.3061169E-03   0.1655226                          
    23:pent gF a0.109589041   0.0077332       0.0126720       0.3061169E-03   0.1655226                          
    24:pent gF a0.120547945   0.0077332       0.0126720       0.3061169E-03   0.1655226                          
    25:pent gF a0.350684931   0.0077332       0.0126720       0.3061169E-03   0.1655226                          
    26:pent gF a0.358904109   0.0077332       0.0126720       0.3061169E-03   0.1655226                          
    27:pent gF a0.613698630   0.0077332       0.0126720       0.3061169E-03   0.1655226                          
    28:pent gF a0.638356164   0.0077332       0.0126720       0.3061169E-03   0.1655226                          
    29:pent gF a0.646575342   0.0077332       0.0126720       0.3061169E-03   0.1655226                          
    30:pent gF a0.649315068   0.0077332       0.0126720       0.3061169E-03   0.1655226                          
    31:pent gF a0.652054794   0.0077332       0.0126720       0.3061169E-03   0.1655226                          
    32:pent gF a0.704109589   0.0077332       0.0126720       0.3061169E-03   0.1655226                          
    33:pent gF a0.706849315   0.0077332       0.0126720       0.3061169E-03   0.1655226                          
    34:pent gF a0.709589041   0.0077332       0.0126720       0.3061169E-03   0.1655226                          
    35:pent gF a0.827397260   0.0077332       0.0126720       0.3061169E-03   0.1655226                          
    36:pent gF a1.402739726   0.0077332       0.0126720       0.3061169E-03   0.1655226                          
    37:pent gF a1.405479452   0.0077332       0.0126720       0.3061169E-03   0.1655226                          
    38:pent gF a1.408219178   0.0077332       0.0126720       0.3061169E-03   0.1655226                          
    39:pent gM a0.005479452   0.0067671       0.0120910       0.2004451E-03   0.1880043                          
    40:pent gM a0.008219178   0.0067671       0.0120910       0.2004451E-03   0.1880043                          

  Program  MARK  - Survival Rate Estimation with Capture-Recapture Data
   gfortran(dble) Vers. 9.0 Mar 2018    25-Mar-2020 14:34:01    Page  011
 - - - - - - - - - - - - - - - - - - - - - - - - - - - - - - - - - - - - - -
 
    41:pent gM a0.010958904   0.0067671       0.0120910       0.2004451E-03   0.1880043                          
    42:pent gM a0.016438356   0.0067671       0.0120910       0.2004451E-03   0.1880043                          
    43:pent gM a0.024657534   0.0067671       0.0120910       0.2004451E-03   0.1880043                          
    44:pent gM a0.027397260   0.0067671       0.0120910       0.2004451E-03   0.1880043                          
    45:pent gM a0.030136986   0.0067671       0.0120910       0.2004451E-03   0.1880043                          
    46:pent gM a0.035616438   0.0067671       0.0120910       0.2004451E-03   0.1880043                          
    47:pent gM a0.041095890   0.0067671       0.0120910       0.2004451E-03   0.1880043                          
    48:pent gM a0.049315068   0.0067671       0.0120910       0.2004451E-03   0.1880043                          
    49:pent gM a0.052054794   0.0067671       0.0120910       0.2004451E-03   0.1880043                          
    50:pent gM a0.065753424   0.0067671       0.0120910       0.2004451E-03   0.1880043                          
    51:pent gM a0.071232876   0.0067671       0.0120910       0.2004451E-03   0.1880043                          
    52:pent gM a0.098630136   0.0067671       0.0120910       0.2004451E-03   0.1880043                          
    53:pent gM a0.101369863   0.0067671       0.0120910       0.2004451E-03   0.1880043                          
    54:pent gM a0.106849315   0.0067671       0.0120910       0.2004451E-03   0.1880043                          
    55:pent gM a0.109589041   0.0067671       0.0120910       0.2004451E-03   0.1880043                          
    56:pent gM a0.120547945   0.0067671       0.0120910       0.2004451E-03   0.1880043                          
    57:pent gM a0.350684931   0.0067671       0.0120910       0.2004451E-03   0.1880043                          
    58:pent gM a0.358904109   0.0067671       0.0120910       0.2004451E-03   0.1880043                          
    59:pent gM a0.613698630   0.0067671       0.0120910       0.2004451E-03   0.1880043                          
    60:pent gM a0.638356164   0.0067671       0.0120910       0.2004451E-03   0.1880043                          
    61:pent gM a0.646575342   0.0067671       0.0120910       0.2004451E-03   0.1880043                          
    62:pent gM a0.649315068   0.0067671       0.0120910       0.2004451E-03   0.1880043                          
    63:pent gM a0.652054794   0.0067671       0.0120910       0.2004451E-03   0.1880043                          
    64:pent gM a0.704109589   0.0067671       0.0120910       0.2004451E-03   0.1880043                          
    65:pent gM a0.706849315   0.0067671       0.0120910       0.2004451E-03   0.1880043                          
    66:pent gM a0.709589041   0.0067671       0.0120910       0.2004451E-03   0.1880043                          
    67:pent gM a0.827397260   0.0067671       0.0120910       0.2004451E-03   0.1880043                          
    68:pent gM a1.402739726   0.0067671       0.0120910       0.2004451E-03   0.1880043                          
    69:pent gM a1.405479452   0.0067671       0.0120910       0.2004451E-03   0.1880043                          
    70:pent gM a1.408219178   0.0067671       0.0120910       0.2004451E-03   0.1880043                          


                      Estimates of Derived Parameters
 Gross Birth+Immigration Estimates of { Phi(~sex)p(~sex)pent(~sex)N(~sex) }
                                                95% Confidence Interval
 Grp. Occ.   B*-hat          Standard Error      Lower           Upper
 ---- ----   --------------  --------------  --------------  --------------
   1     1    0.1822106       0.3299322       0.0171508       1.9358160    
   1     2    0.1817572       0.3289647       0.0171176       1.9299284    
   1     3    0.1817572       0.3289647       0.0171176       1.9299284    
   1     4    0.1822106       0.3299322       0.0171508       1.9358160    
   1     5    0.1826648       0.3309016       0.0171840       1.9417161    
   1     6    0.1817572       0.3289647       0.0171176       1.9299284    
   1     7    0.1817572       0.3289647       0.0171176       1.9299284    
   1     8    0.1822106       0.3299322       0.0171508       1.9358160    

  Program  MARK  - Survival Rate Estimation with Capture-Recapture Data
   gfortran(dble) Vers. 9.0 Mar 2018    25-Mar-2020 14:34:01    Page  012
 - - - - - - - - - - - - - - - - - - - - - - - - - - - - - - - - - - - - - -
 
   1     9    0.1822106       0.3299322       0.0171508       1.9358160    
   1    10    0.1826648       0.3309016       0.0171840       1.9417161    
   1    11    0.1817572       0.3289647       0.0171176       1.9299284    
   1    12    0.1835754       0.3328464       0.0172506       1.9535537    
   1    13    0.1822106       0.3299322       0.0171508       1.9358160    
   1    14    0.1858650       0.3377426       0.0174178       1.9833655    
   1    15    0.1817572       0.3289647       0.0171176       1.9299284    
   1    16    0.1822106       0.3299322       0.0171508       1.9358160    
   1    17    0.1817572       0.3289647       0.0171176       1.9299284    
   1    18    0.1831197       0.3318730       0.0172173       1.9476287    
   1    19    0.2219421       0.4159207       0.0200163       2.4609081    
   1    20    0.1826648       0.3309016       0.0171840       1.9417161    
   1    21    0.2266078       0.4261535       0.0203484       2.5235963    
   1    22    0.1854056       0.3367594       0.0173842       1.9773782    
   1    23    0.1826648       0.3309016       0.0171840       1.9417161    
   1    24    0.1817572       0.3289647       0.0171176       1.9299284    
   1    25    0.1817572       0.3289647       0.0171176       1.9299284    
   1    26    0.1900336       0.3466793       0.0177214       2.0378116    
   1    27    0.1817572       0.3289647       0.0171176       1.9299284    
   1    28    0.1817572       0.3289647       0.0171176       1.9299284    
   1    29    0.2014475       0.3712862       0.0185477       2.1879325    
   1    30    0.2925732       0.5729219       0.0249858       3.4259056    
   1    31    0.1817572       0.3289647       0.0171176       1.9299284    
   1    32    0.1817572       0.3289647       0.0171176       1.9299284    
   2     1    0.2303224       0.4406789       0.0202435       2.6205214    
   2     2    0.2302328       0.4404453       0.0202391       2.6190436    
   2     3    0.2302328       0.4404453       0.0202391       2.6190436    
   2     4    0.2303224       0.4406789       0.0202435       2.6205214    
   2     5    0.2304121       0.4409126       0.0202478       2.6219997    
   2     6    0.2302328       0.4404453       0.0202391       2.6190436    
   2     7    0.2302328       0.4404453       0.0202391       2.6190436    
   2     8    0.2303224       0.4406789       0.0202435       2.6205214    
   2     9    0.2303224       0.4406789       0.0202435       2.6205214    
   2    10    0.2304121       0.4409126       0.0202478       2.6219997    
   2    11    0.2302328       0.4404453       0.0202391       2.6190436    
   2    12    0.2305916       0.4413801       0.0202565       2.6249583    
   2    13    0.2303224       0.4406789       0.0202435       2.6205214    
   2    14    0.2310406       0.4425507       0.0202782       2.6323655    
   2    15    0.2302328       0.4404453       0.0202391       2.6190436    
   2    16    0.2303224       0.4406789       0.0202435       2.6205214    
   2    17    0.2302328       0.4404453       0.0202391       2.6190436    
   2    18    0.2305018       0.4411463       0.0202522       2.6234787    
   2    19    0.2377538       0.4601413       0.0206017       2.7438018    
   2    20    0.2304121       0.4409126       0.0202478       2.6219997    
   2    21    0.2385790       0.4623147       0.0206412       2.7575859    
   2    22    0.2309507       0.4423164       0.0202739       2.6308829    

  Program  MARK  - Survival Rate Estimation with Capture-Recapture Data
   gfortran(dble) Vers. 9.0 Mar 2018    25-Mar-2020 14:34:01    Page  013
 - - - - - - - - - - - - - - - - - - - - - - - - - - - - - - - - - - - - - -
 
   2    23    0.2304121       0.4409126       0.0202478       2.6219997    
   2    24    0.2302328       0.4404453       0.0202391       2.6190436    
   2    25    0.2302328       0.4404453       0.0202391       2.6190436    
   2    26    0.2318502       0.4446635       0.0203174       2.6457376    
   2    27    0.2302328       0.4404453       0.0202391       2.6190436    
   2    28    0.2302328       0.4404453       0.0202391       2.6190436    
   2    29    0.2340186       0.4503335       0.0204221       2.6816415    
   2    30    0.2494774       0.4912391       0.0211601       2.9413352    
   2    31    0.2302328       0.4404453       0.0202391       2.6190436    
   2    32    0.2302328       0.4404453       0.0202391       2.6190436    

 Net Birth+Immigration Estimates of { Phi(~sex)p(~sex)pent(~sex)N(~sex) }
                                                95% Confidence Interval
 Grp. Occ.   B-hat           Standard Error      Lower           Upper
 ---- ----   --------------  --------------  --------------  --------------
   1     1    0.1813046       0.3279992       0.0170844       1.9240532    
   1     2    0.1813046       0.3279992       0.0170844       1.9240532    
   1     3    0.1813046       0.3279992       0.0170844       1.9240532    
   1     4    0.1813046       0.3279992       0.0170844       1.9240532    
   1     5    0.1813046       0.3279992       0.0170844       1.9240532    
   1     6    0.1813046       0.3279992       0.0170844       1.9240532    
   1     7    0.1813046       0.3279992       0.0170844       1.9240532    
   1     8    0.1813046       0.3279992       0.0170844       1.9240532    
   1     9    0.1813046       0.3279992       0.0170844       1.9240532    
   1    10    0.1813046       0.3279992       0.0170844       1.9240532    
   1    11    0.1813046       0.3279992       0.0170844       1.9240532    
   1    12    0.1813046       0.3279992       0.0170844       1.9240532    
   1    13    0.1813046       0.3279992       0.0170844       1.9240532    
   1    14    0.1813046       0.3279992       0.0170844       1.9240532    
   1    15    0.1813046       0.3279992       0.0170844       1.9240532    
   1    16    0.1813046       0.3279992       0.0170844       1.9240532    
   1    17    0.1813046       0.3279992       0.0170844       1.9240532    
   1    18    0.1813046       0.3279992       0.0170844       1.9240532    
   1    19    0.1813046       0.3279992       0.0170844       1.9240532    
   1    20    0.1813046       0.3279992       0.0170844       1.9240532    
   1    21    0.1813046       0.3279992       0.0170844       1.9240532    
   1    22    0.1813046       0.3279992       0.0170844       1.9240532    
   1    23    0.1813046       0.3279992       0.0170844       1.9240532    
   1    24    0.1813046       0.3279992       0.0170844       1.9240532    
   1    25    0.1813046       0.3279992       0.0170844       1.9240532    
   1    26    0.1813046       0.3279992       0.0170844       1.9240532    
   1    27    0.1813046       0.3279992       0.0170844       1.9240532    
   1    28    0.1813046       0.3279992       0.0170844       1.9240532    
   1    29    0.1813046       0.3279992       0.0170844       1.9240532    
   1    30    0.1813046       0.3279992       0.0170844       1.9240532    
   1    31    0.1813046       0.3279992       0.0170844       1.9240532    
   1    32    0.1813046       0.3279992       0.0170844       1.9240532    
   2     1    0.2301431       0.4402119       0.0202348       2.6175665    
   2     2    0.2301431       0.4402119       0.0202348       2.6175665    
   2     3    0.2301431       0.4402119       0.0202348       2.6175665    
   2     4    0.2301431       0.4402119       0.0202348       2.6175665    
   2     5    0.2301431       0.4402119       0.0202348       2.6175665    
   2     6    0.2301431       0.4402119       0.0202348       2.6175665    
   2     7    0.2301431       0.4402119       0.0202348       2.6175665    
   2     8    0.2301431       0.4402119       0.0202348       2.6175665    
   2     9    0.2301431       0.4402119       0.0202348       2.6175665    
   2    10    0.2301431       0.4402119       0.0202348       2.6175665    
   2    11    0.2301431       0.4402119       0.0202348       2.6175665    
   2    12    0.2301431       0.4402119       0.0202348       2.6175665    
   2    13    0.2301431       0.4402119       0.0202348       2.6175665    
   2    14    0.2301431       0.4402119       0.0202348       2.6175665    
   2    15    0.2301431       0.4402119       0.0202348       2.6175665    
   2    16    0.2301431       0.4402119       0.0202348       2.6175665    
   2    17    0.2301431       0.4402119       0.0202348       2.6175665    
   2    18    0.2301431       0.4402119       0.0202348       2.6175665    
   2    19    0.2301431       0.4402119       0.0202348       2.6175665    
   2    20    0.2301431       0.4402119       0.0202348       2.6175665    
   2    21    0.2301431       0.4402119       0.0202348       2.6175665    
   2    22    0.2301431       0.4402119       0.0202348       2.6175665    
   2    23    0.2301431       0.4402119       0.0202348       2.6175665    
   2    24    0.2301431       0.4402119       0.0202348       2.6175665    
   2    25    0.2301431       0.4402119       0.0202348       2.6175665    
   2    26    0.2301431       0.4402119       0.0202348       2.6175665    
   2    27    0.2301431       0.4402119       0.0202348       2.6175665    
   2    28    0.2301431       0.4402119       0.0202348       2.6175665    
   2    29    0.2301431       0.4402119       0.0202348       2.6175665    
   2    30    0.2301431       0.4402119       0.0202348       2.6175665    
   2    31    0.2301431       0.4402119       0.0202348       2.6175665    
   2    32    0.2301431       0.4402119       0.0202348       2.6175665    

      Population Estimates of { Phi(~sex)p(~sex)pent(~sex)N(~sex) }
                                                95% Confidence Interval
 Grp. Occ.   N-hat           Standard Error      Lower           Upper
 ---- ----   --------------  --------------  --------------  --------------
   1     1    17.643172       7.5048516       7.9330707       39.238464    
   1     2    17.649302       7.2015833       8.1786580       38.086670    
   1     3    17.742770       6.9191547       8.4868868       37.093212    
   1     4    17.835773       6.6428085       8.8003518       36.147964    
   1     5    17.839991       6.3615472       9.0551622       35.147384    
   1     6    17.756263       6.0784843       9.2467630       34.096782    
   1     7    17.849199       5.8225942       9.5704505       33.289330    
   1     8    17.941672       5.5752814       9.8951711       32.531382    
   1     9    17.944838       5.3305339       10.148707       31.729875    
   1    10    17.947973       5.0966376       10.398447       30.978639    
   1    11    17.862641       4.8697790       10.568911       30.189858    
   1    12    17.955047       4.6639858       10.881145       29.627737    
   1    13    17.693987       4.4595333       10.878833       28.778562    
   1    14    17.699612       4.2776266       11.095704       28.234015    
   1    15    17.019518       4.1078639       10.675718       27.132973    
   1    16    17.116120       3.9537274       10.947846       26.759746    
   1    17    17.127483       3.8202121       11.120721       26.378745    
   1    18    17.223548       3.7069681       11.349793       26.137096    
   1    19    17.064534       3.6163530       11.315668       25.734081    
   1    20    11.403693       3.9555273       5.8902581       22.077847    
   1    21    11.415583       3.8327542       6.0159026       21.661844    
   1    22    7.3590495       3.8455064       2.8091502       19.278288    
   1    23    7.2172221       3.6980416       2.8013853       18.593763    
   1    24    7.2913070       3.5833957       2.9300625       18.144035    
   1    25    7.4363244       3.4978185       3.0960190       17.861299    
   1    26    7.5806202       3.4408341       3.2455247       17.706167    
   1    27    7.0763321       3.3762036       2.9128514       17.190879    
   1    28    7.2224195       3.3623881       3.0315722       17.206697    
   1    29    7.3677798       3.3787017       3.1293768       17.346642    
   1    30    6.1264885       3.2332895       2.3188482       16.186425    
   1    31    2.3300690       2.0934355       0.5158832       10.524130    
   1    32    2.4997773       2.0620125       0.6090360       10.260292    
   1    33    2.6686411       2.0818595       0.6908908       10.307918    
   2     1    26.644791       10.122734       12.973575       54.722378    
   2     2    26.833461       9.7098118       13.492268       53.366462    
   2     3    27.042712       9.2938073       14.048726       52.055132    

  Program  MARK  - Survival Rate Estimation with Capture-Recapture Data
   gfortran(dble) Vers. 9.0 Mar 2018    25-Mar-2020 14:34:01    Page  014
 - - - - - - - - - - - - - - - - - - - - - - - - - - - - - - - - - - - - - -
 
   2     4    27.251801       8.8798920       14.621652       50.791844    
   2     5    27.439526       8.4743148       15.186375       49.579152    
   2     6    27.605628       8.0780414       15.740198       48.415574    
   2     7    27.814278       7.6717057       16.359732       47.288923    
   2     8    28.022766       7.2687073       16.994236       46.208339    
   2     9    28.209291       6.8769299       17.614407       45.176890    
   2    10    28.395526       6.4897705       18.246353       44.189974    
   2    11    28.559397       6.1159700       18.858240       43.251074    
   2    12    28.767305       5.7318901       19.540789       42.350275    
   2    13    28.885635       5.3893592       20.101205       41.508951    
   2    14    29.070817       5.0291299       20.762731       40.703336    
   2    15    29.075416       4.7541541       21.147523       39.975357    
   2    16    29.282922       4.4049424       21.841576       39.259507    
   2    17    29.467485       4.0808627       22.491581       38.607008    
   2    18    29.674686       3.7659234       23.162848       38.017215    
   2    19    29.812522       3.5032176       23.698256       37.504297    
   2    20    28.154611       4.3199125       20.878620       37.966214    
   2    21    28.319045       4.0763883       21.388371       37.495529    
   2    22    26.570428       5.3418238       17.987005       39.249872    
   2    23    26.614968       5.2338363       18.168508       38.988150    
   2    24    26.782995       5.0501593       18.567557       38.633450    
   2    25    26.992285       4.8609693       19.018126       38.309951    
   2    26    27.201413       4.7034987       19.430636       38.079910    
   2    27    27.031979       4.8683559       19.045771       38.366935    
   2    28    27.241075       4.7678285       19.380440       38.289955    
   2    29    27.450010       4.7042514       19.666150       38.314720    
   2    30    26.776036       5.2755399       18.265422       39.252096    
   2    31    22.966024       8.0673697       11.768731       44.816919    
   2    32    23.178286       7.9374018       12.067708       44.518226    
   2    33    23.390384       7.8291823       12.349499       44.302208    

   Gross Population Estimates of { Phi(~sex)p(~sex)pent(~sex)N(~sex) }
                                                95% Confidence Interval
 Grp. Occ.   N*-hat          Standard Error      Lower           Upper
 ---- ----   --------------  --------------  --------------  --------------
   1     0    23.700509       6.3039113       14.197341       39.564741    
   2     0    34.056164       5.2625848       25.202012       46.021021    

   CPU Time for the last procedure was 0.28 seconds.     

  Program  MARK  - Survival Rate Estimation with Capture-Recapture Data
   gfortran(dble) Vers. 9.0 Mar 2018    25-Mar-2020 14:34:01    Page  015
 - - - - - - - - - - - - - - - - - - - - - - - - - - - - - - - - - - - - - -
 


  INPUT --- proc stop;

     CPU Time in minutes for this job was 0.00

     Time Start = 14:34:01.469   Time End = 14:34:01.922

     Wall Clock Time in minutes for this job was 0.01


          E X E C U T I O N   S U C C E S S F U L 
