
   Program  MARK  - Survival Rate Estimation with Capture-Recapture Data
   gfortran(dble) Vers. 9.0 Mar 2018    25-Mar-2020 14:32:19    Page  001
 - - - - - - - - - - - - - - - - - - - - - - - - - - - - - - - - - - - - - -
 
   This version was compiled by GCC version 7.2.0 using the options: 
     -cpp -iprefix C:/Program Files/mingw-w64/x86_64-7.2.0-posix-seh-rt_v5-rev1/
     mingw64/bin/../lib/gcc/x86_64-w64-mingw32/7.2.0/ -D_MT -D_REENTRANT
     -U_REENTRANT -D IEEE -D DBLEPRECISION -m64 -mtune=core2 -march=nocona -mthreads
     -O2 -fimplicit-none -fbounds-check -funroll-loops -ftree-vectorize
     -ffpe-summary=invalid,zero,overflow,underflow -fno-unsafe-math-optimizations
     -frounding-math -fsignaling-nans -fopenmp.

   This problem will use 15 of 16 possible threads.


  INPUT --- proc title ;

   CPU Time for the last procedure was 0.01 seconds.     


  INPUT --- proc chmatrix occasions= 30 groups= 2 etype= POPAN Nodes= 
  INPUT --- 101 ICMeans NoHist hist= 41  ;

  INPUT ---    time interval 0.00547945205479452 0.00273972602739726 
  INPUT ---    0.00273972602739726 0.00547945205479452  
  INPUT ---    0.00821917808219178 0.00273972602739726 0.00273972602739726 
  INPUT ---    0.00547945205479452  0.00547945205479452 
  INPUT ---    0.00821917808219178 0.00273972602739726 0.0136986301369863 
  INPUT ---    0.00547945205479452  0.0273972602739726 0.00273972602739726 
  INPUT ---    0.00547945205479452 0.00273972602739726 0.010958904109589  
  INPUT ---    0.23013698630137 0.00821917808219178 0.254794520547945 
  INPUT ---    0.0246575342465753 0.00821917808219178  0.00273972602739726 
  INPUT ---    0.00273972602739726 0.0520547945205479 0.00273972602739726 
  INPUT ---    0.00273972602739726  0.117808219178082 ;

  INPUT ---    glabel(1)=sexF;

  INPUT ---    glabel(2)=sexM;

   * *  WARNING  * *   At least a pair of the encounter histories are duplicates. 

      Number of unique encounter histories read was 38.

      Number of individual covariates read was 0.
      Time interval lengths vary and/or not equal to 1.

      Data type number is 19
      Data type is POPAN                                                                                               

   CPU Time for the last procedure was 0.01 seconds.     

  Program  MARK  - Survival Rate Estimation with Capture-Recapture Data
   gfortran(dble) Vers. 9.0 Mar 2018    25-Mar-2020 14:32:19    Page  002
 - - - - - - - - - - - - - - - - - - - - - - - - - - - - - - - - - - - - - -
 


  INPUT --- proc estimate link=Parm-Specific NOLOOP varest=2ndPart    ;


  INPUT --- model={ Phi(~sex)p(~1)pent(~1)N(~sex) };

  INPUT ---    group=1 Phi    rows=1 cols=29 Square ;
  INPUT ---        1 1 1 1 1 1 1 1 1 1 1 1 1 1 1 1 1 1 1 1 1 1 1 1 1 1 1 1 1 ;

  INPUT ---    group=2 Phi    rows=1 cols=29 Square ;
  INPUT ---        2 2 2 2 2 2 2 2 2 2 2 2 2 2 2 2 2 2 2 2 2 2 2 2 2 2 2 2 2 ;

  INPUT ---    group=1 p    rows=1 cols=30 Square ;
  INPUT ---        3 3 3 3 3 3 3 3 3 3 3 3 3 3 3 3 3 3 3 3 3 3 3 3 3 3 3 3 3 
  INPUT ---       3 ;

  INPUT ---    group=2 p    rows=1 cols=30 Square ;
  INPUT ---        3 3 3 3 3 3 3 3 3 3 3 3 3 3 3 3 3 3 3 3 3 3 3 3 3 3 3 3 3 
  INPUT ---       3 ;

  INPUT ---    group=1 pent    rows=1 cols=29 Square ;
  INPUT ---        6 7 8 9 10 11 12 13 14 15 16 17 18 19 20 21 22 23 24 25 26 
  INPUT ---       27 28 29 30 31 32 33 34 ;

  INPUT ---    group=2 pent    rows=1 cols=29 Square ;
  INPUT ---        35 36 37 38 39 40 41 42 43 44 45 46 47 48 49 50 51 52 53 
  INPUT ---       54 55 56 57 58 59 60 61 62 63 ;

  INPUT ---    group=1 N    rows=1 cols=1 Square ;
  INPUT ---        4 ;

  INPUT ---    group=2 N    rows=1 cols=1 Square ;
  INPUT ---        5 ;

  INPUT ---    design matrix constraints=63 covariates=6;
  INPUT ---        1 0 0 0 0 0;
  INPUT ---        1 1 0 0 0 0;
  INPUT ---        0 0 1 0 0 0;
  INPUT ---        0 0 0 0 1 0;
  INPUT ---        0 0 0 0 1 1;
  INPUT ---        0 0 0 1 0 0;
  INPUT ---        0 0 0 1 0 0;
  INPUT ---        0 0 0 1 0 0;
  INPUT ---        0 0 0 1 0 0;
  INPUT ---        0 0 0 1 0 0;

  Program  MARK  - Survival Rate Estimation with Capture-Recapture Data
   gfortran(dble) Vers. 9.0 Mar 2018    25-Mar-2020 14:32:19    Page  003
 - - - - - - - - - - - - - - - - - - - - - - - - - - - - - - - - - - - - - -
 
  INPUT ---        0 0 0 1 0 0;
  INPUT ---        0 0 0 1 0 0;
  INPUT ---        0 0 0 1 0 0;
  INPUT ---        0 0 0 1 0 0;
  INPUT ---        0 0 0 1 0 0;
  INPUT ---        0 0 0 1 0 0;
  INPUT ---        0 0 0 1 0 0;
  INPUT ---        0 0 0 1 0 0;
  INPUT ---        0 0 0 1 0 0;
  INPUT ---        0 0 0 1 0 0;
  INPUT ---        0 0 0 1 0 0;
  INPUT ---        0 0 0 1 0 0;
  INPUT ---        0 0 0 1 0 0;
  INPUT ---        0 0 0 1 0 0;
  INPUT ---        0 0 0 1 0 0;
  INPUT ---        0 0 0 1 0 0;
  INPUT ---        0 0 0 1 0 0;
  INPUT ---        0 0 0 1 0 0;
  INPUT ---        0 0 0 1 0 0;
  INPUT ---        0 0 0 1 0 0;
  INPUT ---        0 0 0 1 0 0;
  INPUT ---        0 0 0 1 0 0;
  INPUT ---        0 0 0 1 0 0;
  INPUT ---        0 0 0 1 0 0;
  INPUT ---        0 0 0 1 0 0;
  INPUT ---        0 0 0 1 0 0;
  INPUT ---        0 0 0 1 0 0;
  INPUT ---        0 0 0 1 0 0;
  INPUT ---        0 0 0 1 0 0;
  INPUT ---        0 0 0 1 0 0;
  INPUT ---        0 0 0 1 0 0;
  INPUT ---        0 0 0 1 0 0;
  INPUT ---        0 0 0 1 0 0;
  INPUT ---        0 0 0 1 0 0;
  INPUT ---        0 0 0 1 0 0;
  INPUT ---        0 0 0 1 0 0;
  INPUT ---        0 0 0 1 0 0;
  INPUT ---        0 0 0 1 0 0;
  INPUT ---        0 0 0 1 0 0;
  INPUT ---        0 0 0 1 0 0;
  INPUT ---        0 0 0 1 0 0;
  INPUT ---        0 0 0 1 0 0;
  INPUT ---        0 0 0 1 0 0;
  INPUT ---        0 0 0 1 0 0;
  INPUT ---        0 0 0 1 0 0;
  INPUT ---        0 0 0 1 0 0;

  Program  MARK  - Survival Rate Estimation with Capture-Recapture Data
   gfortran(dble) Vers. 9.0 Mar 2018    25-Mar-2020 14:32:20    Page  004
 - - - - - - - - - - - - - - - - - - - - - - - - - - - - - - - - - - - - - -
 
  INPUT ---        0 0 0 1 0 0;
  INPUT ---        0 0 0 1 0 0;
  INPUT ---        0 0 0 1 0 0;
  INPUT ---        0 0 0 1 0 0;
  INPUT ---        0 0 0 1 0 0;
  INPUT ---        0 0 0 1 0 0;
  INPUT ---        0 0 0 1 0 0;

  INPUT ---    links=63;

  INPUT ---    Logit;

  INPUT ---    Logit;

  INPUT ---    Logit;

  INPUT ---    Log;

  INPUT ---    Log;

  INPUT ---    mlogit(1);

  INPUT ---    mlogit(1);

  INPUT ---    mlogit(1);

  INPUT ---    mlogit(1);

  INPUT ---    mlogit(1);

  INPUT ---    mlogit(1);

  INPUT ---    mlogit(1);

  INPUT ---    mlogit(1);

  INPUT ---    mlogit(1);

  INPUT ---    mlogit(1);

  INPUT ---    mlogit(1);

  INPUT ---    mlogit(1);

  INPUT ---    mlogit(1);


  Program  MARK  - Survival Rate Estimation with Capture-Recapture Data
   gfortran(dble) Vers. 9.0 Mar 2018    25-Mar-2020 14:32:20    Page  005
 - - - - - - - - - - - - - - - - - - - - - - - - - - - - - - - - - - - - - -
 
  INPUT ---    mlogit(1);

  INPUT ---    mlogit(1);

  INPUT ---    mlogit(1);

  INPUT ---    mlogit(1);

  INPUT ---    mlogit(1);

  INPUT ---    mlogit(1);

  INPUT ---    mlogit(1);

  INPUT ---    mlogit(1);

  INPUT ---    mlogit(1);

  INPUT ---    mlogit(1);

  INPUT ---    mlogit(1);

  INPUT ---    mlogit(1);

  INPUT ---    mlogit(1);

  INPUT ---    mlogit(1);

  INPUT ---    mlogit(1);

  INPUT ---    mlogit(1);

  INPUT ---    mlogit(2);

  INPUT ---    mlogit(2);

  INPUT ---    mlogit(2);

  INPUT ---    mlogit(2);

  INPUT ---    mlogit(2);

  INPUT ---    mlogit(2);

  INPUT ---    mlogit(2);


  Program  MARK  - Survival Rate Estimation with Capture-Recapture Data
   gfortran(dble) Vers. 9.0 Mar 2018    25-Mar-2020 14:32:20    Page  006
 - - - - - - - - - - - - - - - - - - - - - - - - - - - - - - - - - - - - - -
 
  INPUT ---    mlogit(2);

  INPUT ---    mlogit(2);

  INPUT ---    mlogit(2);

  INPUT ---    mlogit(2);

  INPUT ---    mlogit(2);

  INPUT ---    mlogit(2);

  INPUT ---    mlogit(2);

  INPUT ---    mlogit(2);

  INPUT ---    mlogit(2);

  INPUT ---    mlogit(2);

  INPUT ---    mlogit(2);

  INPUT ---    mlogit(2);

  INPUT ---    mlogit(2);

  INPUT ---    mlogit(2);

  INPUT ---    mlogit(2);

  INPUT ---    mlogit(2);

  INPUT ---    mlogit(2);

  INPUT ---    mlogit(2);

  INPUT ---    mlogit(2);

  INPUT ---    mlogit(2);

  INPUT ---    mlogit(2);

  INPUT ---    mlogit(2);
  INPUT ---       blabel(1)=Phi:(Intercept);
  INPUT ---       blabel(2)=Phi:sexM;
  INPUT ---       blabel(3)=p:(Intercept);

  Program  MARK  - Survival Rate Estimation with Capture-Recapture Data
   gfortran(dble) Vers. 9.0 Mar 2018    25-Mar-2020 14:32:20    Page  007
 - - - - - - - - - - - - - - - - - - - - - - - - - - - - - - - - - - - - - -
 
  INPUT ---       blabel(4)=pent:(Intercept);
  INPUT ---       blabel(5)=N:(Intercept);
  INPUT ---       blabel(6)=N:sexM;
  INPUT ---       rlabel(1)=Phi gF a0 t1;
  INPUT ---       rlabel(2)=Phi gM a0 t1;
  INPUT ---       rlabel(3)=p gF a0 t1;
  INPUT ---       rlabel(4)=N gF a0 t1;
  INPUT ---       rlabel(5)=N gM a0 t1;
  INPUT ---       rlabel(6)=pent gF a0.00547945205479452 t1.00547945205479;
  INPUT ---       rlabel(7)=pent gF a0.00821917808219178 t1.00821917808219;
  INPUT ---       rlabel(8)=pent gF a0.010958904109589 t1.01095890410959;
  INPUT ---       rlabel(9)=pent gF a0.0164383561643836 t1.01643835616438;
  INPUT ---       rlabel(10)=pent gF a0.0246575342465753 t1.02465753424658;
  INPUT ---       rlabel(11)=pent gF a0.0273972602739726 t1.02739726027397;
  INPUT ---       rlabel(12)=pent gF a0.0301369863013699 t1.03013698630137;
  INPUT ---       rlabel(13)=pent gF a0.0356164383561644 t1.03561643835616;
  INPUT ---       rlabel(14)=pent gF a0.0410958904109589 t1.04109589041096;
  INPUT ---       rlabel(15)=pent gF a0.0493150684931507 t1.04931506849315;
  INPUT ---       rlabel(16)=pent gF a0.0520547945205479 t1.05205479452055;
  INPUT ---       rlabel(17)=pent gF a0.0657534246575342 t1.06575342465753;
  INPUT ---       rlabel(18)=pent gF a0.0712328767123288 t1.07123287671233;
  INPUT ---       rlabel(19)=pent gF a0.0986301369863014 t1.0986301369863;
  INPUT ---       rlabel(20)=pent gF a0.101369863013699 t1.1013698630137;
  INPUT ---       rlabel(21)=pent gF a0.106849315068493 t1.10684931506849;
  INPUT ---       rlabel(22)=pent gF a0.10958904109589 t1.10958904109589;
  INPUT ---       rlabel(23)=pent gF a0.120547945205479 t1.12054794520548;
  INPUT ---       rlabel(24)=pent gF a0.350684931506849 t1.35068493150685;
  INPUT ---       rlabel(25)=pent gF a0.358904109589041 t1.35890410958904;
  INPUT ---       rlabel(26)=pent gF a0.613698630136986 t1.61369863013699;
  INPUT ---       rlabel(27)=pent gF a0.638356164383562 t1.63835616438356;
  INPUT ---       rlabel(28)=pent gF a0.646575342465753 t1.64657534246575;
  INPUT ---       rlabel(29)=pent gF a0.649315068493151 t1.64931506849315;
  INPUT ---       rlabel(30)=pent gF a0.652054794520548 t1.65205479452055;
  INPUT ---       rlabel(31)=pent gF a0.704109589041096 t1.7041095890411;
  INPUT ---       rlabel(32)=pent gF a0.706849315068493 t1.70684931506849;
  INPUT ---       rlabel(33)=pent gF a0.70958904109589 t1.70958904109589;
  INPUT ---       rlabel(34)=pent gF a0.827397260273973 t1.82739726027397;
  INPUT ---       rlabel(35)=pent gM a0.00547945205479452 t1.00547945205479;
  INPUT ---       rlabel(36)=pent gM a0.00821917808219178 t1.00821917808219;
  INPUT ---       rlabel(37)=pent gM a0.010958904109589 t1.01095890410959;
  INPUT ---       rlabel(38)=pent gM a0.0164383561643836 t1.01643835616438;
  INPUT ---       rlabel(39)=pent gM a0.0246575342465753 t1.02465753424658;
  INPUT ---       rlabel(40)=pent gM a0.0273972602739726 t1.02739726027397;
  INPUT ---       rlabel(41)=pent gM a0.0301369863013699 t1.03013698630137;
  INPUT ---       rlabel(42)=pent gM a0.0356164383561644 t1.03561643835616;
  INPUT ---       rlabel(43)=pent gM a0.0410958904109589 t1.04109589041096;

  Program  MARK  - Survival Rate Estimation with Capture-Recapture Data
   gfortran(dble) Vers. 9.0 Mar 2018    25-Mar-2020 14:32:20    Page  008
 - - - - - - - - - - - - - - - - - - - - - - - - - - - - - - - - - - - - - -
 
  INPUT ---       rlabel(44)=pent gM a0.0493150684931507 t1.04931506849315;
  INPUT ---       rlabel(45)=pent gM a0.0520547945205479 t1.05205479452055;
  INPUT ---       rlabel(46)=pent gM a0.0657534246575342 t1.06575342465753;
  INPUT ---       rlabel(47)=pent gM a0.0712328767123288 t1.07123287671233;
  INPUT ---       rlabel(48)=pent gM a0.0986301369863014 t1.0986301369863;
  INPUT ---       rlabel(49)=pent gM a0.101369863013699 t1.1013698630137;
  INPUT ---       rlabel(50)=pent gM a0.106849315068493 t1.10684931506849;
  INPUT ---       rlabel(51)=pent gM a0.10958904109589 t1.10958904109589;
  INPUT ---       rlabel(52)=pent gM a0.120547945205479 t1.12054794520548;
  INPUT ---       rlabel(53)=pent gM a0.350684931506849 t1.35068493150685;
  INPUT ---       rlabel(54)=pent gM a0.358904109589041 t1.35890410958904;
  INPUT ---       rlabel(55)=pent gM a0.613698630136986 t1.61369863013699;
  INPUT ---       rlabel(56)=pent gM a0.638356164383562 t1.63835616438356;
  INPUT ---       rlabel(57)=pent gM a0.646575342465753 t1.64657534246575;
  INPUT ---       rlabel(58)=pent gM a0.649315068493151 t1.64931506849315;
  INPUT ---       rlabel(59)=pent gM a0.652054794520548 t1.65205479452055;
  INPUT ---       rlabel(60)=pent gM a0.704109589041096 t1.7041095890411;
  INPUT ---       rlabel(61)=pent gM a0.706849315068493 t1.70684931506849;
  INPUT ---       rlabel(62)=pent gM a0.70958904109589 t1.70958904109589;
  INPUT ---       rlabel(63)=pent gM a0.827397260273973 t1.82739726027397;

 Link Function Used is PARM-SPECIFIC

 Variance Estimation Procedure Used is 2ndPart 

 M(t+1):
      16     29



 Group: 1

 U(t)+UL(t):
       0    2    2    0    1    0    3    1    1    0    0    0    0    0    1
       0    0    0    2    1    1    0    0    0    1    0    0    0    0    0

 U(t):
       0    2    2    0    1    0    3    1    1    0    0    0    0    0    1
       0    0    0    2    1    1    0    0    0    1    0    0    0    0    0

 UL(t):
       0    0    0    0    0    0    0    0    0    0    0    0    0    0    0
       0    0    0    0    0    0    0    0    0    0    0    0    0    0    0

 Not Released(t):
       0    0    0    0    0    0    0    0    0    0    0    0    0    0    0
       0    0    0    0    0    0    0    0    0    0    0    0    0    0    0

 Group: 2

 U(t)+UL(t):
       3    0    1    1    1    1    1    0    1    1    2    1    3    3    1
       1    0    2    3    1    0    0    1    0    0    0    0    0    0    1

 U(t):
       3    0    1    1    1    1    1    0    1    1    2    1    3    3    1
       1    0    2    3    1    0    0    1    0    0    0    0    0    0    1

 UL(t):
       0    0    0    0    0    0    0    0    0    0    0    0    0    0    0
       0    0    0    0    0    0    0    0    0    0    0    0    0    0    0

 Not Released(t):
       0    0    0    0    0    0    0    0    0    0    0    0    0    0    0
       0    0    0    0    0    0    0    0    0    0    0    0    0    0    0
 -2logL(saturated) = 272.93564     
 Effective Sample Size = 98

 Number of function evaluations was 25 for 6 parameters.
 Time for numerical optimization was 0.02 seconds.     
 -2logL { Phi(~sex)p(~1)pent(~1)N(~sex) } = 511.95560     
 Penalty { Phi(~sex)p(~1)pent(~1)N(~sex) } = 0.0000000     
 Gradient { Phi(~sex)p(~1)pent(~1)N(~sex) }:
  0.5942251E-05  0.1884152E-05  0.6579120E-05  0.3013399E-05  0.1301626E-05
  0.3785204E-05
 Maximum ABS(G) { Phi(~sex)p(~1)pent(~1)N(~sex) } = 0.6579120E-05 
 S Vector { Phi(~sex)p(~1)pent(~1)N(~sex) }:
   78.86950      9.314525      1.917844      1.786172     0.5424227    
  0.2049436    
 Time to compute number of parameters was 0.06 seconds.     
 Ratio Threshold = 50.000000       Max Gap (1/2) = 8.4673662       Next Max Gap (1/2) = 8.4673662     
 Gap Method for Num. of Estimated Parameters { Phi(~sex)p(~1)pent(~1)N(~sex) } = 6          
 Threshold { Phi(~sex)p(~1)pent(~1)N(~sex) } = 0.1315824E-04                 
 Numerical Threshold Method for Num. of Estimated Parameters { Phi(~sex)p(~1)pent(~1)N(~sex) } = 6          
 Number of Estimated Parameters { Phi(~sex)p(~1)pent(~1)N(~sex) } = 6          
 DEVIANCE { Phi(~sex)p(~1)pent(~1)N(~sex) } = 239.01995                     
 DEVIANCE Degrees of Freedom { Phi(~sex)p(~1)pent(~1)N(~sex) } = 35            
 c-hat { Phi(~sex)p(~1)pent(~1)N(~sex) } = 6.8291415                     
 AIC { Phi(~sex)p(~1)pent(~1)N(~sex) } = 523.95560                  
 AICc { Phi(~sex)p(~1)pent(~1)N(~sex) } = 524.87867                    
 BIC { Phi(~sex)p(~1)pent(~1)N(~sex) } = 539.46540                    
 Pearson Chisquare { Phi(~sex)p(~1)pent(~1)N(~sex) } = 214049.94                  
 Possible Encounter Histories { Phi(~sex)p(~1)pent(~1)N(~sex) } = 2147483646             
 Pearson Chisquare df { Phi(~sex)p(~1)pent(~1)N(~sex) } = 2147483638        
 Pearson chat { Phi(~sex)p(~1)pent(~1)N(~sex) } = 0.9967477E-04              
 Sum(Observed/Expected) { Phi(~sex)p(~1)pent(~1)N(~sex) } = 213835.47                  
 Fletcher chat { Phi(~sex)p(~1)pent(~1)N(~sex) } = 1.0010030                  

  Program  MARK  - Survival Rate Estimation with Capture-Recapture Data
   gfortran(dble) Vers. 9.0 Mar 2018    25-Mar-2020 14:32:20    Page  009
 - - - - - - - - - - - - - - - - - - - - - - - - - - - - - - - - - - - - - -
 


              PARM-SPECIFIC Link Function Parameters of { Phi(~sex)p(~1)pent(~1)N(~sex) }
                                                              95% Confidence Interval
 Parameter                    Beta         Standard Error      Lower           Upper
 -------------------------  --------------  --------------  --------------  --------------
    1:Phi:(Intercept)       -1.5678466       1.1139397      -3.7511685       0.6154753    
    2:Phi:sexM               3.0492450       2.1394364      -1.1440506       7.2425405    
    3:p:(Intercept)         -2.4789124       0.1831655      -2.8379167      -2.1199080    
    4:pent:(Intercept)      -4.0636466       1.0735657      -6.1678354      -1.9594577    
    5:N:(Intercept)          1.9307179       0.6315043       0.6929695       3.1684663    
    6:N:sexM                 0.0077918       0.7220423      -1.4074112       1.4229948    


              Real Function Parameters of { Phi(~sex)p(~1)pent(~1)N(~sex) }
                                                               95% Confidence Interval
  Parameter                  Estimate       Standard Error      Lower           Upper
 --------------------------  --------------  --------------  --------------  --------------
     1:Phi gF a0 t1           0.1725236       0.1590251       0.0229512       0.6491888                          
     2:Phi gM a0 t1           0.8147837       0.3194460       0.0649190       0.9964253                          
     3:p gF a0 t1             0.0773498       0.0130719       0.0553093       0.1071769                          
     4:N gF a0 t1             22.894458       4.3538798       18.214991       37.459930                          
     5:N gM a0 t1             35.948388       4.5395407       31.159670       51.355309                          
     6:pent gF a0.005479452   0.0114697       0.0082178       0.0027951       0.0458290                          
     7:pent gF a0.008219178   0.0114697       0.0082178       0.0027951       0.0458290                          
     8:pent gF a0.010958904   0.0114697       0.0082178       0.0027951       0.0458290                          
     9:pent gF a0.016438356   0.0114697       0.0082178       0.0027951       0.0458290                          
    10:pent gF a0.024657534   0.0114697       0.0082178       0.0027951       0.0458290                          
    11:pent gF a0.027397260   0.0114697       0.0082178       0.0027951       0.0458290                          
    12:pent gF a0.030136986   0.0114697       0.0082178       0.0027951       0.0458290                          
    13:pent gF a0.035616438   0.0114697       0.0082178       0.0027951       0.0458290                          
    14:pent gF a0.041095890   0.0114697       0.0082178       0.0027951       0.0458290                          
    15:pent gF a0.049315068   0.0114697       0.0082178       0.0027951       0.0458290                          
    16:pent gF a0.052054794   0.0114697       0.0082178       0.0027951       0.0458290                          
    17:pent gF a0.065753424   0.0114697       0.0082178       0.0027951       0.0458290                          
    18:pent gF a0.071232876   0.0114697       0.0082178       0.0027951       0.0458290                          
    19:pent gF a0.098630136   0.0114697       0.0082178       0.0027951       0.0458290                          
    20:pent gF a0.101369863   0.0114697       0.0082178       0.0027951       0.0458290                          
    21:pent gF a0.106849315   0.0114697       0.0082178       0.0027951       0.0458290                          
    22:pent gF a0.109589041   0.0114697       0.0082178       0.0027951       0.0458290                          
    23:pent gF a0.120547945   0.0114697       0.0082178       0.0027951       0.0458290                          
    24:pent gF a0.350684931   0.0114697       0.0082178       0.0027951       0.0458290                          
    25:pent gF a0.358904109   0.0114697       0.0082178       0.0027951       0.0458290                          
    26:pent gF a0.613698630   0.0114697       0.0082178       0.0027951       0.0458290                          
    27:pent gF a0.638356164   0.0114697       0.0082178       0.0027951       0.0458290                          
    28:pent gF a0.646575342   0.0114697       0.0082178       0.0027951       0.0458290                          

  Program  MARK  - Survival Rate Estimation with Capture-Recapture Data
   gfortran(dble) Vers. 9.0 Mar 2018    25-Mar-2020 14:32:20    Page  010
 - - - - - - - - - - - - - - - - - - - - - - - - - - - - - - - - - - - - - -
 
    29:pent gF a0.649315068   0.0114697       0.0082178       0.0027951       0.0458290                          
    30:pent gF a0.652054794   0.0114697       0.0082178       0.0027951       0.0458290                          
    31:pent gF a0.704109589   0.0114697       0.0082178       0.0027951       0.0458290                          
    32:pent gF a0.706849315   0.0114697       0.0082178       0.0027951       0.0458290                          
    33:pent gF a0.709589041   0.0114697       0.0082178       0.0027951       0.0458290                          
    34:pent gF a0.827397260   0.0114697       0.0082178       0.0027951       0.0458290                          
    35:pent gM a0.005479452   0.0114697       0.0082178       0.0027951       0.0458290                          
    36:pent gM a0.008219178   0.0114697       0.0082178       0.0027951       0.0458290                          
    37:pent gM a0.010958904   0.0114697       0.0082178       0.0027951       0.0458290                          
    38:pent gM a0.016438356   0.0114697       0.0082178       0.0027951       0.0458290                          
    39:pent gM a0.024657534   0.0114697       0.0082178       0.0027951       0.0458290                          
    40:pent gM a0.027397260   0.0114697       0.0082178       0.0027951       0.0458290                          
    41:pent gM a0.030136986   0.0114697       0.0082178       0.0027951       0.0458290                          
    42:pent gM a0.035616438   0.0114697       0.0082178       0.0027951       0.0458290                          
    43:pent gM a0.041095890   0.0114697       0.0082178       0.0027951       0.0458290                          
    44:pent gM a0.049315068   0.0114697       0.0082178       0.0027951       0.0458290                          
    45:pent gM a0.052054794   0.0114697       0.0082178       0.0027951       0.0458290                          
    46:pent gM a0.065753424   0.0114697       0.0082178       0.0027951       0.0458290                          
    47:pent gM a0.071232876   0.0114697       0.0082178       0.0027951       0.0458290                          
    48:pent gM a0.098630136   0.0114697       0.0082178       0.0027951       0.0458290                          
    49:pent gM a0.101369863   0.0114697       0.0082178       0.0027951       0.0458290                          
    50:pent gM a0.106849315   0.0114697       0.0082178       0.0027951       0.0458290                          
    51:pent gM a0.109589041   0.0114697       0.0082178       0.0027951       0.0458290                          
    52:pent gM a0.120547945   0.0114697       0.0082178       0.0027951       0.0458290                          
    53:pent gM a0.350684931   0.0114697       0.0082178       0.0027951       0.0458290                          
    54:pent gM a0.358904109   0.0114697       0.0082178       0.0027951       0.0458290                          
    55:pent gM a0.613698630   0.0114697       0.0082178       0.0027951       0.0458290                          
    56:pent gM a0.638356164   0.0114697       0.0082178       0.0027951       0.0458290                          
    57:pent gM a0.646575342   0.0114697       0.0082178       0.0027951       0.0458290                          
    58:pent gM a0.649315068   0.0114697       0.0082178       0.0027951       0.0458290                          
    59:pent gM a0.652054794   0.0114697       0.0082178       0.0027951       0.0458290                          
    60:pent gM a0.704109589   0.0114697       0.0082178       0.0027951       0.0458290                          
    61:pent gM a0.706849315   0.0114697       0.0082178       0.0027951       0.0458290                          
    62:pent gM a0.709589041   0.0114697       0.0082178       0.0027951       0.0458290                          
    63:pent gM a0.827397260   0.0114697       0.0082178       0.0027951       0.0458290                          


                      Estimates of Derived Parameters
  Gross Birth+Immigration Estimates of { Phi(~sex)p(~1)pent(~1)N(~sex) }
                                                95% Confidence Interval
 Grp. Occ.   B*-hat          Standard Error      Lower           Upper
 ---- ----   --------------  --------------  --------------  --------------
   1     1    0.2638592       0.2184998       0.0640106       1.0876585    
   1     2    0.2632256       0.2178231       0.0639061       1.0842118    
   1     3    0.2632256       0.2178231       0.0639061       1.0842118    

  Program  MARK  - Survival Rate Estimation with Capture-Recapture Data
   gfortran(dble) Vers. 9.0 Mar 2018    25-Mar-2020 14:32:20    Page  011
 - - - - - - - - - - - - - - - - - - - - - - - - - - - - - - - - - - - - - -
 
   1     4    0.2638592       0.2184998       0.0640106       1.0876585    
   1     5    0.2644938       0.2191783       0.0641152       1.0911146    
   1     6    0.2632256       0.2178231       0.0639061       1.0842118    
   1     7    0.2632256       0.2178231       0.0639061       1.0842118    
   1     8    0.2638592       0.2184998       0.0640106       1.0876585    
   1     9    0.2638592       0.2184998       0.0640106       1.0876585    
   1    10    0.2644938       0.2191783       0.0641152       1.0911146    
   1    11    0.2632256       0.2178231       0.0639061       1.0842118    
   1    12    0.2657662       0.2205404       0.0643243       1.0980547    
   1    13    0.2638592       0.2184998       0.0640106       1.0876585    
   1    14    0.2689647       0.2239758       0.0648476       1.1155688    
   1    15    0.2632256       0.2178231       0.0639061       1.0842118    
   1    16    0.2638592       0.2184998       0.0640106       1.0876585    
   1    17    0.2632256       0.2178231       0.0639061       1.0842118    
   1    18    0.2651295       0.2198585       0.0642197       1.0945799    
   1    19    0.3192585       0.2798470       0.0726880       1.4022398    
   1    20    0.2644938       0.2191783       0.0641152       1.0911146    
   1    21    0.3257505       0.2872787       0.0736587       1.4406090    
   1    22    0.2683230       0.2232853       0.0647429       1.1120473    
   1    23    0.2644938       0.2191783       0.0641152       1.0911146    
   1    24    0.2632256       0.2178231       0.0639061       1.0842118    
   1    25    0.2632256       0.2178231       0.0639061       1.0842118    
   1    26    0.2747860       0.2302683       0.0657910       1.1476847    
   1    27    0.2632256       0.2178231       0.0639061       1.0842118    
   1    28    0.2632256       0.2178231       0.0639061       1.0842118    
   1    29    0.2907104       0.2477311       0.0683179       1.2370480    
   2     1    0.4125493       0.3306106       0.1037429       1.6405650    
   2     2    0.4124336       0.3304097       0.1037507       1.6395208    
   2     3    0.4124336       0.3304097       0.1037507       1.6395208    
   2     4    0.4125493       0.3306106       0.1037429       1.6405650    
   2     5    0.4126650       0.3308117       0.1037350       1.6416103    
   2     6    0.4124336       0.3304097       0.1037507       1.6395208    
   2     7    0.4124336       0.3304097       0.1037507       1.6395208    
   2     8    0.4125493       0.3306106       0.1037429       1.6405650    
   2     9    0.4125493       0.3306106       0.1037429       1.6405650    
   2    10    0.4126650       0.3308117       0.1037350       1.6416103    
   2    11    0.4124336       0.3304097       0.1037507       1.6395208    
   2    12    0.4128966       0.3312144       0.1037192       1.6437039    
   2    13    0.4125493       0.3306106       0.1037429       1.6405650    
   2    14    0.4134759       0.3322240       0.1036791       1.6489556    
   2    15    0.4124336       0.3304097       0.1037507       1.6395208    
   2    16    0.4125493       0.3306106       0.1037429       1.6405650    
   2    17    0.4124336       0.3304097       0.1037507       1.6395208    
   2    18    0.4127808       0.3310130       0.1037271       1.6426566    
   2    19    0.4221124       0.3476585       0.1030154       1.7296330    
   2    20    0.4126650       0.3308117       0.1037350       1.6416103    

  Program  MARK  - Survival Rate Estimation with Capture-Recapture Data
   gfortran(dble) Vers. 9.0 Mar 2018    25-Mar-2020 14:32:20    Page  012
 - - - - - - - - - - - - - - - - - - - - - - - - - - - - - - - - - - - - - -
 
   2    21    0.4231709       0.3495977       0.1029265       1.7398209    
   2    22    0.4133600       0.3320217       0.1036872       1.6479033    
   2    23    0.4126650       0.3308117       0.1037350       1.6416103    
   2    24    0.4124336       0.3304097       0.1037507       1.6395208    
   2    25    0.4124336       0.3304097       0.1037507       1.6395208    
   2    26    0.4145199       0.3340521       0.1036054       1.6584726    
   2    27    0.4124336       0.3304097       0.1037507       1.6395208    
   2    28    0.4124336       0.3304097       0.1037507       1.6395208    
   2    29    0.4173127       0.3389938       0.1033990       1.6842514    

   Net Birth+Immigration Estimates of { Phi(~sex)p(~1)pent(~1)N(~sex) }
                                                95% Confidence Interval
 Grp. Occ.   B-hat           Standard Error      Lower           Upper
 ---- ----   --------------  --------------  --------------  --------------
   1     1    0.2625930       0.2171481       0.0638015       1.0807744    
   1     2    0.2625930       0.2171481       0.0638015       1.0807744    
   1     3    0.2625930       0.2171481       0.0638015       1.0807744    
   1     4    0.2625930       0.2171481       0.0638015       1.0807744    
   1     5    0.2625930       0.2171481       0.0638015       1.0807744    
   1     6    0.2625930       0.2171481       0.0638015       1.0807744    
   1     7    0.2625930       0.2171481       0.0638015       1.0807744    
   1     8    0.2625930       0.2171481       0.0638015       1.0807744    
   1     9    0.2625930       0.2171481       0.0638015       1.0807744    
   1    10    0.2625930       0.2171481       0.0638015       1.0807744    
   1    11    0.2625930       0.2171481       0.0638015       1.0807744    
   1    12    0.2625930       0.2171481       0.0638015       1.0807744    
   1    13    0.2625930       0.2171481       0.0638015       1.0807744    
   1    14    0.2625930       0.2171481       0.0638015       1.0807744    
   1    15    0.2625930       0.2171481       0.0638015       1.0807744    
   1    16    0.2625930       0.2171481       0.0638015       1.0807744    
   1    17    0.2625930       0.2171481       0.0638015       1.0807744    
   1    18    0.2625930       0.2171481       0.0638015       1.0807744    
   1    19    0.2625930       0.2171481       0.0638015       1.0807744    
   1    20    0.2625930       0.2171481       0.0638015       1.0807744    
   1    21    0.2625930       0.2171481       0.0638015       1.0807744    
   1    22    0.2625930       0.2171481       0.0638015       1.0807744    
   1    23    0.2625930       0.2171481       0.0638015       1.0807744    
   1    24    0.2625930       0.2171481       0.0638015       1.0807744    
   1    25    0.2625930       0.2171481       0.0638015       1.0807744    
   1    26    0.2625930       0.2171481       0.0638015       1.0807744    
   1    27    0.2625930       0.2171481       0.0638015       1.0807744    
   1    28    0.2625930       0.2171481       0.0638015       1.0807744    
   1    29    0.2625930       0.2171481       0.0638015       1.0807744    
   2     1    0.4123179       0.3302090       0.1037585       1.6384775    
   2     2    0.4123179       0.3302090       0.1037585       1.6384775    
   2     3    0.4123179       0.3302090       0.1037585       1.6384775    
   2     4    0.4123179       0.3302090       0.1037585       1.6384775    
   2     5    0.4123179       0.3302090       0.1037585       1.6384775    
   2     6    0.4123179       0.3302090       0.1037585       1.6384775    
   2     7    0.4123179       0.3302090       0.1037585       1.6384775    
   2     8    0.4123179       0.3302090       0.1037585       1.6384775    
   2     9    0.4123179       0.3302090       0.1037585       1.6384775    
   2    10    0.4123179       0.3302090       0.1037585       1.6384775    
   2    11    0.4123179       0.3302090       0.1037585       1.6384775    
   2    12    0.4123179       0.3302090       0.1037585       1.6384775    
   2    13    0.4123179       0.3302090       0.1037585       1.6384775    
   2    14    0.4123179       0.3302090       0.1037585       1.6384775    
   2    15    0.4123179       0.3302090       0.1037585       1.6384775    
   2    16    0.4123179       0.3302090       0.1037585       1.6384775    
   2    17    0.4123179       0.3302090       0.1037585       1.6384775    
   2    18    0.4123179       0.3302090       0.1037585       1.6384775    
   2    19    0.4123179       0.3302090       0.1037585       1.6384775    
   2    20    0.4123179       0.3302090       0.1037585       1.6384775    
   2    21    0.4123179       0.3302090       0.1037585       1.6384775    
   2    22    0.4123179       0.3302090       0.1037585       1.6384775    
   2    23    0.4123179       0.3302090       0.1037585       1.6384775    
   2    24    0.4123179       0.3302090       0.1037585       1.6384775    
   2    25    0.4123179       0.3302090       0.1037585       1.6384775    
   2    26    0.4123179       0.3302090       0.1037585       1.6384775    
   2    27    0.4123179       0.3302090       0.1037585       1.6384775    
   2    28    0.4123179       0.3302090       0.1037585       1.6384775    
   2    29    0.4123179       0.3302090       0.1037585       1.6384775    

        Population Estimates of { Phi(~sex)p(~1)pent(~1)N(~sex) }
                                                95% Confidence Interval
 Grp. Occ.   N-hat           Standard Error      Lower           Upper
 ---- ----   --------------  --------------  --------------  --------------
   1     1    15.279262       4.7520967       8.4226205       27.717721    
   1     2    15.395443       4.5654809       8.7149673       27.196850    
   1     3    15.584096       4.3997070       9.0564500       26.816693    
   1     4    15.771842       4.2395848       9.3982752       26.467730    
   1     5    15.883303       4.0717742       9.6870027       26.043073    
   1     6    15.918144       3.8986057       9.9184654       25.547026    
   1     7    16.104286       3.7575295       10.255518       25.288634    
   1     8    16.289534       3.6243267       10.587681       25.062044    
   1     9    16.396034       3.4885304       10.854981       24.765584    
   1    10    16.501514       3.3622438       11.113373       24.502009    
   1    11    16.527490       3.2367578       11.299776       24.173746    
   1    12    16.710706       3.1404547       11.598745       24.075681    
   1    13    16.575849       3.0233835       11.627463       23.630157    
   1    14    16.679606       2.9420712       11.835603       23.506131    
   1    15    16.158215       2.8403268       11.478931       22.744967    
   1    16    16.343204       2.7867953       11.728134       22.774324    
   1    17    16.449190       2.7453717       11.886417       22.763449    
   1    18    16.632782       2.7207258       12.096068       22.871020    
   1    19    16.578138       2.7034306       12.068014       22.773810    
   1    20    11.326445       3.2622097       6.5132301       19.696579    
   1    21    11.426627       3.2337815       6.6320070       19.687524    
   1    22    7.5650872       3.5518219       3.1542459       18.143970    
   1    23    7.5068943       3.4989316       3.1480621       17.901000    
   1    24    7.6618450       3.4556713       3.2964278       17.808328    
   1    25    7.8876402       3.4242482       3.4933444       17.809543    
   1    26    8.1123509       3.4062333       3.6824948       17.871101    
   1    27    7.6658194       3.4085392       3.3343313       17.624160    
   1    28    7.8915954       3.4074847       3.5092361       17.746677    
   1    29    8.1162872       3.4196038       3.6750616       17.924629    
   1    30    6.8611942       3.3906869       2.7447388       17.151354    
   2     1    23.991170       7.1004049       13.595506       42.335774    
   2     2    24.376576       6.8170656       14.236109       41.740160    
   2     3    24.775218       6.5319433       14.905796       41.179381    
   2     4    25.173637       6.2506738       15.586192       40.658552    
   2     5    25.557716       5.9793624       16.256327       40.181084    
   2     6    25.927042       5.7188858       16.912987       39.745287    
   2     7    26.324814       5.4517655       17.616882       39.337032    

  Program  MARK  - Survival Rate Estimation with Capture-Recapture Data
   gfortran(dble) Vers. 9.0 Mar 2018    25-Mar-2020 14:32:20    Page  013
 - - - - - - - - - - - - - - - - - - - - - - - - - - - - - - - - - - - - - -
 
   2     8    26.722363       5.1909457       18.325283       38.967186    
   2     9    27.104706       4.9435120       19.013547       38.639034    
   2    10    27.486619       4.7041575       19.701130       38.348776    
   2    11    27.852701       4.4805075       20.361531       38.099931    
   2    12    28.249392       4.2542883       21.063762       37.886306    
   2    13    28.582555       4.0668452       21.656720       37.723279    
   2    14    28.962811       3.8725303       22.311606       37.596775    
   2    15    29.213049       3.7546214       22.731159       37.543278    
   2    16    29.608978       3.5828041       23.377433       37.501618    
   2    17    29.988082       3.4396726       23.968001       37.520236    
   2    18    30.383576       3.3117826       24.554483       37.596462    
   2    19    30.727767       3.2306063       25.019748       37.738015    
   2    20    29.725202       4.4378045       22.219926       39.765553    
   2    21    30.087518       4.3724673       22.663606       39.943278    
   2    22    28.969834       6.4248726       18.854985       44.510843    
   2    23    29.236204       6.5183634       18.986054       45.020182    
   2    24    29.599342       6.4794558       19.369668       45.231600    
   2    25    29.995054       6.4060721       19.827946       45.375516    
   2    26    30.390544       6.3480720       20.268823       45.566788    
   2    27    30.480544       6.7474199       19.853612       46.795693    
   2    28    30.875761       6.7115234       20.263685       47.045372    
   2    29    31.270757       6.6907475       20.655928       47.340416    
   2    30    30.937513       7.7090869       19.123316       50.050404    

     Gross Population Estimates of { Phi(~sex)p(~1)pent(~1)N(~sex) }
                                                95% Confidence Interval
 Grp. Occ.   N*-hat          Standard Error      Lower           Upper
 ---- ----   --------------  --------------  --------------  --------------
   1     0    23.094562       4.5164927       15.797953       33.761262    
   2     0    35.983525       4.5920010       28.048838       46.162840    

   CPU Time for the last procedure was 0.11 seconds.     

  Program  MARK  - Survival Rate Estimation with Capture-Recapture Data
   gfortran(dble) Vers. 9.0 Mar 2018    25-Mar-2020 14:32:20    Page  014
 - - - - - - - - - - - - - - - - - - - - - - - - - - - - - - - - - - - - - -
 


  INPUT --- proc stop;

     CPU Time in minutes for this job was 0.00

     Time Start = 14:32:19.964   Time End = 14:32:20.294

     Wall Clock Time in minutes for this job was 0.01


          E X E C U T I O N   S U C C E S S F U L 
