
   Program  MARK  - Survival Rate Estimation with Capture-Recapture Data
   gfortran(dble) Vers. 9.0 Mar 2018    25-Mar-2020 14:33:40    Page  001
 - - - - - - - - - - - - - - - - - - - - - - - - - - - - - - - - - - - - - -
 
   This version was compiled by GCC version 7.2.0 using the options: 
     -cpp -iprefix C:/Program Files/mingw-w64/x86_64-7.2.0-posix-seh-rt_v5-rev1/
     mingw64/bin/../lib/gcc/x86_64-w64-mingw32/7.2.0/ -D_MT -D_REENTRANT
     -U_REENTRANT -D IEEE -D DBLEPRECISION -m64 -mtune=core2 -march=nocona -mthreads
     -O2 -fimplicit-none -fbounds-check -funroll-loops -ftree-vectorize
     -ffpe-summary=invalid,zero,overflow,underflow -fno-unsafe-math-optimizations
     -frounding-math -fsignaling-nans -fopenmp.

   This problem will use 15 of 16 possible threads.


  INPUT --- proc title ;

   CPU Time for the last procedure was 0.01 seconds.     


  INPUT --- proc chmatrix occasions= 33 groups= 2 etype= POPAN Nodes= 
  INPUT --- 101 ICMeans NoHist hist= 41  ;

  INPUT ---    time interval 0.00547945205479452 0.00273972602739726 
  INPUT ---    0.00273972602739726 0.00547945205479452  
  INPUT ---    0.00821917808219178 0.00273972602739726 0.00273972602739726 
  INPUT ---    0.00547945205479452  0.00547945205479452 
  INPUT ---    0.00821917808219178 0.00273972602739726 0.0136986301369863 
  INPUT ---    0.00547945205479452  0.0273972602739726 0.00273972602739726 
  INPUT ---    0.00547945205479452 0.00273972602739726 0.010958904109589  
  INPUT ---    0.23013698630137 0.00821917808219178 0.254794520547945 
  INPUT ---    0.0246575342465753 0.00821917808219178  0.00273972602739726 
  INPUT ---    0.00273972602739726 0.0520547945205479 0.00273972602739726 
  INPUT ---    0.00273972602739726  0.117808219178082 0.575342465753425 
  INPUT ---    0.00273972602739726 0.00273972602739726 ;

  INPUT ---    glabel(1)=sexF;

  INPUT ---    glabel(2)=sexM;

   * *  WARNING  * *   At least a pair of the encounter histories are duplicates. 

      Number of unique encounter histories read was 38.

      Number of individual covariates read was 0.
      Time interval lengths vary and/or not equal to 1.

      Data type number is 19
      Data type is POPAN                                                                                               

   CPU Time for the last procedure was 0.01 seconds.     

  Program  MARK  - Survival Rate Estimation with Capture-Recapture Data
   gfortran(dble) Vers. 9.0 Mar 2018    25-Mar-2020 14:33:40    Page  002
 - - - - - - - - - - - - - - - - - - - - - - - - - - - - - - - - - - - - - -
 


  INPUT --- proc estimate link=Parm-Specific NOLOOP varest=2ndPart    ;


  INPUT --- model={ Phi(~1)p(~sex)pent(~1)N(~1) };

  INPUT ---    group=1 Phi    rows=1 cols=32 Square ;
  INPUT ---        1 1 1 1 1 1 1 1 1 1 1 1 1 1 1 1 1 1 1 1 1 1 1 1 1 1 1 1 1 
  INPUT ---       1 1 1 ;

  INPUT ---    group=2 Phi    rows=1 cols=32 Square ;
  INPUT ---        1 1 1 1 1 1 1 1 1 1 1 1 1 1 1 1 1 1 1 1 1 1 1 1 1 1 1 1 1 
  INPUT ---       1 1 1 ;

  INPUT ---    group=1 p    rows=1 cols=33 Square ;
  INPUT ---        2 2 2 2 2 2 2 2 2 2 2 2 2 2 2 2 2 2 2 2 2 2 2 2 2 2 2 2 2 
  INPUT ---       2 2 2 2 ;

  INPUT ---    group=2 p    rows=1 cols=33 Square ;
  INPUT ---        3 3 3 3 3 3 3 3 3 3 3 3 3 3 3 3 3 3 3 3 3 3 3 3 3 3 3 3 3 
  INPUT ---       3 3 3 3 ;

  INPUT ---    group=1 pent    rows=1 cols=32 Square ;
  INPUT ---        5 6 7 8 9 10 11 12 13 14 15 16 17 18 19 20 21 22 23 24 25 
  INPUT ---       26 27 28 29 30 31 32 33 34 35 36 ;

  INPUT ---    group=2 pent    rows=1 cols=32 Square ;
  INPUT ---        37 38 39 40 41 42 43 44 45 46 47 48 49 50 51 52 53 54 55 
  INPUT ---       56 57 58 59 60 61 62 63 64 65 66 67 68 ;

  INPUT ---    group=1 N    rows=1 cols=1 Square ;
  INPUT ---        4 ;

  INPUT ---    group=2 N    rows=1 cols=1 Square ;
  INPUT ---        4 ;

  INPUT ---    design matrix constraints=68 covariates=5;
  INPUT ---        1 0 0 0 0;
  INPUT ---        0 1 0 0 0;
  INPUT ---        0 1 1 0 0;
  INPUT ---        0 0 0 0 1;
  INPUT ---        0 0 0 1 0;
  INPUT ---        0 0 0 1 0;
  INPUT ---        0 0 0 1 0;
  INPUT ---        0 0 0 1 0;

  Program  MARK  - Survival Rate Estimation with Capture-Recapture Data
   gfortran(dble) Vers. 9.0 Mar 2018    25-Mar-2020 14:33:40    Page  003
 - - - - - - - - - - - - - - - - - - - - - - - - - - - - - - - - - - - - - -
 
  INPUT ---        0 0 0 1 0;
  INPUT ---        0 0 0 1 0;
  INPUT ---        0 0 0 1 0;
  INPUT ---        0 0 0 1 0;
  INPUT ---        0 0 0 1 0;
  INPUT ---        0 0 0 1 0;
  INPUT ---        0 0 0 1 0;
  INPUT ---        0 0 0 1 0;
  INPUT ---        0 0 0 1 0;
  INPUT ---        0 0 0 1 0;
  INPUT ---        0 0 0 1 0;
  INPUT ---        0 0 0 1 0;
  INPUT ---        0 0 0 1 0;
  INPUT ---        0 0 0 1 0;
  INPUT ---        0 0 0 1 0;
  INPUT ---        0 0 0 1 0;
  INPUT ---        0 0 0 1 0;
  INPUT ---        0 0 0 1 0;
  INPUT ---        0 0 0 1 0;
  INPUT ---        0 0 0 1 0;
  INPUT ---        0 0 0 1 0;
  INPUT ---        0 0 0 1 0;
  INPUT ---        0 0 0 1 0;
  INPUT ---        0 0 0 1 0;
  INPUT ---        0 0 0 1 0;
  INPUT ---        0 0 0 1 0;
  INPUT ---        0 0 0 1 0;
  INPUT ---        0 0 0 1 0;
  INPUT ---        0 0 0 1 0;
  INPUT ---        0 0 0 1 0;
  INPUT ---        0 0 0 1 0;
  INPUT ---        0 0 0 1 0;
  INPUT ---        0 0 0 1 0;
  INPUT ---        0 0 0 1 0;
  INPUT ---        0 0 0 1 0;
  INPUT ---        0 0 0 1 0;
  INPUT ---        0 0 0 1 0;
  INPUT ---        0 0 0 1 0;
  INPUT ---        0 0 0 1 0;
  INPUT ---        0 0 0 1 0;
  INPUT ---        0 0 0 1 0;
  INPUT ---        0 0 0 1 0;
  INPUT ---        0 0 0 1 0;
  INPUT ---        0 0 0 1 0;
  INPUT ---        0 0 0 1 0;
  INPUT ---        0 0 0 1 0;

  Program  MARK  - Survival Rate Estimation with Capture-Recapture Data
   gfortran(dble) Vers. 9.0 Mar 2018    25-Mar-2020 14:33:40    Page  004
 - - - - - - - - - - - - - - - - - - - - - - - - - - - - - - - - - - - - - -
 
  INPUT ---        0 0 0 1 0;
  INPUT ---        0 0 0 1 0;
  INPUT ---        0 0 0 1 0;
  INPUT ---        0 0 0 1 0;
  INPUT ---        0 0 0 1 0;
  INPUT ---        0 0 0 1 0;
  INPUT ---        0 0 0 1 0;
  INPUT ---        0 0 0 1 0;
  INPUT ---        0 0 0 1 0;
  INPUT ---        0 0 0 1 0;
  INPUT ---        0 0 0 1 0;
  INPUT ---        0 0 0 1 0;
  INPUT ---        0 0 0 1 0;
  INPUT ---        0 0 0 1 0;

  INPUT ---    links=68;

  INPUT ---    Logit;

  INPUT ---    Logit;

  INPUT ---    Logit;

  INPUT ---    Log;

  INPUT ---    mlogit(1);

  INPUT ---    mlogit(1);

  INPUT ---    mlogit(1);

  INPUT ---    mlogit(1);

  INPUT ---    mlogit(1);

  INPUT ---    mlogit(1);

  INPUT ---    mlogit(1);

  INPUT ---    mlogit(1);

  INPUT ---    mlogit(1);

  INPUT ---    mlogit(1);

  INPUT ---    mlogit(1);

  Program  MARK  - Survival Rate Estimation with Capture-Recapture Data
   gfortran(dble) Vers. 9.0 Mar 2018    25-Mar-2020 14:33:40    Page  005
 - - - - - - - - - - - - - - - - - - - - - - - - - - - - - - - - - - - - - -
 

  INPUT ---    mlogit(1);

  INPUT ---    mlogit(1);

  INPUT ---    mlogit(1);

  INPUT ---    mlogit(1);

  INPUT ---    mlogit(1);

  INPUT ---    mlogit(1);

  INPUT ---    mlogit(1);

  INPUT ---    mlogit(1);

  INPUT ---    mlogit(1);

  INPUT ---    mlogit(1);

  INPUT ---    mlogit(1);

  INPUT ---    mlogit(1);

  INPUT ---    mlogit(1);

  INPUT ---    mlogit(1);

  INPUT ---    mlogit(1);

  INPUT ---    mlogit(1);

  INPUT ---    mlogit(1);

  INPUT ---    mlogit(1);

  INPUT ---    mlogit(1);

  INPUT ---    mlogit(1);

  INPUT ---    mlogit(1);

  INPUT ---    mlogit(2);

  INPUT ---    mlogit(2);

  Program  MARK  - Survival Rate Estimation with Capture-Recapture Data
   gfortran(dble) Vers. 9.0 Mar 2018    25-Mar-2020 14:33:40    Page  006
 - - - - - - - - - - - - - - - - - - - - - - - - - - - - - - - - - - - - - -
 

  INPUT ---    mlogit(2);

  INPUT ---    mlogit(2);

  INPUT ---    mlogit(2);

  INPUT ---    mlogit(2);

  INPUT ---    mlogit(2);

  INPUT ---    mlogit(2);

  INPUT ---    mlogit(2);

  INPUT ---    mlogit(2);

  INPUT ---    mlogit(2);

  INPUT ---    mlogit(2);

  INPUT ---    mlogit(2);

  INPUT ---    mlogit(2);

  INPUT ---    mlogit(2);

  INPUT ---    mlogit(2);

  INPUT ---    mlogit(2);

  INPUT ---    mlogit(2);

  INPUT ---    mlogit(2);

  INPUT ---    mlogit(2);

  INPUT ---    mlogit(2);

  INPUT ---    mlogit(2);

  INPUT ---    mlogit(2);

  INPUT ---    mlogit(2);

  INPUT ---    mlogit(2);

  Program  MARK  - Survival Rate Estimation with Capture-Recapture Data
   gfortran(dble) Vers. 9.0 Mar 2018    25-Mar-2020 14:33:40    Page  007
 - - - - - - - - - - - - - - - - - - - - - - - - - - - - - - - - - - - - - -
 

  INPUT ---    mlogit(2);

  INPUT ---    mlogit(2);

  INPUT ---    mlogit(2);

  INPUT ---    mlogit(2);

  INPUT ---    mlogit(2);

  INPUT ---    mlogit(2);

  INPUT ---    mlogit(2);
  INPUT ---       blabel(1)=Phi:(Intercept);
  INPUT ---       blabel(2)=p:(Intercept);
  INPUT ---       blabel(3)=p:sexM;
  INPUT ---       blabel(4)=pent:(Intercept);
  INPUT ---       blabel(5)=N:(Intercept);
  INPUT ---       rlabel(1)=Phi gF a0 t1;
  INPUT ---       rlabel(2)=p gF a0 t1;
  INPUT ---       rlabel(3)=p gM a0 t1;
  INPUT ---       rlabel(4)=N gF a0 t1;
  INPUT ---       rlabel(5)=pent gF a0.00547945205479452 t1.00547945205479;
  INPUT ---       rlabel(6)=pent gF a0.00821917808219178 t1.00821917808219;
  INPUT ---       rlabel(7)=pent gF a0.010958904109589 t1.01095890410959;
  INPUT ---       rlabel(8)=pent gF a0.0164383561643836 t1.01643835616438;
  INPUT ---       rlabel(9)=pent gF a0.0246575342465753 t1.02465753424658;
  INPUT ---       rlabel(10)=pent gF a0.0273972602739726 t1.02739726027397;
  INPUT ---       rlabel(11)=pent gF a0.0301369863013699 t1.03013698630137;
  INPUT ---       rlabel(12)=pent gF a0.0356164383561644 t1.03561643835616;
  INPUT ---       rlabel(13)=pent gF a0.0410958904109589 t1.04109589041096;
  INPUT ---       rlabel(14)=pent gF a0.0493150684931507 t1.04931506849315;
  INPUT ---       rlabel(15)=pent gF a0.0520547945205479 t1.05205479452055;
  INPUT ---       rlabel(16)=pent gF a0.0657534246575342 t1.06575342465753;
  INPUT ---       rlabel(17)=pent gF a0.0712328767123288 t1.07123287671233;
  INPUT ---       rlabel(18)=pent gF a0.0986301369863014 t1.0986301369863;
  INPUT ---       rlabel(19)=pent gF a0.101369863013699 t1.1013698630137;
  INPUT ---       rlabel(20)=pent gF a0.106849315068493 t1.10684931506849;
  INPUT ---       rlabel(21)=pent gF a0.10958904109589 t1.10958904109589;
  INPUT ---       rlabel(22)=pent gF a0.120547945205479 t1.12054794520548;
  INPUT ---       rlabel(23)=pent gF a0.350684931506849 t1.35068493150685;
  INPUT ---       rlabel(24)=pent gF a0.358904109589041 t1.35890410958904;
  INPUT ---       rlabel(25)=pent gF a0.613698630136986 t1.61369863013699;
  INPUT ---       rlabel(26)=pent gF a0.638356164383562 t1.63835616438356;
  INPUT ---       rlabel(27)=pent gF a0.646575342465753 t1.64657534246575;

  Program  MARK  - Survival Rate Estimation with Capture-Recapture Data
   gfortran(dble) Vers. 9.0 Mar 2018    25-Mar-2020 14:33:40    Page  008
 - - - - - - - - - - - - - - - - - - - - - - - - - - - - - - - - - - - - - -
 
  INPUT ---       rlabel(28)=pent gF a0.649315068493151 t1.64931506849315;
  INPUT ---       rlabel(29)=pent gF a0.652054794520548 t1.65205479452055;
  INPUT ---       rlabel(30)=pent gF a0.704109589041096 t1.7041095890411;
  INPUT ---       rlabel(31)=pent gF a0.706849315068493 t1.70684931506849;
  INPUT ---       rlabel(32)=pent gF a0.70958904109589 t1.70958904109589;
  INPUT ---       rlabel(33)=pent gF a0.827397260273973 t1.82739726027397;
  INPUT ---       rlabel(34)=pent gF a1.4027397260274 t2.4027397260274;
  INPUT ---       rlabel(35)=pent gF a1.40547945205479 t2.40547945205479;
  INPUT ---       rlabel(36)=pent gF a1.40821917808219 t2.40821917808219;
  INPUT ---       rlabel(37)=pent gM a0.00547945205479452 t1.00547945205479;
  INPUT ---       rlabel(38)=pent gM a0.00821917808219178 t1.00821917808219;
  INPUT ---       rlabel(39)=pent gM a0.010958904109589 t1.01095890410959;
  INPUT ---       rlabel(40)=pent gM a0.0164383561643836 t1.01643835616438;
  INPUT ---       rlabel(41)=pent gM a0.0246575342465753 t1.02465753424658;
  INPUT ---       rlabel(42)=pent gM a0.0273972602739726 t1.02739726027397;
  INPUT ---       rlabel(43)=pent gM a0.0301369863013699 t1.03013698630137;
  INPUT ---       rlabel(44)=pent gM a0.0356164383561644 t1.03561643835616;
  INPUT ---       rlabel(45)=pent gM a0.0410958904109589 t1.04109589041096;
  INPUT ---       rlabel(46)=pent gM a0.0493150684931507 t1.04931506849315;
  INPUT ---       rlabel(47)=pent gM a0.0520547945205479 t1.05205479452055;
  INPUT ---       rlabel(48)=pent gM a0.0657534246575342 t1.06575342465753;
  INPUT ---       rlabel(49)=pent gM a0.0712328767123288 t1.07123287671233;
  INPUT ---       rlabel(50)=pent gM a0.0986301369863014 t1.0986301369863;
  INPUT ---       rlabel(51)=pent gM a0.101369863013699 t1.1013698630137;
  INPUT ---       rlabel(52)=pent gM a0.106849315068493 t1.10684931506849;
  INPUT ---       rlabel(53)=pent gM a0.10958904109589 t1.10958904109589;
  INPUT ---       rlabel(54)=pent gM a0.120547945205479 t1.12054794520548;
  INPUT ---       rlabel(55)=pent gM a0.350684931506849 t1.35068493150685;
  INPUT ---       rlabel(56)=pent gM a0.358904109589041 t1.35890410958904;
  INPUT ---       rlabel(57)=pent gM a0.613698630136986 t1.61369863013699;
  INPUT ---       rlabel(58)=pent gM a0.638356164383562 t1.63835616438356;
  INPUT ---       rlabel(59)=pent gM a0.646575342465753 t1.64657534246575;
  INPUT ---       rlabel(60)=pent gM a0.649315068493151 t1.64931506849315;
  INPUT ---       rlabel(61)=pent gM a0.652054794520548 t1.65205479452055;
  INPUT ---       rlabel(62)=pent gM a0.704109589041096 t1.7041095890411;
  INPUT ---       rlabel(63)=pent gM a0.706849315068493 t1.70684931506849;
  INPUT ---       rlabel(64)=pent gM a0.70958904109589 t1.70958904109589;
  INPUT ---       rlabel(65)=pent gM a0.827397260273973 t1.82739726027397;
  INPUT ---       rlabel(66)=pent gM a1.4027397260274 t2.4027397260274;
  INPUT ---       rlabel(67)=pent gM a1.40547945205479 t2.40547945205479;
  INPUT ---       rlabel(68)=pent gM a1.40821917808219 t2.40821917808219;

 Link Function Used is PARM-SPECIFIC

 Variance Estimation Procedure Used is 2ndPart 

  Program  MARK  - Survival Rate Estimation with Capture-Recapture Data
   gfortran(dble) Vers. 9.0 Mar 2018    25-Mar-2020 14:33:41    Page  009
 - - - - - - - - - - - - - - - - - - - - - - - - - - - - - - - - - - - - - -
 

 M(t+1):
      16     29



 Group: 1

 U(t)+UL(t):
       0    2    2    0    1    0    3    1    1    0    0    0    0    0    1
       0    0    0    2    1    1    0    0    0    1    0    0    0    0    0
       0    0    0

 U(t):
       0    2    2    0    1    0    3    1    1    0    0    0    0    0    1
       0    0    0    2    1    1    0    0    0    1    0    0    0    0    0
       0    0    0

 UL(t):
       0    0    0    0    0    0    0    0    0    0    0    0    0    0    0
       0    0    0    0    0    0    0    0    0    0    0    0    0    0    0
       0    0    0

 Not Released(t):
       0    0    0    0    0    0    0    0    0    0    0    0    0    0    0
       0    0    0    0    0    0    0    0    0    0    0    0    0    0    0
       0    0    0

 Group: 2

 U(t)+UL(t):
       3    0    1    1    1    1    1    0    1    1    2    1    3    3    1
       1    0    2    3    1    0    0    1    0    0    0    0    0    0    1
       0    0    0

 U(t):
       3    0    1    1    1    1    1    0    1    1    2    1    3    3    1
       1    0    2    3    1    0    0    1    0    0    0    0    0    0    1
       0    0    0

 UL(t):
       0    0    0    0    0    0    0    0    0    0    0    0    0    0    0
       0    0    0    0    0    0    0    0    0    0    0    0    0    0    0
       0    0    0

 Not Released(t):
       0    0    0    0    0    0    0    0    0    0    0    0    0    0    0
       0    0    0    0    0    0    0    0    0    0    0    0    0    0    0
       0    0    0
 -2logL(saturated) = 272.93564     
 Effective Sample Size = 103

 Number of function evaluations was 23 for 5 parameters.
 Time for numerical optimization was 0.03 seconds.     
 -2logL { Phi(~1)p(~sex)pent(~1)N(~1) } = 557.52799     
 Penalty { Phi(~1)p(~sex)pent(~1)N(~1) } = 0.0000000     
 Gradient { Phi(~1)p(~sex)pent(~1)N(~1) }:
  0.1720569E-04  0.1197836E-04  0.2180237E-04   0.000000      0.5760220E-05
 Maximum ABS(G) { Phi(~1)p(~sex)pent(~1)N(~1) } = 0.2180237E-04 
 S Vector { Phi(~1)p(~sex)pent(~1)N(~1) }:
   128.5217      12.18776      4.915127      2.793550     0.1807341    
 Time to compute number of parameters was 0.01 seconds.     
 Ratio Threshold = 50.000000       Max Gap (4/5) = 15.456684       Next Max Gap (1/2) = 10.545143     
 Gap Method for Num. of Estimated Parameters { Phi(~1)p(~sex)pent(~1)N(~1) } = 5          
 Threshold { Phi(~1)p(~sex)pent(~1)N(~1) } = 0.4360473E-04                 
 Numerical Threshold Method for Num. of Estimated Parameters { Phi(~1)p(~sex)pent(~1)N(~1) } = 5          
 Number of Estimated Parameters { Phi(~1)p(~sex)pent(~1)N(~1) } = 5          
 DEVIANCE { Phi(~1)p(~sex)pent(~1)N(~1) } = 284.59235                     
 DEVIANCE Degrees of Freedom { Phi(~1)p(~sex)pent(~1)N(~1) } = 36            
 c-hat { Phi(~1)p(~sex)pent(~1)N(~1) } = 7.9053430                     
 AIC { Phi(~1)p(~sex)pent(~1)N(~1) } = 567.52799                  
 AICc { Phi(~1)p(~sex)pent(~1)N(~1) } = 568.14655                    
 BIC { Phi(~1)p(~sex)pent(~1)N(~1) } = 580.70164                    
 Pearson Chisquare { Phi(~1)p(~sex)pent(~1)N(~1) } = 26035500.                  


               PARM-SPECIFIC Link Function Parameters of { Phi(~1)p(~sex)pent(~1)N(~1) }
                                                              95% Confidence Interval
 Parameter                    Beta         Standard Error      Lower           Upper
 -------------------------  --------------  --------------  --------------  --------------
    1:Phi:(Intercept)        0.3302686       0.7362794      -1.1128390       1.7733762    
    2:p:(Intercept)         -2.8215882       0.2445634      -3.3009324      -2.3422440    
    3:p:sexM                 0.3997369       0.2543950      -0.0988774       0.8983512    
    4:pent:(Intercept)      -5.1744955       2.2385714      -9.5620955      -0.7868955    
    5:N:(Intercept)          1.6489941       0.7116208       0.2542173       3.0437709    


               Real Function Parameters of { Phi(~1)p(~sex)pent(~1)N(~1) }
                                                               95% Confidence Interval
  Parameter                  Estimate       Standard Error      Lower           Upper
 --------------------------  --------------  --------------  --------------  --------------
     1:Phi gF a0 t1           0.5818247       0.1791402       0.2473420       0.8548770                          
     2:p gF a0 t1             0.0561687       0.0129652       0.0355392       0.0876842                          
     3:p gM a0 t1             0.0815215       0.0144504       0.0573180       0.1147019                          
     4:N gF a0 t1             21.201745       3.7016698       17.483497       34.239439                          
     5:pent gF a0.005479452   0.0047914       0.0090813       0.1151812E-03   0.1675108                          
     6:pent gF a0.008219178   0.0047914       0.0090813       0.1151812E-03   0.1675108                          
     7:pent gF a0.010958904   0.0047914       0.0090813       0.1151812E-03   0.1675108                          
     8:pent gF a0.016438356   0.0047914       0.0090813       0.1151812E-03   0.1675108                          
     9:pent gF a0.024657534   0.0047914       0.0090813       0.1151812E-03   0.1675108                          
    10:pent gF a0.027397260   0.0047914       0.0090813       0.1151812E-03   0.1675108                          
    11:pent gF a0.030136986   0.0047914       0.0090813       0.1151812E-03   0.1675108                          
    12:pent gF a0.035616438   0.0047914       0.0090813       0.1151812E-03   0.1675108                          

  Program  MARK  - Survival Rate Estimation with Capture-Recapture Data
   gfortran(dble) Vers. 9.0 Mar 2018    25-Mar-2020 14:33:41    Page  010
 - - - - - - - - - - - - - - - - - - - - - - - - - - - - - - - - - - - - - -
 
    13:pent gF a0.041095890   0.0047914       0.0090813       0.1151812E-03   0.1675108                          
    14:pent gF a0.049315068   0.0047914       0.0090813       0.1151812E-03   0.1675108                          
    15:pent gF a0.052054794   0.0047914       0.0090813       0.1151812E-03   0.1675108                          
    16:pent gF a0.065753424   0.0047914       0.0090813       0.1151812E-03   0.1675108                          
    17:pent gF a0.071232876   0.0047914       0.0090813       0.1151812E-03   0.1675108                          
    18:pent gF a0.098630136   0.0047914       0.0090813       0.1151812E-03   0.1675108                          
    19:pent gF a0.101369863   0.0047914       0.0090813       0.1151812E-03   0.1675108                          
    20:pent gF a0.106849315   0.0047914       0.0090813       0.1151812E-03   0.1675108                          
    21:pent gF a0.109589041   0.0047914       0.0090813       0.1151812E-03   0.1675108                          
    22:pent gF a0.120547945   0.0047914       0.0090813       0.1151812E-03   0.1675108                          
    23:pent gF a0.350684931   0.0047914       0.0090813       0.1151812E-03   0.1675108                          
    24:pent gF a0.358904109   0.0047914       0.0090813       0.1151812E-03   0.1675108                          
    25:pent gF a0.613698630   0.0047914       0.0090813       0.1151812E-03   0.1675108                          
    26:pent gF a0.638356164   0.0047914       0.0090813       0.1151812E-03   0.1675108                          
    27:pent gF a0.646575342   0.0047914       0.0090813       0.1151812E-03   0.1675108                          
    28:pent gF a0.649315068   0.0047914       0.0090813       0.1151812E-03   0.1675108                          
    29:pent gF a0.652054794   0.0047914       0.0090813       0.1151812E-03   0.1675108                          
    30:pent gF a0.704109589   0.0047914       0.0090813       0.1151812E-03   0.1675108                          
    31:pent gF a0.706849315   0.0047914       0.0090813       0.1151812E-03   0.1675108                          
    32:pent gF a0.709589041   0.0047914       0.0090813       0.1151812E-03   0.1675108                          
    33:pent gF a0.827397260   0.0047914       0.0090813       0.1151812E-03   0.1675108                          
    34:pent gF a1.402739726   0.0047914       0.0090813       0.1151812E-03   0.1675108                          
    35:pent gF a1.405479452   0.0047914       0.0090813       0.1151812E-03   0.1675108                          
    36:pent gF a1.408219178   0.0047914       0.0090813       0.1151812E-03   0.1675108                          
    37:pent gM a0.005479452   0.0047914       0.0090813       0.1151812E-03   0.1675108                          
    38:pent gM a0.008219178   0.0047914       0.0090813       0.1151812E-03   0.1675108                          
    39:pent gM a0.010958904   0.0047914       0.0090813       0.1151812E-03   0.1675108                          
    40:pent gM a0.016438356   0.0047914       0.0090813       0.1151812E-03   0.1675108                          
    41:pent gM a0.024657534   0.0047914       0.0090813       0.1151812E-03   0.1675108                          
    42:pent gM a0.027397260   0.0047914       0.0090813       0.1151812E-03   0.1675108                          
    43:pent gM a0.030136986   0.0047914       0.0090813       0.1151812E-03   0.1675108                          
    44:pent gM a0.035616438   0.0047914       0.0090813       0.1151812E-03   0.1675108                          
    45:pent gM a0.041095890   0.0047914       0.0090813       0.1151812E-03   0.1675108                          
    46:pent gM a0.049315068   0.0047914       0.0090813       0.1151812E-03   0.1675108                          
    47:pent gM a0.052054794   0.0047914       0.0090813       0.1151812E-03   0.1675108                          
    48:pent gM a0.065753424   0.0047914       0.0090813       0.1151812E-03   0.1675108                          
    49:pent gM a0.071232876   0.0047914       0.0090813       0.1151812E-03   0.1675108                          
    50:pent gM a0.098630136   0.0047914       0.0090813       0.1151812E-03   0.1675108                          
    51:pent gM a0.101369863   0.0047914       0.0090813       0.1151812E-03   0.1675108                          
    52:pent gM a0.106849315   0.0047914       0.0090813       0.1151812E-03   0.1675108                          
    53:pent gM a0.109589041   0.0047914       0.0090813       0.1151812E-03   0.1675108                          
    54:pent gM a0.120547945   0.0047914       0.0090813       0.1151812E-03   0.1675108                          
    55:pent gM a0.350684931   0.0047914       0.0090813       0.1151812E-03   0.1675108                          
    56:pent gM a0.358904109   0.0047914       0.0090813       0.1151812E-03   0.1675108                          
    57:pent gM a0.613698630   0.0047914       0.0090813       0.1151812E-03   0.1675108                          
    58:pent gM a0.638356164   0.0047914       0.0090813       0.1151812E-03   0.1675108                          

  Program  MARK  - Survival Rate Estimation with Capture-Recapture Data
   gfortran(dble) Vers. 9.0 Mar 2018    25-Mar-2020 14:33:41    Page  011
 - - - - - - - - - - - - - - - - - - - - - - - - - - - - - - - - - - - - - -
 
    59:pent gM a0.646575342   0.0047914       0.0090813       0.1151812E-03   0.1675108                          
    60:pent gM a0.649315068   0.0047914       0.0090813       0.1151812E-03   0.1675108                          
    61:pent gM a0.652054794   0.0047914       0.0090813       0.1151812E-03   0.1675108                          
    62:pent gM a0.704109589   0.0047914       0.0090813       0.1151812E-03   0.1675108                          
    63:pent gM a0.706849315   0.0047914       0.0090813       0.1151812E-03   0.1675108                          
    64:pent gM a0.709589041   0.0047914       0.0090813       0.1151812E-03   0.1675108                          
    65:pent gM a0.827397260   0.0047914       0.0090813       0.1151812E-03   0.1675108                          
    66:pent gM a1.402739726   0.0047914       0.0090813       0.1151812E-03   0.1675108                          
    67:pent gM a1.405479452   0.0047914       0.0090813       0.1151812E-03   0.1675108                          
    68:pent gM a1.408219178   0.0047914       0.0090813       0.1151812E-03   0.1675108                          


                      Estimates of Derived Parameters
   Gross Birth+Immigration Estimates of { Phi(~1)p(~sex)pent(~1)N(~1) }
                                                95% Confidence Interval
 Grp. Occ.   B*-hat          Standard Error      Lower           Upper
 ---- ----   --------------  --------------  --------------  --------------
   1     1    0.1017368       0.2069439       0.0082894       1.2486287    
   1     2    0.1016613       0.2067654       0.0082845       1.2475161    
   1     3    0.1016613       0.2067654       0.0082845       1.2475161    
   1     4    0.1017368       0.2069439       0.0082894       1.2486287    
   1     5    0.1018122       0.2071226       0.0082943       1.2497420    
   1     6    0.1016613       0.2067654       0.0082845       1.2475161    
   1     7    0.1016613       0.2067654       0.0082845       1.2475161    
   1     8    0.1017368       0.2069439       0.0082894       1.2486287    
   1     9    0.1017368       0.2069439       0.0082894       1.2486287    
   1    10    0.1018122       0.2071226       0.0082943       1.2497420    
   1    11    0.1016613       0.2067654       0.0082845       1.2475161    
   1    12    0.1019632       0.2074802       0.0083041       1.2519708    
   1    13    0.1017368       0.2069439       0.0082894       1.2486287    
   1    14    0.1023415       0.2083760       0.0083287       1.2575546    
   1    15    0.1016613       0.2067654       0.0082845       1.2475161    
   1    16    0.1017368       0.2069439       0.0082894       1.2486287    
   1    17    0.1016613       0.2067654       0.0082845       1.2475161    
   1    18    0.1018877       0.2073013       0.0082992       1.2508561    
   1    19    0.1080482       0.2219460       0.0086979       1.3422096    
   1    20    0.1018122       0.2071226       0.0082943       1.2497420    
   1    21    0.1087562       0.2236361       0.0087435       1.3527628    
   1    22    0.1022658       0.2081967       0.0083238       1.2564365    
   1    23    0.1018122       0.2071226       0.0082943       1.2497420    
   1    24    0.1016613       0.2067654       0.0082845       1.2475161    
   1    25    0.1016613       0.2067654       0.0082845       1.2475161    
   1    26    0.1030246       0.2099953       0.0083730       1.2676490    
   1    27    0.1016613       0.2067654       0.0082845       1.2475161    
   1    28    0.1016613       0.2067654       0.0082845       1.2475161    

  Program  MARK  - Survival Rate Estimation with Capture-Recapture Data
   gfortran(dble) Vers. 9.0 Mar 2018    25-Mar-2020 14:33:41    Page  012
 - - - - - - - - - - - - - - - - - - - - - - - - - - - - - - - - - - - - - -
 
   1    29    0.1048612       0.2143554       0.0084921       1.2948400    
   1    30    0.1182335       0.2463912       0.0093505       1.4950210    
   1    31    0.1016613       0.2067654       0.0082845       1.2475161    
   1    32    0.1016613       0.2067654       0.0082845       1.2475161    
   2     1    0.1641174       0.3250962       0.0138175       1.9493055    
   2     2    0.1639957       0.3248149       0.0138094       1.9475613    
   2     3    0.1639957       0.3248149       0.0138094       1.9475613    
   2     4    0.1641174       0.3250962       0.0138175       1.9493055    
   2     5    0.1642391       0.3253777       0.0138256       1.9510507    
   2     6    0.1639957       0.3248149       0.0138094       1.9475613    
   2     7    0.1639957       0.3248149       0.0138094       1.9475613    
   2     8    0.1641174       0.3250962       0.0138175       1.9493055    
   2     9    0.1641174       0.3250962       0.0138175       1.9493055    
   2    10    0.1642391       0.3253777       0.0138256       1.9510507    
   2    11    0.1639957       0.3248149       0.0138094       1.9475613    
   2    12    0.1644827       0.3259412       0.0138419       1.9545444    
   2    13    0.1641174       0.3250962       0.0138175       1.9493055    
   2    14    0.1650929       0.3273529       0.0138826       1.9632978    
   2    15    0.1639957       0.3248149       0.0138094       1.9475613    
   2    16    0.1641174       0.3250962       0.0138175       1.9493055    
   2    17    0.1639957       0.3248149       0.0138094       1.9475613    
   2    18    0.1643609       0.3256594       0.0138337       1.9527970    
   2    19    0.1742987       0.3487388       0.0144941       2.0960266    
   2    20    0.1642391       0.3253777       0.0138256       1.9510507    
   2    21    0.1754408       0.3514028       0.0145696       2.1125755    
   2    22    0.1649707       0.3270702       0.0138744       1.9615449    
   2    23    0.1642391       0.3253777       0.0138256       1.9510507    
   2    24    0.1639957       0.3248149       0.0138094       1.9475613    
   2    25    0.1639957       0.3248149       0.0138094       1.9475613    
   2    26    0.1661949       0.3299045       0.0139561       1.9791223    
   2    27    0.1639957       0.3248149       0.0138094       1.9475613    
   2    28    0.1639957       0.3248149       0.0138094       1.9475613    
   2    29    0.1691575       0.3367757       0.0141532       2.0217518    
   2    30    0.1907292       0.3872748       0.0155746       2.3357104    
   2    31    0.1639957       0.3248149       0.0138094       1.9475613    
   2    32    0.1639957       0.3248149       0.0138094       1.9475613    

    Net Birth+Immigration Estimates of { Phi(~1)p(~sex)pent(~1)N(~1) }
                                                95% Confidence Interval
 Grp. Occ.   B-hat           Standard Error      Lower           Upper
 ---- ----   --------------  --------------  --------------  --------------
   1     1    0.1015860       0.2065870       0.0082796       1.2464041    
   1     2    0.1015860       0.2065870       0.0082796       1.2464041    
   1     3    0.1015860       0.2065870       0.0082796       1.2464041    
   1     4    0.1015860       0.2065870       0.0082796       1.2464041    
   1     5    0.1015860       0.2065870       0.0082796       1.2464041    
   1     6    0.1015860       0.2065870       0.0082796       1.2464041    
   1     7    0.1015860       0.2065870       0.0082796       1.2464041    
   1     8    0.1015860       0.2065870       0.0082796       1.2464041    
   1     9    0.1015860       0.2065870       0.0082796       1.2464041    
   1    10    0.1015860       0.2065870       0.0082796       1.2464041    
   1    11    0.1015860       0.2065870       0.0082796       1.2464041    
   1    12    0.1015860       0.2065870       0.0082796       1.2464041    
   1    13    0.1015860       0.2065870       0.0082796       1.2464041    
   1    14    0.1015860       0.2065870       0.0082796       1.2464041    
   1    15    0.1015860       0.2065870       0.0082796       1.2464041    
   1    16    0.1015860       0.2065870       0.0082796       1.2464041    
   1    17    0.1015860       0.2065870       0.0082796       1.2464041    
   1    18    0.1015860       0.2065870       0.0082796       1.2464041    
   1    19    0.1015860       0.2065870       0.0082796       1.2464041    
   1    20    0.1015860       0.2065870       0.0082796       1.2464041    
   1    21    0.1015860       0.2065870       0.0082796       1.2464041    
   1    22    0.1015860       0.2065870       0.0082796       1.2464041    
   1    23    0.1015860       0.2065870       0.0082796       1.2464041    
   1    24    0.1015860       0.2065870       0.0082796       1.2464041    
   1    25    0.1015860       0.2065870       0.0082796       1.2464041    
   1    26    0.1015860       0.2065870       0.0082796       1.2464041    
   1    27    0.1015860       0.2065870       0.0082796       1.2464041    
   1    28    0.1015860       0.2065870       0.0082796       1.2464041    
   1    29    0.1015860       0.2065870       0.0082796       1.2464041    
   1    30    0.1015860       0.2065870       0.0082796       1.2464041    
   1    31    0.1015860       0.2065870       0.0082796       1.2464041    
   1    32    0.1015860       0.2065870       0.0082796       1.2464041    
   2     1    0.1638741       0.3245337       0.0138012       1.9458183    
   2     2    0.1638741       0.3245337       0.0138012       1.9458183    
   2     3    0.1638741       0.3245337       0.0138012       1.9458183    
   2     4    0.1638741       0.3245337       0.0138012       1.9458183    
   2     5    0.1638741       0.3245337       0.0138012       1.9458183    
   2     6    0.1638741       0.3245337       0.0138012       1.9458183    
   2     7    0.1638741       0.3245337       0.0138012       1.9458183    
   2     8    0.1638741       0.3245337       0.0138012       1.9458183    
   2     9    0.1638741       0.3245337       0.0138012       1.9458183    
   2    10    0.1638741       0.3245337       0.0138012       1.9458183    
   2    11    0.1638741       0.3245337       0.0138012       1.9458183    
   2    12    0.1638741       0.3245337       0.0138012       1.9458183    
   2    13    0.1638741       0.3245337       0.0138012       1.9458183    
   2    14    0.1638741       0.3245337       0.0138012       1.9458183    
   2    15    0.1638741       0.3245337       0.0138012       1.9458183    
   2    16    0.1638741       0.3245337       0.0138012       1.9458183    
   2    17    0.1638741       0.3245337       0.0138012       1.9458183    
   2    18    0.1638741       0.3245337       0.0138012       1.9458183    
   2    19    0.1638741       0.3245337       0.0138012       1.9458183    
   2    20    0.1638741       0.3245337       0.0138012       1.9458183    
   2    21    0.1638741       0.3245337       0.0138012       1.9458183    
   2    22    0.1638741       0.3245337       0.0138012       1.9458183    
   2    23    0.1638741       0.3245337       0.0138012       1.9458183    
   2    24    0.1638741       0.3245337       0.0138012       1.9458183    
   2    25    0.1638741       0.3245337       0.0138012       1.9458183    
   2    26    0.1638741       0.3245337       0.0138012       1.9458183    
   2    27    0.1638741       0.3245337       0.0138012       1.9458183    
   2    28    0.1638741       0.3245337       0.0138012       1.9458183    
   2    29    0.1638741       0.3245337       0.0138012       1.9458183    
   2    30    0.1638741       0.3245337       0.0138012       1.9458183    
   2    31    0.1638741       0.3245337       0.0138012       1.9458183    
   2    32    0.1638741       0.3245337       0.0138012       1.9458183    

         Population Estimates of { Phi(~1)p(~sex)pent(~1)N(~1) }
                                                95% Confidence Interval
 Grp. Occ.   N-hat           Standard Error      Lower           Upper
 ---- ----   --------------  --------------  --------------  --------------
   1     1    17.950994       4.2262180       11.386291       28.300540    
   1     2    17.999388       4.0508589       11.642551       27.827061    
   1     3    18.074286       3.8782695       11.925146       27.394199    
   1     4    18.149073       3.7090576       12.208739       26.979761    
   1     5    18.196880       3.5441772       12.466586       26.561118    
   1     6    18.217645       3.3842136       12.697100       26.138455    
   1     7    18.292219       3.2273321       12.978781       25.780949    
   1     8    18.366684       3.0759524       13.257395       25.445048    
   1     9    18.413845       2.9316157       13.504291       25.108293    
   1    10    18.460868       2.7941256       13.745034       24.794673    

  Program  MARK  - Survival Rate Estimation with Capture-Recapture Data
   gfortran(dble) Vers. 9.0 Mar 2018    25-Mar-2020 14:33:41    Page  013
 - - - - - - - - - - - - - - - - - - - - - - - - - - - - - - - - - - - - - -
 
   1    11    18.480460       2.6651322       13.950408       24.481534    
   1    12    18.554645       2.5432967       14.200980       24.243034    
   1    13    18.519083       2.4338742       14.329357       23.933833    
   1    14    18.565794       2.3329705       14.526753       23.727854    
   1    15    18.393934       2.2480281       14.488648       23.351856    
   1    16    18.468248       2.1691511       14.682159       23.230655    
   1    17    18.515109       2.1061962       14.825409       23.123090    
   1    18    18.589242       2.0601264       14.969748       23.083884    
   1    19    18.580824       2.0288221       15.010552       23.000290    
   1    20    16.505027       2.1855164       12.746518       21.371790    
   1    21    16.533306       2.1469424       12.831757       21.302631    
   1    22    14.503826       2.5896096       10.249233       20.524556    
   1    23    14.413013       2.5781211       10.178668       20.408852    
   1    24    14.450583       2.5455745       10.258443       20.355853    
   1    25    14.530743       2.5171864       10.373340       20.354341    
   1    26    14.610785       2.5046043       10.466747       20.395546    
   1    27    14.306213       2.5824042       10.071684       20.321103    
   1    28    14.386587       2.5916575       10.135350       20.420991    
   1    29    14.466842       2.6161578       10.178361       20.562204    
   1    30    13.674226       2.7811780       9.2156614       20.289858    
   1    31    10.114897       3.4137126       5.3136452       19.254417    
   1    32    10.201486       3.3830578       5.4163868       19.213973    
   1    33    10.287946       3.3644192       5.5080676       19.215782    
   2     1    28.957774       7.7677589       17.273713       48.545016    
   2     2    29.035840       7.4595520       17.690267       47.657845    
   2     3    29.156663       7.1519263       18.154427       46.826650    
   2     4    29.277306       6.8460808       18.626415       46.018554    
   2     5    29.354426       6.5446083       19.062967       45.201900    
   2     6    29.387923       6.2486631       19.461408       44.377571    
   2     7    29.508223       5.9490670       19.954372       43.636313    
   2     8    29.628346       5.6521374       20.453680       42.918384    
   2     9    29.704425       5.3625051       20.911362       42.194902    
   2    10    29.780279       5.0766452       21.372714       41.495200    
   2    11    29.811884       4.8002757       21.787306       40.792029    
   2    12    29.931556       4.5177717       22.303458       40.168572    
   2    13    29.874190       4.2650012       22.614357       39.464630    
   2    14    29.949541       3.9999717       23.078430       38.866380    
   2    15    29.672306       3.8013141       23.107103       38.102817    
   2    16    29.792185       3.5437872       23.615944       37.583688    
   2    17    29.867779       3.3049344       24.060260       37.077081    
   2    18    29.987368       3.0703791       24.547662       36.632500    
   2    19    29.973789       2.8770779       24.844117       36.162605    
   2    20    26.625201       3.6437358       20.386437       34.773184    
   2    21    26.670819       3.4695605       20.690321       34.379969    
   2    22    23.396949       4.4513926       16.167697       33.858703    
   2    23    23.250453       4.3705076       16.136553       33.500561    

  Program  MARK  - Survival Rate Estimation with Capture-Recapture Data
   gfortran(dble) Vers. 9.0 Mar 2018    25-Mar-2020 14:33:41    Page  014
 - - - - - - - - - - - - - - - - - - - - - - - - - - - - - - - - - - - - - -
 
   2    24    23.311061       4.2365857       16.372526       33.190087    
   2    25    23.440371       4.0978365       16.682978       32.934829    
   2    26    23.569491       3.9797137       16.968009       32.739308    
   2    27    23.078169       4.0877118       16.352821       32.569419    
   2    28    23.207825       4.0064935       16.586767       32.471859    
   2    29    23.337289       3.9490134       16.789096       32.439452    
   2    30    22.058675       4.3226246       15.077992       32.271216    
   2    31    16.316918       5.6939746       8.3962917       31.709451    
   2    32    16.456599       5.5977157       8.6037200       31.477040    
   2    33    16.596073       5.5184996       8.7972627       31.308560    

      Gross Population Estimates of { Phi(~1)p(~sex)pent(~1)N(~1) }
                                                95% Confidence Interval
 Grp. Occ.   N*-hat          Standard Error      Lower           Upper
 ---- ----   --------------  --------------  --------------  --------------
   1     0    21.241643       3.7806409       15.026782       30.026881    
   2     0    34.266107       3.8251929       27.550899       42.618068    

   CPU Time for the last procedure was 0.05 seconds.     


  INPUT --- proc stop;

     CPU Time in minutes for this job was 0.00

     Time Start = 14:33:40.685   Time End = 14:33:41.076

     Wall Clock Time in minutes for this job was 0.01


          E X E C U T I O N   S U C C E S S F U L 
