
   Program  MARK  - Survival Rate Estimation with Capture-Recapture Data
   gfortran(dble) Vers. 9.0 Mar 2018    25-Mar-2020 12:21:13    Page  001
 - - - - - - - - - - - - - - - - - - - - - - - - - - - - - - - - - - - - - -
 
   This version was compiled by GCC version 7.2.0 using the options: 
     -cpp -iprefix C:/Program Files/mingw-w64/x86_64-7.2.0-posix-seh-rt_v5-rev1/
     mingw64/bin/../lib/gcc/x86_64-w64-mingw32/7.2.0/ -D_MT -D_REENTRANT
     -U_REENTRANT -D IEEE -D DBLEPRECISION -m64 -mtune=core2 -march=nocona -mthreads
     -O2 -fimplicit-none -fbounds-check -funroll-loops -ftree-vectorize
     -ffpe-summary=invalid,zero,overflow,underflow -fno-unsafe-math-optimizations
     -frounding-math -fsignaling-nans -fopenmp.

   This problem will use 15 of 16 possible threads.


  INPUT --- proc title ;

   CPU Time for the last procedure was 0.02 seconds.     


  INPUT --- proc chmatrix occasions= 33 groups= 2 etype= POPAN Nodes= 
  INPUT --- 101 ICMeans NoHist hist= 41  ;

  INPUT ---    time interval 0.00547945205479452 0.00273972602739726 
  INPUT ---    0.00273972602739726 0.00547945205479452  
  INPUT ---    0.00821917808219178 0.00273972602739726 0.00273972602739726 
  INPUT ---    0.00547945205479452  0.00547945205479452 
  INPUT ---    0.00821917808219178 0.00273972602739726 0.0136986301369863 
  INPUT ---    0.00547945205479452  0.0273972602739726 0.00273972602739726 
  INPUT ---    0.00547945205479452 0.00273972602739726 0.010958904109589  
  INPUT ---    0.23013698630137 0.00821917808219178 0.254794520547945 
  INPUT ---    0.0246575342465753 0.00821917808219178  0.00273972602739726 
  INPUT ---    0.00273972602739726 0.0520547945205479 0.00273972602739726 
  INPUT ---    0.00273972602739726  0.117808219178082 0.575342465753425 
  INPUT ---    0.00273972602739726 0.00273972602739726 ;

  INPUT ---    glabel(1)=sexF;

  INPUT ---    glabel(2)=sexM;

   * *  WARNING  * *   At least a pair of the encounter histories are duplicates. 

      Number of unique encounter histories read was 38.

      Number of individual covariates read was 0.
      Time interval lengths vary and/or not equal to 1.

      Data type number is 19
      Data type is POPAN                                                                                               

   CPU Time for the last procedure was 0.01 seconds.     

  Program  MARK  - Survival Rate Estimation with Capture-Recapture Data
   gfortran(dble) Vers. 9.0 Mar 2018    25-Mar-2020 12:21:13    Page  002
 - - - - - - - - - - - - - - - - - - - - - - - - - - - - - - - - - - - - - -
 


  INPUT --- proc estimate link=Parm-Specific NOLOOP varest=2ndPart    ;


  INPUT --- model={ Phi(~sex)p(~1)pent(~1)N(~1) };

  INPUT ---    group=1 Phi    rows=1 cols=32 Square ;
  INPUT ---        1 1 1 1 1 1 1 1 1 1 1 1 1 1 1 1 1 1 1 1 1 1 1 1 1 1 1 1 1 
  INPUT ---       1 1 1 ;

  INPUT ---    group=2 Phi    rows=1 cols=32 Square ;
  INPUT ---        2 2 2 2 2 2 2 2 2 2 2 2 2 2 2 2 2 2 2 2 2 2 2 2 2 2 2 2 2 
  INPUT ---       2 2 2 ;

  INPUT ---    group=1 p    rows=1 cols=33 Square ;
  INPUT ---        3 3 3 3 3 3 3 3 3 3 3 3 3 3 3 3 3 3 3 3 3 3 3 3 3 3 3 3 3 
  INPUT ---       3 3 3 3 ;

  INPUT ---    group=2 p    rows=1 cols=33 Square ;
  INPUT ---        3 3 3 3 3 3 3 3 3 3 3 3 3 3 3 3 3 3 3 3 3 3 3 3 3 3 3 3 3 
  INPUT ---       3 3 3 3 ;

  INPUT ---    group=1 pent    rows=1 cols=32 Square ;
  INPUT ---        5 6 7 8 9 10 11 12 13 14 15 16 17 18 19 20 21 22 23 24 25 
  INPUT ---       26 27 28 29 30 31 32 33 34 35 36 ;

  INPUT ---    group=2 pent    rows=1 cols=32 Square ;
  INPUT ---        37 38 39 40 41 42 43 44 45 46 47 48 49 50 51 52 53 54 55 
  INPUT ---       56 57 58 59 60 61 62 63 64 65 66 67 68 ;

  INPUT ---    group=1 N    rows=1 cols=1 Square ;
  INPUT ---        4 ;

  INPUT ---    group=2 N    rows=1 cols=1 Square ;
  INPUT ---        4 ;

  INPUT ---    design matrix constraints=68 covariates=5;
  INPUT ---        1 0 0 0 0;
  INPUT ---        1 1 0 0 0;
  INPUT ---        0 0 1 0 0;
  INPUT ---        0 0 0 0 1;
  INPUT ---        0 0 0 1 0;
  INPUT ---        0 0 0 1 0;
  INPUT ---        0 0 0 1 0;
  INPUT ---        0 0 0 1 0;

  Program  MARK  - Survival Rate Estimation with Capture-Recapture Data
   gfortran(dble) Vers. 9.0 Mar 2018    25-Mar-2020 12:21:13    Page  003
 - - - - - - - - - - - - - - - - - - - - - - - - - - - - - - - - - - - - - -
 
  INPUT ---        0 0 0 1 0;
  INPUT ---        0 0 0 1 0;
  INPUT ---        0 0 0 1 0;
  INPUT ---        0 0 0 1 0;
  INPUT ---        0 0 0 1 0;
  INPUT ---        0 0 0 1 0;
  INPUT ---        0 0 0 1 0;
  INPUT ---        0 0 0 1 0;
  INPUT ---        0 0 0 1 0;
  INPUT ---        0 0 0 1 0;
  INPUT ---        0 0 0 1 0;
  INPUT ---        0 0 0 1 0;
  INPUT ---        0 0 0 1 0;
  INPUT ---        0 0 0 1 0;
  INPUT ---        0 0 0 1 0;
  INPUT ---        0 0 0 1 0;
  INPUT ---        0 0 0 1 0;
  INPUT ---        0 0 0 1 0;
  INPUT ---        0 0 0 1 0;
  INPUT ---        0 0 0 1 0;
  INPUT ---        0 0 0 1 0;
  INPUT ---        0 0 0 1 0;
  INPUT ---        0 0 0 1 0;
  INPUT ---        0 0 0 1 0;
  INPUT ---        0 0 0 1 0;
  INPUT ---        0 0 0 1 0;
  INPUT ---        0 0 0 1 0;
  INPUT ---        0 0 0 1 0;
  INPUT ---        0 0 0 1 0;
  INPUT ---        0 0 0 1 0;
  INPUT ---        0 0 0 1 0;
  INPUT ---        0 0 0 1 0;
  INPUT ---        0 0 0 1 0;
  INPUT ---        0 0 0 1 0;
  INPUT ---        0 0 0 1 0;
  INPUT ---        0 0 0 1 0;
  INPUT ---        0 0 0 1 0;
  INPUT ---        0 0 0 1 0;
  INPUT ---        0 0 0 1 0;
  INPUT ---        0 0 0 1 0;
  INPUT ---        0 0 0 1 0;
  INPUT ---        0 0 0 1 0;
  INPUT ---        0 0 0 1 0;
  INPUT ---        0 0 0 1 0;
  INPUT ---        0 0 0 1 0;
  INPUT ---        0 0 0 1 0;

  Program  MARK  - Survival Rate Estimation with Capture-Recapture Data
   gfortran(dble) Vers. 9.0 Mar 2018    25-Mar-2020 12:21:13    Page  004
 - - - - - - - - - - - - - - - - - - - - - - - - - - - - - - - - - - - - - -
 
  INPUT ---        0 0 0 1 0;
  INPUT ---        0 0 0 1 0;
  INPUT ---        0 0 0 1 0;
  INPUT ---        0 0 0 1 0;
  INPUT ---        0 0 0 1 0;
  INPUT ---        0 0 0 1 0;
  INPUT ---        0 0 0 1 0;
  INPUT ---        0 0 0 1 0;
  INPUT ---        0 0 0 1 0;
  INPUT ---        0 0 0 1 0;
  INPUT ---        0 0 0 1 0;
  INPUT ---        0 0 0 1 0;
  INPUT ---        0 0 0 1 0;
  INPUT ---        0 0 0 1 0;

  INPUT ---    links=68;

  INPUT ---    Logit;

  INPUT ---    Logit;

  INPUT ---    Logit;

  INPUT ---    Log;

  INPUT ---    mlogit(1);

  INPUT ---    mlogit(1);

  INPUT ---    mlogit(1);

  INPUT ---    mlogit(1);

  INPUT ---    mlogit(1);

  INPUT ---    mlogit(1);

  INPUT ---    mlogit(1);

  INPUT ---    mlogit(1);

  INPUT ---    mlogit(1);

  INPUT ---    mlogit(1);

  INPUT ---    mlogit(1);

  Program  MARK  - Survival Rate Estimation with Capture-Recapture Data
   gfortran(dble) Vers. 9.0 Mar 2018    25-Mar-2020 12:21:13    Page  005
 - - - - - - - - - - - - - - - - - - - - - - - - - - - - - - - - - - - - - -
 

  INPUT ---    mlogit(1);

  INPUT ---    mlogit(1);

  INPUT ---    mlogit(1);

  INPUT ---    mlogit(1);

  INPUT ---    mlogit(1);

  INPUT ---    mlogit(1);

  INPUT ---    mlogit(1);

  INPUT ---    mlogit(1);

  INPUT ---    mlogit(1);

  INPUT ---    mlogit(1);

  INPUT ---    mlogit(1);

  INPUT ---    mlogit(1);

  INPUT ---    mlogit(1);

  INPUT ---    mlogit(1);

  INPUT ---    mlogit(1);

  INPUT ---    mlogit(1);

  INPUT ---    mlogit(1);

  INPUT ---    mlogit(1);

  INPUT ---    mlogit(1);

  INPUT ---    mlogit(1);

  INPUT ---    mlogit(1);

  INPUT ---    mlogit(2);

  INPUT ---    mlogit(2);

  Program  MARK  - Survival Rate Estimation with Capture-Recapture Data
   gfortran(dble) Vers. 9.0 Mar 2018    25-Mar-2020 12:21:13    Page  006
 - - - - - - - - - - - - - - - - - - - - - - - - - - - - - - - - - - - - - -
 

  INPUT ---    mlogit(2);

  INPUT ---    mlogit(2);

  INPUT ---    mlogit(2);

  INPUT ---    mlogit(2);

  INPUT ---    mlogit(2);

  INPUT ---    mlogit(2);

  INPUT ---    mlogit(2);

  INPUT ---    mlogit(2);

  INPUT ---    mlogit(2);

  INPUT ---    mlogit(2);

  INPUT ---    mlogit(2);

  INPUT ---    mlogit(2);

  INPUT ---    mlogit(2);

  INPUT ---    mlogit(2);

  INPUT ---    mlogit(2);

  INPUT ---    mlogit(2);

  INPUT ---    mlogit(2);

  INPUT ---    mlogit(2);

  INPUT ---    mlogit(2);

  INPUT ---    mlogit(2);

  INPUT ---    mlogit(2);

  INPUT ---    mlogit(2);

  INPUT ---    mlogit(2);

  Program  MARK  - Survival Rate Estimation with Capture-Recapture Data
   gfortran(dble) Vers. 9.0 Mar 2018    25-Mar-2020 12:21:13    Page  007
 - - - - - - - - - - - - - - - - - - - - - - - - - - - - - - - - - - - - - -
 

  INPUT ---    mlogit(2);

  INPUT ---    mlogit(2);

  INPUT ---    mlogit(2);

  INPUT ---    mlogit(2);

  INPUT ---    mlogit(2);

  INPUT ---    mlogit(2);

  INPUT ---    mlogit(2);
  INPUT ---       blabel(1)=Phi:(Intercept);
  INPUT ---       blabel(2)=Phi:sexM;
  INPUT ---       blabel(3)=p:(Intercept);
  INPUT ---       blabel(4)=pent:(Intercept);
  INPUT ---       blabel(5)=N:(Intercept);
  INPUT ---       rlabel(1)=Phi gF a0 t1;
  INPUT ---       rlabel(2)=Phi gM a0 t1;
  INPUT ---       rlabel(3)=p gF a0 t1;
  INPUT ---       rlabel(4)=N gF a0 t1;
  INPUT ---       rlabel(5)=pent gF a0.00547945205479452 t1.00547945205479;
  INPUT ---       rlabel(6)=pent gF a0.00821917808219178 t1.00821917808219;
  INPUT ---       rlabel(7)=pent gF a0.010958904109589 t1.01095890410959;
  INPUT ---       rlabel(8)=pent gF a0.0164383561643836 t1.01643835616438;
  INPUT ---       rlabel(9)=pent gF a0.0246575342465753 t1.02465753424658;
  INPUT ---       rlabel(10)=pent gF a0.0273972602739726 t1.02739726027397;
  INPUT ---       rlabel(11)=pent gF a0.0301369863013699 t1.03013698630137;
  INPUT ---       rlabel(12)=pent gF a0.0356164383561644 t1.03561643835616;
  INPUT ---       rlabel(13)=pent gF a0.0410958904109589 t1.04109589041096;
  INPUT ---       rlabel(14)=pent gF a0.0493150684931507 t1.04931506849315;
  INPUT ---       rlabel(15)=pent gF a0.0520547945205479 t1.05205479452055;
  INPUT ---       rlabel(16)=pent gF a0.0657534246575342 t1.06575342465753;
  INPUT ---       rlabel(17)=pent gF a0.0712328767123288 t1.07123287671233;
  INPUT ---       rlabel(18)=pent gF a0.0986301369863014 t1.0986301369863;
  INPUT ---       rlabel(19)=pent gF a0.101369863013699 t1.1013698630137;
  INPUT ---       rlabel(20)=pent gF a0.106849315068493 t1.10684931506849;
  INPUT ---       rlabel(21)=pent gF a0.10958904109589 t1.10958904109589;
  INPUT ---       rlabel(22)=pent gF a0.120547945205479 t1.12054794520548;
  INPUT ---       rlabel(23)=pent gF a0.350684931506849 t1.35068493150685;
  INPUT ---       rlabel(24)=pent gF a0.358904109589041 t1.35890410958904;
  INPUT ---       rlabel(25)=pent gF a0.613698630136986 t1.61369863013699;
  INPUT ---       rlabel(26)=pent gF a0.638356164383562 t1.63835616438356;
  INPUT ---       rlabel(27)=pent gF a0.646575342465753 t1.64657534246575;

  Program  MARK  - Survival Rate Estimation with Capture-Recapture Data
   gfortran(dble) Vers. 9.0 Mar 2018    25-Mar-2020 12:21:13    Page  008
 - - - - - - - - - - - - - - - - - - - - - - - - - - - - - - - - - - - - - -
 
  INPUT ---       rlabel(28)=pent gF a0.649315068493151 t1.64931506849315;
  INPUT ---       rlabel(29)=pent gF a0.652054794520548 t1.65205479452055;
  INPUT ---       rlabel(30)=pent gF a0.704109589041096 t1.7041095890411;
  INPUT ---       rlabel(31)=pent gF a0.706849315068493 t1.70684931506849;
  INPUT ---       rlabel(32)=pent gF a0.70958904109589 t1.70958904109589;
  INPUT ---       rlabel(33)=pent gF a0.827397260273973 t1.82739726027397;
  INPUT ---       rlabel(34)=pent gF a1.4027397260274 t2.4027397260274;
  INPUT ---       rlabel(35)=pent gF a1.40547945205479 t2.40547945205479;
  INPUT ---       rlabel(36)=pent gF a1.40821917808219 t2.40821917808219;
  INPUT ---       rlabel(37)=pent gM a0.00547945205479452 t1.00547945205479;
  INPUT ---       rlabel(38)=pent gM a0.00821917808219178 t1.00821917808219;
  INPUT ---       rlabel(39)=pent gM a0.010958904109589 t1.01095890410959;
  INPUT ---       rlabel(40)=pent gM a0.0164383561643836 t1.01643835616438;
  INPUT ---       rlabel(41)=pent gM a0.0246575342465753 t1.02465753424658;
  INPUT ---       rlabel(42)=pent gM a0.0273972602739726 t1.02739726027397;
  INPUT ---       rlabel(43)=pent gM a0.0301369863013699 t1.03013698630137;
  INPUT ---       rlabel(44)=pent gM a0.0356164383561644 t1.03561643835616;
  INPUT ---       rlabel(45)=pent gM a0.0410958904109589 t1.04109589041096;
  INPUT ---       rlabel(46)=pent gM a0.0493150684931507 t1.04931506849315;
  INPUT ---       rlabel(47)=pent gM a0.0520547945205479 t1.05205479452055;
  INPUT ---       rlabel(48)=pent gM a0.0657534246575342 t1.06575342465753;
  INPUT ---       rlabel(49)=pent gM a0.0712328767123288 t1.07123287671233;
  INPUT ---       rlabel(50)=pent gM a0.0986301369863014 t1.0986301369863;
  INPUT ---       rlabel(51)=pent gM a0.101369863013699 t1.1013698630137;
  INPUT ---       rlabel(52)=pent gM a0.106849315068493 t1.10684931506849;
  INPUT ---       rlabel(53)=pent gM a0.10958904109589 t1.10958904109589;
  INPUT ---       rlabel(54)=pent gM a0.120547945205479 t1.12054794520548;
  INPUT ---       rlabel(55)=pent gM a0.350684931506849 t1.35068493150685;
  INPUT ---       rlabel(56)=pent gM a0.358904109589041 t1.35890410958904;
  INPUT ---       rlabel(57)=pent gM a0.613698630136986 t1.61369863013699;
  INPUT ---       rlabel(58)=pent gM a0.638356164383562 t1.63835616438356;
  INPUT ---       rlabel(59)=pent gM a0.646575342465753 t1.64657534246575;
  INPUT ---       rlabel(60)=pent gM a0.649315068493151 t1.64931506849315;
  INPUT ---       rlabel(61)=pent gM a0.652054794520548 t1.65205479452055;
  INPUT ---       rlabel(62)=pent gM a0.704109589041096 t1.7041095890411;
  INPUT ---       rlabel(63)=pent gM a0.706849315068493 t1.70684931506849;
  INPUT ---       rlabel(64)=pent gM a0.70958904109589 t1.70958904109589;
  INPUT ---       rlabel(65)=pent gM a0.827397260273973 t1.82739726027397;
  INPUT ---       rlabel(66)=pent gM a1.4027397260274 t2.4027397260274;
  INPUT ---       rlabel(67)=pent gM a1.40547945205479 t2.40547945205479;
  INPUT ---       rlabel(68)=pent gM a1.40821917808219 t2.40821917808219;

 Link Function Used is PARM-SPECIFIC

 Variance Estimation Procedure Used is 2ndPart 

  Program  MARK  - Survival Rate Estimation with Capture-Recapture Data
   gfortran(dble) Vers. 9.0 Mar 2018    25-Mar-2020 12:21:13    Page  009
 - - - - - - - - - - - - - - - - - - - - - - - - - - - - - - - - - - - - - -
 

 M(t+1):
      16     29



 Group: 1

 U(t)+UL(t):
       0    2    2    0    1    0    3    1    1    0    0    0    0    0    1
       0    0    0    2    1    1    0    0    0    1    0    0    0    0    0
       0    0    0

 U(t):
       0    2    2    0    1    0    3    1    1    0    0    0    0    0    1
       0    0    0    2    1    1    0    0    0    1    0    0    0    0    0
       0    0    0

 UL(t):
       0    0    0    0    0    0    0    0    0    0    0    0    0    0    0
       0    0    0    0    0    0    0    0    0    0    0    0    0    0    0
       0    0    0

 Not Released(t):
       0    0    0    0    0    0    0    0    0    0    0    0    0    0    0
       0    0    0    0    0    0    0    0    0    0    0    0    0    0    0
       0    0    0

 Group: 2

 U(t)+UL(t):
       3    0    1    1    1    1    1    0    1    1    2    1    3    3    1
       1    0    2    3    1    0    0    1    0    0    0    0    0    0    1
       0    0    0

 U(t):
       3    0    1    1    1    1    1    0    1    1    2    1    3    3    1
       1    0    2    3    1    0    0    1    0    0    0    0    0    0    1
       0    0    0

 UL(t):
       0    0    0    0    0    0    0    0    0    0    0    0    0    0    0
       0    0    0    0    0    0    0    0    0    0    0    0    0    0    0
       0    0    0

 Not Released(t):
       0    0    0    0    0    0    0    0    0    0    0    0    0    0    0
       0    0    0    0    0    0    0    0    0    0    0    0    0    0    0
       0    0    0
 -2logL(saturated) = 272.93564     
 Effective Sample Size = 103

 Number of function evaluations was 22 for 5 parameters.
 Time for numerical optimization was 0.06 seconds.     
 -2logL { Phi(~sex)p(~1)pent(~1)N(~1) } = 553.08207     
 Penalty { Phi(~sex)p(~1)pent(~1)N(~1) } = 0.0000000     
 Gradient { Phi(~sex)p(~1)pent(~1)N(~1) }:
 -0.5595259E-05   0.000000     -0.4388082E-05  0.2754484E-05   0.000000    
 Maximum ABS(G) { Phi(~sex)p(~1)pent(~1)N(~1) } = 0.5595259E-05 
 S Vector { Phi(~sex)p(~1)pent(~1)N(~1) }:
   81.11707      6.637783      2.943994     0.5869773     0.4052099    
 Time to compute number of parameters was 0.01 seconds.     
 Ratio Threshold = 50.000000       Max Gap (1/2) = 12.220507       Next Max Gap (1/2) = 12.220507     
 Gap Method for Num. of Estimated Parameters { Phi(~sex)p(~1)pent(~1)N(~1) } = 5          
 Threshold { Phi(~sex)p(~1)pent(~1)N(~1) } = 0.1119052E-04                 
 Numerical Threshold Method for Num. of Estimated Parameters { Phi(~sex)p(~1)pent(~1)N(~1) } = 5          
 Number of Estimated Parameters { Phi(~sex)p(~1)pent(~1)N(~1) } = 5          
 DEVIANCE { Phi(~sex)p(~1)pent(~1)N(~1) } = 280.14643                     
 DEVIANCE Degrees of Freedom { Phi(~sex)p(~1)pent(~1)N(~1) } = 36            
 c-hat { Phi(~sex)p(~1)pent(~1)N(~1) } = 7.7818453                     
 AIC { Phi(~sex)p(~1)pent(~1)N(~1) } = 563.08207                  
 AICc { Phi(~sex)p(~1)pent(~1)N(~1) } = 563.70063                    
 BIC { Phi(~sex)p(~1)pent(~1)N(~1) } = 576.25572                    
 Pearson Chisquare { Phi(~sex)p(~1)pent(~1)N(~1) } = 23457031.                  


               PARM-SPECIFIC Link Function Parameters of { Phi(~sex)p(~1)pent(~1)N(~1) }
                                                              95% Confidence Interval
 Parameter                    Beta         Standard Error      Lower           Upper
 -------------------------  --------------  --------------  --------------  --------------
    1:Phi:(Intercept)       -1.7270925       0.9870600      -3.6617301       0.2075450    
    2:Phi:sexM               2.8121001       1.2142588       0.4321528       5.1920474    
    3:p:(Intercept)         -2.4773255       0.1740128      -2.8183906      -2.1362604    
    4:pent:(Intercept)      -4.5396184       1.3545229      -7.1944833      -1.8847536    
    5:N:(Intercept)          1.8011107       0.6003592       0.6244066       2.9778147    


               Real Function Parameters of { Phi(~sex)p(~1)pent(~1)N(~1) }
                                                               95% Confidence Interval
  Parameter                  Estimate       Standard Error      Lower           Upper
 --------------------------  --------------  --------------  --------------  --------------
     1:Phi gF a0 t1           0.1509599       0.1265124       0.0250447       0.5517008                          
     2:Phi gM a0 t1           0.7474405       0.2051905       0.2600998       0.9614121                          
     3:p gF a0 t1             0.0774631       0.0124354       0.0563384       0.1056221                          
     4:N gF a0 t1             22.056371       3.6359977       18.041541       33.966633                          
     5:pent gF a0.005479452   0.0079583       0.0080345       0.0010903       0.0556763                          
     6:pent gF a0.008219178   0.0079583       0.0080345       0.0010903       0.0556763                          
     7:pent gF a0.010958904   0.0079583       0.0080345       0.0010903       0.0556763                          
     8:pent gF a0.016438356   0.0079583       0.0080345       0.0010903       0.0556763                          
     9:pent gF a0.024657534   0.0079583       0.0080345       0.0010903       0.0556763                          
    10:pent gF a0.027397260   0.0079583       0.0080345       0.0010903       0.0556763                          
    11:pent gF a0.030136986   0.0079583       0.0080345       0.0010903       0.0556763                          
    12:pent gF a0.035616438   0.0079583       0.0080345       0.0010903       0.0556763                          

  Program  MARK  - Survival Rate Estimation with Capture-Recapture Data
   gfortran(dble) Vers. 9.0 Mar 2018    25-Mar-2020 12:21:14    Page  010
 - - - - - - - - - - - - - - - - - - - - - - - - - - - - - - - - - - - - - -
 
    13:pent gF a0.041095890   0.0079583       0.0080345       0.0010903       0.0556763                          
    14:pent gF a0.049315068   0.0079583       0.0080345       0.0010903       0.0556763                          
    15:pent gF a0.052054794   0.0079583       0.0080345       0.0010903       0.0556763                          
    16:pent gF a0.065753424   0.0079583       0.0080345       0.0010903       0.0556763                          
    17:pent gF a0.071232876   0.0079583       0.0080345       0.0010903       0.0556763                          
    18:pent gF a0.098630136   0.0079583       0.0080345       0.0010903       0.0556763                          
    19:pent gF a0.101369863   0.0079583       0.0080345       0.0010903       0.0556763                          
    20:pent gF a0.106849315   0.0079583       0.0080345       0.0010903       0.0556763                          
    21:pent gF a0.109589041   0.0079583       0.0080345       0.0010903       0.0556763                          
    22:pent gF a0.120547945   0.0079583       0.0080345       0.0010903       0.0556763                          
    23:pent gF a0.350684931   0.0079583       0.0080345       0.0010903       0.0556763                          
    24:pent gF a0.358904109   0.0079583       0.0080345       0.0010903       0.0556763                          
    25:pent gF a0.613698630   0.0079583       0.0080345       0.0010903       0.0556763                          
    26:pent gF a0.638356164   0.0079583       0.0080345       0.0010903       0.0556763                          
    27:pent gF a0.646575342   0.0079583       0.0080345       0.0010903       0.0556763                          
    28:pent gF a0.649315068   0.0079583       0.0080345       0.0010903       0.0556763                          
    29:pent gF a0.652054794   0.0079583       0.0080345       0.0010903       0.0556763                          
    30:pent gF a0.704109589   0.0079583       0.0080345       0.0010903       0.0556763                          
    31:pent gF a0.706849315   0.0079583       0.0080345       0.0010903       0.0556763                          
    32:pent gF a0.709589041   0.0079583       0.0080345       0.0010903       0.0556763                          
    33:pent gF a0.827397260   0.0079583       0.0080345       0.0010903       0.0556763                          
    34:pent gF a1.402739726   0.0079583       0.0080345       0.0010903       0.0556763                          
    35:pent gF a1.405479452   0.0079583       0.0080345       0.0010903       0.0556763                          
    36:pent gF a1.408219178   0.0079583       0.0080345       0.0010903       0.0556763                          
    37:pent gM a0.005479452   0.0079583       0.0080345       0.0010903       0.0556763                          
    38:pent gM a0.008219178   0.0079583       0.0080345       0.0010903       0.0556763                          
    39:pent gM a0.010958904   0.0079583       0.0080345       0.0010903       0.0556763                          
    40:pent gM a0.016438356   0.0079583       0.0080345       0.0010903       0.0556763                          
    41:pent gM a0.024657534   0.0079583       0.0080345       0.0010903       0.0556763                          
    42:pent gM a0.027397260   0.0079583       0.0080345       0.0010903       0.0556763                          
    43:pent gM a0.030136986   0.0079583       0.0080345       0.0010903       0.0556763                          
    44:pent gM a0.035616438   0.0079583       0.0080345       0.0010903       0.0556763                          
    45:pent gM a0.041095890   0.0079583       0.0080345       0.0010903       0.0556763                          
    46:pent gM a0.049315068   0.0079583       0.0080345       0.0010903       0.0556763                          
    47:pent gM a0.052054794   0.0079583       0.0080345       0.0010903       0.0556763                          
    48:pent gM a0.065753424   0.0079583       0.0080345       0.0010903       0.0556763                          
    49:pent gM a0.071232876   0.0079583       0.0080345       0.0010903       0.0556763                          
    50:pent gM a0.098630136   0.0079583       0.0080345       0.0010903       0.0556763                          
    51:pent gM a0.101369863   0.0079583       0.0080345       0.0010903       0.0556763                          
    52:pent gM a0.106849315   0.0079583       0.0080345       0.0010903       0.0556763                          
    53:pent gM a0.109589041   0.0079583       0.0080345       0.0010903       0.0556763                          
    54:pent gM a0.120547945   0.0079583       0.0080345       0.0010903       0.0556763                          
    55:pent gM a0.350684931   0.0079583       0.0080345       0.0010903       0.0556763                          
    56:pent gM a0.358904109   0.0079583       0.0080345       0.0010903       0.0556763                          
    57:pent gM a0.613698630   0.0079583       0.0080345       0.0010903       0.0556763                          
    58:pent gM a0.638356164   0.0079583       0.0080345       0.0010903       0.0556763                          

  Program  MARK  - Survival Rate Estimation with Capture-Recapture Data
   gfortran(dble) Vers. 9.0 Mar 2018    25-Mar-2020 12:21:14    Page  011
 - - - - - - - - - - - - - - - - - - - - - - - - - - - - - - - - - - - - - -
 
    59:pent gM a0.646575342   0.0079583       0.0080345       0.0010903       0.0556763                          
    60:pent gM a0.649315068   0.0079583       0.0080345       0.0010903       0.0556763                          
    61:pent gM a0.652054794   0.0079583       0.0080345       0.0010903       0.0556763                          
    62:pent gM a0.704109589   0.0079583       0.0080345       0.0010903       0.0556763                          
    63:pent gM a0.706849315   0.0079583       0.0080345       0.0010903       0.0556763                          
    64:pent gM a0.709589041   0.0079583       0.0080345       0.0010903       0.0556763                          
    65:pent gM a0.827397260   0.0079583       0.0080345       0.0010903       0.0556763                          
    66:pent gM a1.402739726   0.0079583       0.0080345       0.0010903       0.0556763                          
    67:pent gM a1.405479452   0.0079583       0.0080345       0.0010903       0.0556763                          
    68:pent gM a1.408219178   0.0079583       0.0080345       0.0010903       0.0556763                          


                      Estimates of Derived Parameters
   Gross Birth+Immigration Estimates of { Phi(~sex)p(~1)pent(~1)N(~1) }
                                                95% Confidence Interval
 Grp. Occ.   B*-hat          Standard Error      Lower           Upper
 ---- ----   --------------  --------------  --------------  --------------
   1     1    0.1764419       0.2006555       0.0295876       1.0521881    
   1     2    0.1759861       0.2000390       0.0295288       1.0488451    
   1     3    0.1759861       0.2000390       0.0295288       1.0488451    
   1     4    0.1764419       0.2006555       0.0295876       1.0521881    
   1     5    0.1768985       0.2012735       0.0296466       1.0555391    
   1     6    0.1759861       0.2000390       0.0295288       1.0488451    
   1     7    0.1759861       0.2000390       0.0295288       1.0488451    
   1     8    0.1764419       0.2006555       0.0295876       1.0521881    
   1     9    0.1764419       0.2006555       0.0295876       1.0521881    
   1    10    0.1768985       0.2012735       0.0296466       1.0555391    
   1    11    0.1759861       0.2000390       0.0295288       1.0488451    
   1    12    0.1778141       0.2025136       0.0297646       1.0622649    
   1    13    0.1764419       0.2006555       0.0295876       1.0521881    
   1    14    0.1801167       0.2056381       0.0300607       1.0792184    
   1    15    0.1759861       0.2000390       0.0295288       1.0488451    
   1    16    0.1764419       0.2006555       0.0295876       1.0521881    
   1    17    0.1759861       0.2000390       0.0295288       1.0488451    
   1    18    0.1773559       0.2018929       0.0297055       1.0588980    
   1    19    0.2164813       0.2559256       0.0346274       1.3533852    
   1    20    0.1768985       0.2012735       0.0296466       1.0555391    
   1    21    0.2211940       0.2625546       0.0352071       1.3896864    
   1    22    0.1796546       0.2050105       0.0300013       1.0758118    
   1    23    0.1768985       0.2012735       0.0296466       1.0555391    
   1    24    0.1759861       0.2000390       0.0295288       1.0488451    
   1    25    0.1759861       0.2000390       0.0295288       1.0488451    
   1    26    0.1843108       0.2113497       0.0305975       1.1102361    
   1    27    0.1759861       0.2000390       0.0295288       1.0488451    
   1    28    0.1759861       0.2000390       0.0295288       1.0488451    

  Program  MARK  - Survival Rate Estimation with Capture-Recapture Data
   gfortran(dble) Vers. 9.0 Mar 2018    25-Mar-2020 12:21:14    Page  012
 - - - - - - - - - - - - - - - - - - - - - - - - - - - - - - - - - - - - - -
 
   1    29    0.1958056       0.2271294       0.0320539       1.1961044    
   1    30    0.2879822       0.3584258       0.0432473       1.9176611    
   1    31    0.1759861       0.2000390       0.0295288       1.0488451    
   1    32    0.1759861       0.2000390       0.0295288       1.0488451    
   2     1    0.2792115       0.3038764       0.0493736       1.5789611    
   2     2    0.2791002       0.3037072       0.0493633       1.5780317    
   2     3    0.2791002       0.3037072       0.0493633       1.5780317    
   2     4    0.2792115       0.3038764       0.0493736       1.5789611    
   2     5    0.2793228       0.3040456       0.0493839       1.5798910    
   2     6    0.2791002       0.3037072       0.0493633       1.5780317    
   2     7    0.2791002       0.3037072       0.0493633       1.5780317    
   2     8    0.2792115       0.3038764       0.0493736       1.5789611    
   2     9    0.2792115       0.3038764       0.0493736       1.5789611    
   2    10    0.2793228       0.3040456       0.0493839       1.5798910    
   2    11    0.2791002       0.3037072       0.0493633       1.5780317    
   2    12    0.2795456       0.3043844       0.0494045       1.5817523    
   2    13    0.2792115       0.3038764       0.0493736       1.5789611    
   2    14    0.2801029       0.3052327       0.0494559       1.5864149    
   2    15    0.2791002       0.3037072       0.0493633       1.5780317    
   2    16    0.2792115       0.3038764       0.0493736       1.5789611    
   2    17    0.2791002       0.3037072       0.0493633       1.5780317    
   2    18    0.2794342       0.3042149       0.0493942       1.5808214    
   2    19    0.2884384       0.3180401       0.0502105       1.6569597    
   2    20    0.2793228       0.3040456       0.0493839       1.5798910    
   2    21    0.2894632       0.3196299       0.0503015       1.6657363    
   2    22    0.2799914       0.3050628       0.0494457       1.5854813    
   2    23    0.2793228       0.3040456       0.0493839       1.5798910    
   2    24    0.2791002       0.3037072       0.0493633       1.5780317    
   2    25    0.2791002       0.3037072       0.0493633       1.5780317    
   2    26    0.2811081       0.3067651       0.0495484       1.5948406    
   2    27    0.2791002       0.3037072       0.0493633       1.5780317    
   2    28    0.2791002       0.3037072       0.0493633       1.5780317    
   2    29    0.2838001       0.3108857       0.0497939       1.6175177    
   2    30    0.3030037       0.3409311       0.0514717       1.7837219    
   2    31    0.2791002       0.3037072       0.0493633       1.5780317    
   2    32    0.2791002       0.3037072       0.0493633       1.5780317    

    Net Birth+Immigration Estimates of { Phi(~sex)p(~1)pent(~1)N(~1) }
                                                95% Confidence Interval
 Grp. Occ.   B-hat           Standard Error      Lower           Upper
 ---- ----   --------------  --------------  --------------  --------------
   1     1    0.1755311       0.1994238       0.0294700       1.0455101    
   1     2    0.1755311       0.1994238       0.0294700       1.0455101    
   1     3    0.1755311       0.1994238       0.0294700       1.0455101    
   1     4    0.1755311       0.1994238       0.0294700       1.0455101    
   1     5    0.1755311       0.1994238       0.0294700       1.0455101    
   1     6    0.1755311       0.1994238       0.0294700       1.0455101    
   1     7    0.1755311       0.1994238       0.0294700       1.0455101    
   1     8    0.1755311       0.1994238       0.0294700       1.0455101    
   1     9    0.1755311       0.1994238       0.0294700       1.0455101    
   1    10    0.1755311       0.1994238       0.0294700       1.0455101    
   1    11    0.1755311       0.1994238       0.0294700       1.0455101    
   1    12    0.1755311       0.1994238       0.0294700       1.0455101    
   1    13    0.1755311       0.1994238       0.0294700       1.0455101    
   1    14    0.1755311       0.1994238       0.0294700       1.0455101    
   1    15    0.1755311       0.1994238       0.0294700       1.0455101    
   1    16    0.1755311       0.1994238       0.0294700       1.0455101    
   1    17    0.1755311       0.1994238       0.0294700       1.0455101    
   1    18    0.1755311       0.1994238       0.0294700       1.0455101    
   1    19    0.1755311       0.1994238       0.0294700       1.0455101    
   1    20    0.1755311       0.1994238       0.0294700       1.0455101    
   1    21    0.1755311       0.1994238       0.0294700       1.0455101    
   1    22    0.1755311       0.1994238       0.0294700       1.0455101    
   1    23    0.1755311       0.1994238       0.0294700       1.0455101    
   1    24    0.1755311       0.1994238       0.0294700       1.0455101    
   1    25    0.1755311       0.1994238       0.0294700       1.0455101    
   1    26    0.1755311       0.1994238       0.0294700       1.0455101    
   1    27    0.1755311       0.1994238       0.0294700       1.0455101    
   1    28    0.1755311       0.1994238       0.0294700       1.0455101    
   1    29    0.1755311       0.1994238       0.0294700       1.0455101    
   1    30    0.1755311       0.1994238       0.0294700       1.0455101    
   1    31    0.1755311       0.1994238       0.0294700       1.0455101    
   1    32    0.1755311       0.1994238       0.0294700       1.0455101    
   2     1    0.2789889       0.3035382       0.0493530       1.5771029    
   2     2    0.2789889       0.3035382       0.0493530       1.5771029    
   2     3    0.2789889       0.3035382       0.0493530       1.5771029    
   2     4    0.2789889       0.3035382       0.0493530       1.5771029    
   2     5    0.2789889       0.3035382       0.0493530       1.5771029    
   2     6    0.2789889       0.3035382       0.0493530       1.5771029    
   2     7    0.2789889       0.3035382       0.0493530       1.5771029    
   2     8    0.2789889       0.3035382       0.0493530       1.5771029    
   2     9    0.2789889       0.3035382       0.0493530       1.5771029    
   2    10    0.2789889       0.3035382       0.0493530       1.5771029    
   2    11    0.2789889       0.3035382       0.0493530       1.5771029    
   2    12    0.2789889       0.3035382       0.0493530       1.5771029    
   2    13    0.2789889       0.3035382       0.0493530       1.5771029    
   2    14    0.2789889       0.3035382       0.0493530       1.5771029    
   2    15    0.2789889       0.3035382       0.0493530       1.5771029    
   2    16    0.2789889       0.3035382       0.0493530       1.5771029    
   2    17    0.2789889       0.3035382       0.0493530       1.5771029    
   2    18    0.2789889       0.3035382       0.0493530       1.5771029    
   2    19    0.2789889       0.3035382       0.0493530       1.5771029    
   2    20    0.2789889       0.3035382       0.0493530       1.5771029    
   2    21    0.2789889       0.3035382       0.0493530       1.5771029    
   2    22    0.2789889       0.3035382       0.0493530       1.5771029    
   2    23    0.2789889       0.3035382       0.0493530       1.5771029    
   2    24    0.2789889       0.3035382       0.0493530       1.5771029    
   2    25    0.2789889       0.3035382       0.0493530       1.5771029    
   2    26    0.2789889       0.3035382       0.0493530       1.5771029    
   2    27    0.2789889       0.3035382       0.0493530       1.5771029    
   2    28    0.2789889       0.3035382       0.0493530       1.5771029    
   2    29    0.2789889       0.3035382       0.0493530       1.5771029    
   2    30    0.2789889       0.3035382       0.0493530       1.5771029    
   2    31    0.2789889       0.3035382       0.0493530       1.5771029    
   2    32    0.2789889       0.3035382       0.0493530       1.5771029    

         Population Estimates of { Phi(~sex)p(~1)pent(~1)N(~1) }
                                                95% Confidence Interval
 Grp. Occ.   N-hat           Standard Error      Lower           Upper
 ---- ----   --------------  --------------  --------------  --------------
   1     1    16.439375       4.1156700       10.139342       26.653906    
   1     2    16.445470       3.9325052       10.359119       26.107769    
   1     3    16.536032       3.7607471       10.648211       25.679463    
   1     4    16.626126       3.5929952       10.937889       25.272525    
   1     5    16.630296       3.4248431       11.153662       24.796049    
   1     6    16.549384       3.2592649       11.291038       24.256594    
   1     7    16.639409       3.1058141       11.577454       23.914580    
   1     8    16.728969       2.9583655       11.860324       23.596187    
   1     9    16.732079       2.8169157       12.057133       23.219655    
   1    10    16.735157       2.6837932       12.245795       22.870340    

  Program  MARK  - Survival Rate Estimation with Capture-Recapture Data
   gfortran(dble) Vers. 9.0 Mar 2018    25-Mar-2020 12:21:14    Page  013
 - - - - - - - - - - - - - - - - - - - - - - - - - - - - - - - - - - - - - -
 
   1    11    16.652628       2.5614186       12.340073       22.472317    
   1    12    16.742120       2.4451574       12.593518       22.257371    
   1    13    16.489588       2.3531727       12.483813       21.780727    
   1    14    16.495165       2.2623914       12.622683       21.555678    
   1    15    15.837982       2.2382911       12.022546       20.864272    
   1    16    15.931683       2.1647688       12.221608       20.768013    
   1    17    15.943010       2.1141541       12.307917       20.651714    
   1    18    16.036168       2.0705534       12.463711       20.632594    
   1    19    15.882842       2.0667759       12.320464       20.475256    
   1    20    10.454602       2.8468592       6.1893885       17.659046    
   1    21    10.468921       2.8053401       6.2480631       17.541164    
   1    22    6.6421955       2.9665703       2.8792987       15.322745    
   1    23    6.5151683       2.8974644       2.8334318       14.980921    
   1    24    6.5902341       2.8468993       2.9295303       14.825306    
   1    25    6.7317153       2.8114238       3.0677086       14.771935    
   1    26    6.8724655       2.7895522       3.1965981       14.775327    
   1    27    6.4038146       2.7556144       2.8549239       14.364250    
   1    28    6.5462589       2.7526602       2.9684366       14.436389    
   1    29    6.6879673       2.7633781       3.0714779       14.562666    
   1    30    5.5280385       2.6591919       2.2605659       13.518389    
   1    31    2.0381979       1.6830298       0.4960051       8.3754203    
   1    32    2.2031982       1.6684424       0.5887866       8.2442136    
   1    33    2.3673460       1.6775000       0.6781088       8.2646437    
   2     1    26.128725       7.2607548       15.309582       44.593659    
   2     2    26.366070       6.9776882       15.833436       43.905164    
   2     3    26.624039       6.6940717       16.387928       43.253756    
   2     4    26.881803       6.4122742       16.951772       42.628660    
   2     5    27.117948       6.1355667       17.501025       42.019429    
   2     6    27.332131       5.8648532       18.033220       41.426069    
   2     7    27.589331       5.5897862       18.621315       40.876339    
   2     8    27.846325       5.3176017       19.216343       40.351998    
   2     9    28.080932       5.0530012       19.790581       39.844143    
   2    10    28.315166       4.7924452       20.368713       39.361772    
   2    11    28.526489       4.5414937       20.920851       38.897107    
   2    12    28.782736       4.2856256       21.531964       38.475166    
   2    13    28.947177       4.0581870       22.021751       38.050519    
   2    14    29.180030       3.8210345       22.599296       37.677021    
   2    15    29.227223       3.6460403       22.909178       37.287700    
   2    16    29.482912       3.4201397       23.504740       36.981565    
   2    17    29.714911       3.2134555       24.054083       36.707943    
   2    18    29.970210       3.0133147       24.621835       36.480364    
   2    19    30.153742       2.8534622       25.059339       36.283805    
   2    20    28.478821       3.6474277       22.179176       36.567779    
   2    21    28.689752       3.5220863       22.574493       36.461590    
   2    22    26.917798       4.7293678       19.125763       37.884391    
   2    23    27.004268       4.7239070       19.215339       37.950435    

  Program  MARK  - Survival Rate Estimation with Capture-Recapture Data
   gfortran(dble) Vers. 9.0 Mar 2018    25-Mar-2020 12:21:14    Page  014
 - - - - - - - - - - - - - - - - - - - - - - - - - - - - - - - - - - - - - -
 
   2    24    27.218723       4.6466618       19.525135       37.943856    
   2    25    27.476013       4.5567878       19.894785       37.946191    
   2    26    27.733098       4.4849015       20.240905       37.998534    
   2    27    27.595010       4.6945209       19.817613       38.424636    
   2    28    27.852000       4.6535498       20.119246       38.556807    
   2    29    28.108784       4.6312507       20.395396       38.739319    
   2    30    27.440151       5.2059462       18.980999       39.669245    
   2    31    23.487632       7.7375810       12.520223       44.062224    
   2    32    23.747896       7.6833960       12.795212       44.076062    
   2    33    24.007953       7.6405968       13.060506       44.131658    

      Gross Population Estimates of { Phi(~sex)p(~1)pent(~1)N(~1) }
                                                95% Confidence Interval
 Grp. Occ.   N*-hat          Standard Error      Lower           Upper
 ---- ----   --------------  --------------  --------------  --------------
   1     0    22.314156       3.9323823       15.838627       31.437167    
   2     0    35.114475       3.7087078       28.564844       43.165871    

   CPU Time for the last procedure was 0.11 seconds.     


  INPUT --- proc stop;

     CPU Time in minutes for this job was 0.00

     Time Start = 12:21:13.691   Time End = 12:21:14.038

     Wall Clock Time in minutes for this job was 0.01


          E X E C U T I O N   S U C C E S S F U L 
